<?xml version="1.0" encoding="UTF-8"?>
<testsuites name="UAT Test Suite" time="376.23" tests="1" failures="0" errors="0">
   <testsuite name="UAT Test Suite" tests="1" failures="0" errors="0" time="376.23" timestamp="2020-08-04 16:35:18" hostname="LENOVO - DESKTOP-CP3TV4N" id="Test Suites/Maya UAT/UAT Test Suite">
      <properties>
         <property name="deviceName" value="Xiaomi Redmi Note 7S (Android 9)"/>
         <property name="devicePlatform" value=""/>
         <property name="logFolder" value="C:\\Users\\LENOVO\\Git_new\\Maya\\Reports\\20200804_163514\\Maya UAT\\UAT Test Suite\\20200804_163514"/>
         <property name="logFiles" value="C:\\Users\\LENOVO\\Git_new\\Maya\\Reports\\20200804_163514\\Maya UAT\\UAT Test Suite\\20200804_163514\\appium.log, C:\\Users\\LENOVO\\Git_new\\Maya\\Reports\\20200804_163514\\Maya UAT\\UAT Test Suite\\20200804_163514\\execution0.log"/>
         <property name="attachments" value="C:\\Users\\LENOVO\\Screenshot\\DuitNowProxy\\Screen1.png, C:\\Users\\LENOVO\\Screenshot\\DuitNowProxy\\Screen2.png, C:\\Users\\LENOVO\\Screenshot\\DuitNowProxy\\Screen3.png, C:\\Users\\LENOVO\\Screenshot\\DuitNowProxy\\Screen4.png, C:\\Users\\LENOVO\\Screenshot\\DuitNowProxy\\Screen5.png, C:\\Users\\LENOVO\\Screenshot\\DuitNowProxy\\Screen6.png, C:\\Users\\LENOVO\\Screenshot\\DuitNowProxy\\Screen7.png, C:\\Users\\LENOVO\\Screenshot\\DuitNowProxy\\Screen8.png, C:\\Users\\LENOVO\\Screenshot\\DuitNowProxy\\Screen9.png, C:\\Users\\LENOVO\\Screenshot\\DuitNowProxy\\Screen9.png, C:\\Users\\LENOVO\\Screenshot\\DuitNowProxy\\Screen10.png, C:\\Users\\LENOVO\\Screenshot\\DuitNowProxy\\Screen14.png, C:\\Users\\LENOVO\\Screenshot\\DuitNowProxy\\Screen11.png, C:\\Users\\LENOVO\\Screenshot\\DuitNowProxy\\Screen13.png, C:\\Users\\LENOVO\\Screenshot\\DuitNowProxy\\Screen12.png, C:\\Users\\LENOVO\\Screenshot\\DuitNowProxy\\Screen15.png, C:\\Users\\LENOVO\\Screenshot\\Third Party\\Screenshot23, C:\\Users\\LENOVO\\Screenshot\\DuitNowProxy\\Screen16.png, C:\\Users\\LENOVO\\Screenshot\\DuitNowProxy\\Screen16.png, C:\\Users\\LENOVO\\Screenshot\\DuitNowProxy\\Screen17.png, C:\\Users\\LENOVO\\Screenshot\\DuitNowProxy\\Screen19.png"/>
         <property name="hostName" value="LENOVO - DESKTOP-CP3TV4N"/>
         <property name="os" value="Windows 10 64bit"/>
         <property name="appiumServerStatus" value="{\&quot;value\&quot;:{\&quot;build\&quot;:{\&quot;version\&quot;:\&quot;1.15.1\&quot;}},\&quot;sessionId\&quot;:null,\&quot;status\&quot;:0}"/>
         <property name="katalonVersion" value="7.2.7.1"/>
         <property name="deviceOS" value="Android"/>
         <property name="appiumVersion" value="1.15.1"/>
         <property name="deviceModel" value="Redmi Note 7S"/>
         <property name="hostAddress" value="192.168.43.112"/>
         <property name="deviceManufacturer" value="Xiaomi"/>
         <property name="deviceId" value="11cb9864"/>
         <property name="deviceName" value="Xiaomi Redmi Note 7S (Android 9)"/>
         <property name="deviceOSVersion" value="9"/>
      </properties>
      <testcase name="Test Cases/JINU/DuitNowUpdate/business" time="373.046" classname="Test Cases/JINU/DuitNowUpdate/business" status="PASSED">
         <system-out><![CDATA[2020-08-04 16:35:18 - [TEST_CASE][PASSED] - Test Cases/JINU/DuitNowUpdate/business: Test Cases/JINU/DuitNowUpdate/business

2020-08-04 16:35:20 - [TEST_STEP][PASSED] - startApplication("C:\Users\LENOVO\Katalon Studio\app-uat-universal-release.apk", false): Started app at: 'C:\Users\LENOVO\Katalon Studio\app-uat-universal-release.apk'

2020-08-04 16:35:20 - [MESSAGE][INFO] - User set preference: ['appWaitActivity', '*']

2020-08-04 16:35:20 - [MESSAGE][INFO] - User set preference: ['appWaitPackage', 'com.maybank2u.life.uat']

2020-08-04 16:35:20 - [MESSAGE][INFO] - User set preference: ['appWaitDuration', '50,000']

2020-08-04 16:35:20 - [MESSAGE][INFO] - User set preference: ['deviceId', '11cb9864']

2020-08-04 16:35:24 - [MESSAGE][INFO] - Appium server started on port 51,274

2020-08-04 16:35:44 - [MESSAGE][PASSED] - Started app at: 'C:\Users\LENOVO\Katalon Studio\app-uat-universal-release.apk'

2020-08-04 16:35:44 - [TEST_STEP][PASSED] - tap(findTestObject("Maya/RegisterDuitNow/android.widget.TextView0 - Maybank2u (1)"), 0): Tapped on element 'Object Repository/Maya/RegisterDuitNow/android.widget.TextView0 - Maybank2u (1)'

2020-08-04 16:35:44 - [MESSAGE][WARNING] - Timeout '0' is invalid. Using default page load timeout: '10'

2020-08-04 16:35:57 - [MESSAGE][PASSED] - Tapped on element 'Object Repository/Maya/RegisterDuitNow/android.widget.TextView0 - Maybank2u (1)'

2020-08-04 16:35:57 - [TEST_STEP][PASSED] - delay(2, STOP_ON_FAILURE): Delayed 2 second(s)

2020-08-04 16:35:59 - [MESSAGE][PASSED] - Delayed 2 second(s)

2020-08-04 16:35:59 - [TEST_STEP][PASSED] - takeScreenshot("C:\Users\LENOVO\Screenshot\DuitNowProxy\Screen1.png", CONTINUE_ON_FAILURE): Screenshot is taken

2020-08-04 16:36:00 - [MESSAGE][PASSED] - Screenshot is taken
[[ATTACHMENT|C:\\Users\\LENOVO\\Screenshot\\DuitNowProxy\\Screen1.png]]

2020-08-04 16:36:00 - [TEST_STEP][PASSED] - tap(findTestObject("Maya/RegisterDuitNow/android.widget.TextView0 - 2"), 0): Tapped on element 'Object Repository/Maya/RegisterDuitNow/android.widget.TextView0 - 2'

2020-08-04 16:36:00 - [MESSAGE][WARNING] - Timeout '0' is invalid. Using default page load timeout: '10'

2020-08-04 16:36:02 - [MESSAGE][PASSED] - Tapped on element 'Object Repository/Maya/RegisterDuitNow/android.widget.TextView0 - 2'

2020-08-04 16:36:02 - [TEST_STEP][PASSED] - tap(findTestObject("Maya/RegisterDuitNow/android.widget.TextView0 - 3"), 0): Tapped on element 'Object Repository/Maya/RegisterDuitNow/android.widget.TextView0 - 3'

2020-08-04 16:36:02 - [MESSAGE][WARNING] - Timeout '0' is invalid. Using default page load timeout: '10'

2020-08-04 16:36:03 - [MESSAGE][PASSED] - Tapped on element 'Object Repository/Maya/RegisterDuitNow/android.widget.TextView0 - 3'

2020-08-04 16:36:03 - [TEST_STEP][PASSED] - tap(findTestObject("Maya/RegisterDuitNow/android.widget.TextView0 - 0"), 0): Tapped on element 'Object Repository/Maya/RegisterDuitNow/android.widget.TextView0 - 0'

2020-08-04 16:36:03 - [MESSAGE][WARNING] - Timeout '0' is invalid. Using default page load timeout: '10'

2020-08-04 16:36:05 - [MESSAGE][PASSED] - Tapped on element 'Object Repository/Maya/RegisterDuitNow/android.widget.TextView0 - 0'

2020-08-04 16:36:05 - [TEST_STEP][PASSED] - tap(findTestObject("Maya/RegisterDuitNow/android.widget.TextView0 - 9"), 0): Tapped on element 'Object Repository/Maya/RegisterDuitNow/android.widget.TextView0 - 9'

2020-08-04 16:36:05 - [MESSAGE][WARNING] - Timeout '0' is invalid. Using default page load timeout: '10'

2020-08-04 16:36:07 - [MESSAGE][PASSED] - Tapped on element 'Object Repository/Maya/RegisterDuitNow/android.widget.TextView0 - 9'

2020-08-04 16:36:07 - [TEST_STEP][PASSED] - tap(findTestObject("Maya/RegisterDuitNow/android.widget.TextView0 - 8"), 0): Tapped on element 'Object Repository/Maya/RegisterDuitNow/android.widget.TextView0 - 8'

2020-08-04 16:36:07 - [MESSAGE][WARNING] - Timeout '0' is invalid. Using default page load timeout: '10'

2020-08-04 16:36:08 - [MESSAGE][PASSED] - Tapped on element 'Object Repository/Maya/RegisterDuitNow/android.widget.TextView0 - 8'

2020-08-04 16:36:08 - [TEST_STEP][PASSED] - tap(findTestObject("Maya/RegisterDuitNow/android.widget.TextView0 - 3"), 0): Tapped on element 'Object Repository/Maya/RegisterDuitNow/android.widget.TextView0 - 3'

2020-08-04 16:36:08 - [MESSAGE][WARNING] - Timeout '0' is invalid. Using default page load timeout: '10'

2020-08-04 16:36:09 - [MESSAGE][PASSED] - Tapped on element 'Object Repository/Maya/RegisterDuitNow/android.widget.TextView0 - 3'

2020-08-04 16:36:09 - [TEST_STEP][PASSED] - tap(findTestObject("Maya/RegisterDuitNow/android.widget.ImageView0 (1)"), 0): Tapped on element 'Object Repository/Maya/RegisterDuitNow/android.widget.ImageView0 (1)'

2020-08-04 16:36:09 - [MESSAGE][WARNING] - Timeout '0' is invalid. Using default page load timeout: '10'

2020-08-04 16:36:12 - [MESSAGE][PASSED] - Tapped on element 'Object Repository/Maya/RegisterDuitNow/android.widget.ImageView0 (1)'

2020-08-04 16:36:12 - [TEST_STEP][PASSED] - getText(findTestObject("Maya/drop4 CR/android.widget.TextView0 - RM 1171.85-Current balance"), 0): Text of element 'Object Repository/Maya/drop4 CR/android.widget.TextView0 - RM 1171.85-Current balance' is: 'RM 288.90'

2020-08-04 16:36:13 - [MESSAGE][WARNING] - Timeout '0' is invalid. Using default page load timeout: '10'

2020-08-04 16:36:14 - [MESSAGE][PASSED] - Text of element 'Object Repository/Maya/drop4 CR/android.widget.TextView0 - RM 1171.85-Current balance' is: 'RM 288.90'

2020-08-04 16:36:14 - [TEST_STEP][PASSED] - trx6 = 85-Current balance"), 0).substring(3): Text of element 'Object Repository/Maya/drop4 CR/android.widget.TextView0 - RM 1171.85-Current balance' is: 'RM 288.90'

2020-08-04 16:36:14 - [MESSAGE][WARNING] - Timeout '0' is invalid. Using default page load timeout: '10'

2020-08-04 16:36:15 - [MESSAGE][PASSED] - Text of element 'Object Repository/Maya/drop4 CR/android.widget.TextView0 - RM 1171.85-Current balance' is: 'RM 288.90'

2020-08-04 16:36:15 - [TEST_STEP][PASSED] - trx61 = trx6.replaceAll("[^a-zA-Z0-9]+", ""): null

2020-08-04 16:36:15 - [TEST_STEP][PASSED] - out.println(trx61): null

2020-08-04 16:36:15 - [TEST_STEP][PASSED] - trx611 = trx61: null

2020-08-04 16:36:15 - [TEST_STEP][PASSED] - out.println(trx611): null

2020-08-04 16:36:15 - [TEST_STEP][PASSED] - tap(findTestObject("Maya/RegisterDuitNow/android.widget.TextView0 - Transfer"), 0): Tapped on element 'Object Repository/Maya/RegisterDuitNow/android.widget.TextView0 - Transfer'

2020-08-04 16:36:15 - [MESSAGE][WARNING] - Timeout '0' is invalid. Using default page load timeout: '10'

2020-08-04 16:36:19 - [MESSAGE][PASSED] - Tapped on element 'Object Repository/Maya/RegisterDuitNow/android.widget.TextView0 - Transfer'

2020-08-04 16:36:19 - [TEST_STEP][PASSED] - setText(findTestObject("Maya/RegisterDuitNow/android.widget.EditText0 (1)"), "pass1234", 0): Text 'pass1234' has been set to element 'Object Repository/Maya/RegisterDuitNow/android.widget.EditText0 (1)'

2020-08-04 16:36:19 - [MESSAGE][WARNING] - Timeout '0' is invalid. Using default page load timeout: '10'

2020-08-04 16:36:20 - [MESSAGE][PASSED] - Text 'pass1234' has been set to element 'Object Repository/Maya/RegisterDuitNow/android.widget.EditText0 (1)'

2020-08-04 16:36:20 - [TEST_STEP][PASSED] - delay(2, STOP_ON_FAILURE): Delayed 2 second(s)

2020-08-04 16:36:22 - [MESSAGE][PASSED] - Delayed 2 second(s)

2020-08-04 16:36:22 - [TEST_STEP][PASSED] - takeScreenshot("C:\Users\LENOVO\Screenshot\DuitNowProxy\Screen2.png", CONTINUE_ON_FAILURE): Screenshot is taken

2020-08-04 16:36:23 - [MESSAGE][PASSED] - Screenshot is taken
[[ATTACHMENT|C:\\Users\\LENOVO\\Screenshot\\DuitNowProxy\\Screen2.png]]

2020-08-04 16:36:23 - [TEST_STEP][PASSED] - driver = getDriver(): null

2020-08-04 16:36:23 - [TEST_STEP][PASSED] - driver.pressKeyCode(ENTER): null

2020-08-04 16:36:23 - [TEST_STEP][PASSED] - delay(5, STOP_ON_FAILURE): Delayed 5 second(s)

2020-08-04 16:36:28 - [MESSAGE][PASSED] - Delayed 5 second(s)

2020-08-04 16:36:28 - [TEST_STEP][PASSED] - tapAndHoldAtPosition(627, 376, 2): Tapped and held at [627, 376] with duration 2

2020-08-04 16:36:32 - [MESSAGE][PASSED] - Tapped and held at [627, 376] with duration 2

2020-08-04 16:36:32 - [TEST_STEP][PASSED] - delay(2, STOP_ON_FAILURE): Delayed 2 second(s)

2020-08-04 16:36:34 - [MESSAGE][PASSED] - Delayed 2 second(s)

2020-08-04 16:36:34 - [TEST_STEP][PASSED] - tapAndHoldAtPosition(451, 727, 2): Tapped and held at [451, 727] with duration 2

2020-08-04 16:36:38 - [MESSAGE][PASSED] - Tapped and held at [451, 727] with duration 2

2020-08-04 16:36:38 - [TEST_STEP][PASSED] - getText(findTestObject("Maya/RegisterDuitNow/android.widget.TextView0 - DuitNow (2)"), 0): Text of element 'Object Repository/Maya/RegisterDuitNow/android.widget.TextView0 - DuitNow (2)' is: 'DuitNow'

2020-08-04 16:36:38 - [MESSAGE][WARNING] - Timeout '0' is invalid. Using default page load timeout: '10'

2020-08-04 16:36:39 - [MESSAGE][PASSED] - Text of element 'Object Repository/Maya/RegisterDuitNow/android.widget.TextView0 - DuitNow (2)' is: 'DuitNow'

2020-08-04 16:36:39 - [TEST_STEP][PASSED] - delay(2, STOP_ON_FAILURE): Delayed 2 second(s)

2020-08-04 16:36:41 - [MESSAGE][PASSED] - Delayed 2 second(s)

2020-08-04 16:36:41 - [TEST_STEP][PASSED] - takeScreenshot("C:\Users\LENOVO\Screenshot\DuitNowProxy\Screen3.png", CONTINUE_ON_FAILURE): Screenshot is taken

2020-08-04 16:36:42 - [MESSAGE][PASSED] - Screenshot is taken
[[ATTACHMENT|C:\\Users\\LENOVO\\Screenshot\\DuitNowProxy\\Screen3.png]]

2020-08-04 16:36:42 - [TEST_STEP][PASSED] - verifyElementExist(findTestObject("Maya/RegisterDuitNow/android.widget.TextView0 - DuitNow (2)"), 0): Element 'Object Repository/Maya/RegisterDuitNow/android.widget.TextView0 - DuitNow (2)' is exist

2020-08-04 16:36:42 - [MESSAGE][WARNING] - Timeout '0' is invalid. Using default page load timeout: '10'

2020-08-04 16:36:42 - [MESSAGE][PASSED] - Element 'Object Repository/Maya/RegisterDuitNow/android.widget.TextView0 - DuitNow (2)' is exist

2020-08-04 16:36:42 - [TEST_STEP][PASSED] - getText(findTestObject("Maya/RegisterDuitNow/android.widget.TextView0 - ID type"), 0): Text of element 'Object Repository/Maya/RegisterDuitNow/android.widget.TextView0 - ID type' is: 'ID type'

2020-08-04 16:36:43 - [MESSAGE][WARNING] - Timeout '0' is invalid. Using default page load timeout: '10'

2020-08-04 16:36:43 - [MESSAGE][PASSED] - Text of element 'Object Repository/Maya/RegisterDuitNow/android.widget.TextView0 - ID type' is: 'ID type'

2020-08-04 16:36:43 - [TEST_STEP][PASSED] - verifyElementExist(findTestObject("Maya/RegisterDuitNow/android.widget.TextView0 - ID type"), 0): Element 'Object Repository/Maya/RegisterDuitNow/android.widget.TextView0 - ID type' is exist

2020-08-04 16:36:43 - [MESSAGE][WARNING] - Timeout '0' is invalid. Using default page load timeout: '10'

2020-08-04 16:36:43 - [MESSAGE][PASSED] - Element 'Object Repository/Maya/RegisterDuitNow/android.widget.TextView0 - ID type' is exist

2020-08-04 16:36:43 - [TEST_STEP][PASSED] - tap(findTestObject("Maya/RegisterDuitNow/android.widget.ImageView0 (2)"), 0): Tapped on element 'Object Repository/Maya/RegisterDuitNow/android.widget.ImageView0 (2)'

2020-08-04 16:36:43 - [MESSAGE][WARNING] - Timeout '0' is invalid. Using default page load timeout: '10'

2020-08-04 16:36:44 - [MESSAGE][PASSED] - Tapped on element 'Object Repository/Maya/RegisterDuitNow/android.widget.ImageView0 (2)'

2020-08-04 16:36:44 - [TEST_STEP][PASSED] - delay(2, STOP_ON_FAILURE): Delayed 2 second(s)

2020-08-04 16:36:46 - [MESSAGE][PASSED] - Delayed 2 second(s)

2020-08-04 16:36:46 - [TEST_STEP][PASSED] - takeScreenshot("C:\Users\LENOVO\Screenshot\DuitNowProxy\Screen4.png", CONTINUE_ON_FAILURE): Screenshot is taken

2020-08-04 16:36:47 - [MESSAGE][PASSED] - Screenshot is taken
[[ATTACHMENT|C:\\Users\\LENOVO\\Screenshot\\DuitNowProxy\\Screen4.png]]

2020-08-04 16:36:47 - [TEST_STEP][PASSED] - delay(3, CONTINUE_ON_FAILURE): Delayed 3 second(s)

2020-08-04 16:36:50 - [MESSAGE][PASSED] - Delayed 3 second(s)

2020-08-04 16:36:50 - [TEST_STEP][PASSED] - swipe(592, 1887, 629, 1390): Swiped from 592,1,887 to 629,1,390

2020-08-04 16:36:51 - [MESSAGE][PASSED] - Swiped from 592,1,887 to 629,1,390

2020-08-04 16:36:51 - [TEST_STEP][PASSED] - delay(2, STOP_ON_FAILURE): Delayed 2 second(s)

2020-08-04 16:36:53 - [MESSAGE][PASSED] - Delayed 2 second(s)

2020-08-04 16:36:53 - [TEST_STEP][PASSED] - tap(findTestObject("Maya/RegisterDuitNow/android.widget.TextView0 - Done (1)"), 0): Tapped on element 'Object Repository/Maya/RegisterDuitNow/android.widget.TextView0 - Done (1)'

2020-08-04 16:36:53 - [MESSAGE][WARNING] - Timeout '0' is invalid. Using default page load timeout: '10'

2020-08-04 16:36:56 - [MESSAGE][PASSED] - Tapped on element 'Object Repository/Maya/RegisterDuitNow/android.widget.TextView0 - Done (1)'

2020-08-04 16:36:56 - [TEST_STEP][PASSED] - getText(findTestObject("Maya/RegisterDuitNow/android.widget.TextView0 - Business Registration Number"), 0): Text of element 'Object Repository/Maya/RegisterDuitNow/android.widget.TextView0 - Business Registration Number' is: 'Business Registration Number'

2020-08-04 16:36:56 - [MESSAGE][WARNING] - Timeout '0' is invalid. Using default page load timeout: '10'

2020-08-04 16:36:56 - [MESSAGE][PASSED] - Text of element 'Object Repository/Maya/RegisterDuitNow/android.widget.TextView0 - Business Registration Number' is: 'Business Registration Number'

2020-08-04 16:36:56 - [TEST_STEP][PASSED] - delay(2, STOP_ON_FAILURE): Delayed 2 second(s)

2020-08-04 16:36:58 - [MESSAGE][PASSED] - Delayed 2 second(s)

2020-08-04 16:36:58 - [TEST_STEP][PASSED] - takeScreenshot("C:\Users\LENOVO\Screenshot\DuitNowProxy\Screen5.png", CONTINUE_ON_FAILURE): Screenshot is taken

2020-08-04 16:36:59 - [MESSAGE][PASSED] - Screenshot is taken
[[ATTACHMENT|C:\\Users\\LENOVO\\Screenshot\\DuitNowProxy\\Screen5.png]]

2020-08-04 16:36:59 - [TEST_STEP][PASSED] - verifyElementExist(findTestObject("Maya/RegisterDuitNow/android.widget.TextView0 - Business Registration Number"), 0): Element 'Object Repository/Maya/RegisterDuitNow/android.widget.TextView0 - Business Registration Number' is exist

2020-08-04 16:36:59 - [MESSAGE][WARNING] - Timeout '0' is invalid. Using default page load timeout: '10'

2020-08-04 16:37:00 - [MESSAGE][PASSED] - Element 'Object Repository/Maya/RegisterDuitNow/android.widget.TextView0 - Business Registration Number' is exist

2020-08-04 16:37:00 - [TEST_STEP][PASSED] - setText(findTestObject("Maya/RegisterDuitNow/android.widget.EditText0 - Enter business reg. no."), "abc", 0): Text 'abc' has been set to element 'Object Repository/Maya/RegisterDuitNow/android.widget.EditText0 - Enter business reg. no.'

2020-08-04 16:37:00 - [MESSAGE][WARNING] - Timeout '0' is invalid. Using default page load timeout: '10'

2020-08-04 16:37:02 - [MESSAGE][PASSED] - Text 'abc' has been set to element 'Object Repository/Maya/RegisterDuitNow/android.widget.EditText0 - Enter business reg. no.'

2020-08-04 16:37:02 - [TEST_STEP][PASSED] - hideKeyboard(): Keyboard is hidden

2020-08-04 16:37:06 - [MESSAGE][PASSED] - Keyboard is hidden

2020-08-04 16:37:06 - [TEST_STEP][PASSED] - tap(findTestObject("Maya/RegisterDuitNow/android.widget.TextView0 - Continue (1)"), 0): Tapped on element 'Object Repository/Maya/RegisterDuitNow/android.widget.TextView0 - Continue (1)'

2020-08-04 16:37:06 - [MESSAGE][WARNING] - Timeout '0' is invalid. Using default page load timeout: '10'

2020-08-04 16:37:07 - [MESSAGE][PASSED] - Tapped on element 'Object Repository/Maya/RegisterDuitNow/android.widget.TextView0 - Continue (1)'

2020-08-04 16:37:07 - [TEST_STEP][PASSED] - getText(findTestObject("Maya/RegisterDuitNow/android.widget.TextView0 - Please input valid transfer details."), 0): Text of element 'Object Repository/Maya/RegisterDuitNow/android.widget.TextView0 - Please input valid transfer details.' is: 'Please input valid transfer details.'

2020-08-04 16:37:08 - [MESSAGE][WARNING] - Timeout '0' is invalid. Using default page load timeout: '10'

2020-08-04 16:37:08 - [MESSAGE][PASSED] - Text of element 'Object Repository/Maya/RegisterDuitNow/android.widget.TextView0 - Please input valid transfer details.' is: 'Please input valid transfer details.'

2020-08-04 16:37:08 - [TEST_STEP][PASSED] - takeScreenshot("C:\Users\LENOVO\Screenshot\DuitNowProxy\Screen6.png", CONTINUE_ON_FAILURE): Screenshot is taken

2020-08-04 16:37:09 - [MESSAGE][PASSED] - Screenshot is taken
[[ATTACHMENT|C:\\Users\\LENOVO\\Screenshot\\DuitNowProxy\\Screen6.png]]

2020-08-04 16:37:09 - [TEST_STEP][PASSED] - verifyElementExist(findTestObject("Maya/RegisterDuitNow/android.widget.TextView0 - Please input valid transfer details."), 0): Element 'Object Repository/Maya/RegisterDuitNow/android.widget.TextView0 - Please input valid transfer details.' is exist

2020-08-04 16:37:09 - [MESSAGE][WARNING] - Timeout '0' is invalid. Using default page load timeout: '10'

2020-08-04 16:37:09 - [MESSAGE][PASSED] - Element 'Object Repository/Maya/RegisterDuitNow/android.widget.TextView0 - Please input valid transfer details.' is exist

2020-08-04 16:37:09 - [TEST_STEP][PASSED] - clearText(findTestObject("Maya/RegisterDuitNow/android.widget.EditText0 - abc"), 0): Element 'Object Repository/Maya/RegisterDuitNow/android.widget.EditText0 - abc' text is cleared

2020-08-04 16:37:09 - [MESSAGE][WARNING] - Timeout '0' is invalid. Using default page load timeout: '10'

2020-08-04 16:37:09 - [MESSAGE][PASSED] - Element 'Object Repository/Maya/RegisterDuitNow/android.widget.EditText0 - abc' text is cleared

2020-08-04 16:37:09 - [TEST_STEP][PASSED] - delay(3, CONTINUE_ON_FAILURE): Delayed 3 second(s)

2020-08-04 16:37:12 - [MESSAGE][PASSED] - Delayed 3 second(s)

2020-08-04 16:37:12 - [TEST_STEP][PASSED] - tap(findTestObject("Maya/RegisterDuitNow/android.widget.TextView0 - Continue (1)"), 0): Tapped on element 'Object Repository/Maya/RegisterDuitNow/android.widget.TextView0 - Continue (1)'

2020-08-04 16:37:12 - [MESSAGE][WARNING] - Timeout '0' is invalid. Using default page load timeout: '10'

2020-08-04 16:37:13 - [MESSAGE][PASSED] - Tapped on element 'Object Repository/Maya/RegisterDuitNow/android.widget.TextView0 - Continue (1)'

2020-08-04 16:37:13 - [TEST_STEP][PASSED] - setText(findTestObject("Maya/RegisterDuitNow/android.widget.EditText0 - Enter business reg. no."), "803168W", 0): Text '803168W' has been set to element 'Object Repository/Maya/RegisterDuitNow/android.widget.EditText0 - Enter business reg. no.'

2020-08-04 16:37:14 - [MESSAGE][WARNING] - Timeout '0' is invalid. Using default page load timeout: '10'

2020-08-04 16:37:15 - [MESSAGE][PASSED] - Text '803168W' has been set to element 'Object Repository/Maya/RegisterDuitNow/android.widget.EditText0 - Enter business reg. no.'

2020-08-04 16:37:15 - [TEST_STEP][PASSED] - delay(3, CONTINUE_ON_FAILURE): Delayed 3 second(s)

2020-08-04 16:37:18 - [MESSAGE][PASSED] - Delayed 3 second(s)

2020-08-04 16:37:18 - [TEST_STEP][PASSED] - tap(findTestObject("Maya/RegisterDuitNow/android.widget.TextView0 - Continue (1)"), 0): Tapped on element 'Object Repository/Maya/RegisterDuitNow/android.widget.TextView0 - Continue (1)'

2020-08-04 16:37:18 - [MESSAGE][WARNING] - Timeout '0' is invalid. Using default page load timeout: '10'

2020-08-04 16:37:20 - [MESSAGE][PASSED] - Tapped on element 'Object Repository/Maya/RegisterDuitNow/android.widget.TextView0 - Continue (1)'

2020-08-04 16:37:20 - [TEST_STEP][PASSED] - getText(findTestObject("Maya/RegisterDuitNow/android.widget.TextView0 - The DuitNow ID entered is inactive."), 0): Text of element 'Object Repository/Maya/RegisterDuitNow/android.widget.TextView0 - The DuitNow ID entered is inactive.' is: 'The DuitNow ID entered is inactive.'

2020-08-04 16:37:20 - [MESSAGE][WARNING] - Timeout '0' is invalid. Using default page load timeout: '10'

2020-08-04 16:37:22 - [MESSAGE][PASSED] - Text of element 'Object Repository/Maya/RegisterDuitNow/android.widget.TextView0 - The DuitNow ID entered is inactive.' is: 'The DuitNow ID entered is inactive.'

2020-08-04 16:37:22 - [TEST_STEP][PASSED] - takeScreenshot("C:\Users\LENOVO\Screenshot\DuitNowProxy\Screen7.png", CONTINUE_ON_FAILURE): Screenshot is taken

2020-08-04 16:37:23 - [MESSAGE][PASSED] - Screenshot is taken
[[ATTACHMENT|C:\\Users\\LENOVO\\Screenshot\\DuitNowProxy\\Screen7.png]]

2020-08-04 16:37:23 - [TEST_STEP][PASSED] - verifyElementExist(findTestObject("Maya/RegisterDuitNow/android.widget.TextView0 - The DuitNow ID entered is inactive."), 0): Element 'Object Repository/Maya/RegisterDuitNow/android.widget.TextView0 - The DuitNow ID entered is inactive.' is exist

2020-08-04 16:37:23 - [MESSAGE][WARNING] - Timeout '0' is invalid. Using default page load timeout: '10'

2020-08-04 16:37:23 - [MESSAGE][PASSED] - Element 'Object Repository/Maya/RegisterDuitNow/android.widget.TextView0 - The DuitNow ID entered is inactive.' is exist

2020-08-04 16:37:23 - [TEST_STEP][PASSED] - clearText(findTestObject("Maya/RegisterDuitNow/android.widget.EditText0 - 803168W"), 0): Element 'Object Repository/Maya/RegisterDuitNow/android.widget.EditText0 - 803168W' text is cleared

2020-08-04 16:37:23 - [MESSAGE][WARNING] - Timeout '0' is invalid. Using default page load timeout: '10'

2020-08-04 16:37:23 - [MESSAGE][PASSED] - Element 'Object Repository/Maya/RegisterDuitNow/android.widget.EditText0 - 803168W' text is cleared

2020-08-04 16:37:23 - [TEST_STEP][PASSED] - setText(findTestObject("Maya/RegisterDuitNow/android.widget.EditText0 - Enter business reg. no."), "820787M", 0): Text '820787M' has been set to element 'Object Repository/Maya/RegisterDuitNow/android.widget.EditText0 - Enter business reg. no.'

2020-08-04 16:37:23 - [MESSAGE][WARNING] - Timeout '0' is invalid. Using default page load timeout: '10'

2020-08-04 16:37:27 - [MESSAGE][PASSED] - Text '820787M' has been set to element 'Object Repository/Maya/RegisterDuitNow/android.widget.EditText0 - Enter business reg. no.'

2020-08-04 16:37:27 - [TEST_STEP][PASSED] - delay(3, CONTINUE_ON_FAILURE): Delayed 3 second(s)

2020-08-04 16:37:30 - [MESSAGE][PASSED] - Delayed 3 second(s)

2020-08-04 16:37:30 - [TEST_STEP][PASSED] - tap(findTestObject("Maya/RegisterDuitNow/android.widget.TextView0 - Continue (1)"), 0): Tapped on element 'Object Repository/Maya/RegisterDuitNow/android.widget.TextView0 - Continue (1)'

2020-08-04 16:37:30 - [MESSAGE][WARNING] - Timeout '0' is invalid. Using default page load timeout: '10'

2020-08-04 16:37:31 - [MESSAGE][PASSED] - Tapped on element 'Object Repository/Maya/RegisterDuitNow/android.widget.TextView0 - Continue (1)'

2020-08-04 16:37:31 - [TEST_STEP][PASSED] - getText(findTestObject("Maya/RegisterDuitNow/android.widget.TextView0 - 820787M"), 0): Text of element 'Object Repository/Maya/RegisterDuitNow/android.widget.TextView0 - 820787M' is: '820787M'

2020-08-04 16:37:31 - [MESSAGE][WARNING] - Timeout '0' is invalid. Using default page load timeout: '10'

2020-08-04 16:37:33 - [MESSAGE][PASSED] - Text of element 'Object Repository/Maya/RegisterDuitNow/android.widget.TextView0 - 820787M' is: '820787M'

2020-08-04 16:37:33 - [TEST_STEP][PASSED] - verifyElementExist(findTestObject("Maya/RegisterDuitNow/android.widget.TextView0 - 820787M"), 0): Element 'Object Repository/Maya/RegisterDuitNow/android.widget.TextView0 - 820787M' is exist

2020-08-04 16:37:33 - [MESSAGE][WARNING] - Timeout '0' is invalid. Using default page load timeout: '10'

2020-08-04 16:37:33 - [MESSAGE][PASSED] - Element 'Object Repository/Maya/RegisterDuitNow/android.widget.TextView0 - 820787M' is exist

2020-08-04 16:37:33 - [TEST_STEP][PASSED] - getText(findTestObject("Maya/RegisterDuitNow/android.widget.TextView0 - Business Registration Number (1)"), 0): Text of element 'Object Repository/Maya/RegisterDuitNow/android.widget.TextView0 - Business Registration Number (1)' is: 'Business Registration Number'

2020-08-04 16:37:33 - [MESSAGE][WARNING] - Timeout '0' is invalid. Using default page load timeout: '10'

2020-08-04 16:37:34 - [MESSAGE][PASSED] - Text of element 'Object Repository/Maya/RegisterDuitNow/android.widget.TextView0 - Business Registration Number (1)' is: 'Business Registration Number'

2020-08-04 16:37:34 - [TEST_STEP][PASSED] - verifyElementExist(findTestObject("Maya/RegisterDuitNow/android.widget.TextView0 - Business Registration Number (1)"), 0): Element 'Object Repository/Maya/RegisterDuitNow/android.widget.TextView0 - Business Registration Number (1)' is exist

2020-08-04 16:37:34 - [MESSAGE][WARNING] - Timeout '0' is invalid. Using default page load timeout: '10'

2020-08-04 16:37:34 - [MESSAGE][PASSED] - Element 'Object Repository/Maya/RegisterDuitNow/android.widget.TextView0 - Business Registration Number (1)' is exist

2020-08-04 16:37:34 - [TEST_STEP][PASSED] - getText(findTestObject("Maya/RegisterDuitNow/android.widget.TextView0 - KONTRON ASIA PACIFIC DESIGN SDN BHD"), 0): Text of element 'Object Repository/Maya/RegisterDuitNow/android.widget.TextView0 - KONTRON ASIA PACIFIC DESIGN SDN BHD' is: 'XXXXXXX XXXX XXXXXXX XXXXXX XXX XXX'

2020-08-04 16:37:34 - [MESSAGE][WARNING] - Timeout '0' is invalid. Using default page load timeout: '10'

2020-08-04 16:37:36 - [MESSAGE][PASSED] - Text of element 'Object Repository/Maya/RegisterDuitNow/android.widget.TextView0 - KONTRON ASIA PACIFIC DESIGN SDN BHD' is: 'XXXXXXX XXXX XXXXXXX XXXXXX XXX XXX'

2020-08-04 16:37:36 - [TEST_STEP][PASSED] - verifyElementExist(findTestObject("Maya/RegisterDuitNow/android.widget.TextView0 - KONTRON ASIA PACIFIC DESIGN SDN BHD"), 0): Element 'Object Repository/Maya/RegisterDuitNow/android.widget.TextView0 - KONTRON ASIA PACIFIC DESIGN SDN BHD' is exist

2020-08-04 16:37:36 - [MESSAGE][WARNING] - Timeout '0' is invalid. Using default page load timeout: '10'

2020-08-04 16:37:36 - [MESSAGE][PASSED] - Element 'Object Repository/Maya/RegisterDuitNow/android.widget.TextView0 - KONTRON ASIA PACIFIC DESIGN SDN BHD' is exist

2020-08-04 16:37:36 - [TEST_STEP][PASSED] - delay(2, STOP_ON_FAILURE): Delayed 2 second(s)

2020-08-04 16:37:38 - [MESSAGE][PASSED] - Delayed 2 second(s)

2020-08-04 16:37:38 - [TEST_STEP][PASSED] - takeScreenshot("C:\Users\LENOVO\Screenshot\DuitNowProxy\Screen8.png", CONTINUE_ON_FAILURE): Screenshot is taken

2020-08-04 16:37:39 - [MESSAGE][PASSED] - Screenshot is taken
[[ATTACHMENT|C:\\Users\\LENOVO\\Screenshot\\DuitNowProxy\\Screen8.png]]

2020-08-04 16:37:39 - [TEST_STEP][PASSED] - getText(findTestObject("Maya/RegisterDuitNow/android.widget.TextView0 - Enter amount"), 0): Text of element 'Object Repository/Maya/RegisterDuitNow/android.widget.TextView0 - Enter amount' is: 'Enter amount'

2020-08-04 16:37:40 - [MESSAGE][WARNING] - Timeout '0' is invalid. Using default page load timeout: '10'

2020-08-04 16:37:40 - [MESSAGE][PASSED] - Text of element 'Object Repository/Maya/RegisterDuitNow/android.widget.TextView0 - Enter amount' is: 'Enter amount'

2020-08-04 16:37:40 - [TEST_STEP][PASSED] - verifyElementExist(findTestObject("Maya/RegisterDuitNow/android.widget.TextView0 - Enter amount"), 0): Element 'Object Repository/Maya/RegisterDuitNow/android.widget.TextView0 - Enter amount' is exist

2020-08-04 16:37:40 - [MESSAGE][WARNING] - Timeout '0' is invalid. Using default page load timeout: '10'

2020-08-04 16:37:40 - [MESSAGE][PASSED] - Element 'Object Repository/Maya/RegisterDuitNow/android.widget.TextView0 - Enter amount' is exist

2020-08-04 16:37:40 - [TEST_STEP][PASSED] - delay(3, CONTINUE_ON_FAILURE): Delayed 3 second(s)

2020-08-04 16:37:43 - [MESSAGE][PASSED] - Delayed 3 second(s)

2020-08-04 16:37:43 - [TEST_STEP][PASSED] - tap(findTestObject("Maya/RegisterDuitNow/android.widget.ImageView0 (3)"), 0): Tapped on element 'Object Repository/Maya/RegisterDuitNow/android.widget.ImageView0 (3)'

2020-08-04 16:37:43 - [MESSAGE][WARNING] - Timeout '0' is invalid. Using default page load timeout: '10'

2020-08-04 16:37:44 - [MESSAGE][PASSED] - Tapped on element 'Object Repository/Maya/RegisterDuitNow/android.widget.ImageView0 (3)'

2020-08-04 16:37:44 - [TEST_STEP][PASSED] - getText(findTestObject("Maya/RegisterDuitNow/android.widget.TextView0 - Amount needs to be at least RM 0.01."), 0): Text of element 'Object Repository/Maya/RegisterDuitNow/android.widget.TextView0 - Amount needs to be at least RM 0.01.' is: 'Amount needs to be at least RM 0.01.'

2020-08-04 16:37:44 - [MESSAGE][WARNING] - Timeout '0' is invalid. Using default page load timeout: '10'

2020-08-04 16:37:45 - [MESSAGE][PASSED] - Text of element 'Object Repository/Maya/RegisterDuitNow/android.widget.TextView0 - Amount needs to be at least RM 0.01.' is: 'Amount needs to be at least RM 0.01.'

2020-08-04 16:37:45 - [TEST_STEP][PASSED] - verifyElementExist(findTestObject("Maya/RegisterDuitNow/android.widget.TextView0 - Amount needs to be at least RM 0.01."), 0): Element 'Object Repository/Maya/RegisterDuitNow/android.widget.TextView0 - Amount needs to be at least RM 0.01.' is exist

2020-08-04 16:37:45 - [MESSAGE][WARNING] - Timeout '0' is invalid. Using default page load timeout: '10'

2020-08-04 16:37:45 - [MESSAGE][PASSED] - Element 'Object Repository/Maya/RegisterDuitNow/android.widget.TextView0 - Amount needs to be at least RM 0.01.' is exist

2020-08-04 16:37:45 - [TEST_STEP][PASSED] - tap(findTestObject("Maya/RegisterDuitNow/android.widget.TextView0 - 2 (1)"), 0): Tapped on element 'Object Repository/Maya/RegisterDuitNow/android.widget.TextView0 - 2 (1)'

2020-08-04 16:37:45 - [MESSAGE][WARNING] - Timeout '0' is invalid. Using default page load timeout: '10'

2020-08-04 16:37:50 - [MESSAGE][PASSED] - Tapped on element 'Object Repository/Maya/RegisterDuitNow/android.widget.TextView0 - 2 (1)'

2020-08-04 16:37:50 - [TEST_STEP][PASSED] - tap(findTestObject("Maya/RegisterDuitNow/android.widget.TextView0 - 0 (1)"), 0): Tapped on element 'Object Repository/Maya/RegisterDuitNow/android.widget.TextView0 - 0 (1)'

2020-08-04 16:37:50 - [MESSAGE][WARNING] - Timeout '0' is invalid. Using default page load timeout: '10'

2020-08-04 16:37:54 - [MESSAGE][PASSED] - Tapped on element 'Object Repository/Maya/RegisterDuitNow/android.widget.TextView0 - 0 (1)'

2020-08-04 16:37:54 - [TEST_STEP][PASSED] - tap(findTestObject("Maya/RegisterDuitNow/android.widget.TextView0 - 0 (1)"), 0): Tapped on element 'Object Repository/Maya/RegisterDuitNow/android.widget.TextView0 - 0 (1)'

2020-08-04 16:37:54 - [MESSAGE][WARNING] - Timeout '0' is invalid. Using default page load timeout: '10'

2020-08-04 16:37:56 - [MESSAGE][PASSED] - Tapped on element 'Object Repository/Maya/RegisterDuitNow/android.widget.TextView0 - 0 (1)'

2020-08-04 16:37:56 - [TEST_STEP][PASSED] - tap(findTestObject("Maya/RegisterDuitNow/android.widget.ImageView0 (3)"), 0): Tapped on element 'Object Repository/Maya/RegisterDuitNow/android.widget.ImageView0 (3)'

2020-08-04 16:37:56 - [MESSAGE][WARNING] - Timeout '0' is invalid. Using default page load timeout: '10'

2020-08-04 16:37:57 - [MESSAGE][PASSED] - Tapped on element 'Object Repository/Maya/RegisterDuitNow/android.widget.ImageView0 (3)'

2020-08-04 16:37:57 - [TEST_STEP][PASSED] - getText(findTestObject("Maya/RegisterDuitNow/android.widget.TextView0 - 820787M (1)"), 0): Text of element 'Object Repository/Maya/RegisterDuitNow/android.widget.TextView0 - 820787M (1)' is: '820787M'

2020-08-04 16:37:57 - [MESSAGE][WARNING] - Timeout '0' is invalid. Using default page load timeout: '10'

2020-08-04 16:38:00 - [MESSAGE][PASSED] - Text of element 'Object Repository/Maya/RegisterDuitNow/android.widget.TextView0 - 820787M (1)' is: '820787M'

2020-08-04 16:38:00 - [TEST_STEP][PASSED] - verifyElementExist(findTestObject("Maya/RegisterDuitNow/android.widget.TextView0 - 820787M (1)"), 0): Element 'Object Repository/Maya/RegisterDuitNow/android.widget.TextView0 - 820787M (1)' is exist

2020-08-04 16:38:00 - [MESSAGE][WARNING] - Timeout '0' is invalid. Using default page load timeout: '10'

2020-08-04 16:38:00 - [MESSAGE][PASSED] - Element 'Object Repository/Maya/RegisterDuitNow/android.widget.TextView0 - 820787M (1)' is exist

2020-08-04 16:38:00 - [TEST_STEP][PASSED] - getText(findTestObject("Maya/RegisterDuitNow/android.widget.TextView0 - KONTRON ASIA PACIFIC DESIGN SDN BHD (1)"), 0): Text of element 'Object Repository/Maya/RegisterDuitNow/android.widget.TextView0 - KONTRON ASIA PACIFIC DESIGN SDN BHD (1)' is: 'XXXXXXX XXXX XXXXXXX XXXXXX XXX XXX'

2020-08-04 16:38:00 - [MESSAGE][WARNING] - Timeout '0' is invalid. Using default page load timeout: '10'

2020-08-04 16:38:00 - [MESSAGE][PASSED] - Text of element 'Object Repository/Maya/RegisterDuitNow/android.widget.TextView0 - KONTRON ASIA PACIFIC DESIGN SDN BHD (1)' is: 'XXXXXXX XXXX XXXXXXX XXXXXX XXX XXX'

2020-08-04 16:38:00 - [TEST_STEP][PASSED] - verifyElementExist(findTestObject("Maya/RegisterDuitNow/android.widget.TextView0 - KONTRON ASIA PACIFIC DESIGN SDN BHD (1)"), 0): Element 'Object Repository/Maya/RegisterDuitNow/android.widget.TextView0 - KONTRON ASIA PACIFIC DESIGN SDN BHD (1)' is exist

2020-08-04 16:38:00 - [MESSAGE][WARNING] - Timeout '0' is invalid. Using default page load timeout: '10'

2020-08-04 16:38:01 - [MESSAGE][PASSED] - Element 'Object Repository/Maya/RegisterDuitNow/android.widget.TextView0 - KONTRON ASIA PACIFIC DESIGN SDN BHD (1)' is exist

2020-08-04 16:38:01 - [TEST_STEP][PASSED] - getText(findTestObject("Maya/RegisterDuitNow/android.widget.TextView0 - Business Registration Number (2)"), 0): Text of element 'Object Repository/Maya/RegisterDuitNow/android.widget.TextView0 - Business Registration Number (2)' is: 'Business Registration Number'

2020-08-04 16:38:01 - [MESSAGE][WARNING] - Timeout '0' is invalid. Using default page load timeout: '10'

2020-08-04 16:38:01 - [MESSAGE][PASSED] - Text of element 'Object Repository/Maya/RegisterDuitNow/android.widget.TextView0 - Business Registration Number (2)' is: 'Business Registration Number'

2020-08-04 16:38:01 - [TEST_STEP][PASSED] - verifyElementExist(findTestObject("Maya/RegisterDuitNow/android.widget.TextView0 - Business Registration Number (2)"), 0): Element 'Object Repository/Maya/RegisterDuitNow/android.widget.TextView0 - Business Registration Number (2)' is exist

2020-08-04 16:38:01 - [MESSAGE][WARNING] - Timeout '0' is invalid. Using default page load timeout: '10'

2020-08-04 16:38:01 - [MESSAGE][PASSED] - Element 'Object Repository/Maya/RegisterDuitNow/android.widget.TextView0 - Business Registration Number (2)' is exist

2020-08-04 16:38:01 - [TEST_STEP][PASSED] - getText(findTestObject("Maya/RegisterDuitNow/android.widget.TextView0 - Enter recipient reference"), 0): Text of element 'Object Repository/Maya/RegisterDuitNow/android.widget.TextView0 - Enter recipient reference' is: 'Enter recipient reference'

2020-08-04 16:38:01 - [MESSAGE][WARNING] - Timeout '0' is invalid. Using default page load timeout: '10'

2020-08-04 16:38:02 - [MESSAGE][PASSED] - Text of element 'Object Repository/Maya/RegisterDuitNow/android.widget.TextView0 - Enter recipient reference' is: 'Enter recipient reference'

2020-08-04 16:38:02 - [TEST_STEP][PASSED] - verifyElementExist(findTestObject("Maya/RegisterDuitNow/android.widget.TextView0 - Enter recipient reference"), 0): Element 'Object Repository/Maya/RegisterDuitNow/android.widget.TextView0 - Enter recipient reference' is exist

2020-08-04 16:38:02 - [MESSAGE][WARNING] - Timeout '0' is invalid. Using default page load timeout: '10'

2020-08-04 16:38:02 - [MESSAGE][PASSED] - Element 'Object Repository/Maya/RegisterDuitNow/android.widget.TextView0 - Enter recipient reference' is exist

2020-08-04 16:38:02 - [TEST_STEP][PASSED] - delay(2, STOP_ON_FAILURE): Delayed 2 second(s)

2020-08-04 16:38:04 - [MESSAGE][PASSED] - Delayed 2 second(s)

2020-08-04 16:38:04 - [TEST_STEP][PASSED] - takeScreenshot("C:\Users\LENOVO\Screenshot\DuitNowProxy\Screen9.png", CONTINUE_ON_FAILURE): Screenshot is taken

2020-08-04 16:38:05 - [MESSAGE][PASSED] - Screenshot is taken
[[ATTACHMENT|C:\\Users\\LENOVO\\Screenshot\\DuitNowProxy\\Screen9.png]]

2020-08-04 16:38:05 - [TEST_STEP][NOT_RUN] - hideKeyboard(): NOT_RUN: hideKeyboard()

2020-08-04 16:38:05 - [MESSAGE][NOT_RUN] - NOT_RUN: hideKeyboard()

2020-08-04 16:38:05 - [TEST_STEP][PASSED] - setText(findTestObject("Maya/RegisterDuitNow/android.widget.EditText0 (2)"), "TEST", 0): Text 'TEST' has been set to element 'Object Repository/Maya/RegisterDuitNow/android.widget.EditText0 (2)'

2020-08-04 16:38:05 - [MESSAGE][WARNING] - Timeout '0' is invalid. Using default page load timeout: '10'

2020-08-04 16:38:07 - [MESSAGE][PASSED] - Text 'TEST' has been set to element 'Object Repository/Maya/RegisterDuitNow/android.widget.EditText0 (2)'

2020-08-04 16:38:07 - [TEST_STEP][PASSED] - setText(findTestObject("Maya/RegisterDuitNow/android.widget.EditText0 (2)"), "TESTESTESTESTESTESTESTESTESETSSSSSSSST", 0): Text 'TESTESTESTESTESTESTESTESTESETSSSSSSSST' has been set to element 'Object Repository/Maya/RegisterDuitNow/android.widget.EditText0 (2)'

2020-08-04 16:38:07 - [MESSAGE][WARNING] - Timeout '0' is invalid. Using default page load timeout: '10'

2020-08-04 16:38:10 - [MESSAGE][PASSED] - Text 'TESTESTESTESTESTESTESTESTESETSSSSSSSST' has been set to element 'Object Repository/Maya/RegisterDuitNow/android.widget.EditText0 (2)'

2020-08-04 16:38:10 - [TEST_STEP][PASSED] - hideKeyboard(): Keyboard is hidden

2020-08-04 16:38:12 - [MESSAGE][PASSED] - Keyboard is hidden

2020-08-04 16:38:12 - [TEST_STEP][PASSED] - delay(3, CONTINUE_ON_FAILURE): Delayed 3 second(s)

2020-08-04 16:38:15 - [MESSAGE][PASSED] - Delayed 3 second(s)

2020-08-04 16:38:15 - [TEST_STEP][PASSED] - tap(findTestObject("Maya/RegisterDuitNow/android.widget.TextView0 - Continue (2)"), 0): Tapped on element 'Object Repository/Maya/RegisterDuitNow/android.widget.TextView0 - Continue (2)'

2020-08-04 16:38:15 - [MESSAGE][WARNING] - Timeout '0' is invalid. Using default page load timeout: '10'

2020-08-04 16:38:18 - [MESSAGE][PASSED] - Tapped on element 'Object Repository/Maya/RegisterDuitNow/android.widget.TextView0 - Continue (2)'

2020-08-04 16:38:18 - [TEST_STEP][PASSED] - getText(findTestObject("Maya/RegisterDuitNow/android.widget.TextView0 - 820787M (2)"), 0): Text of element 'Object Repository/Maya/RegisterDuitNow/android.widget.TextView0 - 820787M (2)' is: '820787M'

2020-08-04 16:38:18 - [MESSAGE][WARNING] - Timeout '0' is invalid. Using default page load timeout: '10'

2020-08-04 16:38:19 - [MESSAGE][PASSED] - Text of element 'Object Repository/Maya/RegisterDuitNow/android.widget.TextView0 - 820787M (2)' is: '820787M'

2020-08-04 16:38:19 - [TEST_STEP][PASSED] - verifyElementExist(findTestObject("Maya/RegisterDuitNow/android.widget.TextView0 - 820787M (2)"), 0): Element 'Object Repository/Maya/RegisterDuitNow/android.widget.TextView0 - 820787M (2)' is exist

2020-08-04 16:38:19 - [MESSAGE][WARNING] - Timeout '0' is invalid. Using default page load timeout: '10'

2020-08-04 16:38:19 - [MESSAGE][PASSED] - Element 'Object Repository/Maya/RegisterDuitNow/android.widget.TextView0 - 820787M (2)' is exist

2020-08-04 16:38:19 - [TEST_STEP][PASSED] - getText(findTestObject("Maya/RegisterDuitNow/android.widget.TextView0 - Date"), 0): Text of element 'Object Repository/Maya/RegisterDuitNow/android.widget.TextView0 - Date' is: 'Date'

2020-08-04 16:38:19 - [MESSAGE][WARNING] - Timeout '0' is invalid. Using default page load timeout: '10'

2020-08-04 16:38:20 - [MESSAGE][PASSED] - Text of element 'Object Repository/Maya/RegisterDuitNow/android.widget.TextView0 - Date' is: 'Date'

2020-08-04 16:38:20 - [TEST_STEP][PASSED] - verifyElementExist(findTestObject("Maya/RegisterDuitNow/android.widget.TextView0 - Date"), 0): Element 'Object Repository/Maya/RegisterDuitNow/android.widget.TextView0 - Date' is exist

2020-08-04 16:38:20 - [MESSAGE][WARNING] - Timeout '0' is invalid. Using default page load timeout: '10'

2020-08-04 16:38:21 - [MESSAGE][PASSED] - Element 'Object Repository/Maya/RegisterDuitNow/android.widget.TextView0 - Date' is exist

2020-08-04 16:38:21 - [TEST_STEP][PASSED] - getText(findTestObject("Maya/RegisterDuitNow/android.widget.TextView0 - Transfer type"), 0): Text of element 'Object Repository/Maya/RegisterDuitNow/android.widget.TextView0 - Transfer type' is: 'Transfer type'

2020-08-04 16:38:21 - [MESSAGE][WARNING] - Timeout '0' is invalid. Using default page load timeout: '10'

2020-08-04 16:38:21 - [MESSAGE][PASSED] - Text of element 'Object Repository/Maya/RegisterDuitNow/android.widget.TextView0 - Transfer type' is: 'Transfer type'

2020-08-04 16:38:21 - [TEST_STEP][PASSED] - verifyElementExist(findTestObject("Maya/RegisterDuitNow/android.widget.TextView0 - Transfer type"), 0): Element 'Object Repository/Maya/RegisterDuitNow/android.widget.TextView0 - Transfer type' is exist

2020-08-04 16:38:21 - [MESSAGE][WARNING] - Timeout '0' is invalid. Using default page load timeout: '10'

2020-08-04 16:38:21 - [MESSAGE][PASSED] - Element 'Object Repository/Maya/RegisterDuitNow/android.widget.TextView0 - Transfer type' is exist

2020-08-04 16:38:21 - [TEST_STEP][PASSED] - tap(findTestObject("Maya/RegisterDuitNow/android.widget.TextView0 - One-Off Transfer"), 0): Tapped on element 'Object Repository/Maya/RegisterDuitNow/android.widget.TextView0 - One-Off Transfer'

2020-08-04 16:38:21 - [MESSAGE][WARNING] - Timeout '0' is invalid. Using default page load timeout: '10'

2020-08-04 16:38:24 - [MESSAGE][PASSED] - Tapped on element 'Object Repository/Maya/RegisterDuitNow/android.widget.TextView0 - One-Off Transfer'

2020-08-04 16:38:24 - [TEST_STEP][PASSED] - delay(5): Delayed 5 second(s)

2020-08-04 16:38:29 - [MESSAGE][PASSED] - Delayed 5 second(s)

2020-08-04 16:38:29 - [TEST_STEP][PASSED] - swipe(592, 1887, 550, 1754): Swiped from 592,1,887 to 550,1,754

2020-08-04 16:38:30 - [MESSAGE][PASSED] - Swiped from 592,1,887 to 550,1,754

2020-08-04 16:38:30 - [TEST_STEP][PASSED] - delay(2, STOP_ON_FAILURE): Delayed 2 second(s)

2020-08-04 16:38:32 - [MESSAGE][PASSED] - Delayed 2 second(s)

2020-08-04 16:38:32 - [TEST_STEP][PASSED] - tap(findTestObject("Maya/RegisterDuitNow/android.widget.TextView0 - Done (1)"), 0): Tapped on element 'Object Repository/Maya/RegisterDuitNow/android.widget.TextView0 - Done (1)'

2020-08-04 16:38:32 - [MESSAGE][WARNING] - Timeout '0' is invalid. Using default page load timeout: '10'

2020-08-04 16:38:34 - [MESSAGE][PASSED] - Tapped on element 'Object Repository/Maya/RegisterDuitNow/android.widget.TextView0 - Done (1)'

2020-08-04 16:38:34 - [TEST_STEP][PASSED] - getText(findTestObject("Maya/RegisterDuitNow/android.widget.TextView0 - Start date"), 0): Text of element 'Object Repository/Maya/RegisterDuitNow/android.widget.TextView0 - Start date' is: 'Start date'

2020-08-04 16:38:34 - [MESSAGE][WARNING] - Timeout '0' is invalid. Using default page load timeout: '10'

2020-08-04 16:38:35 - [MESSAGE][PASSED] - Text of element 'Object Repository/Maya/RegisterDuitNow/android.widget.TextView0 - Start date' is: 'Start date'

2020-08-04 16:38:35 - [TEST_STEP][PASSED] - verifyElementExist(findTestObject("Maya/RegisterDuitNow/android.widget.TextView0 - Start date"), 0): Element 'Object Repository/Maya/RegisterDuitNow/android.widget.TextView0 - Start date' is exist

2020-08-04 16:38:35 - [MESSAGE][WARNING] - Timeout '0' is invalid. Using default page load timeout: '10'

2020-08-04 16:38:36 - [MESSAGE][PASSED] - Element 'Object Repository/Maya/RegisterDuitNow/android.widget.TextView0 - Start date' is exist

2020-08-04 16:38:36 - [TEST_STEP][PASSED] - getText(findTestObject("Maya/RegisterDuitNow/android.widget.TextView0 - End date"), 0): Text of element 'Object Repository/Maya/RegisterDuitNow/android.widget.TextView0 - End date' is: 'End date '

2020-08-04 16:38:36 - [MESSAGE][WARNING] - Timeout '0' is invalid. Using default page load timeout: '10'

2020-08-04 16:38:37 - [MESSAGE][PASSED] - Text of element 'Object Repository/Maya/RegisterDuitNow/android.widget.TextView0 - End date' is: 'End date '

2020-08-04 16:38:37 - [TEST_STEP][PASSED] - verifyElementExist(findTestObject("Maya/RegisterDuitNow/android.widget.TextView0 - End date"), 0): Element 'Object Repository/Maya/RegisterDuitNow/android.widget.TextView0 - End date' is exist

2020-08-04 16:38:37 - [MESSAGE][WARNING] - Timeout '0' is invalid. Using default page load timeout: '10'

2020-08-04 16:38:37 - [MESSAGE][PASSED] - Element 'Object Repository/Maya/RegisterDuitNow/android.widget.TextView0 - End date' is exist

2020-08-04 16:38:37 - [TEST_STEP][PASSED] - tap(findTestObject("Maya/RegisterDuitNow/android.widget.TextView0 - 12 Jul 2020"), 0): Tapped on element 'Object Repository/Maya/RegisterDuitNow/android.widget.TextView0 - 12 Jul 2020'

2020-08-04 16:38:37 - [MESSAGE][WARNING] - Timeout '0' is invalid. Using default page load timeout: '10'

2020-08-04 16:38:38 - [MESSAGE][PASSED] - Tapped on element 'Object Repository/Maya/RegisterDuitNow/android.widget.TextView0 - 12 Jul 2020'

2020-08-04 16:38:38 - [TEST_STEP][PASSED] - tap(findTestObject("Maya/RegisterDuitNow/android.widget.TextView0 - 29"), 0): Tapped on element 'Object Repository/Maya/RegisterDuitNow/android.widget.TextView0 - 29'

2020-08-04 16:38:38 - [MESSAGE][WARNING] - Timeout '0' is invalid. Using default page load timeout: '10'

2020-08-04 16:38:40 - [MESSAGE][PASSED] - Tapped on element 'Object Repository/Maya/RegisterDuitNow/android.widget.TextView0 - 29'

2020-08-04 16:38:40 - [TEST_STEP][PASSED] - tap(findTestObject("Maya/RegisterDuitNow/android.widget.TextView0 - Done (2)"), 0): Tapped on element 'Object Repository/Maya/RegisterDuitNow/android.widget.TextView0 - Done (2)'

2020-08-04 16:38:41 - [MESSAGE][WARNING] - Timeout '0' is invalid. Using default page load timeout: '10'

2020-08-04 16:38:43 - [MESSAGE][PASSED] - Tapped on element 'Object Repository/Maya/RegisterDuitNow/android.widget.TextView0 - Done (2)'

2020-08-04 16:38:43 - [TEST_STEP][PASSED] - tap(findTestObject("Maya/RegisterDuitNow/android.widget.TextView0 - 28 Aug 2020"), 0): Tapped on element 'Object Repository/Maya/RegisterDuitNow/android.widget.TextView0 - 28 Aug 2020'

2020-08-04 16:38:43 - [MESSAGE][WARNING] - Timeout '0' is invalid. Using default page load timeout: '10'

2020-08-04 16:38:43 - [MESSAGE][PASSED] - Tapped on element 'Object Repository/Maya/RegisterDuitNow/android.widget.TextView0 - 28 Aug 2020'

2020-08-04 16:38:43 - [TEST_STEP][PASSED] - takeScreenshot("C:\Users\LENOVO\Screenshot\DuitNowProxy\Screen9.png", CONTINUE_ON_FAILURE): Screenshot is taken

2020-08-04 16:38:44 - [MESSAGE][PASSED] - Screenshot is taken
[[ATTACHMENT|C:\\Users\\LENOVO\\Screenshot\\DuitNowProxy\\Screen9.png]]

2020-08-04 16:38:44 - [TEST_STEP][PASSED] - tap(findTestObject("Maya/RegisterDuitNow/android.widget.TextView0 - 30"), 0): Tapped on element 'Object Repository/Maya/RegisterDuitNow/android.widget.TextView0 - 30'

2020-08-04 16:38:44 - [MESSAGE][WARNING] - Timeout '0' is invalid. Using default page load timeout: '10'

2020-08-04 16:38:46 - [MESSAGE][PASSED] - Tapped on element 'Object Repository/Maya/RegisterDuitNow/android.widget.TextView0 - 30'

2020-08-04 16:38:46 - [TEST_STEP][PASSED] - tap(findTestObject("Maya/RegisterDuitNow/android.widget.TextView0 - Done (2)"), 0): Tapped on element 'Object Repository/Maya/RegisterDuitNow/android.widget.TextView0 - Done (2)'

2020-08-04 16:38:46 - [MESSAGE][WARNING] - Timeout '0' is invalid. Using default page load timeout: '10'

2020-08-04 16:38:48 - [MESSAGE][PASSED] - Tapped on element 'Object Repository/Maya/RegisterDuitNow/android.widget.TextView0 - Done (2)'

2020-08-04 16:38:48 - [TEST_STEP][PASSED] - getText(findTestObject("Maya/RegisterDuitNow/android.widget.TextView0 - Business RegistrationNumber"), 0): Text of element 'Object Repository/Maya/RegisterDuitNow/android.widget.TextView0 - Business RegistrationNumber' is: 'Business Registration
Number'

2020-08-04 16:38:48 - [MESSAGE][WARNING] - Timeout '0' is invalid. Using default page load timeout: '10'

2020-08-04 16:38:48 - [MESSAGE][PASSED] - Text of element 'Object Repository/Maya/RegisterDuitNow/android.widget.TextView0 - Business RegistrationNumber' is: 'Business Registration
Number'

2020-08-04 16:38:48 - [TEST_STEP][PASSED] - verifyElementExist(findTestObject("Maya/RegisterDuitNow/android.widget.TextView0 - Business RegistrationNumber"), 0): Element 'Object Repository/Maya/RegisterDuitNow/android.widget.TextView0 - Business RegistrationNumber' is exist

2020-08-04 16:38:48 - [MESSAGE][WARNING] - Timeout '0' is invalid. Using default page load timeout: '10'

2020-08-04 16:38:48 - [MESSAGE][PASSED] - Element 'Object Repository/Maya/RegisterDuitNow/android.widget.TextView0 - Business RegistrationNumber' is exist

2020-08-04 16:38:48 - [TEST_STEP][PASSED] - trx5 = 00-transfer amt"), 0).substring(3): Text of element 'Object Repository/Maya/drop4 CR/android.widget.TextView0 - RM 2.00-transfer amt' is: 'RM 2.00'

2020-08-04 16:38:49 - [MESSAGE][WARNING] - Timeout '0' is invalid. Using default page load timeout: '10'

2020-08-04 16:38:49 - [MESSAGE][PASSED] - Text of element 'Object Repository/Maya/drop4 CR/android.widget.TextView0 - RM 2.00-transfer amt' is: 'RM 2.00'

2020-08-04 16:38:49 - [TEST_STEP][PASSED] - trx51 = trx5.replaceAll("[^a-zA-Z0-9]+", ""): null

2020-08-04 16:38:49 - [TEST_STEP][PASSED] - out.println(trx51): null

2020-08-04 16:38:49 - [TEST_STEP][PASSED] - trx511 = trx51: null

2020-08-04 16:38:49 - [TEST_STEP][PASSED] - out.println(trx511): null

2020-08-04 16:38:49 - [TEST_STEP][PASSED] - tap(findTestObject("Maya/RegisterDuitNow/android.widget.TextView0 - RM 2.00"), 0): Tapped on element 'Object Repository/Maya/RegisterDuitNow/android.widget.TextView0 - RM 2.00'

2020-08-04 16:38:49 - [MESSAGE][WARNING] - Timeout '0' is invalid. Using default page load timeout: '10'

2020-08-04 16:38:51 - [MESSAGE][PASSED] - Tapped on element 'Object Repository/Maya/RegisterDuitNow/android.widget.TextView0 - RM 2.00'

2020-08-04 16:38:51 - [TEST_STEP][PASSED] - getText(findTestObject("Maya/RegisterDuitNow/android.widget.TextView0 - Enter amount"), 0): Text of element 'Object Repository/Maya/RegisterDuitNow/android.widget.TextView0 - Enter amount' is: 'Enter amount'

2020-08-04 16:38:51 - [MESSAGE][WARNING] - Timeout '0' is invalid. Using default page load timeout: '10'

2020-08-04 16:38:52 - [MESSAGE][PASSED] - Text of element 'Object Repository/Maya/RegisterDuitNow/android.widget.TextView0 - Enter amount' is: 'Enter amount'

2020-08-04 16:38:52 - [TEST_STEP][PASSED] - verifyElementExist(findTestObject("Maya/RegisterDuitNow/android.widget.TextView0 - Enter amount"), 0): Element 'Object Repository/Maya/RegisterDuitNow/android.widget.TextView0 - Enter amount' is exist

2020-08-04 16:38:52 - [MESSAGE][WARNING] - Timeout '0' is invalid. Using default page load timeout: '10'

2020-08-04 16:38:52 - [MESSAGE][PASSED] - Element 'Object Repository/Maya/RegisterDuitNow/android.widget.TextView0 - Enter amount' is exist

2020-08-04 16:38:52 - [TEST_STEP][PASSED] - tap(findTestObject("Maya/RegisterDuitNow/android.widget.ImageView0 (3)"), 0): Tapped on element 'Object Repository/Maya/RegisterDuitNow/android.widget.ImageView0 (3)'

2020-08-04 16:38:52 - [MESSAGE][WARNING] - Timeout '0' is invalid. Using default page load timeout: '10'

2020-08-04 16:38:52 - [MESSAGE][PASSED] - Tapped on element 'Object Repository/Maya/RegisterDuitNow/android.widget.ImageView0 (3)'

2020-08-04 16:38:52 - [TEST_STEP][PASSED] - getText(findTestObject("Maya/RegisterDuitNow/android.widget.TextView0 - Recipient reference"), 0): Text of element 'Object Repository/Maya/RegisterDuitNow/android.widget.TextView0 - Recipient reference' is: 'Recipient reference'

2020-08-04 16:38:52 - [MESSAGE][WARNING] - Timeout '0' is invalid. Using default page load timeout: '10'

2020-08-04 16:38:54 - [MESSAGE][PASSED] - Text of element 'Object Repository/Maya/RegisterDuitNow/android.widget.TextView0 - Recipient reference' is: 'Recipient reference'

2020-08-04 16:38:54 - [TEST_STEP][PASSED] - verifyElementExist(findTestObject("Maya/RegisterDuitNow/android.widget.TextView0 - Recipient reference"), 0): Element 'Object Repository/Maya/RegisterDuitNow/android.widget.TextView0 - Recipient reference' is exist

2020-08-04 16:38:55 - [MESSAGE][WARNING] - Timeout '0' is invalid. Using default page load timeout: '10'

2020-08-04 16:38:55 - [MESSAGE][PASSED] - Element 'Object Repository/Maya/RegisterDuitNow/android.widget.TextView0 - Recipient reference' is exist

2020-08-04 16:38:55 - [TEST_STEP][PASSED] - tap(findTestObject("Maya/RegisterDuitNow/android.widget.TextView0 - TESTESTESTESTE"), 0): Tapped on element 'Object Repository/Maya/RegisterDuitNow/android.widget.TextView0 - TESTESTESTESTE'

2020-08-04 16:38:55 - [MESSAGE][WARNING] - Timeout '0' is invalid. Using default page load timeout: '10'

2020-08-04 16:38:57 - [MESSAGE][PASSED] - Tapped on element 'Object Repository/Maya/RegisterDuitNow/android.widget.TextView0 - TESTESTESTESTE'

2020-08-04 16:38:57 - [TEST_STEP][PASSED] - getText(findTestObject("Maya/RegisterDuitNow/android.widget.TextView0 - Enter recipient reference"), 0): Text of element 'Object Repository/Maya/RegisterDuitNow/android.widget.TextView0 - Enter recipient reference' is: 'Enter recipient reference'

2020-08-04 16:38:57 - [MESSAGE][WARNING] - Timeout '0' is invalid. Using default page load timeout: '10'

2020-08-04 16:38:57 - [MESSAGE][PASSED] - Text of element 'Object Repository/Maya/RegisterDuitNow/android.widget.TextView0 - Enter recipient reference' is: 'Enter recipient reference'

2020-08-04 16:38:57 - [TEST_STEP][PASSED] - verifyElementExist(findTestObject("Maya/RegisterDuitNow/android.widget.TextView0 - Enter recipient reference"), 0): Element 'Object Repository/Maya/RegisterDuitNow/android.widget.TextView0 - Enter recipient reference' is exist

2020-08-04 16:38:57 - [MESSAGE][WARNING] - Timeout '0' is invalid. Using default page load timeout: '10'

2020-08-04 16:38:57 - [MESSAGE][PASSED] - Element 'Object Repository/Maya/RegisterDuitNow/android.widget.TextView0 - Enter recipient reference' is exist

2020-08-04 16:38:57 - [TEST_STEP][PASSED] - tap(findTestObject("Maya/RegisterDuitNow/android.widget.TextView0 - Continue (2)"), 0): Tapped on element 'Object Repository/Maya/RegisterDuitNow/android.widget.TextView0 - Continue (2)'

2020-08-04 16:38:57 - [MESSAGE][WARNING] - Timeout '0' is invalid. Using default page load timeout: '10'

2020-08-04 16:38:58 - [MESSAGE][PASSED] - Tapped on element 'Object Repository/Maya/RegisterDuitNow/android.widget.TextView0 - Continue (2)'

2020-08-04 16:38:58 - [TEST_STEP][PASSED] - delay(5, STOP_ON_FAILURE): Delayed 5 second(s)

2020-08-04 16:39:03 - [MESSAGE][PASSED] - Delayed 5 second(s)

2020-08-04 16:39:03 - [TEST_STEP][PASSED] - swipe(520, 900, 520, 300): Swiped from 520,900 to 520,300

2020-08-04 16:39:05 - [MESSAGE][PASSED] - Swiped from 520,900 to 520,300

2020-08-04 16:39:05 - [TEST_STEP][PASSED] - getText(findTestObject("Maya/RegisterDuitNow/android.widget.TextView0 - Note"), 0): Text of element 'Object Repository/Maya/RegisterDuitNow/android.widget.TextView0 - Note' is: 'Note:'

2020-08-04 16:39:05 - [MESSAGE][WARNING] - Timeout '0' is invalid. Using default page load timeout: '10'

2020-08-04 16:39:06 - [MESSAGE][PASSED] - Text of element 'Object Repository/Maya/RegisterDuitNow/android.widget.TextView0 - Note' is: 'Note:'

2020-08-04 16:39:06 - [TEST_STEP][PASSED] - verifyElementExist(findTestObject("Maya/RegisterDuitNow/android.widget.TextView0 - Note"), 0): Element 'Object Repository/Maya/RegisterDuitNow/android.widget.TextView0 - Note' is exist

2020-08-04 16:39:06 - [MESSAGE][WARNING] - Timeout '0' is invalid. Using default page load timeout: '10'

2020-08-04 16:39:06 - [MESSAGE][PASSED] - Element 'Object Repository/Maya/RegisterDuitNow/android.widget.TextView0 - Note' is exist

2020-08-04 16:39:06 - [TEST_STEP][PASSED] - getText(findTestObject("Maya/RegisterDuitNow/android.widget.TextView0 - Declaration"), 0): Text of element 'Object Repository/Maya/RegisterDuitNow/android.widget.TextView0 - Declaration' is: 'Declaration:'

2020-08-04 16:39:06 - [MESSAGE][WARNING] - Timeout '0' is invalid. Using default page load timeout: '10'

2020-08-04 16:39:06 - [MESSAGE][PASSED] - Text of element 'Object Repository/Maya/RegisterDuitNow/android.widget.TextView0 - Declaration' is: 'Declaration:'

2020-08-04 16:39:06 - [TEST_STEP][PASSED] - verifyElementExist(findTestObject("Maya/RegisterDuitNow/android.widget.TextView0 - Declaration"), 0): Element 'Object Repository/Maya/RegisterDuitNow/android.widget.TextView0 - Declaration' is exist

2020-08-04 16:39:06 - [MESSAGE][WARNING] - Timeout '0' is invalid. Using default page load timeout: '10'

2020-08-04 16:39:06 - [MESSAGE][PASSED] - Element 'Object Repository/Maya/RegisterDuitNow/android.widget.TextView0 - Declaration' is exist

2020-08-04 16:39:06 - [TEST_STEP][PASSED] - tap(findTestObject("Maya/RegisterDuitNow/android.widget.TextView0 - Terms  Conditions"), 0): Tapped on element 'Object Repository/Maya/RegisterDuitNow/android.widget.TextView0 - Terms  Conditions'

2020-08-04 16:39:07 - [MESSAGE][WARNING] - Timeout '0' is invalid. Using default page load timeout: '10'

2020-08-04 16:39:09 - [MESSAGE][PASSED] - Tapped on element 'Object Repository/Maya/RegisterDuitNow/android.widget.TextView0 - Terms  Conditions'

2020-08-04 16:39:09 - [TEST_STEP][PASSED] - delay(2, STOP_ON_FAILURE): Delayed 2 second(s)

2020-08-04 16:39:11 - [MESSAGE][PASSED] - Delayed 2 second(s)

2020-08-04 16:39:11 - [TEST_STEP][PASSED] - takeScreenshot("C:\Users\LENOVO\Screenshot\DuitNowProxy\Screen10.png", CONTINUE_ON_FAILURE): Screenshot is taken

2020-08-04 16:39:13 - [MESSAGE][PASSED] - Screenshot is taken
[[ATTACHMENT|C:\\Users\\LENOVO\\Screenshot\\DuitNowProxy\\Screen10.png]]

2020-08-04 16:39:13 - [TEST_STEP][PASSED] - tap(findTestObject("Maya/RegisterDuitNow/android.widget.ImageView0 (4)"), 0): Tapped on element 'Object Repository/Maya/RegisterDuitNow/android.widget.ImageView0 (4)'

2020-08-04 16:39:13 - [MESSAGE][WARNING] - Timeout '0' is invalid. Using default page load timeout: '10'

2020-08-04 16:39:13 - [MESSAGE][PASSED] - Tapped on element 'Object Repository/Maya/RegisterDuitNow/android.widget.ImageView0 (4)'

2020-08-04 16:39:13 - [TEST_STEP][PASSED] - getText(findTestObject("Maya/RegisterDuitNow/android.widget.TextView0 - Transfer from"), 0): Text of element 'Object Repository/Maya/RegisterDuitNow/android.widget.TextView0 - Transfer from' is: 'Transfer from'

2020-08-04 16:39:13 - [MESSAGE][WARNING] - Timeout '0' is invalid. Using default page load timeout: '10'

2020-08-04 16:39:15 - [MESSAGE][PASSED] - Text of element 'Object Repository/Maya/RegisterDuitNow/android.widget.TextView0 - Transfer from' is: 'Transfer from'

2020-08-04 16:39:15 - [TEST_STEP][PASSED] - verifyElementExist(findTestObject("Maya/RegisterDuitNow/android.widget.TextView0 - Transfer from"), 0): Element 'Object Repository/Maya/RegisterDuitNow/android.widget.TextView0 - Transfer from' is exist

2020-08-04 16:39:15 - [MESSAGE][WARNING] - Timeout '0' is invalid. Using default page load timeout: '10'

2020-08-04 16:39:15 - [MESSAGE][PASSED] - Element 'Object Repository/Maya/RegisterDuitNow/android.widget.TextView0 - Transfer from' is exist

2020-08-04 16:39:15 - [TEST_STEP][PASSED] - tap(findTestObject("Maya/RegisterDuitNow/android.widget.TextView0 - Transfer Now"), 0): Tapped on element 'Object Repository/Maya/RegisterDuitNow/android.widget.TextView0 - Transfer Now'

2020-08-04 16:39:16 - [MESSAGE][WARNING] - Timeout '0' is invalid. Using default page load timeout: '10'

2020-08-04 16:39:17 - [MESSAGE][PASSED] - Tapped on element 'Object Repository/Maya/RegisterDuitNow/android.widget.TextView0 - Transfer Now'

2020-08-04 16:39:17 - [TEST_STEP][PASSED] - delay(2, STOP_ON_FAILURE): Delayed 2 second(s)

2020-08-04 16:39:19 - [MESSAGE][PASSED] - Delayed 2 second(s)

2020-08-04 16:39:19 - [TEST_STEP][PASSED] - takeScreenshot("C:\Users\LENOVO\Screenshot\DuitNowProxy\Screen14.png", CONTINUE_ON_FAILURE): Screenshot is taken

2020-08-04 16:39:20 - [MESSAGE][PASSED] - Screenshot is taken
[[ATTACHMENT|C:\\Users\\LENOVO\\Screenshot\\DuitNowProxy\\Screen14.png]]

2020-08-04 16:39:20 - [TEST_STEP][PASSED] - otpM = getText(findTestObject("Maya/RegisterDuitNow/android.widget.TextView0 - Your TAC no. is 582206"), 0): Text of element 'Object Repository/Maya/RegisterDuitNow/android.widget.TextView0 - Your TAC no. is 582206' is: 'Your TAC no. is 374211'

2020-08-04 16:39:20 - [MESSAGE][WARNING] - Timeout '0' is invalid. Using default page load timeout: '10'

2020-08-04 16:39:22 - [MESSAGE][PASSED] - Text of element 'Object Repository/Maya/RegisterDuitNow/android.widget.TextView0 - Your TAC no. is 582206' is: 'Your TAC no. is 374211'

2020-08-04 16:39:22 - [TEST_STEP][PASSED] - delay(2): Delayed 2 second(s)

2020-08-04 16:39:24 - [MESSAGE][PASSED] - Delayed 2 second(s)

2020-08-04 16:39:24 - [TEST_STEP][PASSED] - for ([i = 16, i <= 21, (i++)]): null

2020-08-04 16:39:24 - [TEST_STEP][PASSED] - delay(3, STOP_ON_FAILURE): Delayed 3 second(s)

2020-08-04 16:39:27 - [MESSAGE][PASSED] - Delayed 3 second(s)

2020-08-04 16:39:27 - [TEST_STEP][PASSED] - if (otpM[i] == "0"): null

2020-08-04 16:39:27 - [TEST_STEP][PASSED] - if (otpM[i] == "1"): null

2020-08-04 16:39:27 - [TEST_STEP][PASSED] - if (otpM[i] == "2"): null

2020-08-04 16:39:27 - [TEST_STEP][PASSED] - if (otpM[i] == "3"): Tapped on element 'Object Repository/Maya/login again/Spy- 3'

2020-08-04 16:39:27 - [TEST_STEP][PASSED] - delay(1, STOP_ON_FAILURE): Delayed 1 second(s)

2020-08-04 16:39:28 - [MESSAGE][PASSED] - Delayed 1 second(s)

2020-08-04 16:39:28 - [TEST_STEP][NOT_RUN] - tap(findTestObject("MAYA SIT v118/spy/TAC - keypad 3"), 0): NOT_RUN: tap(findTestObject("MAYA SIT v118/spy/TAC - keypad 3"), 0)

2020-08-04 16:39:28 - [MESSAGE][NOT_RUN] - NOT_RUN: tap(findTestObject("MAYA SIT v118/spy/TAC - keypad 3"), 0)

2020-08-04 16:39:28 - [TEST_STEP][PASSED] - tap(findTestObject("Maya/login again/Spy- 3"), 0): Tapped on element 'Object Repository/Maya/login again/Spy- 3'

2020-08-04 16:39:28 - [MESSAGE][WARNING] - Timeout '0' is invalid. Using default page load timeout: '10'

2020-08-04 16:39:29 - [MESSAGE][PASSED] - Tapped on element 'Object Repository/Maya/login again/Spy- 3'

2020-08-04 16:39:29 - [TEST_STEP][PASSED] - if (otpM[i] == "4"): null

2020-08-04 16:39:29 - [TEST_STEP][PASSED] - if (otpM[i] == "5"): null

2020-08-04 16:39:29 - [TEST_STEP][PASSED] - if (otpM[i] == "6"): null

2020-08-04 16:39:29 - [TEST_STEP][PASSED] - if (otpM[i] == "7"): null

2020-08-04 16:39:29 - [TEST_STEP][PASSED] - if (otpM[i] == "8"): null

2020-08-04 16:39:29 - [TEST_STEP][PASSED] - if (otpM[i] == "9"): null

2020-08-04 16:39:29 - [TEST_STEP][PASSED] - delay(3, STOP_ON_FAILURE): Delayed 3 second(s)

2020-08-04 16:39:32 - [MESSAGE][PASSED] - Delayed 3 second(s)

2020-08-04 16:39:32 - [TEST_STEP][PASSED] - if (otpM[i] == "0"): null

2020-08-04 16:39:32 - [TEST_STEP][PASSED] - if (otpM[i] == "1"): null

2020-08-04 16:39:32 - [TEST_STEP][PASSED] - if (otpM[i] == "2"): null

2020-08-04 16:39:32 - [TEST_STEP][PASSED] - if (otpM[i] == "3"): null

2020-08-04 16:39:32 - [TEST_STEP][PASSED] - if (otpM[i] == "4"): null

2020-08-04 16:39:32 - [TEST_STEP][PASSED] - if (otpM[i] == "5"): null

2020-08-04 16:39:32 - [TEST_STEP][PASSED] - if (otpM[i] == "6"): null

2020-08-04 16:39:32 - [TEST_STEP][PASSED] - if (otpM[i] == "7"): Tapped on element 'Object Repository/Maya/login again/Spy - 7'

2020-08-04 16:39:32 - [TEST_STEP][PASSED] - delay(1, STOP_ON_FAILURE): Delayed 1 second(s)

2020-08-04 16:39:33 - [MESSAGE][PASSED] - Delayed 1 second(s)

2020-08-04 16:39:33 - [TEST_STEP][PASSED] - tap(findTestObject("Maya/login again/Spy - 7"), 0): Tapped on element 'Object Repository/Maya/login again/Spy - 7'

2020-08-04 16:39:33 - [MESSAGE][WARNING] - Timeout '0' is invalid. Using default page load timeout: '10'

2020-08-04 16:39:34 - [MESSAGE][PASSED] - Tapped on element 'Object Repository/Maya/login again/Spy - 7'

2020-08-04 16:39:34 - [TEST_STEP][PASSED] - if (otpM[i] == "8"): null

2020-08-04 16:39:34 - [TEST_STEP][PASSED] - if (otpM[i] == "9"): null

2020-08-04 16:39:34 - [TEST_STEP][PASSED] - delay(3, STOP_ON_FAILURE): Delayed 3 second(s)

2020-08-04 16:39:37 - [MESSAGE][PASSED] - Delayed 3 second(s)

2020-08-04 16:39:37 - [TEST_STEP][PASSED] - if (otpM[i] == "0"): null

2020-08-04 16:39:37 - [TEST_STEP][PASSED] - if (otpM[i] == "1"): null

2020-08-04 16:39:37 - [TEST_STEP][PASSED] - if (otpM[i] == "2"): null

2020-08-04 16:39:37 - [TEST_STEP][PASSED] - if (otpM[i] == "3"): null

2020-08-04 16:39:37 - [TEST_STEP][PASSED] - if (otpM[i] == "4"): Tapped on element 'Object Repository/Maya/login again/Spy - 4'

2020-08-04 16:39:37 - [TEST_STEP][PASSED] - delay(1, STOP_ON_FAILURE): Delayed 1 second(s)

2020-08-04 16:39:38 - [MESSAGE][PASSED] - Delayed 1 second(s)

2020-08-04 16:39:38 - [TEST_STEP][PASSED] - tap(findTestObject("Maya/login again/Spy - 4"), 0): Tapped on element 'Object Repository/Maya/login again/Spy - 4'

2020-08-04 16:39:38 - [MESSAGE][WARNING] - Timeout '0' is invalid. Using default page load timeout: '10'

2020-08-04 16:39:40 - [MESSAGE][PASSED] - Tapped on element 'Object Repository/Maya/login again/Spy - 4'

2020-08-04 16:39:40 - [TEST_STEP][PASSED] - if (otpM[i] == "5"): null

2020-08-04 16:39:40 - [TEST_STEP][PASSED] - if (otpM[i] == "6"): null

2020-08-04 16:39:40 - [TEST_STEP][PASSED] - if (otpM[i] == "7"): null

2020-08-04 16:39:40 - [TEST_STEP][PASSED] - if (otpM[i] == "8"): null

2020-08-04 16:39:40 - [TEST_STEP][PASSED] - if (otpM[i] == "9"): null

2020-08-04 16:39:40 - [TEST_STEP][PASSED] - delay(3, STOP_ON_FAILURE): Delayed 3 second(s)

2020-08-04 16:39:43 - [MESSAGE][PASSED] - Delayed 3 second(s)

2020-08-04 16:39:43 - [TEST_STEP][PASSED] - if (otpM[i] == "0"): null

2020-08-04 16:39:43 - [TEST_STEP][PASSED] - if (otpM[i] == "1"): null

2020-08-04 16:39:43 - [TEST_STEP][PASSED] - if (otpM[i] == "2"): Tapped on element 'Object Repository/Maya/login again/Spy- 2'

2020-08-04 16:39:43 - [TEST_STEP][PASSED] - delay(1, STOP_ON_FAILURE): Delayed 1 second(s)

2020-08-04 16:39:44 - [MESSAGE][PASSED] - Delayed 1 second(s)

2020-08-04 16:39:44 - [TEST_STEP][PASSED] - tap(findTestObject("Maya/login again/Spy- 2"), 0): Tapped on element 'Object Repository/Maya/login again/Spy- 2'

2020-08-04 16:39:44 - [MESSAGE][WARNING] - Timeout '0' is invalid. Using default page load timeout: '10'

2020-08-04 16:39:45 - [MESSAGE][PASSED] - Tapped on element 'Object Repository/Maya/login again/Spy- 2'

2020-08-04 16:39:45 - [TEST_STEP][PASSED] - if (otpM[i] == "3"): null

2020-08-04 16:39:45 - [TEST_STEP][PASSED] - if (otpM[i] == "4"): null

2020-08-04 16:39:45 - [TEST_STEP][PASSED] - if (otpM[i] == "5"): null

2020-08-04 16:39:45 - [TEST_STEP][PASSED] - if (otpM[i] == "6"): null

2020-08-04 16:39:45 - [TEST_STEP][PASSED] - if (otpM[i] == "7"): null

2020-08-04 16:39:45 - [TEST_STEP][PASSED] - if (otpM[i] == "8"): null

2020-08-04 16:39:45 - [TEST_STEP][PASSED] - if (otpM[i] == "9"): null

2020-08-04 16:39:45 - [TEST_STEP][PASSED] - delay(3, STOP_ON_FAILURE): Delayed 3 second(s)

2020-08-04 16:39:48 - [MESSAGE][PASSED] - Delayed 3 second(s)

2020-08-04 16:39:48 - [TEST_STEP][PASSED] - if (otpM[i] == "0"): null

2020-08-04 16:39:48 - [TEST_STEP][PASSED] - if (otpM[i] == "1"): Tapped on element 'Object Repository/Maya/login again/Spy - 1'

2020-08-04 16:39:48 - [TEST_STEP][PASSED] - delay(1, STOP_ON_FAILURE): Delayed 1 second(s)

2020-08-04 16:39:49 - [MESSAGE][PASSED] - Delayed 1 second(s)

2020-08-04 16:39:49 - [TEST_STEP][PASSED] - tap(findTestObject("Maya/login again/Spy - 1"), 0): Tapped on element 'Object Repository/Maya/login again/Spy - 1'

2020-08-04 16:39:49 - [MESSAGE][WARNING] - Timeout '0' is invalid. Using default page load timeout: '10'

2020-08-04 16:39:52 - [MESSAGE][PASSED] - Tapped on element 'Object Repository/Maya/login again/Spy - 1'

2020-08-04 16:39:52 - [TEST_STEP][PASSED] - if (otpM[i] == "2"): null

2020-08-04 16:39:52 - [TEST_STEP][PASSED] - if (otpM[i] == "3"): null

2020-08-04 16:39:52 - [TEST_STEP][PASSED] - if (otpM[i] == "4"): null

2020-08-04 16:39:52 - [TEST_STEP][PASSED] - if (otpM[i] == "5"): null

2020-08-04 16:39:52 - [TEST_STEP][PASSED] - if (otpM[i] == "6"): null

2020-08-04 16:39:52 - [TEST_STEP][PASSED] - if (otpM[i] == "7"): null

2020-08-04 16:39:52 - [TEST_STEP][PASSED] - if (otpM[i] == "8"): null

2020-08-04 16:39:52 - [TEST_STEP][PASSED] - if (otpM[i] == "9"): null

2020-08-04 16:39:52 - [TEST_STEP][PASSED] - delay(3, STOP_ON_FAILURE): Delayed 3 second(s)

2020-08-04 16:39:55 - [MESSAGE][PASSED] - Delayed 3 second(s)

2020-08-04 16:39:55 - [TEST_STEP][PASSED] - if (otpM[i] == "0"): null

2020-08-04 16:39:55 - [TEST_STEP][PASSED] - if (otpM[i] == "1"): Tapped on element 'Object Repository/Maya/login again/Spy - 1'

2020-08-04 16:39:55 - [TEST_STEP][PASSED] - delay(1, STOP_ON_FAILURE): Delayed 1 second(s)

2020-08-04 16:39:56 - [MESSAGE][PASSED] - Delayed 1 second(s)

2020-08-04 16:39:56 - [TEST_STEP][PASSED] - tap(findTestObject("Maya/login again/Spy - 1"), 0): Tapped on element 'Object Repository/Maya/login again/Spy - 1'

2020-08-04 16:39:56 - [MESSAGE][WARNING] - Timeout '0' is invalid. Using default page load timeout: '10'

2020-08-04 16:39:57 - [MESSAGE][PASSED] - Tapped on element 'Object Repository/Maya/login again/Spy - 1'

2020-08-04 16:39:57 - [TEST_STEP][PASSED] - if (otpM[i] == "2"): null

2020-08-04 16:39:57 - [TEST_STEP][PASSED] - if (otpM[i] == "3"): null

2020-08-04 16:39:57 - [TEST_STEP][PASSED] - if (otpM[i] == "4"): null

2020-08-04 16:39:57 - [TEST_STEP][PASSED] - if (otpM[i] == "5"): null

2020-08-04 16:39:57 - [TEST_STEP][PASSED] - if (otpM[i] == "6"): null

2020-08-04 16:39:57 - [TEST_STEP][PASSED] - if (otpM[i] == "7"): null

2020-08-04 16:39:57 - [TEST_STEP][PASSED] - if (otpM[i] == "8"): null

2020-08-04 16:39:57 - [TEST_STEP][PASSED] - if (otpM[i] == "9"): null

2020-08-04 16:39:57 - [TEST_STEP][PASSED] - delay(8, STOP_ON_FAILURE): Delayed 8 second(s)

2020-08-04 16:40:05 - [MESSAGE][PASSED] - Delayed 8 second(s)

2020-08-04 16:40:05 - [TEST_STEP][PASSED] - tapAtPosition(826, 2048): Tapped at [826, 2,048]

2020-08-04 16:40:05 - [MESSAGE][PASSED] - Tapped at [826, 2,048]

2020-08-04 16:40:05 - [TEST_STEP][PASSED] - getText(findTestObject("Maya/RegisterDuitNow/android.widget.TextView0 - Transfer scheduled"), 0): Text of element 'Object Repository/Maya/RegisterDuitNow/android.widget.TextView0 - Transfer scheduled' is: 'Transfer scheduled'

2020-08-04 16:40:06 - [MESSAGE][WARNING] - Timeout '0' is invalid. Using default page load timeout: '10'

2020-08-04 16:40:10 - [MESSAGE][PASSED] - Text of element 'Object Repository/Maya/RegisterDuitNow/android.widget.TextView0 - Transfer scheduled' is: 'Transfer scheduled'

2020-08-04 16:40:10 - [TEST_STEP][PASSED] - delay(2, STOP_ON_FAILURE): Delayed 2 second(s)

2020-08-04 16:40:12 - [MESSAGE][PASSED] - Delayed 2 second(s)

2020-08-04 16:40:12 - [TEST_STEP][PASSED] - takeScreenshot("C:\Users\LENOVO\Screenshot\DuitNowProxy\Screen11.png", CONTINUE_ON_FAILURE): Screenshot is taken

2020-08-04 16:40:13 - [MESSAGE][PASSED] - Screenshot is taken
[[ATTACHMENT|C:\\Users\\LENOVO\\Screenshot\\DuitNowProxy\\Screen11.png]]

2020-08-04 16:40:13 - [TEST_STEP][PASSED] - verifyElementExist(findTestObject("Maya/RegisterDuitNow/android.widget.TextView0 - Transfer scheduled"), 0): Element 'Object Repository/Maya/RegisterDuitNow/android.widget.TextView0 - Transfer scheduled' is exist

2020-08-04 16:40:13 - [MESSAGE][WARNING] - Timeout '0' is invalid. Using default page load timeout: '10'

2020-08-04 16:40:13 - [MESSAGE][PASSED] - Element 'Object Repository/Maya/RegisterDuitNow/android.widget.TextView0 - Transfer scheduled' is exist

2020-08-04 16:40:13 - [TEST_STEP][PASSED] - getText(findTestObject("Maya/RegisterDuitNow/android.widget.TextView0 - Reference ID"), 0): Text of element 'Object Repository/Maya/RegisterDuitNow/android.widget.TextView0 - Reference ID' is: 'Reference ID'

2020-08-04 16:40:13 - [MESSAGE][WARNING] - Timeout '0' is invalid. Using default page load timeout: '10'

2020-08-04 16:40:14 - [MESSAGE][PASSED] - Text of element 'Object Repository/Maya/RegisterDuitNow/android.widget.TextView0 - Reference ID' is: 'Reference ID'

2020-08-04 16:40:14 - [TEST_STEP][PASSED] - verifyElementExist(findTestObject("Maya/RegisterDuitNow/android.widget.TextView0 - Reference ID"), 0): Element 'Object Repository/Maya/RegisterDuitNow/android.widget.TextView0 - Reference ID' is exist

2020-08-04 16:40:14 - [MESSAGE][WARNING] - Timeout '0' is invalid. Using default page load timeout: '10'

2020-08-04 16:40:14 - [MESSAGE][PASSED] - Element 'Object Repository/Maya/RegisterDuitNow/android.widget.TextView0 - Reference ID' is exist

2020-08-04 16:40:14 - [TEST_STEP][PASSED] - getText(findTestObject("Maya/RegisterDuitNow/android.widget.TextView0 - Date  time"), 0): Text of element 'Object Repository/Maya/RegisterDuitNow/android.widget.TextView0 - Date  time' is: 'Date & time'

2020-08-04 16:40:14 - [MESSAGE][WARNING] - Timeout '0' is invalid. Using default page load timeout: '10'

2020-08-04 16:40:14 - [MESSAGE][PASSED] - Text of element 'Object Repository/Maya/RegisterDuitNow/android.widget.TextView0 - Date  time' is: 'Date & time'

2020-08-04 16:40:14 - [TEST_STEP][NOT_RUN] - getText(findTestObject("Maya/RegisterDuitNow/android.widget.TextView0 - Reference ID"), 0): NOT_RUN: getText(findTestObject("Maya/RegisterDuitNow/android.widget.TextView0 - Reference ID"), 0)

2020-08-04 16:40:14 - [MESSAGE][NOT_RUN] - NOT_RUN: getText(findTestObject("Maya/RegisterDuitNow/android.widget.TextView0 - Reference ID"), 0)

2020-08-04 16:40:14 - [TEST_STEP][PASSED] - getText(findTestObject("Maya/RegisterDuitNow/android.widget.TextView0 - MC11111117180038208M"), 0): Text of element 'Object Repository/Maya/RegisterDuitNow/android.widget.TextView0 - MC11111117180038208M' is: '17180689252M'

2020-08-04 16:40:14 - [MESSAGE][WARNING] - Timeout '0' is invalid. Using default page load timeout: '10'

2020-08-04 16:40:15 - [MESSAGE][PASSED] - Text of element 'Object Repository/Maya/RegisterDuitNow/android.widget.TextView0 - MC11111117180038208M' is: '17180689252M'

2020-08-04 16:40:15 - [TEST_STEP][PASSED] - verifyElementExist(findTestObject("Maya/RegisterDuitNow/android.widget.TextView0 - MC11111117180038208M"), 0): Element 'Object Repository/Maya/RegisterDuitNow/android.widget.TextView0 - MC11111117180038208M' is exist

2020-08-04 16:40:15 - [MESSAGE][WARNING] - Timeout '0' is invalid. Using default page load timeout: '10'

2020-08-04 16:40:15 - [MESSAGE][PASSED] - Element 'Object Repository/Maya/RegisterDuitNow/android.widget.TextView0 - MC11111117180038208M' is exist

2020-08-04 16:40:15 - [TEST_STEP][PASSED] - delay(2, STOP_ON_FAILURE): Delayed 2 second(s)

2020-08-04 16:40:17 - [MESSAGE][PASSED] - Delayed 2 second(s)

2020-08-04 16:40:17 - [TEST_STEP][PASSED] - takeScreenshot("C:\Users\LENOVO\Screenshot\DuitNowProxy\Screen13.png", CONTINUE_ON_FAILURE): Screenshot is taken

2020-08-04 16:40:18 - [MESSAGE][PASSED] - Screenshot is taken
[[ATTACHMENT|C:\\Users\\LENOVO\\Screenshot\\DuitNowProxy\\Screen13.png]]

2020-08-04 16:40:18 - [TEST_STEP][PASSED] - getText(findTestObject("Maya/RegisterDuitNow/android.widget.TextView0 - 11 Jul 2020 0441 PM"), 0): Text of element 'Object Repository/Maya/RegisterDuitNow/android.widget.TextView0 - 11 Jul 2020 0441 PM' is: '04 Aug 2020, 4:40 PM'

2020-08-04 16:40:18 - [MESSAGE][WARNING] - Timeout '0' is invalid. Using default page load timeout: '10'

2020-08-04 16:40:19 - [MESSAGE][PASSED] - Text of element 'Object Repository/Maya/RegisterDuitNow/android.widget.TextView0 - 11 Jul 2020 0441 PM' is: '04 Aug 2020, 4:40 PM'

2020-08-04 16:40:19 - [TEST_STEP][PASSED] - verifyElementExist(findTestObject("Maya/RegisterDuitNow/android.widget.TextView0 - 11 Jul 2020 0441 PM"), 0): Element 'Object Repository/Maya/RegisterDuitNow/android.widget.TextView0 - 11 Jul 2020 0441 PM' is exist

2020-08-04 16:40:19 - [MESSAGE][WARNING] - Timeout '0' is invalid. Using default page load timeout: '10'

2020-08-04 16:40:19 - [MESSAGE][PASSED] - Element 'Object Repository/Maya/RegisterDuitNow/android.widget.TextView0 - 11 Jul 2020 0441 PM' is exist

2020-08-04 16:40:19 - [TEST_STEP][PASSED] - tap(findTestObject("Maya/RegisterDuitNow/android.widget.TextView0 - Share Receipt"), 0): Tapped on element 'Object Repository/Maya/RegisterDuitNow/android.widget.TextView0 - Share Receipt'

2020-08-04 16:40:19 - [MESSAGE][WARNING] - Timeout '0' is invalid. Using default page load timeout: '10'

2020-08-04 16:40:21 - [MESSAGE][PASSED] - Tapped on element 'Object Repository/Maya/RegisterDuitNow/android.widget.TextView0 - Share Receipt'

2020-08-04 16:40:21 - [TEST_STEP][PASSED] - tap(findTestObject("Maya/RegisterDuitNow/android.widget.ImageView0 (4)"), 0): Tapped on element 'Object Repository/Maya/RegisterDuitNow/android.widget.ImageView0 (4)'

2020-08-04 16:40:21 - [MESSAGE][WARNING] - Timeout '0' is invalid. Using default page load timeout: '10'

2020-08-04 16:40:22 - [MESSAGE][PASSED] - Tapped on element 'Object Repository/Maya/RegisterDuitNow/android.widget.ImageView0 (4)'

2020-08-04 16:40:22 - [TEST_STEP][PASSED] - tap(findTestObject("Maya/RegisterDuitNow/android.widget.TextView0 - Share Receipt"), 0): Tapped on element 'Object Repository/Maya/RegisterDuitNow/android.widget.TextView0 - Share Receipt'

2020-08-04 16:40:22 - [MESSAGE][WARNING] - Timeout '0' is invalid. Using default page load timeout: '10'

2020-08-04 16:40:24 - [MESSAGE][PASSED] - Tapped on element 'Object Repository/Maya/RegisterDuitNow/android.widget.TextView0 - Share Receipt'

2020-08-04 16:40:24 - [TEST_STEP][PASSED] - delay(2, STOP_ON_FAILURE): Delayed 2 second(s)

2020-08-04 16:40:26 - [MESSAGE][PASSED] - Delayed 2 second(s)

2020-08-04 16:40:26 - [TEST_STEP][PASSED] - takeScreenshot("C:\Users\LENOVO\Screenshot\DuitNowProxy\Screen12.png", CONTINUE_ON_FAILURE): Screenshot is taken

2020-08-04 16:40:27 - [MESSAGE][PASSED] - Screenshot is taken
[[ATTACHMENT|C:\\Users\\LENOVO\\Screenshot\\DuitNowProxy\\Screen12.png]]

2020-08-04 16:40:27 - [TEST_STEP][PASSED] - tap(findTestObject("Maya/RegisterDuitNow/android.widget.ImageView0 (4)"), 0): Tapped on element 'Object Repository/Maya/RegisterDuitNow/android.widget.ImageView0 (4)'

2020-08-04 16:40:27 - [MESSAGE][WARNING] - Timeout '0' is invalid. Using default page load timeout: '10'

2020-08-04 16:40:29 - [MESSAGE][PASSED] - Tapped on element 'Object Repository/Maya/RegisterDuitNow/android.widget.ImageView0 (4)'

2020-08-04 16:40:29 - [TEST_STEP][PASSED] - tap(findTestObject("Maya/RegisterDuitNow/android.widget.TextView0 - Add to Favourites"), 0): Tapped on element 'Object Repository/Maya/RegisterDuitNow/android.widget.TextView0 - Add to Favourites'

2020-08-04 16:40:29 - [MESSAGE][WARNING] - Timeout '0' is invalid. Using default page load timeout: '10'

2020-08-04 16:40:33 - [MESSAGE][PASSED] - Tapped on element 'Object Repository/Maya/RegisterDuitNow/android.widget.TextView0 - Add to Favourites'

2020-08-04 16:40:33 - [TEST_STEP][PASSED] - getText(findTestObject("Maya/RegisterDuitNow/android.widget.TextView0 - Registered name"), 0): Text of element 'Object Repository/Maya/RegisterDuitNow/android.widget.TextView0 - Registered name' is: 'Registered name'

2020-08-04 16:40:33 - [MESSAGE][WARNING] - Timeout '0' is invalid. Using default page load timeout: '10'

2020-08-04 16:40:33 - [MESSAGE][PASSED] - Text of element 'Object Repository/Maya/RegisterDuitNow/android.widget.TextView0 - Registered name' is: 'Registered name'

2020-08-04 16:40:33 - [TEST_STEP][PASSED] - verifyElementExist(findTestObject("Maya/RegisterDuitNow/android.widget.TextView0 - Registered name"), 0): Element 'Object Repository/Maya/RegisterDuitNow/android.widget.TextView0 - Registered name' is exist

2020-08-04 16:40:33 - [MESSAGE][WARNING] - Timeout '0' is invalid. Using default page load timeout: '10'

2020-08-04 16:40:34 - [MESSAGE][PASSED] - Element 'Object Repository/Maya/RegisterDuitNow/android.widget.TextView0 - Registered name' is exist

2020-08-04 16:40:34 - [TEST_STEP][PASSED] - getText(findTestObject("Maya/RegisterDuitNow/android.widget.TextView0 - Proxy type"), 0): Text of element 'Object Repository/Maya/RegisterDuitNow/android.widget.TextView0 - Proxy type' is: 'Proxy type'

2020-08-04 16:40:34 - [MESSAGE][WARNING] - Timeout '0' is invalid. Using default page load timeout: '10'

2020-08-04 16:40:34 - [MESSAGE][PASSED] - Text of element 'Object Repository/Maya/RegisterDuitNow/android.widget.TextView0 - Proxy type' is: 'Proxy type'

2020-08-04 16:40:34 - [TEST_STEP][PASSED] - verifyElementExist(findTestObject("Maya/RegisterDuitNow/android.widget.TextView0 - Proxy type"), 0): Element 'Object Repository/Maya/RegisterDuitNow/android.widget.TextView0 - Proxy type' is exist

2020-08-04 16:40:34 - [MESSAGE][WARNING] - Timeout '0' is invalid. Using default page load timeout: '10'

2020-08-04 16:40:35 - [MESSAGE][PASSED] - Element 'Object Repository/Maya/RegisterDuitNow/android.widget.TextView0 - Proxy type' is exist

2020-08-04 16:40:35 - [TEST_STEP][PASSED] - getText(findTestObject("Maya/RegisterDuitNow/android.widget.TextView0 - Proxy ID"), 0): Text of element 'Object Repository/Maya/RegisterDuitNow/android.widget.TextView0 - Proxy ID' is: 'Proxy ID'

2020-08-04 16:40:35 - [MESSAGE][WARNING] - Timeout '0' is invalid. Using default page load timeout: '10'

2020-08-04 16:40:35 - [MESSAGE][PASSED] - Text of element 'Object Repository/Maya/RegisterDuitNow/android.widget.TextView0 - Proxy ID' is: 'Proxy ID'

2020-08-04 16:40:35 - [TEST_STEP][PASSED] - delay(2, STOP_ON_FAILURE): Delayed 2 second(s)

2020-08-04 16:40:37 - [MESSAGE][PASSED] - Delayed 2 second(s)

2020-08-04 16:40:37 - [TEST_STEP][PASSED] - takeScreenshot("C:\Users\LENOVO\Screenshot\DuitNowProxy\Screen15.png", CONTINUE_ON_FAILURE): Screenshot is taken

2020-08-04 16:40:38 - [MESSAGE][PASSED] - Screenshot is taken
[[ATTACHMENT|C:\\Users\\LENOVO\\Screenshot\\DuitNowProxy\\Screen15.png]]

2020-08-04 16:40:38 - [TEST_STEP][PASSED] - verifyElementExist(findTestObject("Maya/RegisterDuitNow/android.widget.TextView0 - Proxy ID"), 0): Element 'Object Repository/Maya/RegisterDuitNow/android.widget.TextView0 - Proxy ID' is exist

2020-08-04 16:40:38 - [MESSAGE][WARNING] - Timeout '0' is invalid. Using default page load timeout: '10'

2020-08-04 16:40:38 - [MESSAGE][PASSED] - Element 'Object Repository/Maya/RegisterDuitNow/android.widget.TextView0 - Proxy ID' is exist

2020-08-04 16:40:38 - [TEST_STEP][PASSED] - tap(findTestObject("Maya/RegisterDuitNow/android.widget.TextView0 - Add to Favourites (1)"), 0): Tapped on element 'Object Repository/Maya/RegisterDuitNow/android.widget.TextView0 - Add to Favourites (1)'

2020-08-04 16:40:38 - [MESSAGE][WARNING] - Timeout '0' is invalid. Using default page load timeout: '10'

2020-08-04 16:40:39 - [MESSAGE][PASSED] - Tapped on element 'Object Repository/Maya/RegisterDuitNow/android.widget.TextView0 - Add to Favourites (1)'

2020-08-04 16:40:39 - [TEST_STEP][PASSED] - takeScreenshot("C:\Users\LENOVO\Screenshot\Third Party\Screenshot23", STOP_ON_FAILURE): Screenshot is taken

2020-08-04 16:40:40 - [MESSAGE][PASSED] - Screenshot is taken
[[ATTACHMENT|C:\\Users\\LENOVO\\Screenshot\\Third Party\\Screenshot23]]

2020-08-04 16:40:40 - [TEST_STEP][PASSED] - getText(findTestObject("Maya/New_Transfer/android.widget.TextView0 - SANDY LAM HUI MING Successfully added to Favourites"), 0): Text of element 'Object Repository/Maya/New_Transfer/android.widget.TextView0 - SANDY LAM HUI MING Successfully added to Favourites' is: 'Record already exists.'

2020-08-04 16:40:40 - [MESSAGE][WARNING] - Timeout '0' is invalid. Using default page load timeout: '10'

2020-08-04 16:40:41 - [MESSAGE][PASSED] - Text of element 'Object Repository/Maya/New_Transfer/android.widget.TextView0 - SANDY LAM HUI MING Successfully added to Favourites' is: 'Record already exists.'

2020-08-04 16:40:41 - [TEST_STEP][PASSED] - verifyElementExist(findTestObject("Maya/New_Transfer/android.widget.TextView0 - SANDY LAM HUI MING Successfully added to Favourites"), 0): Element 'Object Repository/Maya/New_Transfer/android.widget.TextView0 - SANDY LAM HUI MING Successfully added to Favourites' is exist

2020-08-04 16:40:41 - [MESSAGE][WARNING] - Timeout '0' is invalid. Using default page load timeout: '10'

2020-08-04 16:40:42 - [MESSAGE][PASSED] - Element 'Object Repository/Maya/New_Transfer/android.widget.TextView0 - SANDY LAM HUI MING Successfully added to Favourites' is exist

2020-08-04 16:40:42 - [TEST_STEP][PASSED] - takeScreenshot("C:\Users\LENOVO\Screenshot\DuitNowProxy\Screen16.png", CONTINUE_ON_FAILURE): Screenshot is taken

2020-08-04 16:40:43 - [MESSAGE][PASSED] - Screenshot is taken
[[ATTACHMENT|C:\\Users\\LENOVO\\Screenshot\\DuitNowProxy\\Screen16.png]]

2020-08-04 16:40:43 - [TEST_STEP][PASSED] - delay(5, CONTINUE_ON_FAILURE): Delayed 5 second(s)

2020-08-04 16:40:48 - [MESSAGE][PASSED] - Delayed 5 second(s)

2020-08-04 16:40:48 - [TEST_STEP][PASSED] - tap(findTestObject("Maya/RegisterDuitNow/android.widget.TextView0 - Done (3)"), 0): Tapped on element 'Object Repository/Maya/RegisterDuitNow/android.widget.TextView0 - Done (3)'

2020-08-04 16:40:48 - [MESSAGE][WARNING] - Timeout '0' is invalid. Using default page load timeout: '10'

2020-08-04 16:40:49 - [MESSAGE][PASSED] - Tapped on element 'Object Repository/Maya/RegisterDuitNow/android.widget.TextView0 - Done (3)'

2020-08-04 16:40:49 - [TEST_STEP][PASSED] - tap(findTestObject("Maya/RegisterDuitNow/android.widget.TextView0 - Transfer"), 0): Tapped on element 'Object Repository/Maya/RegisterDuitNow/android.widget.TextView0 - Transfer'

2020-08-04 16:40:49 - [MESSAGE][WARNING] - Timeout '0' is invalid. Using default page load timeout: '10'

2020-08-04 16:41:00 - [MESSAGE][PASSED] - Tapped on element 'Object Repository/Maya/RegisterDuitNow/android.widget.TextView0 - Transfer'

2020-08-04 16:41:00 - [TEST_STEP][PASSED] - delay(2, STOP_ON_FAILURE): Delayed 2 second(s)

2020-08-04 16:41:02 - [MESSAGE][PASSED] - Delayed 2 second(s)

2020-08-04 16:41:02 - [TEST_STEP][PASSED] - takeScreenshot("C:\Users\LENOVO\Screenshot\DuitNowProxy\Screen16.png", CONTINUE_ON_FAILURE): Screenshot is taken

2020-08-04 16:41:03 - [MESSAGE][PASSED] - Screenshot is taken
[[ATTACHMENT|C:\\Users\\LENOVO\\Screenshot\\DuitNowProxy\\Screen16.png]]

2020-08-04 16:41:03 - [TEST_STEP][PASSED] - delay(5, STOP_ON_FAILURE): Delayed 5 second(s)

2020-08-04 16:41:08 - [MESSAGE][PASSED] - Delayed 5 second(s)

2020-08-04 16:41:08 - [TEST_STEP][PASSED] - tapAndHoldAtPosition(627, 376, 2): Tapped and held at [627, 376] with duration 2

2020-08-04 16:41:12 - [MESSAGE][PASSED] - Tapped and held at [627, 376] with duration 2

2020-08-04 16:41:12 - [TEST_STEP][PASSED] - delay(2, STOP_ON_FAILURE): Delayed 2 second(s)

2020-08-04 16:41:14 - [MESSAGE][PASSED] - Delayed 2 second(s)

2020-08-04 16:41:14 - [TEST_STEP][PASSED] - takeScreenshot("C:\Users\LENOVO\Screenshot\DuitNowProxy\Screen17.png", CONTINUE_ON_FAILURE): Screenshot is taken

2020-08-04 16:41:15 - [MESSAGE][PASSED] - Screenshot is taken
[[ATTACHMENT|C:\\Users\\LENOVO\\Screenshot\\DuitNowProxy\\Screen17.png]]

2020-08-04 16:41:15 - [TEST_STEP][PASSED] - delay(2, STOP_ON_FAILURE): Delayed 2 second(s)

2020-08-04 16:41:17 - [MESSAGE][PASSED] - Delayed 2 second(s)

2020-08-04 16:41:17 - [TEST_STEP][PASSED] - delay(5, STOP_ON_FAILURE): Delayed 5 second(s)

2020-08-04 16:41:22 - [MESSAGE][PASSED] - Delayed 5 second(s)

2020-08-04 16:41:22 - [TEST_STEP][PASSED] - swipe(831, 1382, 800, 100): Swiped from 831,1,382 to 800,100

2020-08-04 16:41:23 - [MESSAGE][PASSED] - Swiped from 831,1,382 to 800,100

2020-08-04 16:41:23 - [TEST_STEP][PASSED] - delay(5, STOP_ON_FAILURE): Delayed 5 second(s)

2020-08-04 16:41:28 - [MESSAGE][PASSED] - Delayed 5 second(s)

2020-08-04 16:41:28 - [TEST_STEP][PASSED] - delay(2, STOP_ON_FAILURE): Delayed 2 second(s)

2020-08-04 16:41:30 - [MESSAGE][PASSED] - Delayed 2 second(s)

2020-08-04 16:41:30 - [TEST_STEP][PASSED] - takeScreenshot("C:\Users\LENOVO\Screenshot\DuitNowProxy\Screen19.png", CONTINUE_ON_FAILURE): Screenshot is taken

2020-08-04 16:41:31 - [MESSAGE][PASSED] - Screenshot is taken
[[ATTACHMENT|C:\\Users\\LENOVO\\Screenshot\\DuitNowProxy\\Screen19.png]]]]></system-out>
         <system-err><![CDATA[]]></system-err>
      </testcase>
      <system-out><![CDATA[2020-08-04 16:35:18 - [TEST_SUITE][PASSED] - UAT Test Suite: Test Cases/JINU/DuitNowUpdate/business]]></system-out>
      <system-err><![CDATA[]]></system-err>
   </testsuite>
</testsuites>
