<?xml version="1.0" encoding="UTF-8"?>
<testsuites name="UAT Test Suite" time="522.691" tests="1" failures="1" errors="0">
   <testsuite name="UAT Test Suite" tests="1" failures="1" errors="0" time="522.691" timestamp="2020-08-17 17:31:44" hostname="LENOVO - DESKTOP-CP3TV4N" id="Test Suites/Maya UAT/UAT Test Suite">
      <properties>
         <property name="deviceName" value="Xiaomi Redmi Note 7S (Android 9)"/>
         <property name="devicePlatform" value=""/>
         <property name="logFolder" value="C:\\Users\\LENOVO\\Git_new\\Maya\\Reports\\20200817_173141\\Maya UAT\\UAT Test Suite\\20200817_173141"/>
         <property name="logFiles" value="C:\\Users\\LENOVO\\Git_new\\Maya\\Reports\\20200817_173141\\Maya UAT\\UAT Test Suite\\20200817_173141\\appium.log, C:\\Users\\LENOVO\\Git_new\\Maya\\Reports\\20200817_173141\\Maya UAT\\UAT Test Suite\\20200817_173141\\execution0.log"/>
         <property name="attachments" value="C:\\Users\\LENOVO\\Screenshot\\DuitNowProxy\\Screen3.png, C:\\Users\\LENOVO\\Screenshot\\DuitNowProxy\\Screen1.png, C:\\Users\\LENOVO\\Git_new\\Maya\\Reports\\20200817_173141\\Maya UAT\\UAT Test Suite\\20200817_173141\\1597656806406.png, C:\\Users\\LENOVO\\Git_new\\Maya\\Reports\\20200817_173141\\Maya UAT\\UAT Test Suite\\20200817_173141\\1597656833001.png, C:\\Users\\LENOVO\\Git_new\\Maya\\Reports\\20200817_173141\\Maya UAT\\UAT Test Suite\\20200817_173141\\1597656907524.png, C:\\Users\\LENOVO\\Screenshot\\DuitNowProxy\\Screen13.png, C:\\Users\\LENOVO\\Git_new\\Maya\\Reports\\20200817_173141\\Maya UAT\\UAT Test Suite\\20200817_173141\\1597656999270.png, C:\\Users\\LENOVO\\Screenshot\\DuitNowProxy\\Screen14.png, C:\\Users\\LENOVO\\Screenshot\\DuitNowProxy\\Screen6.png, C:\\Users\\LENOVO\\Git_new\\Maya\\Reports\\20200817_173141\\Maya UAT\\UAT Test Suite\\20200817_173141\\1597657080983.png, C:\\Users\\LENOVO\\Git_new\\Maya\\Reports\\20200817_173141\\Maya UAT\\UAT Test Suite\\20200817_173141\\1597657156128.png, C:\\Users\\LENOVO\\Screenshot\\DuitNowProxy\\Screen10.png"/>
         <property name="hostName" value="LENOVO - DESKTOP-CP3TV4N"/>
         <property name="os" value="Windows 10 64bit"/>
         <property name="appiumServerStatus" value="{\&quot;value\&quot;:{\&quot;build\&quot;:{\&quot;version\&quot;:\&quot;1.15.1\&quot;}},\&quot;sessionId\&quot;:null,\&quot;status\&quot;:0}"/>
         <property name="katalonVersion" value="7.2.7.1"/>
         <property name="deviceOS" value="Android"/>
         <property name="appiumVersion" value="1.15.1"/>
         <property name="deviceModel" value="Redmi Note 7S"/>
         <property name="hostAddress" value="192.168.0.102"/>
         <property name="deviceManufacturer" value="Xiaomi"/>
         <property name="deviceId" value="11cb9864"/>
         <property name="deviceName" value="Xiaomi Redmi Note 7S (Android 9)"/>
         <property name="deviceOSVersion" value="9"/>
      </properties>
      <testcase name="Test Cases/JINU/DuiTNow Drop 2/DuiTNow Army Proxy" time="520.987" classname="Test Cases/JINU/DuiTNow Drop 2/DuiTNow Army Proxy" status="FAILED">
         <failure type="FAILED" message="Test Cases/JINU/DuiTNow Drop 2/DuiTNow Army Proxy FAILED.
Reason:
com.kms.katalon.core.exception.StepFailedException: Object Object Repository/Maya/Nric Proxy Army/android.widget.TextView0 - NRIC Number not found
	at com.kms.katalon.core.keyword.internal.KeywordMain.stepFailed(KeywordMain.groovy:39)
	at com.kms.katalon.core.mobile.keyword.internal.MobileKeywordMain.stepFailed(MobileKeywordMain.groovy:40)
	at com.kms.katalon.core.mobile.keyword.builtin.GetTextKeyword$_getText_closure1.doCall(GetTextKeyword.groovy:74)
	at com.kms.katalon.core.mobile.keyword.builtin.GetTextKeyword$_getText_closure1.call(GetTextKeyword.groovy)
	at com.kms.katalon.core.mobile.keyword.internal.MobileKeywordMain.runKeyword(MobileKeywordMain.groovy:21)
	at com.kms.katalon.core.mobile.keyword.builtin.GetTextKeyword.getText(GetTextKeyword.groovy:80)
	at com.kms.katalon.core.mobile.keyword.builtin.GetTextKeyword.execute(GetTextKeyword.groovy:64)
	at com.kms.katalon.core.keyword.internal.KeywordExecutor.executeKeywordForPlatform(KeywordExecutor.groovy:72)
	at com.kms.katalon.core.mobile.keyword.MobileBuiltInKeywords.getText(MobileBuiltInKeywords.groovy:459)
	at com.kms.katalon.core.mobile.keyword.MobileBuiltInKeywords$getText$4.call(Unknown Source)
	at DuiTNow Army Proxy.run(DuiTNow Army Proxy:225)
	at com.kms.katalon.core.main.ScriptEngine.run(ScriptEngine.java:194)
	at com.kms.katalon.core.main.ScriptEngine.runScriptAsRawText(ScriptEngine.java:119)
	at com.kms.katalon.core.main.TestCaseExecutor.runScript(TestCaseExecutor.java:337)
	at com.kms.katalon.core.main.TestCaseExecutor.doExecute(TestCaseExecutor.java:328)
	at com.kms.katalon.core.main.TestCaseExecutor.processExecutionPhase(TestCaseExecutor.java:307)
	at com.kms.katalon.core.main.TestCaseExecutor.accessMainPhase(TestCaseExecutor.java:299)
	at com.kms.katalon.core.main.TestCaseExecutor.execute(TestCaseExecutor.java:233)
	at com.kms.katalon.core.main.TestSuiteExecutor.accessTestCaseMainPhase(TestSuiteExecutor.java:169)
	at com.kms.katalon.core.main.TestSuiteExecutor.accessTestSuiteMainPhase(TestSuiteExecutor.java:142)
	at com.kms.katalon.core.main.TestSuiteExecutor.execute(TestSuiteExecutor.java:91)
	at com.kms.katalon.core.main.TestCaseMain.startTestSuite(TestCaseMain.java:157)
	at com.kms.katalon.core.main.TestCaseMain$startTestSuite$0.call(Unknown Source)
	at TempTestSuite1597656701132.run(TempTestSuite1597656701132.groovy:36)
"/>
         <system-out><![CDATA[2020-08-17 17:31:44 - [TEST_CASE][FAILED] - Test Cases/JINU/DuiTNow Drop 2/DuiTNow Army Proxy: Test Cases/JINU/DuiTNow Drop 2/DuiTNow Army Proxy FAILED.
Reason:
com.kms.katalon.core.exception.StepFailedException: Object Object Repository/Maya/Nric Proxy Army/android.widget.TextView0 - NRIC Number not found
	at com.kms.katalon.core.keyword.internal.KeywordMain.stepFailed(KeywordMain.groovy:39)
	at com.kms.katalon.core.mobile.keyword.internal.MobileKeywordMain.stepFailed(MobileKeywordMain.groovy:40)
	at com.kms.katalon.core.mobile.keyword.builtin.GetTextKeyword$_getText_closure1.doCall(GetTextKeyword.groovy:74)
	at com.kms.katalon.core.mobile.keyword.builtin.GetTextKeyword$_getText_closure1.call(GetTextKeyword.groovy)
	at com.kms.katalon.core.mobile.keyword.internal.MobileKeywordMain.runKeyword(MobileKeywordMain.groovy:21)
	at com.kms.katalon.core.mobile.keyword.builtin.GetTextKeyword.getText(GetTextKeyword.groovy:80)
	at com.kms.katalon.core.mobile.keyword.builtin.GetTextKeyword.execute(GetTextKeyword.groovy:64)
	at com.kms.katalon.core.keyword.internal.KeywordExecutor.executeKeywordForPlatform(KeywordExecutor.groovy:72)
	at com.kms.katalon.core.mobile.keyword.MobileBuiltInKeywords.getText(MobileBuiltInKeywords.groovy:459)
	at com.kms.katalon.core.mobile.keyword.MobileBuiltInKeywords$getText$4.call(Unknown Source)
	at DuiTNow Army Proxy.run(DuiTNow Army Proxy:225)
	at com.kms.katalon.core.main.ScriptEngine.run(ScriptEngine.java:194)
	at com.kms.katalon.core.main.ScriptEngine.runScriptAsRawText(ScriptEngine.java:119)
	at com.kms.katalon.core.main.TestCaseExecutor.runScript(TestCaseExecutor.java:337)
	at com.kms.katalon.core.main.TestCaseExecutor.doExecute(TestCaseExecutor.java:328)
	at com.kms.katalon.core.main.TestCaseExecutor.processExecutionPhase(TestCaseExecutor.java:307)
	at com.kms.katalon.core.main.TestCaseExecutor.accessMainPhase(TestCaseExecutor.java:299)
	at com.kms.katalon.core.main.TestCaseExecutor.execute(TestCaseExecutor.java:233)
	at com.kms.katalon.core.main.TestSuiteExecutor.accessTestCaseMainPhase(TestSuiteExecutor.java:169)
	at com.kms.katalon.core.main.TestSuiteExecutor.accessTestSuiteMainPhase(TestSuiteExecutor.java:142)
	at com.kms.katalon.core.main.TestSuiteExecutor.execute(TestSuiteExecutor.java:91)
	at com.kms.katalon.core.main.TestCaseMain.startTestSuite(TestCaseMain.java:157)
	at com.kms.katalon.core.main.TestCaseMain$startTestSuite$0.call(Unknown Source)
	at TempTestSuite1597656701132.run(TempTestSuite1597656701132.groovy:36)


2020-08-17 17:31:45 - [TEST_STEP][PASSED] - startApplication("C:\Users\LENOVO\Katalon Studio\app-uat-universal-release.apk", false): Started app at: 'C:\Users\LENOVO\Katalon Studio\app-uat-universal-release.apk'

2020-08-17 17:31:45 - [MESSAGE][INFO] - User set preference: ['appWaitActivity', '*']

2020-08-17 17:31:45 - [MESSAGE][INFO] - User set preference: ['appWaitPackage', 'com.maybank2u.life.uat']

2020-08-17 17:31:45 - [MESSAGE][INFO] - User set preference: ['appWaitDuration', '50,000']

2020-08-17 17:31:45 - [MESSAGE][INFO] - User set preference: ['deviceId', '11cb9864']

2020-08-17 17:31:48 - [MESSAGE][INFO] - Appium server started on port 63,144

2020-08-17 17:32:10 - [MESSAGE][PASSED] - Started app at: 'C:\Users\LENOVO\Katalon Studio\app-uat-universal-release.apk'

2020-08-17 17:32:10 - [TEST_STEP][PASSED] - delay(5, STOP_ON_FAILURE): Delayed 5 second(s)

2020-08-17 17:32:15 - [MESSAGE][PASSED] - Delayed 5 second(s)

2020-08-17 17:32:15 - [TEST_STEP][PASSED] - delay(10, STOP_ON_FAILURE): Delayed 10 second(s)

2020-08-17 17:32:25 - [MESSAGE][PASSED] - Delayed 10 second(s)

2020-08-17 17:32:25 - [TEST_STEP][PASSED] - takeScreenshot("C:\Users\LENOVO\Screenshot\DuitNowProxy\Screen3.png", CONTINUE_ON_FAILURE): Screenshot is taken

2020-08-17 17:32:27 - [MESSAGE][PASSED] - Screenshot is taken
[[ATTACHMENT|C:\\Users\\LENOVO\\Screenshot\\DuitNowProxy\\Screen3.png]]

2020-08-17 17:32:27 - [TEST_STEP][PASSED] - verifyElementText(findTestObject("Maya/Third Party Fav/android.widget.TextView0 - Test"), "Test", CONTINUE_ON_FAILURE): Actual text and expected text of test object 'Object Repository/Maya/Third Party Fav/android.widget.TextView0 - Test' are matched.

2020-08-17 17:32:28 - [MESSAGE][PASSED] - Actual text and expected text of test object 'Object Repository/Maya/Third Party Fav/android.widget.TextView0 - Test' are matched.

2020-08-17 17:32:28 - [TEST_STEP][PASSED] - tap(findTestObject("Maya/Nric Proxy Army/android.widget.TextView0 - More"), 0): Tapped on element 'Object Repository/Maya/Nric Proxy Army/android.widget.TextView0 - More'

2020-08-17 17:32:29 - [MESSAGE][WARNING] - Timeout '0' is invalid. Using default page load timeout: '10'

2020-08-17 17:32:41 - [MESSAGE][PASSED] - Tapped on element 'Object Repository/Maya/Nric Proxy Army/android.widget.TextView0 - More'

2020-08-17 17:32:41 - [TEST_STEP][PASSED] - tap(findTestObject("Maya/Nric Proxy Army/android.widget.TextView0 - Settings"), 0): Tapped on element 'Object Repository/Maya/Nric Proxy Army/android.widget.TextView0 - Settings'

2020-08-17 17:32:42 - [MESSAGE][WARNING] - Timeout '0' is invalid. Using default page load timeout: '10'

2020-08-17 17:32:44 - [MESSAGE][PASSED] - Tapped on element 'Object Repository/Maya/Nric Proxy Army/android.widget.TextView0 - Settings'

2020-08-17 17:32:44 - [TEST_STEP][PASSED] - tap(findTestObject("Maya/Nric Proxy Army/android.widget.TextView0 - Maybank2u"), 0): Tapped on element 'Object Repository/Maya/Nric Proxy Army/android.widget.TextView0 - Maybank2u'

2020-08-17 17:32:44 - [MESSAGE][WARNING] - Timeout '0' is invalid. Using default page load timeout: '10'

2020-08-17 17:32:47 - [MESSAGE][PASSED] - Tapped on element 'Object Repository/Maya/Nric Proxy Army/android.widget.TextView0 - Maybank2u'

2020-08-17 17:32:47 - [TEST_STEP][PASSED] - delay(3, STOP_ON_FAILURE): Delayed 3 second(s)

2020-08-17 17:32:50 - [MESSAGE][PASSED] - Delayed 3 second(s)

2020-08-17 17:32:50 - [TEST_STEP][PASSED] - setText(findTestObject("Maya/login again/android.widget.EditText0 (1)"), "rpp12345", 0): Text 'rpp12345' has been set to element 'Object Repository/Maya/login again/android.widget.EditText0 (1)'

2020-08-17 17:32:50 - [MESSAGE][WARNING] - Timeout '0' is invalid. Using default page load timeout: '10'

2020-08-17 17:32:51 - [MESSAGE][PASSED] - Text 'rpp12345' has been set to element 'Object Repository/Maya/login again/android.widget.EditText0 (1)'

2020-08-17 17:32:51 - [TEST_STEP][PASSED] - driver = getDriver(): null

2020-08-17 17:32:51 - [TEST_STEP][PASSED] - driver.pressKeyCode(ENTER): null

2020-08-17 17:32:52 - [TEST_STEP][PASSED] - takeScreenshot("C:\Users\LENOVO\Screenshot\DuitNowProxy\Screen1.png", CONTINUE_ON_FAILURE): Screenshot is taken

2020-08-17 17:32:53 - [MESSAGE][PASSED] - Screenshot is taken
[[ATTACHMENT|C:\\Users\\LENOVO\\Screenshot\\DuitNowProxy\\Screen1.png]]

2020-08-17 17:32:53 - [TEST_STEP][PASSED] - tap(findTestObject("Maya/Nric Proxy Army/android.widget.TextView0 - More (1)"), 0): Tapped on element 'Object Repository/Maya/Nric Proxy Army/android.widget.TextView0 - More (1)'

2020-08-17 17:32:53 - [MESSAGE][WARNING] - Timeout '0' is invalid. Using default page load timeout: '10'

2020-08-17 17:33:05 - [MESSAGE][PASSED] - Tapped on element 'Object Repository/Maya/Nric Proxy Army/android.widget.TextView0 - More (1)'

2020-08-17 17:33:05 - [TEST_STEP][PASSED] - tap(findTestObject("Maya/Nric Proxy Army/android.widget.TextView0 - Settings (1)"), 0): Tapped on element 'Object Repository/Maya/Nric Proxy Army/android.widget.TextView0 - Settings (1)'

2020-08-17 17:33:05 - [MESSAGE][WARNING] - Timeout '0' is invalid. Using default page load timeout: '10'

2020-08-17 17:33:07 - [MESSAGE][PASSED] - Tapped on element 'Object Repository/Maya/Nric Proxy Army/android.widget.TextView0 - Settings (1)'

2020-08-17 17:33:07 - [TEST_STEP][PASSED] - tap(findTestObject("Maya/Nric Proxy Army/android.widget.TextView0 - Maybank2u (1)"), 0): Tapped on element 'Object Repository/Maya/Nric Proxy Army/android.widget.TextView0 - Maybank2u (1)'

2020-08-17 17:33:07 - [MESSAGE][WARNING] - Timeout '0' is invalid. Using default page load timeout: '10'

2020-08-17 17:33:09 - [MESSAGE][PASSED] - Tapped on element 'Object Repository/Maya/Nric Proxy Army/android.widget.TextView0 - Maybank2u (1)'

2020-08-17 17:33:09 - [TEST_STEP][PASSED] - tap(findTestObject("Maya/Nric Proxy Army/android.widget.TextView0 - DuitNow (1)"), 0): Tapped on element 'Object Repository/Maya/Nric Proxy Army/android.widget.TextView0 - DuitNow (1)'

2020-08-17 17:33:09 - [MESSAGE][WARNING] - Timeout '0' is invalid. Using default page load timeout: '10'

2020-08-17 17:33:11 - [MESSAGE][PASSED] - Tapped on element 'Object Repository/Maya/Nric Proxy Army/android.widget.TextView0 - DuitNow (1)'

2020-08-17 17:33:11 - [TEST_STEP][PASSED] - getText(findTestObject("Maya/Nric Proxy Army/android.widget.TextView0 - DuitNow (2)"), 0): Text of element 'Object Repository/Maya/Nric Proxy Army/android.widget.TextView0 - DuitNow (2)' is: 'DuitNow'

2020-08-17 17:33:11 - [MESSAGE][WARNING] - Timeout '0' is invalid. Using default page load timeout: '10'

2020-08-17 17:33:11 - [MESSAGE][PASSED] - Text of element 'Object Repository/Maya/Nric Proxy Army/android.widget.TextView0 - DuitNow (2)' is: 'DuitNow'

2020-08-17 17:33:11 - [TEST_STEP][PASSED] - getText(findTestObject("Maya/Nric Proxy Army/android.widget.TextView0 - Link your Maybank account to an ID for DuitNow"), 0): Text of element 'Object Repository/Maya/Nric Proxy Army/android.widget.TextView0 - Link your Maybank account to an ID for DuitNow' is: 'Link your Maybank account to an ID for DuitNow'

2020-08-17 17:33:12 - [MESSAGE][WARNING] - Timeout '0' is invalid. Using default page load timeout: '10'

2020-08-17 17:33:12 - [MESSAGE][PASSED] - Text of element 'Object Repository/Maya/Nric Proxy Army/android.widget.TextView0 - Link your Maybank account to an ID for DuitNow' is: 'Link your Maybank account to an ID for DuitNow'

2020-08-17 17:33:12 - [TEST_STEP][PASSED] - getText(findTestObject("Maya/Nric Proxy Army/android.widget.TextView0 - ID Number"), 0): Text of element 'Object Repository/Maya/Nric Proxy Army/android.widget.TextView0 - ID Number' is: 'ID Number'

2020-08-17 17:33:12 - [MESSAGE][WARNING] - Timeout '0' is invalid. Using default page load timeout: '10'

2020-08-17 17:33:13 - [MESSAGE][PASSED] - Text of element 'Object Repository/Maya/Nric Proxy Army/android.widget.TextView0 - ID Number' is: 'ID Number'

2020-08-17 17:33:13 - [TEST_STEP][PASSED] - getText(findTestObject("Maya/Nric Proxy Army/android.widget.TextView0 - 4178 (1)"), 0): Text of element 'Object Repository/Maya/Nric Proxy Army/android.widget.TextView0 - 4178 (1)' is: '**4178'

2020-08-17 17:33:13 - [MESSAGE][WARNING] - Timeout '0' is invalid. Using default page load timeout: '10'

2020-08-17 17:33:13 - [MESSAGE][PASSED] - Text of element 'Object Repository/Maya/Nric Proxy Army/android.widget.TextView0 - 4178 (1)' is: '**4178'

2020-08-17 17:33:13 - [TEST_STEP][PASSED] - getText(findTestObject("Maya/Nric Proxy Army/android.widget.TextView0 - Maybank"), 0): Text of element 'Object Repository/Maya/Nric Proxy Army/android.widget.TextView0 - Maybank' is: 'Maybank'

2020-08-17 17:33:13 - [MESSAGE][WARNING] - Timeout '0' is invalid. Using default page load timeout: '10'

2020-08-17 17:33:13 - [MESSAGE][PASSED] - Text of element 'Object Repository/Maya/Nric Proxy Army/android.widget.TextView0 - Maybank' is: 'Maybank'

2020-08-17 17:33:13 - [TEST_STEP][PASSED] - tap(findTestObject("Maya/Nric Proxy Army/android.widget.TextView0 - ID Number"), 0): Tapped on element 'Object Repository/Maya/Nric Proxy Army/android.widget.TextView0 - ID Number'

2020-08-17 17:33:14 - [MESSAGE][WARNING] - Timeout '0' is invalid. Using default page load timeout: '10'

2020-08-17 17:33:15 - [MESSAGE][PASSED] - Tapped on element 'Object Repository/Maya/Nric Proxy Army/android.widget.TextView0 - ID Number'

2020-08-17 17:33:15 - [TEST_STEP][PASSED] - getText(findTestObject("Maya/Nric Proxy Army/android.widget.TextView0 - 4178 (2)"), 0): Text of element 'Object Repository/Maya/Nric Proxy Army/android.widget.TextView0 - 4178 (2)' is: '**4178'

2020-08-17 17:33:15 - [MESSAGE][WARNING] - Timeout '0' is invalid. Using default page load timeout: '10'

2020-08-17 17:33:16 - [MESSAGE][PASSED] - Text of element 'Object Repository/Maya/Nric Proxy Army/android.widget.TextView0 - 4178 (2)' is: '**4178'

2020-08-17 17:33:16 - [TEST_STEP][FAILED] - getText(findTestObject("Maya/Nric Proxy Army/android.widget.TextView0 - NRIC Number"), 0): Object Object Repository/Maya/Nric Proxy Army/android.widget.TextView0 - NRIC Number not found

2020-08-17 17:33:16 - [MESSAGE][WARNING] - Timeout '0' is invalid. Using default page load timeout: '10'

2020-08-17 17:33:27 - [MESSAGE][FAILED] - Object Object Repository/Maya/Nric Proxy Army/android.widget.TextView0 - NRIC Number not found
[[ATTACHMENT|C:\\Users\\LENOVO\\Git_new\\Maya\\Reports\\20200817_173141\\Maya UAT\\UAT Test Suite\\20200817_173141\\1597656806406.png]]

2020-08-17 17:33:27 - [TEST_STEP][PASSED] - getText(findTestObject("Maya/Nric Proxy Army/android.widget.TextView0 - Status"), 0): Text of element 'Object Repository/Maya/Nric Proxy Army/android.widget.TextView0 - Status' is: 'Status'

2020-08-17 17:33:27 - [MESSAGE][WARNING] - Timeout '0' is invalid. Using default page load timeout: '10'

2020-08-17 17:33:28 - [MESSAGE][PASSED] - Text of element 'Object Repository/Maya/Nric Proxy Army/android.widget.TextView0 - Status' is: 'Status'

2020-08-17 17:33:28 - [TEST_STEP][PASSED] - getText(findTestObject("Maya/Nric Proxy Army/android.widget.TextView0 - ACTIVE (1)"), 0): Text of element 'Object Repository/Maya/Nric Proxy Army/android.widget.TextView0 - ACTIVE (1)' is: 'ACTIVE'

2020-08-17 17:33:28 - [MESSAGE][WARNING] - Timeout '0' is invalid. Using default page load timeout: '10'

2020-08-17 17:33:28 - [MESSAGE][PASSED] - Text of element 'Object Repository/Maya/Nric Proxy Army/android.widget.TextView0 - ACTIVE (1)' is: 'ACTIVE'

2020-08-17 17:33:28 - [TEST_STEP][PASSED] - getText(findTestObject("Maya/Nric Proxy Army/android.widget.TextView0 - Receiving bank"), 0): Text of element 'Object Repository/Maya/Nric Proxy Army/android.widget.TextView0 - Receiving bank' is: 'Receiving bank'

2020-08-17 17:33:29 - [MESSAGE][WARNING] - Timeout '0' is invalid. Using default page load timeout: '10'

2020-08-17 17:33:29 - [MESSAGE][PASSED] - Text of element 'Object Repository/Maya/Nric Proxy Army/android.widget.TextView0 - Receiving bank' is: 'Receiving bank'

2020-08-17 17:33:29 - [TEST_STEP][PASSED] - getText(findTestObject("Maya/Nric Proxy Army/android.widget.TextView0 - Receiving Account"), 0): Text of element 'Object Repository/Maya/Nric Proxy Army/android.widget.TextView0 - Receiving Account' is: 'Receiving Account'

2020-08-17 17:33:29 - [MESSAGE][WARNING] - Timeout '0' is invalid. Using default page load timeout: '10'

2020-08-17 17:33:29 - [MESSAGE][PASSED] - Text of element 'Object Repository/Maya/Nric Proxy Army/android.widget.TextView0 - Receiving Account' is: 'Receiving Account'

2020-08-17 17:33:29 - [TEST_STEP][PASSED] - tap(findTestObject("Maya/Nric Proxy Army/android.widget.TextView0 - Switch account (1)"), 0): Tapped on element 'Object Repository/Maya/Nric Proxy Army/android.widget.TextView0 - Switch account (1)'

2020-08-17 17:33:29 - [MESSAGE][WARNING] - Timeout '0' is invalid. Using default page load timeout: '10'

2020-08-17 17:33:31 - [MESSAGE][PASSED] - Tapped on element 'Object Repository/Maya/Nric Proxy Army/android.widget.TextView0 - Switch account (1)'

2020-08-17 17:33:31 - [TEST_STEP][PASSED] - delay(2, STOP_ON_FAILURE): Delayed 2 second(s)

2020-08-17 17:33:33 - [MESSAGE][PASSED] - Delayed 2 second(s)

2020-08-17 17:33:33 - [TEST_STEP][PASSED] - tapAndHoldAtPosition(540, 773, 1): Tapped and held at [540, 773] with duration 1

2020-08-17 17:33:35 - [MESSAGE][PASSED] - Tapped and held at [540, 773] with duration 1

2020-08-17 17:33:35 - [TEST_STEP][PASSED] - delay(2, STOP_ON_FAILURE): Delayed 2 second(s)

2020-08-17 17:33:37 - [MESSAGE][PASSED] - Delayed 2 second(s)

2020-08-17 17:33:37 - [TEST_STEP][PASSED] - tap(findTestObject("Maya/Nric Proxy Army/android.widget.TextView0 - Continue (2)"), 0): Tapped on element 'Object Repository/Maya/Nric Proxy Army/android.widget.TextView0 - Continue (2)'

2020-08-17 17:33:38 - [MESSAGE][WARNING] - Timeout '0' is invalid. Using default page load timeout: '10'

2020-08-17 17:33:39 - [MESSAGE][PASSED] - Tapped on element 'Object Repository/Maya/Nric Proxy Army/android.widget.TextView0 - Continue (2)'

2020-08-17 17:33:39 - [TEST_STEP][PASSED] - getText(findTestObject("Maya/Nric Proxy Army/android.widget.TextView0 - Please confirm your DuitNow details"), 0): Text of element 'Object Repository/Maya/Nric Proxy Army/android.widget.TextView0 - Please confirm your DuitNow details' is: 'Please confirm your DuitNow details'

2020-08-17 17:33:39 - [MESSAGE][WARNING] - Timeout '0' is invalid. Using default page load timeout: '10'

2020-08-17 17:33:39 - [MESSAGE][PASSED] - Text of element 'Object Repository/Maya/Nric Proxy Army/android.widget.TextView0 - Please confirm your DuitNow details' is: 'Please confirm your DuitNow details'

2020-08-17 17:33:39 - [TEST_STEP][PASSED] - getText(findTestObject("Maya/Nric Proxy Army/android.widget.TextView0 - Personal Current Account (1)"), 0): Text of element 'Object Repository/Maya/Nric Proxy Army/android.widget.TextView0 - Personal Current Account (1)' is: 'Personal Current Account'

2020-08-17 17:33:40 - [MESSAGE][WARNING] - Timeout '0' is invalid. Using default page load timeout: '10'

2020-08-17 17:33:40 - [MESSAGE][PASSED] - Text of element 'Object Repository/Maya/Nric Proxy Army/android.widget.TextView0 - Personal Current Account (1)' is: 'Personal Current Account'

2020-08-17 17:33:40 - [TEST_STEP][PASSED] - getText(findTestObject("Maya/Nric Proxy Army/android.widget.TextView0 - 5140 1122 2552"), 0): Text of element 'Object Repository/Maya/Nric Proxy Army/android.widget.TextView0 - 5140 1122 2552' is: '5140 1122 2552'

2020-08-17 17:33:40 - [MESSAGE][WARNING] - Timeout '0' is invalid. Using default page load timeout: '10'

2020-08-17 17:33:42 - [MESSAGE][PASSED] - Text of element 'Object Repository/Maya/Nric Proxy Army/android.widget.TextView0 - 5140 1122 2552' is: '5140 1122 2552'

2020-08-17 17:33:42 - [TEST_STEP][FAILED] - getText(findTestObject("Maya/Nric Proxy Army/android.widget.TextView0 - NRIC Number (1)"), 0): Object Object Repository/Maya/Nric Proxy Army/android.widget.TextView0 - NRIC Number (1) not found

2020-08-17 17:33:42 - [MESSAGE][WARNING] - Timeout '0' is invalid. Using default page load timeout: '10'

2020-08-17 17:33:54 - [MESSAGE][FAILED] - Object Object Repository/Maya/Nric Proxy Army/android.widget.TextView0 - NRIC Number (1) not found
[[ATTACHMENT|C:\\Users\\LENOVO\\Git_new\\Maya\\Reports\\20200817_173141\\Maya UAT\\UAT Test Suite\\20200817_173141\\1597656833001.png]]

2020-08-17 17:33:54 - [TEST_STEP][PASSED] - getText(findTestObject("Maya/Nric Proxy Army/android.widget.TextView0 - 4178 (3)"), 0): Text of element 'Object Repository/Maya/Nric Proxy Army/android.widget.TextView0 - 4178 (3)' is: '**4178'

2020-08-17 17:33:54 - [MESSAGE][WARNING] - Timeout '0' is invalid. Using default page load timeout: '10'

2020-08-17 17:33:55 - [MESSAGE][PASSED] - Text of element 'Object Repository/Maya/Nric Proxy Army/android.widget.TextView0 - 4178 (3)' is: '**4178'

2020-08-17 17:33:55 - [TEST_STEP][PASSED] - tap(findTestObject("Maya/Nric Proxy Army/android.widget.TextView0 - Agree and Confirm (1)"), 0): Tapped on element 'Object Repository/Maya/Nric Proxy Army/android.widget.TextView0 - Agree and Confirm (1)'

2020-08-17 17:33:55 - [MESSAGE][WARNING] - Timeout '0' is invalid. Using default page load timeout: '10'

2020-08-17 17:33:56 - [MESSAGE][PASSED] - Tapped on element 'Object Repository/Maya/Nric Proxy Army/android.widget.TextView0 - Agree and Confirm (1)'

2020-08-17 17:33:56 - [TEST_STEP][PASSED] - tap(findTestObject("Maya/Nric Proxy Army/android.widget.TextView0 - Confirm (2)"), 0): Tapped on element 'Object Repository/Maya/Nric Proxy Army/android.widget.TextView0 - Confirm (2)'

2020-08-17 17:33:56 - [MESSAGE][WARNING] - Timeout '0' is invalid. Using default page load timeout: '10'

2020-08-17 17:33:58 - [MESSAGE][PASSED] - Tapped on element 'Object Repository/Maya/Nric Proxy Army/android.widget.TextView0 - Confirm (2)'

2020-08-17 17:33:58 - [TEST_STEP][PASSED] - otp = getText(findTestObject("Maya/Third Party CA account/android.widget.TextView0 - Your OTP no. is 460943"), 0): Text of element 'Object Repository/Maya/Third Party CA account/android.widget.TextView0 - Your OTP no. is 460943' is: 'Your OTP no. is 878993'

2020-08-17 17:33:58 - [MESSAGE][WARNING] - Timeout '0' is invalid. Using default page load timeout: '10'

2020-08-17 17:34:03 - [MESSAGE][PASSED] - Text of element 'Object Repository/Maya/Third Party CA account/android.widget.TextView0 - Your OTP no. is 460943' is: 'Your OTP no. is 878993'

2020-08-17 17:34:03 - [TEST_STEP][PASSED] - delay(2): Delayed 2 second(s)

2020-08-17 17:34:05 - [MESSAGE][PASSED] - Delayed 2 second(s)

2020-08-17 17:34:05 - [TEST_STEP][PASSED] - for ([i = 16, i <= 21, (i++)]): null

2020-08-17 17:34:05 - [TEST_STEP][PASSED] - delay(3, STOP_ON_FAILURE): Delayed 3 second(s)

2020-08-17 17:34:08 - [MESSAGE][PASSED] - Delayed 3 second(s)

2020-08-17 17:34:08 - [TEST_STEP][PASSED] - if (otp[i] == "0"): null

2020-08-17 17:34:08 - [TEST_STEP][PASSED] - if (otp[i] == "1"): null

2020-08-17 17:34:08 - [TEST_STEP][PASSED] - if (otp[i] == "2"): null

2020-08-17 17:34:08 - [TEST_STEP][PASSED] - if (otp[i] == "3"): null

2020-08-17 17:34:08 - [TEST_STEP][PASSED] - if (otp[i] == "4"): null

2020-08-17 17:34:08 - [TEST_STEP][PASSED] - if (otp[i] == "5"): null

2020-08-17 17:34:08 - [TEST_STEP][PASSED] - if (otp[i] == "6"): null

2020-08-17 17:34:08 - [TEST_STEP][PASSED] - if (otp[i] == "7"): null

2020-08-17 17:34:08 - [TEST_STEP][PASSED] - if (otp[i] == "8"): Tapped on element 'Object Repository/Maya/login again/Spy - 8'

2020-08-17 17:34:08 - [TEST_STEP][PASSED] - delay(1, STOP_ON_FAILURE): Delayed 1 second(s)

2020-08-17 17:34:09 - [MESSAGE][PASSED] - Delayed 1 second(s)

2020-08-17 17:34:09 - [TEST_STEP][PASSED] - tap(findTestObject("Maya/login again/Spy - 8"), 0): Tapped on element 'Object Repository/Maya/login again/Spy - 8'

2020-08-17 17:34:09 - [MESSAGE][WARNING] - Timeout '0' is invalid. Using default page load timeout: '10'

2020-08-17 17:34:12 - [MESSAGE][PASSED] - Tapped on element 'Object Repository/Maya/login again/Spy - 8'

2020-08-17 17:34:12 - [TEST_STEP][PASSED] - if (otp[i] == "9"): null

2020-08-17 17:34:12 - [TEST_STEP][PASSED] - delay(3, STOP_ON_FAILURE): Delayed 3 second(s)

2020-08-17 17:34:15 - [MESSAGE][PASSED] - Delayed 3 second(s)

2020-08-17 17:34:15 - [TEST_STEP][PASSED] - if (otp[i] == "0"): null

2020-08-17 17:34:15 - [TEST_STEP][PASSED] - if (otp[i] == "1"): null

2020-08-17 17:34:15 - [TEST_STEP][PASSED] - if (otp[i] == "2"): null

2020-08-17 17:34:15 - [TEST_STEP][PASSED] - if (otp[i] == "3"): null

2020-08-17 17:34:15 - [TEST_STEP][PASSED] - if (otp[i] == "4"): null

2020-08-17 17:34:15 - [TEST_STEP][PASSED] - if (otp[i] == "5"): null

2020-08-17 17:34:15 - [TEST_STEP][PASSED] - if (otp[i] == "6"): null

2020-08-17 17:34:15 - [TEST_STEP][PASSED] - if (otp[i] == "7"): Tapped on element 'Object Repository/Maya/login again/Spy - 7'

2020-08-17 17:34:15 - [TEST_STEP][PASSED] - delay(1, STOP_ON_FAILURE): Delayed 1 second(s)

2020-08-17 17:34:16 - [MESSAGE][PASSED] - Delayed 1 second(s)

2020-08-17 17:34:16 - [TEST_STEP][PASSED] - tap(findTestObject("Maya/login again/Spy - 7"), 0): Tapped on element 'Object Repository/Maya/login again/Spy - 7'

2020-08-17 17:34:16 - [MESSAGE][WARNING] - Timeout '0' is invalid. Using default page load timeout: '10'

2020-08-17 17:34:19 - [MESSAGE][PASSED] - Tapped on element 'Object Repository/Maya/login again/Spy - 7'

2020-08-17 17:34:19 - [TEST_STEP][PASSED] - if (otp[i] == "8"): null

2020-08-17 17:34:19 - [TEST_STEP][PASSED] - if (otp[i] == "9"): null

2020-08-17 17:34:19 - [TEST_STEP][PASSED] - delay(3, STOP_ON_FAILURE): Delayed 3 second(s)

2020-08-17 17:34:22 - [MESSAGE][PASSED] - Delayed 3 second(s)

2020-08-17 17:34:22 - [TEST_STEP][PASSED] - if (otp[i] == "0"): null

2020-08-17 17:34:22 - [TEST_STEP][PASSED] - if (otp[i] == "1"): null

2020-08-17 17:34:22 - [TEST_STEP][PASSED] - if (otp[i] == "2"): null

2020-08-17 17:34:22 - [TEST_STEP][PASSED] - if (otp[i] == "3"): null

2020-08-17 17:34:22 - [TEST_STEP][PASSED] - if (otp[i] == "4"): null

2020-08-17 17:34:22 - [TEST_STEP][PASSED] - if (otp[i] == "5"): null

2020-08-17 17:34:22 - [TEST_STEP][PASSED] - if (otp[i] == "6"): null

2020-08-17 17:34:22 - [TEST_STEP][PASSED] - if (otp[i] == "7"): null

2020-08-17 17:34:22 - [TEST_STEP][PASSED] - if (otp[i] == "8"): Tapped on element 'Object Repository/Maya/login again/Spy - 8'

2020-08-17 17:34:22 - [TEST_STEP][PASSED] - delay(1, STOP_ON_FAILURE): Delayed 1 second(s)

2020-08-17 17:34:23 - [MESSAGE][PASSED] - Delayed 1 second(s)

2020-08-17 17:34:23 - [TEST_STEP][PASSED] - tap(findTestObject("Maya/login again/Spy - 8"), 0): Tapped on element 'Object Repository/Maya/login again/Spy - 8'

2020-08-17 17:34:23 - [MESSAGE][WARNING] - Timeout '0' is invalid. Using default page load timeout: '10'

2020-08-17 17:34:26 - [MESSAGE][PASSED] - Tapped on element 'Object Repository/Maya/login again/Spy - 8'

2020-08-17 17:34:26 - [TEST_STEP][PASSED] - if (otp[i] == "9"): null

2020-08-17 17:34:26 - [TEST_STEP][PASSED] - delay(3, STOP_ON_FAILURE): Delayed 3 second(s)

2020-08-17 17:34:29 - [MESSAGE][PASSED] - Delayed 3 second(s)

2020-08-17 17:34:29 - [TEST_STEP][PASSED] - if (otp[i] == "0"): null

2020-08-17 17:34:29 - [TEST_STEP][PASSED] - if (otp[i] == "1"): null

2020-08-17 17:34:29 - [TEST_STEP][PASSED] - if (otp[i] == "2"): null

2020-08-17 17:34:29 - [TEST_STEP][PASSED] - if (otp[i] == "3"): null

2020-08-17 17:34:29 - [TEST_STEP][PASSED] - if (otp[i] == "4"): null

2020-08-17 17:34:29 - [TEST_STEP][PASSED] - if (otp[i] == "5"): null

2020-08-17 17:34:29 - [TEST_STEP][PASSED] - if (otp[i] == "6"): null

2020-08-17 17:34:29 - [TEST_STEP][PASSED] - if (otp[i] == "7"): null

2020-08-17 17:34:29 - [TEST_STEP][PASSED] - if (otp[i] == "8"): null

2020-08-17 17:34:29 - [TEST_STEP][PASSED] - if (otp[i] == "9"): Tapped on element 'Object Repository/Maya/login again/Spy- 9'

2020-08-17 17:34:29 - [TEST_STEP][PASSED] - delay(1, STOP_ON_FAILURE): Delayed 1 second(s)

2020-08-17 17:34:30 - [MESSAGE][PASSED] - Delayed 1 second(s)

2020-08-17 17:34:30 - [TEST_STEP][PASSED] - tap(findTestObject("Maya/login again/Spy- 9"), 0): Tapped on element 'Object Repository/Maya/login again/Spy- 9'

2020-08-17 17:34:30 - [MESSAGE][WARNING] - Timeout '0' is invalid. Using default page load timeout: '10'

2020-08-17 17:34:32 - [MESSAGE][PASSED] - Tapped on element 'Object Repository/Maya/login again/Spy- 9'

2020-08-17 17:34:32 - [TEST_STEP][PASSED] - delay(3, STOP_ON_FAILURE): Delayed 3 second(s)

2020-08-17 17:34:35 - [MESSAGE][PASSED] - Delayed 3 second(s)

2020-08-17 17:34:35 - [TEST_STEP][PASSED] - if (otp[i] == "0"): null

2020-08-17 17:34:35 - [TEST_STEP][PASSED] - if (otp[i] == "1"): null

2020-08-17 17:34:35 - [TEST_STEP][PASSED] - if (otp[i] == "2"): null

2020-08-17 17:34:35 - [TEST_STEP][PASSED] - if (otp[i] == "3"): null

2020-08-17 17:34:35 - [TEST_STEP][PASSED] - if (otp[i] == "4"): null

2020-08-17 17:34:35 - [TEST_STEP][PASSED] - if (otp[i] == "5"): null

2020-08-17 17:34:35 - [TEST_STEP][PASSED] - if (otp[i] == "6"): null

2020-08-17 17:34:35 - [TEST_STEP][PASSED] - if (otp[i] == "7"): null

2020-08-17 17:34:35 - [TEST_STEP][PASSED] - if (otp[i] == "8"): null

2020-08-17 17:34:35 - [TEST_STEP][PASSED] - if (otp[i] == "9"): Tapped on element 'Object Repository/Maya/login again/Spy- 9'

2020-08-17 17:34:35 - [TEST_STEP][PASSED] - delay(1, STOP_ON_FAILURE): Delayed 1 second(s)

2020-08-17 17:34:36 - [MESSAGE][PASSED] - Delayed 1 second(s)

2020-08-17 17:34:36 - [TEST_STEP][PASSED] - tap(findTestObject("Maya/login again/Spy- 9"), 0): Tapped on element 'Object Repository/Maya/login again/Spy- 9'

2020-08-17 17:34:36 - [MESSAGE][WARNING] - Timeout '0' is invalid. Using default page load timeout: '10'

2020-08-17 17:34:39 - [MESSAGE][PASSED] - Tapped on element 'Object Repository/Maya/login again/Spy- 9'

2020-08-17 17:34:39 - [TEST_STEP][PASSED] - delay(3, STOP_ON_FAILURE): Delayed 3 second(s)

2020-08-17 17:34:42 - [MESSAGE][PASSED] - Delayed 3 second(s)

2020-08-17 17:34:42 - [TEST_STEP][PASSED] - if (otp[i] == "0"): null

2020-08-17 17:34:42 - [TEST_STEP][PASSED] - if (otp[i] == "1"): null

2020-08-17 17:34:42 - [TEST_STEP][PASSED] - if (otp[i] == "2"): null

2020-08-17 17:34:42 - [TEST_STEP][PASSED] - if (otp[i] == "3"): Tapped on element 'Object Repository/Maya/login again/Spy- 3'

2020-08-17 17:34:42 - [TEST_STEP][PASSED] - delay(1, STOP_ON_FAILURE): Delayed 1 second(s)

2020-08-17 17:34:43 - [MESSAGE][PASSED] - Delayed 1 second(s)

2020-08-17 17:34:43 - [TEST_STEP][NOT_RUN] - tap(findTestObject("MAYA SIT v118/spy/TAC - keypad 3"), 0): NOT_RUN: tap(findTestObject("MAYA SIT v118/spy/TAC - keypad 3"), 0)

2020-08-17 17:34:43 - [MESSAGE][NOT_RUN] - NOT_RUN: tap(findTestObject("MAYA SIT v118/spy/TAC - keypad 3"), 0)

2020-08-17 17:34:43 - [TEST_STEP][PASSED] - tap(findTestObject("Maya/login again/Spy- 3"), 0): Tapped on element 'Object Repository/Maya/login again/Spy- 3'

2020-08-17 17:34:43 - [MESSAGE][WARNING] - Timeout '0' is invalid. Using default page load timeout: '10'

2020-08-17 17:34:45 - [MESSAGE][PASSED] - Tapped on element 'Object Repository/Maya/login again/Spy- 3'

2020-08-17 17:34:45 - [TEST_STEP][PASSED] - if (otp[i] == "4"): null

2020-08-17 17:34:45 - [TEST_STEP][PASSED] - if (otp[i] == "5"): null

2020-08-17 17:34:45 - [TEST_STEP][PASSED] - if (otp[i] == "6"): null

2020-08-17 17:34:45 - [TEST_STEP][PASSED] - if (otp[i] == "7"): null

2020-08-17 17:34:45 - [TEST_STEP][PASSED] - if (otp[i] == "8"): null

2020-08-17 17:34:45 - [TEST_STEP][PASSED] - if (otp[i] == "9"): null

2020-08-17 17:34:45 - [TEST_STEP][PASSED] - delay(8, STOP_ON_FAILURE): Delayed 8 second(s)

2020-08-17 17:34:53 - [MESSAGE][PASSED] - Delayed 8 second(s)

2020-08-17 17:34:53 - [TEST_STEP][PASSED] - tap(findTestObject("Maya/Forgot Pin/android.widget.ImageView0 (7)"), 0): Tapped on element 'Object Repository/Maya/Forgot Pin/android.widget.ImageView0 (7)'

2020-08-17 17:34:53 - [MESSAGE][WARNING] - Timeout '0' is invalid. Using default page load timeout: '10'

2020-08-17 17:34:54 - [MESSAGE][PASSED] - Tapped on element 'Object Repository/Maya/Forgot Pin/android.widget.ImageView0 (7)'

2020-08-17 17:34:54 - [TEST_STEP][PASSED] - getText(findTestObject("Maya/Nric Proxy Army/android.widget.TextView0 - Youve successfully linked your account to DuitNow (1)"), 0): Text of element 'Object Repository/Maya/Nric Proxy Army/android.widget.TextView0 - Youve successfully linked your account to DuitNow (1)' is: 'You’ve successfully linked your account to DuitNow'

2020-08-17 17:34:54 - [MESSAGE][WARNING] - Timeout '0' is invalid. Using default page load timeout: '10'

2020-08-17 17:34:57 - [MESSAGE][PASSED] - Text of element 'Object Repository/Maya/Nric Proxy Army/android.widget.TextView0 - Youve successfully linked your account to DuitNow (1)' is: 'You’ve successfully linked your account to DuitNow'

2020-08-17 17:34:57 - [TEST_STEP][PASSED] - getText(findTestObject("Maya/Nric Proxy Army/android.widget.TextView0 - Your Account"), 0): Text of element 'Object Repository/Maya/Nric Proxy Army/android.widget.TextView0 - Your Account' is: 'Your Account'

2020-08-17 17:34:57 - [MESSAGE][WARNING] - Timeout '0' is invalid. Using default page load timeout: '10'

2020-08-17 17:34:57 - [MESSAGE][PASSED] - Text of element 'Object Repository/Maya/Nric Proxy Army/android.widget.TextView0 - Your Account' is: 'Your Account'

2020-08-17 17:34:57 - [TEST_STEP][FAILED] - getText(findTestObject("Maya/Nric Proxy Army/android.widget.TextView0 - NRIC Number (2)"), 0): Object Object Repository/Maya/Nric Proxy Army/android.widget.TextView0 - NRIC Number (2) not found

2020-08-17 17:34:57 - [MESSAGE][WARNING] - Timeout '0' is invalid. Using default page load timeout: '10'

2020-08-17 17:35:09 - [MESSAGE][FAILED] - Object Object Repository/Maya/Nric Proxy Army/android.widget.TextView0 - NRIC Number (2) not found
[[ATTACHMENT|C:\\Users\\LENOVO\\Git_new\\Maya\\Reports\\20200817_173141\\Maya UAT\\UAT Test Suite\\20200817_173141\\1597656907524.png]]

2020-08-17 17:35:09 - [TEST_STEP][PASSED] - tap(findTestObject("Maya/Nric Proxy Army/android.widget.TextView0 - Done (1)"), 0): Tapped on element 'Object Repository/Maya/Nric Proxy Army/android.widget.TextView0 - Done (1)'

2020-08-17 17:35:09 - [MESSAGE][WARNING] - Timeout '0' is invalid. Using default page load timeout: '10'

2020-08-17 17:35:11 - [MESSAGE][PASSED] - Tapped on element 'Object Repository/Maya/Nric Proxy Army/android.widget.TextView0 - Done (1)'

2020-08-17 17:35:11 - [TEST_STEP][PASSED] - tap(findTestObject("Maya/Nric Proxy Army/android.widget.TextView0 - DuitNow (1)"), 0): Tapped on element 'Object Repository/Maya/Nric Proxy Army/android.widget.TextView0 - DuitNow (1)'

2020-08-17 17:35:11 - [MESSAGE][WARNING] - Timeout '0' is invalid. Using default page load timeout: '10'

2020-08-17 17:35:13 - [MESSAGE][PASSED] - Tapped on element 'Object Repository/Maya/Nric Proxy Army/android.widget.TextView0 - DuitNow (1)'

2020-08-17 17:35:13 - [TEST_STEP][PASSED] - tap(findTestObject("Maya/Nric Proxy Army/android.widget.TextView0 - ID Number"), 0): Tapped on element 'Object Repository/Maya/Nric Proxy Army/android.widget.TextView0 - ID Number'

2020-08-17 17:35:13 - [MESSAGE][WARNING] - Timeout '0' is invalid. Using default page load timeout: '10'

2020-08-17 17:35:16 - [MESSAGE][PASSED] - Tapped on element 'Object Repository/Maya/Nric Proxy Army/android.widget.TextView0 - ID Number'

2020-08-17 17:35:16 - [TEST_STEP][PASSED] - tap(findTestObject("Maya/Nric Proxy Army/android.widget.TextView0 - Disable Temporarily (1)"), 0): Tapped on element 'Object Repository/Maya/Nric Proxy Army/android.widget.TextView0 - Disable Temporarily (1)'

2020-08-17 17:35:16 - [MESSAGE][WARNING] - Timeout '0' is invalid. Using default page load timeout: '10'

2020-08-17 17:35:18 - [MESSAGE][PASSED] - Tapped on element 'Object Repository/Maya/Nric Proxy Army/android.widget.TextView0 - Disable Temporarily (1)'

2020-08-17 17:35:18 - [TEST_STEP][PASSED] - tap(findTestObject("Maya/Nric Proxy Army/android.widget.TextView0 - Confirm (3)"), 0): Tapped on element 'Object Repository/Maya/Nric Proxy Army/android.widget.TextView0 - Confirm (3)'

2020-08-17 17:35:18 - [MESSAGE][WARNING] - Timeout '0' is invalid. Using default page load timeout: '10'

2020-08-17 17:35:20 - [MESSAGE][PASSED] - Tapped on element 'Object Repository/Maya/Nric Proxy Army/android.widget.TextView0 - Confirm (3)'

2020-08-17 17:35:20 - [TEST_STEP][PASSED] - tap(findTestObject("Maya/Nric Proxy Army/android.widget.TextView0 - Confirm (2)"), 0): Tapped on element 'Object Repository/Maya/Nric Proxy Army/android.widget.TextView0 - Confirm (2)'

2020-08-17 17:35:20 - [MESSAGE][WARNING] - Timeout '0' is invalid. Using default page load timeout: '10'

2020-08-17 17:35:21 - [MESSAGE][PASSED] - Tapped on element 'Object Repository/Maya/Nric Proxy Army/android.widget.TextView0 - Confirm (2)'

2020-08-17 17:35:21 - [TEST_STEP][PASSED] - otpM = getText(findTestObject("Maya/Third Party CA account/android.widget.TextView0 - Your OTP no. is 460943"), 0): Text of element 'Object Repository/Maya/Third Party CA account/android.widget.TextView0 - Your OTP no. is 460943' is: 'Your OTP no. is 716607'

2020-08-17 17:35:21 - [MESSAGE][WARNING] - Timeout '0' is invalid. Using default page load timeout: '10'

2020-08-17 17:35:24 - [MESSAGE][PASSED] - Text of element 'Object Repository/Maya/Third Party CA account/android.widget.TextView0 - Your OTP no. is 460943' is: 'Your OTP no. is 716607'

2020-08-17 17:35:24 - [TEST_STEP][PASSED] - delay(2): Delayed 2 second(s)

2020-08-17 17:35:26 - [MESSAGE][PASSED] - Delayed 2 second(s)

2020-08-17 17:35:26 - [TEST_STEP][PASSED] - for ([i = 16, i <= 21, (i++)]): null

2020-08-17 17:35:26 - [TEST_STEP][PASSED] - delay(3, STOP_ON_FAILURE): Delayed 3 second(s)

2020-08-17 17:35:29 - [MESSAGE][PASSED] - Delayed 3 second(s)

2020-08-17 17:35:29 - [TEST_STEP][PASSED] - if (otpM[i] == "0"): null

2020-08-17 17:35:29 - [TEST_STEP][PASSED] - if (otpM[i] == "1"): null

2020-08-17 17:35:29 - [TEST_STEP][PASSED] - if (otpM[i] == "2"): null

2020-08-17 17:35:29 - [TEST_STEP][PASSED] - if (otpM[i] == "3"): null

2020-08-17 17:35:29 - [TEST_STEP][PASSED] - if (otpM[i] == "4"): null

2020-08-17 17:35:29 - [TEST_STEP][PASSED] - if (otpM[i] == "5"): null

2020-08-17 17:35:29 - [TEST_STEP][PASSED] - if (otpM[i] == "6"): null

2020-08-17 17:35:29 - [TEST_STEP][PASSED] - if (otpM[i] == "7"): Tapped on element 'Object Repository/Maya/login again/Spy - 7'

2020-08-17 17:35:29 - [TEST_STEP][PASSED] - delay(1, STOP_ON_FAILURE): Delayed 1 second(s)

2020-08-17 17:35:30 - [MESSAGE][PASSED] - Delayed 1 second(s)

2020-08-17 17:35:30 - [TEST_STEP][PASSED] - tap(findTestObject("Maya/login again/Spy - 7"), 0): Tapped on element 'Object Repository/Maya/login again/Spy - 7'

2020-08-17 17:35:30 - [MESSAGE][WARNING] - Timeout '0' is invalid. Using default page load timeout: '10'

2020-08-17 17:35:32 - [MESSAGE][PASSED] - Tapped on element 'Object Repository/Maya/login again/Spy - 7'

2020-08-17 17:35:32 - [TEST_STEP][PASSED] - if (otpM[i] == "8"): null

2020-08-17 17:35:32 - [TEST_STEP][PASSED] - if (otpM[i] == "9"): null

2020-08-17 17:35:32 - [TEST_STEP][PASSED] - delay(3, STOP_ON_FAILURE): Delayed 3 second(s)

2020-08-17 17:35:35 - [MESSAGE][PASSED] - Delayed 3 second(s)

2020-08-17 17:35:35 - [TEST_STEP][PASSED] - if (otpM[i] == "0"): null

2020-08-17 17:35:35 - [TEST_STEP][PASSED] - if (otpM[i] == "1"): Tapped on element 'Object Repository/Maya/login again/Spy - 1'

2020-08-17 17:35:35 - [TEST_STEP][PASSED] - delay(1, STOP_ON_FAILURE): Delayed 1 second(s)

2020-08-17 17:35:36 - [MESSAGE][PASSED] - Delayed 1 second(s)

2020-08-17 17:35:36 - [TEST_STEP][PASSED] - tap(findTestObject("Maya/login again/Spy - 1"), 0): Tapped on element 'Object Repository/Maya/login again/Spy - 1'

2020-08-17 17:35:36 - [MESSAGE][WARNING] - Timeout '0' is invalid. Using default page load timeout: '10'

2020-08-17 17:35:39 - [MESSAGE][PASSED] - Tapped on element 'Object Repository/Maya/login again/Spy - 1'

2020-08-17 17:35:39 - [TEST_STEP][PASSED] - if (otpM[i] == "2"): null

2020-08-17 17:35:39 - [TEST_STEP][PASSED] - if (otpM[i] == "3"): null

2020-08-17 17:35:39 - [TEST_STEP][PASSED] - if (otpM[i] == "4"): null

2020-08-17 17:35:39 - [TEST_STEP][PASSED] - if (otpM[i] == "5"): null

2020-08-17 17:35:39 - [TEST_STEP][PASSED] - if (otpM[i] == "6"): null

2020-08-17 17:35:39 - [TEST_STEP][PASSED] - if (otpM[i] == "7"): null

2020-08-17 17:35:39 - [TEST_STEP][PASSED] - if (otpM[i] == "8"): null

2020-08-17 17:35:39 - [TEST_STEP][PASSED] - if (otpM[i] == "9"): null

2020-08-17 17:35:39 - [TEST_STEP][PASSED] - delay(3, STOP_ON_FAILURE): Delayed 3 second(s)

2020-08-17 17:35:42 - [MESSAGE][PASSED] - Delayed 3 second(s)

2020-08-17 17:35:42 - [TEST_STEP][PASSED] - if (otpM[i] == "0"): null

2020-08-17 17:35:42 - [TEST_STEP][PASSED] - if (otpM[i] == "1"): null

2020-08-17 17:35:42 - [TEST_STEP][PASSED] - if (otpM[i] == "2"): null

2020-08-17 17:35:42 - [TEST_STEP][PASSED] - if (otpM[i] == "3"): null

2020-08-17 17:35:42 - [TEST_STEP][PASSED] - if (otpM[i] == "4"): null

2020-08-17 17:35:42 - [TEST_STEP][PASSED] - if (otpM[i] == "5"): null

2020-08-17 17:35:42 - [TEST_STEP][PASSED] - if (otpM[i] == "6"): Tapped on element 'Object Repository/Maya/login again/Spy- 6'

2020-08-17 17:35:42 - [TEST_STEP][PASSED] - delay(1, STOP_ON_FAILURE): Delayed 1 second(s)

2020-08-17 17:35:43 - [MESSAGE][PASSED] - Delayed 1 second(s)

2020-08-17 17:35:43 - [TEST_STEP][PASSED] - tap(findTestObject("Maya/login again/Spy- 6"), 0): Tapped on element 'Object Repository/Maya/login again/Spy- 6'

2020-08-17 17:35:43 - [MESSAGE][WARNING] - Timeout '0' is invalid. Using default page load timeout: '10'

2020-08-17 17:35:45 - [MESSAGE][PASSED] - Tapped on element 'Object Repository/Maya/login again/Spy- 6'

2020-08-17 17:35:45 - [TEST_STEP][PASSED] - if (otpM[i] == "7"): null

2020-08-17 17:35:45 - [TEST_STEP][PASSED] - if (otpM[i] == "8"): null

2020-08-17 17:35:45 - [TEST_STEP][PASSED] - if (otpM[i] == "9"): null

2020-08-17 17:35:45 - [TEST_STEP][PASSED] - delay(3, STOP_ON_FAILURE): Delayed 3 second(s)

2020-08-17 17:35:48 - [MESSAGE][PASSED] - Delayed 3 second(s)

2020-08-17 17:35:48 - [TEST_STEP][PASSED] - if (otpM[i] == "0"): null

2020-08-17 17:35:48 - [TEST_STEP][PASSED] - if (otpM[i] == "1"): null

2020-08-17 17:35:48 - [TEST_STEP][PASSED] - if (otpM[i] == "2"): null

2020-08-17 17:35:48 - [TEST_STEP][PASSED] - if (otpM[i] == "3"): null

2020-08-17 17:35:48 - [TEST_STEP][PASSED] - if (otpM[i] == "4"): null

2020-08-17 17:35:48 - [TEST_STEP][PASSED] - if (otpM[i] == "5"): null

2020-08-17 17:35:48 - [TEST_STEP][PASSED] - if (otpM[i] == "6"): Tapped on element 'Object Repository/Maya/login again/Spy- 6'

2020-08-17 17:35:48 - [TEST_STEP][PASSED] - delay(1, STOP_ON_FAILURE): Delayed 1 second(s)

2020-08-17 17:35:49 - [MESSAGE][PASSED] - Delayed 1 second(s)

2020-08-17 17:35:49 - [TEST_STEP][PASSED] - tap(findTestObject("Maya/login again/Spy- 6"), 0): Tapped on element 'Object Repository/Maya/login again/Spy- 6'

2020-08-17 17:35:49 - [MESSAGE][WARNING] - Timeout '0' is invalid. Using default page load timeout: '10'

2020-08-17 17:35:52 - [MESSAGE][PASSED] - Tapped on element 'Object Repository/Maya/login again/Spy- 6'

2020-08-17 17:35:52 - [TEST_STEP][PASSED] - if (otpM[i] == "7"): null

2020-08-17 17:35:52 - [TEST_STEP][PASSED] - if (otpM[i] == "8"): null

2020-08-17 17:35:52 - [TEST_STEP][PASSED] - if (otpM[i] == "9"): null

2020-08-17 17:35:52 - [TEST_STEP][PASSED] - delay(3, STOP_ON_FAILURE): Delayed 3 second(s)

2020-08-17 17:35:55 - [MESSAGE][PASSED] - Delayed 3 second(s)

2020-08-17 17:35:55 - [TEST_STEP][PASSED] - if (otpM[i] == "0"): Tapped on element 'Object Repository/Maya/login again/Spy-0'

2020-08-17 17:35:55 - [TEST_STEP][PASSED] - delay(1, STOP_ON_FAILURE): Delayed 1 second(s)

2020-08-17 17:35:56 - [MESSAGE][PASSED] - Delayed 1 second(s)

2020-08-17 17:35:56 - [TEST_STEP][PASSED] - tap(findTestObject("Maya/login again/Spy-0"), 0): Tapped on element 'Object Repository/Maya/login again/Spy-0'

2020-08-17 17:35:56 - [MESSAGE][WARNING] - Timeout '0' is invalid. Using default page load timeout: '10'

2020-08-17 17:35:58 - [MESSAGE][PASSED] - Tapped on element 'Object Repository/Maya/login again/Spy-0'

2020-08-17 17:35:58 - [TEST_STEP][PASSED] - if (otpM[i] == "1"): null

2020-08-17 17:35:58 - [TEST_STEP][PASSED] - if (otpM[i] == "2"): null

2020-08-17 17:35:58 - [TEST_STEP][PASSED] - if (otpM[i] == "3"): null

2020-08-17 17:35:58 - [TEST_STEP][PASSED] - if (otpM[i] == "4"): null

2020-08-17 17:35:58 - [TEST_STEP][PASSED] - if (otpM[i] == "5"): null

2020-08-17 17:35:58 - [TEST_STEP][PASSED] - if (otpM[i] == "6"): null

2020-08-17 17:35:58 - [TEST_STEP][PASSED] - if (otpM[i] == "7"): null

2020-08-17 17:35:58 - [TEST_STEP][PASSED] - if (otpM[i] == "8"): null

2020-08-17 17:35:58 - [TEST_STEP][PASSED] - if (otpM[i] == "9"): null

2020-08-17 17:35:58 - [TEST_STEP][PASSED] - delay(3, STOP_ON_FAILURE): Delayed 3 second(s)

2020-08-17 17:36:01 - [MESSAGE][PASSED] - Delayed 3 second(s)

2020-08-17 17:36:01 - [TEST_STEP][PASSED] - if (otpM[i] == "0"): null

2020-08-17 17:36:01 - [TEST_STEP][PASSED] - if (otpM[i] == "1"): null

2020-08-17 17:36:01 - [TEST_STEP][PASSED] - if (otpM[i] == "2"): null

2020-08-17 17:36:01 - [TEST_STEP][PASSED] - if (otpM[i] == "3"): null

2020-08-17 17:36:01 - [TEST_STEP][PASSED] - if (otpM[i] == "4"): null

2020-08-17 17:36:01 - [TEST_STEP][PASSED] - if (otpM[i] == "5"): null

2020-08-17 17:36:01 - [TEST_STEP][PASSED] - if (otpM[i] == "6"): null

2020-08-17 17:36:01 - [TEST_STEP][PASSED] - if (otpM[i] == "7"): Tapped on element 'Object Repository/Maya/login again/Spy - 7'

2020-08-17 17:36:01 - [TEST_STEP][PASSED] - delay(1, STOP_ON_FAILURE): Delayed 1 second(s)

2020-08-17 17:36:02 - [MESSAGE][PASSED] - Delayed 1 second(s)

2020-08-17 17:36:02 - [TEST_STEP][PASSED] - tap(findTestObject("Maya/login again/Spy - 7"), 0): Tapped on element 'Object Repository/Maya/login again/Spy - 7'

2020-08-17 17:36:02 - [MESSAGE][WARNING] - Timeout '0' is invalid. Using default page load timeout: '10'

2020-08-17 17:36:04 - [MESSAGE][PASSED] - Tapped on element 'Object Repository/Maya/login again/Spy - 7'

2020-08-17 17:36:04 - [TEST_STEP][PASSED] - if (otpM[i] == "8"): null

2020-08-17 17:36:04 - [TEST_STEP][PASSED] - if (otpM[i] == "9"): null

2020-08-17 17:36:04 - [TEST_STEP][PASSED] - delay(8, STOP_ON_FAILURE): Delayed 8 second(s)

2020-08-17 17:36:12 - [MESSAGE][PASSED] - Delayed 8 second(s)

2020-08-17 17:36:12 - [TEST_STEP][PASSED] - tap(findTestObject("Maya/Forgot Pin/android.widget.ImageView0 (7)"), 0): Tapped on element 'Object Repository/Maya/Forgot Pin/android.widget.ImageView0 (7)'

2020-08-17 17:36:12 - [MESSAGE][WARNING] - Timeout '0' is invalid. Using default page load timeout: '10'

2020-08-17 17:36:13 - [MESSAGE][PASSED] - Tapped on element 'Object Repository/Maya/Forgot Pin/android.widget.ImageView0 (7)'

2020-08-17 17:36:13 - [TEST_STEP][PASSED] - verifyElementExist(findTestObject("Maya/RegisterDuitNow/android.widget.TextView0 - DuitNow successfully disabled."), 0): Element 'Object Repository/Maya/RegisterDuitNow/android.widget.TextView0 - DuitNow successfully disabled.' is exist

2020-08-17 17:36:13 - [MESSAGE][WARNING] - Timeout '0' is invalid. Using default page load timeout: '10'

2020-08-17 17:36:17 - [MESSAGE][PASSED] - Element 'Object Repository/Maya/RegisterDuitNow/android.widget.TextView0 - DuitNow successfully disabled.' is exist

2020-08-17 17:36:17 - [TEST_STEP][PASSED] - tap(findTestObject("Maya/RegisterDuitNow/android.widget.TextView0 - DuitNow (6)"), 0): Tapped on element 'Object Repository/Maya/RegisterDuitNow/android.widget.TextView0 - DuitNow (6)'

2020-08-17 17:36:17 - [MESSAGE][WARNING] - Timeout '0' is invalid. Using default page load timeout: '10'

2020-08-17 17:36:18 - [MESSAGE][PASSED] - Tapped on element 'Object Repository/Maya/RegisterDuitNow/android.widget.TextView0 - DuitNow (6)'

2020-08-17 17:36:18 - [TEST_STEP][PASSED] - getText(findTestObject("Maya/RegisterDuitNow/android.widget.TextView0 - Link your Maybank account to an ID for DuitNow (1)"), 0): Text of element 'Object Repository/Maya/RegisterDuitNow/android.widget.TextView0 - Link your Maybank account to an ID for DuitNow (1)' is: 'Link your Maybank account to an ID for DuitNow'

2020-08-17 17:36:18 - [MESSAGE][WARNING] - Timeout '0' is invalid. Using default page load timeout: '10'

2020-08-17 17:36:19 - [MESSAGE][PASSED] - Text of element 'Object Repository/Maya/RegisterDuitNow/android.widget.TextView0 - Link your Maybank account to an ID for DuitNow (1)' is: 'Link your Maybank account to an ID for DuitNow'

2020-08-17 17:36:19 - [TEST_STEP][PASSED] - verifyElementExist(findTestObject("Maya/RegisterDuitNow/android.widget.TextView0 - Link your Maybank account to an ID for DuitNow (1)"), 0): Element 'Object Repository/Maya/RegisterDuitNow/android.widget.TextView0 - Link your Maybank account to an ID for DuitNow (1)' is exist

2020-08-17 17:36:19 - [MESSAGE][WARNING] - Timeout '0' is invalid. Using default page load timeout: '10'

2020-08-17 17:36:19 - [MESSAGE][PASSED] - Element 'Object Repository/Maya/RegisterDuitNow/android.widget.TextView0 - Link your Maybank account to an ID for DuitNow (1)' is exist

2020-08-17 17:36:19 - [TEST_STEP][PASSED] - delay(2, STOP_ON_FAILURE): Delayed 2 second(s)

2020-08-17 17:36:21 - [MESSAGE][PASSED] - Delayed 2 second(s)

2020-08-17 17:36:21 - [TEST_STEP][PASSED] - takeScreenshot("C:\Users\LENOVO\Screenshot\DuitNowProxy\Screen13.png", CONTINUE_ON_FAILURE): Screenshot is taken

2020-08-17 17:36:22 - [MESSAGE][PASSED] - Screenshot is taken
[[ATTACHMENT|C:\\Users\\LENOVO\\Screenshot\\DuitNowProxy\\Screen13.png]]

2020-08-17 17:36:22 - [TEST_STEP][PASSED] - tap(findTestObject("Maya/Nric Proxy Army/android.widget.TextView0 - ID Number"), 0): Tapped on element 'Object Repository/Maya/Nric Proxy Army/android.widget.TextView0 - ID Number'

2020-08-17 17:36:22 - [MESSAGE][WARNING] - Timeout '0' is invalid. Using default page load timeout: '10'

2020-08-17 17:36:25 - [MESSAGE][PASSED] - Tapped on element 'Object Repository/Maya/Nric Proxy Army/android.widget.TextView0 - ID Number'

2020-08-17 17:36:25 - [TEST_STEP][PASSED] - getText(findTestObject("Maya/Nric Proxy Army/android.widget.TextView0 - INACTIVE (1)"), 0): Text of element 'Object Repository/Maya/Nric Proxy Army/android.widget.TextView0 - INACTIVE (1)' is: 'INACTIVE'

2020-08-17 17:36:25 - [MESSAGE][WARNING] - Timeout '0' is invalid. Using default page load timeout: '10'

2020-08-17 17:36:25 - [MESSAGE][PASSED] - Text of element 'Object Repository/Maya/Nric Proxy Army/android.widget.TextView0 - INACTIVE (1)' is: 'INACTIVE'

2020-08-17 17:36:25 - [TEST_STEP][PASSED] - tap(findTestObject("Maya/Nric Proxy Army/android.widget.TextView0 - Enable"), 0): Tapped on element 'Object Repository/Maya/Nric Proxy Army/android.widget.TextView0 - Enable'

2020-08-17 17:36:25 - [MESSAGE][WARNING] - Timeout '0' is invalid. Using default page load timeout: '10'

2020-08-17 17:36:27 - [MESSAGE][PASSED] - Tapped on element 'Object Repository/Maya/Nric Proxy Army/android.widget.TextView0 - Enable'

2020-08-17 17:36:27 - [TEST_STEP][PASSED] - tap(findTestObject("Maya/Nric Proxy Army/android.widget.TextView0 - Confirm (2)"), 0): Tapped on element 'Object Repository/Maya/Nric Proxy Army/android.widget.TextView0 - Confirm (2)'

2020-08-17 17:36:28 - [MESSAGE][WARNING] - Timeout '0' is invalid. Using default page load timeout: '10'

2020-08-17 17:36:29 - [MESSAGE][PASSED] - Tapped on element 'Object Repository/Maya/Nric Proxy Army/android.widget.TextView0 - Confirm (2)'

2020-08-17 17:36:29 - [TEST_STEP][FAILED] - tap(findTestObject("Maya/Nric Proxy Army/android.widget.TextView0 - Confirm (2)"), 0): Object Object Repository/Maya/Nric Proxy Army/android.widget.TextView0 - Confirm (2) not found

2020-08-17 17:36:29 - [MESSAGE][WARNING] - Timeout '0' is invalid. Using default page load timeout: '10'

2020-08-17 17:36:40 - [MESSAGE][FAILED] - Object Object Repository/Maya/Nric Proxy Army/android.widget.TextView0 - Confirm (2) not found
[[ATTACHMENT|C:\\Users\\LENOVO\\Git_new\\Maya\\Reports\\20200817_173141\\Maya UAT\\UAT Test Suite\\20200817_173141\\1597656999270.png]]

2020-08-17 17:36:40 - [TEST_STEP][PASSED] - otpMi = getText(findTestObject("Maya/Third Party CA account/android.widget.TextView0 - Your OTP no. is 460943"), 0): Text of element 'Object Repository/Maya/Third Party CA account/android.widget.TextView0 - Your OTP no. is 460943' is: 'Your OTP no. is 725097'

2020-08-17 17:36:40 - [MESSAGE][WARNING] - Timeout '0' is invalid. Using default page load timeout: '10'

2020-08-17 17:36:40 - [MESSAGE][PASSED] - Text of element 'Object Repository/Maya/Third Party CA account/android.widget.TextView0 - Your OTP no. is 460943' is: 'Your OTP no. is 725097'

2020-08-17 17:36:40 - [TEST_STEP][PASSED] - delay(2): Delayed 2 second(s)

2020-08-17 17:36:42 - [MESSAGE][PASSED] - Delayed 2 second(s)

2020-08-17 17:36:42 - [TEST_STEP][PASSED] - for ([i = 16, i <= 21, (i++)]): null

2020-08-17 17:36:42 - [TEST_STEP][PASSED] - delay(3, STOP_ON_FAILURE): Delayed 3 second(s)

2020-08-17 17:36:45 - [MESSAGE][PASSED] - Delayed 3 second(s)

2020-08-17 17:36:45 - [TEST_STEP][PASSED] - if (otpMi[i] == "0"): null

2020-08-17 17:36:45 - [TEST_STEP][PASSED] - if (otpMi[i] == "1"): null

2020-08-17 17:36:45 - [TEST_STEP][PASSED] - if (otpMi[i] == "2"): null

2020-08-17 17:36:45 - [TEST_STEP][PASSED] - if (otpMi[i] == "3"): null

2020-08-17 17:36:45 - [TEST_STEP][PASSED] - if (otpMi[i] == "4"): null

2020-08-17 17:36:45 - [TEST_STEP][PASSED] - if (otpMi[i] == "5"): null

2020-08-17 17:36:45 - [TEST_STEP][PASSED] - if (otpMi[i] == "6"): null

2020-08-17 17:36:45 - [TEST_STEP][PASSED] - if (otpMi[i] == "7"): Tapped on element 'Object Repository/Maya/login again/Spy - 7'

2020-08-17 17:36:45 - [TEST_STEP][PASSED] - delay(1, STOP_ON_FAILURE): Delayed 1 second(s)

2020-08-17 17:36:46 - [MESSAGE][PASSED] - Delayed 1 second(s)

2020-08-17 17:36:46 - [TEST_STEP][PASSED] - tap(findTestObject("Maya/login again/Spy - 7"), 0): Tapped on element 'Object Repository/Maya/login again/Spy - 7'

2020-08-17 17:36:46 - [MESSAGE][WARNING] - Timeout '0' is invalid. Using default page load timeout: '10'

2020-08-17 17:36:49 - [MESSAGE][PASSED] - Tapped on element 'Object Repository/Maya/login again/Spy - 7'

2020-08-17 17:36:49 - [TEST_STEP][PASSED] - if (otpMi[i] == "8"): null

2020-08-17 17:36:49 - [TEST_STEP][PASSED] - if (otpMi[i] == "9"): null

2020-08-17 17:36:49 - [TEST_STEP][PASSED] - delay(3, STOP_ON_FAILURE): Delayed 3 second(s)

2020-08-17 17:36:52 - [MESSAGE][PASSED] - Delayed 3 second(s)

2020-08-17 17:36:52 - [TEST_STEP][PASSED] - if (otpMi[i] == "0"): null

2020-08-17 17:36:52 - [TEST_STEP][PASSED] - if (otpMi[i] == "1"): null

2020-08-17 17:36:52 - [TEST_STEP][PASSED] - if (otpMi[i] == "2"): Tapped on element 'Object Repository/Maya/login again/Spy- 2'

2020-08-17 17:36:52 - [TEST_STEP][PASSED] - delay(1, STOP_ON_FAILURE): Delayed 1 second(s)

2020-08-17 17:36:53 - [MESSAGE][PASSED] - Delayed 1 second(s)

2020-08-17 17:36:53 - [TEST_STEP][PASSED] - tap(findTestObject("Maya/login again/Spy- 2"), 0): Tapped on element 'Object Repository/Maya/login again/Spy- 2'

2020-08-17 17:36:53 - [MESSAGE][WARNING] - Timeout '0' is invalid. Using default page load timeout: '10'

2020-08-17 17:36:59 - [MESSAGE][PASSED] - Tapped on element 'Object Repository/Maya/login again/Spy- 2'

2020-08-17 17:36:59 - [TEST_STEP][PASSED] - if (otpMi[i] == "3"): null

2020-08-17 17:36:59 - [TEST_STEP][PASSED] - if (otpMi[i] == "4"): null

2020-08-17 17:36:59 - [TEST_STEP][PASSED] - if (otpMi[i] == "5"): null

2020-08-17 17:36:59 - [TEST_STEP][PASSED] - if (otpMi[i] == "6"): null

2020-08-17 17:36:59 - [TEST_STEP][PASSED] - if (otpMi[i] == "7"): null

2020-08-17 17:36:59 - [TEST_STEP][PASSED] - if (otpMi[i] == "8"): null

2020-08-17 17:36:59 - [TEST_STEP][PASSED] - if (otpMi[i] == "9"): null

2020-08-17 17:36:59 - [TEST_STEP][PASSED] - delay(3, STOP_ON_FAILURE): Delayed 3 second(s)

2020-08-17 17:37:02 - [MESSAGE][PASSED] - Delayed 3 second(s)

2020-08-17 17:37:02 - [TEST_STEP][PASSED] - if (otpMi[i] == "0"): null

2020-08-17 17:37:02 - [TEST_STEP][PASSED] - if (otpMi[i] == "1"): null

2020-08-17 17:37:02 - [TEST_STEP][PASSED] - if (otpMi[i] == "2"): null

2020-08-17 17:37:02 - [TEST_STEP][PASSED] - if (otpMi[i] == "3"): null

2020-08-17 17:37:02 - [TEST_STEP][PASSED] - if (otpMi[i] == "4"): null

2020-08-17 17:37:02 - [TEST_STEP][PASSED] - if (otpMi[i] == "5"): Tapped on element 'Object Repository/Maya/login again/Spy- 5'

2020-08-17 17:37:02 - [TEST_STEP][PASSED] - delay(1, STOP_ON_FAILURE): Delayed 1 second(s)

2020-08-17 17:37:03 - [MESSAGE][PASSED] - Delayed 1 second(s)

2020-08-17 17:37:03 - [TEST_STEP][PASSED] - tap(findTestObject("Maya/login again/Spy- 5"), 0): Tapped on element 'Object Repository/Maya/login again/Spy- 5'

2020-08-17 17:37:03 - [MESSAGE][WARNING] - Timeout '0' is invalid. Using default page load timeout: '10'

2020-08-17 17:37:05 - [MESSAGE][PASSED] - Tapped on element 'Object Repository/Maya/login again/Spy- 5'

2020-08-17 17:37:05 - [TEST_STEP][PASSED] - if (otpMi[i] == "6"): null

2020-08-17 17:37:05 - [TEST_STEP][PASSED] - if (otpMi[i] == "7"): null

2020-08-17 17:37:05 - [TEST_STEP][PASSED] - if (otpMi[i] == "8"): null

2020-08-17 17:37:05 - [TEST_STEP][PASSED] - if (otpMi[i] == "9"): null

2020-08-17 17:37:05 - [TEST_STEP][PASSED] - delay(3, STOP_ON_FAILURE): Delayed 3 second(s)

2020-08-17 17:37:08 - [MESSAGE][PASSED] - Delayed 3 second(s)

2020-08-17 17:37:08 - [TEST_STEP][PASSED] - if (otpMi[i] == "0"): Tapped on element 'Object Repository/Maya/login again/Spy-0'

2020-08-17 17:37:08 - [TEST_STEP][PASSED] - delay(1, STOP_ON_FAILURE): Delayed 1 second(s)

2020-08-17 17:37:09 - [MESSAGE][PASSED] - Delayed 1 second(s)

2020-08-17 17:37:09 - [TEST_STEP][PASSED] - tap(findTestObject("Maya/login again/Spy-0"), 0): Tapped on element 'Object Repository/Maya/login again/Spy-0'

2020-08-17 17:37:09 - [MESSAGE][WARNING] - Timeout '0' is invalid. Using default page load timeout: '10'

2020-08-17 17:37:13 - [MESSAGE][PASSED] - Tapped on element 'Object Repository/Maya/login again/Spy-0'

2020-08-17 17:37:13 - [TEST_STEP][PASSED] - if (otpMi[i] == "1"): null

2020-08-17 17:37:13 - [TEST_STEP][PASSED] - if (otpMi[i] == "2"): null

2020-08-17 17:37:13 - [TEST_STEP][PASSED] - if (otpMi[i] == "3"): null

2020-08-17 17:37:13 - [TEST_STEP][PASSED] - if (otpMi[i] == "4"): null

2020-08-17 17:37:13 - [TEST_STEP][PASSED] - if (otpMi[i] == "5"): null

2020-08-17 17:37:13 - [TEST_STEP][PASSED] - if (otpMi[i] == "6"): null

2020-08-17 17:37:13 - [TEST_STEP][PASSED] - if (otpMi[i] == "7"): null

2020-08-17 17:37:13 - [TEST_STEP][PASSED] - if (otpMi[i] == "8"): null

2020-08-17 17:37:13 - [TEST_STEP][PASSED] - if (otpMi[i] == "9"): null

2020-08-17 17:37:13 - [TEST_STEP][PASSED] - delay(3, STOP_ON_FAILURE): Delayed 3 second(s)

2020-08-17 17:37:16 - [MESSAGE][PASSED] - Delayed 3 second(s)

2020-08-17 17:37:16 - [TEST_STEP][PASSED] - if (otpMi[i] == "0"): null

2020-08-17 17:37:16 - [TEST_STEP][PASSED] - if (otpMi[i] == "1"): null

2020-08-17 17:37:16 - [TEST_STEP][PASSED] - if (otpMi[i] == "2"): null

2020-08-17 17:37:16 - [TEST_STEP][PASSED] - if (otpMi[i] == "3"): null

2020-08-17 17:37:16 - [TEST_STEP][PASSED] - if (otpMi[i] == "4"): null

2020-08-17 17:37:16 - [TEST_STEP][PASSED] - if (otpMi[i] == "5"): null

2020-08-17 17:37:16 - [TEST_STEP][PASSED] - if (otpMi[i] == "6"): null

2020-08-17 17:37:16 - [TEST_STEP][PASSED] - if (otpMi[i] == "7"): null

2020-08-17 17:37:16 - [TEST_STEP][PASSED] - if (otpMi[i] == "8"): null

2020-08-17 17:37:16 - [TEST_STEP][PASSED] - if (otpMi[i] == "9"): Tapped on element 'Object Repository/Maya/login again/Spy- 9'

2020-08-17 17:37:16 - [TEST_STEP][PASSED] - delay(1, STOP_ON_FAILURE): Delayed 1 second(s)

2020-08-17 17:37:17 - [MESSAGE][PASSED] - Delayed 1 second(s)

2020-08-17 17:37:17 - [TEST_STEP][PASSED] - tap(findTestObject("Maya/login again/Spy- 9"), 0): Tapped on element 'Object Repository/Maya/login again/Spy- 9'

2020-08-17 17:37:17 - [MESSAGE][WARNING] - Timeout '0' is invalid. Using default page load timeout: '10'

2020-08-17 17:37:19 - [MESSAGE][PASSED] - Tapped on element 'Object Repository/Maya/login again/Spy- 9'

2020-08-17 17:37:19 - [TEST_STEP][PASSED] - delay(3, STOP_ON_FAILURE): Delayed 3 second(s)

2020-08-17 17:37:22 - [MESSAGE][PASSED] - Delayed 3 second(s)

2020-08-17 17:37:22 - [TEST_STEP][PASSED] - if (otpMi[i] == "0"): null

2020-08-17 17:37:22 - [TEST_STEP][PASSED] - if (otpMi[i] == "1"): null

2020-08-17 17:37:22 - [TEST_STEP][PASSED] - if (otpMi[i] == "2"): null

2020-08-17 17:37:22 - [TEST_STEP][PASSED] - if (otpMi[i] == "3"): null

2020-08-17 17:37:22 - [TEST_STEP][PASSED] - if (otpMi[i] == "4"): null

2020-08-17 17:37:22 - [TEST_STEP][PASSED] - if (otpMi[i] == "5"): null

2020-08-17 17:37:22 - [TEST_STEP][PASSED] - if (otpMi[i] == "6"): null

2020-08-17 17:37:22 - [TEST_STEP][PASSED] - if (otpMi[i] == "7"): Tapped on element 'Object Repository/Maya/login again/Spy - 7'

2020-08-17 17:37:22 - [TEST_STEP][PASSED] - delay(1, STOP_ON_FAILURE): Delayed 1 second(s)

2020-08-17 17:37:23 - [MESSAGE][PASSED] - Delayed 1 second(s)

2020-08-17 17:37:23 - [TEST_STEP][PASSED] - tap(findTestObject("Maya/login again/Spy - 7"), 0): Tapped on element 'Object Repository/Maya/login again/Spy - 7'

2020-08-17 17:37:23 - [MESSAGE][WARNING] - Timeout '0' is invalid. Using default page load timeout: '10'

2020-08-17 17:37:25 - [MESSAGE][PASSED] - Tapped on element 'Object Repository/Maya/login again/Spy - 7'

2020-08-17 17:37:25 - [TEST_STEP][PASSED] - if (otpMi[i] == "8"): null

2020-08-17 17:37:25 - [TEST_STEP][PASSED] - if (otpMi[i] == "9"): null

2020-08-17 17:37:25 - [TEST_STEP][PASSED] - delay(8, STOP_ON_FAILURE): Delayed 8 second(s)

2020-08-17 17:37:33 - [MESSAGE][PASSED] - Delayed 8 second(s)

2020-08-17 17:37:33 - [TEST_STEP][PASSED] - tap(findTestObject("Maya/Forgot Pin/android.widget.ImageView0 (7)"), 0): Tapped on element 'Object Repository/Maya/Forgot Pin/android.widget.ImageView0 (7)'

2020-08-17 17:37:33 - [MESSAGE][WARNING] - Timeout '0' is invalid. Using default page load timeout: '10'

2020-08-17 17:37:34 - [MESSAGE][PASSED] - Tapped on element 'Object Repository/Maya/Forgot Pin/android.widget.ImageView0 (7)'

2020-08-17 17:37:34 - [TEST_STEP][PASSED] - verifyElementExist(findTestObject("Maya/RegisterDuitNow/android.widget.TextView0 - DuitNow successfully enabled."), 0): Element 'Object Repository/Maya/RegisterDuitNow/android.widget.TextView0 - DuitNow successfully enabled.' is exist

2020-08-17 17:37:34 - [MESSAGE][WARNING] - Timeout '0' is invalid. Using default page load timeout: '10'

2020-08-17 17:37:37 - [MESSAGE][PASSED] - Element 'Object Repository/Maya/RegisterDuitNow/android.widget.TextView0 - DuitNow successfully enabled.' is exist

2020-08-17 17:37:37 - [TEST_STEP][PASSED] - delay(2, STOP_ON_FAILURE): Delayed 2 second(s)

2020-08-17 17:37:39 - [MESSAGE][PASSED] - Delayed 2 second(s)

2020-08-17 17:37:39 - [TEST_STEP][PASSED] - takeScreenshot("C:\Users\LENOVO\Screenshot\DuitNowProxy\Screen14.png", CONTINUE_ON_FAILURE): Screenshot is taken

2020-08-17 17:37:40 - [MESSAGE][PASSED] - Screenshot is taken
[[ATTACHMENT|C:\\Users\\LENOVO\\Screenshot\\DuitNowProxy\\Screen14.png]]

2020-08-17 17:37:40 - [TEST_STEP][PASSED] - tap(findTestObject("Maya/Nric Proxy Army/android.widget.TextView0 - DuitNow (1)"), 0): Tapped on element 'Object Repository/Maya/Nric Proxy Army/android.widget.TextView0 - DuitNow (1)'

2020-08-17 17:37:40 - [MESSAGE][WARNING] - Timeout '0' is invalid. Using default page load timeout: '10'

2020-08-17 17:37:43 - [MESSAGE][PASSED] - Tapped on element 'Object Repository/Maya/Nric Proxy Army/android.widget.TextView0 - DuitNow (1)'

2020-08-17 17:37:43 - [TEST_STEP][PASSED] - tap(findTestObject("Maya/Nric Proxy Army/android.widget.TextView0 - ID Number"), 0): Tapped on element 'Object Repository/Maya/Nric Proxy Army/android.widget.TextView0 - ID Number'

2020-08-17 17:37:43 - [MESSAGE][WARNING] - Timeout '0' is invalid. Using default page load timeout: '10'

2020-08-17 17:37:44 - [MESSAGE][PASSED] - Tapped on element 'Object Repository/Maya/Nric Proxy Army/android.widget.TextView0 - ID Number'

2020-08-17 17:37:44 - [TEST_STEP][PASSED] - tap(findTestObject("Maya/Nric Proxy Army/android.widget.TextView0 - Deregister DuitNow (1)"), 0): Tapped on element 'Object Repository/Maya/Nric Proxy Army/android.widget.TextView0 - Deregister DuitNow (1)'

2020-08-17 17:37:44 - [MESSAGE][WARNING] - Timeout '0' is invalid. Using default page load timeout: '10'

2020-08-17 17:37:46 - [MESSAGE][PASSED] - Tapped on element 'Object Repository/Maya/Nric Proxy Army/android.widget.TextView0 - Deregister DuitNow (1)'

2020-08-17 17:37:46 - [TEST_STEP][PASSED] - tap(findTestObject("Maya/Nric Proxy Army/android.widget.TextView0 - Confirm (3)"), 0): Tapped on element 'Object Repository/Maya/Nric Proxy Army/android.widget.TextView0 - Confirm (3)'

2020-08-17 17:37:46 - [MESSAGE][WARNING] - Timeout '0' is invalid. Using default page load timeout: '10'

2020-08-17 17:37:48 - [MESSAGE][PASSED] - Tapped on element 'Object Repository/Maya/Nric Proxy Army/android.widget.TextView0 - Confirm (3)'

2020-08-17 17:37:48 - [TEST_STEP][PASSED] - tap(findTestObject("Maya/Nric Proxy Army/android.widget.TextView0 - Confirm (2)"), 0): Tapped on element 'Object Repository/Maya/Nric Proxy Army/android.widget.TextView0 - Confirm (2)'

2020-08-17 17:37:48 - [MESSAGE][WARNING] - Timeout '0' is invalid. Using default page load timeout: '10'

2020-08-17 17:37:49 - [MESSAGE][PASSED] - Tapped on element 'Object Repository/Maya/Nric Proxy Army/android.widget.TextView0 - Confirm (2)'

2020-08-17 17:37:49 - [TEST_STEP][PASSED] - takeScreenshot("C:\Users\LENOVO\Screenshot\DuitNowProxy\Screen6.png", CONTINUE_ON_FAILURE): Screenshot is taken

2020-08-17 17:37:50 - [MESSAGE][PASSED] - Screenshot is taken
[[ATTACHMENT|C:\\Users\\LENOVO\\Screenshot\\DuitNowProxy\\Screen6.png]]

2020-08-17 17:37:50 - [TEST_STEP][FAILED] - tap(findTestObject("Maya/RegisterDuitNow/android.widget.TextView0 - Confirm (1)"), 0): Object Object Repository/Maya/RegisterDuitNow/android.widget.TextView0 - Confirm (1) not found

2020-08-17 17:37:50 - [MESSAGE][WARNING] - Timeout '0' is invalid. Using default page load timeout: '10'

2020-08-17 17:38:01 - [MESSAGE][FAILED] - Object Object Repository/Maya/RegisterDuitNow/android.widget.TextView0 - Confirm (1) not found
[[ATTACHMENT|C:\\Users\\LENOVO\\Git_new\\Maya\\Reports\\20200817_173141\\Maya UAT\\UAT Test Suite\\20200817_173141\\1597657080983.png]]

2020-08-17 17:38:01 - [TEST_STEP][PASSED] - otpMess = getText(findTestObject("Maya/Third Party CA account/android.widget.TextView0 - Your OTP no. is 460943"), 0): Text of element 'Object Repository/Maya/Third Party CA account/android.widget.TextView0 - Your OTP no. is 460943' is: 'Your OTP no. is 087949'

2020-08-17 17:38:01 - [MESSAGE][WARNING] - Timeout '0' is invalid. Using default page load timeout: '10'

2020-08-17 17:38:02 - [MESSAGE][PASSED] - Text of element 'Object Repository/Maya/Third Party CA account/android.widget.TextView0 - Your OTP no. is 460943' is: 'Your OTP no. is 087949'

2020-08-17 17:38:02 - [TEST_STEP][PASSED] - delay(2): Delayed 2 second(s)

2020-08-17 17:38:04 - [MESSAGE][PASSED] - Delayed 2 second(s)

2020-08-17 17:38:04 - [TEST_STEP][PASSED] - for ([i = 16, i <= 21, (i++)]): Tapped on element 'Object Repository/Maya/login again/Spy- 9'

2020-08-17 17:38:04 - [TEST_STEP][PASSED] - delay(3, STOP_ON_FAILURE): Delayed 3 second(s)

2020-08-17 17:38:07 - [MESSAGE][PASSED] - Delayed 3 second(s)

2020-08-17 17:38:07 - [TEST_STEP][PASSED] - if (otpMess[i] == "0"): Tapped on element 'Object Repository/Maya/login again/Spy-0'

2020-08-17 17:38:07 - [TEST_STEP][PASSED] - delay(1, STOP_ON_FAILURE): Delayed 1 second(s)

2020-08-17 17:38:08 - [MESSAGE][PASSED] - Delayed 1 second(s)

2020-08-17 17:38:08 - [TEST_STEP][PASSED] - tap(findTestObject("Maya/login again/Spy-0"), 0): Tapped on element 'Object Repository/Maya/login again/Spy-0'

2020-08-17 17:38:08 - [MESSAGE][WARNING] - Timeout '0' is invalid. Using default page load timeout: '10'

2020-08-17 17:38:10 - [MESSAGE][PASSED] - Tapped on element 'Object Repository/Maya/login again/Spy-0'

2020-08-17 17:38:10 - [TEST_STEP][PASSED] - if (otpMess[i] == "1"): null

2020-08-17 17:38:10 - [TEST_STEP][PASSED] - if (otpMess[i] == "2"): null

2020-08-17 17:38:10 - [TEST_STEP][PASSED] - if (otpMess[i] == "3"): null

2020-08-17 17:38:10 - [TEST_STEP][PASSED] - if (otpMess[i] == "4"): null

2020-08-17 17:38:10 - [TEST_STEP][PASSED] - if (otpMess[i] == "5"): null

2020-08-17 17:38:10 - [TEST_STEP][PASSED] - if (otpMess[i] == "6"): null

2020-08-17 17:38:10 - [TEST_STEP][PASSED] - if (otpMess[i] == "7"): null

2020-08-17 17:38:10 - [TEST_STEP][PASSED] - if (otpMess[i] == "8"): null

2020-08-17 17:38:10 - [TEST_STEP][PASSED] - if (otpMess[i] == "9"): null

2020-08-17 17:38:10 - [TEST_STEP][PASSED] - delay(3, STOP_ON_FAILURE): Delayed 3 second(s)

2020-08-17 17:38:13 - [MESSAGE][PASSED] - Delayed 3 second(s)

2020-08-17 17:38:13 - [TEST_STEP][PASSED] - if (otpMess[i] == "0"): null

2020-08-17 17:38:13 - [TEST_STEP][PASSED] - if (otpMess[i] == "1"): null

2020-08-17 17:38:13 - [TEST_STEP][PASSED] - if (otpMess[i] == "2"): null

2020-08-17 17:38:13 - [TEST_STEP][PASSED] - if (otpMess[i] == "3"): null

2020-08-17 17:38:13 - [TEST_STEP][PASSED] - if (otpMess[i] == "4"): null

2020-08-17 17:38:13 - [TEST_STEP][PASSED] - if (otpMess[i] == "5"): null

2020-08-17 17:38:13 - [TEST_STEP][PASSED] - if (otpMess[i] == "6"): null

2020-08-17 17:38:13 - [TEST_STEP][PASSED] - if (otpMess[i] == "7"): null

2020-08-17 17:38:13 - [TEST_STEP][PASSED] - if (otpMess[i] == "8"): Tapped on element 'Object Repository/Maya/login again/Spy - 8'

2020-08-17 17:38:13 - [TEST_STEP][PASSED] - delay(1, STOP_ON_FAILURE): Delayed 1 second(s)

2020-08-17 17:38:14 - [MESSAGE][PASSED] - Delayed 1 second(s)

2020-08-17 17:38:14 - [TEST_STEP][PASSED] - tap(findTestObject("Maya/login again/Spy - 8"), 0): Tapped on element 'Object Repository/Maya/login again/Spy - 8'

2020-08-17 17:38:14 - [MESSAGE][WARNING] - Timeout '0' is invalid. Using default page load timeout: '10'

2020-08-17 17:38:18 - [MESSAGE][PASSED] - Tapped on element 'Object Repository/Maya/login again/Spy - 8'

2020-08-17 17:38:18 - [TEST_STEP][PASSED] - if (otpMess[i] == "9"): null

2020-08-17 17:38:18 - [TEST_STEP][PASSED] - delay(3, STOP_ON_FAILURE): Delayed 3 second(s)

2020-08-17 17:38:21 - [MESSAGE][PASSED] - Delayed 3 second(s)

2020-08-17 17:38:21 - [TEST_STEP][PASSED] - if (otpMess[i] == "0"): null

2020-08-17 17:38:21 - [TEST_STEP][PASSED] - if (otpMess[i] == "1"): null

2020-08-17 17:38:21 - [TEST_STEP][PASSED] - if (otpMess[i] == "2"): null

2020-08-17 17:38:21 - [TEST_STEP][PASSED] - if (otpMess[i] == "3"): null

2020-08-17 17:38:21 - [TEST_STEP][PASSED] - if (otpMess[i] == "4"): null

2020-08-17 17:38:21 - [TEST_STEP][PASSED] - if (otpMess[i] == "5"): null

2020-08-17 17:38:21 - [TEST_STEP][PASSED] - if (otpMess[i] == "6"): null

2020-08-17 17:38:21 - [TEST_STEP][PASSED] - if (otpMess[i] == "7"): Tapped on element 'Object Repository/Maya/login again/Spy - 7'

2020-08-17 17:38:21 - [TEST_STEP][PASSED] - delay(1, STOP_ON_FAILURE): Delayed 1 second(s)

2020-08-17 17:38:22 - [MESSAGE][PASSED] - Delayed 1 second(s)

2020-08-17 17:38:22 - [TEST_STEP][PASSED] - tap(findTestObject("Maya/login again/Spy - 7"), 0): Tapped on element 'Object Repository/Maya/login again/Spy - 7'

2020-08-17 17:38:22 - [MESSAGE][WARNING] - Timeout '0' is invalid. Using default page load timeout: '10'

2020-08-17 17:38:25 - [MESSAGE][PASSED] - Tapped on element 'Object Repository/Maya/login again/Spy - 7'

2020-08-17 17:38:25 - [TEST_STEP][PASSED] - if (otpMess[i] == "8"): null

2020-08-17 17:38:25 - [TEST_STEP][PASSED] - if (otpMess[i] == "9"): null

2020-08-17 17:38:25 - [TEST_STEP][PASSED] - delay(3, STOP_ON_FAILURE): Delayed 3 second(s)

2020-08-17 17:38:28 - [MESSAGE][PASSED] - Delayed 3 second(s)

2020-08-17 17:38:28 - [TEST_STEP][PASSED] - if (otpMess[i] == "0"): null

2020-08-17 17:38:28 - [TEST_STEP][PASSED] - if (otpMess[i] == "1"): null

2020-08-17 17:38:28 - [TEST_STEP][PASSED] - if (otpMess[i] == "2"): null

2020-08-17 17:38:28 - [TEST_STEP][PASSED] - if (otpMess[i] == "3"): null

2020-08-17 17:38:28 - [TEST_STEP][PASSED] - if (otpMess[i] == "4"): null

2020-08-17 17:38:28 - [TEST_STEP][PASSED] - if (otpMess[i] == "5"): null

2020-08-17 17:38:28 - [TEST_STEP][PASSED] - if (otpMess[i] == "6"): null

2020-08-17 17:38:28 - [TEST_STEP][PASSED] - if (otpMess[i] == "7"): null

2020-08-17 17:38:28 - [TEST_STEP][PASSED] - if (otpMess[i] == "8"): null

2020-08-17 17:38:28 - [TEST_STEP][PASSED] - if (otpMess[i] == "9"): Tapped on element 'Object Repository/Maya/login again/Spy- 9'

2020-08-17 17:38:28 - [TEST_STEP][PASSED] - delay(1, STOP_ON_FAILURE): Delayed 1 second(s)

2020-08-17 17:38:29 - [MESSAGE][PASSED] - Delayed 1 second(s)

2020-08-17 17:38:29 - [TEST_STEP][PASSED] - tap(findTestObject("Maya/login again/Spy- 9"), 0): Tapped on element 'Object Repository/Maya/login again/Spy- 9'

2020-08-17 17:38:29 - [MESSAGE][WARNING] - Timeout '0' is invalid. Using default page load timeout: '10'

2020-08-17 17:38:32 - [MESSAGE][PASSED] - Tapped on element 'Object Repository/Maya/login again/Spy- 9'

2020-08-17 17:38:32 - [TEST_STEP][PASSED] - delay(3, STOP_ON_FAILURE): Delayed 3 second(s)

2020-08-17 17:38:35 - [MESSAGE][PASSED] - Delayed 3 second(s)

2020-08-17 17:38:35 - [TEST_STEP][PASSED] - if (otpMess[i] == "0"): null

2020-08-17 17:38:35 - [TEST_STEP][PASSED] - if (otpMess[i] == "1"): null

2020-08-17 17:38:35 - [TEST_STEP][PASSED] - if (otpMess[i] == "2"): null

2020-08-17 17:38:35 - [TEST_STEP][PASSED] - if (otpMess[i] == "3"): null

2020-08-17 17:38:35 - [TEST_STEP][PASSED] - if (otpMess[i] == "4"): Tapped on element 'Object Repository/Maya/login again/Spy - 4'

2020-08-17 17:38:35 - [TEST_STEP][PASSED] - delay(1, STOP_ON_FAILURE): Delayed 1 second(s)

2020-08-17 17:38:36 - [MESSAGE][PASSED] - Delayed 1 second(s)

2020-08-17 17:38:36 - [TEST_STEP][PASSED] - tap(findTestObject("Maya/login again/Spy - 4"), 0): Tapped on element 'Object Repository/Maya/login again/Spy - 4'

2020-08-17 17:38:36 - [MESSAGE][WARNING] - Timeout '0' is invalid. Using default page load timeout: '10'

2020-08-17 17:38:39 - [MESSAGE][PASSED] - Tapped on element 'Object Repository/Maya/login again/Spy - 4'

2020-08-17 17:38:39 - [TEST_STEP][PASSED] - if (otpMess[i] == "5"): null

2020-08-17 17:38:39 - [TEST_STEP][PASSED] - if (otpMess[i] == "6"): null

2020-08-17 17:38:39 - [TEST_STEP][PASSED] - if (otpMess[i] == "7"): null

2020-08-17 17:38:39 - [TEST_STEP][PASSED] - if (otpMess[i] == "8"): null

2020-08-17 17:38:39 - [TEST_STEP][PASSED] - if (otpMess[i] == "9"): null

2020-08-17 17:38:39 - [TEST_STEP][PASSED] - delay(3, STOP_ON_FAILURE): Delayed 3 second(s)

2020-08-17 17:38:42 - [MESSAGE][PASSED] - Delayed 3 second(s)

2020-08-17 17:38:42 - [TEST_STEP][PASSED] - if (otpMess[i] == "0"): null

2020-08-17 17:38:42 - [TEST_STEP][PASSED] - if (otpMess[i] == "1"): null

2020-08-17 17:38:42 - [TEST_STEP][PASSED] - if (otpMess[i] == "2"): null

2020-08-17 17:38:42 - [TEST_STEP][PASSED] - if (otpMess[i] == "3"): null

2020-08-17 17:38:42 - [TEST_STEP][PASSED] - if (otpMess[i] == "4"): null

2020-08-17 17:38:42 - [TEST_STEP][PASSED] - if (otpMess[i] == "5"): null

2020-08-17 17:38:42 - [TEST_STEP][PASSED] - if (otpMess[i] == "6"): null

2020-08-17 17:38:42 - [TEST_STEP][PASSED] - if (otpMess[i] == "7"): null

2020-08-17 17:38:42 - [TEST_STEP][PASSED] - if (otpMess[i] == "8"): null

2020-08-17 17:38:42 - [TEST_STEP][PASSED] - if (otpMess[i] == "9"): Tapped on element 'Object Repository/Maya/login again/Spy- 9'

2020-08-17 17:38:42 - [TEST_STEP][PASSED] - delay(1, STOP_ON_FAILURE): Delayed 1 second(s)

2020-08-17 17:38:43 - [MESSAGE][PASSED] - Delayed 1 second(s)

2020-08-17 17:38:43 - [TEST_STEP][PASSED] - tap(findTestObject("Maya/login again/Spy- 9"), 0): Tapped on element 'Object Repository/Maya/login again/Spy- 9'

2020-08-17 17:38:43 - [MESSAGE][WARNING] - Timeout '0' is invalid. Using default page load timeout: '10'

2020-08-17 17:38:46 - [MESSAGE][PASSED] - Tapped on element 'Object Repository/Maya/login again/Spy- 9'

2020-08-17 17:38:46 - [TEST_STEP][PASSED] - delay(8, STOP_ON_FAILURE): Delayed 8 second(s)

2020-08-17 17:38:54 - [MESSAGE][PASSED] - Delayed 8 second(s)

2020-08-17 17:38:54 - [TEST_STEP][PASSED] - tap(findTestObject("Maya/Forgot Pin/android.widget.ImageView0 (7)"), 0): Tapped on element 'Object Repository/Maya/Forgot Pin/android.widget.ImageView0 (7)'

2020-08-17 17:38:54 - [MESSAGE][WARNING] - Timeout '0' is invalid. Using default page load timeout: '10'

2020-08-17 17:38:57 - [MESSAGE][PASSED] - Tapped on element 'Object Repository/Maya/Forgot Pin/android.widget.ImageView0 (7)'

2020-08-17 17:38:57 - [TEST_STEP][PASSED] - delay(8, STOP_ON_FAILURE): Delayed 8 second(s)

2020-08-17 17:39:05 - [MESSAGE][PASSED] - Delayed 8 second(s)

2020-08-17 17:39:05 - [TEST_STEP][FAILED] - verifyElementExist(findTestObject("Maya/RegisterDuitNow/android.widget.TextView0 - DuitNow successfully deregistered."), 0): Element 'Object Repository/Maya/RegisterDuitNow/android.widget.TextView0 - DuitNow successfully deregistered.' not found

2020-08-17 17:39:05 - [MESSAGE][WARNING] - Timeout '0' is invalid. Using default page load timeout: '10'

2020-08-17 17:39:17 - [MESSAGE][FAILED] - Element 'Object Repository/Maya/RegisterDuitNow/android.widget.TextView0 - DuitNow successfully deregistered.' not found
[[ATTACHMENT|C:\\Users\\LENOVO\\Git_new\\Maya\\Reports\\20200817_173141\\Maya UAT\\UAT Test Suite\\20200817_173141\\1597657156128.png]]

2020-08-17 17:39:17 - [TEST_STEP][PASSED] - delay(2, STOP_ON_FAILURE): Delayed 2 second(s)

2020-08-17 17:39:19 - [MESSAGE][PASSED] - Delayed 2 second(s)

2020-08-17 17:39:19 - [TEST_STEP][PASSED] - takeScreenshot("C:\Users\LENOVO\Screenshot\DuitNowProxy\Screen10.png", CONTINUE_ON_FAILURE): Screenshot is taken

2020-08-17 17:39:20 - [MESSAGE][PASSED] - Screenshot is taken
[[ATTACHMENT|C:\\Users\\LENOVO\\Screenshot\\DuitNowProxy\\Screen10.png]]

2020-08-17 17:39:20 - [TEST_STEP][PASSED] - tap(findTestObject("Maya/RegisterDuitNow/android.widget.TextView0 - DuitNow (6)"), 0): Tapped on element 'Object Repository/Maya/RegisterDuitNow/android.widget.TextView0 - DuitNow (6)'

2020-08-17 17:39:20 - [MESSAGE][WARNING] - Timeout '0' is invalid. Using default page load timeout: '10'

2020-08-17 17:39:22 - [MESSAGE][PASSED] - Tapped on element 'Object Repository/Maya/RegisterDuitNow/android.widget.TextView0 - DuitNow (6)'

2020-08-17 17:39:22 - [TEST_STEP][PASSED] - getText(findTestObject("Maya/RegisterDuitNow/android.widget.TextView0 - Select account"), 0): Text of element 'Object Repository/Maya/RegisterDuitNow/android.widget.TextView0 - Select account' is: 'Select account'

2020-08-17 17:39:22 - [MESSAGE][WARNING] - Timeout '0' is invalid. Using default page load timeout: '10'

2020-08-17 17:39:23 - [MESSAGE][PASSED] - Text of element 'Object Repository/Maya/RegisterDuitNow/android.widget.TextView0 - Select account' is: 'Select account'

2020-08-17 17:39:23 - [TEST_STEP][PASSED] - getText(findTestObject("Maya/RegisterDuitNow/android.widget.TextView0 - Not registered"), 0): Text of element 'Object Repository/Maya/RegisterDuitNow/android.widget.TextView0 - Not registered' is: 'Not registered'

2020-08-17 17:39:23 - [MESSAGE][WARNING] - Timeout '0' is invalid. Using default page load timeout: '10'

2020-08-17 17:39:24 - [MESSAGE][PASSED] - Text of element 'Object Repository/Maya/RegisterDuitNow/android.widget.TextView0 - Not registered' is: 'Not registered'

2020-08-17 17:39:24 - [TEST_STEP][PASSED] - delay(2, STOP_ON_FAILURE): Delayed 2 second(s)

2020-08-17 17:39:26 - [MESSAGE][PASSED] - Delayed 2 second(s)

2020-08-17 17:39:26 - [TEST_STEP][PASSED] - getText(findTestObject("Maya/Nric Proxy Army/android.widget.TextView0 - ID Number (1)"), 0): Text of element 'Object Repository/Maya/Nric Proxy Army/android.widget.TextView0 - ID Number (1)' is: 'ID Number'

2020-08-17 17:39:26 - [MESSAGE][WARNING] - Timeout '0' is invalid. Using default page load timeout: '10'

2020-08-17 17:39:26 - [MESSAGE][PASSED] - Text of element 'Object Repository/Maya/Nric Proxy Army/android.widget.TextView0 - ID Number (1)' is: 'ID Number'

2020-08-17 17:39:26 - [TEST_STEP][PASSED] - tap(findTestObject("Maya/Nric Proxy Army/android.widget.TextView0 - Select account"), 0): Tapped on element 'Object Repository/Maya/Nric Proxy Army/android.widget.TextView0 - Select account'

2020-08-17 17:39:26 - [MESSAGE][WARNING] - Timeout '0' is invalid. Using default page load timeout: '10'

2020-08-17 17:39:28 - [MESSAGE][PASSED] - Tapped on element 'Object Repository/Maya/Nric Proxy Army/android.widget.TextView0 - Select account'

2020-08-17 17:39:28 - [TEST_STEP][PASSED] - delay(2, STOP_ON_FAILURE): Delayed 2 second(s)

2020-08-17 17:39:30 - [MESSAGE][PASSED] - Delayed 2 second(s)

2020-08-17 17:39:30 - [TEST_STEP][PASSED] - tapAndHoldAtPosition(540, 773, 1): Tapped and held at [540, 773] with duration 1

2020-08-17 17:39:33 - [MESSAGE][PASSED] - Tapped and held at [540, 773] with duration 1

2020-08-17 17:39:33 - [TEST_STEP][PASSED] - delay(2, STOP_ON_FAILURE): Delayed 2 second(s)

2020-08-17 17:39:35 - [MESSAGE][PASSED] - Delayed 2 second(s)

2020-08-17 17:39:35 - [TEST_STEP][PASSED] - tap(findTestObject("Maya/Nric Proxy Army/android.widget.TextView0 - Continue (2)"), 0): Tapped on element 'Object Repository/Maya/Nric Proxy Army/android.widget.TextView0 - Continue (2)'

2020-08-17 17:39:35 - [MESSAGE][WARNING] - Timeout '0' is invalid. Using default page load timeout: '10'

2020-08-17 17:39:37 - [MESSAGE][PASSED] - Tapped on element 'Object Repository/Maya/Nric Proxy Army/android.widget.TextView0 - Continue (2)'

2020-08-17 17:39:37 - [TEST_STEP][PASSED] - getText(findTestObject("Maya/Nric Proxy Army/android.widget.TextView0 - Army  Police ID"), 0): Text of element 'Object Repository/Maya/Nric Proxy Army/android.widget.TextView0 - Army  Police ID' is: 'Army / Police ID'

2020-08-17 17:39:37 - [MESSAGE][WARNING] - Timeout '0' is invalid. Using default page load timeout: '10'

2020-08-17 17:39:37 - [MESSAGE][PASSED] - Text of element 'Object Repository/Maya/Nric Proxy Army/android.widget.TextView0 - Army  Police ID' is: 'Army / Police ID'

2020-08-17 17:39:37 - [TEST_STEP][PASSED] - getText(findTestObject("Maya/Nric Proxy Army/android.widget.TextView0 - 4178 (3)"), 0): Text of element 'Object Repository/Maya/Nric Proxy Army/android.widget.TextView0 - 4178 (3)' is: '**4178'

2020-08-17 17:39:37 - [MESSAGE][WARNING] - Timeout '0' is invalid. Using default page load timeout: '10'

2020-08-17 17:39:37 - [MESSAGE][PASSED] - Text of element 'Object Repository/Maya/Nric Proxy Army/android.widget.TextView0 - 4178 (3)' is: '**4178'

2020-08-17 17:39:37 - [TEST_STEP][PASSED] - getText(findTestObject("Maya/Nric Proxy Army/android.widget.TextView0 - Please confirm your DuitNow details"), 0): Text of element 'Object Repository/Maya/Nric Proxy Army/android.widget.TextView0 - Please confirm your DuitNow details' is: 'Please confirm your DuitNow details'

2020-08-17 17:39:37 - [MESSAGE][WARNING] - Timeout '0' is invalid. Using default page load timeout: '10'

2020-08-17 17:39:37 - [MESSAGE][PASSED] - Text of element 'Object Repository/Maya/Nric Proxy Army/android.widget.TextView0 - Please confirm your DuitNow details' is: 'Please confirm your DuitNow details'

2020-08-17 17:39:37 - [TEST_STEP][PASSED] - getText(findTestObject("Maya/Nric Proxy Army/android.widget.TextView0 - Personal Current Account (1)"), 0): Text of element 'Object Repository/Maya/Nric Proxy Army/android.widget.TextView0 - Personal Current Account (1)' is: 'Personal Current Account'

2020-08-17 17:39:37 - [MESSAGE][WARNING] - Timeout '0' is invalid. Using default page load timeout: '10'

2020-08-17 17:39:38 - [MESSAGE][PASSED] - Text of element 'Object Repository/Maya/Nric Proxy Army/android.widget.TextView0 - Personal Current Account (1)' is: 'Personal Current Account'

2020-08-17 17:39:38 - [TEST_STEP][PASSED] - getText(findTestObject("Maya/Nric Proxy Army/android.widget.TextView0 - 5140 1122 2552"), 0): Text of element 'Object Repository/Maya/Nric Proxy Army/android.widget.TextView0 - 5140 1122 2552' is: '5140 1122 2552'

2020-08-17 17:39:38 - [MESSAGE][WARNING] - Timeout '0' is invalid. Using default page load timeout: '10'

2020-08-17 17:39:39 - [MESSAGE][PASSED] - Text of element 'Object Repository/Maya/Nric Proxy Army/android.widget.TextView0 - 5140 1122 2552' is: '5140 1122 2552'

2020-08-17 17:39:39 - [TEST_STEP][PASSED] - getText(findTestObject("Maya/Nric Proxy Army/android.widget.TextView0 - Terms  Conditions"), 0): Text of element 'Object Repository/Maya/Nric Proxy Army/android.widget.TextView0 - Terms  Conditions' is: 'Terms & Conditions'

2020-08-17 17:39:39 - [MESSAGE][WARNING] - Timeout '0' is invalid. Using default page load timeout: '10'

2020-08-17 17:39:39 - [MESSAGE][PASSED] - Text of element 'Object Repository/Maya/Nric Proxy Army/android.widget.TextView0 - Terms  Conditions' is: 'Terms & Conditions'

2020-08-17 17:39:39 - [TEST_STEP][PASSED] - tap(findTestObject("Maya/Nric Proxy Army/android.widget.TextView0 - Agree and Confirm (1)"), 0): Tapped on element 'Object Repository/Maya/Nric Proxy Army/android.widget.TextView0 - Agree and Confirm (1)'

2020-08-17 17:39:39 - [MESSAGE][WARNING] - Timeout '0' is invalid. Using default page load timeout: '10'

2020-08-17 17:39:40 - [MESSAGE][PASSED] - Tapped on element 'Object Repository/Maya/Nric Proxy Army/android.widget.TextView0 - Agree and Confirm (1)'

2020-08-17 17:39:40 - [TEST_STEP][PASSED] - getText(findTestObject("Maya/Nric Proxy Army/android.widget.TextView0 - Youve successfully linked your account to DuitNow (1)"), 0): Text of element 'Object Repository/Maya/Nric Proxy Army/android.widget.TextView0 - Youve successfully linked your account to DuitNow (1)' is: 'You’ve successfully linked your account to DuitNow'

2020-08-17 17:39:40 - [MESSAGE][WARNING] - Timeout '0' is invalid. Using default page load timeout: '10'

2020-08-17 17:39:41 - [MESSAGE][PASSED] - Text of element 'Object Repository/Maya/Nric Proxy Army/android.widget.TextView0 - Youve successfully linked your account to DuitNow (1)' is: 'You’ve successfully linked your account to DuitNow'

2020-08-17 17:39:41 - [TEST_STEP][PASSED] - getText(findTestObject("Maya/Nric Proxy Army/android.widget.TextView0 - Army  Police ID (1)"), 0): Text of element 'Object Repository/Maya/Nric Proxy Army/android.widget.TextView0 - Army  Police ID (1)' is: 'Army / Police ID'

2020-08-17 17:39:41 - [MESSAGE][WARNING] - Timeout '0' is invalid. Using default page load timeout: '10'

2020-08-17 17:39:42 - [MESSAGE][PASSED] - Text of element 'Object Repository/Maya/Nric Proxy Army/android.widget.TextView0 - Army  Police ID (1)' is: 'Army / Police ID'

2020-08-17 17:39:42 - [TEST_STEP][PASSED] - getText(findTestObject("Maya/Nric Proxy Army/android.widget.TextView0 - 4178 (4)"), 0): Text of element 'Object Repository/Maya/Nric Proxy Army/android.widget.TextView0 - 4178 (4)' is: '**4178'

2020-08-17 17:39:42 - [MESSAGE][WARNING] - Timeout '0' is invalid. Using default page load timeout: '10'

2020-08-17 17:39:43 - [MESSAGE][PASSED] - Text of element 'Object Repository/Maya/Nric Proxy Army/android.widget.TextView0 - 4178 (4)' is: '**4178'

2020-08-17 17:39:43 - [TEST_STEP][PASSED] - getText(findTestObject("Maya/Nric Proxy Army/android.widget.TextView0 - Personal Current Account (2)"), 0): Text of element 'Object Repository/Maya/Nric Proxy Army/android.widget.TextView0 - Personal Current Account (2)' is: 'Personal Current Account'

2020-08-17 17:39:43 - [MESSAGE][WARNING] - Timeout '0' is invalid. Using default page load timeout: '10'

2020-08-17 17:39:43 - [MESSAGE][PASSED] - Text of element 'Object Repository/Maya/Nric Proxy Army/android.widget.TextView0 - Personal Current Account (2)' is: 'Personal Current Account'

2020-08-17 17:39:43 - [TEST_STEP][PASSED] - getText(findTestObject("Maya/Nric Proxy Army/android.widget.TextView0 - Your Account"), 0): Text of element 'Object Repository/Maya/Nric Proxy Army/android.widget.TextView0 - Your Account' is: 'Your Account'

2020-08-17 17:39:43 - [MESSAGE][WARNING] - Timeout '0' is invalid. Using default page load timeout: '10'

2020-08-17 17:39:43 - [MESSAGE][PASSED] - Text of element 'Object Repository/Maya/Nric Proxy Army/android.widget.TextView0 - Your Account' is: 'Your Account'

2020-08-17 17:39:43 - [TEST_STEP][PASSED] - tap(findTestObject("Maya/Nric Proxy Army/android.widget.TextView0 - Done (1)"), 0): Tapped on element 'Object Repository/Maya/Nric Proxy Army/android.widget.TextView0 - Done (1)'

2020-08-17 17:39:43 - [MESSAGE][WARNING] - Timeout '0' is invalid. Using default page load timeout: '10'

2020-08-17 17:39:45 - [MESSAGE][PASSED] - Tapped on element 'Object Repository/Maya/Nric Proxy Army/android.widget.TextView0 - Done (1)'

2020-08-17 17:39:45 - [TEST_STEP][PASSED] - tap(findTestObject("Maya/Nric Proxy Army/android.widget.TextView0 - DuitNow (1)"), 0): Tapped on element 'Object Repository/Maya/Nric Proxy Army/android.widget.TextView0 - DuitNow (1)'

2020-08-17 17:39:45 - [MESSAGE][WARNING] - Timeout '0' is invalid. Using default page load timeout: '10'

2020-08-17 17:39:47 - [MESSAGE][PASSED] - Tapped on element 'Object Repository/Maya/Nric Proxy Army/android.widget.TextView0 - DuitNow (1)'

2020-08-17 17:39:47 - [TEST_STEP][PASSED] - tap(findTestObject("Maya/Nric Proxy Army/android.widget.TextView0 - ID Number"), 0): Tapped on element 'Object Repository/Maya/Nric Proxy Army/android.widget.TextView0 - ID Number'

2020-08-17 17:39:47 - [MESSAGE][WARNING] - Timeout '0' is invalid. Using default page load timeout: '10'

2020-08-17 17:39:50 - [MESSAGE][PASSED] - Tapped on element 'Object Repository/Maya/Nric Proxy Army/android.widget.TextView0 - ID Number'

2020-08-17 17:39:50 - [TEST_STEP][PASSED] - tap(findTestObject("Maya/Nric Proxy Army/android.widget.ImageView0 (1)"), 0): Tapped on element 'Object Repository/Maya/Nric Proxy Army/android.widget.ImageView0 (1)'

2020-08-17 17:39:50 - [MESSAGE][WARNING] - Timeout '0' is invalid. Using default page load timeout: '10'

2020-08-17 17:39:51 - [MESSAGE][PASSED] - Tapped on element 'Object Repository/Maya/Nric Proxy Army/android.widget.ImageView0 (1)'

2020-08-17 17:39:51 - [TEST_STEP][PASSED] - tap(findTestObject("Maya/Nric Proxy Army/android.widget.ImageView0 (1)"), 0): Tapped on element 'Object Repository/Maya/Nric Proxy Army/android.widget.ImageView0 (1)'

2020-08-17 17:39:51 - [MESSAGE][WARNING] - Timeout '0' is invalid. Using default page load timeout: '10'

2020-08-17 17:39:53 - [MESSAGE][PASSED] - Tapped on element 'Object Repository/Maya/Nric Proxy Army/android.widget.ImageView0 (1)'

2020-08-17 17:39:53 - [TEST_STEP][PASSED] - tap(findTestObject("Maya/Nric Proxy Army/android.widget.TextView0 - More (2)"), 0): Tapped on element 'Object Repository/Maya/Nric Proxy Army/android.widget.TextView0 - More (2)'

2020-08-17 17:39:53 - [MESSAGE][WARNING] - Timeout '0' is invalid. Using default page load timeout: '10'

2020-08-17 17:40:05 - [MESSAGE][PASSED] - Tapped on element 'Object Repository/Maya/Nric Proxy Army/android.widget.TextView0 - More (2)'

2020-08-17 17:40:05 - [TEST_STEP][PASSED] - tap(findTestObject("Maya/Nric Proxy Army/android.widget.TextView0 - Notifications"), 0): Tapped on element 'Object Repository/Maya/Nric Proxy Army/android.widget.TextView0 - Notifications'

2020-08-17 17:40:05 - [MESSAGE][WARNING] - Timeout '0' is invalid. Using default page load timeout: '10'

2020-08-17 17:40:06 - [MESSAGE][PASSED] - Tapped on element 'Object Repository/Maya/Nric Proxy Army/android.widget.TextView0 - Notifications'

2020-08-17 17:40:06 - [TEST_STEP][PASSED] - getText(findTestObject("Maya/Nric Proxy Army/android.widget.TextView0 - Maybank2u DuitNow ID Registration"), 0): Text of element 'Object Repository/Maya/Nric Proxy Army/android.widget.TextView0 - Maybank2u DuitNow ID Registration' is: 'Maybank2u: DuitNow ID Registration'

2020-08-17 17:40:06 - [MESSAGE][WARNING] - Timeout '0' is invalid. Using default page load timeout: '10'

2020-08-17 17:40:12 - [MESSAGE][PASSED] - Text of element 'Object Repository/Maya/Nric Proxy Army/android.widget.TextView0 - Maybank2u DuitNow ID Registration' is: 'Maybank2u: DuitNow ID Registration'

2020-08-17 17:40:12 - [TEST_STEP][PASSED] - getText(findTestObject("Maya/Nric Proxy Army/android.widget.TextView0 - Duitnow Proxy (Army  Police ID) ending 4178 has just been registered."), 0): Text of element 'Object Repository/Maya/Nric Proxy Army/android.widget.TextView0 - Duitnow Proxy (Army  Police ID) ending 4178 has just been registered.' is: 'Duitnow Proxy (Army / Police ID) ending ****4178 has just been registered.'

2020-08-17 17:40:13 - [MESSAGE][WARNING] - Timeout '0' is invalid. Using default page load timeout: '10'

2020-08-17 17:40:13 - [MESSAGE][PASSED] - Text of element 'Object Repository/Maya/Nric Proxy Army/android.widget.TextView0 - Duitnow Proxy (Army  Police ID) ending 4178 has just been registered.' is: 'Duitnow Proxy (Army / Police ID) ending ****4178 has just been registered.'

2020-08-17 17:40:13 - [TEST_STEP][PASSED] - getText(findTestObject("Maya/Nric Proxy Army/android.widget.TextView0 - 314 PM"), 0): Text of element 'Object Repository/Maya/Nric Proxy Army/android.widget.TextView0 - 314 PM' is: '5:39 PM'

2020-08-17 17:40:13 - [MESSAGE][WARNING] - Timeout '0' is invalid. Using default page load timeout: '10'

2020-08-17 17:40:14 - [MESSAGE][PASSED] - Text of element 'Object Repository/Maya/Nric Proxy Army/android.widget.TextView0 - 314 PM' is: '5:39 PM'

2020-08-17 17:40:14 - [TEST_STEP][PASSED] - getText(findTestObject("Maya/Nric Proxy Army/android.widget.TextView0 - Maybank2u DuitNow ID Deregistration"), 0): Text of element 'Object Repository/Maya/Nric Proxy Army/android.widget.TextView0 - Maybank2u DuitNow ID Deregistration' is: 'Maybank2u: DuitNow ID Deregistration'

2020-08-17 17:40:14 - [MESSAGE][WARNING] - Timeout '0' is invalid. Using default page load timeout: '10'

2020-08-17 17:40:15 - [MESSAGE][PASSED] - Text of element 'Object Repository/Maya/Nric Proxy Army/android.widget.TextView0 - Maybank2u DuitNow ID Deregistration' is: 'Maybank2u: DuitNow ID Deregistration'

2020-08-17 17:40:15 - [TEST_STEP][PASSED] - getText(findTestObject("Maya/Nric Proxy Army/android.widget.TextView0 - 312 PM"), 0): Text of element 'Object Repository/Maya/Nric Proxy Army/android.widget.TextView0 - 312 PM' is: '5:38 PM'

2020-08-17 17:40:15 - [MESSAGE][WARNING] - Timeout '0' is invalid. Using default page load timeout: '10'

2020-08-17 17:40:16 - [MESSAGE][PASSED] - Text of element 'Object Repository/Maya/Nric Proxy Army/android.widget.TextView0 - 312 PM' is: '5:38 PM'

2020-08-17 17:40:16 - [TEST_STEP][PASSED] - getText(findTestObject("Maya/Nric Proxy Army/android.widget.TextView0 - Duitnow Proxy (NRIC Number) ending 4178 has just been deregistered."), 0): Text of element 'Object Repository/Maya/Nric Proxy Army/android.widget.TextView0 - Duitnow Proxy (NRIC Number) ending 4178 has just been deregistered.' is: 'Duitnow Proxy (NRIC Number) ending ****4178 has just been deregistered.'

2020-08-17 17:40:16 - [MESSAGE][WARNING] - Timeout '0' is invalid. Using default page load timeout: '10'

2020-08-17 17:40:17 - [MESSAGE][PASSED] - Text of element 'Object Repository/Maya/Nric Proxy Army/android.widget.TextView0 - Duitnow Proxy (NRIC Number) ending 4178 has just been deregistered.' is: 'Duitnow Proxy (NRIC Number) ending ****4178 has just been deregistered.'

2020-08-17 17:40:17 - [TEST_STEP][PASSED] - getText(findTestObject("Maya/Nric Proxy Army/android.widget.TextView0 - Maybank2u DuitNow ID Proxy enabled"), 0): Text of element 'Object Repository/Maya/Nric Proxy Army/android.widget.TextView0 - Maybank2u DuitNow ID Proxy enabled' is: 'Maybank2u: DuitNow ID Proxy enabled'

2020-08-17 17:40:17 - [MESSAGE][WARNING] - Timeout '0' is invalid. Using default page load timeout: '10'

2020-08-17 17:40:18 - [MESSAGE][PASSED] - Text of element 'Object Repository/Maya/Nric Proxy Army/android.widget.TextView0 - Maybank2u DuitNow ID Proxy enabled' is: 'Maybank2u: DuitNow ID Proxy enabled'

2020-08-17 17:40:18 - [TEST_STEP][PASSED] - getText(findTestObject("Maya/Nric Proxy Army/android.widget.TextView0 - 311 PM"), 0): Text of element 'Object Repository/Maya/Nric Proxy Army/android.widget.TextView0 - 311 PM' is: '5:37 PM'

2020-08-17 17:40:18 - [MESSAGE][WARNING] - Timeout '0' is invalid. Using default page load timeout: '10'

2020-08-17 17:40:19 - [MESSAGE][PASSED] - Text of element 'Object Repository/Maya/Nric Proxy Army/android.widget.TextView0 - 311 PM' is: '5:37 PM'

2020-08-17 17:40:19 - [TEST_STEP][PASSED] - getText(findTestObject("Maya/Nric Proxy Army/android.widget.TextView0 - Duitnow Proxy (NRIC Number) ending 4178 has just been enabled."), 0): Text of element 'Object Repository/Maya/Nric Proxy Army/android.widget.TextView0 - Duitnow Proxy (NRIC Number) ending 4178 has just been enabled.' is: 'Duitnow Proxy (NRIC Number) ending ****4178 has just been enabled.'

2020-08-17 17:40:19 - [MESSAGE][WARNING] - Timeout '0' is invalid. Using default page load timeout: '10'

2020-08-17 17:40:19 - [MESSAGE][PASSED] - Text of element 'Object Repository/Maya/Nric Proxy Army/android.widget.TextView0 - Duitnow Proxy (NRIC Number) ending 4178 has just been enabled.' is: 'Duitnow Proxy (NRIC Number) ending ****4178 has just been enabled.'

2020-08-17 17:40:19 - [TEST_STEP][PASSED] - getText(findTestObject("Maya/Nric Proxy Army/android.widget.TextView0 - 310 PM"), 0): Text of element 'Object Repository/Maya/Nric Proxy Army/android.widget.TextView0 - 310 PM' is: '5:36 PM'

2020-08-17 17:40:19 - [MESSAGE][WARNING] - Timeout '0' is invalid. Using default page load timeout: '10'

2020-08-17 17:40:20 - [MESSAGE][PASSED] - Text of element 'Object Repository/Maya/Nric Proxy Army/android.widget.TextView0 - 310 PM' is: '5:36 PM'

2020-08-17 17:40:20 - [TEST_STEP][PASSED] - getText(findTestObject("Maya/Nric Proxy Army/android.widget.TextView0 - Duitnow Proxy (NRIC Number) ending 4178 has just been disabled."), 0): Text of element 'Object Repository/Maya/Nric Proxy Army/android.widget.TextView0 - Duitnow Proxy (NRIC Number) ending 4178 has just been disabled.' is: 'Duitnow Proxy (NRIC Number) ending ****4178 has just been disabled.'

2020-08-17 17:40:20 - [MESSAGE][WARNING] - Timeout '0' is invalid. Using default page load timeout: '10'

2020-08-17 17:40:20 - [MESSAGE][PASSED] - Text of element 'Object Repository/Maya/Nric Proxy Army/android.widget.TextView0 - Duitnow Proxy (NRIC Number) ending 4178 has just been disabled.' is: 'Duitnow Proxy (NRIC Number) ending ****4178 has just been disabled.'

2020-08-17 17:40:20 - [TEST_STEP][PASSED] - getText(findTestObject("Maya/Nric Proxy Army/android.widget.TextView0 - Maybank2u DuitNow ID Proxy disabled"), 0): Text of element 'Object Repository/Maya/Nric Proxy Army/android.widget.TextView0 - Maybank2u DuitNow ID Proxy disabled' is: 'Maybank2u: DuitNow ID Proxy disabled'

2020-08-17 17:40:20 - [MESSAGE][WARNING] - Timeout '0' is invalid. Using default page load timeout: '10'

2020-08-17 17:40:21 - [MESSAGE][PASSED] - Text of element 'Object Repository/Maya/Nric Proxy Army/android.widget.TextView0 - Maybank2u DuitNow ID Proxy disabled' is: 'Maybank2u: DuitNow ID Proxy disabled'

2020-08-17 17:40:21 - [TEST_STEP][PASSED] - getText(findTestObject("Maya/Nric Proxy Army/android.widget.TextView0 - Duitnow Proxy (NRIC Number) ending 4178 has just been disabled. (1)"), 0): Text of element 'Object Repository/Maya/Nric Proxy Army/android.widget.TextView0 - Duitnow Proxy (NRIC Number) ending 4178 has just been disabled. (1)' is: 'Duitnow Proxy (NRIC Number) ending ****4178 has just been disabled.'

2020-08-17 17:40:21 - [MESSAGE][WARNING] - Timeout '0' is invalid. Using default page load timeout: '10'

2020-08-17 17:40:22 - [MESSAGE][PASSED] - Text of element 'Object Repository/Maya/Nric Proxy Army/android.widget.TextView0 - Duitnow Proxy (NRIC Number) ending 4178 has just been disabled. (1)' is: 'Duitnow Proxy (NRIC Number) ending ****4178 has just been disabled.'

2020-08-17 17:40:22 - [TEST_STEP][NOT_RUN] - getText(findTestObject("Maya/Nric Proxy Army/android.widget.TextView0 - 310 PM (1)"), 0): NOT_RUN: getText(findTestObject("Maya/Nric Proxy Army/android.widget.TextView0 - 310 PM (1)"), 0)

2020-08-17 17:40:22 - [MESSAGE][NOT_RUN] - NOT_RUN: getText(findTestObject("Maya/Nric Proxy Army/android.widget.TextView0 - 310 PM (1)"), 0)

2020-08-17 17:40:22 - [TEST_STEP][PASSED] - getText(findTestObject("Maya/Nric Proxy Army/android.widget.TextView0 - Maybank2u DuitNow ID Proxy Update"), 0): Text of element 'Object Repository/Maya/Nric Proxy Army/android.widget.TextView0 - Maybank2u DuitNow ID Proxy Update' is: 'Maybank2u: DuitNow ID Proxy Update'

2020-08-17 17:40:22 - [MESSAGE][WARNING] - Timeout '0' is invalid. Using default page load timeout: '10'

2020-08-17 17:40:22 - [MESSAGE][PASSED] - Text of element 'Object Repository/Maya/Nric Proxy Army/android.widget.TextView0 - Maybank2u DuitNow ID Proxy Update' is: 'Maybank2u: DuitNow ID Proxy Update'

2020-08-17 17:40:22 - [TEST_STEP][PASSED] - getText(findTestObject("Maya/Nric Proxy Army/android.widget.TextView0 - Duitnow Proxy (NRIC Number) ending 4178 has just been updated."), 0): Text of element 'Object Repository/Maya/Nric Proxy Army/android.widget.TextView0 - Duitnow Proxy (NRIC Number) ending 4178 has just been updated.' is: 'Duitnow Proxy (NRIC Number) ending ****4178 has just been updated.'

2020-08-17 17:40:22 - [MESSAGE][WARNING] - Timeout '0' is invalid. Using default page load timeout: '10'

2020-08-17 17:40:23 - [MESSAGE][PASSED] - Text of element 'Object Repository/Maya/Nric Proxy Army/android.widget.TextView0 - Duitnow Proxy (NRIC Number) ending 4178 has just been updated.' is: 'Duitnow Proxy (NRIC Number) ending ****4178 has just been updated.'

2020-08-17 17:40:23 - [TEST_STEP][PASSED] - getText(findTestObject("Maya/Nric Proxy Army/android.widget.TextView0 - 308 PM"), 0): Text of element 'Object Repository/Maya/Nric Proxy Army/android.widget.TextView0 - 308 PM' is: '5:34 PM'

2020-08-17 17:40:23 - [MESSAGE][WARNING] - Timeout '0' is invalid. Using default page load timeout: '10'

2020-08-17 17:40:24 - [MESSAGE][PASSED] - Text of element 'Object Repository/Maya/Nric Proxy Army/android.widget.TextView0 - 308 PM' is: '5:34 PM'

2020-08-17 17:40:24 - [TEST_STEP][PASSED] - closeApplication(): Close app successfully

2020-08-17 17:40:25 - [MESSAGE][PASSED] - Close app successfully]]></system-out>
         <system-err><![CDATA[2020-08-17 17:31:44 - [TEST_CASE][FAILED] - Test Cases/JINU/DuiTNow Drop 2/DuiTNow Army Proxy: Test Cases/JINU/DuiTNow Drop 2/DuiTNow Army Proxy FAILED.
Reason:
com.kms.katalon.core.exception.StepFailedException: Object Object Repository/Maya/Nric Proxy Army/android.widget.TextView0 - NRIC Number not found
	at com.kms.katalon.core.keyword.internal.KeywordMain.stepFailed(KeywordMain.groovy:39)
	at com.kms.katalon.core.mobile.keyword.internal.MobileKeywordMain.stepFailed(MobileKeywordMain.groovy:40)
	at com.kms.katalon.core.mobile.keyword.builtin.GetTextKeyword$_getText_closure1.doCall(GetTextKeyword.groovy:74)
	at com.kms.katalon.core.mobile.keyword.builtin.GetTextKeyword$_getText_closure1.call(GetTextKeyword.groovy)
	at com.kms.katalon.core.mobile.keyword.internal.MobileKeywordMain.runKeyword(MobileKeywordMain.groovy:21)
	at com.kms.katalon.core.mobile.keyword.builtin.GetTextKeyword.getText(GetTextKeyword.groovy:80)
	at com.kms.katalon.core.mobile.keyword.builtin.GetTextKeyword.execute(GetTextKeyword.groovy:64)
	at com.kms.katalon.core.keyword.internal.KeywordExecutor.executeKeywordForPlatform(KeywordExecutor.groovy:72)
	at com.kms.katalon.core.mobile.keyword.MobileBuiltInKeywords.getText(MobileBuiltInKeywords.groovy:459)
	at com.kms.katalon.core.mobile.keyword.MobileBuiltInKeywords$getText$4.call(Unknown Source)
	at DuiTNow Army Proxy.run(DuiTNow Army Proxy:225)
	at com.kms.katalon.core.main.ScriptEngine.run(ScriptEngine.java:194)
	at com.kms.katalon.core.main.ScriptEngine.runScriptAsRawText(ScriptEngine.java:119)
	at com.kms.katalon.core.main.TestCaseExecutor.runScript(TestCaseExecutor.java:337)
	at com.kms.katalon.core.main.TestCaseExecutor.doExecute(TestCaseExecutor.java:328)
	at com.kms.katalon.core.main.TestCaseExecutor.processExecutionPhase(TestCaseExecutor.java:307)
	at com.kms.katalon.core.main.TestCaseExecutor.accessMainPhase(TestCaseExecutor.java:299)
	at com.kms.katalon.core.main.TestCaseExecutor.execute(TestCaseExecutor.java:233)
	at com.kms.katalon.core.main.TestSuiteExecutor.accessTestCaseMainPhase(TestSuiteExecutor.java:169)
	at com.kms.katalon.core.main.TestSuiteExecutor.accessTestSuiteMainPhase(TestSuiteExecutor.java:142)
	at com.kms.katalon.core.main.TestSuiteExecutor.execute(TestSuiteExecutor.java:91)
	at com.kms.katalon.core.main.TestCaseMain.startTestSuite(TestCaseMain.java:157)
	at com.kms.katalon.core.main.TestCaseMain$startTestSuite$0.call(Unknown Source)
	at TempTestSuite1597656701132.run(TempTestSuite1597656701132.groovy:36)]]></system-err>
      </testcase>
      <system-out><![CDATA[2020-08-17 17:31:44 - [TEST_SUITE][FAILED] - UAT Test Suite: Test Cases/JINU/DuiTNow Drop 2/DuiTNow Army Proxy FAILED.
Reason:
com.kms.katalon.core.exception.StepFailedException: Object Object Repository/Maya/Nric Proxy Army/android.widget.TextView0 - NRIC Number not found
	at com.kms.katalon.core.keyword.internal.KeywordMain.stepFailed(KeywordMain.groovy:39)
	at com.kms.katalon.core.mobile.keyword.internal.MobileKeywordMain.stepFailed(MobileKeywordMain.groovy:40)
	at com.kms.katalon.core.mobile.keyword.builtin.GetTextKeyword$_getText_closure1.doCall(GetTextKeyword.groovy:74)
	at com.kms.katalon.core.mobile.keyword.builtin.GetTextKeyword$_getText_closure1.call(GetTextKeyword.groovy)
	at com.kms.katalon.core.mobile.keyword.internal.MobileKeywordMain.runKeyword(MobileKeywordMain.groovy:21)
	at com.kms.katalon.core.mobile.keyword.builtin.GetTextKeyword.getText(GetTextKeyword.groovy:80)
	at com.kms.katalon.core.mobile.keyword.builtin.GetTextKeyword.execute(GetTextKeyword.groovy:64)
	at com.kms.katalon.core.keyword.internal.KeywordExecutor.executeKeywordForPlatform(KeywordExecutor.groovy:72)
	at com.kms.katalon.core.mobile.keyword.MobileBuiltInKeywords.getText(MobileBuiltInKeywords.groovy:459)
	at com.kms.katalon.core.mobile.keyword.MobileBuiltInKeywords$getText$4.call(Unknown Source)
	at DuiTNow Army Proxy.run(DuiTNow Army Proxy:225)
	at com.kms.katalon.core.main.ScriptEngine.run(ScriptEngine.java:194)
	at com.kms.katalon.core.main.ScriptEngine.runScriptAsRawText(ScriptEngine.java:119)
	at com.kms.katalon.core.main.TestCaseExecutor.runScript(TestCaseExecutor.java:337)
	at com.kms.katalon.core.main.TestCaseExecutor.doExecute(TestCaseExecutor.java:328)
	at com.kms.katalon.core.main.TestCaseExecutor.processExecutionPhase(TestCaseExecutor.java:307)
	at com.kms.katalon.core.main.TestCaseExecutor.accessMainPhase(TestCaseExecutor.java:299)
	at com.kms.katalon.core.main.TestCaseExecutor.execute(TestCaseExecutor.java:233)
	at com.kms.katalon.core.main.TestSuiteExecutor.accessTestCaseMainPhase(TestSuiteExecutor.java:169)
	at com.kms.katalon.core.main.TestSuiteExecutor.accessTestSuiteMainPhase(TestSuiteExecutor.java:142)
	at com.kms.katalon.core.main.TestSuiteExecutor.execute(TestSuiteExecutor.java:91)
	at com.kms.katalon.core.main.TestCaseMain.startTestSuite(TestCaseMain.java:157)
	at com.kms.katalon.core.main.TestCaseMain$startTestSuite$0.call(Unknown Source)
	at TempTestSuite1597656701132.run(TempTestSuite1597656701132.groovy:36)]]></system-out>
      <system-err><![CDATA[2020-08-17 17:31:44 - [TEST_SUITE][FAILED] - UAT Test Suite: Test Cases/JINU/DuiTNow Drop 2/DuiTNow Army Proxy FAILED.
Reason:
com.kms.katalon.core.exception.StepFailedException: Object Object Repository/Maya/Nric Proxy Army/android.widget.TextView0 - NRIC Number not found
	at com.kms.katalon.core.keyword.internal.KeywordMain.stepFailed(KeywordMain.groovy:39)
	at com.kms.katalon.core.mobile.keyword.internal.MobileKeywordMain.stepFailed(MobileKeywordMain.groovy:40)
	at com.kms.katalon.core.mobile.keyword.builtin.GetTextKeyword$_getText_closure1.doCall(GetTextKeyword.groovy:74)
	at com.kms.katalon.core.mobile.keyword.builtin.GetTextKeyword$_getText_closure1.call(GetTextKeyword.groovy)
	at com.kms.katalon.core.mobile.keyword.internal.MobileKeywordMain.runKeyword(MobileKeywordMain.groovy:21)
	at com.kms.katalon.core.mobile.keyword.builtin.GetTextKeyword.getText(GetTextKeyword.groovy:80)
	at com.kms.katalon.core.mobile.keyword.builtin.GetTextKeyword.execute(GetTextKeyword.groovy:64)
	at com.kms.katalon.core.keyword.internal.KeywordExecutor.executeKeywordForPlatform(KeywordExecutor.groovy:72)
	at com.kms.katalon.core.mobile.keyword.MobileBuiltInKeywords.getText(MobileBuiltInKeywords.groovy:459)
	at com.kms.katalon.core.mobile.keyword.MobileBuiltInKeywords$getText$4.call(Unknown Source)
	at DuiTNow Army Proxy.run(DuiTNow Army Proxy:225)
	at com.kms.katalon.core.main.ScriptEngine.run(ScriptEngine.java:194)
	at com.kms.katalon.core.main.ScriptEngine.runScriptAsRawText(ScriptEngine.java:119)
	at com.kms.katalon.core.main.TestCaseExecutor.runScript(TestCaseExecutor.java:337)
	at com.kms.katalon.core.main.TestCaseExecutor.doExecute(TestCaseExecutor.java:328)
	at com.kms.katalon.core.main.TestCaseExecutor.processExecutionPhase(TestCaseExecutor.java:307)
	at com.kms.katalon.core.main.TestCaseExecutor.accessMainPhase(TestCaseExecutor.java:299)
	at com.kms.katalon.core.main.TestCaseExecutor.execute(TestCaseExecutor.java:233)
	at com.kms.katalon.core.main.TestSuiteExecutor.accessTestCaseMainPhase(TestSuiteExecutor.java:169)
	at com.kms.katalon.core.main.TestSuiteExecutor.accessTestSuiteMainPhase(TestSuiteExecutor.java:142)
	at com.kms.katalon.core.main.TestSuiteExecutor.execute(TestSuiteExecutor.java:91)
	at com.kms.katalon.core.main.TestCaseMain.startTestSuite(TestCaseMain.java:157)
	at com.kms.katalon.core.main.TestCaseMain$startTestSuite$0.call(Unknown Source)
	at TempTestSuite1597656701132.run(TempTestSuite1597656701132.groovy:36)]]></system-err>
   </testsuite>
</testsuites>
