<?xml version="1.0" encoding="UTF-8"?>
<testsuites name="UAT Test Suite" time="460.542" tests="1" failures="0" errors="0">
   <testsuite name="UAT Test Suite" tests="1" failures="0" errors="0" time="460.542" timestamp="2020-08-07 17:12:29" hostname="LENOVO - DESKTOP-CP3TV4N" id="Test Suites/Maya UAT/UAT Test Suite">
      <properties>
         <property name="deviceName" value="Xiaomi Redmi Note 7S (Android 9)"/>
         <property name="devicePlatform" value=""/>
         <property name="logFolder" value="C:\\Users\\LENOVO\\Git_new\\Maya\\Reports\\20200807_171225\\Maya UAT\\UAT Test Suite\\20200807_171225"/>
         <property name="logFiles" value="C:\\Users\\LENOVO\\Git_new\\Maya\\Reports\\20200807_171225\\Maya UAT\\UAT Test Suite\\20200807_171225\\appium.log, C:\\Users\\LENOVO\\Git_new\\Maya\\Reports\\20200807_171225\\Maya UAT\\UAT Test Suite\\20200807_171225\\execution0.log"/>
         <property name="attachments" value="C:\\Users\\LENOVO\\Screenshot\\DuitNowProxy\\Screen3.png, C:\\Users\\LENOVO\\Screenshot\\DuitNowProxy\\Screen4.png, C:\\Users\\LENOVO\\Screenshot\\DuitNowProxy\\Screen5.png, C:\\Users\\LENOVO\\Screenshot\\DuitNowProxy\\Screen6.png, C:\\Users\\LENOVO\\Screenshot\\DuitNowProxy\\Screen15.png, C:\\Users\\LENOVO\\Screenshot\\DuitNowProxy\\Screen6.png, C:\\Users\\LENOVO\\Screenshot\\DuitNowProxy\\Screen7.png, C:\\Users\\LENOVO\\Screenshot\\DuitNowProxy\\Screen4.png, C:\\Users\\LENOVO\\Screenshot\\DuitNowProxy\\Screen75.png, C:\\Users\\LENOVO\\Screenshot\\DuitNowProxy\\Screen56.png, C:\\Users\\LENOVO\\Screenshot\\DuitNowProxy\\Screen15.png, C:\\Users\\LENOVO\\Screenshot\\DuitNowProxy\\Screen8.png, C:\\Users\\LENOVO\\Screenshot\\DuitNowProxy\\Screen9.png, C:\\Users\\LENOVO\\Screenshot\\DuitNowProxy\\Screen10.png, C:\\Users\\LENOVO\\Screenshot\\DuitNowProxy\\Screen8.png, C:\\Users\\LENOVO\\Screenshot\\DuitNowProxy\\Screen12.png, C:\\Users\\LENOVO\\Screenshot\\DuitNowProxy\\Screen13.png, C:\\Users\\LENOVO\\Screenshot\\DuitNowProxy\\Screen14.png"/>
         <property name="hostName" value="LENOVO - DESKTOP-CP3TV4N"/>
         <property name="os" value="Windows 10 64bit"/>
         <property name="appiumServerStatus" value="{\&quot;value\&quot;:{\&quot;build\&quot;:{\&quot;version\&quot;:\&quot;1.15.1\&quot;}},\&quot;sessionId\&quot;:null,\&quot;status\&quot;:0}"/>
         <property name="katalonVersion" value="7.2.7.1"/>
         <property name="deviceOS" value="Android"/>
         <property name="appiumVersion" value="1.15.1"/>
         <property name="deviceModel" value="Redmi Note 7S"/>
         <property name="hostAddress" value="192.168.43.112"/>
         <property name="deviceManufacturer" value="Xiaomi"/>
         <property name="deviceId" value="11cb9864"/>
         <property name="deviceName" value="Xiaomi Redmi Note 7S (Android 9)"/>
         <property name="deviceOSVersion" value="9"/>
      </properties>
      <testcase name="Test Cases/JINU/DuiTNow Drop 2/Nric Proxy" time="457.328" classname="Test Cases/JINU/DuiTNow Drop 2/Nric Proxy" status="PASSED">
         <system-out><![CDATA[2020-08-07 17:12:30 - [TEST_CASE][PASSED] - Test Cases/JINU/DuiTNow Drop 2/Nric Proxy: Test Cases/JINU/DuiTNow Drop 2/Nric Proxy

2020-08-07 17:12:31 - [TEST_STEP][PASSED] - startApplication("C:\Users\LENOVO\Katalon Studio\app-uat-universal-release.apk", false): Started app at: 'C:\Users\LENOVO\Katalon Studio\app-uat-universal-release.apk'

2020-08-07 17:12:32 - [MESSAGE][INFO] - User set preference: ['appWaitActivity', '*']

2020-08-07 17:12:32 - [MESSAGE][INFO] - User set preference: ['appWaitPackage', 'com.maybank2u.life.uat']

2020-08-07 17:12:32 - [MESSAGE][INFO] - User set preference: ['appWaitDuration', '50,000']

2020-08-07 17:12:32 - [MESSAGE][INFO] - User set preference: ['deviceId', '11cb9864']

2020-08-07 17:12:34 - [MESSAGE][INFO] - Appium server started on port 55,908

2020-08-07 17:12:56 - [MESSAGE][PASSED] - Started app at: 'C:\Users\LENOVO\Katalon Studio\app-uat-universal-release.apk'

2020-08-07 17:12:56 - [TEST_STEP][PASSED] - delay(5, STOP_ON_FAILURE): Delayed 5 second(s)

2020-08-07 17:13:01 - [MESSAGE][PASSED] - Delayed 5 second(s)

2020-08-07 17:13:02 - [TEST_STEP][PASSED] - delay(2, STOP_ON_FAILURE): Delayed 2 second(s)

2020-08-07 17:13:04 - [MESSAGE][PASSED] - Delayed 2 second(s)

2020-08-07 17:13:04 - [TEST_STEP][PASSED] - takeScreenshot("C:\Users\LENOVO\Screenshot\DuitNowProxy\Screen3.png", CONTINUE_ON_FAILURE): Screenshot is taken

2020-08-07 17:13:05 - [MESSAGE][PASSED] - Screenshot is taken
[[ATTACHMENT|C:\\Users\\LENOVO\\Screenshot\\DuitNowProxy\\Screen3.png]]

2020-08-07 17:13:05 - [TEST_STEP][PASSED] - tap(findTestObject("Maya/RegisterDuitNow/android.widget.TextView0 - More (1)"), 0): Tapped on element 'Object Repository/Maya/RegisterDuitNow/android.widget.TextView0 - More (1)'

2020-08-07 17:13:05 - [MESSAGE][WARNING] - Timeout '0' is invalid. Using default page load timeout: '10'

2020-08-07 17:13:19 - [MESSAGE][PASSED] - Tapped on element 'Object Repository/Maya/RegisterDuitNow/android.widget.TextView0 - More (1)'

2020-08-07 17:13:19 - [TEST_STEP][PASSED] - tap(findTestObject("Maya/RegisterDuitNow/android.widget.TextView0 - Settings (1)"), 0): Tapped on element 'Object Repository/Maya/RegisterDuitNow/android.widget.TextView0 - Settings (1)'

2020-08-07 17:13:19 - [MESSAGE][WARNING] - Timeout '0' is invalid. Using default page load timeout: '10'

2020-08-07 17:13:21 - [MESSAGE][PASSED] - Tapped on element 'Object Repository/Maya/RegisterDuitNow/android.widget.TextView0 - Settings (1)'

2020-08-07 17:13:21 - [TEST_STEP][PASSED] - tap(findTestObject("Maya/RegisterDuitNow/android.widget.TextView0 - Maybank2u (2)"), 0): Tapped on element 'Object Repository/Maya/RegisterDuitNow/android.widget.TextView0 - Maybank2u (2)'

2020-08-07 17:13:21 - [MESSAGE][WARNING] - Timeout '0' is invalid. Using default page load timeout: '10'

2020-08-07 17:13:24 - [MESSAGE][PASSED] - Tapped on element 'Object Repository/Maya/RegisterDuitNow/android.widget.TextView0 - Maybank2u (2)'

2020-08-07 17:13:24 - [TEST_STEP][PASSED] - tap(findTestObject("Maya/RegisterDuitNow/android.widget.TextView0 - DuitNow (6)"), 0): Tapped on element 'Object Repository/Maya/RegisterDuitNow/android.widget.TextView0 - DuitNow (6)'

2020-08-07 17:13:24 - [MESSAGE][WARNING] - Timeout '0' is invalid. Using default page load timeout: '10'

2020-08-07 17:13:34 - [MESSAGE][PASSED] - Tapped on element 'Object Repository/Maya/RegisterDuitNow/android.widget.TextView0 - DuitNow (6)'

2020-08-07 17:13:34 - [TEST_STEP][PASSED] - getText(findTestObject("Maya/RegisterDuitNow/android.widget.TextView0 - Link your Maybank account to an ID for DuitNow (1)"), 0): Text of element 'Object Repository/Maya/RegisterDuitNow/android.widget.TextView0 - Link your Maybank account to an ID for DuitNow (1)' is: 'Link your Maybank account to an ID for DuitNow'

2020-08-07 17:13:34 - [MESSAGE][WARNING] - Timeout '0' is invalid. Using default page load timeout: '10'

2020-08-07 17:13:35 - [MESSAGE][PASSED] - Text of element 'Object Repository/Maya/RegisterDuitNow/android.widget.TextView0 - Link your Maybank account to an ID for DuitNow (1)' is: 'Link your Maybank account to an ID for DuitNow'

2020-08-07 17:13:35 - [TEST_STEP][PASSED] - verifyElementExist(findTestObject("Maya/RegisterDuitNow/android.widget.TextView0 - Link your Maybank account to an ID for DuitNow (1)"), 0): Element 'Object Repository/Maya/RegisterDuitNow/android.widget.TextView0 - Link your Maybank account to an ID for DuitNow (1)' is exist

2020-08-07 17:13:35 - [MESSAGE][WARNING] - Timeout '0' is invalid. Using default page load timeout: '10'

2020-08-07 17:13:36 - [MESSAGE][PASSED] - Element 'Object Repository/Maya/RegisterDuitNow/android.widget.TextView0 - Link your Maybank account to an ID for DuitNow (1)' is exist

2020-08-07 17:13:36 - [TEST_STEP][PASSED] - delay(2, STOP_ON_FAILURE): Delayed 2 second(s)

2020-08-07 17:13:38 - [MESSAGE][PASSED] - Delayed 2 second(s)

2020-08-07 17:13:38 - [TEST_STEP][PASSED] - takeScreenshot("C:\Users\LENOVO\Screenshot\DuitNowProxy\Screen4.png", CONTINUE_ON_FAILURE): Screenshot is taken

2020-08-07 17:13:39 - [MESSAGE][PASSED] - Screenshot is taken
[[ATTACHMENT|C:\\Users\\LENOVO\\Screenshot\\DuitNowProxy\\Screen4.png]]

2020-08-07 17:13:39 - [TEST_STEP][PASSED] - getText(findTestObject("Maya/RegisterDuitNow/android.widget.TextView0 - NRIC Number (5)"), 0): Text of element 'Object Repository/Maya/RegisterDuitNow/android.widget.TextView0 - NRIC Number (5)' is: 'ID Number'

2020-08-07 17:13:39 - [MESSAGE][WARNING] - Timeout '0' is invalid. Using default page load timeout: '10'

2020-08-07 17:13:40 - [MESSAGE][PASSED] - Text of element 'Object Repository/Maya/RegisterDuitNow/android.widget.TextView0 - NRIC Number (5)' is: 'ID Number'

2020-08-07 17:13:40 - [TEST_STEP][PASSED] - verifyElementExist(findTestObject("Maya/RegisterDuitNow/android.widget.TextView0 - NRIC Number (5)"), 0): Element 'Object Repository/Maya/RegisterDuitNow/android.widget.TextView0 - NRIC Number (5)' is exist

2020-08-07 17:13:40 - [MESSAGE][WARNING] - Timeout '0' is invalid. Using default page load timeout: '10'

2020-08-07 17:13:40 - [MESSAGE][PASSED] - Element 'Object Repository/Maya/RegisterDuitNow/android.widget.TextView0 - NRIC Number (5)' is exist

2020-08-07 17:13:40 - [TEST_STEP][PASSED] - getText(findTestObject("Maya/RegisterDuitNow/android.widget.TextView0 - 5263"), 0): Text of element 'Object Repository/Maya/RegisterDuitNow/android.widget.TextView0 - 5263' is: '********1028'

2020-08-07 17:13:40 - [MESSAGE][WARNING] - Timeout '0' is invalid. Using default page load timeout: '10'

2020-08-07 17:13:41 - [MESSAGE][PASSED] - Text of element 'Object Repository/Maya/RegisterDuitNow/android.widget.TextView0 - 5263' is: '********1028'

2020-08-07 17:13:41 - [TEST_STEP][PASSED] - verifyElementExist(findTestObject("Maya/RegisterDuitNow/android.widget.TextView0 - 5263"), 0): Element 'Object Repository/Maya/RegisterDuitNow/android.widget.TextView0 - 5263' is exist

2020-08-07 17:13:41 - [MESSAGE][WARNING] - Timeout '0' is invalid. Using default page load timeout: '10'

2020-08-07 17:13:42 - [MESSAGE][PASSED] - Element 'Object Repository/Maya/RegisterDuitNow/android.widget.TextView0 - 5263' is exist

2020-08-07 17:13:42 - [TEST_STEP][PASSED] - getText(findTestObject("Maya/RegisterDuitNow/android.widget.TextView0 - Maybank (4)"), 0): Text of element 'Object Repository/Maya/RegisterDuitNow/android.widget.TextView0 - Maybank (4)' is: 'Maybank'

2020-08-07 17:13:42 - [MESSAGE][WARNING] - Timeout '0' is invalid. Using default page load timeout: '10'

2020-08-07 17:13:43 - [MESSAGE][PASSED] - Text of element 'Object Repository/Maya/RegisterDuitNow/android.widget.TextView0 - Maybank (4)' is: 'Maybank'

2020-08-07 17:13:43 - [TEST_STEP][PASSED] - delay(2, STOP_ON_FAILURE): Delayed 2 second(s)

2020-08-07 17:13:45 - [MESSAGE][PASSED] - Delayed 2 second(s)

2020-08-07 17:13:45 - [TEST_STEP][PASSED] - takeScreenshot("C:\Users\LENOVO\Screenshot\DuitNowProxy\Screen5.png", CONTINUE_ON_FAILURE): Screenshot is taken

2020-08-07 17:13:46 - [MESSAGE][PASSED] - Screenshot is taken
[[ATTACHMENT|C:\\Users\\LENOVO\\Screenshot\\DuitNowProxy\\Screen5.png]]

2020-08-07 17:13:46 - [TEST_STEP][PASSED] - verifyElementExist(findTestObject("Maya/RegisterDuitNow/android.widget.TextView0 - Maybank (4)"), 0): Element 'Object Repository/Maya/RegisterDuitNow/android.widget.TextView0 - Maybank (4)' is exist

2020-08-07 17:13:46 - [MESSAGE][WARNING] - Timeout '0' is invalid. Using default page load timeout: '10'

2020-08-07 17:13:46 - [MESSAGE][PASSED] - Element 'Object Repository/Maya/RegisterDuitNow/android.widget.TextView0 - Maybank (4)' is exist

2020-08-07 17:13:46 - [TEST_STEP][PASSED] - tap(findTestObject("Maya/RegisterDuitNow/android.widget.TextView0 - NRIC Number (5)"), 0): Tapped on element 'Object Repository/Maya/RegisterDuitNow/android.widget.TextView0 - NRIC Number (5)'

2020-08-07 17:13:46 - [MESSAGE][WARNING] - Timeout '0' is invalid. Using default page load timeout: '10'

2020-08-07 17:13:48 - [MESSAGE][PASSED] - Tapped on element 'Object Repository/Maya/RegisterDuitNow/android.widget.TextView0 - NRIC Number (5)'

2020-08-07 17:13:48 - [TEST_STEP][PASSED] - getText(findTestObject("Maya/RegisterDuitNow/android.widget.TextView0 - NRIC Number (6)"), 0): Text of element 'Object Repository/Maya/RegisterDuitNow/android.widget.TextView0 - NRIC Number (6)' is: 'NRIC Number'

2020-08-07 17:13:48 - [MESSAGE][WARNING] - Timeout '0' is invalid. Using default page load timeout: '10'

2020-08-07 17:13:49 - [MESSAGE][PASSED] - Text of element 'Object Repository/Maya/RegisterDuitNow/android.widget.TextView0 - NRIC Number (6)' is: 'NRIC Number'

2020-08-07 17:13:49 - [TEST_STEP][PASSED] - verifyElementExist(findTestObject("Maya/RegisterDuitNow/android.widget.TextView0 - NRIC Number (6)"), 0): Element 'Object Repository/Maya/RegisterDuitNow/android.widget.TextView0 - NRIC Number (6)' is exist

2020-08-07 17:13:49 - [MESSAGE][WARNING] - Timeout '0' is invalid. Using default page load timeout: '10'

2020-08-07 17:13:49 - [MESSAGE][PASSED] - Element 'Object Repository/Maya/RegisterDuitNow/android.widget.TextView0 - NRIC Number (6)' is exist

2020-08-07 17:13:49 - [TEST_STEP][PASSED] - getText(findTestObject("Maya/RegisterDuitNow/android.widget.TextView0 - 5263 (1)"), 0): Text of element 'Object Repository/Maya/RegisterDuitNow/android.widget.TextView0 - 5263 (1)' is: '********5263'

2020-08-07 17:13:49 - [MESSAGE][WARNING] - Timeout '0' is invalid. Using default page load timeout: '10'

2020-08-07 17:13:49 - [MESSAGE][PASSED] - Text of element 'Object Repository/Maya/RegisterDuitNow/android.widget.TextView0 - 5263 (1)' is: '********5263'

2020-08-07 17:13:49 - [TEST_STEP][PASSED] - verifyElementExist(findTestObject("Maya/RegisterDuitNow/android.widget.TextView0 - 5263 (1)"), 0): Element 'Object Repository/Maya/RegisterDuitNow/android.widget.TextView0 - 5263 (1)' is exist

2020-08-07 17:13:49 - [MESSAGE][WARNING] - Timeout '0' is invalid. Using default page load timeout: '10'

2020-08-07 17:13:50 - [MESSAGE][PASSED] - Element 'Object Repository/Maya/RegisterDuitNow/android.widget.TextView0 - 5263 (1)' is exist

2020-08-07 17:13:50 - [TEST_STEP][PASSED] - getText(findTestObject("Maya/RegisterDuitNow/android.widget.TextView0 - Status (2)"), 0): Text of element 'Object Repository/Maya/RegisterDuitNow/android.widget.TextView0 - Status (2)' is: 'Status'

2020-08-07 17:13:50 - [MESSAGE][WARNING] - Timeout '0' is invalid. Using default page load timeout: '10'

2020-08-07 17:13:50 - [MESSAGE][PASSED] - Text of element 'Object Repository/Maya/RegisterDuitNow/android.widget.TextView0 - Status (2)' is: 'Status'

2020-08-07 17:13:50 - [TEST_STEP][PASSED] - verifyElementExist(findTestObject("Maya/RegisterDuitNow/android.widget.TextView0 - Status (2)"), 0): Element 'Object Repository/Maya/RegisterDuitNow/android.widget.TextView0 - Status (2)' is exist

2020-08-07 17:13:50 - [MESSAGE][WARNING] - Timeout '0' is invalid. Using default page load timeout: '10'

2020-08-07 17:13:51 - [MESSAGE][PASSED] - Element 'Object Repository/Maya/RegisterDuitNow/android.widget.TextView0 - Status (2)' is exist

2020-08-07 17:13:51 - [TEST_STEP][PASSED] - getText(findTestObject("Maya/RegisterDuitNow/android.widget.TextView0 - Status (1)"), 0): Text of element 'Object Repository/Maya/RegisterDuitNow/android.widget.TextView0 - Status (1)' is: 'Status'

2020-08-07 17:13:51 - [MESSAGE][WARNING] - Timeout '0' is invalid. Using default page load timeout: '10'

2020-08-07 17:13:51 - [MESSAGE][PASSED] - Text of element 'Object Repository/Maya/RegisterDuitNow/android.widget.TextView0 - Status (1)' is: 'Status'

2020-08-07 17:13:51 - [TEST_STEP][PASSED] - verifyElementExist(findTestObject("Maya/RegisterDuitNow/android.widget.TextView0 - Status (1)"), 0): Element 'Object Repository/Maya/RegisterDuitNow/android.widget.TextView0 - Status (1)' is exist

2020-08-07 17:13:51 - [MESSAGE][WARNING] - Timeout '0' is invalid. Using default page load timeout: '10'

2020-08-07 17:13:52 - [MESSAGE][PASSED] - Element 'Object Repository/Maya/RegisterDuitNow/android.widget.TextView0 - Status (1)' is exist

2020-08-07 17:13:52 - [TEST_STEP][PASSED] - getText(findTestObject("Maya/RegisterDuitNow/android.widget.TextView0 - ACTIVE (1)"), 0): Text of element 'Object Repository/Maya/RegisterDuitNow/android.widget.TextView0 - ACTIVE (1)' is: 'ACTIVE'

2020-08-07 17:13:52 - [MESSAGE][WARNING] - Timeout '0' is invalid. Using default page load timeout: '10'

2020-08-07 17:13:52 - [MESSAGE][PASSED] - Text of element 'Object Repository/Maya/RegisterDuitNow/android.widget.TextView0 - ACTIVE (1)' is: 'ACTIVE'

2020-08-07 17:13:52 - [TEST_STEP][PASSED] - verifyElementExist(findTestObject("Maya/RegisterDuitNow/android.widget.TextView0 - ACTIVE (1)"), 0): Element 'Object Repository/Maya/RegisterDuitNow/android.widget.TextView0 - ACTIVE (1)' is exist

2020-08-07 17:13:52 - [MESSAGE][WARNING] - Timeout '0' is invalid. Using default page load timeout: '10'

2020-08-07 17:13:52 - [MESSAGE][PASSED] - Element 'Object Repository/Maya/RegisterDuitNow/android.widget.TextView0 - ACTIVE (1)' is exist

2020-08-07 17:13:52 - [TEST_STEP][PASSED] - getText(findTestObject("Maya/RegisterDuitNow/android.widget.TextView0 - Receiving bank (1)"), 0): Text of element 'Object Repository/Maya/RegisterDuitNow/android.widget.TextView0 - Receiving bank (1)' is: 'Receiving bank'

2020-08-07 17:13:52 - [MESSAGE][WARNING] - Timeout '0' is invalid. Using default page load timeout: '10'

2020-08-07 17:13:53 - [MESSAGE][PASSED] - Text of element 'Object Repository/Maya/RegisterDuitNow/android.widget.TextView0 - Receiving bank (1)' is: 'Receiving bank'

2020-08-07 17:13:53 - [TEST_STEP][PASSED] - verifyElementExist(findTestObject("Maya/RegisterDuitNow/android.widget.TextView0 - Receiving bank (1)"), 0): Element 'Object Repository/Maya/RegisterDuitNow/android.widget.TextView0 - Receiving bank (1)' is exist

2020-08-07 17:13:53 - [MESSAGE][WARNING] - Timeout '0' is invalid. Using default page load timeout: '10'

2020-08-07 17:13:53 - [MESSAGE][PASSED] - Element 'Object Repository/Maya/RegisterDuitNow/android.widget.TextView0 - Receiving bank (1)' is exist

2020-08-07 17:13:53 - [TEST_STEP][PASSED] - getText(findTestObject("Maya/RegisterDuitNow/android.widget.TextView0 - Maybank (3)"), 0): Text of element 'Object Repository/Maya/RegisterDuitNow/android.widget.TextView0 - Maybank (3)' is: 'Maybank'

2020-08-07 17:13:53 - [MESSAGE][WARNING] - Timeout '0' is invalid. Using default page load timeout: '10'

2020-08-07 17:13:53 - [MESSAGE][PASSED] - Text of element 'Object Repository/Maya/RegisterDuitNow/android.widget.TextView0 - Maybank (3)' is: 'Maybank'

2020-08-07 17:13:53 - [TEST_STEP][PASSED] - takeScreenshot("C:\Users\LENOVO\Screenshot\DuitNowProxy\Screen6.png", CONTINUE_ON_FAILURE): Screenshot is taken

2020-08-07 17:13:55 - [MESSAGE][PASSED] - Screenshot is taken
[[ATTACHMENT|C:\\Users\\LENOVO\\Screenshot\\DuitNowProxy\\Screen6.png]]

2020-08-07 17:13:55 - [TEST_STEP][PASSED] - verifyElementExist(findTestObject("Maya/RegisterDuitNow/android.widget.TextView0 - Receiving Account (1)"), 0): Element 'Object Repository/Maya/RegisterDuitNow/android.widget.TextView0 - Receiving Account (1)' is exist

2020-08-07 17:13:55 - [MESSAGE][WARNING] - Timeout '0' is invalid. Using default page load timeout: '10'

2020-08-07 17:13:55 - [MESSAGE][PASSED] - Element 'Object Repository/Maya/RegisterDuitNow/android.widget.TextView0 - Receiving Account (1)' is exist

2020-08-07 17:13:55 - [TEST_STEP][NOT_RUN] - closeApplication(): NOT_RUN: closeApplication()

2020-08-07 17:13:55 - [MESSAGE][NOT_RUN] - NOT_RUN: closeApplication()

2020-08-07 17:13:55 - [TEST_STEP][PASSED] - delay(2, STOP_ON_FAILURE): Delayed 2 second(s)

2020-08-07 17:13:57 - [MESSAGE][PASSED] - Delayed 2 second(s)

2020-08-07 17:13:57 - [TEST_STEP][PASSED] - takeScreenshot("C:\Users\LENOVO\Screenshot\DuitNowProxy\Screen15.png", CONTINUE_ON_FAILURE): Screenshot is taken

2020-08-07 17:13:58 - [MESSAGE][PASSED] - Screenshot is taken
[[ATTACHMENT|C:\\Users\\LENOVO\\Screenshot\\DuitNowProxy\\Screen15.png]]

2020-08-07 17:13:58 - [TEST_STEP][PASSED] - tap(findTestObject("Maya/RegisterDuitNow/android.widget.TextView0 - Switch account (1)"), 0): Tapped on element 'Object Repository/Maya/RegisterDuitNow/android.widget.TextView0 - Switch account (1)'

2020-08-07 17:13:58 - [MESSAGE][WARNING] - Timeout '0' is invalid. Using default page load timeout: '10'

2020-08-07 17:14:01 - [MESSAGE][PASSED] - Tapped on element 'Object Repository/Maya/RegisterDuitNow/android.widget.TextView0 - Switch account (1)'

2020-08-07 17:14:01 - [TEST_STEP][PASSED] - tapAndHoldAtPosition(540, 773, 1): Tapped and held at [540, 773] with duration 1

2020-08-07 17:14:03 - [MESSAGE][PASSED] - Tapped and held at [540, 773] with duration 1

2020-08-07 17:14:03 - [TEST_STEP][PASSED] - tap(findTestObject("Maya/RegisterDuitNow/android.widget.TextView0 - Continue (7)"), 0): Tapped on element 'Object Repository/Maya/RegisterDuitNow/android.widget.TextView0 - Continue (7)'

2020-08-07 17:14:03 - [MESSAGE][WARNING] - Timeout '0' is invalid. Using default page load timeout: '10'

2020-08-07 17:14:07 - [MESSAGE][PASSED] - Tapped on element 'Object Repository/Maya/RegisterDuitNow/android.widget.TextView0 - Continue (7)'

2020-08-07 17:14:07 - [TEST_STEP][PASSED] - getText(findTestObject("Maya/RegisterDuitNow/android.widget.TextView0 - Please confirm your DuitNow details (1)"), 0): Text of element 'Object Repository/Maya/RegisterDuitNow/android.widget.TextView0 - Please confirm your DuitNow details (1)' is: 'Please confirm your DuitNow details'

2020-08-07 17:14:07 - [MESSAGE][WARNING] - Timeout '0' is invalid. Using default page load timeout: '10'

2020-08-07 17:14:07 - [MESSAGE][PASSED] - Text of element 'Object Repository/Maya/RegisterDuitNow/android.widget.TextView0 - Please confirm your DuitNow details (1)' is: 'Please confirm your DuitNow details'

2020-08-07 17:14:07 - [TEST_STEP][PASSED] - verifyElementExist(findTestObject("Maya/RegisterDuitNow/android.widget.TextView0 - Please confirm your DuitNow details (1)"), 0): Element 'Object Repository/Maya/RegisterDuitNow/android.widget.TextView0 - Please confirm your DuitNow details (1)' is exist

2020-08-07 17:14:07 - [MESSAGE][WARNING] - Timeout '0' is invalid. Using default page load timeout: '10'

2020-08-07 17:14:07 - [MESSAGE][PASSED] - Element 'Object Repository/Maya/RegisterDuitNow/android.widget.TextView0 - Please confirm your DuitNow details (1)' is exist

2020-08-07 17:14:07 - [TEST_STEP][PASSED] - tap(findTestObject("Maya/RegisterDuitNow/android.widget.TextView0 - Agree and Confirm (1)"), 0): Tapped on element 'Object Repository/Maya/RegisterDuitNow/android.widget.TextView0 - Agree and Confirm (1)'

2020-08-07 17:14:07 - [MESSAGE][WARNING] - Timeout '0' is invalid. Using default page load timeout: '10'

2020-08-07 17:14:09 - [MESSAGE][PASSED] - Tapped on element 'Object Repository/Maya/RegisterDuitNow/android.widget.TextView0 - Agree and Confirm (1)'

2020-08-07 17:14:09 - [TEST_STEP][PASSED] - delay(2, STOP_ON_FAILURE): Delayed 2 second(s)

2020-08-07 17:14:11 - [MESSAGE][PASSED] - Delayed 2 second(s)

2020-08-07 17:14:11 - [TEST_STEP][PASSED] - takeScreenshot("C:\Users\LENOVO\Screenshot\DuitNowProxy\Screen6.png", CONTINUE_ON_FAILURE): Screenshot is taken

2020-08-07 17:14:12 - [MESSAGE][PASSED] - Screenshot is taken
[[ATTACHMENT|C:\\Users\\LENOVO\\Screenshot\\DuitNowProxy\\Screen6.png]]

2020-08-07 17:14:12 - [TEST_STEP][PASSED] - tap(findTestObject("Maya/RegisterDuitNow/android.widget.TextView0 - Confirm (1)"), 0): Tapped on element 'Object Repository/Maya/RegisterDuitNow/android.widget.TextView0 - Confirm (1)'

2020-08-07 17:14:12 - [MESSAGE][WARNING] - Timeout '0' is invalid. Using default page load timeout: '10'

2020-08-07 17:14:13 - [MESSAGE][PASSED] - Tapped on element 'Object Repository/Maya/RegisterDuitNow/android.widget.TextView0 - Confirm (1)'

2020-08-07 17:14:13 - [TEST_STEP][PASSED] - otpMess = getText(findTestObject("Maya/Third Party CA account/android.widget.TextView0 - Your OTP no. is 460943"), 0): Text of element 'Object Repository/Maya/Third Party CA account/android.widget.TextView0 - Your OTP no. is 460943' is: 'Your OTP no. is 655475'

2020-08-07 17:14:13 - [MESSAGE][WARNING] - Timeout '0' is invalid. Using default page load timeout: '10'

2020-08-07 17:14:17 - [MESSAGE][PASSED] - Text of element 'Object Repository/Maya/Third Party CA account/android.widget.TextView0 - Your OTP no. is 460943' is: 'Your OTP no. is 655475'

2020-08-07 17:14:17 - [TEST_STEP][PASSED] - delay(2): Delayed 2 second(s)

2020-08-07 17:14:19 - [MESSAGE][PASSED] - Delayed 2 second(s)

2020-08-07 17:14:19 - [TEST_STEP][PASSED] - for ([i = 16, i <= 21, (i++)]): null

2020-08-07 17:14:19 - [TEST_STEP][PASSED] - delay(3, STOP_ON_FAILURE): Delayed 3 second(s)

2020-08-07 17:14:22 - [MESSAGE][PASSED] - Delayed 3 second(s)

2020-08-07 17:14:22 - [TEST_STEP][PASSED] - if (otpMess[i] == "0"): null

2020-08-07 17:14:22 - [TEST_STEP][PASSED] - if (otpMess[i] == "1"): null

2020-08-07 17:14:22 - [TEST_STEP][PASSED] - if (otpMess[i] == "2"): null

2020-08-07 17:14:22 - [TEST_STEP][PASSED] - if (otpMess[i] == "3"): null

2020-08-07 17:14:22 - [TEST_STEP][PASSED] - if (otpMess[i] == "4"): null

2020-08-07 17:14:22 - [TEST_STEP][PASSED] - if (otpMess[i] == "5"): null

2020-08-07 17:14:22 - [TEST_STEP][PASSED] - if (otpMess[i] == "6"): Tapped on element 'Object Repository/Maya/login again/Spy- 6'

2020-08-07 17:14:22 - [TEST_STEP][PASSED] - delay(1, STOP_ON_FAILURE): Delayed 1 second(s)

2020-08-07 17:14:23 - [MESSAGE][PASSED] - Delayed 1 second(s)

2020-08-07 17:14:23 - [TEST_STEP][PASSED] - tap(findTestObject("Maya/login again/Spy- 6"), 0): Tapped on element 'Object Repository/Maya/login again/Spy- 6'

2020-08-07 17:14:24 - [MESSAGE][WARNING] - Timeout '0' is invalid. Using default page load timeout: '10'

2020-08-07 17:14:25 - [MESSAGE][PASSED] - Tapped on element 'Object Repository/Maya/login again/Spy- 6'

2020-08-07 17:14:25 - [TEST_STEP][PASSED] - if (otpMess[i] == "7"): null

2020-08-07 17:14:25 - [TEST_STEP][PASSED] - if (otpMess[i] == "8"): null

2020-08-07 17:14:25 - [TEST_STEP][PASSED] - if (otpMess[i] == "9"): null

2020-08-07 17:14:25 - [TEST_STEP][PASSED] - delay(3, STOP_ON_FAILURE): Delayed 3 second(s)

2020-08-07 17:14:28 - [MESSAGE][PASSED] - Delayed 3 second(s)

2020-08-07 17:14:28 - [TEST_STEP][PASSED] - if (otpMess[i] == "0"): null

2020-08-07 17:14:28 - [TEST_STEP][PASSED] - if (otpMess[i] == "1"): null

2020-08-07 17:14:28 - [TEST_STEP][PASSED] - if (otpMess[i] == "2"): null

2020-08-07 17:14:28 - [TEST_STEP][PASSED] - if (otpMess[i] == "3"): null

2020-08-07 17:14:28 - [TEST_STEP][PASSED] - if (otpMess[i] == "4"): null

2020-08-07 17:14:28 - [TEST_STEP][PASSED] - if (otpMess[i] == "5"): Tapped on element 'Object Repository/Maya/login again/Spy- 5'

2020-08-07 17:14:28 - [TEST_STEP][PASSED] - delay(1, STOP_ON_FAILURE): Delayed 1 second(s)

2020-08-07 17:14:29 - [MESSAGE][PASSED] - Delayed 1 second(s)

2020-08-07 17:14:29 - [TEST_STEP][PASSED] - tap(findTestObject("Maya/login again/Spy- 5"), 0): Tapped on element 'Object Repository/Maya/login again/Spy- 5'

2020-08-07 17:14:29 - [MESSAGE][WARNING] - Timeout '0' is invalid. Using default page load timeout: '10'

2020-08-07 17:14:30 - [MESSAGE][PASSED] - Tapped on element 'Object Repository/Maya/login again/Spy- 5'

2020-08-07 17:14:30 - [TEST_STEP][PASSED] - if (otpMess[i] == "6"): null

2020-08-07 17:14:30 - [TEST_STEP][PASSED] - if (otpMess[i] == "7"): null

2020-08-07 17:14:30 - [TEST_STEP][PASSED] - if (otpMess[i] == "8"): null

2020-08-07 17:14:30 - [TEST_STEP][PASSED] - if (otpMess[i] == "9"): null

2020-08-07 17:14:30 - [TEST_STEP][PASSED] - delay(3, STOP_ON_FAILURE): Delayed 3 second(s)

2020-08-07 17:14:33 - [MESSAGE][PASSED] - Delayed 3 second(s)

2020-08-07 17:14:33 - [TEST_STEP][PASSED] - if (otpMess[i] == "0"): null

2020-08-07 17:14:33 - [TEST_STEP][PASSED] - if (otpMess[i] == "1"): null

2020-08-07 17:14:33 - [TEST_STEP][PASSED] - if (otpMess[i] == "2"): null

2020-08-07 17:14:33 - [TEST_STEP][PASSED] - if (otpMess[i] == "3"): null

2020-08-07 17:14:33 - [TEST_STEP][PASSED] - if (otpMess[i] == "4"): null

2020-08-07 17:14:33 - [TEST_STEP][PASSED] - if (otpMess[i] == "5"): Tapped on element 'Object Repository/Maya/login again/Spy- 5'

2020-08-07 17:14:33 - [TEST_STEP][PASSED] - delay(1, STOP_ON_FAILURE): Delayed 1 second(s)

2020-08-07 17:14:34 - [MESSAGE][PASSED] - Delayed 1 second(s)

2020-08-07 17:14:34 - [TEST_STEP][PASSED] - tap(findTestObject("Maya/login again/Spy- 5"), 0): Tapped on element 'Object Repository/Maya/login again/Spy- 5'

2020-08-07 17:14:34 - [MESSAGE][WARNING] - Timeout '0' is invalid. Using default page load timeout: '10'

2020-08-07 17:14:35 - [MESSAGE][PASSED] - Tapped on element 'Object Repository/Maya/login again/Spy- 5'

2020-08-07 17:14:35 - [TEST_STEP][PASSED] - if (otpMess[i] == "6"): null

2020-08-07 17:14:35 - [TEST_STEP][PASSED] - if (otpMess[i] == "7"): null

2020-08-07 17:14:35 - [TEST_STEP][PASSED] - if (otpMess[i] == "8"): null

2020-08-07 17:14:35 - [TEST_STEP][PASSED] - if (otpMess[i] == "9"): null

2020-08-07 17:14:35 - [TEST_STEP][PASSED] - delay(3, STOP_ON_FAILURE): Delayed 3 second(s)

2020-08-07 17:14:39 - [MESSAGE][PASSED] - Delayed 3 second(s)

2020-08-07 17:14:39 - [TEST_STEP][PASSED] - if (otpMess[i] == "0"): null

2020-08-07 17:14:39 - [TEST_STEP][PASSED] - if (otpMess[i] == "1"): null

2020-08-07 17:14:39 - [TEST_STEP][PASSED] - if (otpMess[i] == "2"): null

2020-08-07 17:14:39 - [TEST_STEP][PASSED] - if (otpMess[i] == "3"): null

2020-08-07 17:14:39 - [TEST_STEP][PASSED] - if (otpMess[i] == "4"): Tapped on element 'Object Repository/Maya/login again/Spy - 4'

2020-08-07 17:14:39 - [TEST_STEP][PASSED] - delay(1, STOP_ON_FAILURE): Delayed 1 second(s)

2020-08-07 17:14:40 - [MESSAGE][PASSED] - Delayed 1 second(s)

2020-08-07 17:14:40 - [TEST_STEP][PASSED] - tap(findTestObject("Maya/login again/Spy - 4"), 0): Tapped on element 'Object Repository/Maya/login again/Spy - 4'

2020-08-07 17:14:40 - [MESSAGE][WARNING] - Timeout '0' is invalid. Using default page load timeout: '10'

2020-08-07 17:14:43 - [MESSAGE][PASSED] - Tapped on element 'Object Repository/Maya/login again/Spy - 4'

2020-08-07 17:14:43 - [TEST_STEP][PASSED] - if (otpMess[i] == "5"): null

2020-08-07 17:14:43 - [TEST_STEP][PASSED] - if (otpMess[i] == "6"): null

2020-08-07 17:14:43 - [TEST_STEP][PASSED] - if (otpMess[i] == "7"): null

2020-08-07 17:14:43 - [TEST_STEP][PASSED] - if (otpMess[i] == "8"): null

2020-08-07 17:14:43 - [TEST_STEP][PASSED] - if (otpMess[i] == "9"): null

2020-08-07 17:14:43 - [TEST_STEP][PASSED] - delay(3, STOP_ON_FAILURE): Delayed 3 second(s)

2020-08-07 17:14:46 - [MESSAGE][PASSED] - Delayed 3 second(s)

2020-08-07 17:14:46 - [TEST_STEP][PASSED] - if (otpMess[i] == "0"): null

2020-08-07 17:14:46 - [TEST_STEP][PASSED] - if (otpMess[i] == "1"): null

2020-08-07 17:14:46 - [TEST_STEP][PASSED] - if (otpMess[i] == "2"): null

2020-08-07 17:14:46 - [TEST_STEP][PASSED] - if (otpMess[i] == "3"): null

2020-08-07 17:14:46 - [TEST_STEP][PASSED] - if (otpMess[i] == "4"): null

2020-08-07 17:14:46 - [TEST_STEP][PASSED] - if (otpMess[i] == "5"): null

2020-08-07 17:14:46 - [TEST_STEP][PASSED] - if (otpMess[i] == "6"): null

2020-08-07 17:14:46 - [TEST_STEP][PASSED] - if (otpMess[i] == "7"): Tapped on element 'Object Repository/Maya/login again/Spy - 7'

2020-08-07 17:14:46 - [TEST_STEP][PASSED] - delay(1, STOP_ON_FAILURE): Delayed 1 second(s)

2020-08-07 17:14:47 - [MESSAGE][PASSED] - Delayed 1 second(s)

2020-08-07 17:14:47 - [TEST_STEP][PASSED] - tap(findTestObject("Maya/login again/Spy - 7"), 0): Tapped on element 'Object Repository/Maya/login again/Spy - 7'

2020-08-07 17:14:47 - [MESSAGE][WARNING] - Timeout '0' is invalid. Using default page load timeout: '10'

2020-08-07 17:14:49 - [MESSAGE][PASSED] - Tapped on element 'Object Repository/Maya/login again/Spy - 7'

2020-08-07 17:14:49 - [TEST_STEP][PASSED] - if (otpMess[i] == "8"): null

2020-08-07 17:14:49 - [TEST_STEP][PASSED] - if (otpMess[i] == "9"): null

2020-08-07 17:14:49 - [TEST_STEP][PASSED] - delay(3, STOP_ON_FAILURE): Delayed 3 second(s)

2020-08-07 17:14:52 - [MESSAGE][PASSED] - Delayed 3 second(s)

2020-08-07 17:14:52 - [TEST_STEP][PASSED] - if (otpMess[i] == "0"): null

2020-08-07 17:14:52 - [TEST_STEP][PASSED] - if (otpMess[i] == "1"): null

2020-08-07 17:14:52 - [TEST_STEP][PASSED] - if (otpMess[i] == "2"): null

2020-08-07 17:14:52 - [TEST_STEP][PASSED] - if (otpMess[i] == "3"): null

2020-08-07 17:14:52 - [TEST_STEP][PASSED] - if (otpMess[i] == "4"): null

2020-08-07 17:14:52 - [TEST_STEP][PASSED] - if (otpMess[i] == "5"): Tapped on element 'Object Repository/Maya/login again/Spy- 5'

2020-08-07 17:14:52 - [TEST_STEP][PASSED] - delay(1, STOP_ON_FAILURE): Delayed 1 second(s)

2020-08-07 17:14:53 - [MESSAGE][PASSED] - Delayed 1 second(s)

2020-08-07 17:14:53 - [TEST_STEP][PASSED] - tap(findTestObject("Maya/login again/Spy- 5"), 0): Tapped on element 'Object Repository/Maya/login again/Spy- 5'

2020-08-07 17:14:53 - [MESSAGE][WARNING] - Timeout '0' is invalid. Using default page load timeout: '10'

2020-08-07 17:14:54 - [MESSAGE][PASSED] - Tapped on element 'Object Repository/Maya/login again/Spy- 5'

2020-08-07 17:14:54 - [TEST_STEP][PASSED] - if (otpMess[i] == "6"): null

2020-08-07 17:14:54 - [TEST_STEP][PASSED] - if (otpMess[i] == "7"): null

2020-08-07 17:14:54 - [TEST_STEP][PASSED] - if (otpMess[i] == "8"): null

2020-08-07 17:14:54 - [TEST_STEP][PASSED] - if (otpMess[i] == "9"): null

2020-08-07 17:14:54 - [TEST_STEP][PASSED] - delay(8, STOP_ON_FAILURE): Delayed 8 second(s)

2020-08-07 17:15:02 - [MESSAGE][PASSED] - Delayed 8 second(s)

2020-08-07 17:15:02 - [TEST_STEP][PASSED] - tap(findTestObject("Maya/Forgot Pin/android.widget.ImageView0 (7)"), 0): Tapped on element 'Object Repository/Maya/Forgot Pin/android.widget.ImageView0 (7)'

2020-08-07 17:15:02 - [MESSAGE][WARNING] - Timeout '0' is invalid. Using default page load timeout: '10'

2020-08-07 17:15:03 - [MESSAGE][PASSED] - Tapped on element 'Object Repository/Maya/Forgot Pin/android.widget.ImageView0 (7)'

2020-08-07 17:15:03 - [TEST_STEP][PASSED] - getText(findTestObject("Maya/RegisterDuitNow/android.widget.TextView0 - Youve successfully linked your account to DuitNow (1)"), 0, STOP_ON_FAILURE): Text of element 'Object Repository/Maya/RegisterDuitNow/android.widget.TextView0 - Youve successfully linked your account to DuitNow (1)' is: 'You’ve successfully linked your account to DuitNow'

2020-08-07 17:15:03 - [MESSAGE][WARNING] - Timeout '0' is invalid. Using default page load timeout: '10'

2020-08-07 17:15:07 - [MESSAGE][PASSED] - Text of element 'Object Repository/Maya/RegisterDuitNow/android.widget.TextView0 - Youve successfully linked your account to DuitNow (1)' is: 'You’ve successfully linked your account to DuitNow'

2020-08-07 17:15:07 - [TEST_STEP][PASSED] - verifyElementExist(findTestObject("Maya/RegisterDuitNow/android.widget.TextView0 - Youve successfully linked your account to DuitNow (1)"), 0): Element 'Object Repository/Maya/RegisterDuitNow/android.widget.TextView0 - Youve successfully linked your account to DuitNow (1)' is exist

2020-08-07 17:15:07 - [MESSAGE][WARNING] - Timeout '0' is invalid. Using default page load timeout: '10'

2020-08-07 17:15:07 - [MESSAGE][PASSED] - Element 'Object Repository/Maya/RegisterDuitNow/android.widget.TextView0 - Youve successfully linked your account to DuitNow (1)' is exist

2020-08-07 17:15:07 - [TEST_STEP][PASSED] - delay(2, STOP_ON_FAILURE): Delayed 2 second(s)

2020-08-07 17:15:09 - [MESSAGE][PASSED] - Delayed 2 second(s)

2020-08-07 17:15:09 - [TEST_STEP][PASSED] - takeScreenshot("C:\Users\LENOVO\Screenshot\DuitNowProxy\Screen7.png", CONTINUE_ON_FAILURE): Screenshot is taken

2020-08-07 17:15:11 - [MESSAGE][PASSED] - Screenshot is taken
[[ATTACHMENT|C:\\Users\\LENOVO\\Screenshot\\DuitNowProxy\\Screen7.png]]

2020-08-07 17:15:11 - [TEST_STEP][PASSED] - tap(findTestObject("Maya/RegisterDuitNow/android.widget.TextView0 - Done (10)"), 0): Tapped on element 'Object Repository/Maya/RegisterDuitNow/android.widget.TextView0 - Done (10)'

2020-08-07 17:15:11 - [MESSAGE][WARNING] - Timeout '0' is invalid. Using default page load timeout: '10'

2020-08-07 17:15:13 - [MESSAGE][PASSED] - Tapped on element 'Object Repository/Maya/RegisterDuitNow/android.widget.TextView0 - Done (10)'

2020-08-07 17:15:13 - [TEST_STEP][PASSED] - tap(findTestObject("Maya/RegisterDuitNow/android.widget.TextView0 - DuitNow (6)"), 0): Tapped on element 'Object Repository/Maya/RegisterDuitNow/android.widget.TextView0 - DuitNow (6)'

2020-08-07 17:15:13 - [MESSAGE][WARNING] - Timeout '0' is invalid. Using default page load timeout: '10'

2020-08-07 17:15:16 - [MESSAGE][PASSED] - Tapped on element 'Object Repository/Maya/RegisterDuitNow/android.widget.TextView0 - DuitNow (6)'

2020-08-07 17:15:16 - [TEST_STEP][PASSED] - getText(findTestObject("Maya/RegisterDuitNow/android.widget.TextView0 - Link your Maybank account to an ID for DuitNow (1)"), 0): Text of element 'Object Repository/Maya/RegisterDuitNow/android.widget.TextView0 - Link your Maybank account to an ID for DuitNow (1)' is: 'Link your Maybank account to an ID for DuitNow'

2020-08-07 17:15:16 - [MESSAGE][WARNING] - Timeout '0' is invalid. Using default page load timeout: '10'

2020-08-07 17:15:16 - [MESSAGE][PASSED] - Text of element 'Object Repository/Maya/RegisterDuitNow/android.widget.TextView0 - Link your Maybank account to an ID for DuitNow (1)' is: 'Link your Maybank account to an ID for DuitNow'

2020-08-07 17:15:16 - [TEST_STEP][PASSED] - verifyElementExist(findTestObject("Maya/RegisterDuitNow/android.widget.TextView0 - Link your Maybank account to an ID for DuitNow (1)"), 0): Element 'Object Repository/Maya/RegisterDuitNow/android.widget.TextView0 - Link your Maybank account to an ID for DuitNow (1)' is exist

2020-08-07 17:15:16 - [MESSAGE][WARNING] - Timeout '0' is invalid. Using default page load timeout: '10'

2020-08-07 17:15:16 - [MESSAGE][PASSED] - Element 'Object Repository/Maya/RegisterDuitNow/android.widget.TextView0 - Link your Maybank account to an ID for DuitNow (1)' is exist

2020-08-07 17:15:16 - [TEST_STEP][PASSED] - delay(2, STOP_ON_FAILURE): Delayed 2 second(s)

2020-08-07 17:15:18 - [MESSAGE][PASSED] - Delayed 2 second(s)

2020-08-07 17:15:18 - [TEST_STEP][PASSED] - takeScreenshot("C:\Users\LENOVO\Screenshot\DuitNowProxy\Screen4.png", CONTINUE_ON_FAILURE): Screenshot is taken

2020-08-07 17:15:19 - [MESSAGE][PASSED] - Screenshot is taken
[[ATTACHMENT|C:\\Users\\LENOVO\\Screenshot\\DuitNowProxy\\Screen4.png]]

2020-08-07 17:15:19 - [TEST_STEP][PASSED] - getText(findTestObject("Maya/RegisterDuitNow/android.widget.TextView0 - NRIC Number (5)"), 0): Text of element 'Object Repository/Maya/RegisterDuitNow/android.widget.TextView0 - NRIC Number (5)' is: 'ID Number'

2020-08-07 17:15:20 - [MESSAGE][WARNING] - Timeout '0' is invalid. Using default page load timeout: '10'

2020-08-07 17:15:20 - [MESSAGE][PASSED] - Text of element 'Object Repository/Maya/RegisterDuitNow/android.widget.TextView0 - NRIC Number (5)' is: 'ID Number'

2020-08-07 17:15:20 - [TEST_STEP][PASSED] - verifyElementExist(findTestObject("Maya/RegisterDuitNow/android.widget.TextView0 - NRIC Number (5)"), 0): Element 'Object Repository/Maya/RegisterDuitNow/android.widget.TextView0 - NRIC Number (5)' is exist

2020-08-07 17:15:20 - [MESSAGE][WARNING] - Timeout '0' is invalid. Using default page load timeout: '10'

2020-08-07 17:15:20 - [MESSAGE][PASSED] - Element 'Object Repository/Maya/RegisterDuitNow/android.widget.TextView0 - NRIC Number (5)' is exist

2020-08-07 17:15:20 - [TEST_STEP][PASSED] - getText(findTestObject("Maya/RegisterDuitNow/android.widget.TextView0 - 5263"), 0): Text of element 'Object Repository/Maya/RegisterDuitNow/android.widget.TextView0 - 5263' is: '********1028'

2020-08-07 17:15:20 - [MESSAGE][WARNING] - Timeout '0' is invalid. Using default page load timeout: '10'

2020-08-07 17:15:21 - [MESSAGE][PASSED] - Text of element 'Object Repository/Maya/RegisterDuitNow/android.widget.TextView0 - 5263' is: '********1028'

2020-08-07 17:15:21 - [TEST_STEP][PASSED] - verifyElementExist(findTestObject("Maya/RegisterDuitNow/android.widget.TextView0 - 5263"), 0): Element 'Object Repository/Maya/RegisterDuitNow/android.widget.TextView0 - 5263' is exist

2020-08-07 17:15:21 - [MESSAGE][WARNING] - Timeout '0' is invalid. Using default page load timeout: '10'

2020-08-07 17:15:21 - [MESSAGE][PASSED] - Element 'Object Repository/Maya/RegisterDuitNow/android.widget.TextView0 - 5263' is exist

2020-08-07 17:15:21 - [TEST_STEP][PASSED] - getText(findTestObject("Maya/RegisterDuitNow/android.widget.TextView0 - Maybank (4)"), 0): Text of element 'Object Repository/Maya/RegisterDuitNow/android.widget.TextView0 - Maybank (4)' is: 'Maybank'

2020-08-07 17:15:21 - [MESSAGE][WARNING] - Timeout '0' is invalid. Using default page load timeout: '10'

2020-08-07 17:15:21 - [MESSAGE][PASSED] - Text of element 'Object Repository/Maya/RegisterDuitNow/android.widget.TextView0 - Maybank (4)' is: 'Maybank'

2020-08-07 17:15:21 - [TEST_STEP][PASSED] - delay(2, STOP_ON_FAILURE): Delayed 2 second(s)

2020-08-07 17:15:23 - [MESSAGE][PASSED] - Delayed 2 second(s)

2020-08-07 17:15:23 - [TEST_STEP][PASSED] - takeScreenshot("C:\Users\LENOVO\Screenshot\DuitNowProxy\Screen75.png", CONTINUE_ON_FAILURE): Screenshot is taken

2020-08-07 17:15:25 - [MESSAGE][PASSED] - Screenshot is taken
[[ATTACHMENT|C:\\Users\\LENOVO\\Screenshot\\DuitNowProxy\\Screen75.png]]

2020-08-07 17:15:25 - [TEST_STEP][PASSED] - verifyElementExist(findTestObject("Maya/RegisterDuitNow/android.widget.TextView0 - Maybank (4)"), 0): Element 'Object Repository/Maya/RegisterDuitNow/android.widget.TextView0 - Maybank (4)' is exist

2020-08-07 17:15:25 - [MESSAGE][WARNING] - Timeout '0' is invalid. Using default page load timeout: '10'

2020-08-07 17:15:25 - [MESSAGE][PASSED] - Element 'Object Repository/Maya/RegisterDuitNow/android.widget.TextView0 - Maybank (4)' is exist

2020-08-07 17:15:25 - [TEST_STEP][PASSED] - tap(findTestObject("Maya/RegisterDuitNow/android.widget.TextView0 - NRIC Number (5)"), 0): Tapped on element 'Object Repository/Maya/RegisterDuitNow/android.widget.TextView0 - NRIC Number (5)'

2020-08-07 17:15:25 - [MESSAGE][WARNING] - Timeout '0' is invalid. Using default page load timeout: '10'

2020-08-07 17:15:27 - [MESSAGE][PASSED] - Tapped on element 'Object Repository/Maya/RegisterDuitNow/android.widget.TextView0 - NRIC Number (5)'

2020-08-07 17:15:27 - [TEST_STEP][PASSED] - getText(findTestObject("Maya/RegisterDuitNow/android.widget.TextView0 - NRIC Number (6)"), 0): Text of element 'Object Repository/Maya/RegisterDuitNow/android.widget.TextView0 - NRIC Number (6)' is: 'NRIC Number'

2020-08-07 17:15:27 - [MESSAGE][WARNING] - Timeout '0' is invalid. Using default page load timeout: '10'

2020-08-07 17:15:27 - [MESSAGE][PASSED] - Text of element 'Object Repository/Maya/RegisterDuitNow/android.widget.TextView0 - NRIC Number (6)' is: 'NRIC Number'

2020-08-07 17:15:27 - [TEST_STEP][PASSED] - verifyElementExist(findTestObject("Maya/RegisterDuitNow/android.widget.TextView0 - NRIC Number (6)"), 0): Element 'Object Repository/Maya/RegisterDuitNow/android.widget.TextView0 - NRIC Number (6)' is exist

2020-08-07 17:15:27 - [MESSAGE][WARNING] - Timeout '0' is invalid. Using default page load timeout: '10'

2020-08-07 17:15:28 - [MESSAGE][PASSED] - Element 'Object Repository/Maya/RegisterDuitNow/android.widget.TextView0 - NRIC Number (6)' is exist

2020-08-07 17:15:28 - [TEST_STEP][PASSED] - getText(findTestObject("Maya/RegisterDuitNow/android.widget.TextView0 - 5263 (1)"), 0): Text of element 'Object Repository/Maya/RegisterDuitNow/android.widget.TextView0 - 5263 (1)' is: '********5263'

2020-08-07 17:15:28 - [MESSAGE][WARNING] - Timeout '0' is invalid. Using default page load timeout: '10'

2020-08-07 17:15:28 - [MESSAGE][PASSED] - Text of element 'Object Repository/Maya/RegisterDuitNow/android.widget.TextView0 - 5263 (1)' is: '********5263'

2020-08-07 17:15:28 - [TEST_STEP][PASSED] - verifyElementExist(findTestObject("Maya/RegisterDuitNow/android.widget.TextView0 - 5263 (1)"), 0): Element 'Object Repository/Maya/RegisterDuitNow/android.widget.TextView0 - 5263 (1)' is exist

2020-08-07 17:15:28 - [MESSAGE][WARNING] - Timeout '0' is invalid. Using default page load timeout: '10'

2020-08-07 17:15:29 - [MESSAGE][PASSED] - Element 'Object Repository/Maya/RegisterDuitNow/android.widget.TextView0 - 5263 (1)' is exist

2020-08-07 17:15:29 - [TEST_STEP][PASSED] - getText(findTestObject("Maya/RegisterDuitNow/android.widget.TextView0 - Status (2)"), 0): Text of element 'Object Repository/Maya/RegisterDuitNow/android.widget.TextView0 - Status (2)' is: 'Status'

2020-08-07 17:15:29 - [MESSAGE][WARNING] - Timeout '0' is invalid. Using default page load timeout: '10'

2020-08-07 17:15:29 - [MESSAGE][PASSED] - Text of element 'Object Repository/Maya/RegisterDuitNow/android.widget.TextView0 - Status (2)' is: 'Status'

2020-08-07 17:15:29 - [TEST_STEP][PASSED] - verifyElementExist(findTestObject("Maya/RegisterDuitNow/android.widget.TextView0 - Status (2)"), 0): Element 'Object Repository/Maya/RegisterDuitNow/android.widget.TextView0 - Status (2)' is exist

2020-08-07 17:15:29 - [MESSAGE][WARNING] - Timeout '0' is invalid. Using default page load timeout: '10'

2020-08-07 17:15:29 - [MESSAGE][PASSED] - Element 'Object Repository/Maya/RegisterDuitNow/android.widget.TextView0 - Status (2)' is exist

2020-08-07 17:15:29 - [TEST_STEP][PASSED] - getText(findTestObject("Maya/RegisterDuitNow/android.widget.TextView0 - Status (1)"), 0): Text of element 'Object Repository/Maya/RegisterDuitNow/android.widget.TextView0 - Status (1)' is: 'Status'

2020-08-07 17:15:29 - [MESSAGE][WARNING] - Timeout '0' is invalid. Using default page load timeout: '10'

2020-08-07 17:15:30 - [MESSAGE][PASSED] - Text of element 'Object Repository/Maya/RegisterDuitNow/android.widget.TextView0 - Status (1)' is: 'Status'

2020-08-07 17:15:30 - [TEST_STEP][PASSED] - verifyElementExist(findTestObject("Maya/RegisterDuitNow/android.widget.TextView0 - Status (1)"), 0): Element 'Object Repository/Maya/RegisterDuitNow/android.widget.TextView0 - Status (1)' is exist

2020-08-07 17:15:30 - [MESSAGE][WARNING] - Timeout '0' is invalid. Using default page load timeout: '10'

2020-08-07 17:15:30 - [MESSAGE][PASSED] - Element 'Object Repository/Maya/RegisterDuitNow/android.widget.TextView0 - Status (1)' is exist

2020-08-07 17:15:30 - [TEST_STEP][PASSED] - getText(findTestObject("Maya/RegisterDuitNow/android.widget.TextView0 - ACTIVE (1)"), 0): Text of element 'Object Repository/Maya/RegisterDuitNow/android.widget.TextView0 - ACTIVE (1)' is: 'ACTIVE'

2020-08-07 17:15:30 - [MESSAGE][WARNING] - Timeout '0' is invalid. Using default page load timeout: '10'

2020-08-07 17:15:30 - [MESSAGE][PASSED] - Text of element 'Object Repository/Maya/RegisterDuitNow/android.widget.TextView0 - ACTIVE (1)' is: 'ACTIVE'

2020-08-07 17:15:30 - [TEST_STEP][PASSED] - verifyElementExist(findTestObject("Maya/RegisterDuitNow/android.widget.TextView0 - ACTIVE (1)"), 0): Element 'Object Repository/Maya/RegisterDuitNow/android.widget.TextView0 - ACTIVE (1)' is exist

2020-08-07 17:15:30 - [MESSAGE][WARNING] - Timeout '0' is invalid. Using default page load timeout: '10'

2020-08-07 17:15:30 - [MESSAGE][PASSED] - Element 'Object Repository/Maya/RegisterDuitNow/android.widget.TextView0 - ACTIVE (1)' is exist

2020-08-07 17:15:30 - [TEST_STEP][PASSED] - getText(findTestObject("Maya/RegisterDuitNow/android.widget.TextView0 - Receiving bank (1)"), 0): Text of element 'Object Repository/Maya/RegisterDuitNow/android.widget.TextView0 - Receiving bank (1)' is: 'Receiving bank'

2020-08-07 17:15:30 - [MESSAGE][WARNING] - Timeout '0' is invalid. Using default page load timeout: '10'

2020-08-07 17:15:31 - [MESSAGE][PASSED] - Text of element 'Object Repository/Maya/RegisterDuitNow/android.widget.TextView0 - Receiving bank (1)' is: 'Receiving bank'

2020-08-07 17:15:31 - [TEST_STEP][PASSED] - verifyElementExist(findTestObject("Maya/RegisterDuitNow/android.widget.TextView0 - Receiving bank (1)"), 0): Element 'Object Repository/Maya/RegisterDuitNow/android.widget.TextView0 - Receiving bank (1)' is exist

2020-08-07 17:15:31 - [MESSAGE][WARNING] - Timeout '0' is invalid. Using default page load timeout: '10'

2020-08-07 17:15:31 - [MESSAGE][PASSED] - Element 'Object Repository/Maya/RegisterDuitNow/android.widget.TextView0 - Receiving bank (1)' is exist

2020-08-07 17:15:31 - [TEST_STEP][PASSED] - getText(findTestObject("Maya/RegisterDuitNow/android.widget.TextView0 - Maybank (3)"), 0): Text of element 'Object Repository/Maya/RegisterDuitNow/android.widget.TextView0 - Maybank (3)' is: 'Maybank'

2020-08-07 17:15:31 - [MESSAGE][WARNING] - Timeout '0' is invalid. Using default page load timeout: '10'

2020-08-07 17:15:31 - [MESSAGE][PASSED] - Text of element 'Object Repository/Maya/RegisterDuitNow/android.widget.TextView0 - Maybank (3)' is: 'Maybank'

2020-08-07 17:15:31 - [TEST_STEP][PASSED] - takeScreenshot("C:\Users\LENOVO\Screenshot\DuitNowProxy\Screen56.png", CONTINUE_ON_FAILURE): Screenshot is taken

2020-08-07 17:15:32 - [MESSAGE][PASSED] - Screenshot is taken
[[ATTACHMENT|C:\\Users\\LENOVO\\Screenshot\\DuitNowProxy\\Screen56.png]]

2020-08-07 17:15:32 - [TEST_STEP][PASSED] - verifyElementExist(findTestObject("Maya/RegisterDuitNow/android.widget.TextView0 - Receiving Account (1)"), 0): Element 'Object Repository/Maya/RegisterDuitNow/android.widget.TextView0 - Receiving Account (1)' is exist

2020-08-07 17:15:32 - [MESSAGE][WARNING] - Timeout '0' is invalid. Using default page load timeout: '10'

2020-08-07 17:15:32 - [MESSAGE][PASSED] - Element 'Object Repository/Maya/RegisterDuitNow/android.widget.TextView0 - Receiving Account (1)' is exist

2020-08-07 17:15:32 - [TEST_STEP][NOT_RUN] - closeApplication(): NOT_RUN: closeApplication()

2020-08-07 17:15:32 - [MESSAGE][NOT_RUN] - NOT_RUN: closeApplication()

2020-08-07 17:15:32 - [TEST_STEP][PASSED] - delay(2, STOP_ON_FAILURE): Delayed 2 second(s)

2020-08-07 17:15:34 - [MESSAGE][PASSED] - Delayed 2 second(s)

2020-08-07 17:15:34 - [TEST_STEP][PASSED] - takeScreenshot("C:\Users\LENOVO\Screenshot\DuitNowProxy\Screen15.png", CONTINUE_ON_FAILURE): Screenshot is taken

2020-08-07 17:15:36 - [MESSAGE][PASSED] - Screenshot is taken
[[ATTACHMENT|C:\\Users\\LENOVO\\Screenshot\\DuitNowProxy\\Screen15.png]]

2020-08-07 17:15:36 - [TEST_STEP][PASSED] - tap(findTestObject("Maya/RegisterDuitNow/android.widget.TextView0 - Deregister DuitNow"), 0): Tapped on element 'Object Repository/Maya/RegisterDuitNow/android.widget.TextView0 - Deregister DuitNow'

2020-08-07 17:15:36 - [MESSAGE][WARNING] - Timeout '0' is invalid. Using default page load timeout: '10'

2020-08-07 17:15:37 - [MESSAGE][PASSED] - Tapped on element 'Object Repository/Maya/RegisterDuitNow/android.widget.TextView0 - Deregister DuitNow'

2020-08-07 17:15:37 - [TEST_STEP][PASSED] - delay(2, STOP_ON_FAILURE): Delayed 2 second(s)

2020-08-07 17:15:39 - [MESSAGE][PASSED] - Delayed 2 second(s)

2020-08-07 17:15:39 - [TEST_STEP][PASSED] - takeScreenshot("C:\Users\LENOVO\Screenshot\DuitNowProxy\Screen8.png", CONTINUE_ON_FAILURE): Screenshot is taken

2020-08-07 17:15:41 - [MESSAGE][PASSED] - Screenshot is taken
[[ATTACHMENT|C:\\Users\\LENOVO\\Screenshot\\DuitNowProxy\\Screen8.png]]

2020-08-07 17:15:41 - [TEST_STEP][PASSED] - tap(findTestObject("Maya/RegisterDuitNow/android.widget.TextView0 - Confirm (2)"), 0): Tapped on element 'Object Repository/Maya/RegisterDuitNow/android.widget.TextView0 - Confirm (2)'

2020-08-07 17:15:41 - [MESSAGE][WARNING] - Timeout '0' is invalid. Using default page load timeout: '10'

2020-08-07 17:15:42 - [MESSAGE][PASSED] - Tapped on element 'Object Repository/Maya/RegisterDuitNow/android.widget.TextView0 - Confirm (2)'

2020-08-07 17:15:42 - [TEST_STEP][PASSED] - delay(2, STOP_ON_FAILURE): Delayed 2 second(s)

2020-08-07 17:15:44 - [MESSAGE][PASSED] - Delayed 2 second(s)

2020-08-07 17:15:44 - [TEST_STEP][PASSED] - takeScreenshot("C:\Users\LENOVO\Screenshot\DuitNowProxy\Screen9.png", CONTINUE_ON_FAILURE): Screenshot is taken

2020-08-07 17:15:45 - [MESSAGE][PASSED] - Screenshot is taken
[[ATTACHMENT|C:\\Users\\LENOVO\\Screenshot\\DuitNowProxy\\Screen9.png]]

2020-08-07 17:15:45 - [TEST_STEP][PASSED] - tap(findTestObject("Maya/RegisterDuitNow/android.widget.TextView0 - Confirm (1)"), 0): Tapped on element 'Object Repository/Maya/RegisterDuitNow/android.widget.TextView0 - Confirm (1)'

2020-08-07 17:15:46 - [MESSAGE][WARNING] - Timeout '0' is invalid. Using default page load timeout: '10'

2020-08-07 17:15:47 - [MESSAGE][PASSED] - Tapped on element 'Object Repository/Maya/RegisterDuitNow/android.widget.TextView0 - Confirm (1)'

2020-08-07 17:15:47 - [TEST_STEP][PASSED] - otp = getText(findTestObject("Maya/Third Party CA account/android.widget.TextView0 - Your OTP no. is 460943"), 0): Text of element 'Object Repository/Maya/Third Party CA account/android.widget.TextView0 - Your OTP no. is 460943' is: 'Your OTP no. is 886670'

2020-08-07 17:15:47 - [MESSAGE][WARNING] - Timeout '0' is invalid. Using default page load timeout: '10'

2020-08-07 17:15:51 - [MESSAGE][PASSED] - Text of element 'Object Repository/Maya/Third Party CA account/android.widget.TextView0 - Your OTP no. is 460943' is: 'Your OTP no. is 886670'

2020-08-07 17:15:51 - [TEST_STEP][PASSED] - delay(2): Delayed 2 second(s)

2020-08-07 17:15:53 - [MESSAGE][PASSED] - Delayed 2 second(s)

2020-08-07 17:15:53 - [TEST_STEP][PASSED] - for ([i = 16, i <= 21, (i++)]): null

2020-08-07 17:15:53 - [TEST_STEP][PASSED] - delay(3, STOP_ON_FAILURE): Delayed 3 second(s)

2020-08-07 17:15:56 - [MESSAGE][PASSED] - Delayed 3 second(s)

2020-08-07 17:15:56 - [TEST_STEP][PASSED] - if (otp[i] == "0"): null

2020-08-07 17:15:56 - [TEST_STEP][PASSED] - if (otp[i] == "1"): null

2020-08-07 17:15:56 - [TEST_STEP][PASSED] - if (otp[i] == "2"): null

2020-08-07 17:15:56 - [TEST_STEP][PASSED] - if (otp[i] == "3"): null

2020-08-07 17:15:56 - [TEST_STEP][PASSED] - if (otp[i] == "4"): null

2020-08-07 17:15:56 - [TEST_STEP][PASSED] - if (otp[i] == "5"): null

2020-08-07 17:15:56 - [TEST_STEP][PASSED] - if (otp[i] == "6"): null

2020-08-07 17:15:56 - [TEST_STEP][PASSED] - if (otp[i] == "7"): null

2020-08-07 17:15:56 - [TEST_STEP][PASSED] - if (otp[i] == "8"): Tapped on element 'Object Repository/Maya/login again/Spy - 8'

2020-08-07 17:15:56 - [TEST_STEP][PASSED] - delay(1, STOP_ON_FAILURE): Delayed 1 second(s)

2020-08-07 17:15:57 - [MESSAGE][PASSED] - Delayed 1 second(s)

2020-08-07 17:15:57 - [TEST_STEP][PASSED] - tap(findTestObject("Maya/login again/Spy - 8"), 0): Tapped on element 'Object Repository/Maya/login again/Spy - 8'

2020-08-07 17:15:57 - [MESSAGE][WARNING] - Timeout '0' is invalid. Using default page load timeout: '10'

2020-08-07 17:16:00 - [MESSAGE][PASSED] - Tapped on element 'Object Repository/Maya/login again/Spy - 8'

2020-08-07 17:16:00 - [TEST_STEP][PASSED] - if (otp[i] == "9"): null

2020-08-07 17:16:00 - [TEST_STEP][PASSED] - delay(3, STOP_ON_FAILURE): Delayed 3 second(s)

2020-08-07 17:16:03 - [MESSAGE][PASSED] - Delayed 3 second(s)

2020-08-07 17:16:03 - [TEST_STEP][PASSED] - if (otp[i] == "0"): null

2020-08-07 17:16:03 - [TEST_STEP][PASSED] - if (otp[i] == "1"): null

2020-08-07 17:16:03 - [TEST_STEP][PASSED] - if (otp[i] == "2"): null

2020-08-07 17:16:03 - [TEST_STEP][PASSED] - if (otp[i] == "3"): null

2020-08-07 17:16:03 - [TEST_STEP][PASSED] - if (otp[i] == "4"): null

2020-08-07 17:16:03 - [TEST_STEP][PASSED] - if (otp[i] == "5"): null

2020-08-07 17:16:03 - [TEST_STEP][PASSED] - if (otp[i] == "6"): null

2020-08-07 17:16:03 - [TEST_STEP][PASSED] - if (otp[i] == "7"): null

2020-08-07 17:16:03 - [TEST_STEP][PASSED] - if (otp[i] == "8"): Tapped on element 'Object Repository/Maya/login again/Spy - 8'

2020-08-07 17:16:03 - [TEST_STEP][PASSED] - delay(1, STOP_ON_FAILURE): Delayed 1 second(s)

2020-08-07 17:16:04 - [MESSAGE][PASSED] - Delayed 1 second(s)

2020-08-07 17:16:04 - [TEST_STEP][PASSED] - tap(findTestObject("Maya/login again/Spy - 8"), 0): Tapped on element 'Object Repository/Maya/login again/Spy - 8'

2020-08-07 17:16:04 - [MESSAGE][WARNING] - Timeout '0' is invalid. Using default page load timeout: '10'

2020-08-07 17:16:06 - [MESSAGE][PASSED] - Tapped on element 'Object Repository/Maya/login again/Spy - 8'

2020-08-07 17:16:06 - [TEST_STEP][PASSED] - if (otp[i] == "9"): null

2020-08-07 17:16:06 - [TEST_STEP][PASSED] - delay(3, STOP_ON_FAILURE): Delayed 3 second(s)

2020-08-07 17:16:09 - [MESSAGE][PASSED] - Delayed 3 second(s)

2020-08-07 17:16:09 - [TEST_STEP][PASSED] - if (otp[i] == "0"): null

2020-08-07 17:16:09 - [TEST_STEP][PASSED] - if (otp[i] == "1"): null

2020-08-07 17:16:09 - [TEST_STEP][PASSED] - if (otp[i] == "2"): null

2020-08-07 17:16:09 - [TEST_STEP][PASSED] - if (otp[i] == "3"): null

2020-08-07 17:16:09 - [TEST_STEP][PASSED] - if (otp[i] == "4"): null

2020-08-07 17:16:09 - [TEST_STEP][PASSED] - if (otp[i] == "5"): null

2020-08-07 17:16:09 - [TEST_STEP][PASSED] - if (otp[i] == "6"): Tapped on element 'Object Repository/Maya/login again/Spy- 6'

2020-08-07 17:16:09 - [TEST_STEP][PASSED] - delay(1, STOP_ON_FAILURE): Delayed 1 second(s)

2020-08-07 17:16:10 - [MESSAGE][PASSED] - Delayed 1 second(s)

2020-08-07 17:16:10 - [TEST_STEP][PASSED] - tap(findTestObject("Maya/login again/Spy- 6"), 0): Tapped on element 'Object Repository/Maya/login again/Spy- 6'

2020-08-07 17:16:10 - [MESSAGE][WARNING] - Timeout '0' is invalid. Using default page load timeout: '10'

2020-08-07 17:16:12 - [MESSAGE][PASSED] - Tapped on element 'Object Repository/Maya/login again/Spy- 6'

2020-08-07 17:16:12 - [TEST_STEP][PASSED] - if (otp[i] == "7"): null

2020-08-07 17:16:12 - [TEST_STEP][PASSED] - if (otp[i] == "8"): null

2020-08-07 17:16:12 - [TEST_STEP][PASSED] - if (otp[i] == "9"): null

2020-08-07 17:16:12 - [TEST_STEP][PASSED] - delay(3, STOP_ON_FAILURE): Delayed 3 second(s)

2020-08-07 17:16:15 - [MESSAGE][PASSED] - Delayed 3 second(s)

2020-08-07 17:16:15 - [TEST_STEP][PASSED] - if (otp[i] == "0"): null

2020-08-07 17:16:15 - [TEST_STEP][PASSED] - if (otp[i] == "1"): null

2020-08-07 17:16:15 - [TEST_STEP][PASSED] - if (otp[i] == "2"): null

2020-08-07 17:16:15 - [TEST_STEP][PASSED] - if (otp[i] == "3"): null

2020-08-07 17:16:15 - [TEST_STEP][PASSED] - if (otp[i] == "4"): null

2020-08-07 17:16:15 - [TEST_STEP][PASSED] - if (otp[i] == "5"): null

2020-08-07 17:16:15 - [TEST_STEP][PASSED] - if (otp[i] == "6"): Tapped on element 'Object Repository/Maya/login again/Spy- 6'

2020-08-07 17:16:15 - [TEST_STEP][PASSED] - delay(1, STOP_ON_FAILURE): Delayed 1 second(s)

2020-08-07 17:16:16 - [MESSAGE][PASSED] - Delayed 1 second(s)

2020-08-07 17:16:16 - [TEST_STEP][PASSED] - tap(findTestObject("Maya/login again/Spy- 6"), 0): Tapped on element 'Object Repository/Maya/login again/Spy- 6'

2020-08-07 17:16:16 - [MESSAGE][WARNING] - Timeout '0' is invalid. Using default page load timeout: '10'

2020-08-07 17:16:17 - [MESSAGE][PASSED] - Tapped on element 'Object Repository/Maya/login again/Spy- 6'

2020-08-07 17:16:17 - [TEST_STEP][PASSED] - if (otp[i] == "7"): null

2020-08-07 17:16:17 - [TEST_STEP][PASSED] - if (otp[i] == "8"): null

2020-08-07 17:16:17 - [TEST_STEP][PASSED] - if (otp[i] == "9"): null

2020-08-07 17:16:17 - [TEST_STEP][PASSED] - delay(3, STOP_ON_FAILURE): Delayed 3 second(s)

2020-08-07 17:16:20 - [MESSAGE][PASSED] - Delayed 3 second(s)

2020-08-07 17:16:20 - [TEST_STEP][PASSED] - if (otp[i] == "0"): null

2020-08-07 17:16:20 - [TEST_STEP][PASSED] - if (otp[i] == "1"): null

2020-08-07 17:16:20 - [TEST_STEP][PASSED] - if (otp[i] == "2"): null

2020-08-07 17:16:20 - [TEST_STEP][PASSED] - if (otp[i] == "3"): null

2020-08-07 17:16:20 - [TEST_STEP][PASSED] - if (otp[i] == "4"): null

2020-08-07 17:16:20 - [TEST_STEP][PASSED] - if (otp[i] == "5"): null

2020-08-07 17:16:20 - [TEST_STEP][PASSED] - if (otp[i] == "6"): null

2020-08-07 17:16:20 - [TEST_STEP][PASSED] - if (otp[i] == "7"): Tapped on element 'Object Repository/Maya/login again/Spy - 7'

2020-08-07 17:16:20 - [TEST_STEP][PASSED] - delay(1, STOP_ON_FAILURE): Delayed 1 second(s)

2020-08-07 17:16:21 - [MESSAGE][PASSED] - Delayed 1 second(s)

2020-08-07 17:16:21 - [TEST_STEP][PASSED] - tap(findTestObject("Maya/login again/Spy - 7"), 0): Tapped on element 'Object Repository/Maya/login again/Spy - 7'

2020-08-07 17:16:21 - [MESSAGE][WARNING] - Timeout '0' is invalid. Using default page load timeout: '10'

2020-08-07 17:16:22 - [MESSAGE][PASSED] - Tapped on element 'Object Repository/Maya/login again/Spy - 7'

2020-08-07 17:16:22 - [TEST_STEP][PASSED] - if (otp[i] == "8"): null

2020-08-07 17:16:22 - [TEST_STEP][PASSED] - if (otp[i] == "9"): null

2020-08-07 17:16:22 - [TEST_STEP][PASSED] - delay(3, STOP_ON_FAILURE): Delayed 3 second(s)

2020-08-07 17:16:25 - [MESSAGE][PASSED] - Delayed 3 second(s)

2020-08-07 17:16:25 - [TEST_STEP][PASSED] - if (otp[i] == "0"): Tapped on element 'Object Repository/Maya/login again/Spy-0'

2020-08-07 17:16:25 - [TEST_STEP][PASSED] - delay(1, STOP_ON_FAILURE): Delayed 1 second(s)

2020-08-07 17:16:26 - [MESSAGE][PASSED] - Delayed 1 second(s)

2020-08-07 17:16:26 - [TEST_STEP][PASSED] - tap(findTestObject("Maya/login again/Spy-0"), 0): Tapped on element 'Object Repository/Maya/login again/Spy-0'

2020-08-07 17:16:26 - [MESSAGE][WARNING] - Timeout '0' is invalid. Using default page load timeout: '10'

2020-08-07 17:16:27 - [MESSAGE][PASSED] - Tapped on element 'Object Repository/Maya/login again/Spy-0'

2020-08-07 17:16:27 - [TEST_STEP][PASSED] - if (otp[i] == "1"): null

2020-08-07 17:16:27 - [TEST_STEP][PASSED] - if (otp[i] == "2"): null

2020-08-07 17:16:27 - [TEST_STEP][PASSED] - if (otp[i] == "3"): null

2020-08-07 17:16:27 - [TEST_STEP][PASSED] - if (otp[i] == "4"): null

2020-08-07 17:16:27 - [TEST_STEP][PASSED] - if (otp[i] == "5"): null

2020-08-07 17:16:27 - [TEST_STEP][PASSED] - if (otp[i] == "6"): null

2020-08-07 17:16:27 - [TEST_STEP][PASSED] - if (otp[i] == "7"): null

2020-08-07 17:16:27 - [TEST_STEP][PASSED] - if (otp[i] == "8"): null

2020-08-07 17:16:27 - [TEST_STEP][PASSED] - if (otp[i] == "9"): null

2020-08-07 17:16:27 - [TEST_STEP][PASSED] - delay(8, STOP_ON_FAILURE): Delayed 8 second(s)

2020-08-07 17:16:35 - [MESSAGE][PASSED] - Delayed 8 second(s)

2020-08-07 17:16:35 - [TEST_STEP][PASSED] - tap(findTestObject("Maya/Forgot Pin/android.widget.ImageView0 (7)"), 0): Tapped on element 'Object Repository/Maya/Forgot Pin/android.widget.ImageView0 (7)'

2020-08-07 17:16:35 - [MESSAGE][WARNING] - Timeout '0' is invalid. Using default page load timeout: '10'

2020-08-07 17:16:36 - [MESSAGE][PASSED] - Tapped on element 'Object Repository/Maya/Forgot Pin/android.widget.ImageView0 (7)'

2020-08-07 17:16:36 - [TEST_STEP][PASSED] - verifyElementExist(findTestObject("Maya/RegisterDuitNow/android.widget.TextView0 - DuitNow successfully deregistered."), 0): Element 'Object Repository/Maya/RegisterDuitNow/android.widget.TextView0 - DuitNow successfully deregistered.' is exist

2020-08-07 17:16:37 - [MESSAGE][WARNING] - Timeout '0' is invalid. Using default page load timeout: '10'

2020-08-07 17:16:39 - [MESSAGE][PASSED] - Element 'Object Repository/Maya/RegisterDuitNow/android.widget.TextView0 - DuitNow successfully deregistered.' is exist

2020-08-07 17:16:39 - [TEST_STEP][PASSED] - delay(2, STOP_ON_FAILURE): Delayed 2 second(s)

2020-08-07 17:16:41 - [MESSAGE][PASSED] - Delayed 2 second(s)

2020-08-07 17:16:41 - [TEST_STEP][PASSED] - takeScreenshot("C:\Users\LENOVO\Screenshot\DuitNowProxy\Screen10.png", CONTINUE_ON_FAILURE): Screenshot is taken

2020-08-07 17:16:43 - [MESSAGE][PASSED] - Screenshot is taken
[[ATTACHMENT|C:\\Users\\LENOVO\\Screenshot\\DuitNowProxy\\Screen10.png]]

2020-08-07 17:16:43 - [TEST_STEP][PASSED] - tap(findTestObject("Maya/RegisterDuitNow/android.widget.TextView0 - DuitNow (6)"), 0): Tapped on element 'Object Repository/Maya/RegisterDuitNow/android.widget.TextView0 - DuitNow (6)'

2020-08-07 17:16:43 - [MESSAGE][WARNING] - Timeout '0' is invalid. Using default page load timeout: '10'

2020-08-07 17:16:46 - [MESSAGE][PASSED] - Tapped on element 'Object Repository/Maya/RegisterDuitNow/android.widget.TextView0 - DuitNow (6)'

2020-08-07 17:16:46 - [TEST_STEP][PASSED] - getText(findTestObject("Maya/RegisterDuitNow/android.widget.TextView0 - Link your Maybank account to an ID for DuitNow (2)"), 0): Text of element 'Object Repository/Maya/RegisterDuitNow/android.widget.TextView0 - Link your Maybank account to an ID for DuitNow (2)' is: 'Link your Maybank account to an ID for DuitNow'

2020-08-07 17:16:46 - [MESSAGE][WARNING] - Timeout '0' is invalid. Using default page load timeout: '10'

2020-08-07 17:16:46 - [MESSAGE][PASSED] - Text of element 'Object Repository/Maya/RegisterDuitNow/android.widget.TextView0 - Link your Maybank account to an ID for DuitNow (2)' is: 'Link your Maybank account to an ID for DuitNow'

2020-08-07 17:16:46 - [TEST_STEP][PASSED] - verifyElementExist(findTestObject("Maya/RegisterDuitNow/android.widget.TextView0 - Link your Maybank account to an ID for DuitNow (2)"), 0): Element 'Object Repository/Maya/RegisterDuitNow/android.widget.TextView0 - Link your Maybank account to an ID for DuitNow (2)' is exist

2020-08-07 17:16:46 - [MESSAGE][WARNING] - Timeout '0' is invalid. Using default page load timeout: '10'

2020-08-07 17:16:47 - [MESSAGE][PASSED] - Element 'Object Repository/Maya/RegisterDuitNow/android.widget.TextView0 - Link your Maybank account to an ID for DuitNow (2)' is exist

2020-08-07 17:16:47 - [TEST_STEP][PASSED] - getText(findTestObject("Maya/RegisterDuitNow/android.widget.TextView0 - Select account"), 0): Text of element 'Object Repository/Maya/RegisterDuitNow/android.widget.TextView0 - Select account' is: 'Select account'

2020-08-07 17:16:47 - [MESSAGE][WARNING] - Timeout '0' is invalid. Using default page load timeout: '10'

2020-08-07 17:16:47 - [MESSAGE][PASSED] - Text of element 'Object Repository/Maya/RegisterDuitNow/android.widget.TextView0 - Select account' is: 'Select account'

2020-08-07 17:16:47 - [TEST_STEP][PASSED] - getText(findTestObject("Maya/RegisterDuitNow/android.widget.TextView0 - Not registered"), 0): Text of element 'Object Repository/Maya/RegisterDuitNow/android.widget.TextView0 - Not registered' is: 'Not registered'

2020-08-07 17:16:48 - [MESSAGE][WARNING] - Timeout '0' is invalid. Using default page load timeout: '10'

2020-08-07 17:16:48 - [MESSAGE][PASSED] - Text of element 'Object Repository/Maya/RegisterDuitNow/android.widget.TextView0 - Not registered' is: 'Not registered'

2020-08-07 17:16:48 - [TEST_STEP][PASSED] - delay(2, STOP_ON_FAILURE): Delayed 2 second(s)

2020-08-07 17:16:50 - [MESSAGE][PASSED] - Delayed 2 second(s)

2020-08-07 17:16:50 - [TEST_STEP][PASSED] - takeScreenshot("C:\Users\LENOVO\Screenshot\DuitNowProxy\Screen8.png", CONTINUE_ON_FAILURE): Screenshot is taken

2020-08-07 17:16:51 - [MESSAGE][PASSED] - Screenshot is taken
[[ATTACHMENT|C:\\Users\\LENOVO\\Screenshot\\DuitNowProxy\\Screen8.png]]

2020-08-07 17:16:51 - [TEST_STEP][NOT_RUN] - tap(findTestObject("Maya/RegisterDuitNow/android.view.ViewGroup0"), 0): NOT_RUN: tap(findTestObject("Maya/RegisterDuitNow/android.view.ViewGroup0"), 0)

2020-08-07 17:16:51 - [MESSAGE][NOT_RUN] - NOT_RUN: tap(findTestObject("Maya/RegisterDuitNow/android.view.ViewGroup0"), 0)

2020-08-07 17:16:51 - [TEST_STEP][PASSED] - tap(findTestObject("Maya/RegisterDuitNow/android.widget.TextView0 - NRIC Number (5)"), 0): Tapped on element 'Object Repository/Maya/RegisterDuitNow/android.widget.TextView0 - NRIC Number (5)'

2020-08-07 17:16:51 - [MESSAGE][WARNING] - Timeout '0' is invalid. Using default page load timeout: '10'

2020-08-07 17:16:54 - [MESSAGE][PASSED] - Tapped on element 'Object Repository/Maya/RegisterDuitNow/android.widget.TextView0 - NRIC Number (5)'

2020-08-07 17:16:54 - [TEST_STEP][PASSED] - tapAndHoldAtPosition(540, 773, 1): Tapped and held at [540, 773] with duration 1

2020-08-07 17:16:57 - [MESSAGE][PASSED] - Tapped and held at [540, 773] with duration 1

2020-08-07 17:16:57 - [TEST_STEP][PASSED] - tap(findTestObject("Maya/RegisterDuitNow/android.widget.TextView0 - Continue (7)"), 0): Tapped on element 'Object Repository/Maya/RegisterDuitNow/android.widget.TextView0 - Continue (7)'

2020-08-07 17:16:57 - [MESSAGE][WARNING] - Timeout '0' is invalid. Using default page load timeout: '10'

2020-08-07 17:17:01 - [MESSAGE][PASSED] - Tapped on element 'Object Repository/Maya/RegisterDuitNow/android.widget.TextView0 - Continue (7)'

2020-08-07 17:17:01 - [TEST_STEP][PASSED] - getText(findTestObject("Maya/RegisterDuitNow/android.widget.TextView0 - Please confirm your DuitNow details (1)"), 0): Text of element 'Object Repository/Maya/RegisterDuitNow/android.widget.TextView0 - Please confirm your DuitNow details (1)' is: 'Please confirm your DuitNow details'

2020-08-07 17:17:01 - [MESSAGE][WARNING] - Timeout '0' is invalid. Using default page load timeout: '10'

2020-08-07 17:17:02 - [MESSAGE][PASSED] - Text of element 'Object Repository/Maya/RegisterDuitNow/android.widget.TextView0 - Please confirm your DuitNow details (1)' is: 'Please confirm your DuitNow details'

2020-08-07 17:17:02 - [TEST_STEP][PASSED] - verifyElementExist(findTestObject("Maya/RegisterDuitNow/android.widget.TextView0 - Please confirm your DuitNow details (1)"), 0): Element 'Object Repository/Maya/RegisterDuitNow/android.widget.TextView0 - Please confirm your DuitNow details (1)' is exist

2020-08-07 17:17:02 - [MESSAGE][WARNING] - Timeout '0' is invalid. Using default page load timeout: '10'

2020-08-07 17:17:03 - [MESSAGE][PASSED] - Element 'Object Repository/Maya/RegisterDuitNow/android.widget.TextView0 - Please confirm your DuitNow details (1)' is exist

2020-08-07 17:17:03 - [TEST_STEP][PASSED] - tap(findTestObject("Maya/RegisterDuitNow/android.widget.TextView0 - Agree and Confirm (1)"), 0): Tapped on element 'Object Repository/Maya/RegisterDuitNow/android.widget.TextView0 - Agree and Confirm (1)'

2020-08-07 17:17:03 - [MESSAGE][WARNING] - Timeout '0' is invalid. Using default page load timeout: '10'

2020-08-07 17:17:04 - [MESSAGE][PASSED] - Tapped on element 'Object Repository/Maya/RegisterDuitNow/android.widget.TextView0 - Agree and Confirm (1)'

2020-08-07 17:17:04 - [TEST_STEP][PASSED] - getText(findTestObject("Maya/RegisterDuitNow/android.widget.TextView0 - Youve successfully linked your account to DuitNow (1)"), 0): Text of element 'Object Repository/Maya/RegisterDuitNow/android.widget.TextView0 - Youve successfully linked your account to DuitNow (1)' is: 'You’ve successfully linked your account to DuitNow'

2020-08-07 17:17:04 - [MESSAGE][WARNING] - Timeout '0' is invalid. Using default page load timeout: '10'

2020-08-07 17:17:05 - [MESSAGE][PASSED] - Text of element 'Object Repository/Maya/RegisterDuitNow/android.widget.TextView0 - Youve successfully linked your account to DuitNow (1)' is: 'You’ve successfully linked your account to DuitNow'

2020-08-07 17:17:05 - [TEST_STEP][PASSED] - verifyElementExist(findTestObject("Maya/RegisterDuitNow/android.widget.TextView0 - Youve successfully linked your account to DuitNow (1)"), 0): Element 'Object Repository/Maya/RegisterDuitNow/android.widget.TextView0 - Youve successfully linked your account to DuitNow (1)' is exist

2020-08-07 17:17:05 - [MESSAGE][WARNING] - Timeout '0' is invalid. Using default page load timeout: '10'

2020-08-07 17:17:05 - [MESSAGE][PASSED] - Element 'Object Repository/Maya/RegisterDuitNow/android.widget.TextView0 - Youve successfully linked your account to DuitNow (1)' is exist

2020-08-07 17:17:05 - [TEST_STEP][PASSED] - delay(2, STOP_ON_FAILURE): Delayed 2 second(s)

2020-08-07 17:17:07 - [MESSAGE][PASSED] - Delayed 2 second(s)

2020-08-07 17:17:07 - [TEST_STEP][PASSED] - takeScreenshot("C:\Users\LENOVO\Screenshot\DuitNowProxy\Screen12.png", CONTINUE_ON_FAILURE): Screenshot is taken

2020-08-07 17:17:09 - [MESSAGE][PASSED] - Screenshot is taken
[[ATTACHMENT|C:\\Users\\LENOVO\\Screenshot\\DuitNowProxy\\Screen12.png]]

2020-08-07 17:17:09 - [TEST_STEP][PASSED] - tap(findTestObject("Maya/RegisterDuitNow/android.widget.TextView0 - Done (10)"), 0): Tapped on element 'Object Repository/Maya/RegisterDuitNow/android.widget.TextView0 - Done (10)'

2020-08-07 17:17:09 - [MESSAGE][WARNING] - Timeout '0' is invalid. Using default page load timeout: '10'

2020-08-07 17:17:11 - [MESSAGE][PASSED] - Tapped on element 'Object Repository/Maya/RegisterDuitNow/android.widget.TextView0 - Done (10)'

2020-08-07 17:17:11 - [TEST_STEP][PASSED] - tap(findTestObject("Maya/RegisterDuitNow/android.widget.TextView0 - DuitNow (6)"), 0): Tapped on element 'Object Repository/Maya/RegisterDuitNow/android.widget.TextView0 - DuitNow (6)'

2020-08-07 17:17:11 - [MESSAGE][WARNING] - Timeout '0' is invalid. Using default page load timeout: '10'

2020-08-07 17:17:13 - [MESSAGE][PASSED] - Tapped on element 'Object Repository/Maya/RegisterDuitNow/android.widget.TextView0 - DuitNow (6)'

2020-08-07 17:17:13 - [TEST_STEP][PASSED] - tap(findTestObject("Maya/RegisterDuitNow/android.widget.TextView0 - NRIC Number (5)"), 0): Tapped on element 'Object Repository/Maya/RegisterDuitNow/android.widget.TextView0 - NRIC Number (5)'

2020-08-07 17:17:13 - [MESSAGE][WARNING] - Timeout '0' is invalid. Using default page load timeout: '10'

2020-08-07 17:17:15 - [MESSAGE][PASSED] - Tapped on element 'Object Repository/Maya/RegisterDuitNow/android.widget.TextView0 - NRIC Number (5)'

2020-08-07 17:17:15 - [TEST_STEP][PASSED] - tap(findTestObject("Maya/RegisterDuitNow/android.widget.TextView0 - Disable Temporarily"), 0): Tapped on element 'Object Repository/Maya/RegisterDuitNow/android.widget.TextView0 - Disable Temporarily'

2020-08-07 17:17:15 - [MESSAGE][WARNING] - Timeout '0' is invalid. Using default page load timeout: '10'

2020-08-07 17:17:16 - [MESSAGE][PASSED] - Tapped on element 'Object Repository/Maya/RegisterDuitNow/android.widget.TextView0 - Disable Temporarily'

2020-08-07 17:17:16 - [TEST_STEP][PASSED] - tap(findTestObject("Maya/RegisterDuitNow/android.widget.TextView0 - Confirm (2)"), 0): Tapped on element 'Object Repository/Maya/RegisterDuitNow/android.widget.TextView0 - Confirm (2)'

2020-08-07 17:17:16 - [MESSAGE][WARNING] - Timeout '0' is invalid. Using default page load timeout: '10'

2020-08-07 17:17:18 - [MESSAGE][PASSED] - Tapped on element 'Object Repository/Maya/RegisterDuitNow/android.widget.TextView0 - Confirm (2)'

2020-08-07 17:17:18 - [TEST_STEP][PASSED] - tap(findTestObject("Maya/RegisterDuitNow/android.widget.TextView0 - Confirm (1)"), 0): Tapped on element 'Object Repository/Maya/RegisterDuitNow/android.widget.TextView0 - Confirm (1)'

2020-08-07 17:17:18 - [MESSAGE][WARNING] - Timeout '0' is invalid. Using default page load timeout: '10'

2020-08-07 17:17:19 - [MESSAGE][PASSED] - Tapped on element 'Object Repository/Maya/RegisterDuitNow/android.widget.TextView0 - Confirm (1)'

2020-08-07 17:17:19 - [TEST_STEP][PASSED] - otpM = getText(findTestObject("Maya/Third Party CA account/android.widget.TextView0 - Your OTP no. is 460943"), 0): Text of element 'Object Repository/Maya/Third Party CA account/android.widget.TextView0 - Your OTP no. is 460943' is: 'Your OTP no. is 210946'

2020-08-07 17:17:19 - [MESSAGE][WARNING] - Timeout '0' is invalid. Using default page load timeout: '10'

2020-08-07 17:17:23 - [MESSAGE][PASSED] - Text of element 'Object Repository/Maya/Third Party CA account/android.widget.TextView0 - Your OTP no. is 460943' is: 'Your OTP no. is 210946'

2020-08-07 17:17:23 - [TEST_STEP][PASSED] - delay(2): Delayed 2 second(s)

2020-08-07 17:17:25 - [MESSAGE][PASSED] - Delayed 2 second(s)

2020-08-07 17:17:25 - [TEST_STEP][PASSED] - for ([i = 16, i <= 21, (i++)]): null

2020-08-07 17:17:25 - [TEST_STEP][PASSED] - delay(3, STOP_ON_FAILURE): Delayed 3 second(s)

2020-08-07 17:17:28 - [MESSAGE][PASSED] - Delayed 3 second(s)

2020-08-07 17:17:28 - [TEST_STEP][PASSED] - if (otpM[i] == "0"): null

2020-08-07 17:17:28 - [TEST_STEP][PASSED] - if (otpM[i] == "1"): null

2020-08-07 17:17:28 - [TEST_STEP][PASSED] - if (otpM[i] == "2"): Tapped on element 'Object Repository/Maya/login again/Spy- 2'

2020-08-07 17:17:28 - [TEST_STEP][PASSED] - delay(1, STOP_ON_FAILURE): Delayed 1 second(s)

2020-08-07 17:17:29 - [MESSAGE][PASSED] - Delayed 1 second(s)

2020-08-07 17:17:29 - [TEST_STEP][PASSED] - tap(findTestObject("Maya/login again/Spy- 2"), 0): Tapped on element 'Object Repository/Maya/login again/Spy- 2'

2020-08-07 17:17:29 - [MESSAGE][WARNING] - Timeout '0' is invalid. Using default page load timeout: '10'

2020-08-07 17:17:31 - [MESSAGE][PASSED] - Tapped on element 'Object Repository/Maya/login again/Spy- 2'

2020-08-07 17:17:31 - [TEST_STEP][PASSED] - if (otpM[i] == "3"): null

2020-08-07 17:17:31 - [TEST_STEP][PASSED] - if (otpM[i] == "4"): null

2020-08-07 17:17:31 - [TEST_STEP][PASSED] - if (otpM[i] == "5"): null

2020-08-07 17:17:31 - [TEST_STEP][PASSED] - if (otpM[i] == "6"): null

2020-08-07 17:17:31 - [TEST_STEP][PASSED] - if (otpM[i] == "7"): null

2020-08-07 17:17:31 - [TEST_STEP][PASSED] - if (otpM[i] == "8"): null

2020-08-07 17:17:31 - [TEST_STEP][PASSED] - if (otpM[i] == "9"): null

2020-08-07 17:17:31 - [TEST_STEP][PASSED] - delay(3, STOP_ON_FAILURE): Delayed 3 second(s)

2020-08-07 17:17:34 - [MESSAGE][PASSED] - Delayed 3 second(s)

2020-08-07 17:17:34 - [TEST_STEP][PASSED] - if (otpM[i] == "0"): null

2020-08-07 17:17:34 - [TEST_STEP][PASSED] - if (otpM[i] == "1"): Tapped on element 'Object Repository/Maya/login again/Spy - 1'

2020-08-07 17:17:34 - [TEST_STEP][PASSED] - delay(1, STOP_ON_FAILURE): Delayed 1 second(s)

2020-08-07 17:17:35 - [MESSAGE][PASSED] - Delayed 1 second(s)

2020-08-07 17:17:35 - [TEST_STEP][PASSED] - tap(findTestObject("Maya/login again/Spy - 1"), 0): Tapped on element 'Object Repository/Maya/login again/Spy - 1'

2020-08-07 17:17:35 - [MESSAGE][WARNING] - Timeout '0' is invalid. Using default page load timeout: '10'

2020-08-07 17:17:37 - [MESSAGE][PASSED] - Tapped on element 'Object Repository/Maya/login again/Spy - 1'

2020-08-07 17:17:37 - [TEST_STEP][PASSED] - if (otpM[i] == "2"): null

2020-08-07 17:17:37 - [TEST_STEP][PASSED] - if (otpM[i] == "3"): null

2020-08-07 17:17:37 - [TEST_STEP][PASSED] - if (otpM[i] == "4"): null

2020-08-07 17:17:37 - [TEST_STEP][PASSED] - if (otpM[i] == "5"): null

2020-08-07 17:17:37 - [TEST_STEP][PASSED] - if (otpM[i] == "6"): null

2020-08-07 17:17:37 - [TEST_STEP][PASSED] - if (otpM[i] == "7"): null

2020-08-07 17:17:37 - [TEST_STEP][PASSED] - if (otpM[i] == "8"): null

2020-08-07 17:17:37 - [TEST_STEP][PASSED] - if (otpM[i] == "9"): null

2020-08-07 17:17:37 - [TEST_STEP][PASSED] - delay(3, STOP_ON_FAILURE): Delayed 3 second(s)

2020-08-07 17:17:40 - [MESSAGE][PASSED] - Delayed 3 second(s)

2020-08-07 17:17:40 - [TEST_STEP][PASSED] - if (otpM[i] == "0"): Tapped on element 'Object Repository/Maya/login again/Spy-0'

2020-08-07 17:17:40 - [TEST_STEP][PASSED] - delay(1, STOP_ON_FAILURE): Delayed 1 second(s)

2020-08-07 17:17:41 - [MESSAGE][PASSED] - Delayed 1 second(s)

2020-08-07 17:17:41 - [TEST_STEP][PASSED] - tap(findTestObject("Maya/login again/Spy-0"), 0): Tapped on element 'Object Repository/Maya/login again/Spy-0'

2020-08-07 17:17:41 - [MESSAGE][WARNING] - Timeout '0' is invalid. Using default page load timeout: '10'

2020-08-07 17:17:42 - [MESSAGE][PASSED] - Tapped on element 'Object Repository/Maya/login again/Spy-0'

2020-08-07 17:17:42 - [TEST_STEP][PASSED] - if (otpM[i] == "1"): null

2020-08-07 17:17:42 - [TEST_STEP][PASSED] - if (otpM[i] == "2"): null

2020-08-07 17:17:42 - [TEST_STEP][PASSED] - if (otpM[i] == "3"): null

2020-08-07 17:17:42 - [TEST_STEP][PASSED] - if (otpM[i] == "4"): null

2020-08-07 17:17:42 - [TEST_STEP][PASSED] - if (otpM[i] == "5"): null

2020-08-07 17:17:42 - [TEST_STEP][PASSED] - if (otpM[i] == "6"): null

2020-08-07 17:17:42 - [TEST_STEP][PASSED] - if (otpM[i] == "7"): null

2020-08-07 17:17:42 - [TEST_STEP][PASSED] - if (otpM[i] == "8"): null

2020-08-07 17:17:42 - [TEST_STEP][PASSED] - if (otpM[i] == "9"): null

2020-08-07 17:17:42 - [TEST_STEP][PASSED] - delay(3, STOP_ON_FAILURE): Delayed 3 second(s)

2020-08-07 17:17:45 - [MESSAGE][PASSED] - Delayed 3 second(s)

2020-08-07 17:17:45 - [TEST_STEP][PASSED] - if (otpM[i] == "0"): null

2020-08-07 17:17:45 - [TEST_STEP][PASSED] - if (otpM[i] == "1"): null

2020-08-07 17:17:45 - [TEST_STEP][PASSED] - if (otpM[i] == "2"): null

2020-08-07 17:17:45 - [TEST_STEP][PASSED] - if (otpM[i] == "3"): null

2020-08-07 17:17:45 - [TEST_STEP][PASSED] - if (otpM[i] == "4"): null

2020-08-07 17:17:45 - [TEST_STEP][PASSED] - if (otpM[i] == "5"): null

2020-08-07 17:17:45 - [TEST_STEP][PASSED] - if (otpM[i] == "6"): null

2020-08-07 17:17:45 - [TEST_STEP][PASSED] - if (otpM[i] == "7"): null

2020-08-07 17:17:45 - [TEST_STEP][PASSED] - if (otpM[i] == "8"): null

2020-08-07 17:17:45 - [TEST_STEP][PASSED] - if (otpM[i] == "9"): Tapped on element 'Object Repository/Maya/login again/Spy- 9'

2020-08-07 17:17:45 - [TEST_STEP][PASSED] - delay(1, STOP_ON_FAILURE): Delayed 1 second(s)

2020-08-07 17:17:46 - [MESSAGE][PASSED] - Delayed 1 second(s)

2020-08-07 17:17:46 - [TEST_STEP][PASSED] - tap(findTestObject("Maya/login again/Spy- 9"), 0): Tapped on element 'Object Repository/Maya/login again/Spy- 9'

2020-08-07 17:17:46 - [MESSAGE][WARNING] - Timeout '0' is invalid. Using default page load timeout: '10'

2020-08-07 17:17:49 - [MESSAGE][PASSED] - Tapped on element 'Object Repository/Maya/login again/Spy- 9'

2020-08-07 17:17:49 - [TEST_STEP][PASSED] - delay(3, STOP_ON_FAILURE): Delayed 3 second(s)

2020-08-07 17:17:52 - [MESSAGE][PASSED] - Delayed 3 second(s)

2020-08-07 17:17:52 - [TEST_STEP][PASSED] - if (otpM[i] == "0"): null

2020-08-07 17:17:52 - [TEST_STEP][PASSED] - if (otpM[i] == "1"): null

2020-08-07 17:17:52 - [TEST_STEP][PASSED] - if (otpM[i] == "2"): null

2020-08-07 17:17:52 - [TEST_STEP][PASSED] - if (otpM[i] == "3"): null

2020-08-07 17:17:52 - [TEST_STEP][PASSED] - if (otpM[i] == "4"): Tapped on element 'Object Repository/Maya/login again/Spy - 4'

2020-08-07 17:17:52 - [TEST_STEP][PASSED] - delay(1, STOP_ON_FAILURE): Delayed 1 second(s)

2020-08-07 17:17:53 - [MESSAGE][PASSED] - Delayed 1 second(s)

2020-08-07 17:17:53 - [TEST_STEP][PASSED] - tap(findTestObject("Maya/login again/Spy - 4"), 0): Tapped on element 'Object Repository/Maya/login again/Spy - 4'

2020-08-07 17:17:53 - [MESSAGE][WARNING] - Timeout '0' is invalid. Using default page load timeout: '10'

2020-08-07 17:17:54 - [MESSAGE][PASSED] - Tapped on element 'Object Repository/Maya/login again/Spy - 4'

2020-08-07 17:17:54 - [TEST_STEP][PASSED] - if (otpM[i] == "5"): null

2020-08-07 17:17:54 - [TEST_STEP][PASSED] - if (otpM[i] == "6"): null

2020-08-07 17:17:54 - [TEST_STEP][PASSED] - if (otpM[i] == "7"): null

2020-08-07 17:17:54 - [TEST_STEP][PASSED] - if (otpM[i] == "8"): null

2020-08-07 17:17:54 - [TEST_STEP][PASSED] - if (otpM[i] == "9"): null

2020-08-07 17:17:54 - [TEST_STEP][PASSED] - delay(3, STOP_ON_FAILURE): Delayed 3 second(s)

2020-08-07 17:17:57 - [MESSAGE][PASSED] - Delayed 3 second(s)

2020-08-07 17:17:57 - [TEST_STEP][PASSED] - if (otpM[i] == "0"): null

2020-08-07 17:17:57 - [TEST_STEP][PASSED] - if (otpM[i] == "1"): null

2020-08-07 17:17:57 - [TEST_STEP][PASSED] - if (otpM[i] == "2"): null

2020-08-07 17:17:57 - [TEST_STEP][PASSED] - if (otpM[i] == "3"): null

2020-08-07 17:17:57 - [TEST_STEP][PASSED] - if (otpM[i] == "4"): null

2020-08-07 17:17:57 - [TEST_STEP][PASSED] - if (otpM[i] == "5"): null

2020-08-07 17:17:57 - [TEST_STEP][PASSED] - if (otpM[i] == "6"): Tapped on element 'Object Repository/Maya/login again/Spy- 6'

2020-08-07 17:17:57 - [TEST_STEP][PASSED] - delay(1, STOP_ON_FAILURE): Delayed 1 second(s)

2020-08-07 17:17:58 - [MESSAGE][PASSED] - Delayed 1 second(s)

2020-08-07 17:17:58 - [TEST_STEP][PASSED] - tap(findTestObject("Maya/login again/Spy- 6"), 0): Tapped on element 'Object Repository/Maya/login again/Spy- 6'

2020-08-07 17:17:58 - [MESSAGE][WARNING] - Timeout '0' is invalid. Using default page load timeout: '10'

2020-08-07 17:18:00 - [MESSAGE][PASSED] - Tapped on element 'Object Repository/Maya/login again/Spy- 6'

2020-08-07 17:18:00 - [TEST_STEP][PASSED] - if (otpM[i] == "7"): null

2020-08-07 17:18:00 - [TEST_STEP][PASSED] - if (otpM[i] == "8"): null

2020-08-07 17:18:00 - [TEST_STEP][PASSED] - if (otpM[i] == "9"): null

2020-08-07 17:18:00 - [TEST_STEP][PASSED] - delay(8, STOP_ON_FAILURE): Delayed 8 second(s)

2020-08-07 17:18:08 - [MESSAGE][PASSED] - Delayed 8 second(s)

2020-08-07 17:18:08 - [TEST_STEP][PASSED] - tap(findTestObject("Maya/Forgot Pin/android.widget.ImageView0 (7)"), 0): Tapped on element 'Object Repository/Maya/Forgot Pin/android.widget.ImageView0 (7)'

2020-08-07 17:18:08 - [MESSAGE][WARNING] - Timeout '0' is invalid. Using default page load timeout: '10'

2020-08-07 17:18:09 - [MESSAGE][PASSED] - Tapped on element 'Object Repository/Maya/Forgot Pin/android.widget.ImageView0 (7)'

2020-08-07 17:18:09 - [TEST_STEP][PASSED] - verifyElementExist(findTestObject("Maya/RegisterDuitNow/android.widget.TextView0 - DuitNow successfully disabled."), 0): Element 'Object Repository/Maya/RegisterDuitNow/android.widget.TextView0 - DuitNow successfully disabled.' is exist

2020-08-07 17:18:09 - [MESSAGE][WARNING] - Timeout '0' is invalid. Using default page load timeout: '10'

2020-08-07 17:18:12 - [MESSAGE][PASSED] - Element 'Object Repository/Maya/RegisterDuitNow/android.widget.TextView0 - DuitNow successfully disabled.' is exist

2020-08-07 17:18:12 - [TEST_STEP][PASSED] - tap(findTestObject("Maya/RegisterDuitNow/android.widget.TextView0 - DuitNow (6)"), 0): Tapped on element 'Object Repository/Maya/RegisterDuitNow/android.widget.TextView0 - DuitNow (6)'

2020-08-07 17:18:12 - [MESSAGE][WARNING] - Timeout '0' is invalid. Using default page load timeout: '10'

2020-08-07 17:18:13 - [MESSAGE][PASSED] - Tapped on element 'Object Repository/Maya/RegisterDuitNow/android.widget.TextView0 - DuitNow (6)'

2020-08-07 17:18:13 - [TEST_STEP][PASSED] - getText(findTestObject("Maya/RegisterDuitNow/android.widget.TextView0 - Link your Maybank account to an ID for DuitNow (1)"), 0): Text of element 'Object Repository/Maya/RegisterDuitNow/android.widget.TextView0 - Link your Maybank account to an ID for DuitNow (1)' is: 'Link your Maybank account to an ID for DuitNow'

2020-08-07 17:18:13 - [MESSAGE][WARNING] - Timeout '0' is invalid. Using default page load timeout: '10'

2020-08-07 17:18:14 - [MESSAGE][PASSED] - Text of element 'Object Repository/Maya/RegisterDuitNow/android.widget.TextView0 - Link your Maybank account to an ID for DuitNow (1)' is: 'Link your Maybank account to an ID for DuitNow'

2020-08-07 17:18:14 - [TEST_STEP][PASSED] - verifyElementExist(findTestObject("Maya/RegisterDuitNow/android.widget.TextView0 - Link your Maybank account to an ID for DuitNow (1)"), 0): Element 'Object Repository/Maya/RegisterDuitNow/android.widget.TextView0 - Link your Maybank account to an ID for DuitNow (1)' is exist

2020-08-07 17:18:14 - [MESSAGE][WARNING] - Timeout '0' is invalid. Using default page load timeout: '10'

2020-08-07 17:18:14 - [MESSAGE][PASSED] - Element 'Object Repository/Maya/RegisterDuitNow/android.widget.TextView0 - Link your Maybank account to an ID for DuitNow (1)' is exist

2020-08-07 17:18:14 - [TEST_STEP][PASSED] - delay(2, STOP_ON_FAILURE): Delayed 2 second(s)

2020-08-07 17:18:16 - [MESSAGE][PASSED] - Delayed 2 second(s)

2020-08-07 17:18:16 - [TEST_STEP][PASSED] - takeScreenshot("C:\Users\LENOVO\Screenshot\DuitNowProxy\Screen13.png", CONTINUE_ON_FAILURE): Screenshot is taken

2020-08-07 17:18:18 - [MESSAGE][PASSED] - Screenshot is taken
[[ATTACHMENT|C:\\Users\\LENOVO\\Screenshot\\DuitNowProxy\\Screen13.png]]

2020-08-07 17:18:18 - [TEST_STEP][PASSED] - getText(findTestObject("Maya/RegisterDuitNow/android.widget.TextView0 - NRIC Number (5)"), 0): Text of element 'Object Repository/Maya/RegisterDuitNow/android.widget.TextView0 - NRIC Number (5)' is: 'ID Number'

2020-08-07 17:18:18 - [MESSAGE][WARNING] - Timeout '0' is invalid. Using default page load timeout: '10'

2020-08-07 17:18:18 - [MESSAGE][PASSED] - Text of element 'Object Repository/Maya/RegisterDuitNow/android.widget.TextView0 - NRIC Number (5)' is: 'ID Number'

2020-08-07 17:18:18 - [TEST_STEP][PASSED] - verifyElementExist(findTestObject("Maya/RegisterDuitNow/android.widget.TextView0 - NRIC Number (5)"), 0): Element 'Object Repository/Maya/RegisterDuitNow/android.widget.TextView0 - NRIC Number (5)' is exist

2020-08-07 17:18:18 - [MESSAGE][WARNING] - Timeout '0' is invalid. Using default page load timeout: '10'

2020-08-07 17:18:18 - [MESSAGE][PASSED] - Element 'Object Repository/Maya/RegisterDuitNow/android.widget.TextView0 - NRIC Number (5)' is exist

2020-08-07 17:18:18 - [TEST_STEP][PASSED] - tap(findTestObject("Maya/RegisterDuitNow/android.widget.TextView0 - NRIC Number (5)"), 0): Tapped on element 'Object Repository/Maya/RegisterDuitNow/android.widget.TextView0 - NRIC Number (5)'

2020-08-07 17:18:18 - [MESSAGE][WARNING] - Timeout '0' is invalid. Using default page load timeout: '10'

2020-08-07 17:18:20 - [MESSAGE][PASSED] - Tapped on element 'Object Repository/Maya/RegisterDuitNow/android.widget.TextView0 - NRIC Number (5)'

2020-08-07 17:18:20 - [TEST_STEP][PASSED] - getText(findTestObject("Maya/RegisterDuitNow/android.widget.TextView0 - INACTIVE"), 0): Text of element 'Object Repository/Maya/RegisterDuitNow/android.widget.TextView0 - INACTIVE' is: 'INACTIVE'

2020-08-07 17:18:20 - [MESSAGE][WARNING] - Timeout '0' is invalid. Using default page load timeout: '10'

2020-08-07 17:18:20 - [MESSAGE][PASSED] - Text of element 'Object Repository/Maya/RegisterDuitNow/android.widget.TextView0 - INACTIVE' is: 'INACTIVE'

2020-08-07 17:18:20 - [TEST_STEP][PASSED] - verifyElementExist(findTestObject("Maya/RegisterDuitNow/android.widget.TextView0 - INACTIVE"), 0): Element 'Object Repository/Maya/RegisterDuitNow/android.widget.TextView0 - INACTIVE' is exist

2020-08-07 17:18:20 - [MESSAGE][WARNING] - Timeout '0' is invalid. Using default page load timeout: '10'

2020-08-07 17:18:20 - [MESSAGE][PASSED] - Element 'Object Repository/Maya/RegisterDuitNow/android.widget.TextView0 - INACTIVE' is exist

2020-08-07 17:18:20 - [TEST_STEP][PASSED] - tap(findTestObject("Maya/RegisterDuitNow/android.widget.TextView0 - Enable"), 0): Tapped on element 'Object Repository/Maya/RegisterDuitNow/android.widget.TextView0 - Enable'

2020-08-07 17:18:20 - [MESSAGE][WARNING] - Timeout '0' is invalid. Using default page load timeout: '10'

2020-08-07 17:18:22 - [MESSAGE][PASSED] - Tapped on element 'Object Repository/Maya/RegisterDuitNow/android.widget.TextView0 - Enable'

2020-08-07 17:18:22 - [TEST_STEP][PASSED] - tap(findTestObject("Maya/RegisterDuitNow/android.widget.TextView0 - Confirm (1)"), 0): Tapped on element 'Object Repository/Maya/RegisterDuitNow/android.widget.TextView0 - Confirm (1)'

2020-08-07 17:18:22 - [MESSAGE][WARNING] - Timeout '0' is invalid. Using default page load timeout: '10'

2020-08-07 17:18:24 - [MESSAGE][PASSED] - Tapped on element 'Object Repository/Maya/RegisterDuitNow/android.widget.TextView0 - Confirm (1)'

2020-08-07 17:18:24 - [TEST_STEP][PASSED] - otpMi = getText(findTestObject("Maya/Third Party CA account/android.widget.TextView0 - Your OTP no. is 460943"), 0): Text of element 'Object Repository/Maya/Third Party CA account/android.widget.TextView0 - Your OTP no. is 460943' is: 'Your OTP no. is 925408'

2020-08-07 17:18:24 - [MESSAGE][WARNING] - Timeout '0' is invalid. Using default page load timeout: '10'

2020-08-07 17:18:27 - [MESSAGE][PASSED] - Text of element 'Object Repository/Maya/Third Party CA account/android.widget.TextView0 - Your OTP no. is 460943' is: 'Your OTP no. is 925408'

2020-08-07 17:18:27 - [TEST_STEP][PASSED] - delay(2): Delayed 2 second(s)

2020-08-07 17:18:29 - [MESSAGE][PASSED] - Delayed 2 second(s)

2020-08-07 17:18:29 - [TEST_STEP][PASSED] - for ([i = 16, i <= 21, (i++)]): null

2020-08-07 17:18:29 - [TEST_STEP][PASSED] - delay(3, STOP_ON_FAILURE): Delayed 3 second(s)

2020-08-07 17:18:32 - [MESSAGE][PASSED] - Delayed 3 second(s)

2020-08-07 17:18:32 - [TEST_STEP][PASSED] - if (otpMi[i] == "0"): null

2020-08-07 17:18:32 - [TEST_STEP][PASSED] - if (otpMi[i] == "1"): null

2020-08-07 17:18:32 - [TEST_STEP][PASSED] - if (otpMi[i] == "2"): null

2020-08-07 17:18:32 - [TEST_STEP][PASSED] - if (otpMi[i] == "3"): null

2020-08-07 17:18:32 - [TEST_STEP][PASSED] - if (otpMi[i] == "4"): null

2020-08-07 17:18:32 - [TEST_STEP][PASSED] - if (otpMi[i] == "5"): null

2020-08-07 17:18:32 - [TEST_STEP][PASSED] - if (otpMi[i] == "6"): null

2020-08-07 17:18:32 - [TEST_STEP][PASSED] - if (otpMi[i] == "7"): null

2020-08-07 17:18:32 - [TEST_STEP][PASSED] - if (otpMi[i] == "8"): null

2020-08-07 17:18:32 - [TEST_STEP][PASSED] - if (otpMi[i] == "9"): Tapped on element 'Object Repository/Maya/login again/Spy- 9'

2020-08-07 17:18:32 - [TEST_STEP][PASSED] - delay(1, STOP_ON_FAILURE): Delayed 1 second(s)

2020-08-07 17:18:33 - [MESSAGE][PASSED] - Delayed 1 second(s)

2020-08-07 17:18:33 - [TEST_STEP][PASSED] - tap(findTestObject("Maya/login again/Spy- 9"), 0): Tapped on element 'Object Repository/Maya/login again/Spy- 9'

2020-08-07 17:18:33 - [MESSAGE][WARNING] - Timeout '0' is invalid. Using default page load timeout: '10'

2020-08-07 17:18:37 - [MESSAGE][PASSED] - Tapped on element 'Object Repository/Maya/login again/Spy- 9'

2020-08-07 17:18:37 - [TEST_STEP][PASSED] - delay(3, STOP_ON_FAILURE): Delayed 3 second(s)

2020-08-07 17:18:40 - [MESSAGE][PASSED] - Delayed 3 second(s)

2020-08-07 17:18:40 - [TEST_STEP][PASSED] - if (otpMi[i] == "0"): null

2020-08-07 17:18:40 - [TEST_STEP][PASSED] - if (otpMi[i] == "1"): null

2020-08-07 17:18:40 - [TEST_STEP][PASSED] - if (otpMi[i] == "2"): Tapped on element 'Object Repository/Maya/login again/Spy- 2'

2020-08-07 17:18:40 - [TEST_STEP][PASSED] - delay(1, STOP_ON_FAILURE): Delayed 1 second(s)

2020-08-07 17:18:41 - [MESSAGE][PASSED] - Delayed 1 second(s)

2020-08-07 17:18:41 - [TEST_STEP][PASSED] - tap(findTestObject("Maya/login again/Spy- 2"), 0): Tapped on element 'Object Repository/Maya/login again/Spy- 2'

2020-08-07 17:18:41 - [MESSAGE][WARNING] - Timeout '0' is invalid. Using default page load timeout: '10'

2020-08-07 17:18:42 - [MESSAGE][PASSED] - Tapped on element 'Object Repository/Maya/login again/Spy- 2'

2020-08-07 17:18:42 - [TEST_STEP][PASSED] - if (otpMi[i] == "3"): null

2020-08-07 17:18:42 - [TEST_STEP][PASSED] - if (otpMi[i] == "4"): null

2020-08-07 17:18:42 - [TEST_STEP][PASSED] - if (otpMi[i] == "5"): null

2020-08-07 17:18:42 - [TEST_STEP][PASSED] - if (otpMi[i] == "6"): null

2020-08-07 17:18:42 - [TEST_STEP][PASSED] - if (otpMi[i] == "7"): null

2020-08-07 17:18:42 - [TEST_STEP][PASSED] - if (otpMi[i] == "8"): null

2020-08-07 17:18:42 - [TEST_STEP][PASSED] - if (otpMi[i] == "9"): null

2020-08-07 17:18:42 - [TEST_STEP][PASSED] - delay(3, STOP_ON_FAILURE): Delayed 3 second(s)

2020-08-07 17:18:45 - [MESSAGE][PASSED] - Delayed 3 second(s)

2020-08-07 17:18:45 - [TEST_STEP][PASSED] - if (otpMi[i] == "0"): null

2020-08-07 17:18:45 - [TEST_STEP][PASSED] - if (otpMi[i] == "1"): null

2020-08-07 17:18:45 - [TEST_STEP][PASSED] - if (otpMi[i] == "2"): null

2020-08-07 17:18:45 - [TEST_STEP][PASSED] - if (otpMi[i] == "3"): null

2020-08-07 17:18:45 - [TEST_STEP][PASSED] - if (otpMi[i] == "4"): null

2020-08-07 17:18:45 - [TEST_STEP][PASSED] - if (otpMi[i] == "5"): Tapped on element 'Object Repository/Maya/login again/Spy- 5'

2020-08-07 17:18:45 - [TEST_STEP][PASSED] - delay(1, STOP_ON_FAILURE): Delayed 1 second(s)

2020-08-07 17:18:46 - [MESSAGE][PASSED] - Delayed 1 second(s)

2020-08-07 17:18:46 - [TEST_STEP][PASSED] - tap(findTestObject("Maya/login again/Spy- 5"), 0): Tapped on element 'Object Repository/Maya/login again/Spy- 5'

2020-08-07 17:18:46 - [MESSAGE][WARNING] - Timeout '0' is invalid. Using default page load timeout: '10'

2020-08-07 17:18:48 - [MESSAGE][PASSED] - Tapped on element 'Object Repository/Maya/login again/Spy- 5'

2020-08-07 17:18:48 - [TEST_STEP][PASSED] - if (otpMi[i] == "6"): null

2020-08-07 17:18:48 - [TEST_STEP][PASSED] - if (otpMi[i] == "7"): null

2020-08-07 17:18:48 - [TEST_STEP][PASSED] - if (otpMi[i] == "8"): null

2020-08-07 17:18:48 - [TEST_STEP][PASSED] - if (otpMi[i] == "9"): null

2020-08-07 17:18:48 - [TEST_STEP][PASSED] - delay(3, STOP_ON_FAILURE): Delayed 3 second(s)

2020-08-07 17:18:51 - [MESSAGE][PASSED] - Delayed 3 second(s)

2020-08-07 17:18:51 - [TEST_STEP][PASSED] - if (otpMi[i] == "0"): null

2020-08-07 17:18:51 - [TEST_STEP][PASSED] - if (otpMi[i] == "1"): null

2020-08-07 17:18:51 - [TEST_STEP][PASSED] - if (otpMi[i] == "2"): null

2020-08-07 17:18:51 - [TEST_STEP][PASSED] - if (otpMi[i] == "3"): null

2020-08-07 17:18:51 - [TEST_STEP][PASSED] - if (otpMi[i] == "4"): Tapped on element 'Object Repository/Maya/login again/Spy - 4'

2020-08-07 17:18:51 - [TEST_STEP][PASSED] - delay(1, STOP_ON_FAILURE): Delayed 1 second(s)

2020-08-07 17:18:52 - [MESSAGE][PASSED] - Delayed 1 second(s)

2020-08-07 17:18:52 - [TEST_STEP][PASSED] - tap(findTestObject("Maya/login again/Spy - 4"), 0): Tapped on element 'Object Repository/Maya/login again/Spy - 4'

2020-08-07 17:18:52 - [MESSAGE][WARNING] - Timeout '0' is invalid. Using default page load timeout: '10'

2020-08-07 17:18:54 - [MESSAGE][PASSED] - Tapped on element 'Object Repository/Maya/login again/Spy - 4'

2020-08-07 17:18:54 - [TEST_STEP][PASSED] - if (otpMi[i] == "5"): null

2020-08-07 17:18:54 - [TEST_STEP][PASSED] - if (otpMi[i] == "6"): null

2020-08-07 17:18:54 - [TEST_STEP][PASSED] - if (otpMi[i] == "7"): null

2020-08-07 17:18:54 - [TEST_STEP][PASSED] - if (otpMi[i] == "8"): null

2020-08-07 17:18:54 - [TEST_STEP][PASSED] - if (otpMi[i] == "9"): null

2020-08-07 17:18:54 - [TEST_STEP][PASSED] - delay(3, STOP_ON_FAILURE): Delayed 3 second(s)

2020-08-07 17:18:57 - [MESSAGE][PASSED] - Delayed 3 second(s)

2020-08-07 17:18:57 - [TEST_STEP][PASSED] - if (otpMi[i] == "0"): Tapped on element 'Object Repository/Maya/login again/Spy-0'

2020-08-07 17:18:57 - [TEST_STEP][PASSED] - delay(1, STOP_ON_FAILURE): Delayed 1 second(s)

2020-08-07 17:18:58 - [MESSAGE][PASSED] - Delayed 1 second(s)

2020-08-07 17:18:58 - [TEST_STEP][PASSED] - tap(findTestObject("Maya/login again/Spy-0"), 0): Tapped on element 'Object Repository/Maya/login again/Spy-0'

2020-08-07 17:18:59 - [MESSAGE][WARNING] - Timeout '0' is invalid. Using default page load timeout: '10'

2020-08-07 17:19:02 - [MESSAGE][PASSED] - Tapped on element 'Object Repository/Maya/login again/Spy-0'

2020-08-07 17:19:02 - [TEST_STEP][PASSED] - if (otpMi[i] == "1"): null

2020-08-07 17:19:02 - [TEST_STEP][PASSED] - if (otpMi[i] == "2"): null

2020-08-07 17:19:02 - [TEST_STEP][PASSED] - if (otpMi[i] == "3"): null

2020-08-07 17:19:02 - [TEST_STEP][PASSED] - if (otpMi[i] == "4"): null

2020-08-07 17:19:02 - [TEST_STEP][PASSED] - if (otpMi[i] == "5"): null

2020-08-07 17:19:02 - [TEST_STEP][PASSED] - if (otpMi[i] == "6"): null

2020-08-07 17:19:02 - [TEST_STEP][PASSED] - if (otpMi[i] == "7"): null

2020-08-07 17:19:02 - [TEST_STEP][PASSED] - if (otpMi[i] == "8"): null

2020-08-07 17:19:02 - [TEST_STEP][PASSED] - if (otpMi[i] == "9"): null

2020-08-07 17:19:02 - [TEST_STEP][PASSED] - delay(3, STOP_ON_FAILURE): Delayed 3 second(s)

2020-08-07 17:19:05 - [MESSAGE][PASSED] - Delayed 3 second(s)

2020-08-07 17:19:05 - [TEST_STEP][PASSED] - if (otpMi[i] == "0"): null

2020-08-07 17:19:05 - [TEST_STEP][PASSED] - if (otpMi[i] == "1"): null

2020-08-07 17:19:06 - [TEST_STEP][PASSED] - if (otpMi[i] == "2"): null

2020-08-07 17:19:06 - [TEST_STEP][PASSED] - if (otpMi[i] == "3"): null

2020-08-07 17:19:06 - [TEST_STEP][PASSED] - if (otpMi[i] == "4"): null

2020-08-07 17:19:06 - [TEST_STEP][PASSED] - if (otpMi[i] == "5"): null

2020-08-07 17:19:06 - [TEST_STEP][PASSED] - if (otpMi[i] == "6"): null

2020-08-07 17:19:06 - [TEST_STEP][PASSED] - if (otpMi[i] == "7"): null

2020-08-07 17:19:06 - [TEST_STEP][PASSED] - if (otpMi[i] == "8"): Tapped on element 'Object Repository/Maya/login again/Spy - 8'

2020-08-07 17:19:06 - [TEST_STEP][PASSED] - delay(1, STOP_ON_FAILURE): Delayed 1 second(s)

2020-08-07 17:19:07 - [MESSAGE][PASSED] - Delayed 1 second(s)

2020-08-07 17:19:07 - [TEST_STEP][PASSED] - tap(findTestObject("Maya/login again/Spy - 8"), 0): Tapped on element 'Object Repository/Maya/login again/Spy - 8'

2020-08-07 17:19:07 - [MESSAGE][WARNING] - Timeout '0' is invalid. Using default page load timeout: '10'

2020-08-07 17:19:08 - [MESSAGE][PASSED] - Tapped on element 'Object Repository/Maya/login again/Spy - 8'

2020-08-07 17:19:08 - [TEST_STEP][PASSED] - if (otpMi[i] == "9"): null

2020-08-07 17:19:08 - [TEST_STEP][PASSED] - delay(8, STOP_ON_FAILURE): Delayed 8 second(s)

2020-08-07 17:19:16 - [MESSAGE][PASSED] - Delayed 8 second(s)

2020-08-07 17:19:16 - [TEST_STEP][PASSED] - tap(findTestObject("Maya/Forgot Pin/android.widget.ImageView0 (7)"), 0): Tapped on element 'Object Repository/Maya/Forgot Pin/android.widget.ImageView0 (7)'

2020-08-07 17:19:17 - [MESSAGE][WARNING] - Timeout '0' is invalid. Using default page load timeout: '10'

2020-08-07 17:19:17 - [MESSAGE][PASSED] - Tapped on element 'Object Repository/Maya/Forgot Pin/android.widget.ImageView0 (7)'

2020-08-07 17:19:17 - [TEST_STEP][PASSED] - verifyElementExist(findTestObject("Maya/RegisterDuitNow/android.widget.TextView0 - DuitNow successfully enabled."), 0): Element 'Object Repository/Maya/RegisterDuitNow/android.widget.TextView0 - DuitNow successfully enabled.' is exist

2020-08-07 17:19:17 - [MESSAGE][WARNING] - Timeout '0' is invalid. Using default page load timeout: '10'

2020-08-07 17:19:20 - [MESSAGE][PASSED] - Element 'Object Repository/Maya/RegisterDuitNow/android.widget.TextView0 - DuitNow successfully enabled.' is exist

2020-08-07 17:19:20 - [TEST_STEP][PASSED] - delay(2, STOP_ON_FAILURE): Delayed 2 second(s)

2020-08-07 17:19:22 - [MESSAGE][PASSED] - Delayed 2 second(s)

2020-08-07 17:19:22 - [TEST_STEP][PASSED] - takeScreenshot("C:\Users\LENOVO\Screenshot\DuitNowProxy\Screen14.png", CONTINUE_ON_FAILURE): Screenshot is taken

2020-08-07 17:19:24 - [MESSAGE][PASSED] - Screenshot is taken
[[ATTACHMENT|C:\\Users\\LENOVO\\Screenshot\\DuitNowProxy\\Screen14.png]]

2020-08-07 17:19:24 - [TEST_STEP][PASSED] - tap(findTestObject("Maya/Mobile proxy/android.widget.TextView0 - More (1)"), 0): Tapped on element 'Object Repository/Maya/Mobile proxy/android.widget.TextView0 - More (1)'

2020-08-07 17:19:24 - [MESSAGE][WARNING] - Timeout '0' is invalid. Using default page load timeout: '10'

2020-08-07 17:19:37 - [MESSAGE][PASSED] - Tapped on element 'Object Repository/Maya/Mobile proxy/android.widget.TextView0 - More (1)'

2020-08-07 17:19:37 - [TEST_STEP][PASSED] - tap(findTestObject("Maya/Mobile proxy/android.widget.TextView0 - Notifications"), 0): Tapped on element 'Object Repository/Maya/Mobile proxy/android.widget.TextView0 - Notifications'

2020-08-07 17:19:37 - [MESSAGE][WARNING] - Timeout '0' is invalid. Using default page load timeout: '10'

2020-08-07 17:19:39 - [MESSAGE][PASSED] - Tapped on element 'Object Repository/Maya/Mobile proxy/android.widget.TextView0 - Notifications'

2020-08-07 17:19:39 - [TEST_STEP][PASSED] - tap(findTestObject("Maya/Third Party CA account/android.widget.TextView0 - Got It"), 0): Tapped on element 'Object Repository/Maya/Third Party CA account/android.widget.TextView0 - Got It'

2020-08-07 17:19:39 - [MESSAGE][WARNING] - Timeout '0' is invalid. Using default page load timeout: '10'

2020-08-07 17:19:40 - [MESSAGE][PASSED] - Tapped on element 'Object Repository/Maya/Third Party CA account/android.widget.TextView0 - Got It'

2020-08-07 17:19:40 - [TEST_STEP][PASSED] - getText(findTestObject("Maya/Mobile proxy/android.widget.TextView0 - Today"), 0): Text of element 'Object Repository/Maya/Mobile proxy/android.widget.TextView0 - Today' is: 'Today'

2020-08-07 17:19:41 - [MESSAGE][WARNING] - Timeout '0' is invalid. Using default page load timeout: '10'

2020-08-07 17:19:41 - [MESSAGE][PASSED] - Text of element 'Object Repository/Maya/Mobile proxy/android.widget.TextView0 - Today' is: 'Today'

2020-08-07 17:19:41 - [TEST_STEP][PASSED] - verifyElementVisible(findTestObject("Maya/Mobile proxy/android.widget.TextView0 - Today"), 0): Element 'Object Repository/Maya/Mobile proxy/android.widget.TextView0 - Today' is visible

2020-08-07 17:19:41 - [MESSAGE][WARNING] - Timeout '0' is invalid. Using default page load timeout: '10'

2020-08-07 17:19:42 - [MESSAGE][PASSED] - Element 'Object Repository/Maya/Mobile proxy/android.widget.TextView0 - Today' is visible

2020-08-07 17:19:42 - [TEST_STEP][PASSED] - getText(findTestObject("Maya/Mobile proxy/android.widget.TextView0 - Notifications (1)"), 0): Text of element 'Object Repository/Maya/Mobile proxy/android.widget.TextView0 - Notifications (1)' is: 'Notifications'

2020-08-07 17:19:42 - [MESSAGE][WARNING] - Timeout '0' is invalid. Using default page load timeout: '10'

2020-08-07 17:19:43 - [MESSAGE][PASSED] - Text of element 'Object Repository/Maya/Mobile proxy/android.widget.TextView0 - Notifications (1)' is: 'Notifications'

2020-08-07 17:19:43 - [TEST_STEP][PASSED] - verifyElementVisible(findTestObject("Maya/Mobile proxy/android.widget.TextView0 - Notifications (1)"), 0): Element 'Object Repository/Maya/Mobile proxy/android.widget.TextView0 - Notifications (1)' is visible

2020-08-07 17:19:43 - [MESSAGE][WARNING] - Timeout '0' is invalid. Using default page load timeout: '10'

2020-08-07 17:19:44 - [MESSAGE][PASSED] - Element 'Object Repository/Maya/Mobile proxy/android.widget.TextView0 - Notifications (1)' is visible

2020-08-07 17:19:44 - [TEST_STEP][PASSED] - verifyElementVisible(findTestObject("Maya/Mobile proxy/android.widget.TextView0 - Notifications (1)"), 0): Element 'Object Repository/Maya/Mobile proxy/android.widget.TextView0 - Notifications (1)' is visible

2020-08-07 17:19:44 - [MESSAGE][WARNING] - Timeout '0' is invalid. Using default page load timeout: '10'

2020-08-07 17:19:45 - [MESSAGE][PASSED] - Element 'Object Repository/Maya/Mobile proxy/android.widget.TextView0 - Notifications (1)' is visible

2020-08-07 17:19:45 - [TEST_STEP][PASSED] - getText(findTestObject("Maya/Mobile proxy/android.widget.TextView0 - Maybank2u DuitNow ID Deregistration"), 0): Text of element 'Object Repository/Maya/Mobile proxy/android.widget.TextView0 - Maybank2u DuitNow ID Deregistration' is: 'Maybank2u: DuitNow ID Deregistration'

2020-08-07 17:19:45 - [MESSAGE][WARNING] - Timeout '0' is invalid. Using default page load timeout: '10'

2020-08-07 17:19:45 - [MESSAGE][PASSED] - Text of element 'Object Repository/Maya/Mobile proxy/android.widget.TextView0 - Maybank2u DuitNow ID Deregistration' is: 'Maybank2u: DuitNow ID Deregistration'

2020-08-07 17:19:45 - [TEST_STEP][PASSED] - verifyElementVisible(findTestObject("Maya/Mobile proxy/android.widget.TextView0 - Maybank2u DuitNow ID Deregistration"), 0): Element 'Object Repository/Maya/Mobile proxy/android.widget.TextView0 - Maybank2u DuitNow ID Deregistration' is visible

2020-08-07 17:19:45 - [MESSAGE][WARNING] - Timeout '0' is invalid. Using default page load timeout: '10'

2020-08-07 17:19:46 - [MESSAGE][PASSED] - Element 'Object Repository/Maya/Mobile proxy/android.widget.TextView0 - Maybank2u DuitNow ID Deregistration' is visible

2020-08-07 17:19:46 - [TEST_STEP][PASSED] - getText(findTestObject("Maya/spy/android.widget.TextView0 - Duitnow Proxy (NRIC Number) ending 5263 has just been deregistered."), 0): Text of element 'Object Repository/Maya/spy/android.widget.TextView0 - Duitnow Proxy (NRIC Number) ending 5263 has just been deregistered.' is: 'Duitnow Proxy (NRIC Number) ending ****5263 has just been deregistered.'

2020-08-07 17:19:46 - [MESSAGE][WARNING] - Timeout '0' is invalid. Using default page load timeout: '10'

2020-08-07 17:19:47 - [MESSAGE][PASSED] - Text of element 'Object Repository/Maya/spy/android.widget.TextView0 - Duitnow Proxy (NRIC Number) ending 5263 has just been deregistered.' is: 'Duitnow Proxy (NRIC Number) ending ****5263 has just been deregistered.'

2020-08-07 17:19:47 - [TEST_STEP][PASSED] - verifyElementVisible(findTestObject("Maya/spy/android.widget.TextView0 - Duitnow Proxy (NRIC Number) ending 5263 has just been deregistered."), 0): Element 'Object Repository/Maya/spy/android.widget.TextView0 - Duitnow Proxy (NRIC Number) ending 5263 has just been deregistered.' is visible

2020-08-07 17:19:47 - [MESSAGE][WARNING] - Timeout '0' is invalid. Using default page load timeout: '10'

2020-08-07 17:19:47 - [MESSAGE][PASSED] - Element 'Object Repository/Maya/spy/android.widget.TextView0 - Duitnow Proxy (NRIC Number) ending 5263 has just been deregistered.' is visible

2020-08-07 17:19:47 - [TEST_STEP][PASSED] - getText(findTestObject("Maya/Mobile proxy/android.widget.TextView0 - 1151 PM"), 0): Text of element 'Object Repository/Maya/Mobile proxy/android.widget.TextView0 - 1151 PM' is: '5:16 PM'

2020-08-07 17:19:47 - [MESSAGE][WARNING] - Timeout '0' is invalid. Using default page load timeout: '10'

2020-08-07 17:19:48 - [MESSAGE][PASSED] - Text of element 'Object Repository/Maya/Mobile proxy/android.widget.TextView0 - 1151 PM' is: '5:16 PM'

2020-08-07 17:19:48 - [TEST_STEP][PASSED] - verifyElementExist(findTestObject("Maya/Mobile proxy/android.widget.TextView0 - 1151 PM"), 0): Element 'Object Repository/Maya/Mobile proxy/android.widget.TextView0 - 1151 PM' is exist

2020-08-07 17:19:48 - [MESSAGE][WARNING] - Timeout '0' is invalid. Using default page load timeout: '10'

2020-08-07 17:19:50 - [MESSAGE][PASSED] - Element 'Object Repository/Maya/Mobile proxy/android.widget.TextView0 - 1151 PM' is exist

2020-08-07 17:19:50 - [TEST_STEP][PASSED] - getText(findTestObject("Maya/Mobile proxy/android.widget.TextView0 - Maybank2u DuitNow ID Registration"), 0): Text of element 'Object Repository/Maya/Mobile proxy/android.widget.TextView0 - Maybank2u DuitNow ID Registration' is: 'Maybank2u: DuitNow ID Registration'

2020-08-07 17:19:50 - [MESSAGE][WARNING] - Timeout '0' is invalid. Using default page load timeout: '10'

2020-08-07 17:19:50 - [MESSAGE][PASSED] - Text of element 'Object Repository/Maya/Mobile proxy/android.widget.TextView0 - Maybank2u DuitNow ID Registration' is: 'Maybank2u: DuitNow ID Registration'

2020-08-07 17:19:50 - [TEST_STEP][PASSED] - verifyElementVisible(findTestObject("Maya/Mobile proxy/android.widget.TextView0 - Maybank2u DuitNow ID Registration"), 0): Element 'Object Repository/Maya/Mobile proxy/android.widget.TextView0 - Maybank2u DuitNow ID Registration' is visible

2020-08-07 17:19:50 - [MESSAGE][WARNING] - Timeout '0' is invalid. Using default page load timeout: '10'

2020-08-07 17:19:51 - [MESSAGE][PASSED] - Element 'Object Repository/Maya/Mobile proxy/android.widget.TextView0 - Maybank2u DuitNow ID Registration' is visible

2020-08-07 17:19:51 - [TEST_STEP][PASSED] - getText(findTestObject("Maya/spy/android.widget.TextView0 - Duitnow Proxy (NRIC Number) ending 5263 has just been registered."), 0): Text of element 'Object Repository/Maya/spy/android.widget.TextView0 - Duitnow Proxy (NRIC Number) ending 5263 has just been registered.' is: 'Duitnow Proxy (NRIC Number) ending ****5263 has just been registered.'

2020-08-07 17:19:51 - [MESSAGE][WARNING] - Timeout '0' is invalid. Using default page load timeout: '10'

2020-08-07 17:19:51 - [MESSAGE][PASSED] - Text of element 'Object Repository/Maya/spy/android.widget.TextView0 - Duitnow Proxy (NRIC Number) ending 5263 has just been registered.' is: 'Duitnow Proxy (NRIC Number) ending ****5263 has just been registered.'

2020-08-07 17:19:51 - [TEST_STEP][PASSED] - verifyElementVisible(findTestObject("Maya/spy/android.widget.TextView0 - Duitnow Proxy (NRIC Number) ending 5263 has just been registered."), 0): Element 'Object Repository/Maya/spy/android.widget.TextView0 - Duitnow Proxy (NRIC Number) ending 5263 has just been registered.' is visible

2020-08-07 17:19:51 - [MESSAGE][WARNING] - Timeout '0' is invalid. Using default page load timeout: '10'

2020-08-07 17:19:52 - [MESSAGE][PASSED] - Element 'Object Repository/Maya/spy/android.widget.TextView0 - Duitnow Proxy (NRIC Number) ending 5263 has just been registered.' is visible

2020-08-07 17:19:52 - [TEST_STEP][PASSED] - getText(findTestObject("Maya/Mobile proxy/android.widget.TextView0 - 1152 PM"), 0): Text of element 'Object Repository/Maya/Mobile proxy/android.widget.TextView0 - 1152 PM' is: '5:17 PM'

2020-08-07 17:19:52 - [MESSAGE][WARNING] - Timeout '0' is invalid. Using default page load timeout: '10'

2020-08-07 17:19:53 - [MESSAGE][PASSED] - Text of element 'Object Repository/Maya/Mobile proxy/android.widget.TextView0 - 1152 PM' is: '5:17 PM'

2020-08-07 17:19:53 - [TEST_STEP][PASSED] - verifyElementExist(findTestObject("Maya/Mobile proxy/android.widget.TextView0 - 1152 PM"), 0): Element 'Object Repository/Maya/Mobile proxy/android.widget.TextView0 - 1152 PM' is exist

2020-08-07 17:19:53 - [MESSAGE][WARNING] - Timeout '0' is invalid. Using default page load timeout: '10'

2020-08-07 17:19:54 - [MESSAGE][PASSED] - Element 'Object Repository/Maya/Mobile proxy/android.widget.TextView0 - 1152 PM' is exist

2020-08-07 17:19:54 - [TEST_STEP][PASSED] - getText(findTestObject("Maya/Mobile proxy/android.widget.TextView0 - Maybank2u DuitNow ID Proxy disabled"), 0): Text of element 'Object Repository/Maya/Mobile proxy/android.widget.TextView0 - Maybank2u DuitNow ID Proxy disabled' is: 'Maybank2u: DuitNow ID Proxy disabled'

2020-08-07 17:19:54 - [MESSAGE][WARNING] - Timeout '0' is invalid. Using default page load timeout: '10'

2020-08-07 17:19:54 - [MESSAGE][PASSED] - Text of element 'Object Repository/Maya/Mobile proxy/android.widget.TextView0 - Maybank2u DuitNow ID Proxy disabled' is: 'Maybank2u: DuitNow ID Proxy disabled'

2020-08-07 17:19:54 - [TEST_STEP][PASSED] - verifyElementVisible(findTestObject("Maya/Mobile proxy/android.widget.TextView0 - Maybank2u DuitNow ID Proxy disabled"), 0): Element 'Object Repository/Maya/Mobile proxy/android.widget.TextView0 - Maybank2u DuitNow ID Proxy disabled' is visible

2020-08-07 17:19:54 - [MESSAGE][WARNING] - Timeout '0' is invalid. Using default page load timeout: '10'

2020-08-07 17:19:55 - [MESSAGE][PASSED] - Element 'Object Repository/Maya/Mobile proxy/android.widget.TextView0 - Maybank2u DuitNow ID Proxy disabled' is visible

2020-08-07 17:19:55 - [TEST_STEP][PASSED] - getText(findTestObject("Maya/spy/android.widget.TextView0 - Duitnow Proxy (NRIC Number) ending 5263 has just been disabled."), 0): Text of element 'Object Repository/Maya/spy/android.widget.TextView0 - Duitnow Proxy (NRIC Number) ending 5263 has just been disabled.' is: 'Duitnow Proxy (NRIC Number) ending ****5263 has just been disabled.'

2020-08-07 17:19:55 - [MESSAGE][WARNING] - Timeout '0' is invalid. Using default page load timeout: '10'

2020-08-07 17:19:55 - [MESSAGE][PASSED] - Text of element 'Object Repository/Maya/spy/android.widget.TextView0 - Duitnow Proxy (NRIC Number) ending 5263 has just been disabled.' is: 'Duitnow Proxy (NRIC Number) ending ****5263 has just been disabled.'

2020-08-07 17:19:55 - [TEST_STEP][PASSED] - verifyElementVisible(findTestObject("Maya/spy/android.widget.TextView0 - Duitnow Proxy (NRIC Number) ending 5263 has just been disabled."), 0): Element 'Object Repository/Maya/spy/android.widget.TextView0 - Duitnow Proxy (NRIC Number) ending 5263 has just been disabled.' is visible

2020-08-07 17:19:55 - [MESSAGE][WARNING] - Timeout '0' is invalid. Using default page load timeout: '10'

2020-08-07 17:19:56 - [MESSAGE][PASSED] - Element 'Object Repository/Maya/spy/android.widget.TextView0 - Duitnow Proxy (NRIC Number) ending 5263 has just been disabled.' is visible

2020-08-07 17:19:56 - [TEST_STEP][PASSED] - getText(findTestObject("Maya/Mobile proxy/android.widget.TextView0 - 1153 PM"), 0): Text of element 'Object Repository/Maya/Mobile proxy/android.widget.TextView0 - 1153 PM' is: '5:18 PM'

2020-08-07 17:19:56 - [MESSAGE][WARNING] - Timeout '0' is invalid. Using default page load timeout: '10'

2020-08-07 17:19:57 - [MESSAGE][PASSED] - Text of element 'Object Repository/Maya/Mobile proxy/android.widget.TextView0 - 1153 PM' is: '5:18 PM'

2020-08-07 17:19:57 - [TEST_STEP][PASSED] - verifyElementExist(findTestObject("Maya/Mobile proxy/android.widget.TextView0 - 1153 PM"), 0): Element 'Object Repository/Maya/Mobile proxy/android.widget.TextView0 - 1153 PM' is exist

2020-08-07 17:19:58 - [MESSAGE][WARNING] - Timeout '0' is invalid. Using default page load timeout: '10'

2020-08-07 17:19:59 - [MESSAGE][PASSED] - Element 'Object Repository/Maya/Mobile proxy/android.widget.TextView0 - 1153 PM' is exist

2020-08-07 17:19:59 - [TEST_STEP][PASSED] - getText(findTestObject("Maya/Mobile proxy/android.widget.TextView0 - Maybank2u DuitNow ID Proxy enabled"), 0): Text of element 'Object Repository/Maya/Mobile proxy/android.widget.TextView0 - Maybank2u DuitNow ID Proxy enabled' is: 'Maybank2u: DuitNow ID Proxy enabled'

2020-08-07 17:19:59 - [MESSAGE][WARNING] - Timeout '0' is invalid. Using default page load timeout: '10'

2020-08-07 17:19:59 - [MESSAGE][PASSED] - Text of element 'Object Repository/Maya/Mobile proxy/android.widget.TextView0 - Maybank2u DuitNow ID Proxy enabled' is: 'Maybank2u: DuitNow ID Proxy enabled'

2020-08-07 17:19:59 - [TEST_STEP][PASSED] - verifyElementVisible(findTestObject("Maya/Mobile proxy/android.widget.TextView0 - Maybank2u DuitNow ID Proxy enabled"), 0): Element 'Object Repository/Maya/Mobile proxy/android.widget.TextView0 - Maybank2u DuitNow ID Proxy enabled' is visible

2020-08-07 17:19:59 - [MESSAGE][WARNING] - Timeout '0' is invalid. Using default page load timeout: '10'

2020-08-07 17:20:00 - [MESSAGE][PASSED] - Element 'Object Repository/Maya/Mobile proxy/android.widget.TextView0 - Maybank2u DuitNow ID Proxy enabled' is visible

2020-08-07 17:20:00 - [TEST_STEP][PASSED] - getText(findTestObject("Maya/spy/android.widget.TextView0 - Duitnow Proxy (NRIC Number) ending 5263 has just been enabled."), 0): Text of element 'Object Repository/Maya/spy/android.widget.TextView0 - Duitnow Proxy (NRIC Number) ending 5263 has just been enabled.' is: 'Duitnow Proxy (NRIC Number) ending ****5263 has just been enabled.'

2020-08-07 17:20:00 - [MESSAGE][WARNING] - Timeout '0' is invalid. Using default page load timeout: '10'

2020-08-07 17:20:00 - [MESSAGE][PASSED] - Text of element 'Object Repository/Maya/spy/android.widget.TextView0 - Duitnow Proxy (NRIC Number) ending 5263 has just been enabled.' is: 'Duitnow Proxy (NRIC Number) ending ****5263 has just been enabled.'

2020-08-07 17:20:00 - [TEST_STEP][PASSED] - verifyElementVisible(findTestObject("Maya/spy/android.widget.TextView0 - Duitnow Proxy (NRIC Number) ending 5263 has just been enabled."), 0): Element 'Object Repository/Maya/spy/android.widget.TextView0 - Duitnow Proxy (NRIC Number) ending 5263 has just been enabled.' is visible

2020-08-07 17:20:00 - [MESSAGE][WARNING] - Timeout '0' is invalid. Using default page load timeout: '10'

2020-08-07 17:20:00 - [MESSAGE][PASSED] - Element 'Object Repository/Maya/spy/android.widget.TextView0 - Duitnow Proxy (NRIC Number) ending 5263 has just been enabled.' is visible

2020-08-07 17:20:00 - [TEST_STEP][PASSED] - getText(findTestObject("Maya/Mobile proxy/android.widget.TextView0 - 1154 PM"), 0): Text of element 'Object Repository/Maya/Mobile proxy/android.widget.TextView0 - 1154 PM' is: '5:19 PM'

2020-08-07 17:20:01 - [MESSAGE][WARNING] - Timeout '0' is invalid. Using default page load timeout: '10'

2020-08-07 17:20:01 - [MESSAGE][PASSED] - Text of element 'Object Repository/Maya/Mobile proxy/android.widget.TextView0 - 1154 PM' is: '5:19 PM'

2020-08-07 17:20:01 - [TEST_STEP][PASSED] - verifyElementExist(findTestObject("Maya/Mobile proxy/android.widget.TextView0 - 1154 PM"), 0): Element 'Object Repository/Maya/Mobile proxy/android.widget.TextView0 - 1154 PM' is exist

2020-08-07 17:20:01 - [MESSAGE][WARNING] - Timeout '0' is invalid. Using default page load timeout: '10'

2020-08-07 17:20:03 - [MESSAGE][PASSED] - Element 'Object Repository/Maya/Mobile proxy/android.widget.TextView0 - 1154 PM' is exist

2020-08-07 17:20:03 - [TEST_STEP][PASSED] - getText(findTestObject("Maya/Mobile proxy/android.widget.TextView0 - Maybank2u DuitNow ID Proxy Update"), 0): Text of element 'Object Repository/Maya/Mobile proxy/android.widget.TextView0 - Maybank2u DuitNow ID Proxy Update' is: 'Maybank2u: DuitNow ID Proxy Update'

2020-08-07 17:20:03 - [MESSAGE][WARNING] - Timeout '0' is invalid. Using default page load timeout: '10'

2020-08-07 17:20:03 - [MESSAGE][PASSED] - Text of element 'Object Repository/Maya/Mobile proxy/android.widget.TextView0 - Maybank2u DuitNow ID Proxy Update' is: 'Maybank2u: DuitNow ID Proxy Update'

2020-08-07 17:20:03 - [TEST_STEP][PASSED] - verifyElementExist(findTestObject("Maya/Mobile proxy/android.widget.TextView0 - Maybank2u DuitNow ID Proxy Update"), 0): Element 'Object Repository/Maya/Mobile proxy/android.widget.TextView0 - Maybank2u DuitNow ID Proxy Update' is exist

2020-08-07 17:20:03 - [MESSAGE][WARNING] - Timeout '0' is invalid. Using default page load timeout: '10'

2020-08-07 17:20:05 - [MESSAGE][PASSED] - Element 'Object Repository/Maya/Mobile proxy/android.widget.TextView0 - Maybank2u DuitNow ID Proxy Update' is exist

2020-08-07 17:20:05 - [TEST_STEP][PASSED] - getText(findTestObject("Maya/spy/android.widget.TextView0 - Duitnow Proxy (NRIC Number) ending 5263 has just been updated."), 0): Text of element 'Object Repository/Maya/spy/android.widget.TextView0 - Duitnow Proxy (NRIC Number) ending 5263 has just been updated.' is: 'Duitnow Proxy (NRIC Number) ending ****5263 has just been updated.'

2020-08-07 17:20:05 - [MESSAGE][WARNING] - Timeout '0' is invalid. Using default page load timeout: '10'

2020-08-07 17:20:05 - [MESSAGE][PASSED] - Text of element 'Object Repository/Maya/spy/android.widget.TextView0 - Duitnow Proxy (NRIC Number) ending 5263 has just been updated.' is: 'Duitnow Proxy (NRIC Number) ending ****5263 has just been updated.'

2020-08-07 17:20:05 - [TEST_STEP][PASSED] - verifyElementExist(findTestObject("Maya/spy/android.widget.TextView0 - Duitnow Proxy (NRIC Number) ending 5263 has just been updated."), 0): Element 'Object Repository/Maya/spy/android.widget.TextView0 - Duitnow Proxy (NRIC Number) ending 5263 has just been updated.' is exist

2020-08-07 17:20:05 - [MESSAGE][WARNING] - Timeout '0' is invalid. Using default page load timeout: '10'

2020-08-07 17:20:05 - [MESSAGE][PASSED] - Element 'Object Repository/Maya/spy/android.widget.TextView0 - Duitnow Proxy (NRIC Number) ending 5263 has just been updated.' is exist

2020-08-07 17:20:05 - [TEST_STEP][PASSED] - getText(findTestObject("Maya/Mobile proxy/android.widget.TextView0 - 1155 PM"), 0): Text of element 'Object Repository/Maya/Mobile proxy/android.widget.TextView0 - 1155 PM' is: '5:19 PM'

2020-08-07 17:20:05 - [MESSAGE][WARNING] - Timeout '0' is invalid. Using default page load timeout: '10'

2020-08-07 17:20:06 - [MESSAGE][PASSED] - Text of element 'Object Repository/Maya/Mobile proxy/android.widget.TextView0 - 1155 PM' is: '5:19 PM'

2020-08-07 17:20:06 - [TEST_STEP][PASSED] - verifyElementExist(findTestObject("Maya/Mobile proxy/android.widget.TextView0 - 1155 PM"), 0): Element 'Object Repository/Maya/Mobile proxy/android.widget.TextView0 - 1155 PM' is exist

2020-08-07 17:20:06 - [MESSAGE][WARNING] - Timeout '0' is invalid. Using default page load timeout: '10'

2020-08-07 17:20:07 - [MESSAGE][PASSED] - Element 'Object Repository/Maya/Mobile proxy/android.widget.TextView0 - 1155 PM' is exist]]></system-out>
         <system-err><![CDATA[]]></system-err>
      </testcase>
      <system-out><![CDATA[2020-08-07 17:12:29 - [TEST_SUITE][PASSED] - UAT Test Suite: Test Cases/JINU/DuiTNow Drop 2/Nric Proxy]]></system-out>
      <system-err><![CDATA[]]></system-err>
   </testsuite>
</testsuites>
