<?xml version="1.0" encoding="UTF-8"?>
<testsuites name="UAT Test Suite" time="608.634" tests="1" failures="1" errors="0">
   <testsuite name="UAT Test Suite" tests="1" failures="1" errors="0" time="608.634" timestamp="2020-08-05 15:51:09" hostname="LENOVO - DESKTOP-CP3TV4N" id="Test Suites/Maya UAT/UAT Test Suite">
      <properties>
         <property name="deviceName" value="Xiaomi Redmi Note 7S (Android 9)"/>
         <property name="devicePlatform" value=""/>
         <property name="logFolder" value="C:\\Users\\LENOVO\\Git_new\\Maya\\Reports\\20200805_155106\\Maya UAT\\UAT Test Suite\\20200805_155106"/>
         <property name="logFiles" value="C:\\Users\\LENOVO\\Git_new\\Maya\\Reports\\20200805_155106\\Maya UAT\\UAT Test Suite\\20200805_155106\\appium.log, C:\\Users\\LENOVO\\Git_new\\Maya\\Reports\\20200805_155106\\Maya UAT\\UAT Test Suite\\20200805_155106\\execution0.log"/>
         <property name="attachments" value="C:\\Users\\LENOVO\\Screenshot\\OneTap\\Screen18.png, C:\\Users\\LENOVO\\Screenshot\\OneTap\\Screen12.png, C:\\Users\\LENOVO\\Screenshot\\DuitNowProxy\\Screen8.png, C:\\Users\\LENOVO\\Screenshot\\DuitNowProxy\\Screen10.png, C:\\Users\\LENOVO\\Screenshot\\DuitNowProxy\\Screen11.png, C:\\Users\\LENOVO\\Screenshot\\DuitNowProxy\\Screen13.png, C:\\Users\\LENOVO\\Screenshot\\DuitNowProxy\\Screen14.png, C:\\Users\\LENOVO\\Screenshot\\DuitNowProxy\\Screen15.png, C:\\Users\\LENOVO\\Screenshot\\DuitNowProxy\\Screen16.png, C:\\Users\\LENOVO\\Screenshot\\DuitNowProxy\\Screen19.png, C:\\Users\\LENOVO\\Screenshot\\DuitNowProxy\\Screen21.png, C:\\Users\\LENOVO\\Git_new\\Maya\\Reports\\20200805_155106\\Maya UAT\\UAT Test Suite\\20200805_155106\\1596614256324.png, C:\\Users\\LENOVO\\Git_new\\Maya\\Reports\\20200805_155106\\Maya UAT\\UAT Test Suite\\20200805_155106\\1596614267805.png, C:\\Users\\LENOVO\\Git_new\\Maya\\Reports\\20200805_155106\\Maya UAT\\UAT Test Suite\\20200805_155106\\1596614282525.png, C:\\Users\\LENOVO\\Git_new\\Maya\\Reports\\20200805_155106\\Maya UAT\\UAT Test Suite\\20200805_155106\\1596614294536.png, C:\\Users\\LENOVO\\Screenshot\\DuitNowProxy\\Screen22.png, C:\\Users\\LENOVO\\Screenshot\\DuitNowProxy\\Screen22.png, C:\\Users\\LENOVO\\Screenshot\\DuitNowProxy\\Screen15.png, C:\\Users\\LENOVO\\Screenshot\\DuitNowProxy\\Screen29.png, C:\\Users\\LENOVO\\Screenshot\\DuitNowProxy\\Screen30.png, C:\\Users\\LENOVO\\Git_new\\Maya\\Reports\\20200805_155106\\Maya UAT\\UAT Test Suite\\20200805_155106\\1596614401312.png, C:\\Users\\LENOVO\\Git_new\\Maya\\Reports\\20200805_155106\\Maya UAT\\UAT Test Suite\\20200805_155106\\1596614412651.png, C:\\Users\\LENOVO\\Screenshot\\DuitNowProxy\\Screen31.png, C:\\Users\\LENOVO\\Git_new\\Maya\\Reports\\20200805_155106\\Maya UAT\\UAT Test Suite\\20200805_155106\\1596614426769.png, C:\\Users\\LENOVO\\Git_new\\Maya\\Reports\\20200805_155106\\Maya UAT\\UAT Test Suite\\20200805_155106\\1596614438146.png, C:\\Users\\LENOVO\\Git_new\\Maya\\Reports\\20200805_155106\\Maya UAT\\UAT Test Suite\\20200805_155106\\1596614450946.png, C:\\Users\\LENOVO\\Git_new\\Maya\\Reports\\20200805_155106\\Maya UAT\\UAT Test Suite\\20200805_155106\\1596614462663.png, C:\\Users\\LENOVO\\Screenshot\\DuitNowProxy\\Screen32.png"/>
         <property name="hostName" value="LENOVO - DESKTOP-CP3TV4N"/>
         <property name="os" value="Windows 10 64bit"/>
         <property name="appiumServerStatus" value="{\&quot;value\&quot;:{\&quot;build\&quot;:{\&quot;version\&quot;:\&quot;1.15.1\&quot;}},\&quot;sessionId\&quot;:null,\&quot;status\&quot;:0}"/>
         <property name="katalonVersion" value="7.2.7.1"/>
         <property name="deviceOS" value="Android"/>
         <property name="appiumVersion" value="1.15.1"/>
         <property name="deviceModel" value="Redmi Note 7S"/>
         <property name="hostAddress" value="192.168.43.112"/>
         <property name="deviceManufacturer" value="Xiaomi"/>
         <property name="deviceId" value="11cb9864"/>
         <property name="deviceName" value="Xiaomi Redmi Note 7S (Android 9)"/>
         <property name="deviceOSVersion" value="9"/>
      </properties>
      <testcase name="Test Cases/JINU/Banking/Cards/Banking-Cards-Credit" time="603.941" classname="Test Cases/JINU/Banking/Cards/Banking-Cards-Credit" status="FAILED">
         <failure type="FAILED" message="Test Cases/JINU/Banking/Cards/Banking-Cards-Credit FAILED.
Reason:
com.kms.katalon.core.exception.StepFailedException: Object Object Repository/Maya/Banking Cards/android.widget.TextView0 - Reference ID (2) not found
	at com.kms.katalon.core.keyword.internal.KeywordMain.stepFailed(KeywordMain.groovy:39)
	at com.kms.katalon.core.mobile.keyword.internal.MobileKeywordMain.stepFailed(MobileKeywordMain.groovy:40)
	at com.kms.katalon.core.mobile.keyword.builtin.GetTextKeyword$_getText_closure1.doCall(GetTextKeyword.groovy:74)
	at com.kms.katalon.core.mobile.keyword.builtin.GetTextKeyword$_getText_closure1.call(GetTextKeyword.groovy)
	at com.kms.katalon.core.mobile.keyword.internal.MobileKeywordMain.runKeyword(MobileKeywordMain.groovy:21)
	at com.kms.katalon.core.mobile.keyword.builtin.GetTextKeyword.getText(GetTextKeyword.groovy:80)
	at com.kms.katalon.core.mobile.keyword.builtin.GetTextKeyword.execute(GetTextKeyword.groovy:64)
	at com.kms.katalon.core.keyword.internal.KeywordExecutor.executeKeywordForPlatform(KeywordExecutor.groovy:72)
	at com.kms.katalon.core.mobile.keyword.MobileBuiltInKeywords.getText(MobileBuiltInKeywords.groovy:459)
	at com.kms.katalon.core.mobile.keyword.MobileBuiltInKeywords$getText$3.call(Unknown Source)
	at Banking-Cards-Credit.run(Banking-Cards-Credit:386)
	at com.kms.katalon.core.main.ScriptEngine.run(ScriptEngine.java:194)
	at com.kms.katalon.core.main.ScriptEngine.runScriptAsRawText(ScriptEngine.java:119)
	at com.kms.katalon.core.main.TestCaseExecutor.runScript(TestCaseExecutor.java:337)
	at com.kms.katalon.core.main.TestCaseExecutor.doExecute(TestCaseExecutor.java:328)
	at com.kms.katalon.core.main.TestCaseExecutor.processExecutionPhase(TestCaseExecutor.java:307)
	at com.kms.katalon.core.main.TestCaseExecutor.accessMainPhase(TestCaseExecutor.java:299)
	at com.kms.katalon.core.main.TestCaseExecutor.execute(TestCaseExecutor.java:233)
	at com.kms.katalon.core.main.TestSuiteExecutor.accessTestCaseMainPhase(TestSuiteExecutor.java:169)
	at com.kms.katalon.core.main.TestSuiteExecutor.accessTestSuiteMainPhase(TestSuiteExecutor.java:142)
	at com.kms.katalon.core.main.TestSuiteExecutor.execute(TestSuiteExecutor.java:91)
	at com.kms.katalon.core.main.TestCaseMain.startTestSuite(TestCaseMain.java:157)
	at com.kms.katalon.core.main.TestCaseMain$startTestSuite$0.call(Unknown Source)
	at TempTestSuite1596613866668.run(TempTestSuite1596613866668.groovy:36)
"/>
         <system-out><![CDATA[2020-08-05 15:51:09 - [TEST_CASE][FAILED] - Test Cases/JINU/Banking/Cards/Banking-Cards-Credit: Test Cases/JINU/Banking/Cards/Banking-Cards-Credit FAILED.
Reason:
com.kms.katalon.core.exception.StepFailedException: Object Object Repository/Maya/Banking Cards/android.widget.TextView0 - Reference ID (2) not found
	at com.kms.katalon.core.keyword.internal.KeywordMain.stepFailed(KeywordMain.groovy:39)
	at com.kms.katalon.core.mobile.keyword.internal.MobileKeywordMain.stepFailed(MobileKeywordMain.groovy:40)
	at com.kms.katalon.core.mobile.keyword.builtin.GetTextKeyword$_getText_closure1.doCall(GetTextKeyword.groovy:74)
	at com.kms.katalon.core.mobile.keyword.builtin.GetTextKeyword$_getText_closure1.call(GetTextKeyword.groovy)
	at com.kms.katalon.core.mobile.keyword.internal.MobileKeywordMain.runKeyword(MobileKeywordMain.groovy:21)
	at com.kms.katalon.core.mobile.keyword.builtin.GetTextKeyword.getText(GetTextKeyword.groovy:80)
	at com.kms.katalon.core.mobile.keyword.builtin.GetTextKeyword.execute(GetTextKeyword.groovy:64)
	at com.kms.katalon.core.keyword.internal.KeywordExecutor.executeKeywordForPlatform(KeywordExecutor.groovy:72)
	at com.kms.katalon.core.mobile.keyword.MobileBuiltInKeywords.getText(MobileBuiltInKeywords.groovy:459)
	at com.kms.katalon.core.mobile.keyword.MobileBuiltInKeywords$getText$3.call(Unknown Source)
	at Banking-Cards-Credit.run(Banking-Cards-Credit:386)
	at com.kms.katalon.core.main.ScriptEngine.run(ScriptEngine.java:194)
	at com.kms.katalon.core.main.ScriptEngine.runScriptAsRawText(ScriptEngine.java:119)
	at com.kms.katalon.core.main.TestCaseExecutor.runScript(TestCaseExecutor.java:337)
	at com.kms.katalon.core.main.TestCaseExecutor.doExecute(TestCaseExecutor.java:328)
	at com.kms.katalon.core.main.TestCaseExecutor.processExecutionPhase(TestCaseExecutor.java:307)
	at com.kms.katalon.core.main.TestCaseExecutor.accessMainPhase(TestCaseExecutor.java:299)
	at com.kms.katalon.core.main.TestCaseExecutor.execute(TestCaseExecutor.java:233)
	at com.kms.katalon.core.main.TestSuiteExecutor.accessTestCaseMainPhase(TestSuiteExecutor.java:169)
	at com.kms.katalon.core.main.TestSuiteExecutor.accessTestSuiteMainPhase(TestSuiteExecutor.java:142)
	at com.kms.katalon.core.main.TestSuiteExecutor.execute(TestSuiteExecutor.java:91)
	at com.kms.katalon.core.main.TestCaseMain.startTestSuite(TestCaseMain.java:157)
	at com.kms.katalon.core.main.TestCaseMain$startTestSuite$0.call(Unknown Source)
	at TempTestSuite1596613866668.run(TempTestSuite1596613866668.groovy:36)


2020-08-05 15:51:10 - [TEST_STEP][PASSED] - startApplication("C:\Users\LENOVO\Katalon Studio\app-uat-universal-release.apk", true): Started app at: 'C:\Users\LENOVO\Katalon Studio\app-uat-universal-release.apk'

2020-08-05 15:51:11 - [MESSAGE][INFO] - User set preference: ['appWaitActivity', '*']

2020-08-05 15:51:11 - [MESSAGE][INFO] - User set preference: ['appWaitPackage', 'com.maybank2u.life.uat']

2020-08-05 15:51:11 - [MESSAGE][INFO] - User set preference: ['appWaitDuration', '50,000']

2020-08-05 15:51:11 - [MESSAGE][INFO] - User set preference: ['deviceId', '11cb9864']

2020-08-05 15:51:13 - [MESSAGE][INFO] - Appium server started on port 56,497

2020-08-05 15:52:39 - [MESSAGE][PASSED] - Started app at: 'C:\Users\LENOVO\Katalon Studio\app-uat-universal-release.apk'

2020-08-05 15:52:39 - [TEST_STEP][PASSED] - delay(5, STOP_ON_FAILURE): Delayed 5 second(s)

2020-08-05 15:52:44 - [MESSAGE][PASSED] - Delayed 5 second(s)

2020-08-05 15:52:44 - [TEST_STEP][PASSED] - tap(findTestObject("Maya/login again/android.widget.TextView0 - Next"), 0): Tapped on element 'Object Repository/Maya/login again/android.widget.TextView0 - Next'

2020-08-05 15:52:44 - [MESSAGE][WARNING] - Timeout '0' is invalid. Using default page load timeout: '10'

2020-08-05 15:52:47 - [MESSAGE][PASSED] - Tapped on element 'Object Repository/Maya/login again/android.widget.TextView0 - Next'

2020-08-05 15:52:47 - [TEST_STEP][PASSED] - tap(findTestObject("Maya/login again/android.widget.TextView0 - Next"), 0): Tapped on element 'Object Repository/Maya/login again/android.widget.TextView0 - Next'

2020-08-05 15:52:47 - [MESSAGE][WARNING] - Timeout '0' is invalid. Using default page load timeout: '10'

2020-08-05 15:52:49 - [MESSAGE][PASSED] - Tapped on element 'Object Repository/Maya/login again/android.widget.TextView0 - Next'

2020-08-05 15:52:49 - [TEST_STEP][PASSED] - tap(findTestObject("Maya/login again/android.widget.TextView0 - Next"), 0): Tapped on element 'Object Repository/Maya/login again/android.widget.TextView0 - Next'

2020-08-05 15:52:50 - [MESSAGE][WARNING] - Timeout '0' is invalid. Using default page load timeout: '10'

2020-08-05 15:52:54 - [MESSAGE][PASSED] - Tapped on element 'Object Repository/Maya/login again/android.widget.TextView0 - Next'

2020-08-05 15:52:54 - [TEST_STEP][PASSED] - tap(findTestObject("Maya/Login/android.widget.Button0-Maybank2u"), 0): Tapped on element 'Object Repository/Maya/Login/android.widget.Button0-Maybank2u'

2020-08-05 15:52:54 - [MESSAGE][WARNING] - Timeout '0' is invalid. Using default page load timeout: '10'

2020-08-05 15:52:56 - [MESSAGE][PASSED] - Tapped on element 'Object Repository/Maya/Login/android.widget.Button0-Maybank2u'

2020-08-05 15:52:56 - [TEST_STEP][PASSED] - takeScreenshot("C:\Users\LENOVO\Screenshot\OneTap\Screen18.png", CONTINUE_ON_FAILURE): Screenshot is taken

2020-08-05 15:52:58 - [MESSAGE][PASSED] - Screenshot is taken
[[ATTACHMENT|C:\\Users\\LENOVO\\Screenshot\\OneTap\\Screen18.png]]

2020-08-05 15:52:58 - [TEST_STEP][PASSED] - tap(findTestObject("Maya/Login/android.widget.TextView0 - Login to Maybank2u"), 0): Tapped on element 'Object Repository/Maya/Login/android.widget.TextView0 - Login to Maybank2u'

2020-08-05 15:52:58 - [MESSAGE][WARNING] - Timeout '0' is invalid. Using default page load timeout: '10'

2020-08-05 15:53:01 - [MESSAGE][PASSED] - Tapped on element 'Object Repository/Maya/Login/android.widget.TextView0 - Login to Maybank2u'

2020-08-05 15:53:01 - [TEST_STEP][PASSED] - tap(findTestObject("Maya/login again/android.widget.EditText0"), 0): Tapped on element 'Object Repository/Maya/login again/android.widget.EditText0'

2020-08-05 15:53:01 - [MESSAGE][WARNING] - Timeout '0' is invalid. Using default page load timeout: '10'

2020-08-05 15:53:02 - [MESSAGE][PASSED] - Tapped on element 'Object Repository/Maya/login again/android.widget.EditText0'

2020-08-05 15:53:02 - [TEST_STEP][PASSED] - setText(findTestObject("Maya/login again/android.widget.EditText0"), "ic_rpp025", 0): Text 'ic_rpp025' has been set to element 'Object Repository/Maya/login again/android.widget.EditText0'

2020-08-05 15:53:02 - [MESSAGE][WARNING] - Timeout '0' is invalid. Using default page load timeout: '10'

2020-08-05 15:53:04 - [MESSAGE][PASSED] - Text 'ic_rpp025' has been set to element 'Object Repository/Maya/login again/android.widget.EditText0'

2020-08-05 15:53:04 - [TEST_STEP][PASSED] - driver = getDriver(): null

2020-08-05 15:53:04 - [TEST_STEP][PASSED] - driver.pressKeyCode(ENTER): null

2020-08-05 15:53:05 - [TEST_STEP][PASSED] - tap(findTestObject("Maya/login again/android.widget.TextView0 - Yes Its Mine"), 0): Tapped on element 'Object Repository/Maya/login again/android.widget.TextView0 - Yes Its Mine'

2020-08-05 15:53:05 - [MESSAGE][WARNING] - Timeout '0' is invalid. Using default page load timeout: '10'

2020-08-05 15:53:16 - [MESSAGE][PASSED] - Tapped on element 'Object Repository/Maya/login again/android.widget.TextView0 - Yes Its Mine'

2020-08-05 15:53:16 - [TEST_STEP][PASSED] - tap(findTestObject("Maya/login again/android.widget.EditText0 (1)"), 0): Tapped on element 'Object Repository/Maya/login again/android.widget.EditText0 (1)'

2020-08-05 15:53:16 - [MESSAGE][WARNING] - Timeout '0' is invalid. Using default page load timeout: '10'

2020-08-05 15:53:20 - [MESSAGE][PASSED] - Tapped on element 'Object Repository/Maya/login again/android.widget.EditText0 (1)'

2020-08-05 15:53:20 - [TEST_STEP][PASSED] - setText(findTestObject("Maya/login again/android.widget.EditText0 (1)"), "pass1234", 0): Text 'pass1234' has been set to element 'Object Repository/Maya/login again/android.widget.EditText0 (1)'

2020-08-05 15:53:20 - [MESSAGE][WARNING] - Timeout '0' is invalid. Using default page load timeout: '10'

2020-08-05 15:53:21 - [MESSAGE][PASSED] - Text 'pass1234' has been set to element 'Object Repository/Maya/login again/android.widget.EditText0 (1)'

2020-08-05 15:53:21 - [TEST_STEP][PASSED] - driver.pressKeyCode(ENTER): null

2020-08-05 15:53:22 - [TEST_STEP][PASSED] - tap(findTestObject("Maya/login again/android.widget.TextView0 - 2"), 0): Tapped on element 'Object Repository/Maya/login again/android.widget.TextView0 - 2'

2020-08-05 15:53:22 - [MESSAGE][WARNING] - Timeout '0' is invalid. Using default page load timeout: '10'

2020-08-05 15:53:27 - [MESSAGE][PASSED] - Tapped on element 'Object Repository/Maya/login again/android.widget.TextView0 - 2'

2020-08-05 15:53:27 - [TEST_STEP][PASSED] - tap(findTestObject("Maya/login again/android.widget.TextView0 - 3"), 0): Tapped on element 'Object Repository/Maya/login again/android.widget.TextView0 - 3'

2020-08-05 15:53:27 - [MESSAGE][WARNING] - Timeout '0' is invalid. Using default page load timeout: '10'

2020-08-05 15:53:30 - [MESSAGE][PASSED] - Tapped on element 'Object Repository/Maya/login again/android.widget.TextView0 - 3'

2020-08-05 15:53:30 - [TEST_STEP][PASSED] - tap(findTestObject("Maya/login again/android.widget.TextView0 - 0"), 0): Tapped on element 'Object Repository/Maya/login again/android.widget.TextView0 - 0'

2020-08-05 15:53:30 - [MESSAGE][WARNING] - Timeout '0' is invalid. Using default page load timeout: '10'

2020-08-05 15:53:34 - [MESSAGE][PASSED] - Tapped on element 'Object Repository/Maya/login again/android.widget.TextView0 - 0'

2020-08-05 15:53:34 - [TEST_STEP][PASSED] - tap(findTestObject("Maya/login again/android.widget.TextView0 - 9"), 0): Tapped on element 'Object Repository/Maya/login again/android.widget.TextView0 - 9'

2020-08-05 15:53:34 - [MESSAGE][WARNING] - Timeout '0' is invalid. Using default page load timeout: '10'

2020-08-05 15:53:37 - [MESSAGE][PASSED] - Tapped on element 'Object Repository/Maya/login again/android.widget.TextView0 - 9'

2020-08-05 15:53:37 - [TEST_STEP][PASSED] - tap(findTestObject("Maya/login again/android.widget.TextView0 - 8"), 0): Tapped on element 'Object Repository/Maya/login again/android.widget.TextView0 - 8'

2020-08-05 15:53:37 - [MESSAGE][WARNING] - Timeout '0' is invalid. Using default page load timeout: '10'

2020-08-05 15:53:39 - [MESSAGE][PASSED] - Tapped on element 'Object Repository/Maya/login again/android.widget.TextView0 - 8'

2020-08-05 15:53:39 - [TEST_STEP][PASSED] - tap(findTestObject("Maya/login again/android.widget.TextView0 - 3"), 0): Tapped on element 'Object Repository/Maya/login again/android.widget.TextView0 - 3'

2020-08-05 15:53:39 - [MESSAGE][WARNING] - Timeout '0' is invalid. Using default page load timeout: '10'

2020-08-05 15:53:41 - [MESSAGE][PASSED] - Tapped on element 'Object Repository/Maya/login again/android.widget.TextView0 - 3'

2020-08-05 15:53:41 - [TEST_STEP][PASSED] - tap(findTestObject("Maya/One Tap Authorisation/android.widget.ImageView0 (8)"), 0): Tapped on element 'Object Repository/Maya/One Tap Authorisation/android.widget.ImageView0 (8)'

2020-08-05 15:53:41 - [MESSAGE][WARNING] - Timeout '0' is invalid. Using default page load timeout: '10'

2020-08-05 15:53:42 - [MESSAGE][PASSED] - Tapped on element 'Object Repository/Maya/One Tap Authorisation/android.widget.ImageView0 (8)'

2020-08-05 15:53:42 - [TEST_STEP][NOT_RUN] - tap(findTestObject("Maya/Login/android.widget.ImageView0-Enter OTP"), 0): NOT_RUN: tap(findTestObject("Maya/Login/android.widget.ImageView0-Enter OTP"), 0)

2020-08-05 15:53:42 - [MESSAGE][NOT_RUN] - NOT_RUN: tap(findTestObject("Maya/Login/android.widget.ImageView0-Enter OTP"), 0)

2020-08-05 15:53:42 - [TEST_STEP][PASSED] - tap(findTestObject("Maya/login again/android.widget.TextView0 - 2"), 0): Tapped on element 'Object Repository/Maya/login again/android.widget.TextView0 - 2'

2020-08-05 15:53:42 - [MESSAGE][WARNING] - Timeout '0' is invalid. Using default page load timeout: '10'

2020-08-05 15:53:47 - [MESSAGE][PASSED] - Tapped on element 'Object Repository/Maya/login again/android.widget.TextView0 - 2'

2020-08-05 15:53:47 - [TEST_STEP][PASSED] - tap(findTestObject("Maya/login again/android.widget.TextView0 - 3"), 0): Tapped on element 'Object Repository/Maya/login again/android.widget.TextView0 - 3'

2020-08-05 15:53:47 - [MESSAGE][WARNING] - Timeout '0' is invalid. Using default page load timeout: '10'

2020-08-05 15:53:50 - [MESSAGE][PASSED] - Tapped on element 'Object Repository/Maya/login again/android.widget.TextView0 - 3'

2020-08-05 15:53:50 - [TEST_STEP][PASSED] - tap(findTestObject("Maya/login again/android.widget.TextView0 - 0"), 0): Tapped on element 'Object Repository/Maya/login again/android.widget.TextView0 - 0'

2020-08-05 15:53:50 - [MESSAGE][WARNING] - Timeout '0' is invalid. Using default page load timeout: '10'

2020-08-05 15:53:52 - [MESSAGE][PASSED] - Tapped on element 'Object Repository/Maya/login again/android.widget.TextView0 - 0'

2020-08-05 15:53:52 - [TEST_STEP][PASSED] - tap(findTestObject("Maya/login again/android.widget.TextView0 - 9"), 0): Tapped on element 'Object Repository/Maya/login again/android.widget.TextView0 - 9'

2020-08-05 15:53:52 - [MESSAGE][WARNING] - Timeout '0' is invalid. Using default page load timeout: '10'

2020-08-05 15:53:55 - [MESSAGE][PASSED] - Tapped on element 'Object Repository/Maya/login again/android.widget.TextView0 - 9'

2020-08-05 15:53:55 - [TEST_STEP][PASSED] - tap(findTestObject("Maya/login again/android.widget.TextView0 - 8"), 0): Tapped on element 'Object Repository/Maya/login again/android.widget.TextView0 - 8'

2020-08-05 15:53:55 - [MESSAGE][WARNING] - Timeout '0' is invalid. Using default page load timeout: '10'

2020-08-05 15:53:57 - [MESSAGE][PASSED] - Tapped on element 'Object Repository/Maya/login again/android.widget.TextView0 - 8'

2020-08-05 15:53:57 - [TEST_STEP][PASSED] - tap(findTestObject("Maya/login again/android.widget.TextView0 - 3"), 0): Tapped on element 'Object Repository/Maya/login again/android.widget.TextView0 - 3'

2020-08-05 15:53:57 - [MESSAGE][WARNING] - Timeout '0' is invalid. Using default page load timeout: '10'

2020-08-05 15:54:00 - [MESSAGE][PASSED] - Tapped on element 'Object Repository/Maya/login again/android.widget.TextView0 - 3'

2020-08-05 15:54:00 - [TEST_STEP][PASSED] - tap(findTestObject("Maya/One Tap Authorisation/android.widget.ImageView0 (8)"), 0): Tapped on element 'Object Repository/Maya/One Tap Authorisation/android.widget.ImageView0 (8)'

2020-08-05 15:54:00 - [MESSAGE][WARNING] - Timeout '0' is invalid. Using default page load timeout: '10'

2020-08-05 15:54:01 - [MESSAGE][PASSED] - Tapped on element 'Object Repository/Maya/One Tap Authorisation/android.widget.ImageView0 (8)'

2020-08-05 15:54:01 - [TEST_STEP][NOT_RUN] - tap(findTestObject("Maya/Login/android.widget.ImageView0-Enter OTP"), 0): NOT_RUN: tap(findTestObject("Maya/Login/android.widget.ImageView0-Enter OTP"), 0)

2020-08-05 15:54:01 - [MESSAGE][NOT_RUN] - NOT_RUN: tap(findTestObject("Maya/Login/android.widget.ImageView0-Enter OTP"), 0)

2020-08-05 15:54:01 - [TEST_STEP][PASSED] - tap(findTestObject("Maya/login again/android.widget.TextView0 - Yes Proceeed"), 0): Tapped on element 'Object Repository/Maya/login again/android.widget.TextView0 - Yes Proceeed'

2020-08-05 15:54:02 - [MESSAGE][WARNING] - Timeout '0' is invalid. Using default page load timeout: '10'

2020-08-05 15:54:04 - [MESSAGE][PASSED] - Tapped on element 'Object Repository/Maya/login again/android.widget.TextView0 - Yes Proceeed'

2020-08-05 15:54:04 - [TEST_STEP][PASSED] - tap(findTestObject("Maya/Third Party CA account/android.widget.TextView0 - Your OTP no. is 460943"), 0): Tapped on element 'Object Repository/Maya/Third Party CA account/android.widget.TextView0 - Your OTP no. is 460943'

2020-08-05 15:54:05 - [MESSAGE][WARNING] - Timeout '0' is invalid. Using default page load timeout: '10'

2020-08-05 15:54:10 - [MESSAGE][PASSED] - Tapped on element 'Object Repository/Maya/Third Party CA account/android.widget.TextView0 - Your OTP no. is 460943'

2020-08-05 15:54:10 - [TEST_STEP][PASSED] - otpMessage = getText(findTestObject("Maya/Third Party CA account/android.widget.TextView0 - Your OTP no. is 460943"), 0): Text of element 'Object Repository/Maya/Third Party CA account/android.widget.TextView0 - Your OTP no. is 460943' is: 'Your OTP no. is 684977'

2020-08-05 15:54:10 - [MESSAGE][WARNING] - Timeout '0' is invalid. Using default page load timeout: '10'

2020-08-05 15:54:12 - [MESSAGE][PASSED] - Text of element 'Object Repository/Maya/Third Party CA account/android.widget.TextView0 - Your OTP no. is 460943' is: 'Your OTP no. is 684977'

2020-08-05 15:54:12 - [TEST_STEP][PASSED] - delay(2): Delayed 2 second(s)

2020-08-05 15:54:14 - [MESSAGE][PASSED] - Delayed 2 second(s)

2020-08-05 15:54:14 - [TEST_STEP][PASSED] - for ([i = 16, i <= 21, (i++)]): null

2020-08-05 15:54:14 - [TEST_STEP][PASSED] - delay(3, STOP_ON_FAILURE): Delayed 3 second(s)

2020-08-05 15:54:17 - [MESSAGE][PASSED] - Delayed 3 second(s)

2020-08-05 15:54:17 - [TEST_STEP][PASSED] - if (otpMessage[i] == "0"): null

2020-08-05 15:54:17 - [TEST_STEP][PASSED] - if (otpMessage[i] == "1"): null

2020-08-05 15:54:17 - [TEST_STEP][PASSED] - if (otpMessage[i] == "2"): null

2020-08-05 15:54:17 - [TEST_STEP][PASSED] - if (otpMessage[i] == "3"): null

2020-08-05 15:54:17 - [TEST_STEP][PASSED] - if (otpMessage[i] == "4"): null

2020-08-05 15:54:17 - [TEST_STEP][PASSED] - if (otpMessage[i] == "5"): null

2020-08-05 15:54:17 - [TEST_STEP][PASSED] - if (otpMessage[i] == "6"): Tapped on element 'Object Repository/Maya/login again/Spy- 6'

2020-08-05 15:54:17 - [TEST_STEP][PASSED] - delay(1, STOP_ON_FAILURE): Delayed 1 second(s)

2020-08-05 15:54:18 - [MESSAGE][PASSED] - Delayed 1 second(s)

2020-08-05 15:54:18 - [TEST_STEP][PASSED] - tap(findTestObject("Maya/login again/Spy- 6"), 0): Tapped on element 'Object Repository/Maya/login again/Spy- 6'

2020-08-05 15:54:18 - [MESSAGE][WARNING] - Timeout '0' is invalid. Using default page load timeout: '10'

2020-08-05 15:54:20 - [MESSAGE][PASSED] - Tapped on element 'Object Repository/Maya/login again/Spy- 6'

2020-08-05 15:54:20 - [TEST_STEP][PASSED] - if (otpMessage[i] == "7"): null

2020-08-05 15:54:20 - [TEST_STEP][PASSED] - if (otpMessage[i] == "8"): null

2020-08-05 15:54:20 - [TEST_STEP][PASSED] - if (otpMessage[i] == "9"): null

2020-08-05 15:54:20 - [TEST_STEP][PASSED] - delay(3, STOP_ON_FAILURE): Delayed 3 second(s)

2020-08-05 15:54:23 - [MESSAGE][PASSED] - Delayed 3 second(s)

2020-08-05 15:54:23 - [TEST_STEP][PASSED] - if (otpMessage[i] == "0"): null

2020-08-05 15:54:23 - [TEST_STEP][PASSED] - if (otpMessage[i] == "1"): null

2020-08-05 15:54:23 - [TEST_STEP][PASSED] - if (otpMessage[i] == "2"): null

2020-08-05 15:54:23 - [TEST_STEP][PASSED] - if (otpMessage[i] == "3"): null

2020-08-05 15:54:23 - [TEST_STEP][PASSED] - if (otpMessage[i] == "4"): null

2020-08-05 15:54:23 - [TEST_STEP][PASSED] - if (otpMessage[i] == "5"): null

2020-08-05 15:54:23 - [TEST_STEP][PASSED] - if (otpMessage[i] == "6"): null

2020-08-05 15:54:23 - [TEST_STEP][PASSED] - if (otpMessage[i] == "7"): null

2020-08-05 15:54:23 - [TEST_STEP][PASSED] - if (otpMessage[i] == "8"): Tapped on element 'Object Repository/Maya/login again/Spy - 8'

2020-08-05 15:54:23 - [TEST_STEP][PASSED] - delay(1, STOP_ON_FAILURE): Delayed 1 second(s)

2020-08-05 15:54:24 - [MESSAGE][PASSED] - Delayed 1 second(s)

2020-08-05 15:54:24 - [TEST_STEP][PASSED] - tap(findTestObject("Maya/login again/Spy - 8"), 0): Tapped on element 'Object Repository/Maya/login again/Spy - 8'

2020-08-05 15:54:24 - [MESSAGE][WARNING] - Timeout '0' is invalid. Using default page load timeout: '10'

2020-08-05 15:54:26 - [MESSAGE][PASSED] - Tapped on element 'Object Repository/Maya/login again/Spy - 8'

2020-08-05 15:54:26 - [TEST_STEP][PASSED] - if (otpMessage[i] == "9"): null

2020-08-05 15:54:26 - [TEST_STEP][PASSED] - delay(3, STOP_ON_FAILURE): Delayed 3 second(s)

2020-08-05 15:54:29 - [MESSAGE][PASSED] - Delayed 3 second(s)

2020-08-05 15:54:29 - [TEST_STEP][PASSED] - if (otpMessage[i] == "0"): null

2020-08-05 15:54:29 - [TEST_STEP][PASSED] - if (otpMessage[i] == "1"): null

2020-08-05 15:54:29 - [TEST_STEP][PASSED] - if (otpMessage[i] == "2"): null

2020-08-05 15:54:29 - [TEST_STEP][PASSED] - if (otpMessage[i] == "3"): null

2020-08-05 15:54:29 - [TEST_STEP][PASSED] - if (otpMessage[i] == "4"): Tapped on element 'Object Repository/Maya/login again/Spy - 4'

2020-08-05 15:54:29 - [TEST_STEP][PASSED] - delay(1, STOP_ON_FAILURE): Delayed 1 second(s)

2020-08-05 15:54:30 - [MESSAGE][PASSED] - Delayed 1 second(s)

2020-08-05 15:54:30 - [TEST_STEP][PASSED] - tap(findTestObject("Maya/login again/Spy - 4"), 0): Tapped on element 'Object Repository/Maya/login again/Spy - 4'

2020-08-05 15:54:30 - [MESSAGE][WARNING] - Timeout '0' is invalid. Using default page load timeout: '10'

2020-08-05 15:54:31 - [MESSAGE][PASSED] - Tapped on element 'Object Repository/Maya/login again/Spy - 4'

2020-08-05 15:54:31 - [TEST_STEP][PASSED] - if (otpMessage[i] == "5"): null

2020-08-05 15:54:31 - [TEST_STEP][PASSED] - if (otpMessage[i] == "6"): null

2020-08-05 15:54:31 - [TEST_STEP][PASSED] - if (otpMessage[i] == "7"): null

2020-08-05 15:54:31 - [TEST_STEP][PASSED] - if (otpMessage[i] == "8"): null

2020-08-05 15:54:31 - [TEST_STEP][PASSED] - if (otpMessage[i] == "9"): null

2020-08-05 15:54:31 - [TEST_STEP][PASSED] - delay(3, STOP_ON_FAILURE): Delayed 3 second(s)

2020-08-05 15:54:34 - [MESSAGE][PASSED] - Delayed 3 second(s)

2020-08-05 15:54:34 - [TEST_STEP][PASSED] - if (otpMessage[i] == "0"): null

2020-08-05 15:54:34 - [TEST_STEP][PASSED] - if (otpMessage[i] == "1"): null

2020-08-05 15:54:34 - [TEST_STEP][PASSED] - if (otpMessage[i] == "2"): null

2020-08-05 15:54:34 - [TEST_STEP][PASSED] - if (otpMessage[i] == "3"): null

2020-08-05 15:54:34 - [TEST_STEP][PASSED] - if (otpMessage[i] == "4"): null

2020-08-05 15:54:34 - [TEST_STEP][PASSED] - if (otpMessage[i] == "5"): null

2020-08-05 15:54:34 - [TEST_STEP][PASSED] - if (otpMessage[i] == "6"): null

2020-08-05 15:54:34 - [TEST_STEP][PASSED] - if (otpMessage[i] == "7"): null

2020-08-05 15:54:34 - [TEST_STEP][PASSED] - if (otpMessage[i] == "8"): null

2020-08-05 15:54:34 - [TEST_STEP][PASSED] - if (otpMessage[i] == "9"): Tapped on element 'Object Repository/Maya/login again/Spy- 9'

2020-08-05 15:54:34 - [TEST_STEP][PASSED] - delay(1, STOP_ON_FAILURE): Delayed 1 second(s)

2020-08-05 15:54:35 - [MESSAGE][PASSED] - Delayed 1 second(s)

2020-08-05 15:54:35 - [TEST_STEP][PASSED] - tap(findTestObject("Maya/login again/Spy- 9"), 0): Tapped on element 'Object Repository/Maya/login again/Spy- 9'

2020-08-05 15:54:35 - [MESSAGE][WARNING] - Timeout '0' is invalid. Using default page load timeout: '10'

2020-08-05 15:54:37 - [MESSAGE][PASSED] - Tapped on element 'Object Repository/Maya/login again/Spy- 9'

2020-08-05 15:54:37 - [TEST_STEP][PASSED] - delay(3, STOP_ON_FAILURE): Delayed 3 second(s)

2020-08-05 15:54:40 - [MESSAGE][PASSED] - Delayed 3 second(s)

2020-08-05 15:54:40 - [TEST_STEP][PASSED] - if (otpMessage[i] == "0"): null

2020-08-05 15:54:40 - [TEST_STEP][PASSED] - if (otpMessage[i] == "1"): null

2020-08-05 15:54:40 - [TEST_STEP][PASSED] - if (otpMessage[i] == "2"): null

2020-08-05 15:54:40 - [TEST_STEP][PASSED] - if (otpMessage[i] == "3"): null

2020-08-05 15:54:40 - [TEST_STEP][PASSED] - if (otpMessage[i] == "4"): null

2020-08-05 15:54:40 - [TEST_STEP][PASSED] - if (otpMessage[i] == "5"): null

2020-08-05 15:54:40 - [TEST_STEP][PASSED] - if (otpMessage[i] == "6"): null

2020-08-05 15:54:40 - [TEST_STEP][PASSED] - if (otpMessage[i] == "7"): Tapped on element 'Object Repository/Maya/login again/Spy - 7'

2020-08-05 15:54:40 - [TEST_STEP][PASSED] - delay(1, STOP_ON_FAILURE): Delayed 1 second(s)

2020-08-05 15:54:41 - [MESSAGE][PASSED] - Delayed 1 second(s)

2020-08-05 15:54:41 - [TEST_STEP][PASSED] - tap(findTestObject("Maya/login again/Spy - 7"), 0): Tapped on element 'Object Repository/Maya/login again/Spy - 7'

2020-08-05 15:54:41 - [MESSAGE][WARNING] - Timeout '0' is invalid. Using default page load timeout: '10'

2020-08-05 15:54:43 - [MESSAGE][PASSED] - Tapped on element 'Object Repository/Maya/login again/Spy - 7'

2020-08-05 15:54:43 - [TEST_STEP][PASSED] - if (otpMessage[i] == "8"): null

2020-08-05 15:54:43 - [TEST_STEP][PASSED] - if (otpMessage[i] == "9"): null

2020-08-05 15:54:43 - [TEST_STEP][PASSED] - delay(3, STOP_ON_FAILURE): Delayed 3 second(s)

2020-08-05 15:54:46 - [MESSAGE][PASSED] - Delayed 3 second(s)

2020-08-05 15:54:46 - [TEST_STEP][PASSED] - if (otpMessage[i] == "0"): null

2020-08-05 15:54:46 - [TEST_STEP][PASSED] - if (otpMessage[i] == "1"): null

2020-08-05 15:54:46 - [TEST_STEP][PASSED] - if (otpMessage[i] == "2"): null

2020-08-05 15:54:46 - [TEST_STEP][PASSED] - if (otpMessage[i] == "3"): null

2020-08-05 15:54:46 - [TEST_STEP][PASSED] - if (otpMessage[i] == "4"): null

2020-08-05 15:54:46 - [TEST_STEP][PASSED] - if (otpMessage[i] == "5"): null

2020-08-05 15:54:46 - [TEST_STEP][PASSED] - if (otpMessage[i] == "6"): null

2020-08-05 15:54:46 - [TEST_STEP][PASSED] - if (otpMessage[i] == "7"): Tapped on element 'Object Repository/Maya/login again/Spy - 7'

2020-08-05 15:54:46 - [TEST_STEP][PASSED] - delay(1, STOP_ON_FAILURE): Delayed 1 second(s)

2020-08-05 15:54:47 - [MESSAGE][PASSED] - Delayed 1 second(s)

2020-08-05 15:54:47 - [TEST_STEP][PASSED] - tap(findTestObject("Maya/login again/Spy - 7"), 0): Tapped on element 'Object Repository/Maya/login again/Spy - 7'

2020-08-05 15:54:47 - [MESSAGE][WARNING] - Timeout '0' is invalid. Using default page load timeout: '10'

2020-08-05 15:54:51 - [MESSAGE][PASSED] - Tapped on element 'Object Repository/Maya/login again/Spy - 7'

2020-08-05 15:54:51 - [TEST_STEP][PASSED] - if (otpMessage[i] == "8"): null

2020-08-05 15:54:51 - [TEST_STEP][PASSED] - if (otpMessage[i] == "9"): null

2020-08-05 15:54:51 - [TEST_STEP][PASSED] - delay(8, STOP_ON_FAILURE): Delayed 8 second(s)

2020-08-05 15:54:59 - [MESSAGE][PASSED] - Delayed 8 second(s)

2020-08-05 15:54:59 - [TEST_STEP][PASSED] - tap(findTestObject("Maya/Forgot Pin/android.widget.ImageView0 (7)"), 0): Tapped on element 'Object Repository/Maya/Forgot Pin/android.widget.ImageView0 (7)'

2020-08-05 15:54:59 - [MESSAGE][WARNING] - Timeout '0' is invalid. Using default page load timeout: '10'

2020-08-05 15:55:00 - [MESSAGE][PASSED] - Tapped on element 'Object Repository/Maya/Forgot Pin/android.widget.ImageView0 (7)'

2020-08-05 15:55:00 - [TEST_STEP][PASSED] - tap(findTestObject("Maya/Login/android.widget.EditText0 - Enter your name"), 0): Tapped on element 'Object Repository/Maya/Login/android.widget.EditText0 - Enter your name'

2020-08-05 15:55:01 - [MESSAGE][WARNING] - Timeout '0' is invalid. Using default page load timeout: '10'

2020-08-05 15:55:07 - [MESSAGE][PASSED] - Tapped on element 'Object Repository/Maya/Login/android.widget.EditText0 - Enter your name'

2020-08-05 15:55:07 - [TEST_STEP][PASSED] - setText(findTestObject("Maya/Login/android.widget.EditText0 - Enter your name"), "Test", 0): Text 'Test' has been set to element 'Object Repository/Maya/Login/android.widget.EditText0 - Enter your name'

2020-08-05 15:55:07 - [MESSAGE][WARNING] - Timeout '0' is invalid. Using default page load timeout: '10'

2020-08-05 15:55:09 - [MESSAGE][PASSED] - Text 'Test' has been set to element 'Object Repository/Maya/Login/android.widget.EditText0 - Enter your name'

2020-08-05 15:55:09 - [TEST_STEP][PASSED] - driver.pressKeyCode(ENTER): null

2020-08-05 15:55:10 - [TEST_STEP][PASSED] - tap(findTestObject("Maya/Login/android.widget.TextView0 - Continue"), 0): Tapped on element 'Object Repository/Maya/Login/android.widget.TextView0 - Continue'

2020-08-05 15:55:10 - [MESSAGE][WARNING] - Timeout '0' is invalid. Using default page load timeout: '10'

2020-08-05 15:55:13 - [MESSAGE][PASSED] - Tapped on element 'Object Repository/Maya/Login/android.widget.TextView0 - Continue'

2020-08-05 15:55:13 - [TEST_STEP][PASSED] - tap(findTestObject("Maya/Banking Cards/android.widget.TextView0 - Personal Current Account"), 0, CONTINUE_ON_FAILURE): Tapped on element 'Object Repository/Maya/Banking Cards/android.widget.TextView0 - Personal Current Account'

2020-08-05 15:55:13 - [MESSAGE][WARNING] - Timeout '0' is invalid. Using default page load timeout: '10'

2020-08-05 15:55:14 - [MESSAGE][PASSED] - Tapped on element 'Object Repository/Maya/Banking Cards/android.widget.TextView0 - Personal Current Account'

2020-08-05 15:55:14 - [TEST_STEP][PASSED] - tap(findTestObject("Maya/Login/android.widget.TextView0 - Continue"), 0): Tapped on element 'Object Repository/Maya/Login/android.widget.TextView0 - Continue'

2020-08-05 15:55:14 - [MESSAGE][WARNING] - Timeout '0' is invalid. Using default page load timeout: '10'

2020-08-05 15:55:21 - [MESSAGE][PASSED] - Tapped on element 'Object Repository/Maya/Login/android.widget.TextView0 - Continue'

2020-08-05 15:55:21 - [TEST_STEP][PASSED] - delay(3, STOP_ON_FAILURE): Delayed 3 second(s)

2020-08-05 15:55:24 - [MESSAGE][PASSED] - Delayed 3 second(s)

2020-08-05 15:55:24 - [TEST_STEP][PASSED] - takeScreenshot("C:\Users\LENOVO\Screenshot\OneTap\Screen12.png", CONTINUE_ON_FAILURE): Screenshot is taken

2020-08-05 15:55:26 - [MESSAGE][PASSED] - Screenshot is taken
[[ATTACHMENT|C:\\Users\\LENOVO\\Screenshot\\OneTap\\Screen12.png]]

2020-08-05 15:55:26 - [TEST_STEP][PASSED] - tap(findTestObject("Maya/Login/android.widget.TextView0 - Done setup"), 0): Tapped on element 'Object Repository/Maya/Login/android.widget.TextView0 - Done setup'

2020-08-05 15:55:26 - [MESSAGE][WARNING] - Timeout '0' is invalid. Using default page load timeout: '10'

2020-08-05 15:55:28 - [MESSAGE][PASSED] - Tapped on element 'Object Repository/Maya/Login/android.widget.TextView0 - Done setup'

2020-08-05 15:55:28 - [TEST_STEP][PASSED] - tap(findTestObject("Maya/Banking Cards/android.widget.TextView0 - Maybank2u (1)"), 0): Tapped on element 'Object Repository/Maya/Banking Cards/android.widget.TextView0 - Maybank2u (1)'

2020-08-05 15:55:28 - [MESSAGE][WARNING] - Timeout '0' is invalid. Using default page load timeout: '10'

2020-08-05 15:55:40 - [MESSAGE][PASSED] - Tapped on element 'Object Repository/Maya/Banking Cards/android.widget.TextView0 - Maybank2u (1)'

2020-08-05 15:55:40 - [TEST_STEP][PASSED] - tap(findTestObject("Maya/Banking Cards/android.widget.TextView0 - CARDS (1)"), 0): Tapped on element 'Object Repository/Maya/Banking Cards/android.widget.TextView0 - CARDS (1)'

2020-08-05 15:55:40 - [MESSAGE][WARNING] - Timeout '0' is invalid. Using default page load timeout: '10'

2020-08-05 15:55:43 - [MESSAGE][PASSED] - Tapped on element 'Object Repository/Maya/Banking Cards/android.widget.TextView0 - CARDS (1)'

2020-08-05 15:55:43 - [TEST_STEP][PASSED] - delay(2, STOP_ON_FAILURE): Delayed 2 second(s)

2020-08-05 15:55:45 - [MESSAGE][PASSED] - Delayed 2 second(s)

2020-08-05 15:55:45 - [TEST_STEP][PASSED] - takeScreenshot("C:\Users\LENOVO\Screenshot\DuitNowProxy\Screen8.png", CONTINUE_ON_FAILURE): Screenshot is taken

2020-08-05 15:55:46 - [MESSAGE][PASSED] - Screenshot is taken
[[ATTACHMENT|C:\\Users\\LENOVO\\Screenshot\\DuitNowProxy\\Screen8.png]]

2020-08-05 15:55:46 - [TEST_STEP][PASSED] - getText(findTestObject("Maya/Banking Cards/android.widget.TextView0 - Outstanding Balance (2)"), 0): Text of element 'Object Repository/Maya/Banking Cards/android.widget.TextView0 - Outstanding Balance (2)' is: 'Outstanding Balance'

2020-08-05 15:55:46 - [MESSAGE][WARNING] - Timeout '0' is invalid. Using default page load timeout: '10'

2020-08-05 15:55:47 - [MESSAGE][PASSED] - Text of element 'Object Repository/Maya/Banking Cards/android.widget.TextView0 - Outstanding Balance (2)' is: 'Outstanding Balance'

2020-08-05 15:55:47 - [TEST_STEP][PASSED] - verifyElementExist(findTestObject("Maya/Banking Cards/android.widget.TextView0 - Outstanding Balance (2)"), 0): Element 'Object Repository/Maya/Banking Cards/android.widget.TextView0 - Outstanding Balance (2)' is exist

2020-08-05 15:55:47 - [MESSAGE][WARNING] - Timeout '0' is invalid. Using default page load timeout: '10'

2020-08-05 15:55:47 - [MESSAGE][PASSED] - Element 'Object Repository/Maya/Banking Cards/android.widget.TextView0 - Outstanding Balance (2)' is exist

2020-08-05 15:55:47 - [TEST_STEP][PASSED] - delay(2, STOP_ON_FAILURE): Delayed 2 second(s)

2020-08-05 15:55:49 - [MESSAGE][PASSED] - Delayed 2 second(s)

2020-08-05 15:55:49 - [TEST_STEP][PASSED] - takeScreenshot("C:\Users\LENOVO\Screenshot\DuitNowProxy\Screen10.png", CONTINUE_ON_FAILURE): Screenshot is taken

2020-08-05 15:55:50 - [MESSAGE][PASSED] - Screenshot is taken
[[ATTACHMENT|C:\\Users\\LENOVO\\Screenshot\\DuitNowProxy\\Screen10.png]]

2020-08-05 15:55:50 - [TEST_STEP][PASSED] - getText(findTestObject("Maya/Banking Cards/android.widget.TextView0 - RM 1765.05"), 0): Text of element 'Object Repository/Maya/Banking Cards/android.widget.TextView0 - RM 1765.05' is: 'RM 1,603.41'

2020-08-05 15:55:50 - [MESSAGE][WARNING] - Timeout '0' is invalid. Using default page load timeout: '10'

2020-08-05 15:55:51 - [MESSAGE][PASSED] - Text of element 'Object Repository/Maya/Banking Cards/android.widget.TextView0 - RM 1765.05' is: 'RM 1,603.41'

2020-08-05 15:55:51 - [TEST_STEP][PASSED] - verifyElementExist(findTestObject("Maya/Banking Cards/android.widget.TextView0 - RM 1765.05"), 0): Element 'Object Repository/Maya/Banking Cards/android.widget.TextView0 - RM 1765.05' is exist

2020-08-05 15:55:51 - [MESSAGE][WARNING] - Timeout '0' is invalid. Using default page load timeout: '10'

2020-08-05 15:55:51 - [MESSAGE][PASSED] - Element 'Object Repository/Maya/Banking Cards/android.widget.TextView0 - RM 1765.05' is exist

2020-08-05 15:55:51 - [TEST_STEP][PASSED] - getText(findTestObject("Maya/Banking Cards/android.widget.TextView0 - Maybank Visa Card (4)"), 0): Text of element 'Object Repository/Maya/Banking Cards/android.widget.TextView0 - Maybank Visa Card (4)' is: 'Maybank Visa Card'

2020-08-05 15:55:52 - [MESSAGE][WARNING] - Timeout '0' is invalid. Using default page load timeout: '10'

2020-08-05 15:55:52 - [MESSAGE][PASSED] - Text of element 'Object Repository/Maya/Banking Cards/android.widget.TextView0 - Maybank Visa Card (4)' is: 'Maybank Visa Card'

2020-08-05 15:55:52 - [TEST_STEP][PASSED] - verifyElementExist(findTestObject("Maya/Banking Cards/android.widget.TextView0 - Maybank Visa Card (4)"), 0): Element 'Object Repository/Maya/Banking Cards/android.widget.TextView0 - Maybank Visa Card (4)' is exist

2020-08-05 15:55:52 - [MESSAGE][WARNING] - Timeout '0' is invalid. Using default page load timeout: '10'

2020-08-05 15:55:52 - [MESSAGE][PASSED] - Element 'Object Repository/Maya/Banking Cards/android.widget.TextView0 - Maybank Visa Card (4)' is exist

2020-08-05 15:55:52 - [TEST_STEP][PASSED] - getText(findTestObject("Maya/Banking Cards/android.widget.TextView0 -    2938 (2)"), 0): Text of element 'Object Repository/Maya/Banking Cards/android.widget.TextView0 -    2938 (2)' is: '**** **** **** 2938'

2020-08-05 15:55:52 - [MESSAGE][WARNING] - Timeout '0' is invalid. Using default page load timeout: '10'

2020-08-05 15:55:53 - [MESSAGE][PASSED] - Text of element 'Object Repository/Maya/Banking Cards/android.widget.TextView0 -    2938 (2)' is: '**** **** **** 2938'

2020-08-05 15:55:53 - [TEST_STEP][PASSED] - verifyElementExist(findTestObject("Maya/Banking Cards/android.widget.TextView0 -    2938 (2)"), 0): Element 'Object Repository/Maya/Banking Cards/android.widget.TextView0 -    2938 (2)' is exist

2020-08-05 15:55:53 - [MESSAGE][WARNING] - Timeout '0' is invalid. Using default page load timeout: '10'

2020-08-05 15:55:53 - [MESSAGE][PASSED] - Element 'Object Repository/Maya/Banking Cards/android.widget.TextView0 -    2938 (2)' is exist

2020-08-05 15:55:53 - [TEST_STEP][PASSED] - getText(findTestObject("Maya/Banking Cards/android.widget.TextView0 - RM 1765.05 (1)"), 0): Text of element 'Object Repository/Maya/Banking Cards/android.widget.TextView0 - RM 1765.05 (1)' is: 'RM 1,603.41'

2020-08-05 15:55:54 - [MESSAGE][WARNING] - Timeout '0' is invalid. Using default page load timeout: '10'

2020-08-05 15:55:54 - [MESSAGE][PASSED] - Text of element 'Object Repository/Maya/Banking Cards/android.widget.TextView0 - RM 1765.05 (1)' is: 'RM 1,603.41'

2020-08-05 15:55:54 - [TEST_STEP][PASSED] - verifyElementExist(findTestObject("Maya/Banking Cards/android.widget.TextView0 - RM 1765.05 (1)"), 0): Element 'Object Repository/Maya/Banking Cards/android.widget.TextView0 - RM 1765.05 (1)' is exist

2020-08-05 15:55:54 - [MESSAGE][WARNING] - Timeout '0' is invalid. Using default page load timeout: '10'

2020-08-05 15:55:55 - [MESSAGE][PASSED] - Element 'Object Repository/Maya/Banking Cards/android.widget.TextView0 - RM 1765.05 (1)' is exist

2020-08-05 15:55:55 - [TEST_STEP][PASSED] - tap(findTestObject("Maya/Banking Cards/android.widget.ImageView0 (8)"), 0): Tapped on element 'Object Repository/Maya/Banking Cards/android.widget.ImageView0 (8)'

2020-08-05 15:55:55 - [MESSAGE][WARNING] - Timeout '0' is invalid. Using default page load timeout: '10'

2020-08-05 15:55:55 - [MESSAGE][PASSED] - Tapped on element 'Object Repository/Maya/Banking Cards/android.widget.ImageView0 (8)'

2020-08-05 15:55:55 - [TEST_STEP][PASSED] - getText(findTestObject("Maya/Banking Cards/android.widget.TextView0 - View Transactions (2)"), 0): Text of element 'Object Repository/Maya/Banking Cards/android.widget.TextView0 - View Transactions (2)' is: 'View Transactions'

2020-08-05 15:55:56 - [MESSAGE][WARNING] - Timeout '0' is invalid. Using default page load timeout: '10'

2020-08-05 15:55:58 - [MESSAGE][PASSED] - Text of element 'Object Repository/Maya/Banking Cards/android.widget.TextView0 - View Transactions (2)' is: 'View Transactions'

2020-08-05 15:55:58 - [TEST_STEP][PASSED] - verifyElementExist(findTestObject("Maya/Banking Cards/android.widget.TextView0 - View Transactions (2)"), 0): Element 'Object Repository/Maya/Banking Cards/android.widget.TextView0 - View Transactions (2)' is exist

2020-08-05 15:55:58 - [MESSAGE][WARNING] - Timeout '0' is invalid. Using default page load timeout: '10'

2020-08-05 15:55:58 - [MESSAGE][PASSED] - Element 'Object Repository/Maya/Banking Cards/android.widget.TextView0 - View Transactions (2)' is exist

2020-08-05 15:55:58 - [TEST_STEP][PASSED] - tap(findTestObject("Maya/Banking Cards/android.widget.TextView0 - View Transactions (2)"), 0): Tapped on element 'Object Repository/Maya/Banking Cards/android.widget.TextView0 - View Transactions (2)'

2020-08-05 15:55:58 - [MESSAGE][WARNING] - Timeout '0' is invalid. Using default page load timeout: '10'

2020-08-05 15:56:00 - [MESSAGE][PASSED] - Tapped on element 'Object Repository/Maya/Banking Cards/android.widget.TextView0 - View Transactions (2)'

2020-08-05 15:56:00 - [TEST_STEP][PASSED] - delay(2, STOP_ON_FAILURE): Delayed 2 second(s)

2020-08-05 15:56:02 - [MESSAGE][PASSED] - Delayed 2 second(s)

2020-08-05 15:56:02 - [TEST_STEP][PASSED] - takeScreenshot("C:\Users\LENOVO\Screenshot\DuitNowProxy\Screen11.png", CONTINUE_ON_FAILURE): Screenshot is taken

2020-08-05 15:56:04 - [MESSAGE][PASSED] - Screenshot is taken
[[ATTACHMENT|C:\\Users\\LENOVO\\Screenshot\\DuitNowProxy\\Screen11.png]]

2020-08-05 15:56:04 - [TEST_STEP][PASSED] - tap(findTestObject("Maya/Banking Cards/android.widget.ImageView0 (9)"), 0): Tapped on element 'Object Repository/Maya/Banking Cards/android.widget.ImageView0 (9)'

2020-08-05 15:56:04 - [MESSAGE][WARNING] - Timeout '0' is invalid. Using default page load timeout: '10'

2020-08-05 15:56:04 - [MESSAGE][PASSED] - Tapped on element 'Object Repository/Maya/Banking Cards/android.widget.ImageView0 (9)'

2020-08-05 15:56:04 - [TEST_STEP][PASSED] - getText(findTestObject("Maya/Banking Cards/android.widget.TextView0 - Total Credit Limit (1)"), 0): Text of element 'Object Repository/Maya/Banking Cards/android.widget.TextView0 - Total Credit Limit (1)' is: 'Total Credit Limit'

2020-08-05 15:56:04 - [MESSAGE][WARNING] - Timeout '0' is invalid. Using default page load timeout: '10'

2020-08-05 15:56:06 - [MESSAGE][PASSED] - Text of element 'Object Repository/Maya/Banking Cards/android.widget.TextView0 - Total Credit Limit (1)' is: 'Total Credit Limit'

2020-08-05 15:56:06 - [TEST_STEP][PASSED] - verifyElementExist(findTestObject("Maya/Banking Cards/android.widget.TextView0 - Total Credit Limit (1)"), 0): Element 'Object Repository/Maya/Banking Cards/android.widget.TextView0 - Total Credit Limit (1)' is exist

2020-08-05 15:56:06 - [MESSAGE][WARNING] - Timeout '0' is invalid. Using default page load timeout: '10'

2020-08-05 15:56:06 - [MESSAGE][PASSED] - Element 'Object Repository/Maya/Banking Cards/android.widget.TextView0 - Total Credit Limit (1)' is exist

2020-08-05 15:56:06 - [TEST_STEP][PASSED] - getText(findTestObject("Maya/Banking Cards/android.widget.TextView0 - Outstanding Balance (3)"), 0): Text of element 'Object Repository/Maya/Banking Cards/android.widget.TextView0 - Outstanding Balance (3)' is: 'Outstanding Balance'

2020-08-05 15:56:06 - [MESSAGE][WARNING] - Timeout '0' is invalid. Using default page load timeout: '10'

2020-08-05 15:56:07 - [MESSAGE][PASSED] - Text of element 'Object Repository/Maya/Banking Cards/android.widget.TextView0 - Outstanding Balance (3)' is: 'Outstanding Balance'

2020-08-05 15:56:07 - [TEST_STEP][PASSED] - verifyElementExist(findTestObject("Maya/Banking Cards/android.widget.TextView0 - Outstanding Balance (3)"), 0): Element 'Object Repository/Maya/Banking Cards/android.widget.TextView0 - Outstanding Balance (3)' is exist

2020-08-05 15:56:07 - [MESSAGE][WARNING] - Timeout '0' is invalid. Using default page load timeout: '10'

2020-08-05 15:56:08 - [MESSAGE][PASSED] - Element 'Object Repository/Maya/Banking Cards/android.widget.TextView0 - Outstanding Balance (3)' is exist

2020-08-05 15:56:08 - [TEST_STEP][PASSED] - getText(findTestObject("Maya/Banking Cards/android.widget.TextView0 - Statement Balance (1)"), 0): Text of element 'Object Repository/Maya/Banking Cards/android.widget.TextView0 - Statement Balance (1)' is: 'Statement Balance'

2020-08-05 15:56:08 - [MESSAGE][WARNING] - Timeout '0' is invalid. Using default page load timeout: '10'

2020-08-05 15:56:08 - [MESSAGE][PASSED] - Text of element 'Object Repository/Maya/Banking Cards/android.widget.TextView0 - Statement Balance (1)' is: 'Statement Balance'

2020-08-05 15:56:08 - [TEST_STEP][PASSED] - verifyElementExist(findTestObject("Maya/Banking Cards/android.widget.TextView0 - Statement Balance (1)"), 0): Element 'Object Repository/Maya/Banking Cards/android.widget.TextView0 - Statement Balance (1)' is exist

2020-08-05 15:56:08 - [MESSAGE][WARNING] - Timeout '0' is invalid. Using default page load timeout: '10'

2020-08-05 15:56:08 - [MESSAGE][PASSED] - Element 'Object Repository/Maya/Banking Cards/android.widget.TextView0 - Statement Balance (1)' is exist

2020-08-05 15:56:08 - [TEST_STEP][PASSED] - getText(findTestObject("Maya/Banking Cards/android.widget.TextView0 - Statement Date (1)"), 0): Text of element 'Object Repository/Maya/Banking Cards/android.widget.TextView0 - Statement Date (1)' is: 'Statement Date'

2020-08-05 15:56:08 - [MESSAGE][WARNING] - Timeout '0' is invalid. Using default page load timeout: '10'

2020-08-05 15:56:09 - [MESSAGE][PASSED] - Text of element 'Object Repository/Maya/Banking Cards/android.widget.TextView0 - Statement Date (1)' is: 'Statement Date'

2020-08-05 15:56:09 - [TEST_STEP][PASSED] - verifyElementExist(findTestObject("Maya/Banking Cards/android.widget.TextView0 - Statement Date (1)"), 0): Element 'Object Repository/Maya/Banking Cards/android.widget.TextView0 - Statement Date (1)' is exist

2020-08-05 15:56:09 - [MESSAGE][WARNING] - Timeout '0' is invalid. Using default page load timeout: '10'

2020-08-05 15:56:09 - [MESSAGE][PASSED] - Element 'Object Repository/Maya/Banking Cards/android.widget.TextView0 - Statement Date (1)' is exist

2020-08-05 15:56:09 - [TEST_STEP][PASSED] - getText(findTestObject("Maya/Banking Cards/android.widget.TextView0 - Payment Due Date (1)"), 0): Text of element 'Object Repository/Maya/Banking Cards/android.widget.TextView0 - Payment Due Date (1)' is: 'Payment Due Date'

2020-08-05 15:56:09 - [MESSAGE][WARNING] - Timeout '0' is invalid. Using default page load timeout: '10'

2020-08-05 15:56:10 - [MESSAGE][PASSED] - Text of element 'Object Repository/Maya/Banking Cards/android.widget.TextView0 - Payment Due Date (1)' is: 'Payment Due Date'

2020-08-05 15:56:10 - [TEST_STEP][PASSED] - verifyElementExist(findTestObject("Maya/Banking Cards/android.widget.TextView0 - Payment Due Date (1)"), 0): Element 'Object Repository/Maya/Banking Cards/android.widget.TextView0 - Payment Due Date (1)' is exist

2020-08-05 15:56:10 - [MESSAGE][WARNING] - Timeout '0' is invalid. Using default page load timeout: '10'

2020-08-05 15:56:10 - [MESSAGE][PASSED] - Element 'Object Repository/Maya/Banking Cards/android.widget.TextView0 - Payment Due Date (1)' is exist

2020-08-05 15:56:10 - [TEST_STEP][PASSED] - swipe(540, 1540, 540, 400): Swiped from 540,1,540 to 540,400

2020-08-05 15:56:12 - [MESSAGE][PASSED] - Swiped from 540,1,540 to 540,400

2020-08-05 15:56:12 - [TEST_STEP][PASSED] - getText(findTestObject("Maya/Banking Cards/android.widget.TextView0 - Minimum Payment Amount (1)"), 0): Text of element 'Object Repository/Maya/Banking Cards/android.widget.TextView0 - Minimum Payment Amount (1)' is: 'Minimum Payment Amount'

2020-08-05 15:56:12 - [MESSAGE][WARNING] - Timeout '0' is invalid. Using default page load timeout: '10'

2020-08-05 15:56:12 - [MESSAGE][PASSED] - Text of element 'Object Repository/Maya/Banking Cards/android.widget.TextView0 - Minimum Payment Amount (1)' is: 'Minimum Payment Amount'

2020-08-05 15:56:12 - [TEST_STEP][PASSED] - delay(2, STOP_ON_FAILURE): Delayed 2 second(s)

2020-08-05 15:56:14 - [MESSAGE][PASSED] - Delayed 2 second(s)

2020-08-05 15:56:14 - [TEST_STEP][PASSED] - takeScreenshot("C:\Users\LENOVO\Screenshot\DuitNowProxy\Screen13.png", CONTINUE_ON_FAILURE): Screenshot is taken

2020-08-05 15:56:15 - [MESSAGE][PASSED] - Screenshot is taken
[[ATTACHMENT|C:\\Users\\LENOVO\\Screenshot\\DuitNowProxy\\Screen13.png]]

2020-08-05 15:56:15 - [TEST_STEP][PASSED] - verifyElementExist(findTestObject("Maya/Banking Cards/android.widget.TextView0 - Minimum Payment Amount (1)"), 0): Element 'Object Repository/Maya/Banking Cards/android.widget.TextView0 - Minimum Payment Amount (1)' is exist

2020-08-05 15:56:15 - [MESSAGE][WARNING] - Timeout '0' is invalid. Using default page load timeout: '10'

2020-08-05 15:56:16 - [MESSAGE][PASSED] - Element 'Object Repository/Maya/Banking Cards/android.widget.TextView0 - Minimum Payment Amount (1)' is exist

2020-08-05 15:56:16 - [TEST_STEP][PASSED] - getText(findTestObject("Maya/Banking Cards/android.widget.TextView0 - Last Payment Amount (1)"), 0): Text of element 'Object Repository/Maya/Banking Cards/android.widget.TextView0 - Last Payment Amount (1)' is: 'Last Payment Amount'

2020-08-05 15:56:16 - [MESSAGE][WARNING] - Timeout '0' is invalid. Using default page load timeout: '10'

2020-08-05 15:56:17 - [MESSAGE][PASSED] - Text of element 'Object Repository/Maya/Banking Cards/android.widget.TextView0 - Last Payment Amount (1)' is: 'Last Payment Amount'

2020-08-05 15:56:17 - [TEST_STEP][PASSED] - verifyElementExist(findTestObject("Maya/Banking Cards/android.widget.TextView0 - Last Payment Amount (1)"), 0): Element 'Object Repository/Maya/Banking Cards/android.widget.TextView0 - Last Payment Amount (1)' is exist

2020-08-05 15:56:17 - [MESSAGE][WARNING] - Timeout '0' is invalid. Using default page load timeout: '10'

2020-08-05 15:56:17 - [MESSAGE][PASSED] - Element 'Object Repository/Maya/Banking Cards/android.widget.TextView0 - Last Payment Amount (1)' is exist

2020-08-05 15:56:17 - [TEST_STEP][PASSED] - getText(findTestObject("Maya/Banking Cards/android.widget.TextView0 - Last Payment Date (1)"), 0): Text of element 'Object Repository/Maya/Banking Cards/android.widget.TextView0 - Last Payment Date (1)' is: 'Last Payment Date'

2020-08-05 15:56:17 - [MESSAGE][WARNING] - Timeout '0' is invalid. Using default page load timeout: '10'

2020-08-05 15:56:17 - [MESSAGE][PASSED] - Text of element 'Object Repository/Maya/Banking Cards/android.widget.TextView0 - Last Payment Date (1)' is: 'Last Payment Date'

2020-08-05 15:56:17 - [TEST_STEP][PASSED] - verifyElementExist(findTestObject("Maya/Banking Cards/android.widget.TextView0 - Last Payment Date (1)"), 0): Element 'Object Repository/Maya/Banking Cards/android.widget.TextView0 - Last Payment Date (1)' is exist

2020-08-05 15:56:17 - [MESSAGE][WARNING] - Timeout '0' is invalid. Using default page load timeout: '10'

2020-08-05 15:56:18 - [MESSAGE][PASSED] - Element 'Object Repository/Maya/Banking Cards/android.widget.TextView0 - Last Payment Date (1)' is exist

2020-08-05 15:56:18 - [TEST_STEP][PASSED] - tap(findTestObject("Maya/Banking Cards/android.widget.TextView0 - Pay Cards (1)"), 0): Tapped on element 'Object Repository/Maya/Banking Cards/android.widget.TextView0 - Pay Cards (1)'

2020-08-05 15:56:18 - [MESSAGE][WARNING] - Timeout '0' is invalid. Using default page load timeout: '10'

2020-08-05 15:56:21 - [MESSAGE][PASSED] - Tapped on element 'Object Repository/Maya/Banking Cards/android.widget.TextView0 - Pay Cards (1)'

2020-08-05 15:56:21 - [TEST_STEP][PASSED] - getText(findTestObject("Maya/Banking Cards/android.widget.TextView0 - How much would you like to pay (1)"), 0): Text of element 'Object Repository/Maya/Banking Cards/android.widget.TextView0 - How much would you like to pay (1)' is: 'How much would you like to pay?'

2020-08-05 15:56:21 - [MESSAGE][WARNING] - Timeout '0' is invalid. Using default page load timeout: '10'

2020-08-05 15:56:22 - [MESSAGE][PASSED] - Text of element 'Object Repository/Maya/Banking Cards/android.widget.TextView0 - How much would you like to pay (1)' is: 'How much would you like to pay?'

2020-08-05 15:56:22 - [TEST_STEP][PASSED] - verifyElementExist(findTestObject("Maya/Banking Cards/android.widget.TextView0 - How much would you like to pay (1)"), 0): Element 'Object Repository/Maya/Banking Cards/android.widget.TextView0 - How much would you like to pay (1)' is exist

2020-08-05 15:56:22 - [MESSAGE][WARNING] - Timeout '0' is invalid. Using default page load timeout: '10'

2020-08-05 15:56:22 - [MESSAGE][PASSED] - Element 'Object Repository/Maya/Banking Cards/android.widget.TextView0 - How much would you like to pay (1)' is exist

2020-08-05 15:56:22 - [TEST_STEP][PASSED] - getText(findTestObject("Maya/Banking Cards/android.widget.TextView0 - Outstandingamount (1)"), 0): Text of element 'Object Repository/Maya/Banking Cards/android.widget.TextView0 - Outstandingamount (1)' is: 'Outstanding
amount'

2020-08-05 15:56:23 - [MESSAGE][WARNING] - Timeout '0' is invalid. Using default page load timeout: '10'

2020-08-05 15:56:23 - [MESSAGE][PASSED] - Text of element 'Object Repository/Maya/Banking Cards/android.widget.TextView0 - Outstandingamount (1)' is: 'Outstanding
amount'

2020-08-05 15:56:23 - [TEST_STEP][PASSED] - delay(2, STOP_ON_FAILURE): Delayed 2 second(s)

2020-08-05 15:56:25 - [MESSAGE][PASSED] - Delayed 2 second(s)

2020-08-05 15:56:25 - [TEST_STEP][PASSED] - takeScreenshot("C:\Users\LENOVO\Screenshot\DuitNowProxy\Screen14.png", CONTINUE_ON_FAILURE): Screenshot is taken

2020-08-05 15:56:26 - [MESSAGE][PASSED] - Screenshot is taken
[[ATTACHMENT|C:\\Users\\LENOVO\\Screenshot\\DuitNowProxy\\Screen14.png]]

2020-08-05 15:56:26 - [TEST_STEP][PASSED] - verifyElementExist(findTestObject("Maya/Banking Cards/android.widget.TextView0 - Outstandingamount (1)"), 0): Element 'Object Repository/Maya/Banking Cards/android.widget.TextView0 - Outstandingamount (1)' is exist

2020-08-05 15:56:26 - [MESSAGE][WARNING] - Timeout '0' is invalid. Using default page load timeout: '10'

2020-08-05 15:56:26 - [MESSAGE][PASSED] - Element 'Object Repository/Maya/Banking Cards/android.widget.TextView0 - Outstandingamount (1)' is exist

2020-08-05 15:56:26 - [TEST_STEP][PASSED] - getText(findTestObject("Maya/Banking Cards/android.widget.TextView0 - Minimumamount (1)"), 0): Text of element 'Object Repository/Maya/Banking Cards/android.widget.TextView0 - Minimumamount (1)' is: 'Minimum
amount'

2020-08-05 15:56:26 - [MESSAGE][WARNING] - Timeout '0' is invalid. Using default page load timeout: '10'

2020-08-05 15:56:27 - [MESSAGE][PASSED] - Text of element 'Object Repository/Maya/Banking Cards/android.widget.TextView0 - Minimumamount (1)' is: 'Minimum
amount'

2020-08-05 15:56:27 - [TEST_STEP][PASSED] - verifyElementExist(findTestObject("Maya/Banking Cards/android.widget.TextView0 - Minimumamount (1)"), 0): Element 'Object Repository/Maya/Banking Cards/android.widget.TextView0 - Minimumamount (1)' is exist

2020-08-05 15:56:27 - [MESSAGE][WARNING] - Timeout '0' is invalid. Using default page load timeout: '10'

2020-08-05 15:56:27 - [MESSAGE][PASSED] - Element 'Object Repository/Maya/Banking Cards/android.widget.TextView0 - Minimumamount (1)' is exist

2020-08-05 15:56:27 - [TEST_STEP][PASSED] - getText(findTestObject("Maya/Banking Cards/android.widget.TextView0 - Statementamount (1)"), 0): Text of element 'Object Repository/Maya/Banking Cards/android.widget.TextView0 - Statementamount (1)' is: 'Statement
amount'

2020-08-05 15:56:27 - [MESSAGE][WARNING] - Timeout '0' is invalid. Using default page load timeout: '10'

2020-08-05 15:56:27 - [MESSAGE][PASSED] - Text of element 'Object Repository/Maya/Banking Cards/android.widget.TextView0 - Statementamount (1)' is: 'Statement
amount'

2020-08-05 15:56:27 - [TEST_STEP][PASSED] - verifyElementExist(findTestObject("Maya/Banking Cards/android.widget.TextView0 - Statementamount (1)"), 0): Element 'Object Repository/Maya/Banking Cards/android.widget.TextView0 - Statementamount (1)' is exist

2020-08-05 15:56:27 - [MESSAGE][WARNING] - Timeout '0' is invalid. Using default page load timeout: '10'

2020-08-05 15:56:27 - [MESSAGE][PASSED] - Element 'Object Repository/Maya/Banking Cards/android.widget.TextView0 - Statementamount (1)' is exist

2020-08-05 15:56:27 - [TEST_STEP][PASSED] - getText(findTestObject("Maya/Banking Cards/android.widget.TextView0 - Anyamount (1)"), 0): Text of element 'Object Repository/Maya/Banking Cards/android.widget.TextView0 - Anyamount (1)' is: 'Any
amount'

2020-08-05 15:56:27 - [MESSAGE][WARNING] - Timeout '0' is invalid. Using default page load timeout: '10'

2020-08-05 15:56:28 - [MESSAGE][PASSED] - Text of element 'Object Repository/Maya/Banking Cards/android.widget.TextView0 - Anyamount (1)' is: 'Any
amount'

2020-08-05 15:56:28 - [TEST_STEP][PASSED] - verifyElementExist(findTestObject("Maya/Banking Cards/android.widget.TextView0 - Anyamount (1)"), 0): Element 'Object Repository/Maya/Banking Cards/android.widget.TextView0 - Anyamount (1)' is exist

2020-08-05 15:56:28 - [MESSAGE][WARNING] - Timeout '0' is invalid. Using default page load timeout: '10'

2020-08-05 15:56:29 - [MESSAGE][PASSED] - Element 'Object Repository/Maya/Banking Cards/android.widget.TextView0 - Anyamount (1)' is exist

2020-08-05 15:56:29 - [TEST_STEP][PASSED] - getText(findTestObject("Maya/Banking Cards/android.widget.TextView0 - RM 1765.05 (2)"), 0): Text of element 'Object Repository/Maya/Banking Cards/android.widget.TextView0 - RM 1765.05 (2)' is: 'RM 1,603.41'

2020-08-05 15:56:29 - [MESSAGE][WARNING] - Timeout '0' is invalid. Using default page load timeout: '10'

2020-08-05 15:56:30 - [MESSAGE][PASSED] - Text of element 'Object Repository/Maya/Banking Cards/android.widget.TextView0 - RM 1765.05 (2)' is: 'RM 1,603.41'

2020-08-05 15:56:30 - [TEST_STEP][PASSED] - verifyElementExist(findTestObject("Maya/Banking Cards/android.widget.TextView0 - RM 1765.05 (2)"), 0): Element 'Object Repository/Maya/Banking Cards/android.widget.TextView0 - RM 1765.05 (2)' is exist

2020-08-05 15:56:30 - [MESSAGE][WARNING] - Timeout '0' is invalid. Using default page load timeout: '10'

2020-08-05 15:56:31 - [MESSAGE][PASSED] - Element 'Object Repository/Maya/Banking Cards/android.widget.TextView0 - RM 1765.05 (2)' is exist

2020-08-05 15:56:31 - [TEST_STEP][PASSED] - tap(findTestObject("Maya/Banking Cards/android.widget.TextView0 - RM 0.00 (2)"), 0): Tapped on element 'Object Repository/Maya/Banking Cards/android.widget.TextView0 - RM 0.00 (2)'

2020-08-05 15:56:31 - [MESSAGE][WARNING] - Timeout '0' is invalid. Using default page load timeout: '10'

2020-08-05 15:56:31 - [MESSAGE][PASSED] - Tapped on element 'Object Repository/Maya/Banking Cards/android.widget.TextView0 - RM 0.00 (2)'

2020-08-05 15:56:31 - [TEST_STEP][PASSED] - tap(findTestObject("Maya/Banking Cards/android.widget.ImageView0 (10)"), 0): Tapped on element 'Object Repository/Maya/Banking Cards/android.widget.ImageView0 (10)'

2020-08-05 15:56:31 - [MESSAGE][WARNING] - Timeout '0' is invalid. Using default page load timeout: '10'

2020-08-05 15:56:33 - [MESSAGE][PASSED] - Tapped on element 'Object Repository/Maya/Banking Cards/android.widget.ImageView0 (10)'

2020-08-05 15:56:33 - [TEST_STEP][PASSED] - getText(findTestObject("Maya/Banking Cards/android.widget.TextView0 - Please input valid amount. (1)"), 0): Text of element 'Object Repository/Maya/Banking Cards/android.widget.TextView0 - Please input valid amount. (1)' is: 'Please input valid amount.'

2020-08-05 15:56:33 - [MESSAGE][WARNING] - Timeout '0' is invalid. Using default page load timeout: '10'

2020-08-05 15:56:34 - [MESSAGE][PASSED] - Text of element 'Object Repository/Maya/Banking Cards/android.widget.TextView0 - Please input valid amount. (1)' is: 'Please input valid amount.'

2020-08-05 15:56:34 - [TEST_STEP][PASSED] - takeScreenshot("C:\Users\LENOVO\Screenshot\DuitNowProxy\Screen15.png", CONTINUE_ON_FAILURE): Screenshot is taken

2020-08-05 15:56:35 - [MESSAGE][PASSED] - Screenshot is taken
[[ATTACHMENT|C:\\Users\\LENOVO\\Screenshot\\DuitNowProxy\\Screen15.png]]

2020-08-05 15:56:35 - [TEST_STEP][PASSED] - verifyElementExist(findTestObject("Maya/Banking Cards/android.widget.TextView0 - Please input valid amount. (1)"), 0): Element 'Object Repository/Maya/Banking Cards/android.widget.TextView0 - Please input valid amount. (1)' is exist

2020-08-05 15:56:35 - [MESSAGE][WARNING] - Timeout '0' is invalid. Using default page load timeout: '10'

2020-08-05 15:56:35 - [MESSAGE][PASSED] - Element 'Object Repository/Maya/Banking Cards/android.widget.TextView0 - Please input valid amount. (1)' is exist

2020-08-05 15:56:35 - [TEST_STEP][PASSED] - getText(findTestObject("Maya/Banking Cards/android.widget.TextView0 - Enter amount (1)"), 0): Text of element 'Object Repository/Maya/Banking Cards/android.widget.TextView0 - Enter amount (1)' is: 'Enter amount'

2020-08-05 15:56:35 - [MESSAGE][WARNING] - Timeout '0' is invalid. Using default page load timeout: '10'

2020-08-05 15:56:35 - [MESSAGE][PASSED] - Text of element 'Object Repository/Maya/Banking Cards/android.widget.TextView0 - Enter amount (1)' is: 'Enter amount'

2020-08-05 15:56:35 - [TEST_STEP][PASSED] - verifyElementExist(findTestObject("Maya/Banking Cards/android.widget.TextView0 - Enter amount (1)"), 0): Element 'Object Repository/Maya/Banking Cards/android.widget.TextView0 - Enter amount (1)' is exist

2020-08-05 15:56:35 - [MESSAGE][WARNING] - Timeout '0' is invalid. Using default page load timeout: '10'

2020-08-05 15:56:36 - [MESSAGE][PASSED] - Element 'Object Repository/Maya/Banking Cards/android.widget.TextView0 - Enter amount (1)' is exist

2020-08-05 15:56:36 - [TEST_STEP][PASSED] - getText(findTestObject("Maya/Banking Cards/android.widget.TextView0 - Maybank Visa Card (5)"), 0): Text of element 'Object Repository/Maya/Banking Cards/android.widget.TextView0 - Maybank Visa Card (5)' is: 'Maybank Visa Card'

2020-08-05 15:56:36 - [MESSAGE][WARNING] - Timeout '0' is invalid. Using default page load timeout: '10'

2020-08-05 15:56:36 - [MESSAGE][PASSED] - Text of element 'Object Repository/Maya/Banking Cards/android.widget.TextView0 - Maybank Visa Card (5)' is: 'Maybank Visa Card'

2020-08-05 15:56:36 - [TEST_STEP][PASSED] - verifyElementExist(findTestObject("Maya/Banking Cards/android.widget.TextView0 - Maybank Visa Card (5)"), 0): Element 'Object Repository/Maya/Banking Cards/android.widget.TextView0 - Maybank Visa Card (5)' is exist

2020-08-05 15:56:36 - [MESSAGE][WARNING] - Timeout '0' is invalid. Using default page load timeout: '10'

2020-08-05 15:56:36 - [MESSAGE][PASSED] - Element 'Object Repository/Maya/Banking Cards/android.widget.TextView0 - Maybank Visa Card (5)' is exist

2020-08-05 15:56:36 - [TEST_STEP][PASSED] - getText(findTestObject("Maya/Banking Cards/android.widget.TextView0 -    2938 (3)"), 0): Text of element 'Object Repository/Maya/Banking Cards/android.widget.TextView0 -    2938 (3)' is: '**** **** **** 2938'

2020-08-05 15:56:36 - [MESSAGE][WARNING] - Timeout '0' is invalid. Using default page load timeout: '10'

2020-08-05 15:56:37 - [MESSAGE][PASSED] - Text of element 'Object Repository/Maya/Banking Cards/android.widget.TextView0 -    2938 (3)' is: '**** **** **** 2938'

2020-08-05 15:56:37 - [TEST_STEP][PASSED] - verifyElementExist(findTestObject("Maya/Banking Cards/android.widget.TextView0 -    2938 (3)"), 0): Element 'Object Repository/Maya/Banking Cards/android.widget.TextView0 -    2938 (3)' is exist

2020-08-05 15:56:37 - [MESSAGE][WARNING] - Timeout '0' is invalid. Using default page load timeout: '10'

2020-08-05 15:56:38 - [MESSAGE][PASSED] - Element 'Object Repository/Maya/Banking Cards/android.widget.TextView0 -    2938 (3)' is exist

2020-08-05 15:56:38 - [TEST_STEP][PASSED] - tap(findTestObject("Maya/Banking Cards/android.widget.TextView0 - 2 (2)"), 0): Tapped on element 'Object Repository/Maya/Banking Cards/android.widget.TextView0 - 2 (2)'

2020-08-05 15:56:38 - [MESSAGE][WARNING] - Timeout '0' is invalid. Using default page load timeout: '10'

2020-08-05 15:56:39 - [MESSAGE][PASSED] - Tapped on element 'Object Repository/Maya/Banking Cards/android.widget.TextView0 - 2 (2)'

2020-08-05 15:56:39 - [TEST_STEP][PASSED] - tap(findTestObject("Maya/Banking Cards/android.widget.TextView0 - 0 (2)"), 0): Tapped on element 'Object Repository/Maya/Banking Cards/android.widget.TextView0 - 0 (2)'

2020-08-05 15:56:39 - [MESSAGE][WARNING] - Timeout '0' is invalid. Using default page load timeout: '10'

2020-08-05 15:56:40 - [MESSAGE][PASSED] - Tapped on element 'Object Repository/Maya/Banking Cards/android.widget.TextView0 - 0 (2)'

2020-08-05 15:56:40 - [TEST_STEP][PASSED] - tap(findTestObject("Maya/Banking Cards/android.widget.TextView0 - 0 (2)"), 0): Tapped on element 'Object Repository/Maya/Banking Cards/android.widget.TextView0 - 0 (2)'

2020-08-05 15:56:40 - [MESSAGE][WARNING] - Timeout '0' is invalid. Using default page load timeout: '10'

2020-08-05 15:56:42 - [MESSAGE][PASSED] - Tapped on element 'Object Repository/Maya/Banking Cards/android.widget.TextView0 - 0 (2)'

2020-08-05 15:56:42 - [TEST_STEP][PASSED] - tap(findTestObject("Maya/Banking Cards/android.widget.TextView0 - 0 (2)"), 0): Tapped on element 'Object Repository/Maya/Banking Cards/android.widget.TextView0 - 0 (2)'

2020-08-05 15:56:42 - [MESSAGE][WARNING] - Timeout '0' is invalid. Using default page load timeout: '10'

2020-08-05 15:56:44 - [MESSAGE][PASSED] - Tapped on element 'Object Repository/Maya/Banking Cards/android.widget.TextView0 - 0 (2)'

2020-08-05 15:56:44 - [TEST_STEP][PASSED] - delay(2, STOP_ON_FAILURE): Delayed 2 second(s)

2020-08-05 15:56:46 - [MESSAGE][PASSED] - Delayed 2 second(s)

2020-08-05 15:56:46 - [TEST_STEP][PASSED] - takeScreenshot("C:\Users\LENOVO\Screenshot\DuitNowProxy\Screen16.png", CONTINUE_ON_FAILURE): Screenshot is taken

2020-08-05 15:56:47 - [MESSAGE][PASSED] - Screenshot is taken
[[ATTACHMENT|C:\\Users\\LENOVO\\Screenshot\\DuitNowProxy\\Screen16.png]]

2020-08-05 15:56:47 - [TEST_STEP][PASSED] - tap(findTestObject("Maya/Banking Cards/android.widget.ImageView0 (10)"), 0): Tapped on element 'Object Repository/Maya/Banking Cards/android.widget.ImageView0 (10)'

2020-08-05 15:56:47 - [MESSAGE][WARNING] - Timeout '0' is invalid. Using default page load timeout: '10'

2020-08-05 15:56:48 - [MESSAGE][PASSED] - Tapped on element 'Object Repository/Maya/Banking Cards/android.widget.ImageView0 (10)'

2020-08-05 15:56:48 - [TEST_STEP][PASSED] - getText(findTestObject("Maya/Banking Cards/android.widget.TextView0 - Confirmation (2)"), 0): Text of element 'Object Repository/Maya/Banking Cards/android.widget.TextView0 - Confirmation (2)' is: 'Confirmation'

2020-08-05 15:56:48 - [MESSAGE][WARNING] - Timeout '0' is invalid. Using default page load timeout: '10'

2020-08-05 15:56:50 - [MESSAGE][PASSED] - Text of element 'Object Repository/Maya/Banking Cards/android.widget.TextView0 - Confirmation (2)' is: 'Confirmation'

2020-08-05 15:56:50 - [TEST_STEP][PASSED] - verifyElementExist(findTestObject("Maya/Banking Cards/android.widget.TextView0 - Confirmation (2)"), 0): Element 'Object Repository/Maya/Banking Cards/android.widget.TextView0 - Confirmation (2)' is exist

2020-08-05 15:56:50 - [MESSAGE][WARNING] - Timeout '0' is invalid. Using default page load timeout: '10'

2020-08-05 15:56:50 - [MESSAGE][PASSED] - Element 'Object Repository/Maya/Banking Cards/android.widget.TextView0 - Confirmation (2)' is exist

2020-08-05 15:56:50 - [TEST_STEP][PASSED] - getText(findTestObject("Maya/Banking Cards/android.widget.TextView0 - Maybank Visa Card (6)"), 0): Text of element 'Object Repository/Maya/Banking Cards/android.widget.TextView0 - Maybank Visa Card (6)' is: 'Maybank Visa Card'

2020-08-05 15:56:50 - [MESSAGE][WARNING] - Timeout '0' is invalid. Using default page load timeout: '10'

2020-08-05 15:56:50 - [MESSAGE][PASSED] - Text of element 'Object Repository/Maya/Banking Cards/android.widget.TextView0 - Maybank Visa Card (6)' is: 'Maybank Visa Card'

2020-08-05 15:56:50 - [TEST_STEP][PASSED] - verifyElementExist(findTestObject("Maya/Banking Cards/android.widget.TextView0 - Maybank Visa Card (6)"), 0): Element 'Object Repository/Maya/Banking Cards/android.widget.TextView0 - Maybank Visa Card (6)' is exist

2020-08-05 15:56:50 - [MESSAGE][WARNING] - Timeout '0' is invalid. Using default page load timeout: '10'

2020-08-05 15:56:51 - [MESSAGE][PASSED] - Element 'Object Repository/Maya/Banking Cards/android.widget.TextView0 - Maybank Visa Card (6)' is exist

2020-08-05 15:56:51 - [TEST_STEP][PASSED] - getText(findTestObject("Maya/Banking Cards/android.widget.TextView0 -    2938 (4)"), 0): Text of element 'Object Repository/Maya/Banking Cards/android.widget.TextView0 -    2938 (4)' is: '**** **** **** 2938'

2020-08-05 15:56:51 - [MESSAGE][WARNING] - Timeout '0' is invalid. Using default page load timeout: '10'

2020-08-05 15:56:52 - [MESSAGE][PASSED] - Text of element 'Object Repository/Maya/Banking Cards/android.widget.TextView0 -    2938 (4)' is: '**** **** **** 2938'

2020-08-05 15:56:52 - [TEST_STEP][PASSED] - verifyElementExist(findTestObject("Maya/Banking Cards/android.widget.TextView0 -    2938 (4)"), 0): Element 'Object Repository/Maya/Banking Cards/android.widget.TextView0 -    2938 (4)' is exist

2020-08-05 15:56:52 - [MESSAGE][WARNING] - Timeout '0' is invalid. Using default page load timeout: '10'

2020-08-05 15:56:52 - [MESSAGE][PASSED] - Element 'Object Repository/Maya/Banking Cards/android.widget.TextView0 -    2938 (4)' is exist

2020-08-05 15:56:52 - [TEST_STEP][PASSED] - getText(findTestObject("Maya/Banking Cards/android.widget.TextView0 - Date (2)"), 0): Text of element 'Object Repository/Maya/Banking Cards/android.widget.TextView0 - Date (2)' is: 'Date'

2020-08-05 15:56:52 - [MESSAGE][WARNING] - Timeout '0' is invalid. Using default page load timeout: '10'

2020-08-05 15:56:52 - [MESSAGE][PASSED] - Text of element 'Object Repository/Maya/Banking Cards/android.widget.TextView0 - Date (2)' is: 'Date'

2020-08-05 15:56:52 - [TEST_STEP][PASSED] - verifyElementExist(findTestObject("Maya/Banking Cards/android.widget.TextView0 - Date (2)"), 0): Element 'Object Repository/Maya/Banking Cards/android.widget.TextView0 - Date (2)' is exist

2020-08-05 15:56:53 - [MESSAGE][WARNING] - Timeout '0' is invalid. Using default page load timeout: '10'

2020-08-05 15:56:53 - [MESSAGE][PASSED] - Element 'Object Repository/Maya/Banking Cards/android.widget.TextView0 - Date (2)' is exist

2020-08-05 15:56:53 - [TEST_STEP][PASSED] - tap(findTestObject("Maya/Banking Cards/android.widget.TextView0 - Today (1)"), 0): Tapped on element 'Object Repository/Maya/Banking Cards/android.widget.TextView0 - Today (1)'

2020-08-05 15:56:53 - [MESSAGE][WARNING] - Timeout '0' is invalid. Using default page load timeout: '10'

2020-08-05 15:56:56 - [MESSAGE][PASSED] - Tapped on element 'Object Repository/Maya/Banking Cards/android.widget.TextView0 - Today (1)'

2020-08-05 15:56:56 - [TEST_STEP][PASSED] - tap(findTestObject("Maya/Banking Cards/android.widget.TextView0 - Done (2)"), 0): Tapped on element 'Object Repository/Maya/Banking Cards/android.widget.TextView0 - Done (2)'

2020-08-05 15:56:56 - [MESSAGE][WARNING] - Timeout '0' is invalid. Using default page load timeout: '10'

2020-08-05 15:56:59 - [MESSAGE][PASSED] - Tapped on element 'Object Repository/Maya/Banking Cards/android.widget.TextView0 - Done (2)'

2020-08-05 15:56:59 - [TEST_STEP][PASSED] - delay(2, STOP_ON_FAILURE): Delayed 2 second(s)

2020-08-05 15:57:01 - [MESSAGE][PASSED] - Delayed 2 second(s)

2020-08-05 15:57:01 - [TEST_STEP][PASSED] - takeScreenshot("C:\Users\LENOVO\Screenshot\DuitNowProxy\Screen19.png", CONTINUE_ON_FAILURE): Screenshot is taken

2020-08-05 15:57:02 - [MESSAGE][PASSED] - Screenshot is taken
[[ATTACHMENT|C:\\Users\\LENOVO\\Screenshot\\DuitNowProxy\\Screen19.png]]

2020-08-05 15:57:02 - [TEST_STEP][PASSED] - getText(findTestObject("Maya/Banking Cards/android.widget.TextView0 - Pay from (3)"), 0): Text of element 'Object Repository/Maya/Banking Cards/android.widget.TextView0 - Pay from (3)' is: 'Pay from'

2020-08-05 15:57:02 - [MESSAGE][WARNING] - Timeout '0' is invalid. Using default page load timeout: '10'

2020-08-05 15:57:03 - [MESSAGE][PASSED] - Text of element 'Object Repository/Maya/Banking Cards/android.widget.TextView0 - Pay from (3)' is: 'Pay from'

2020-08-05 15:57:03 - [TEST_STEP][PASSED] - verifyElementExist(findTestObject("Maya/Banking Cards/android.widget.TextView0 - Pay from (3)"), 0): Element 'Object Repository/Maya/Banking Cards/android.widget.TextView0 - Pay from (3)' is exist

2020-08-05 15:57:03 - [MESSAGE][WARNING] - Timeout '0' is invalid. Using default page load timeout: '10'

2020-08-05 15:57:03 - [MESSAGE][PASSED] - Element 'Object Repository/Maya/Banking Cards/android.widget.TextView0 - Pay from (3)' is exist

2020-08-05 15:57:03 - [TEST_STEP][PASSED] - getText(findTestObject("Maya/Banking Cards/android.widget.TextView0 - Note (1)"), 0): Text of element 'Object Repository/Maya/Banking Cards/android.widget.TextView0 - Note (1)' is: 'Note:'

2020-08-05 15:57:03 - [MESSAGE][WARNING] - Timeout '0' is invalid. Using default page load timeout: '10'

2020-08-05 15:57:04 - [MESSAGE][PASSED] - Text of element 'Object Repository/Maya/Banking Cards/android.widget.TextView0 - Note (1)' is: 'Note:'

2020-08-05 15:57:04 - [TEST_STEP][PASSED] - verifyElementExist(findTestObject("Maya/Banking Cards/android.widget.TextView0 - Note (1)"), 0): Element 'Object Repository/Maya/Banking Cards/android.widget.TextView0 - Note (1)' is exist

2020-08-05 15:57:04 - [MESSAGE][WARNING] - Timeout '0' is invalid. Using default page load timeout: '10'

2020-08-05 15:57:04 - [MESSAGE][PASSED] - Element 'Object Repository/Maya/Banking Cards/android.widget.TextView0 - Note (1)' is exist

2020-08-05 15:57:04 - [TEST_STEP][PASSED] - swipe(415, 1598, 50, 1300): Swiped from 415,1,598 to 50,1,300

2020-08-05 15:57:05 - [MESSAGE][PASSED] - Swiped from 415,1,598 to 50,1,300

2020-08-05 15:57:05 - [TEST_STEP][PASSED] - delay(5, CONTINUE_ON_FAILURE): Delayed 5 second(s)

2020-08-05 15:57:10 - [MESSAGE][PASSED] - Delayed 5 second(s)

2020-08-05 15:57:10 - [TEST_STEP][PASSED] - tapAtPosition(400, 1572): Tapped at [400, 1,572]

2020-08-05 15:57:11 - [MESSAGE][PASSED] - Tapped at [400, 1,572]

2020-08-05 15:57:11 - [TEST_STEP][PASSED] - tap(findTestObject("Maya/Banking Cards/android.widget.TextView0 - Pay Now (2)"), 0): Tapped on element 'Object Repository/Maya/Banking Cards/android.widget.TextView0 - Pay Now (2)'

2020-08-05 15:57:11 - [MESSAGE][WARNING] - Timeout '0' is invalid. Using default page load timeout: '10'

2020-08-05 15:57:12 - [MESSAGE][PASSED] - Tapped on element 'Object Repository/Maya/Banking Cards/android.widget.TextView0 - Pay Now (2)'

2020-08-05 15:57:12 - [TEST_STEP][PASSED] - delay(10, STOP_ON_FAILURE): Delayed 10 second(s)

2020-08-05 15:57:22 - [MESSAGE][PASSED] - Delayed 10 second(s)

2020-08-05 15:57:22 - [TEST_STEP][PASSED] - getText(findTestObject("Maya/Banking Cards/android.widget.TextView0 - Payment successful (2)"), 0): Text of element 'Object Repository/Maya/Banking Cards/android.widget.TextView0 - Payment successful (2)' is: 'Payment successful'

2020-08-05 15:57:22 - [MESSAGE][WARNING] - Timeout '0' is invalid. Using default page load timeout: '10'

2020-08-05 15:57:22 - [MESSAGE][PASSED] - Text of element 'Object Repository/Maya/Banking Cards/android.widget.TextView0 - Payment successful (2)' is: 'Payment successful'

2020-08-05 15:57:22 - [TEST_STEP][PASSED] - verifyElementExist(findTestObject("Maya/Banking Cards/android.widget.TextView0 - Payment successful (2)"), 0): Element 'Object Repository/Maya/Banking Cards/android.widget.TextView0 - Payment successful (2)' is exist

2020-08-05 15:57:22 - [MESSAGE][WARNING] - Timeout '0' is invalid. Using default page load timeout: '10'

2020-08-05 15:57:22 - [MESSAGE][PASSED] - Element 'Object Repository/Maya/Banking Cards/android.widget.TextView0 - Payment successful (2)' is exist

2020-08-05 15:57:22 - [TEST_STEP][PASSED] - delay(2, STOP_ON_FAILURE): Delayed 2 second(s)

2020-08-05 15:57:24 - [MESSAGE][PASSED] - Delayed 2 second(s)

2020-08-05 15:57:24 - [TEST_STEP][PASSED] - takeScreenshot("C:\Users\LENOVO\Screenshot\DuitNowProxy\Screen21.png", CONTINUE_ON_FAILURE): Screenshot is taken

2020-08-05 15:57:25 - [MESSAGE][PASSED] - Screenshot is taken
[[ATTACHMENT|C:\\Users\\LENOVO\\Screenshot\\DuitNowProxy\\Screen21.png]]

2020-08-05 15:57:25 - [TEST_STEP][FAILED] - getText(findTestObject("Maya/Banking Cards/android.widget.TextView0 - Reference ID (2)"), 0): Object Object Repository/Maya/Banking Cards/android.widget.TextView0 - Reference ID (2) not found

2020-08-05 15:57:25 - [MESSAGE][WARNING] - Timeout '0' is invalid. Using default page load timeout: '10'

2020-08-05 15:57:37 - [MESSAGE][FAILED] - Object Object Repository/Maya/Banking Cards/android.widget.TextView0 - Reference ID (2) not found
[[ATTACHMENT|C:\\Users\\LENOVO\\Git_new\\Maya\\Reports\\20200805_155106\\Maya UAT\\UAT Test Suite\\20200805_155106\\1596614256324.png]]

2020-08-05 15:57:37 - [TEST_STEP][FAILED] - verifyElementExist(findTestObject("Maya/Banking Cards/android.widget.TextView0 - Reference ID (2)"), 0): Element 'Object Repository/Maya/Banking Cards/android.widget.TextView0 - Reference ID (2)' not found

2020-08-05 15:57:37 - [MESSAGE][WARNING] - Timeout '0' is invalid. Using default page load timeout: '10'

2020-08-05 15:57:48 - [MESSAGE][FAILED] - Element 'Object Repository/Maya/Banking Cards/android.widget.TextView0 - Reference ID (2)' not found
[[ATTACHMENT|C:\\Users\\LENOVO\\Git_new\\Maya\\Reports\\20200805_155106\\Maya UAT\\UAT Test Suite\\20200805_155106\\1596614267805.png]]

2020-08-05 15:57:48 - [TEST_STEP][PASSED] - getText(findTestObject("Maya/Banking Cards/android.widget.TextView0 - Date  Time (2)"), 0): Text of element 'Object Repository/Maya/Banking Cards/android.widget.TextView0 - Date  Time (2)' is: 'Date & Time'

2020-08-05 15:57:48 - [MESSAGE][WARNING] - Timeout '0' is invalid. Using default page load timeout: '10'

2020-08-05 15:57:50 - [MESSAGE][PASSED] - Text of element 'Object Repository/Maya/Banking Cards/android.widget.TextView0 - Date  Time (2)' is: 'Date & Time'

2020-08-05 15:57:50 - [TEST_STEP][PASSED] - verifyElementExist(findTestObject("Maya/Banking Cards/android.widget.TextView0 - Date  Time (2)"), 0): Element 'Object Repository/Maya/Banking Cards/android.widget.TextView0 - Date  Time (2)' is exist

2020-08-05 15:57:50 - [MESSAGE][WARNING] - Timeout '0' is invalid. Using default page load timeout: '10'

2020-08-05 15:57:50 - [MESSAGE][PASSED] - Element 'Object Repository/Maya/Banking Cards/android.widget.TextView0 - Date  Time (2)' is exist

2020-08-05 15:57:50 - [TEST_STEP][PASSED] - getText(findTestObject("Maya/Banking Cards/android.widget.TextView0 - 180093572M"), 0): Text of element 'Object Repository/Maya/Banking Cards/android.widget.TextView0 - 180093572M' is: '05 Aug 2020, 3:57 PM'

2020-08-05 15:57:50 - [MESSAGE][WARNING] - Timeout '0' is invalid. Using default page load timeout: '10'

2020-08-05 15:57:51 - [MESSAGE][PASSED] - Text of element 'Object Repository/Maya/Banking Cards/android.widget.TextView0 - 180093572M' is: '05 Aug 2020, 3:57 PM'

2020-08-05 15:57:51 - [TEST_STEP][PASSED] - verifyElementExist(findTestObject("Maya/Banking Cards/android.widget.TextView0 - 180093572M"), 0): Element 'Object Repository/Maya/Banking Cards/android.widget.TextView0 - 180093572M' is exist

2020-08-05 15:57:51 - [MESSAGE][WARNING] - Timeout '0' is invalid. Using default page load timeout: '10'

2020-08-05 15:57:52 - [MESSAGE][PASSED] - Element 'Object Repository/Maya/Banking Cards/android.widget.TextView0 - 180093572M' is exist

2020-08-05 15:57:52 - [TEST_STEP][FAILED] - getText(findTestObject("Maya/Banking Cards/android.widget.TextView0 - 20 Jul 2020 405 PM"), 0): Object Object Repository/Maya/Banking Cards/android.widget.TextView0 - 20 Jul 2020 405 PM not found

2020-08-05 15:57:52 - [MESSAGE][WARNING] - Timeout '0' is invalid. Using default page load timeout: '10'

2020-08-05 15:58:03 - [MESSAGE][FAILED] - Object Object Repository/Maya/Banking Cards/android.widget.TextView0 - 20 Jul 2020 405 PM not found
[[ATTACHMENT|C:\\Users\\LENOVO\\Git_new\\Maya\\Reports\\20200805_155106\\Maya UAT\\UAT Test Suite\\20200805_155106\\1596614282525.png]]

2020-08-05 15:58:03 - [TEST_STEP][FAILED] - verifyElementExist(findTestObject("Maya/Banking Cards/android.widget.TextView0 - 20 Jul 2020 405 PM"), 0): Element 'Object Repository/Maya/Banking Cards/android.widget.TextView0 - 20 Jul 2020 405 PM' not found

2020-08-05 15:58:03 - [MESSAGE][WARNING] - Timeout '0' is invalid. Using default page load timeout: '10'

2020-08-05 15:58:15 - [MESSAGE][FAILED] - Element 'Object Repository/Maya/Banking Cards/android.widget.TextView0 - 20 Jul 2020 405 PM' not found
[[ATTACHMENT|C:\\Users\\LENOVO\\Git_new\\Maya\\Reports\\20200805_155106\\Maya UAT\\UAT Test Suite\\20200805_155106\\1596614294536.png]]

2020-08-05 15:58:15 - [TEST_STEP][PASSED] - tap(findTestObject("Maya/Banking Cards/android.widget.TextView0 - Share Receipt (2)"), 0): Tapped on element 'Object Repository/Maya/Banking Cards/android.widget.TextView0 - Share Receipt (2)'

2020-08-05 15:58:15 - [MESSAGE][WARNING] - Timeout '0' is invalid. Using default page load timeout: '10'

2020-08-05 15:58:17 - [MESSAGE][PASSED] - Tapped on element 'Object Repository/Maya/Banking Cards/android.widget.TextView0 - Share Receipt (2)'

2020-08-05 15:58:17 - [TEST_STEP][PASSED] - getText(findTestObject("Maya/Banking Cards/android.widget.TextView0 - Share Receipt (3)"), 0): Text of element 'Object Repository/Maya/Banking Cards/android.widget.TextView0 - Share Receipt (3)' is: 'Share Receipt'

2020-08-05 15:58:17 - [MESSAGE][WARNING] - Timeout '0' is invalid. Using default page load timeout: '10'

2020-08-05 15:58:19 - [MESSAGE][PASSED] - Text of element 'Object Repository/Maya/Banking Cards/android.widget.TextView0 - Share Receipt (3)' is: 'Share Receipt'

2020-08-05 15:58:19 - [TEST_STEP][PASSED] - delay(2, STOP_ON_FAILURE): Delayed 2 second(s)

2020-08-05 15:58:21 - [MESSAGE][PASSED] - Delayed 2 second(s)

2020-08-05 15:58:21 - [TEST_STEP][PASSED] - takeScreenshot("C:\Users\LENOVO\Screenshot\DuitNowProxy\Screen22.png", CONTINUE_ON_FAILURE): Screenshot is taken

2020-08-05 15:58:21 - [MESSAGE][PASSED] - Screenshot is taken
[[ATTACHMENT|C:\\Users\\LENOVO\\Screenshot\\DuitNowProxy\\Screen22.png]]

2020-08-05 15:58:21 - [TEST_STEP][PASSED] - verifyElementExist(findTestObject("Maya/Banking Cards/android.widget.TextView0 - Share Receipt (3)"), 0): Element 'Object Repository/Maya/Banking Cards/android.widget.TextView0 - Share Receipt (3)' is exist

2020-08-05 15:58:21 - [MESSAGE][WARNING] - Timeout '0' is invalid. Using default page load timeout: '10'

2020-08-05 15:58:23 - [MESSAGE][PASSED] - Element 'Object Repository/Maya/Banking Cards/android.widget.TextView0 - Share Receipt (3)' is exist

2020-08-05 15:58:23 - [TEST_STEP][PASSED] - tap(findTestObject("Maya/Banking Cards/android.widget.ImageView0 (11)"), 0): Tapped on element 'Object Repository/Maya/Banking Cards/android.widget.ImageView0 (11)'

2020-08-05 15:58:23 - [MESSAGE][WARNING] - Timeout '0' is invalid. Using default page load timeout: '10'

2020-08-05 15:58:23 - [MESSAGE][PASSED] - Tapped on element 'Object Repository/Maya/Banking Cards/android.widget.ImageView0 (11)'

2020-08-05 15:58:23 - [TEST_STEP][PASSED] - tap(findTestObject("Maya/Banking Cards/android.widget.Button0 - Cancel (1)"), 0): Tapped on element 'Object Repository/Maya/Banking Cards/android.widget.Button0 - Cancel (1)'

2020-08-05 15:58:23 - [MESSAGE][WARNING] - Timeout '0' is invalid. Using default page load timeout: '10'

2020-08-05 15:58:28 - [MESSAGE][PASSED] - Tapped on element 'Object Repository/Maya/Banking Cards/android.widget.Button0 - Cancel (1)'

2020-08-05 15:58:28 - [TEST_STEP][PASSED] - tap(findTestObject("Maya/Banking Cards/android.widget.ImageView0 (12)"), 0): Tapped on element 'Object Repository/Maya/Banking Cards/android.widget.ImageView0 (12)'

2020-08-05 15:58:28 - [MESSAGE][WARNING] - Timeout '0' is invalid. Using default page load timeout: '10'

2020-08-05 15:58:31 - [MESSAGE][PASSED] - Tapped on element 'Object Repository/Maya/Banking Cards/android.widget.ImageView0 (12)'

2020-08-05 15:58:31 - [TEST_STEP][PASSED] - tap(findTestObject("Maya/Banking Cards/android.widget.TextView0 - Done (3)"), 0): Tapped on element 'Object Repository/Maya/Banking Cards/android.widget.TextView0 - Done (3)'

2020-08-05 15:58:31 - [MESSAGE][WARNING] - Timeout '0' is invalid. Using default page load timeout: '10'

2020-08-05 15:58:32 - [MESSAGE][PASSED] - Tapped on element 'Object Repository/Maya/Banking Cards/android.widget.TextView0 - Done (3)'

2020-08-05 15:58:32 - [TEST_STEP][PASSED] - tap(findTestObject("Maya/Banking Cards/android.widget.TextView0 - View Transactions (3)"), 0): Tapped on element 'Object Repository/Maya/Banking Cards/android.widget.TextView0 - View Transactions (3)'

2020-08-05 15:58:32 - [MESSAGE][WARNING] - Timeout '0' is invalid. Using default page load timeout: '10'

2020-08-05 15:58:36 - [MESSAGE][PASSED] - Tapped on element 'Object Repository/Maya/Banking Cards/android.widget.TextView0 - View Transactions (3)'

2020-08-05 15:58:36 - [TEST_STEP][PASSED] - delay(2, STOP_ON_FAILURE): Delayed 2 second(s)

2020-08-05 15:58:38 - [MESSAGE][PASSED] - Delayed 2 second(s)

2020-08-05 15:58:38 - [TEST_STEP][PASSED] - takeScreenshot("C:\Users\LENOVO\Screenshot\DuitNowProxy\Screen22.png", CONTINUE_ON_FAILURE): Screenshot is taken

2020-08-05 15:58:39 - [MESSAGE][PASSED] - Screenshot is taken
[[ATTACHMENT|C:\\Users\\LENOVO\\Screenshot\\DuitNowProxy\\Screen22.png]]

2020-08-05 15:58:39 - [TEST_STEP][PASSED] - tap(findTestObject("Maya/Banking Cards/android.widget.ImageView0 (9)"), 0): Tapped on element 'Object Repository/Maya/Banking Cards/android.widget.ImageView0 (9)'

2020-08-05 15:58:39 - [MESSAGE][WARNING] - Timeout '0' is invalid. Using default page load timeout: '10'

2020-08-05 15:58:40 - [MESSAGE][PASSED] - Tapped on element 'Object Repository/Maya/Banking Cards/android.widget.ImageView0 (9)'

2020-08-05 15:58:40 - [TEST_STEP][PASSED] - tap(findTestObject("Maya/Banking Cards/android.widget.TextView0 - Pay Cards (1)"), 0): Tapped on element 'Object Repository/Maya/Banking Cards/android.widget.TextView0 - Pay Cards (1)'

2020-08-05 15:58:40 - [MESSAGE][WARNING] - Timeout '0' is invalid. Using default page load timeout: '10'

2020-08-05 15:58:44 - [MESSAGE][PASSED] - Tapped on element 'Object Repository/Maya/Banking Cards/android.widget.TextView0 - Pay Cards (1)'

2020-08-05 15:58:44 - [TEST_STEP][PASSED] - tap(findTestObject("Maya/Banking Cards/android.widget.TextView0 - RM 0.00 (2)"), 0): Tapped on element 'Object Repository/Maya/Banking Cards/android.widget.TextView0 - RM 0.00 (2)'

2020-08-05 15:58:44 - [MESSAGE][WARNING] - Timeout '0' is invalid. Using default page load timeout: '10'

2020-08-05 15:58:44 - [MESSAGE][PASSED] - Tapped on element 'Object Repository/Maya/Banking Cards/android.widget.TextView0 - RM 0.00 (2)'

2020-08-05 15:58:44 - [TEST_STEP][PASSED] - tap(findTestObject("Maya/Banking Cards/android.widget.ImageView0 (10)"), 0): Tapped on element 'Object Repository/Maya/Banking Cards/android.widget.ImageView0 (10)'

2020-08-05 15:58:44 - [MESSAGE][WARNING] - Timeout '0' is invalid. Using default page load timeout: '10'

2020-08-05 15:58:47 - [MESSAGE][PASSED] - Tapped on element 'Object Repository/Maya/Banking Cards/android.widget.ImageView0 (10)'

2020-08-05 15:58:47 - [TEST_STEP][PASSED] - getText(findTestObject("Maya/Banking Cards/android.widget.TextView0 - Please input valid amount. (1)"), 0): Text of element 'Object Repository/Maya/Banking Cards/android.widget.TextView0 - Please input valid amount. (1)' is: 'Please input valid amount.'

2020-08-05 15:58:47 - [MESSAGE][WARNING] - Timeout '0' is invalid. Using default page load timeout: '10'

2020-08-05 15:58:48 - [MESSAGE][PASSED] - Text of element 'Object Repository/Maya/Banking Cards/android.widget.TextView0 - Please input valid amount. (1)' is: 'Please input valid amount.'

2020-08-05 15:58:48 - [TEST_STEP][PASSED] - takeScreenshot("C:\Users\LENOVO\Screenshot\DuitNowProxy\Screen15.png", CONTINUE_ON_FAILURE): Screenshot is taken

2020-08-05 15:58:49 - [MESSAGE][PASSED] - Screenshot is taken
[[ATTACHMENT|C:\\Users\\LENOVO\\Screenshot\\DuitNowProxy\\Screen15.png]]

2020-08-05 15:58:49 - [TEST_STEP][PASSED] - verifyElementExist(findTestObject("Maya/Banking Cards/android.widget.TextView0 - Please input valid amount. (1)"), 0): Element 'Object Repository/Maya/Banking Cards/android.widget.TextView0 - Please input valid amount. (1)' is exist

2020-08-05 15:58:49 - [MESSAGE][WARNING] - Timeout '0' is invalid. Using default page load timeout: '10'

2020-08-05 15:58:49 - [MESSAGE][PASSED] - Element 'Object Repository/Maya/Banking Cards/android.widget.TextView0 - Please input valid amount. (1)' is exist

2020-08-05 15:58:49 - [TEST_STEP][PASSED] - getText(findTestObject("Maya/Banking Cards/android.widget.TextView0 - Enter amount (1)"), 0): Text of element 'Object Repository/Maya/Banking Cards/android.widget.TextView0 - Enter amount (1)' is: 'Enter amount'

2020-08-05 15:58:49 - [MESSAGE][WARNING] - Timeout '0' is invalid. Using default page load timeout: '10'

2020-08-05 15:58:50 - [MESSAGE][PASSED] - Text of element 'Object Repository/Maya/Banking Cards/android.widget.TextView0 - Enter amount (1)' is: 'Enter amount'

2020-08-05 15:58:50 - [TEST_STEP][PASSED] - verifyElementExist(findTestObject("Maya/Banking Cards/android.widget.TextView0 - Enter amount (1)"), 0): Element 'Object Repository/Maya/Banking Cards/android.widget.TextView0 - Enter amount (1)' is exist

2020-08-05 15:58:50 - [MESSAGE][WARNING] - Timeout '0' is invalid. Using default page load timeout: '10'

2020-08-05 15:58:50 - [MESSAGE][PASSED] - Element 'Object Repository/Maya/Banking Cards/android.widget.TextView0 - Enter amount (1)' is exist

2020-08-05 15:58:50 - [TEST_STEP][PASSED] - getText(findTestObject("Maya/Banking Cards/android.widget.TextView0 - Maybank Visa Card (5)"), 0): Text of element 'Object Repository/Maya/Banking Cards/android.widget.TextView0 - Maybank Visa Card (5)' is: 'Maybank Visa Card'

2020-08-05 15:58:50 - [MESSAGE][WARNING] - Timeout '0' is invalid. Using default page load timeout: '10'

2020-08-05 15:58:50 - [MESSAGE][PASSED] - Text of element 'Object Repository/Maya/Banking Cards/android.widget.TextView0 - Maybank Visa Card (5)' is: 'Maybank Visa Card'

2020-08-05 15:58:50 - [TEST_STEP][PASSED] - verifyElementExist(findTestObject("Maya/Banking Cards/android.widget.TextView0 - Maybank Visa Card (5)"), 0): Element 'Object Repository/Maya/Banking Cards/android.widget.TextView0 - Maybank Visa Card (5)' is exist

2020-08-05 15:58:50 - [MESSAGE][WARNING] - Timeout '0' is invalid. Using default page load timeout: '10'

2020-08-05 15:58:51 - [MESSAGE][PASSED] - Element 'Object Repository/Maya/Banking Cards/android.widget.TextView0 - Maybank Visa Card (5)' is exist

2020-08-05 15:58:51 - [TEST_STEP][PASSED] - getText(findTestObject("Maya/Banking Cards/android.widget.TextView0 -    2938 (3)"), 0): Text of element 'Object Repository/Maya/Banking Cards/android.widget.TextView0 -    2938 (3)' is: '**** **** **** 2938'

2020-08-05 15:58:51 - [MESSAGE][WARNING] - Timeout '0' is invalid. Using default page load timeout: '10'

2020-08-05 15:58:51 - [MESSAGE][PASSED] - Text of element 'Object Repository/Maya/Banking Cards/android.widget.TextView0 -    2938 (3)' is: '**** **** **** 2938'

2020-08-05 15:58:51 - [TEST_STEP][PASSED] - verifyElementExist(findTestObject("Maya/Banking Cards/android.widget.TextView0 -    2938 (3)"), 0): Element 'Object Repository/Maya/Banking Cards/android.widget.TextView0 -    2938 (3)' is exist

2020-08-05 15:58:51 - [MESSAGE][WARNING] - Timeout '0' is invalid. Using default page load timeout: '10'

2020-08-05 15:58:52 - [MESSAGE][PASSED] - Element 'Object Repository/Maya/Banking Cards/android.widget.TextView0 -    2938 (3)' is exist

2020-08-05 15:58:52 - [TEST_STEP][PASSED] - tap(findTestObject("Maya/Banking Cards/android.widget.TextView0 - 1"), 0): Tapped on element 'Object Repository/Maya/Banking Cards/android.widget.TextView0 - 1'

2020-08-05 15:58:52 - [MESSAGE][WARNING] - Timeout '0' is invalid. Using default page load timeout: '10'

2020-08-05 15:58:53 - [MESSAGE][PASSED] - Tapped on element 'Object Repository/Maya/Banking Cards/android.widget.TextView0 - 1'

2020-08-05 15:58:53 - [TEST_STEP][PASSED] - tap(findTestObject("Maya/Banking Cards/android.widget.TextView0 - 7"), 0): Tapped on element 'Object Repository/Maya/Banking Cards/android.widget.TextView0 - 7'

2020-08-05 15:58:53 - [MESSAGE][WARNING] - Timeout '0' is invalid. Using default page load timeout: '10'

2020-08-05 15:58:57 - [MESSAGE][PASSED] - Tapped on element 'Object Repository/Maya/Banking Cards/android.widget.TextView0 - 7'

2020-08-05 15:58:57 - [TEST_STEP][PASSED] - tap(findTestObject("Maya/Banking Cards/android.widget.TextView0 - 0 (3)"), 0): Tapped on element 'Object Repository/Maya/Banking Cards/android.widget.TextView0 - 0 (3)'

2020-08-05 15:58:57 - [MESSAGE][WARNING] - Timeout '0' is invalid. Using default page load timeout: '10'

2020-08-05 15:58:59 - [MESSAGE][PASSED] - Tapped on element 'Object Repository/Maya/Banking Cards/android.widget.TextView0 - 0 (3)'

2020-08-05 15:58:59 - [TEST_STEP][PASSED] - tap(findTestObject("Maya/Banking Cards/android.widget.TextView0 - 0 (3)"), 0): Tapped on element 'Object Repository/Maya/Banking Cards/android.widget.TextView0 - 0 (3)'

2020-08-05 15:58:59 - [MESSAGE][WARNING] - Timeout '0' is invalid. Using default page load timeout: '10'

2020-08-05 15:59:00 - [MESSAGE][PASSED] - Tapped on element 'Object Repository/Maya/Banking Cards/android.widget.TextView0 - 0 (3)'

2020-08-05 15:59:00 - [TEST_STEP][PASSED] - tap(findTestObject("Maya/Banking Cards/android.widget.TextView0 - 0 (3)"), 0): Tapped on element 'Object Repository/Maya/Banking Cards/android.widget.TextView0 - 0 (3)'

2020-08-05 15:59:00 - [MESSAGE][WARNING] - Timeout '0' is invalid. Using default page load timeout: '10'

2020-08-05 15:59:05 - [MESSAGE][PASSED] - Tapped on element 'Object Repository/Maya/Banking Cards/android.widget.TextView0 - 0 (3)'

2020-08-05 15:59:05 - [TEST_STEP][PASSED] - tap(findTestObject("Maya/Banking Cards/android.widget.TextView0 - 0 (3)"), 0): Tapped on element 'Object Repository/Maya/Banking Cards/android.widget.TextView0 - 0 (3)'

2020-08-05 15:59:05 - [MESSAGE][WARNING] - Timeout '0' is invalid. Using default page load timeout: '10'

2020-08-05 15:59:08 - [MESSAGE][PASSED] - Tapped on element 'Object Repository/Maya/Banking Cards/android.widget.TextView0 - 0 (3)'

2020-08-05 15:59:08 - [TEST_STEP][NOT_RUN] - tap(findTestObject("Maya/Banking Cards/android.widget.ImageView0 (14)"), 0): NOT_RUN: tap(findTestObject("Maya/Banking Cards/android.widget.ImageView0 (14)"), 0)

2020-08-05 15:59:08 - [MESSAGE][NOT_RUN] - NOT_RUN: tap(findTestObject("Maya/Banking Cards/android.widget.ImageView0 (14)"), 0)

2020-08-05 15:59:08 - [TEST_STEP][PASSED] - tap(findTestObject("Maya/Banking Cards/android.widget.ImageView0 (10)"), 0): Tapped on element 'Object Repository/Maya/Banking Cards/android.widget.ImageView0 (10)'

2020-08-05 15:59:08 - [MESSAGE][WARNING] - Timeout '0' is invalid. Using default page load timeout: '10'

2020-08-05 15:59:08 - [MESSAGE][PASSED] - Tapped on element 'Object Repository/Maya/Banking Cards/android.widget.ImageView0 (10)'

2020-08-05 15:59:08 - [TEST_STEP][PASSED] - getText(findTestObject("Maya/Banking Cards/android.widget.TextView0 - Confirmation (2)"), 0): Text of element 'Object Repository/Maya/Banking Cards/android.widget.TextView0 - Confirmation (2)' is: 'Confirmation'

2020-08-05 15:59:08 - [MESSAGE][WARNING] - Timeout '0' is invalid. Using default page load timeout: '10'

2020-08-05 15:59:10 - [MESSAGE][PASSED] - Text of element 'Object Repository/Maya/Banking Cards/android.widget.TextView0 - Confirmation (2)' is: 'Confirmation'

2020-08-05 15:59:10 - [TEST_STEP][PASSED] - verifyElementExist(findTestObject("Maya/Banking Cards/android.widget.TextView0 - Confirmation (2)"), 0): Element 'Object Repository/Maya/Banking Cards/android.widget.TextView0 - Confirmation (2)' is exist

2020-08-05 15:59:10 - [MESSAGE][WARNING] - Timeout '0' is invalid. Using default page load timeout: '10'

2020-08-05 15:59:10 - [MESSAGE][PASSED] - Element 'Object Repository/Maya/Banking Cards/android.widget.TextView0 - Confirmation (2)' is exist

2020-08-05 15:59:10 - [TEST_STEP][PASSED] - getText(findTestObject("Maya/Banking Cards/android.widget.TextView0 - Maybank Visa Card (6)"), 0): Text of element 'Object Repository/Maya/Banking Cards/android.widget.TextView0 - Maybank Visa Card (6)' is: 'Maybank Visa Card'

2020-08-05 15:59:10 - [MESSAGE][WARNING] - Timeout '0' is invalid. Using default page load timeout: '10'

2020-08-05 15:59:11 - [MESSAGE][PASSED] - Text of element 'Object Repository/Maya/Banking Cards/android.widget.TextView0 - Maybank Visa Card (6)' is: 'Maybank Visa Card'

2020-08-05 15:59:11 - [TEST_STEP][PASSED] - verifyElementExist(findTestObject("Maya/Banking Cards/android.widget.TextView0 - Maybank Visa Card (6)"), 0): Element 'Object Repository/Maya/Banking Cards/android.widget.TextView0 - Maybank Visa Card (6)' is exist

2020-08-05 15:59:11 - [MESSAGE][WARNING] - Timeout '0' is invalid. Using default page load timeout: '10'

2020-08-05 15:59:11 - [MESSAGE][PASSED] - Element 'Object Repository/Maya/Banking Cards/android.widget.TextView0 - Maybank Visa Card (6)' is exist

2020-08-05 15:59:11 - [TEST_STEP][PASSED] - getText(findTestObject("Maya/Banking Cards/android.widget.TextView0 -    2938 (4)"), 0): Text of element 'Object Repository/Maya/Banking Cards/android.widget.TextView0 -    2938 (4)' is: '**** **** **** 2938'

2020-08-05 15:59:11 - [MESSAGE][WARNING] - Timeout '0' is invalid. Using default page load timeout: '10'

2020-08-05 15:59:12 - [MESSAGE][PASSED] - Text of element 'Object Repository/Maya/Banking Cards/android.widget.TextView0 -    2938 (4)' is: '**** **** **** 2938'

2020-08-05 15:59:12 - [TEST_STEP][PASSED] - verifyElementExist(findTestObject("Maya/Banking Cards/android.widget.TextView0 -    2938 (4)"), 0): Element 'Object Repository/Maya/Banking Cards/android.widget.TextView0 -    2938 (4)' is exist

2020-08-05 15:59:12 - [MESSAGE][WARNING] - Timeout '0' is invalid. Using default page load timeout: '10'

2020-08-05 15:59:13 - [MESSAGE][PASSED] - Element 'Object Repository/Maya/Banking Cards/android.widget.TextView0 -    2938 (4)' is exist

2020-08-05 15:59:13 - [TEST_STEP][PASSED] - getText(findTestObject("Maya/Banking Cards/android.widget.TextView0 - Date (2)"), 0): Text of element 'Object Repository/Maya/Banking Cards/android.widget.TextView0 - Date (2)' is: 'Date'

2020-08-05 15:59:13 - [MESSAGE][WARNING] - Timeout '0' is invalid. Using default page load timeout: '10'

2020-08-05 15:59:13 - [MESSAGE][PASSED] - Text of element 'Object Repository/Maya/Banking Cards/android.widget.TextView0 - Date (2)' is: 'Date'

2020-08-05 15:59:13 - [TEST_STEP][PASSED] - verifyElementExist(findTestObject("Maya/Banking Cards/android.widget.TextView0 - Date (2)"), 0): Element 'Object Repository/Maya/Banking Cards/android.widget.TextView0 - Date (2)' is exist

2020-08-05 15:59:13 - [MESSAGE][WARNING] - Timeout '0' is invalid. Using default page load timeout: '10'

2020-08-05 15:59:14 - [MESSAGE][PASSED] - Element 'Object Repository/Maya/Banking Cards/android.widget.TextView0 - Date (2)' is exist

2020-08-05 15:59:14 - [TEST_STEP][PASSED] - tap(findTestObject("Maya/Banking Cards/android.widget.TextView0 - Today (1)"), 0): Tapped on element 'Object Repository/Maya/Banking Cards/android.widget.TextView0 - Today (1)'

2020-08-05 15:59:14 - [MESSAGE][WARNING] - Timeout '0' is invalid. Using default page load timeout: '10'

2020-08-05 15:59:16 - [MESSAGE][PASSED] - Tapped on element 'Object Repository/Maya/Banking Cards/android.widget.TextView0 - Today (1)'

2020-08-05 15:59:16 - [TEST_STEP][PASSED] - tap(findTestObject("Maya/Banking Cards/android.widget.TextView0 - Done (2)"), 0): Tapped on element 'Object Repository/Maya/Banking Cards/android.widget.TextView0 - Done (2)'

2020-08-05 15:59:16 - [MESSAGE][WARNING] - Timeout '0' is invalid. Using default page load timeout: '10'

2020-08-05 15:59:17 - [MESSAGE][PASSED] - Tapped on element 'Object Repository/Maya/Banking Cards/android.widget.TextView0 - Done (2)'

2020-08-05 15:59:17 - [TEST_STEP][PASSED] - delay(2, STOP_ON_FAILURE): Delayed 2 second(s)

2020-08-05 15:59:19 - [MESSAGE][PASSED] - Delayed 2 second(s)

2020-08-05 15:59:19 - [TEST_STEP][PASSED] - takeScreenshot("C:\Users\LENOVO\Screenshot\DuitNowProxy\Screen29.png", CONTINUE_ON_FAILURE): Screenshot is taken

2020-08-05 15:59:20 - [MESSAGE][PASSED] - Screenshot is taken
[[ATTACHMENT|C:\\Users\\LENOVO\\Screenshot\\DuitNowProxy\\Screen29.png]]

2020-08-05 15:59:20 - [TEST_STEP][PASSED] - getText(findTestObject("Maya/Banking Cards/android.widget.TextView0 - Pay from (3)"), 0): Text of element 'Object Repository/Maya/Banking Cards/android.widget.TextView0 - Pay from (3)' is: 'Pay from'

2020-08-05 15:59:20 - [MESSAGE][WARNING] - Timeout '0' is invalid. Using default page load timeout: '10'

2020-08-05 15:59:21 - [MESSAGE][PASSED] - Text of element 'Object Repository/Maya/Banking Cards/android.widget.TextView0 - Pay from (3)' is: 'Pay from'

2020-08-05 15:59:21 - [TEST_STEP][PASSED] - verifyElementExist(findTestObject("Maya/Banking Cards/android.widget.TextView0 - Pay from (3)"), 0): Element 'Object Repository/Maya/Banking Cards/android.widget.TextView0 - Pay from (3)' is exist

2020-08-05 15:59:21 - [MESSAGE][WARNING] - Timeout '0' is invalid. Using default page load timeout: '10'

2020-08-05 15:59:21 - [MESSAGE][PASSED] - Element 'Object Repository/Maya/Banking Cards/android.widget.TextView0 - Pay from (3)' is exist

2020-08-05 15:59:21 - [TEST_STEP][PASSED] - getText(findTestObject("Maya/Banking Cards/android.widget.TextView0 - Note (1)"), 0): Text of element 'Object Repository/Maya/Banking Cards/android.widget.TextView0 - Note (1)' is: 'Note:'

2020-08-05 15:59:21 - [MESSAGE][WARNING] - Timeout '0' is invalid. Using default page load timeout: '10'

2020-08-05 15:59:21 - [MESSAGE][PASSED] - Text of element 'Object Repository/Maya/Banking Cards/android.widget.TextView0 - Note (1)' is: 'Note:'

2020-08-05 15:59:21 - [TEST_STEP][PASSED] - verifyElementExist(findTestObject("Maya/Banking Cards/android.widget.TextView0 - Note (1)"), 0): Element 'Object Repository/Maya/Banking Cards/android.widget.TextView0 - Note (1)' is exist

2020-08-05 15:59:21 - [MESSAGE][WARNING] - Timeout '0' is invalid. Using default page load timeout: '10'

2020-08-05 15:59:22 - [MESSAGE][PASSED] - Element 'Object Repository/Maya/Banking Cards/android.widget.TextView0 - Note (1)' is exist

2020-08-05 15:59:22 - [TEST_STEP][PASSED] - swipe(415, 1598, 50, 1300): Swiped from 415,1,598 to 50,1,300

2020-08-05 15:59:23 - [MESSAGE][PASSED] - Swiped from 415,1,598 to 50,1,300

2020-08-05 15:59:23 - [TEST_STEP][PASSED] - delay(5, CONTINUE_ON_FAILURE): Delayed 5 second(s)

2020-08-05 15:59:28 - [MESSAGE][PASSED] - Delayed 5 second(s)

2020-08-05 15:59:28 - [TEST_STEP][PASSED] - swipe(415, 1598, 50, 1300): Swiped from 415,1,598 to 50,1,300

2020-08-05 15:59:29 - [MESSAGE][PASSED] - Swiped from 415,1,598 to 50,1,300

2020-08-05 15:59:29 - [TEST_STEP][PASSED] - delay(5, CONTINUE_ON_FAILURE): Delayed 5 second(s)

2020-08-05 15:59:34 - [MESSAGE][PASSED] - Delayed 5 second(s)

2020-08-05 15:59:34 - [TEST_STEP][PASSED] - delay(2, STOP_ON_FAILURE): Delayed 2 second(s)

2020-08-05 15:59:36 - [MESSAGE][PASSED] - Delayed 2 second(s)

2020-08-05 15:59:36 - [TEST_STEP][PASSED] - takeScreenshot("C:\Users\LENOVO\Screenshot\DuitNowProxy\Screen30.png", CONTINUE_ON_FAILURE): Screenshot is taken

2020-08-05 15:59:37 - [MESSAGE][PASSED] - Screenshot is taken
[[ATTACHMENT|C:\\Users\\LENOVO\\Screenshot\\DuitNowProxy\\Screen30.png]]

2020-08-05 15:59:37 - [TEST_STEP][PASSED] - tapAtPosition(400, 1572): Tapped at [400, 1,572]

2020-08-05 15:59:38 - [MESSAGE][PASSED] - Tapped at [400, 1,572]

2020-08-05 15:59:38 - [TEST_STEP][PASSED] - tap(findTestObject("Maya/Banking Cards/android.widget.TextView0 - Pay Now (2)"), 0): Tapped on element 'Object Repository/Maya/Banking Cards/android.widget.TextView0 - Pay Now (2)'

2020-08-05 15:59:39 - [MESSAGE][WARNING] - Timeout '0' is invalid. Using default page load timeout: '10'

2020-08-05 15:59:40 - [MESSAGE][PASSED] - Tapped on element 'Object Repository/Maya/Banking Cards/android.widget.TextView0 - Pay Now (2)'

2020-08-05 15:59:40 - [TEST_STEP][PASSED] - delay(10, STOP_ON_FAILURE): Delayed 10 second(s)

2020-08-05 15:59:50 - [MESSAGE][PASSED] - Delayed 10 second(s)

2020-08-05 15:59:50 - [TEST_STEP][PASSED] - getText(findTestObject("Maya/Banking Cards/android.widget.TextView0 - Payment failed"), 0): Text of element 'Object Repository/Maya/Banking Cards/android.widget.TextView0 - Payment failed' is: 'Payment failed'

2020-08-05 15:59:50 - [MESSAGE][WARNING] - Timeout '0' is invalid. Using default page load timeout: '10'

2020-08-05 15:59:50 - [MESSAGE][PASSED] - Text of element 'Object Repository/Maya/Banking Cards/android.widget.TextView0 - Payment failed' is: 'Payment failed'

2020-08-05 15:59:50 - [TEST_STEP][PASSED] - getText(findTestObject("Maya/Banking Cards/android.widget.TextView0 - Payment failed"), 0): Text of element 'Object Repository/Maya/Banking Cards/android.widget.TextView0 - Payment failed' is: 'Payment failed'

2020-08-05 15:59:50 - [MESSAGE][WARNING] - Timeout '0' is invalid. Using default page load timeout: '10'

2020-08-05 15:59:51 - [MESSAGE][PASSED] - Text of element 'Object Repository/Maya/Banking Cards/android.widget.TextView0 - Payment failed' is: 'Payment failed'

2020-08-05 15:59:51 - [TEST_STEP][FAILED] - getText(findTestObject("Maya/Banking Cards/android.widget.TextView0 - Account not authorised  Amount exceeded outstanding balance"), 0): Object Object Repository/Maya/Banking Cards/android.widget.TextView0 - Account not authorised  Amount exceeded outstanding balance not found

2020-08-05 15:59:51 - [MESSAGE][WARNING] - Timeout '0' is invalid. Using default page load timeout: '10'

2020-08-05 16:00:02 - [MESSAGE][FAILED] - Object Object Repository/Maya/Banking Cards/android.widget.TextView0 - Account not authorised  Amount exceeded outstanding balance not found
[[ATTACHMENT|C:\\Users\\LENOVO\\Git_new\\Maya\\Reports\\20200805_155106\\Maya UAT\\UAT Test Suite\\20200805_155106\\1596614401312.png]]

2020-08-05 16:00:02 - [TEST_STEP][FAILED] - getText(findTestObject("Maya/Banking Cards/android.widget.TextView0 - Account not authorised  Amount exceeded outstanding balance"), 0): Object Object Repository/Maya/Banking Cards/android.widget.TextView0 - Account not authorised  Amount exceeded outstanding balance not found

2020-08-05 16:00:02 - [MESSAGE][WARNING] - Timeout '0' is invalid. Using default page load timeout: '10'

2020-08-05 16:00:13 - [MESSAGE][FAILED] - Object Object Repository/Maya/Banking Cards/android.widget.TextView0 - Account not authorised  Amount exceeded outstanding balance not found
[[ATTACHMENT|C:\\Users\\LENOVO\\Git_new\\Maya\\Reports\\20200805_155106\\Maya UAT\\UAT Test Suite\\20200805_155106\\1596614412651.png]]

2020-08-05 16:00:13 - [TEST_STEP][PASSED] - delay(2, STOP_ON_FAILURE): Delayed 2 second(s)

2020-08-05 16:00:15 - [MESSAGE][PASSED] - Delayed 2 second(s)

2020-08-05 16:00:15 - [TEST_STEP][PASSED] - takeScreenshot("C:\Users\LENOVO\Screenshot\DuitNowProxy\Screen31.png", CONTINUE_ON_FAILURE): Screenshot is taken

2020-08-05 16:00:16 - [MESSAGE][PASSED] - Screenshot is taken
[[ATTACHMENT|C:\\Users\\LENOVO\\Screenshot\\DuitNowProxy\\Screen31.png]]

2020-08-05 16:00:16 - [TEST_STEP][FAILED] - getText(findTestObject("Maya/Banking Cards/android.widget.TextView0 - Reference ID (4)"), 0): Object Object Repository/Maya/Banking Cards/android.widget.TextView0 - Reference ID (4) not found

2020-08-05 16:00:16 - [MESSAGE][WARNING] - Timeout '0' is invalid. Using default page load timeout: '10'

2020-08-05 16:00:27 - [MESSAGE][FAILED] - Object Object Repository/Maya/Banking Cards/android.widget.TextView0 - Reference ID (4) not found
[[ATTACHMENT|C:\\Users\\LENOVO\\Git_new\\Maya\\Reports\\20200805_155106\\Maya UAT\\UAT Test Suite\\20200805_155106\\1596614426769.png]]

2020-08-05 16:00:27 - [TEST_STEP][FAILED] - getText(findTestObject("Maya/Banking Cards/android.widget.TextView0 - Reference ID (4)"), 0): Object Object Repository/Maya/Banking Cards/android.widget.TextView0 - Reference ID (4) not found

2020-08-05 16:00:27 - [MESSAGE][WARNING] - Timeout '0' is invalid. Using default page load timeout: '10'

2020-08-05 16:00:39 - [MESSAGE][FAILED] - Object Object Repository/Maya/Banking Cards/android.widget.TextView0 - Reference ID (4) not found
[[ATTACHMENT|C:\\Users\\LENOVO\\Git_new\\Maya\\Reports\\20200805_155106\\Maya UAT\\UAT Test Suite\\20200805_155106\\1596614438146.png]]

2020-08-05 16:00:39 - [TEST_STEP][PASSED] - getText(findTestObject("Maya/Banking Cards/android.widget.TextView0 - Date  Time (4)"), 0): Text of element 'Object Repository/Maya/Banking Cards/android.widget.TextView0 - Date  Time (4)' is: 'Date & Time'

2020-08-05 16:00:39 - [MESSAGE][WARNING] - Timeout '0' is invalid. Using default page load timeout: '10'

2020-08-05 16:00:39 - [MESSAGE][PASSED] - Text of element 'Object Repository/Maya/Banking Cards/android.widget.TextView0 - Date  Time (4)' is: 'Date & Time'

2020-08-05 16:00:39 - [TEST_STEP][PASSED] - getText(findTestObject("Maya/Banking Cards/android.widget.TextView0 - 180190256M"), 0): Text of element 'Object Repository/Maya/Banking Cards/android.widget.TextView0 - 180190256M' is: '05 Aug 2020, 3:59 PM'

2020-08-05 16:00:39 - [MESSAGE][WARNING] - Timeout '0' is invalid. Using default page load timeout: '10'

2020-08-05 16:00:40 - [MESSAGE][PASSED] - Text of element 'Object Repository/Maya/Banking Cards/android.widget.TextView0 - 180190256M' is: '05 Aug 2020, 3:59 PM'

2020-08-05 16:00:40 - [TEST_STEP][PASSED] - verifyElementExist(findTestObject("Maya/Banking Cards/android.widget.TextView0 - 180190256M"), 0): Element 'Object Repository/Maya/Banking Cards/android.widget.TextView0 - 180190256M' is exist

2020-08-05 16:00:40 - [MESSAGE][WARNING] - Timeout '0' is invalid. Using default page load timeout: '10'

2020-08-05 16:00:40 - [MESSAGE][PASSED] - Element 'Object Repository/Maya/Banking Cards/android.widget.TextView0 - 180190256M' is exist

2020-08-05 16:00:40 - [TEST_STEP][FAILED] - getText(findTestObject("Maya/Banking Cards/android.widget.TextView0 - 22 Jul 2020 846 PM"), 0): Object Object Repository/Maya/Banking Cards/android.widget.TextView0 - 22 Jul 2020 846 PM not found

2020-08-05 16:00:40 - [MESSAGE][WARNING] - Timeout '0' is invalid. Using default page load timeout: '10'

2020-08-05 16:00:51 - [MESSAGE][FAILED] - Object Object Repository/Maya/Banking Cards/android.widget.TextView0 - 22 Jul 2020 846 PM not found
[[ATTACHMENT|C:\\Users\\LENOVO\\Git_new\\Maya\\Reports\\20200805_155106\\Maya UAT\\UAT Test Suite\\20200805_155106\\1596614450946.png]]

2020-08-05 16:00:51 - [TEST_STEP][FAILED] - verifyElementExist(findTestObject("Maya/Banking Cards/android.widget.TextView0 - 22 Jul 2020 846 PM"), 0): Element 'Object Repository/Maya/Banking Cards/android.widget.TextView0 - 22 Jul 2020 846 PM' not found

2020-08-05 16:00:52 - [MESSAGE][WARNING] - Timeout '0' is invalid. Using default page load timeout: '10'

2020-08-05 16:01:03 - [MESSAGE][FAILED] - Element 'Object Repository/Maya/Banking Cards/android.widget.TextView0 - 22 Jul 2020 846 PM' not found
[[ATTACHMENT|C:\\Users\\LENOVO\\Git_new\\Maya\\Reports\\20200805_155106\\Maya UAT\\UAT Test Suite\\20200805_155106\\1596614462663.png]]

2020-08-05 16:01:03 - [TEST_STEP][PASSED] - tap(findTestObject("Maya/Banking Cards/android.widget.TextView0 - Done (4)"), 0): Tapped on element 'Object Repository/Maya/Banking Cards/android.widget.TextView0 - Done (4)'

2020-08-05 16:01:03 - [MESSAGE][WARNING] - Timeout '0' is invalid. Using default page load timeout: '10'

2020-08-05 16:01:05 - [MESSAGE][PASSED] - Tapped on element 'Object Repository/Maya/Banking Cards/android.widget.TextView0 - Done (4)'

2020-08-05 16:01:05 - [TEST_STEP][PASSED] - delay(5, CONTINUE_ON_FAILURE): Delayed 5 second(s)

2020-08-05 16:01:10 - [MESSAGE][PASSED] - Delayed 5 second(s)

2020-08-05 16:01:10 - [TEST_STEP][PASSED] - delay(2, STOP_ON_FAILURE): Delayed 2 second(s)

2020-08-05 16:01:12 - [MESSAGE][PASSED] - Delayed 2 second(s)

2020-08-05 16:01:12 - [TEST_STEP][PASSED] - takeScreenshot("C:\Users\LENOVO\Screenshot\DuitNowProxy\Screen32.png", CONTINUE_ON_FAILURE): Screenshot is taken

2020-08-05 16:01:13 - [MESSAGE][PASSED] - Screenshot is taken
[[ATTACHMENT|C:\\Users\\LENOVO\\Screenshot\\DuitNowProxy\\Screen32.png]]]]></system-out>
         <system-err><![CDATA[2020-08-05 15:51:09 - [TEST_CASE][FAILED] - Test Cases/JINU/Banking/Cards/Banking-Cards-Credit: Test Cases/JINU/Banking/Cards/Banking-Cards-Credit FAILED.
Reason:
com.kms.katalon.core.exception.StepFailedException: Object Object Repository/Maya/Banking Cards/android.widget.TextView0 - Reference ID (2) not found
	at com.kms.katalon.core.keyword.internal.KeywordMain.stepFailed(KeywordMain.groovy:39)
	at com.kms.katalon.core.mobile.keyword.internal.MobileKeywordMain.stepFailed(MobileKeywordMain.groovy:40)
	at com.kms.katalon.core.mobile.keyword.builtin.GetTextKeyword$_getText_closure1.doCall(GetTextKeyword.groovy:74)
	at com.kms.katalon.core.mobile.keyword.builtin.GetTextKeyword$_getText_closure1.call(GetTextKeyword.groovy)
	at com.kms.katalon.core.mobile.keyword.internal.MobileKeywordMain.runKeyword(MobileKeywordMain.groovy:21)
	at com.kms.katalon.core.mobile.keyword.builtin.GetTextKeyword.getText(GetTextKeyword.groovy:80)
	at com.kms.katalon.core.mobile.keyword.builtin.GetTextKeyword.execute(GetTextKeyword.groovy:64)
	at com.kms.katalon.core.keyword.internal.KeywordExecutor.executeKeywordForPlatform(KeywordExecutor.groovy:72)
	at com.kms.katalon.core.mobile.keyword.MobileBuiltInKeywords.getText(MobileBuiltInKeywords.groovy:459)
	at com.kms.katalon.core.mobile.keyword.MobileBuiltInKeywords$getText$3.call(Unknown Source)
	at Banking-Cards-Credit.run(Banking-Cards-Credit:386)
	at com.kms.katalon.core.main.ScriptEngine.run(ScriptEngine.java:194)
	at com.kms.katalon.core.main.ScriptEngine.runScriptAsRawText(ScriptEngine.java:119)
	at com.kms.katalon.core.main.TestCaseExecutor.runScript(TestCaseExecutor.java:337)
	at com.kms.katalon.core.main.TestCaseExecutor.doExecute(TestCaseExecutor.java:328)
	at com.kms.katalon.core.main.TestCaseExecutor.processExecutionPhase(TestCaseExecutor.java:307)
	at com.kms.katalon.core.main.TestCaseExecutor.accessMainPhase(TestCaseExecutor.java:299)
	at com.kms.katalon.core.main.TestCaseExecutor.execute(TestCaseExecutor.java:233)
	at com.kms.katalon.core.main.TestSuiteExecutor.accessTestCaseMainPhase(TestSuiteExecutor.java:169)
	at com.kms.katalon.core.main.TestSuiteExecutor.accessTestSuiteMainPhase(TestSuiteExecutor.java:142)
	at com.kms.katalon.core.main.TestSuiteExecutor.execute(TestSuiteExecutor.java:91)
	at com.kms.katalon.core.main.TestCaseMain.startTestSuite(TestCaseMain.java:157)
	at com.kms.katalon.core.main.TestCaseMain$startTestSuite$0.call(Unknown Source)
	at TempTestSuite1596613866668.run(TempTestSuite1596613866668.groovy:36)]]></system-err>
      </testcase>
      <system-out><![CDATA[2020-08-05 15:51:09 - [TEST_SUITE][FAILED] - UAT Test Suite: Test Cases/JINU/Banking/Cards/Banking-Cards-Credit FAILED.
Reason:
com.kms.katalon.core.exception.StepFailedException: Object Object Repository/Maya/Banking Cards/android.widget.TextView0 - Reference ID (2) not found
	at com.kms.katalon.core.keyword.internal.KeywordMain.stepFailed(KeywordMain.groovy:39)
	at com.kms.katalon.core.mobile.keyword.internal.MobileKeywordMain.stepFailed(MobileKeywordMain.groovy:40)
	at com.kms.katalon.core.mobile.keyword.builtin.GetTextKeyword$_getText_closure1.doCall(GetTextKeyword.groovy:74)
	at com.kms.katalon.core.mobile.keyword.builtin.GetTextKeyword$_getText_closure1.call(GetTextKeyword.groovy)
	at com.kms.katalon.core.mobile.keyword.internal.MobileKeywordMain.runKeyword(MobileKeywordMain.groovy:21)
	at com.kms.katalon.core.mobile.keyword.builtin.GetTextKeyword.getText(GetTextKeyword.groovy:80)
	at com.kms.katalon.core.mobile.keyword.builtin.GetTextKeyword.execute(GetTextKeyword.groovy:64)
	at com.kms.katalon.core.keyword.internal.KeywordExecutor.executeKeywordForPlatform(KeywordExecutor.groovy:72)
	at com.kms.katalon.core.mobile.keyword.MobileBuiltInKeywords.getText(MobileBuiltInKeywords.groovy:459)
	at com.kms.katalon.core.mobile.keyword.MobileBuiltInKeywords$getText$3.call(Unknown Source)
	at Banking-Cards-Credit.run(Banking-Cards-Credit:386)
	at com.kms.katalon.core.main.ScriptEngine.run(ScriptEngine.java:194)
	at com.kms.katalon.core.main.ScriptEngine.runScriptAsRawText(ScriptEngine.java:119)
	at com.kms.katalon.core.main.TestCaseExecutor.runScript(TestCaseExecutor.java:337)
	at com.kms.katalon.core.main.TestCaseExecutor.doExecute(TestCaseExecutor.java:328)
	at com.kms.katalon.core.main.TestCaseExecutor.processExecutionPhase(TestCaseExecutor.java:307)
	at com.kms.katalon.core.main.TestCaseExecutor.accessMainPhase(TestCaseExecutor.java:299)
	at com.kms.katalon.core.main.TestCaseExecutor.execute(TestCaseExecutor.java:233)
	at com.kms.katalon.core.main.TestSuiteExecutor.accessTestCaseMainPhase(TestSuiteExecutor.java:169)
	at com.kms.katalon.core.main.TestSuiteExecutor.accessTestSuiteMainPhase(TestSuiteExecutor.java:142)
	at com.kms.katalon.core.main.TestSuiteExecutor.execute(TestSuiteExecutor.java:91)
	at com.kms.katalon.core.main.TestCaseMain.startTestSuite(TestCaseMain.java:157)
	at com.kms.katalon.core.main.TestCaseMain$startTestSuite$0.call(Unknown Source)
	at TempTestSuite1596613866668.run(TempTestSuite1596613866668.groovy:36)]]></system-out>
      <system-err><![CDATA[2020-08-05 15:51:09 - [TEST_SUITE][FAILED] - UAT Test Suite: Test Cases/JINU/Banking/Cards/Banking-Cards-Credit FAILED.
Reason:
com.kms.katalon.core.exception.StepFailedException: Object Object Repository/Maya/Banking Cards/android.widget.TextView0 - Reference ID (2) not found
	at com.kms.katalon.core.keyword.internal.KeywordMain.stepFailed(KeywordMain.groovy:39)
	at com.kms.katalon.core.mobile.keyword.internal.MobileKeywordMain.stepFailed(MobileKeywordMain.groovy:40)
	at com.kms.katalon.core.mobile.keyword.builtin.GetTextKeyword$_getText_closure1.doCall(GetTextKeyword.groovy:74)
	at com.kms.katalon.core.mobile.keyword.builtin.GetTextKeyword$_getText_closure1.call(GetTextKeyword.groovy)
	at com.kms.katalon.core.mobile.keyword.internal.MobileKeywordMain.runKeyword(MobileKeywordMain.groovy:21)
	at com.kms.katalon.core.mobile.keyword.builtin.GetTextKeyword.getText(GetTextKeyword.groovy:80)
	at com.kms.katalon.core.mobile.keyword.builtin.GetTextKeyword.execute(GetTextKeyword.groovy:64)
	at com.kms.katalon.core.keyword.internal.KeywordExecutor.executeKeywordForPlatform(KeywordExecutor.groovy:72)
	at com.kms.katalon.core.mobile.keyword.MobileBuiltInKeywords.getText(MobileBuiltInKeywords.groovy:459)
	at com.kms.katalon.core.mobile.keyword.MobileBuiltInKeywords$getText$3.call(Unknown Source)
	at Banking-Cards-Credit.run(Banking-Cards-Credit:386)
	at com.kms.katalon.core.main.ScriptEngine.run(ScriptEngine.java:194)
	at com.kms.katalon.core.main.ScriptEngine.runScriptAsRawText(ScriptEngine.java:119)
	at com.kms.katalon.core.main.TestCaseExecutor.runScript(TestCaseExecutor.java:337)
	at com.kms.katalon.core.main.TestCaseExecutor.doExecute(TestCaseExecutor.java:328)
	at com.kms.katalon.core.main.TestCaseExecutor.processExecutionPhase(TestCaseExecutor.java:307)
	at com.kms.katalon.core.main.TestCaseExecutor.accessMainPhase(TestCaseExecutor.java:299)
	at com.kms.katalon.core.main.TestCaseExecutor.execute(TestCaseExecutor.java:233)
	at com.kms.katalon.core.main.TestSuiteExecutor.accessTestCaseMainPhase(TestSuiteExecutor.java:169)
	at com.kms.katalon.core.main.TestSuiteExecutor.accessTestSuiteMainPhase(TestSuiteExecutor.java:142)
	at com.kms.katalon.core.main.TestSuiteExecutor.execute(TestSuiteExecutor.java:91)
	at com.kms.katalon.core.main.TestCaseMain.startTestSuite(TestCaseMain.java:157)
	at com.kms.katalon.core.main.TestCaseMain$startTestSuite$0.call(Unknown Source)
	at TempTestSuite1596613866668.run(TempTestSuite1596613866668.groovy:36)]]></system-err>
   </testsuite>
</testsuites>
