<?xml version="1.0" encoding="UTF-8"?>
<testsuites name="UAT Test Suite" time="336.027" tests="1" failures="1" errors="0">
   <testsuite name="UAT Test Suite" tests="1" failures="1" errors="0" time="336.027" timestamp="2020-08-21 10:06:27" hostname="LENOVO - DESKTOP-CP3TV4N" id="Test Suites/Maya UAT/UAT Test Suite">
      <properties>
         <property name="deviceName" value="Xiaomi Redmi Note 7S (Android 9)"/>
         <property name="devicePlatform" value=""/>
         <property name="logFolder" value="C:\\Users\\LENOVO\\Git_new\\Maya\\Reports\\20200821_100623\\Maya UAT\\UAT Test Suite\\20200821_100623"/>
         <property name="logFiles" value="C:\\Users\\LENOVO\\Git_new\\Maya\\Reports\\20200821_100623\\Maya UAT\\UAT Test Suite\\20200821_100623\\appium.log, C:\\Users\\LENOVO\\Git_new\\Maya\\Reports\\20200821_100623\\Maya UAT\\UAT Test Suite\\20200821_100623\\execution0.log"/>
         <property name="attachments" value="C:\\Users\\LENOVO\\Screenshot\\Third Party\\Screenshot1, C:\\Users\\LENOVO\\Screenshot\\Third Party\\Screenshot2, C:\\Users\\LENOVO\\Screenshot\\Third Party\\Screenshot3, C:\\Users\\LENOVO\\Screenshot\\Third Party\\Screenshot4, C:\\Users\\LENOVO\\Screenshot\\Third Party\\Screenshot5, C:\\Users\\LENOVO\\Screenshot\\Third Party\\Screenshot6, C:\\Users\\LENOVO\\Screenshot\\Third Party\\Screenshot7, C:\\Users\\LENOVO\\Screenshot\\Third Party\\Screenshot9, C:\\Users\\LENOVO\\Screenshot\\Third Party\\Screenshot10, C:\\Users\\LENOVO\\Screenshot\\Third Party\\Screenshot11, C:\\Users\\LENOVO\\Screenshot\\Third Party\\Screenshot12, C:\\Users\\LENOVO\\Screenshot\\Third Party\\Screenshot13, C:\\Users\\LENOVO\\Screenshot\\Third Party\\Screenshot14, C:\\Users\\LENOVO\\Screenshot\\Third Party\\Screenshot16, C:\\Users\\LENOVO\\Screenshot\\Third Party\\Screenshot17, C:\\Users\\LENOVO\\Screenshot\\Third Party\\Screenshot18, C:\\Users\\LENOVO\\Screenshot\\Third Party\\Screenshot19, C:\\Users\\LENOVO\\Git_new\\Maya\\Reports\\20200821_100623\\Maya UAT\\UAT Test Suite\\20200821_100623\\1597975798814.png, C:\\Users\\LENOVO\\Screenshot\\Third Party\\Screenshot20, C:\\Users\\LENOVO\\Screenshot\\Third Party\\Screenshot22, C:\\Users\\LENOVO\\Screenshot\\Third Party\\Screenshot21, C:\\Users\\LENOVO\\Screenshot\\Third Party\\Screenshot24, C:\\Users\\LENOVO\\Screenshot\\Third Party\\Screenshot25, C:\\Users\\LENOVO\\Screenshot\\Third Party\\Screenshot23, C:\\Users\\LENOVO\\Screenshot\\Third Party\\Screenshot26, C:\\Users\\LENOVO\\Screenshot\\Third Party\\Screenshot27, C:\\Users\\LENOVO\\Screenshot\\Third Party\\Screenshot20, C:\\Users\\LENOVO\\Screenshot\\DuitNow\\Screen39.png"/>
         <property name="hostName" value="LENOVO - DESKTOP-CP3TV4N"/>
         <property name="os" value="Windows 10 64bit"/>
         <property name="appiumServerStatus" value="{\&quot;value\&quot;:{\&quot;build\&quot;:{\&quot;version\&quot;:\&quot;1.15.1\&quot;}},\&quot;sessionId\&quot;:null,\&quot;status\&quot;:0}"/>
         <property name="katalonVersion" value="7.2.7.1"/>
         <property name="deviceOS" value="Android"/>
         <property name="appiumVersion" value="1.15.1"/>
         <property name="deviceModel" value="Redmi Note 7S"/>
         <property name="hostAddress" value="192.168.0.102"/>
         <property name="deviceManufacturer" value="Xiaomi"/>
         <property name="deviceId" value="11cb9864"/>
         <property name="deviceName" value="Xiaomi Redmi Note 7S (Android 9)"/>
         <property name="deviceOSVersion" value="9"/>
      </properties>
      <testcase name="Test Cases/JINU/DuitNowUpdate/DuitNow Mobile" time="332.886" classname="Test Cases/JINU/DuitNowUpdate/DuitNow Mobile" status="FAILED">
         <failure type="FAILED" message="Test Cases/JINU/DuitNowUpdate/DuitNow Mobile FAILED.
Reason:
com.kms.katalon.core.exception.StepFailedException: Element 'Object Repository/Maya/spy/android.widget.TextView0 - Your TAC no. is 822872v3' not found
	at com.kms.katalon.core.keyword.internal.KeywordMain.stepFailed(KeywordMain.groovy:39)
	at com.kms.katalon.core.mobile.keyword.internal.MobileKeywordMain.stepFailed(MobileKeywordMain.groovy:40)
	at com.kms.katalon.core.mobile.keyword.builtin.VerifyElementExistKeyword$_verifyElementExist_closure1.doCall(VerifyElementExistKeyword.groovy:77)
	at com.kms.katalon.core.mobile.keyword.builtin.VerifyElementExistKeyword$_verifyElementExist_closure1.call(VerifyElementExistKeyword.groovy)
	at com.kms.katalon.core.mobile.keyword.internal.MobileKeywordMain.runKeyword(MobileKeywordMain.groovy:21)
	at com.kms.katalon.core.mobile.keyword.builtin.VerifyElementExistKeyword.verifyElementExist(VerifyElementExistKeyword.groovy:80)
	at com.kms.katalon.core.mobile.keyword.builtin.VerifyElementExistKeyword.execute(VerifyElementExistKeyword.groovy:64)
	at com.kms.katalon.core.keyword.internal.KeywordExecutor.executeKeywordForPlatform(KeywordExecutor.groovy:72)
	at com.kms.katalon.core.mobile.keyword.MobileBuiltInKeywords.verifyElementExist(MobileBuiltInKeywords.groovy:809)
	at com.kms.katalon.core.mobile.keyword.MobileBuiltInKeywords$verifyElementExist$5.call(Unknown Source)
	at DuitNow Mobile.run(DuitNow Mobile:231)
	at com.kms.katalon.core.main.ScriptEngine.run(ScriptEngine.java:194)
	at com.kms.katalon.core.main.ScriptEngine.runScriptAsRawText(ScriptEngine.java:119)
	at com.kms.katalon.core.main.TestCaseExecutor.runScript(TestCaseExecutor.java:337)
	at com.kms.katalon.core.main.TestCaseExecutor.doExecute(TestCaseExecutor.java:328)
	at com.kms.katalon.core.main.TestCaseExecutor.processExecutionPhase(TestCaseExecutor.java:307)
	at com.kms.katalon.core.main.TestCaseExecutor.accessMainPhase(TestCaseExecutor.java:299)
	at com.kms.katalon.core.main.TestCaseExecutor.execute(TestCaseExecutor.java:233)
	at com.kms.katalon.core.main.TestSuiteExecutor.accessTestCaseMainPhase(TestSuiteExecutor.java:169)
	at com.kms.katalon.core.main.TestSuiteExecutor.accessTestSuiteMainPhase(TestSuiteExecutor.java:142)
	at com.kms.katalon.core.main.TestSuiteExecutor.execute(TestSuiteExecutor.java:91)
	at com.kms.katalon.core.main.TestCaseMain.startTestSuite(TestCaseMain.java:157)
	at com.kms.katalon.core.main.TestCaseMain$startTestSuite$0.call(Unknown Source)
	at TempTestSuite1597975583575.run(TempTestSuite1597975583575.groovy:36)
"/>
         <system-out><![CDATA[2020-08-21 10:06:28 - [TEST_CASE][FAILED] - Test Cases/JINU/DuitNowUpdate/DuitNow Mobile: Test Cases/JINU/DuitNowUpdate/DuitNow Mobile FAILED.
Reason:
com.kms.katalon.core.exception.StepFailedException: Element 'Object Repository/Maya/spy/android.widget.TextView0 - Your TAC no. is 822872v3' not found
	at com.kms.katalon.core.keyword.internal.KeywordMain.stepFailed(KeywordMain.groovy:39)
	at com.kms.katalon.core.mobile.keyword.internal.MobileKeywordMain.stepFailed(MobileKeywordMain.groovy:40)
	at com.kms.katalon.core.mobile.keyword.builtin.VerifyElementExistKeyword$_verifyElementExist_closure1.doCall(VerifyElementExistKeyword.groovy:77)
	at com.kms.katalon.core.mobile.keyword.builtin.VerifyElementExistKeyword$_verifyElementExist_closure1.call(VerifyElementExistKeyword.groovy)
	at com.kms.katalon.core.mobile.keyword.internal.MobileKeywordMain.runKeyword(MobileKeywordMain.groovy:21)
	at com.kms.katalon.core.mobile.keyword.builtin.VerifyElementExistKeyword.verifyElementExist(VerifyElementExistKeyword.groovy:80)
	at com.kms.katalon.core.mobile.keyword.builtin.VerifyElementExistKeyword.execute(VerifyElementExistKeyword.groovy:64)
	at com.kms.katalon.core.keyword.internal.KeywordExecutor.executeKeywordForPlatform(KeywordExecutor.groovy:72)
	at com.kms.katalon.core.mobile.keyword.MobileBuiltInKeywords.verifyElementExist(MobileBuiltInKeywords.groovy:809)
	at com.kms.katalon.core.mobile.keyword.MobileBuiltInKeywords$verifyElementExist$5.call(Unknown Source)
	at DuitNow Mobile.run(DuitNow Mobile:231)
	at com.kms.katalon.core.main.ScriptEngine.run(ScriptEngine.java:194)
	at com.kms.katalon.core.main.ScriptEngine.runScriptAsRawText(ScriptEngine.java:119)
	at com.kms.katalon.core.main.TestCaseExecutor.runScript(TestCaseExecutor.java:337)
	at com.kms.katalon.core.main.TestCaseExecutor.doExecute(TestCaseExecutor.java:328)
	at com.kms.katalon.core.main.TestCaseExecutor.processExecutionPhase(TestCaseExecutor.java:307)
	at com.kms.katalon.core.main.TestCaseExecutor.accessMainPhase(TestCaseExecutor.java:299)
	at com.kms.katalon.core.main.TestCaseExecutor.execute(TestCaseExecutor.java:233)
	at com.kms.katalon.core.main.TestSuiteExecutor.accessTestCaseMainPhase(TestSuiteExecutor.java:169)
	at com.kms.katalon.core.main.TestSuiteExecutor.accessTestSuiteMainPhase(TestSuiteExecutor.java:142)
	at com.kms.katalon.core.main.TestSuiteExecutor.execute(TestSuiteExecutor.java:91)
	at com.kms.katalon.core.main.TestCaseMain.startTestSuite(TestCaseMain.java:157)
	at com.kms.katalon.core.main.TestCaseMain$startTestSuite$0.call(Unknown Source)
	at TempTestSuite1597975583575.run(TempTestSuite1597975583575.groovy:36)


2020-08-21 10:06:29 - [TEST_STEP][PASSED] - startApplication("C:\Users\LENOVO\Katalon Studio\app-uat-universal-release.apk", false): Started app at: 'C:\Users\LENOVO\Katalon Studio\app-uat-universal-release.apk'

2020-08-21 10:06:29 - [MESSAGE][INFO] - User set preference: ['appWaitActivity', '*']

2020-08-21 10:06:29 - [MESSAGE][INFO] - User set preference: ['appWaitPackage', 'com.maybank2u.life.uat']

2020-08-21 10:06:29 - [MESSAGE][INFO] - User set preference: ['appWaitDuration', '50,000']

2020-08-21 10:06:29 - [MESSAGE][INFO] - User set preference: ['deviceId', '11cb9864']

2020-08-21 10:06:32 - [MESSAGE][INFO] - Appium server started on port 63,809

2020-08-21 10:06:56 - [MESSAGE][PASSED] - Started app at: 'C:\Users\LENOVO\Katalon Studio\app-uat-universal-release.apk'

2020-08-21 10:06:56 - [TEST_STEP][PASSED] - delay(10, STOP_ON_FAILURE): Delayed 10 second(s)

2020-08-21 10:07:06 - [MESSAGE][PASSED] - Delayed 10 second(s)

2020-08-21 10:07:06 - [TEST_STEP][PASSED] - tap(findTestObject("duitnow/android.widget.TextView0 - Transfer"), 10): Tapped on element 'Object Repository/duitnow/android.widget.TextView0 - Transfer'

2020-08-21 10:07:10 - [MESSAGE][PASSED] - Tapped on element 'Object Repository/duitnow/android.widget.TextView0 - Transfer'

2020-08-21 10:07:10 - [TEST_STEP][PASSED] - takeScreenshot("C:\Users\LENOVO\Screenshot\Third Party\Screenshot1", STOP_ON_FAILURE): Screenshot is taken

2020-08-21 10:07:11 - [MESSAGE][PASSED] - Screenshot is taken
[[ATTACHMENT|C:\\Users\\LENOVO\\Screenshot\\Third Party\\Screenshot1]]

2020-08-21 10:07:11 - [TEST_STEP][PASSED] - setText(findTestObject("duitnow/android.widget.EditText0"), "pass1234", 0): Text 'pass1234' has been set to element 'Object Repository/duitnow/android.widget.EditText0'

2020-08-21 10:07:12 - [MESSAGE][WARNING] - Timeout '0' is invalid. Using default page load timeout: '10'

2020-08-21 10:07:13 - [MESSAGE][PASSED] - Text 'pass1234' has been set to element 'Object Repository/duitnow/android.widget.EditText0'

2020-08-21 10:07:13 - [TEST_STEP][PASSED] - driver = getDriver(): null

2020-08-21 10:07:13 - [TEST_STEP][PASSED] - driver.pressKeyCode(ENTER): null

2020-08-21 10:07:14 - [TEST_STEP][PASSED] - takeScreenshot("C:\Users\LENOVO\Screenshot\Third Party\Screenshot2", STOP_ON_FAILURE): Screenshot is taken

2020-08-21 10:07:14 - [MESSAGE][PASSED] - Screenshot is taken
[[ATTACHMENT|C:\\Users\\LENOVO\\Screenshot\\Third Party\\Screenshot2]]

2020-08-21 10:07:14 - [TEST_STEP][PASSED] - delay(5, STOP_ON_FAILURE): Delayed 5 second(s)

2020-08-21 10:07:19 - [MESSAGE][PASSED] - Delayed 5 second(s)

2020-08-21 10:07:19 - [TEST_STEP][PASSED] - tapAndHoldAtPosition(627, 376, 2): Tapped and held at [627, 376] with duration 2

2020-08-21 10:07:23 - [MESSAGE][PASSED] - Tapped and held at [627, 376] with duration 2

2020-08-21 10:07:23 - [TEST_STEP][PASSED] - delay(2, STOP_ON_FAILURE): Delayed 2 second(s)

2020-08-21 10:07:25 - [MESSAGE][PASSED] - Delayed 2 second(s)

2020-08-21 10:07:25 - [TEST_STEP][PASSED] - tapAndHoldAtPosition(451, 727, 2): Tapped and held at [451, 727] with duration 2

2020-08-21 10:07:29 - [MESSAGE][PASSED] - Tapped and held at [451, 727] with duration 2

2020-08-21 10:07:29 - [TEST_STEP][PASSED] - delay(10, CONTINUE_ON_FAILURE): Delayed 10 second(s)

2020-08-21 10:07:39 - [MESSAGE][PASSED] - Delayed 10 second(s)

2020-08-21 10:07:39 - [TEST_STEP][PASSED] - getText(findTestObject("duitnow/android.widget.TextView0 - DuitNow"), 0): Text of element 'Object Repository/duitnow/android.widget.TextView0 - DuitNow' is: 'DuitNow'

2020-08-21 10:07:39 - [MESSAGE][WARNING] - Timeout '0' is invalid. Using default page load timeout: '10'

2020-08-21 10:07:40 - [MESSAGE][PASSED] - Text of element 'Object Repository/duitnow/android.widget.TextView0 - DuitNow' is: 'DuitNow'

2020-08-21 10:07:40 - [TEST_STEP][PASSED] - verifyElementExist(findTestObject("duitnow/android.widget.TextView0 - DuitNow"), 0): Element 'Object Repository/duitnow/android.widget.TextView0 - DuitNow' is exist

2020-08-21 10:07:40 - [MESSAGE][WARNING] - Timeout '0' is invalid. Using default page load timeout: '10'

2020-08-21 10:07:40 - [MESSAGE][PASSED] - Element 'Object Repository/duitnow/android.widget.TextView0 - DuitNow' is exist

2020-08-21 10:07:40 - [TEST_STEP][PASSED] - takeScreenshot("C:\Users\LENOVO\Screenshot\Third Party\Screenshot3", STOP_ON_FAILURE): Screenshot is taken

2020-08-21 10:07:41 - [MESSAGE][PASSED] - Screenshot is taken
[[ATTACHMENT|C:\\Users\\LENOVO\\Screenshot\\Third Party\\Screenshot3]]

2020-08-21 10:07:41 - [TEST_STEP][PASSED] - getText(findTestObject("duitnow/android.widget.TextView0 - ID type"), 0): Text of element 'Object Repository/duitnow/android.widget.TextView0 - ID type' is: 'ID type'

2020-08-21 10:07:41 - [MESSAGE][WARNING] - Timeout '0' is invalid. Using default page load timeout: '10'

2020-08-21 10:07:42 - [MESSAGE][PASSED] - Text of element 'Object Repository/duitnow/android.widget.TextView0 - ID type' is: 'ID type'

2020-08-21 10:07:42 - [TEST_STEP][PASSED] - verifyElementExist(findTestObject("duitnow/android.widget.TextView0 - ID type"), 0): Element 'Object Repository/duitnow/android.widget.TextView0 - ID type' is exist

2020-08-21 10:07:42 - [MESSAGE][WARNING] - Timeout '0' is invalid. Using default page load timeout: '10'

2020-08-21 10:07:42 - [MESSAGE][PASSED] - Element 'Object Repository/duitnow/android.widget.TextView0 - ID type' is exist

2020-08-21 10:07:42 - [TEST_STEP][PASSED] - getText(findTestObject("duitnow/android.widget.TextView0 - Mobile Number"), 0): Text of element 'Object Repository/duitnow/android.widget.TextView0 - Mobile Number' is: 'Mobile Number'

2020-08-21 10:07:42 - [MESSAGE][WARNING] - Timeout '0' is invalid. Using default page load timeout: '10'

2020-08-21 10:07:43 - [MESSAGE][PASSED] - Text of element 'Object Repository/duitnow/android.widget.TextView0 - Mobile Number' is: 'Mobile Number'

2020-08-21 10:07:43 - [TEST_STEP][PASSED] - verifyElementExist(findTestObject("duitnow/android.widget.TextView0 - Mobile Number"), 0): Element 'Object Repository/duitnow/android.widget.TextView0 - Mobile Number' is exist

2020-08-21 10:07:43 - [MESSAGE][WARNING] - Timeout '0' is invalid. Using default page load timeout: '10'

2020-08-21 10:07:44 - [MESSAGE][PASSED] - Element 'Object Repository/duitnow/android.widget.TextView0 - Mobile Number' is exist

2020-08-21 10:07:44 - [TEST_STEP][PASSED] - takeScreenshot("C:\Users\LENOVO\Screenshot\Third Party\Screenshot4", STOP_ON_FAILURE): Screenshot is taken

2020-08-21 10:07:44 - [MESSAGE][PASSED] - Screenshot is taken
[[ATTACHMENT|C:\\Users\\LENOVO\\Screenshot\\Third Party\\Screenshot4]]

2020-08-21 10:07:44 - [TEST_STEP][PASSED] - tap(findTestObject("duitnow/android.widget.ImageView0"), 0): Tapped on element 'Object Repository/duitnow/android.widget.ImageView0'

2020-08-21 10:07:45 - [MESSAGE][WARNING] - Timeout '0' is invalid. Using default page load timeout: '10'

2020-08-21 10:07:46 - [MESSAGE][PASSED] - Tapped on element 'Object Repository/duitnow/android.widget.ImageView0'

2020-08-21 10:07:46 - [TEST_STEP][PASSED] - tap(findTestObject("duitnow/android.widget.TextView0 - Home Doc"), 0): Tapped on element 'Object Repository/duitnow/android.widget.TextView0 - Home Doc'

2020-08-21 10:07:46 - [MESSAGE][WARNING] - Timeout '0' is invalid. Using default page load timeout: '10'

2020-08-21 10:07:49 - [MESSAGE][PASSED] - Tapped on element 'Object Repository/duitnow/android.widget.TextView0 - Home Doc'

2020-08-21 10:07:49 - [TEST_STEP][PASSED] - tap(findTestObject("duitnow/android.widget.TextView0 - Continue"), 0): Tapped on element 'Object Repository/duitnow/android.widget.TextView0 - Continue'

2020-08-21 10:07:49 - [MESSAGE][WARNING] - Timeout '0' is invalid. Using default page load timeout: '10'

2020-08-21 10:07:51 - [MESSAGE][PASSED] - Tapped on element 'Object Repository/duitnow/android.widget.TextView0 - Continue'

2020-08-21 10:07:51 - [TEST_STEP][PASSED] - delay(1, CONTINUE_ON_FAILURE): Delayed 1 second(s)

2020-08-21 10:07:52 - [MESSAGE][PASSED] - Delayed 1 second(s)

2020-08-21 10:07:52 - [TEST_STEP][PASSED] - takeScreenshot("C:\Users\LENOVO\Screenshot\Third Party\Screenshot5", STOP_ON_FAILURE): Screenshot is taken

2020-08-21 10:07:53 - [MESSAGE][PASSED] - Screenshot is taken
[[ATTACHMENT|C:\\Users\\LENOVO\\Screenshot\\Third Party\\Screenshot5]]

2020-08-21 10:07:53 - [TEST_STEP][PASSED] - verifyElementExist(findTestObject("Maya/duitnow Mobile/android.widget.TextView0 - The DuitNow ID entered is not valid."), 0): Element 'Object Repository/Maya/duitnow Mobile/android.widget.TextView0 - The DuitNow ID entered is not valid.' is exist

2020-08-21 10:07:53 - [MESSAGE][WARNING] - Timeout '0' is invalid. Using default page load timeout: '10'

2020-08-21 10:07:53 - [MESSAGE][PASSED] - Element 'Object Repository/Maya/duitnow Mobile/android.widget.TextView0 - The DuitNow ID entered is not valid.' is exist

2020-08-21 10:07:53 - [TEST_STEP][PASSED] - clearText(findTestObject("duitnow/android.widget.EditText0 - 918 1098 5083 3"), 0): Element 'Object Repository/duitnow/android.widget.EditText0 - 918 1098 5083 3' text is cleared

2020-08-21 10:07:53 - [MESSAGE][WARNING] - Timeout '0' is invalid. Using default page load timeout: '10'

2020-08-21 10:07:55 - [MESSAGE][PASSED] - Element 'Object Repository/duitnow/android.widget.EditText0 - 918 1098 5083 3' text is cleared

2020-08-21 10:07:55 - [TEST_STEP][PASSED] - setText(findTestObject("duitnow/android.widget.EditText0 (1)"), "123", 0): Text '123' has been set to element 'Object Repository/duitnow/android.widget.EditText0 (1)'

2020-08-21 10:07:55 - [MESSAGE][WARNING] - Timeout '0' is invalid. Using default page load timeout: '10'

2020-08-21 10:07:57 - [MESSAGE][PASSED] - Text '123' has been set to element 'Object Repository/duitnow/android.widget.EditText0 (1)'

2020-08-21 10:07:57 - [TEST_STEP][PASSED] - driver.pressKeyCode(ENTER): null

2020-08-21 10:07:58 - [TEST_STEP][PASSED] - tap(findTestObject("duitnow/android.widget.TextView0 - Continue"), 0): Tapped on element 'Object Repository/duitnow/android.widget.TextView0 - Continue'

2020-08-21 10:07:58 - [MESSAGE][WARNING] - Timeout '0' is invalid. Using default page load timeout: '10'

2020-08-21 10:08:00 - [MESSAGE][PASSED] - Tapped on element 'Object Repository/duitnow/android.widget.TextView0 - Continue'

2020-08-21 10:08:00 - [TEST_STEP][PASSED] - delay(3, CONTINUE_ON_FAILURE): Delayed 3 second(s)

2020-08-21 10:08:03 - [MESSAGE][PASSED] - Delayed 3 second(s)

2020-08-21 10:08:03 - [TEST_STEP][PASSED] - getText(findTestObject("duitnow/android.widget.TextView0 - Please input valid transfer details."), 0): Text of element 'Object Repository/duitnow/android.widget.TextView0 - Please input valid transfer details.' is: 'Please input valid transfer details.'

2020-08-21 10:08:03 - [MESSAGE][WARNING] - Timeout '0' is invalid. Using default page load timeout: '10'

2020-08-21 10:08:04 - [MESSAGE][PASSED] - Text of element 'Object Repository/duitnow/android.widget.TextView0 - Please input valid transfer details.' is: 'Please input valid transfer details.'

2020-08-21 10:08:04 - [TEST_STEP][PASSED] - takeScreenshot("C:\Users\LENOVO\Screenshot\Third Party\Screenshot6", STOP_ON_FAILURE): Screenshot is taken

2020-08-21 10:08:04 - [MESSAGE][PASSED] - Screenshot is taken
[[ATTACHMENT|C:\\Users\\LENOVO\\Screenshot\\Third Party\\Screenshot6]]

2020-08-21 10:08:04 - [TEST_STEP][PASSED] - verifyElementExist(findTestObject("duitnow/android.widget.TextView0 - Please input valid transfer details."), 0): Element 'Object Repository/duitnow/android.widget.TextView0 - Please input valid transfer details.' is exist

2020-08-21 10:08:04 - [MESSAGE][WARNING] - Timeout '0' is invalid. Using default page load timeout: '10'

2020-08-21 10:08:05 - [MESSAGE][PASSED] - Element 'Object Repository/duitnow/android.widget.TextView0 - Please input valid transfer details.' is exist

2020-08-21 10:08:05 - [TEST_STEP][PASSED] - delay(3, CONTINUE_ON_FAILURE): Delayed 3 second(s)

2020-08-21 10:08:08 - [MESSAGE][PASSED] - Delayed 3 second(s)

2020-08-21 10:08:08 - [TEST_STEP][PASSED] - clearText(findTestObject("duitnow/android.widget.EditText0 - 123"), 0, CONTINUE_ON_FAILURE): Element 'Object Repository/duitnow/android.widget.EditText0 - 123' text is cleared

2020-08-21 10:08:08 - [MESSAGE][WARNING] - Timeout '0' is invalid. Using default page load timeout: '10'

2020-08-21 10:08:09 - [MESSAGE][PASSED] - Element 'Object Repository/duitnow/android.widget.EditText0 - 123' text is cleared

2020-08-21 10:08:09 - [TEST_STEP][PASSED] - setText(findTestObject("duitnow/android.widget.EditText0 (1)"), "60109011236", 0): Text '60109011236' has been set to element 'Object Repository/duitnow/android.widget.EditText0 (1)'

2020-08-21 10:08:09 - [MESSAGE][WARNING] - Timeout '0' is invalid. Using default page load timeout: '10'

2020-08-21 10:08:10 - [MESSAGE][PASSED] - Text '60109011236' has been set to element 'Object Repository/duitnow/android.widget.EditText0 (1)'

2020-08-21 10:08:10 - [TEST_STEP][PASSED] - tap(findTestObject("duitnow/android.widget.TextView0 - Continue"), 0): Tapped on element 'Object Repository/duitnow/android.widget.TextView0 - Continue'

2020-08-21 10:08:11 - [MESSAGE][WARNING] - Timeout '0' is invalid. Using default page load timeout: '10'

2020-08-21 10:08:12 - [MESSAGE][PASSED] - Tapped on element 'Object Repository/duitnow/android.widget.TextView0 - Continue'

2020-08-21 10:08:12 - [TEST_STEP][PASSED] - delay(10, CONTINUE_ON_FAILURE): Delayed 10 second(s)

2020-08-21 10:08:22 - [MESSAGE][PASSED] - Delayed 10 second(s)

2020-08-21 10:08:22 - [TEST_STEP][PASSED] - getText(findTestObject("duitnow/android.widget.TextView0 - 601 3600 0045"), 0): Text of element 'Object Repository/duitnow/android.widget.TextView0 - 601 3600 0045' is: '601 0901 1236'

2020-08-21 10:08:23 - [MESSAGE][WARNING] - Timeout '0' is invalid. Using default page load timeout: '10'

2020-08-21 10:08:23 - [MESSAGE][PASSED] - Text of element 'Object Repository/duitnow/android.widget.TextView0 - 601 3600 0045' is: '601 0901 1236'

2020-08-21 10:08:23 - [TEST_STEP][PASSED] - verifyElementExist(findTestObject("duitnow/android.widget.TextView0 - 601 3600 0045"), 0): Element 'Object Repository/duitnow/android.widget.TextView0 - 601 3600 0045' is exist

2020-08-21 10:08:24 - [MESSAGE][WARNING] - Timeout '0' is invalid. Using default page load timeout: '10'

2020-08-21 10:08:24 - [MESSAGE][PASSED] - Element 'Object Repository/duitnow/android.widget.TextView0 - 601 3600 0045' is exist

2020-08-21 10:08:24 - [TEST_STEP][PASSED] - getText(findTestObject("duitnow/android.widget.TextView0 - Mobile Number (1)"), 0): Text of element 'Object Repository/duitnow/android.widget.TextView0 - Mobile Number (1)' is: 'Mobile Number'

2020-08-21 10:08:24 - [MESSAGE][WARNING] - Timeout '0' is invalid. Using default page load timeout: '10'

2020-08-21 10:08:24 - [MESSAGE][PASSED] - Text of element 'Object Repository/duitnow/android.widget.TextView0 - Mobile Number (1)' is: 'Mobile Number'

2020-08-21 10:08:24 - [TEST_STEP][PASSED] - takeScreenshot("C:\Users\LENOVO\Screenshot\Third Party\Screenshot7", STOP_ON_FAILURE): Screenshot is taken

2020-08-21 10:08:25 - [MESSAGE][PASSED] - Screenshot is taken
[[ATTACHMENT|C:\\Users\\LENOVO\\Screenshot\\Third Party\\Screenshot7]]

2020-08-21 10:08:25 - [TEST_STEP][PASSED] - verifyElementExist(findTestObject("duitnow/android.widget.TextView0 - Mobile Number (1)"), 0): Element 'Object Repository/duitnow/android.widget.TextView0 - Mobile Number (1)' is exist

2020-08-21 10:08:25 - [MESSAGE][WARNING] - Timeout '0' is invalid. Using default page load timeout: '10'

2020-08-21 10:08:26 - [MESSAGE][PASSED] - Element 'Object Repository/duitnow/android.widget.TextView0 - Mobile Number (1)' is exist

2020-08-21 10:08:26 - [TEST_STEP][PASSED] - delay(10, CONTINUE_ON_FAILURE): Delayed 10 second(s)

2020-08-21 10:08:36 - [MESSAGE][PASSED] - Delayed 10 second(s)

2020-08-21 10:08:36 - [TEST_STEP][PASSED] - getText(findTestObject("duitnow/android.widget.TextView0 - Enter amount"), 0): Text of element 'Object Repository/duitnow/android.widget.TextView0 - Enter amount' is: 'Enter amount'

2020-08-21 10:08:36 - [MESSAGE][WARNING] - Timeout '0' is invalid. Using default page load timeout: '10'

2020-08-21 10:08:36 - [MESSAGE][PASSED] - Text of element 'Object Repository/duitnow/android.widget.TextView0 - Enter amount' is: 'Enter amount'

2020-08-21 10:08:36 - [TEST_STEP][PASSED] - verifyElementExist(findTestObject("duitnow/android.widget.TextView0 - Enter amount"), 0): Element 'Object Repository/duitnow/android.widget.TextView0 - Enter amount' is exist

2020-08-21 10:08:36 - [MESSAGE][WARNING] - Timeout '0' is invalid. Using default page load timeout: '10'

2020-08-21 10:08:36 - [MESSAGE][PASSED] - Element 'Object Repository/duitnow/android.widget.TextView0 - Enter amount' is exist

2020-08-21 10:08:36 - [TEST_STEP][PASSED] - delay(0, CONTINUE_ON_FAILURE): Delayed 0 second(s)

2020-08-21 10:08:36 - [MESSAGE][PASSED] - Delayed 0 second(s)

2020-08-21 10:08:36 - [TEST_STEP][PASSED] - tap(findTestObject("duitnow/android.widget.ImageView0 (1)"), 0): Tapped on element 'Object Repository/duitnow/android.widget.ImageView0 (1)'

2020-08-21 10:08:37 - [MESSAGE][WARNING] - Timeout '0' is invalid. Using default page load timeout: '10'

2020-08-21 10:08:38 - [MESSAGE][PASSED] - Tapped on element 'Object Repository/duitnow/android.widget.ImageView0 (1)'

2020-08-21 10:08:38 - [TEST_STEP][PASSED] - driver.pressKeyCode(ENTER): null

2020-08-21 10:08:38 - [TEST_STEP][PASSED] - takeScreenshot("C:\Users\LENOVO\Screenshot\Third Party\Screenshot9", STOP_ON_FAILURE): Screenshot is taken

2020-08-21 10:08:39 - [MESSAGE][PASSED] - Screenshot is taken
[[ATTACHMENT|C:\\Users\\LENOVO\\Screenshot\\Third Party\\Screenshot9]]

2020-08-21 10:08:39 - [TEST_STEP][PASSED] - getText(findTestObject("duitnow/android.widget.TextView0 - Amount needs to be at least RM 0.01."), 0): Text of element 'Object Repository/duitnow/android.widget.TextView0 - Amount needs to be at least RM 0.01.' is: 'Amount needs to be at least RM 0.01.'

2020-08-21 10:08:39 - [MESSAGE][WARNING] - Timeout '0' is invalid. Using default page load timeout: '10'

2020-08-21 10:08:39 - [MESSAGE][PASSED] - Text of element 'Object Repository/duitnow/android.widget.TextView0 - Amount needs to be at least RM 0.01.' is: 'Amount needs to be at least RM 0.01.'

2020-08-21 10:08:39 - [TEST_STEP][PASSED] - verifyElementExist(findTestObject("duitnow/android.widget.TextView0 - Amount needs to be at least RM 0.01."), 0): Element 'Object Repository/duitnow/android.widget.TextView0 - Amount needs to be at least RM 0.01.' is exist

2020-08-21 10:08:39 - [MESSAGE][WARNING] - Timeout '0' is invalid. Using default page load timeout: '10'

2020-08-21 10:08:39 - [MESSAGE][PASSED] - Element 'Object Repository/duitnow/android.widget.TextView0 - Amount needs to be at least RM 0.01.' is exist

2020-08-21 10:08:39 - [TEST_STEP][PASSED] - delay(10, CONTINUE_ON_FAILURE): Delayed 10 second(s)

2020-08-21 10:08:49 - [MESSAGE][PASSED] - Delayed 10 second(s)

2020-08-21 10:08:49 - [TEST_STEP][PASSED] - tap(findTestObject("duitnow/android.widget.TextView0 - 2"), 0): Tapped on element 'Object Repository/duitnow/android.widget.TextView0 - 2'

2020-08-21 10:08:49 - [MESSAGE][WARNING] - Timeout '0' is invalid. Using default page load timeout: '10'

2020-08-21 10:08:50 - [MESSAGE][PASSED] - Tapped on element 'Object Repository/duitnow/android.widget.TextView0 - 2'

2020-08-21 10:08:50 - [TEST_STEP][PASSED] - tap(findTestObject("duitnow/android.widget.TextView0 - 0"), 0): Tapped on element 'Object Repository/duitnow/android.widget.TextView0 - 0'

2020-08-21 10:08:50 - [MESSAGE][WARNING] - Timeout '0' is invalid. Using default page load timeout: '10'

2020-08-21 10:08:55 - [MESSAGE][PASSED] - Tapped on element 'Object Repository/duitnow/android.widget.TextView0 - 0'

2020-08-21 10:08:55 - [TEST_STEP][PASSED] - tap(findTestObject("duitnow/android.widget.TextView0 - 0"), 0): Tapped on element 'Object Repository/duitnow/android.widget.TextView0 - 0'

2020-08-21 10:08:55 - [MESSAGE][WARNING] - Timeout '0' is invalid. Using default page load timeout: '10'

2020-08-21 10:08:59 - [MESSAGE][PASSED] - Tapped on element 'Object Repository/duitnow/android.widget.TextView0 - 0'

2020-08-21 10:08:59 - [TEST_STEP][PASSED] - takeScreenshot("C:\Users\LENOVO\Screenshot\Third Party\Screenshot10", STOP_ON_FAILURE): Screenshot is taken

2020-08-21 10:08:59 - [MESSAGE][PASSED] - Screenshot is taken
[[ATTACHMENT|C:\\Users\\LENOVO\\Screenshot\\Third Party\\Screenshot10]]

2020-08-21 10:08:59 - [TEST_STEP][PASSED] - tap(findTestObject("duitnow/android.widget.ImageView0 (1)"), 0): Tapped on element 'Object Repository/duitnow/android.widget.ImageView0 (1)'

2020-08-21 10:08:59 - [MESSAGE][WARNING] - Timeout '0' is invalid. Using default page load timeout: '10'

2020-08-21 10:09:01 - [MESSAGE][PASSED] - Tapped on element 'Object Repository/duitnow/android.widget.ImageView0 (1)'

2020-08-21 10:09:01 - [TEST_STEP][PASSED] - getText(findTestObject("duitnow/android.widget.TextView0 - Enter recipient reference"), 0): Text of element 'Object Repository/duitnow/android.widget.TextView0 - Enter recipient reference' is: 'Enter recipient reference'

2020-08-21 10:09:01 - [MESSAGE][WARNING] - Timeout '0' is invalid. Using default page load timeout: '10'

2020-08-21 10:09:03 - [MESSAGE][PASSED] - Text of element 'Object Repository/duitnow/android.widget.TextView0 - Enter recipient reference' is: 'Enter recipient reference'

2020-08-21 10:09:03 - [TEST_STEP][PASSED] - getText(findTestObject("duitnow/android.widget.TextView0 - 601 3600 0045 (1)"), 0): Text of element 'Object Repository/duitnow/android.widget.TextView0 - 601 3600 0045 (1)' is: '601 0901 1236'

2020-08-21 10:09:03 - [MESSAGE][WARNING] - Timeout '0' is invalid. Using default page load timeout: '10'

2020-08-21 10:09:03 - [MESSAGE][PASSED] - Text of element 'Object Repository/duitnow/android.widget.TextView0 - 601 3600 0045 (1)' is: '601 0901 1236'

2020-08-21 10:09:03 - [TEST_STEP][PASSED] - verifyElementExist(findTestObject("duitnow/android.widget.TextView0 - 601 3600 0045 (1)"), 0): Element 'Object Repository/duitnow/android.widget.TextView0 - 601 3600 0045 (1)' is exist

2020-08-21 10:09:03 - [MESSAGE][WARNING] - Timeout '0' is invalid. Using default page load timeout: '10'

2020-08-21 10:09:04 - [MESSAGE][PASSED] - Element 'Object Repository/duitnow/android.widget.TextView0 - 601 3600 0045 (1)' is exist

2020-08-21 10:09:04 - [TEST_STEP][PASSED] - hideKeyboard(): Keyboard is hidden

2020-08-21 10:09:08 - [MESSAGE][PASSED] - Keyboard is hidden

2020-08-21 10:09:08 - [TEST_STEP][PASSED] - tap(findTestObject("duitnow/android.widget.TextView0 - Continue (1)"), 0): Tapped on element 'Object Repository/duitnow/android.widget.TextView0 - Continue (1)'

2020-08-21 10:09:08 - [MESSAGE][WARNING] - Timeout '0' is invalid. Using default page load timeout: '10'

2020-08-21 10:09:11 - [MESSAGE][PASSED] - Tapped on element 'Object Repository/duitnow/android.widget.TextView0 - Continue (1)'

2020-08-21 10:09:11 - [TEST_STEP][PASSED] - setText(findTestObject("Maya/duitnow/android.widget.EditText0 (2)"), "@@", 0): Text '@@' has been set to element 'Object Repository/Maya/duitnow/android.widget.EditText0 (2)'

2020-08-21 10:09:11 - [MESSAGE][WARNING] - Timeout '0' is invalid. Using default page load timeout: '10'

2020-08-21 10:09:12 - [MESSAGE][PASSED] - Text '@@' has been set to element 'Object Repository/Maya/duitnow/android.widget.EditText0 (2)'

2020-08-21 10:09:12 - [TEST_STEP][PASSED] - driver.pressKeyCode(ENTER): null

2020-08-21 10:09:12 - [TEST_STEP][PASSED] - getText(findTestObject("Maya/duitnow/android.widget.TextView0 - Please input a valid recipient reference."), 0): Text of element 'Object Repository/Maya/duitnow/android.widget.TextView0 - Please input a valid recipient reference.' is: 'Please input a valid recipient reference.'

2020-08-21 10:09:12 - [MESSAGE][WARNING] - Timeout '0' is invalid. Using default page load timeout: '10'

2020-08-21 10:09:13 - [MESSAGE][PASSED] - Text of element 'Object Repository/Maya/duitnow/android.widget.TextView0 - Please input a valid recipient reference.' is: 'Please input a valid recipient reference.'

2020-08-21 10:09:13 - [TEST_STEP][PASSED] - takeScreenshot("C:\Users\LENOVO\Screenshot\Third Party\Screenshot11", STOP_ON_FAILURE): Screenshot is taken

2020-08-21 10:09:14 - [MESSAGE][PASSED] - Screenshot is taken
[[ATTACHMENT|C:\\Users\\LENOVO\\Screenshot\\Third Party\\Screenshot11]]

2020-08-21 10:09:14 - [TEST_STEP][PASSED] - verifyElementExist(findTestObject("Maya/duitnow/android.widget.TextView0 - Please input a valid recipient reference."), 0): Element 'Object Repository/Maya/duitnow/android.widget.TextView0 - Please input a valid recipient reference.' is exist

2020-08-21 10:09:14 - [MESSAGE][WARNING] - Timeout '0' is invalid. Using default page load timeout: '10'

2020-08-21 10:09:15 - [MESSAGE][PASSED] - Element 'Object Repository/Maya/duitnow/android.widget.TextView0 - Please input a valid recipient reference.' is exist

2020-08-21 10:09:15 - [TEST_STEP][PASSED] - clearText(findTestObject("Maya/duitnow/android.widget.EditText0 - "), 0): Element 'Object Repository/Maya/duitnow/android.widget.EditText0 - ' text is cleared

2020-08-21 10:09:15 - [MESSAGE][WARNING] - Timeout '0' is invalid. Using default page load timeout: '10'

2020-08-21 10:09:15 - [MESSAGE][PASSED] - Element 'Object Repository/Maya/duitnow/android.widget.EditText0 - ' text is cleared

2020-08-21 10:09:15 - [TEST_STEP][PASSED] - setText(findTestObject("Maya/duitnow/android.widget.EditText0 (3)"), "DuTest", 0): Text 'DuTest' has been set to element 'Object Repository/Maya/duitnow/android.widget.EditText0 (3)'

2020-08-21 10:09:15 - [MESSAGE][WARNING] - Timeout '0' is invalid. Using default page load timeout: '10'

2020-08-21 10:09:16 - [MESSAGE][PASSED] - Text 'DuTest' has been set to element 'Object Repository/Maya/duitnow/android.widget.EditText0 (3)'

2020-08-21 10:09:16 - [TEST_STEP][PASSED] - takeScreenshot("C:\Users\LENOVO\Screenshot\Third Party\Screenshot12", STOP_ON_FAILURE): Screenshot is taken

2020-08-21 10:09:17 - [MESSAGE][PASSED] - Screenshot is taken
[[ATTACHMENT|C:\\Users\\LENOVO\\Screenshot\\Third Party\\Screenshot12]]

2020-08-21 10:09:17 - [TEST_STEP][PASSED] - tap(findTestObject("Maya/duitnow/android.widget.TextView0 - Continue (1)"), 0): Tapped on element 'Object Repository/Maya/duitnow/android.widget.TextView0 - Continue (1)'

2020-08-21 10:09:17 - [MESSAGE][WARNING] - Timeout '0' is invalid. Using default page load timeout: '10'

2020-08-21 10:09:18 - [MESSAGE][PASSED] - Tapped on element 'Object Repository/Maya/duitnow/android.widget.TextView0 - Continue (1)'

2020-08-21 10:09:18 - [TEST_STEP][PASSED] - delay(5, CONTINUE_ON_FAILURE): Delayed 5 second(s)

2020-08-21 10:09:23 - [MESSAGE][PASSED] - Delayed 5 second(s)

2020-08-21 10:09:23 - [TEST_STEP][PASSED] - getText(findTestObject("Maya/duitnow/android.widget.TextView0 - Confirmation"), 0): Text of element 'Object Repository/Maya/duitnow/android.widget.TextView0 - Confirmation' is: 'Confirmation'

2020-08-21 10:09:24 - [MESSAGE][WARNING] - Timeout '0' is invalid. Using default page load timeout: '10'

2020-08-21 10:09:24 - [MESSAGE][PASSED] - Text of element 'Object Repository/Maya/duitnow/android.widget.TextView0 - Confirmation' is: 'Confirmation'

2020-08-21 10:09:24 - [TEST_STEP][PASSED] - getText(findTestObject("Maya/duitnow/android.widget.TextView0 - 601 3600 0045"), 0): Text of element 'Object Repository/Maya/duitnow/android.widget.TextView0 - 601 3600 0045' is: '601 0901 1236'

2020-08-21 10:09:24 - [MESSAGE][WARNING] - Timeout '0' is invalid. Using default page load timeout: '10'

2020-08-21 10:09:25 - [MESSAGE][PASSED] - Text of element 'Object Repository/Maya/duitnow/android.widget.TextView0 - 601 3600 0045' is: '601 0901 1236'

2020-08-21 10:09:25 - [TEST_STEP][PASSED] - takeScreenshot("C:\Users\LENOVO\Screenshot\Third Party\Screenshot13", STOP_ON_FAILURE): Screenshot is taken

2020-08-21 10:09:26 - [MESSAGE][PASSED] - Screenshot is taken
[[ATTACHMENT|C:\\Users\\LENOVO\\Screenshot\\Third Party\\Screenshot13]]

2020-08-21 10:09:26 - [TEST_STEP][PASSED] - verifyElementExist(findTestObject("Maya/duitnow/android.widget.TextView0 - 601 3600 0045"), 0): Element 'Object Repository/Maya/duitnow/android.widget.TextView0 - 601 3600 0045' is exist

2020-08-21 10:09:26 - [MESSAGE][WARNING] - Timeout '0' is invalid. Using default page load timeout: '10'

2020-08-21 10:09:27 - [MESSAGE][PASSED] - Element 'Object Repository/Maya/duitnow/android.widget.TextView0 - 601 3600 0045' is exist

2020-08-21 10:09:27 - [TEST_STEP][PASSED] - getText(findTestObject("Maya/duitnow/android.widget.TextView0 - Date"), 0): Text of element 'Object Repository/Maya/duitnow/android.widget.TextView0 - Date' is: 'Date'

2020-08-21 10:09:27 - [MESSAGE][WARNING] - Timeout '0' is invalid. Using default page load timeout: '10'

2020-08-21 10:09:27 - [MESSAGE][PASSED] - Text of element 'Object Repository/Maya/duitnow/android.widget.TextView0 - Date' is: 'Date'

2020-08-21 10:09:27 - [TEST_STEP][PASSED] - verifyElementExist(findTestObject("Maya/duitnow/android.widget.TextView0 - Date"), 0): Element 'Object Repository/Maya/duitnow/android.widget.TextView0 - Date' is exist

2020-08-21 10:09:27 - [MESSAGE][WARNING] - Timeout '0' is invalid. Using default page load timeout: '10'

2020-08-21 10:09:28 - [MESSAGE][PASSED] - Element 'Object Repository/Maya/duitnow/android.widget.TextView0 - Date' is exist

2020-08-21 10:09:28 - [TEST_STEP][PASSED] - tap(findTestObject("Maya/duitnow/android.widget.TextView0 - One-Off Transfer (1)"), 0): Tapped on element 'Object Repository/Maya/duitnow/android.widget.TextView0 - One-Off Transfer (1)'

2020-08-21 10:09:28 - [MESSAGE][WARNING] - Timeout '0' is invalid. Using default page load timeout: '10'

2020-08-21 10:09:30 - [MESSAGE][PASSED] - Tapped on element 'Object Repository/Maya/duitnow/android.widget.TextView0 - One-Off Transfer (1)'

2020-08-21 10:09:30 - [TEST_STEP][PASSED] - takeScreenshot("C:\Users\LENOVO\Screenshot\Third Party\Screenshot14", STOP_ON_FAILURE): Screenshot is taken

2020-08-21 10:09:30 - [MESSAGE][PASSED] - Screenshot is taken
[[ATTACHMENT|C:\\Users\\LENOVO\\Screenshot\\Third Party\\Screenshot14]]

2020-08-21 10:09:30 - [TEST_STEP][PASSED] - tap(findTestObject("Maya/duitnow/android.widget.TextView0 - Done (2)"), 0): Tapped on element 'Object Repository/Maya/duitnow/android.widget.TextView0 - Done (2)'

2020-08-21 10:09:31 - [MESSAGE][WARNING] - Timeout '0' is invalid. Using default page load timeout: '10'

2020-08-21 10:09:32 - [MESSAGE][PASSED] - Tapped on element 'Object Repository/Maya/duitnow/android.widget.TextView0 - Done (2)'

2020-08-21 10:09:32 - [TEST_STEP][PASSED] - getText(findTestObject("Maya/duitnow/android.widget.TextView0 - ID type"), 0): Text of element 'Object Repository/Maya/duitnow/android.widget.TextView0 - ID type' is: 'ID type'

2020-08-21 10:09:32 - [MESSAGE][WARNING] - Timeout '0' is invalid. Using default page load timeout: '10'

2020-08-21 10:09:33 - [MESSAGE][PASSED] - Text of element 'Object Repository/Maya/duitnow/android.widget.TextView0 - ID type' is: 'ID type'

2020-08-21 10:09:33 - [TEST_STEP][PASSED] - verifyElementExist(findTestObject("Maya/duitnow/android.widget.TextView0 - ID type"), 0): Element 'Object Repository/Maya/duitnow/android.widget.TextView0 - ID type' is exist

2020-08-21 10:09:33 - [MESSAGE][WARNING] - Timeout '0' is invalid. Using default page load timeout: '10'

2020-08-21 10:09:34 - [MESSAGE][PASSED] - Element 'Object Repository/Maya/duitnow/android.widget.TextView0 - ID type' is exist

2020-08-21 10:09:34 - [TEST_STEP][PASSED] - getText(findTestObject("Maya/duitnow/android.widget.TextView0 - Mobile Number"), 0): Text of element 'Object Repository/Maya/duitnow/android.widget.TextView0 - Mobile Number' is: 'Mobile Number'

2020-08-21 10:09:34 - [MESSAGE][WARNING] - Timeout '0' is invalid. Using default page load timeout: '10'

2020-08-21 10:09:35 - [MESSAGE][PASSED] - Text of element 'Object Repository/Maya/duitnow/android.widget.TextView0 - Mobile Number' is: 'Mobile Number'

2020-08-21 10:09:35 - [TEST_STEP][PASSED] - takeScreenshot("C:\Users\LENOVO\Screenshot\Third Party\Screenshot16", STOP_ON_FAILURE): Screenshot is taken

2020-08-21 10:09:36 - [MESSAGE][PASSED] - Screenshot is taken
[[ATTACHMENT|C:\\Users\\LENOVO\\Screenshot\\Third Party\\Screenshot16]]

2020-08-21 10:09:36 - [TEST_STEP][PASSED] - verifyElementExist(findTestObject("Maya/duitnow/android.widget.TextView0 - Mobile Number"), 0): Element 'Object Repository/Maya/duitnow/android.widget.TextView0 - Mobile Number' is exist

2020-08-21 10:09:36 - [MESSAGE][WARNING] - Timeout '0' is invalid. Using default page load timeout: '10'

2020-08-21 10:09:36 - [MESSAGE][PASSED] - Element 'Object Repository/Maya/duitnow/android.widget.TextView0 - Mobile Number' is exist

2020-08-21 10:09:36 - [TEST_STEP][PASSED] - tap(findTestObject("Maya/duitnow/android.widget.TextView0 - Today (2)"), 0): Tapped on element 'Object Repository/Maya/duitnow/android.widget.TextView0 - Today (2)'

2020-08-21 10:09:36 - [MESSAGE][WARNING] - Timeout '0' is invalid. Using default page load timeout: '10'

2020-08-21 10:09:39 - [MESSAGE][PASSED] - Tapped on element 'Object Repository/Maya/duitnow/android.widget.TextView0 - Today (2)'

2020-08-21 10:09:39 - [TEST_STEP][PASSED] - tap(findTestObject("Maya/duitnow/android.widget.TextView0 - One-Off Transfer (1)"), 0): Tapped on element 'Object Repository/Maya/duitnow/android.widget.TextView0 - One-Off Transfer (1)'

2020-08-21 10:09:39 - [MESSAGE][WARNING] - Timeout '0' is invalid. Using default page load timeout: '10'

2020-08-21 10:09:40 - [MESSAGE][PASSED] - Tapped on element 'Object Repository/Maya/duitnow/android.widget.TextView0 - One-Off Transfer (1)'

2020-08-21 10:09:40 - [TEST_STEP][PASSED] - takeScreenshot("C:\Users\LENOVO\Screenshot\Third Party\Screenshot17", STOP_ON_FAILURE): Screenshot is taken

2020-08-21 10:09:41 - [MESSAGE][PASSED] - Screenshot is taken
[[ATTACHMENT|C:\\Users\\LENOVO\\Screenshot\\Third Party\\Screenshot17]]

2020-08-21 10:09:41 - [TEST_STEP][PASSED] - tap(findTestObject("Maya/duitnow/android.widget.TextView0 - DuTest"), 0): Tapped on element 'Object Repository/Maya/duitnow/android.widget.TextView0 - DuTest'

2020-08-21 10:09:42 - [MESSAGE][WARNING] - Timeout '0' is invalid. Using default page load timeout: '10'

2020-08-21 10:09:43 - [MESSAGE][PASSED] - Tapped on element 'Object Repository/Maya/duitnow/android.widget.TextView0 - DuTest'

2020-08-21 10:09:43 - [TEST_STEP][PASSED] - getText(findTestObject("Maya/duitnow/android.widget.TextView0 - Enter recipient reference"), 0): Text of element 'Object Repository/Maya/duitnow/android.widget.TextView0 - Enter recipient reference' is: 'Enter recipient reference'

2020-08-21 10:09:43 - [MESSAGE][WARNING] - Timeout '0' is invalid. Using default page load timeout: '10'

2020-08-21 10:09:44 - [MESSAGE][PASSED] - Text of element 'Object Repository/Maya/duitnow/android.widget.TextView0 - Enter recipient reference' is: 'Enter recipient reference'

2020-08-21 10:09:44 - [TEST_STEP][PASSED] - verifyElementExist(findTestObject("Maya/duitnow/android.widget.TextView0 - Enter recipient reference"), 0): Element 'Object Repository/Maya/duitnow/android.widget.TextView0 - Enter recipient reference' is exist

2020-08-21 10:09:44 - [MESSAGE][WARNING] - Timeout '0' is invalid. Using default page load timeout: '10'

2020-08-21 10:09:44 - [MESSAGE][PASSED] - Element 'Object Repository/Maya/duitnow/android.widget.TextView0 - Enter recipient reference' is exist

2020-08-21 10:09:44 - [TEST_STEP][PASSED] - getText(findTestObject("Maya/duitnow/android.widget.TextView0 - Mobile Number"), 0): Text of element 'Object Repository/Maya/duitnow/android.widget.TextView0 - Mobile Number' is: 'Mobile Number'

2020-08-21 10:09:44 - [MESSAGE][WARNING] - Timeout '0' is invalid. Using default page load timeout: '10'

2020-08-21 10:09:44 - [MESSAGE][PASSED] - Text of element 'Object Repository/Maya/duitnow/android.widget.TextView0 - Mobile Number' is: 'Mobile Number'

2020-08-21 10:09:44 - [TEST_STEP][PASSED] - verifyElementExist(findTestObject("Maya/duitnow/android.widget.TextView0 - Mobile Number"), 0): Element 'Object Repository/Maya/duitnow/android.widget.TextView0 - Mobile Number' is exist

2020-08-21 10:09:44 - [MESSAGE][WARNING] - Timeout '0' is invalid. Using default page load timeout: '10'

2020-08-21 10:09:45 - [MESSAGE][PASSED] - Element 'Object Repository/Maya/duitnow/android.widget.TextView0 - Mobile Number' is exist

2020-08-21 10:09:45 - [TEST_STEP][PASSED] - tap(findTestObject("Maya/duitnow/android.widget.TextView0 - Continue (1)"), 0): Tapped on element 'Object Repository/Maya/duitnow/android.widget.TextView0 - Continue (1)'

2020-08-21 10:09:45 - [MESSAGE][WARNING] - Timeout '0' is invalid. Using default page load timeout: '10'

2020-08-21 10:09:47 - [MESSAGE][PASSED] - Tapped on element 'Object Repository/Maya/duitnow/android.widget.TextView0 - Continue (1)'

2020-08-21 10:09:47 - [TEST_STEP][PASSED] - tap(findTestObject("Maya/duitnow/android.widget.TextView0 - RM 0.25"), 0): Tapped on element 'Object Repository/Maya/duitnow/android.widget.TextView0 - RM 0.25'

2020-08-21 10:09:47 - [MESSAGE][WARNING] - Timeout '0' is invalid. Using default page load timeout: '10'

2020-08-21 10:09:48 - [MESSAGE][PASSED] - Tapped on element 'Object Repository/Maya/duitnow/android.widget.TextView0 - RM 0.25'

2020-08-21 10:09:48 - [TEST_STEP][PASSED] - getText(findTestObject("Maya/duitnow/android.widget.TextView0 - Enter amount"), 0): Text of element 'Object Repository/Maya/duitnow/android.widget.TextView0 - Enter amount' is: 'Enter amount'

2020-08-21 10:09:48 - [MESSAGE][WARNING] - Timeout '0' is invalid. Using default page load timeout: '10'

2020-08-21 10:09:49 - [MESSAGE][PASSED] - Text of element 'Object Repository/Maya/duitnow/android.widget.TextView0 - Enter amount' is: 'Enter amount'

2020-08-21 10:09:49 - [TEST_STEP][PASSED] - takeScreenshot("C:\Users\LENOVO\Screenshot\Third Party\Screenshot18", STOP_ON_FAILURE): Screenshot is taken

2020-08-21 10:09:50 - [MESSAGE][PASSED] - Screenshot is taken
[[ATTACHMENT|C:\\Users\\LENOVO\\Screenshot\\Third Party\\Screenshot18]]

2020-08-21 10:09:50 - [TEST_STEP][PASSED] - tap(findTestObject("Maya/duitnow/android.widget.ImageView0 (8)"), 0): Tapped on element 'Object Repository/Maya/duitnow/android.widget.ImageView0 (8)'

2020-08-21 10:09:50 - [MESSAGE][WARNING] - Timeout '0' is invalid. Using default page load timeout: '10'

2020-08-21 10:09:51 - [MESSAGE][PASSED] - Tapped on element 'Object Repository/Maya/duitnow/android.widget.ImageView0 (8)'

2020-08-21 10:09:51 - [TEST_STEP][PASSED] - tap(findTestObject("Maya/duitnow/android.widget.TextView0 - Transfer Now (2)"), 0): Tapped on element 'Object Repository/Maya/duitnow/android.widget.TextView0 - Transfer Now (2)'

2020-08-21 10:09:51 - [MESSAGE][WARNING] - Timeout '0' is invalid. Using default page load timeout: '10'

2020-08-21 10:09:54 - [MESSAGE][PASSED] - Tapped on element 'Object Repository/Maya/duitnow/android.widget.TextView0 - Transfer Now (2)'

2020-08-21 10:09:54 - [TEST_STEP][PASSED] - takeScreenshot("C:\Users\LENOVO\Screenshot\Third Party\Screenshot19", STOP_ON_FAILURE): Screenshot is taken

2020-08-21 10:09:55 - [MESSAGE][PASSED] - Screenshot is taken
[[ATTACHMENT|C:\\Users\\LENOVO\\Screenshot\\Third Party\\Screenshot19]]

2020-08-21 10:09:55 - [TEST_STEP][FAILED] - if (verifyElementExist(findTestObject("Maya/spy/android.widget.TextView0 - Your TAC no. is 822872v3"), 3)): Element 'Object Repository/Maya/spy/android.widget.TextView0 - Your TAC no. is 822872v3' not found

2020-08-21 10:09:59 - [MESSAGE][FAILED] - Element 'Object Repository/Maya/spy/android.widget.TextView0 - Your TAC no. is 822872v3' not found
[[ATTACHMENT|C:\\Users\\LENOVO\\Git_new\\Maya\\Reports\\20200821_100623\\Maya UAT\\UAT Test Suite\\20200821_100623\\1597975798814.png]]

2020-08-21 10:09:59 - [TEST_STEP][PASSED] - if (verifyElementExist(findTestObject("Maya/KLIA/android.widget.TextView0 - Approve"), 0)): null

2020-08-21 10:09:59 - [MESSAGE][WARNING] - Timeout '0' is invalid. Using default page load timeout: '10'

2020-08-21 10:10:00 - [MESSAGE][PASSED] - Element 'Object Repository/Maya/KLIA/android.widget.TextView0 - Approve' is exist

2020-08-21 10:10:00 - [TEST_STEP][PASSED] - delay(2, STOP_ON_FAILURE): Delayed 2 second(s)

2020-08-21 10:10:02 - [MESSAGE][PASSED] - Delayed 2 second(s)

2020-08-21 10:10:02 - [TEST_STEP][PASSED] - tap(findTestObject("Maya/KLIA/android.widget.TextView0 - Approve"), 0): Tapped on element 'Object Repository/Maya/KLIA/android.widget.TextView0 - Approve'

2020-08-21 10:10:02 - [MESSAGE][WARNING] - Timeout '0' is invalid. Using default page load timeout: '10'

2020-08-21 10:10:03 - [MESSAGE][PASSED] - Tapped on element 'Object Repository/Maya/KLIA/android.widget.TextView0 - Approve'

2020-08-21 10:10:03 - [TEST_STEP][PASSED] - delay(5, CONTINUE_ON_FAILURE): Delayed 5 second(s)

2020-08-21 10:10:08 - [MESSAGE][PASSED] - Delayed 5 second(s)

2020-08-21 10:10:08 - [TEST_STEP][PASSED] - getText(findTestObject("Maya/duitnow/android.widget.TextView0 - Reference ID (1)"), 0): Text of element 'Object Repository/Maya/duitnow/android.widget.TextView0 - Reference ID (1)' is: 'Reference ID'

2020-08-21 10:10:08 - [MESSAGE][WARNING] - Timeout '0' is invalid. Using default page load timeout: '10'

2020-08-21 10:10:08 - [MESSAGE][PASSED] - Text of element 'Object Repository/Maya/duitnow/android.widget.TextView0 - Reference ID (1)' is: 'Reference ID'

2020-08-21 10:10:08 - [TEST_STEP][PASSED] - verifyElementExist(findTestObject("Maya/duitnow/android.widget.TextView0 - Reference ID (1)"), 0): Element 'Object Repository/Maya/duitnow/android.widget.TextView0 - Reference ID (1)' is exist

2020-08-21 10:10:08 - [MESSAGE][WARNING] - Timeout '0' is invalid. Using default page load timeout: '10'

2020-08-21 10:10:09 - [MESSAGE][PASSED] - Element 'Object Repository/Maya/duitnow/android.widget.TextView0 - Reference ID (1)' is exist

2020-08-21 10:10:09 - [TEST_STEP][PASSED] - takeScreenshot("C:\Users\LENOVO\Screenshot\Third Party\Screenshot20", STOP_ON_FAILURE): Screenshot is taken

2020-08-21 10:10:09 - [MESSAGE][PASSED] - Screenshot is taken
[[ATTACHMENT|C:\\Users\\LENOVO\\Screenshot\\Third Party\\Screenshot20]]

2020-08-21 10:10:09 - [TEST_STEP][PASSED] - getText(findTestObject("Maya/duitnow/android.widget.TextView0 - Date  time (1)"), 0): Text of element 'Object Repository/Maya/duitnow/android.widget.TextView0 - Date  time (1)' is: 'Date & time'

2020-08-21 10:10:10 - [MESSAGE][WARNING] - Timeout '0' is invalid. Using default page load timeout: '10'

2020-08-21 10:10:10 - [MESSAGE][PASSED] - Text of element 'Object Repository/Maya/duitnow/android.widget.TextView0 - Date  time (1)' is: 'Date & time'

2020-08-21 10:10:10 - [TEST_STEP][PASSED] - verifyElementExist(findTestObject("Maya/duitnow/android.widget.TextView0 - Date  time (1)"), 0): Element 'Object Repository/Maya/duitnow/android.widget.TextView0 - Date  time (1)' is exist

2020-08-21 10:10:10 - [MESSAGE][WARNING] - Timeout '0' is invalid. Using default page load timeout: '10'

2020-08-21 10:10:10 - [MESSAGE][PASSED] - Element 'Object Repository/Maya/duitnow/android.widget.TextView0 - Date  time (1)' is exist

2020-08-21 10:10:10 - [TEST_STEP][PASSED] - takeScreenshot("C:\Users\LENOVO\Screenshot\Third Party\Screenshot22", STOP_ON_FAILURE): Screenshot is taken

2020-08-21 10:10:11 - [MESSAGE][PASSED] - Screenshot is taken
[[ATTACHMENT|C:\\Users\\LENOVO\\Screenshot\\Third Party\\Screenshot22]]

2020-08-21 10:10:11 - [TEST_STEP][PASSED] - getText(findTestObject("Maya/New_Transfer/android.widget.TextView0 - Transfer successful"), 0, STOP_ON_FAILURE): Text of element 'Object Repository/Maya/New_Transfer/android.widget.TextView0 - Transfer successful' is: 'Transfer successful'

2020-08-21 10:10:11 - [MESSAGE][WARNING] - Timeout '0' is invalid. Using default page load timeout: '10'

2020-08-21 10:10:11 - [MESSAGE][PASSED] - Text of element 'Object Repository/Maya/New_Transfer/android.widget.TextView0 - Transfer successful' is: 'Transfer successful'

2020-08-21 10:10:11 - [TEST_STEP][PASSED] - takeScreenshot("C:\Users\LENOVO\Screenshot\Third Party\Screenshot21", STOP_ON_FAILURE): Screenshot is taken

2020-08-21 10:10:12 - [MESSAGE][PASSED] - Screenshot is taken
[[ATTACHMENT|C:\\Users\\LENOVO\\Screenshot\\Third Party\\Screenshot21]]

2020-08-21 10:10:12 - [TEST_STEP][PASSED] - verifyElementExist(findTestObject("Maya/New_Transfer/android.widget.TextView0 - Transfer successful"), 0): Element 'Object Repository/Maya/New_Transfer/android.widget.TextView0 - Transfer successful' is exist

2020-08-21 10:10:12 - [MESSAGE][WARNING] - Timeout '0' is invalid. Using default page load timeout: '10'

2020-08-21 10:10:13 - [MESSAGE][PASSED] - Element 'Object Repository/Maya/New_Transfer/android.widget.TextView0 - Transfer successful' is exist

2020-08-21 10:10:13 - [TEST_STEP][PASSED] - getText(findTestObject("Maya/New_Transfer/android.widget.TextView0 - 17180008563M"), 0): Text of element 'Object Repository/Maya/New_Transfer/android.widget.TextView0 - 17180008563M' is: '17180777020M'

2020-08-21 10:10:13 - [MESSAGE][WARNING] - Timeout '0' is invalid. Using default page load timeout: '10'

2020-08-21 10:10:14 - [MESSAGE][PASSED] - Text of element 'Object Repository/Maya/New_Transfer/android.widget.TextView0 - 17180008563M' is: '17180777020M'

2020-08-21 10:10:14 - [TEST_STEP][PASSED] - verifyElementExist(findTestObject("Maya/New_Transfer/android.widget.TextView0 - 17180008563M"), 0): Element 'Object Repository/Maya/New_Transfer/android.widget.TextView0 - 17180008563M' is exist

2020-08-21 10:10:14 - [MESSAGE][WARNING] - Timeout '0' is invalid. Using default page load timeout: '10'

2020-08-21 10:10:14 - [MESSAGE][PASSED] - Element 'Object Repository/Maya/New_Transfer/android.widget.TextView0 - 17180008563M' is exist

2020-08-21 10:10:14 - [TEST_STEP][PASSED] - getText(findTestObject("Maya/New_Transfer/android.widget.TextView0 - 08 JUL 2020 1055 PM"), 0): Text of element 'Object Repository/Maya/New_Transfer/android.widget.TextView0 - 08 JUL 2020 1055 PM' is: '21 Aug 2020, 10:09 AM'

2020-08-21 10:10:14 - [MESSAGE][WARNING] - Timeout '0' is invalid. Using default page load timeout: '10'

2020-08-21 10:10:15 - [MESSAGE][PASSED] - Text of element 'Object Repository/Maya/New_Transfer/android.widget.TextView0 - 08 JUL 2020 1055 PM' is: '21 Aug 2020, 10:09 AM'

2020-08-21 10:10:15 - [TEST_STEP][PASSED] - verifyElementExist(findTestObject("Maya/New_Transfer/android.widget.TextView0 - 08 JUL 2020 1055 PM"), 0): Element 'Object Repository/Maya/New_Transfer/android.widget.TextView0 - 08 JUL 2020 1055 PM' is exist

2020-08-21 10:10:15 - [MESSAGE][WARNING] - Timeout '0' is invalid. Using default page load timeout: '10'

2020-08-21 10:10:15 - [MESSAGE][PASSED] - Element 'Object Repository/Maya/New_Transfer/android.widget.TextView0 - 08 JUL 2020 1055 PM' is exist

2020-08-21 10:10:15 - [TEST_STEP][PASSED] - tap(findTestObject("Maya/New_Transfer/android.widget.TextView0 - Share Receipt"), 0): Tapped on element 'Object Repository/Maya/New_Transfer/android.widget.TextView0 - Share Receipt'

2020-08-21 10:10:15 - [MESSAGE][WARNING] - Timeout '0' is invalid. Using default page load timeout: '10'

2020-08-21 10:10:16 - [MESSAGE][PASSED] - Tapped on element 'Object Repository/Maya/New_Transfer/android.widget.TextView0 - Share Receipt'

2020-08-21 10:10:16 - [TEST_STEP][PASSED] - delay(8, CONTINUE_ON_FAILURE): Delayed 8 second(s)

2020-08-21 10:10:24 - [MESSAGE][PASSED] - Delayed 8 second(s)

2020-08-21 10:10:24 - [TEST_STEP][NOT_RUN] - tap(findTestObject("Maya/New_Transfer/android.widget.ImageView0 (9)"), 0): NOT_RUN: tap(findTestObject("Maya/New_Transfer/android.widget.ImageView0 (9)"), 0)

2020-08-21 10:10:24 - [MESSAGE][NOT_RUN] - NOT_RUN: tap(findTestObject("Maya/New_Transfer/android.widget.ImageView0 (9)"), 0)

2020-08-21 10:10:24 - [TEST_STEP][NOT_RUN] - tap(findTestObject("Maya/New_Transfer/android.widget.Button0 - Cancel (1)"), 0): NOT_RUN: tap(findTestObject("Maya/New_Transfer/android.widget.Button0 - Cancel (1)"), 0)

2020-08-21 10:10:24 - [MESSAGE][NOT_RUN] - NOT_RUN: tap(findTestObject("Maya/New_Transfer/android.widget.Button0 - Cancel (1)"), 0)

2020-08-21 10:10:24 - [TEST_STEP][PASSED] - getText(findTestObject("Maya/New_Transfer/android.widget.TextView0 - Share Receipt (1)"), 0): Text of element 'Object Repository/Maya/New_Transfer/android.widget.TextView0 - Share Receipt (1)' is: 'Share Receipt'

2020-08-21 10:10:24 - [MESSAGE][WARNING] - Timeout '0' is invalid. Using default page load timeout: '10'

2020-08-21 10:10:25 - [MESSAGE][PASSED] - Text of element 'Object Repository/Maya/New_Transfer/android.widget.TextView0 - Share Receipt (1)' is: 'Share Receipt'

2020-08-21 10:10:25 - [TEST_STEP][PASSED] - verifyElementExist(findTestObject("Maya/New_Transfer/android.widget.TextView0 - Share Receipt (1)"), 0): Element 'Object Repository/Maya/New_Transfer/android.widget.TextView0 - Share Receipt (1)' is exist

2020-08-21 10:10:25 - [MESSAGE][WARNING] - Timeout '0' is invalid. Using default page load timeout: '10'

2020-08-21 10:10:25 - [MESSAGE][PASSED] - Element 'Object Repository/Maya/New_Transfer/android.widget.TextView0 - Share Receipt (1)' is exist

2020-08-21 10:10:25 - [TEST_STEP][NOT_RUN] - tap(findTestObject("Maya/New_Transfer/android.widget.ImageView0 (10)"), 0): NOT_RUN: tap(findTestObject("Maya/New_Transfer/android.widget.ImageView0 (10)"), 0)

2020-08-21 10:10:25 - [MESSAGE][NOT_RUN] - NOT_RUN: tap(findTestObject("Maya/New_Transfer/android.widget.ImageView0 (10)"), 0)

2020-08-21 10:10:25 - [TEST_STEP][NOT_RUN] - tap(findTestObject("Maya/New_Transfer/android.widget.TextView0 - Share Receipt"), 0): NOT_RUN: tap(findTestObject("Maya/New_Transfer/android.widget.TextView0 - Share Receipt"), 0)

2020-08-21 10:10:25 - [MESSAGE][NOT_RUN] - NOT_RUN: tap(findTestObject("Maya/New_Transfer/android.widget.TextView0 - Share Receipt"), 0)

2020-08-21 10:10:25 - [TEST_STEP][PASSED] - getText(findTestObject("Maya/New_Transfer/android.view.View0 - 17180008563M"), 0): Text of element 'Object Repository/Maya/New_Transfer/android.view.View0 - 17180008563M' is: 'Reference ID'

2020-08-21 10:10:25 - [MESSAGE][WARNING] - Timeout '0' is invalid. Using default page load timeout: '10'

2020-08-21 10:10:26 - [MESSAGE][PASSED] - Text of element 'Object Repository/Maya/New_Transfer/android.view.View0 - 17180008563M' is: 'Reference ID'

2020-08-21 10:10:26 - [TEST_STEP][PASSED] - takeScreenshot("C:\Users\LENOVO\Screenshot\Third Party\Screenshot24", STOP_ON_FAILURE): Screenshot is taken

2020-08-21 10:10:27 - [MESSAGE][PASSED] - Screenshot is taken
[[ATTACHMENT|C:\\Users\\LENOVO\\Screenshot\\Third Party\\Screenshot24]]

2020-08-21 10:10:27 - [TEST_STEP][PASSED] - verifyElementExist(findTestObject("Maya/New_Transfer/android.view.View0 - 17180008563M"), 0): Element 'Object Repository/Maya/New_Transfer/android.view.View0 - 17180008563M' is exist

2020-08-21 10:10:27 - [MESSAGE][WARNING] - Timeout '0' is invalid. Using default page load timeout: '10'

2020-08-21 10:10:27 - [MESSAGE][PASSED] - Element 'Object Repository/Maya/New_Transfer/android.view.View0 - 17180008563M' is exist

2020-08-21 10:10:27 - [TEST_STEP][PASSED] - getText(findTestObject("Maya/New_Transfer/android.view.View0 - Beneficiary name"), 0): Text of element 'Object Repository/Maya/New_Transfer/android.view.View0 - Beneficiary name' is: 'Beneficiary name'

2020-08-21 10:10:28 - [MESSAGE][WARNING] - Timeout '0' is invalid. Using default page load timeout: '10'

2020-08-21 10:10:28 - [MESSAGE][PASSED] - Text of element 'Object Repository/Maya/New_Transfer/android.view.View0 - Beneficiary name' is: 'Beneficiary name'

2020-08-21 10:10:28 - [TEST_STEP][PASSED] - verifyElementExist(findTestObject("Maya/New_Transfer/android.view.View0 - Beneficiary name"), 0): Element 'Object Repository/Maya/New_Transfer/android.view.View0 - Beneficiary name' is exist

2020-08-21 10:10:28 - [MESSAGE][WARNING] - Timeout '0' is invalid. Using default page load timeout: '10'

2020-08-21 10:10:28 - [MESSAGE][PASSED] - Element 'Object Repository/Maya/New_Transfer/android.view.View0 - Beneficiary name' is exist

2020-08-21 10:10:28 - [TEST_STEP][PASSED] - getText(findTestObject("Maya/New_Transfer/android.view.View0 - Amount"), 0): Text of element 'Object Repository/Maya/New_Transfer/android.view.View0 - Amount' is: 'Amount'

2020-08-21 10:10:28 - [MESSAGE][WARNING] - Timeout '0' is invalid. Using default page load timeout: '10'

2020-08-21 10:10:29 - [MESSAGE][PASSED] - Text of element 'Object Repository/Maya/New_Transfer/android.view.View0 - Amount' is: 'Amount'

2020-08-21 10:10:29 - [TEST_STEP][PASSED] - verifyElementExist(findTestObject("Maya/New_Transfer/android.view.View0 - Amount"), 0): Element 'Object Repository/Maya/New_Transfer/android.view.View0 - Amount' is exist

2020-08-21 10:10:29 - [MESSAGE][WARNING] - Timeout '0' is invalid. Using default page load timeout: '10'

2020-08-21 10:10:29 - [MESSAGE][PASSED] - Element 'Object Repository/Maya/New_Transfer/android.view.View0 - Amount' is exist

2020-08-21 10:10:29 - [TEST_STEP][PASSED] - getText(findTestObject("Maya/New_Transfer/android.view.View0 - Recipient reference"), 0): Text of element 'Object Repository/Maya/New_Transfer/android.view.View0 - Recipient reference' is: 'Recipient reference'

2020-08-21 10:10:29 - [MESSAGE][WARNING] - Timeout '0' is invalid. Using default page load timeout: '10'

2020-08-21 10:10:29 - [MESSAGE][PASSED] - Text of element 'Object Repository/Maya/New_Transfer/android.view.View0 - Recipient reference' is: 'Recipient reference'

2020-08-21 10:10:29 - [TEST_STEP][PASSED] - getText(findTestObject("Maya/New_Transfer/android.view.View0 - Test"), 0): Text of element 'Object Repository/Maya/New_Transfer/android.view.View0 - Test' is: 'DuitNow ID number'

2020-08-21 10:10:30 - [MESSAGE][WARNING] - Timeout '0' is invalid. Using default page load timeout: '10'

2020-08-21 10:10:30 - [MESSAGE][PASSED] - Text of element 'Object Repository/Maya/New_Transfer/android.view.View0 - Test' is: 'DuitNow ID number'

2020-08-21 10:10:30 - [TEST_STEP][PASSED] - getText(findTestObject("Maya/NRICduitnow/android.view.View0 - Beneficiary name"), 0): Text of element 'Object Repository/Maya/NRICduitnow/android.view.View0 - Beneficiary name' is: 'Beneficiary name'

2020-08-21 10:10:30 - [MESSAGE][WARNING] - Timeout '0' is invalid. Using default page load timeout: '10'

2020-08-21 10:10:30 - [MESSAGE][PASSED] - Text of element 'Object Repository/Maya/NRICduitnow/android.view.View0 - Beneficiary name' is: 'Beneficiary name'

2020-08-21 10:10:30 - [TEST_STEP][PASSED] - getText(findTestObject("Maya/duitnow Mobile/android.view.View0 - Mobile Number"), 0): Text of element 'Object Repository/Maya/duitnow Mobile/android.view.View0 - Mobile Number' is: 'Mobile Number'

2020-08-21 10:10:30 - [MESSAGE][WARNING] - Timeout '0' is invalid. Using default page load timeout: '10'

2020-08-21 10:10:31 - [MESSAGE][PASSED] - Text of element 'Object Repository/Maya/duitnow Mobile/android.view.View0 - Mobile Number' is: 'Mobile Number'

2020-08-21 10:10:31 - [TEST_STEP][PASSED] - getText(findTestObject("Maya/duitnow Mobile/android.view.View0 - 601 0901 1236"), 0): Text of element 'Object Repository/Maya/duitnow Mobile/android.view.View0 - 601 0901 1236' is: '601 0901 1236'

2020-08-21 10:10:31 - [MESSAGE][WARNING] - Timeout '0' is invalid. Using default page load timeout: '10'

2020-08-21 10:10:32 - [MESSAGE][PASSED] - Text of element 'Object Repository/Maya/duitnow Mobile/android.view.View0 - 601 0901 1236' is: '601 0901 1236'

2020-08-21 10:10:32 - [TEST_STEP][PASSED] - getText(findTestObject("Maya/NRICduitnow/android.view.View0 - DuitNow ID type"), 0): Text of element 'Object Repository/Maya/NRICduitnow/android.view.View0 - DuitNow ID type' is: 'DuitNow ID type'

2020-08-21 10:10:32 - [MESSAGE][WARNING] - Timeout '0' is invalid. Using default page load timeout: '10'

2020-08-21 10:10:32 - [MESSAGE][PASSED] - Text of element 'Object Repository/Maya/NRICduitnow/android.view.View0 - DuitNow ID type' is: 'DuitNow ID type'

2020-08-21 10:10:32 - [TEST_STEP][PASSED] - verifyElementExist(findTestObject("Maya/New_Transfer/android.view.View0 - RM 2.00"), 0): Element 'Object Repository/Maya/New_Transfer/android.view.View0 - RM 2.00' is exist

2020-08-21 10:10:32 - [MESSAGE][WARNING] - Timeout '0' is invalid. Using default page load timeout: '10'

2020-08-21 10:10:33 - [MESSAGE][PASSED] - Element 'Object Repository/Maya/New_Transfer/android.view.View0 - RM 2.00' is exist

2020-08-21 10:10:33 - [TEST_STEP][PASSED] - verifyElementExist(findTestObject("Maya/New_Transfer/android.view.View0 - Test"), 0): Element 'Object Repository/Maya/New_Transfer/android.view.View0 - Test' is exist

2020-08-21 10:10:33 - [MESSAGE][WARNING] - Timeout '0' is invalid. Using default page load timeout: '10'

2020-08-21 10:10:33 - [MESSAGE][PASSED] - Element 'Object Repository/Maya/New_Transfer/android.view.View0 - Test' is exist

2020-08-21 10:10:33 - [TEST_STEP][PASSED] - verifyElementExist(findTestObject("Maya/New_Transfer/android.view.View0 - Recipient reference"), 0): Element 'Object Repository/Maya/New_Transfer/android.view.View0 - Recipient reference' is exist

2020-08-21 10:10:33 - [MESSAGE][WARNING] - Timeout '0' is invalid. Using default page load timeout: '10'

2020-08-21 10:10:34 - [MESSAGE][PASSED] - Element 'Object Repository/Maya/New_Transfer/android.view.View0 - Recipient reference' is exist

2020-08-21 10:10:34 - [TEST_STEP][PASSED] - verifyElementExist(findTestObject("Maya/New_Transfer/android.view.View0 - Test"), 0): Element 'Object Repository/Maya/New_Transfer/android.view.View0 - Test' is exist

2020-08-21 10:10:34 - [MESSAGE][WARNING] - Timeout '0' is invalid. Using default page load timeout: '10'

2020-08-21 10:10:34 - [MESSAGE][PASSED] - Element 'Object Repository/Maya/New_Transfer/android.view.View0 - Test' is exist

2020-08-21 10:10:34 - [TEST_STEP][PASSED] - swipe(831, 1382, 800, 100): Swiped from 831,1,382 to 800,100

2020-08-21 10:10:35 - [MESSAGE][PASSED] - Swiped from 831,1,382 to 800,100

2020-08-21 10:10:35 - [TEST_STEP][PASSED] - delay(5, STOP_ON_FAILURE): Delayed 5 second(s)

2020-08-21 10:10:40 - [MESSAGE][PASSED] - Delayed 5 second(s)

2020-08-21 10:10:40 - [TEST_STEP][PASSED] - getText(findTestObject("Maya/drop4 CR/android.view.View0 - RM 2.00"), 0): Text of element 'Object Repository/Maya/drop4 CR/android.view.View0 - RM 2.00' is: 'RM 2.00'

2020-08-21 10:10:40 - [MESSAGE][WARNING] - Timeout '0' is invalid. Using default page load timeout: '10'

2020-08-21 10:10:41 - [MESSAGE][PASSED] - Text of element 'Object Repository/Maya/drop4 CR/android.view.View0 - RM 2.00' is: 'RM 2.00'

2020-08-21 10:10:41 - [TEST_STEP][PASSED] - verifyElementExist(findTestObject("Maya/drop4 CR/android.view.View0 - RM 2.00"), 0): Element 'Object Repository/Maya/drop4 CR/android.view.View0 - RM 2.00' is exist

2020-08-21 10:10:41 - [MESSAGE][WARNING] - Timeout '0' is invalid. Using default page load timeout: '10'

2020-08-21 10:10:41 - [MESSAGE][PASSED] - Element 'Object Repository/Maya/drop4 CR/android.view.View0 - RM 2.00' is exist

2020-08-21 10:10:41 - [TEST_STEP][PASSED] - getText(findTestObject("Maya/New_Transfer/android.view.View0 - Beneficiary name"), 0): Text of element 'Object Repository/Maya/New_Transfer/android.view.View0 - Beneficiary name' is: 'Beneficiary name'

2020-08-21 10:10:41 - [MESSAGE][WARNING] - Timeout '0' is invalid. Using default page load timeout: '10'

2020-08-21 10:10:41 - [MESSAGE][PASSED] - Text of element 'Object Repository/Maya/New_Transfer/android.view.View0 - Beneficiary name' is: 'Beneficiary name'

2020-08-21 10:10:41 - [TEST_STEP][PASSED] - verifyElementExist(findTestObject("Maya/New_Transfer/android.view.View0 - Beneficiary name"), 0): Element 'Object Repository/Maya/New_Transfer/android.view.View0 - Beneficiary name' is exist

2020-08-21 10:10:41 - [MESSAGE][WARNING] - Timeout '0' is invalid. Using default page load timeout: '10'

2020-08-21 10:10:42 - [MESSAGE][PASSED] - Element 'Object Repository/Maya/New_Transfer/android.view.View0 - Beneficiary name' is exist

2020-08-21 10:10:42 - [TEST_STEP][PASSED] - getText(findTestObject("Maya/Third Party CA account/android.widget.TextView0 - Note This receipt is computer generated and no signature is required."), 0): Text of element 'Object Repository/Maya/Third Party CA account/android.widget.TextView0 - Note This receipt is computer generated and no signature is required.' is: 'Note: This receipt is computer generated and no signature is required.'

2020-08-21 10:10:42 - [MESSAGE][WARNING] - Timeout '0' is invalid. Using default page load timeout: '10'

2020-08-21 10:10:42 - [MESSAGE][PASSED] - Text of element 'Object Repository/Maya/Third Party CA account/android.widget.TextView0 - Note This receipt is computer generated and no signature is required.' is: 'Note: This receipt is computer generated and no signature is required.'

2020-08-21 10:10:42 - [TEST_STEP][PASSED] - getText(findTestObject("Maya/Third Party CA account/android.widget.TextView0 - Malayan Banking Berhad (Co. Reg.  196001000142)"), 0): Text of element 'Object Repository/Maya/Third Party CA account/android.widget.TextView0 - Malayan Banking Berhad (Co. Reg.  196001000142)' is: 'Malayan Banking Berhad (Co. Reg. : 196001000142)'

2020-08-21 10:10:42 - [MESSAGE][WARNING] - Timeout '0' is invalid. Using default page load timeout: '10'

2020-08-21 10:10:42 - [MESSAGE][PASSED] - Text of element 'Object Repository/Maya/Third Party CA account/android.widget.TextView0 - Malayan Banking Berhad (Co. Reg.  196001000142)' is: 'Malayan Banking Berhad (Co. Reg. : 196001000142)'

2020-08-21 10:10:42 - [TEST_STEP][PASSED] - getText(findTestObject("Maya/Third Party CA account/android.widget.TextView0 - Maybank Islamic Berhad (Co. Reg.  200701029411)"), 0): Text of element 'Object Repository/Maya/Third Party CA account/android.widget.TextView0 - Maybank Islamic Berhad (Co. Reg.  200701029411)' is: 'Maybank Islamic Berhad (Co. Reg. : 200701029411)'

2020-08-21 10:10:42 - [MESSAGE][WARNING] - Timeout '0' is invalid. Using default page load timeout: '10'

2020-08-21 10:10:43 - [MESSAGE][PASSED] - Text of element 'Object Repository/Maya/Third Party CA account/android.widget.TextView0 - Maybank Islamic Berhad (Co. Reg.  200701029411)' is: 'Maybank Islamic Berhad (Co. Reg. : 200701029411)'

2020-08-21 10:10:43 - [TEST_STEP][PASSED] - tap(findTestObject("Maya/New_Transfer/android.widget.ImageView0 (10)"), 0): Tapped on element 'Object Repository/Maya/New_Transfer/android.widget.ImageView0 (10)'

2020-08-21 10:10:43 - [MESSAGE][WARNING] - Timeout '0' is invalid. Using default page load timeout: '10'

2020-08-21 10:10:44 - [MESSAGE][PASSED] - Tapped on element 'Object Repository/Maya/New_Transfer/android.widget.ImageView0 (10)'

2020-08-21 10:10:44 - [TEST_STEP][PASSED] - tap(findTestObject("Maya/New_Transfer/android.widget.TextView0 - Add to Favourites"), 0): Tapped on element 'Object Repository/Maya/New_Transfer/android.widget.TextView0 - Add to Favourites'

2020-08-21 10:10:44 - [MESSAGE][WARNING] - Timeout '0' is invalid. Using default page load timeout: '10'

2020-08-21 10:10:47 - [MESSAGE][PASSED] - Tapped on element 'Object Repository/Maya/New_Transfer/android.widget.TextView0 - Add to Favourites'

2020-08-21 10:10:47 - [TEST_STEP][PASSED] - getText(findTestObject("Maya/New_Transfer/android.widget.TextView0 - Add as Favourites"), 0): Text of element 'Object Repository/Maya/New_Transfer/android.widget.TextView0 - Add as Favourites' is: 'Add as Favourites'

2020-08-21 10:10:47 - [MESSAGE][WARNING] - Timeout '0' is invalid. Using default page load timeout: '10'

2020-08-21 10:10:47 - [MESSAGE][PASSED] - Text of element 'Object Repository/Maya/New_Transfer/android.widget.TextView0 - Add as Favourites' is: 'Add as Favourites'

2020-08-21 10:10:47 - [TEST_STEP][PASSED] - takeScreenshot("C:\Users\LENOVO\Screenshot\Third Party\Screenshot25", STOP_ON_FAILURE): Screenshot is taken

2020-08-21 10:10:48 - [MESSAGE][PASSED] - Screenshot is taken
[[ATTACHMENT|C:\\Users\\LENOVO\\Screenshot\\Third Party\\Screenshot25]]

2020-08-21 10:10:48 - [TEST_STEP][PASSED] - tap(findTestObject("Maya/New_Transfer/android.widget.TextView0 - Add to Favourites (1)"), 0): Tapped on element 'Object Repository/Maya/New_Transfer/android.widget.TextView0 - Add to Favourites (1)'

2020-08-21 10:10:48 - [MESSAGE][WARNING] - Timeout '0' is invalid. Using default page load timeout: '10'

2020-08-21 10:10:51 - [MESSAGE][PASSED] - Tapped on element 'Object Repository/Maya/New_Transfer/android.widget.TextView0 - Add to Favourites (1)'

2020-08-21 10:10:51 - [TEST_STEP][PASSED] - takeScreenshot("C:\Users\LENOVO\Screenshot\Third Party\Screenshot23", STOP_ON_FAILURE): Screenshot is taken

2020-08-21 10:10:52 - [MESSAGE][PASSED] - Screenshot is taken
[[ATTACHMENT|C:\\Users\\LENOVO\\Screenshot\\Third Party\\Screenshot23]]

2020-08-21 10:10:52 - [TEST_STEP][PASSED] - getText(findTestObject("Maya/New_Transfer/android.widget.TextView0 - SANDY LAM HUI MING Successfully added to Favourites"), 0): Text of element 'Object Repository/Maya/New_Transfer/android.widget.TextView0 - SANDY LAM HUI MING Successfully added to Favourites' is: 'Record already exists.'

2020-08-21 10:10:52 - [MESSAGE][WARNING] - Timeout '0' is invalid. Using default page load timeout: '10'

2020-08-21 10:10:52 - [MESSAGE][PASSED] - Text of element 'Object Repository/Maya/New_Transfer/android.widget.TextView0 - SANDY LAM HUI MING Successfully added to Favourites' is: 'Record already exists.'

2020-08-21 10:10:52 - [TEST_STEP][PASSED] - delay(5, CONTINUE_ON_FAILURE): Delayed 5 second(s)

2020-08-21 10:10:57 - [MESSAGE][PASSED] - Delayed 5 second(s)

2020-08-21 10:10:57 - [TEST_STEP][PASSED] - tap(findTestObject("Maya/New_Transfer/android.widget.TextView0 - Done (1)"), 0): Tapped on element 'Object Repository/Maya/New_Transfer/android.widget.TextView0 - Done (1)'

2020-08-21 10:10:57 - [MESSAGE][WARNING] - Timeout '0' is invalid. Using default page load timeout: '10'

2020-08-21 10:11:01 - [MESSAGE][PASSED] - Tapped on element 'Object Repository/Maya/New_Transfer/android.widget.TextView0 - Done (1)'

2020-08-21 10:11:01 - [TEST_STEP][PASSED] - delay(3, CONTINUE_ON_FAILURE): Delayed 3 second(s)

2020-08-21 10:11:04 - [MESSAGE][PASSED] - Delayed 3 second(s)

2020-08-21 10:11:04 - [TEST_STEP][PASSED] - takeScreenshot("C:\Users\LENOVO\Screenshot\Third Party\Screenshot26", STOP_ON_FAILURE): Screenshot is taken

2020-08-21 10:11:05 - [MESSAGE][PASSED] - Screenshot is taken
[[ATTACHMENT|C:\\Users\\LENOVO\\Screenshot\\Third Party\\Screenshot26]]

2020-08-21 10:11:05 - [TEST_STEP][NOT_RUN] - tap(findTestObject("Maya/New_Transfer/android.widget.ImageView0 (11)"), 0): NOT_RUN: tap(findTestObject("Maya/New_Transfer/android.widget.ImageView0 (11)"), 0)

2020-08-21 10:11:05 - [MESSAGE][NOT_RUN] - NOT_RUN: tap(findTestObject("Maya/New_Transfer/android.widget.ImageView0 (11)"), 0)

2020-08-21 10:11:05 - [TEST_STEP][PASSED] - tap(findTestObject("Maya/New_Transfer/android.widget.TextView0 - Wallet"), 0): Tapped on element 'Object Repository/Maya/New_Transfer/android.widget.TextView0 - Wallet'

2020-08-21 10:11:06 - [MESSAGE][WARNING] - Timeout '0' is invalid. Using default page load timeout: '10'

2020-08-21 10:11:08 - [MESSAGE][PASSED] - Tapped on element 'Object Repository/Maya/New_Transfer/android.widget.TextView0 - Wallet'

2020-08-21 10:11:08 - [TEST_STEP][PASSED] - tap(findTestObject("Maya/New_Transfer/android.widget.TextView0 - View Transactions"), 0): Tapped on element 'Object Repository/Maya/New_Transfer/android.widget.TextView0 - View Transactions'

2020-08-21 10:11:08 - [MESSAGE][WARNING] - Timeout '0' is invalid. Using default page load timeout: '10'

2020-08-21 10:11:10 - [MESSAGE][PASSED] - Tapped on element 'Object Repository/Maya/New_Transfer/android.widget.TextView0 - View Transactions'

2020-08-21 10:11:10 - [TEST_STEP][PASSED] - delay(2, STOP_ON_FAILURE): Delayed 2 second(s)

2020-08-21 10:11:12 - [MESSAGE][PASSED] - Delayed 2 second(s)

2020-08-21 10:11:12 - [TEST_STEP][PASSED] - takeScreenshot("C:\Users\LENOVO\Screenshot\Third Party\Screenshot27", STOP_ON_FAILURE): Screenshot is taken

2020-08-21 10:11:13 - [MESSAGE][PASSED] - Screenshot is taken
[[ATTACHMENT|C:\\Users\\LENOVO\\Screenshot\\Third Party\\Screenshot27]]

2020-08-21 10:11:13 - [TEST_STEP][PASSED] - delay(3, CONTINUE_ON_FAILURE): Delayed 3 second(s)

2020-08-21 10:11:16 - [MESSAGE][PASSED] - Delayed 3 second(s)

2020-08-21 10:11:16 - [TEST_STEP][PASSED] - delay(2, STOP_ON_FAILURE): Delayed 2 second(s)

2020-08-21 10:11:18 - [MESSAGE][PASSED] - Delayed 2 second(s)

2020-08-21 10:11:18 - [TEST_STEP][PASSED] - getText(findTestObject("Maya/duitnow Mobile/android.widget.TextView0 - DUITNOW GO WEE SEONG  06DuTest"), 0): Text of element 'Object Repository/Maya/duitnow Mobile/android.widget.TextView0 - DUITNOW GO WEE SEONG  06DuTest' is: 'DUITNOW GO WEE SEONG * 06DuTest'

2020-08-21 10:11:18 - [MESSAGE][WARNING] - Timeout '0' is invalid. Using default page load timeout: '10'

2020-08-21 10:11:18 - [MESSAGE][PASSED] - Text of element 'Object Repository/Maya/duitnow Mobile/android.widget.TextView0 - DUITNOW GO WEE SEONG  06DuTest' is: 'DUITNOW GO WEE SEONG * 06DuTest'

2020-08-21 10:11:18 - [TEST_STEP][PASSED] - getText(findTestObject("Maya/spy/android.widget.TextView0 - -RM 2.00"), 0): Text of element 'Object Repository/Maya/spy/android.widget.TextView0 - -RM 2.00' is: '-RM 2.00'

2020-08-21 10:11:18 - [MESSAGE][WARNING] - Timeout '0' is invalid. Using default page load timeout: '10'

2020-08-21 10:11:19 - [MESSAGE][PASSED] - Text of element 'Object Repository/Maya/spy/android.widget.TextView0 - -RM 2.00' is: '-RM 2.00'

2020-08-21 10:11:19 - [TEST_STEP][PASSED] - delay(3, CONTINUE_ON_FAILURE): Delayed 3 second(s)

2020-08-21 10:11:22 - [MESSAGE][PASSED] - Delayed 3 second(s)

2020-08-21 10:11:22 - [TEST_STEP][PASSED] - delay(3, CONTINUE_ON_FAILURE): Delayed 3 second(s)

2020-08-21 10:11:25 - [MESSAGE][PASSED] - Delayed 3 second(s)

2020-08-21 10:11:25 - [TEST_STEP][PASSED] - takeScreenshot("C:\Users\LENOVO\Screenshot\Third Party\Screenshot20", STOP_ON_FAILURE): Screenshot is taken

2020-08-21 10:11:26 - [MESSAGE][PASSED] - Screenshot is taken
[[ATTACHMENT|C:\\Users\\LENOVO\\Screenshot\\Third Party\\Screenshot20]]

2020-08-21 10:11:26 - [TEST_STEP][PASSED] - tap(findTestObject("Maya/KLIA/android.widget.TextView0 - Home"), 0): Tapped on element 'Object Repository/Maya/KLIA/android.widget.TextView0 - Home'

2020-08-21 10:11:26 - [MESSAGE][WARNING] - Timeout '0' is invalid. Using default page load timeout: '10'

2020-08-21 10:11:38 - [MESSAGE][PASSED] - Tapped on element 'Object Repository/Maya/KLIA/android.widget.TextView0 - Home'

2020-08-21 10:11:38 - [TEST_STEP][PASSED] - tap(findTestObject("Maya/KLIA/android.widget.TextView0 - More (1)"), 0): Tapped on element 'Object Repository/Maya/KLIA/android.widget.TextView0 - More (1)'

2020-08-21 10:11:38 - [MESSAGE][WARNING] - Timeout '0' is invalid. Using default page load timeout: '10'

2020-08-21 10:11:51 - [MESSAGE][PASSED] - Tapped on element 'Object Repository/Maya/KLIA/android.widget.TextView0 - More (1)'

2020-08-21 10:11:51 - [TEST_STEP][PASSED] - tap(findTestObject("Maya/KLIA/android.widget.TextView0 - Notifications"), 0): Tapped on element 'Object Repository/Maya/KLIA/android.widget.TextView0 - Notifications'

2020-08-21 10:11:51 - [MESSAGE][WARNING] - Timeout '0' is invalid. Using default page load timeout: '10'

2020-08-21 10:11:53 - [MESSAGE][PASSED] - Tapped on element 'Object Repository/Maya/KLIA/android.widget.TextView0 - Notifications'

2020-08-21 10:11:53 - [TEST_STEP][PASSED] - getText(findTestObject("Maya/NRIC Passport/android.widget.TextView0 - Today"), 0): Text of element 'Object Repository/Maya/NRIC Passport/android.widget.TextView0 - Today' is: 'Today'

2020-08-21 10:11:53 - [MESSAGE][WARNING] - Timeout '0' is invalid. Using default page load timeout: '10'

2020-08-21 10:11:57 - [MESSAGE][PASSED] - Text of element 'Object Repository/Maya/NRIC Passport/android.widget.TextView0 - Today' is: 'Today'

2020-08-21 10:11:57 - [TEST_STEP][PASSED] - getText(findTestObject("Maya/NRIC Passport/android.widget.TextView0 - Maybank2u Transfer"), 0): Text of element 'Object Repository/Maya/NRIC Passport/android.widget.TextView0 - Maybank2u Transfer' is: 'Maybank2u: Transfer'

2020-08-21 10:11:57 - [MESSAGE][WARNING] - Timeout '0' is invalid. Using default page load timeout: '10'

2020-08-21 10:11:58 - [MESSAGE][PASSED] - Text of element 'Object Repository/Maya/NRIC Passport/android.widget.TextView0 - Maybank2u Transfer' is: 'Maybank2u: Transfer'

2020-08-21 10:11:58 - [TEST_STEP][PASSED] - getText(findTestObject("Maya/duitnow Mobile/android.widget.TextView0 - DuitNow of RM 2.00 to GO WEE SEONG. Mobile Number  1236. REF 17180692312M"), 0): Text of element 'Object Repository/Maya/duitnow Mobile/android.widget.TextView0 - DuitNow of RM 2.00 to GO WEE SEONG. Mobile Number  1236. REF 17180692312M' is: 'DuitNow of RM 2.00 to GO WEE SEONG. Mobile Number : ****1236. REF: 17180777020M'

2020-08-21 10:11:58 - [MESSAGE][WARNING] - Timeout '0' is invalid. Using default page load timeout: '10'

2020-08-21 10:12:00 - [MESSAGE][PASSED] - Text of element 'Object Repository/Maya/duitnow Mobile/android.widget.TextView0 - DuitNow of RM 2.00 to GO WEE SEONG. Mobile Number  1236. REF 17180692312M' is: 'DuitNow of RM 2.00 to GO WEE SEONG. Mobile Number : ****1236. REF: 17180777020M'

2020-08-21 10:12:00 - [TEST_STEP][PASSED] - takeScreenshot("C:\Users\LENOVO\Screenshot\DuitNow\Screen39.png", CONTINUE_ON_FAILURE): Screenshot is taken

2020-08-21 10:12:00 - [MESSAGE][PASSED] - Screenshot is taken
[[ATTACHMENT|C:\\Users\\LENOVO\\Screenshot\\DuitNow\\Screen39.png]]]]></system-out>
         <system-err><![CDATA[2020-08-21 10:06:28 - [TEST_CASE][FAILED] - Test Cases/JINU/DuitNowUpdate/DuitNow Mobile: Test Cases/JINU/DuitNowUpdate/DuitNow Mobile FAILED.
Reason:
com.kms.katalon.core.exception.StepFailedException: Element 'Object Repository/Maya/spy/android.widget.TextView0 - Your TAC no. is 822872v3' not found
	at com.kms.katalon.core.keyword.internal.KeywordMain.stepFailed(KeywordMain.groovy:39)
	at com.kms.katalon.core.mobile.keyword.internal.MobileKeywordMain.stepFailed(MobileKeywordMain.groovy:40)
	at com.kms.katalon.core.mobile.keyword.builtin.VerifyElementExistKeyword$_verifyElementExist_closure1.doCall(VerifyElementExistKeyword.groovy:77)
	at com.kms.katalon.core.mobile.keyword.builtin.VerifyElementExistKeyword$_verifyElementExist_closure1.call(VerifyElementExistKeyword.groovy)
	at com.kms.katalon.core.mobile.keyword.internal.MobileKeywordMain.runKeyword(MobileKeywordMain.groovy:21)
	at com.kms.katalon.core.mobile.keyword.builtin.VerifyElementExistKeyword.verifyElementExist(VerifyElementExistKeyword.groovy:80)
	at com.kms.katalon.core.mobile.keyword.builtin.VerifyElementExistKeyword.execute(VerifyElementExistKeyword.groovy:64)
	at com.kms.katalon.core.keyword.internal.KeywordExecutor.executeKeywordForPlatform(KeywordExecutor.groovy:72)
	at com.kms.katalon.core.mobile.keyword.MobileBuiltInKeywords.verifyElementExist(MobileBuiltInKeywords.groovy:809)
	at com.kms.katalon.core.mobile.keyword.MobileBuiltInKeywords$verifyElementExist$5.call(Unknown Source)
	at DuitNow Mobile.run(DuitNow Mobile:231)
	at com.kms.katalon.core.main.ScriptEngine.run(ScriptEngine.java:194)
	at com.kms.katalon.core.main.ScriptEngine.runScriptAsRawText(ScriptEngine.java:119)
	at com.kms.katalon.core.main.TestCaseExecutor.runScript(TestCaseExecutor.java:337)
	at com.kms.katalon.core.main.TestCaseExecutor.doExecute(TestCaseExecutor.java:328)
	at com.kms.katalon.core.main.TestCaseExecutor.processExecutionPhase(TestCaseExecutor.java:307)
	at com.kms.katalon.core.main.TestCaseExecutor.accessMainPhase(TestCaseExecutor.java:299)
	at com.kms.katalon.core.main.TestCaseExecutor.execute(TestCaseExecutor.java:233)
	at com.kms.katalon.core.main.TestSuiteExecutor.accessTestCaseMainPhase(TestSuiteExecutor.java:169)
	at com.kms.katalon.core.main.TestSuiteExecutor.accessTestSuiteMainPhase(TestSuiteExecutor.java:142)
	at com.kms.katalon.core.main.TestSuiteExecutor.execute(TestSuiteExecutor.java:91)
	at com.kms.katalon.core.main.TestCaseMain.startTestSuite(TestCaseMain.java:157)
	at com.kms.katalon.core.main.TestCaseMain$startTestSuite$0.call(Unknown Source)
	at TempTestSuite1597975583575.run(TempTestSuite1597975583575.groovy:36)]]></system-err>
      </testcase>
      <system-out><![CDATA[2020-08-21 10:06:27 - [TEST_SUITE][FAILED] - UAT Test Suite: Test Cases/JINU/DuitNowUpdate/DuitNow Mobile FAILED.
Reason:
com.kms.katalon.core.exception.StepFailedException: Element 'Object Repository/Maya/spy/android.widget.TextView0 - Your TAC no. is 822872v3' not found
	at com.kms.katalon.core.keyword.internal.KeywordMain.stepFailed(KeywordMain.groovy:39)
	at com.kms.katalon.core.mobile.keyword.internal.MobileKeywordMain.stepFailed(MobileKeywordMain.groovy:40)
	at com.kms.katalon.core.mobile.keyword.builtin.VerifyElementExistKeyword$_verifyElementExist_closure1.doCall(VerifyElementExistKeyword.groovy:77)
	at com.kms.katalon.core.mobile.keyword.builtin.VerifyElementExistKeyword$_verifyElementExist_closure1.call(VerifyElementExistKeyword.groovy)
	at com.kms.katalon.core.mobile.keyword.internal.MobileKeywordMain.runKeyword(MobileKeywordMain.groovy:21)
	at com.kms.katalon.core.mobile.keyword.builtin.VerifyElementExistKeyword.verifyElementExist(VerifyElementExistKeyword.groovy:80)
	at com.kms.katalon.core.mobile.keyword.builtin.VerifyElementExistKeyword.execute(VerifyElementExistKeyword.groovy:64)
	at com.kms.katalon.core.keyword.internal.KeywordExecutor.executeKeywordForPlatform(KeywordExecutor.groovy:72)
	at com.kms.katalon.core.mobile.keyword.MobileBuiltInKeywords.verifyElementExist(MobileBuiltInKeywords.groovy:809)
	at com.kms.katalon.core.mobile.keyword.MobileBuiltInKeywords$verifyElementExist$5.call(Unknown Source)
	at DuitNow Mobile.run(DuitNow Mobile:231)
	at com.kms.katalon.core.main.ScriptEngine.run(ScriptEngine.java:194)
	at com.kms.katalon.core.main.ScriptEngine.runScriptAsRawText(ScriptEngine.java:119)
	at com.kms.katalon.core.main.TestCaseExecutor.runScript(TestCaseExecutor.java:337)
	at com.kms.katalon.core.main.TestCaseExecutor.doExecute(TestCaseExecutor.java:328)
	at com.kms.katalon.core.main.TestCaseExecutor.processExecutionPhase(TestCaseExecutor.java:307)
	at com.kms.katalon.core.main.TestCaseExecutor.accessMainPhase(TestCaseExecutor.java:299)
	at com.kms.katalon.core.main.TestCaseExecutor.execute(TestCaseExecutor.java:233)
	at com.kms.katalon.core.main.TestSuiteExecutor.accessTestCaseMainPhase(TestSuiteExecutor.java:169)
	at com.kms.katalon.core.main.TestSuiteExecutor.accessTestSuiteMainPhase(TestSuiteExecutor.java:142)
	at com.kms.katalon.core.main.TestSuiteExecutor.execute(TestSuiteExecutor.java:91)
	at com.kms.katalon.core.main.TestCaseMain.startTestSuite(TestCaseMain.java:157)
	at com.kms.katalon.core.main.TestCaseMain$startTestSuite$0.call(Unknown Source)
	at TempTestSuite1597975583575.run(TempTestSuite1597975583575.groovy:36)]]></system-out>
      <system-err><![CDATA[2020-08-21 10:06:27 - [TEST_SUITE][FAILED] - UAT Test Suite: Test Cases/JINU/DuitNowUpdate/DuitNow Mobile FAILED.
Reason:
com.kms.katalon.core.exception.StepFailedException: Element 'Object Repository/Maya/spy/android.widget.TextView0 - Your TAC no. is 822872v3' not found
	at com.kms.katalon.core.keyword.internal.KeywordMain.stepFailed(KeywordMain.groovy:39)
	at com.kms.katalon.core.mobile.keyword.internal.MobileKeywordMain.stepFailed(MobileKeywordMain.groovy:40)
	at com.kms.katalon.core.mobile.keyword.builtin.VerifyElementExistKeyword$_verifyElementExist_closure1.doCall(VerifyElementExistKeyword.groovy:77)
	at com.kms.katalon.core.mobile.keyword.builtin.VerifyElementExistKeyword$_verifyElementExist_closure1.call(VerifyElementExistKeyword.groovy)
	at com.kms.katalon.core.mobile.keyword.internal.MobileKeywordMain.runKeyword(MobileKeywordMain.groovy:21)
	at com.kms.katalon.core.mobile.keyword.builtin.VerifyElementExistKeyword.verifyElementExist(VerifyElementExistKeyword.groovy:80)
	at com.kms.katalon.core.mobile.keyword.builtin.VerifyElementExistKeyword.execute(VerifyElementExistKeyword.groovy:64)
	at com.kms.katalon.core.keyword.internal.KeywordExecutor.executeKeywordForPlatform(KeywordExecutor.groovy:72)
	at com.kms.katalon.core.mobile.keyword.MobileBuiltInKeywords.verifyElementExist(MobileBuiltInKeywords.groovy:809)
	at com.kms.katalon.core.mobile.keyword.MobileBuiltInKeywords$verifyElementExist$5.call(Unknown Source)
	at DuitNow Mobile.run(DuitNow Mobile:231)
	at com.kms.katalon.core.main.ScriptEngine.run(ScriptEngine.java:194)
	at com.kms.katalon.core.main.ScriptEngine.runScriptAsRawText(ScriptEngine.java:119)
	at com.kms.katalon.core.main.TestCaseExecutor.runScript(TestCaseExecutor.java:337)
	at com.kms.katalon.core.main.TestCaseExecutor.doExecute(TestCaseExecutor.java:328)
	at com.kms.katalon.core.main.TestCaseExecutor.processExecutionPhase(TestCaseExecutor.java:307)
	at com.kms.katalon.core.main.TestCaseExecutor.accessMainPhase(TestCaseExecutor.java:299)
	at com.kms.katalon.core.main.TestCaseExecutor.execute(TestCaseExecutor.java:233)
	at com.kms.katalon.core.main.TestSuiteExecutor.accessTestCaseMainPhase(TestSuiteExecutor.java:169)
	at com.kms.katalon.core.main.TestSuiteExecutor.accessTestSuiteMainPhase(TestSuiteExecutor.java:142)
	at com.kms.katalon.core.main.TestSuiteExecutor.execute(TestSuiteExecutor.java:91)
	at com.kms.katalon.core.main.TestCaseMain.startTestSuite(TestCaseMain.java:157)
	at com.kms.katalon.core.main.TestCaseMain$startTestSuite$0.call(Unknown Source)
	at TempTestSuite1597975583575.run(TempTestSuite1597975583575.groovy:36)]]></system-err>
   </testsuite>
</testsuites>
