<?xml version="1.0" encoding="UTF-8"?>
<testsuites name="UAT Test Suite" time="510.095" tests="1" failures="0" errors="0">
   <testsuite name="UAT Test Suite" tests="1" failures="0" errors="0" time="510.095" timestamp="2020-08-17 10:44:46" hostname="LENOVO - DESKTOP-CP3TV4N" id="Test Suites/Maya UAT/UAT Test Suite">
      <properties>
         <property name="deviceName" value="Xiaomi Redmi Note 7S (Android 9)"/>
         <property name="devicePlatform" value=""/>
         <property name="logFolder" value="C:\\Users\\LENOVO\\Git_new\\Maya\\Reports\\20200817_104442\\Maya UAT\\UAT Test Suite\\20200817_104442"/>
         <property name="logFiles" value="C:\\Users\\LENOVO\\Git_new\\Maya\\Reports\\20200817_104442\\Maya UAT\\UAT Test Suite\\20200817_104442\\appium.log, C:\\Users\\LENOVO\\Git_new\\Maya\\Reports\\20200817_104442\\Maya UAT\\UAT Test Suite\\20200817_104442\\execution0.log"/>
         <property name="attachments" value="C:\\Users\\LENOVO\\Screenshot\\OneTap\\Screen18.png, C:\\Users\\LENOVO\\Screenshot\\OneTap\\Screen12.png, C:\\Users\\LENOVO\\Screenshot\\OneTap\\Screen10.png, C:\\Users\\LENOVO\\Screenshot\\OneTap\\Screen1.png, C:\\Users\\LENOVO\\Screenshot\\OneTap\\Screen2.png, C:\\Users\\LENOVO\\Screenshot\\OneTap\\Screen3.png, C:\\Users\\LENOVO\\Screenshot\\OneTap\\Screen3.png, C:\\Users\\LENOVO\\Screenshot\\OneTap\\Screen23.png, C:\\Users\\LENOVO\\Screenshot\\OneTap\\Screen15.png, C:\\Users\\LENOVO\\Screenshot\\OneTap\\Screen9.png, C:\\Users\\LENOVO\\Screenshot\\OneTap\\Screen14.png, C:\\Users\\LENOVO\\Screenshot\\OneTap\\Screen4.png, C:\\Users\\LENOVO\\Screenshot\\OneTap\\Screen5.png, C:\\Users\\LENOVO\\Screenshot\\OneTap\\Screen8.png, C:\\Users\\LENOVO\\Screenshot\\OneTap\\Screen17.png, C:\\Users\\LENOVO\\Screenshot\\OneTap\\Screen6.png"/>
         <property name="hostName" value="LENOVO - DESKTOP-CP3TV4N"/>
         <property name="os" value="Windows 10 64bit"/>
         <property name="appiumServerStatus" value="{\&quot;value\&quot;:{\&quot;build\&quot;:{\&quot;version\&quot;:\&quot;1.15.1\&quot;}},\&quot;sessionId\&quot;:null,\&quot;status\&quot;:0}"/>
         <property name="katalonVersion" value="7.2.7.1"/>
         <property name="deviceOS" value="Android"/>
         <property name="appiumVersion" value="1.15.1"/>
         <property name="deviceModel" value="Redmi Note 7S"/>
         <property name="hostAddress" value="192.168.0.102"/>
         <property name="deviceManufacturer" value="Xiaomi"/>
         <property name="deviceId" value="11cb9864"/>
         <property name="deviceName" value="Xiaomi Redmi Note 7S (Android 9)"/>
         <property name="deviceOSVersion" value="9"/>
      </properties>
      <testcase name="Test Cases/JINU/One Tap Authorisation/One Tap" time="505.246" classname="Test Cases/JINU/One Tap Authorisation/One Tap" status="PASSED">
         <system-out><![CDATA[2020-08-17 10:44:46 - [TEST_CASE][PASSED] - Test Cases/JINU/One Tap Authorisation/One Tap: Test Cases/JINU/One Tap Authorisation/One Tap

2020-08-17 10:44:47 - [TEST_STEP][PASSED] - startApplication("C:\Users\LENOVO\Katalon Studio\app-uat-universal-release.apk", true): Started app at: 'C:\Users\LENOVO\Katalon Studio\app-uat-universal-release.apk'

2020-08-17 10:44:48 - [MESSAGE][INFO] - User set preference: ['appWaitActivity', '*']

2020-08-17 10:44:48 - [MESSAGE][INFO] - User set preference: ['appWaitPackage', 'com.maybank2u.life.uat']

2020-08-17 10:44:48 - [MESSAGE][INFO] - User set preference: ['appWaitDuration', '50,000']

2020-08-17 10:44:48 - [MESSAGE][INFO] - User set preference: ['deviceId', '11cb9864']

2020-08-17 10:44:51 - [MESSAGE][INFO] - Appium server started on port 57,073

2020-08-17 10:45:50 - [MESSAGE][PASSED] - Started app at: 'C:\Users\LENOVO\Katalon Studio\app-uat-universal-release.apk'

2020-08-17 10:45:50 - [TEST_STEP][PASSED] - delay(10, STOP_ON_FAILURE): Delayed 10 second(s)

2020-08-17 10:46:00 - [MESSAGE][PASSED] - Delayed 10 second(s)

2020-08-17 10:46:00 - [TEST_STEP][PASSED] - tap(findTestObject("Maya/login again/android.widget.TextView0 - Next"), 0): Tapped on element 'Object Repository/Maya/login again/android.widget.TextView0 - Next'

2020-08-17 10:46:00 - [MESSAGE][WARNING] - Timeout '0' is invalid. Using default page load timeout: '10'

2020-08-17 10:46:04 - [MESSAGE][PASSED] - Tapped on element 'Object Repository/Maya/login again/android.widget.TextView0 - Next'

2020-08-17 10:46:04 - [TEST_STEP][PASSED] - tap(findTestObject("Maya/login again/android.widget.TextView0 - Next"), 0): Tapped on element 'Object Repository/Maya/login again/android.widget.TextView0 - Next'

2020-08-17 10:46:04 - [MESSAGE][WARNING] - Timeout '0' is invalid. Using default page load timeout: '10'

2020-08-17 10:46:06 - [MESSAGE][PASSED] - Tapped on element 'Object Repository/Maya/login again/android.widget.TextView0 - Next'

2020-08-17 10:46:06 - [TEST_STEP][PASSED] - tap(findTestObject("Maya/login again/android.widget.TextView0 - Next"), 0): Tapped on element 'Object Repository/Maya/login again/android.widget.TextView0 - Next'

2020-08-17 10:46:06 - [MESSAGE][WARNING] - Timeout '0' is invalid. Using default page load timeout: '10'

2020-08-17 10:46:10 - [MESSAGE][PASSED] - Tapped on element 'Object Repository/Maya/login again/android.widget.TextView0 - Next'

2020-08-17 10:46:10 - [TEST_STEP][PASSED] - tap(findTestObject("Maya/Login/android.widget.Button0-Maybank2u"), 0): Tapped on element 'Object Repository/Maya/Login/android.widget.Button0-Maybank2u'

2020-08-17 10:46:10 - [MESSAGE][WARNING] - Timeout '0' is invalid. Using default page load timeout: '10'

2020-08-17 10:46:12 - [MESSAGE][PASSED] - Tapped on element 'Object Repository/Maya/Login/android.widget.Button0-Maybank2u'

2020-08-17 10:46:12 - [TEST_STEP][PASSED] - takeScreenshot("C:\Users\LENOVO\Screenshot\OneTap\Screen18.png", CONTINUE_ON_FAILURE): Screenshot is taken

2020-08-17 10:46:14 - [MESSAGE][PASSED] - Screenshot is taken
[[ATTACHMENT|C:\\Users\\LENOVO\\Screenshot\\OneTap\\Screen18.png]]

2020-08-17 10:46:14 - [TEST_STEP][PASSED] - tap(findTestObject("Maya/Login/android.widget.TextView0 - Login to Maybank2u"), 0): Tapped on element 'Object Repository/Maya/Login/android.widget.TextView0 - Login to Maybank2u'

2020-08-17 10:46:14 - [MESSAGE][WARNING] - Timeout '0' is invalid. Using default page load timeout: '10'

2020-08-17 10:46:16 - [MESSAGE][PASSED] - Tapped on element 'Object Repository/Maya/Login/android.widget.TextView0 - Login to Maybank2u'

2020-08-17 10:46:16 - [TEST_STEP][PASSED] - tap(findTestObject("Maya/login again/android.widget.EditText0"), 0): Tapped on element 'Object Repository/Maya/login again/android.widget.EditText0'

2020-08-17 10:46:17 - [MESSAGE][WARNING] - Timeout '0' is invalid. Using default page load timeout: '10'

2020-08-17 10:46:20 - [MESSAGE][PASSED] - Tapped on element 'Object Repository/Maya/login again/android.widget.EditText0'

2020-08-17 10:46:20 - [TEST_STEP][PASSED] - setText(findTestObject("Maya/login again/android.widget.EditText0"), "nurulhidayu01", 0): Text 'nurulhidayu01' has been set to element 'Object Repository/Maya/login again/android.widget.EditText0'

2020-08-17 10:46:20 - [MESSAGE][WARNING] - Timeout '0' is invalid. Using default page load timeout: '10'

2020-08-17 10:46:22 - [MESSAGE][PASSED] - Text 'nurulhidayu01' has been set to element 'Object Repository/Maya/login again/android.widget.EditText0'

2020-08-17 10:46:22 - [TEST_STEP][PASSED] - driver = getDriver(): null

2020-08-17 10:46:22 - [TEST_STEP][PASSED] - driver.pressKeyCode(ENTER): null

2020-08-17 10:46:24 - [TEST_STEP][PASSED] - tap(findTestObject("Maya/login again/android.widget.TextView0 - Yes Its Mine"), 0): Tapped on element 'Object Repository/Maya/login again/android.widget.TextView0 - Yes Its Mine'

2020-08-17 10:46:24 - [MESSAGE][WARNING] - Timeout '0' is invalid. Using default page load timeout: '10'

2020-08-17 10:46:34 - [MESSAGE][PASSED] - Tapped on element 'Object Repository/Maya/login again/android.widget.TextView0 - Yes Its Mine'

2020-08-17 10:46:34 - [TEST_STEP][PASSED] - tap(findTestObject("Maya/login again/android.widget.EditText0 (1)"), 0): Tapped on element 'Object Repository/Maya/login again/android.widget.EditText0 (1)'

2020-08-17 10:46:34 - [MESSAGE][WARNING] - Timeout '0' is invalid. Using default page load timeout: '10'

2020-08-17 10:46:37 - [MESSAGE][PASSED] - Tapped on element 'Object Repository/Maya/login again/android.widget.EditText0 (1)'

2020-08-17 10:46:37 - [TEST_STEP][PASSED] - setText(findTestObject("Maya/login again/android.widget.EditText0 (1)"), "pass1234", 0): Text 'pass1234' has been set to element 'Object Repository/Maya/login again/android.widget.EditText0 (1)'

2020-08-17 10:46:38 - [MESSAGE][WARNING] - Timeout '0' is invalid. Using default page load timeout: '10'

2020-08-17 10:46:39 - [MESSAGE][PASSED] - Text 'pass1234' has been set to element 'Object Repository/Maya/login again/android.widget.EditText0 (1)'

2020-08-17 10:46:39 - [TEST_STEP][PASSED] - driver.pressKeyCode(ENTER): null

2020-08-17 10:46:39 - [TEST_STEP][PASSED] - tap(findTestObject("Maya/login again/android.widget.TextView0 - 2"), 0): Tapped on element 'Object Repository/Maya/login again/android.widget.TextView0 - 2'

2020-08-17 10:46:39 - [MESSAGE][WARNING] - Timeout '0' is invalid. Using default page load timeout: '10'

2020-08-17 10:46:45 - [MESSAGE][PASSED] - Tapped on element 'Object Repository/Maya/login again/android.widget.TextView0 - 2'

2020-08-17 10:46:45 - [TEST_STEP][PASSED] - tap(findTestObject("Maya/login again/android.widget.TextView0 - 3"), 0): Tapped on element 'Object Repository/Maya/login again/android.widget.TextView0 - 3'

2020-08-17 10:46:45 - [MESSAGE][WARNING] - Timeout '0' is invalid. Using default page load timeout: '10'

2020-08-17 10:46:47 - [MESSAGE][PASSED] - Tapped on element 'Object Repository/Maya/login again/android.widget.TextView0 - 3'

2020-08-17 10:46:47 - [TEST_STEP][PASSED] - tap(findTestObject("Maya/login again/android.widget.TextView0 - 0"), 0): Tapped on element 'Object Repository/Maya/login again/android.widget.TextView0 - 0'

2020-08-17 10:46:48 - [MESSAGE][WARNING] - Timeout '0' is invalid. Using default page load timeout: '10'

2020-08-17 10:46:50 - [MESSAGE][PASSED] - Tapped on element 'Object Repository/Maya/login again/android.widget.TextView0 - 0'

2020-08-17 10:46:50 - [TEST_STEP][PASSED] - tap(findTestObject("Maya/login again/android.widget.TextView0 - 9"), 0): Tapped on element 'Object Repository/Maya/login again/android.widget.TextView0 - 9'

2020-08-17 10:46:50 - [MESSAGE][WARNING] - Timeout '0' is invalid. Using default page load timeout: '10'

2020-08-17 10:46:53 - [MESSAGE][PASSED] - Tapped on element 'Object Repository/Maya/login again/android.widget.TextView0 - 9'

2020-08-17 10:46:53 - [TEST_STEP][PASSED] - tap(findTestObject("Maya/login again/android.widget.TextView0 - 8"), 0): Tapped on element 'Object Repository/Maya/login again/android.widget.TextView0 - 8'

2020-08-17 10:46:53 - [MESSAGE][WARNING] - Timeout '0' is invalid. Using default page load timeout: '10'

2020-08-17 10:46:55 - [MESSAGE][PASSED] - Tapped on element 'Object Repository/Maya/login again/android.widget.TextView0 - 8'

2020-08-17 10:46:55 - [TEST_STEP][PASSED] - tap(findTestObject("Maya/login again/android.widget.TextView0 - 3"), 0): Tapped on element 'Object Repository/Maya/login again/android.widget.TextView0 - 3'

2020-08-17 10:46:55 - [MESSAGE][WARNING] - Timeout '0' is invalid. Using default page load timeout: '10'

2020-08-17 10:46:57 - [MESSAGE][PASSED] - Tapped on element 'Object Repository/Maya/login again/android.widget.TextView0 - 3'

2020-08-17 10:46:57 - [TEST_STEP][PASSED] - tap(findTestObject("Maya/One Tap Authorisation/android.widget.ImageView0 (8)"), 0): Tapped on element 'Object Repository/Maya/One Tap Authorisation/android.widget.ImageView0 (8)'

2020-08-17 10:46:58 - [MESSAGE][WARNING] - Timeout '0' is invalid. Using default page load timeout: '10'

2020-08-17 10:46:58 - [MESSAGE][PASSED] - Tapped on element 'Object Repository/Maya/One Tap Authorisation/android.widget.ImageView0 (8)'

2020-08-17 10:46:58 - [TEST_STEP][NOT_RUN] - tap(findTestObject("Maya/Login/android.widget.ImageView0-Enter OTP"), 0): NOT_RUN: tap(findTestObject("Maya/Login/android.widget.ImageView0-Enter OTP"), 0)

2020-08-17 10:46:58 - [MESSAGE][NOT_RUN] - NOT_RUN: tap(findTestObject("Maya/Login/android.widget.ImageView0-Enter OTP"), 0)

2020-08-17 10:46:58 - [TEST_STEP][PASSED] - tap(findTestObject("Maya/login again/android.widget.TextView0 - 2"), 0): Tapped on element 'Object Repository/Maya/login again/android.widget.TextView0 - 2'

2020-08-17 10:46:59 - [MESSAGE][WARNING] - Timeout '0' is invalid. Using default page load timeout: '10'

2020-08-17 10:47:02 - [MESSAGE][PASSED] - Tapped on element 'Object Repository/Maya/login again/android.widget.TextView0 - 2'

2020-08-17 10:47:02 - [TEST_STEP][PASSED] - tap(findTestObject("Maya/login again/android.widget.TextView0 - 3"), 0): Tapped on element 'Object Repository/Maya/login again/android.widget.TextView0 - 3'

2020-08-17 10:47:02 - [MESSAGE][WARNING] - Timeout '0' is invalid. Using default page load timeout: '10'

2020-08-17 10:47:04 - [MESSAGE][PASSED] - Tapped on element 'Object Repository/Maya/login again/android.widget.TextView0 - 3'

2020-08-17 10:47:04 - [TEST_STEP][PASSED] - tap(findTestObject("Maya/login again/android.widget.TextView0 - 0"), 0): Tapped on element 'Object Repository/Maya/login again/android.widget.TextView0 - 0'

2020-08-17 10:47:05 - [MESSAGE][WARNING] - Timeout '0' is invalid. Using default page load timeout: '10'

2020-08-17 10:47:07 - [MESSAGE][PASSED] - Tapped on element 'Object Repository/Maya/login again/android.widget.TextView0 - 0'

2020-08-17 10:47:07 - [TEST_STEP][PASSED] - tap(findTestObject("Maya/login again/android.widget.TextView0 - 9"), 0): Tapped on element 'Object Repository/Maya/login again/android.widget.TextView0 - 9'

2020-08-17 10:47:07 - [MESSAGE][WARNING] - Timeout '0' is invalid. Using default page load timeout: '10'

2020-08-17 10:47:10 - [MESSAGE][PASSED] - Tapped on element 'Object Repository/Maya/login again/android.widget.TextView0 - 9'

2020-08-17 10:47:10 - [TEST_STEP][PASSED] - tap(findTestObject("Maya/login again/android.widget.TextView0 - 8"), 0): Tapped on element 'Object Repository/Maya/login again/android.widget.TextView0 - 8'

2020-08-17 10:47:10 - [MESSAGE][WARNING] - Timeout '0' is invalid. Using default page load timeout: '10'

2020-08-17 10:47:12 - [MESSAGE][PASSED] - Tapped on element 'Object Repository/Maya/login again/android.widget.TextView0 - 8'

2020-08-17 10:47:12 - [TEST_STEP][PASSED] - tap(findTestObject("Maya/login again/android.widget.TextView0 - 3"), 0): Tapped on element 'Object Repository/Maya/login again/android.widget.TextView0 - 3'

2020-08-17 10:47:13 - [MESSAGE][WARNING] - Timeout '0' is invalid. Using default page load timeout: '10'

2020-08-17 10:47:15 - [MESSAGE][PASSED] - Tapped on element 'Object Repository/Maya/login again/android.widget.TextView0 - 3'

2020-08-17 10:47:15 - [TEST_STEP][PASSED] - tap(findTestObject("Maya/One Tap Authorisation/android.widget.ImageView0 (8)"), 0): Tapped on element 'Object Repository/Maya/One Tap Authorisation/android.widget.ImageView0 (8)'

2020-08-17 10:47:15 - [MESSAGE][WARNING] - Timeout '0' is invalid. Using default page load timeout: '10'

2020-08-17 10:47:17 - [MESSAGE][PASSED] - Tapped on element 'Object Repository/Maya/One Tap Authorisation/android.widget.ImageView0 (8)'

2020-08-17 10:47:17 - [TEST_STEP][NOT_RUN] - tap(findTestObject("Maya/Login/android.widget.ImageView0-Enter OTP"), 0): NOT_RUN: tap(findTestObject("Maya/Login/android.widget.ImageView0-Enter OTP"), 0)

2020-08-17 10:47:17 - [MESSAGE][NOT_RUN] - NOT_RUN: tap(findTestObject("Maya/Login/android.widget.ImageView0-Enter OTP"), 0)

2020-08-17 10:47:17 - [TEST_STEP][PASSED] - tap(findTestObject("Maya/login again/android.widget.TextView0 - Yes Proceeed"), 0): Tapped on element 'Object Repository/Maya/login again/android.widget.TextView0 - Yes Proceeed'

2020-08-17 10:47:17 - [MESSAGE][WARNING] - Timeout '0' is invalid. Using default page load timeout: '10'

2020-08-17 10:47:20 - [MESSAGE][PASSED] - Tapped on element 'Object Repository/Maya/login again/android.widget.TextView0 - Yes Proceeed'

2020-08-17 10:47:20 - [TEST_STEP][PASSED] - tap(findTestObject("Maya/Third Party CA account/android.widget.TextView0 - Your OTP no. is 460943"), 0): Tapped on element 'Object Repository/Maya/Third Party CA account/android.widget.TextView0 - Your OTP no. is 460943'

2020-08-17 10:47:20 - [MESSAGE][WARNING] - Timeout '0' is invalid. Using default page load timeout: '10'

2020-08-17 10:47:24 - [MESSAGE][PASSED] - Tapped on element 'Object Repository/Maya/Third Party CA account/android.widget.TextView0 - Your OTP no. is 460943'

2020-08-17 10:47:24 - [TEST_STEP][PASSED] - otpMessage = getText(findTestObject("Maya/Third Party CA account/android.widget.TextView0 - Your OTP no. is 460943"), 0): Text of element 'Object Repository/Maya/Third Party CA account/android.widget.TextView0 - Your OTP no. is 460943' is: 'Your OTP no. is 897720'

2020-08-17 10:47:24 - [MESSAGE][WARNING] - Timeout '0' is invalid. Using default page load timeout: '10'

2020-08-17 10:47:25 - [MESSAGE][PASSED] - Text of element 'Object Repository/Maya/Third Party CA account/android.widget.TextView0 - Your OTP no. is 460943' is: 'Your OTP no. is 897720'

2020-08-17 10:47:25 - [TEST_STEP][PASSED] - delay(2): Delayed 2 second(s)

2020-08-17 10:47:27 - [MESSAGE][PASSED] - Delayed 2 second(s)

2020-08-17 10:47:27 - [TEST_STEP][PASSED] - for ([i = 16, i <= 21, (i++)]): null

2020-08-17 10:47:27 - [TEST_STEP][PASSED] - delay(3, STOP_ON_FAILURE): Delayed 3 second(s)

2020-08-17 10:47:30 - [MESSAGE][PASSED] - Delayed 3 second(s)

2020-08-17 10:47:30 - [TEST_STEP][PASSED] - if (otpMessage[i] == "0"): null

2020-08-17 10:47:30 - [TEST_STEP][PASSED] - if (otpMessage[i] == "1"): null

2020-08-17 10:47:30 - [TEST_STEP][PASSED] - if (otpMessage[i] == "2"): null

2020-08-17 10:47:30 - [TEST_STEP][PASSED] - if (otpMessage[i] == "3"): null

2020-08-17 10:47:30 - [TEST_STEP][PASSED] - if (otpMessage[i] == "4"): null

2020-08-17 10:47:30 - [TEST_STEP][PASSED] - if (otpMessage[i] == "5"): null

2020-08-17 10:47:30 - [TEST_STEP][PASSED] - if (otpMessage[i] == "6"): null

2020-08-17 10:47:30 - [TEST_STEP][PASSED] - if (otpMessage[i] == "7"): null

2020-08-17 10:47:30 - [TEST_STEP][PASSED] - if (otpMessage[i] == "8"): Tapped on element 'Object Repository/Maya/login again/Spy - 8'

2020-08-17 10:47:30 - [TEST_STEP][PASSED] - delay(1, STOP_ON_FAILURE): Delayed 1 second(s)

2020-08-17 10:47:31 - [MESSAGE][PASSED] - Delayed 1 second(s)

2020-08-17 10:47:31 - [TEST_STEP][PASSED] - tap(findTestObject("Maya/login again/Spy - 8"), 0): Tapped on element 'Object Repository/Maya/login again/Spy - 8'

2020-08-17 10:47:31 - [MESSAGE][WARNING] - Timeout '0' is invalid. Using default page load timeout: '10'

2020-08-17 10:47:34 - [MESSAGE][PASSED] - Tapped on element 'Object Repository/Maya/login again/Spy - 8'

2020-08-17 10:47:34 - [TEST_STEP][PASSED] - if (otpMessage[i] == "9"): null

2020-08-17 10:47:34 - [TEST_STEP][PASSED] - delay(3, STOP_ON_FAILURE): Delayed 3 second(s)

2020-08-17 10:47:37 - [MESSAGE][PASSED] - Delayed 3 second(s)

2020-08-17 10:47:37 - [TEST_STEP][PASSED] - if (otpMessage[i] == "0"): null

2020-08-17 10:47:37 - [TEST_STEP][PASSED] - if (otpMessage[i] == "1"): null

2020-08-17 10:47:37 - [TEST_STEP][PASSED] - if (otpMessage[i] == "2"): null

2020-08-17 10:47:37 - [TEST_STEP][PASSED] - if (otpMessage[i] == "3"): null

2020-08-17 10:47:37 - [TEST_STEP][PASSED] - if (otpMessage[i] == "4"): null

2020-08-17 10:47:37 - [TEST_STEP][PASSED] - if (otpMessage[i] == "5"): null

2020-08-17 10:47:37 - [TEST_STEP][PASSED] - if (otpMessage[i] == "6"): null

2020-08-17 10:47:37 - [TEST_STEP][PASSED] - if (otpMessage[i] == "7"): null

2020-08-17 10:47:37 - [TEST_STEP][PASSED] - if (otpMessage[i] == "8"): null

2020-08-17 10:47:37 - [TEST_STEP][PASSED] - if (otpMessage[i] == "9"): Tapped on element 'Object Repository/Maya/login again/Spy- 9'

2020-08-17 10:47:37 - [TEST_STEP][PASSED] - delay(1, STOP_ON_FAILURE): Delayed 1 second(s)

2020-08-17 10:47:38 - [MESSAGE][PASSED] - Delayed 1 second(s)

2020-08-17 10:47:38 - [TEST_STEP][PASSED] - tap(findTestObject("Maya/login again/Spy- 9"), 0): Tapped on element 'Object Repository/Maya/login again/Spy- 9'

2020-08-17 10:47:38 - [MESSAGE][WARNING] - Timeout '0' is invalid. Using default page load timeout: '10'

2020-08-17 10:47:41 - [MESSAGE][PASSED] - Tapped on element 'Object Repository/Maya/login again/Spy- 9'

2020-08-17 10:47:41 - [TEST_STEP][PASSED] - delay(3, STOP_ON_FAILURE): Delayed 3 second(s)

2020-08-17 10:47:44 - [MESSAGE][PASSED] - Delayed 3 second(s)

2020-08-17 10:47:44 - [TEST_STEP][PASSED] - if (otpMessage[i] == "0"): null

2020-08-17 10:47:44 - [TEST_STEP][PASSED] - if (otpMessage[i] == "1"): null

2020-08-17 10:47:44 - [TEST_STEP][PASSED] - if (otpMessage[i] == "2"): null

2020-08-17 10:47:44 - [TEST_STEP][PASSED] - if (otpMessage[i] == "3"): null

2020-08-17 10:47:44 - [TEST_STEP][PASSED] - if (otpMessage[i] == "4"): null

2020-08-17 10:47:44 - [TEST_STEP][PASSED] - if (otpMessage[i] == "5"): null

2020-08-17 10:47:44 - [TEST_STEP][PASSED] - if (otpMessage[i] == "6"): null

2020-08-17 10:47:44 - [TEST_STEP][PASSED] - if (otpMessage[i] == "7"): Tapped on element 'Object Repository/Maya/login again/Spy - 7'

2020-08-17 10:47:44 - [TEST_STEP][PASSED] - delay(1, STOP_ON_FAILURE): Delayed 1 second(s)

2020-08-17 10:47:45 - [MESSAGE][PASSED] - Delayed 1 second(s)

2020-08-17 10:47:45 - [TEST_STEP][PASSED] - tap(findTestObject("Maya/login again/Spy - 7"), 0): Tapped on element 'Object Repository/Maya/login again/Spy - 7'

2020-08-17 10:47:45 - [MESSAGE][WARNING] - Timeout '0' is invalid. Using default page load timeout: '10'

2020-08-17 10:47:48 - [MESSAGE][PASSED] - Tapped on element 'Object Repository/Maya/login again/Spy - 7'

2020-08-17 10:47:48 - [TEST_STEP][PASSED] - if (otpMessage[i] == "8"): null

2020-08-17 10:47:48 - [TEST_STEP][PASSED] - if (otpMessage[i] == "9"): null

2020-08-17 10:47:48 - [TEST_STEP][PASSED] - delay(3, STOP_ON_FAILURE): Delayed 3 second(s)

2020-08-17 10:47:51 - [MESSAGE][PASSED] - Delayed 3 second(s)

2020-08-17 10:47:51 - [TEST_STEP][PASSED] - if (otpMessage[i] == "0"): null

2020-08-17 10:47:51 - [TEST_STEP][PASSED] - if (otpMessage[i] == "1"): null

2020-08-17 10:47:51 - [TEST_STEP][PASSED] - if (otpMessage[i] == "2"): null

2020-08-17 10:47:51 - [TEST_STEP][PASSED] - if (otpMessage[i] == "3"): null

2020-08-17 10:47:51 - [TEST_STEP][PASSED] - if (otpMessage[i] == "4"): null

2020-08-17 10:47:51 - [TEST_STEP][PASSED] - if (otpMessage[i] == "5"): null

2020-08-17 10:47:51 - [TEST_STEP][PASSED] - if (otpMessage[i] == "6"): null

2020-08-17 10:47:51 - [TEST_STEP][PASSED] - if (otpMessage[i] == "7"): Tapped on element 'Object Repository/Maya/login again/Spy - 7'

2020-08-17 10:47:51 - [TEST_STEP][PASSED] - delay(1, STOP_ON_FAILURE): Delayed 1 second(s)

2020-08-17 10:47:52 - [MESSAGE][PASSED] - Delayed 1 second(s)

2020-08-17 10:47:52 - [TEST_STEP][PASSED] - tap(findTestObject("Maya/login again/Spy - 7"), 0): Tapped on element 'Object Repository/Maya/login again/Spy - 7'

2020-08-17 10:47:52 - [MESSAGE][WARNING] - Timeout '0' is invalid. Using default page load timeout: '10'

2020-08-17 10:47:55 - [MESSAGE][PASSED] - Tapped on element 'Object Repository/Maya/login again/Spy - 7'

2020-08-17 10:47:55 - [TEST_STEP][PASSED] - if (otpMessage[i] == "8"): null

2020-08-17 10:47:55 - [TEST_STEP][PASSED] - if (otpMessage[i] == "9"): null

2020-08-17 10:47:55 - [TEST_STEP][PASSED] - delay(3, STOP_ON_FAILURE): Delayed 3 second(s)

2020-08-17 10:47:58 - [MESSAGE][PASSED] - Delayed 3 second(s)

2020-08-17 10:47:58 - [TEST_STEP][PASSED] - if (otpMessage[i] == "0"): null

2020-08-17 10:47:58 - [TEST_STEP][PASSED] - if (otpMessage[i] == "1"): null

2020-08-17 10:47:58 - [TEST_STEP][PASSED] - if (otpMessage[i] == "2"): Tapped on element 'Object Repository/Maya/login again/Spy- 2'

2020-08-17 10:47:58 - [TEST_STEP][PASSED] - delay(1, STOP_ON_FAILURE): Delayed 1 second(s)

2020-08-17 10:47:59 - [MESSAGE][PASSED] - Delayed 1 second(s)

2020-08-17 10:47:59 - [TEST_STEP][PASSED] - tap(findTestObject("Maya/login again/Spy- 2"), 0): Tapped on element 'Object Repository/Maya/login again/Spy- 2'

2020-08-17 10:47:59 - [MESSAGE][WARNING] - Timeout '0' is invalid. Using default page load timeout: '10'

2020-08-17 10:48:02 - [MESSAGE][PASSED] - Tapped on element 'Object Repository/Maya/login again/Spy- 2'

2020-08-17 10:48:02 - [TEST_STEP][PASSED] - if (otpMessage[i] == "3"): null

2020-08-17 10:48:02 - [TEST_STEP][PASSED] - if (otpMessage[i] == "4"): null

2020-08-17 10:48:02 - [TEST_STEP][PASSED] - if (otpMessage[i] == "5"): null

2020-08-17 10:48:02 - [TEST_STEP][PASSED] - if (otpMessage[i] == "6"): null

2020-08-17 10:48:02 - [TEST_STEP][PASSED] - if (otpMessage[i] == "7"): null

2020-08-17 10:48:02 - [TEST_STEP][PASSED] - if (otpMessage[i] == "8"): null

2020-08-17 10:48:02 - [TEST_STEP][PASSED] - if (otpMessage[i] == "9"): null

2020-08-17 10:48:02 - [TEST_STEP][PASSED] - delay(3, STOP_ON_FAILURE): Delayed 3 second(s)

2020-08-17 10:48:05 - [MESSAGE][PASSED] - Delayed 3 second(s)

2020-08-17 10:48:05 - [TEST_STEP][PASSED] - if (otpMessage[i] == "0"): Tapped on element 'Object Repository/Maya/login again/Spy-0'

2020-08-17 10:48:05 - [TEST_STEP][PASSED] - delay(1, STOP_ON_FAILURE): Delayed 1 second(s)

2020-08-17 10:48:06 - [MESSAGE][PASSED] - Delayed 1 second(s)

2020-08-17 10:48:06 - [TEST_STEP][PASSED] - tap(findTestObject("Maya/login again/Spy-0"), 0): Tapped on element 'Object Repository/Maya/login again/Spy-0'

2020-08-17 10:48:06 - [MESSAGE][WARNING] - Timeout '0' is invalid. Using default page load timeout: '10'

2020-08-17 10:48:08 - [MESSAGE][PASSED] - Tapped on element 'Object Repository/Maya/login again/Spy-0'

2020-08-17 10:48:08 - [TEST_STEP][PASSED] - if (otpMessage[i] == "1"): null

2020-08-17 10:48:08 - [TEST_STEP][PASSED] - if (otpMessage[i] == "2"): null

2020-08-17 10:48:08 - [TEST_STEP][PASSED] - if (otpMessage[i] == "3"): null

2020-08-17 10:48:08 - [TEST_STEP][PASSED] - if (otpMessage[i] == "4"): null

2020-08-17 10:48:08 - [TEST_STEP][PASSED] - if (otpMessage[i] == "5"): null

2020-08-17 10:48:08 - [TEST_STEP][PASSED] - if (otpMessage[i] == "6"): null

2020-08-17 10:48:08 - [TEST_STEP][PASSED] - if (otpMessage[i] == "7"): null

2020-08-17 10:48:08 - [TEST_STEP][PASSED] - if (otpMessage[i] == "8"): null

2020-08-17 10:48:08 - [TEST_STEP][PASSED] - if (otpMessage[i] == "9"): null

2020-08-17 10:48:08 - [TEST_STEP][PASSED] - delay(8, STOP_ON_FAILURE): Delayed 8 second(s)

2020-08-17 10:48:16 - [MESSAGE][PASSED] - Delayed 8 second(s)

2020-08-17 10:48:16 - [TEST_STEP][PASSED] - tap(findTestObject("Maya/Forgot Pin/android.widget.ImageView0 (7)"), 0): Tapped on element 'Object Repository/Maya/Forgot Pin/android.widget.ImageView0 (7)'

2020-08-17 10:48:16 - [MESSAGE][WARNING] - Timeout '0' is invalid. Using default page load timeout: '10'

2020-08-17 10:48:17 - [MESSAGE][PASSED] - Tapped on element 'Object Repository/Maya/Forgot Pin/android.widget.ImageView0 (7)'

2020-08-17 10:48:17 - [TEST_STEP][PASSED] - tap(findTestObject("Maya/Login/android.widget.EditText0 - Enter your name"), 0): Tapped on element 'Object Repository/Maya/Login/android.widget.EditText0 - Enter your name'

2020-08-17 10:48:18 - [MESSAGE][WARNING] - Timeout '0' is invalid. Using default page load timeout: '10'

2020-08-17 10:48:23 - [MESSAGE][PASSED] - Tapped on element 'Object Repository/Maya/Login/android.widget.EditText0 - Enter your name'

2020-08-17 10:48:23 - [TEST_STEP][PASSED] - setText(findTestObject("Maya/Login/android.widget.EditText0 - Enter your name"), "Test", 0): Text 'Test' has been set to element 'Object Repository/Maya/Login/android.widget.EditText0 - Enter your name'

2020-08-17 10:48:23 - [MESSAGE][WARNING] - Timeout '0' is invalid. Using default page load timeout: '10'

2020-08-17 10:48:25 - [MESSAGE][PASSED] - Text 'Test' has been set to element 'Object Repository/Maya/Login/android.widget.EditText0 - Enter your name'

2020-08-17 10:48:25 - [TEST_STEP][PASSED] - driver.pressKeyCode(ENTER): null

2020-08-17 10:48:26 - [TEST_STEP][PASSED] - tap(findTestObject("Maya/Login/android.widget.TextView0 - Continue"), 0): Tapped on element 'Object Repository/Maya/Login/android.widget.TextView0 - Continue'

2020-08-17 10:48:26 - [MESSAGE][WARNING] - Timeout '0' is invalid. Using default page load timeout: '10'

2020-08-17 10:48:29 - [MESSAGE][PASSED] - Tapped on element 'Object Repository/Maya/Login/android.widget.TextView0 - Continue'

2020-08-17 10:48:29 - [TEST_STEP][PASSED] - tap(findTestObject("Maya/spy/android.widget.TextView0 - Current Account-i"), 0): Tapped on element 'Object Repository/Maya/spy/android.widget.TextView0 - Current Account-i'

2020-08-17 10:48:29 - [MESSAGE][WARNING] - Timeout '0' is invalid. Using default page load timeout: '10'

2020-08-17 10:48:30 - [MESSAGE][PASSED] - Tapped on element 'Object Repository/Maya/spy/android.widget.TextView0 - Current Account-i'

2020-08-17 10:48:30 - [TEST_STEP][PASSED] - tap(findTestObject("Maya/Login/android.widget.TextView0 - Continue"), 0): Tapped on element 'Object Repository/Maya/Login/android.widget.TextView0 - Continue'

2020-08-17 10:48:30 - [MESSAGE][WARNING] - Timeout '0' is invalid. Using default page load timeout: '10'

2020-08-17 10:48:35 - [MESSAGE][PASSED] - Tapped on element 'Object Repository/Maya/Login/android.widget.TextView0 - Continue'

2020-08-17 10:48:35 - [TEST_STEP][PASSED] - delay(3, STOP_ON_FAILURE): Delayed 3 second(s)

2020-08-17 10:48:38 - [MESSAGE][PASSED] - Delayed 3 second(s)

2020-08-17 10:48:38 - [TEST_STEP][PASSED] - takeScreenshot("C:\Users\LENOVO\Screenshot\OneTap\Screen12.png", CONTINUE_ON_FAILURE): Screenshot is taken

2020-08-17 10:48:40 - [MESSAGE][PASSED] - Screenshot is taken
[[ATTACHMENT|C:\\Users\\LENOVO\\Screenshot\\OneTap\\Screen12.png]]

2020-08-17 10:48:40 - [TEST_STEP][PASSED] - tap(findTestObject("Maya/Login/android.widget.TextView0 - Done setup"), 0): Tapped on element 'Object Repository/Maya/Login/android.widget.TextView0 - Done setup'

2020-08-17 10:48:40 - [MESSAGE][WARNING] - Timeout '0' is invalid. Using default page load timeout: '10'

2020-08-17 10:48:44 - [MESSAGE][PASSED] - Tapped on element 'Object Repository/Maya/Login/android.widget.TextView0 - Done setup'

2020-08-17 10:48:44 - [TEST_STEP][PASSED] - verifyElementText(findTestObject("Maya/Third Party Fav/android.widget.TextView0 - Test"), "Test", CONTINUE_ON_FAILURE): Actual text and expected text of test object 'Object Repository/Maya/Third Party Fav/android.widget.TextView0 - Test' are matched.

2020-08-17 10:48:44 - [MESSAGE][PASSED] - Actual text and expected text of test object 'Object Repository/Maya/Third Party Fav/android.widget.TextView0 - Test' are matched.

2020-08-17 10:48:44 - [TEST_STEP][PASSED] - tap(findTestObject("Maya/One Tap Authorisation/android.widget.TextView0 - More (1)"), 0): Tapped on element 'Object Repository/Maya/One Tap Authorisation/android.widget.TextView0 - More (1)'

2020-08-17 10:48:44 - [MESSAGE][WARNING] - Timeout '0' is invalid. Using default page load timeout: '10'

2020-08-17 10:48:57 - [MESSAGE][PASSED] - Tapped on element 'Object Repository/Maya/One Tap Authorisation/android.widget.TextView0 - More (1)'

2020-08-17 10:48:57 - [TEST_STEP][PASSED] - delay(3, STOP_ON_FAILURE): Delayed 3 second(s)

2020-08-17 10:49:00 - [MESSAGE][PASSED] - Delayed 3 second(s)

2020-08-17 10:49:00 - [TEST_STEP][PASSED] - takeScreenshot("C:\Users\LENOVO\Screenshot\OneTap\Screen10.png", CONTINUE_ON_FAILURE): Screenshot is taken

2020-08-17 10:49:01 - [MESSAGE][PASSED] - Screenshot is taken
[[ATTACHMENT|C:\\Users\\LENOVO\\Screenshot\\OneTap\\Screen10.png]]

2020-08-17 10:49:01 - [TEST_STEP][PASSED] - tap(findTestObject("Maya/One Tap Authorisation/android.widget.TextView0 - Settings (1)"), 0): Tapped on element 'Object Repository/Maya/One Tap Authorisation/android.widget.TextView0 - Settings (1)'

2020-08-17 10:49:01 - [MESSAGE][WARNING] - Timeout '0' is invalid. Using default page load timeout: '10'

2020-08-17 10:49:03 - [MESSAGE][PASSED] - Tapped on element 'Object Repository/Maya/One Tap Authorisation/android.widget.TextView0 - Settings (1)'

2020-08-17 10:49:03 - [TEST_STEP][PASSED] - tap(findTestObject("Maya/One Tap Authorisation/android.widget.TextView0 - Maybank2u (1)"), 0): Tapped on element 'Object Repository/Maya/One Tap Authorisation/android.widget.TextView0 - Maybank2u (1)'

2020-08-17 10:49:04 - [MESSAGE][WARNING] - Timeout '0' is invalid. Using default page load timeout: '10'

2020-08-17 10:49:06 - [MESSAGE][PASSED] - Tapped on element 'Object Repository/Maya/One Tap Authorisation/android.widget.TextView0 - Maybank2u (1)'

2020-08-17 10:49:06 - [TEST_STEP][PASSED] - getText(findTestObject("Maya/One Tap Authorisation/android.widget.TextView0 - One-Tap Authorisation (1)"), 0): Text of element 'Object Repository/Maya/One Tap Authorisation/android.widget.TextView0 - One-Tap Authorisation (1)' is: 'One-Tap Authorisation'

2020-08-17 10:49:06 - [MESSAGE][WARNING] - Timeout '0' is invalid. Using default page load timeout: '10'

2020-08-17 10:49:06 - [MESSAGE][PASSED] - Text of element 'Object Repository/Maya/One Tap Authorisation/android.widget.TextView0 - One-Tap Authorisation (1)' is: 'One-Tap Authorisation'

2020-08-17 10:49:06 - [TEST_STEP][PASSED] - delay(3, STOP_ON_FAILURE): Delayed 3 second(s)

2020-08-17 10:49:09 - [MESSAGE][PASSED] - Delayed 3 second(s)

2020-08-17 10:49:09 - [TEST_STEP][PASSED] - takeScreenshot("C:\Users\LENOVO\Screenshot\OneTap\Screen1.png", CONTINUE_ON_FAILURE): Screenshot is taken

2020-08-17 10:49:10 - [MESSAGE][PASSED] - Screenshot is taken
[[ATTACHMENT|C:\\Users\\LENOVO\\Screenshot\\OneTap\\Screen1.png]]

2020-08-17 10:49:10 - [TEST_STEP][PASSED] - tap(findTestObject("Maya/One Tap Authorisation/android.widget.TextView0 (1)"), 0): Tapped on element 'Object Repository/Maya/One Tap Authorisation/android.widget.TextView0 (1)'

2020-08-17 10:49:10 - [MESSAGE][WARNING] - Timeout '0' is invalid. Using default page load timeout: '10'

2020-08-17 10:49:11 - [MESSAGE][PASSED] - Tapped on element 'Object Repository/Maya/One Tap Authorisation/android.widget.TextView0 (1)'

2020-08-17 10:49:11 - [TEST_STEP][PASSED] - tap(findTestObject("Maya/One Tap Authorisation/android.widget.ImageView0 (2)"), 0): Tapped on element 'Object Repository/Maya/One Tap Authorisation/android.widget.ImageView0 (2)'

2020-08-17 10:49:11 - [MESSAGE][WARNING] - Timeout '0' is invalid. Using default page load timeout: '10'

2020-08-17 10:49:12 - [MESSAGE][PASSED] - Tapped on element 'Object Repository/Maya/One Tap Authorisation/android.widget.ImageView0 (2)'

2020-08-17 10:49:12 - [TEST_STEP][PASSED] - tap(findTestObject("Maya/One Tap Authorisation/android.widget.TextView0 (1)"), 0): Tapped on element 'Object Repository/Maya/One Tap Authorisation/android.widget.TextView0 (1)'

2020-08-17 10:49:12 - [MESSAGE][WARNING] - Timeout '0' is invalid. Using default page load timeout: '10'

2020-08-17 10:49:14 - [MESSAGE][PASSED] - Tapped on element 'Object Repository/Maya/One Tap Authorisation/android.widget.TextView0 (1)'

2020-08-17 10:49:14 - [TEST_STEP][PASSED] - getText(findTestObject("Maya/One Tap Authorisation/android.widget.TextView0 - Approve transactions safely and quickly with a single tap on the app. Skip SMS TAC and get things done faster."), 0): Text of element 'Object Repository/Maya/One Tap Authorisation/android.widget.TextView0 - Approve transactions safely and quickly with a single tap on the app. Skip SMS TAC and get things done faster.' is: 'Approve transactions safely and quickly with a single tap on the app. Skip SMS TAC and get things done faster.'

2020-08-17 10:49:14 - [MESSAGE][WARNING] - Timeout '0' is invalid. Using default page load timeout: '10'

2020-08-17 10:49:16 - [MESSAGE][PASSED] - Text of element 'Object Repository/Maya/One Tap Authorisation/android.widget.TextView0 - Approve transactions safely and quickly with a single tap on the app. Skip SMS TAC and get things done faster.' is: 'Approve transactions safely and quickly with a single tap on the app. Skip SMS TAC and get things done faster.'

2020-08-17 10:49:16 - [TEST_STEP][PASSED] - tap(findTestObject("Maya/One Tap Authorisation/android.widget.TextView0 - Activate Now (1)"), 0): Tapped on element 'Object Repository/Maya/One Tap Authorisation/android.widget.TextView0 - Activate Now (1)'

2020-08-17 10:49:16 - [MESSAGE][WARNING] - Timeout '0' is invalid. Using default page load timeout: '10'

2020-08-17 10:49:18 - [MESSAGE][PASSED] - Tapped on element 'Object Repository/Maya/One Tap Authorisation/android.widget.TextView0 - Activate Now (1)'

2020-08-17 10:49:18 - [TEST_STEP][PASSED] - delay(3, STOP_ON_FAILURE): Delayed 3 second(s)

2020-08-17 10:49:21 - [MESSAGE][PASSED] - Delayed 3 second(s)

2020-08-17 10:49:21 - [TEST_STEP][PASSED] - takeScreenshot("C:\Users\LENOVO\Screenshot\OneTap\Screen2.png", CONTINUE_ON_FAILURE): Screenshot is taken

2020-08-17 10:49:22 - [MESSAGE][PASSED] - Screenshot is taken
[[ATTACHMENT|C:\\Users\\LENOVO\\Screenshot\\OneTap\\Screen2.png]]

2020-08-17 10:49:22 - [TEST_STEP][PASSED] - getText(findTestObject("Maya/One Tap Authorisation/android.widget.TextView0 - One Time Password (1)"), 0): Text of element 'Object Repository/Maya/One Tap Authorisation/android.widget.TextView0 - One Time Password (1)' is: 'One Time Password'

2020-08-17 10:49:22 - [MESSAGE][WARNING] - Timeout '0' is invalid. Using default page load timeout: '10'

2020-08-17 10:49:22 - [MESSAGE][PASSED] - Text of element 'Object Repository/Maya/One Tap Authorisation/android.widget.TextView0 - One Time Password (1)' is: 'One Time Password'

2020-08-17 10:49:22 - [TEST_STEP][NOT_RUN] - tap(findTestObject("Maya/Forgot Pin/android.widget.TextView0 - Not Mine"), 0): NOT_RUN: tap(findTestObject("Maya/Forgot Pin/android.widget.TextView0 - Not Mine"), 0)

2020-08-17 10:49:22 - [MESSAGE][NOT_RUN] - NOT_RUN: tap(findTestObject("Maya/Forgot Pin/android.widget.TextView0 - Not Mine"), 0)

2020-08-17 10:49:22 - [TEST_STEP][NOT_RUN] - tap(findTestObject("Maya/One Tap Authorisation/android.widget.ImageView0 (3)"), 0): NOT_RUN: tap(findTestObject("Maya/One Tap Authorisation/android.widget.ImageView0 (3)"), 0)

2020-08-17 10:49:22 - [MESSAGE][NOT_RUN] - NOT_RUN: tap(findTestObject("Maya/One Tap Authorisation/android.widget.ImageView0 (3)"), 0)

2020-08-17 10:49:22 - [TEST_STEP][PASSED] - tap(findTestObject("Maya/One Tap Authorisation/android.widget.TextView0 - Confirm (1)"), 0): Tapped on element 'Object Repository/Maya/One Tap Authorisation/android.widget.TextView0 - Confirm (1)'

2020-08-17 10:49:22 - [MESSAGE][WARNING] - Timeout '0' is invalid. Using default page load timeout: '10'

2020-08-17 10:49:24 - [MESSAGE][PASSED] - Tapped on element 'Object Repository/Maya/One Tap Authorisation/android.widget.TextView0 - Confirm (1)'

2020-08-17 10:49:24 - [TEST_STEP][PASSED] - tap(findTestObject("Maya/Third Party CA account/android.widget.TextView0 - Your OTP no. is 460943"), 0): Tapped on element 'Object Repository/Maya/Third Party CA account/android.widget.TextView0 - Your OTP no. is 460943'

2020-08-17 10:49:24 - [MESSAGE][WARNING] - Timeout '0' is invalid. Using default page load timeout: '10'

2020-08-17 10:49:28 - [MESSAGE][PASSED] - Tapped on element 'Object Repository/Maya/Third Party CA account/android.widget.TextView0 - Your OTP no. is 460943'

2020-08-17 10:49:28 - [TEST_STEP][PASSED] - otpMess = getText(findTestObject("Maya/Third Party CA account/android.widget.TextView0 - Your OTP no. is 460943"), 0): Text of element 'Object Repository/Maya/Third Party CA account/android.widget.TextView0 - Your OTP no. is 460943' is: 'Your OTP no. is 794657'

2020-08-17 10:49:28 - [MESSAGE][WARNING] - Timeout '0' is invalid. Using default page load timeout: '10'

2020-08-17 10:49:29 - [MESSAGE][PASSED] - Text of element 'Object Repository/Maya/Third Party CA account/android.widget.TextView0 - Your OTP no. is 460943' is: 'Your OTP no. is 794657'

2020-08-17 10:49:29 - [TEST_STEP][PASSED] - delay(2): Delayed 2 second(s)

2020-08-17 10:49:31 - [MESSAGE][PASSED] - Delayed 2 second(s)

2020-08-17 10:49:31 - [TEST_STEP][PASSED] - for ([i = 16, i <= 21, (i++)]): null

2020-08-17 10:49:31 - [TEST_STEP][PASSED] - delay(3, STOP_ON_FAILURE): Delayed 3 second(s)

2020-08-17 10:49:34 - [MESSAGE][PASSED] - Delayed 3 second(s)

2020-08-17 10:49:34 - [TEST_STEP][PASSED] - if (otpMess[i] == "0"): null

2020-08-17 10:49:34 - [TEST_STEP][PASSED] - if (otpMess[i] == "1"): null

2020-08-17 10:49:34 - [TEST_STEP][PASSED] - if (otpMess[i] == "2"): null

2020-08-17 10:49:34 - [TEST_STEP][PASSED] - if (otpMess[i] == "3"): null

2020-08-17 10:49:34 - [TEST_STEP][PASSED] - if (otpMess[i] == "4"): null

2020-08-17 10:49:34 - [TEST_STEP][PASSED] - if (otpMess[i] == "5"): null

2020-08-17 10:49:34 - [TEST_STEP][PASSED] - if (otpMess[i] == "6"): null

2020-08-17 10:49:34 - [TEST_STEP][PASSED] - if (otpMess[i] == "7"): Tapped on element 'Object Repository/Maya/login again/Spy - 7'

2020-08-17 10:49:34 - [TEST_STEP][PASSED] - delay(1, STOP_ON_FAILURE): Delayed 1 second(s)

2020-08-17 10:49:35 - [MESSAGE][PASSED] - Delayed 1 second(s)

2020-08-17 10:49:35 - [TEST_STEP][PASSED] - tap(findTestObject("Maya/login again/Spy - 7"), 0): Tapped on element 'Object Repository/Maya/login again/Spy - 7'

2020-08-17 10:49:35 - [MESSAGE][WARNING] - Timeout '0' is invalid. Using default page load timeout: '10'

2020-08-17 10:49:38 - [MESSAGE][PASSED] - Tapped on element 'Object Repository/Maya/login again/Spy - 7'

2020-08-17 10:49:38 - [TEST_STEP][PASSED] - if (otpMess[i] == "8"): null

2020-08-17 10:49:38 - [TEST_STEP][PASSED] - if (otpMess[i] == "9"): null

2020-08-17 10:49:38 - [TEST_STEP][PASSED] - delay(3, STOP_ON_FAILURE): Delayed 3 second(s)

2020-08-17 10:49:41 - [MESSAGE][PASSED] - Delayed 3 second(s)

2020-08-17 10:49:41 - [TEST_STEP][PASSED] - if (otpMess[i] == "0"): null

2020-08-17 10:49:41 - [TEST_STEP][PASSED] - if (otpMess[i] == "1"): null

2020-08-17 10:49:41 - [TEST_STEP][PASSED] - if (otpMess[i] == "2"): null

2020-08-17 10:49:41 - [TEST_STEP][PASSED] - if (otpMess[i] == "3"): null

2020-08-17 10:49:41 - [TEST_STEP][PASSED] - if (otpMess[i] == "4"): null

2020-08-17 10:49:41 - [TEST_STEP][PASSED] - if (otpMess[i] == "5"): null

2020-08-17 10:49:41 - [TEST_STEP][PASSED] - if (otpMess[i] == "6"): null

2020-08-17 10:49:41 - [TEST_STEP][PASSED] - if (otpMess[i] == "7"): null

2020-08-17 10:49:41 - [TEST_STEP][PASSED] - if (otpMess[i] == "8"): null

2020-08-17 10:49:41 - [TEST_STEP][PASSED] - if (otpMess[i] == "9"): Tapped on element 'Object Repository/Maya/login again/Spy- 9'

2020-08-17 10:49:41 - [TEST_STEP][PASSED] - delay(1, STOP_ON_FAILURE): Delayed 1 second(s)

2020-08-17 10:49:42 - [MESSAGE][PASSED] - Delayed 1 second(s)

2020-08-17 10:49:42 - [TEST_STEP][PASSED] - tap(findTestObject("Maya/login again/Spy- 9"), 0): Tapped on element 'Object Repository/Maya/login again/Spy- 9'

2020-08-17 10:49:42 - [MESSAGE][WARNING] - Timeout '0' is invalid. Using default page load timeout: '10'

2020-08-17 10:49:45 - [MESSAGE][PASSED] - Tapped on element 'Object Repository/Maya/login again/Spy- 9'

2020-08-17 10:49:45 - [TEST_STEP][PASSED] - delay(3, STOP_ON_FAILURE): Delayed 3 second(s)

2020-08-17 10:49:48 - [MESSAGE][PASSED] - Delayed 3 second(s)

2020-08-17 10:49:48 - [TEST_STEP][PASSED] - if (otpMess[i] == "0"): null

2020-08-17 10:49:48 - [TEST_STEP][PASSED] - if (otpMess[i] == "1"): null

2020-08-17 10:49:48 - [TEST_STEP][PASSED] - if (otpMess[i] == "2"): null

2020-08-17 10:49:48 - [TEST_STEP][PASSED] - if (otpMess[i] == "3"): null

2020-08-17 10:49:48 - [TEST_STEP][PASSED] - if (otpMess[i] == "4"): Tapped on element 'Object Repository/Maya/login again/Spy - 4'

2020-08-17 10:49:48 - [TEST_STEP][PASSED] - delay(1, STOP_ON_FAILURE): Delayed 1 second(s)

2020-08-17 10:49:49 - [MESSAGE][PASSED] - Delayed 1 second(s)

2020-08-17 10:49:49 - [TEST_STEP][PASSED] - tap(findTestObject("Maya/login again/Spy - 4"), 0): Tapped on element 'Object Repository/Maya/login again/Spy - 4'

2020-08-17 10:49:49 - [MESSAGE][WARNING] - Timeout '0' is invalid. Using default page load timeout: '10'

2020-08-17 10:49:52 - [MESSAGE][PASSED] - Tapped on element 'Object Repository/Maya/login again/Spy - 4'

2020-08-17 10:49:52 - [TEST_STEP][PASSED] - if (otpMess[i] == "5"): null

2020-08-17 10:49:52 - [TEST_STEP][PASSED] - if (otpMess[i] == "6"): null

2020-08-17 10:49:52 - [TEST_STEP][PASSED] - if (otpMess[i] == "7"): null

2020-08-17 10:49:52 - [TEST_STEP][PASSED] - if (otpMess[i] == "8"): null

2020-08-17 10:49:52 - [TEST_STEP][PASSED] - if (otpMess[i] == "9"): null

2020-08-17 10:49:52 - [TEST_STEP][PASSED] - delay(3, STOP_ON_FAILURE): Delayed 3 second(s)

2020-08-17 10:49:55 - [MESSAGE][PASSED] - Delayed 3 second(s)

2020-08-17 10:49:55 - [TEST_STEP][PASSED] - if (otpMess[i] == "0"): null

2020-08-17 10:49:55 - [TEST_STEP][PASSED] - if (otpMess[i] == "1"): null

2020-08-17 10:49:55 - [TEST_STEP][PASSED] - if (otpMess[i] == "2"): null

2020-08-17 10:49:55 - [TEST_STEP][PASSED] - if (otpMess[i] == "3"): null

2020-08-17 10:49:55 - [TEST_STEP][PASSED] - if (otpMess[i] == "4"): null

2020-08-17 10:49:55 - [TEST_STEP][PASSED] - if (otpMess[i] == "5"): null

2020-08-17 10:49:55 - [TEST_STEP][PASSED] - if (otpMess[i] == "6"): Tapped on element 'Object Repository/Maya/login again/Spy- 6'

2020-08-17 10:49:55 - [TEST_STEP][PASSED] - delay(1, STOP_ON_FAILURE): Delayed 1 second(s)

2020-08-17 10:49:56 - [MESSAGE][PASSED] - Delayed 1 second(s)

2020-08-17 10:49:56 - [TEST_STEP][PASSED] - tap(findTestObject("Maya/login again/Spy- 6"), 0): Tapped on element 'Object Repository/Maya/login again/Spy- 6'

2020-08-17 10:49:57 - [MESSAGE][WARNING] - Timeout '0' is invalid. Using default page load timeout: '10'

2020-08-17 10:50:01 - [MESSAGE][PASSED] - Tapped on element 'Object Repository/Maya/login again/Spy- 6'

2020-08-17 10:50:01 - [TEST_STEP][PASSED] - if (otpMess[i] == "7"): null

2020-08-17 10:50:01 - [TEST_STEP][PASSED] - if (otpMess[i] == "8"): null

2020-08-17 10:50:01 - [TEST_STEP][PASSED] - if (otpMess[i] == "9"): null

2020-08-17 10:50:01 - [TEST_STEP][PASSED] - delay(3, STOP_ON_FAILURE): Delayed 3 second(s)

2020-08-17 10:50:04 - [MESSAGE][PASSED] - Delayed 3 second(s)

2020-08-17 10:50:04 - [TEST_STEP][PASSED] - if (otpMess[i] == "0"): null

2020-08-17 10:50:04 - [TEST_STEP][PASSED] - if (otpMess[i] == "1"): null

2020-08-17 10:50:04 - [TEST_STEP][PASSED] - if (otpMess[i] == "2"): null

2020-08-17 10:50:04 - [TEST_STEP][PASSED] - if (otpMess[i] == "3"): null

2020-08-17 10:50:04 - [TEST_STEP][PASSED] - if (otpMess[i] == "4"): null

2020-08-17 10:50:04 - [TEST_STEP][PASSED] - if (otpMess[i] == "5"): Tapped on element 'Object Repository/Maya/login again/Spy- 5'

2020-08-17 10:50:04 - [TEST_STEP][PASSED] - delay(1, STOP_ON_FAILURE): Delayed 1 second(s)

2020-08-17 10:50:05 - [MESSAGE][PASSED] - Delayed 1 second(s)

2020-08-17 10:50:05 - [TEST_STEP][PASSED] - tap(findTestObject("Maya/login again/Spy- 5"), 0): Tapped on element 'Object Repository/Maya/login again/Spy- 5'

2020-08-17 10:50:06 - [MESSAGE][WARNING] - Timeout '0' is invalid. Using default page load timeout: '10'

2020-08-17 10:50:09 - [MESSAGE][PASSED] - Tapped on element 'Object Repository/Maya/login again/Spy- 5'

2020-08-17 10:50:09 - [TEST_STEP][PASSED] - if (otpMess[i] == "6"): null

2020-08-17 10:50:09 - [TEST_STEP][PASSED] - if (otpMess[i] == "7"): null

2020-08-17 10:50:09 - [TEST_STEP][PASSED] - if (otpMess[i] == "8"): null

2020-08-17 10:50:09 - [TEST_STEP][PASSED] - if (otpMess[i] == "9"): null

2020-08-17 10:50:09 - [TEST_STEP][PASSED] - delay(3, STOP_ON_FAILURE): Delayed 3 second(s)

2020-08-17 10:50:12 - [MESSAGE][PASSED] - Delayed 3 second(s)

2020-08-17 10:50:12 - [TEST_STEP][PASSED] - if (otpMess[i] == "0"): null

2020-08-17 10:50:12 - [TEST_STEP][PASSED] - if (otpMess[i] == "1"): null

2020-08-17 10:50:12 - [TEST_STEP][PASSED] - if (otpMess[i] == "2"): null

2020-08-17 10:50:12 - [TEST_STEP][PASSED] - if (otpMess[i] == "3"): null

2020-08-17 10:50:12 - [TEST_STEP][PASSED] - if (otpMess[i] == "4"): null

2020-08-17 10:50:12 - [TEST_STEP][PASSED] - if (otpMess[i] == "5"): null

2020-08-17 10:50:12 - [TEST_STEP][PASSED] - if (otpMess[i] == "6"): null

2020-08-17 10:50:12 - [TEST_STEP][PASSED] - if (otpMess[i] == "7"): Tapped on element 'Object Repository/Maya/login again/Spy - 7'

2020-08-17 10:50:12 - [TEST_STEP][PASSED] - delay(1, STOP_ON_FAILURE): Delayed 1 second(s)

2020-08-17 10:50:13 - [MESSAGE][PASSED] - Delayed 1 second(s)

2020-08-17 10:50:13 - [TEST_STEP][PASSED] - tap(findTestObject("Maya/login again/Spy - 7"), 0): Tapped on element 'Object Repository/Maya/login again/Spy - 7'

2020-08-17 10:50:13 - [MESSAGE][WARNING] - Timeout '0' is invalid. Using default page load timeout: '10'

2020-08-17 10:50:16 - [MESSAGE][PASSED] - Tapped on element 'Object Repository/Maya/login again/Spy - 7'

2020-08-17 10:50:16 - [TEST_STEP][PASSED] - if (otpMess[i] == "8"): null

2020-08-17 10:50:16 - [TEST_STEP][PASSED] - if (otpMess[i] == "9"): null

2020-08-17 10:50:16 - [TEST_STEP][PASSED] - delay(8, STOP_ON_FAILURE): Delayed 8 second(s)

2020-08-17 10:50:24 - [MESSAGE][PASSED] - Delayed 8 second(s)

2020-08-17 10:50:24 - [TEST_STEP][PASSED] - tap(findTestObject("Maya/Forgot Pin/android.widget.ImageView0 (7)"), 0): Tapped on element 'Object Repository/Maya/Forgot Pin/android.widget.ImageView0 (7)'

2020-08-17 10:50:24 - [MESSAGE][WARNING] - Timeout '0' is invalid. Using default page load timeout: '10'

2020-08-17 10:50:26 - [MESSAGE][PASSED] - Tapped on element 'Object Repository/Maya/Forgot Pin/android.widget.ImageView0 (7)'

2020-08-17 10:50:26 - [TEST_STEP][PASSED] - getText(findTestObject("Maya/One Tap Authorisation/android.widget.TextView0 - Enter your ID number (1)"), 0): Text of element 'Object Repository/Maya/One Tap Authorisation/android.widget.TextView0 - Enter your ID number (1)' is: 'Enter your ID number'

2020-08-17 10:50:26 - [MESSAGE][WARNING] - Timeout '0' is invalid. Using default page load timeout: '10'

2020-08-17 10:50:28 - [MESSAGE][PASSED] - Text of element 'Object Repository/Maya/One Tap Authorisation/android.widget.TextView0 - Enter your ID number (1)' is: 'Enter your ID number'

2020-08-17 10:50:28 - [TEST_STEP][NOT_RUN] - tap(findTestObject("Maya/One Tap Authorisation/android.widget.ImageView0 (5)"), 0): NOT_RUN: tap(findTestObject("Maya/One Tap Authorisation/android.widget.ImageView0 (5)"), 0)

2020-08-17 10:50:28 - [MESSAGE][NOT_RUN] - NOT_RUN: tap(findTestObject("Maya/One Tap Authorisation/android.widget.ImageView0 (5)"), 0)

2020-08-17 10:50:28 - [TEST_STEP][NOT_RUN] - tap(findTestObject("Maya/One Tap Authorisation/android.widget.TextView0 (1)"), 0): NOT_RUN: tap(findTestObject("Maya/One Tap Authorisation/android.widget.TextView0 (1)"), 0)

2020-08-17 10:50:28 - [MESSAGE][NOT_RUN] - NOT_RUN: tap(findTestObject("Maya/One Tap Authorisation/android.widget.TextView0 (1)"), 0)

2020-08-17 10:50:28 - [TEST_STEP][NOT_RUN] - tap(findTestObject("Maya/One Tap Authorisation/android.widget.TextView0 - Activate Now (1)"), 0): NOT_RUN: tap(findTestObject("Maya/One Tap Authorisation/android.widget.TextView0 - Activate Now (1)"), 0)

2020-08-17 10:50:28 - [MESSAGE][NOT_RUN] - NOT_RUN: tap(findTestObject("Maya/One Tap Authorisation/android.widget.TextView0 - Activate Now (1)"), 0)

2020-08-17 10:50:28 - [TEST_STEP][NOT_RUN] - tap(findTestObject("Maya/One Tap Authorisation/android.widget.TextView0 - Confirm (1)"), 0): NOT_RUN: tap(findTestObject("Maya/One Tap Authorisation/android.widget.TextView0 - Confirm (1)"), 0)

2020-08-17 10:50:28 - [MESSAGE][NOT_RUN] - NOT_RUN: tap(findTestObject("Maya/One Tap Authorisation/android.widget.TextView0 - Confirm (1)"), 0)

2020-08-17 10:50:28 - [TEST_STEP][PASSED] - setText(findTestObject("Maya/One Tap Authorisation/android.widget.EditText0 - Your ID number (1)"), "1234", 0): Text '1234' has been set to element 'Object Repository/Maya/One Tap Authorisation/android.widget.EditText0 - Your ID number (1)'

2020-08-17 10:50:28 - [MESSAGE][WARNING] - Timeout '0' is invalid. Using default page load timeout: '10'

2020-08-17 10:50:30 - [MESSAGE][PASSED] - Text '1234' has been set to element 'Object Repository/Maya/One Tap Authorisation/android.widget.EditText0 - Your ID number (1)'

2020-08-17 10:50:30 - [TEST_STEP][PASSED] - driver.pressKeyCode(ENTER): null

2020-08-17 10:50:30 - [TEST_STEP][PASSED] - tap(findTestObject("Maya/One Tap Authorisation/android.widget.TextView0 - Continue (1)"), 0): Tapped on element 'Object Repository/Maya/One Tap Authorisation/android.widget.TextView0 - Continue (1)'

2020-08-17 10:50:31 - [MESSAGE][WARNING] - Timeout '0' is invalid. Using default page load timeout: '10'

2020-08-17 10:50:33 - [MESSAGE][PASSED] - Tapped on element 'Object Repository/Maya/One Tap Authorisation/android.widget.TextView0 - Continue (1)'

2020-08-17 10:50:33 - [TEST_STEP][PASSED] - verifyElementExist(findTestObject("Maya/One Tap Authorisation/android.widget.TextView0 - Please enter a valid ID number to continue."), 0): Element 'Object Repository/Maya/One Tap Authorisation/android.widget.TextView0 - Please enter a valid ID number to continue.' is exist

2020-08-17 10:50:33 - [MESSAGE][WARNING] - Timeout '0' is invalid. Using default page load timeout: '10'

2020-08-17 10:50:33 - [MESSAGE][PASSED] - Element 'Object Repository/Maya/One Tap Authorisation/android.widget.TextView0 - Please enter a valid ID number to continue.' is exist

2020-08-17 10:50:33 - [TEST_STEP][PASSED] - delay(2, STOP_ON_FAILURE): Delayed 2 second(s)

2020-08-17 10:50:35 - [MESSAGE][PASSED] - Delayed 2 second(s)

2020-08-17 10:50:35 - [TEST_STEP][PASSED] - driver.pressKeyCode(ENTER): null

2020-08-17 10:50:35 - [TEST_STEP][PASSED] - takeScreenshot("C:\Users\LENOVO\Screenshot\OneTap\Screen3.png", CONTINUE_ON_FAILURE): Screenshot is taken

2020-08-17 10:50:36 - [MESSAGE][PASSED] - Screenshot is taken
[[ATTACHMENT|C:\\Users\\LENOVO\\Screenshot\\OneTap\\Screen3.png]]

2020-08-17 10:50:36 - [TEST_STEP][PASSED] - delay(3, STOP_ON_FAILURE): Delayed 3 second(s)

2020-08-17 10:50:39 - [MESSAGE][PASSED] - Delayed 3 second(s)

2020-08-17 10:50:39 - [TEST_STEP][PASSED] - takeScreenshot("C:\Users\LENOVO\Screenshot\OneTap\Screen3.png", CONTINUE_ON_FAILURE): Screenshot is taken

2020-08-17 10:50:40 - [MESSAGE][PASSED] - Screenshot is taken
[[ATTACHMENT|C:\\Users\\LENOVO\\Screenshot\\OneTap\\Screen3.png]]

2020-08-17 10:50:40 - [TEST_STEP][PASSED] - clearText(findTestObject("Maya/One Tap Authorisation/android.widget.EditText0 - 1234"), 0): Element 'Object Repository/Maya/One Tap Authorisation/android.widget.EditText0 - 1234' text is cleared

2020-08-17 10:50:40 - [MESSAGE][WARNING] - Timeout '0' is invalid. Using default page load timeout: '10'

2020-08-17 10:50:41 - [MESSAGE][PASSED] - Element 'Object Repository/Maya/One Tap Authorisation/android.widget.EditText0 - 1234' text is cleared

2020-08-17 10:50:41 - [TEST_STEP][PASSED] - delay(2, STOP_ON_FAILURE): Delayed 2 second(s)

2020-08-17 10:50:43 - [MESSAGE][PASSED] - Delayed 2 second(s)

2020-08-17 10:50:43 - [TEST_STEP][PASSED] - driver.pressKeyCode(ENTER): null

2020-08-17 10:50:43 - [TEST_STEP][PASSED] - tap(findTestObject("Maya/One Tap Authorisation/android.widget.TextView0 - Continue (1)"), 0): Tapped on element 'Object Repository/Maya/One Tap Authorisation/android.widget.TextView0 - Continue (1)'

2020-08-17 10:50:43 - [MESSAGE][WARNING] - Timeout '0' is invalid. Using default page load timeout: '10'

2020-08-17 10:50:44 - [MESSAGE][PASSED] - Tapped on element 'Object Repository/Maya/One Tap Authorisation/android.widget.TextView0 - Continue (1)'

2020-08-17 10:50:44 - [TEST_STEP][PASSED] - getText(findTestObject("Maya/One Tap Authorisation/android.widget.TextView0 - ID number is required"), 0): Text of element 'Object Repository/Maya/One Tap Authorisation/android.widget.TextView0 - ID number is required' is: 'ID number is required'

2020-08-17 10:50:44 - [MESSAGE][WARNING] - Timeout '0' is invalid. Using default page load timeout: '10'

2020-08-17 10:50:45 - [MESSAGE][PASSED] - Text of element 'Object Repository/Maya/One Tap Authorisation/android.widget.TextView0 - ID number is required' is: 'ID number is required'

2020-08-17 10:50:45 - [TEST_STEP][PASSED] - verifyElementExist(findTestObject("Maya/One Tap Authorisation/android.widget.TextView0 - ID number is required"), 0): Element 'Object Repository/Maya/One Tap Authorisation/android.widget.TextView0 - ID number is required' is exist

2020-08-17 10:50:45 - [MESSAGE][WARNING] - Timeout '0' is invalid. Using default page load timeout: '10'

2020-08-17 10:50:45 - [MESSAGE][PASSED] - Element 'Object Repository/Maya/One Tap Authorisation/android.widget.TextView0 - ID number is required' is exist

2020-08-17 10:50:45 - [TEST_STEP][PASSED] - takeScreenshot("C:\Users\LENOVO\Screenshot\OneTap\Screen23.png", CONTINUE_ON_FAILURE): Screenshot is taken

2020-08-17 10:50:46 - [MESSAGE][PASSED] - Screenshot is taken
[[ATTACHMENT|C:\\Users\\LENOVO\\Screenshot\\OneTap\\Screen23.png]]

2020-08-17 10:50:46 - [TEST_STEP][PASSED] - setText(findTestObject("Maya/One Tap Authorisation/android.widget.EditText0 - Your ID number (2)"), "850102036544", 0): Text '850102036544' has been set to element 'Object Repository/Maya/One Tap Authorisation/android.widget.EditText0 - Your ID number (2)'

2020-08-17 10:50:46 - [MESSAGE][WARNING] - Timeout '0' is invalid. Using default page load timeout: '10'

2020-08-17 10:50:48 - [MESSAGE][PASSED] - Text '850102036544' has been set to element 'Object Repository/Maya/One Tap Authorisation/android.widget.EditText0 - Your ID number (2)'

2020-08-17 10:50:48 - [TEST_STEP][PASSED] - tap(findTestObject("Maya/One Tap Authorisation/android.widget.TextView0 - Continue (1)"), 0): Tapped on element 'Object Repository/Maya/One Tap Authorisation/android.widget.TextView0 - Continue (1)'

2020-08-17 10:50:48 - [MESSAGE][WARNING] - Timeout '0' is invalid. Using default page load timeout: '10'

2020-08-17 10:50:49 - [MESSAGE][PASSED] - Tapped on element 'Object Repository/Maya/One Tap Authorisation/android.widget.TextView0 - Continue (1)'

2020-08-17 10:50:49 - [TEST_STEP][NOT_RUN] - driver.pressKeyCode(ENTER): NOT_RUN: driver.pressKeyCode(ENTER)

2020-08-17 10:50:49 - [MESSAGE][NOT_RUN] - NOT_RUN: driver.pressKeyCode(ENTER)

2020-08-17 10:50:49 - [TEST_STEP][PASSED] - getText(findTestObject("Maya/One Tap Authorisation/android.widget.TextView0 - Device Name"), 0): Text of element 'Object Repository/Maya/One Tap Authorisation/android.widget.TextView0 - Device Name' is: 'Device Name'

2020-08-17 10:50:50 - [MESSAGE][WARNING] - Timeout '0' is invalid. Using default page load timeout: '10'

2020-08-17 10:50:54 - [MESSAGE][PASSED] - Text of element 'Object Repository/Maya/One Tap Authorisation/android.widget.TextView0 - Device Name' is: 'Device Name'

2020-08-17 10:50:54 - [TEST_STEP][NOT_RUN] - clearText(findTestObject("Maya/One Tap Authorisation/android.widget.TextView0 - Device Name"), 0): NOT_RUN: clearText(findTestObject("Maya/One Tap Authorisation/android.widget.TextView0 - Device Name"), 0)

2020-08-17 10:50:54 - [MESSAGE][NOT_RUN] - NOT_RUN: clearText(findTestObject("Maya/One Tap Authorisation/android.widget.TextView0 - Device Name"), 0)

2020-08-17 10:50:54 - [TEST_STEP][NOT_RUN] - tap(findTestObject("Maya/One Tap Authorisation/android.widget.TextView0 - Continue (1)"), 0): NOT_RUN: tap(findTestObject("Maya/One Tap Authorisation/android.widget.TextView0 - Continue (1)"), 0)

2020-08-17 10:50:54 - [MESSAGE][NOT_RUN] - NOT_RUN: tap(findTestObject("Maya/One Tap Authorisation/android.widget.TextView0 - Continue (1)"), 0)

2020-08-17 10:50:54 - [TEST_STEP][NOT_RUN] - getText(findTestObject("Maya/One Tap Authorisation/android.widget.TextView0 - Your device name must be alphanumeric characters with no symbols and spaces"), 0): NOT_RUN: getText(findTestObject("Maya/One Tap Authorisation/android.widget.TextView0 - Your device name must be alphanumeric characters with no symbols and spaces"), 0)

2020-08-17 10:50:54 - [MESSAGE][NOT_RUN] - NOT_RUN: getText(findTestObject("Maya/One Tap Authorisation/android.widget.TextView0 - Your device name must be alphanumeric characters with no symbols and spaces"), 0)

2020-08-17 10:50:54 - [TEST_STEP][NOT_RUN] - getText(findTestObject("Maya/One Tap Authorisation/android.widget.TextView0 - Enter your device name"), 0): NOT_RUN: getText(findTestObject("Maya/One Tap Authorisation/android.widget.TextView0 - Enter your device name"), 0)

2020-08-17 10:50:54 - [MESSAGE][NOT_RUN] - NOT_RUN: getText(findTestObject("Maya/One Tap Authorisation/android.widget.TextView0 - Enter your device name"), 0)

2020-08-17 10:50:54 - [TEST_STEP][PASSED] - tap(findTestObject("Maya/One Tap Authorisation/android.widget.ImageView0 (5)"), 0): Tapped on element 'Object Repository/Maya/One Tap Authorisation/android.widget.ImageView0 (5)'

2020-08-17 10:50:54 - [MESSAGE][WARNING] - Timeout '0' is invalid. Using default page load timeout: '10'

2020-08-17 10:50:54 - [MESSAGE][PASSED] - Tapped on element 'Object Repository/Maya/One Tap Authorisation/android.widget.ImageView0 (5)'

2020-08-17 10:50:54 - [TEST_STEP][PASSED] - tap(findTestObject("Maya/One Tap Authorisation/android.widget.TextView0 (1)"), 0): Tapped on element 'Object Repository/Maya/One Tap Authorisation/android.widget.TextView0 (1)'

2020-08-17 10:50:54 - [MESSAGE][WARNING] - Timeout '0' is invalid. Using default page load timeout: '10'

2020-08-17 10:50:56 - [MESSAGE][PASSED] - Tapped on element 'Object Repository/Maya/One Tap Authorisation/android.widget.TextView0 (1)'

2020-08-17 10:50:56 - [TEST_STEP][PASSED] - tap(findTestObject("Maya/One Tap Authorisation/android.widget.TextView0 - Activate Now (1)"), 0): Tapped on element 'Object Repository/Maya/One Tap Authorisation/android.widget.TextView0 - Activate Now (1)'

2020-08-17 10:50:56 - [MESSAGE][WARNING] - Timeout '0' is invalid. Using default page load timeout: '10'

2020-08-17 10:50:59 - [MESSAGE][PASSED] - Tapped on element 'Object Repository/Maya/One Tap Authorisation/android.widget.TextView0 - Activate Now (1)'

2020-08-17 10:50:59 - [TEST_STEP][PASSED] - tap(findTestObject("Maya/One Tap Authorisation/android.widget.ImageView0 (6)"), 0): Tapped on element 'Object Repository/Maya/One Tap Authorisation/android.widget.ImageView0 (6)'

2020-08-17 10:50:59 - [MESSAGE][WARNING] - Timeout '0' is invalid. Using default page load timeout: '10'

2020-08-17 10:51:00 - [MESSAGE][PASSED] - Tapped on element 'Object Repository/Maya/One Tap Authorisation/android.widget.ImageView0 (6)'

2020-08-17 10:51:00 - [TEST_STEP][NOT_RUN] - tap(findTestObject("Maya/One Tap Authorisation/android.widget.TextView0 - Yes"), 0, CONTINUE_ON_FAILURE): NOT_RUN: tap(findTestObject("Maya/One Tap Authorisation/android.widget.TextView0 - Yes"), 0, CONTINUE_ON_FAILURE)

2020-08-17 10:51:00 - [MESSAGE][NOT_RUN] - NOT_RUN: tap(findTestObject("Maya/One Tap Authorisation/android.widget.TextView0 - Yes"), 0, CONTINUE_ON_FAILURE)

2020-08-17 10:51:00 - [TEST_STEP][PASSED] - tap(findTestObject("Maya/One Tap Authorisation/android.widget.TextView0 - Activate Now (1)"), 0): Tapped on element 'Object Repository/Maya/One Tap Authorisation/android.widget.TextView0 - Activate Now (1)'

2020-08-17 10:51:00 - [MESSAGE][WARNING] - Timeout '0' is invalid. Using default page load timeout: '10'

2020-08-17 10:51:03 - [MESSAGE][PASSED] - Tapped on element 'Object Repository/Maya/One Tap Authorisation/android.widget.TextView0 - Activate Now (1)'

2020-08-17 10:51:03 - [TEST_STEP][NOT_RUN] - tap(findTestObject("Maya/One Tap Authorisation/android.widget.TextView0 - Yes"), 0, CONTINUE_ON_FAILURE): NOT_RUN: tap(findTestObject("Maya/One Tap Authorisation/android.widget.TextView0 - Yes"), 0, CONTINUE_ON_FAILURE)

2020-08-17 10:51:03 - [MESSAGE][NOT_RUN] - NOT_RUN: tap(findTestObject("Maya/One Tap Authorisation/android.widget.TextView0 - Yes"), 0, CONTINUE_ON_FAILURE)

2020-08-17 10:51:03 - [TEST_STEP][PASSED] - tap(findTestObject("Maya/One Tap Authorisation/android.widget.TextView0 - Confirm (1)"), 0): Tapped on element 'Object Repository/Maya/One Tap Authorisation/android.widget.TextView0 - Confirm (1)'

2020-08-17 10:51:03 - [MESSAGE][WARNING] - Timeout '0' is invalid. Using default page load timeout: '10'

2020-08-17 10:51:05 - [MESSAGE][PASSED] - Tapped on element 'Object Repository/Maya/One Tap Authorisation/android.widget.TextView0 - Confirm (1)'

2020-08-17 10:51:05 - [TEST_STEP][PASSED] - otp = getText(findTestObject("Maya/Third Party CA account/android.widget.TextView0 - Your OTP no. is 460943"), 0): Text of element 'Object Repository/Maya/Third Party CA account/android.widget.TextView0 - Your OTP no. is 460943' is: 'Your OTP no. is 981533'

2020-08-17 10:51:05 - [MESSAGE][WARNING] - Timeout '0' is invalid. Using default page load timeout: '10'

2020-08-17 10:51:08 - [MESSAGE][PASSED] - Text of element 'Object Repository/Maya/Third Party CA account/android.widget.TextView0 - Your OTP no. is 460943' is: 'Your OTP no. is 981533'

2020-08-17 10:51:08 - [TEST_STEP][PASSED] - delay(2): Delayed 2 second(s)

2020-08-17 10:51:10 - [MESSAGE][PASSED] - Delayed 2 second(s)

2020-08-17 10:51:10 - [TEST_STEP][PASSED] - for ([i = 16, i <= 21, (i++)]): null

2020-08-17 10:51:10 - [TEST_STEP][PASSED] - delay(3, STOP_ON_FAILURE): Delayed 3 second(s)

2020-08-17 10:51:13 - [MESSAGE][PASSED] - Delayed 3 second(s)

2020-08-17 10:51:13 - [TEST_STEP][PASSED] - if (otp[i] == "0"): null

2020-08-17 10:51:13 - [TEST_STEP][PASSED] - if (otp[i] == "1"): null

2020-08-17 10:51:13 - [TEST_STEP][PASSED] - if (otp[i] == "2"): null

2020-08-17 10:51:13 - [TEST_STEP][PASSED] - if (otp[i] == "3"): null

2020-08-17 10:51:13 - [TEST_STEP][PASSED] - if (otp[i] == "4"): null

2020-08-17 10:51:13 - [TEST_STEP][PASSED] - if (otp[i] == "5"): null

2020-08-17 10:51:13 - [TEST_STEP][PASSED] - if (otp[i] == "6"): null

2020-08-17 10:51:13 - [TEST_STEP][PASSED] - if (otp[i] == "7"): null

2020-08-17 10:51:13 - [TEST_STEP][PASSED] - if (otp[i] == "8"): null

2020-08-17 10:51:13 - [TEST_STEP][PASSED] - if (otp[i] == "9"): Tapped on element 'Object Repository/Maya/login again/Spy- 9'

2020-08-17 10:51:13 - [TEST_STEP][PASSED] - delay(1, STOP_ON_FAILURE): Delayed 1 second(s)

2020-08-17 10:51:14 - [MESSAGE][PASSED] - Delayed 1 second(s)

2020-08-17 10:51:14 - [TEST_STEP][PASSED] - tap(findTestObject("Maya/login again/Spy- 9"), 0): Tapped on element 'Object Repository/Maya/login again/Spy- 9'

2020-08-17 10:51:14 - [MESSAGE][WARNING] - Timeout '0' is invalid. Using default page load timeout: '10'

2020-08-17 10:51:20 - [MESSAGE][PASSED] - Tapped on element 'Object Repository/Maya/login again/Spy- 9'

2020-08-17 10:51:20 - [TEST_STEP][PASSED] - delay(3, STOP_ON_FAILURE): Delayed 3 second(s)

2020-08-17 10:51:23 - [MESSAGE][PASSED] - Delayed 3 second(s)

2020-08-17 10:51:23 - [TEST_STEP][PASSED] - if (otp[i] == "0"): null

2020-08-17 10:51:23 - [TEST_STEP][PASSED] - if (otp[i] == "1"): null

2020-08-17 10:51:23 - [TEST_STEP][PASSED] - if (otp[i] == "2"): null

2020-08-17 10:51:23 - [TEST_STEP][PASSED] - if (otp[i] == "3"): null

2020-08-17 10:51:23 - [TEST_STEP][PASSED] - if (otp[i] == "4"): null

2020-08-17 10:51:23 - [TEST_STEP][PASSED] - if (otp[i] == "5"): null

2020-08-17 10:51:23 - [TEST_STEP][PASSED] - if (otp[i] == "6"): null

2020-08-17 10:51:23 - [TEST_STEP][PASSED] - if (otp[i] == "7"): null

2020-08-17 10:51:23 - [TEST_STEP][PASSED] - if (otp[i] == "8"): Tapped on element 'Object Repository/Maya/login again/Spy - 8'

2020-08-17 10:51:23 - [TEST_STEP][PASSED] - delay(1, STOP_ON_FAILURE): Delayed 1 second(s)

2020-08-17 10:51:24 - [MESSAGE][PASSED] - Delayed 1 second(s)

2020-08-17 10:51:24 - [TEST_STEP][PASSED] - tap(findTestObject("Maya/login again/Spy - 8"), 0): Tapped on element 'Object Repository/Maya/login again/Spy - 8'

2020-08-17 10:51:24 - [MESSAGE][WARNING] - Timeout '0' is invalid. Using default page load timeout: '10'

2020-08-17 10:51:28 - [MESSAGE][PASSED] - Tapped on element 'Object Repository/Maya/login again/Spy - 8'

2020-08-17 10:51:28 - [TEST_STEP][PASSED] - if (otp[i] == "9"): null

2020-08-17 10:51:28 - [TEST_STEP][PASSED] - delay(3, STOP_ON_FAILURE): Delayed 3 second(s)

2020-08-17 10:51:31 - [MESSAGE][PASSED] - Delayed 3 second(s)

2020-08-17 10:51:31 - [TEST_STEP][PASSED] - if (otp[i] == "0"): null

2020-08-17 10:51:31 - [TEST_STEP][PASSED] - if (otp[i] == "1"): Tapped on element 'Object Repository/Maya/login again/Spy - 1'

2020-08-17 10:51:31 - [TEST_STEP][PASSED] - delay(1, STOP_ON_FAILURE): Delayed 1 second(s)

2020-08-17 10:51:32 - [MESSAGE][PASSED] - Delayed 1 second(s)

2020-08-17 10:51:32 - [TEST_STEP][PASSED] - tap(findTestObject("Maya/login again/Spy - 1"), 0): Tapped on element 'Object Repository/Maya/login again/Spy - 1'

2020-08-17 10:51:32 - [MESSAGE][WARNING] - Timeout '0' is invalid. Using default page load timeout: '10'

2020-08-17 10:51:34 - [MESSAGE][PASSED] - Tapped on element 'Object Repository/Maya/login again/Spy - 1'

2020-08-17 10:51:34 - [TEST_STEP][PASSED] - if (otp[i] == "2"): null

2020-08-17 10:51:34 - [TEST_STEP][PASSED] - if (otp[i] == "3"): null

2020-08-17 10:51:34 - [TEST_STEP][PASSED] - if (otp[i] == "4"): null

2020-08-17 10:51:34 - [TEST_STEP][PASSED] - if (otp[i] == "5"): null

2020-08-17 10:51:34 - [TEST_STEP][PASSED] - if (otp[i] == "6"): null

2020-08-17 10:51:34 - [TEST_STEP][PASSED] - if (otp[i] == "7"): null

2020-08-17 10:51:34 - [TEST_STEP][PASSED] - if (otp[i] == "8"): null

2020-08-17 10:51:34 - [TEST_STEP][PASSED] - if (otp[i] == "9"): null

2020-08-17 10:51:34 - [TEST_STEP][PASSED] - delay(3, STOP_ON_FAILURE): Delayed 3 second(s)

2020-08-17 10:51:37 - [MESSAGE][PASSED] - Delayed 3 second(s)

2020-08-17 10:51:37 - [TEST_STEP][PASSED] - if (otp[i] == "0"): null

2020-08-17 10:51:37 - [TEST_STEP][PASSED] - if (otp[i] == "1"): null

2020-08-17 10:51:37 - [TEST_STEP][PASSED] - if (otp[i] == "2"): null

2020-08-17 10:51:37 - [TEST_STEP][PASSED] - if (otp[i] == "3"): null

2020-08-17 10:51:37 - [TEST_STEP][PASSED] - if (otp[i] == "4"): null

2020-08-17 10:51:37 - [TEST_STEP][PASSED] - if (otp[i] == "5"): Tapped on element 'Object Repository/Maya/login again/Spy- 5'

2020-08-17 10:51:37 - [TEST_STEP][PASSED] - delay(1, STOP_ON_FAILURE): Delayed 1 second(s)

2020-08-17 10:51:38 - [MESSAGE][PASSED] - Delayed 1 second(s)

2020-08-17 10:51:38 - [TEST_STEP][PASSED] - tap(findTestObject("Maya/login again/Spy- 5"), 0): Tapped on element 'Object Repository/Maya/login again/Spy- 5'

2020-08-17 10:51:39 - [MESSAGE][WARNING] - Timeout '0' is invalid. Using default page load timeout: '10'

2020-08-17 10:51:41 - [MESSAGE][PASSED] - Tapped on element 'Object Repository/Maya/login again/Spy- 5'

2020-08-17 10:51:41 - [TEST_STEP][PASSED] - if (otp[i] == "6"): null

2020-08-17 10:51:41 - [TEST_STEP][PASSED] - if (otp[i] == "7"): null

2020-08-17 10:51:41 - [TEST_STEP][PASSED] - if (otp[i] == "8"): null

2020-08-17 10:51:41 - [TEST_STEP][PASSED] - if (otp[i] == "9"): null

2020-08-17 10:51:41 - [TEST_STEP][PASSED] - delay(3, STOP_ON_FAILURE): Delayed 3 second(s)

2020-08-17 10:51:44 - [MESSAGE][PASSED] - Delayed 3 second(s)

2020-08-17 10:51:44 - [TEST_STEP][PASSED] - if (otp[i] == "0"): null

2020-08-17 10:51:44 - [TEST_STEP][PASSED] - if (otp[i] == "1"): null

2020-08-17 10:51:44 - [TEST_STEP][PASSED] - if (otp[i] == "2"): null

2020-08-17 10:51:44 - [TEST_STEP][PASSED] - if (otp[i] == "3"): Tapped on element 'Object Repository/Maya/login again/Spy- 3'

2020-08-17 10:51:44 - [TEST_STEP][PASSED] - delay(1, STOP_ON_FAILURE): Delayed 1 second(s)

2020-08-17 10:51:45 - [MESSAGE][PASSED] - Delayed 1 second(s)

2020-08-17 10:51:45 - [TEST_STEP][NOT_RUN] - tap(findTestObject("MAYA SIT v118/spy/TAC - keypad 3"), 0): NOT_RUN: tap(findTestObject("MAYA SIT v118/spy/TAC - keypad 3"), 0)

2020-08-17 10:51:45 - [MESSAGE][NOT_RUN] - NOT_RUN: tap(findTestObject("MAYA SIT v118/spy/TAC - keypad 3"), 0)

2020-08-17 10:51:45 - [TEST_STEP][PASSED] - tap(findTestObject("Maya/login again/Spy- 3"), 0): Tapped on element 'Object Repository/Maya/login again/Spy- 3'

2020-08-17 10:51:45 - [MESSAGE][WARNING] - Timeout '0' is invalid. Using default page load timeout: '10'

2020-08-17 10:51:48 - [MESSAGE][PASSED] - Tapped on element 'Object Repository/Maya/login again/Spy- 3'

2020-08-17 10:51:48 - [TEST_STEP][PASSED] - if (otp[i] == "4"): null

2020-08-17 10:51:48 - [TEST_STEP][PASSED] - if (otp[i] == "5"): null

2020-08-17 10:51:48 - [TEST_STEP][PASSED] - if (otp[i] == "6"): null

2020-08-17 10:51:48 - [TEST_STEP][PASSED] - if (otp[i] == "7"): null

2020-08-17 10:51:48 - [TEST_STEP][PASSED] - if (otp[i] == "8"): null

2020-08-17 10:51:48 - [TEST_STEP][PASSED] - if (otp[i] == "9"): null

2020-08-17 10:51:48 - [TEST_STEP][PASSED] - delay(3, STOP_ON_FAILURE): Delayed 3 second(s)

2020-08-17 10:51:51 - [MESSAGE][PASSED] - Delayed 3 second(s)

2020-08-17 10:51:51 - [TEST_STEP][PASSED] - if (otp[i] == "0"): null

2020-08-17 10:51:51 - [TEST_STEP][PASSED] - if (otp[i] == "1"): null

2020-08-17 10:51:51 - [TEST_STEP][PASSED] - if (otp[i] == "2"): null

2020-08-17 10:51:51 - [TEST_STEP][PASSED] - if (otp[i] == "3"): Tapped on element 'Object Repository/Maya/login again/Spy- 3'

2020-08-17 10:51:51 - [TEST_STEP][PASSED] - delay(1, STOP_ON_FAILURE): Delayed 1 second(s)

2020-08-17 10:51:52 - [MESSAGE][PASSED] - Delayed 1 second(s)

2020-08-17 10:51:52 - [TEST_STEP][NOT_RUN] - tap(findTestObject("MAYA SIT v118/spy/TAC - keypad 3"), 0): NOT_RUN: tap(findTestObject("MAYA SIT v118/spy/TAC - keypad 3"), 0)

2020-08-17 10:51:52 - [MESSAGE][NOT_RUN] - NOT_RUN: tap(findTestObject("MAYA SIT v118/spy/TAC - keypad 3"), 0)

2020-08-17 10:51:52 - [TEST_STEP][PASSED] - tap(findTestObject("Maya/login again/Spy- 3"), 0): Tapped on element 'Object Repository/Maya/login again/Spy- 3'

2020-08-17 10:51:52 - [MESSAGE][WARNING] - Timeout '0' is invalid. Using default page load timeout: '10'

2020-08-17 10:51:55 - [MESSAGE][PASSED] - Tapped on element 'Object Repository/Maya/login again/Spy- 3'

2020-08-17 10:51:55 - [TEST_STEP][PASSED] - if (otp[i] == "4"): null

2020-08-17 10:51:55 - [TEST_STEP][PASSED] - if (otp[i] == "5"): null

2020-08-17 10:51:55 - [TEST_STEP][PASSED] - if (otp[i] == "6"): null

2020-08-17 10:51:55 - [TEST_STEP][PASSED] - if (otp[i] == "7"): null

2020-08-17 10:51:55 - [TEST_STEP][PASSED] - if (otp[i] == "8"): null

2020-08-17 10:51:55 - [TEST_STEP][PASSED] - if (otp[i] == "9"): null

2020-08-17 10:51:55 - [TEST_STEP][PASSED] - delay(8, STOP_ON_FAILURE): Delayed 8 second(s)

2020-08-17 10:52:03 - [MESSAGE][PASSED] - Delayed 8 second(s)

2020-08-17 10:52:03 - [TEST_STEP][PASSED] - tap(findTestObject("Maya/Forgot Pin/android.widget.ImageView0 (7)"), 0): Tapped on element 'Object Repository/Maya/Forgot Pin/android.widget.ImageView0 (7)'

2020-08-17 10:52:03 - [MESSAGE][WARNING] - Timeout '0' is invalid. Using default page load timeout: '10'

2020-08-17 10:52:04 - [MESSAGE][PASSED] - Tapped on element 'Object Repository/Maya/Forgot Pin/android.widget.ImageView0 (7)'

2020-08-17 10:52:04 - [TEST_STEP][PASSED] - setText(findTestObject("Maya/One Tap Authorisation/android.widget.EditText0 - Your ID number (1)"), "##   @@", 0): Text '##   @@' has been set to element 'Object Repository/Maya/One Tap Authorisation/android.widget.EditText0 - Your ID number (1)'

2020-08-17 10:52:04 - [MESSAGE][WARNING] - Timeout '0' is invalid. Using default page load timeout: '10'

2020-08-17 10:52:07 - [MESSAGE][PASSED] - Text '##   @@' has been set to element 'Object Repository/Maya/One Tap Authorisation/android.widget.EditText0 - Your ID number (1)'

2020-08-17 10:52:07 - [TEST_STEP][PASSED] - driver.pressKeyCode(ENTER): null

2020-08-17 10:52:07 - [TEST_STEP][PASSED] - tap(findTestObject("Maya/One Tap Authorisation/android.widget.TextView0 - Continue (1)"), 0): Tapped on element 'Object Repository/Maya/One Tap Authorisation/android.widget.TextView0 - Continue (1)'

2020-08-17 10:52:08 - [MESSAGE][WARNING] - Timeout '0' is invalid. Using default page load timeout: '10'

2020-08-17 10:52:10 - [MESSAGE][PASSED] - Tapped on element 'Object Repository/Maya/One Tap Authorisation/android.widget.TextView0 - Continue (1)'

2020-08-17 10:52:10 - [TEST_STEP][PASSED] - driver.pressKeyCode(ENTER): null

2020-08-17 10:52:10 - [TEST_STEP][PASSED] - getText(findTestObject("Maya/One Tap Authorisation/android.widget.TextView0 - ID number is invalid"), 0): Text of element 'Object Repository/Maya/One Tap Authorisation/android.widget.TextView0 - ID number is invalid' is: 'ID number is invalid'

2020-08-17 10:52:10 - [MESSAGE][WARNING] - Timeout '0' is invalid. Using default page load timeout: '10'

2020-08-17 10:52:10 - [MESSAGE][PASSED] - Text of element 'Object Repository/Maya/One Tap Authorisation/android.widget.TextView0 - ID number is invalid' is: 'ID number is invalid'

2020-08-17 10:52:10 - [TEST_STEP][PASSED] - takeScreenshot("C:\Users\LENOVO\Screenshot\OneTap\Screen15.png", CONTINUE_ON_FAILURE): Screenshot is taken

2020-08-17 10:52:12 - [MESSAGE][PASSED] - Screenshot is taken
[[ATTACHMENT|C:\\Users\\LENOVO\\Screenshot\\OneTap\\Screen15.png]]

2020-08-17 10:52:12 - [TEST_STEP][PASSED] - verifyElementExist(findTestObject("Maya/One Tap Authorisation/android.widget.TextView0 - ID number is invalid"), 0): Element 'Object Repository/Maya/One Tap Authorisation/android.widget.TextView0 - ID number is invalid' is exist

2020-08-17 10:52:12 - [MESSAGE][WARNING] - Timeout '0' is invalid. Using default page load timeout: '10'

2020-08-17 10:52:12 - [MESSAGE][PASSED] - Element 'Object Repository/Maya/One Tap Authorisation/android.widget.TextView0 - ID number is invalid' is exist

2020-08-17 10:52:12 - [TEST_STEP][PASSED] - clearText(findTestObject("Maya/One Tap Authorisation/android.widget.EditText0 -    "), 0): Element 'Object Repository/Maya/One Tap Authorisation/android.widget.EditText0 -    ' text is cleared

2020-08-17 10:52:12 - [MESSAGE][WARNING] - Timeout '0' is invalid. Using default page load timeout: '10'

2020-08-17 10:52:13 - [MESSAGE][PASSED] - Element 'Object Repository/Maya/One Tap Authorisation/android.widget.EditText0 -    ' text is cleared

2020-08-17 10:52:13 - [TEST_STEP][PASSED] - setText(findTestObject("Maya/One Tap Authorisation/android.widget.EditText0 - Your ID number (2)"), "850102036544", 0): Text '850102036544' has been set to element 'Object Repository/Maya/One Tap Authorisation/android.widget.EditText0 - Your ID number (2)'

2020-08-17 10:52:13 - [MESSAGE][WARNING] - Timeout '0' is invalid. Using default page load timeout: '10'

2020-08-17 10:52:14 - [MESSAGE][PASSED] - Text '850102036544' has been set to element 'Object Repository/Maya/One Tap Authorisation/android.widget.EditText0 - Your ID number (2)'

2020-08-17 10:52:14 - [TEST_STEP][PASSED] - delay(3, STOP_ON_FAILURE): Delayed 3 second(s)

2020-08-17 10:52:17 - [MESSAGE][PASSED] - Delayed 3 second(s)

2020-08-17 10:52:17 - [TEST_STEP][PASSED] - takeScreenshot("C:\Users\LENOVO\Screenshot\OneTap\Screen9.png", CONTINUE_ON_FAILURE): Screenshot is taken

2020-08-17 10:52:19 - [MESSAGE][PASSED] - Screenshot is taken
[[ATTACHMENT|C:\\Users\\LENOVO\\Screenshot\\OneTap\\Screen9.png]]

2020-08-17 10:52:19 - [TEST_STEP][PASSED] - tap(findTestObject("Maya/One Tap Authorisation/android.widget.TextView0 - Continue (1)"), 0): Tapped on element 'Object Repository/Maya/One Tap Authorisation/android.widget.TextView0 - Continue (1)'

2020-08-17 10:52:19 - [MESSAGE][WARNING] - Timeout '0' is invalid. Using default page load timeout: '10'

2020-08-17 10:52:22 - [MESSAGE][PASSED] - Tapped on element 'Object Repository/Maya/One Tap Authorisation/android.widget.TextView0 - Continue (1)'

2020-08-17 10:52:22 - [TEST_STEP][NOT_RUN] - driver.pressKeyCode(ENTER): NOT_RUN: driver.pressKeyCode(ENTER)

2020-08-17 10:52:22 - [MESSAGE][NOT_RUN] - NOT_RUN: driver.pressKeyCode(ENTER)

2020-08-17 10:52:22 - [TEST_STEP][PASSED] - clearText(findTestObject("Maya/One Tap Authorisation/android.widget.EditText0 - Redmi"), 0): Element 'Object Repository/Maya/One Tap Authorisation/android.widget.EditText0 - Redmi' text is cleared

2020-08-17 10:52:22 - [MESSAGE][WARNING] - Timeout '0' is invalid. Using default page load timeout: '10'

2020-08-17 10:52:23 - [MESSAGE][PASSED] - Element 'Object Repository/Maya/One Tap Authorisation/android.widget.EditText0 - Redmi' text is cleared

2020-08-17 10:52:23 - [TEST_STEP][PASSED] - setText(findTestObject("Maya/One Tap Authorisation/android.widget.EditText0 - Your device name"), "@@ !!tre", 0): Text '@@ !!tre' has been set to element 'Object Repository/Maya/One Tap Authorisation/android.widget.EditText0 - Your device name'

2020-08-17 10:52:23 - [MESSAGE][WARNING] - Timeout '0' is invalid. Using default page load timeout: '10'

2020-08-17 10:52:25 - [MESSAGE][PASSED] - Text '@@ !!tre' has been set to element 'Object Repository/Maya/One Tap Authorisation/android.widget.EditText0 - Your device name'

2020-08-17 10:52:25 - [TEST_STEP][PASSED] - driver.pressKeyCode(ENTER): null

2020-08-17 10:52:26 - [TEST_STEP][PASSED] - tap(findTestObject("Maya/One Tap Authorisation/android.widget.TextView0 - Continue (1)"), 0): Tapped on element 'Object Repository/Maya/One Tap Authorisation/android.widget.TextView0 - Continue (1)'

2020-08-17 10:52:26 - [MESSAGE][WARNING] - Timeout '0' is invalid. Using default page load timeout: '10'

2020-08-17 10:52:27 - [MESSAGE][PASSED] - Tapped on element 'Object Repository/Maya/One Tap Authorisation/android.widget.TextView0 - Continue (1)'

2020-08-17 10:52:27 - [TEST_STEP][PASSED] - driver.pressKeyCode(ENTER): null

2020-08-17 10:52:28 - [TEST_STEP][PASSED] - getText(findTestObject("Maya/One Tap Authorisation/android.widget.TextView0 - Device name must be alphanumeric characters with no symbols and spaces."), 0): Text of element 'Object Repository/Maya/One Tap Authorisation/android.widget.TextView0 - Device name must be alphanumeric characters with no symbols and spaces.' is: 'Device name must be alphanumeric characters with no symbols and spaces.'

2020-08-17 10:52:28 - [MESSAGE][WARNING] - Timeout '0' is invalid. Using default page load timeout: '10'

2020-08-17 10:52:29 - [MESSAGE][PASSED] - Text of element 'Object Repository/Maya/One Tap Authorisation/android.widget.TextView0 - Device name must be alphanumeric characters with no symbols and spaces.' is: 'Device name must be alphanumeric characters with no symbols and spaces.'

2020-08-17 10:52:29 - [TEST_STEP][PASSED] - takeScreenshot("C:\Users\LENOVO\Screenshot\OneTap\Screen14.png", CONTINUE_ON_FAILURE): Screenshot is taken

2020-08-17 10:52:30 - [MESSAGE][PASSED] - Screenshot is taken
[[ATTACHMENT|C:\\Users\\LENOVO\\Screenshot\\OneTap\\Screen14.png]]

2020-08-17 10:52:30 - [TEST_STEP][PASSED] - verifyElementExist(findTestObject("Maya/One Tap Authorisation/android.widget.TextView0 - Device name must be alphanumeric characters with no symbols and spaces."), 0): Element 'Object Repository/Maya/One Tap Authorisation/android.widget.TextView0 - Device name must be alphanumeric characters with no symbols and spaces.' is exist

2020-08-17 10:52:30 - [MESSAGE][WARNING] - Timeout '0' is invalid. Using default page load timeout: '10'

2020-08-17 10:52:31 - [MESSAGE][PASSED] - Element 'Object Repository/Maya/One Tap Authorisation/android.widget.TextView0 - Device name must be alphanumeric characters with no symbols and spaces.' is exist

2020-08-17 10:52:31 - [TEST_STEP][PASSED] - clearText(findTestObject("Maya/One Tap Authorisation/android.widget.EditText0 -  tre"), 0): Element 'Object Repository/Maya/One Tap Authorisation/android.widget.EditText0 -  tre' text is cleared

2020-08-17 10:52:31 - [MESSAGE][WARNING] - Timeout '0' is invalid. Using default page load timeout: '10'

2020-08-17 10:52:31 - [MESSAGE][PASSED] - Element 'Object Repository/Maya/One Tap Authorisation/android.widget.EditText0 -  tre' text is cleared

2020-08-17 10:52:31 - [TEST_STEP][PASSED] - tap(findTestObject("Maya/One Tap Authorisation/android.widget.TextView0 - Continue (1)"), 0): Tapped on element 'Object Repository/Maya/One Tap Authorisation/android.widget.TextView0 - Continue (1)'

2020-08-17 10:52:31 - [MESSAGE][WARNING] - Timeout '0' is invalid. Using default page load timeout: '10'

2020-08-17 10:52:33 - [MESSAGE][PASSED] - Tapped on element 'Object Repository/Maya/One Tap Authorisation/android.widget.TextView0 - Continue (1)'

2020-08-17 10:52:33 - [TEST_STEP][PASSED] - driver.pressKeyCode(ENTER): null

2020-08-17 10:52:33 - [TEST_STEP][NOT_RUN] - getText(findTestObject("Maya/One Tap Authorisation/android.widget.TextView0 - ID number is required"), 0): NOT_RUN: getText(findTestObject("Maya/One Tap Authorisation/android.widget.TextView0 - ID number is required"), 0)

2020-08-17 10:52:33 - [MESSAGE][NOT_RUN] - NOT_RUN: getText(findTestObject("Maya/One Tap Authorisation/android.widget.TextView0 - ID number is required"), 0)

2020-08-17 10:52:33 - [TEST_STEP][PASSED] - setText(findTestObject("Maya/One Tap Authorisation/android.widget.EditText0 - Your device name"), "testtesttesttesttesttesttesttest", 0): Text 'testtesttesttesttesttesttesttest' has been set to element 'Object Repository/Maya/One Tap Authorisation/android.widget.EditText0 - Your device name'

2020-08-17 10:52:33 - [MESSAGE][WARNING] - Timeout '0' is invalid. Using default page load timeout: '10'

2020-08-17 10:52:35 - [MESSAGE][PASSED] - Text 'testtesttesttesttesttesttesttest' has been set to element 'Object Repository/Maya/One Tap Authorisation/android.widget.EditText0 - Your device name'

2020-08-17 10:52:35 - [TEST_STEP][NOT_RUN] - driver.pressKeyCode(ENTER): NOT_RUN: driver.pressKeyCode(ENTER)

2020-08-17 10:52:35 - [MESSAGE][NOT_RUN] - NOT_RUN: driver.pressKeyCode(ENTER)

2020-08-17 10:52:35 - [TEST_STEP][PASSED] - clearText(findTestObject("Maya/One Tap Authorisation/android.widget.EditText0 - testtesttesttes"), 0): Element 'Object Repository/Maya/One Tap Authorisation/android.widget.EditText0 - testtesttesttes' text is cleared

2020-08-17 10:52:35 - [MESSAGE][WARNING] - Timeout '0' is invalid. Using default page load timeout: '10'

2020-08-17 10:52:36 - [MESSAGE][PASSED] - Element 'Object Repository/Maya/One Tap Authorisation/android.widget.EditText0 - testtesttesttes' text is cleared

2020-08-17 10:52:36 - [TEST_STEP][PASSED] - setText(findTestObject("Maya/One Tap Authorisation/android.widget.EditText0 - Your device name"), "test", 0): Text 'test' has been set to element 'Object Repository/Maya/One Tap Authorisation/android.widget.EditText0 - Your device name'

2020-08-17 10:52:36 - [MESSAGE][WARNING] - Timeout '0' is invalid. Using default page load timeout: '10'

2020-08-17 10:52:38 - [MESSAGE][PASSED] - Text 'test' has been set to element 'Object Repository/Maya/One Tap Authorisation/android.widget.EditText0 - Your device name'

2020-08-17 10:52:38 - [TEST_STEP][PASSED] - driver.pressKeyCode(ENTER): null

2020-08-17 10:52:39 - [TEST_STEP][PASSED] - takeScreenshot("C:\Users\LENOVO\Screenshot\OneTap\Screen4.png", CONTINUE_ON_FAILURE): Screenshot is taken

2020-08-17 10:52:40 - [MESSAGE][PASSED] - Screenshot is taken
[[ATTACHMENT|C:\\Users\\LENOVO\\Screenshot\\OneTap\\Screen4.png]]

2020-08-17 10:52:40 - [TEST_STEP][PASSED] - tap(findTestObject("Maya/One Tap Authorisation/android.widget.TextView0 - Continue (1)"), 0): Tapped on element 'Object Repository/Maya/One Tap Authorisation/android.widget.TextView0 - Continue (1)'

2020-08-17 10:52:40 - [MESSAGE][WARNING] - Timeout '0' is invalid. Using default page load timeout: '10'

2020-08-17 10:52:44 - [MESSAGE][PASSED] - Tapped on element 'Object Repository/Maya/One Tap Authorisation/android.widget.TextView0 - Continue (1)'

2020-08-17 10:52:44 - [TEST_STEP][PASSED] - getText(findTestObject("Maya/One Tap Authorisation/android.widget.TextView0 - One-Tap Authorisation enabled"), 0): Text of element 'Object Repository/Maya/One Tap Authorisation/android.widget.TextView0 - One-Tap Authorisation enabled' is: 'One-Tap Authorisation enabled'

2020-08-17 10:52:44 - [MESSAGE][WARNING] - Timeout '0' is invalid. Using default page load timeout: '10'

2020-08-17 10:52:44 - [MESSAGE][PASSED] - Text of element 'Object Repository/Maya/One Tap Authorisation/android.widget.TextView0 - One-Tap Authorisation enabled' is: 'One-Tap Authorisation enabled'

2020-08-17 10:52:44 - [TEST_STEP][PASSED] - delay(3, STOP_ON_FAILURE): Delayed 3 second(s)

2020-08-17 10:52:47 - [MESSAGE][PASSED] - Delayed 3 second(s)

2020-08-17 10:52:47 - [TEST_STEP][PASSED] - takeScreenshot("C:\Users\LENOVO\Screenshot\OneTap\Screen5.png", CONTINUE_ON_FAILURE): Screenshot is taken

2020-08-17 10:52:49 - [MESSAGE][PASSED] - Screenshot is taken
[[ATTACHMENT|C:\\Users\\LENOVO\\Screenshot\\OneTap\\Screen5.png]]

2020-08-17 10:52:49 - [TEST_STEP][PASSED] - getText(findTestObject("Maya/One Tap Authorisation/android.widget.TextView0 - You may now authorise your transactions securely via the app."), 0): Text of element 'Object Repository/Maya/One Tap Authorisation/android.widget.TextView0 - You may now authorise your transactions securely via the app.' is: 'You may now authorise your transactions securely via the app.'

2020-08-17 10:52:49 - [MESSAGE][WARNING] - Timeout '0' is invalid. Using default page load timeout: '10'

2020-08-17 10:52:49 - [MESSAGE][PASSED] - Text of element 'Object Repository/Maya/One Tap Authorisation/android.widget.TextView0 - You may now authorise your transactions securely via the app.' is: 'You may now authorise your transactions securely via the app.'

2020-08-17 10:52:49 - [TEST_STEP][PASSED] - tap(findTestObject("Maya/One Tap Authorisation/android.widget.TextView0 - Continue (1)"), 0): Tapped on element 'Object Repository/Maya/One Tap Authorisation/android.widget.TextView0 - Continue (1)'

2020-08-17 10:52:49 - [MESSAGE][WARNING] - Timeout '0' is invalid. Using default page load timeout: '10'

2020-08-17 10:52:51 - [MESSAGE][PASSED] - Tapped on element 'Object Repository/Maya/One Tap Authorisation/android.widget.TextView0 - Continue (1)'

2020-08-17 10:52:51 - [TEST_STEP][PASSED] - getText(findTestObject("Maya/One Tap Authorisation/android.widget.TextView0 - One-Tap Authorisation (1)"), 0): Text of element 'Object Repository/Maya/One Tap Authorisation/android.widget.TextView0 - One-Tap Authorisation (1)' is: 'One-Tap Authorisation'

2020-08-17 10:52:51 - [MESSAGE][WARNING] - Timeout '0' is invalid. Using default page load timeout: '10'

2020-08-17 10:52:52 - [MESSAGE][PASSED] - Text of element 'Object Repository/Maya/One Tap Authorisation/android.widget.TextView0 - One-Tap Authorisation (1)' is: 'One-Tap Authorisation'

2020-08-17 10:52:52 - [TEST_STEP][PASSED] - delay(3, STOP_ON_FAILURE): Delayed 3 second(s)

2020-08-17 10:52:55 - [MESSAGE][PASSED] - Delayed 3 second(s)

2020-08-17 10:52:55 - [TEST_STEP][PASSED] - takeScreenshot("C:\Users\LENOVO\Screenshot\OneTap\Screen8.png", CONTINUE_ON_FAILURE): Screenshot is taken

2020-08-17 10:52:56 - [MESSAGE][PASSED] - Screenshot is taken
[[ATTACHMENT|C:\\Users\\LENOVO\\Screenshot\\OneTap\\Screen8.png]]

2020-08-17 10:52:56 - [TEST_STEP][PASSED] - tap(findTestObject("Maya/One Tap Authorisation/android.widget.TextView0 (2)"), 0): Tapped on element 'Object Repository/Maya/One Tap Authorisation/android.widget.TextView0 (2)'

2020-08-17 10:52:56 - [MESSAGE][WARNING] - Timeout '0' is invalid. Using default page load timeout: '10'

2020-08-17 10:52:57 - [MESSAGE][PASSED] - Tapped on element 'Object Repository/Maya/One Tap Authorisation/android.widget.TextView0 (2)'

2020-08-17 10:52:57 - [TEST_STEP][PASSED] - tap(findTestObject("Maya/One Tap Authorisation/android.widget.ImageView0 (7)"), 0): Tapped on element 'Object Repository/Maya/One Tap Authorisation/android.widget.ImageView0 (7)'

2020-08-17 10:52:57 - [MESSAGE][WARNING] - Timeout '0' is invalid. Using default page load timeout: '10'

2020-08-17 10:52:59 - [MESSAGE][PASSED] - Tapped on element 'Object Repository/Maya/One Tap Authorisation/android.widget.ImageView0 (7)'

2020-08-17 10:52:59 - [TEST_STEP][PASSED] - tap(findTestObject("Maya/One Tap Authorisation/android.widget.TextView0 (2)"), 0): Tapped on element 'Object Repository/Maya/One Tap Authorisation/android.widget.TextView0 (2)'

2020-08-17 10:52:59 - [MESSAGE][WARNING] - Timeout '0' is invalid. Using default page load timeout: '10'

2020-08-17 10:53:00 - [MESSAGE][PASSED] - Tapped on element 'Object Repository/Maya/One Tap Authorisation/android.widget.TextView0 (2)'

2020-08-17 10:53:00 - [TEST_STEP][PASSED] - takeScreenshot("C:\Users\LENOVO\Screenshot\OneTap\Screen17.png", CONTINUE_ON_FAILURE): Screenshot is taken

2020-08-17 10:53:01 - [MESSAGE][PASSED] - Screenshot is taken
[[ATTACHMENT|C:\\Users\\LENOVO\\Screenshot\\OneTap\\Screen17.png]]

2020-08-17 10:53:01 - [TEST_STEP][PASSED] - tap(findTestObject("Maya/One Tap Authorisation/android.widget.TextView0 - Cancel"), 0): Tapped on element 'Object Repository/Maya/One Tap Authorisation/android.widget.TextView0 - Cancel'

2020-08-17 10:53:01 - [MESSAGE][WARNING] - Timeout '0' is invalid. Using default page load timeout: '10'

2020-08-17 10:53:03 - [MESSAGE][PASSED] - Tapped on element 'Object Repository/Maya/One Tap Authorisation/android.widget.TextView0 - Cancel'

2020-08-17 10:53:03 - [TEST_STEP][PASSED] - tap(findTestObject("Maya/One Tap Authorisation/android.widget.TextView0 (2)"), 0): Tapped on element 'Object Repository/Maya/One Tap Authorisation/android.widget.TextView0 (2)'

2020-08-17 10:53:03 - [MESSAGE][WARNING] - Timeout '0' is invalid. Using default page load timeout: '10'

2020-08-17 10:53:04 - [MESSAGE][PASSED] - Tapped on element 'Object Repository/Maya/One Tap Authorisation/android.widget.TextView0 (2)'

2020-08-17 10:53:04 - [TEST_STEP][PASSED] - tap(findTestObject("Maya/One Tap Authorisation/android.widget.TextView0 - Confirm (2)"), 0): Tapped on element 'Object Repository/Maya/One Tap Authorisation/android.widget.TextView0 - Confirm (2)'

2020-08-17 10:53:04 - [MESSAGE][WARNING] - Timeout '0' is invalid. Using default page load timeout: '10'

2020-08-17 10:53:08 - [MESSAGE][PASSED] - Tapped on element 'Object Repository/Maya/One Tap Authorisation/android.widget.TextView0 - Confirm (2)'

2020-08-17 10:53:08 - [TEST_STEP][PASSED] - delay(3, STOP_ON_FAILURE): Delayed 3 second(s)

2020-08-17 10:53:11 - [MESSAGE][PASSED] - Delayed 3 second(s)

2020-08-17 10:53:11 - [TEST_STEP][PASSED] - takeScreenshot("C:\Users\LENOVO\Screenshot\OneTap\Screen6.png", CONTINUE_ON_FAILURE): Screenshot is taken

2020-08-17 10:53:12 - [MESSAGE][PASSED] - Screenshot is taken
[[ATTACHMENT|C:\\Users\\LENOVO\\Screenshot\\OneTap\\Screen6.png]]

2020-08-17 10:53:12 - [TEST_STEP][NOT_RUN] - closeApplication(): NOT_RUN: closeApplication()

2020-08-17 10:53:12 - [MESSAGE][NOT_RUN] - NOT_RUN: closeApplication()]]></system-out>
         <system-err><![CDATA[]]></system-err>
      </testcase>
      <system-out><![CDATA[2020-08-17 10:44:46 - [TEST_SUITE][PASSED] - UAT Test Suite: Test Cases/JINU/One Tap Authorisation/One Tap]]></system-out>
      <system-err><![CDATA[]]></system-err>
   </testsuite>
</testsuites>
