<?xml version="1.0" encoding="UTF-8"?>
<testsuites name="UAT Test Suite" time="653.266" tests="1" failures="0" errors="0">
   <testsuite name="UAT Test Suite" tests="1" failures="0" errors="0" time="653.266" timestamp="2020-08-17 14:33:08" hostname="LENOVO - DESKTOP-CP3TV4N" id="Test Suites/Maya UAT/UAT Test Suite">
      <properties>
         <property name="deviceName" value="Xiaomi Redmi Note 7S (Android 9)"/>
         <property name="devicePlatform" value=""/>
         <property name="logFolder" value="C:\\Users\\LENOVO\\Git_new\\Maya\\Reports\\20200817_143304\\Maya UAT\\UAT Test Suite\\20200817_143304"/>
         <property name="logFiles" value="C:\\Users\\LENOVO\\Git_new\\Maya\\Reports\\20200817_143304\\Maya UAT\\UAT Test Suite\\20200817_143304\\appium.log, C:\\Users\\LENOVO\\Git_new\\Maya\\Reports\\20200817_143304\\Maya UAT\\UAT Test Suite\\20200817_143304\\execution0.log"/>
         <property name="attachments" value="C:\\Users\\LENOVO\\Screenshot\\Loyalty\\Ticket1.png, C:\\Users\\LENOVO\\Screenshot\\Loyalty\\Ticket2.png, C:\\Users\\LENOVO\\Screenshot\\Loyalty\\Ticket3.png, C:\\Users\\LENOVO\\Screenshot\\Loyalty\\Ticket4.png, C:\\Users\\LENOVO\\Screenshot\\Loyalty\\Ticket5.png, C:\\Users\\LENOVO\\Screenshot\\Loyalty\\Ticket6.png, C:\\Users\\LENOVO\\Screenshot\\Loyalty\\Ticket7.png, C:\\Users\\LENOVO\\Screenshot\\Loyalty\\Ticket8.png, C:\\Users\\LENOVO\\Screenshot\\Loyalty\\Ticket9.png, C:\\Users\\LENOVO\\Screenshot\\Loyalty\\Ticket10.png, C:\\Users\\LENOVO\\Screenshot\\Loyalty\\Ticket11.png, C:\\Users\\LENOVO\\Screenshot\\Loyalty\\Ticket13.png, C:\\Users\\LENOVO\\Screenshot\\Loyalty\\Ticket14.png, C:\\Users\\LENOVO\\Screenshot\\Loyalty\\Ticket12.png, C:\\Users\\LENOVO\\Screenshot\\Loyalty\\Ticket15.png, C:\\Users\\LENOVO\\Screenshot\\Loyalty\\Ticket16.png, C:\\Users\\LENOVO\\Screenshot\\Loyalty\\Ticket17.png, C:\\Users\\LENOVO\\Screenshot\\Loyalty\\Ticket18.png, C:\\Users\\LENOVO\\Screenshot\\Loyalty\\Ticket19.png, C:\\Users\\LENOVO\\Screenshot\\Loyalty\\Ticket20.png"/>
         <property name="hostName" value="LENOVO - DESKTOP-CP3TV4N"/>
         <property name="os" value="Windows 10 64bit"/>
         <property name="appiumServerStatus" value="{\&quot;value\&quot;:{\&quot;build\&quot;:{\&quot;version\&quot;:\&quot;1.15.1\&quot;}},\&quot;sessionId\&quot;:null,\&quot;status\&quot;:0}"/>
         <property name="katalonVersion" value="7.2.7.1"/>
         <property name="deviceOS" value="Android"/>
         <property name="appiumVersion" value="1.15.1"/>
         <property name="deviceModel" value="Redmi Note 7S"/>
         <property name="hostAddress" value="192.168.0.102"/>
         <property name="deviceManufacturer" value="Xiaomi"/>
         <property name="deviceId" value="11cb9864"/>
         <property name="deviceName" value="Xiaomi Redmi Note 7S (Android 9)"/>
         <property name="deviceOSVersion" value="9"/>
      </properties>
      <testcase name="Test Cases/JINU/Drop2 Loyalty/Loyalty Cards" time="648.762" classname="Test Cases/JINU/Drop2 Loyalty/Loyalty Cards" status="PASSED">
         <system-out><![CDATA[2020-08-17 14:33:08 - [TEST_CASE][PASSED] - Test Cases/JINU/Drop2 Loyalty/Loyalty Cards: Test Cases/JINU/Drop2 Loyalty/Loyalty Cards

2020-08-17 14:33:09 - [TEST_STEP][PASSED] - startApplication("C:\Users\LENOVO\Katalon Studio\app-uat-universal-release.apk", false): Started app at: 'C:\Users\LENOVO\Katalon Studio\app-uat-universal-release.apk'

2020-08-17 14:33:10 - [MESSAGE][INFO] - User set preference: ['appWaitActivity', '*']

2020-08-17 14:33:10 - [MESSAGE][INFO] - User set preference: ['appWaitPackage', 'com.maybank2u.life.uat']

2020-08-17 14:33:10 - [MESSAGE][INFO] - User set preference: ['appWaitDuration', '50,000']

2020-08-17 14:33:10 - [MESSAGE][INFO] - User set preference: ['deviceId', '11cb9864']

2020-08-17 14:33:13 - [MESSAGE][INFO] - Appium server started on port 58,580

2020-08-17 14:33:40 - [MESSAGE][PASSED] - Started app at: 'C:\Users\LENOVO\Katalon Studio\app-uat-universal-release.apk'

2020-08-17 14:33:40 - [TEST_STEP][PASSED] - delay(10, STOP_ON_FAILURE): Delayed 10 second(s)

2020-08-17 14:33:50 - [MESSAGE][PASSED] - Delayed 10 second(s)

2020-08-17 14:33:50 - [TEST_STEP][PASSED] - tap(findTestObject("Maya/Loyalty Cards/android.widget.TextView0 - More"), 7): Tapped on element 'Object Repository/Maya/Loyalty Cards/android.widget.TextView0 - More'

2020-08-17 14:34:57 - [MESSAGE][PASSED] - Tapped on element 'Object Repository/Maya/Loyalty Cards/android.widget.TextView0 - More'

2020-08-17 14:34:57 - [TEST_STEP][PASSED] - delay(10, STOP_ON_FAILURE): Delayed 10 second(s)

2020-08-17 14:35:07 - [MESSAGE][PASSED] - Delayed 10 second(s)

2020-08-17 14:35:07 - [TEST_STEP][PASSED] - takeScreenshot("C:\Users\LENOVO\Screenshot\Loyalty\Ticket1.png", STOP_ON_FAILURE): Screenshot is taken

2020-08-17 14:35:09 - [MESSAGE][PASSED] - Screenshot is taken
[[ATTACHMENT|C:\\Users\\LENOVO\\Screenshot\\Loyalty\\Ticket1.png]]

2020-08-17 14:35:09 - [TEST_STEP][PASSED] - tap(findTestObject("Maya/Loyalty Cards/android.widget.TextView0 - Loyalty"), 0): Tapped on element 'Object Repository/Maya/Loyalty Cards/android.widget.TextView0 - Loyalty'

2020-08-17 14:35:09 - [MESSAGE][WARNING] - Timeout '0' is invalid. Using default page load timeout: '10'

2020-08-17 14:35:11 - [MESSAGE][PASSED] - Tapped on element 'Object Repository/Maya/Loyalty Cards/android.widget.TextView0 - Loyalty'

2020-08-17 14:35:11 - [TEST_STEP][PASSED] - getText(findTestObject("Maya/Loyalty Cards/android.widget.TextView0 - Loyalty (1)"), 0): Text of element 'Object Repository/Maya/Loyalty Cards/android.widget.TextView0 - Loyalty (1)' is: 'Loyalty'

2020-08-17 14:35:12 - [MESSAGE][WARNING] - Timeout '0' is invalid. Using default page load timeout: '10'

2020-08-17 14:35:12 - [MESSAGE][PASSED] - Text of element 'Object Repository/Maya/Loyalty Cards/android.widget.TextView0 - Loyalty (1)' is: 'Loyalty'

2020-08-17 14:35:12 - [TEST_STEP][PASSED] - delay(2, STOP_ON_FAILURE): Delayed 2 second(s)

2020-08-17 14:35:14 - [MESSAGE][PASSED] - Delayed 2 second(s)

2020-08-17 14:35:14 - [TEST_STEP][PASSED] - takeScreenshot("C:\Users\LENOVO\Screenshot\Loyalty\Ticket2.png", STOP_ON_FAILURE): Screenshot is taken

2020-08-17 14:35:15 - [MESSAGE][PASSED] - Screenshot is taken
[[ATTACHMENT|C:\\Users\\LENOVO\\Screenshot\\Loyalty\\Ticket2.png]]

2020-08-17 14:35:15 - [TEST_STEP][PASSED] - tap(findTestObject("Maya/Loyalty Cards/android.widget.TextView0 - Add Cards"), 0): Tapped on element 'Object Repository/Maya/Loyalty Cards/android.widget.TextView0 - Add Cards'

2020-08-17 14:35:15 - [MESSAGE][WARNING] - Timeout '0' is invalid. Using default page load timeout: '10'

2020-08-17 14:35:18 - [MESSAGE][PASSED] - Tapped on element 'Object Repository/Maya/Loyalty Cards/android.widget.TextView0 - Add Cards'

2020-08-17 14:35:18 - [TEST_STEP][PASSED] - getText(findTestObject("Maya/Loyalty Cards/android.widget.TextView0 - Add Loyalty Card"), 0): Text of element 'Object Repository/Maya/Loyalty Cards/android.widget.TextView0 - Add Loyalty Card' is: 'Add Loyalty Card'

2020-08-17 14:35:18 - [MESSAGE][WARNING] - Timeout '0' is invalid. Using default page load timeout: '10'

2020-08-17 14:35:19 - [MESSAGE][PASSED] - Text of element 'Object Repository/Maya/Loyalty Cards/android.widget.TextView0 - Add Loyalty Card' is: 'Add Loyalty Card'

2020-08-17 14:35:19 - [TEST_STEP][PASSED] - tap(findTestObject("Maya/Loyalty Cards/android.widget.ImageView0"), 0): Tapped on element 'Object Repository/Maya/Loyalty Cards/android.widget.ImageView0'

2020-08-17 14:35:19 - [MESSAGE][WARNING] - Timeout '0' is invalid. Using default page load timeout: '10'

2020-08-17 14:35:20 - [MESSAGE][PASSED] - Tapped on element 'Object Repository/Maya/Loyalty Cards/android.widget.ImageView0'

2020-08-17 14:35:20 - [TEST_STEP][PASSED] - tap(findTestObject("Maya/Loyalty Cards/android.widget.TextView0 - Add Cards"), 0): Tapped on element 'Object Repository/Maya/Loyalty Cards/android.widget.TextView0 - Add Cards'

2020-08-17 14:35:20 - [MESSAGE][WARNING] - Timeout '0' is invalid. Using default page load timeout: '10'

2020-08-17 14:35:23 - [MESSAGE][PASSED] - Tapped on element 'Object Repository/Maya/Loyalty Cards/android.widget.TextView0 - Add Cards'

2020-08-17 14:35:23 - [TEST_STEP][PASSED] - getText(findTestObject("Maya/Loyalty Cards/android.widget.TextView0 - Card name"), 0): Text of element 'Object Repository/Maya/Loyalty Cards/android.widget.TextView0 - Card name' is: 'Card name'

2020-08-17 14:35:23 - [MESSAGE][WARNING] - Timeout '0' is invalid. Using default page load timeout: '10'

2020-08-17 14:35:23 - [MESSAGE][PASSED] - Text of element 'Object Repository/Maya/Loyalty Cards/android.widget.TextView0 - Card name' is: 'Card name'

2020-08-17 14:35:23 - [TEST_STEP][PASSED] - delay(2, STOP_ON_FAILURE): Delayed 2 second(s)

2020-08-17 14:35:25 - [MESSAGE][PASSED] - Delayed 2 second(s)

2020-08-17 14:35:25 - [TEST_STEP][PASSED] - takeScreenshot("C:\Users\LENOVO\Screenshot\Loyalty\Ticket3.png", STOP_ON_FAILURE): Screenshot is taken

2020-08-17 14:35:26 - [MESSAGE][PASSED] - Screenshot is taken
[[ATTACHMENT|C:\\Users\\LENOVO\\Screenshot\\Loyalty\\Ticket3.png]]

2020-08-17 14:35:26 - [TEST_STEP][PASSED] - verifyElementExist(findTestObject("Maya/Loyalty Cards/android.widget.TextView0 - Card name"), 0): Element 'Object Repository/Maya/Loyalty Cards/android.widget.TextView0 - Card name' is exist

2020-08-17 14:35:26 - [MESSAGE][WARNING] - Timeout '0' is invalid. Using default page load timeout: '10'

2020-08-17 14:35:26 - [MESSAGE][PASSED] - Element 'Object Repository/Maya/Loyalty Cards/android.widget.TextView0 - Card name' is exist

2020-08-17 14:35:26 - [TEST_STEP][PASSED] - getText(findTestObject("Maya/Loyalty Cards/android.widget.TextView0 - Card number"), 0): Text of element 'Object Repository/Maya/Loyalty Cards/android.widget.TextView0 - Card number' is: 'Card number'

2020-08-17 14:35:26 - [MESSAGE][WARNING] - Timeout '0' is invalid. Using default page load timeout: '10'

2020-08-17 14:35:27 - [MESSAGE][PASSED] - Text of element 'Object Repository/Maya/Loyalty Cards/android.widget.TextView0 - Card number' is: 'Card number'

2020-08-17 14:35:27 - [TEST_STEP][PASSED] - verifyElementExist(findTestObject("Maya/Loyalty Cards/android.widget.TextView0 - Card number"), 0): Element 'Object Repository/Maya/Loyalty Cards/android.widget.TextView0 - Card number' is exist

2020-08-17 14:35:27 - [MESSAGE][WARNING] - Timeout '0' is invalid. Using default page load timeout: '10'

2020-08-17 14:35:27 - [MESSAGE][PASSED] - Element 'Object Repository/Maya/Loyalty Cards/android.widget.TextView0 - Card number' is exist

2020-08-17 14:35:27 - [TEST_STEP][PASSED] - getText(findTestObject("Maya/Loyalty Cards/android.widget.TextView0 - Expiry date"), 0): Text of element 'Object Repository/Maya/Loyalty Cards/android.widget.TextView0 - Expiry date' is: 'Expiry date'

2020-08-17 14:35:27 - [MESSAGE][WARNING] - Timeout '0' is invalid. Using default page load timeout: '10'

2020-08-17 14:35:27 - [MESSAGE][PASSED] - Text of element 'Object Repository/Maya/Loyalty Cards/android.widget.TextView0 - Expiry date' is: 'Expiry date'

2020-08-17 14:35:27 - [TEST_STEP][PASSED] - verifyElementExist(findTestObject("Maya/Loyalty Cards/android.widget.TextView0 - Expiry date"), 0): Element 'Object Repository/Maya/Loyalty Cards/android.widget.TextView0 - Expiry date' is exist

2020-08-17 14:35:27 - [MESSAGE][WARNING] - Timeout '0' is invalid. Using default page load timeout: '10'

2020-08-17 14:35:28 - [MESSAGE][PASSED] - Element 'Object Repository/Maya/Loyalty Cards/android.widget.TextView0 - Expiry date' is exist

2020-08-17 14:35:28 - [TEST_STEP][PASSED] - getText(findTestObject("Maya/Loyalty Cards/android.widget.TextView0 - Card colour"), 0): Text of element 'Object Repository/Maya/Loyalty Cards/android.widget.TextView0 - Card colour' is: 'Card colour'

2020-08-17 14:35:28 - [MESSAGE][WARNING] - Timeout '0' is invalid. Using default page load timeout: '10'

2020-08-17 14:35:29 - [MESSAGE][PASSED] - Text of element 'Object Repository/Maya/Loyalty Cards/android.widget.TextView0 - Card colour' is: 'Card colour'

2020-08-17 14:35:29 - [TEST_STEP][PASSED] - verifyElementExist(findTestObject("Maya/Loyalty Cards/android.widget.TextView0 - Card colour"), 0): Element 'Object Repository/Maya/Loyalty Cards/android.widget.TextView0 - Card colour' is exist

2020-08-17 14:35:29 - [MESSAGE][WARNING] - Timeout '0' is invalid. Using default page load timeout: '10'

2020-08-17 14:35:29 - [MESSAGE][PASSED] - Element 'Object Repository/Maya/Loyalty Cards/android.widget.TextView0 - Card colour' is exist

2020-08-17 14:35:29 - [TEST_STEP][PASSED] - getText(findTestObject("Maya/Loyalty Cards/android.widget.TextView0 - Description"), 0): Text of element 'Object Repository/Maya/Loyalty Cards/android.widget.TextView0 - Description' is: 'Description'

2020-08-17 14:35:29 - [MESSAGE][WARNING] - Timeout '0' is invalid. Using default page load timeout: '10'

2020-08-17 14:35:30 - [MESSAGE][PASSED] - Text of element 'Object Repository/Maya/Loyalty Cards/android.widget.TextView0 - Description' is: 'Description'

2020-08-17 14:35:30 - [TEST_STEP][PASSED] - verifyElementExist(findTestObject("Maya/Loyalty Cards/android.widget.TextView0 - Description"), 0): Element 'Object Repository/Maya/Loyalty Cards/android.widget.TextView0 - Description' is exist

2020-08-17 14:35:30 - [MESSAGE][WARNING] - Timeout '0' is invalid. Using default page load timeout: '10'

2020-08-17 14:35:31 - [MESSAGE][PASSED] - Element 'Object Repository/Maya/Loyalty Cards/android.widget.TextView0 - Description' is exist

2020-08-17 14:35:31 - [TEST_STEP][PASSED] - getText(findTestObject("Maya/Loyalty Cards/android.widget.TextView0 - Card photo"), 0): Text of element 'Object Repository/Maya/Loyalty Cards/android.widget.TextView0 - Card photo' is: 'Card photo'

2020-08-17 14:35:31 - [MESSAGE][WARNING] - Timeout '0' is invalid. Using default page load timeout: '10'

2020-08-17 14:35:31 - [MESSAGE][PASSED] - Text of element 'Object Repository/Maya/Loyalty Cards/android.widget.TextView0 - Card photo' is: 'Card photo'

2020-08-17 14:35:31 - [TEST_STEP][PASSED] - verifyElementExist(findTestObject("Maya/Loyalty Cards/android.widget.TextView0 - Card photo"), 0): Element 'Object Repository/Maya/Loyalty Cards/android.widget.TextView0 - Card photo' is exist

2020-08-17 14:35:31 - [MESSAGE][WARNING] - Timeout '0' is invalid. Using default page load timeout: '10'

2020-08-17 14:35:31 - [MESSAGE][PASSED] - Element 'Object Repository/Maya/Loyalty Cards/android.widget.TextView0 - Card photo' is exist

2020-08-17 14:35:31 - [TEST_STEP][PASSED] - setText(findTestObject("Maya/Loyalty Cards/android.widget.EditText0 - Enter card name"), "ab", 0): Text 'ab' has been set to element 'Object Repository/Maya/Loyalty Cards/android.widget.EditText0 - Enter card name'

2020-08-17 14:35:31 - [MESSAGE][WARNING] - Timeout '0' is invalid. Using default page load timeout: '10'

2020-08-17 14:35:33 - [MESSAGE][PASSED] - Text 'ab' has been set to element 'Object Repository/Maya/Loyalty Cards/android.widget.EditText0 - Enter card name'

2020-08-17 14:35:33 - [TEST_STEP][PASSED] - driver = getDriver(): null

2020-08-17 14:35:33 - [TEST_STEP][PASSED] - driver.pressKeyCode(ENTER): null

2020-08-17 14:35:33 - [TEST_STEP][PASSED] - setText(findTestObject("Maya/Loyalty Cards/android.widget.EditText0 - 0000000000000"), "wer", 0): Text 'wer' has been set to element 'Object Repository/Maya/Loyalty Cards/android.widget.EditText0 - 0000000000000'

2020-08-17 14:35:34 - [MESSAGE][WARNING] - Timeout '0' is invalid. Using default page load timeout: '10'

2020-08-17 14:35:35 - [MESSAGE][PASSED] - Text 'wer' has been set to element 'Object Repository/Maya/Loyalty Cards/android.widget.EditText0 - 0000000000000'

2020-08-17 14:35:35 - [TEST_STEP][PASSED] - driver.pressKeyCode(ENTER): null

2020-08-17 14:35:36 - [TEST_STEP][PASSED] - setText(findTestObject("Maya/Loyalty Cards/android.widget.EditText0 - MMYY"), "01/03", 0): Text '01/03' has been set to element 'Object Repository/Maya/Loyalty Cards/android.widget.EditText0 - MMYY'

2020-08-17 14:35:37 - [MESSAGE][WARNING] - Timeout '0' is invalid. Using default page load timeout: '10'

2020-08-17 14:35:38 - [MESSAGE][PASSED] - Text '01/03' has been set to element 'Object Repository/Maya/Loyalty Cards/android.widget.EditText0 - MMYY'

2020-08-17 14:35:38 - [TEST_STEP][PASSED] - driver.pressKeyCode(ENTER): null

2020-08-17 14:35:39 - [TEST_STEP][PASSED] - tap(findTestObject("Maya/Loyalty Cards/android.view.ViewGroup0"), 0): Tapped on element 'Object Repository/Maya/Loyalty Cards/android.view.ViewGroup0'

2020-08-17 14:35:39 - [MESSAGE][WARNING] - Timeout '0' is invalid. Using default page load timeout: '10'

2020-08-17 14:35:40 - [MESSAGE][PASSED] - Tapped on element 'Object Repository/Maya/Loyalty Cards/android.view.ViewGroup0'

2020-08-17 14:35:40 - [TEST_STEP][PASSED] - tap(findTestObject("Maya/Loyalty Cards/android.view.ViewGroup0 (1)"), 0): Tapped on element 'Object Repository/Maya/Loyalty Cards/android.view.ViewGroup0 (1)'

2020-08-17 14:35:40 - [MESSAGE][WARNING] - Timeout '0' is invalid. Using default page load timeout: '10'

2020-08-17 14:35:42 - [MESSAGE][PASSED] - Tapped on element 'Object Repository/Maya/Loyalty Cards/android.view.ViewGroup0 (1)'

2020-08-17 14:35:42 - [TEST_STEP][PASSED] - delay(2, STOP_ON_FAILURE): Delayed 2 second(s)

2020-08-17 14:35:44 - [MESSAGE][PASSED] - Delayed 2 second(s)

2020-08-17 14:35:44 - [TEST_STEP][PASSED] - takeScreenshot("C:\Users\LENOVO\Screenshot\Loyalty\Ticket4.png", STOP_ON_FAILURE): Screenshot is taken

2020-08-17 14:35:45 - [MESSAGE][PASSED] - Screenshot is taken
[[ATTACHMENT|C:\\Users\\LENOVO\\Screenshot\\Loyalty\\Ticket4.png]]

2020-08-17 14:35:45 - [TEST_STEP][PASSED] - tap(findTestObject("Maya/Loyalty Cards/android.widget.TextView0 - Done"), 0): Tapped on element 'Object Repository/Maya/Loyalty Cards/android.widget.TextView0 - Done'

2020-08-17 14:35:45 - [MESSAGE][WARNING] - Timeout '0' is invalid. Using default page load timeout: '10'

2020-08-17 14:35:47 - [MESSAGE][PASSED] - Tapped on element 'Object Repository/Maya/Loyalty Cards/android.widget.TextView0 - Done'

2020-08-17 14:35:47 - [TEST_STEP][PASSED] - setText(findTestObject("Maya/Loyalty Cards/android.widget.EditText0 - Optional"), "test", 0): Text 'test' has been set to element 'Object Repository/Maya/Loyalty Cards/android.widget.EditText0 - Optional'

2020-08-17 14:35:47 - [MESSAGE][WARNING] - Timeout '0' is invalid. Using default page load timeout: '10'

2020-08-17 14:35:49 - [MESSAGE][PASSED] - Text 'test' has been set to element 'Object Repository/Maya/Loyalty Cards/android.widget.EditText0 - Optional'

2020-08-17 14:35:49 - [TEST_STEP][PASSED] - driver.pressKeyCode(ENTER): null

2020-08-17 14:35:50 - [TEST_STEP][PASSED] - delay(2, STOP_ON_FAILURE): Delayed 2 second(s)

2020-08-17 14:35:52 - [MESSAGE][PASSED] - Delayed 2 second(s)

2020-08-17 14:35:52 - [TEST_STEP][PASSED] - takeScreenshot("C:\Users\LENOVO\Screenshot\Loyalty\Ticket5.png", STOP_ON_FAILURE): Screenshot is taken

2020-08-17 14:35:53 - [MESSAGE][PASSED] - Screenshot is taken
[[ATTACHMENT|C:\\Users\\LENOVO\\Screenshot\\Loyalty\\Ticket5.png]]

2020-08-17 14:35:53 - [TEST_STEP][PASSED] - tap(findTestObject("Maya/Loyalty Cards/android.widget.ImageView0 (1)"), 0): Tapped on element 'Object Repository/Maya/Loyalty Cards/android.widget.ImageView0 (1)'

2020-08-17 14:35:53 - [MESSAGE][WARNING] - Timeout '0' is invalid. Using default page load timeout: '10'

2020-08-17 14:35:54 - [MESSAGE][PASSED] - Tapped on element 'Object Repository/Maya/Loyalty Cards/android.widget.ImageView0 (1)'

2020-08-17 14:35:54 - [TEST_STEP][PASSED] - getText(findTestObject("Maya/Loyalty Cards/android.widget.TextView0 - Front"), 0): Text of element 'Object Repository/Maya/Loyalty Cards/android.widget.TextView0 - Front' is: 'Front'

2020-08-17 14:35:54 - [MESSAGE][WARNING] - Timeout '0' is invalid. Using default page load timeout: '10'

2020-08-17 14:35:56 - [MESSAGE][PASSED] - Text of element 'Object Repository/Maya/Loyalty Cards/android.widget.TextView0 - Front' is: 'Front'

2020-08-17 14:35:56 - [TEST_STEP][PASSED] - verifyElementExist(findTestObject("Maya/Loyalty Cards/android.widget.TextView0 - Front"), 0): Element 'Object Repository/Maya/Loyalty Cards/android.widget.TextView0 - Front' is exist

2020-08-17 14:35:56 - [MESSAGE][WARNING] - Timeout '0' is invalid. Using default page load timeout: '10'

2020-08-17 14:35:56 - [MESSAGE][PASSED] - Element 'Object Repository/Maya/Loyalty Cards/android.widget.TextView0 - Front' is exist

2020-08-17 14:35:56 - [TEST_STEP][PASSED] - delay(2, STOP_ON_FAILURE): Delayed 2 second(s)

2020-08-17 14:35:58 - [MESSAGE][PASSED] - Delayed 2 second(s)

2020-08-17 14:35:58 - [TEST_STEP][PASSED] - takeScreenshot("C:\Users\LENOVO\Screenshot\Loyalty\Ticket6.png", STOP_ON_FAILURE): Screenshot is taken

2020-08-17 14:35:59 - [MESSAGE][PASSED] - Screenshot is taken
[[ATTACHMENT|C:\\Users\\LENOVO\\Screenshot\\Loyalty\\Ticket6.png]]

2020-08-17 14:35:59 - [TEST_STEP][PASSED] - getText(findTestObject("Maya/Loyalty Cards/android.widget.TextView0 - Back"), 0): Text of element 'Object Repository/Maya/Loyalty Cards/android.widget.TextView0 - Back' is: 'Back'

2020-08-17 14:35:59 - [MESSAGE][WARNING] - Timeout '0' is invalid. Using default page load timeout: '10'

2020-08-17 14:36:00 - [MESSAGE][PASSED] - Text of element 'Object Repository/Maya/Loyalty Cards/android.widget.TextView0 - Back' is: 'Back'

2020-08-17 14:36:00 - [TEST_STEP][PASSED] - verifyElementExist(findTestObject("Maya/Loyalty Cards/android.widget.TextView0 - Back"), 0): Element 'Object Repository/Maya/Loyalty Cards/android.widget.TextView0 - Back' is exist

2020-08-17 14:36:00 - [MESSAGE][WARNING] - Timeout '0' is invalid. Using default page load timeout: '10'

2020-08-17 14:36:00 - [MESSAGE][PASSED] - Element 'Object Repository/Maya/Loyalty Cards/android.widget.TextView0 - Back' is exist

2020-08-17 14:36:00 - [TEST_STEP][PASSED] - tap(findTestObject("Maya/Loyalty Cards/android.widget.TextView0 - Front"), 0): Tapped on element 'Object Repository/Maya/Loyalty Cards/android.widget.TextView0 - Front'

2020-08-17 14:36:00 - [MESSAGE][WARNING] - Timeout '0' is invalid. Using default page load timeout: '10'

2020-08-17 14:36:02 - [MESSAGE][PASSED] - Tapped on element 'Object Repository/Maya/Loyalty Cards/android.widget.TextView0 - Front'

2020-08-17 14:36:02 - [TEST_STEP][PASSED] - delay(5, STOP_ON_FAILURE): Delayed 5 second(s)

2020-08-17 14:36:07 - [MESSAGE][PASSED] - Delayed 5 second(s)

2020-08-17 14:36:07 - [TEST_STEP][PASSED] - tap(findTestObject("Maya/Loyalty Cards/android.widget.ImageView0 (5)"), 0): Tapped on element 'Object Repository/Maya/Loyalty Cards/android.widget.ImageView0 (5)'

2020-08-17 14:36:07 - [MESSAGE][WARNING] - Timeout '0' is invalid. Using default page load timeout: '10'

2020-08-17 14:36:10 - [MESSAGE][PASSED] - Tapped on element 'Object Repository/Maya/Loyalty Cards/android.widget.ImageView0 (5)'

2020-08-17 14:36:10 - [TEST_STEP][PASSED] - delay(5, STOP_ON_FAILURE): Delayed 5 second(s)

2020-08-17 14:36:15 - [MESSAGE][PASSED] - Delayed 5 second(s)

2020-08-17 14:36:15 - [TEST_STEP][PASSED] - tap(findTestObject("Maya/Loyalty Cards/android.widget.TextView0 - Back (1)"), 0): Tapped on element 'Object Repository/Maya/Loyalty Cards/android.widget.TextView0 - Back (1)'

2020-08-17 14:36:15 - [MESSAGE][WARNING] - Timeout '0' is invalid. Using default page load timeout: '10'

2020-08-17 14:36:17 - [MESSAGE][PASSED] - Tapped on element 'Object Repository/Maya/Loyalty Cards/android.widget.TextView0 - Back (1)'

2020-08-17 14:36:17 - [TEST_STEP][PASSED] - delay(5, STOP_ON_FAILURE): Delayed 5 second(s)

2020-08-17 14:36:22 - [MESSAGE][PASSED] - Delayed 5 second(s)

2020-08-17 14:36:22 - [TEST_STEP][PASSED] - tap(findTestObject("Maya/Loyalty Cards/android.widget.ImageView0 (5)"), 0): Tapped on element 'Object Repository/Maya/Loyalty Cards/android.widget.ImageView0 (5)'

2020-08-17 14:36:22 - [MESSAGE][WARNING] - Timeout '0' is invalid. Using default page load timeout: '10'

2020-08-17 14:36:23 - [MESSAGE][PASSED] - Tapped on element 'Object Repository/Maya/Loyalty Cards/android.widget.ImageView0 (5)'

2020-08-17 14:36:23 - [TEST_STEP][PASSED] - delay(5, STOP_ON_FAILURE): Delayed 5 second(s)

2020-08-17 14:36:28 - [MESSAGE][PASSED] - Delayed 5 second(s)

2020-08-17 14:36:28 - [TEST_STEP][PASSED] - tap(findTestObject("Maya/Loyalty Cards/android.widget.TextView0 - Done (1)"), 0): Tapped on element 'Object Repository/Maya/Loyalty Cards/android.widget.TextView0 - Done (1)'

2020-08-17 14:36:28 - [MESSAGE][WARNING] - Timeout '0' is invalid. Using default page load timeout: '10'

2020-08-17 14:36:31 - [MESSAGE][PASSED] - Tapped on element 'Object Repository/Maya/Loyalty Cards/android.widget.TextView0 - Done (1)'

2020-08-17 14:36:31 - [TEST_STEP][NOT_RUN] - tap(findTestObject("Maya/Loyalty Cards/android.widget.ImageView0 (2)"), 0): NOT_RUN: tap(findTestObject("Maya/Loyalty Cards/android.widget.ImageView0 (2)"), 0)

2020-08-17 14:36:31 - [MESSAGE][NOT_RUN] - NOT_RUN: tap(findTestObject("Maya/Loyalty Cards/android.widget.ImageView0 (2)"), 0)

2020-08-17 14:36:31 - [TEST_STEP][PASSED] - tap(findTestObject("Maya/Loyalty Cards/android.widget.TextView0 - Continue"), 0): Tapped on element 'Object Repository/Maya/Loyalty Cards/android.widget.TextView0 - Continue'

2020-08-17 14:36:31 - [MESSAGE][WARNING] - Timeout '0' is invalid. Using default page load timeout: '10'

2020-08-17 14:36:33 - [MESSAGE][PASSED] - Tapped on element 'Object Repository/Maya/Loyalty Cards/android.widget.TextView0 - Continue'

2020-08-17 14:36:33 - [TEST_STEP][PASSED] - getText(findTestObject("Maya/Loyalty Cards/android.widget.TextView0 - Loyalty card name must be more than 3 characters"), 0): Text of element 'Object Repository/Maya/Loyalty Cards/android.widget.TextView0 - Loyalty card name must be more than 3 characters' is: 'Loyalty card name must be more than 3 characters'

2020-08-17 14:36:33 - [MESSAGE][WARNING] - Timeout '0' is invalid. Using default page load timeout: '10'

2020-08-17 14:36:33 - [MESSAGE][PASSED] - Text of element 'Object Repository/Maya/Loyalty Cards/android.widget.TextView0 - Loyalty card name must be more than 3 characters' is: 'Loyalty card name must be more than 3 characters'

2020-08-17 14:36:33 - [TEST_STEP][PASSED] - delay(2, STOP_ON_FAILURE): Delayed 2 second(s)

2020-08-17 14:36:35 - [MESSAGE][PASSED] - Delayed 2 second(s)

2020-08-17 14:36:35 - [TEST_STEP][PASSED] - takeScreenshot("C:\Users\LENOVO\Screenshot\Loyalty\Ticket7.png", STOP_ON_FAILURE): Screenshot is taken

2020-08-17 14:36:36 - [MESSAGE][PASSED] - Screenshot is taken
[[ATTACHMENT|C:\\Users\\LENOVO\\Screenshot\\Loyalty\\Ticket7.png]]

2020-08-17 14:36:36 - [TEST_STEP][PASSED] - verifyElementExist(findTestObject("Maya/Loyalty Cards/android.widget.TextView0 - Loyalty card name must be more than 3 characters"), 0): Element 'Object Repository/Maya/Loyalty Cards/android.widget.TextView0 - Loyalty card name must be more than 3 characters' is exist

2020-08-17 14:36:36 - [MESSAGE][WARNING] - Timeout '0' is invalid. Using default page load timeout: '10'

2020-08-17 14:36:36 - [MESSAGE][PASSED] - Element 'Object Repository/Maya/Loyalty Cards/android.widget.TextView0 - Loyalty card name must be more than 3 characters' is exist

2020-08-17 14:36:36 - [TEST_STEP][PASSED] - clearText(findTestObject("Maya/Loyalty Cards/android.widget.EditText0 - ab"), 0, CONTINUE_ON_FAILURE): Element 'Object Repository/Maya/Loyalty Cards/android.widget.EditText0 - ab' text is cleared

2020-08-17 14:36:37 - [MESSAGE][WARNING] - Timeout '0' is invalid. Using default page load timeout: '10'

2020-08-17 14:36:37 - [MESSAGE][PASSED] - Element 'Object Repository/Maya/Loyalty Cards/android.widget.EditText0 - ab' text is cleared

2020-08-17 14:36:37 - [TEST_STEP][PASSED] - setText(findTestObject("Maya/Loyalty Cards/android.widget.EditText0 - Enter card name"), "Check", 0): Text 'Check' has been set to element 'Object Repository/Maya/Loyalty Cards/android.widget.EditText0 - Enter card name'

2020-08-17 14:36:37 - [MESSAGE][WARNING] - Timeout '0' is invalid. Using default page load timeout: '10'

2020-08-17 14:36:39 - [MESSAGE][PASSED] - Text 'Check' has been set to element 'Object Repository/Maya/Loyalty Cards/android.widget.EditText0 - Enter card name'

2020-08-17 14:36:39 - [TEST_STEP][PASSED] - driver.pressKeyCode(ENTER): null

2020-08-17 14:36:40 - [TEST_STEP][NOT_RUN] - setText(findTestObject("Maya/Loyalty Cards/android.widget.EditText0 - Chk"), "Check", 0): NOT_RUN: setText(findTestObject("Maya/Loyalty Cards/android.widget.EditText0 - Chk"), "Check", 0)

2020-08-17 14:36:40 - [MESSAGE][NOT_RUN] - NOT_RUN: setText(findTestObject("Maya/Loyalty Cards/android.widget.EditText0 - Chk"), "Check", 0)

2020-08-17 14:36:40 - [TEST_STEP][NOT_RUN] - driver.pressKeyCode(ENTER): NOT_RUN: driver.pressKeyCode(ENTER)

2020-08-17 14:36:40 - [MESSAGE][NOT_RUN] - NOT_RUN: driver.pressKeyCode(ENTER)

2020-08-17 14:36:40 - [TEST_STEP][PASSED] - delay(2, STOP_ON_FAILURE): Delayed 2 second(s)

2020-08-17 14:36:42 - [MESSAGE][PASSED] - Delayed 2 second(s)

2020-08-17 14:36:42 - [TEST_STEP][PASSED] - takeScreenshot("C:\Users\LENOVO\Screenshot\Loyalty\Ticket8.png", STOP_ON_FAILURE): Screenshot is taken

2020-08-17 14:36:43 - [MESSAGE][PASSED] - Screenshot is taken
[[ATTACHMENT|C:\\Users\\LENOVO\\Screenshot\\Loyalty\\Ticket8.png]]

2020-08-17 14:36:43 - [TEST_STEP][PASSED] - tap(findTestObject("Maya/Loyalty Cards/android.widget.TextView0 - Continue"), 0): Tapped on element 'Object Repository/Maya/Loyalty Cards/android.widget.TextView0 - Continue'

2020-08-17 14:36:43 - [MESSAGE][WARNING] - Timeout '0' is invalid. Using default page load timeout: '10'

2020-08-17 14:36:45 - [MESSAGE][PASSED] - Tapped on element 'Object Repository/Maya/Loyalty Cards/android.widget.TextView0 - Continue'

2020-08-17 14:36:45 - [TEST_STEP][PASSED] - getText(findTestObject("Maya/Loyalty Cards/android.widget.TextView0 - Loyalty card number must be more than 3 characters"), 0): Text of element 'Object Repository/Maya/Loyalty Cards/android.widget.TextView0 - Loyalty card number must be more than 3 characters' is: 'Loyalty card number must be more than 3 characters'

2020-08-17 14:36:45 - [MESSAGE][WARNING] - Timeout '0' is invalid. Using default page load timeout: '10'

2020-08-17 14:36:46 - [MESSAGE][PASSED] - Text of element 'Object Repository/Maya/Loyalty Cards/android.widget.TextView0 - Loyalty card number must be more than 3 characters' is: 'Loyalty card number must be more than 3 characters'

2020-08-17 14:36:46 - [TEST_STEP][PASSED] - delay(2, STOP_ON_FAILURE): Delayed 2 second(s)

2020-08-17 14:36:48 - [MESSAGE][PASSED] - Delayed 2 second(s)

2020-08-17 14:36:48 - [TEST_STEP][PASSED] - takeScreenshot("C:\Users\LENOVO\Screenshot\Loyalty\Ticket9.png", STOP_ON_FAILURE): Screenshot is taken

2020-08-17 14:36:49 - [MESSAGE][PASSED] - Screenshot is taken
[[ATTACHMENT|C:\\Users\\LENOVO\\Screenshot\\Loyalty\\Ticket9.png]]

2020-08-17 14:36:49 - [TEST_STEP][PASSED] - verifyElementExist(findTestObject("Maya/Loyalty Cards/android.widget.TextView0 - Loyalty card number must be more than 3 characters"), 0): Element 'Object Repository/Maya/Loyalty Cards/android.widget.TextView0 - Loyalty card number must be more than 3 characters' is exist

2020-08-17 14:36:49 - [MESSAGE][WARNING] - Timeout '0' is invalid. Using default page load timeout: '10'

2020-08-17 14:36:50 - [MESSAGE][PASSED] - Element 'Object Repository/Maya/Loyalty Cards/android.widget.TextView0 - Loyalty card number must be more than 3 characters' is exist

2020-08-17 14:36:50 - [TEST_STEP][PASSED] - clearText(findTestObject("Maya/Loyalty Cards/android.widget.EditText0 - wer"), 0, CONTINUE_ON_FAILURE): Element 'Object Repository/Maya/Loyalty Cards/android.widget.EditText0 - wer' text is cleared

2020-08-17 14:36:50 - [MESSAGE][WARNING] - Timeout '0' is invalid. Using default page load timeout: '10'

2020-08-17 14:36:50 - [MESSAGE][PASSED] - Element 'Object Repository/Maya/Loyalty Cards/android.widget.EditText0 - wer' text is cleared

2020-08-17 14:36:50 - [TEST_STEP][PASSED] - setText(findTestObject("Maya/Loyalty Cards/android.widget.EditText0 - 0000000000000"), "number", 0): Text 'number' has been set to element 'Object Repository/Maya/Loyalty Cards/android.widget.EditText0 - 0000000000000'

2020-08-17 14:36:50 - [MESSAGE][WARNING] - Timeout '0' is invalid. Using default page load timeout: '10'

2020-08-17 14:36:53 - [MESSAGE][PASSED] - Text 'number' has been set to element 'Object Repository/Maya/Loyalty Cards/android.widget.EditText0 - 0000000000000'

2020-08-17 14:36:53 - [TEST_STEP][PASSED] - driver.pressKeyCode(ENTER): null

2020-08-17 14:36:53 - [TEST_STEP][PASSED] - tap(findTestObject("Maya/Loyalty Cards/android.widget.TextView0 - Continue"), 0): Tapped on element 'Object Repository/Maya/Loyalty Cards/android.widget.TextView0 - Continue'

2020-08-17 14:36:53 - [MESSAGE][WARNING] - Timeout '0' is invalid. Using default page load timeout: '10'

2020-08-17 14:36:55 - [MESSAGE][PASSED] - Tapped on element 'Object Repository/Maya/Loyalty Cards/android.widget.TextView0 - Continue'

2020-08-17 14:36:55 - [TEST_STEP][PASSED] - getText(findTestObject("Maya/Loyalty Cards/android.widget.TextView0 - Invalid expiry date"), 0): Text of element 'Object Repository/Maya/Loyalty Cards/android.widget.TextView0 - Invalid expiry date' is: 'Invalid expiry date'

2020-08-17 14:36:55 - [MESSAGE][WARNING] - Timeout '0' is invalid. Using default page load timeout: '10'

2020-08-17 14:36:55 - [MESSAGE][PASSED] - Text of element 'Object Repository/Maya/Loyalty Cards/android.widget.TextView0 - Invalid expiry date' is: 'Invalid expiry date'

2020-08-17 14:36:55 - [TEST_STEP][PASSED] - delay(2, STOP_ON_FAILURE): Delayed 2 second(s)

2020-08-17 14:36:57 - [MESSAGE][PASSED] - Delayed 2 second(s)

2020-08-17 14:36:57 - [TEST_STEP][PASSED] - takeScreenshot("C:\Users\LENOVO\Screenshot\Loyalty\Ticket10.png", STOP_ON_FAILURE): Screenshot is taken

2020-08-17 14:36:58 - [MESSAGE][PASSED] - Screenshot is taken
[[ATTACHMENT|C:\\Users\\LENOVO\\Screenshot\\Loyalty\\Ticket10.png]]

2020-08-17 14:36:58 - [TEST_STEP][PASSED] - verifyElementExist(findTestObject("Maya/Loyalty Cards/android.widget.TextView0 - Invalid expiry date"), 0): Element 'Object Repository/Maya/Loyalty Cards/android.widget.TextView0 - Invalid expiry date' is exist

2020-08-17 14:36:58 - [MESSAGE][WARNING] - Timeout '0' is invalid. Using default page load timeout: '10'

2020-08-17 14:36:59 - [MESSAGE][PASSED] - Element 'Object Repository/Maya/Loyalty Cards/android.widget.TextView0 - Invalid expiry date' is exist

2020-08-17 14:36:59 - [TEST_STEP][PASSED] - clearText(findTestObject("Maya/Loyalty Cards/android.widget.EditText0 - 0103"), 0, CONTINUE_ON_FAILURE): Element 'Object Repository/Maya/Loyalty Cards/android.widget.EditText0 - 0103' text is cleared

2020-08-17 14:36:59 - [MESSAGE][WARNING] - Timeout '0' is invalid. Using default page load timeout: '10'

2020-08-17 14:36:59 - [MESSAGE][PASSED] - Element 'Object Repository/Maya/Loyalty Cards/android.widget.EditText0 - 0103' text is cleared

2020-08-17 14:36:59 - [TEST_STEP][PASSED] - setText(findTestObject("Maya/Loyalty Cards/android.widget.EditText0 - MMYY"), "12/26", 0): Text '12/26' has been set to element 'Object Repository/Maya/Loyalty Cards/android.widget.EditText0 - MMYY'

2020-08-17 14:36:59 - [MESSAGE][WARNING] - Timeout '0' is invalid. Using default page load timeout: '10'

2020-08-17 14:37:01 - [MESSAGE][PASSED] - Text '12/26' has been set to element 'Object Repository/Maya/Loyalty Cards/android.widget.EditText0 - MMYY'

2020-08-17 14:37:01 - [TEST_STEP][PASSED] - driver.pressKeyCode(ENTER): null

2020-08-17 14:37:02 - [TEST_STEP][PASSED] - delay(2, STOP_ON_FAILURE): Delayed 2 second(s)

2020-08-17 14:37:04 - [MESSAGE][PASSED] - Delayed 2 second(s)

2020-08-17 14:37:04 - [TEST_STEP][PASSED] - takeScreenshot("C:\Users\LENOVO\Screenshot\Loyalty\Ticket11.png", STOP_ON_FAILURE): Screenshot is taken

2020-08-17 14:37:05 - [MESSAGE][PASSED] - Screenshot is taken
[[ATTACHMENT|C:\\Users\\LENOVO\\Screenshot\\Loyalty\\Ticket11.png]]

2020-08-17 14:37:05 - [TEST_STEP][PASSED] - tap(findTestObject("Maya/Loyalty Cards/android.widget.TextView0 - Continue"), 0): Tapped on element 'Object Repository/Maya/Loyalty Cards/android.widget.TextView0 - Continue'

2020-08-17 14:37:05 - [MESSAGE][WARNING] - Timeout '0' is invalid. Using default page load timeout: '10'

2020-08-17 14:37:06 - [MESSAGE][PASSED] - Tapped on element 'Object Repository/Maya/Loyalty Cards/android.widget.TextView0 - Continue'

2020-08-17 14:37:06 - [TEST_STEP][PASSED] - tapAtPosition(93, 184): Tapped at [93, 184]

2020-08-17 14:37:07 - [MESSAGE][PASSED] - Tapped at [93, 184]

2020-08-17 14:37:07 - [TEST_STEP][PASSED] - clearText(findTestObject("Maya/Loyalty Cards/android.widget.EditText0 - number"), 0, CONTINUE_ON_FAILURE): Element 'Object Repository/Maya/Loyalty Cards/android.widget.EditText0 - number' text is cleared

2020-08-17 14:37:07 - [MESSAGE][WARNING] - Timeout '0' is invalid. Using default page load timeout: '10'

2020-08-17 14:37:08 - [MESSAGE][PASSED] - Element 'Object Repository/Maya/Loyalty Cards/android.widget.EditText0 - number' text is cleared

2020-08-17 14:37:08 - [TEST_STEP][PASSED] - setText(findTestObject("Maya/Loyalty Cards/android.widget.EditText0 - 0000000000000"), "123456", 0): Text '123456' has been set to element 'Object Repository/Maya/Loyalty Cards/android.widget.EditText0 - 0000000000000'

2020-08-17 14:37:08 - [MESSAGE][WARNING] - Timeout '0' is invalid. Using default page load timeout: '10'

2020-08-17 14:37:11 - [MESSAGE][PASSED] - Text '123456' has been set to element 'Object Repository/Maya/Loyalty Cards/android.widget.EditText0 - 0000000000000'

2020-08-17 14:37:11 - [TEST_STEP][PASSED] - driver.pressKeyCode(ENTER): null

2020-08-17 14:37:12 - [TEST_STEP][PASSED] - delay(2, STOP_ON_FAILURE): Delayed 2 second(s)

2020-08-17 14:37:14 - [MESSAGE][PASSED] - Delayed 2 second(s)

2020-08-17 14:37:14 - [TEST_STEP][PASSED] - takeScreenshot("C:\Users\LENOVO\Screenshot\Loyalty\Ticket13.png", STOP_ON_FAILURE): Screenshot is taken

2020-08-17 14:37:15 - [MESSAGE][PASSED] - Screenshot is taken
[[ATTACHMENT|C:\\Users\\LENOVO\\Screenshot\\Loyalty\\Ticket13.png]]

2020-08-17 14:37:15 - [TEST_STEP][PASSED] - tap(findTestObject("Maya/Loyalty Cards/android.widget.TextView0 - Continue"), 0): Tapped on element 'Object Repository/Maya/Loyalty Cards/android.widget.TextView0 - Continue'

2020-08-17 14:37:15 - [MESSAGE][WARNING] - Timeout '0' is invalid. Using default page load timeout: '10'

2020-08-17 14:37:17 - [MESSAGE][PASSED] - Tapped on element 'Object Repository/Maya/Loyalty Cards/android.widget.TextView0 - Continue'

2020-08-17 14:37:17 - [TEST_STEP][PASSED] - takeScreenshot("C:\Users\LENOVO\Screenshot\Loyalty\Ticket14.png", STOP_ON_FAILURE): Screenshot is taken

2020-08-17 14:37:18 - [MESSAGE][PASSED] - Screenshot is taken
[[ATTACHMENT|C:\\Users\\LENOVO\\Screenshot\\Loyalty\\Ticket14.png]]

2020-08-17 14:37:18 - [TEST_STEP][PASSED] - tap(findTestObject("Maya/Loyalty Cards/android.widget.TextView0 - Confirm"), 0): Tapped on element 'Object Repository/Maya/Loyalty Cards/android.widget.TextView0 - Confirm'

2020-08-17 14:37:18 - [MESSAGE][WARNING] - Timeout '0' is invalid. Using default page load timeout: '10'

2020-08-17 14:37:20 - [MESSAGE][PASSED] - Tapped on element 'Object Repository/Maya/Loyalty Cards/android.widget.TextView0 - Confirm'

2020-08-17 14:37:20 - [TEST_STEP][PASSED] - delay(120, CONTINUE_ON_FAILURE): Delayed 120 second(s)

2020-08-17 14:39:20 - [MESSAGE][PASSED] - Delayed 120 second(s)

2020-08-17 14:39:20 - [TEST_STEP][PASSED] - tap(findTestObject("Maya/Loyalty Cards/android.widget.TextView0 - Check"), 0): Tapped on element 'Object Repository/Maya/Loyalty Cards/android.widget.TextView0 - Check'

2020-08-17 14:39:20 - [MESSAGE][WARNING] - Timeout '0' is invalid. Using default page load timeout: '10'

2020-08-17 14:39:21 - [MESSAGE][PASSED] - Tapped on element 'Object Repository/Maya/Loyalty Cards/android.widget.TextView0 - Check'

2020-08-17 14:39:21 - [TEST_STEP][PASSED] - delay(2, STOP_ON_FAILURE): Delayed 2 second(s)

2020-08-17 14:39:23 - [MESSAGE][PASSED] - Delayed 2 second(s)

2020-08-17 14:39:23 - [TEST_STEP][PASSED] - takeScreenshot("C:\Users\LENOVO\Screenshot\Loyalty\Ticket12.png", STOP_ON_FAILURE): Screenshot is taken

2020-08-17 14:39:25 - [MESSAGE][PASSED] - Screenshot is taken
[[ATTACHMENT|C:\\Users\\LENOVO\\Screenshot\\Loyalty\\Ticket12.png]]

2020-08-17 14:39:25 - [TEST_STEP][PASSED] - getText(findTestObject("Maya/Loyalty Cards/android.widget.TextView0 - View Card Photo"), 0): Text of element 'Object Repository/Maya/Loyalty Cards/android.widget.TextView0 - View Card Photo' is: 'View Card Photo'

2020-08-17 14:39:25 - [MESSAGE][WARNING] - Timeout '0' is invalid. Using default page load timeout: '10'

2020-08-17 14:39:25 - [MESSAGE][PASSED] - Text of element 'Object Repository/Maya/Loyalty Cards/android.widget.TextView0 - View Card Photo' is: 'View Card Photo'

2020-08-17 14:39:25 - [TEST_STEP][PASSED] - tap(findTestObject("Maya/Loyalty Cards/android.widget.TextView0 - View Card Photo"), 0): Tapped on element 'Object Repository/Maya/Loyalty Cards/android.widget.TextView0 - View Card Photo'

2020-08-17 14:39:25 - [MESSAGE][WARNING] - Timeout '0' is invalid. Using default page load timeout: '10'

2020-08-17 14:39:27 - [MESSAGE][PASSED] - Tapped on element 'Object Repository/Maya/Loyalty Cards/android.widget.TextView0 - View Card Photo'

2020-08-17 14:39:27 - [TEST_STEP][PASSED] - tap(findTestObject("Maya/Loyalty Cards/android.widget.ImageView0 (6)"), 0): Tapped on element 'Object Repository/Maya/Loyalty Cards/android.widget.ImageView0 (6)'

2020-08-17 14:39:27 - [MESSAGE][WARNING] - Timeout '0' is invalid. Using default page load timeout: '10'

2020-08-17 14:39:29 - [MESSAGE][PASSED] - Tapped on element 'Object Repository/Maya/Loyalty Cards/android.widget.ImageView0 (6)'

2020-08-17 14:39:29 - [TEST_STEP][PASSED] - getText(findTestObject("Maya/Loyalty Cards/android.widget.EditText0 - test"), 0): Text of element 'Object Repository/Maya/Loyalty Cards/android.widget.EditText0 - test' is: 'test'

2020-08-17 14:39:29 - [MESSAGE][WARNING] - Timeout '0' is invalid. Using default page load timeout: '10'

2020-08-17 14:39:29 - [MESSAGE][PASSED] - Text of element 'Object Repository/Maya/Loyalty Cards/android.widget.EditText0 - test' is: 'test'

2020-08-17 14:39:29 - [TEST_STEP][PASSED] - verifyElementExist(findTestObject("Maya/Loyalty Cards/android.widget.EditText0 - test"), 0): Element 'Object Repository/Maya/Loyalty Cards/android.widget.EditText0 - test' is exist

2020-08-17 14:39:29 - [MESSAGE][WARNING] - Timeout '0' is invalid. Using default page load timeout: '10'

2020-08-17 14:39:29 - [MESSAGE][PASSED] - Element 'Object Repository/Maya/Loyalty Cards/android.widget.EditText0 - test' is exist

2020-08-17 14:39:29 - [TEST_STEP][PASSED] - getText(findTestObject("Maya/Loyalty Cards/android.widget.TextView0 - Check"), 0): Text of element 'Object Repository/Maya/Loyalty Cards/android.widget.TextView0 - Check' is: 'Check'

2020-08-17 14:39:30 - [MESSAGE][WARNING] - Timeout '0' is invalid. Using default page load timeout: '10'

2020-08-17 14:39:30 - [MESSAGE][PASSED] - Text of element 'Object Repository/Maya/Loyalty Cards/android.widget.TextView0 - Check' is: 'Check'

2020-08-17 14:39:30 - [TEST_STEP][PASSED] - verifyElementExist(findTestObject("Maya/Loyalty Cards/android.widget.TextView0 - Check"), 0): Element 'Object Repository/Maya/Loyalty Cards/android.widget.TextView0 - Check' is exist

2020-08-17 14:39:30 - [MESSAGE][WARNING] - Timeout '0' is invalid. Using default page load timeout: '10'

2020-08-17 14:39:31 - [MESSAGE][PASSED] - Element 'Object Repository/Maya/Loyalty Cards/android.widget.TextView0 - Check' is exist

2020-08-17 14:39:31 - [TEST_STEP][PASSED] - getText(findTestObject("Maya/Loyalty Cards/android.widget.TextView0 - Expiry Date 1226"), 0): Text of element 'Object Repository/Maya/Loyalty Cards/android.widget.TextView0 - Expiry Date 1226' is: 'Expiry Date 12/26'

2020-08-17 14:39:31 - [MESSAGE][WARNING] - Timeout '0' is invalid. Using default page load timeout: '10'

2020-08-17 14:39:31 - [MESSAGE][PASSED] - Text of element 'Object Repository/Maya/Loyalty Cards/android.widget.TextView0 - Expiry Date 1226' is: 'Expiry Date 12/26'

2020-08-17 14:39:31 - [TEST_STEP][PASSED] - verifyElementExist(findTestObject("Maya/Loyalty Cards/android.widget.TextView0 - Expiry Date 1226"), 0): Element 'Object Repository/Maya/Loyalty Cards/android.widget.TextView0 - Expiry Date 1226' is exist

2020-08-17 14:39:31 - [MESSAGE][WARNING] - Timeout '0' is invalid. Using default page load timeout: '10'

2020-08-17 14:39:31 - [MESSAGE][PASSED] - Element 'Object Repository/Maya/Loyalty Cards/android.widget.TextView0 - Expiry Date 1226' is exist

2020-08-17 14:39:31 - [TEST_STEP][PASSED] - getText(findTestObject("Maya/Loyalty Cards/android.widget.TextView0 - 123456"), 0): Text of element 'Object Repository/Maya/Loyalty Cards/android.widget.TextView0 - 123456' is: '123456'

2020-08-17 14:39:31 - [MESSAGE][WARNING] - Timeout '0' is invalid. Using default page load timeout: '10'

2020-08-17 14:39:31 - [MESSAGE][PASSED] - Text of element 'Object Repository/Maya/Loyalty Cards/android.widget.TextView0 - 123456' is: '123456'

2020-08-17 14:39:31 - [TEST_STEP][PASSED] - delay(2, STOP_ON_FAILURE): Delayed 2 second(s)

2020-08-17 14:39:33 - [MESSAGE][PASSED] - Delayed 2 second(s)

2020-08-17 14:39:33 - [TEST_STEP][PASSED] - takeScreenshot("C:\Users\LENOVO\Screenshot\Loyalty\Ticket15.png", STOP_ON_FAILURE): Screenshot is taken

2020-08-17 14:39:34 - [MESSAGE][PASSED] - Screenshot is taken
[[ATTACHMENT|C:\\Users\\LENOVO\\Screenshot\\Loyalty\\Ticket15.png]]

2020-08-17 14:39:34 - [TEST_STEP][PASSED] - verifyElementExist(findTestObject("Maya/Loyalty Cards/android.widget.TextView0 - 123456"), 0): Element 'Object Repository/Maya/Loyalty Cards/android.widget.TextView0 - 123456' is exist

2020-08-17 14:39:34 - [MESSAGE][WARNING] - Timeout '0' is invalid. Using default page load timeout: '10'

2020-08-17 14:39:35 - [MESSAGE][PASSED] - Element 'Object Repository/Maya/Loyalty Cards/android.widget.TextView0 - 123456' is exist

2020-08-17 14:39:35 - [TEST_STEP][PASSED] - getText(findTestObject("Maya/Loyalty Cards/android.widget.TextView0 - 123456 (1)"), 0): Text of element 'Object Repository/Maya/Loyalty Cards/android.widget.TextView0 - 123456 (1)' is: '123456'

2020-08-17 14:39:35 - [MESSAGE][WARNING] - Timeout '0' is invalid. Using default page load timeout: '10'

2020-08-17 14:39:35 - [MESSAGE][PASSED] - Text of element 'Object Repository/Maya/Loyalty Cards/android.widget.TextView0 - 123456 (1)' is: '123456'

2020-08-17 14:39:35 - [TEST_STEP][PASSED] - verifyElementExist(findTestObject("Maya/Loyalty Cards/android.widget.TextView0 - 123456 (1)"), 0): Element 'Object Repository/Maya/Loyalty Cards/android.widget.TextView0 - 123456 (1)' is exist

2020-08-17 14:39:35 - [MESSAGE][WARNING] - Timeout '0' is invalid. Using default page load timeout: '10'

2020-08-17 14:39:35 - [MESSAGE][PASSED] - Element 'Object Repository/Maya/Loyalty Cards/android.widget.TextView0 - 123456 (1)' is exist

2020-08-17 14:39:35 - [TEST_STEP][NOT_RUN] - tap(findTestObject("Maya/Loyalty Cards/android.widget.ImageView0 (3)"), 0): NOT_RUN: tap(findTestObject("Maya/Loyalty Cards/android.widget.ImageView0 (3)"), 0)

2020-08-17 14:39:35 - [MESSAGE][NOT_RUN] - NOT_RUN: tap(findTestObject("Maya/Loyalty Cards/android.widget.ImageView0 (3)"), 0)

2020-08-17 14:39:35 - [TEST_STEP][PASSED] - tap(findTestObject("Maya/Loyalty Cards/android.widget.TextView0 - Check"), 0): Tapped on element 'Object Repository/Maya/Loyalty Cards/android.widget.TextView0 - Check'

2020-08-17 14:39:35 - [MESSAGE][WARNING] - Timeout '0' is invalid. Using default page load timeout: '10'

2020-08-17 14:39:39 - [MESSAGE][PASSED] - Tapped on element 'Object Repository/Maya/Loyalty Cards/android.widget.TextView0 - Check'

2020-08-17 14:39:39 - [TEST_STEP][PASSED] - delay(5, CONTINUE_ON_FAILURE): Delayed 5 second(s)

2020-08-17 14:39:44 - [MESSAGE][PASSED] - Delayed 5 second(s)

2020-08-17 14:39:44 - [TEST_STEP][PASSED] - tapAndHoldAtPosition(975, 177, 1): Tapped and held at [975, 177] with duration 1

2020-08-17 14:39:46 - [MESSAGE][PASSED] - Tapped and held at [975, 177] with duration 1

2020-08-17 14:39:46 - [TEST_STEP][PASSED] - tap(findTestObject("Maya/Loyalty Cards/android.widget.TextView0 - Edit Card"), 0): Tapped on element 'Object Repository/Maya/Loyalty Cards/android.widget.TextView0 - Edit Card'

2020-08-17 14:39:46 - [MESSAGE][WARNING] - Timeout '0' is invalid. Using default page load timeout: '10'

2020-08-17 14:39:48 - [MESSAGE][PASSED] - Tapped on element 'Object Repository/Maya/Loyalty Cards/android.widget.TextView0 - Edit Card'

2020-08-17 14:39:48 - [TEST_STEP][PASSED] - delay(2, STOP_ON_FAILURE): Delayed 2 second(s)

2020-08-17 14:39:50 - [MESSAGE][PASSED] - Delayed 2 second(s)

2020-08-17 14:39:50 - [TEST_STEP][PASSED] - takeScreenshot("C:\Users\LENOVO\Screenshot\Loyalty\Ticket16.png", STOP_ON_FAILURE): Screenshot is taken

2020-08-17 14:39:51 - [MESSAGE][PASSED] - Screenshot is taken
[[ATTACHMENT|C:\\Users\\LENOVO\\Screenshot\\Loyalty\\Ticket16.png]]

2020-08-17 14:39:51 - [TEST_STEP][PASSED] - clearText(findTestObject("Maya/Loyalty Cards/android.widget.EditText0 - 1226"), 0, CONTINUE_ON_FAILURE): Element 'Object Repository/Maya/Loyalty Cards/android.widget.EditText0 - 1226' text is cleared

2020-08-17 14:39:51 - [MESSAGE][WARNING] - Timeout '0' is invalid. Using default page load timeout: '10'

2020-08-17 14:39:52 - [MESSAGE][PASSED] - Element 'Object Repository/Maya/Loyalty Cards/android.widget.EditText0 - 1226' text is cleared

2020-08-17 14:39:52 - [TEST_STEP][PASSED] - setText(findTestObject("Maya/Loyalty Cards/android.widget.EditText0 - MMYY"), "12/29", 0): Text '12/29' has been set to element 'Object Repository/Maya/Loyalty Cards/android.widget.EditText0 - MMYY'

2020-08-17 14:39:52 - [MESSAGE][WARNING] - Timeout '0' is invalid. Using default page load timeout: '10'

2020-08-17 14:39:53 - [MESSAGE][PASSED] - Text '12/29' has been set to element 'Object Repository/Maya/Loyalty Cards/android.widget.EditText0 - MMYY'

2020-08-17 14:39:54 - [TEST_STEP][PASSED] - driver.pressKeyCode(ENTER): null

2020-08-17 14:39:54 - [TEST_STEP][PASSED] - tap(findTestObject("Maya/Loyalty Cards/android.widget.TextView0 - Confirm"), 0): Tapped on element 'Object Repository/Maya/Loyalty Cards/android.widget.TextView0 - Confirm'

2020-08-17 14:39:54 - [MESSAGE][WARNING] - Timeout '0' is invalid. Using default page load timeout: '10'

2020-08-17 14:39:56 - [MESSAGE][PASSED] - Tapped on element 'Object Repository/Maya/Loyalty Cards/android.widget.TextView0 - Confirm'

2020-08-17 14:39:56 - [TEST_STEP][PASSED] - delay(120, CONTINUE_ON_FAILURE): Delayed 120 second(s)

2020-08-17 14:41:56 - [MESSAGE][PASSED] - Delayed 120 second(s)

2020-08-17 14:41:56 - [TEST_STEP][NOT_RUN] - tap(findTestObject("Maya/Loyalty Cards/android.view.ViewGroup0 (2)"), 0): NOT_RUN: tap(findTestObject("Maya/Loyalty Cards/android.view.ViewGroup0 (2)"), 0)

2020-08-17 14:41:56 - [MESSAGE][NOT_RUN] - NOT_RUN: tap(findTestObject("Maya/Loyalty Cards/android.view.ViewGroup0 (2)"), 0)

2020-08-17 14:41:56 - [TEST_STEP][PASSED] - tap(findTestObject("Maya/Loyalty Cards/android.widget.TextView0 - Check"), 0): Tapped on element 'Object Repository/Maya/Loyalty Cards/android.widget.TextView0 - Check'

2020-08-17 14:41:56 - [MESSAGE][WARNING] - Timeout '0' is invalid. Using default page load timeout: '10'

2020-08-17 14:41:58 - [MESSAGE][PASSED] - Tapped on element 'Object Repository/Maya/Loyalty Cards/android.widget.TextView0 - Check'

2020-08-17 14:41:58 - [TEST_STEP][PASSED] - getText(findTestObject("Maya/Loyalty Cards/android.widget.TextView0 - Expiry Date 1229"), 0): Text of element 'Object Repository/Maya/Loyalty Cards/android.widget.TextView0 - Expiry Date 1229' is: 'Expiry Date 12/29'

2020-08-17 14:41:58 - [MESSAGE][WARNING] - Timeout '0' is invalid. Using default page load timeout: '10'

2020-08-17 14:41:59 - [MESSAGE][PASSED] - Text of element 'Object Repository/Maya/Loyalty Cards/android.widget.TextView0 - Expiry Date 1229' is: 'Expiry Date 12/29'

2020-08-17 14:41:59 - [TEST_STEP][PASSED] - verifyElementExist(findTestObject("Maya/Loyalty Cards/android.widget.TextView0 - Expiry Date 1229"), 0): Element 'Object Repository/Maya/Loyalty Cards/android.widget.TextView0 - Expiry Date 1229' is exist

2020-08-17 14:41:59 - [MESSAGE][WARNING] - Timeout '0' is invalid. Using default page load timeout: '10'

2020-08-17 14:41:59 - [MESSAGE][PASSED] - Element 'Object Repository/Maya/Loyalty Cards/android.widget.TextView0 - Expiry Date 1229' is exist

2020-08-17 14:41:59 - [TEST_STEP][PASSED] - delay(2, STOP_ON_FAILURE): Delayed 2 second(s)

2020-08-17 14:42:01 - [MESSAGE][PASSED] - Delayed 2 second(s)

2020-08-17 14:42:01 - [TEST_STEP][PASSED] - takeScreenshot("C:\Users\LENOVO\Screenshot\Loyalty\Ticket17.png", STOP_ON_FAILURE): Screenshot is taken

2020-08-17 14:42:02 - [MESSAGE][PASSED] - Screenshot is taken
[[ATTACHMENT|C:\\Users\\LENOVO\\Screenshot\\Loyalty\\Ticket17.png]]

2020-08-17 14:42:02 - [TEST_STEP][NOT_RUN] - tap(findTestObject("Maya/Loyalty Cards/android.widget.ImageView0 (3)"), 0): NOT_RUN: tap(findTestObject("Maya/Loyalty Cards/android.widget.ImageView0 (3)"), 0)

2020-08-17 14:42:02 - [MESSAGE][NOT_RUN] - NOT_RUN: tap(findTestObject("Maya/Loyalty Cards/android.widget.ImageView0 (3)"), 0)

2020-08-17 14:42:02 - [TEST_STEP][PASSED] - tap(findTestObject("Maya/Loyalty Cards/android.widget.TextView0 - Check"), 0): Tapped on element 'Object Repository/Maya/Loyalty Cards/android.widget.TextView0 - Check'

2020-08-17 14:42:02 - [MESSAGE][WARNING] - Timeout '0' is invalid. Using default page load timeout: '10'

2020-08-17 14:42:04 - [MESSAGE][PASSED] - Tapped on element 'Object Repository/Maya/Loyalty Cards/android.widget.TextView0 - Check'

2020-08-17 14:42:04 - [TEST_STEP][PASSED] - delay(5, CONTINUE_ON_FAILURE): Delayed 5 second(s)

2020-08-17 14:42:09 - [MESSAGE][PASSED] - Delayed 5 second(s)

2020-08-17 14:42:09 - [TEST_STEP][PASSED] - tapAndHoldAtPosition(975, 177, 1): Tapped and held at [975, 177] with duration 1

2020-08-17 14:42:11 - [MESSAGE][PASSED] - Tapped and held at [975, 177] with duration 1

2020-08-17 14:42:11 - [TEST_STEP][PASSED] - tap(findTestObject("Maya/Loyalty Cards/android.widget.TextView0 - Remove Card"), 0): Tapped on element 'Object Repository/Maya/Loyalty Cards/android.widget.TextView0 - Remove Card'

2020-08-17 14:42:11 - [MESSAGE][WARNING] - Timeout '0' is invalid. Using default page load timeout: '10'

2020-08-17 14:42:13 - [MESSAGE][PASSED] - Tapped on element 'Object Repository/Maya/Loyalty Cards/android.widget.TextView0 - Remove Card'

2020-08-17 14:42:13 - [TEST_STEP][PASSED] - delay(2, STOP_ON_FAILURE): Delayed 2 second(s)

2020-08-17 14:42:15 - [MESSAGE][PASSED] - Delayed 2 second(s)

2020-08-17 14:42:15 - [TEST_STEP][PASSED] - takeScreenshot("C:\Users\LENOVO\Screenshot\Loyalty\Ticket18.png", STOP_ON_FAILURE): Screenshot is taken

2020-08-17 14:42:16 - [MESSAGE][PASSED] - Screenshot is taken
[[ATTACHMENT|C:\\Users\\LENOVO\\Screenshot\\Loyalty\\Ticket18.png]]

2020-08-17 14:42:16 - [TEST_STEP][PASSED] - tap(findTestObject("Maya/Loyalty Cards/android.widget.TextView0 - Cancel"), 0): Tapped on element 'Object Repository/Maya/Loyalty Cards/android.widget.TextView0 - Cancel'

2020-08-17 14:42:16 - [MESSAGE][WARNING] - Timeout '0' is invalid. Using default page load timeout: '10'

2020-08-17 14:42:18 - [MESSAGE][PASSED] - Tapped on element 'Object Repository/Maya/Loyalty Cards/android.widget.TextView0 - Cancel'

2020-08-17 14:42:18 - [TEST_STEP][NOT_RUN] - tap(findTestObject("Maya/Loyalty Cards/android.widget.ImageView0 (3)"), 0): NOT_RUN: tap(findTestObject("Maya/Loyalty Cards/android.widget.ImageView0 (3)"), 0)

2020-08-17 14:42:18 - [MESSAGE][NOT_RUN] - NOT_RUN: tap(findTestObject("Maya/Loyalty Cards/android.widget.ImageView0 (3)"), 0)

2020-08-17 14:42:18 - [TEST_STEP][PASSED] - tap(findTestObject("Maya/Loyalty Cards/android.widget.TextView0 - Check"), 0): Tapped on element 'Object Repository/Maya/Loyalty Cards/android.widget.TextView0 - Check'

2020-08-17 14:42:18 - [MESSAGE][WARNING] - Timeout '0' is invalid. Using default page load timeout: '10'

2020-08-17 14:42:19 - [MESSAGE][PASSED] - Tapped on element 'Object Repository/Maya/Loyalty Cards/android.widget.TextView0 - Check'

2020-08-17 14:42:19 - [TEST_STEP][PASSED] - delay(5, CONTINUE_ON_FAILURE): Delayed 5 second(s)

2020-08-17 14:42:24 - [MESSAGE][PASSED] - Delayed 5 second(s)

2020-08-17 14:42:24 - [TEST_STEP][PASSED] - tapAndHoldAtPosition(975, 177, 1): Tapped and held at [975, 177] with duration 1

2020-08-17 14:42:26 - [MESSAGE][PASSED] - Tapped and held at [975, 177] with duration 1

2020-08-17 14:42:26 - [TEST_STEP][PASSED] - tap(findTestObject("Maya/Loyalty Cards/android.widget.TextView0 - Remove Card"), 0): Tapped on element 'Object Repository/Maya/Loyalty Cards/android.widget.TextView0 - Remove Card'

2020-08-17 14:42:27 - [MESSAGE][WARNING] - Timeout '0' is invalid. Using default page load timeout: '10'

2020-08-17 14:42:28 - [MESSAGE][PASSED] - Tapped on element 'Object Repository/Maya/Loyalty Cards/android.widget.TextView0 - Remove Card'

2020-08-17 14:42:28 - [TEST_STEP][PASSED] - tap(findTestObject("Maya/Loyalty Cards/android.widget.TextView0 - Confirm (1)"), 0): Tapped on element 'Object Repository/Maya/Loyalty Cards/android.widget.TextView0 - Confirm (1)'

2020-08-17 14:42:28 - [MESSAGE][WARNING] - Timeout '0' is invalid. Using default page load timeout: '10'

2020-08-17 14:42:30 - [MESSAGE][PASSED] - Tapped on element 'Object Repository/Maya/Loyalty Cards/android.widget.TextView0 - Confirm (1)'

2020-08-17 14:42:30 - [TEST_STEP][PASSED] - getText(findTestObject("Maya/Loyalty Cards/android.widget.TextView0 - Youve successfully removed your loyalty card."), 0): Text of element 'Object Repository/Maya/Loyalty Cards/android.widget.TextView0 - Youve successfully removed your loyalty card.' is: 'You've successfully removed your loyalty card.'

2020-08-17 14:42:30 - [MESSAGE][WARNING] - Timeout '0' is invalid. Using default page load timeout: '10'

2020-08-17 14:42:31 - [MESSAGE][PASSED] - Text of element 'Object Repository/Maya/Loyalty Cards/android.widget.TextView0 - Youve successfully removed your loyalty card.' is: 'You've successfully removed your loyalty card.'

2020-08-17 14:42:31 - [TEST_STEP][PASSED] - takeScreenshot("C:\Users\LENOVO\Screenshot\Loyalty\Ticket19.png", STOP_ON_FAILURE): Screenshot is taken

2020-08-17 14:42:32 - [MESSAGE][PASSED] - Screenshot is taken
[[ATTACHMENT|C:\\Users\\LENOVO\\Screenshot\\Loyalty\\Ticket19.png]]

2020-08-17 14:42:32 - [TEST_STEP][PASSED] - verifyElementExist(findTestObject("Maya/Loyalty Cards/android.widget.TextView0 - Youve successfully removed your loyalty card."), 0): Element 'Object Repository/Maya/Loyalty Cards/android.widget.TextView0 - Youve successfully removed your loyalty card.' is exist

2020-08-17 14:42:32 - [MESSAGE][WARNING] - Timeout '0' is invalid. Using default page load timeout: '10'

2020-08-17 14:42:32 - [MESSAGE][PASSED] - Element 'Object Repository/Maya/Loyalty Cards/android.widget.TextView0 - Youve successfully removed your loyalty card.' is exist

2020-08-17 14:42:32 - [TEST_STEP][PASSED] - delay(2, STOP_ON_FAILURE): Delayed 2 second(s)

2020-08-17 14:42:34 - [MESSAGE][PASSED] - Delayed 2 second(s)

2020-08-17 14:42:34 - [TEST_STEP][PASSED] - takeScreenshot("C:\Users\LENOVO\Screenshot\Loyalty\Ticket20.png", STOP_ON_FAILURE): Screenshot is taken

2020-08-17 14:42:35 - [MESSAGE][PASSED] - Screenshot is taken
[[ATTACHMENT|C:\\Users\\LENOVO\\Screenshot\\Loyalty\\Ticket20.png]]

2020-08-17 14:42:35 - [TEST_STEP][PASSED] - tapAndHoldAtPosition(119, 187, 1): Tapped and held at [119, 187] with duration 1

2020-08-17 14:42:37 - [MESSAGE][PASSED] - Tapped and held at [119, 187] with duration 1

2020-08-17 14:42:37 - [TEST_STEP][PASSED] - tap(findTestObject("Maya/Loyalty Cards/android.widget.TextView0 - Loyalty"), 0): Tapped on element 'Object Repository/Maya/Loyalty Cards/android.widget.TextView0 - Loyalty'

2020-08-17 14:42:37 - [MESSAGE][WARNING] - Timeout '0' is invalid. Using default page load timeout: '10'

2020-08-17 14:42:40 - [MESSAGE][PASSED] - Tapped on element 'Object Repository/Maya/Loyalty Cards/android.widget.TextView0 - Loyalty'

2020-08-17 14:42:40 - [TEST_STEP][PASSED] - tap(findTestObject("Maya/KLIA/android.widget.TextView0 - Home"), 0): Tapped on element 'Object Repository/Maya/KLIA/android.widget.TextView0 - Home'

2020-08-17 14:42:40 - [MESSAGE][WARNING] - Timeout '0' is invalid. Using default page load timeout: '10'

2020-08-17 14:43:01 - [MESSAGE][PASSED] - Tapped on element 'Object Repository/Maya/KLIA/android.widget.TextView0 - Home'

2020-08-17 14:43:01 - [TEST_STEP][PASSED] - tap(findTestObject("Maya/KLIA/android.widget.TextView0 - More (1)"), 0): Tapped on element 'Object Repository/Maya/KLIA/android.widget.TextView0 - More (1)'

2020-08-17 14:43:01 - [MESSAGE][WARNING] - Timeout '0' is invalid. Using default page load timeout: '10'

2020-08-17 14:43:54 - [MESSAGE][PASSED] - Tapped on element 'Object Repository/Maya/KLIA/android.widget.TextView0 - More (1)'

2020-08-17 14:43:54 - [TEST_STEP][PASSED] - tap(findTestObject("Maya/KLIA/android.widget.TextView0 - Notifications"), 0): Tapped on element 'Object Repository/Maya/KLIA/android.widget.TextView0 - Notifications'

2020-08-17 14:43:54 - [MESSAGE][WARNING] - Timeout '0' is invalid. Using default page load timeout: '10'

2020-08-17 14:43:57 - [MESSAGE][PASSED] - Tapped on element 'Object Repository/Maya/KLIA/android.widget.TextView0 - Notifications'

2020-08-17 14:43:57 - [TEST_STEP][NOT_RUN] - tap(findTestObject("Maya/KLIA/android.widget.TextView0 - Got It"), 0): NOT_RUN: tap(findTestObject("Maya/KLIA/android.widget.TextView0 - Got It"), 0)

2020-08-17 14:43:57 - [MESSAGE][NOT_RUN] - NOT_RUN: tap(findTestObject("Maya/KLIA/android.widget.TextView0 - Got It"), 0)

2020-08-17 14:43:57 - [TEST_STEP][NOT_RUN] - getText(findTestObject("Maya/KLIA/android.widget.TextView0 - Today (1)"), 0): NOT_RUN: getText(findTestObject("Maya/KLIA/android.widget.TextView0 - Today (1)"), 0)

2020-08-17 14:43:57 - [MESSAGE][NOT_RUN] - NOT_RUN: getText(findTestObject("Maya/KLIA/android.widget.TextView0 - Today (1)"), 0)

2020-08-17 14:43:57 - [TEST_STEP][NOT_RUN] - verifyElementVisible(findTestObject("Maya/Loyalty Cards/android.widget.TextView0 - Youve transfered RM 2.00 to heys MAYBANK account ending 8863. REF 17180685548M"), 0): NOT_RUN: verifyElementVisible(findTestObject("Maya/Loyalty Cards/android.widget.TextView0 - Youve transfered RM 2.00 to heys MAYBANK account ending 8863. REF 17180685548M"), 0)

2020-08-17 14:43:57 - [MESSAGE][NOT_RUN] - NOT_RUN: verifyElementVisible(findTestObject("Maya/Loyalty Cards/android.widget.TextView0 - Youve transfered RM 2.00 to heys MAYBANK account ending 8863. REF 17180685548M"), 0)]]></system-out>
         <system-err><![CDATA[]]></system-err>
      </testcase>
      <system-out><![CDATA[2020-08-17 14:33:08 - [TEST_SUITE][PASSED] - UAT Test Suite: Test Cases/JINU/Drop2 Loyalty/Loyalty Cards]]></system-out>
      <system-err><![CDATA[]]></system-err>
   </testsuite>
</testsuites>
