<?xml version="1.0" encoding="UTF-8"?>
<testsuites name="UAT Test Suite" time="652.384" tests="1" failures="0" errors="0">
   <testsuite name="UAT Test Suite" tests="1" failures="0" errors="0" time="652.384" timestamp="2020-08-06 23:19:42" hostname="LENOVO - DESKTOP-CP3TV4N" id="Test Suites/Maya UAT/UAT Test Suite">
      <properties>
         <property name="deviceName" value="Xiaomi Redmi Note 7S (Android 9)"/>
         <property name="devicePlatform" value=""/>
         <property name="logFolder" value="C:\\Users\\LENOVO\\Git_new\\Maya\\Reports\\20200806_231938\\Maya UAT\\UAT Test Suite\\20200806_231938"/>
         <property name="logFiles" value="C:\\Users\\LENOVO\\Git_new\\Maya\\Reports\\20200806_231938\\Maya UAT\\UAT Test Suite\\20200806_231938\\appium.log, C:\\Users\\LENOVO\\Git_new\\Maya\\Reports\\20200806_231938\\Maya UAT\\UAT Test Suite\\20200806_231938\\execution0.log"/>
         <property name="attachments" value="C:\\Users\\LENOVO\\Screenshot\\DuitNowProxy\\Screen1.png, C:\\Users\\LENOVO\\Screenshot\\DuitNowProxy\\Screen2.png, C:\\Users\\LENOVO\\Screenshot\\DuitNowProxy\\Screen3.png, C:\\Users\\LENOVO\\Screenshot\\DuitNowProxy\\Screen4.png, C:\\Users\\LENOVO\\Screenshot\\DuitNowProxy\\Screen5.png, C:\\Users\\LENOVO\\Screenshot\\DuitNowProxy\\Screen8.png, C:\\Users\\LENOVO\\Screenshot\\DuitNowProxy\\Screen9.png, C:\\Users\\LENOVO\\Screenshot\\DuitNowProxy\\Screen10.png, C:\\Users\\LENOVO\\Screenshot\\DuitNowProxy\\Screen11.png, C:\\Users\\LENOVO\\Screenshot\\DuitNowProxy\\Screen12.png, C:\\Users\\LENOVO\\Screenshot\\DuitNowProxy\\Screen13.png, C:\\Users\\LENOVO\\Screenshot\\DuitNowProxy\\Screen14.png, C:\\Users\\LENOVO\\Screenshot\\DuitNowProxy\\Screen15.png, C:\\Users\\LENOVO\\Screenshot\\DuitNowProxy\\Screen6.png, C:\\Users\\LENOVO\\Screenshot\\DuitNowProxy\\Screen7.png"/>
         <property name="hostName" value="LENOVO - DESKTOP-CP3TV4N"/>
         <property name="os" value="Windows 10 64bit"/>
         <property name="appiumServerStatus" value="{\&quot;value\&quot;:{\&quot;build\&quot;:{\&quot;version\&quot;:\&quot;1.15.1\&quot;}},\&quot;sessionId\&quot;:null,\&quot;status\&quot;:0}"/>
         <property name="katalonVersion" value="7.2.7.1"/>
         <property name="deviceOS" value="Android"/>
         <property name="appiumVersion" value="1.15.1"/>
         <property name="deviceModel" value="Redmi Note 7S"/>
         <property name="hostAddress" value="192.168.0.100"/>
         <property name="deviceManufacturer" value="Xiaomi"/>
         <property name="deviceId" value="11cb9864"/>
         <property name="deviceName" value="Xiaomi Redmi Note 7S (Android 9)"/>
         <property name="deviceOSVersion" value="9"/>
      </properties>
      <testcase name="Test Cases/JINU/DuiTNow Drop 2/Mob Proxy" time="647.38" classname="Test Cases/JINU/DuiTNow Drop 2/Mob Proxy" status="PASSED">
         <system-out><![CDATA[2020-08-06 23:19:43 - [TEST_CASE][PASSED] - Test Cases/JINU/DuiTNow Drop 2/Mob Proxy: Test Cases/JINU/DuiTNow Drop 2/Mob Proxy

2020-08-06 23:19:44 - [TEST_STEP][PASSED] - startApplication("C:\Users\LENOVO\Katalon Studio\app-uat-universal-release.apk", true): Started app at: 'C:\Users\LENOVO\Katalon Studio\app-uat-universal-release.apk'

2020-08-06 23:19:45 - [MESSAGE][INFO] - User set preference: ['appWaitActivity', '*']

2020-08-06 23:19:45 - [MESSAGE][INFO] - User set preference: ['appWaitPackage', 'com.maybank2u.life.uat']

2020-08-06 23:19:45 - [MESSAGE][INFO] - User set preference: ['appWaitDuration', '50,000']

2020-08-06 23:19:45 - [MESSAGE][INFO] - User set preference: ['deviceId', '11cb9864']

2020-08-06 23:19:48 - [MESSAGE][INFO] - Appium server started on port 54,338

2020-08-06 23:20:45 - [MESSAGE][PASSED] - Started app at: 'C:\Users\LENOVO\Katalon Studio\app-uat-universal-release.apk'

2020-08-06 23:20:45 - [TEST_STEP][PASSED] - delay(5, STOP_ON_FAILURE): Delayed 5 second(s)

2020-08-06 23:20:50 - [MESSAGE][PASSED] - Delayed 5 second(s)

2020-08-06 23:20:50 - [TEST_STEP][PASSED] - tap(findTestObject("Maya/login again/android.widget.TextView0 - Next"), 0): Tapped on element 'Object Repository/Maya/login again/android.widget.TextView0 - Next'

2020-08-06 23:20:50 - [MESSAGE][WARNING] - Timeout '0' is invalid. Using default page load timeout: '10'

2020-08-06 23:20:53 - [MESSAGE][PASSED] - Tapped on element 'Object Repository/Maya/login again/android.widget.TextView0 - Next'

2020-08-06 23:20:53 - [TEST_STEP][PASSED] - tap(findTestObject("Maya/login again/android.widget.TextView0 - Next"), 0): Tapped on element 'Object Repository/Maya/login again/android.widget.TextView0 - Next'

2020-08-06 23:20:53 - [MESSAGE][WARNING] - Timeout '0' is invalid. Using default page load timeout: '10'

2020-08-06 23:20:56 - [MESSAGE][PASSED] - Tapped on element 'Object Repository/Maya/login again/android.widget.TextView0 - Next'

2020-08-06 23:20:56 - [TEST_STEP][PASSED] - tap(findTestObject("Maya/login again/android.widget.TextView0 - Next"), 0): Tapped on element 'Object Repository/Maya/login again/android.widget.TextView0 - Next'

2020-08-06 23:20:56 - [MESSAGE][WARNING] - Timeout '0' is invalid. Using default page load timeout: '10'

2020-08-06 23:21:00 - [MESSAGE][PASSED] - Tapped on element 'Object Repository/Maya/login again/android.widget.TextView0 - Next'

2020-08-06 23:21:00 - [TEST_STEP][PASSED] - delay(2, STOP_ON_FAILURE): Delayed 2 second(s)

2020-08-06 23:21:02 - [MESSAGE][PASSED] - Delayed 2 second(s)

2020-08-06 23:21:02 - [TEST_STEP][PASSED] - takeScreenshot("C:\Users\LENOVO\Screenshot\DuitNowProxy\Screen1.png", CONTINUE_ON_FAILURE): Screenshot is taken

2020-08-06 23:21:04 - [MESSAGE][PASSED] - Screenshot is taken
[[ATTACHMENT|C:\\Users\\LENOVO\\Screenshot\\DuitNowProxy\\Screen1.png]]

2020-08-06 23:21:04 - [TEST_STEP][PASSED] - tap(findTestObject("Maya/Login/android.widget.Button0-Maybank2u"), 0): Tapped on element 'Object Repository/Maya/Login/android.widget.Button0-Maybank2u'

2020-08-06 23:21:04 - [MESSAGE][WARNING] - Timeout '0' is invalid. Using default page load timeout: '10'

2020-08-06 23:21:06 - [MESSAGE][PASSED] - Tapped on element 'Object Repository/Maya/Login/android.widget.Button0-Maybank2u'

2020-08-06 23:21:06 - [TEST_STEP][PASSED] - tap(findTestObject("Maya/Login/android.widget.TextView0 - Login to Maybank2u"), 0): Tapped on element 'Object Repository/Maya/Login/android.widget.TextView0 - Login to Maybank2u'

2020-08-06 23:21:06 - [MESSAGE][WARNING] - Timeout '0' is invalid. Using default page load timeout: '10'

2020-08-06 23:21:10 - [MESSAGE][PASSED] - Tapped on element 'Object Repository/Maya/Login/android.widget.TextView0 - Login to Maybank2u'

2020-08-06 23:21:10 - [TEST_STEP][PASSED] - tap(findTestObject("Maya/login again/android.widget.EditText0"), 0): Tapped on element 'Object Repository/Maya/login again/android.widget.EditText0'

2020-08-06 23:21:10 - [MESSAGE][WARNING] - Timeout '0' is invalid. Using default page load timeout: '10'

2020-08-06 23:21:12 - [MESSAGE][PASSED] - Tapped on element 'Object Repository/Maya/login again/android.widget.EditText0'

2020-08-06 23:21:12 - [TEST_STEP][PASSED] - setText(findTestObject("Maya/login again/android.widget.EditText0"), "rizaidi", 0): Text 'rizaidi' has been set to element 'Object Repository/Maya/login again/android.widget.EditText0'

2020-08-06 23:21:12 - [MESSAGE][WARNING] - Timeout '0' is invalid. Using default page load timeout: '10'

2020-08-06 23:21:14 - [MESSAGE][PASSED] - Text 'rizaidi' has been set to element 'Object Repository/Maya/login again/android.widget.EditText0'

2020-08-06 23:21:14 - [TEST_STEP][PASSED] - driver = getDriver(): null

2020-08-06 23:21:14 - [TEST_STEP][PASSED] - driver.pressKeyCode(ENTER): null

2020-08-06 23:21:15 - [TEST_STEP][PASSED] - tap(findTestObject("Maya/login again/android.widget.TextView0 - Yes Its Mine"), 0): Tapped on element 'Object Repository/Maya/login again/android.widget.TextView0 - Yes Its Mine'

2020-08-06 23:21:15 - [MESSAGE][WARNING] - Timeout '0' is invalid. Using default page load timeout: '10'

2020-08-06 23:21:26 - [MESSAGE][PASSED] - Tapped on element 'Object Repository/Maya/login again/android.widget.TextView0 - Yes Its Mine'

2020-08-06 23:21:26 - [TEST_STEP][PASSED] - tap(findTestObject("Maya/login again/android.widget.EditText0 (1)"), 0): Tapped on element 'Object Repository/Maya/login again/android.widget.EditText0 (1)'

2020-08-06 23:21:26 - [MESSAGE][WARNING] - Timeout '0' is invalid. Using default page load timeout: '10'

2020-08-06 23:21:30 - [MESSAGE][PASSED] - Tapped on element 'Object Repository/Maya/login again/android.widget.EditText0 (1)'

2020-08-06 23:21:30 - [TEST_STEP][PASSED] - setText(findTestObject("Maya/login again/android.widget.EditText0 (1)"), "pass1234", 0): Text 'pass1234' has been set to element 'Object Repository/Maya/login again/android.widget.EditText0 (1)'

2020-08-06 23:21:30 - [MESSAGE][WARNING] - Timeout '0' is invalid. Using default page load timeout: '10'

2020-08-06 23:21:31 - [MESSAGE][PASSED] - Text 'pass1234' has been set to element 'Object Repository/Maya/login again/android.widget.EditText0 (1)'

2020-08-06 23:21:31 - [TEST_STEP][PASSED] - driver.pressKeyCode(ENTER): null

2020-08-06 23:21:32 - [TEST_STEP][PASSED] - tap(findTestObject("Maya/login again/android.widget.TextView0 - 2"), 0): Tapped on element 'Object Repository/Maya/login again/android.widget.TextView0 - 2'

2020-08-06 23:21:32 - [MESSAGE][WARNING] - Timeout '0' is invalid. Using default page load timeout: '10'

2020-08-06 23:21:36 - [MESSAGE][PASSED] - Tapped on element 'Object Repository/Maya/login again/android.widget.TextView0 - 2'

2020-08-06 23:21:36 - [TEST_STEP][PASSED] - tap(findTestObject("Maya/login again/android.widget.TextView0 - 3"), 0): Tapped on element 'Object Repository/Maya/login again/android.widget.TextView0 - 3'

2020-08-06 23:21:36 - [MESSAGE][WARNING] - Timeout '0' is invalid. Using default page load timeout: '10'

2020-08-06 23:21:37 - [MESSAGE][PASSED] - Tapped on element 'Object Repository/Maya/login again/android.widget.TextView0 - 3'

2020-08-06 23:21:37 - [TEST_STEP][PASSED] - tap(findTestObject("Maya/login again/android.widget.TextView0 - 0"), 0): Tapped on element 'Object Repository/Maya/login again/android.widget.TextView0 - 0'

2020-08-06 23:21:38 - [MESSAGE][WARNING] - Timeout '0' is invalid. Using default page load timeout: '10'

2020-08-06 23:21:41 - [MESSAGE][PASSED] - Tapped on element 'Object Repository/Maya/login again/android.widget.TextView0 - 0'

2020-08-06 23:21:41 - [TEST_STEP][PASSED] - tap(findTestObject("Maya/login again/android.widget.TextView0 - 9"), 0): Tapped on element 'Object Repository/Maya/login again/android.widget.TextView0 - 9'

2020-08-06 23:21:41 - [MESSAGE][WARNING] - Timeout '0' is invalid. Using default page load timeout: '10'

2020-08-06 23:21:45 - [MESSAGE][PASSED] - Tapped on element 'Object Repository/Maya/login again/android.widget.TextView0 - 9'

2020-08-06 23:21:45 - [TEST_STEP][PASSED] - tap(findTestObject("Maya/login again/android.widget.TextView0 - 8"), 0): Tapped on element 'Object Repository/Maya/login again/android.widget.TextView0 - 8'

2020-08-06 23:21:45 - [MESSAGE][WARNING] - Timeout '0' is invalid. Using default page load timeout: '10'

2020-08-06 23:21:48 - [MESSAGE][PASSED] - Tapped on element 'Object Repository/Maya/login again/android.widget.TextView0 - 8'

2020-08-06 23:21:48 - [TEST_STEP][PASSED] - tap(findTestObject("Maya/login again/android.widget.TextView0 - 3"), 0): Tapped on element 'Object Repository/Maya/login again/android.widget.TextView0 - 3'

2020-08-06 23:21:48 - [MESSAGE][WARNING] - Timeout '0' is invalid. Using default page load timeout: '10'

2020-08-06 23:21:50 - [MESSAGE][PASSED] - Tapped on element 'Object Repository/Maya/login again/android.widget.TextView0 - 3'

2020-08-06 23:21:50 - [TEST_STEP][NOT_RUN] - tap(findTestObject("Maya/Login/android.widget.ImageView0"), 0): NOT_RUN: tap(findTestObject("Maya/Login/android.widget.ImageView0"), 0)

2020-08-06 23:21:50 - [MESSAGE][NOT_RUN] - NOT_RUN: tap(findTestObject("Maya/Login/android.widget.ImageView0"), 0)

2020-08-06 23:21:50 - [TEST_STEP][PASSED] - tap(findTestObject("Maya/One Tap Authorisation/android.widget.ImageView0 (8)"), 0): Tapped on element 'Object Repository/Maya/One Tap Authorisation/android.widget.ImageView0 (8)'

2020-08-06 23:21:51 - [MESSAGE][WARNING] - Timeout '0' is invalid. Using default page load timeout: '10'

2020-08-06 23:21:51 - [MESSAGE][PASSED] - Tapped on element 'Object Repository/Maya/One Tap Authorisation/android.widget.ImageView0 (8)'

2020-08-06 23:21:51 - [TEST_STEP][PASSED] - tap(findTestObject("Maya/login again/android.widget.TextView0 - 2"), 0): Tapped on element 'Object Repository/Maya/login again/android.widget.TextView0 - 2'

2020-08-06 23:21:51 - [MESSAGE][WARNING] - Timeout '0' is invalid. Using default page load timeout: '10'

2020-08-06 23:21:55 - [MESSAGE][PASSED] - Tapped on element 'Object Repository/Maya/login again/android.widget.TextView0 - 2'

2020-08-06 23:21:55 - [TEST_STEP][PASSED] - tap(findTestObject("Maya/login again/android.widget.TextView0 - 3"), 0): Tapped on element 'Object Repository/Maya/login again/android.widget.TextView0 - 3'

2020-08-06 23:21:56 - [MESSAGE][WARNING] - Timeout '0' is invalid. Using default page load timeout: '10'

2020-08-06 23:21:57 - [MESSAGE][PASSED] - Tapped on element 'Object Repository/Maya/login again/android.widget.TextView0 - 3'

2020-08-06 23:21:57 - [TEST_STEP][PASSED] - tap(findTestObject("Maya/login again/android.widget.TextView0 - 0"), 0): Tapped on element 'Object Repository/Maya/login again/android.widget.TextView0 - 0'

2020-08-06 23:21:58 - [MESSAGE][WARNING] - Timeout '0' is invalid. Using default page load timeout: '10'

2020-08-06 23:22:01 - [MESSAGE][PASSED] - Tapped on element 'Object Repository/Maya/login again/android.widget.TextView0 - 0'

2020-08-06 23:22:01 - [TEST_STEP][PASSED] - tap(findTestObject("Maya/login again/android.widget.TextView0 - 9"), 0): Tapped on element 'Object Repository/Maya/login again/android.widget.TextView0 - 9'

2020-08-06 23:22:01 - [MESSAGE][WARNING] - Timeout '0' is invalid. Using default page load timeout: '10'

2020-08-06 23:22:02 - [MESSAGE][PASSED] - Tapped on element 'Object Repository/Maya/login again/android.widget.TextView0 - 9'

2020-08-06 23:22:02 - [TEST_STEP][PASSED] - tap(findTestObject("Maya/login again/android.widget.TextView0 - 8"), 0): Tapped on element 'Object Repository/Maya/login again/android.widget.TextView0 - 8'

2020-08-06 23:22:03 - [MESSAGE][WARNING] - Timeout '0' is invalid. Using default page load timeout: '10'

2020-08-06 23:22:05 - [MESSAGE][PASSED] - Tapped on element 'Object Repository/Maya/login again/android.widget.TextView0 - 8'

2020-08-06 23:22:05 - [TEST_STEP][PASSED] - tap(findTestObject("Maya/login again/android.widget.TextView0 - 3"), 0): Tapped on element 'Object Repository/Maya/login again/android.widget.TextView0 - 3'

2020-08-06 23:22:06 - [MESSAGE][WARNING] - Timeout '0' is invalid. Using default page load timeout: '10'

2020-08-06 23:22:10 - [MESSAGE][PASSED] - Tapped on element 'Object Repository/Maya/login again/android.widget.TextView0 - 3'

2020-08-06 23:22:10 - [TEST_STEP][PASSED] - tap(findTestObject("Maya/One Tap Authorisation/android.widget.ImageView0 (8)"), 0): Tapped on element 'Object Repository/Maya/One Tap Authorisation/android.widget.ImageView0 (8)'

2020-08-06 23:22:10 - [MESSAGE][WARNING] - Timeout '0' is invalid. Using default page load timeout: '10'

2020-08-06 23:22:11 - [MESSAGE][PASSED] - Tapped on element 'Object Repository/Maya/One Tap Authorisation/android.widget.ImageView0 (8)'

2020-08-06 23:22:11 - [TEST_STEP][PASSED] - tap(findTestObject("Maya/login again/android.widget.TextView0 - Yes Proceeed"), 0): Tapped on element 'Object Repository/Maya/login again/android.widget.TextView0 - Yes Proceeed'

2020-08-06 23:22:11 - [MESSAGE][WARNING] - Timeout '0' is invalid. Using default page load timeout: '10'

2020-08-06 23:22:13 - [MESSAGE][PASSED] - Tapped on element 'Object Repository/Maya/login again/android.widget.TextView0 - Yes Proceeed'

2020-08-06 23:22:13 - [TEST_STEP][PASSED] - delay(2, STOP_ON_FAILURE): Delayed 2 second(s)

2020-08-06 23:22:15 - [MESSAGE][PASSED] - Delayed 2 second(s)

2020-08-06 23:22:15 - [TEST_STEP][PASSED] - takeScreenshot("C:\Users\LENOVO\Screenshot\DuitNowProxy\Screen2.png", CONTINUE_ON_FAILURE): Screenshot is taken

2020-08-06 23:22:17 - [MESSAGE][PASSED] - Screenshot is taken
[[ATTACHMENT|C:\\Users\\LENOVO\\Screenshot\\DuitNowProxy\\Screen2.png]]

2020-08-06 23:22:17 - [TEST_STEP][PASSED] - tap(findTestObject("Maya/Third Party CA account/android.widget.TextView0 - Your OTP no. is 460943"), 0): Tapped on element 'Object Repository/Maya/Third Party CA account/android.widget.TextView0 - Your OTP no. is 460943'

2020-08-06 23:22:17 - [MESSAGE][WARNING] - Timeout '0' is invalid. Using default page load timeout: '10'

2020-08-06 23:22:21 - [MESSAGE][PASSED] - Tapped on element 'Object Repository/Maya/Third Party CA account/android.widget.TextView0 - Your OTP no. is 460943'

2020-08-06 23:22:21 - [TEST_STEP][PASSED] - otpMessage = getText(findTestObject("Maya/Third Party CA account/android.widget.TextView0 - Your OTP no. is 460943"), 0): Text of element 'Object Repository/Maya/Third Party CA account/android.widget.TextView0 - Your OTP no. is 460943' is: 'Your OTP no. is 088003'

2020-08-06 23:22:21 - [MESSAGE][WARNING] - Timeout '0' is invalid. Using default page load timeout: '10'

2020-08-06 23:22:22 - [MESSAGE][PASSED] - Text of element 'Object Repository/Maya/Third Party CA account/android.widget.TextView0 - Your OTP no. is 460943' is: 'Your OTP no. is 088003'

2020-08-06 23:22:22 - [TEST_STEP][PASSED] - delay(2): Delayed 2 second(s)

2020-08-06 23:22:24 - [MESSAGE][PASSED] - Delayed 2 second(s)

2020-08-06 23:22:24 - [TEST_STEP][PASSED] - for ([i = 16, i <= 21, (i++)]): null

2020-08-06 23:22:24 - [TEST_STEP][PASSED] - delay(3, STOP_ON_FAILURE): Delayed 3 second(s)

2020-08-06 23:22:27 - [MESSAGE][PASSED] - Delayed 3 second(s)

2020-08-06 23:22:27 - [TEST_STEP][PASSED] - if (otpMessage[i] == "0"): Tapped on element 'Object Repository/Maya/login again/Spy-0'

2020-08-06 23:22:27 - [TEST_STEP][PASSED] - delay(1, STOP_ON_FAILURE): Delayed 1 second(s)

2020-08-06 23:22:28 - [MESSAGE][PASSED] - Delayed 1 second(s)

2020-08-06 23:22:28 - [TEST_STEP][PASSED] - tap(findTestObject("Maya/login again/Spy-0"), 0): Tapped on element 'Object Repository/Maya/login again/Spy-0'

2020-08-06 23:22:28 - [MESSAGE][WARNING] - Timeout '0' is invalid. Using default page load timeout: '10'

2020-08-06 23:22:30 - [MESSAGE][PASSED] - Tapped on element 'Object Repository/Maya/login again/Spy-0'

2020-08-06 23:22:30 - [TEST_STEP][PASSED] - if (otpMessage[i] == "1"): null

2020-08-06 23:22:30 - [TEST_STEP][PASSED] - if (otpMessage[i] == "2"): null

2020-08-06 23:22:30 - [TEST_STEP][PASSED] - if (otpMessage[i] == "3"): null

2020-08-06 23:22:30 - [TEST_STEP][PASSED] - if (otpMessage[i] == "4"): null

2020-08-06 23:22:30 - [TEST_STEP][PASSED] - if (otpMessage[i] == "5"): null

2020-08-06 23:22:30 - [TEST_STEP][PASSED] - if (otpMessage[i] == "6"): null

2020-08-06 23:22:30 - [TEST_STEP][PASSED] - if (otpMessage[i] == "7"): null

2020-08-06 23:22:30 - [TEST_STEP][PASSED] - if (otpMessage[i] == "8"): null

2020-08-06 23:22:30 - [TEST_STEP][PASSED] - if (otpMessage[i] == "9"): null

2020-08-06 23:22:30 - [TEST_STEP][PASSED] - delay(3, STOP_ON_FAILURE): Delayed 3 second(s)

2020-08-06 23:22:33 - [MESSAGE][PASSED] - Delayed 3 second(s)

2020-08-06 23:22:33 - [TEST_STEP][PASSED] - if (otpMessage[i] == "0"): null

2020-08-06 23:22:33 - [TEST_STEP][PASSED] - if (otpMessage[i] == "1"): null

2020-08-06 23:22:33 - [TEST_STEP][PASSED] - if (otpMessage[i] == "2"): null

2020-08-06 23:22:33 - [TEST_STEP][PASSED] - if (otpMessage[i] == "3"): null

2020-08-06 23:22:33 - [TEST_STEP][PASSED] - if (otpMessage[i] == "4"): null

2020-08-06 23:22:33 - [TEST_STEP][PASSED] - if (otpMessage[i] == "5"): null

2020-08-06 23:22:33 - [TEST_STEP][PASSED] - if (otpMessage[i] == "6"): null

2020-08-06 23:22:33 - [TEST_STEP][PASSED] - if (otpMessage[i] == "7"): null

2020-08-06 23:22:33 - [TEST_STEP][PASSED] - if (otpMessage[i] == "8"): Tapped on element 'Object Repository/Maya/login again/Spy - 8'

2020-08-06 23:22:33 - [TEST_STEP][PASSED] - delay(1, STOP_ON_FAILURE): Delayed 1 second(s)

2020-08-06 23:22:34 - [MESSAGE][PASSED] - Delayed 1 second(s)

2020-08-06 23:22:34 - [TEST_STEP][PASSED] - tap(findTestObject("Maya/login again/Spy - 8"), 0): Tapped on element 'Object Repository/Maya/login again/Spy - 8'

2020-08-06 23:22:35 - [MESSAGE][WARNING] - Timeout '0' is invalid. Using default page load timeout: '10'

2020-08-06 23:22:37 - [MESSAGE][PASSED] - Tapped on element 'Object Repository/Maya/login again/Spy - 8'

2020-08-06 23:22:37 - [TEST_STEP][PASSED] - if (otpMessage[i] == "9"): null

2020-08-06 23:22:37 - [TEST_STEP][PASSED] - delay(3, STOP_ON_FAILURE): Delayed 3 second(s)

2020-08-06 23:22:40 - [MESSAGE][PASSED] - Delayed 3 second(s)

2020-08-06 23:22:40 - [TEST_STEP][PASSED] - if (otpMessage[i] == "0"): null

2020-08-06 23:22:40 - [TEST_STEP][PASSED] - if (otpMessage[i] == "1"): null

2020-08-06 23:22:40 - [TEST_STEP][PASSED] - if (otpMessage[i] == "2"): null

2020-08-06 23:22:40 - [TEST_STEP][PASSED] - if (otpMessage[i] == "3"): null

2020-08-06 23:22:40 - [TEST_STEP][PASSED] - if (otpMessage[i] == "4"): null

2020-08-06 23:22:40 - [TEST_STEP][PASSED] - if (otpMessage[i] == "5"): null

2020-08-06 23:22:40 - [TEST_STEP][PASSED] - if (otpMessage[i] == "6"): null

2020-08-06 23:22:40 - [TEST_STEP][PASSED] - if (otpMessage[i] == "7"): null

2020-08-06 23:22:40 - [TEST_STEP][PASSED] - if (otpMessage[i] == "8"): Tapped on element 'Object Repository/Maya/login again/Spy - 8'

2020-08-06 23:22:40 - [TEST_STEP][PASSED] - delay(1, STOP_ON_FAILURE): Delayed 1 second(s)

2020-08-06 23:22:41 - [MESSAGE][PASSED] - Delayed 1 second(s)

2020-08-06 23:22:41 - [TEST_STEP][PASSED] - tap(findTestObject("Maya/login again/Spy - 8"), 0): Tapped on element 'Object Repository/Maya/login again/Spy - 8'

2020-08-06 23:22:41 - [MESSAGE][WARNING] - Timeout '0' is invalid. Using default page load timeout: '10'

2020-08-06 23:22:44 - [MESSAGE][PASSED] - Tapped on element 'Object Repository/Maya/login again/Spy - 8'

2020-08-06 23:22:44 - [TEST_STEP][PASSED] - if (otpMessage[i] == "9"): null

2020-08-06 23:22:44 - [TEST_STEP][PASSED] - delay(3, STOP_ON_FAILURE): Delayed 3 second(s)

2020-08-06 23:22:47 - [MESSAGE][PASSED] - Delayed 3 second(s)

2020-08-06 23:22:47 - [TEST_STEP][PASSED] - if (otpMessage[i] == "0"): Tapped on element 'Object Repository/Maya/login again/Spy-0'

2020-08-06 23:22:47 - [TEST_STEP][PASSED] - delay(1, STOP_ON_FAILURE): Delayed 1 second(s)

2020-08-06 23:22:48 - [MESSAGE][PASSED] - Delayed 1 second(s)

2020-08-06 23:22:48 - [TEST_STEP][PASSED] - tap(findTestObject("Maya/login again/Spy-0"), 0): Tapped on element 'Object Repository/Maya/login again/Spy-0'

2020-08-06 23:22:48 - [MESSAGE][WARNING] - Timeout '0' is invalid. Using default page load timeout: '10'

2020-08-06 23:22:49 - [MESSAGE][PASSED] - Tapped on element 'Object Repository/Maya/login again/Spy-0'

2020-08-06 23:22:49 - [TEST_STEP][PASSED] - if (otpMessage[i] == "1"): null

2020-08-06 23:22:49 - [TEST_STEP][PASSED] - if (otpMessage[i] == "2"): null

2020-08-06 23:22:49 - [TEST_STEP][PASSED] - if (otpMessage[i] == "3"): null

2020-08-06 23:22:49 - [TEST_STEP][PASSED] - if (otpMessage[i] == "4"): null

2020-08-06 23:22:49 - [TEST_STEP][PASSED] - if (otpMessage[i] == "5"): null

2020-08-06 23:22:49 - [TEST_STEP][PASSED] - if (otpMessage[i] == "6"): null

2020-08-06 23:22:49 - [TEST_STEP][PASSED] - if (otpMessage[i] == "7"): null

2020-08-06 23:22:49 - [TEST_STEP][PASSED] - if (otpMessage[i] == "8"): null

2020-08-06 23:22:49 - [TEST_STEP][PASSED] - if (otpMessage[i] == "9"): null

2020-08-06 23:22:49 - [TEST_STEP][PASSED] - delay(3, STOP_ON_FAILURE): Delayed 3 second(s)

2020-08-06 23:22:52 - [MESSAGE][PASSED] - Delayed 3 second(s)

2020-08-06 23:22:52 - [TEST_STEP][PASSED] - if (otpMessage[i] == "0"): Tapped on element 'Object Repository/Maya/login again/Spy-0'

2020-08-06 23:22:52 - [TEST_STEP][PASSED] - delay(1, STOP_ON_FAILURE): Delayed 1 second(s)

2020-08-06 23:22:53 - [MESSAGE][PASSED] - Delayed 1 second(s)

2020-08-06 23:22:53 - [TEST_STEP][PASSED] - tap(findTestObject("Maya/login again/Spy-0"), 0): Tapped on element 'Object Repository/Maya/login again/Spy-0'

2020-08-06 23:22:53 - [MESSAGE][WARNING] - Timeout '0' is invalid. Using default page load timeout: '10'

2020-08-06 23:22:55 - [MESSAGE][PASSED] - Tapped on element 'Object Repository/Maya/login again/Spy-0'

2020-08-06 23:22:55 - [TEST_STEP][PASSED] - if (otpMessage[i] == "1"): null

2020-08-06 23:22:55 - [TEST_STEP][PASSED] - if (otpMessage[i] == "2"): null

2020-08-06 23:22:55 - [TEST_STEP][PASSED] - if (otpMessage[i] == "3"): null

2020-08-06 23:22:55 - [TEST_STEP][PASSED] - if (otpMessage[i] == "4"): null

2020-08-06 23:22:55 - [TEST_STEP][PASSED] - if (otpMessage[i] == "5"): null

2020-08-06 23:22:55 - [TEST_STEP][PASSED] - if (otpMessage[i] == "6"): null

2020-08-06 23:22:55 - [TEST_STEP][PASSED] - if (otpMessage[i] == "7"): null

2020-08-06 23:22:55 - [TEST_STEP][PASSED] - if (otpMessage[i] == "8"): null

2020-08-06 23:22:55 - [TEST_STEP][PASSED] - if (otpMessage[i] == "9"): null

2020-08-06 23:22:55 - [TEST_STEP][PASSED] - delay(3, STOP_ON_FAILURE): Delayed 3 second(s)

2020-08-06 23:22:58 - [MESSAGE][PASSED] - Delayed 3 second(s)

2020-08-06 23:22:58 - [TEST_STEP][PASSED] - if (otpMessage[i] == "0"): null

2020-08-06 23:22:58 - [TEST_STEP][PASSED] - if (otpMessage[i] == "1"): null

2020-08-06 23:22:58 - [TEST_STEP][PASSED] - if (otpMessage[i] == "2"): null

2020-08-06 23:22:58 - [TEST_STEP][PASSED] - if (otpMessage[i] == "3"): Tapped on element 'Object Repository/Maya/login again/Spy- 3'

2020-08-06 23:22:58 - [TEST_STEP][PASSED] - delay(1, STOP_ON_FAILURE): Delayed 1 second(s)

2020-08-06 23:22:59 - [MESSAGE][PASSED] - Delayed 1 second(s)

2020-08-06 23:22:59 - [TEST_STEP][NOT_RUN] - tap(findTestObject("MAYA SIT v118/spy/TAC - keypad 3"), 0): NOT_RUN: tap(findTestObject("MAYA SIT v118/spy/TAC - keypad 3"), 0)

2020-08-06 23:22:59 - [MESSAGE][NOT_RUN] - NOT_RUN: tap(findTestObject("MAYA SIT v118/spy/TAC - keypad 3"), 0)

2020-08-06 23:22:59 - [TEST_STEP][PASSED] - tap(findTestObject("Maya/login again/Spy- 3"), 0): Tapped on element 'Object Repository/Maya/login again/Spy- 3'

2020-08-06 23:22:59 - [MESSAGE][WARNING] - Timeout '0' is invalid. Using default page load timeout: '10'

2020-08-06 23:23:01 - [MESSAGE][PASSED] - Tapped on element 'Object Repository/Maya/login again/Spy- 3'

2020-08-06 23:23:01 - [TEST_STEP][PASSED] - if (otpMessage[i] == "4"): null

2020-08-06 23:23:01 - [TEST_STEP][PASSED] - if (otpMessage[i] == "5"): null

2020-08-06 23:23:01 - [TEST_STEP][PASSED] - if (otpMessage[i] == "6"): null

2020-08-06 23:23:01 - [TEST_STEP][PASSED] - if (otpMessage[i] == "7"): null

2020-08-06 23:23:01 - [TEST_STEP][PASSED] - if (otpMessage[i] == "8"): null

2020-08-06 23:23:01 - [TEST_STEP][PASSED] - if (otpMessage[i] == "9"): null

2020-08-06 23:23:01 - [TEST_STEP][PASSED] - delay(8, STOP_ON_FAILURE): Delayed 8 second(s)

2020-08-06 23:23:09 - [MESSAGE][PASSED] - Delayed 8 second(s)

2020-08-06 23:23:09 - [TEST_STEP][PASSED] - tap(findTestObject("Maya/Forgot Pin/android.widget.ImageView0 (7)"), 0): Tapped on element 'Object Repository/Maya/Forgot Pin/android.widget.ImageView0 (7)'

2020-08-06 23:23:09 - [MESSAGE][WARNING] - Timeout '0' is invalid. Using default page load timeout: '10'

2020-08-06 23:23:10 - [MESSAGE][PASSED] - Tapped on element 'Object Repository/Maya/Forgot Pin/android.widget.ImageView0 (7)'

2020-08-06 23:23:10 - [TEST_STEP][PASSED] - tap(findTestObject("Maya/Login/android.widget.EditText0 - Enter your name"), 0): Tapped on element 'Object Repository/Maya/Login/android.widget.EditText0 - Enter your name'

2020-08-06 23:23:10 - [MESSAGE][WARNING] - Timeout '0' is invalid. Using default page load timeout: '10'

2020-08-06 23:23:16 - [MESSAGE][PASSED] - Tapped on element 'Object Repository/Maya/Login/android.widget.EditText0 - Enter your name'

2020-08-06 23:23:16 - [TEST_STEP][PASSED] - setText(findTestObject("Maya/Login/android.widget.EditText0 - Enter your name"), "Test", 0): Text 'Test' has been set to element 'Object Repository/Maya/Login/android.widget.EditText0 - Enter your name'

2020-08-06 23:23:16 - [MESSAGE][WARNING] - Timeout '0' is invalid. Using default page load timeout: '10'

2020-08-06 23:23:18 - [MESSAGE][PASSED] - Text 'Test' has been set to element 'Object Repository/Maya/Login/android.widget.EditText0 - Enter your name'

2020-08-06 23:23:18 - [TEST_STEP][PASSED] - driver.pressKeyCode(ENTER): null

2020-08-06 23:23:19 - [TEST_STEP][PASSED] - delay(2, STOP_ON_FAILURE): Delayed 2 second(s)

2020-08-06 23:23:21 - [MESSAGE][PASSED] - Delayed 2 second(s)

2020-08-06 23:23:21 - [TEST_STEP][PASSED] - takeScreenshot("C:\Users\LENOVO\Screenshot\DuitNowProxy\Screen3.png", CONTINUE_ON_FAILURE): Screenshot is taken

2020-08-06 23:23:23 - [MESSAGE][PASSED] - Screenshot is taken
[[ATTACHMENT|C:\\Users\\LENOVO\\Screenshot\\DuitNowProxy\\Screen3.png]]

2020-08-06 23:23:23 - [TEST_STEP][PASSED] - tap(findTestObject("Maya/Login/android.widget.TextView0 - Continue"), 0): Tapped on element 'Object Repository/Maya/Login/android.widget.TextView0 - Continue'

2020-08-06 23:23:23 - [MESSAGE][WARNING] - Timeout '0' is invalid. Using default page load timeout: '10'

2020-08-06 23:23:24 - [MESSAGE][PASSED] - Tapped on element 'Object Repository/Maya/Login/android.widget.TextView0 - Continue'

2020-08-06 23:23:24 - [TEST_STEP][PASSED] - tap(findTestObject("Maya/RegisterDuitNow/android.widget.ImageView0-2 acct"), 0): Tapped on element 'Object Repository/Maya/RegisterDuitNow/android.widget.ImageView0-2 acct'

2020-08-06 23:23:24 - [MESSAGE][WARNING] - Timeout '0' is invalid. Using default page load timeout: '10'

2020-08-06 23:23:27 - [MESSAGE][PASSED] - Tapped on element 'Object Repository/Maya/RegisterDuitNow/android.widget.ImageView0-2 acct'

2020-08-06 23:23:27 - [TEST_STEP][PASSED] - tap(findTestObject("Maya/Login/android.widget.TextView0 - Continue"), 0): Tapped on element 'Object Repository/Maya/Login/android.widget.TextView0 - Continue'

2020-08-06 23:23:27 - [MESSAGE][WARNING] - Timeout '0' is invalid. Using default page load timeout: '10'

2020-08-06 23:23:29 - [MESSAGE][PASSED] - Tapped on element 'Object Repository/Maya/Login/android.widget.TextView0 - Continue'

2020-08-06 23:23:29 - [TEST_STEP][PASSED] - tap(findTestObject("Maya/Login/android.widget.TextView0 - Done setup"), 0): Tapped on element 'Object Repository/Maya/Login/android.widget.TextView0 - Done setup'

2020-08-06 23:23:29 - [MESSAGE][WARNING] - Timeout '0' is invalid. Using default page load timeout: '10'

2020-08-06 23:23:35 - [MESSAGE][PASSED] - Tapped on element 'Object Repository/Maya/Login/android.widget.TextView0 - Done setup'

2020-08-06 23:23:35 - [TEST_STEP][PASSED] - verifyElementText(findTestObject("Maya/Third Party Fav/android.widget.TextView0 - Test"), "Test", CONTINUE_ON_FAILURE): Actual text and expected text of test object 'Object Repository/Maya/Third Party Fav/android.widget.TextView0 - Test' are matched.

2020-08-06 23:23:35 - [MESSAGE][PASSED] - Actual text and expected text of test object 'Object Repository/Maya/Third Party Fav/android.widget.TextView0 - Test' are matched.

2020-08-06 23:23:35 - [TEST_STEP][PASSED] - tap(findTestObject("Maya/RegisterDuitNow/android.widget.TextView0 - More (1)"), 0): Tapped on element 'Object Repository/Maya/RegisterDuitNow/android.widget.TextView0 - More (1)'

2020-08-06 23:23:35 - [MESSAGE][WARNING] - Timeout '0' is invalid. Using default page load timeout: '10'

2020-08-06 23:23:48 - [MESSAGE][PASSED] - Tapped on element 'Object Repository/Maya/RegisterDuitNow/android.widget.TextView0 - More (1)'

2020-08-06 23:23:48 - [TEST_STEP][PASSED] - tap(findTestObject("Maya/RegisterDuitNow/android.widget.TextView0 - Settings (1)"), 0): Tapped on element 'Object Repository/Maya/RegisterDuitNow/android.widget.TextView0 - Settings (1)'

2020-08-06 23:23:48 - [MESSAGE][WARNING] - Timeout '0' is invalid. Using default page load timeout: '10'

2020-08-06 23:23:50 - [MESSAGE][PASSED] - Tapped on element 'Object Repository/Maya/RegisterDuitNow/android.widget.TextView0 - Settings (1)'

2020-08-06 23:23:50 - [TEST_STEP][PASSED] - tap(findTestObject("Maya/RegisterDuitNow/android.widget.TextView0 - Maybank2u (2)"), 0): Tapped on element 'Object Repository/Maya/RegisterDuitNow/android.widget.TextView0 - Maybank2u (2)'

2020-08-06 23:23:50 - [MESSAGE][WARNING] - Timeout '0' is invalid. Using default page load timeout: '10'

2020-08-06 23:23:53 - [MESSAGE][PASSED] - Tapped on element 'Object Repository/Maya/RegisterDuitNow/android.widget.TextView0 - Maybank2u (2)'

2020-08-06 23:23:53 - [TEST_STEP][PASSED] - tap(findTestObject("Maya/RegisterDuitNow/android.widget.TextView0 - DuitNow (6)"), 0): Tapped on element 'Object Repository/Maya/RegisterDuitNow/android.widget.TextView0 - DuitNow (6)'

2020-08-06 23:23:53 - [MESSAGE][WARNING] - Timeout '0' is invalid. Using default page load timeout: '10'

2020-08-06 23:23:55 - [MESSAGE][PASSED] - Tapped on element 'Object Repository/Maya/RegisterDuitNow/android.widget.TextView0 - DuitNow (6)'

2020-08-06 23:23:55 - [TEST_STEP][PASSED] - getText(findTestObject("Maya/RegisterDuitNow/android.widget.TextView0 - Link your Maybank account to an ID for DuitNow (1)"), 0): Text of element 'Object Repository/Maya/RegisterDuitNow/android.widget.TextView0 - Link your Maybank account to an ID for DuitNow (1)' is: 'Link your Maybank account to an ID for DuitNow'

2020-08-06 23:23:55 - [MESSAGE][WARNING] - Timeout '0' is invalid. Using default page load timeout: '10'

2020-08-06 23:23:55 - [MESSAGE][PASSED] - Text of element 'Object Repository/Maya/RegisterDuitNow/android.widget.TextView0 - Link your Maybank account to an ID for DuitNow (1)' is: 'Link your Maybank account to an ID for DuitNow'

2020-08-06 23:23:55 - [TEST_STEP][PASSED] - verifyElementExist(findTestObject("Maya/RegisterDuitNow/android.widget.TextView0 - Link your Maybank account to an ID for DuitNow (1)"), 0): Element 'Object Repository/Maya/RegisterDuitNow/android.widget.TextView0 - Link your Maybank account to an ID for DuitNow (1)' is exist

2020-08-06 23:23:55 - [MESSAGE][WARNING] - Timeout '0' is invalid. Using default page load timeout: '10'

2020-08-06 23:23:56 - [MESSAGE][PASSED] - Element 'Object Repository/Maya/RegisterDuitNow/android.widget.TextView0 - Link your Maybank account to an ID for DuitNow (1)' is exist

2020-08-06 23:23:56 - [TEST_STEP][PASSED] - delay(2, STOP_ON_FAILURE): Delayed 2 second(s)

2020-08-06 23:23:58 - [MESSAGE][PASSED] - Delayed 2 second(s)

2020-08-06 23:23:58 - [TEST_STEP][PASSED] - takeScreenshot("C:\Users\LENOVO\Screenshot\DuitNowProxy\Screen4.png", CONTINUE_ON_FAILURE): Screenshot is taken

2020-08-06 23:23:59 - [MESSAGE][PASSED] - Screenshot is taken
[[ATTACHMENT|C:\\Users\\LENOVO\\Screenshot\\DuitNowProxy\\Screen4.png]]

2020-08-06 23:23:59 - [TEST_STEP][PASSED] - getText(findTestObject("Maya/RegisterDuitNow/android.widget.TextView0 - Mobile Number"), 0): Text of element 'Object Repository/Maya/RegisterDuitNow/android.widget.TextView0 - Mobile Number' is: 'Mobile Number'

2020-08-06 23:23:59 - [MESSAGE][WARNING] - Timeout '0' is invalid. Using default page load timeout: '10'

2020-08-06 23:24:00 - [MESSAGE][PASSED] - Text of element 'Object Repository/Maya/RegisterDuitNow/android.widget.TextView0 - Mobile Number' is: 'Mobile Number'

2020-08-06 23:24:00 - [TEST_STEP][PASSED] - verifyElementExist(findTestObject("Maya/RegisterDuitNow/android.widget.TextView0 - Mobile Number"), 0): Element 'Object Repository/Maya/RegisterDuitNow/android.widget.TextView0 - Mobile Number' is exist

2020-08-06 23:24:00 - [MESSAGE][WARNING] - Timeout '0' is invalid. Using default page load timeout: '10'

2020-08-06 23:24:00 - [MESSAGE][PASSED] - Element 'Object Repository/Maya/RegisterDuitNow/android.widget.TextView0 - Mobile Number' is exist

2020-08-06 23:24:00 - [TEST_STEP][PASSED] - getText(findTestObject("Maya/RegisterDuitNow/android.widget.TextView0 - Maybank (2)"), 0): Text of element 'Object Repository/Maya/RegisterDuitNow/android.widget.TextView0 - Maybank (2)' is: 'Maybank'

2020-08-06 23:24:00 - [MESSAGE][WARNING] - Timeout '0' is invalid. Using default page load timeout: '10'

2020-08-06 23:24:01 - [MESSAGE][PASSED] - Text of element 'Object Repository/Maya/RegisterDuitNow/android.widget.TextView0 - Maybank (2)' is: 'Maybank'

2020-08-06 23:24:01 - [TEST_STEP][PASSED] - verifyElementExist(findTestObject("Maya/RegisterDuitNow/android.widget.TextView0 - Maybank (2)"), 0): Element 'Object Repository/Maya/RegisterDuitNow/android.widget.TextView0 - Maybank (2)' is exist

2020-08-06 23:24:01 - [MESSAGE][WARNING] - Timeout '0' is invalid. Using default page load timeout: '10'

2020-08-06 23:24:02 - [MESSAGE][PASSED] - Element 'Object Repository/Maya/RegisterDuitNow/android.widget.TextView0 - Maybank (2)' is exist

2020-08-06 23:24:02 - [TEST_STEP][PASSED] - getText(findTestObject("Maya/RegisterDuitNow/android.widget.TextView0 - 1028"), 0): Text of element 'Object Repository/Maya/RegisterDuitNow/android.widget.TextView0 - 1028' is: '********1028'

2020-08-06 23:24:02 - [MESSAGE][WARNING] - Timeout '0' is invalid. Using default page load timeout: '10'

2020-08-06 23:24:03 - [MESSAGE][PASSED] - Text of element 'Object Repository/Maya/RegisterDuitNow/android.widget.TextView0 - 1028' is: '********1028'

2020-08-06 23:24:03 - [TEST_STEP][PASSED] - verifyElementExist(findTestObject("Maya/RegisterDuitNow/android.widget.TextView0 - 1028"), 0): Element 'Object Repository/Maya/RegisterDuitNow/android.widget.TextView0 - 1028' is exist

2020-08-06 23:24:03 - [MESSAGE][WARNING] - Timeout '0' is invalid. Using default page load timeout: '10'

2020-08-06 23:24:03 - [MESSAGE][PASSED] - Element 'Object Repository/Maya/RegisterDuitNow/android.widget.TextView0 - 1028' is exist

2020-08-06 23:24:03 - [TEST_STEP][PASSED] - tap(findTestObject("Maya/RegisterDuitNow/android.widget.TextView0 - Mobile Number"), 0): Tapped on element 'Object Repository/Maya/RegisterDuitNow/android.widget.TextView0 - Mobile Number'

2020-08-06 23:24:03 - [MESSAGE][WARNING] - Timeout '0' is invalid. Using default page load timeout: '10'

2020-08-06 23:24:05 - [MESSAGE][PASSED] - Tapped on element 'Object Repository/Maya/RegisterDuitNow/android.widget.TextView0 - Mobile Number'

2020-08-06 23:24:05 - [TEST_STEP][PASSED] - delay(2, STOP_ON_FAILURE): Delayed 2 second(s)

2020-08-06 23:24:07 - [MESSAGE][PASSED] - Delayed 2 second(s)

2020-08-06 23:24:07 - [TEST_STEP][PASSED] - takeScreenshot("C:\Users\LENOVO\Screenshot\DuitNowProxy\Screen5.png", CONTINUE_ON_FAILURE): Screenshot is taken

2020-08-06 23:24:08 - [MESSAGE][PASSED] - Screenshot is taken
[[ATTACHMENT|C:\\Users\\LENOVO\\Screenshot\\DuitNowProxy\\Screen5.png]]

2020-08-06 23:24:08 - [TEST_STEP][PASSED] - getText(findTestObject("Maya/RegisterDuitNow/android.widget.TextView0 - Mobile Number (1)"), 0): Text of element 'Object Repository/Maya/RegisterDuitNow/android.widget.TextView0 - Mobile Number (1)' is: 'Mobile Number'

2020-08-06 23:24:08 - [MESSAGE][WARNING] - Timeout '0' is invalid. Using default page load timeout: '10'

2020-08-06 23:24:08 - [MESSAGE][PASSED] - Text of element 'Object Repository/Maya/RegisterDuitNow/android.widget.TextView0 - Mobile Number (1)' is: 'Mobile Number'

2020-08-06 23:24:08 - [TEST_STEP][PASSED] - verifyElementExist(findTestObject("Maya/RegisterDuitNow/android.widget.TextView0 - Mobile Number (1)"), 0): Element 'Object Repository/Maya/RegisterDuitNow/android.widget.TextView0 - Mobile Number (1)' is exist

2020-08-06 23:24:08 - [MESSAGE][WARNING] - Timeout '0' is invalid. Using default page load timeout: '10'

2020-08-06 23:24:08 - [MESSAGE][PASSED] - Element 'Object Repository/Maya/RegisterDuitNow/android.widget.TextView0 - Mobile Number (1)' is exist

2020-08-06 23:24:08 - [TEST_STEP][PASSED] - getText(findTestObject("Maya/RegisterDuitNow/android.widget.TextView0 - Status (1)"), 0): Text of element 'Object Repository/Maya/RegisterDuitNow/android.widget.TextView0 - Status (1)' is: 'Status'

2020-08-06 23:24:08 - [MESSAGE][WARNING] - Timeout '0' is invalid. Using default page load timeout: '10'

2020-08-06 23:24:09 - [MESSAGE][PASSED] - Text of element 'Object Repository/Maya/RegisterDuitNow/android.widget.TextView0 - Status (1)' is: 'Status'

2020-08-06 23:24:09 - [TEST_STEP][PASSED] - verifyElementExist(findTestObject("Maya/RegisterDuitNow/android.widget.TextView0 - Status (1)"), 0): Element 'Object Repository/Maya/RegisterDuitNow/android.widget.TextView0 - Status (1)' is exist

2020-08-06 23:24:09 - [MESSAGE][WARNING] - Timeout '0' is invalid. Using default page load timeout: '10'

2020-08-06 23:24:09 - [MESSAGE][PASSED] - Element 'Object Repository/Maya/RegisterDuitNow/android.widget.TextView0 - Status (1)' is exist

2020-08-06 23:24:09 - [TEST_STEP][PASSED] - getText(findTestObject("Maya/RegisterDuitNow/android.widget.TextView0 - ACTIVE (1)"), 0): Text of element 'Object Repository/Maya/RegisterDuitNow/android.widget.TextView0 - ACTIVE (1)' is: 'ACTIVE'

2020-08-06 23:24:09 - [MESSAGE][WARNING] - Timeout '0' is invalid. Using default page load timeout: '10'

2020-08-06 23:24:10 - [MESSAGE][PASSED] - Text of element 'Object Repository/Maya/RegisterDuitNow/android.widget.TextView0 - ACTIVE (1)' is: 'ACTIVE'

2020-08-06 23:24:10 - [TEST_STEP][PASSED] - verifyElementExist(findTestObject("Maya/RegisterDuitNow/android.widget.TextView0 - ACTIVE (1)"), 0): Element 'Object Repository/Maya/RegisterDuitNow/android.widget.TextView0 - ACTIVE (1)' is exist

2020-08-06 23:24:10 - [MESSAGE][WARNING] - Timeout '0' is invalid. Using default page load timeout: '10'

2020-08-06 23:24:10 - [MESSAGE][PASSED] - Element 'Object Repository/Maya/RegisterDuitNow/android.widget.TextView0 - ACTIVE (1)' is exist

2020-08-06 23:24:10 - [TEST_STEP][PASSED] - getText(findTestObject("Maya/RegisterDuitNow/android.widget.TextView0 - Receiving bank (1)"), 0): Text of element 'Object Repository/Maya/RegisterDuitNow/android.widget.TextView0 - Receiving bank (1)' is: 'Receiving bank'

2020-08-06 23:24:10 - [MESSAGE][WARNING] - Timeout '0' is invalid. Using default page load timeout: '10'

2020-08-06 23:24:10 - [MESSAGE][PASSED] - Text of element 'Object Repository/Maya/RegisterDuitNow/android.widget.TextView0 - Receiving bank (1)' is: 'Receiving bank'

2020-08-06 23:24:10 - [TEST_STEP][PASSED] - verifyElementExist(findTestObject("Maya/RegisterDuitNow/android.widget.TextView0 - Receiving bank (1)"), 0): Element 'Object Repository/Maya/RegisterDuitNow/android.widget.TextView0 - Receiving bank (1)' is exist

2020-08-06 23:24:10 - [MESSAGE][WARNING] - Timeout '0' is invalid. Using default page load timeout: '10'

2020-08-06 23:24:11 - [MESSAGE][PASSED] - Element 'Object Repository/Maya/RegisterDuitNow/android.widget.TextView0 - Receiving bank (1)' is exist

2020-08-06 23:24:11 - [TEST_STEP][PASSED] - getText(findTestObject("Maya/RegisterDuitNow/android.widget.TextView0 - Maybank (3)"), 0): Text of element 'Object Repository/Maya/RegisterDuitNow/android.widget.TextView0 - Maybank (3)' is: 'Maybank'

2020-08-06 23:24:11 - [MESSAGE][WARNING] - Timeout '0' is invalid. Using default page load timeout: '10'

2020-08-06 23:24:11 - [MESSAGE][PASSED] - Text of element 'Object Repository/Maya/RegisterDuitNow/android.widget.TextView0 - Maybank (3)' is: 'Maybank'

2020-08-06 23:24:11 - [TEST_STEP][PASSED] - verifyElementExist(findTestObject("Maya/RegisterDuitNow/android.widget.TextView0 - Maybank (3)"), 0): Element 'Object Repository/Maya/RegisterDuitNow/android.widget.TextView0 - Maybank (3)' is exist

2020-08-06 23:24:11 - [MESSAGE][WARNING] - Timeout '0' is invalid. Using default page load timeout: '10'

2020-08-06 23:24:12 - [MESSAGE][PASSED] - Element 'Object Repository/Maya/RegisterDuitNow/android.widget.TextView0 - Maybank (3)' is exist

2020-08-06 23:24:12 - [TEST_STEP][PASSED] - getText(findTestObject("Maya/RegisterDuitNow/android.widget.TextView0 - 1028 (1)"), 0): Text of element 'Object Repository/Maya/RegisterDuitNow/android.widget.TextView0 - 1028 (1)' is: '********1028'

2020-08-06 23:24:12 - [MESSAGE][WARNING] - Timeout '0' is invalid. Using default page load timeout: '10'

2020-08-06 23:24:12 - [MESSAGE][PASSED] - Text of element 'Object Repository/Maya/RegisterDuitNow/android.widget.TextView0 - 1028 (1)' is: '********1028'

2020-08-06 23:24:12 - [TEST_STEP][PASSED] - verifyElementExist(findTestObject("Maya/RegisterDuitNow/android.widget.TextView0 - 1028 (1)"), 0): Element 'Object Repository/Maya/RegisterDuitNow/android.widget.TextView0 - 1028 (1)' is exist

2020-08-06 23:24:13 - [MESSAGE][WARNING] - Timeout '0' is invalid. Using default page load timeout: '10'

2020-08-06 23:24:13 - [MESSAGE][PASSED] - Element 'Object Repository/Maya/RegisterDuitNow/android.widget.TextView0 - 1028 (1)' is exist

2020-08-06 23:24:13 - [TEST_STEP][PASSED] - getText(findTestObject("Maya/RegisterDuitNow/android.widget.TextView0 - 1075"), 0): Text of element 'Object Repository/Maya/RegisterDuitNow/android.widget.TextView0 - 1075' is: '********4643'

2020-08-06 23:24:13 - [MESSAGE][WARNING] - Timeout '0' is invalid. Using default page load timeout: '10'

2020-08-06 23:24:13 - [MESSAGE][PASSED] - Text of element 'Object Repository/Maya/RegisterDuitNow/android.widget.TextView0 - 1075' is: '********4643'

2020-08-06 23:24:13 - [TEST_STEP][PASSED] - verifyElementExist(findTestObject("Maya/RegisterDuitNow/android.widget.TextView0 - 1075"), 0): Element 'Object Repository/Maya/RegisterDuitNow/android.widget.TextView0 - 1075' is exist

2020-08-06 23:24:14 - [MESSAGE][WARNING] - Timeout '0' is invalid. Using default page load timeout: '10'

2020-08-06 23:24:14 - [MESSAGE][PASSED] - Element 'Object Repository/Maya/RegisterDuitNow/android.widget.TextView0 - 1075' is exist

2020-08-06 23:24:14 - [TEST_STEP][PASSED] - tap(findTestObject("Maya/RegisterDuitNow/android.widget.TextView0 - Deregister DuitNow"), 0): Tapped on element 'Object Repository/Maya/RegisterDuitNow/android.widget.TextView0 - Deregister DuitNow'

2020-08-06 23:24:14 - [MESSAGE][WARNING] - Timeout '0' is invalid. Using default page load timeout: '10'

2020-08-06 23:24:15 - [MESSAGE][PASSED] - Tapped on element 'Object Repository/Maya/RegisterDuitNow/android.widget.TextView0 - Deregister DuitNow'

2020-08-06 23:24:15 - [TEST_STEP][PASSED] - delay(2, STOP_ON_FAILURE): Delayed 2 second(s)

2020-08-06 23:24:17 - [MESSAGE][PASSED] - Delayed 2 second(s)

2020-08-06 23:24:17 - [TEST_STEP][PASSED] - takeScreenshot("C:\Users\LENOVO\Screenshot\DuitNowProxy\Screen8.png", CONTINUE_ON_FAILURE): Screenshot is taken

2020-08-06 23:24:18 - [MESSAGE][PASSED] - Screenshot is taken
[[ATTACHMENT|C:\\Users\\LENOVO\\Screenshot\\DuitNowProxy\\Screen8.png]]

2020-08-06 23:24:18 - [TEST_STEP][PASSED] - tap(findTestObject("Maya/RegisterDuitNow/android.widget.TextView0 - Confirm (2)"), 0): Tapped on element 'Object Repository/Maya/RegisterDuitNow/android.widget.TextView0 - Confirm (2)'

2020-08-06 23:24:18 - [MESSAGE][WARNING] - Timeout '0' is invalid. Using default page load timeout: '10'

2020-08-06 23:24:20 - [MESSAGE][PASSED] - Tapped on element 'Object Repository/Maya/RegisterDuitNow/android.widget.TextView0 - Confirm (2)'

2020-08-06 23:24:20 - [TEST_STEP][PASSED] - delay(2, STOP_ON_FAILURE): Delayed 2 second(s)

2020-08-06 23:24:22 - [MESSAGE][PASSED] - Delayed 2 second(s)

2020-08-06 23:24:22 - [TEST_STEP][PASSED] - takeScreenshot("C:\Users\LENOVO\Screenshot\DuitNowProxy\Screen9.png", CONTINUE_ON_FAILURE): Screenshot is taken

2020-08-06 23:24:23 - [MESSAGE][PASSED] - Screenshot is taken
[[ATTACHMENT|C:\\Users\\LENOVO\\Screenshot\\DuitNowProxy\\Screen9.png]]

2020-08-06 23:24:23 - [TEST_STEP][PASSED] - tap(findTestObject("Maya/RegisterDuitNow/android.widget.TextView0 - Confirm (1)"), 0): Tapped on element 'Object Repository/Maya/RegisterDuitNow/android.widget.TextView0 - Confirm (1)'

2020-08-06 23:24:23 - [MESSAGE][WARNING] - Timeout '0' is invalid. Using default page load timeout: '10'

2020-08-06 23:24:24 - [MESSAGE][PASSED] - Tapped on element 'Object Repository/Maya/RegisterDuitNow/android.widget.TextView0 - Confirm (1)'

2020-08-06 23:24:24 - [TEST_STEP][PASSED] - otp = getText(findTestObject("Maya/Third Party CA account/android.widget.TextView0 - Your OTP no. is 460943"), 0): Text of element 'Object Repository/Maya/Third Party CA account/android.widget.TextView0 - Your OTP no. is 460943' is: 'Your OTP no. is 548256'

2020-08-06 23:24:25 - [MESSAGE][WARNING] - Timeout '0' is invalid. Using default page load timeout: '10'

2020-08-06 23:24:28 - [MESSAGE][PASSED] - Text of element 'Object Repository/Maya/Third Party CA account/android.widget.TextView0 - Your OTP no. is 460943' is: 'Your OTP no. is 548256'

2020-08-06 23:24:28 - [TEST_STEP][PASSED] - delay(2): Delayed 2 second(s)

2020-08-06 23:24:30 - [MESSAGE][PASSED] - Delayed 2 second(s)

2020-08-06 23:24:30 - [TEST_STEP][PASSED] - for ([i = 16, i <= 21, (i++)]): null

2020-08-06 23:24:30 - [TEST_STEP][PASSED] - delay(3, STOP_ON_FAILURE): Delayed 3 second(s)

2020-08-06 23:24:33 - [MESSAGE][PASSED] - Delayed 3 second(s)

2020-08-06 23:24:33 - [TEST_STEP][PASSED] - if (otp[i] == "0"): null

2020-08-06 23:24:33 - [TEST_STEP][PASSED] - if (otp[i] == "1"): null

2020-08-06 23:24:33 - [TEST_STEP][PASSED] - if (otp[i] == "2"): null

2020-08-06 23:24:33 - [TEST_STEP][PASSED] - if (otp[i] == "3"): null

2020-08-06 23:24:33 - [TEST_STEP][PASSED] - if (otp[i] == "4"): null

2020-08-06 23:24:33 - [TEST_STEP][PASSED] - if (otp[i] == "5"): Tapped on element 'Object Repository/Maya/login again/Spy- 5'

2020-08-06 23:24:33 - [TEST_STEP][PASSED] - delay(1, STOP_ON_FAILURE): Delayed 1 second(s)

2020-08-06 23:24:34 - [MESSAGE][PASSED] - Delayed 1 second(s)

2020-08-06 23:24:34 - [TEST_STEP][PASSED] - tap(findTestObject("Maya/login again/Spy- 5"), 0): Tapped on element 'Object Repository/Maya/login again/Spy- 5'

2020-08-06 23:24:34 - [MESSAGE][WARNING] - Timeout '0' is invalid. Using default page load timeout: '10'

2020-08-06 23:24:38 - [MESSAGE][PASSED] - Tapped on element 'Object Repository/Maya/login again/Spy- 5'

2020-08-06 23:24:38 - [TEST_STEP][PASSED] - if (otp[i] == "6"): null

2020-08-06 23:24:38 - [TEST_STEP][PASSED] - if (otp[i] == "7"): null

2020-08-06 23:24:38 - [TEST_STEP][PASSED] - if (otp[i] == "8"): null

2020-08-06 23:24:38 - [TEST_STEP][PASSED] - if (otp[i] == "9"): null

2020-08-06 23:24:38 - [TEST_STEP][PASSED] - delay(3, STOP_ON_FAILURE): Delayed 3 second(s)

2020-08-06 23:24:41 - [MESSAGE][PASSED] - Delayed 3 second(s)

2020-08-06 23:24:41 - [TEST_STEP][PASSED] - if (otp[i] == "0"): null

2020-08-06 23:24:41 - [TEST_STEP][PASSED] - if (otp[i] == "1"): null

2020-08-06 23:24:41 - [TEST_STEP][PASSED] - if (otp[i] == "2"): null

2020-08-06 23:24:41 - [TEST_STEP][PASSED] - if (otp[i] == "3"): null

2020-08-06 23:24:41 - [TEST_STEP][PASSED] - if (otp[i] == "4"): Tapped on element 'Object Repository/Maya/login again/Spy - 4'

2020-08-06 23:24:41 - [TEST_STEP][PASSED] - delay(1, STOP_ON_FAILURE): Delayed 1 second(s)

2020-08-06 23:24:42 - [MESSAGE][PASSED] - Delayed 1 second(s)

2020-08-06 23:24:42 - [TEST_STEP][PASSED] - tap(findTestObject("Maya/login again/Spy - 4"), 0): Tapped on element 'Object Repository/Maya/login again/Spy - 4'

2020-08-06 23:24:42 - [MESSAGE][WARNING] - Timeout '0' is invalid. Using default page load timeout: '10'

2020-08-06 23:24:43 - [MESSAGE][PASSED] - Tapped on element 'Object Repository/Maya/login again/Spy - 4'

2020-08-06 23:24:43 - [TEST_STEP][PASSED] - if (otp[i] == "5"): null

2020-08-06 23:24:43 - [TEST_STEP][PASSED] - if (otp[i] == "6"): null

2020-08-06 23:24:43 - [TEST_STEP][PASSED] - if (otp[i] == "7"): null

2020-08-06 23:24:43 - [TEST_STEP][PASSED] - if (otp[i] == "8"): null

2020-08-06 23:24:43 - [TEST_STEP][PASSED] - if (otp[i] == "9"): null

2020-08-06 23:24:43 - [TEST_STEP][PASSED] - delay(3, STOP_ON_FAILURE): Delayed 3 second(s)

2020-08-06 23:24:46 - [MESSAGE][PASSED] - Delayed 3 second(s)

2020-08-06 23:24:46 - [TEST_STEP][PASSED] - if (otp[i] == "0"): null

2020-08-06 23:24:46 - [TEST_STEP][PASSED] - if (otp[i] == "1"): null

2020-08-06 23:24:46 - [TEST_STEP][PASSED] - if (otp[i] == "2"): null

2020-08-06 23:24:46 - [TEST_STEP][PASSED] - if (otp[i] == "3"): null

2020-08-06 23:24:46 - [TEST_STEP][PASSED] - if (otp[i] == "4"): null

2020-08-06 23:24:46 - [TEST_STEP][PASSED] - if (otp[i] == "5"): null

2020-08-06 23:24:46 - [TEST_STEP][PASSED] - if (otp[i] == "6"): null

2020-08-06 23:24:46 - [TEST_STEP][PASSED] - if (otp[i] == "7"): null

2020-08-06 23:24:46 - [TEST_STEP][PASSED] - if (otp[i] == "8"): Tapped on element 'Object Repository/Maya/login again/Spy - 8'

2020-08-06 23:24:46 - [TEST_STEP][PASSED] - delay(1, STOP_ON_FAILURE): Delayed 1 second(s)

2020-08-06 23:24:47 - [MESSAGE][PASSED] - Delayed 1 second(s)

2020-08-06 23:24:47 - [TEST_STEP][PASSED] - tap(findTestObject("Maya/login again/Spy - 8"), 0): Tapped on element 'Object Repository/Maya/login again/Spy - 8'

2020-08-06 23:24:48 - [MESSAGE][WARNING] - Timeout '0' is invalid. Using default page load timeout: '10'

2020-08-06 23:24:48 - [MESSAGE][PASSED] - Tapped on element 'Object Repository/Maya/login again/Spy - 8'

2020-08-06 23:24:48 - [TEST_STEP][PASSED] - if (otp[i] == "9"): null

2020-08-06 23:24:48 - [TEST_STEP][PASSED] - delay(3, STOP_ON_FAILURE): Delayed 3 second(s)

2020-08-06 23:24:51 - [MESSAGE][PASSED] - Delayed 3 second(s)

2020-08-06 23:24:51 - [TEST_STEP][PASSED] - if (otp[i] == "0"): null

2020-08-06 23:24:51 - [TEST_STEP][PASSED] - if (otp[i] == "1"): null

2020-08-06 23:24:51 - [TEST_STEP][PASSED] - if (otp[i] == "2"): Tapped on element 'Object Repository/Maya/login again/Spy- 2'

2020-08-06 23:24:51 - [TEST_STEP][PASSED] - delay(1, STOP_ON_FAILURE): Delayed 1 second(s)

2020-08-06 23:24:52 - [MESSAGE][PASSED] - Delayed 1 second(s)

2020-08-06 23:24:52 - [TEST_STEP][PASSED] - tap(findTestObject("Maya/login again/Spy- 2"), 0): Tapped on element 'Object Repository/Maya/login again/Spy- 2'

2020-08-06 23:24:53 - [MESSAGE][WARNING] - Timeout '0' is invalid. Using default page load timeout: '10'

2020-08-06 23:24:57 - [MESSAGE][PASSED] - Tapped on element 'Object Repository/Maya/login again/Spy- 2'

2020-08-06 23:24:57 - [TEST_STEP][PASSED] - if (otp[i] == "3"): null

2020-08-06 23:24:57 - [TEST_STEP][PASSED] - if (otp[i] == "4"): null

2020-08-06 23:24:57 - [TEST_STEP][PASSED] - if (otp[i] == "5"): null

2020-08-06 23:24:57 - [TEST_STEP][PASSED] - if (otp[i] == "6"): null

2020-08-06 23:24:57 - [TEST_STEP][PASSED] - if (otp[i] == "7"): null

2020-08-06 23:24:57 - [TEST_STEP][PASSED] - if (otp[i] == "8"): null

2020-08-06 23:24:57 - [TEST_STEP][PASSED] - if (otp[i] == "9"): null

2020-08-06 23:24:57 - [TEST_STEP][PASSED] - delay(3, STOP_ON_FAILURE): Delayed 3 second(s)

2020-08-06 23:25:00 - [MESSAGE][PASSED] - Delayed 3 second(s)

2020-08-06 23:25:00 - [TEST_STEP][PASSED] - if (otp[i] == "0"): null

2020-08-06 23:25:00 - [TEST_STEP][PASSED] - if (otp[i] == "1"): null

2020-08-06 23:25:00 - [TEST_STEP][PASSED] - if (otp[i] == "2"): null

2020-08-06 23:25:00 - [TEST_STEP][PASSED] - if (otp[i] == "3"): null

2020-08-06 23:25:00 - [TEST_STEP][PASSED] - if (otp[i] == "4"): null

2020-08-06 23:25:00 - [TEST_STEP][PASSED] - if (otp[i] == "5"): Tapped on element 'Object Repository/Maya/login again/Spy- 5'

2020-08-06 23:25:00 - [TEST_STEP][PASSED] - delay(1, STOP_ON_FAILURE): Delayed 1 second(s)

2020-08-06 23:25:01 - [MESSAGE][PASSED] - Delayed 1 second(s)

2020-08-06 23:25:01 - [TEST_STEP][PASSED] - tap(findTestObject("Maya/login again/Spy- 5"), 0): Tapped on element 'Object Repository/Maya/login again/Spy- 5'

2020-08-06 23:25:01 - [MESSAGE][WARNING] - Timeout '0' is invalid. Using default page load timeout: '10'

2020-08-06 23:25:03 - [MESSAGE][PASSED] - Tapped on element 'Object Repository/Maya/login again/Spy- 5'

2020-08-06 23:25:03 - [TEST_STEP][PASSED] - if (otp[i] == "6"): null

2020-08-06 23:25:03 - [TEST_STEP][PASSED] - if (otp[i] == "7"): null

2020-08-06 23:25:03 - [TEST_STEP][PASSED] - if (otp[i] == "8"): null

2020-08-06 23:25:03 - [TEST_STEP][PASSED] - if (otp[i] == "9"): null

2020-08-06 23:25:03 - [TEST_STEP][PASSED] - delay(3, STOP_ON_FAILURE): Delayed 3 second(s)

2020-08-06 23:25:06 - [MESSAGE][PASSED] - Delayed 3 second(s)

2020-08-06 23:25:06 - [TEST_STEP][PASSED] - if (otp[i] == "0"): null

2020-08-06 23:25:06 - [TEST_STEP][PASSED] - if (otp[i] == "1"): null

2020-08-06 23:25:06 - [TEST_STEP][PASSED] - if (otp[i] == "2"): null

2020-08-06 23:25:06 - [TEST_STEP][PASSED] - if (otp[i] == "3"): null

2020-08-06 23:25:06 - [TEST_STEP][PASSED] - if (otp[i] == "4"): null

2020-08-06 23:25:06 - [TEST_STEP][PASSED] - if (otp[i] == "5"): null

2020-08-06 23:25:06 - [TEST_STEP][PASSED] - if (otp[i] == "6"): Tapped on element 'Object Repository/Maya/login again/Spy- 6'

2020-08-06 23:25:06 - [TEST_STEP][PASSED] - delay(1, STOP_ON_FAILURE): Delayed 1 second(s)

2020-08-06 23:25:07 - [MESSAGE][PASSED] - Delayed 1 second(s)

2020-08-06 23:25:07 - [TEST_STEP][PASSED] - tap(findTestObject("Maya/login again/Spy- 6"), 0): Tapped on element 'Object Repository/Maya/login again/Spy- 6'

2020-08-06 23:25:07 - [MESSAGE][WARNING] - Timeout '0' is invalid. Using default page load timeout: '10'

2020-08-06 23:25:09 - [MESSAGE][PASSED] - Tapped on element 'Object Repository/Maya/login again/Spy- 6'

2020-08-06 23:25:09 - [TEST_STEP][PASSED] - if (otp[i] == "7"): null

2020-08-06 23:25:09 - [TEST_STEP][PASSED] - if (otp[i] == "8"): null

2020-08-06 23:25:09 - [TEST_STEP][PASSED] - if (otp[i] == "9"): null

2020-08-06 23:25:09 - [TEST_STEP][PASSED] - delay(8, STOP_ON_FAILURE): Delayed 8 second(s)

2020-08-06 23:25:17 - [MESSAGE][PASSED] - Delayed 8 second(s)

2020-08-06 23:25:17 - [TEST_STEP][PASSED] - tap(findTestObject("Maya/Forgot Pin/android.widget.ImageView0 (7)"), 0): Tapped on element 'Object Repository/Maya/Forgot Pin/android.widget.ImageView0 (7)'

2020-08-06 23:25:17 - [MESSAGE][WARNING] - Timeout '0' is invalid. Using default page load timeout: '10'

2020-08-06 23:25:18 - [MESSAGE][PASSED] - Tapped on element 'Object Repository/Maya/Forgot Pin/android.widget.ImageView0 (7)'

2020-08-06 23:25:18 - [TEST_STEP][PASSED] - verifyElementExist(findTestObject("Maya/RegisterDuitNow/android.widget.TextView0 - DuitNow successfully deregistered."), 0): Element 'Object Repository/Maya/RegisterDuitNow/android.widget.TextView0 - DuitNow successfully deregistered.' is exist

2020-08-06 23:25:19 - [MESSAGE][WARNING] - Timeout '0' is invalid. Using default page load timeout: '10'

2020-08-06 23:25:22 - [MESSAGE][PASSED] - Element 'Object Repository/Maya/RegisterDuitNow/android.widget.TextView0 - DuitNow successfully deregistered.' is exist

2020-08-06 23:25:22 - [TEST_STEP][PASSED] - delay(2, STOP_ON_FAILURE): Delayed 2 second(s)

2020-08-06 23:25:24 - [MESSAGE][PASSED] - Delayed 2 second(s)

2020-08-06 23:25:24 - [TEST_STEP][PASSED] - takeScreenshot("C:\Users\LENOVO\Screenshot\DuitNowProxy\Screen10.png", CONTINUE_ON_FAILURE): Screenshot is taken

2020-08-06 23:25:25 - [MESSAGE][PASSED] - Screenshot is taken
[[ATTACHMENT|C:\\Users\\LENOVO\\Screenshot\\DuitNowProxy\\Screen10.png]]

2020-08-06 23:25:25 - [TEST_STEP][PASSED] - tap(findTestObject("Maya/RegisterDuitNow/android.widget.TextView0 - DuitNow (6)"), 0): Tapped on element 'Object Repository/Maya/RegisterDuitNow/android.widget.TextView0 - DuitNow (6)'

2020-08-06 23:25:25 - [MESSAGE][WARNING] - Timeout '0' is invalid. Using default page load timeout: '10'

2020-08-06 23:25:27 - [MESSAGE][PASSED] - Tapped on element 'Object Repository/Maya/RegisterDuitNow/android.widget.TextView0 - DuitNow (6)'

2020-08-06 23:25:27 - [TEST_STEP][PASSED] - getText(findTestObject("Maya/RegisterDuitNow/android.widget.TextView0 - Select account"), 0): Text of element 'Object Repository/Maya/RegisterDuitNow/android.widget.TextView0 - Select account' is: 'Select account'

2020-08-06 23:25:27 - [MESSAGE][WARNING] - Timeout '0' is invalid. Using default page load timeout: '10'

2020-08-06 23:25:29 - [MESSAGE][PASSED] - Text of element 'Object Repository/Maya/RegisterDuitNow/android.widget.TextView0 - Select account' is: 'Select account'

2020-08-06 23:25:29 - [TEST_STEP][PASSED] - getText(findTestObject("Maya/RegisterDuitNow/android.widget.TextView0 - Not registered"), 0): Text of element 'Object Repository/Maya/RegisterDuitNow/android.widget.TextView0 - Not registered' is: 'Not registered'

2020-08-06 23:25:29 - [MESSAGE][WARNING] - Timeout '0' is invalid. Using default page load timeout: '10'

2020-08-06 23:25:29 - [MESSAGE][PASSED] - Text of element 'Object Repository/Maya/RegisterDuitNow/android.widget.TextView0 - Not registered' is: 'Not registered'

2020-08-06 23:25:29 - [TEST_STEP][PASSED] - delay(2, STOP_ON_FAILURE): Delayed 2 second(s)

2020-08-06 23:25:31 - [MESSAGE][PASSED] - Delayed 2 second(s)

2020-08-06 23:25:31 - [TEST_STEP][PASSED] - takeScreenshot("C:\Users\LENOVO\Screenshot\DuitNowProxy\Screen11.png", CONTINUE_ON_FAILURE): Screenshot is taken

2020-08-06 23:25:33 - [MESSAGE][PASSED] - Screenshot is taken
[[ATTACHMENT|C:\\Users\\LENOVO\\Screenshot\\DuitNowProxy\\Screen11.png]]

2020-08-06 23:25:33 - [TEST_STEP][PASSED] - tap(findTestObject("Maya/RegisterDuitNow/android.widget.TextView0 - Mobile Number (2)"), 0): Tapped on element 'Object Repository/Maya/RegisterDuitNow/android.widget.TextView0 - Mobile Number (2)'

2020-08-06 23:25:33 - [MESSAGE][WARNING] - Timeout '0' is invalid. Using default page load timeout: '10'

2020-08-06 23:25:36 - [MESSAGE][PASSED] - Tapped on element 'Object Repository/Maya/RegisterDuitNow/android.widget.TextView0 - Mobile Number (2)'

2020-08-06 23:25:36 - [TEST_STEP][PASSED] - tap(findTestObject("Maya/RegisterDuitNow/android.view.ViewGroup0"), 0): Tapped on element 'Object Repository/Maya/RegisterDuitNow/android.view.ViewGroup0'

2020-08-06 23:25:36 - [MESSAGE][WARNING] - Timeout '0' is invalid. Using default page load timeout: '10'

2020-08-06 23:25:39 - [MESSAGE][PASSED] - Tapped on element 'Object Repository/Maya/RegisterDuitNow/android.view.ViewGroup0'

2020-08-06 23:25:39 - [TEST_STEP][PASSED] - tap(findTestObject("Maya/RegisterDuitNow/android.widget.TextView0 - Continue (7)"), 0): Tapped on element 'Object Repository/Maya/RegisterDuitNow/android.widget.TextView0 - Continue (7)'

2020-08-06 23:25:39 - [MESSAGE][WARNING] - Timeout '0' is invalid. Using default page load timeout: '10'

2020-08-06 23:25:41 - [MESSAGE][PASSED] - Tapped on element 'Object Repository/Maya/RegisterDuitNow/android.widget.TextView0 - Continue (7)'

2020-08-06 23:25:41 - [TEST_STEP][PASSED] - getText(findTestObject("Maya/RegisterDuitNow/android.widget.TextView0 - Please confirm your DuitNow details (1)"), 0): Text of element 'Object Repository/Maya/RegisterDuitNow/android.widget.TextView0 - Please confirm your DuitNow details (1)' is: 'Please confirm your DuitNow details'

2020-08-06 23:25:41 - [MESSAGE][WARNING] - Timeout '0' is invalid. Using default page load timeout: '10'

2020-08-06 23:25:42 - [MESSAGE][PASSED] - Text of element 'Object Repository/Maya/RegisterDuitNow/android.widget.TextView0 - Please confirm your DuitNow details (1)' is: 'Please confirm your DuitNow details'

2020-08-06 23:25:42 - [TEST_STEP][PASSED] - verifyElementExist(findTestObject("Maya/RegisterDuitNow/android.widget.TextView0 - Please confirm your DuitNow details (1)"), 0): Element 'Object Repository/Maya/RegisterDuitNow/android.widget.TextView0 - Please confirm your DuitNow details (1)' is exist

2020-08-06 23:25:42 - [MESSAGE][WARNING] - Timeout '0' is invalid. Using default page load timeout: '10'

2020-08-06 23:25:42 - [MESSAGE][PASSED] - Element 'Object Repository/Maya/RegisterDuitNow/android.widget.TextView0 - Please confirm your DuitNow details (1)' is exist

2020-08-06 23:25:42 - [TEST_STEP][PASSED] - tap(findTestObject("Maya/RegisterDuitNow/android.widget.TextView0 - Agree and Confirm (1)"), 0): Tapped on element 'Object Repository/Maya/RegisterDuitNow/android.widget.TextView0 - Agree and Confirm (1)'

2020-08-06 23:25:42 - [MESSAGE][WARNING] - Timeout '0' is invalid. Using default page load timeout: '10'

2020-08-06 23:25:44 - [MESSAGE][PASSED] - Tapped on element 'Object Repository/Maya/RegisterDuitNow/android.widget.TextView0 - Agree and Confirm (1)'

2020-08-06 23:25:44 - [TEST_STEP][PASSED] - getText(findTestObject("Maya/RegisterDuitNow/android.widget.TextView0 - Youve successfully linked your account to DuitNow (1)"), 0): Text of element 'Object Repository/Maya/RegisterDuitNow/android.widget.TextView0 - Youve successfully linked your account to DuitNow (1)' is: 'You’ve successfully linked your account to DuitNow'

2020-08-06 23:25:44 - [MESSAGE][WARNING] - Timeout '0' is invalid. Using default page load timeout: '10'

2020-08-06 23:25:45 - [MESSAGE][PASSED] - Text of element 'Object Repository/Maya/RegisterDuitNow/android.widget.TextView0 - Youve successfully linked your account to DuitNow (1)' is: 'You’ve successfully linked your account to DuitNow'

2020-08-06 23:25:45 - [TEST_STEP][PASSED] - verifyElementExist(findTestObject("Maya/RegisterDuitNow/android.widget.TextView0 - Youve successfully linked your account to DuitNow (1)"), 0): Element 'Object Repository/Maya/RegisterDuitNow/android.widget.TextView0 - Youve successfully linked your account to DuitNow (1)' is exist

2020-08-06 23:25:45 - [MESSAGE][WARNING] - Timeout '0' is invalid. Using default page load timeout: '10'

2020-08-06 23:25:45 - [MESSAGE][PASSED] - Element 'Object Repository/Maya/RegisterDuitNow/android.widget.TextView0 - Youve successfully linked your account to DuitNow (1)' is exist

2020-08-06 23:25:45 - [TEST_STEP][PASSED] - delay(2, STOP_ON_FAILURE): Delayed 2 second(s)

2020-08-06 23:25:47 - [MESSAGE][PASSED] - Delayed 2 second(s)

2020-08-06 23:25:47 - [TEST_STEP][PASSED] - takeScreenshot("C:\Users\LENOVO\Screenshot\DuitNowProxy\Screen12.png", CONTINUE_ON_FAILURE): Screenshot is taken

2020-08-06 23:25:48 - [MESSAGE][PASSED] - Screenshot is taken
[[ATTACHMENT|C:\\Users\\LENOVO\\Screenshot\\DuitNowProxy\\Screen12.png]]

2020-08-06 23:25:48 - [TEST_STEP][PASSED] - getText(findTestObject("Maya/RegisterDuitNow/android.widget.TextView0 - Mobile Number (3)"), 0): Text of element 'Object Repository/Maya/RegisterDuitNow/android.widget.TextView0 - Mobile Number (3)' is: 'Mobile Number'

2020-08-06 23:25:49 - [MESSAGE][WARNING] - Timeout '0' is invalid. Using default page load timeout: '10'

2020-08-06 23:25:49 - [MESSAGE][PASSED] - Text of element 'Object Repository/Maya/RegisterDuitNow/android.widget.TextView0 - Mobile Number (3)' is: 'Mobile Number'

2020-08-06 23:25:49 - [TEST_STEP][PASSED] - verifyElementExist(findTestObject("Maya/RegisterDuitNow/android.widget.TextView0 - Mobile Number (3)"), 0): Element 'Object Repository/Maya/RegisterDuitNow/android.widget.TextView0 - Mobile Number (3)' is exist

2020-08-06 23:25:49 - [MESSAGE][WARNING] - Timeout '0' is invalid. Using default page load timeout: '10'

2020-08-06 23:25:50 - [MESSAGE][PASSED] - Element 'Object Repository/Maya/RegisterDuitNow/android.widget.TextView0 - Mobile Number (3)' is exist

2020-08-06 23:25:50 - [TEST_STEP][PASSED] - tap(findTestObject("Maya/RegisterDuitNow/android.widget.TextView0 - Done (10)"), 0): Tapped on element 'Object Repository/Maya/RegisterDuitNow/android.widget.TextView0 - Done (10)'

2020-08-06 23:25:50 - [MESSAGE][WARNING] - Timeout '0' is invalid. Using default page load timeout: '10'

2020-08-06 23:25:52 - [MESSAGE][PASSED] - Tapped on element 'Object Repository/Maya/RegisterDuitNow/android.widget.TextView0 - Done (10)'

2020-08-06 23:25:52 - [TEST_STEP][PASSED] - tap(findTestObject("Maya/RegisterDuitNow/android.widget.TextView0 - DuitNow (6)"), 0): Tapped on element 'Object Repository/Maya/RegisterDuitNow/android.widget.TextView0 - DuitNow (6)'

2020-08-06 23:25:52 - [MESSAGE][WARNING] - Timeout '0' is invalid. Using default page load timeout: '10'

2020-08-06 23:25:54 - [MESSAGE][PASSED] - Tapped on element 'Object Repository/Maya/RegisterDuitNow/android.widget.TextView0 - DuitNow (6)'

2020-08-06 23:25:54 - [TEST_STEP][PASSED] - tap(findTestObject("Maya/RegisterDuitNow/android.widget.TextView0 - Mobile Number"), 0): Tapped on element 'Object Repository/Maya/RegisterDuitNow/android.widget.TextView0 - Mobile Number'

2020-08-06 23:25:54 - [MESSAGE][WARNING] - Timeout '0' is invalid. Using default page load timeout: '10'

2020-08-06 23:25:57 - [MESSAGE][PASSED] - Tapped on element 'Object Repository/Maya/RegisterDuitNow/android.widget.TextView0 - Mobile Number'

2020-08-06 23:25:57 - [TEST_STEP][PASSED] - tap(findTestObject("Maya/RegisterDuitNow/android.widget.TextView0 - Disable Temporarily"), 0): Tapped on element 'Object Repository/Maya/RegisterDuitNow/android.widget.TextView0 - Disable Temporarily'

2020-08-06 23:25:57 - [MESSAGE][WARNING] - Timeout '0' is invalid. Using default page load timeout: '10'

2020-08-06 23:25:58 - [MESSAGE][PASSED] - Tapped on element 'Object Repository/Maya/RegisterDuitNow/android.widget.TextView0 - Disable Temporarily'

2020-08-06 23:25:58 - [TEST_STEP][PASSED] - tap(findTestObject("Maya/RegisterDuitNow/android.widget.TextView0 - Confirm (2)"), 0): Tapped on element 'Object Repository/Maya/RegisterDuitNow/android.widget.TextView0 - Confirm (2)'

2020-08-06 23:25:59 - [MESSAGE][WARNING] - Timeout '0' is invalid. Using default page load timeout: '10'

2020-08-06 23:26:00 - [MESSAGE][PASSED] - Tapped on element 'Object Repository/Maya/RegisterDuitNow/android.widget.TextView0 - Confirm (2)'

2020-08-06 23:26:00 - [TEST_STEP][PASSED] - tap(findTestObject("Maya/RegisterDuitNow/android.widget.TextView0 - Confirm (1)"), 0): Tapped on element 'Object Repository/Maya/RegisterDuitNow/android.widget.TextView0 - Confirm (1)'

2020-08-06 23:26:00 - [MESSAGE][WARNING] - Timeout '0' is invalid. Using default page load timeout: '10'

2020-08-06 23:26:02 - [MESSAGE][PASSED] - Tapped on element 'Object Repository/Maya/RegisterDuitNow/android.widget.TextView0 - Confirm (1)'

2020-08-06 23:26:02 - [TEST_STEP][PASSED] - otpM = getText(findTestObject("Maya/Third Party CA account/android.widget.TextView0 - Your OTP no. is 460943"), 0): Text of element 'Object Repository/Maya/Third Party CA account/android.widget.TextView0 - Your OTP no. is 460943' is: 'Your OTP no. is 717762'

2020-08-06 23:26:02 - [MESSAGE][WARNING] - Timeout '0' is invalid. Using default page load timeout: '10'

2020-08-06 23:26:06 - [MESSAGE][PASSED] - Text of element 'Object Repository/Maya/Third Party CA account/android.widget.TextView0 - Your OTP no. is 460943' is: 'Your OTP no. is 717762'

2020-08-06 23:26:06 - [TEST_STEP][PASSED] - delay(2): Delayed 2 second(s)

2020-08-06 23:26:08 - [MESSAGE][PASSED] - Delayed 2 second(s)

2020-08-06 23:26:08 - [TEST_STEP][PASSED] - for ([i = 16, i <= 21, (i++)]): null

2020-08-06 23:26:08 - [TEST_STEP][PASSED] - delay(3, STOP_ON_FAILURE): Delayed 3 second(s)

2020-08-06 23:26:11 - [MESSAGE][PASSED] - Delayed 3 second(s)

2020-08-06 23:26:11 - [TEST_STEP][PASSED] - if (otpM[i] == "0"): null

2020-08-06 23:26:11 - [TEST_STEP][PASSED] - if (otpM[i] == "1"): null

2020-08-06 23:26:11 - [TEST_STEP][PASSED] - if (otpM[i] == "2"): null

2020-08-06 23:26:11 - [TEST_STEP][PASSED] - if (otpM[i] == "3"): null

2020-08-06 23:26:11 - [TEST_STEP][PASSED] - if (otpM[i] == "4"): null

2020-08-06 23:26:11 - [TEST_STEP][PASSED] - if (otpM[i] == "5"): null

2020-08-06 23:26:11 - [TEST_STEP][PASSED] - if (otpM[i] == "6"): null

2020-08-06 23:26:11 - [TEST_STEP][PASSED] - if (otpM[i] == "7"): Tapped on element 'Object Repository/Maya/login again/Spy - 7'

2020-08-06 23:26:11 - [TEST_STEP][PASSED] - delay(1, STOP_ON_FAILURE): Delayed 1 second(s)

2020-08-06 23:26:12 - [MESSAGE][PASSED] - Delayed 1 second(s)

2020-08-06 23:26:12 - [TEST_STEP][PASSED] - tap(findTestObject("Maya/login again/Spy - 7"), 0): Tapped on element 'Object Repository/Maya/login again/Spy - 7'

2020-08-06 23:26:12 - [MESSAGE][WARNING] - Timeout '0' is invalid. Using default page load timeout: '10'

2020-08-06 23:26:14 - [MESSAGE][PASSED] - Tapped on element 'Object Repository/Maya/login again/Spy - 7'

2020-08-06 23:26:14 - [TEST_STEP][PASSED] - if (otpM[i] == "8"): null

2020-08-06 23:26:14 - [TEST_STEP][PASSED] - if (otpM[i] == "9"): null

2020-08-06 23:26:14 - [TEST_STEP][PASSED] - delay(3, STOP_ON_FAILURE): Delayed 3 second(s)

2020-08-06 23:26:17 - [MESSAGE][PASSED] - Delayed 3 second(s)

2020-08-06 23:26:17 - [TEST_STEP][PASSED] - if (otpM[i] == "0"): null

2020-08-06 23:26:17 - [TEST_STEP][PASSED] - if (otpM[i] == "1"): Tapped on element 'Object Repository/Maya/login again/Spy - 1'

2020-08-06 23:26:17 - [TEST_STEP][PASSED] - delay(1, STOP_ON_FAILURE): Delayed 1 second(s)

2020-08-06 23:26:18 - [MESSAGE][PASSED] - Delayed 1 second(s)

2020-08-06 23:26:18 - [TEST_STEP][PASSED] - tap(findTestObject("Maya/login again/Spy - 1"), 0): Tapped on element 'Object Repository/Maya/login again/Spy - 1'

2020-08-06 23:26:18 - [MESSAGE][WARNING] - Timeout '0' is invalid. Using default page load timeout: '10'

2020-08-06 23:26:21 - [MESSAGE][PASSED] - Tapped on element 'Object Repository/Maya/login again/Spy - 1'

2020-08-06 23:26:21 - [TEST_STEP][PASSED] - if (otpM[i] == "2"): null

2020-08-06 23:26:21 - [TEST_STEP][PASSED] - if (otpM[i] == "3"): null

2020-08-06 23:26:21 - [TEST_STEP][PASSED] - if (otpM[i] == "4"): null

2020-08-06 23:26:21 - [TEST_STEP][PASSED] - if (otpM[i] == "5"): null

2020-08-06 23:26:21 - [TEST_STEP][PASSED] - if (otpM[i] == "6"): null

2020-08-06 23:26:21 - [TEST_STEP][PASSED] - if (otpM[i] == "7"): null

2020-08-06 23:26:21 - [TEST_STEP][PASSED] - if (otpM[i] == "8"): null

2020-08-06 23:26:21 - [TEST_STEP][PASSED] - if (otpM[i] == "9"): null

2020-08-06 23:26:21 - [TEST_STEP][PASSED] - delay(3, STOP_ON_FAILURE): Delayed 3 second(s)

2020-08-06 23:26:24 - [MESSAGE][PASSED] - Delayed 3 second(s)

2020-08-06 23:26:24 - [TEST_STEP][PASSED] - if (otpM[i] == "0"): null

2020-08-06 23:26:24 - [TEST_STEP][PASSED] - if (otpM[i] == "1"): null

2020-08-06 23:26:24 - [TEST_STEP][PASSED] - if (otpM[i] == "2"): null

2020-08-06 23:26:24 - [TEST_STEP][PASSED] - if (otpM[i] == "3"): null

2020-08-06 23:26:24 - [TEST_STEP][PASSED] - if (otpM[i] == "4"): null

2020-08-06 23:26:24 - [TEST_STEP][PASSED] - if (otpM[i] == "5"): null

2020-08-06 23:26:24 - [TEST_STEP][PASSED] - if (otpM[i] == "6"): null

2020-08-06 23:26:24 - [TEST_STEP][PASSED] - if (otpM[i] == "7"): Tapped on element 'Object Repository/Maya/login again/Spy - 7'

2020-08-06 23:26:24 - [TEST_STEP][PASSED] - delay(1, STOP_ON_FAILURE): Delayed 1 second(s)

2020-08-06 23:26:25 - [MESSAGE][PASSED] - Delayed 1 second(s)

2020-08-06 23:26:25 - [TEST_STEP][PASSED] - tap(findTestObject("Maya/login again/Spy - 7"), 0): Tapped on element 'Object Repository/Maya/login again/Spy - 7'

2020-08-06 23:26:25 - [MESSAGE][WARNING] - Timeout '0' is invalid. Using default page load timeout: '10'

2020-08-06 23:26:27 - [MESSAGE][PASSED] - Tapped on element 'Object Repository/Maya/login again/Spy - 7'

2020-08-06 23:26:27 - [TEST_STEP][PASSED] - if (otpM[i] == "8"): null

2020-08-06 23:26:27 - [TEST_STEP][PASSED] - if (otpM[i] == "9"): null

2020-08-06 23:26:27 - [TEST_STEP][PASSED] - delay(3, STOP_ON_FAILURE): Delayed 3 second(s)

2020-08-06 23:26:30 - [MESSAGE][PASSED] - Delayed 3 second(s)

2020-08-06 23:26:30 - [TEST_STEP][PASSED] - if (otpM[i] == "0"): null

2020-08-06 23:26:30 - [TEST_STEP][PASSED] - if (otpM[i] == "1"): null

2020-08-06 23:26:30 - [TEST_STEP][PASSED] - if (otpM[i] == "2"): null

2020-08-06 23:26:30 - [TEST_STEP][PASSED] - if (otpM[i] == "3"): null

2020-08-06 23:26:30 - [TEST_STEP][PASSED] - if (otpM[i] == "4"): null

2020-08-06 23:26:30 - [TEST_STEP][PASSED] - if (otpM[i] == "5"): null

2020-08-06 23:26:30 - [TEST_STEP][PASSED] - if (otpM[i] == "6"): null

2020-08-06 23:26:30 - [TEST_STEP][PASSED] - if (otpM[i] == "7"): Tapped on element 'Object Repository/Maya/login again/Spy - 7'

2020-08-06 23:26:30 - [TEST_STEP][PASSED] - delay(1, STOP_ON_FAILURE): Delayed 1 second(s)

2020-08-06 23:26:31 - [MESSAGE][PASSED] - Delayed 1 second(s)

2020-08-06 23:26:31 - [TEST_STEP][PASSED] - tap(findTestObject("Maya/login again/Spy - 7"), 0): Tapped on element 'Object Repository/Maya/login again/Spy - 7'

2020-08-06 23:26:31 - [MESSAGE][WARNING] - Timeout '0' is invalid. Using default page load timeout: '10'

2020-08-06 23:26:33 - [MESSAGE][PASSED] - Tapped on element 'Object Repository/Maya/login again/Spy - 7'

2020-08-06 23:26:33 - [TEST_STEP][PASSED] - if (otpM[i] == "8"): null

2020-08-06 23:26:33 - [TEST_STEP][PASSED] - if (otpM[i] == "9"): null

2020-08-06 23:26:33 - [TEST_STEP][PASSED] - delay(3, STOP_ON_FAILURE): Delayed 3 second(s)

2020-08-06 23:26:36 - [MESSAGE][PASSED] - Delayed 3 second(s)

2020-08-06 23:26:36 - [TEST_STEP][PASSED] - if (otpM[i] == "0"): null

2020-08-06 23:26:36 - [TEST_STEP][PASSED] - if (otpM[i] == "1"): null

2020-08-06 23:26:36 - [TEST_STEP][PASSED] - if (otpM[i] == "2"): null

2020-08-06 23:26:36 - [TEST_STEP][PASSED] - if (otpM[i] == "3"): null

2020-08-06 23:26:36 - [TEST_STEP][PASSED] - if (otpM[i] == "4"): null

2020-08-06 23:26:36 - [TEST_STEP][PASSED] - if (otpM[i] == "5"): null

2020-08-06 23:26:36 - [TEST_STEP][PASSED] - if (otpM[i] == "6"): Tapped on element 'Object Repository/Maya/login again/Spy- 6'

2020-08-06 23:26:36 - [TEST_STEP][PASSED] - delay(1, STOP_ON_FAILURE): Delayed 1 second(s)

2020-08-06 23:26:37 - [MESSAGE][PASSED] - Delayed 1 second(s)

2020-08-06 23:26:37 - [TEST_STEP][PASSED] - tap(findTestObject("Maya/login again/Spy- 6"), 0): Tapped on element 'Object Repository/Maya/login again/Spy- 6'

2020-08-06 23:26:37 - [MESSAGE][WARNING] - Timeout '0' is invalid. Using default page load timeout: '10'

2020-08-06 23:26:38 - [MESSAGE][PASSED] - Tapped on element 'Object Repository/Maya/login again/Spy- 6'

2020-08-06 23:26:38 - [TEST_STEP][PASSED] - if (otpM[i] == "7"): null

2020-08-06 23:26:38 - [TEST_STEP][PASSED] - if (otpM[i] == "8"): null

2020-08-06 23:26:38 - [TEST_STEP][PASSED] - if (otpM[i] == "9"): null

2020-08-06 23:26:38 - [TEST_STEP][PASSED] - delay(3, STOP_ON_FAILURE): Delayed 3 second(s)

2020-08-06 23:26:41 - [MESSAGE][PASSED] - Delayed 3 second(s)

2020-08-06 23:26:41 - [TEST_STEP][PASSED] - if (otpM[i] == "0"): null

2020-08-06 23:26:41 - [TEST_STEP][PASSED] - if (otpM[i] == "1"): null

2020-08-06 23:26:41 - [TEST_STEP][PASSED] - if (otpM[i] == "2"): Tapped on element 'Object Repository/Maya/login again/Spy- 2'

2020-08-06 23:26:41 - [TEST_STEP][PASSED] - delay(1, STOP_ON_FAILURE): Delayed 1 second(s)

2020-08-06 23:26:42 - [MESSAGE][PASSED] - Delayed 1 second(s)

2020-08-06 23:26:42 - [TEST_STEP][PASSED] - tap(findTestObject("Maya/login again/Spy- 2"), 0): Tapped on element 'Object Repository/Maya/login again/Spy- 2'

2020-08-06 23:26:42 - [MESSAGE][WARNING] - Timeout '0' is invalid. Using default page load timeout: '10'

2020-08-06 23:26:44 - [MESSAGE][PASSED] - Tapped on element 'Object Repository/Maya/login again/Spy- 2'

2020-08-06 23:26:44 - [TEST_STEP][PASSED] - if (otpM[i] == "3"): null

2020-08-06 23:26:44 - [TEST_STEP][PASSED] - if (otpM[i] == "4"): null

2020-08-06 23:26:44 - [TEST_STEP][PASSED] - if (otpM[i] == "5"): null

2020-08-06 23:26:44 - [TEST_STEP][PASSED] - if (otpM[i] == "6"): null

2020-08-06 23:26:44 - [TEST_STEP][PASSED] - if (otpM[i] == "7"): null

2020-08-06 23:26:44 - [TEST_STEP][PASSED] - if (otpM[i] == "8"): null

2020-08-06 23:26:44 - [TEST_STEP][PASSED] - if (otpM[i] == "9"): null

2020-08-06 23:26:44 - [TEST_STEP][PASSED] - delay(8, STOP_ON_FAILURE): Delayed 8 second(s)

2020-08-06 23:26:52 - [MESSAGE][PASSED] - Delayed 8 second(s)

2020-08-06 23:26:52 - [TEST_STEP][PASSED] - tap(findTestObject("Maya/Forgot Pin/android.widget.ImageView0 (7)"), 0): Tapped on element 'Object Repository/Maya/Forgot Pin/android.widget.ImageView0 (7)'

2020-08-06 23:26:52 - [MESSAGE][WARNING] - Timeout '0' is invalid. Using default page load timeout: '10'

2020-08-06 23:26:54 - [MESSAGE][PASSED] - Tapped on element 'Object Repository/Maya/Forgot Pin/android.widget.ImageView0 (7)'

2020-08-06 23:26:54 - [TEST_STEP][PASSED] - verifyElementExist(findTestObject("Maya/RegisterDuitNow/android.widget.TextView0 - DuitNow successfully disabled."), 0): Element 'Object Repository/Maya/RegisterDuitNow/android.widget.TextView0 - DuitNow successfully disabled.' is exist

2020-08-06 23:26:54 - [MESSAGE][WARNING] - Timeout '0' is invalid. Using default page load timeout: '10'

2020-08-06 23:26:58 - [MESSAGE][PASSED] - Element 'Object Repository/Maya/RegisterDuitNow/android.widget.TextView0 - DuitNow successfully disabled.' is exist

2020-08-06 23:26:58 - [TEST_STEP][PASSED] - tap(findTestObject("Maya/RegisterDuitNow/android.widget.TextView0 - DuitNow (6)"), 0): Tapped on element 'Object Repository/Maya/RegisterDuitNow/android.widget.TextView0 - DuitNow (6)'

2020-08-06 23:26:58 - [MESSAGE][WARNING] - Timeout '0' is invalid. Using default page load timeout: '10'

2020-08-06 23:27:00 - [MESSAGE][PASSED] - Tapped on element 'Object Repository/Maya/RegisterDuitNow/android.widget.TextView0 - DuitNow (6)'

2020-08-06 23:27:00 - [TEST_STEP][PASSED] - getText(findTestObject("Maya/RegisterDuitNow/android.widget.TextView0 - Link your Maybank account to an ID for DuitNow (1)"), 0): Text of element 'Object Repository/Maya/RegisterDuitNow/android.widget.TextView0 - Link your Maybank account to an ID for DuitNow (1)' is: 'Link your Maybank account to an ID for DuitNow'

2020-08-06 23:27:00 - [MESSAGE][WARNING] - Timeout '0' is invalid. Using default page load timeout: '10'

2020-08-06 23:27:01 - [MESSAGE][PASSED] - Text of element 'Object Repository/Maya/RegisterDuitNow/android.widget.TextView0 - Link your Maybank account to an ID for DuitNow (1)' is: 'Link your Maybank account to an ID for DuitNow'

2020-08-06 23:27:01 - [TEST_STEP][PASSED] - verifyElementExist(findTestObject("Maya/RegisterDuitNow/android.widget.TextView0 - Link your Maybank account to an ID for DuitNow (1)"), 0): Element 'Object Repository/Maya/RegisterDuitNow/android.widget.TextView0 - Link your Maybank account to an ID for DuitNow (1)' is exist

2020-08-06 23:27:01 - [MESSAGE][WARNING] - Timeout '0' is invalid. Using default page load timeout: '10'

2020-08-06 23:27:03 - [MESSAGE][PASSED] - Element 'Object Repository/Maya/RegisterDuitNow/android.widget.TextView0 - Link your Maybank account to an ID for DuitNow (1)' is exist

2020-08-06 23:27:03 - [TEST_STEP][PASSED] - delay(2, STOP_ON_FAILURE): Delayed 2 second(s)

2020-08-06 23:27:05 - [MESSAGE][PASSED] - Delayed 2 second(s)

2020-08-06 23:27:05 - [TEST_STEP][PASSED] - takeScreenshot("C:\Users\LENOVO\Screenshot\DuitNowProxy\Screen13.png", CONTINUE_ON_FAILURE): Screenshot is taken

2020-08-06 23:27:06 - [MESSAGE][PASSED] - Screenshot is taken
[[ATTACHMENT|C:\\Users\\LENOVO\\Screenshot\\DuitNowProxy\\Screen13.png]]

2020-08-06 23:27:06 - [TEST_STEP][PASSED] - getText(findTestObject("Maya/RegisterDuitNow/android.widget.TextView0 - Mobile Number"), 0): Text of element 'Object Repository/Maya/RegisterDuitNow/android.widget.TextView0 - Mobile Number' is: 'Mobile Number'

2020-08-06 23:27:06 - [MESSAGE][WARNING] - Timeout '0' is invalid. Using default page load timeout: '10'

2020-08-06 23:27:09 - [MESSAGE][PASSED] - Text of element 'Object Repository/Maya/RegisterDuitNow/android.widget.TextView0 - Mobile Number' is: 'Mobile Number'

2020-08-06 23:27:09 - [TEST_STEP][PASSED] - verifyElementExist(findTestObject("Maya/RegisterDuitNow/android.widget.TextView0 - Mobile Number"), 0): Element 'Object Repository/Maya/RegisterDuitNow/android.widget.TextView0 - Mobile Number' is exist

2020-08-06 23:27:09 - [MESSAGE][WARNING] - Timeout '0' is invalid. Using default page load timeout: '10'

2020-08-06 23:27:09 - [MESSAGE][PASSED] - Element 'Object Repository/Maya/RegisterDuitNow/android.widget.TextView0 - Mobile Number' is exist

2020-08-06 23:27:09 - [TEST_STEP][PASSED] - tap(findTestObject("Maya/RegisterDuitNow/android.widget.TextView0 - Mobile Number"), 0): Tapped on element 'Object Repository/Maya/RegisterDuitNow/android.widget.TextView0 - Mobile Number'

2020-08-06 23:27:09 - [MESSAGE][WARNING] - Timeout '0' is invalid. Using default page load timeout: '10'

2020-08-06 23:27:11 - [MESSAGE][PASSED] - Tapped on element 'Object Repository/Maya/RegisterDuitNow/android.widget.TextView0 - Mobile Number'

2020-08-06 23:27:11 - [TEST_STEP][PASSED] - getText(findTestObject("Maya/RegisterDuitNow/android.widget.TextView0 - INACTIVE"), 0): Text of element 'Object Repository/Maya/RegisterDuitNow/android.widget.TextView0 - INACTIVE' is: 'INACTIVE'

2020-08-06 23:27:11 - [MESSAGE][WARNING] - Timeout '0' is invalid. Using default page load timeout: '10'

2020-08-06 23:27:11 - [MESSAGE][PASSED] - Text of element 'Object Repository/Maya/RegisterDuitNow/android.widget.TextView0 - INACTIVE' is: 'INACTIVE'

2020-08-06 23:27:11 - [TEST_STEP][PASSED] - verifyElementExist(findTestObject("Maya/RegisterDuitNow/android.widget.TextView0 - INACTIVE"), 0): Element 'Object Repository/Maya/RegisterDuitNow/android.widget.TextView0 - INACTIVE' is exist

2020-08-06 23:27:11 - [MESSAGE][WARNING] - Timeout '0' is invalid. Using default page load timeout: '10'

2020-08-06 23:27:11 - [MESSAGE][PASSED] - Element 'Object Repository/Maya/RegisterDuitNow/android.widget.TextView0 - INACTIVE' is exist

2020-08-06 23:27:11 - [TEST_STEP][PASSED] - tap(findTestObject("Maya/RegisterDuitNow/android.widget.TextView0 - Enable"), 0): Tapped on element 'Object Repository/Maya/RegisterDuitNow/android.widget.TextView0 - Enable'

2020-08-06 23:27:11 - [MESSAGE][WARNING] - Timeout '0' is invalid. Using default page load timeout: '10'

2020-08-06 23:27:13 - [MESSAGE][PASSED] - Tapped on element 'Object Repository/Maya/RegisterDuitNow/android.widget.TextView0 - Enable'

2020-08-06 23:27:13 - [TEST_STEP][PASSED] - tap(findTestObject("Maya/RegisterDuitNow/android.widget.TextView0 - Confirm (1)"), 0): Tapped on element 'Object Repository/Maya/RegisterDuitNow/android.widget.TextView0 - Confirm (1)'

2020-08-06 23:27:13 - [MESSAGE][WARNING] - Timeout '0' is invalid. Using default page load timeout: '10'

2020-08-06 23:27:14 - [MESSAGE][PASSED] - Tapped on element 'Object Repository/Maya/RegisterDuitNow/android.widget.TextView0 - Confirm (1)'

2020-08-06 23:27:14 - [TEST_STEP][PASSED] - otpMi = getText(findTestObject("Maya/Third Party CA account/android.widget.TextView0 - Your OTP no. is 460943"), 0): Text of element 'Object Repository/Maya/Third Party CA account/android.widget.TextView0 - Your OTP no. is 460943' is: 'Your OTP no. is 833670'

2020-08-06 23:27:14 - [MESSAGE][WARNING] - Timeout '0' is invalid. Using default page load timeout: '10'

2020-08-06 23:27:18 - [MESSAGE][PASSED] - Text of element 'Object Repository/Maya/Third Party CA account/android.widget.TextView0 - Your OTP no. is 460943' is: 'Your OTP no. is 833670'

2020-08-06 23:27:18 - [TEST_STEP][PASSED] - delay(2): Delayed 2 second(s)

2020-08-06 23:27:20 - [MESSAGE][PASSED] - Delayed 2 second(s)

2020-08-06 23:27:20 - [TEST_STEP][PASSED] - for ([i = 16, i <= 21, (i++)]): null

2020-08-06 23:27:20 - [TEST_STEP][PASSED] - delay(3, STOP_ON_FAILURE): Delayed 3 second(s)

2020-08-06 23:27:23 - [MESSAGE][PASSED] - Delayed 3 second(s)

2020-08-06 23:27:23 - [TEST_STEP][PASSED] - if (otpMi[i] == "0"): null

2020-08-06 23:27:23 - [TEST_STEP][PASSED] - if (otpMi[i] == "1"): null

2020-08-06 23:27:23 - [TEST_STEP][PASSED] - if (otpMi[i] == "2"): null

2020-08-06 23:27:23 - [TEST_STEP][PASSED] - if (otpMi[i] == "3"): null

2020-08-06 23:27:23 - [TEST_STEP][PASSED] - if (otpMi[i] == "4"): null

2020-08-06 23:27:23 - [TEST_STEP][PASSED] - if (otpMi[i] == "5"): null

2020-08-06 23:27:23 - [TEST_STEP][PASSED] - if (otpMi[i] == "6"): null

2020-08-06 23:27:23 - [TEST_STEP][PASSED] - if (otpMi[i] == "7"): null

2020-08-06 23:27:23 - [TEST_STEP][PASSED] - if (otpMi[i] == "8"): Tapped on element 'Object Repository/Maya/login again/Spy - 8'

2020-08-06 23:27:23 - [TEST_STEP][PASSED] - delay(1, STOP_ON_FAILURE): Delayed 1 second(s)

2020-08-06 23:27:24 - [MESSAGE][PASSED] - Delayed 1 second(s)

2020-08-06 23:27:24 - [TEST_STEP][PASSED] - tap(findTestObject("Maya/login again/Spy - 8"), 0): Tapped on element 'Object Repository/Maya/login again/Spy - 8'

2020-08-06 23:27:24 - [MESSAGE][WARNING] - Timeout '0' is invalid. Using default page load timeout: '10'

2020-08-06 23:27:27 - [MESSAGE][PASSED] - Tapped on element 'Object Repository/Maya/login again/Spy - 8'

2020-08-06 23:27:27 - [TEST_STEP][PASSED] - if (otpMi[i] == "9"): null

2020-08-06 23:27:27 - [TEST_STEP][PASSED] - delay(3, STOP_ON_FAILURE): Delayed 3 second(s)

2020-08-06 23:27:30 - [MESSAGE][PASSED] - Delayed 3 second(s)

2020-08-06 23:27:30 - [TEST_STEP][PASSED] - if (otpMi[i] == "0"): null

2020-08-06 23:27:30 - [TEST_STEP][PASSED] - if (otpMi[i] == "1"): null

2020-08-06 23:27:30 - [TEST_STEP][PASSED] - if (otpMi[i] == "2"): null

2020-08-06 23:27:30 - [TEST_STEP][PASSED] - if (otpMi[i] == "3"): Tapped on element 'Object Repository/Maya/login again/Spy- 3'

2020-08-06 23:27:30 - [TEST_STEP][PASSED] - delay(1, STOP_ON_FAILURE): Delayed 1 second(s)

2020-08-06 23:27:31 - [MESSAGE][PASSED] - Delayed 1 second(s)

2020-08-06 23:27:31 - [TEST_STEP][NOT_RUN] - tap(findTestObject("MAYA SIT v118/spy/TAC - keypad 3"), 0): NOT_RUN: tap(findTestObject("MAYA SIT v118/spy/TAC - keypad 3"), 0)

2020-08-06 23:27:31 - [MESSAGE][NOT_RUN] - NOT_RUN: tap(findTestObject("MAYA SIT v118/spy/TAC - keypad 3"), 0)

2020-08-06 23:27:31 - [TEST_STEP][PASSED] - tap(findTestObject("Maya/login again/Spy- 3"), 0): Tapped on element 'Object Repository/Maya/login again/Spy- 3'

2020-08-06 23:27:31 - [MESSAGE][WARNING] - Timeout '0' is invalid. Using default page load timeout: '10'

2020-08-06 23:27:33 - [MESSAGE][PASSED] - Tapped on element 'Object Repository/Maya/login again/Spy- 3'

2020-08-06 23:27:33 - [TEST_STEP][PASSED] - if (otpMi[i] == "4"): null

2020-08-06 23:27:33 - [TEST_STEP][PASSED] - if (otpMi[i] == "5"): null

2020-08-06 23:27:33 - [TEST_STEP][PASSED] - if (otpMi[i] == "6"): null

2020-08-06 23:27:33 - [TEST_STEP][PASSED] - if (otpMi[i] == "7"): null

2020-08-06 23:27:33 - [TEST_STEP][PASSED] - if (otpMi[i] == "8"): null

2020-08-06 23:27:33 - [TEST_STEP][PASSED] - if (otpMi[i] == "9"): null

2020-08-06 23:27:33 - [TEST_STEP][PASSED] - delay(3, STOP_ON_FAILURE): Delayed 3 second(s)

2020-08-06 23:27:36 - [MESSAGE][PASSED] - Delayed 3 second(s)

2020-08-06 23:27:36 - [TEST_STEP][PASSED] - if (otpMi[i] == "0"): null

2020-08-06 23:27:36 - [TEST_STEP][PASSED] - if (otpMi[i] == "1"): null

2020-08-06 23:27:36 - [TEST_STEP][PASSED] - if (otpMi[i] == "2"): null

2020-08-06 23:27:36 - [TEST_STEP][PASSED] - if (otpMi[i] == "3"): Tapped on element 'Object Repository/Maya/login again/Spy- 3'

2020-08-06 23:27:36 - [TEST_STEP][PASSED] - delay(1, STOP_ON_FAILURE): Delayed 1 second(s)

2020-08-06 23:27:37 - [MESSAGE][PASSED] - Delayed 1 second(s)

2020-08-06 23:27:37 - [TEST_STEP][NOT_RUN] - tap(findTestObject("MAYA SIT v118/spy/TAC - keypad 3"), 0): NOT_RUN: tap(findTestObject("MAYA SIT v118/spy/TAC - keypad 3"), 0)

2020-08-06 23:27:37 - [MESSAGE][NOT_RUN] - NOT_RUN: tap(findTestObject("MAYA SIT v118/spy/TAC - keypad 3"), 0)

2020-08-06 23:27:37 - [TEST_STEP][PASSED] - tap(findTestObject("Maya/login again/Spy- 3"), 0): Tapped on element 'Object Repository/Maya/login again/Spy- 3'

2020-08-06 23:27:37 - [MESSAGE][WARNING] - Timeout '0' is invalid. Using default page load timeout: '10'

2020-08-06 23:27:38 - [MESSAGE][PASSED] - Tapped on element 'Object Repository/Maya/login again/Spy- 3'

2020-08-06 23:27:38 - [TEST_STEP][PASSED] - if (otpMi[i] == "4"): null

2020-08-06 23:27:38 - [TEST_STEP][PASSED] - if (otpMi[i] == "5"): null

2020-08-06 23:27:38 - [TEST_STEP][PASSED] - if (otpMi[i] == "6"): null

2020-08-06 23:27:38 - [TEST_STEP][PASSED] - if (otpMi[i] == "7"): null

2020-08-06 23:27:38 - [TEST_STEP][PASSED] - if (otpMi[i] == "8"): null

2020-08-06 23:27:38 - [TEST_STEP][PASSED] - if (otpMi[i] == "9"): null

2020-08-06 23:27:38 - [TEST_STEP][PASSED] - delay(3, STOP_ON_FAILURE): Delayed 3 second(s)

2020-08-06 23:27:41 - [MESSAGE][PASSED] - Delayed 3 second(s)

2020-08-06 23:27:41 - [TEST_STEP][PASSED] - if (otpMi[i] == "0"): null

2020-08-06 23:27:41 - [TEST_STEP][PASSED] - if (otpMi[i] == "1"): null

2020-08-06 23:27:41 - [TEST_STEP][PASSED] - if (otpMi[i] == "2"): null

2020-08-06 23:27:41 - [TEST_STEP][PASSED] - if (otpMi[i] == "3"): null

2020-08-06 23:27:41 - [TEST_STEP][PASSED] - if (otpMi[i] == "4"): null

2020-08-06 23:27:41 - [TEST_STEP][PASSED] - if (otpMi[i] == "5"): null

2020-08-06 23:27:41 - [TEST_STEP][PASSED] - if (otpMi[i] == "6"): Tapped on element 'Object Repository/Maya/login again/Spy- 6'

2020-08-06 23:27:41 - [TEST_STEP][PASSED] - delay(1, STOP_ON_FAILURE): Delayed 1 second(s)

2020-08-06 23:27:42 - [MESSAGE][PASSED] - Delayed 1 second(s)

2020-08-06 23:27:42 - [TEST_STEP][PASSED] - tap(findTestObject("Maya/login again/Spy- 6"), 0): Tapped on element 'Object Repository/Maya/login again/Spy- 6'

2020-08-06 23:27:42 - [MESSAGE][WARNING] - Timeout '0' is invalid. Using default page load timeout: '10'

2020-08-06 23:27:43 - [MESSAGE][PASSED] - Tapped on element 'Object Repository/Maya/login again/Spy- 6'

2020-08-06 23:27:43 - [TEST_STEP][PASSED] - if (otpMi[i] == "7"): null

2020-08-06 23:27:43 - [TEST_STEP][PASSED] - if (otpMi[i] == "8"): null

2020-08-06 23:27:43 - [TEST_STEP][PASSED] - if (otpMi[i] == "9"): null

2020-08-06 23:27:43 - [TEST_STEP][PASSED] - delay(3, STOP_ON_FAILURE): Delayed 3 second(s)

2020-08-06 23:27:46 - [MESSAGE][PASSED] - Delayed 3 second(s)

2020-08-06 23:27:46 - [TEST_STEP][PASSED] - if (otpMi[i] == "0"): null

2020-08-06 23:27:46 - [TEST_STEP][PASSED] - if (otpMi[i] == "1"): null

2020-08-06 23:27:46 - [TEST_STEP][PASSED] - if (otpMi[i] == "2"): null

2020-08-06 23:27:46 - [TEST_STEP][PASSED] - if (otpMi[i] == "3"): null

2020-08-06 23:27:46 - [TEST_STEP][PASSED] - if (otpMi[i] == "4"): null

2020-08-06 23:27:46 - [TEST_STEP][PASSED] - if (otpMi[i] == "5"): null

2020-08-06 23:27:46 - [TEST_STEP][PASSED] - if (otpMi[i] == "6"): null

2020-08-06 23:27:46 - [TEST_STEP][PASSED] - if (otpMi[i] == "7"): Tapped on element 'Object Repository/Maya/login again/Spy - 7'

2020-08-06 23:27:46 - [TEST_STEP][PASSED] - delay(1, STOP_ON_FAILURE): Delayed 1 second(s)

2020-08-06 23:27:47 - [MESSAGE][PASSED] - Delayed 1 second(s)

2020-08-06 23:27:47 - [TEST_STEP][PASSED] - tap(findTestObject("Maya/login again/Spy - 7"), 0): Tapped on element 'Object Repository/Maya/login again/Spy - 7'

2020-08-06 23:27:48 - [MESSAGE][WARNING] - Timeout '0' is invalid. Using default page load timeout: '10'

2020-08-06 23:27:50 - [MESSAGE][PASSED] - Tapped on element 'Object Repository/Maya/login again/Spy - 7'

2020-08-06 23:27:50 - [TEST_STEP][PASSED] - if (otpMi[i] == "8"): null

2020-08-06 23:27:50 - [TEST_STEP][PASSED] - if (otpMi[i] == "9"): null

2020-08-06 23:27:50 - [TEST_STEP][PASSED] - delay(3, STOP_ON_FAILURE): Delayed 3 second(s)

2020-08-06 23:27:53 - [MESSAGE][PASSED] - Delayed 3 second(s)

2020-08-06 23:27:53 - [TEST_STEP][PASSED] - if (otpMi[i] == "0"): Tapped on element 'Object Repository/Maya/login again/Spy-0'

2020-08-06 23:27:53 - [TEST_STEP][PASSED] - delay(1, STOP_ON_FAILURE): Delayed 1 second(s)

2020-08-06 23:27:54 - [MESSAGE][PASSED] - Delayed 1 second(s)

2020-08-06 23:27:54 - [TEST_STEP][PASSED] - tap(findTestObject("Maya/login again/Spy-0"), 0): Tapped on element 'Object Repository/Maya/login again/Spy-0'

2020-08-06 23:27:54 - [MESSAGE][WARNING] - Timeout '0' is invalid. Using default page load timeout: '10'

2020-08-06 23:27:56 - [MESSAGE][PASSED] - Tapped on element 'Object Repository/Maya/login again/Spy-0'

2020-08-06 23:27:56 - [TEST_STEP][PASSED] - if (otpMi[i] == "1"): null

2020-08-06 23:27:56 - [TEST_STEP][PASSED] - if (otpMi[i] == "2"): null

2020-08-06 23:27:56 - [TEST_STEP][PASSED] - if (otpMi[i] == "3"): null

2020-08-06 23:27:56 - [TEST_STEP][PASSED] - if (otpMi[i] == "4"): null

2020-08-06 23:27:56 - [TEST_STEP][PASSED] - if (otpMi[i] == "5"): null

2020-08-06 23:27:56 - [TEST_STEP][PASSED] - if (otpMi[i] == "6"): null

2020-08-06 23:27:56 - [TEST_STEP][PASSED] - if (otpMi[i] == "7"): null

2020-08-06 23:27:56 - [TEST_STEP][PASSED] - if (otpMi[i] == "8"): null

2020-08-06 23:27:56 - [TEST_STEP][PASSED] - if (otpMi[i] == "9"): null

2020-08-06 23:27:56 - [TEST_STEP][PASSED] - delay(8, STOP_ON_FAILURE): Delayed 8 second(s)

2020-08-06 23:28:04 - [MESSAGE][PASSED] - Delayed 8 second(s)

2020-08-06 23:28:04 - [TEST_STEP][PASSED] - tap(findTestObject("Maya/Forgot Pin/android.widget.ImageView0 (7)"), 0): Tapped on element 'Object Repository/Maya/Forgot Pin/android.widget.ImageView0 (7)'

2020-08-06 23:28:04 - [MESSAGE][WARNING] - Timeout '0' is invalid. Using default page load timeout: '10'

2020-08-06 23:28:06 - [MESSAGE][PASSED] - Tapped on element 'Object Repository/Maya/Forgot Pin/android.widget.ImageView0 (7)'

2020-08-06 23:28:06 - [TEST_STEP][PASSED] - verifyElementExist(findTestObject("Maya/RegisterDuitNow/android.widget.TextView0 - DuitNow successfully enabled."), 0): Element 'Object Repository/Maya/RegisterDuitNow/android.widget.TextView0 - DuitNow successfully enabled.' is exist

2020-08-06 23:28:06 - [MESSAGE][WARNING] - Timeout '0' is invalid. Using default page load timeout: '10'

2020-08-06 23:28:09 - [MESSAGE][PASSED] - Element 'Object Repository/Maya/RegisterDuitNow/android.widget.TextView0 - DuitNow successfully enabled.' is exist

2020-08-06 23:28:09 - [TEST_STEP][PASSED] - delay(2, STOP_ON_FAILURE): Delayed 2 second(s)

2020-08-06 23:28:11 - [MESSAGE][PASSED] - Delayed 2 second(s)

2020-08-06 23:28:11 - [TEST_STEP][PASSED] - takeScreenshot("C:\Users\LENOVO\Screenshot\DuitNowProxy\Screen14.png", CONTINUE_ON_FAILURE): Screenshot is taken

2020-08-06 23:28:12 - [MESSAGE][PASSED] - Screenshot is taken
[[ATTACHMENT|C:\\Users\\LENOVO\\Screenshot\\DuitNowProxy\\Screen14.png]]

2020-08-06 23:28:12 - [TEST_STEP][PASSED] - tap(findTestObject("Maya/Mobile proxy/android.widget.TextView0 - More (1)"), 0): Tapped on element 'Object Repository/Maya/Mobile proxy/android.widget.TextView0 - More (1)'

2020-08-06 23:28:12 - [MESSAGE][WARNING] - Timeout '0' is invalid. Using default page load timeout: '10'

2020-08-06 23:28:25 - [MESSAGE][PASSED] - Tapped on element 'Object Repository/Maya/Mobile proxy/android.widget.TextView0 - More (1)'

2020-08-06 23:28:25 - [TEST_STEP][PASSED] - tap(findTestObject("Maya/Mobile proxy/android.widget.TextView0 - Notifications"), 0): Tapped on element 'Object Repository/Maya/Mobile proxy/android.widget.TextView0 - Notifications'

2020-08-06 23:28:25 - [MESSAGE][WARNING] - Timeout '0' is invalid. Using default page load timeout: '10'

2020-08-06 23:28:26 - [MESSAGE][PASSED] - Tapped on element 'Object Repository/Maya/Mobile proxy/android.widget.TextView0 - Notifications'

2020-08-06 23:28:26 - [TEST_STEP][PASSED] - tap(findTestObject("Maya/Third Party CA account/android.widget.TextView0 - Got It"), 0): Tapped on element 'Object Repository/Maya/Third Party CA account/android.widget.TextView0 - Got It'

2020-08-06 23:28:26 - [MESSAGE][WARNING] - Timeout '0' is invalid. Using default page load timeout: '10'

2020-08-06 23:28:28 - [MESSAGE][PASSED] - Tapped on element 'Object Repository/Maya/Third Party CA account/android.widget.TextView0 - Got It'

2020-08-06 23:28:28 - [TEST_STEP][PASSED] - getText(findTestObject("Maya/Mobile proxy/android.widget.TextView0 - Today"), 0): Text of element 'Object Repository/Maya/Mobile proxy/android.widget.TextView0 - Today' is: 'Today'

2020-08-06 23:28:28 - [MESSAGE][WARNING] - Timeout '0' is invalid. Using default page load timeout: '10'

2020-08-06 23:28:29 - [MESSAGE][PASSED] - Text of element 'Object Repository/Maya/Mobile proxy/android.widget.TextView0 - Today' is: 'Today'

2020-08-06 23:28:29 - [TEST_STEP][PASSED] - verifyElementVisible(findTestObject("Maya/Mobile proxy/android.widget.TextView0 - Today"), 0): Element 'Object Repository/Maya/Mobile proxy/android.widget.TextView0 - Today' is visible

2020-08-06 23:28:29 - [MESSAGE][WARNING] - Timeout '0' is invalid. Using default page load timeout: '10'

2020-08-06 23:28:29 - [MESSAGE][PASSED] - Element 'Object Repository/Maya/Mobile proxy/android.widget.TextView0 - Today' is visible

2020-08-06 23:28:29 - [TEST_STEP][PASSED] - getText(findTestObject("Maya/Mobile proxy/android.widget.TextView0 - Notifications (1)"), 0): Text of element 'Object Repository/Maya/Mobile proxy/android.widget.TextView0 - Notifications (1)' is: 'Notifications'

2020-08-06 23:28:29 - [MESSAGE][WARNING] - Timeout '0' is invalid. Using default page load timeout: '10'

2020-08-06 23:28:30 - [MESSAGE][PASSED] - Text of element 'Object Repository/Maya/Mobile proxy/android.widget.TextView0 - Notifications (1)' is: 'Notifications'

2020-08-06 23:28:30 - [TEST_STEP][PASSED] - verifyElementVisible(findTestObject("Maya/Mobile proxy/android.widget.TextView0 - Notifications (1)"), 0): Element 'Object Repository/Maya/Mobile proxy/android.widget.TextView0 - Notifications (1)' is visible

2020-08-06 23:28:30 - [MESSAGE][WARNING] - Timeout '0' is invalid. Using default page load timeout: '10'

2020-08-06 23:28:30 - [MESSAGE][PASSED] - Element 'Object Repository/Maya/Mobile proxy/android.widget.TextView0 - Notifications (1)' is visible

2020-08-06 23:28:30 - [TEST_STEP][PASSED] - verifyElementVisible(findTestObject("Maya/Mobile proxy/android.widget.TextView0 - Notifications (1)"), 0): Element 'Object Repository/Maya/Mobile proxy/android.widget.TextView0 - Notifications (1)' is visible

2020-08-06 23:28:30 - [MESSAGE][WARNING] - Timeout '0' is invalid. Using default page load timeout: '10'

2020-08-06 23:28:31 - [MESSAGE][PASSED] - Element 'Object Repository/Maya/Mobile proxy/android.widget.TextView0 - Notifications (1)' is visible

2020-08-06 23:28:31 - [TEST_STEP][PASSED] - getText(findTestObject("Maya/Mobile proxy/android.widget.TextView0 - Maybank2u DuitNow ID Deregistration"), 0): Text of element 'Object Repository/Maya/Mobile proxy/android.widget.TextView0 - Maybank2u DuitNow ID Deregistration' is: 'Maybank2u: DuitNow ID Deregistration'

2020-08-06 23:28:31 - [MESSAGE][WARNING] - Timeout '0' is invalid. Using default page load timeout: '10'

2020-08-06 23:28:32 - [MESSAGE][PASSED] - Text of element 'Object Repository/Maya/Mobile proxy/android.widget.TextView0 - Maybank2u DuitNow ID Deregistration' is: 'Maybank2u: DuitNow ID Deregistration'

2020-08-06 23:28:32 - [TEST_STEP][PASSED] - verifyElementVisible(findTestObject("Maya/Mobile proxy/android.widget.TextView0 - Maybank2u DuitNow ID Deregistration"), 0): Element 'Object Repository/Maya/Mobile proxy/android.widget.TextView0 - Maybank2u DuitNow ID Deregistration' is visible

2020-08-06 23:28:32 - [MESSAGE][WARNING] - Timeout '0' is invalid. Using default page load timeout: '10'

2020-08-06 23:28:33 - [MESSAGE][PASSED] - Element 'Object Repository/Maya/Mobile proxy/android.widget.TextView0 - Maybank2u DuitNow ID Deregistration' is visible

2020-08-06 23:28:33 - [TEST_STEP][PASSED] - getText(findTestObject("Maya/Mobile proxy/android.widget.TextView0 - Duitnow Proxy (Mobile Number) ending 1028 has just been deregistered."), 0): Text of element 'Object Repository/Maya/Mobile proxy/android.widget.TextView0 - Duitnow Proxy (Mobile Number) ending 1028 has just been deregistered.' is: 'Duitnow Proxy (Mobile Number) ending ****1028 has just been deregistered.'

2020-08-06 23:28:33 - [MESSAGE][WARNING] - Timeout '0' is invalid. Using default page load timeout: '10'

2020-08-06 23:28:34 - [MESSAGE][PASSED] - Text of element 'Object Repository/Maya/Mobile proxy/android.widget.TextView0 - Duitnow Proxy (Mobile Number) ending 1028 has just been deregistered.' is: 'Duitnow Proxy (Mobile Number) ending ****1028 has just been deregistered.'

2020-08-06 23:28:34 - [TEST_STEP][PASSED] - verifyElementVisible(findTestObject("Maya/Mobile proxy/android.widget.TextView0 - Duitnow Proxy (Mobile Number) ending 1028 has just been deregistered."), 0): Element 'Object Repository/Maya/Mobile proxy/android.widget.TextView0 - Duitnow Proxy (Mobile Number) ending 1028 has just been deregistered.' is visible

2020-08-06 23:28:34 - [MESSAGE][WARNING] - Timeout '0' is invalid. Using default page load timeout: '10'

2020-08-06 23:28:35 - [MESSAGE][PASSED] - Element 'Object Repository/Maya/Mobile proxy/android.widget.TextView0 - Duitnow Proxy (Mobile Number) ending 1028 has just been deregistered.' is visible

2020-08-06 23:28:35 - [TEST_STEP][PASSED] - getText(findTestObject("Maya/Mobile proxy/android.widget.TextView0 - 1151 PM"), 0): Text of element 'Object Repository/Maya/Mobile proxy/android.widget.TextView0 - 1151 PM' is: '11:25 PM'

2020-08-06 23:28:35 - [MESSAGE][WARNING] - Timeout '0' is invalid. Using default page load timeout: '10'

2020-08-06 23:28:36 - [MESSAGE][PASSED] - Text of element 'Object Repository/Maya/Mobile proxy/android.widget.TextView0 - 1151 PM' is: '11:25 PM'

2020-08-06 23:28:36 - [TEST_STEP][PASSED] - verifyElementExist(findTestObject("Maya/Mobile proxy/android.widget.TextView0 - 1151 PM"), 0): Element 'Object Repository/Maya/Mobile proxy/android.widget.TextView0 - 1151 PM' is exist

2020-08-06 23:28:36 - [MESSAGE][WARNING] - Timeout '0' is invalid. Using default page load timeout: '10'

2020-08-06 23:28:37 - [MESSAGE][PASSED] - Element 'Object Repository/Maya/Mobile proxy/android.widget.TextView0 - 1151 PM' is exist

2020-08-06 23:28:37 - [TEST_STEP][PASSED] - getText(findTestObject("Maya/Mobile proxy/android.widget.TextView0 - Maybank2u DuitNow ID Registration"), 0): Text of element 'Object Repository/Maya/Mobile proxy/android.widget.TextView0 - Maybank2u DuitNow ID Registration' is: 'Maybank2u: DuitNow ID Registration'

2020-08-06 23:28:37 - [MESSAGE][WARNING] - Timeout '0' is invalid. Using default page load timeout: '10'

2020-08-06 23:28:38 - [MESSAGE][PASSED] - Text of element 'Object Repository/Maya/Mobile proxy/android.widget.TextView0 - Maybank2u DuitNow ID Registration' is: 'Maybank2u: DuitNow ID Registration'

2020-08-06 23:28:38 - [TEST_STEP][PASSED] - verifyElementVisible(findTestObject("Maya/Mobile proxy/android.widget.TextView0 - Maybank2u DuitNow ID Registration"), 0): Element 'Object Repository/Maya/Mobile proxy/android.widget.TextView0 - Maybank2u DuitNow ID Registration' is visible

2020-08-06 23:28:38 - [MESSAGE][WARNING] - Timeout '0' is invalid. Using default page load timeout: '10'

2020-08-06 23:28:38 - [MESSAGE][PASSED] - Element 'Object Repository/Maya/Mobile proxy/android.widget.TextView0 - Maybank2u DuitNow ID Registration' is visible

2020-08-06 23:28:38 - [TEST_STEP][PASSED] - getText(findTestObject("Maya/Mobile proxy/android.widget.TextView0 - Duitnow Proxy (Mobile Number) ending 1028 has just been registered."), 0): Text of element 'Object Repository/Maya/Mobile proxy/android.widget.TextView0 - Duitnow Proxy (Mobile Number) ending 1028 has just been registered.' is: 'Duitnow Proxy (Mobile Number) ending ****1028 has just been registered.'

2020-08-06 23:28:38 - [MESSAGE][WARNING] - Timeout '0' is invalid. Using default page load timeout: '10'

2020-08-06 23:28:39 - [MESSAGE][PASSED] - Text of element 'Object Repository/Maya/Mobile proxy/android.widget.TextView0 - Duitnow Proxy (Mobile Number) ending 1028 has just been registered.' is: 'Duitnow Proxy (Mobile Number) ending ****1028 has just been registered.'

2020-08-06 23:28:39 - [TEST_STEP][PASSED] - verifyElementVisible(findTestObject("Maya/Mobile proxy/android.widget.TextView0 - Duitnow Proxy (Mobile Number) ending 1028 has just been registered."), 0): Element 'Object Repository/Maya/Mobile proxy/android.widget.TextView0 - Duitnow Proxy (Mobile Number) ending 1028 has just been registered.' is visible

2020-08-06 23:28:39 - [MESSAGE][WARNING] - Timeout '0' is invalid. Using default page load timeout: '10'

2020-08-06 23:28:40 - [MESSAGE][PASSED] - Element 'Object Repository/Maya/Mobile proxy/android.widget.TextView0 - Duitnow Proxy (Mobile Number) ending 1028 has just been registered.' is visible

2020-08-06 23:28:40 - [TEST_STEP][PASSED] - getText(findTestObject("Maya/Mobile proxy/android.widget.TextView0 - 1152 PM"), 0): Text of element 'Object Repository/Maya/Mobile proxy/android.widget.TextView0 - 1152 PM' is: '11:25 PM'

2020-08-06 23:28:40 - [MESSAGE][WARNING] - Timeout '0' is invalid. Using default page load timeout: '10'

2020-08-06 23:28:41 - [MESSAGE][PASSED] - Text of element 'Object Repository/Maya/Mobile proxy/android.widget.TextView0 - 1152 PM' is: '11:25 PM'

2020-08-06 23:28:41 - [TEST_STEP][PASSED] - verifyElementExist(findTestObject("Maya/Mobile proxy/android.widget.TextView0 - 1152 PM"), 0): Element 'Object Repository/Maya/Mobile proxy/android.widget.TextView0 - 1152 PM' is exist

2020-08-06 23:28:41 - [MESSAGE][WARNING] - Timeout '0' is invalid. Using default page load timeout: '10'

2020-08-06 23:28:42 - [MESSAGE][PASSED] - Element 'Object Repository/Maya/Mobile proxy/android.widget.TextView0 - 1152 PM' is exist

2020-08-06 23:28:42 - [TEST_STEP][PASSED] - getText(findTestObject("Maya/Mobile proxy/android.widget.TextView0 - Maybank2u DuitNow ID Proxy disabled"), 0): Text of element 'Object Repository/Maya/Mobile proxy/android.widget.TextView0 - Maybank2u DuitNow ID Proxy disabled' is: 'Maybank2u: DuitNow ID Proxy disabled'

2020-08-06 23:28:42 - [MESSAGE][WARNING] - Timeout '0' is invalid. Using default page load timeout: '10'

2020-08-06 23:28:42 - [MESSAGE][PASSED] - Text of element 'Object Repository/Maya/Mobile proxy/android.widget.TextView0 - Maybank2u DuitNow ID Proxy disabled' is: 'Maybank2u: DuitNow ID Proxy disabled'

2020-08-06 23:28:42 - [TEST_STEP][PASSED] - verifyElementVisible(findTestObject("Maya/Mobile proxy/android.widget.TextView0 - Maybank2u DuitNow ID Proxy disabled"), 0): Element 'Object Repository/Maya/Mobile proxy/android.widget.TextView0 - Maybank2u DuitNow ID Proxy disabled' is visible

2020-08-06 23:28:42 - [MESSAGE][WARNING] - Timeout '0' is invalid. Using default page load timeout: '10'

2020-08-06 23:28:43 - [MESSAGE][PASSED] - Element 'Object Repository/Maya/Mobile proxy/android.widget.TextView0 - Maybank2u DuitNow ID Proxy disabled' is visible

2020-08-06 23:28:43 - [TEST_STEP][PASSED] - getText(findTestObject("Maya/Mobile proxy/android.widget.TextView0 - Duitnow Proxy (Mobile Number) ending 1028 has just been disabled."), 0): Text of element 'Object Repository/Maya/Mobile proxy/android.widget.TextView0 - Duitnow Proxy (Mobile Number) ending 1028 has just been disabled.' is: 'Duitnow Proxy (Mobile Number) ending ****1028 has just been disabled.'

2020-08-06 23:28:43 - [MESSAGE][WARNING] - Timeout '0' is invalid. Using default page load timeout: '10'

2020-08-06 23:28:44 - [MESSAGE][PASSED] - Text of element 'Object Repository/Maya/Mobile proxy/android.widget.TextView0 - Duitnow Proxy (Mobile Number) ending 1028 has just been disabled.' is: 'Duitnow Proxy (Mobile Number) ending ****1028 has just been disabled.'

2020-08-06 23:28:44 - [TEST_STEP][PASSED] - verifyElementVisible(findTestObject("Maya/Mobile proxy/android.widget.TextView0 - Duitnow Proxy (Mobile Number) ending 1028 has just been disabled."), 0): Element 'Object Repository/Maya/Mobile proxy/android.widget.TextView0 - Duitnow Proxy (Mobile Number) ending 1028 has just been disabled.' is visible

2020-08-06 23:28:44 - [MESSAGE][WARNING] - Timeout '0' is invalid. Using default page load timeout: '10'

2020-08-06 23:28:45 - [MESSAGE][PASSED] - Element 'Object Repository/Maya/Mobile proxy/android.widget.TextView0 - Duitnow Proxy (Mobile Number) ending 1028 has just been disabled.' is visible

2020-08-06 23:28:45 - [TEST_STEP][PASSED] - getText(findTestObject("Maya/Mobile proxy/android.widget.TextView0 - 1153 PM"), 0): Text of element 'Object Repository/Maya/Mobile proxy/android.widget.TextView0 - 1153 PM' is: '11:26 PM'

2020-08-06 23:28:45 - [MESSAGE][WARNING] - Timeout '0' is invalid. Using default page load timeout: '10'

2020-08-06 23:28:46 - [MESSAGE][PASSED] - Text of element 'Object Repository/Maya/Mobile proxy/android.widget.TextView0 - 1153 PM' is: '11:26 PM'

2020-08-06 23:28:46 - [TEST_STEP][PASSED] - verifyElementExist(findTestObject("Maya/Mobile proxy/android.widget.TextView0 - 1153 PM"), 0): Element 'Object Repository/Maya/Mobile proxy/android.widget.TextView0 - 1153 PM' is exist

2020-08-06 23:28:46 - [MESSAGE][WARNING] - Timeout '0' is invalid. Using default page load timeout: '10'

2020-08-06 23:28:47 - [MESSAGE][PASSED] - Element 'Object Repository/Maya/Mobile proxy/android.widget.TextView0 - 1153 PM' is exist

2020-08-06 23:28:47 - [TEST_STEP][PASSED] - getText(findTestObject("Maya/Mobile proxy/android.widget.TextView0 - Maybank2u DuitNow ID Proxy enabled"), 0): Text of element 'Object Repository/Maya/Mobile proxy/android.widget.TextView0 - Maybank2u DuitNow ID Proxy enabled' is: 'Maybank2u: DuitNow ID Proxy enabled'

2020-08-06 23:28:47 - [MESSAGE][WARNING] - Timeout '0' is invalid. Using default page load timeout: '10'

2020-08-06 23:28:48 - [MESSAGE][PASSED] - Text of element 'Object Repository/Maya/Mobile proxy/android.widget.TextView0 - Maybank2u DuitNow ID Proxy enabled' is: 'Maybank2u: DuitNow ID Proxy enabled'

2020-08-06 23:28:48 - [TEST_STEP][PASSED] - verifyElementVisible(findTestObject("Maya/Mobile proxy/android.widget.TextView0 - Maybank2u DuitNow ID Proxy enabled"), 0): Element 'Object Repository/Maya/Mobile proxy/android.widget.TextView0 - Maybank2u DuitNow ID Proxy enabled' is visible

2020-08-06 23:28:48 - [MESSAGE][WARNING] - Timeout '0' is invalid. Using default page load timeout: '10'

2020-08-06 23:28:48 - [MESSAGE][PASSED] - Element 'Object Repository/Maya/Mobile proxy/android.widget.TextView0 - Maybank2u DuitNow ID Proxy enabled' is visible

2020-08-06 23:28:48 - [TEST_STEP][PASSED] - getText(findTestObject("Maya/Mobile proxy/android.widget.TextView0 - Duitnow Proxy (Mobile Number) ending 1028 has just been enabled."), 0): Text of element 'Object Repository/Maya/Mobile proxy/android.widget.TextView0 - Duitnow Proxy (Mobile Number) ending 1028 has just been enabled.' is: 'Duitnow Proxy (Mobile Number) ending ****1028 has just been enabled.'

2020-08-06 23:28:48 - [MESSAGE][WARNING] - Timeout '0' is invalid. Using default page load timeout: '10'

2020-08-06 23:28:49 - [MESSAGE][PASSED] - Text of element 'Object Repository/Maya/Mobile proxy/android.widget.TextView0 - Duitnow Proxy (Mobile Number) ending 1028 has just been enabled.' is: 'Duitnow Proxy (Mobile Number) ending ****1028 has just been enabled.'

2020-08-06 23:28:49 - [TEST_STEP][PASSED] - verifyElementVisible(findTestObject("Maya/Mobile proxy/android.widget.TextView0 - Duitnow Proxy (Mobile Number) ending 1028 has just been enabled."), 0): Element 'Object Repository/Maya/Mobile proxy/android.widget.TextView0 - Duitnow Proxy (Mobile Number) ending 1028 has just been enabled.' is visible

2020-08-06 23:28:49 - [MESSAGE][WARNING] - Timeout '0' is invalid. Using default page load timeout: '10'

2020-08-06 23:28:50 - [MESSAGE][PASSED] - Element 'Object Repository/Maya/Mobile proxy/android.widget.TextView0 - Duitnow Proxy (Mobile Number) ending 1028 has just been enabled.' is visible

2020-08-06 23:28:50 - [TEST_STEP][PASSED] - getText(findTestObject("Maya/Mobile proxy/android.widget.TextView0 - 1154 PM"), 0): Text of element 'Object Repository/Maya/Mobile proxy/android.widget.TextView0 - 1154 PM' is: '11:28 PM'

2020-08-06 23:28:50 - [MESSAGE][WARNING] - Timeout '0' is invalid. Using default page load timeout: '10'

2020-08-06 23:28:51 - [MESSAGE][PASSED] - Text of element 'Object Repository/Maya/Mobile proxy/android.widget.TextView0 - 1154 PM' is: '11:28 PM'

2020-08-06 23:28:51 - [TEST_STEP][PASSED] - verifyElementExist(findTestObject("Maya/Mobile proxy/android.widget.TextView0 - 1154 PM"), 0): Element 'Object Repository/Maya/Mobile proxy/android.widget.TextView0 - 1154 PM' is exist

2020-08-06 23:28:51 - [MESSAGE][WARNING] - Timeout '0' is invalid. Using default page load timeout: '10'

2020-08-06 23:28:51 - [MESSAGE][PASSED] - Element 'Object Repository/Maya/Mobile proxy/android.widget.TextView0 - 1154 PM' is exist

2020-08-06 23:28:51 - [TEST_STEP][PASSED] - tap(findTestObject("Maya/RegisterDuitNow/android.widget.TextView0 - More (1)"), 0): Tapped on element 'Object Repository/Maya/RegisterDuitNow/android.widget.TextView0 - More (1)'

2020-08-06 23:28:51 - [MESSAGE][WARNING] - Timeout '0' is invalid. Using default page load timeout: '10'

2020-08-06 23:29:03 - [MESSAGE][PASSED] - Tapped on element 'Object Repository/Maya/RegisterDuitNow/android.widget.TextView0 - More (1)'

2020-08-06 23:29:03 - [TEST_STEP][PASSED] - tap(findTestObject("Maya/RegisterDuitNow/android.widget.TextView0 - Settings (1)"), 0): Tapped on element 'Object Repository/Maya/RegisterDuitNow/android.widget.TextView0 - Settings (1)'

2020-08-06 23:29:04 - [MESSAGE][WARNING] - Timeout '0' is invalid. Using default page load timeout: '10'

2020-08-06 23:29:06 - [MESSAGE][PASSED] - Tapped on element 'Object Repository/Maya/RegisterDuitNow/android.widget.TextView0 - Settings (1)'

2020-08-06 23:29:06 - [TEST_STEP][PASSED] - tap(findTestObject("Maya/RegisterDuitNow/android.widget.TextView0 - Maybank2u (2)"), 0): Tapped on element 'Object Repository/Maya/RegisterDuitNow/android.widget.TextView0 - Maybank2u (2)'

2020-08-06 23:29:06 - [MESSAGE][WARNING] - Timeout '0' is invalid. Using default page load timeout: '10'

2020-08-06 23:29:09 - [MESSAGE][PASSED] - Tapped on element 'Object Repository/Maya/RegisterDuitNow/android.widget.TextView0 - Maybank2u (2)'

2020-08-06 23:29:09 - [TEST_STEP][PASSED] - tap(findTestObject("Maya/RegisterDuitNow/android.widget.TextView0 - DuitNow (6)"), 0): Tapped on element 'Object Repository/Maya/RegisterDuitNow/android.widget.TextView0 - DuitNow (6)'

2020-08-06 23:29:09 - [MESSAGE][WARNING] - Timeout '0' is invalid. Using default page load timeout: '10'

2020-08-06 23:29:11 - [MESSAGE][PASSED] - Tapped on element 'Object Repository/Maya/RegisterDuitNow/android.widget.TextView0 - DuitNow (6)'

2020-08-06 23:29:11 - [TEST_STEP][PASSED] - tap(findTestObject("Maya/RegisterDuitNow/android.widget.TextView0 - Mobile Number"), 0): Tapped on element 'Object Repository/Maya/RegisterDuitNow/android.widget.TextView0 - Mobile Number'

2020-08-06 23:29:11 - [MESSAGE][WARNING] - Timeout '0' is invalid. Using default page load timeout: '10'

2020-08-06 23:29:14 - [MESSAGE][PASSED] - Tapped on element 'Object Repository/Maya/RegisterDuitNow/android.widget.TextView0 - Mobile Number'

2020-08-06 23:29:14 - [TEST_STEP][PASSED] - getText(findTestObject("Maya/RegisterDuitNow/android.widget.TextView0 - ACTIVE (1)"), 0): Text of element 'Object Repository/Maya/RegisterDuitNow/android.widget.TextView0 - ACTIVE (1)' is: 'ACTIVE'

2020-08-06 23:29:14 - [MESSAGE][WARNING] - Timeout '0' is invalid. Using default page load timeout: '10'

2020-08-06 23:29:14 - [MESSAGE][PASSED] - Text of element 'Object Repository/Maya/RegisterDuitNow/android.widget.TextView0 - ACTIVE (1)' is: 'ACTIVE'

2020-08-06 23:29:14 - [TEST_STEP][PASSED] - verifyElementExist(findTestObject("Maya/RegisterDuitNow/android.widget.TextView0 - ACTIVE (1)"), 0): Element 'Object Repository/Maya/RegisterDuitNow/android.widget.TextView0 - ACTIVE (1)' is exist

2020-08-06 23:29:14 - [MESSAGE][WARNING] - Timeout '0' is invalid. Using default page load timeout: '10'

2020-08-06 23:29:15 - [MESSAGE][PASSED] - Element 'Object Repository/Maya/RegisterDuitNow/android.widget.TextView0 - ACTIVE (1)' is exist

2020-08-06 23:29:15 - [TEST_STEP][PASSED] - getText(findTestObject("Maya/RegisterDuitNow/android.widget.TextView0 - Mobile Number (1)"), 0): Text of element 'Object Repository/Maya/RegisterDuitNow/android.widget.TextView0 - Mobile Number (1)' is: 'Mobile Number'

2020-08-06 23:29:15 - [MESSAGE][WARNING] - Timeout '0' is invalid. Using default page load timeout: '10'

2020-08-06 23:29:15 - [MESSAGE][PASSED] - Text of element 'Object Repository/Maya/RegisterDuitNow/android.widget.TextView0 - Mobile Number (1)' is: 'Mobile Number'

2020-08-06 23:29:15 - [TEST_STEP][PASSED] - verifyElementExist(findTestObject("Maya/RegisterDuitNow/android.widget.TextView0 - Mobile Number (1)"), 0): Element 'Object Repository/Maya/RegisterDuitNow/android.widget.TextView0 - Mobile Number (1)' is exist

2020-08-06 23:29:15 - [MESSAGE][WARNING] - Timeout '0' is invalid. Using default page load timeout: '10'

2020-08-06 23:29:16 - [MESSAGE][PASSED] - Element 'Object Repository/Maya/RegisterDuitNow/android.widget.TextView0 - Mobile Number (1)' is exist

2020-08-06 23:29:16 - [TEST_STEP][PASSED] - getText(findTestObject("Maya/RegisterDuitNow/android.widget.TextView0 - 1028 (1)"), 0): Text of element 'Object Repository/Maya/RegisterDuitNow/android.widget.TextView0 - 1028 (1)' is: '********1028'

2020-08-06 23:29:16 - [MESSAGE][WARNING] - Timeout '0' is invalid. Using default page load timeout: '10'

2020-08-06 23:29:16 - [MESSAGE][PASSED] - Text of element 'Object Repository/Maya/RegisterDuitNow/android.widget.TextView0 - 1028 (1)' is: '********1028'

2020-08-06 23:29:16 - [TEST_STEP][PASSED] - verifyElementExist(findTestObject("Maya/RegisterDuitNow/android.widget.TextView0 - 1028 (1)"), 0): Element 'Object Repository/Maya/RegisterDuitNow/android.widget.TextView0 - 1028 (1)' is exist

2020-08-06 23:29:16 - [MESSAGE][WARNING] - Timeout '0' is invalid. Using default page load timeout: '10'

2020-08-06 23:29:17 - [MESSAGE][PASSED] - Element 'Object Repository/Maya/RegisterDuitNow/android.widget.TextView0 - 1028 (1)' is exist

2020-08-06 23:29:17 - [TEST_STEP][NOT_RUN] - closeApplication(): NOT_RUN: closeApplication()

2020-08-06 23:29:17 - [MESSAGE][NOT_RUN] - NOT_RUN: closeApplication()

2020-08-06 23:29:17 - [TEST_STEP][PASSED] - delay(2, STOP_ON_FAILURE): Delayed 2 second(s)

2020-08-06 23:29:19 - [MESSAGE][PASSED] - Delayed 2 second(s)

2020-08-06 23:29:19 - [TEST_STEP][PASSED] - takeScreenshot("C:\Users\LENOVO\Screenshot\DuitNowProxy\Screen15.png", CONTINUE_ON_FAILURE): Screenshot is taken

2020-08-06 23:29:20 - [MESSAGE][PASSED] - Screenshot is taken
[[ATTACHMENT|C:\\Users\\LENOVO\\Screenshot\\DuitNowProxy\\Screen15.png]]

2020-08-06 23:29:20 - [TEST_STEP][PASSED] - tap(findTestObject("Maya/RegisterDuitNow/android.widget.TextView0 - Switch account (1)"), 0): Tapped on element 'Object Repository/Maya/RegisterDuitNow/android.widget.TextView0 - Switch account (1)'

2020-08-06 23:29:20 - [MESSAGE][WARNING] - Timeout '0' is invalid. Using default page load timeout: '10'

2020-08-06 23:29:23 - [MESSAGE][PASSED] - Tapped on element 'Object Repository/Maya/RegisterDuitNow/android.widget.TextView0 - Switch account (1)'

2020-08-06 23:29:23 - [TEST_STEP][PASSED] - tap(findTestObject("Maya/RegisterDuitNow/android.view.ViewGroup0"), 0): Tapped on element 'Object Repository/Maya/RegisterDuitNow/android.view.ViewGroup0'

2020-08-06 23:29:23 - [MESSAGE][WARNING] - Timeout '0' is invalid. Using default page load timeout: '10'

2020-08-06 23:29:26 - [MESSAGE][PASSED] - Tapped on element 'Object Repository/Maya/RegisterDuitNow/android.view.ViewGroup0'

2020-08-06 23:29:26 - [TEST_STEP][PASSED] - tap(findTestObject("Maya/RegisterDuitNow/android.widget.TextView0 - Continue (7)"), 0): Tapped on element 'Object Repository/Maya/RegisterDuitNow/android.widget.TextView0 - Continue (7)'

2020-08-06 23:29:26 - [MESSAGE][WARNING] - Timeout '0' is invalid. Using default page load timeout: '10'

2020-08-06 23:29:28 - [MESSAGE][PASSED] - Tapped on element 'Object Repository/Maya/RegisterDuitNow/android.widget.TextView0 - Continue (7)'

2020-08-06 23:29:28 - [TEST_STEP][PASSED] - getText(findTestObject("Maya/RegisterDuitNow/android.widget.TextView0 - Please confirm your DuitNow details (1)"), 0): Text of element 'Object Repository/Maya/RegisterDuitNow/android.widget.TextView0 - Please confirm your DuitNow details (1)' is: 'Please confirm your DuitNow details'

2020-08-06 23:29:28 - [MESSAGE][WARNING] - Timeout '0' is invalid. Using default page load timeout: '10'

2020-08-06 23:29:28 - [MESSAGE][PASSED] - Text of element 'Object Repository/Maya/RegisterDuitNow/android.widget.TextView0 - Please confirm your DuitNow details (1)' is: 'Please confirm your DuitNow details'

2020-08-06 23:29:28 - [TEST_STEP][PASSED] - verifyElementExist(findTestObject("Maya/RegisterDuitNow/android.widget.TextView0 - Please confirm your DuitNow details (1)"), 0): Element 'Object Repository/Maya/RegisterDuitNow/android.widget.TextView0 - Please confirm your DuitNow details (1)' is exist

2020-08-06 23:29:28 - [MESSAGE][WARNING] - Timeout '0' is invalid. Using default page load timeout: '10'

2020-08-06 23:29:29 - [MESSAGE][PASSED] - Element 'Object Repository/Maya/RegisterDuitNow/android.widget.TextView0 - Please confirm your DuitNow details (1)' is exist

2020-08-06 23:29:29 - [TEST_STEP][PASSED] - tap(findTestObject("Maya/RegisterDuitNow/android.widget.TextView0 - Agree and Confirm (1)"), 0): Tapped on element 'Object Repository/Maya/RegisterDuitNow/android.widget.TextView0 - Agree and Confirm (1)'

2020-08-06 23:29:29 - [MESSAGE][WARNING] - Timeout '0' is invalid. Using default page load timeout: '10'

2020-08-06 23:29:31 - [MESSAGE][PASSED] - Tapped on element 'Object Repository/Maya/RegisterDuitNow/android.widget.TextView0 - Agree and Confirm (1)'

2020-08-06 23:29:31 - [TEST_STEP][PASSED] - delay(2, STOP_ON_FAILURE): Delayed 2 second(s)

2020-08-06 23:29:33 - [MESSAGE][PASSED] - Delayed 2 second(s)

2020-08-06 23:29:33 - [TEST_STEP][PASSED] - takeScreenshot("C:\Users\LENOVO\Screenshot\DuitNowProxy\Screen6.png", CONTINUE_ON_FAILURE): Screenshot is taken

2020-08-06 23:29:34 - [MESSAGE][PASSED] - Screenshot is taken
[[ATTACHMENT|C:\\Users\\LENOVO\\Screenshot\\DuitNowProxy\\Screen6.png]]

2020-08-06 23:29:34 - [TEST_STEP][PASSED] - tap(findTestObject("Maya/RegisterDuitNow/android.widget.TextView0 - Confirm (1)"), 0): Tapped on element 'Object Repository/Maya/RegisterDuitNow/android.widget.TextView0 - Confirm (1)'

2020-08-06 23:29:34 - [MESSAGE][WARNING] - Timeout '0' is invalid. Using default page load timeout: '10'

2020-08-06 23:29:36 - [MESSAGE][PASSED] - Tapped on element 'Object Repository/Maya/RegisterDuitNow/android.widget.TextView0 - Confirm (1)'

2020-08-06 23:29:36 - [TEST_STEP][PASSED] - otpMess = getText(findTestObject("Maya/Third Party CA account/android.widget.TextView0 - Your OTP no. is 460943"), 0): Text of element 'Object Repository/Maya/Third Party CA account/android.widget.TextView0 - Your OTP no. is 460943' is: 'Your OTP no. is 738029'

2020-08-06 23:29:36 - [MESSAGE][WARNING] - Timeout '0' is invalid. Using default page load timeout: '10'

2020-08-06 23:29:40 - [MESSAGE][PASSED] - Text of element 'Object Repository/Maya/Third Party CA account/android.widget.TextView0 - Your OTP no. is 460943' is: 'Your OTP no. is 738029'

2020-08-06 23:29:40 - [TEST_STEP][PASSED] - delay(2): Delayed 2 second(s)

2020-08-06 23:29:42 - [MESSAGE][PASSED] - Delayed 2 second(s)

2020-08-06 23:29:42 - [TEST_STEP][PASSED] - for ([i = 16, i <= 21, (i++)]): Tapped on element 'Object Repository/Maya/login again/Spy- 9'

2020-08-06 23:29:42 - [TEST_STEP][PASSED] - delay(3, STOP_ON_FAILURE): Delayed 3 second(s)

2020-08-06 23:29:45 - [MESSAGE][PASSED] - Delayed 3 second(s)

2020-08-06 23:29:45 - [TEST_STEP][PASSED] - if (otpMess[i] == "0"): null

2020-08-06 23:29:45 - [TEST_STEP][PASSED] - if (otpMess[i] == "1"): null

2020-08-06 23:29:45 - [TEST_STEP][PASSED] - if (otpMess[i] == "2"): null

2020-08-06 23:29:45 - [TEST_STEP][PASSED] - if (otpMess[i] == "3"): null

2020-08-06 23:29:45 - [TEST_STEP][PASSED] - if (otpMess[i] == "4"): null

2020-08-06 23:29:45 - [TEST_STEP][PASSED] - if (otpMess[i] == "5"): null

2020-08-06 23:29:45 - [TEST_STEP][PASSED] - if (otpMess[i] == "6"): null

2020-08-06 23:29:45 - [TEST_STEP][PASSED] - if (otpMess[i] == "7"): Tapped on element 'Object Repository/Maya/login again/Spy - 7'

2020-08-06 23:29:45 - [TEST_STEP][PASSED] - delay(1, STOP_ON_FAILURE): Delayed 1 second(s)

2020-08-06 23:29:46 - [MESSAGE][PASSED] - Delayed 1 second(s)

2020-08-06 23:29:46 - [TEST_STEP][PASSED] - tap(findTestObject("Maya/login again/Spy - 7"), 0): Tapped on element 'Object Repository/Maya/login again/Spy - 7'

2020-08-06 23:29:46 - [MESSAGE][WARNING] - Timeout '0' is invalid. Using default page load timeout: '10'

2020-08-06 23:29:47 - [MESSAGE][PASSED] - Tapped on element 'Object Repository/Maya/login again/Spy - 7'

2020-08-06 23:29:47 - [TEST_STEP][PASSED] - if (otpMess[i] == "8"): null

2020-08-06 23:29:47 - [TEST_STEP][PASSED] - if (otpMess[i] == "9"): null

2020-08-06 23:29:47 - [TEST_STEP][PASSED] - delay(3, STOP_ON_FAILURE): Delayed 3 second(s)

2020-08-06 23:29:50 - [MESSAGE][PASSED] - Delayed 3 second(s)

2020-08-06 23:29:50 - [TEST_STEP][PASSED] - if (otpMess[i] == "0"): null

2020-08-06 23:29:50 - [TEST_STEP][PASSED] - if (otpMess[i] == "1"): null

2020-08-06 23:29:50 - [TEST_STEP][PASSED] - if (otpMess[i] == "2"): null

2020-08-06 23:29:50 - [TEST_STEP][PASSED] - if (otpMess[i] == "3"): Tapped on element 'Object Repository/Maya/login again/Spy- 3'

2020-08-06 23:29:50 - [TEST_STEP][PASSED] - delay(1, STOP_ON_FAILURE): Delayed 1 second(s)

2020-08-06 23:29:51 - [MESSAGE][PASSED] - Delayed 1 second(s)

2020-08-06 23:29:51 - [TEST_STEP][NOT_RUN] - tap(findTestObject("MAYA SIT v118/spy/TAC - keypad 3"), 0): NOT_RUN: tap(findTestObject("MAYA SIT v118/spy/TAC - keypad 3"), 0)

2020-08-06 23:29:51 - [MESSAGE][NOT_RUN] - NOT_RUN: tap(findTestObject("MAYA SIT v118/spy/TAC - keypad 3"), 0)

2020-08-06 23:29:51 - [TEST_STEP][PASSED] - tap(findTestObject("Maya/login again/Spy- 3"), 0): Tapped on element 'Object Repository/Maya/login again/Spy- 3'

2020-08-06 23:29:51 - [MESSAGE][WARNING] - Timeout '0' is invalid. Using default page load timeout: '10'

2020-08-06 23:29:52 - [MESSAGE][PASSED] - Tapped on element 'Object Repository/Maya/login again/Spy- 3'

2020-08-06 23:29:52 - [TEST_STEP][PASSED] - if (otpMess[i] == "4"): null

2020-08-06 23:29:52 - [TEST_STEP][PASSED] - if (otpMess[i] == "5"): null

2020-08-06 23:29:52 - [TEST_STEP][PASSED] - if (otpMess[i] == "6"): null

2020-08-06 23:29:52 - [TEST_STEP][PASSED] - if (otpMess[i] == "7"): null

2020-08-06 23:29:52 - [TEST_STEP][PASSED] - if (otpMess[i] == "8"): null

2020-08-06 23:29:52 - [TEST_STEP][PASSED] - if (otpMess[i] == "9"): null

2020-08-06 23:29:52 - [TEST_STEP][PASSED] - delay(3, STOP_ON_FAILURE): Delayed 3 second(s)

2020-08-06 23:29:55 - [MESSAGE][PASSED] - Delayed 3 second(s)

2020-08-06 23:29:55 - [TEST_STEP][PASSED] - if (otpMess[i] == "0"): null

2020-08-06 23:29:55 - [TEST_STEP][PASSED] - if (otpMess[i] == "1"): null

2020-08-06 23:29:55 - [TEST_STEP][PASSED] - if (otpMess[i] == "2"): null

2020-08-06 23:29:55 - [TEST_STEP][PASSED] - if (otpMess[i] == "3"): null

2020-08-06 23:29:55 - [TEST_STEP][PASSED] - if (otpMess[i] == "4"): null

2020-08-06 23:29:55 - [TEST_STEP][PASSED] - if (otpMess[i] == "5"): null

2020-08-06 23:29:55 - [TEST_STEP][PASSED] - if (otpMess[i] == "6"): null

2020-08-06 23:29:55 - [TEST_STEP][PASSED] - if (otpMess[i] == "7"): null

2020-08-06 23:29:55 - [TEST_STEP][PASSED] - if (otpMess[i] == "8"): Tapped on element 'Object Repository/Maya/login again/Spy - 8'

2020-08-06 23:29:55 - [TEST_STEP][PASSED] - delay(1, STOP_ON_FAILURE): Delayed 1 second(s)

2020-08-06 23:29:56 - [MESSAGE][PASSED] - Delayed 1 second(s)

2020-08-06 23:29:56 - [TEST_STEP][PASSED] - tap(findTestObject("Maya/login again/Spy - 8"), 0): Tapped on element 'Object Repository/Maya/login again/Spy - 8'

2020-08-06 23:29:56 - [MESSAGE][WARNING] - Timeout '0' is invalid. Using default page load timeout: '10'

2020-08-06 23:29:57 - [MESSAGE][PASSED] - Tapped on element 'Object Repository/Maya/login again/Spy - 8'

2020-08-06 23:29:57 - [TEST_STEP][PASSED] - if (otpMess[i] == "9"): null

2020-08-06 23:29:57 - [TEST_STEP][PASSED] - delay(3, STOP_ON_FAILURE): Delayed 3 second(s)

2020-08-06 23:30:00 - [MESSAGE][PASSED] - Delayed 3 second(s)

2020-08-06 23:30:00 - [TEST_STEP][PASSED] - if (otpMess[i] == "0"): Tapped on element 'Object Repository/Maya/login again/Spy-0'

2020-08-06 23:30:00 - [TEST_STEP][PASSED] - delay(1, STOP_ON_FAILURE): Delayed 1 second(s)

2020-08-06 23:30:01 - [MESSAGE][PASSED] - Delayed 1 second(s)

2020-08-06 23:30:01 - [TEST_STEP][PASSED] - tap(findTestObject("Maya/login again/Spy-0"), 0): Tapped on element 'Object Repository/Maya/login again/Spy-0'

2020-08-06 23:30:01 - [MESSAGE][WARNING] - Timeout '0' is invalid. Using default page load timeout: '10'

2020-08-06 23:30:03 - [MESSAGE][PASSED] - Tapped on element 'Object Repository/Maya/login again/Spy-0'

2020-08-06 23:30:03 - [TEST_STEP][PASSED] - if (otpMess[i] == "1"): null

2020-08-06 23:30:03 - [TEST_STEP][PASSED] - if (otpMess[i] == "2"): null

2020-08-06 23:30:03 - [TEST_STEP][PASSED] - if (otpMess[i] == "3"): null

2020-08-06 23:30:03 - [TEST_STEP][PASSED] - if (otpMess[i] == "4"): null

2020-08-06 23:30:03 - [TEST_STEP][PASSED] - if (otpMess[i] == "5"): null

2020-08-06 23:30:03 - [TEST_STEP][PASSED] - if (otpMess[i] == "6"): null

2020-08-06 23:30:03 - [TEST_STEP][PASSED] - if (otpMess[i] == "7"): null

2020-08-06 23:30:03 - [TEST_STEP][PASSED] - if (otpMess[i] == "8"): null

2020-08-06 23:30:03 - [TEST_STEP][PASSED] - if (otpMess[i] == "9"): null

2020-08-06 23:30:03 - [TEST_STEP][PASSED] - delay(3, STOP_ON_FAILURE): Delayed 3 second(s)

2020-08-06 23:30:06 - [MESSAGE][PASSED] - Delayed 3 second(s)

2020-08-06 23:30:06 - [TEST_STEP][PASSED] - if (otpMess[i] == "0"): null

2020-08-06 23:30:06 - [TEST_STEP][PASSED] - if (otpMess[i] == "1"): null

2020-08-06 23:30:06 - [TEST_STEP][PASSED] - if (otpMess[i] == "2"): Tapped on element 'Object Repository/Maya/login again/Spy- 2'

2020-08-06 23:30:06 - [TEST_STEP][PASSED] - delay(1, STOP_ON_FAILURE): Delayed 1 second(s)

2020-08-06 23:30:07 - [MESSAGE][PASSED] - Delayed 1 second(s)

2020-08-06 23:30:07 - [TEST_STEP][PASSED] - tap(findTestObject("Maya/login again/Spy- 2"), 0): Tapped on element 'Object Repository/Maya/login again/Spy- 2'

2020-08-06 23:30:07 - [MESSAGE][WARNING] - Timeout '0' is invalid. Using default page load timeout: '10'

2020-08-06 23:30:08 - [MESSAGE][PASSED] - Tapped on element 'Object Repository/Maya/login again/Spy- 2'

2020-08-06 23:30:08 - [TEST_STEP][PASSED] - if (otpMess[i] == "3"): null

2020-08-06 23:30:08 - [TEST_STEP][PASSED] - if (otpMess[i] == "4"): null

2020-08-06 23:30:08 - [TEST_STEP][PASSED] - if (otpMess[i] == "5"): null

2020-08-06 23:30:08 - [TEST_STEP][PASSED] - if (otpMess[i] == "6"): null

2020-08-06 23:30:08 - [TEST_STEP][PASSED] - if (otpMess[i] == "7"): null

2020-08-06 23:30:08 - [TEST_STEP][PASSED] - if (otpMess[i] == "8"): null

2020-08-06 23:30:08 - [TEST_STEP][PASSED] - if (otpMess[i] == "9"): null

2020-08-06 23:30:08 - [TEST_STEP][PASSED] - delay(3, STOP_ON_FAILURE): Delayed 3 second(s)

2020-08-06 23:30:11 - [MESSAGE][PASSED] - Delayed 3 second(s)

2020-08-06 23:30:11 - [TEST_STEP][PASSED] - if (otpMess[i] == "0"): null

2020-08-06 23:30:11 - [TEST_STEP][PASSED] - if (otpMess[i] == "1"): null

2020-08-06 23:30:11 - [TEST_STEP][PASSED] - if (otpMess[i] == "2"): null

2020-08-06 23:30:11 - [TEST_STEP][PASSED] - if (otpMess[i] == "3"): null

2020-08-06 23:30:11 - [TEST_STEP][PASSED] - if (otpMess[i] == "4"): null

2020-08-06 23:30:11 - [TEST_STEP][PASSED] - if (otpMess[i] == "5"): null

2020-08-06 23:30:11 - [TEST_STEP][PASSED] - if (otpMess[i] == "6"): null

2020-08-06 23:30:11 - [TEST_STEP][PASSED] - if (otpMess[i] == "7"): null

2020-08-06 23:30:11 - [TEST_STEP][PASSED] - if (otpMess[i] == "8"): null

2020-08-06 23:30:11 - [TEST_STEP][PASSED] - if (otpMess[i] == "9"): Tapped on element 'Object Repository/Maya/login again/Spy- 9'

2020-08-06 23:30:11 - [TEST_STEP][PASSED] - delay(1, STOP_ON_FAILURE): Delayed 1 second(s)

2020-08-06 23:30:12 - [MESSAGE][PASSED] - Delayed 1 second(s)

2020-08-06 23:30:12 - [TEST_STEP][PASSED] - tap(findTestObject("Maya/login again/Spy- 9"), 0): Tapped on element 'Object Repository/Maya/login again/Spy- 9'

2020-08-06 23:30:12 - [MESSAGE][WARNING] - Timeout '0' is invalid. Using default page load timeout: '10'

2020-08-06 23:30:13 - [MESSAGE][PASSED] - Tapped on element 'Object Repository/Maya/login again/Spy- 9'

2020-08-06 23:30:13 - [TEST_STEP][PASSED] - delay(8, STOP_ON_FAILURE): Delayed 8 second(s)

2020-08-06 23:30:21 - [MESSAGE][PASSED] - Delayed 8 second(s)

2020-08-06 23:30:21 - [TEST_STEP][PASSED] - tap(findTestObject("Maya/Forgot Pin/android.widget.ImageView0 (7)"), 0): Tapped on element 'Object Repository/Maya/Forgot Pin/android.widget.ImageView0 (7)'

2020-08-06 23:30:21 - [MESSAGE][WARNING] - Timeout '0' is invalid. Using default page load timeout: '10'

2020-08-06 23:30:22 - [MESSAGE][PASSED] - Tapped on element 'Object Repository/Maya/Forgot Pin/android.widget.ImageView0 (7)'

2020-08-06 23:30:22 - [TEST_STEP][PASSED] - getText(findTestObject("Maya/RegisterDuitNow/android.widget.TextView0 - Youve successfully linked your account to DuitNow (1)"), 0, STOP_ON_FAILURE): Text of element 'Object Repository/Maya/RegisterDuitNow/android.widget.TextView0 - Youve successfully linked your account to DuitNow (1)' is: 'You’ve successfully linked your account to DuitNow'

2020-08-06 23:30:22 - [MESSAGE][WARNING] - Timeout '0' is invalid. Using default page load timeout: '10'

2020-08-06 23:30:25 - [MESSAGE][PASSED] - Text of element 'Object Repository/Maya/RegisterDuitNow/android.widget.TextView0 - Youve successfully linked your account to DuitNow (1)' is: 'You’ve successfully linked your account to DuitNow'

2020-08-06 23:30:25 - [TEST_STEP][PASSED] - verifyElementExist(findTestObject("Maya/RegisterDuitNow/android.widget.TextView0 - Youve successfully linked your account to DuitNow (1)"), 0): Element 'Object Repository/Maya/RegisterDuitNow/android.widget.TextView0 - Youve successfully linked your account to DuitNow (1)' is exist

2020-08-06 23:30:25 - [MESSAGE][WARNING] - Timeout '0' is invalid. Using default page load timeout: '10'

2020-08-06 23:30:25 - [MESSAGE][PASSED] - Element 'Object Repository/Maya/RegisterDuitNow/android.widget.TextView0 - Youve successfully linked your account to DuitNow (1)' is exist

2020-08-06 23:30:25 - [TEST_STEP][PASSED] - delay(2, STOP_ON_FAILURE): Delayed 2 second(s)

2020-08-06 23:30:27 - [MESSAGE][PASSED] - Delayed 2 second(s)

2020-08-06 23:30:27 - [TEST_STEP][PASSED] - takeScreenshot("C:\Users\LENOVO\Screenshot\DuitNowProxy\Screen7.png", CONTINUE_ON_FAILURE): Screenshot is taken

2020-08-06 23:30:28 - [MESSAGE][PASSED] - Screenshot is taken
[[ATTACHMENT|C:\\Users\\LENOVO\\Screenshot\\DuitNowProxy\\Screen7.png]]

2020-08-06 23:30:28 - [TEST_STEP][PASSED] - tap(findTestObject("Maya/RegisterDuitNow/android.widget.TextView0 - Done (10)"), 0): Tapped on element 'Object Repository/Maya/RegisterDuitNow/android.widget.TextView0 - Done (10)'

2020-08-06 23:30:28 - [MESSAGE][WARNING] - Timeout '0' is invalid. Using default page load timeout: '10'

2020-08-06 23:30:30 - [MESSAGE][PASSED] - Tapped on element 'Object Repository/Maya/RegisterDuitNow/android.widget.TextView0 - Done (10)']]></system-out>
         <system-err><![CDATA[]]></system-err>
      </testcase>
      <system-out><![CDATA[2020-08-06 23:19:42 - [TEST_SUITE][PASSED] - UAT Test Suite: Test Cases/JINU/DuiTNow Drop 2/Mob Proxy]]></system-out>
      <system-err><![CDATA[]]></system-err>
   </testsuite>
</testsuites>
