<?xml version="1.0" encoding="UTF-8"?>
<testsuites name="UAT Test Suite" time="358.925" tests="1" failures="1" errors="0">
   <testsuite name="UAT Test Suite" tests="1" failures="1" errors="0" time="358.925" timestamp="2020-08-17 13:15:59" hostname="LENOVO - DESKTOP-CP3TV4N" id="Test Suites/Maya UAT/UAT Test Suite">
      <properties>
         <property name="deviceName" value="Xiaomi Redmi Note 7S (Android 9)"/>
         <property name="devicePlatform" value=""/>
         <property name="logFolder" value="C:\\Users\\LENOVO\\Git_new\\Maya\\Reports\\20200817_131556\\Maya UAT\\UAT Test Suite\\20200817_131556"/>
         <property name="logFiles" value="C:\\Users\\LENOVO\\Git_new\\Maya\\Reports\\20200817_131556\\Maya UAT\\UAT Test Suite\\20200817_131556\\appium.log, C:\\Users\\LENOVO\\Git_new\\Maya\\Reports\\20200817_131556\\Maya UAT\\UAT Test Suite\\20200817_131556\\execution0.log"/>
         <property name="attachments" value="C:\\Users\\LENOVO\\Screenshot\\Third Party\\Screenshot1, C:\\Users\\LENOVO\\Screenshot\\Third Party\\Screenshot2, C:\\Users\\LENOVO\\Screenshot\\Third Party\\Screenshot3, C:\\Users\\LENOVO\\Screenshot\\Third Party\\Screenshot4, C:\\Users\\LENOVO\\Screenshot\\Third Party\\Screenshot5, C:\\Users\\LENOVO\\Screenshot\\Third Party\\Screenshot6, C:\\Users\\LENOVO\\Screenshot\\Third Party\\Screenshot7, C:\\Users\\LENOVO\\Screenshot\\Third Party\\Screenshot9, C:\\Users\\LENOVO\\Screenshot\\Third Party\\Screenshot10, C:\\Users\\LENOVO\\Screenshot\\Third Party\\Screenshot11, C:\\Users\\LENOVO\\Screenshot\\Third Party\\Screenshot12, C:\\Users\\LENOVO\\Screenshot\\Third Party\\Screenshot13, C:\\Users\\LENOVO\\Screenshot\\Third Party\\Screenshot14, C:\\Users\\LENOVO\\Screenshot\\Third Party\\Screenshot16, C:\\Users\\LENOVO\\Screenshot\\Third Party\\Screenshot17, C:\\Users\\LENOVO\\Screenshot\\Third Party\\Screenshot18, C:\\Users\\LENOVO\\Screenshot\\Third Party\\Screenshot19, C:\\Users\\LENOVO\\Git_new\\Maya\\Reports\\20200817_131556\\Maya UAT\\UAT Test Suite\\20200817_131556\\1597641625657.png, C:\\Users\\LENOVO\\Screenshot\\Third Party\\Screenshot20, C:\\Users\\LENOVO\\Screenshot\\Third Party\\Screenshot22, C:\\Users\\LENOVO\\Screenshot\\Third Party\\Screenshot21, C:\\Users\\LENOVO\\Screenshot\\Third Party\\Screenshot24"/>
         <property name="hostName" value="LENOVO - DESKTOP-CP3TV4N"/>
         <property name="os" value="Windows 10 64bit"/>
         <property name="appiumServerStatus" value="{\&quot;value\&quot;:{\&quot;build\&quot;:{\&quot;version\&quot;:\&quot;1.15.1\&quot;}},\&quot;sessionId\&quot;:null,\&quot;status\&quot;:0}"/>
         <property name="katalonVersion" value="7.2.7.1"/>
         <property name="deviceOS" value="Android"/>
         <property name="appiumVersion" value="1.15.1"/>
         <property name="deviceModel" value="Redmi Note 7S"/>
         <property name="hostAddress" value="192.168.0.102"/>
         <property name="deviceManufacturer" value="Xiaomi"/>
         <property name="deviceId" value="11cb9864"/>
         <property name="deviceName" value="Xiaomi Redmi Note 7S (Android 9)"/>
         <property name="deviceOSVersion" value="9"/>
      </properties>
      <testcase name="Test Cases/JINU/DuitNowUpdate/DuitNow Mobile" time="351.984" classname="Test Cases/JINU/DuitNowUpdate/DuitNow Mobile" status="FAILED">
         <failure type="FAILED" message="Test Cases/JINU/DuitNowUpdate/DuitNow Mobile FAILED.
Reason:
com.kms.katalon.core.exception.StepFailedException: Element 'Object Repository/Maya/spy/android.widget.TextView0 - Your TAC no. is 822872v3' not found
	at com.kms.katalon.core.keyword.internal.KeywordMain.stepFailed(KeywordMain.groovy:39)
	at com.kms.katalon.core.mobile.keyword.internal.MobileKeywordMain.stepFailed(MobileKeywordMain.groovy:40)
	at com.kms.katalon.core.mobile.keyword.builtin.VerifyElementExistKeyword$_verifyElementExist_closure1.doCall(VerifyElementExistKeyword.groovy:77)
	at com.kms.katalon.core.mobile.keyword.builtin.VerifyElementExistKeyword$_verifyElementExist_closure1.call(VerifyElementExistKeyword.groovy)
	at com.kms.katalon.core.mobile.keyword.internal.MobileKeywordMain.runKeyword(MobileKeywordMain.groovy:21)
	at com.kms.katalon.core.mobile.keyword.builtin.VerifyElementExistKeyword.verifyElementExist(VerifyElementExistKeyword.groovy:80)
	at com.kms.katalon.core.mobile.keyword.builtin.VerifyElementExistKeyword.execute(VerifyElementExistKeyword.groovy:64)
	at com.kms.katalon.core.keyword.internal.KeywordExecutor.executeKeywordForPlatform(KeywordExecutor.groovy:72)
	at com.kms.katalon.core.mobile.keyword.MobileBuiltInKeywords.verifyElementExist(MobileBuiltInKeywords.groovy:809)
	at com.kms.katalon.core.mobile.keyword.MobileBuiltInKeywords$verifyElementExist$5.call(Unknown Source)
	at DuitNow Mobile.run(DuitNow Mobile:231)
	at com.kms.katalon.core.main.ScriptEngine.run(ScriptEngine.java:194)
	at com.kms.katalon.core.main.ScriptEngine.runScriptAsRawText(ScriptEngine.java:119)
	at com.kms.katalon.core.main.TestCaseExecutor.runScript(TestCaseExecutor.java:337)
	at com.kms.katalon.core.main.TestCaseExecutor.doExecute(TestCaseExecutor.java:328)
	at com.kms.katalon.core.main.TestCaseExecutor.processExecutionPhase(TestCaseExecutor.java:307)
	at com.kms.katalon.core.main.TestCaseExecutor.accessMainPhase(TestCaseExecutor.java:299)
	at com.kms.katalon.core.main.TestCaseExecutor.execute(TestCaseExecutor.java:233)
	at com.kms.katalon.core.main.TestSuiteExecutor.accessTestCaseMainPhase(TestSuiteExecutor.java:169)
	at com.kms.katalon.core.main.TestSuiteExecutor.accessTestSuiteMainPhase(TestSuiteExecutor.java:142)
	at com.kms.katalon.core.main.TestSuiteExecutor.execute(TestSuiteExecutor.java:91)
	at com.kms.katalon.core.main.TestCaseMain.startTestSuite(TestCaseMain.java:157)
	at com.kms.katalon.core.main.TestCaseMain$startTestSuite$0.call(Unknown Source)
	at TempTestSuite1597641356181.run(TempTestSuite1597641356181.groovy:36)
"/>
         <system-out><![CDATA[2020-08-17 13:15:59 - [TEST_CASE][FAILED] - Test Cases/JINU/DuitNowUpdate/DuitNow Mobile: Test Cases/JINU/DuitNowUpdate/DuitNow Mobile FAILED.
Reason:
com.kms.katalon.core.exception.StepFailedException: Element 'Object Repository/Maya/spy/android.widget.TextView0 - Your TAC no. is 822872v3' not found
	at com.kms.katalon.core.keyword.internal.KeywordMain.stepFailed(KeywordMain.groovy:39)
	at com.kms.katalon.core.mobile.keyword.internal.MobileKeywordMain.stepFailed(MobileKeywordMain.groovy:40)
	at com.kms.katalon.core.mobile.keyword.builtin.VerifyElementExistKeyword$_verifyElementExist_closure1.doCall(VerifyElementExistKeyword.groovy:77)
	at com.kms.katalon.core.mobile.keyword.builtin.VerifyElementExistKeyword$_verifyElementExist_closure1.call(VerifyElementExistKeyword.groovy)
	at com.kms.katalon.core.mobile.keyword.internal.MobileKeywordMain.runKeyword(MobileKeywordMain.groovy:21)
	at com.kms.katalon.core.mobile.keyword.builtin.VerifyElementExistKeyword.verifyElementExist(VerifyElementExistKeyword.groovy:80)
	at com.kms.katalon.core.mobile.keyword.builtin.VerifyElementExistKeyword.execute(VerifyElementExistKeyword.groovy:64)
	at com.kms.katalon.core.keyword.internal.KeywordExecutor.executeKeywordForPlatform(KeywordExecutor.groovy:72)
	at com.kms.katalon.core.mobile.keyword.MobileBuiltInKeywords.verifyElementExist(MobileBuiltInKeywords.groovy:809)
	at com.kms.katalon.core.mobile.keyword.MobileBuiltInKeywords$verifyElementExist$5.call(Unknown Source)
	at DuitNow Mobile.run(DuitNow Mobile:231)
	at com.kms.katalon.core.main.ScriptEngine.run(ScriptEngine.java:194)
	at com.kms.katalon.core.main.ScriptEngine.runScriptAsRawText(ScriptEngine.java:119)
	at com.kms.katalon.core.main.TestCaseExecutor.runScript(TestCaseExecutor.java:337)
	at com.kms.katalon.core.main.TestCaseExecutor.doExecute(TestCaseExecutor.java:328)
	at com.kms.katalon.core.main.TestCaseExecutor.processExecutionPhase(TestCaseExecutor.java:307)
	at com.kms.katalon.core.main.TestCaseExecutor.accessMainPhase(TestCaseExecutor.java:299)
	at com.kms.katalon.core.main.TestCaseExecutor.execute(TestCaseExecutor.java:233)
	at com.kms.katalon.core.main.TestSuiteExecutor.accessTestCaseMainPhase(TestSuiteExecutor.java:169)
	at com.kms.katalon.core.main.TestSuiteExecutor.accessTestSuiteMainPhase(TestSuiteExecutor.java:142)
	at com.kms.katalon.core.main.TestSuiteExecutor.execute(TestSuiteExecutor.java:91)
	at com.kms.katalon.core.main.TestCaseMain.startTestSuite(TestCaseMain.java:157)
	at com.kms.katalon.core.main.TestCaseMain$startTestSuite$0.call(Unknown Source)
	at TempTestSuite1597641356181.run(TempTestSuite1597641356181.groovy:36)


2020-08-17 13:16:01 - [TEST_STEP][PASSED] - startApplication("C:\Users\LENOVO\Katalon Studio\app-uat-universal-release.apk", false): Started app at: 'C:\Users\LENOVO\Katalon Studio\app-uat-universal-release.apk'

2020-08-17 13:16:01 - [MESSAGE][INFO] - User set preference: ['appWaitActivity', '*']

2020-08-17 13:16:01 - [MESSAGE][INFO] - User set preference: ['appWaitPackage', 'com.maybank2u.life.uat']

2020-08-17 13:16:01 - [MESSAGE][INFO] - User set preference: ['appWaitDuration', '50,000']

2020-08-17 13:16:01 - [MESSAGE][INFO] - User set preference: ['deviceId', '11cb9864']

2020-08-17 13:16:04 - [MESSAGE][INFO] - Appium server started on port 55,264

2020-08-17 13:16:27 - [MESSAGE][PASSED] - Started app at: 'C:\Users\LENOVO\Katalon Studio\app-uat-universal-release.apk'

2020-08-17 13:16:27 - [TEST_STEP][PASSED] - delay(10, STOP_ON_FAILURE): Delayed 10 second(s)

2020-08-17 13:16:38 - [MESSAGE][PASSED] - Delayed 10 second(s)

2020-08-17 13:16:38 - [TEST_STEP][PASSED] - tap(findTestObject("duitnow/android.widget.TextView0 - Transfer"), 10): Tapped on element 'Object Repository/duitnow/android.widget.TextView0 - Transfer'

2020-08-17 13:17:38 - [MESSAGE][PASSED] - Tapped on element 'Object Repository/duitnow/android.widget.TextView0 - Transfer'

2020-08-17 13:17:38 - [TEST_STEP][PASSED] - takeScreenshot("C:\Users\LENOVO\Screenshot\Third Party\Screenshot1", STOP_ON_FAILURE): Screenshot is taken

2020-08-17 13:17:40 - [MESSAGE][PASSED] - Screenshot is taken
[[ATTACHMENT|C:\\Users\\LENOVO\\Screenshot\\Third Party\\Screenshot1]]

2020-08-17 13:17:40 - [TEST_STEP][PASSED] - setText(findTestObject("duitnow/android.widget.EditText0"), "pass1234", 0): Text 'pass1234' has been set to element 'Object Repository/duitnow/android.widget.EditText0'

2020-08-17 13:17:40 - [MESSAGE][WARNING] - Timeout '0' is invalid. Using default page load timeout: '10'

2020-08-17 13:17:42 - [MESSAGE][PASSED] - Text 'pass1234' has been set to element 'Object Repository/duitnow/android.widget.EditText0'

2020-08-17 13:17:42 - [TEST_STEP][PASSED] - driver = getDriver(): null

2020-08-17 13:17:42 - [TEST_STEP][PASSED] - driver.pressKeyCode(ENTER): null

2020-08-17 13:17:43 - [TEST_STEP][PASSED] - takeScreenshot("C:\Users\LENOVO\Screenshot\Third Party\Screenshot2", STOP_ON_FAILURE): Screenshot is taken

2020-08-17 13:17:43 - [MESSAGE][PASSED] - Screenshot is taken
[[ATTACHMENT|C:\\Users\\LENOVO\\Screenshot\\Third Party\\Screenshot2]]

2020-08-17 13:17:43 - [TEST_STEP][PASSED] - delay(5, STOP_ON_FAILURE): Delayed 5 second(s)

2020-08-17 13:17:48 - [MESSAGE][PASSED] - Delayed 5 second(s)

2020-08-17 13:17:48 - [TEST_STEP][PASSED] - tapAndHoldAtPosition(627, 376, 2): Tapped and held at [627, 376] with duration 2

2020-08-17 13:17:52 - [MESSAGE][PASSED] - Tapped and held at [627, 376] with duration 2

2020-08-17 13:17:52 - [TEST_STEP][PASSED] - delay(2, STOP_ON_FAILURE): Delayed 2 second(s)

2020-08-17 13:17:54 - [MESSAGE][PASSED] - Delayed 2 second(s)

2020-08-17 13:17:54 - [TEST_STEP][PASSED] - tapAndHoldAtPosition(451, 727, 2): Tapped and held at [451, 727] with duration 2

2020-08-17 13:17:58 - [MESSAGE][PASSED] - Tapped and held at [451, 727] with duration 2

2020-08-17 13:17:58 - [TEST_STEP][PASSED] - delay(10, CONTINUE_ON_FAILURE): Delayed 10 second(s)

2020-08-17 13:18:08 - [MESSAGE][PASSED] - Delayed 10 second(s)

2020-08-17 13:18:08 - [TEST_STEP][PASSED] - getText(findTestObject("duitnow/android.widget.TextView0 - DuitNow"), 0): Text of element 'Object Repository/duitnow/android.widget.TextView0 - DuitNow' is: 'DuitNow'

2020-08-17 13:18:08 - [MESSAGE][WARNING] - Timeout '0' is invalid. Using default page load timeout: '10'

2020-08-17 13:18:09 - [MESSAGE][PASSED] - Text of element 'Object Repository/duitnow/android.widget.TextView0 - DuitNow' is: 'DuitNow'

2020-08-17 13:18:09 - [TEST_STEP][PASSED] - verifyElementExist(findTestObject("duitnow/android.widget.TextView0 - DuitNow"), 0): Element 'Object Repository/duitnow/android.widget.TextView0 - DuitNow' is exist

2020-08-17 13:18:09 - [MESSAGE][WARNING] - Timeout '0' is invalid. Using default page load timeout: '10'

2020-08-17 13:18:10 - [MESSAGE][PASSED] - Element 'Object Repository/duitnow/android.widget.TextView0 - DuitNow' is exist

2020-08-17 13:18:10 - [TEST_STEP][PASSED] - takeScreenshot("C:\Users\LENOVO\Screenshot\Third Party\Screenshot3", STOP_ON_FAILURE): Screenshot is taken

2020-08-17 13:18:11 - [MESSAGE][PASSED] - Screenshot is taken
[[ATTACHMENT|C:\\Users\\LENOVO\\Screenshot\\Third Party\\Screenshot3]]

2020-08-17 13:18:11 - [TEST_STEP][PASSED] - getText(findTestObject("duitnow/android.widget.TextView0 - ID type"), 0): Text of element 'Object Repository/duitnow/android.widget.TextView0 - ID type' is: 'ID type'

2020-08-17 13:18:11 - [MESSAGE][WARNING] - Timeout '0' is invalid. Using default page load timeout: '10'

2020-08-17 13:18:12 - [MESSAGE][PASSED] - Text of element 'Object Repository/duitnow/android.widget.TextView0 - ID type' is: 'ID type'

2020-08-17 13:18:12 - [TEST_STEP][PASSED] - verifyElementExist(findTestObject("duitnow/android.widget.TextView0 - ID type"), 0): Element 'Object Repository/duitnow/android.widget.TextView0 - ID type' is exist

2020-08-17 13:18:12 - [MESSAGE][WARNING] - Timeout '0' is invalid. Using default page load timeout: '10'

2020-08-17 13:18:12 - [MESSAGE][PASSED] - Element 'Object Repository/duitnow/android.widget.TextView0 - ID type' is exist

2020-08-17 13:18:12 - [TEST_STEP][PASSED] - getText(findTestObject("duitnow/android.widget.TextView0 - Mobile Number"), 0): Text of element 'Object Repository/duitnow/android.widget.TextView0 - Mobile Number' is: 'Mobile Number'

2020-08-17 13:18:12 - [MESSAGE][WARNING] - Timeout '0' is invalid. Using default page load timeout: '10'

2020-08-17 13:18:13 - [MESSAGE][PASSED] - Text of element 'Object Repository/duitnow/android.widget.TextView0 - Mobile Number' is: 'Mobile Number'

2020-08-17 13:18:13 - [TEST_STEP][PASSED] - verifyElementExist(findTestObject("duitnow/android.widget.TextView0 - Mobile Number"), 0): Element 'Object Repository/duitnow/android.widget.TextView0 - Mobile Number' is exist

2020-08-17 13:18:13 - [MESSAGE][WARNING] - Timeout '0' is invalid. Using default page load timeout: '10'

2020-08-17 13:18:13 - [MESSAGE][PASSED] - Element 'Object Repository/duitnow/android.widget.TextView0 - Mobile Number' is exist

2020-08-17 13:18:13 - [TEST_STEP][PASSED] - takeScreenshot("C:\Users\LENOVO\Screenshot\Third Party\Screenshot4", STOP_ON_FAILURE): Screenshot is taken

2020-08-17 13:18:14 - [MESSAGE][PASSED] - Screenshot is taken
[[ATTACHMENT|C:\\Users\\LENOVO\\Screenshot\\Third Party\\Screenshot4]]

2020-08-17 13:18:14 - [TEST_STEP][PASSED] - tap(findTestObject("duitnow/android.widget.ImageView0"), 0): Tapped on element 'Object Repository/duitnow/android.widget.ImageView0'

2020-08-17 13:18:14 - [MESSAGE][WARNING] - Timeout '0' is invalid. Using default page load timeout: '10'

2020-08-17 13:18:15 - [MESSAGE][PASSED] - Tapped on element 'Object Repository/duitnow/android.widget.ImageView0'

2020-08-17 13:18:15 - [TEST_STEP][PASSED] - tap(findTestObject("duitnow/android.widget.TextView0 - Home Doc"), 0): Tapped on element 'Object Repository/duitnow/android.widget.TextView0 - Home Doc'

2020-08-17 13:18:15 - [MESSAGE][WARNING] - Timeout '0' is invalid. Using default page load timeout: '10'

2020-08-17 13:18:21 - [MESSAGE][PASSED] - Tapped on element 'Object Repository/duitnow/android.widget.TextView0 - Home Doc'

2020-08-17 13:18:21 - [TEST_STEP][PASSED] - tap(findTestObject("duitnow/android.widget.TextView0 - Continue"), 0): Tapped on element 'Object Repository/duitnow/android.widget.TextView0 - Continue'

2020-08-17 13:18:21 - [MESSAGE][WARNING] - Timeout '0' is invalid. Using default page load timeout: '10'

2020-08-17 13:18:22 - [MESSAGE][PASSED] - Tapped on element 'Object Repository/duitnow/android.widget.TextView0 - Continue'

2020-08-17 13:18:22 - [TEST_STEP][PASSED] - delay(1, CONTINUE_ON_FAILURE): Delayed 1 second(s)

2020-08-17 13:18:23 - [MESSAGE][PASSED] - Delayed 1 second(s)

2020-08-17 13:18:23 - [TEST_STEP][PASSED] - takeScreenshot("C:\Users\LENOVO\Screenshot\Third Party\Screenshot5", STOP_ON_FAILURE): Screenshot is taken

2020-08-17 13:18:24 - [MESSAGE][PASSED] - Screenshot is taken
[[ATTACHMENT|C:\\Users\\LENOVO\\Screenshot\\Third Party\\Screenshot5]]

2020-08-17 13:18:24 - [TEST_STEP][PASSED] - verifyElementExist(findTestObject("Maya/duitnow Mobile/android.widget.TextView0 - The DuitNow ID entered is not valid."), 0): Element 'Object Repository/Maya/duitnow Mobile/android.widget.TextView0 - The DuitNow ID entered is not valid.' is exist

2020-08-17 13:18:24 - [MESSAGE][WARNING] - Timeout '0' is invalid. Using default page load timeout: '10'

2020-08-17 13:18:25 - [MESSAGE][PASSED] - Element 'Object Repository/Maya/duitnow Mobile/android.widget.TextView0 - The DuitNow ID entered is not valid.' is exist

2020-08-17 13:18:25 - [TEST_STEP][PASSED] - clearText(findTestObject("duitnow/android.widget.EditText0 - 918 1098 5083 3"), 0): Element 'Object Repository/duitnow/android.widget.EditText0 - 918 1098 5083 3' text is cleared

2020-08-17 13:18:25 - [MESSAGE][WARNING] - Timeout '0' is invalid. Using default page load timeout: '10'

2020-08-17 13:18:25 - [MESSAGE][PASSED] - Element 'Object Repository/duitnow/android.widget.EditText0 - 918 1098 5083 3' text is cleared

2020-08-17 13:18:25 - [TEST_STEP][PASSED] - setText(findTestObject("duitnow/android.widget.EditText0 (1)"), "123", 0): Text '123' has been set to element 'Object Repository/duitnow/android.widget.EditText0 (1)'

2020-08-17 13:18:25 - [MESSAGE][WARNING] - Timeout '0' is invalid. Using default page load timeout: '10'

2020-08-17 13:18:27 - [MESSAGE][PASSED] - Text '123' has been set to element 'Object Repository/duitnow/android.widget.EditText0 (1)'

2020-08-17 13:18:27 - [TEST_STEP][PASSED] - driver.pressKeyCode(ENTER): null

2020-08-17 13:18:27 - [TEST_STEP][PASSED] - tap(findTestObject("duitnow/android.widget.TextView0 - Continue"), 0): Tapped on element 'Object Repository/duitnow/android.widget.TextView0 - Continue'

2020-08-17 13:18:27 - [MESSAGE][WARNING] - Timeout '0' is invalid. Using default page load timeout: '10'

2020-08-17 13:18:30 - [MESSAGE][PASSED] - Tapped on element 'Object Repository/duitnow/android.widget.TextView0 - Continue'

2020-08-17 13:18:30 - [TEST_STEP][PASSED] - delay(3, CONTINUE_ON_FAILURE): Delayed 3 second(s)

2020-08-17 13:18:33 - [MESSAGE][PASSED] - Delayed 3 second(s)

2020-08-17 13:18:33 - [TEST_STEP][PASSED] - getText(findTestObject("duitnow/android.widget.TextView0 - Please input valid transfer details."), 0): Text of element 'Object Repository/duitnow/android.widget.TextView0 - Please input valid transfer details.' is: 'Please input valid transfer details.'

2020-08-17 13:18:33 - [MESSAGE][WARNING] - Timeout '0' is invalid. Using default page load timeout: '10'

2020-08-17 13:18:33 - [MESSAGE][PASSED] - Text of element 'Object Repository/duitnow/android.widget.TextView0 - Please input valid transfer details.' is: 'Please input valid transfer details.'

2020-08-17 13:18:33 - [TEST_STEP][PASSED] - takeScreenshot("C:\Users\LENOVO\Screenshot\Third Party\Screenshot6", STOP_ON_FAILURE): Screenshot is taken

2020-08-17 13:18:34 - [MESSAGE][PASSED] - Screenshot is taken
[[ATTACHMENT|C:\\Users\\LENOVO\\Screenshot\\Third Party\\Screenshot6]]

2020-08-17 13:18:34 - [TEST_STEP][PASSED] - verifyElementExist(findTestObject("duitnow/android.widget.TextView0 - Please input valid transfer details."), 0): Element 'Object Repository/duitnow/android.widget.TextView0 - Please input valid transfer details.' is exist

2020-08-17 13:18:34 - [MESSAGE][WARNING] - Timeout '0' is invalid. Using default page load timeout: '10'

2020-08-17 13:18:35 - [MESSAGE][PASSED] - Element 'Object Repository/duitnow/android.widget.TextView0 - Please input valid transfer details.' is exist

2020-08-17 13:18:35 - [TEST_STEP][PASSED] - delay(3, CONTINUE_ON_FAILURE): Delayed 3 second(s)

2020-08-17 13:18:38 - [MESSAGE][PASSED] - Delayed 3 second(s)

2020-08-17 13:18:38 - [TEST_STEP][PASSED] - clearText(findTestObject("duitnow/android.widget.EditText0 - 123"), 0, CONTINUE_ON_FAILURE): Element 'Object Repository/duitnow/android.widget.EditText0 - 123' text is cleared

2020-08-17 13:18:38 - [MESSAGE][WARNING] - Timeout '0' is invalid. Using default page load timeout: '10'

2020-08-17 13:18:38 - [MESSAGE][PASSED] - Element 'Object Repository/duitnow/android.widget.EditText0 - 123' text is cleared

2020-08-17 13:18:38 - [TEST_STEP][PASSED] - setText(findTestObject("duitnow/android.widget.EditText0 (1)"), "60109011236", 0): Text '60109011236' has been set to element 'Object Repository/duitnow/android.widget.EditText0 (1)'

2020-08-17 13:18:38 - [MESSAGE][WARNING] - Timeout '0' is invalid. Using default page load timeout: '10'

2020-08-17 13:18:40 - [MESSAGE][PASSED] - Text '60109011236' has been set to element 'Object Repository/duitnow/android.widget.EditText0 (1)'

2020-08-17 13:18:40 - [TEST_STEP][PASSED] - tap(findTestObject("duitnow/android.widget.TextView0 - Continue"), 0): Tapped on element 'Object Repository/duitnow/android.widget.TextView0 - Continue'

2020-08-17 13:18:40 - [MESSAGE][WARNING] - Timeout '0' is invalid. Using default page load timeout: '10'

2020-08-17 13:18:41 - [MESSAGE][PASSED] - Tapped on element 'Object Repository/duitnow/android.widget.TextView0 - Continue'

2020-08-17 13:18:41 - [TEST_STEP][PASSED] - delay(10, CONTINUE_ON_FAILURE): Delayed 10 second(s)

2020-08-17 13:18:51 - [MESSAGE][PASSED] - Delayed 10 second(s)

2020-08-17 13:18:51 - [TEST_STEP][PASSED] - getText(findTestObject("duitnow/android.widget.TextView0 - 601 3600 0045"), 0): Text of element 'Object Repository/duitnow/android.widget.TextView0 - 601 3600 0045' is: '601 0901 1236'

2020-08-17 13:18:52 - [MESSAGE][WARNING] - Timeout '0' is invalid. Using default page load timeout: '10'

2020-08-17 13:18:52 - [MESSAGE][PASSED] - Text of element 'Object Repository/duitnow/android.widget.TextView0 - 601 3600 0045' is: '601 0901 1236'

2020-08-17 13:18:52 - [TEST_STEP][PASSED] - verifyElementExist(findTestObject("duitnow/android.widget.TextView0 - 601 3600 0045"), 0): Element 'Object Repository/duitnow/android.widget.TextView0 - 601 3600 0045' is exist

2020-08-17 13:18:52 - [MESSAGE][WARNING] - Timeout '0' is invalid. Using default page load timeout: '10'

2020-08-17 13:18:52 - [MESSAGE][PASSED] - Element 'Object Repository/duitnow/android.widget.TextView0 - 601 3600 0045' is exist

2020-08-17 13:18:52 - [TEST_STEP][PASSED] - getText(findTestObject("duitnow/android.widget.TextView0 - Mobile Number (1)"), 0): Text of element 'Object Repository/duitnow/android.widget.TextView0 - Mobile Number (1)' is: 'Mobile Number'

2020-08-17 13:18:52 - [MESSAGE][WARNING] - Timeout '0' is invalid. Using default page load timeout: '10'

2020-08-17 13:18:53 - [MESSAGE][PASSED] - Text of element 'Object Repository/duitnow/android.widget.TextView0 - Mobile Number (1)' is: 'Mobile Number'

2020-08-17 13:18:53 - [TEST_STEP][PASSED] - takeScreenshot("C:\Users\LENOVO\Screenshot\Third Party\Screenshot7", STOP_ON_FAILURE): Screenshot is taken

2020-08-17 13:18:54 - [MESSAGE][PASSED] - Screenshot is taken
[[ATTACHMENT|C:\\Users\\LENOVO\\Screenshot\\Third Party\\Screenshot7]]

2020-08-17 13:18:55 - [TEST_STEP][PASSED] - verifyElementExist(findTestObject("duitnow/android.widget.TextView0 - Mobile Number (1)"), 0): Element 'Object Repository/duitnow/android.widget.TextView0 - Mobile Number (1)' is exist

2020-08-17 13:18:55 - [MESSAGE][WARNING] - Timeout '0' is invalid. Using default page load timeout: '10'

2020-08-17 13:18:55 - [MESSAGE][PASSED] - Element 'Object Repository/duitnow/android.widget.TextView0 - Mobile Number (1)' is exist

2020-08-17 13:18:55 - [TEST_STEP][PASSED] - delay(10, CONTINUE_ON_FAILURE): Delayed 10 second(s)

2020-08-17 13:19:05 - [MESSAGE][PASSED] - Delayed 10 second(s)

2020-08-17 13:19:05 - [TEST_STEP][PASSED] - getText(findTestObject("duitnow/android.widget.TextView0 - Enter amount"), 0): Text of element 'Object Repository/duitnow/android.widget.TextView0 - Enter amount' is: 'Enter amount'

2020-08-17 13:19:05 - [MESSAGE][WARNING] - Timeout '0' is invalid. Using default page load timeout: '10'

2020-08-17 13:19:05 - [MESSAGE][PASSED] - Text of element 'Object Repository/duitnow/android.widget.TextView0 - Enter amount' is: 'Enter amount'

2020-08-17 13:19:05 - [TEST_STEP][PASSED] - verifyElementExist(findTestObject("duitnow/android.widget.TextView0 - Enter amount"), 0): Element 'Object Repository/duitnow/android.widget.TextView0 - Enter amount' is exist

2020-08-17 13:19:05 - [MESSAGE][WARNING] - Timeout '0' is invalid. Using default page load timeout: '10'

2020-08-17 13:19:06 - [MESSAGE][PASSED] - Element 'Object Repository/duitnow/android.widget.TextView0 - Enter amount' is exist

2020-08-17 13:19:06 - [TEST_STEP][PASSED] - delay(0, CONTINUE_ON_FAILURE): Delayed 0 second(s)

2020-08-17 13:19:06 - [MESSAGE][PASSED] - Delayed 0 second(s)

2020-08-17 13:19:06 - [TEST_STEP][PASSED] - tap(findTestObject("duitnow/android.widget.ImageView0 (1)"), 0): Tapped on element 'Object Repository/duitnow/android.widget.ImageView0 (1)'

2020-08-17 13:19:06 - [MESSAGE][WARNING] - Timeout '0' is invalid. Using default page load timeout: '10'

2020-08-17 13:19:06 - [MESSAGE][PASSED] - Tapped on element 'Object Repository/duitnow/android.widget.ImageView0 (1)'

2020-08-17 13:19:06 - [TEST_STEP][PASSED] - driver.pressKeyCode(ENTER): null

2020-08-17 13:19:07 - [TEST_STEP][PASSED] - takeScreenshot("C:\Users\LENOVO\Screenshot\Third Party\Screenshot9", STOP_ON_FAILURE): Screenshot is taken

2020-08-17 13:19:08 - [MESSAGE][PASSED] - Screenshot is taken
[[ATTACHMENT|C:\\Users\\LENOVO\\Screenshot\\Third Party\\Screenshot9]]

2020-08-17 13:19:08 - [TEST_STEP][PASSED] - getText(findTestObject("duitnow/android.widget.TextView0 - Amount needs to be at least RM 0.01."), 0): Text of element 'Object Repository/duitnow/android.widget.TextView0 - Amount needs to be at least RM 0.01.' is: 'Amount needs to be at least RM 0.01.'

2020-08-17 13:19:08 - [MESSAGE][WARNING] - Timeout '0' is invalid. Using default page load timeout: '10'

2020-08-17 13:19:08 - [MESSAGE][PASSED] - Text of element 'Object Repository/duitnow/android.widget.TextView0 - Amount needs to be at least RM 0.01.' is: 'Amount needs to be at least RM 0.01.'

2020-08-17 13:19:08 - [TEST_STEP][PASSED] - verifyElementExist(findTestObject("duitnow/android.widget.TextView0 - Amount needs to be at least RM 0.01."), 0): Element 'Object Repository/duitnow/android.widget.TextView0 - Amount needs to be at least RM 0.01.' is exist

2020-08-17 13:19:08 - [MESSAGE][WARNING] - Timeout '0' is invalid. Using default page load timeout: '10'

2020-08-17 13:19:08 - [MESSAGE][PASSED] - Element 'Object Repository/duitnow/android.widget.TextView0 - Amount needs to be at least RM 0.01.' is exist

2020-08-17 13:19:08 - [TEST_STEP][PASSED] - delay(10, CONTINUE_ON_FAILURE): Delayed 10 second(s)

2020-08-17 13:19:18 - [MESSAGE][PASSED] - Delayed 10 second(s)

2020-08-17 13:19:18 - [TEST_STEP][PASSED] - tap(findTestObject("duitnow/android.widget.TextView0 - 2"), 0): Tapped on element 'Object Repository/duitnow/android.widget.TextView0 - 2'

2020-08-17 13:19:18 - [MESSAGE][WARNING] - Timeout '0' is invalid. Using default page load timeout: '10'

2020-08-17 13:19:19 - [MESSAGE][PASSED] - Tapped on element 'Object Repository/duitnow/android.widget.TextView0 - 2'

2020-08-17 13:19:19 - [TEST_STEP][PASSED] - tap(findTestObject("duitnow/android.widget.TextView0 - 0"), 0): Tapped on element 'Object Repository/duitnow/android.widget.TextView0 - 0'

2020-08-17 13:19:19 - [MESSAGE][WARNING] - Timeout '0' is invalid. Using default page load timeout: '10'

2020-08-17 13:19:22 - [MESSAGE][PASSED] - Tapped on element 'Object Repository/duitnow/android.widget.TextView0 - 0'

2020-08-17 13:19:22 - [TEST_STEP][PASSED] - tap(findTestObject("duitnow/android.widget.TextView0 - 0"), 0): Tapped on element 'Object Repository/duitnow/android.widget.TextView0 - 0'

2020-08-17 13:19:22 - [MESSAGE][WARNING] - Timeout '0' is invalid. Using default page load timeout: '10'

2020-08-17 13:19:25 - [MESSAGE][PASSED] - Tapped on element 'Object Repository/duitnow/android.widget.TextView0 - 0'

2020-08-17 13:19:25 - [TEST_STEP][PASSED] - takeScreenshot("C:\Users\LENOVO\Screenshot\Third Party\Screenshot10", STOP_ON_FAILURE): Screenshot is taken

2020-08-17 13:19:26 - [MESSAGE][PASSED] - Screenshot is taken
[[ATTACHMENT|C:\\Users\\LENOVO\\Screenshot\\Third Party\\Screenshot10]]

2020-08-17 13:19:26 - [TEST_STEP][PASSED] - tap(findTestObject("duitnow/android.widget.ImageView0 (1)"), 0): Tapped on element 'Object Repository/duitnow/android.widget.ImageView0 (1)'

2020-08-17 13:19:26 - [MESSAGE][WARNING] - Timeout '0' is invalid. Using default page load timeout: '10'

2020-08-17 13:19:27 - [MESSAGE][PASSED] - Tapped on element 'Object Repository/duitnow/android.widget.ImageView0 (1)'

2020-08-17 13:19:27 - [TEST_STEP][PASSED] - getText(findTestObject("duitnow/android.widget.TextView0 - Enter recipient reference"), 0): Text of element 'Object Repository/duitnow/android.widget.TextView0 - Enter recipient reference' is: 'Enter recipient reference'

2020-08-17 13:19:27 - [MESSAGE][WARNING] - Timeout '0' is invalid. Using default page load timeout: '10'

2020-08-17 13:19:29 - [MESSAGE][PASSED] - Text of element 'Object Repository/duitnow/android.widget.TextView0 - Enter recipient reference' is: 'Enter recipient reference'

2020-08-17 13:19:29 - [TEST_STEP][PASSED] - getText(findTestObject("duitnow/android.widget.TextView0 - 601 3600 0045 (1)"), 0): Text of element 'Object Repository/duitnow/android.widget.TextView0 - 601 3600 0045 (1)' is: '601 0901 1236'

2020-08-17 13:19:29 - [MESSAGE][WARNING] - Timeout '0' is invalid. Using default page load timeout: '10'

2020-08-17 13:19:29 - [MESSAGE][PASSED] - Text of element 'Object Repository/duitnow/android.widget.TextView0 - 601 3600 0045 (1)' is: '601 0901 1236'

2020-08-17 13:19:29 - [TEST_STEP][PASSED] - verifyElementExist(findTestObject("duitnow/android.widget.TextView0 - 601 3600 0045 (1)"), 0): Element 'Object Repository/duitnow/android.widget.TextView0 - 601 3600 0045 (1)' is exist

2020-08-17 13:19:29 - [MESSAGE][WARNING] - Timeout '0' is invalid. Using default page load timeout: '10'

2020-08-17 13:19:30 - [MESSAGE][PASSED] - Element 'Object Repository/duitnow/android.widget.TextView0 - 601 3600 0045 (1)' is exist

2020-08-17 13:19:30 - [TEST_STEP][PASSED] - hideKeyboard(): Keyboard is hidden

2020-08-17 13:19:34 - [MESSAGE][PASSED] - Keyboard is hidden

2020-08-17 13:19:34 - [TEST_STEP][PASSED] - tap(findTestObject("duitnow/android.widget.TextView0 - Continue (1)"), 0): Tapped on element 'Object Repository/duitnow/android.widget.TextView0 - Continue (1)'

2020-08-17 13:19:34 - [MESSAGE][WARNING] - Timeout '0' is invalid. Using default page load timeout: '10'

2020-08-17 13:19:37 - [MESSAGE][PASSED] - Tapped on element 'Object Repository/duitnow/android.widget.TextView0 - Continue (1)'

2020-08-17 13:19:37 - [TEST_STEP][PASSED] - setText(findTestObject("Maya/duitnow/android.widget.EditText0 (2)"), "@@", 0): Text '@@' has been set to element 'Object Repository/Maya/duitnow/android.widget.EditText0 (2)'

2020-08-17 13:19:37 - [MESSAGE][WARNING] - Timeout '0' is invalid. Using default page load timeout: '10'

2020-08-17 13:19:38 - [MESSAGE][PASSED] - Text '@@' has been set to element 'Object Repository/Maya/duitnow/android.widget.EditText0 (2)'

2020-08-17 13:19:38 - [TEST_STEP][PASSED] - driver.pressKeyCode(ENTER): null

2020-08-17 13:19:39 - [TEST_STEP][PASSED] - getText(findTestObject("Maya/duitnow/android.widget.TextView0 - Please input a valid recipient reference."), 0): Text of element 'Object Repository/Maya/duitnow/android.widget.TextView0 - Please input a valid recipient reference.' is: 'Please input a valid recipient reference.'

2020-08-17 13:19:39 - [MESSAGE][WARNING] - Timeout '0' is invalid. Using default page load timeout: '10'

2020-08-17 13:19:39 - [MESSAGE][PASSED] - Text of element 'Object Repository/Maya/duitnow/android.widget.TextView0 - Please input a valid recipient reference.' is: 'Please input a valid recipient reference.'

2020-08-17 13:19:39 - [TEST_STEP][PASSED] - takeScreenshot("C:\Users\LENOVO\Screenshot\Third Party\Screenshot11", STOP_ON_FAILURE): Screenshot is taken

2020-08-17 13:19:40 - [MESSAGE][PASSED] - Screenshot is taken
[[ATTACHMENT|C:\\Users\\LENOVO\\Screenshot\\Third Party\\Screenshot11]]

2020-08-17 13:19:40 - [TEST_STEP][PASSED] - verifyElementExist(findTestObject("Maya/duitnow/android.widget.TextView0 - Please input a valid recipient reference."), 0): Element 'Object Repository/Maya/duitnow/android.widget.TextView0 - Please input a valid recipient reference.' is exist

2020-08-17 13:19:41 - [MESSAGE][WARNING] - Timeout '0' is invalid. Using default page load timeout: '10'

2020-08-17 13:19:41 - [MESSAGE][PASSED] - Element 'Object Repository/Maya/duitnow/android.widget.TextView0 - Please input a valid recipient reference.' is exist

2020-08-17 13:19:41 - [TEST_STEP][PASSED] - clearText(findTestObject("Maya/duitnow/android.widget.EditText0 - "), 0): Element 'Object Repository/Maya/duitnow/android.widget.EditText0 - ' text is cleared

2020-08-17 13:19:41 - [MESSAGE][WARNING] - Timeout '0' is invalid. Using default page load timeout: '10'

2020-08-17 13:19:41 - [MESSAGE][PASSED] - Element 'Object Repository/Maya/duitnow/android.widget.EditText0 - ' text is cleared

2020-08-17 13:19:41 - [TEST_STEP][PASSED] - setText(findTestObject("Maya/duitnow/android.widget.EditText0 (3)"), "DuTest", 0): Text 'DuTest' has been set to element 'Object Repository/Maya/duitnow/android.widget.EditText0 (3)'

2020-08-17 13:19:41 - [MESSAGE][WARNING] - Timeout '0' is invalid. Using default page load timeout: '10'

2020-08-17 13:19:43 - [MESSAGE][PASSED] - Text 'DuTest' has been set to element 'Object Repository/Maya/duitnow/android.widget.EditText0 (3)'

2020-08-17 13:19:43 - [TEST_STEP][PASSED] - takeScreenshot("C:\Users\LENOVO\Screenshot\Third Party\Screenshot12", STOP_ON_FAILURE): Screenshot is taken

2020-08-17 13:19:44 - [MESSAGE][PASSED] - Screenshot is taken
[[ATTACHMENT|C:\\Users\\LENOVO\\Screenshot\\Third Party\\Screenshot12]]

2020-08-17 13:19:44 - [TEST_STEP][PASSED] - tap(findTestObject("Maya/duitnow/android.widget.TextView0 - Continue (1)"), 0): Tapped on element 'Object Repository/Maya/duitnow/android.widget.TextView0 - Continue (1)'

2020-08-17 13:19:44 - [MESSAGE][WARNING] - Timeout '0' is invalid. Using default page load timeout: '10'

2020-08-17 13:19:46 - [MESSAGE][PASSED] - Tapped on element 'Object Repository/Maya/duitnow/android.widget.TextView0 - Continue (1)'

2020-08-17 13:19:46 - [TEST_STEP][PASSED] - delay(5, CONTINUE_ON_FAILURE): Delayed 5 second(s)

2020-08-17 13:19:51 - [MESSAGE][PASSED] - Delayed 5 second(s)

2020-08-17 13:19:51 - [TEST_STEP][PASSED] - getText(findTestObject("Maya/duitnow/android.widget.TextView0 - Confirmation"), 0): Text of element 'Object Repository/Maya/duitnow/android.widget.TextView0 - Confirmation' is: 'Confirmation'

2020-08-17 13:19:51 - [MESSAGE][WARNING] - Timeout '0' is invalid. Using default page load timeout: '10'

2020-08-17 13:19:51 - [MESSAGE][PASSED] - Text of element 'Object Repository/Maya/duitnow/android.widget.TextView0 - Confirmation' is: 'Confirmation'

2020-08-17 13:19:51 - [TEST_STEP][PASSED] - getText(findTestObject("Maya/duitnow/android.widget.TextView0 - 601 3600 0045"), 0): Text of element 'Object Repository/Maya/duitnow/android.widget.TextView0 - 601 3600 0045' is: '601 0901 1236'

2020-08-17 13:19:51 - [MESSAGE][WARNING] - Timeout '0' is invalid. Using default page load timeout: '10'

2020-08-17 13:19:52 - [MESSAGE][PASSED] - Text of element 'Object Repository/Maya/duitnow/android.widget.TextView0 - 601 3600 0045' is: '601 0901 1236'

2020-08-17 13:19:52 - [TEST_STEP][PASSED] - takeScreenshot("C:\Users\LENOVO\Screenshot\Third Party\Screenshot13", STOP_ON_FAILURE): Screenshot is taken

2020-08-17 13:19:53 - [MESSAGE][PASSED] - Screenshot is taken
[[ATTACHMENT|C:\\Users\\LENOVO\\Screenshot\\Third Party\\Screenshot13]]

2020-08-17 13:19:53 - [TEST_STEP][PASSED] - verifyElementExist(findTestObject("Maya/duitnow/android.widget.TextView0 - 601 3600 0045"), 0): Element 'Object Repository/Maya/duitnow/android.widget.TextView0 - 601 3600 0045' is exist

2020-08-17 13:19:53 - [MESSAGE][WARNING] - Timeout '0' is invalid. Using default page load timeout: '10'

2020-08-17 13:19:53 - [MESSAGE][PASSED] - Element 'Object Repository/Maya/duitnow/android.widget.TextView0 - 601 3600 0045' is exist

2020-08-17 13:19:53 - [TEST_STEP][PASSED] - getText(findTestObject("Maya/duitnow/android.widget.TextView0 - Date"), 0): Text of element 'Object Repository/Maya/duitnow/android.widget.TextView0 - Date' is: 'Date'

2020-08-17 13:19:54 - [MESSAGE][WARNING] - Timeout '0' is invalid. Using default page load timeout: '10'

2020-08-17 13:19:54 - [MESSAGE][PASSED] - Text of element 'Object Repository/Maya/duitnow/android.widget.TextView0 - Date' is: 'Date'

2020-08-17 13:19:54 - [TEST_STEP][PASSED] - verifyElementExist(findTestObject("Maya/duitnow/android.widget.TextView0 - Date"), 0): Element 'Object Repository/Maya/duitnow/android.widget.TextView0 - Date' is exist

2020-08-17 13:19:54 - [MESSAGE][WARNING] - Timeout '0' is invalid. Using default page load timeout: '10'

2020-08-17 13:19:55 - [MESSAGE][PASSED] - Element 'Object Repository/Maya/duitnow/android.widget.TextView0 - Date' is exist

2020-08-17 13:19:55 - [TEST_STEP][PASSED] - tap(findTestObject("Maya/duitnow/android.widget.TextView0 - One-Off Transfer (1)"), 0): Tapped on element 'Object Repository/Maya/duitnow/android.widget.TextView0 - One-Off Transfer (1)'

2020-08-17 13:19:55 - [MESSAGE][WARNING] - Timeout '0' is invalid. Using default page load timeout: '10'

2020-08-17 13:19:56 - [MESSAGE][PASSED] - Tapped on element 'Object Repository/Maya/duitnow/android.widget.TextView0 - One-Off Transfer (1)'

2020-08-17 13:19:56 - [TEST_STEP][PASSED] - takeScreenshot("C:\Users\LENOVO\Screenshot\Third Party\Screenshot14", STOP_ON_FAILURE): Screenshot is taken

2020-08-17 13:19:57 - [MESSAGE][PASSED] - Screenshot is taken
[[ATTACHMENT|C:\\Users\\LENOVO\\Screenshot\\Third Party\\Screenshot14]]

2020-08-17 13:19:57 - [TEST_STEP][PASSED] - tap(findTestObject("Maya/duitnow/android.widget.TextView0 - Done (2)"), 0): Tapped on element 'Object Repository/Maya/duitnow/android.widget.TextView0 - Done (2)'

2020-08-17 13:19:57 - [MESSAGE][WARNING] - Timeout '0' is invalid. Using default page load timeout: '10'

2020-08-17 13:19:59 - [MESSAGE][PASSED] - Tapped on element 'Object Repository/Maya/duitnow/android.widget.TextView0 - Done (2)'

2020-08-17 13:19:59 - [TEST_STEP][PASSED] - getText(findTestObject("Maya/duitnow/android.widget.TextView0 - ID type"), 0): Text of element 'Object Repository/Maya/duitnow/android.widget.TextView0 - ID type' is: 'ID type'

2020-08-17 13:19:59 - [MESSAGE][WARNING] - Timeout '0' is invalid. Using default page load timeout: '10'

2020-08-17 13:19:59 - [MESSAGE][PASSED] - Text of element 'Object Repository/Maya/duitnow/android.widget.TextView0 - ID type' is: 'ID type'

2020-08-17 13:19:59 - [TEST_STEP][PASSED] - verifyElementExist(findTestObject("Maya/duitnow/android.widget.TextView0 - ID type"), 0): Element 'Object Repository/Maya/duitnow/android.widget.TextView0 - ID type' is exist

2020-08-17 13:20:00 - [MESSAGE][WARNING] - Timeout '0' is invalid. Using default page load timeout: '10'

2020-08-17 13:20:00 - [MESSAGE][PASSED] - Element 'Object Repository/Maya/duitnow/android.widget.TextView0 - ID type' is exist

2020-08-17 13:20:00 - [TEST_STEP][PASSED] - getText(findTestObject("Maya/duitnow/android.widget.TextView0 - Mobile Number"), 0): Text of element 'Object Repository/Maya/duitnow/android.widget.TextView0 - Mobile Number' is: 'Mobile Number'

2020-08-17 13:20:00 - [MESSAGE][WARNING] - Timeout '0' is invalid. Using default page load timeout: '10'

2020-08-17 13:20:00 - [MESSAGE][PASSED] - Text of element 'Object Repository/Maya/duitnow/android.widget.TextView0 - Mobile Number' is: 'Mobile Number'

2020-08-17 13:20:00 - [TEST_STEP][PASSED] - takeScreenshot("C:\Users\LENOVO\Screenshot\Third Party\Screenshot16", STOP_ON_FAILURE): Screenshot is taken

2020-08-17 13:20:01 - [MESSAGE][PASSED] - Screenshot is taken
[[ATTACHMENT|C:\\Users\\LENOVO\\Screenshot\\Third Party\\Screenshot16]]

2020-08-17 13:20:01 - [TEST_STEP][PASSED] - verifyElementExist(findTestObject("Maya/duitnow/android.widget.TextView0 - Mobile Number"), 0): Element 'Object Repository/Maya/duitnow/android.widget.TextView0 - Mobile Number' is exist

2020-08-17 13:20:01 - [MESSAGE][WARNING] - Timeout '0' is invalid. Using default page load timeout: '10'

2020-08-17 13:20:02 - [MESSAGE][PASSED] - Element 'Object Repository/Maya/duitnow/android.widget.TextView0 - Mobile Number' is exist

2020-08-17 13:20:02 - [TEST_STEP][PASSED] - tap(findTestObject("Maya/duitnow/android.widget.TextView0 - Today (2)"), 0): Tapped on element 'Object Repository/Maya/duitnow/android.widget.TextView0 - Today (2)'

2020-08-17 13:20:02 - [MESSAGE][WARNING] - Timeout '0' is invalid. Using default page load timeout: '10'

2020-08-17 13:20:04 - [MESSAGE][PASSED] - Tapped on element 'Object Repository/Maya/duitnow/android.widget.TextView0 - Today (2)'

2020-08-17 13:20:04 - [TEST_STEP][PASSED] - tap(findTestObject("Maya/duitnow/android.widget.TextView0 - One-Off Transfer (1)"), 0): Tapped on element 'Object Repository/Maya/duitnow/android.widget.TextView0 - One-Off Transfer (1)'

2020-08-17 13:20:04 - [MESSAGE][WARNING] - Timeout '0' is invalid. Using default page load timeout: '10'

2020-08-17 13:20:06 - [MESSAGE][PASSED] - Tapped on element 'Object Repository/Maya/duitnow/android.widget.TextView0 - One-Off Transfer (1)'

2020-08-17 13:20:06 - [TEST_STEP][PASSED] - takeScreenshot("C:\Users\LENOVO\Screenshot\Third Party\Screenshot17", STOP_ON_FAILURE): Screenshot is taken

2020-08-17 13:20:07 - [MESSAGE][PASSED] - Screenshot is taken
[[ATTACHMENT|C:\\Users\\LENOVO\\Screenshot\\Third Party\\Screenshot17]]

2020-08-17 13:20:07 - [TEST_STEP][PASSED] - tap(findTestObject("Maya/duitnow/android.widget.TextView0 - DuTest"), 0): Tapped on element 'Object Repository/Maya/duitnow/android.widget.TextView0 - DuTest'

2020-08-17 13:20:07 - [MESSAGE][WARNING] - Timeout '0' is invalid. Using default page load timeout: '10'

2020-08-17 13:20:09 - [MESSAGE][PASSED] - Tapped on element 'Object Repository/Maya/duitnow/android.widget.TextView0 - DuTest'

2020-08-17 13:20:09 - [TEST_STEP][PASSED] - getText(findTestObject("Maya/duitnow/android.widget.TextView0 - Enter recipient reference"), 0): Text of element 'Object Repository/Maya/duitnow/android.widget.TextView0 - Enter recipient reference' is: 'Enter recipient reference'

2020-08-17 13:20:09 - [MESSAGE][WARNING] - Timeout '0' is invalid. Using default page load timeout: '10'

2020-08-17 13:20:10 - [MESSAGE][PASSED] - Text of element 'Object Repository/Maya/duitnow/android.widget.TextView0 - Enter recipient reference' is: 'Enter recipient reference'

2020-08-17 13:20:10 - [TEST_STEP][PASSED] - verifyElementExist(findTestObject("Maya/duitnow/android.widget.TextView0 - Enter recipient reference"), 0): Element 'Object Repository/Maya/duitnow/android.widget.TextView0 - Enter recipient reference' is exist

2020-08-17 13:20:10 - [MESSAGE][WARNING] - Timeout '0' is invalid. Using default page load timeout: '10'

2020-08-17 13:20:10 - [MESSAGE][PASSED] - Element 'Object Repository/Maya/duitnow/android.widget.TextView0 - Enter recipient reference' is exist

2020-08-17 13:20:10 - [TEST_STEP][PASSED] - getText(findTestObject("Maya/duitnow/android.widget.TextView0 - Mobile Number"), 0): Text of element 'Object Repository/Maya/duitnow/android.widget.TextView0 - Mobile Number' is: 'Mobile Number'

2020-08-17 13:20:10 - [MESSAGE][WARNING] - Timeout '0' is invalid. Using default page load timeout: '10'

2020-08-17 13:20:11 - [MESSAGE][PASSED] - Text of element 'Object Repository/Maya/duitnow/android.widget.TextView0 - Mobile Number' is: 'Mobile Number'

2020-08-17 13:20:11 - [TEST_STEP][PASSED] - verifyElementExist(findTestObject("Maya/duitnow/android.widget.TextView0 - Mobile Number"), 0): Element 'Object Repository/Maya/duitnow/android.widget.TextView0 - Mobile Number' is exist

2020-08-17 13:20:11 - [MESSAGE][WARNING] - Timeout '0' is invalid. Using default page load timeout: '10'

2020-08-17 13:20:11 - [MESSAGE][PASSED] - Element 'Object Repository/Maya/duitnow/android.widget.TextView0 - Mobile Number' is exist

2020-08-17 13:20:11 - [TEST_STEP][PASSED] - tap(findTestObject("Maya/duitnow/android.widget.TextView0 - Continue (1)"), 0): Tapped on element 'Object Repository/Maya/duitnow/android.widget.TextView0 - Continue (1)'

2020-08-17 13:20:11 - [MESSAGE][WARNING] - Timeout '0' is invalid. Using default page load timeout: '10'

2020-08-17 13:20:13 - [MESSAGE][PASSED] - Tapped on element 'Object Repository/Maya/duitnow/android.widget.TextView0 - Continue (1)'

2020-08-17 13:20:13 - [TEST_STEP][PASSED] - tap(findTestObject("Maya/duitnow/android.widget.TextView0 - RM 0.25"), 0): Tapped on element 'Object Repository/Maya/duitnow/android.widget.TextView0 - RM 0.25'

2020-08-17 13:20:13 - [MESSAGE][WARNING] - Timeout '0' is invalid. Using default page load timeout: '10'

2020-08-17 13:20:14 - [MESSAGE][PASSED] - Tapped on element 'Object Repository/Maya/duitnow/android.widget.TextView0 - RM 0.25'

2020-08-17 13:20:14 - [TEST_STEP][PASSED] - getText(findTestObject("Maya/duitnow/android.widget.TextView0 - Enter amount"), 0): Text of element 'Object Repository/Maya/duitnow/android.widget.TextView0 - Enter amount' is: 'Enter amount'

2020-08-17 13:20:14 - [MESSAGE][WARNING] - Timeout '0' is invalid. Using default page load timeout: '10'

2020-08-17 13:20:16 - [MESSAGE][PASSED] - Text of element 'Object Repository/Maya/duitnow/android.widget.TextView0 - Enter amount' is: 'Enter amount'

2020-08-17 13:20:16 - [TEST_STEP][PASSED] - takeScreenshot("C:\Users\LENOVO\Screenshot\Third Party\Screenshot18", STOP_ON_FAILURE): Screenshot is taken

2020-08-17 13:20:17 - [MESSAGE][PASSED] - Screenshot is taken
[[ATTACHMENT|C:\\Users\\LENOVO\\Screenshot\\Third Party\\Screenshot18]]

2020-08-17 13:20:17 - [TEST_STEP][PASSED] - tap(findTestObject("Maya/duitnow/android.widget.ImageView0 (8)"), 0): Tapped on element 'Object Repository/Maya/duitnow/android.widget.ImageView0 (8)'

2020-08-17 13:20:17 - [MESSAGE][WARNING] - Timeout '0' is invalid. Using default page load timeout: '10'

2020-08-17 13:20:18 - [MESSAGE][PASSED] - Tapped on element 'Object Repository/Maya/duitnow/android.widget.ImageView0 (8)'

2020-08-17 13:20:18 - [TEST_STEP][PASSED] - tap(findTestObject("Maya/duitnow/android.widget.TextView0 - Transfer Now (2)"), 0): Tapped on element 'Object Repository/Maya/duitnow/android.widget.TextView0 - Transfer Now (2)'

2020-08-17 13:20:18 - [MESSAGE][WARNING] - Timeout '0' is invalid. Using default page load timeout: '10'

2020-08-17 13:20:21 - [MESSAGE][PASSED] - Tapped on element 'Object Repository/Maya/duitnow/android.widget.TextView0 - Transfer Now (2)'

2020-08-17 13:20:21 - [TEST_STEP][PASSED] - takeScreenshot("C:\Users\LENOVO\Screenshot\Third Party\Screenshot19", STOP_ON_FAILURE): Screenshot is taken

2020-08-17 13:20:22 - [MESSAGE][PASSED] - Screenshot is taken
[[ATTACHMENT|C:\\Users\\LENOVO\\Screenshot\\Third Party\\Screenshot19]]

2020-08-17 13:20:22 - [TEST_STEP][FAILED] - if (verifyElementExist(findTestObject("Maya/spy/android.widget.TextView0 - Your TAC no. is 822872v3"), 3)): Element 'Object Repository/Maya/spy/android.widget.TextView0 - Your TAC no. is 822872v3' not found

2020-08-17 13:20:26 - [MESSAGE][FAILED] - Element 'Object Repository/Maya/spy/android.widget.TextView0 - Your TAC no. is 822872v3' not found
[[ATTACHMENT|C:\\Users\\LENOVO\\Git_new\\Maya\\Reports\\20200817_131556\\Maya UAT\\UAT Test Suite\\20200817_131556\\1597641625657.png]]

2020-08-17 13:20:26 - [TEST_STEP][PASSED] - if (verifyElementExist(findTestObject("Maya/KLIA/android.widget.TextView0 - Approve"), 0)): null

2020-08-17 13:20:26 - [MESSAGE][WARNING] - Timeout '0' is invalid. Using default page load timeout: '10'

2020-08-17 13:20:26 - [MESSAGE][PASSED] - Element 'Object Repository/Maya/KLIA/android.widget.TextView0 - Approve' is exist

2020-08-17 13:20:26 - [TEST_STEP][PASSED] - delay(2, STOP_ON_FAILURE): Delayed 2 second(s)

2020-08-17 13:20:28 - [MESSAGE][PASSED] - Delayed 2 second(s)

2020-08-17 13:20:28 - [TEST_STEP][PASSED] - tap(findTestObject("Maya/KLIA/android.widget.TextView0 - Approve"), 0): Tapped on element 'Object Repository/Maya/KLIA/android.widget.TextView0 - Approve'

2020-08-17 13:20:29 - [MESSAGE][WARNING] - Timeout '0' is invalid. Using default page load timeout: '10'

2020-08-17 13:20:30 - [MESSAGE][PASSED] - Tapped on element 'Object Repository/Maya/KLIA/android.widget.TextView0 - Approve'

2020-08-17 13:20:30 - [TEST_STEP][PASSED] - delay(5, CONTINUE_ON_FAILURE): Delayed 5 second(s)

2020-08-17 13:20:35 - [MESSAGE][PASSED] - Delayed 5 second(s)

2020-08-17 13:20:35 - [TEST_STEP][PASSED] - getText(findTestObject("Maya/duitnow/android.widget.TextView0 - Reference ID (1)"), 0): Text of element 'Object Repository/Maya/duitnow/android.widget.TextView0 - Reference ID (1)' is: 'Reference ID'

2020-08-17 13:20:35 - [MESSAGE][WARNING] - Timeout '0' is invalid. Using default page load timeout: '10'

2020-08-17 13:20:35 - [MESSAGE][PASSED] - Text of element 'Object Repository/Maya/duitnow/android.widget.TextView0 - Reference ID (1)' is: 'Reference ID'

2020-08-17 13:20:35 - [TEST_STEP][PASSED] - verifyElementExist(findTestObject("Maya/duitnow/android.widget.TextView0 - Reference ID (1)"), 0): Element 'Object Repository/Maya/duitnow/android.widget.TextView0 - Reference ID (1)' is exist

2020-08-17 13:20:35 - [MESSAGE][WARNING] - Timeout '0' is invalid. Using default page load timeout: '10'

2020-08-17 13:20:35 - [MESSAGE][PASSED] - Element 'Object Repository/Maya/duitnow/android.widget.TextView0 - Reference ID (1)' is exist

2020-08-17 13:20:35 - [TEST_STEP][PASSED] - takeScreenshot("C:\Users\LENOVO\Screenshot\Third Party\Screenshot20", STOP_ON_FAILURE): Screenshot is taken

2020-08-17 13:20:36 - [MESSAGE][PASSED] - Screenshot is taken
[[ATTACHMENT|C:\\Users\\LENOVO\\Screenshot\\Third Party\\Screenshot20]]

2020-08-17 13:20:36 - [TEST_STEP][PASSED] - getText(findTestObject("Maya/duitnow/android.widget.TextView0 - Date  time (1)"), 0): Text of element 'Object Repository/Maya/duitnow/android.widget.TextView0 - Date  time (1)' is: 'Date & time'

2020-08-17 13:20:36 - [MESSAGE][WARNING] - Timeout '0' is invalid. Using default page load timeout: '10'

2020-08-17 13:20:36 - [MESSAGE][PASSED] - Text of element 'Object Repository/Maya/duitnow/android.widget.TextView0 - Date  time (1)' is: 'Date & time'

2020-08-17 13:20:36 - [TEST_STEP][PASSED] - verifyElementExist(findTestObject("Maya/duitnow/android.widget.TextView0 - Date  time (1)"), 0): Element 'Object Repository/Maya/duitnow/android.widget.TextView0 - Date  time (1)' is exist

2020-08-17 13:20:36 - [MESSAGE][WARNING] - Timeout '0' is invalid. Using default page load timeout: '10'

2020-08-17 13:20:37 - [MESSAGE][PASSED] - Element 'Object Repository/Maya/duitnow/android.widget.TextView0 - Date  time (1)' is exist

2020-08-17 13:20:37 - [TEST_STEP][PASSED] - takeScreenshot("C:\Users\LENOVO\Screenshot\Third Party\Screenshot22", STOP_ON_FAILURE): Screenshot is taken

2020-08-17 13:20:38 - [MESSAGE][PASSED] - Screenshot is taken
[[ATTACHMENT|C:\\Users\\LENOVO\\Screenshot\\Third Party\\Screenshot22]]

2020-08-17 13:20:38 - [TEST_STEP][PASSED] - getText(findTestObject("Maya/New_Transfer/android.widget.TextView0 - Transfer successful"), 0, STOP_ON_FAILURE): Text of element 'Object Repository/Maya/New_Transfer/android.widget.TextView0 - Transfer successful' is: 'Transfer successful'

2020-08-17 13:20:38 - [MESSAGE][WARNING] - Timeout '0' is invalid. Using default page load timeout: '10'

2020-08-17 13:20:38 - [MESSAGE][PASSED] - Text of element 'Object Repository/Maya/New_Transfer/android.widget.TextView0 - Transfer successful' is: 'Transfer successful'

2020-08-17 13:20:38 - [TEST_STEP][PASSED] - takeScreenshot("C:\Users\LENOVO\Screenshot\Third Party\Screenshot21", STOP_ON_FAILURE): Screenshot is taken

2020-08-17 13:20:39 - [MESSAGE][PASSED] - Screenshot is taken
[[ATTACHMENT|C:\\Users\\LENOVO\\Screenshot\\Third Party\\Screenshot21]]

2020-08-17 13:20:39 - [TEST_STEP][PASSED] - verifyElementExist(findTestObject("Maya/New_Transfer/android.widget.TextView0 - Transfer successful"), 0): Element 'Object Repository/Maya/New_Transfer/android.widget.TextView0 - Transfer successful' is exist

2020-08-17 13:20:39 - [MESSAGE][WARNING] - Timeout '0' is invalid. Using default page load timeout: '10'

2020-08-17 13:20:39 - [MESSAGE][PASSED] - Element 'Object Repository/Maya/New_Transfer/android.widget.TextView0 - Transfer successful' is exist

2020-08-17 13:20:39 - [TEST_STEP][PASSED] - getText(findTestObject("Maya/New_Transfer/android.widget.TextView0 - 17180008563M"), 0): Text of element 'Object Repository/Maya/New_Transfer/android.widget.TextView0 - 17180008563M' is: '17180746215M'

2020-08-17 13:20:39 - [MESSAGE][WARNING] - Timeout '0' is invalid. Using default page load timeout: '10'

2020-08-17 13:20:40 - [MESSAGE][PASSED] - Text of element 'Object Repository/Maya/New_Transfer/android.widget.TextView0 - 17180008563M' is: '17180746215M'

2020-08-17 13:20:40 - [TEST_STEP][PASSED] - verifyElementExist(findTestObject("Maya/New_Transfer/android.widget.TextView0 - 17180008563M"), 0): Element 'Object Repository/Maya/New_Transfer/android.widget.TextView0 - 17180008563M' is exist

2020-08-17 13:20:40 - [MESSAGE][WARNING] - Timeout '0' is invalid. Using default page load timeout: '10'

2020-08-17 13:20:40 - [MESSAGE][PASSED] - Element 'Object Repository/Maya/New_Transfer/android.widget.TextView0 - 17180008563M' is exist

2020-08-17 13:20:40 - [TEST_STEP][PASSED] - getText(findTestObject("Maya/New_Transfer/android.widget.TextView0 - 08 JUL 2020 1055 PM"), 0): Text of element 'Object Repository/Maya/New_Transfer/android.widget.TextView0 - 08 JUL 2020 1055 PM' is: '17 Aug 2020, 1:20 PM'

2020-08-17 13:20:41 - [MESSAGE][WARNING] - Timeout '0' is invalid. Using default page load timeout: '10'

2020-08-17 13:20:41 - [MESSAGE][PASSED] - Text of element 'Object Repository/Maya/New_Transfer/android.widget.TextView0 - 08 JUL 2020 1055 PM' is: '17 Aug 2020, 1:20 PM'

2020-08-17 13:20:41 - [TEST_STEP][PASSED] - verifyElementExist(findTestObject("Maya/New_Transfer/android.widget.TextView0 - 08 JUL 2020 1055 PM"), 0): Element 'Object Repository/Maya/New_Transfer/android.widget.TextView0 - 08 JUL 2020 1055 PM' is exist

2020-08-17 13:20:41 - [MESSAGE][WARNING] - Timeout '0' is invalid. Using default page load timeout: '10'

2020-08-17 13:20:41 - [MESSAGE][PASSED] - Element 'Object Repository/Maya/New_Transfer/android.widget.TextView0 - 08 JUL 2020 1055 PM' is exist

2020-08-17 13:20:41 - [TEST_STEP][PASSED] - tap(findTestObject("Maya/New_Transfer/android.widget.TextView0 - Share Receipt"), 0): Tapped on element 'Object Repository/Maya/New_Transfer/android.widget.TextView0 - Share Receipt'

2020-08-17 13:20:41 - [MESSAGE][WARNING] - Timeout '0' is invalid. Using default page load timeout: '10'

2020-08-17 13:20:42 - [MESSAGE][PASSED] - Tapped on element 'Object Repository/Maya/New_Transfer/android.widget.TextView0 - Share Receipt'

2020-08-17 13:20:42 - [TEST_STEP][PASSED] - delay(8, CONTINUE_ON_FAILURE): Delayed 8 second(s)

2020-08-17 13:20:50 - [MESSAGE][PASSED] - Delayed 8 second(s)

2020-08-17 13:20:50 - [TEST_STEP][NOT_RUN] - tap(findTestObject("Maya/New_Transfer/android.widget.ImageView0 (9)"), 0): NOT_RUN: tap(findTestObject("Maya/New_Transfer/android.widget.ImageView0 (9)"), 0)

2020-08-17 13:20:50 - [MESSAGE][NOT_RUN] - NOT_RUN: tap(findTestObject("Maya/New_Transfer/android.widget.ImageView0 (9)"), 0)

2020-08-17 13:20:50 - [TEST_STEP][NOT_RUN] - tap(findTestObject("Maya/New_Transfer/android.widget.Button0 - Cancel (1)"), 0): NOT_RUN: tap(findTestObject("Maya/New_Transfer/android.widget.Button0 - Cancel (1)"), 0)

2020-08-17 13:20:50 - [MESSAGE][NOT_RUN] - NOT_RUN: tap(findTestObject("Maya/New_Transfer/android.widget.Button0 - Cancel (1)"), 0)

2020-08-17 13:20:50 - [TEST_STEP][PASSED] - getText(findTestObject("Maya/New_Transfer/android.widget.TextView0 - Share Receipt (1)"), 0): Text of element 'Object Repository/Maya/New_Transfer/android.widget.TextView0 - Share Receipt (1)' is: 'Share Receipt'

2020-08-17 13:20:51 - [MESSAGE][WARNING] - Timeout '0' is invalid. Using default page load timeout: '10'

2020-08-17 13:20:52 - [MESSAGE][PASSED] - Text of element 'Object Repository/Maya/New_Transfer/android.widget.TextView0 - Share Receipt (1)' is: 'Share Receipt'

2020-08-17 13:20:52 - [TEST_STEP][PASSED] - verifyElementExist(findTestObject("Maya/New_Transfer/android.widget.TextView0 - Share Receipt (1)"), 0): Element 'Object Repository/Maya/New_Transfer/android.widget.TextView0 - Share Receipt (1)' is exist

2020-08-17 13:20:52 - [MESSAGE][WARNING] - Timeout '0' is invalid. Using default page load timeout: '10'

2020-08-17 13:20:52 - [MESSAGE][PASSED] - Element 'Object Repository/Maya/New_Transfer/android.widget.TextView0 - Share Receipt (1)' is exist

2020-08-17 13:20:52 - [TEST_STEP][NOT_RUN] - tap(findTestObject("Maya/New_Transfer/android.widget.ImageView0 (10)"), 0): NOT_RUN: tap(findTestObject("Maya/New_Transfer/android.widget.ImageView0 (10)"), 0)

2020-08-17 13:20:52 - [MESSAGE][NOT_RUN] - NOT_RUN: tap(findTestObject("Maya/New_Transfer/android.widget.ImageView0 (10)"), 0)

2020-08-17 13:20:52 - [TEST_STEP][NOT_RUN] - tap(findTestObject("Maya/New_Transfer/android.widget.TextView0 - Share Receipt"), 0): NOT_RUN: tap(findTestObject("Maya/New_Transfer/android.widget.TextView0 - Share Receipt"), 0)

2020-08-17 13:20:52 - [MESSAGE][NOT_RUN] - NOT_RUN: tap(findTestObject("Maya/New_Transfer/android.widget.TextView0 - Share Receipt"), 0)

2020-08-17 13:20:52 - [TEST_STEP][PASSED] - getText(findTestObject("Maya/New_Transfer/android.view.View0 - 17180008563M"), 0): Text of element 'Object Repository/Maya/New_Transfer/android.view.View0 - 17180008563M' is: 'Reference ID'

2020-08-17 13:20:52 - [MESSAGE][WARNING] - Timeout '0' is invalid. Using default page load timeout: '10'

2020-08-17 13:20:52 - [MESSAGE][PASSED] - Text of element 'Object Repository/Maya/New_Transfer/android.view.View0 - 17180008563M' is: 'Reference ID'

2020-08-17 13:20:52 - [TEST_STEP][PASSED] - takeScreenshot("C:\Users\LENOVO\Screenshot\Third Party\Screenshot24", STOP_ON_FAILURE): Screenshot is taken

2020-08-17 13:20:54 - [MESSAGE][PASSED] - Screenshot is taken
[[ATTACHMENT|C:\\Users\\LENOVO\\Screenshot\\Third Party\\Screenshot24]]

2020-08-17 13:20:54 - [TEST_STEP][PASSED] - verifyElementExist(findTestObject("Maya/New_Transfer/android.view.View0 - 17180008563M"), 0): Element 'Object Repository/Maya/New_Transfer/android.view.View0 - 17180008563M' is exist

2020-08-17 13:20:54 - [MESSAGE][WARNING] - Timeout '0' is invalid. Using default page load timeout: '10'

2020-08-17 13:20:54 - [MESSAGE][PASSED] - Element 'Object Repository/Maya/New_Transfer/android.view.View0 - 17180008563M' is exist

2020-08-17 13:20:54 - [TEST_STEP][PASSED] - getText(findTestObject("Maya/New_Transfer/android.view.View0 - Beneficiary name"), 0): Text of element 'Object Repository/Maya/New_Transfer/android.view.View0 - Beneficiary name' is: 'Beneficiary name'

2020-08-17 13:20:54 - [MESSAGE][WARNING] - Timeout '0' is invalid. Using default page load timeout: '10'

2020-08-17 13:20:55 - [MESSAGE][PASSED] - Text of element 'Object Repository/Maya/New_Transfer/android.view.View0 - Beneficiary name' is: 'Beneficiary name'

2020-08-17 13:20:55 - [TEST_STEP][PASSED] - verifyElementExist(findTestObject("Maya/New_Transfer/android.view.View0 - Beneficiary name"), 0): Element 'Object Repository/Maya/New_Transfer/android.view.View0 - Beneficiary name' is exist

2020-08-17 13:20:55 - [MESSAGE][WARNING] - Timeout '0' is invalid. Using default page load timeout: '10'

2020-08-17 13:20:55 - [MESSAGE][PASSED] - Element 'Object Repository/Maya/New_Transfer/android.view.View0 - Beneficiary name' is exist

2020-08-17 13:20:55 - [TEST_STEP][PASSED] - getText(findTestObject("Maya/New_Transfer/android.view.View0 - Amount"), 0): Text of element 'Object Repository/Maya/New_Transfer/android.view.View0 - Amount' is: 'Amount'

2020-08-17 13:20:55 - [MESSAGE][WARNING] - Timeout '0' is invalid. Using default page load timeout: '10'

2020-08-17 13:20:55 - [MESSAGE][PASSED] - Text of element 'Object Repository/Maya/New_Transfer/android.view.View0 - Amount' is: 'Amount'

2020-08-17 13:20:55 - [TEST_STEP][PASSED] - verifyElementExist(findTestObject("Maya/New_Transfer/android.view.View0 - Amount"), 0): Element 'Object Repository/Maya/New_Transfer/android.view.View0 - Amount' is exist

2020-08-17 13:20:55 - [MESSAGE][WARNING] - Timeout '0' is invalid. Using default page load timeout: '10'

2020-08-17 13:20:55 - [MESSAGE][PASSED] - Element 'Object Repository/Maya/New_Transfer/android.view.View0 - Amount' is exist

2020-08-17 13:20:55 - [TEST_STEP][PASSED] - getText(findTestObject("Maya/New_Transfer/android.view.View0 - Recipient reference"), 0): Text of element 'Object Repository/Maya/New_Transfer/android.view.View0 - Recipient reference' is: 'Recipient reference'

2020-08-17 13:20:56 - [MESSAGE][WARNING] - Timeout '0' is invalid. Using default page load timeout: '10'

2020-08-17 13:20:56 - [MESSAGE][PASSED] - Text of element 'Object Repository/Maya/New_Transfer/android.view.View0 - Recipient reference' is: 'Recipient reference'

2020-08-17 13:20:56 - [TEST_STEP][PASSED] - getText(findTestObject("Maya/New_Transfer/android.view.View0 - Test"), 0): Text of element 'Object Repository/Maya/New_Transfer/android.view.View0 - Test' is: 'DuitNow ID number'

2020-08-17 13:20:56 - [MESSAGE][WARNING] - Timeout '0' is invalid. Using default page load timeout: '10'

2020-08-17 13:20:56 - [MESSAGE][PASSED] - Text of element 'Object Repository/Maya/New_Transfer/android.view.View0 - Test' is: 'DuitNow ID number'

2020-08-17 13:20:56 - [TEST_STEP][PASSED] - getText(findTestObject("Maya/NRICduitnow/android.view.View0 - Beneficiary name"), 0): Text of element 'Object Repository/Maya/NRICduitnow/android.view.View0 - Beneficiary name' is: 'Beneficiary name'

2020-08-17 13:20:56 - [MESSAGE][WARNING] - Timeout '0' is invalid. Using default page load timeout: '10'

2020-08-17 13:20:57 - [MESSAGE][PASSED] - Text of element 'Object Repository/Maya/NRICduitnow/android.view.View0 - Beneficiary name' is: 'Beneficiary name'

2020-08-17 13:20:57 - [TEST_STEP][PASSED] - getText(findTestObject("Maya/duitnow Mobile/android.view.View0 - Mobile Number"), 0): Text of element 'Object Repository/Maya/duitnow Mobile/android.view.View0 - Mobile Number' is: 'Mobile Number'

2020-08-17 13:20:57 - [MESSAGE][WARNING] - Timeout '0' is invalid. Using default page load timeout: '10'

2020-08-17 13:20:57 - [MESSAGE][PASSED] - Text of element 'Object Repository/Maya/duitnow Mobile/android.view.View0 - Mobile Number' is: 'Mobile Number'

2020-08-17 13:20:57 - [TEST_STEP][PASSED] - getText(findTestObject("Maya/duitnow Mobile/android.view.View0 - 601 0901 1236"), 0): Text of element 'Object Repository/Maya/duitnow Mobile/android.view.View0 - 601 0901 1236' is: '601 0901 1236'

2020-08-17 13:20:57 - [MESSAGE][WARNING] - Timeout '0' is invalid. Using default page load timeout: '10'

2020-08-17 13:20:58 - [MESSAGE][PASSED] - Text of element 'Object Repository/Maya/duitnow Mobile/android.view.View0 - 601 0901 1236' is: '601 0901 1236'

2020-08-17 13:20:58 - [TEST_STEP][PASSED] - getText(findTestObject("Maya/NRICduitnow/android.view.View0 - DuitNow ID type"), 0): Text of element 'Object Repository/Maya/NRICduitnow/android.view.View0 - DuitNow ID type' is: 'DuitNow ID type'

2020-08-17 13:20:58 - [MESSAGE][WARNING] - Timeout '0' is invalid. Using default page load timeout: '10'

2020-08-17 13:20:58 - [MESSAGE][PASSED] - Text of element 'Object Repository/Maya/NRICduitnow/android.view.View0 - DuitNow ID type' is: 'DuitNow ID type'

2020-08-17 13:20:58 - [TEST_STEP][PASSED] - verifyElementExist(findTestObject("Maya/New_Transfer/android.view.View0 - RM 2.00"), 0): Element 'Object Repository/Maya/New_Transfer/android.view.View0 - RM 2.00' is exist

2020-08-17 13:20:58 - [MESSAGE][WARNING] - Timeout '0' is invalid. Using default page load timeout: '10'

2020-08-17 13:20:59 - [MESSAGE][PASSED] - Element 'Object Repository/Maya/New_Transfer/android.view.View0 - RM 2.00' is exist

2020-08-17 13:20:59 - [TEST_STEP][PASSED] - verifyElementExist(findTestObject("Maya/New_Transfer/android.view.View0 - Test"), 0): Element 'Object Repository/Maya/New_Transfer/android.view.View0 - Test' is exist

2020-08-17 13:20:59 - [MESSAGE][WARNING] - Timeout '0' is invalid. Using default page load timeout: '10'

2020-08-17 13:21:00 - [MESSAGE][PASSED] - Element 'Object Repository/Maya/New_Transfer/android.view.View0 - Test' is exist

2020-08-17 13:21:00 - [TEST_STEP][FAILED] - verifyElementExist(findTestObject("Maya/New_Transfer/android.view.View0 - Recipient reference"), 0): Failed to check for element 'Object Repository/Maya/New_Transfer/android.view.View0 - Recipient reference' exist (Root cause: org.openqa.selenium.WebDriverException: An unknown server-side error occurred while processing the command. Original error: Could not proxy command to remote server. Original error: Error: socket hang up
Build info: version: '3.141.59', revision: 'e82be7d358', time: '2018-11-14T08:25:53'
System info: host: 'DESKTOP-CP3TV4N', ip: '192.168.0.102', os.name: 'Windows 10', os.arch: 'amd64', os.version: '10.0', java.version: '1.8.0_181'
Driver info: com.kms.katalon.core.appium.driver.SwipeableAndroidDriver
Capabilities {app: C:\Users\LENOVO\Katalon Stu..., appPackage: com.maybank2u.life.uat, appWaitActivity: *, appWaitDuration: 50000, appWaitPackage: com.maybank2u.life.uat, autoGrantPermissions: true, automationName: uiautomator2, databaseEnabled: false, desired: {app: C:\Users\LENOVO\Katalon Stu..., appWaitActivity: *, appWaitDuration: 50000, appWaitPackage: com.maybank2u.life.uat, autoGrantPermissions: true, automationName: uiautomator2, deviceId: 11cb9864, deviceName: Xiaomi Redmi Note 7S (Andro..., fullReset: false, newCommandTimeout: 1800, noReset: true, platform: ANDROID, platformName: android, platformVersion: 9, systemPort: 55263, udid: 11cb9864}, deviceApiLevel: 28, deviceId: 11cb9864, deviceManufacturer: Xiaomi, deviceModel: Redmi Note 7S, deviceName: 11cb9864, deviceScreenDensity: 440, deviceScreenSize: 1080x2340, deviceUDID: 11cb9864, fullReset: false, javascriptEnabled: true, locationContextEnabled: false, networkConnectionEnabled: true, newCommandTimeout: 1800, noReset: true, pixelRatio: 2.75, platform: ANDROID, platformName: Android, platformVersion: 9, statBarHeight: 80, systemPort: 55263, takesScreenshot: true, udid: 11cb9864, viewportRect: {height: 2051, left: 0, top: 80, width: 1080}, warnings: {}, webStorageEnabled: false}
Session ID: 16a99625-d6f8-42b1-95c8-b52d7298c22a
	at org.openqa.selenium.remote.http.W3CHttpResponseCodec.createException(W3CHttpResponseCodec.java:187)
	at org.openqa.selenium.remote.http.W3CHttpResponseCodec.decode(W3CHttpResponseCodec.java:122)
	at org.openqa.selenium.remote.http.W3CHttpResponseCodec.decode(W3CHttpResponseCodec.java:49)
	at org.openqa.selenium.remote.HttpCommandExecutor.execute(HttpCommandExecutor.java:158)
	at io.appium.java_client.remote.AppiumCommandExecutor.execute(AppiumCommandExecutor.java:239)
	at org.openqa.selenium.remote.RemoteWebDriver.execute(RemoteWebDriver.java:552)
	at io.appium.java_client.DefaultGenericMobileDriver.execute(DefaultGenericMobileDriver.java:46)
	at io.appium.java_client.AppiumDriver.execute(AppiumDriver.java:1)
	at io.appium.java_client.android.AndroidDriver.execute(AndroidDriver.java:1)
	at com.kms.katalon.core.appium.driver.SwipeableAndroidDriver.execute(SwipeableAndroidDriver.java:1)
	at org.openqa.selenium.remote.RemoteWebDriver$RemoteWebDriverOptions$RemoteWindow.getSize(RemoteWebDriver.java:813)
	at org.openqa.selenium.WebDriver$Window$getSize.call(Unknown Source)
	at com.kms.katalon.core.mobile.keyword.internal.MobileAbstractKeyword.findElement(MobileAbstractKeyword.groovy:81)
	at com.kms.katalon.core.mobile.keyword.builtin.VerifyElementExistKeyword$_verifyElementExist_closure1.doCall(VerifyElementExistKeyword.groovy:72)
	at com.kms.katalon.core.mobile.keyword.builtin.VerifyElementExistKeyword$_verifyElementExist_closure1.call(VerifyElementExistKeyword.groovy)
	at com.kms.katalon.core.mobile.keyword.internal.MobileKeywordMain.runKeyword(MobileKeywordMain.groovy:21)
	at com.kms.katalon.core.mobile.keyword.builtin.VerifyElementExistKeyword.verifyElementExist(VerifyElementExistKeyword.groovy:80)
	at com.kms.katalon.core.mobile.keyword.builtin.VerifyElementExistKeyword.execute(VerifyElementExistKeyword.groovy:64)
	at com.kms.katalon.core.keyword.internal.KeywordExecutor.executeKeywordForPlatform(KeywordExecutor.groovy:72)
	at com.kms.katalon.core.mobile.keyword.MobileBuiltInKeywords.verifyElementExist(MobileBuiltInKeywords.groovy:809)
	at com.kms.katalon.core.mobile.keyword.MobileBuiltInKeywords$verifyElementExist$5.call(Unknown Source)
	at DuitNow Mobile.run(DuitNow Mobile:387)
	at com.kms.katalon.core.main.ScriptEngine.run(ScriptEngine.java:194)
	at com.kms.katalon.core.main.ScriptEngine.runScriptAsRawText(ScriptEngine.java:119)
	at com.kms.katalon.core.main.TestCaseExecutor.runScript(TestCaseExecutor.java:337)
	at com.kms.katalon.core.main.TestCaseExecutor.doExecute(TestCaseExecutor.java:328)
	at com.kms.katalon.core.main.TestCaseExecutor.processExecutionPhase(TestCaseExecutor.java:307)
	at com.kms.katalon.core.main.TestCaseExecutor.accessMainPhase(TestCaseExecutor.java:299)
	at com.kms.katalon.core.main.TestCaseExecutor.execute(TestCaseExecutor.java:233)
	at com.kms.katalon.core.main.TestSuiteExecutor.accessTestCaseMainPhase(TestSuiteExecutor.java:169)
	at com.kms.katalon.core.main.TestSuiteExecutor.accessTestSuiteMainPhase(TestSuiteExecutor.java:142)
	at com.kms.katalon.core.main.TestSuiteExecutor.execute(TestSuiteExecutor.java:91)
	at com.kms.katalon.core.main.TestCaseMain.startTestSuite(TestCaseMain.java:157)
	at com.kms.katalon.core.main.TestCaseMain$startTestSuite$0.call(Unknown Source)
	at TempTestSuite1597641356181.run(TempTestSuite1597641356181.groovy:36)
)

2020-08-17 13:21:00 - [MESSAGE][WARNING] - Timeout '0' is invalid. Using default page load timeout: '10'

2020-08-17 13:21:00 - [MESSAGE][WARNING] - Cannot take screenshot

2020-08-17 13:21:00 - [MESSAGE][FAILED] - Failed to check for element 'Object Repository/Maya/New_Transfer/android.view.View0 - Recipient reference' exist (Root cause: org.openqa.selenium.WebDriverException: An unknown server-side error occurred while processing the command. Original error: Could not proxy command to remote server. Original error: Error: socket hang up
Build info: version: '3.141.59', revision: 'e82be7d358', time: '2018-11-14T08:25:53'
System info: host: 'DESKTOP-CP3TV4N', ip: '192.168.0.102', os.name: 'Windows 10', os.arch: 'amd64', os.version: '10.0', java.version: '1.8.0_181'
Driver info: com.kms.katalon.core.appium.driver.SwipeableAndroidDriver
Capabilities {app: C:\Users\LENOVO\Katalon Stu..., appPackage: com.maybank2u.life.uat, appWaitActivity: *, appWaitDuration: 50000, appWaitPackage: com.maybank2u.life.uat, autoGrantPermissions: true, automationName: uiautomator2, databaseEnabled: false, desired: {app: C:\Users\LENOVO\Katalon Stu..., appWaitActivity: *, appWaitDuration: 50000, appWaitPackage: com.maybank2u.life.uat, autoGrantPermissions: true, automationName: uiautomator2, deviceId: 11cb9864, deviceName: Xiaomi Redmi Note 7S (Andro..., fullReset: false, newCommandTimeout: 1800, noReset: true, platform: ANDROID, platformName: android, platformVersion: 9, systemPort: 55263, udid: 11cb9864}, deviceApiLevel: 28, deviceId: 11cb9864, deviceManufacturer: Xiaomi, deviceModel: Redmi Note 7S, deviceName: 11cb9864, deviceScreenDensity: 440, deviceScreenSize: 1080x2340, deviceUDID: 11cb9864, fullReset: false, javascriptEnabled: true, locationContextEnabled: false, networkConnectionEnabled: true, newCommandTimeout: 1800, noReset: true, pixelRatio: 2.75, platform: ANDROID, platformName: Android, platformVersion: 9, statBarHeight: 80, systemPort: 55263, takesScreenshot: true, udid: 11cb9864, viewportRect: {height: 2051, left: 0, top: 80, width: 1080}, warnings: {}, webStorageEnabled: false}
Session ID: 16a99625-d6f8-42b1-95c8-b52d7298c22a
	at org.openqa.selenium.remote.http.W3CHttpResponseCodec.createException(W3CHttpResponseCodec.java:187)
	at org.openqa.selenium.remote.http.W3CHttpResponseCodec.decode(W3CHttpResponseCodec.java:122)
	at org.openqa.selenium.remote.http.W3CHttpResponseCodec.decode(W3CHttpResponseCodec.java:49)
	at org.openqa.selenium.remote.HttpCommandExecutor.execute(HttpCommandExecutor.java:158)
	at io.appium.java_client.remote.AppiumCommandExecutor.execute(AppiumCommandExecutor.java:239)
	at org.openqa.selenium.remote.RemoteWebDriver.execute(RemoteWebDriver.java:552)
	at io.appium.java_client.DefaultGenericMobileDriver.execute(DefaultGenericMobileDriver.java:46)
	at io.appium.java_client.AppiumDriver.execute(AppiumDriver.java:1)
	at io.appium.java_client.android.AndroidDriver.execute(AndroidDriver.java:1)
	at com.kms.katalon.core.appium.driver.SwipeableAndroidDriver.execute(SwipeableAndroidDriver.java:1)
	at org.openqa.selenium.remote.RemoteWebDriver$RemoteWebDriverOptions$RemoteWindow.getSize(RemoteWebDriver.java:813)
	at org.openqa.selenium.WebDriver$Window$getSize.call(Unknown Source)
	at com.kms.katalon.core.mobile.keyword.internal.MobileAbstractKeyword.findElement(MobileAbstractKeyword.groovy:81)
	at com.kms.katalon.core.mobile.keyword.builtin.VerifyElementExistKeyword$_verifyElementExist_closure1.doCall(VerifyElementExistKeyword.groovy:72)
	at com.kms.katalon.core.mobile.keyword.builtin.VerifyElementExistKeyword$_verifyElementExist_closure1.call(VerifyElementExistKeyword.groovy)
	at com.kms.katalon.core.mobile.keyword.internal.MobileKeywordMain.runKeyword(MobileKeywordMain.groovy:21)
	at com.kms.katalon.core.mobile.keyword.builtin.VerifyElementExistKeyword.verifyElementExist(VerifyElementExistKeyword.groovy:80)
	at com.kms.katalon.core.mobile.keyword.builtin.VerifyElementExistKeyword.execute(VerifyElementExistKeyword.groovy:64)
	at com.kms.katalon.core.keyword.internal.KeywordExecutor.executeKeywordForPlatform(KeywordExecutor.groovy:72)
	at com.kms.katalon.core.mobile.keyword.MobileBuiltInKeywords.verifyElementExist(MobileBuiltInKeywords.groovy:809)
	at com.kms.katalon.core.mobile.keyword.MobileBuiltInKeywords$verifyElementExist$5.call(Unknown Source)
	at DuitNow Mobile.run(DuitNow Mobile:387)
	at com.kms.katalon.core.main.ScriptEngine.run(ScriptEngine.java:194)
	at com.kms.katalon.core.main.ScriptEngine.runScriptAsRawText(ScriptEngine.java:119)
	at com.kms.katalon.core.main.TestCaseExecutor.runScript(TestCaseExecutor.java:337)
	at com.kms.katalon.core.main.TestCaseExecutor.doExecute(TestCaseExecutor.java:328)
	at com.kms.katalon.core.main.TestCaseExecutor.processExecutionPhase(TestCaseExecutor.java:307)
	at com.kms.katalon.core.main.TestCaseExecutor.accessMainPhase(TestCaseExecutor.java:299)
	at com.kms.katalon.core.main.TestCaseExecutor.execute(TestCaseExecutor.java:233)
	at com.kms.katalon.core.main.TestSuiteExecutor.accessTestCaseMainPhase(TestSuiteExecutor.java:169)
	at com.kms.katalon.core.main.TestSuiteExecutor.accessTestSuiteMainPhase(TestSuiteExecutor.java:142)
	at com.kms.katalon.core.main.TestSuiteExecutor.execute(TestSuiteExecutor.java:91)
	at com.kms.katalon.core.main.TestCaseMain.startTestSuite(TestCaseMain.java:157)
	at com.kms.katalon.core.main.TestCaseMain$startTestSuite$0.call(Unknown Source)
	at TempTestSuite1597641356181.run(TempTestSuite1597641356181.groovy:36)
)

2020-08-17 13:21:00 - [TEST_STEP][FAILED] - verifyElementExist(findTestObject("Maya/New_Transfer/android.view.View0 - Test"), 0): Failed to check for element 'Object Repository/Maya/New_Transfer/android.view.View0 - Test' exist (Root cause: org.openqa.selenium.WebDriverException: An unknown server-side error occurred while processing the command. Original error: Could not proxy command to remote server. Original error: Error: socket hang up
Build info: version: '3.141.59', revision: 'e82be7d358', time: '2018-11-14T08:25:53'
System info: host: 'DESKTOP-CP3TV4N', ip: '192.168.0.102', os.name: 'Windows 10', os.arch: 'amd64', os.version: '10.0', java.version: '1.8.0_181'
Driver info: com.kms.katalon.core.appium.driver.SwipeableAndroidDriver
Capabilities {app: C:\Users\LENOVO\Katalon Stu..., appPackage: com.maybank2u.life.uat, appWaitActivity: *, appWaitDuration: 50000, appWaitPackage: com.maybank2u.life.uat, autoGrantPermissions: true, automationName: uiautomator2, databaseEnabled: false, desired: {app: C:\Users\LENOVO\Katalon Stu..., appWaitActivity: *, appWaitDuration: 50000, appWaitPackage: com.maybank2u.life.uat, autoGrantPermissions: true, automationName: uiautomator2, deviceId: 11cb9864, deviceName: Xiaomi Redmi Note 7S (Andro..., fullReset: false, newCommandTimeout: 1800, noReset: true, platform: ANDROID, platformName: android, platformVersion: 9, systemPort: 55263, udid: 11cb9864}, deviceApiLevel: 28, deviceId: 11cb9864, deviceManufacturer: Xiaomi, deviceModel: Redmi Note 7S, deviceName: 11cb9864, deviceScreenDensity: 440, deviceScreenSize: 1080x2340, deviceUDID: 11cb9864, fullReset: false, javascriptEnabled: true, locationContextEnabled: false, networkConnectionEnabled: true, newCommandTimeout: 1800, noReset: true, pixelRatio: 2.75, platform: ANDROID, platformName: Android, platformVersion: 9, statBarHeight: 80, systemPort: 55263, takesScreenshot: true, udid: 11cb9864, viewportRect: {height: 2051, left: 0, top: 80, width: 1080}, warnings: {}, webStorageEnabled: false}
Session ID: 16a99625-d6f8-42b1-95c8-b52d7298c22a
	at org.openqa.selenium.remote.http.W3CHttpResponseCodec.createException(W3CHttpResponseCodec.java:187)
	at org.openqa.selenium.remote.http.W3CHttpResponseCodec.decode(W3CHttpResponseCodec.java:122)
	at org.openqa.selenium.remote.http.W3CHttpResponseCodec.decode(W3CHttpResponseCodec.java:49)
	at org.openqa.selenium.remote.HttpCommandExecutor.execute(HttpCommandExecutor.java:158)
	at io.appium.java_client.remote.AppiumCommandExecutor.execute(AppiumCommandExecutor.java:239)
	at org.openqa.selenium.remote.RemoteWebDriver.execute(RemoteWebDriver.java:552)
	at io.appium.java_client.DefaultGenericMobileDriver.execute(DefaultGenericMobileDriver.java:46)
	at io.appium.java_client.AppiumDriver.execute(AppiumDriver.java:1)
	at io.appium.java_client.android.AndroidDriver.execute(AndroidDriver.java:1)
	at com.kms.katalon.core.appium.driver.SwipeableAndroidDriver.execute(SwipeableAndroidDriver.java:1)
	at org.openqa.selenium.remote.RemoteWebDriver$RemoteWebDriverOptions$RemoteWindow.getSize(RemoteWebDriver.java:813)
	at org.openqa.selenium.WebDriver$Window$getSize.call(Unknown Source)
	at com.kms.katalon.core.mobile.keyword.internal.MobileAbstractKeyword.findElement(MobileAbstractKeyword.groovy:81)
	at com.kms.katalon.core.mobile.keyword.builtin.VerifyElementExistKeyword$_verifyElementExist_closure1.doCall(VerifyElementExistKeyword.groovy:72)
	at com.kms.katalon.core.mobile.keyword.builtin.VerifyElementExistKeyword$_verifyElementExist_closure1.call(VerifyElementExistKeyword.groovy)
	at com.kms.katalon.core.mobile.keyword.internal.MobileKeywordMain.runKeyword(MobileKeywordMain.groovy:21)
	at com.kms.katalon.core.mobile.keyword.builtin.VerifyElementExistKeyword.verifyElementExist(VerifyElementExistKeyword.groovy:80)
	at com.kms.katalon.core.mobile.keyword.builtin.VerifyElementExistKeyword.execute(VerifyElementExistKeyword.groovy:64)
	at com.kms.katalon.core.keyword.internal.KeywordExecutor.executeKeywordForPlatform(KeywordExecutor.groovy:72)
	at com.kms.katalon.core.mobile.keyword.MobileBuiltInKeywords.verifyElementExist(MobileBuiltInKeywords.groovy:809)
	at com.kms.katalon.core.mobile.keyword.MobileBuiltInKeywords$verifyElementExist$5.call(Unknown Source)
	at DuitNow Mobile.run(DuitNow Mobile:389)
	at com.kms.katalon.core.main.ScriptEngine.run(ScriptEngine.java:194)
	at com.kms.katalon.core.main.ScriptEngine.runScriptAsRawText(ScriptEngine.java:119)
	at com.kms.katalon.core.main.TestCaseExecutor.runScript(TestCaseExecutor.java:337)
	at com.kms.katalon.core.main.TestCaseExecutor.doExecute(TestCaseExecutor.java:328)
	at com.kms.katalon.core.main.TestCaseExecutor.processExecutionPhase(TestCaseExecutor.java:307)
	at com.kms.katalon.core.main.TestCaseExecutor.accessMainPhase(TestCaseExecutor.java:299)
	at com.kms.katalon.core.main.TestCaseExecutor.execute(TestCaseExecutor.java:233)
	at com.kms.katalon.core.main.TestSuiteExecutor.accessTestCaseMainPhase(TestSuiteExecutor.java:169)
	at com.kms.katalon.core.main.TestSuiteExecutor.accessTestSuiteMainPhase(TestSuiteExecutor.java:142)
	at com.kms.katalon.core.main.TestSuiteExecutor.execute(TestSuiteExecutor.java:91)
	at com.kms.katalon.core.main.TestCaseMain.startTestSuite(TestCaseMain.java:157)
	at com.kms.katalon.core.main.TestCaseMain$startTestSuite$0.call(Unknown Source)
	at TempTestSuite1597641356181.run(TempTestSuite1597641356181.groovy:36)
)

2020-08-17 13:21:00 - [MESSAGE][WARNING] - Timeout '0' is invalid. Using default page load timeout: '10'

2020-08-17 13:21:00 - [MESSAGE][WARNING] - Cannot take screenshot

2020-08-17 13:21:00 - [MESSAGE][FAILED] - Failed to check for element 'Object Repository/Maya/New_Transfer/android.view.View0 - Test' exist (Root cause: org.openqa.selenium.WebDriverException: An unknown server-side error occurred while processing the command. Original error: Could not proxy command to remote server. Original error: Error: socket hang up
Build info: version: '3.141.59', revision: 'e82be7d358', time: '2018-11-14T08:25:53'
System info: host: 'DESKTOP-CP3TV4N', ip: '192.168.0.102', os.name: 'Windows 10', os.arch: 'amd64', os.version: '10.0', java.version: '1.8.0_181'
Driver info: com.kms.katalon.core.appium.driver.SwipeableAndroidDriver
Capabilities {app: C:\Users\LENOVO\Katalon Stu..., appPackage: com.maybank2u.life.uat, appWaitActivity: *, appWaitDuration: 50000, appWaitPackage: com.maybank2u.life.uat, autoGrantPermissions: true, automationName: uiautomator2, databaseEnabled: false, desired: {app: C:\Users\LENOVO\Katalon Stu..., appWaitActivity: *, appWaitDuration: 50000, appWaitPackage: com.maybank2u.life.uat, autoGrantPermissions: true, automationName: uiautomator2, deviceId: 11cb9864, deviceName: Xiaomi Redmi Note 7S (Andro..., fullReset: false, newCommandTimeout: 1800, noReset: true, platform: ANDROID, platformName: android, platformVersion: 9, systemPort: 55263, udid: 11cb9864}, deviceApiLevel: 28, deviceId: 11cb9864, deviceManufacturer: Xiaomi, deviceModel: Redmi Note 7S, deviceName: 11cb9864, deviceScreenDensity: 440, deviceScreenSize: 1080x2340, deviceUDID: 11cb9864, fullReset: false, javascriptEnabled: true, locationContextEnabled: false, networkConnectionEnabled: true, newCommandTimeout: 1800, noReset: true, pixelRatio: 2.75, platform: ANDROID, platformName: Android, platformVersion: 9, statBarHeight: 80, systemPort: 55263, takesScreenshot: true, udid: 11cb9864, viewportRect: {height: 2051, left: 0, top: 80, width: 1080}, warnings: {}, webStorageEnabled: false}
Session ID: 16a99625-d6f8-42b1-95c8-b52d7298c22a
	at org.openqa.selenium.remote.http.W3CHttpResponseCodec.createException(W3CHttpResponseCodec.java:187)
	at org.openqa.selenium.remote.http.W3CHttpResponseCodec.decode(W3CHttpResponseCodec.java:122)
	at org.openqa.selenium.remote.http.W3CHttpResponseCodec.decode(W3CHttpResponseCodec.java:49)
	at org.openqa.selenium.remote.HttpCommandExecutor.execute(HttpCommandExecutor.java:158)
	at io.appium.java_client.remote.AppiumCommandExecutor.execute(AppiumCommandExecutor.java:239)
	at org.openqa.selenium.remote.RemoteWebDriver.execute(RemoteWebDriver.java:552)
	at io.appium.java_client.DefaultGenericMobileDriver.execute(DefaultGenericMobileDriver.java:46)
	at io.appium.java_client.AppiumDriver.execute(AppiumDriver.java:1)
	at io.appium.java_client.android.AndroidDriver.execute(AndroidDriver.java:1)
	at com.kms.katalon.core.appium.driver.SwipeableAndroidDriver.execute(SwipeableAndroidDriver.java:1)
	at org.openqa.selenium.remote.RemoteWebDriver$RemoteWebDriverOptions$RemoteWindow.getSize(RemoteWebDriver.java:813)
	at org.openqa.selenium.WebDriver$Window$getSize.call(Unknown Source)
	at com.kms.katalon.core.mobile.keyword.internal.MobileAbstractKeyword.findElement(MobileAbstractKeyword.groovy:81)
	at com.kms.katalon.core.mobile.keyword.builtin.VerifyElementExistKeyword$_verifyElementExist_closure1.doCall(VerifyElementExistKeyword.groovy:72)
	at com.kms.katalon.core.mobile.keyword.builtin.VerifyElementExistKeyword$_verifyElementExist_closure1.call(VerifyElementExistKeyword.groovy)
	at com.kms.katalon.core.mobile.keyword.internal.MobileKeywordMain.runKeyword(MobileKeywordMain.groovy:21)
	at com.kms.katalon.core.mobile.keyword.builtin.VerifyElementExistKeyword.verifyElementExist(VerifyElementExistKeyword.groovy:80)
	at com.kms.katalon.core.mobile.keyword.builtin.VerifyElementExistKeyword.execute(VerifyElementExistKeyword.groovy:64)
	at com.kms.katalon.core.keyword.internal.KeywordExecutor.executeKeywordForPlatform(KeywordExecutor.groovy:72)
	at com.kms.katalon.core.mobile.keyword.MobileBuiltInKeywords.verifyElementExist(MobileBuiltInKeywords.groovy:809)
	at com.kms.katalon.core.mobile.keyword.MobileBuiltInKeywords$verifyElementExist$5.call(Unknown Source)
	at DuitNow Mobile.run(DuitNow Mobile:389)
	at com.kms.katalon.core.main.ScriptEngine.run(ScriptEngine.java:194)
	at com.kms.katalon.core.main.ScriptEngine.runScriptAsRawText(ScriptEngine.java:119)
	at com.kms.katalon.core.main.TestCaseExecutor.runScript(TestCaseExecutor.java:337)
	at com.kms.katalon.core.main.TestCaseExecutor.doExecute(TestCaseExecutor.java:328)
	at com.kms.katalon.core.main.TestCaseExecutor.processExecutionPhase(TestCaseExecutor.java:307)
	at com.kms.katalon.core.main.TestCaseExecutor.accessMainPhase(TestCaseExecutor.java:299)
	at com.kms.katalon.core.main.TestCaseExecutor.execute(TestCaseExecutor.java:233)
	at com.kms.katalon.core.main.TestSuiteExecutor.accessTestCaseMainPhase(TestSuiteExecutor.java:169)
	at com.kms.katalon.core.main.TestSuiteExecutor.accessTestSuiteMainPhase(TestSuiteExecutor.java:142)
	at com.kms.katalon.core.main.TestSuiteExecutor.execute(TestSuiteExecutor.java:91)
	at com.kms.katalon.core.main.TestCaseMain.startTestSuite(TestCaseMain.java:157)
	at com.kms.katalon.core.main.TestCaseMain$startTestSuite$0.call(Unknown Source)
	at TempTestSuite1597641356181.run(TempTestSuite1597641356181.groovy:36)
)

2020-08-17 13:21:00 - [TEST_STEP][FAILED] - swipe(831, 1382, 800, 100): Cannot swipe on device. (Root cause: org.openqa.selenium.WebDriverException: An unknown server-side error occurred while processing the command. Original error: Could not proxy command to remote server. Original error: Error: socket hang up
Build info: version: '3.141.59', revision: 'e82be7d358', time: '2018-11-14T08:25:53'
System info: host: 'DESKTOP-CP3TV4N', ip: '192.168.0.102', os.name: 'Windows 10', os.arch: 'amd64', os.version: '10.0', java.version: '1.8.0_181'
Driver info: com.kms.katalon.core.appium.driver.SwipeableAndroidDriver
Capabilities {app: C:\Users\LENOVO\Katalon Stu..., appPackage: com.maybank2u.life.uat, appWaitActivity: *, appWaitDuration: 50000, appWaitPackage: com.maybank2u.life.uat, autoGrantPermissions: true, automationName: uiautomator2, databaseEnabled: false, desired: {app: C:\Users\LENOVO\Katalon Stu..., appWaitActivity: *, appWaitDuration: 50000, appWaitPackage: com.maybank2u.life.uat, autoGrantPermissions: true, automationName: uiautomator2, deviceId: 11cb9864, deviceName: Xiaomi Redmi Note 7S (Andro..., fullReset: false, newCommandTimeout: 1800, noReset: true, platform: ANDROID, platformName: android, platformVersion: 9, systemPort: 55263, udid: 11cb9864}, deviceApiLevel: 28, deviceId: 11cb9864, deviceManufacturer: Xiaomi, deviceModel: Redmi Note 7S, deviceName: 11cb9864, deviceScreenDensity: 440, deviceScreenSize: 1080x2340, deviceUDID: 11cb9864, fullReset: false, javascriptEnabled: true, locationContextEnabled: false, networkConnectionEnabled: true, newCommandTimeout: 1800, noReset: true, pixelRatio: 2.75, platform: ANDROID, platformName: Android, platformVersion: 9, statBarHeight: 80, systemPort: 55263, takesScreenshot: true, udid: 11cb9864, viewportRect: {height: 2051, left: 0, top: 80, width: 1080}, warnings: {}, webStorageEnabled: false}
Session ID: 16a99625-d6f8-42b1-95c8-b52d7298c22a
	at org.openqa.selenium.remote.http.W3CHttpResponseCodec.createException(W3CHttpResponseCodec.java:187)
	at org.openqa.selenium.remote.http.W3CHttpResponseCodec.decode(W3CHttpResponseCodec.java:122)
	at org.openqa.selenium.remote.http.W3CHttpResponseCodec.decode(W3CHttpResponseCodec.java:49)
	at org.openqa.selenium.remote.HttpCommandExecutor.execute(HttpCommandExecutor.java:158)
	at io.appium.java_client.remote.AppiumCommandExecutor.execute(AppiumCommandExecutor.java:239)
	at org.openqa.selenium.remote.RemoteWebDriver.execute(RemoteWebDriver.java:552)
	at io.appium.java_client.DefaultGenericMobileDriver.execute(DefaultGenericMobileDriver.java:42)
	at io.appium.java_client.AppiumDriver.execute(AppiumDriver.java:1)
	at io.appium.java_client.android.AndroidDriver.execute(AndroidDriver.java:1)
	at com.kms.katalon.core.appium.driver.SwipeableAndroidDriver.execute(SwipeableAndroidDriver.java:1)
	at io.appium.java_client.PerformsTouchActions.performTouchAction(PerformsTouchActions.java:41)
	at io.appium.java_client.TouchAction.perform(TouchAction.java:187)
	at com.kms.katalon.core.mobile.helper.MobileCommonHelper.swipe(MobileCommonHelper.java:37)
	at com.kms.katalon.core.mobile.keyword.builtin.SwipeKeyword$_swipe_closure1.doCall(SwipeKeyword.groovy:76)
	at com.kms.katalon.core.mobile.keyword.builtin.SwipeKeyword$_swipe_closure1.call(SwipeKeyword.groovy)
	at com.kms.katalon.core.mobile.keyword.internal.MobileKeywordMain.runKeyword(MobileKeywordMain.groovy:21)
	at com.kms.katalon.core.mobile.keyword.builtin.SwipeKeyword.swipe(SwipeKeyword.groovy:71)
	at com.kms.katalon.core.mobile.keyword.builtin.SwipeKeyword.execute(SwipeKeyword.groovy:66)
	at com.kms.katalon.core.keyword.internal.KeywordExecutor.executeKeywordForPlatform(KeywordExecutor.groovy:72)
	at com.kms.katalon.core.mobile.keyword.MobileBuiltInKeywords.swipe(MobileBuiltInKeywords.groovy:189)
	at com.kms.katalon.core.mobile.keyword.MobileBuiltInKeywords$swipe$10.call(Unknown Source)
	at DuitNow Mobile.run(DuitNow Mobile:391)
	at com.kms.katalon.core.main.ScriptEngine.run(ScriptEngine.java:194)
	at com.kms.katalon.core.main.ScriptEngine.runScriptAsRawText(ScriptEngine.java:119)
	at com.kms.katalon.core.main.TestCaseExecutor.runScript(TestCaseExecutor.java:337)
	at com.kms.katalon.core.main.TestCaseExecutor.doExecute(TestCaseExecutor.java:328)
	at com.kms.katalon.core.main.TestCaseExecutor.processExecutionPhase(TestCaseExecutor.java:307)
	at com.kms.katalon.core.main.TestCaseExecutor.accessMainPhase(TestCaseExecutor.java:299)
	at com.kms.katalon.core.main.TestCaseExecutor.execute(TestCaseExecutor.java:233)
	at com.kms.katalon.core.main.TestSuiteExecutor.accessTestCaseMainPhase(TestSuiteExecutor.java:169)
	at com.kms.katalon.core.main.TestSuiteExecutor.accessTestSuiteMainPhase(TestSuiteExecutor.java:142)
	at com.kms.katalon.core.main.TestSuiteExecutor.execute(TestSuiteExecutor.java:91)
	at com.kms.katalon.core.main.TestCaseMain.startTestSuite(TestCaseMain.java:157)
	at com.kms.katalon.core.main.TestCaseMain$startTestSuite$0.call(Unknown Source)
	at TempTestSuite1597641356181.run(TempTestSuite1597641356181.groovy:36)
)

2020-08-17 13:21:01 - [MESSAGE][WARNING] - Cannot take screenshot

2020-08-17 13:21:01 - [MESSAGE][FAILED] - Cannot swipe on device. (Root cause: org.openqa.selenium.WebDriverException: An unknown server-side error occurred while processing the command. Original error: Could not proxy command to remote server. Original error: Error: socket hang up
Build info: version: '3.141.59', revision: 'e82be7d358', time: '2018-11-14T08:25:53'
System info: host: 'DESKTOP-CP3TV4N', ip: '192.168.0.102', os.name: 'Windows 10', os.arch: 'amd64', os.version: '10.0', java.version: '1.8.0_181'
Driver info: com.kms.katalon.core.appium.driver.SwipeableAndroidDriver
Capabilities {app: C:\Users\LENOVO\Katalon Stu..., appPackage: com.maybank2u.life.uat, appWaitActivity: *, appWaitDuration: 50000, appWaitPackage: com.maybank2u.life.uat, autoGrantPermissions: true, automationName: uiautomator2, databaseEnabled: false, desired: {app: C:\Users\LENOVO\Katalon Stu..., appWaitActivity: *, appWaitDuration: 50000, appWaitPackage: com.maybank2u.life.uat, autoGrantPermissions: true, automationName: uiautomator2, deviceId: 11cb9864, deviceName: Xiaomi Redmi Note 7S (Andro..., fullReset: false, newCommandTimeout: 1800, noReset: true, platform: ANDROID, platformName: android, platformVersion: 9, systemPort: 55263, udid: 11cb9864}, deviceApiLevel: 28, deviceId: 11cb9864, deviceManufacturer: Xiaomi, deviceModel: Redmi Note 7S, deviceName: 11cb9864, deviceScreenDensity: 440, deviceScreenSize: 1080x2340, deviceUDID: 11cb9864, fullReset: false, javascriptEnabled: true, locationContextEnabled: false, networkConnectionEnabled: true, newCommandTimeout: 1800, noReset: true, pixelRatio: 2.75, platform: ANDROID, platformName: Android, platformVersion: 9, statBarHeight: 80, systemPort: 55263, takesScreenshot: true, udid: 11cb9864, viewportRect: {height: 2051, left: 0, top: 80, width: 1080}, warnings: {}, webStorageEnabled: false}
Session ID: 16a99625-d6f8-42b1-95c8-b52d7298c22a
	at org.openqa.selenium.remote.http.W3CHttpResponseCodec.createException(W3CHttpResponseCodec.java:187)
	at org.openqa.selenium.remote.http.W3CHttpResponseCodec.decode(W3CHttpResponseCodec.java:122)
	at org.openqa.selenium.remote.http.W3CHttpResponseCodec.decode(W3CHttpResponseCodec.java:49)
	at org.openqa.selenium.remote.HttpCommandExecutor.execute(HttpCommandExecutor.java:158)
	at io.appium.java_client.remote.AppiumCommandExecutor.execute(AppiumCommandExecutor.java:239)
	at org.openqa.selenium.remote.RemoteWebDriver.execute(RemoteWebDriver.java:552)
	at io.appium.java_client.DefaultGenericMobileDriver.execute(DefaultGenericMobileDriver.java:42)
	at io.appium.java_client.AppiumDriver.execute(AppiumDriver.java:1)
	at io.appium.java_client.android.AndroidDriver.execute(AndroidDriver.java:1)
	at com.kms.katalon.core.appium.driver.SwipeableAndroidDriver.execute(SwipeableAndroidDriver.java:1)
	at io.appium.java_client.PerformsTouchActions.performTouchAction(PerformsTouchActions.java:41)
	at io.appium.java_client.TouchAction.perform(TouchAction.java:187)
	at com.kms.katalon.core.mobile.helper.MobileCommonHelper.swipe(MobileCommonHelper.java:37)
	at com.kms.katalon.core.mobile.keyword.builtin.SwipeKeyword$_swipe_closure1.doCall(SwipeKeyword.groovy:76)
	at com.kms.katalon.core.mobile.keyword.builtin.SwipeKeyword$_swipe_closure1.call(SwipeKeyword.groovy)
	at com.kms.katalon.core.mobile.keyword.internal.MobileKeywordMain.runKeyword(MobileKeywordMain.groovy:21)
	at com.kms.katalon.core.mobile.keyword.builtin.SwipeKeyword.swipe(SwipeKeyword.groovy:71)
	at com.kms.katalon.core.mobile.keyword.builtin.SwipeKeyword.execute(SwipeKeyword.groovy:66)
	at com.kms.katalon.core.keyword.internal.KeywordExecutor.executeKeywordForPlatform(KeywordExecutor.groovy:72)
	at com.kms.katalon.core.mobile.keyword.MobileBuiltInKeywords.swipe(MobileBuiltInKeywords.groovy:189)
	at com.kms.katalon.core.mobile.keyword.MobileBuiltInKeywords$swipe$10.call(Unknown Source)
	at DuitNow Mobile.run(DuitNow Mobile:391)
	at com.kms.katalon.core.main.ScriptEngine.run(ScriptEngine.java:194)
	at com.kms.katalon.core.main.ScriptEngine.runScriptAsRawText(ScriptEngine.java:119)
	at com.kms.katalon.core.main.TestCaseExecutor.runScript(TestCaseExecutor.java:337)
	at com.kms.katalon.core.main.TestCaseExecutor.doExecute(TestCaseExecutor.java:328)
	at com.kms.katalon.core.main.TestCaseExecutor.processExecutionPhase(TestCaseExecutor.java:307)
	at com.kms.katalon.core.main.TestCaseExecutor.accessMainPhase(TestCaseExecutor.java:299)
	at com.kms.katalon.core.main.TestCaseExecutor.execute(TestCaseExecutor.java:233)
	at com.kms.katalon.core.main.TestSuiteExecutor.accessTestCaseMainPhase(TestSuiteExecutor.java:169)
	at com.kms.katalon.core.main.TestSuiteExecutor.accessTestSuiteMainPhase(TestSuiteExecutor.java:142)
	at com.kms.katalon.core.main.TestSuiteExecutor.execute(TestSuiteExecutor.java:91)
	at com.kms.katalon.core.main.TestCaseMain.startTestSuite(TestCaseMain.java:157)
	at com.kms.katalon.core.main.TestCaseMain$startTestSuite$0.call(Unknown Source)
	at TempTestSuite1597641356181.run(TempTestSuite1597641356181.groovy:36)
)

2020-08-17 13:21:01 - [TEST_STEP][PASSED] - delay(5, STOP_ON_FAILURE): Delayed 5 second(s)

2020-08-17 13:21:06 - [MESSAGE][PASSED] - Delayed 5 second(s)

2020-08-17 13:21:06 - [TEST_STEP][FAILED] - getText(findTestObject("Maya/drop4 CR/android.view.View0 - RM 2.00"), 0): Failed to get text from element (Root cause: org.openqa.selenium.WebDriverException: An unknown server-side error occurred while processing the command. Original error: Could not proxy command to remote server. Original error: Error: socket hang up
Build info: version: '3.141.59', revision: 'e82be7d358', time: '2018-11-14T08:25:53'
System info: host: 'DESKTOP-CP3TV4N', ip: '192.168.0.102', os.name: 'Windows 10', os.arch: 'amd64', os.version: '10.0', java.version: '1.8.0_181'
Driver info: com.kms.katalon.core.appium.driver.SwipeableAndroidDriver
Capabilities {app: C:\Users\LENOVO\Katalon Stu..., appPackage: com.maybank2u.life.uat, appWaitActivity: *, appWaitDuration: 50000, appWaitPackage: com.maybank2u.life.uat, autoGrantPermissions: true, automationName: uiautomator2, databaseEnabled: false, desired: {app: C:\Users\LENOVO\Katalon Stu..., appWaitActivity: *, appWaitDuration: 50000, appWaitPackage: com.maybank2u.life.uat, autoGrantPermissions: true, automationName: uiautomator2, deviceId: 11cb9864, deviceName: Xiaomi Redmi Note 7S (Andro..., fullReset: false, newCommandTimeout: 1800, noReset: true, platform: ANDROID, platformName: android, platformVersion: 9, systemPort: 55263, udid: 11cb9864}, deviceApiLevel: 28, deviceId: 11cb9864, deviceManufacturer: Xiaomi, deviceModel: Redmi Note 7S, deviceName: 11cb9864, deviceScreenDensity: 440, deviceScreenSize: 1080x2340, deviceUDID: 11cb9864, fullReset: false, javascriptEnabled: true, locationContextEnabled: false, networkConnectionEnabled: true, newCommandTimeout: 1800, noReset: true, pixelRatio: 2.75, platform: ANDROID, platformName: Android, platformVersion: 9, statBarHeight: 80, systemPort: 55263, takesScreenshot: true, udid: 11cb9864, viewportRect: {height: 2051, left: 0, top: 80, width: 1080}, warnings: {}, webStorageEnabled: false}
Session ID: 16a99625-d6f8-42b1-95c8-b52d7298c22a
	at org.openqa.selenium.remote.http.W3CHttpResponseCodec.createException(W3CHttpResponseCodec.java:187)
	at org.openqa.selenium.remote.http.W3CHttpResponseCodec.decode(W3CHttpResponseCodec.java:122)
	at org.openqa.selenium.remote.http.W3CHttpResponseCodec.decode(W3CHttpResponseCodec.java:49)
	at org.openqa.selenium.remote.HttpCommandExecutor.execute(HttpCommandExecutor.java:158)
	at io.appium.java_client.remote.AppiumCommandExecutor.execute(AppiumCommandExecutor.java:239)
	at org.openqa.selenium.remote.RemoteWebDriver.execute(RemoteWebDriver.java:552)
	at io.appium.java_client.DefaultGenericMobileDriver.execute(DefaultGenericMobileDriver.java:46)
	at io.appium.java_client.AppiumDriver.execute(AppiumDriver.java:1)
	at io.appium.java_client.android.AndroidDriver.execute(AndroidDriver.java:1)
	at com.kms.katalon.core.appium.driver.SwipeableAndroidDriver.execute(SwipeableAndroidDriver.java:1)
	at org.openqa.selenium.remote.RemoteWebDriver$RemoteWebDriverOptions$RemoteWindow.getSize(RemoteWebDriver.java:813)
	at org.openqa.selenium.WebDriver$Window$getSize.call(Unknown Source)
	at com.kms.katalon.core.mobile.keyword.internal.MobileAbstractKeyword.findElement(MobileAbstractKeyword.groovy:81)
	at com.kms.katalon.core.mobile.keyword.builtin.GetTextKeyword$_getText_closure1.doCall(GetTextKeyword.groovy:72)
	at com.kms.katalon.core.mobile.keyword.builtin.GetTextKeyword$_getText_closure1.call(GetTextKeyword.groovy)
	at com.kms.katalon.core.mobile.keyword.internal.MobileKeywordMain.runKeyword(MobileKeywordMain.groovy:21)
	at com.kms.katalon.core.mobile.keyword.builtin.GetTextKeyword.getText(GetTextKeyword.groovy:80)
	at com.kms.katalon.core.mobile.keyword.builtin.GetTextKeyword.execute(GetTextKeyword.groovy:64)
	at com.kms.katalon.core.keyword.internal.KeywordExecutor.executeKeywordForPlatform(KeywordExecutor.groovy:72)
	at com.kms.katalon.core.mobile.keyword.MobileBuiltInKeywords.getText(MobileBuiltInKeywords.groovy:459)
	at com.kms.katalon.core.mobile.keyword.MobileBuiltInKeywords$getText$4.call(Unknown Source)
	at DuitNow Mobile.run(DuitNow Mobile:395)
	at com.kms.katalon.core.main.ScriptEngine.run(ScriptEngine.java:194)
	at com.kms.katalon.core.main.ScriptEngine.runScriptAsRawText(ScriptEngine.java:119)
	at com.kms.katalon.core.main.TestCaseExecutor.runScript(TestCaseExecutor.java:337)
	at com.kms.katalon.core.main.TestCaseExecutor.doExecute(TestCaseExecutor.java:328)
	at com.kms.katalon.core.main.TestCaseExecutor.processExecutionPhase(TestCaseExecutor.java:307)
	at com.kms.katalon.core.main.TestCaseExecutor.accessMainPhase(TestCaseExecutor.java:299)
	at com.kms.katalon.core.main.TestCaseExecutor.execute(TestCaseExecutor.java:233)
	at com.kms.katalon.core.main.TestSuiteExecutor.accessTestCaseMainPhase(TestSuiteExecutor.java:169)
	at com.kms.katalon.core.main.TestSuiteExecutor.accessTestSuiteMainPhase(TestSuiteExecutor.java:142)
	at com.kms.katalon.core.main.TestSuiteExecutor.execute(TestSuiteExecutor.java:91)
	at com.kms.katalon.core.main.TestCaseMain.startTestSuite(TestCaseMain.java:157)
	at com.kms.katalon.core.main.TestCaseMain$startTestSuite$0.call(Unknown Source)
	at TempTestSuite1597641356181.run(TempTestSuite1597641356181.groovy:36)
)

2020-08-17 13:21:06 - [MESSAGE][WARNING] - Timeout '0' is invalid. Using default page load timeout: '10'

2020-08-17 13:21:07 - [MESSAGE][WARNING] - Cannot take screenshot

2020-08-17 13:21:07 - [MESSAGE][FAILED] - Failed to get text from element (Root cause: org.openqa.selenium.WebDriverException: An unknown server-side error occurred while processing the command. Original error: Could not proxy command to remote server. Original error: Error: socket hang up
Build info: version: '3.141.59', revision: 'e82be7d358', time: '2018-11-14T08:25:53'
System info: host: 'DESKTOP-CP3TV4N', ip: '192.168.0.102', os.name: 'Windows 10', os.arch: 'amd64', os.version: '10.0', java.version: '1.8.0_181'
Driver info: com.kms.katalon.core.appium.driver.SwipeableAndroidDriver
Capabilities {app: C:\Users\LENOVO\Katalon Stu..., appPackage: com.maybank2u.life.uat, appWaitActivity: *, appWaitDuration: 50000, appWaitPackage: com.maybank2u.life.uat, autoGrantPermissions: true, automationName: uiautomator2, databaseEnabled: false, desired: {app: C:\Users\LENOVO\Katalon Stu..., appWaitActivity: *, appWaitDuration: 50000, appWaitPackage: com.maybank2u.life.uat, autoGrantPermissions: true, automationName: uiautomator2, deviceId: 11cb9864, deviceName: Xiaomi Redmi Note 7S (Andro..., fullReset: false, newCommandTimeout: 1800, noReset: true, platform: ANDROID, platformName: android, platformVersion: 9, systemPort: 55263, udid: 11cb9864}, deviceApiLevel: 28, deviceId: 11cb9864, deviceManufacturer: Xiaomi, deviceModel: Redmi Note 7S, deviceName: 11cb9864, deviceScreenDensity: 440, deviceScreenSize: 1080x2340, deviceUDID: 11cb9864, fullReset: false, javascriptEnabled: true, locationContextEnabled: false, networkConnectionEnabled: true, newCommandTimeout: 1800, noReset: true, pixelRatio: 2.75, platform: ANDROID, platformName: Android, platformVersion: 9, statBarHeight: 80, systemPort: 55263, takesScreenshot: true, udid: 11cb9864, viewportRect: {height: 2051, left: 0, top: 80, width: 1080}, warnings: {}, webStorageEnabled: false}
Session ID: 16a99625-d6f8-42b1-95c8-b52d7298c22a
	at org.openqa.selenium.remote.http.W3CHttpResponseCodec.createException(W3CHttpResponseCodec.java:187)
	at org.openqa.selenium.remote.http.W3CHttpResponseCodec.decode(W3CHttpResponseCodec.java:122)
	at org.openqa.selenium.remote.http.W3CHttpResponseCodec.decode(W3CHttpResponseCodec.java:49)
	at org.openqa.selenium.remote.HttpCommandExecutor.execute(HttpCommandExecutor.java:158)
	at io.appium.java_client.remote.AppiumCommandExecutor.execute(AppiumCommandExecutor.java:239)
	at org.openqa.selenium.remote.RemoteWebDriver.execute(RemoteWebDriver.java:552)
	at io.appium.java_client.DefaultGenericMobileDriver.execute(DefaultGenericMobileDriver.java:46)
	at io.appium.java_client.AppiumDriver.execute(AppiumDriver.java:1)
	at io.appium.java_client.android.AndroidDriver.execute(AndroidDriver.java:1)
	at com.kms.katalon.core.appium.driver.SwipeableAndroidDriver.execute(SwipeableAndroidDriver.java:1)
	at org.openqa.selenium.remote.RemoteWebDriver$RemoteWebDriverOptions$RemoteWindow.getSize(RemoteWebDriver.java:813)
	at org.openqa.selenium.WebDriver$Window$getSize.call(Unknown Source)
	at com.kms.katalon.core.mobile.keyword.internal.MobileAbstractKeyword.findElement(MobileAbstractKeyword.groovy:81)
	at com.kms.katalon.core.mobile.keyword.builtin.GetTextKeyword$_getText_closure1.doCall(GetTextKeyword.groovy:72)
	at com.kms.katalon.core.mobile.keyword.builtin.GetTextKeyword$_getText_closure1.call(GetTextKeyword.groovy)
	at com.kms.katalon.core.mobile.keyword.internal.MobileKeywordMain.runKeyword(MobileKeywordMain.groovy:21)
	at com.kms.katalon.core.mobile.keyword.builtin.GetTextKeyword.getText(GetTextKeyword.groovy:80)
	at com.kms.katalon.core.mobile.keyword.builtin.GetTextKeyword.execute(GetTextKeyword.groovy:64)
	at com.kms.katalon.core.keyword.internal.KeywordExecutor.executeKeywordForPlatform(KeywordExecutor.groovy:72)
	at com.kms.katalon.core.mobile.keyword.MobileBuiltInKeywords.getText(MobileBuiltInKeywords.groovy:459)
	at com.kms.katalon.core.mobile.keyword.MobileBuiltInKeywords$getText$4.call(Unknown Source)
	at DuitNow Mobile.run(DuitNow Mobile:395)
	at com.kms.katalon.core.main.ScriptEngine.run(ScriptEngine.java:194)
	at com.kms.katalon.core.main.ScriptEngine.runScriptAsRawText(ScriptEngine.java:119)
	at com.kms.katalon.core.main.TestCaseExecutor.runScript(TestCaseExecutor.java:337)
	at com.kms.katalon.core.main.TestCaseExecutor.doExecute(TestCaseExecutor.java:328)
	at com.kms.katalon.core.main.TestCaseExecutor.processExecutionPhase(TestCaseExecutor.java:307)
	at com.kms.katalon.core.main.TestCaseExecutor.accessMainPhase(TestCaseExecutor.java:299)
	at com.kms.katalon.core.main.TestCaseExecutor.execute(TestCaseExecutor.java:233)
	at com.kms.katalon.core.main.TestSuiteExecutor.accessTestCaseMainPhase(TestSuiteExecutor.java:169)
	at com.kms.katalon.core.main.TestSuiteExecutor.accessTestSuiteMainPhase(TestSuiteExecutor.java:142)
	at com.kms.katalon.core.main.TestSuiteExecutor.execute(TestSuiteExecutor.java:91)
	at com.kms.katalon.core.main.TestCaseMain.startTestSuite(TestCaseMain.java:157)
	at com.kms.katalon.core.main.TestCaseMain$startTestSuite$0.call(Unknown Source)
	at TempTestSuite1597641356181.run(TempTestSuite1597641356181.groovy:36)
)

2020-08-17 13:21:07 - [TEST_STEP][FAILED] - verifyElementExist(findTestObject("Maya/drop4 CR/android.view.View0 - RM 2.00"), 0): Failed to check for element 'Object Repository/Maya/drop4 CR/android.view.View0 - RM 2.00' exist (Root cause: org.openqa.selenium.WebDriverException: An unknown server-side error occurred while processing the command. Original error: Could not proxy command to remote server. Original error: Error: connect ECONNREFUSED 127.0.0.1:55263
Build info: version: '3.141.59', revision: 'e82be7d358', time: '2018-11-14T08:25:53'
System info: host: 'DESKTOP-CP3TV4N', ip: '192.168.0.102', os.name: 'Windows 10', os.arch: 'amd64', os.version: '10.0', java.version: '1.8.0_181'
Driver info: com.kms.katalon.core.appium.driver.SwipeableAndroidDriver
Capabilities {app: C:\Users\LENOVO\Katalon Stu..., appPackage: com.maybank2u.life.uat, appWaitActivity: *, appWaitDuration: 50000, appWaitPackage: com.maybank2u.life.uat, autoGrantPermissions: true, automationName: uiautomator2, databaseEnabled: false, desired: {app: C:\Users\LENOVO\Katalon Stu..., appWaitActivity: *, appWaitDuration: 50000, appWaitPackage: com.maybank2u.life.uat, autoGrantPermissions: true, automationName: uiautomator2, deviceId: 11cb9864, deviceName: Xiaomi Redmi Note 7S (Andro..., fullReset: false, newCommandTimeout: 1800, noReset: true, platform: ANDROID, platformName: android, platformVersion: 9, systemPort: 55263, udid: 11cb9864}, deviceApiLevel: 28, deviceId: 11cb9864, deviceManufacturer: Xiaomi, deviceModel: Redmi Note 7S, deviceName: 11cb9864, deviceScreenDensity: 440, deviceScreenSize: 1080x2340, deviceUDID: 11cb9864, fullReset: false, javascriptEnabled: true, locationContextEnabled: false, networkConnectionEnabled: true, newCommandTimeout: 1800, noReset: true, pixelRatio: 2.75, platform: ANDROID, platformName: Android, platformVersion: 9, statBarHeight: 80, systemPort: 55263, takesScreenshot: true, udid: 11cb9864, viewportRect: {height: 2051, left: 0, top: 80, width: 1080}, warnings: {}, webStorageEnabled: false}
Session ID: 16a99625-d6f8-42b1-95c8-b52d7298c22a
	at org.openqa.selenium.remote.http.W3CHttpResponseCodec.createException(W3CHttpResponseCodec.java:187)
	at org.openqa.selenium.remote.http.W3CHttpResponseCodec.decode(W3CHttpResponseCodec.java:122)
	at org.openqa.selenium.remote.http.W3CHttpResponseCodec.decode(W3CHttpResponseCodec.java:49)
	at org.openqa.selenium.remote.HttpCommandExecutor.execute(HttpCommandExecutor.java:158)
	at io.appium.java_client.remote.AppiumCommandExecutor.execute(AppiumCommandExecutor.java:239)
	at org.openqa.selenium.remote.RemoteWebDriver.execute(RemoteWebDriver.java:552)
	at io.appium.java_client.DefaultGenericMobileDriver.execute(DefaultGenericMobileDriver.java:46)
	at io.appium.java_client.AppiumDriver.execute(AppiumDriver.java:1)
	at io.appium.java_client.android.AndroidDriver.execute(AndroidDriver.java:1)
	at com.kms.katalon.core.appium.driver.SwipeableAndroidDriver.execute(SwipeableAndroidDriver.java:1)
	at org.openqa.selenium.remote.RemoteWebDriver$RemoteWebDriverOptions$RemoteWindow.getSize(RemoteWebDriver.java:813)
	at org.openqa.selenium.WebDriver$Window$getSize.call(Unknown Source)
	at com.kms.katalon.core.mobile.keyword.internal.MobileAbstractKeyword.findElement(MobileAbstractKeyword.groovy:81)
	at com.kms.katalon.core.mobile.keyword.builtin.VerifyElementExistKeyword$_verifyElementExist_closure1.doCall(VerifyElementExistKeyword.groovy:72)
	at com.kms.katalon.core.mobile.keyword.builtin.VerifyElementExistKeyword$_verifyElementExist_closure1.call(VerifyElementExistKeyword.groovy)
	at com.kms.katalon.core.mobile.keyword.internal.MobileKeywordMain.runKeyword(MobileKeywordMain.groovy:21)
	at com.kms.katalon.core.mobile.keyword.builtin.VerifyElementExistKeyword.verifyElementExist(VerifyElementExistKeyword.groovy:80)
	at com.kms.katalon.core.mobile.keyword.builtin.VerifyElementExistKeyword.execute(VerifyElementExistKeyword.groovy:64)
	at com.kms.katalon.core.keyword.internal.KeywordExecutor.executeKeywordForPlatform(KeywordExecutor.groovy:72)
	at com.kms.katalon.core.mobile.keyword.MobileBuiltInKeywords.verifyElementExist(MobileBuiltInKeywords.groovy:809)
	at com.kms.katalon.core.mobile.keyword.MobileBuiltInKeywords$verifyElementExist$5.call(Unknown Source)
	at DuitNow Mobile.run(DuitNow Mobile:397)
	at com.kms.katalon.core.main.ScriptEngine.run(ScriptEngine.java:194)
	at com.kms.katalon.core.main.ScriptEngine.runScriptAsRawText(ScriptEngine.java:119)
	at com.kms.katalon.core.main.TestCaseExecutor.runScript(TestCaseExecutor.java:337)
	at com.kms.katalon.core.main.TestCaseExecutor.doExecute(TestCaseExecutor.java:328)
	at com.kms.katalon.core.main.TestCaseExecutor.processExecutionPhase(TestCaseExecutor.java:307)
	at com.kms.katalon.core.main.TestCaseExecutor.accessMainPhase(TestCaseExecutor.java:299)
	at com.kms.katalon.core.main.TestCaseExecutor.execute(TestCaseExecutor.java:233)
	at com.kms.katalon.core.main.TestSuiteExecutor.accessTestCaseMainPhase(TestSuiteExecutor.java:169)
	at com.kms.katalon.core.main.TestSuiteExecutor.accessTestSuiteMainPhase(TestSuiteExecutor.java:142)
	at com.kms.katalon.core.main.TestSuiteExecutor.execute(TestSuiteExecutor.java:91)
	at com.kms.katalon.core.main.TestCaseMain.startTestSuite(TestCaseMain.java:157)
	at com.kms.katalon.core.main.TestCaseMain$startTestSuite$0.call(Unknown Source)
	at TempTestSuite1597641356181.run(TempTestSuite1597641356181.groovy:36)
)

2020-08-17 13:21:07 - [MESSAGE][WARNING] - Timeout '0' is invalid. Using default page load timeout: '10'

2020-08-17 13:21:15 - [MESSAGE][WARNING] - Cannot take screenshot

2020-08-17 13:21:15 - [MESSAGE][FAILED] - Failed to check for element 'Object Repository/Maya/drop4 CR/android.view.View0 - RM 2.00' exist (Root cause: org.openqa.selenium.WebDriverException: An unknown server-side error occurred while processing the command. Original error: Could not proxy command to remote server. Original error: Error: connect ECONNREFUSED 127.0.0.1:55263
Build info: version: '3.141.59', revision: 'e82be7d358', time: '2018-11-14T08:25:53'
System info: host: 'DESKTOP-CP3TV4N', ip: '192.168.0.102', os.name: 'Windows 10', os.arch: 'amd64', os.version: '10.0', java.version: '1.8.0_181'
Driver info: com.kms.katalon.core.appium.driver.SwipeableAndroidDriver
Capabilities {app: C:\Users\LENOVO\Katalon Stu..., appPackage: com.maybank2u.life.uat, appWaitActivity: *, appWaitDuration: 50000, appWaitPackage: com.maybank2u.life.uat, autoGrantPermissions: true, automationName: uiautomator2, databaseEnabled: false, desired: {app: C:\Users\LENOVO\Katalon Stu..., appWaitActivity: *, appWaitDuration: 50000, appWaitPackage: com.maybank2u.life.uat, autoGrantPermissions: true, automationName: uiautomator2, deviceId: 11cb9864, deviceName: Xiaomi Redmi Note 7S (Andro..., fullReset: false, newCommandTimeout: 1800, noReset: true, platform: ANDROID, platformName: android, platformVersion: 9, systemPort: 55263, udid: 11cb9864}, deviceApiLevel: 28, deviceId: 11cb9864, deviceManufacturer: Xiaomi, deviceModel: Redmi Note 7S, deviceName: 11cb9864, deviceScreenDensity: 440, deviceScreenSize: 1080x2340, deviceUDID: 11cb9864, fullReset: false, javascriptEnabled: true, locationContextEnabled: false, networkConnectionEnabled: true, newCommandTimeout: 1800, noReset: true, pixelRatio: 2.75, platform: ANDROID, platformName: Android, platformVersion: 9, statBarHeight: 80, systemPort: 55263, takesScreenshot: true, udid: 11cb9864, viewportRect: {height: 2051, left: 0, top: 80, width: 1080}, warnings: {}, webStorageEnabled: false}
Session ID: 16a99625-d6f8-42b1-95c8-b52d7298c22a
	at org.openqa.selenium.remote.http.W3CHttpResponseCodec.createException(W3CHttpResponseCodec.java:187)
	at org.openqa.selenium.remote.http.W3CHttpResponseCodec.decode(W3CHttpResponseCodec.java:122)
	at org.openqa.selenium.remote.http.W3CHttpResponseCodec.decode(W3CHttpResponseCodec.java:49)
	at org.openqa.selenium.remote.HttpCommandExecutor.execute(HttpCommandExecutor.java:158)
	at io.appium.java_client.remote.AppiumCommandExecutor.execute(AppiumCommandExecutor.java:239)
	at org.openqa.selenium.remote.RemoteWebDriver.execute(RemoteWebDriver.java:552)
	at io.appium.java_client.DefaultGenericMobileDriver.execute(DefaultGenericMobileDriver.java:46)
	at io.appium.java_client.AppiumDriver.execute(AppiumDriver.java:1)
	at io.appium.java_client.android.AndroidDriver.execute(AndroidDriver.java:1)
	at com.kms.katalon.core.appium.driver.SwipeableAndroidDriver.execute(SwipeableAndroidDriver.java:1)
	at org.openqa.selenium.remote.RemoteWebDriver$RemoteWebDriverOptions$RemoteWindow.getSize(RemoteWebDriver.java:813)
	at org.openqa.selenium.WebDriver$Window$getSize.call(Unknown Source)
	at com.kms.katalon.core.mobile.keyword.internal.MobileAbstractKeyword.findElement(MobileAbstractKeyword.groovy:81)
	at com.kms.katalon.core.mobile.keyword.builtin.VerifyElementExistKeyword$_verifyElementExist_closure1.doCall(VerifyElementExistKeyword.groovy:72)
	at com.kms.katalon.core.mobile.keyword.builtin.VerifyElementExistKeyword$_verifyElementExist_closure1.call(VerifyElementExistKeyword.groovy)
	at com.kms.katalon.core.mobile.keyword.internal.MobileKeywordMain.runKeyword(MobileKeywordMain.groovy:21)
	at com.kms.katalon.core.mobile.keyword.builtin.VerifyElementExistKeyword.verifyElementExist(VerifyElementExistKeyword.groovy:80)
	at com.kms.katalon.core.mobile.keyword.builtin.VerifyElementExistKeyword.execute(VerifyElementExistKeyword.groovy:64)
	at com.kms.katalon.core.keyword.internal.KeywordExecutor.executeKeywordForPlatform(KeywordExecutor.groovy:72)
	at com.kms.katalon.core.mobile.keyword.MobileBuiltInKeywords.verifyElementExist(MobileBuiltInKeywords.groovy:809)
	at com.kms.katalon.core.mobile.keyword.MobileBuiltInKeywords$verifyElementExist$5.call(Unknown Source)
	at DuitNow Mobile.run(DuitNow Mobile:397)
	at com.kms.katalon.core.main.ScriptEngine.run(ScriptEngine.java:194)
	at com.kms.katalon.core.main.ScriptEngine.runScriptAsRawText(ScriptEngine.java:119)
	at com.kms.katalon.core.main.TestCaseExecutor.runScript(TestCaseExecutor.java:337)
	at com.kms.katalon.core.main.TestCaseExecutor.doExecute(TestCaseExecutor.java:328)
	at com.kms.katalon.core.main.TestCaseExecutor.processExecutionPhase(TestCaseExecutor.java:307)
	at com.kms.katalon.core.main.TestCaseExecutor.accessMainPhase(TestCaseExecutor.java:299)
	at com.kms.katalon.core.main.TestCaseExecutor.execute(TestCaseExecutor.java:233)
	at com.kms.katalon.core.main.TestSuiteExecutor.accessTestCaseMainPhase(TestSuiteExecutor.java:169)
	at com.kms.katalon.core.main.TestSuiteExecutor.accessTestSuiteMainPhase(TestSuiteExecutor.java:142)
	at com.kms.katalon.core.main.TestSuiteExecutor.execute(TestSuiteExecutor.java:91)
	at com.kms.katalon.core.main.TestCaseMain.startTestSuite(TestCaseMain.java:157)
	at com.kms.katalon.core.main.TestCaseMain$startTestSuite$0.call(Unknown Source)
	at TempTestSuite1597641356181.run(TempTestSuite1597641356181.groovy:36)
)

2020-08-17 13:21:15 - [TEST_STEP][FAILED] - getText(findTestObject("Maya/New_Transfer/android.view.View0 - Beneficiary name"), 0): Failed to get text from element (Root cause: org.openqa.selenium.WebDriverException: An unknown server-side error occurred while processing the command. Original error: Could not proxy command to remote server. Original error: Error: connect ECONNREFUSED 127.0.0.1:55263
Build info: version: '3.141.59', revision: 'e82be7d358', time: '2018-11-14T08:25:53'
System info: host: 'DESKTOP-CP3TV4N', ip: '192.168.0.102', os.name: 'Windows 10', os.arch: 'amd64', os.version: '10.0', java.version: '1.8.0_181'
Driver info: com.kms.katalon.core.appium.driver.SwipeableAndroidDriver
Capabilities {app: C:\Users\LENOVO\Katalon Stu..., appPackage: com.maybank2u.life.uat, appWaitActivity: *, appWaitDuration: 50000, appWaitPackage: com.maybank2u.life.uat, autoGrantPermissions: true, automationName: uiautomator2, databaseEnabled: false, desired: {app: C:\Users\LENOVO\Katalon Stu..., appWaitActivity: *, appWaitDuration: 50000, appWaitPackage: com.maybank2u.life.uat, autoGrantPermissions: true, automationName: uiautomator2, deviceId: 11cb9864, deviceName: Xiaomi Redmi Note 7S (Andro..., fullReset: false, newCommandTimeout: 1800, noReset: true, platform: ANDROID, platformName: android, platformVersion: 9, systemPort: 55263, udid: 11cb9864}, deviceApiLevel: 28, deviceId: 11cb9864, deviceManufacturer: Xiaomi, deviceModel: Redmi Note 7S, deviceName: 11cb9864, deviceScreenDensity: 440, deviceScreenSize: 1080x2340, deviceUDID: 11cb9864, fullReset: false, javascriptEnabled: true, locationContextEnabled: false, networkConnectionEnabled: true, newCommandTimeout: 1800, noReset: true, pixelRatio: 2.75, platform: ANDROID, platformName: Android, platformVersion: 9, statBarHeight: 80, systemPort: 55263, takesScreenshot: true, udid: 11cb9864, viewportRect: {height: 2051, left: 0, top: 80, width: 1080}, warnings: {}, webStorageEnabled: false}
Session ID: 16a99625-d6f8-42b1-95c8-b52d7298c22a
	at org.openqa.selenium.remote.http.W3CHttpResponseCodec.createException(W3CHttpResponseCodec.java:187)
	at org.openqa.selenium.remote.http.W3CHttpResponseCodec.decode(W3CHttpResponseCodec.java:122)
	at org.openqa.selenium.remote.http.W3CHttpResponseCodec.decode(W3CHttpResponseCodec.java:49)
	at org.openqa.selenium.remote.HttpCommandExecutor.execute(HttpCommandExecutor.java:158)
	at io.appium.java_client.remote.AppiumCommandExecutor.execute(AppiumCommandExecutor.java:239)
	at org.openqa.selenium.remote.RemoteWebDriver.execute(RemoteWebDriver.java:552)
	at io.appium.java_client.DefaultGenericMobileDriver.execute(DefaultGenericMobileDriver.java:46)
	at io.appium.java_client.AppiumDriver.execute(AppiumDriver.java:1)
	at io.appium.java_client.android.AndroidDriver.execute(AndroidDriver.java:1)
	at com.kms.katalon.core.appium.driver.SwipeableAndroidDriver.execute(SwipeableAndroidDriver.java:1)
	at org.openqa.selenium.remote.RemoteWebDriver$RemoteWebDriverOptions$RemoteWindow.getSize(RemoteWebDriver.java:813)
	at org.openqa.selenium.WebDriver$Window$getSize.call(Unknown Source)
	at com.kms.katalon.core.mobile.keyword.internal.MobileAbstractKeyword.findElement(MobileAbstractKeyword.groovy:81)
	at com.kms.katalon.core.mobile.keyword.builtin.GetTextKeyword$_getText_closure1.doCall(GetTextKeyword.groovy:72)
	at com.kms.katalon.core.mobile.keyword.builtin.GetTextKeyword$_getText_closure1.call(GetTextKeyword.groovy)
	at com.kms.katalon.core.mobile.keyword.internal.MobileKeywordMain.runKeyword(MobileKeywordMain.groovy:21)
	at com.kms.katalon.core.mobile.keyword.builtin.GetTextKeyword.getText(GetTextKeyword.groovy:80)
	at com.kms.katalon.core.mobile.keyword.builtin.GetTextKeyword.execute(GetTextKeyword.groovy:64)
	at com.kms.katalon.core.keyword.internal.KeywordExecutor.executeKeywordForPlatform(KeywordExecutor.groovy:72)
	at com.kms.katalon.core.mobile.keyword.MobileBuiltInKeywords.getText(MobileBuiltInKeywords.groovy:459)
	at com.kms.katalon.core.mobile.keyword.MobileBuiltInKeywords$getText$4.call(Unknown Source)
	at DuitNow Mobile.run(DuitNow Mobile:399)
	at com.kms.katalon.core.main.ScriptEngine.run(ScriptEngine.java:194)
	at com.kms.katalon.core.main.ScriptEngine.runScriptAsRawText(ScriptEngine.java:119)
	at com.kms.katalon.core.main.TestCaseExecutor.runScript(TestCaseExecutor.java:337)
	at com.kms.katalon.core.main.TestCaseExecutor.doExecute(TestCaseExecutor.java:328)
	at com.kms.katalon.core.main.TestCaseExecutor.processExecutionPhase(TestCaseExecutor.java:307)
	at com.kms.katalon.core.main.TestCaseExecutor.accessMainPhase(TestCaseExecutor.java:299)
	at com.kms.katalon.core.main.TestCaseExecutor.execute(TestCaseExecutor.java:233)
	at com.kms.katalon.core.main.TestSuiteExecutor.accessTestCaseMainPhase(TestSuiteExecutor.java:169)
	at com.kms.katalon.core.main.TestSuiteExecutor.accessTestSuiteMainPhase(TestSuiteExecutor.java:142)
	at com.kms.katalon.core.main.TestSuiteExecutor.execute(TestSuiteExecutor.java:91)
	at com.kms.katalon.core.main.TestCaseMain.startTestSuite(TestCaseMain.java:157)
	at com.kms.katalon.core.main.TestCaseMain$startTestSuite$0.call(Unknown Source)
	at TempTestSuite1597641356181.run(TempTestSuite1597641356181.groovy:36)
)

2020-08-17 13:21:15 - [MESSAGE][WARNING] - Timeout '0' is invalid. Using default page load timeout: '10'

2020-08-17 13:21:19 - [MESSAGE][WARNING] - Cannot take screenshot

2020-08-17 13:21:19 - [MESSAGE][FAILED] - Failed to get text from element (Root cause: org.openqa.selenium.WebDriverException: An unknown server-side error occurred while processing the command. Original error: Could not proxy command to remote server. Original error: Error: connect ECONNREFUSED 127.0.0.1:55263
Build info: version: '3.141.59', revision: 'e82be7d358', time: '2018-11-14T08:25:53'
System info: host: 'DESKTOP-CP3TV4N', ip: '192.168.0.102', os.name: 'Windows 10', os.arch: 'amd64', os.version: '10.0', java.version: '1.8.0_181'
Driver info: com.kms.katalon.core.appium.driver.SwipeableAndroidDriver
Capabilities {app: C:\Users\LENOVO\Katalon Stu..., appPackage: com.maybank2u.life.uat, appWaitActivity: *, appWaitDuration: 50000, appWaitPackage: com.maybank2u.life.uat, autoGrantPermissions: true, automationName: uiautomator2, databaseEnabled: false, desired: {app: C:\Users\LENOVO\Katalon Stu..., appWaitActivity: *, appWaitDuration: 50000, appWaitPackage: com.maybank2u.life.uat, autoGrantPermissions: true, automationName: uiautomator2, deviceId: 11cb9864, deviceName: Xiaomi Redmi Note 7S (Andro..., fullReset: false, newCommandTimeout: 1800, noReset: true, platform: ANDROID, platformName: android, platformVersion: 9, systemPort: 55263, udid: 11cb9864}, deviceApiLevel: 28, deviceId: 11cb9864, deviceManufacturer: Xiaomi, deviceModel: Redmi Note 7S, deviceName: 11cb9864, deviceScreenDensity: 440, deviceScreenSize: 1080x2340, deviceUDID: 11cb9864, fullReset: false, javascriptEnabled: true, locationContextEnabled: false, networkConnectionEnabled: true, newCommandTimeout: 1800, noReset: true, pixelRatio: 2.75, platform: ANDROID, platformName: Android, platformVersion: 9, statBarHeight: 80, systemPort: 55263, takesScreenshot: true, udid: 11cb9864, viewportRect: {height: 2051, left: 0, top: 80, width: 1080}, warnings: {}, webStorageEnabled: false}
Session ID: 16a99625-d6f8-42b1-95c8-b52d7298c22a
	at org.openqa.selenium.remote.http.W3CHttpResponseCodec.createException(W3CHttpResponseCodec.java:187)
	at org.openqa.selenium.remote.http.W3CHttpResponseCodec.decode(W3CHttpResponseCodec.java:122)
	at org.openqa.selenium.remote.http.W3CHttpResponseCodec.decode(W3CHttpResponseCodec.java:49)
	at org.openqa.selenium.remote.HttpCommandExecutor.execute(HttpCommandExecutor.java:158)
	at io.appium.java_client.remote.AppiumCommandExecutor.execute(AppiumCommandExecutor.java:239)
	at org.openqa.selenium.remote.RemoteWebDriver.execute(RemoteWebDriver.java:552)
	at io.appium.java_client.DefaultGenericMobileDriver.execute(DefaultGenericMobileDriver.java:46)
	at io.appium.java_client.AppiumDriver.execute(AppiumDriver.java:1)
	at io.appium.java_client.android.AndroidDriver.execute(AndroidDriver.java:1)
	at com.kms.katalon.core.appium.driver.SwipeableAndroidDriver.execute(SwipeableAndroidDriver.java:1)
	at org.openqa.selenium.remote.RemoteWebDriver$RemoteWebDriverOptions$RemoteWindow.getSize(RemoteWebDriver.java:813)
	at org.openqa.selenium.WebDriver$Window$getSize.call(Unknown Source)
	at com.kms.katalon.core.mobile.keyword.internal.MobileAbstractKeyword.findElement(MobileAbstractKeyword.groovy:81)
	at com.kms.katalon.core.mobile.keyword.builtin.GetTextKeyword$_getText_closure1.doCall(GetTextKeyword.groovy:72)
	at com.kms.katalon.core.mobile.keyword.builtin.GetTextKeyword$_getText_closure1.call(GetTextKeyword.groovy)
	at com.kms.katalon.core.mobile.keyword.internal.MobileKeywordMain.runKeyword(MobileKeywordMain.groovy:21)
	at com.kms.katalon.core.mobile.keyword.builtin.GetTextKeyword.getText(GetTextKeyword.groovy:80)
	at com.kms.katalon.core.mobile.keyword.builtin.GetTextKeyword.execute(GetTextKeyword.groovy:64)
	at com.kms.katalon.core.keyword.internal.KeywordExecutor.executeKeywordForPlatform(KeywordExecutor.groovy:72)
	at com.kms.katalon.core.mobile.keyword.MobileBuiltInKeywords.getText(MobileBuiltInKeywords.groovy:459)
	at com.kms.katalon.core.mobile.keyword.MobileBuiltInKeywords$getText$4.call(Unknown Source)
	at DuitNow Mobile.run(DuitNow Mobile:399)
	at com.kms.katalon.core.main.ScriptEngine.run(ScriptEngine.java:194)
	at com.kms.katalon.core.main.ScriptEngine.runScriptAsRawText(ScriptEngine.java:119)
	at com.kms.katalon.core.main.TestCaseExecutor.runScript(TestCaseExecutor.java:337)
	at com.kms.katalon.core.main.TestCaseExecutor.doExecute(TestCaseExecutor.java:328)
	at com.kms.katalon.core.main.TestCaseExecutor.processExecutionPhase(TestCaseExecutor.java:307)
	at com.kms.katalon.core.main.TestCaseExecutor.accessMainPhase(TestCaseExecutor.java:299)
	at com.kms.katalon.core.main.TestCaseExecutor.execute(TestCaseExecutor.java:233)
	at com.kms.katalon.core.main.TestSuiteExecutor.accessTestCaseMainPhase(TestSuiteExecutor.java:169)
	at com.kms.katalon.core.main.TestSuiteExecutor.accessTestSuiteMainPhase(TestSuiteExecutor.java:142)
	at com.kms.katalon.core.main.TestSuiteExecutor.execute(TestSuiteExecutor.java:91)
	at com.kms.katalon.core.main.TestCaseMain.startTestSuite(TestCaseMain.java:157)
	at com.kms.katalon.core.main.TestCaseMain$startTestSuite$0.call(Unknown Source)
	at TempTestSuite1597641356181.run(TempTestSuite1597641356181.groovy:36)
)

2020-08-17 13:21:19 - [TEST_STEP][FAILED] - verifyElementExist(findTestObject("Maya/New_Transfer/android.view.View0 - Beneficiary name"), 0): Failed to check for element 'Object Repository/Maya/New_Transfer/android.view.View0 - Beneficiary name' exist (Root cause: org.openqa.selenium.WebDriverException: An unknown server-side error occurred while processing the command. Original error: Could not proxy command to remote server. Original error: Error: connect ECONNREFUSED 127.0.0.1:55263
Build info: version: '3.141.59', revision: 'e82be7d358', time: '2018-11-14T08:25:53'
System info: host: 'DESKTOP-CP3TV4N', ip: '192.168.0.102', os.name: 'Windows 10', os.arch: 'amd64', os.version: '10.0', java.version: '1.8.0_181'
Driver info: com.kms.katalon.core.appium.driver.SwipeableAndroidDriver
Capabilities {app: C:\Users\LENOVO\Katalon Stu..., appPackage: com.maybank2u.life.uat, appWaitActivity: *, appWaitDuration: 50000, appWaitPackage: com.maybank2u.life.uat, autoGrantPermissions: true, automationName: uiautomator2, databaseEnabled: false, desired: {app: C:\Users\LENOVO\Katalon Stu..., appWaitActivity: *, appWaitDuration: 50000, appWaitPackage: com.maybank2u.life.uat, autoGrantPermissions: true, automationName: uiautomator2, deviceId: 11cb9864, deviceName: Xiaomi Redmi Note 7S (Andro..., fullReset: false, newCommandTimeout: 1800, noReset: true, platform: ANDROID, platformName: android, platformVersion: 9, systemPort: 55263, udid: 11cb9864}, deviceApiLevel: 28, deviceId: 11cb9864, deviceManufacturer: Xiaomi, deviceModel: Redmi Note 7S, deviceName: 11cb9864, deviceScreenDensity: 440, deviceScreenSize: 1080x2340, deviceUDID: 11cb9864, fullReset: false, javascriptEnabled: true, locationContextEnabled: false, networkConnectionEnabled: true, newCommandTimeout: 1800, noReset: true, pixelRatio: 2.75, platform: ANDROID, platformName: Android, platformVersion: 9, statBarHeight: 80, systemPort: 55263, takesScreenshot: true, udid: 11cb9864, viewportRect: {height: 2051, left: 0, top: 80, width: 1080}, warnings: {}, webStorageEnabled: false}
Session ID: 16a99625-d6f8-42b1-95c8-b52d7298c22a
	at org.openqa.selenium.remote.http.W3CHttpResponseCodec.createException(W3CHttpResponseCodec.java:187)
	at org.openqa.selenium.remote.http.W3CHttpResponseCodec.decode(W3CHttpResponseCodec.java:122)
	at org.openqa.selenium.remote.http.W3CHttpResponseCodec.decode(W3CHttpResponseCodec.java:49)
	at org.openqa.selenium.remote.HttpCommandExecutor.execute(HttpCommandExecutor.java:158)
	at io.appium.java_client.remote.AppiumCommandExecutor.execute(AppiumCommandExecutor.java:239)
	at org.openqa.selenium.remote.RemoteWebDriver.execute(RemoteWebDriver.java:552)
	at io.appium.java_client.DefaultGenericMobileDriver.execute(DefaultGenericMobileDriver.java:46)
	at io.appium.java_client.AppiumDriver.execute(AppiumDriver.java:1)
	at io.appium.java_client.android.AndroidDriver.execute(AndroidDriver.java:1)
	at com.kms.katalon.core.appium.driver.SwipeableAndroidDriver.execute(SwipeableAndroidDriver.java:1)
	at org.openqa.selenium.remote.RemoteWebDriver$RemoteWebDriverOptions$RemoteWindow.getSize(RemoteWebDriver.java:813)
	at org.openqa.selenium.WebDriver$Window$getSize.call(Unknown Source)
	at com.kms.katalon.core.mobile.keyword.internal.MobileAbstractKeyword.findElement(MobileAbstractKeyword.groovy:81)
	at com.kms.katalon.core.mobile.keyword.builtin.VerifyElementExistKeyword$_verifyElementExist_closure1.doCall(VerifyElementExistKeyword.groovy:72)
	at com.kms.katalon.core.mobile.keyword.builtin.VerifyElementExistKeyword$_verifyElementExist_closure1.call(VerifyElementExistKeyword.groovy)
	at com.kms.katalon.core.mobile.keyword.internal.MobileKeywordMain.runKeyword(MobileKeywordMain.groovy:21)
	at com.kms.katalon.core.mobile.keyword.builtin.VerifyElementExistKeyword.verifyElementExist(VerifyElementExistKeyword.groovy:80)
	at com.kms.katalon.core.mobile.keyword.builtin.VerifyElementExistKeyword.execute(VerifyElementExistKeyword.groovy:64)
	at com.kms.katalon.core.keyword.internal.KeywordExecutor.executeKeywordForPlatform(KeywordExecutor.groovy:72)
	at com.kms.katalon.core.mobile.keyword.MobileBuiltInKeywords.verifyElementExist(MobileBuiltInKeywords.groovy:809)
	at com.kms.katalon.core.mobile.keyword.MobileBuiltInKeywords$verifyElementExist$5.call(Unknown Source)
	at DuitNow Mobile.run(DuitNow Mobile:401)
	at com.kms.katalon.core.main.ScriptEngine.run(ScriptEngine.java:194)
	at com.kms.katalon.core.main.ScriptEngine.runScriptAsRawText(ScriptEngine.java:119)
	at com.kms.katalon.core.main.TestCaseExecutor.runScript(TestCaseExecutor.java:337)
	at com.kms.katalon.core.main.TestCaseExecutor.doExecute(TestCaseExecutor.java:328)
	at com.kms.katalon.core.main.TestCaseExecutor.processExecutionPhase(TestCaseExecutor.java:307)
	at com.kms.katalon.core.main.TestCaseExecutor.accessMainPhase(TestCaseExecutor.java:299)
	at com.kms.katalon.core.main.TestCaseExecutor.execute(TestCaseExecutor.java:233)
	at com.kms.katalon.core.main.TestSuiteExecutor.accessTestCaseMainPhase(TestSuiteExecutor.java:169)
	at com.kms.katalon.core.main.TestSuiteExecutor.accessTestSuiteMainPhase(TestSuiteExecutor.java:142)
	at com.kms.katalon.core.main.TestSuiteExecutor.execute(TestSuiteExecutor.java:91)
	at com.kms.katalon.core.main.TestCaseMain.startTestSuite(TestCaseMain.java:157)
	at com.kms.katalon.core.main.TestCaseMain$startTestSuite$0.call(Unknown Source)
	at TempTestSuite1597641356181.run(TempTestSuite1597641356181.groovy:36)
)

2020-08-17 13:21:19 - [MESSAGE][WARNING] - Timeout '0' is invalid. Using default page load timeout: '10'

2020-08-17 13:21:23 - [MESSAGE][WARNING] - Cannot take screenshot

2020-08-17 13:21:23 - [MESSAGE][FAILED] - Failed to check for element 'Object Repository/Maya/New_Transfer/android.view.View0 - Beneficiary name' exist (Root cause: org.openqa.selenium.WebDriverException: An unknown server-side error occurred while processing the command. Original error: Could not proxy command to remote server. Original error: Error: connect ECONNREFUSED 127.0.0.1:55263
Build info: version: '3.141.59', revision: 'e82be7d358', time: '2018-11-14T08:25:53'
System info: host: 'DESKTOP-CP3TV4N', ip: '192.168.0.102', os.name: 'Windows 10', os.arch: 'amd64', os.version: '10.0', java.version: '1.8.0_181'
Driver info: com.kms.katalon.core.appium.driver.SwipeableAndroidDriver
Capabilities {app: C:\Users\LENOVO\Katalon Stu..., appPackage: com.maybank2u.life.uat, appWaitActivity: *, appWaitDuration: 50000, appWaitPackage: com.maybank2u.life.uat, autoGrantPermissions: true, automationName: uiautomator2, databaseEnabled: false, desired: {app: C:\Users\LENOVO\Katalon Stu..., appWaitActivity: *, appWaitDuration: 50000, appWaitPackage: com.maybank2u.life.uat, autoGrantPermissions: true, automationName: uiautomator2, deviceId: 11cb9864, deviceName: Xiaomi Redmi Note 7S (Andro..., fullReset: false, newCommandTimeout: 1800, noReset: true, platform: ANDROID, platformName: android, platformVersion: 9, systemPort: 55263, udid: 11cb9864}, deviceApiLevel: 28, deviceId: 11cb9864, deviceManufacturer: Xiaomi, deviceModel: Redmi Note 7S, deviceName: 11cb9864, deviceScreenDensity: 440, deviceScreenSize: 1080x2340, deviceUDID: 11cb9864, fullReset: false, javascriptEnabled: true, locationContextEnabled: false, networkConnectionEnabled: true, newCommandTimeout: 1800, noReset: true, pixelRatio: 2.75, platform: ANDROID, platformName: Android, platformVersion: 9, statBarHeight: 80, systemPort: 55263, takesScreenshot: true, udid: 11cb9864, viewportRect: {height: 2051, left: 0, top: 80, width: 1080}, warnings: {}, webStorageEnabled: false}
Session ID: 16a99625-d6f8-42b1-95c8-b52d7298c22a
	at org.openqa.selenium.remote.http.W3CHttpResponseCodec.createException(W3CHttpResponseCodec.java:187)
	at org.openqa.selenium.remote.http.W3CHttpResponseCodec.decode(W3CHttpResponseCodec.java:122)
	at org.openqa.selenium.remote.http.W3CHttpResponseCodec.decode(W3CHttpResponseCodec.java:49)
	at org.openqa.selenium.remote.HttpCommandExecutor.execute(HttpCommandExecutor.java:158)
	at io.appium.java_client.remote.AppiumCommandExecutor.execute(AppiumCommandExecutor.java:239)
	at org.openqa.selenium.remote.RemoteWebDriver.execute(RemoteWebDriver.java:552)
	at io.appium.java_client.DefaultGenericMobileDriver.execute(DefaultGenericMobileDriver.java:46)
	at io.appium.java_client.AppiumDriver.execute(AppiumDriver.java:1)
	at io.appium.java_client.android.AndroidDriver.execute(AndroidDriver.java:1)
	at com.kms.katalon.core.appium.driver.SwipeableAndroidDriver.execute(SwipeableAndroidDriver.java:1)
	at org.openqa.selenium.remote.RemoteWebDriver$RemoteWebDriverOptions$RemoteWindow.getSize(RemoteWebDriver.java:813)
	at org.openqa.selenium.WebDriver$Window$getSize.call(Unknown Source)
	at com.kms.katalon.core.mobile.keyword.internal.MobileAbstractKeyword.findElement(MobileAbstractKeyword.groovy:81)
	at com.kms.katalon.core.mobile.keyword.builtin.VerifyElementExistKeyword$_verifyElementExist_closure1.doCall(VerifyElementExistKeyword.groovy:72)
	at com.kms.katalon.core.mobile.keyword.builtin.VerifyElementExistKeyword$_verifyElementExist_closure1.call(VerifyElementExistKeyword.groovy)
	at com.kms.katalon.core.mobile.keyword.internal.MobileKeywordMain.runKeyword(MobileKeywordMain.groovy:21)
	at com.kms.katalon.core.mobile.keyword.builtin.VerifyElementExistKeyword.verifyElementExist(VerifyElementExistKeyword.groovy:80)
	at com.kms.katalon.core.mobile.keyword.builtin.VerifyElementExistKeyword.execute(VerifyElementExistKeyword.groovy:64)
	at com.kms.katalon.core.keyword.internal.KeywordExecutor.executeKeywordForPlatform(KeywordExecutor.groovy:72)
	at com.kms.katalon.core.mobile.keyword.MobileBuiltInKeywords.verifyElementExist(MobileBuiltInKeywords.groovy:809)
	at com.kms.katalon.core.mobile.keyword.MobileBuiltInKeywords$verifyElementExist$5.call(Unknown Source)
	at DuitNow Mobile.run(DuitNow Mobile:401)
	at com.kms.katalon.core.main.ScriptEngine.run(ScriptEngine.java:194)
	at com.kms.katalon.core.main.ScriptEngine.runScriptAsRawText(ScriptEngine.java:119)
	at com.kms.katalon.core.main.TestCaseExecutor.runScript(TestCaseExecutor.java:337)
	at com.kms.katalon.core.main.TestCaseExecutor.doExecute(TestCaseExecutor.java:328)
	at com.kms.katalon.core.main.TestCaseExecutor.processExecutionPhase(TestCaseExecutor.java:307)
	at com.kms.katalon.core.main.TestCaseExecutor.accessMainPhase(TestCaseExecutor.java:299)
	at com.kms.katalon.core.main.TestCaseExecutor.execute(TestCaseExecutor.java:233)
	at com.kms.katalon.core.main.TestSuiteExecutor.accessTestCaseMainPhase(TestSuiteExecutor.java:169)
	at com.kms.katalon.core.main.TestSuiteExecutor.accessTestSuiteMainPhase(TestSuiteExecutor.java:142)
	at com.kms.katalon.core.main.TestSuiteExecutor.execute(TestSuiteExecutor.java:91)
	at com.kms.katalon.core.main.TestCaseMain.startTestSuite(TestCaseMain.java:157)
	at com.kms.katalon.core.main.TestCaseMain$startTestSuite$0.call(Unknown Source)
	at TempTestSuite1597641356181.run(TempTestSuite1597641356181.groovy:36)
)

2020-08-17 13:21:23 - [TEST_STEP][FAILED] - getText(findTestObject("Maya/Third Party CA account/android.widget.TextView0 - Note This receipt is computer generated and no signature is required."), 0): Failed to get text from element (Root cause: org.openqa.selenium.WebDriverException: An unknown server-side error occurred while processing the command. Original error: Could not proxy command to remote server. Original error: Error: connect ECONNREFUSED 127.0.0.1:55263
Build info: version: '3.141.59', revision: 'e82be7d358', time: '2018-11-14T08:25:53'
System info: host: 'DESKTOP-CP3TV4N', ip: '192.168.0.102', os.name: 'Windows 10', os.arch: 'amd64', os.version: '10.0', java.version: '1.8.0_181'
Driver info: com.kms.katalon.core.appium.driver.SwipeableAndroidDriver
Capabilities {app: C:\Users\LENOVO\Katalon Stu..., appPackage: com.maybank2u.life.uat, appWaitActivity: *, appWaitDuration: 50000, appWaitPackage: com.maybank2u.life.uat, autoGrantPermissions: true, automationName: uiautomator2, databaseEnabled: false, desired: {app: C:\Users\LENOVO\Katalon Stu..., appWaitActivity: *, appWaitDuration: 50000, appWaitPackage: com.maybank2u.life.uat, autoGrantPermissions: true, automationName: uiautomator2, deviceId: 11cb9864, deviceName: Xiaomi Redmi Note 7S (Andro..., fullReset: false, newCommandTimeout: 1800, noReset: true, platform: ANDROID, platformName: android, platformVersion: 9, systemPort: 55263, udid: 11cb9864}, deviceApiLevel: 28, deviceId: 11cb9864, deviceManufacturer: Xiaomi, deviceModel: Redmi Note 7S, deviceName: 11cb9864, deviceScreenDensity: 440, deviceScreenSize: 1080x2340, deviceUDID: 11cb9864, fullReset: false, javascriptEnabled: true, locationContextEnabled: false, networkConnectionEnabled: true, newCommandTimeout: 1800, noReset: true, pixelRatio: 2.75, platform: ANDROID, platformName: Android, platformVersion: 9, statBarHeight: 80, systemPort: 55263, takesScreenshot: true, udid: 11cb9864, viewportRect: {height: 2051, left: 0, top: 80, width: 1080}, warnings: {}, webStorageEnabled: false}
Session ID: 16a99625-d6f8-42b1-95c8-b52d7298c22a
	at org.openqa.selenium.remote.http.W3CHttpResponseCodec.createException(W3CHttpResponseCodec.java:187)
	at org.openqa.selenium.remote.http.W3CHttpResponseCodec.decode(W3CHttpResponseCodec.java:122)
	at org.openqa.selenium.remote.http.W3CHttpResponseCodec.decode(W3CHttpResponseCodec.java:49)
	at org.openqa.selenium.remote.HttpCommandExecutor.execute(HttpCommandExecutor.java:158)
	at io.appium.java_client.remote.AppiumCommandExecutor.execute(AppiumCommandExecutor.java:239)
	at org.openqa.selenium.remote.RemoteWebDriver.execute(RemoteWebDriver.java:552)
	at io.appium.java_client.DefaultGenericMobileDriver.execute(DefaultGenericMobileDriver.java:46)
	at io.appium.java_client.AppiumDriver.execute(AppiumDriver.java:1)
	at io.appium.java_client.android.AndroidDriver.execute(AndroidDriver.java:1)
	at com.kms.katalon.core.appium.driver.SwipeableAndroidDriver.execute(SwipeableAndroidDriver.java:1)
	at org.openqa.selenium.remote.RemoteWebDriver$RemoteWebDriverOptions$RemoteWindow.getSize(RemoteWebDriver.java:813)
	at org.openqa.selenium.WebDriver$Window$getSize.call(Unknown Source)
	at com.kms.katalon.core.mobile.keyword.internal.MobileAbstractKeyword.findElement(MobileAbstractKeyword.groovy:81)
	at com.kms.katalon.core.mobile.keyword.builtin.GetTextKeyword$_getText_closure1.doCall(GetTextKeyword.groovy:72)
	at com.kms.katalon.core.mobile.keyword.builtin.GetTextKeyword$_getText_closure1.call(GetTextKeyword.groovy)
	at com.kms.katalon.core.mobile.keyword.internal.MobileKeywordMain.runKeyword(MobileKeywordMain.groovy:21)
	at com.kms.katalon.core.mobile.keyword.builtin.GetTextKeyword.getText(GetTextKeyword.groovy:80)
	at com.kms.katalon.core.mobile.keyword.builtin.GetTextKeyword.execute(GetTextKeyword.groovy:64)
	at com.kms.katalon.core.keyword.internal.KeywordExecutor.executeKeywordForPlatform(KeywordExecutor.groovy:72)
	at com.kms.katalon.core.mobile.keyword.MobileBuiltInKeywords.getText(MobileBuiltInKeywords.groovy:459)
	at com.kms.katalon.core.mobile.keyword.MobileBuiltInKeywords$getText$4.call(Unknown Source)
	at DuitNow Mobile.run(DuitNow Mobile:403)
	at com.kms.katalon.core.main.ScriptEngine.run(ScriptEngine.java:194)
	at com.kms.katalon.core.main.ScriptEngine.runScriptAsRawText(ScriptEngine.java:119)
	at com.kms.katalon.core.main.TestCaseExecutor.runScript(TestCaseExecutor.java:337)
	at com.kms.katalon.core.main.TestCaseExecutor.doExecute(TestCaseExecutor.java:328)
	at com.kms.katalon.core.main.TestCaseExecutor.processExecutionPhase(TestCaseExecutor.java:307)
	at com.kms.katalon.core.main.TestCaseExecutor.accessMainPhase(TestCaseExecutor.java:299)
	at com.kms.katalon.core.main.TestCaseExecutor.execute(TestCaseExecutor.java:233)
	at com.kms.katalon.core.main.TestSuiteExecutor.accessTestCaseMainPhase(TestSuiteExecutor.java:169)
	at com.kms.katalon.core.main.TestSuiteExecutor.accessTestSuiteMainPhase(TestSuiteExecutor.java:142)
	at com.kms.katalon.core.main.TestSuiteExecutor.execute(TestSuiteExecutor.java:91)
	at com.kms.katalon.core.main.TestCaseMain.startTestSuite(TestCaseMain.java:157)
	at com.kms.katalon.core.main.TestCaseMain$startTestSuite$0.call(Unknown Source)
	at TempTestSuite1597641356181.run(TempTestSuite1597641356181.groovy:36)
)

2020-08-17 13:21:24 - [MESSAGE][WARNING] - Timeout '0' is invalid. Using default page load timeout: '10'

2020-08-17 13:21:28 - [MESSAGE][WARNING] - Cannot take screenshot

2020-08-17 13:21:28 - [MESSAGE][FAILED] - Failed to get text from element (Root cause: org.openqa.selenium.WebDriverException: An unknown server-side error occurred while processing the command. Original error: Could not proxy command to remote server. Original error: Error: connect ECONNREFUSED 127.0.0.1:55263
Build info: version: '3.141.59', revision: 'e82be7d358', time: '2018-11-14T08:25:53'
System info: host: 'DESKTOP-CP3TV4N', ip: '192.168.0.102', os.name: 'Windows 10', os.arch: 'amd64', os.version: '10.0', java.version: '1.8.0_181'
Driver info: com.kms.katalon.core.appium.driver.SwipeableAndroidDriver
Capabilities {app: C:\Users\LENOVO\Katalon Stu..., appPackage: com.maybank2u.life.uat, appWaitActivity: *, appWaitDuration: 50000, appWaitPackage: com.maybank2u.life.uat, autoGrantPermissions: true, automationName: uiautomator2, databaseEnabled: false, desired: {app: C:\Users\LENOVO\Katalon Stu..., appWaitActivity: *, appWaitDuration: 50000, appWaitPackage: com.maybank2u.life.uat, autoGrantPermissions: true, automationName: uiautomator2, deviceId: 11cb9864, deviceName: Xiaomi Redmi Note 7S (Andro..., fullReset: false, newCommandTimeout: 1800, noReset: true, platform: ANDROID, platformName: android, platformVersion: 9, systemPort: 55263, udid: 11cb9864}, deviceApiLevel: 28, deviceId: 11cb9864, deviceManufacturer: Xiaomi, deviceModel: Redmi Note 7S, deviceName: 11cb9864, deviceScreenDensity: 440, deviceScreenSize: 1080x2340, deviceUDID: 11cb9864, fullReset: false, javascriptEnabled: true, locationContextEnabled: false, networkConnectionEnabled: true, newCommandTimeout: 1800, noReset: true, pixelRatio: 2.75, platform: ANDROID, platformName: Android, platformVersion: 9, statBarHeight: 80, systemPort: 55263, takesScreenshot: true, udid: 11cb9864, viewportRect: {height: 2051, left: 0, top: 80, width: 1080}, warnings: {}, webStorageEnabled: false}
Session ID: 16a99625-d6f8-42b1-95c8-b52d7298c22a
	at org.openqa.selenium.remote.http.W3CHttpResponseCodec.createException(W3CHttpResponseCodec.java:187)
	at org.openqa.selenium.remote.http.W3CHttpResponseCodec.decode(W3CHttpResponseCodec.java:122)
	at org.openqa.selenium.remote.http.W3CHttpResponseCodec.decode(W3CHttpResponseCodec.java:49)
	at org.openqa.selenium.remote.HttpCommandExecutor.execute(HttpCommandExecutor.java:158)
	at io.appium.java_client.remote.AppiumCommandExecutor.execute(AppiumCommandExecutor.java:239)
	at org.openqa.selenium.remote.RemoteWebDriver.execute(RemoteWebDriver.java:552)
	at io.appium.java_client.DefaultGenericMobileDriver.execute(DefaultGenericMobileDriver.java:46)
	at io.appium.java_client.AppiumDriver.execute(AppiumDriver.java:1)
	at io.appium.java_client.android.AndroidDriver.execute(AndroidDriver.java:1)
	at com.kms.katalon.core.appium.driver.SwipeableAndroidDriver.execute(SwipeableAndroidDriver.java:1)
	at org.openqa.selenium.remote.RemoteWebDriver$RemoteWebDriverOptions$RemoteWindow.getSize(RemoteWebDriver.java:813)
	at org.openqa.selenium.WebDriver$Window$getSize.call(Unknown Source)
	at com.kms.katalon.core.mobile.keyword.internal.MobileAbstractKeyword.findElement(MobileAbstractKeyword.groovy:81)
	at com.kms.katalon.core.mobile.keyword.builtin.GetTextKeyword$_getText_closure1.doCall(GetTextKeyword.groovy:72)
	at com.kms.katalon.core.mobile.keyword.builtin.GetTextKeyword$_getText_closure1.call(GetTextKeyword.groovy)
	at com.kms.katalon.core.mobile.keyword.internal.MobileKeywordMain.runKeyword(MobileKeywordMain.groovy:21)
	at com.kms.katalon.core.mobile.keyword.builtin.GetTextKeyword.getText(GetTextKeyword.groovy:80)
	at com.kms.katalon.core.mobile.keyword.builtin.GetTextKeyword.execute(GetTextKeyword.groovy:64)
	at com.kms.katalon.core.keyword.internal.KeywordExecutor.executeKeywordForPlatform(KeywordExecutor.groovy:72)
	at com.kms.katalon.core.mobile.keyword.MobileBuiltInKeywords.getText(MobileBuiltInKeywords.groovy:459)
	at com.kms.katalon.core.mobile.keyword.MobileBuiltInKeywords$getText$4.call(Unknown Source)
	at DuitNow Mobile.run(DuitNow Mobile:403)
	at com.kms.katalon.core.main.ScriptEngine.run(ScriptEngine.java:194)
	at com.kms.katalon.core.main.ScriptEngine.runScriptAsRawText(ScriptEngine.java:119)
	at com.kms.katalon.core.main.TestCaseExecutor.runScript(TestCaseExecutor.java:337)
	at com.kms.katalon.core.main.TestCaseExecutor.doExecute(TestCaseExecutor.java:328)
	at com.kms.katalon.core.main.TestCaseExecutor.processExecutionPhase(TestCaseExecutor.java:307)
	at com.kms.katalon.core.main.TestCaseExecutor.accessMainPhase(TestCaseExecutor.java:299)
	at com.kms.katalon.core.main.TestCaseExecutor.execute(TestCaseExecutor.java:233)
	at com.kms.katalon.core.main.TestSuiteExecutor.accessTestCaseMainPhase(TestSuiteExecutor.java:169)
	at com.kms.katalon.core.main.TestSuiteExecutor.accessTestSuiteMainPhase(TestSuiteExecutor.java:142)
	at com.kms.katalon.core.main.TestSuiteExecutor.execute(TestSuiteExecutor.java:91)
	at com.kms.katalon.core.main.TestCaseMain.startTestSuite(TestCaseMain.java:157)
	at com.kms.katalon.core.main.TestCaseMain$startTestSuite$0.call(Unknown Source)
	at TempTestSuite1597641356181.run(TempTestSuite1597641356181.groovy:36)
)

2020-08-17 13:21:28 - [TEST_STEP][FAILED] - getText(findTestObject("Maya/Third Party CA account/android.widget.TextView0 - Malayan Banking Berhad (Co. Reg.  196001000142)"), 0): Failed to get text from element (Root cause: org.openqa.selenium.WebDriverException: An unknown server-side error occurred while processing the command. Original error: Could not proxy command to remote server. Original error: Error: connect ECONNREFUSED 127.0.0.1:55263
Build info: version: '3.141.59', revision: 'e82be7d358', time: '2018-11-14T08:25:53'
System info: host: 'DESKTOP-CP3TV4N', ip: '192.168.0.102', os.name: 'Windows 10', os.arch: 'amd64', os.version: '10.0', java.version: '1.8.0_181'
Driver info: com.kms.katalon.core.appium.driver.SwipeableAndroidDriver
Capabilities {app: C:\Users\LENOVO\Katalon Stu..., appPackage: com.maybank2u.life.uat, appWaitActivity: *, appWaitDuration: 50000, appWaitPackage: com.maybank2u.life.uat, autoGrantPermissions: true, automationName: uiautomator2, databaseEnabled: false, desired: {app: C:\Users\LENOVO\Katalon Stu..., appWaitActivity: *, appWaitDuration: 50000, appWaitPackage: com.maybank2u.life.uat, autoGrantPermissions: true, automationName: uiautomator2, deviceId: 11cb9864, deviceName: Xiaomi Redmi Note 7S (Andro..., fullReset: false, newCommandTimeout: 1800, noReset: true, platform: ANDROID, platformName: android, platformVersion: 9, systemPort: 55263, udid: 11cb9864}, deviceApiLevel: 28, deviceId: 11cb9864, deviceManufacturer: Xiaomi, deviceModel: Redmi Note 7S, deviceName: 11cb9864, deviceScreenDensity: 440, deviceScreenSize: 1080x2340, deviceUDID: 11cb9864, fullReset: false, javascriptEnabled: true, locationContextEnabled: false, networkConnectionEnabled: true, newCommandTimeout: 1800, noReset: true, pixelRatio: 2.75, platform: ANDROID, platformName: Android, platformVersion: 9, statBarHeight: 80, systemPort: 55263, takesScreenshot: true, udid: 11cb9864, viewportRect: {height: 2051, left: 0, top: 80, width: 1080}, warnings: {}, webStorageEnabled: false}
Session ID: 16a99625-d6f8-42b1-95c8-b52d7298c22a
	at org.openqa.selenium.remote.http.W3CHttpResponseCodec.createException(W3CHttpResponseCodec.java:187)
	at org.openqa.selenium.remote.http.W3CHttpResponseCodec.decode(W3CHttpResponseCodec.java:122)
	at org.openqa.selenium.remote.http.W3CHttpResponseCodec.decode(W3CHttpResponseCodec.java:49)
	at org.openqa.selenium.remote.HttpCommandExecutor.execute(HttpCommandExecutor.java:158)
	at io.appium.java_client.remote.AppiumCommandExecutor.execute(AppiumCommandExecutor.java:239)
	at org.openqa.selenium.remote.RemoteWebDriver.execute(RemoteWebDriver.java:552)
	at io.appium.java_client.DefaultGenericMobileDriver.execute(DefaultGenericMobileDriver.java:46)
	at io.appium.java_client.AppiumDriver.execute(AppiumDriver.java:1)
	at io.appium.java_client.android.AndroidDriver.execute(AndroidDriver.java:1)
	at com.kms.katalon.core.appium.driver.SwipeableAndroidDriver.execute(SwipeableAndroidDriver.java:1)
	at org.openqa.selenium.remote.RemoteWebDriver$RemoteWebDriverOptions$RemoteWindow.getSize(RemoteWebDriver.java:813)
	at org.openqa.selenium.WebDriver$Window$getSize.call(Unknown Source)
	at com.kms.katalon.core.mobile.keyword.internal.MobileAbstractKeyword.findElement(MobileAbstractKeyword.groovy:81)
	at com.kms.katalon.core.mobile.keyword.builtin.GetTextKeyword$_getText_closure1.doCall(GetTextKeyword.groovy:72)
	at com.kms.katalon.core.mobile.keyword.builtin.GetTextKeyword$_getText_closure1.call(GetTextKeyword.groovy)
	at com.kms.katalon.core.mobile.keyword.internal.MobileKeywordMain.runKeyword(MobileKeywordMain.groovy:21)
	at com.kms.katalon.core.mobile.keyword.builtin.GetTextKeyword.getText(GetTextKeyword.groovy:80)
	at com.kms.katalon.core.mobile.keyword.builtin.GetTextKeyword.execute(GetTextKeyword.groovy:64)
	at com.kms.katalon.core.keyword.internal.KeywordExecutor.executeKeywordForPlatform(KeywordExecutor.groovy:72)
	at com.kms.katalon.core.mobile.keyword.MobileBuiltInKeywords.getText(MobileBuiltInKeywords.groovy:459)
	at com.kms.katalon.core.mobile.keyword.MobileBuiltInKeywords$getText$4.call(Unknown Source)
	at DuitNow Mobile.run(DuitNow Mobile:406)
	at com.kms.katalon.core.main.ScriptEngine.run(ScriptEngine.java:194)
	at com.kms.katalon.core.main.ScriptEngine.runScriptAsRawText(ScriptEngine.java:119)
	at com.kms.katalon.core.main.TestCaseExecutor.runScript(TestCaseExecutor.java:337)
	at com.kms.katalon.core.main.TestCaseExecutor.doExecute(TestCaseExecutor.java:328)
	at com.kms.katalon.core.main.TestCaseExecutor.processExecutionPhase(TestCaseExecutor.java:307)
	at com.kms.katalon.core.main.TestCaseExecutor.accessMainPhase(TestCaseExecutor.java:299)
	at com.kms.katalon.core.main.TestCaseExecutor.execute(TestCaseExecutor.java:233)
	at com.kms.katalon.core.main.TestSuiteExecutor.accessTestCaseMainPhase(TestSuiteExecutor.java:169)
	at com.kms.katalon.core.main.TestSuiteExecutor.accessTestSuiteMainPhase(TestSuiteExecutor.java:142)
	at com.kms.katalon.core.main.TestSuiteExecutor.execute(TestSuiteExecutor.java:91)
	at com.kms.katalon.core.main.TestCaseMain.startTestSuite(TestCaseMain.java:157)
	at com.kms.katalon.core.main.TestCaseMain$startTestSuite$0.call(Unknown Source)
	at TempTestSuite1597641356181.run(TempTestSuite1597641356181.groovy:36)
)

2020-08-17 13:21:28 - [MESSAGE][WARNING] - Timeout '0' is invalid. Using default page load timeout: '10'

2020-08-17 13:21:32 - [MESSAGE][WARNING] - Cannot take screenshot

2020-08-17 13:21:32 - [MESSAGE][FAILED] - Failed to get text from element (Root cause: org.openqa.selenium.WebDriverException: An unknown server-side error occurred while processing the command. Original error: Could not proxy command to remote server. Original error: Error: connect ECONNREFUSED 127.0.0.1:55263
Build info: version: '3.141.59', revision: 'e82be7d358', time: '2018-11-14T08:25:53'
System info: host: 'DESKTOP-CP3TV4N', ip: '192.168.0.102', os.name: 'Windows 10', os.arch: 'amd64', os.version: '10.0', java.version: '1.8.0_181'
Driver info: com.kms.katalon.core.appium.driver.SwipeableAndroidDriver
Capabilities {app: C:\Users\LENOVO\Katalon Stu..., appPackage: com.maybank2u.life.uat, appWaitActivity: *, appWaitDuration: 50000, appWaitPackage: com.maybank2u.life.uat, autoGrantPermissions: true, automationName: uiautomator2, databaseEnabled: false, desired: {app: C:\Users\LENOVO\Katalon Stu..., appWaitActivity: *, appWaitDuration: 50000, appWaitPackage: com.maybank2u.life.uat, autoGrantPermissions: true, automationName: uiautomator2, deviceId: 11cb9864, deviceName: Xiaomi Redmi Note 7S (Andro..., fullReset: false, newCommandTimeout: 1800, noReset: true, platform: ANDROID, platformName: android, platformVersion: 9, systemPort: 55263, udid: 11cb9864}, deviceApiLevel: 28, deviceId: 11cb9864, deviceManufacturer: Xiaomi, deviceModel: Redmi Note 7S, deviceName: 11cb9864, deviceScreenDensity: 440, deviceScreenSize: 1080x2340, deviceUDID: 11cb9864, fullReset: false, javascriptEnabled: true, locationContextEnabled: false, networkConnectionEnabled: true, newCommandTimeout: 1800, noReset: true, pixelRatio: 2.75, platform: ANDROID, platformName: Android, platformVersion: 9, statBarHeight: 80, systemPort: 55263, takesScreenshot: true, udid: 11cb9864, viewportRect: {height: 2051, left: 0, top: 80, width: 1080}, warnings: {}, webStorageEnabled: false}
Session ID: 16a99625-d6f8-42b1-95c8-b52d7298c22a
	at org.openqa.selenium.remote.http.W3CHttpResponseCodec.createException(W3CHttpResponseCodec.java:187)
	at org.openqa.selenium.remote.http.W3CHttpResponseCodec.decode(W3CHttpResponseCodec.java:122)
	at org.openqa.selenium.remote.http.W3CHttpResponseCodec.decode(W3CHttpResponseCodec.java:49)
	at org.openqa.selenium.remote.HttpCommandExecutor.execute(HttpCommandExecutor.java:158)
	at io.appium.java_client.remote.AppiumCommandExecutor.execute(AppiumCommandExecutor.java:239)
	at org.openqa.selenium.remote.RemoteWebDriver.execute(RemoteWebDriver.java:552)
	at io.appium.java_client.DefaultGenericMobileDriver.execute(DefaultGenericMobileDriver.java:46)
	at io.appium.java_client.AppiumDriver.execute(AppiumDriver.java:1)
	at io.appium.java_client.android.AndroidDriver.execute(AndroidDriver.java:1)
	at com.kms.katalon.core.appium.driver.SwipeableAndroidDriver.execute(SwipeableAndroidDriver.java:1)
	at org.openqa.selenium.remote.RemoteWebDriver$RemoteWebDriverOptions$RemoteWindow.getSize(RemoteWebDriver.java:813)
	at org.openqa.selenium.WebDriver$Window$getSize.call(Unknown Source)
	at com.kms.katalon.core.mobile.keyword.internal.MobileAbstractKeyword.findElement(MobileAbstractKeyword.groovy:81)
	at com.kms.katalon.core.mobile.keyword.builtin.GetTextKeyword$_getText_closure1.doCall(GetTextKeyword.groovy:72)
	at com.kms.katalon.core.mobile.keyword.builtin.GetTextKeyword$_getText_closure1.call(GetTextKeyword.groovy)
	at com.kms.katalon.core.mobile.keyword.internal.MobileKeywordMain.runKeyword(MobileKeywordMain.groovy:21)
	at com.kms.katalon.core.mobile.keyword.builtin.GetTextKeyword.getText(GetTextKeyword.groovy:80)
	at com.kms.katalon.core.mobile.keyword.builtin.GetTextKeyword.execute(GetTextKeyword.groovy:64)
	at com.kms.katalon.core.keyword.internal.KeywordExecutor.executeKeywordForPlatform(KeywordExecutor.groovy:72)
	at com.kms.katalon.core.mobile.keyword.MobileBuiltInKeywords.getText(MobileBuiltInKeywords.groovy:459)
	at com.kms.katalon.core.mobile.keyword.MobileBuiltInKeywords$getText$4.call(Unknown Source)
	at DuitNow Mobile.run(DuitNow Mobile:406)
	at com.kms.katalon.core.main.ScriptEngine.run(ScriptEngine.java:194)
	at com.kms.katalon.core.main.ScriptEngine.runScriptAsRawText(ScriptEngine.java:119)
	at com.kms.katalon.core.main.TestCaseExecutor.runScript(TestCaseExecutor.java:337)
	at com.kms.katalon.core.main.TestCaseExecutor.doExecute(TestCaseExecutor.java:328)
	at com.kms.katalon.core.main.TestCaseExecutor.processExecutionPhase(TestCaseExecutor.java:307)
	at com.kms.katalon.core.main.TestCaseExecutor.accessMainPhase(TestCaseExecutor.java:299)
	at com.kms.katalon.core.main.TestCaseExecutor.execute(TestCaseExecutor.java:233)
	at com.kms.katalon.core.main.TestSuiteExecutor.accessTestCaseMainPhase(TestSuiteExecutor.java:169)
	at com.kms.katalon.core.main.TestSuiteExecutor.accessTestSuiteMainPhase(TestSuiteExecutor.java:142)
	at com.kms.katalon.core.main.TestSuiteExecutor.execute(TestSuiteExecutor.java:91)
	at com.kms.katalon.core.main.TestCaseMain.startTestSuite(TestCaseMain.java:157)
	at com.kms.katalon.core.main.TestCaseMain$startTestSuite$0.call(Unknown Source)
	at TempTestSuite1597641356181.run(TempTestSuite1597641356181.groovy:36)
)

2020-08-17 13:21:32 - [TEST_STEP][FAILED] - getText(findTestObject("Maya/Third Party CA account/android.widget.TextView0 - Maybank Islamic Berhad (Co. Reg.  200701029411)"), 0): Failed to get text from element (Root cause: org.openqa.selenium.WebDriverException: An unknown server-side error occurred while processing the command. Original error: Could not proxy command to remote server. Original error: Error: connect ECONNREFUSED 127.0.0.1:55263
Build info: version: '3.141.59', revision: 'e82be7d358', time: '2018-11-14T08:25:53'
System info: host: 'DESKTOP-CP3TV4N', ip: '192.168.0.102', os.name: 'Windows 10', os.arch: 'amd64', os.version: '10.0', java.version: '1.8.0_181'
Driver info: com.kms.katalon.core.appium.driver.SwipeableAndroidDriver
Capabilities {app: C:\Users\LENOVO\Katalon Stu..., appPackage: com.maybank2u.life.uat, appWaitActivity: *, appWaitDuration: 50000, appWaitPackage: com.maybank2u.life.uat, autoGrantPermissions: true, automationName: uiautomator2, databaseEnabled: false, desired: {app: C:\Users\LENOVO\Katalon Stu..., appWaitActivity: *, appWaitDuration: 50000, appWaitPackage: com.maybank2u.life.uat, autoGrantPermissions: true, automationName: uiautomator2, deviceId: 11cb9864, deviceName: Xiaomi Redmi Note 7S (Andro..., fullReset: false, newCommandTimeout: 1800, noReset: true, platform: ANDROID, platformName: android, platformVersion: 9, systemPort: 55263, udid: 11cb9864}, deviceApiLevel: 28, deviceId: 11cb9864, deviceManufacturer: Xiaomi, deviceModel: Redmi Note 7S, deviceName: 11cb9864, deviceScreenDensity: 440, deviceScreenSize: 1080x2340, deviceUDID: 11cb9864, fullReset: false, javascriptEnabled: true, locationContextEnabled: false, networkConnectionEnabled: true, newCommandTimeout: 1800, noReset: true, pixelRatio: 2.75, platform: ANDROID, platformName: Android, platformVersion: 9, statBarHeight: 80, systemPort: 55263, takesScreenshot: true, udid: 11cb9864, viewportRect: {height: 2051, left: 0, top: 80, width: 1080}, warnings: {}, webStorageEnabled: false}
Session ID: 16a99625-d6f8-42b1-95c8-b52d7298c22a
	at org.openqa.selenium.remote.http.W3CHttpResponseCodec.createException(W3CHttpResponseCodec.java:187)
	at org.openqa.selenium.remote.http.W3CHttpResponseCodec.decode(W3CHttpResponseCodec.java:122)
	at org.openqa.selenium.remote.http.W3CHttpResponseCodec.decode(W3CHttpResponseCodec.java:49)
	at org.openqa.selenium.remote.HttpCommandExecutor.execute(HttpCommandExecutor.java:158)
	at io.appium.java_client.remote.AppiumCommandExecutor.execute(AppiumCommandExecutor.java:239)
	at org.openqa.selenium.remote.RemoteWebDriver.execute(RemoteWebDriver.java:552)
	at io.appium.java_client.DefaultGenericMobileDriver.execute(DefaultGenericMobileDriver.java:46)
	at io.appium.java_client.AppiumDriver.execute(AppiumDriver.java:1)
	at io.appium.java_client.android.AndroidDriver.execute(AndroidDriver.java:1)
	at com.kms.katalon.core.appium.driver.SwipeableAndroidDriver.execute(SwipeableAndroidDriver.java:1)
	at org.openqa.selenium.remote.RemoteWebDriver$RemoteWebDriverOptions$RemoteWindow.getSize(RemoteWebDriver.java:813)
	at org.openqa.selenium.WebDriver$Window$getSize.call(Unknown Source)
	at com.kms.katalon.core.mobile.keyword.internal.MobileAbstractKeyword.findElement(MobileAbstractKeyword.groovy:81)
	at com.kms.katalon.core.mobile.keyword.builtin.GetTextKeyword$_getText_closure1.doCall(GetTextKeyword.groovy:72)
	at com.kms.katalon.core.mobile.keyword.builtin.GetTextKeyword$_getText_closure1.call(GetTextKeyword.groovy)
	at com.kms.katalon.core.mobile.keyword.internal.MobileKeywordMain.runKeyword(MobileKeywordMain.groovy:21)
	at com.kms.katalon.core.mobile.keyword.builtin.GetTextKeyword.getText(GetTextKeyword.groovy:80)
	at com.kms.katalon.core.mobile.keyword.builtin.GetTextKeyword.execute(GetTextKeyword.groovy:64)
	at com.kms.katalon.core.keyword.internal.KeywordExecutor.executeKeywordForPlatform(KeywordExecutor.groovy:72)
	at com.kms.katalon.core.mobile.keyword.MobileBuiltInKeywords.getText(MobileBuiltInKeywords.groovy:459)
	at com.kms.katalon.core.mobile.keyword.MobileBuiltInKeywords$getText$4.call(Unknown Source)
	at DuitNow Mobile.run(DuitNow Mobile:409)
	at com.kms.katalon.core.main.ScriptEngine.run(ScriptEngine.java:194)
	at com.kms.katalon.core.main.ScriptEngine.runScriptAsRawText(ScriptEngine.java:119)
	at com.kms.katalon.core.main.TestCaseExecutor.runScript(TestCaseExecutor.java:337)
	at com.kms.katalon.core.main.TestCaseExecutor.doExecute(TestCaseExecutor.java:328)
	at com.kms.katalon.core.main.TestCaseExecutor.processExecutionPhase(TestCaseExecutor.java:307)
	at com.kms.katalon.core.main.TestCaseExecutor.accessMainPhase(TestCaseExecutor.java:299)
	at com.kms.katalon.core.main.TestCaseExecutor.execute(TestCaseExecutor.java:233)
	at com.kms.katalon.core.main.TestSuiteExecutor.accessTestCaseMainPhase(TestSuiteExecutor.java:169)
	at com.kms.katalon.core.main.TestSuiteExecutor.accessTestSuiteMainPhase(TestSuiteExecutor.java:142)
	at com.kms.katalon.core.main.TestSuiteExecutor.execute(TestSuiteExecutor.java:91)
	at com.kms.katalon.core.main.TestCaseMain.startTestSuite(TestCaseMain.java:157)
	at com.kms.katalon.core.main.TestCaseMain$startTestSuite$0.call(Unknown Source)
	at TempTestSuite1597641356181.run(TempTestSuite1597641356181.groovy:36)
)

2020-08-17 13:21:32 - [MESSAGE][WARNING] - Timeout '0' is invalid. Using default page load timeout: '10'

2020-08-17 13:21:36 - [MESSAGE][WARNING] - Cannot take screenshot

2020-08-17 13:21:36 - [MESSAGE][FAILED] - Failed to get text from element (Root cause: org.openqa.selenium.WebDriverException: An unknown server-side error occurred while processing the command. Original error: Could not proxy command to remote server. Original error: Error: connect ECONNREFUSED 127.0.0.1:55263
Build info: version: '3.141.59', revision: 'e82be7d358', time: '2018-11-14T08:25:53'
System info: host: 'DESKTOP-CP3TV4N', ip: '192.168.0.102', os.name: 'Windows 10', os.arch: 'amd64', os.version: '10.0', java.version: '1.8.0_181'
Driver info: com.kms.katalon.core.appium.driver.SwipeableAndroidDriver
Capabilities {app: C:\Users\LENOVO\Katalon Stu..., appPackage: com.maybank2u.life.uat, appWaitActivity: *, appWaitDuration: 50000, appWaitPackage: com.maybank2u.life.uat, autoGrantPermissions: true, automationName: uiautomator2, databaseEnabled: false, desired: {app: C:\Users\LENOVO\Katalon Stu..., appWaitActivity: *, appWaitDuration: 50000, appWaitPackage: com.maybank2u.life.uat, autoGrantPermissions: true, automationName: uiautomator2, deviceId: 11cb9864, deviceName: Xiaomi Redmi Note 7S (Andro..., fullReset: false, newCommandTimeout: 1800, noReset: true, platform: ANDROID, platformName: android, platformVersion: 9, systemPort: 55263, udid: 11cb9864}, deviceApiLevel: 28, deviceId: 11cb9864, deviceManufacturer: Xiaomi, deviceModel: Redmi Note 7S, deviceName: 11cb9864, deviceScreenDensity: 440, deviceScreenSize: 1080x2340, deviceUDID: 11cb9864, fullReset: false, javascriptEnabled: true, locationContextEnabled: false, networkConnectionEnabled: true, newCommandTimeout: 1800, noReset: true, pixelRatio: 2.75, platform: ANDROID, platformName: Android, platformVersion: 9, statBarHeight: 80, systemPort: 55263, takesScreenshot: true, udid: 11cb9864, viewportRect: {height: 2051, left: 0, top: 80, width: 1080}, warnings: {}, webStorageEnabled: false}
Session ID: 16a99625-d6f8-42b1-95c8-b52d7298c22a
	at org.openqa.selenium.remote.http.W3CHttpResponseCodec.createException(W3CHttpResponseCodec.java:187)
	at org.openqa.selenium.remote.http.W3CHttpResponseCodec.decode(W3CHttpResponseCodec.java:122)
	at org.openqa.selenium.remote.http.W3CHttpResponseCodec.decode(W3CHttpResponseCodec.java:49)
	at org.openqa.selenium.remote.HttpCommandExecutor.execute(HttpCommandExecutor.java:158)
	at io.appium.java_client.remote.AppiumCommandExecutor.execute(AppiumCommandExecutor.java:239)
	at org.openqa.selenium.remote.RemoteWebDriver.execute(RemoteWebDriver.java:552)
	at io.appium.java_client.DefaultGenericMobileDriver.execute(DefaultGenericMobileDriver.java:46)
	at io.appium.java_client.AppiumDriver.execute(AppiumDriver.java:1)
	at io.appium.java_client.android.AndroidDriver.execute(AndroidDriver.java:1)
	at com.kms.katalon.core.appium.driver.SwipeableAndroidDriver.execute(SwipeableAndroidDriver.java:1)
	at org.openqa.selenium.remote.RemoteWebDriver$RemoteWebDriverOptions$RemoteWindow.getSize(RemoteWebDriver.java:813)
	at org.openqa.selenium.WebDriver$Window$getSize.call(Unknown Source)
	at com.kms.katalon.core.mobile.keyword.internal.MobileAbstractKeyword.findElement(MobileAbstractKeyword.groovy:81)
	at com.kms.katalon.core.mobile.keyword.builtin.GetTextKeyword$_getText_closure1.doCall(GetTextKeyword.groovy:72)
	at com.kms.katalon.core.mobile.keyword.builtin.GetTextKeyword$_getText_closure1.call(GetTextKeyword.groovy)
	at com.kms.katalon.core.mobile.keyword.internal.MobileKeywordMain.runKeyword(MobileKeywordMain.groovy:21)
	at com.kms.katalon.core.mobile.keyword.builtin.GetTextKeyword.getText(GetTextKeyword.groovy:80)
	at com.kms.katalon.core.mobile.keyword.builtin.GetTextKeyword.execute(GetTextKeyword.groovy:64)
	at com.kms.katalon.core.keyword.internal.KeywordExecutor.executeKeywordForPlatform(KeywordExecutor.groovy:72)
	at com.kms.katalon.core.mobile.keyword.MobileBuiltInKeywords.getText(MobileBuiltInKeywords.groovy:459)
	at com.kms.katalon.core.mobile.keyword.MobileBuiltInKeywords$getText$4.call(Unknown Source)
	at DuitNow Mobile.run(DuitNow Mobile:409)
	at com.kms.katalon.core.main.ScriptEngine.run(ScriptEngine.java:194)
	at com.kms.katalon.core.main.ScriptEngine.runScriptAsRawText(ScriptEngine.java:119)
	at com.kms.katalon.core.main.TestCaseExecutor.runScript(TestCaseExecutor.java:337)
	at com.kms.katalon.core.main.TestCaseExecutor.doExecute(TestCaseExecutor.java:328)
	at com.kms.katalon.core.main.TestCaseExecutor.processExecutionPhase(TestCaseExecutor.java:307)
	at com.kms.katalon.core.main.TestCaseExecutor.accessMainPhase(TestCaseExecutor.java:299)
	at com.kms.katalon.core.main.TestCaseExecutor.execute(TestCaseExecutor.java:233)
	at com.kms.katalon.core.main.TestSuiteExecutor.accessTestCaseMainPhase(TestSuiteExecutor.java:169)
	at com.kms.katalon.core.main.TestSuiteExecutor.accessTestSuiteMainPhase(TestSuiteExecutor.java:142)
	at com.kms.katalon.core.main.TestSuiteExecutor.execute(TestSuiteExecutor.java:91)
	at com.kms.katalon.core.main.TestCaseMain.startTestSuite(TestCaseMain.java:157)
	at com.kms.katalon.core.main.TestCaseMain$startTestSuite$0.call(Unknown Source)
	at TempTestSuite1597641356181.run(TempTestSuite1597641356181.groovy:36)
)

2020-08-17 13:21:36 - [TEST_STEP][FAILED] - tap(findTestObject("Maya/New_Transfer/android.widget.ImageView0 (10)"), 0): Failed to tap on element 'Object Repository/Maya/New_Transfer/android.widget.ImageView0 (10)' (Root cause: org.openqa.selenium.WebDriverException: An unknown server-side error occurred while processing the command. Original error: Could not proxy command to remote server. Original error: Error: connect ECONNREFUSED 127.0.0.1:55263
Build info: version: '3.141.59', revision: 'e82be7d358', time: '2018-11-14T08:25:53'
System info: host: 'DESKTOP-CP3TV4N', ip: '192.168.0.102', os.name: 'Windows 10', os.arch: 'amd64', os.version: '10.0', java.version: '1.8.0_181'
Driver info: com.kms.katalon.core.appium.driver.SwipeableAndroidDriver
Capabilities {app: C:\Users\LENOVO\Katalon Stu..., appPackage: com.maybank2u.life.uat, appWaitActivity: *, appWaitDuration: 50000, appWaitPackage: com.maybank2u.life.uat, autoGrantPermissions: true, automationName: uiautomator2, databaseEnabled: false, desired: {app: C:\Users\LENOVO\Katalon Stu..., appWaitActivity: *, appWaitDuration: 50000, appWaitPackage: com.maybank2u.life.uat, autoGrantPermissions: true, automationName: uiautomator2, deviceId: 11cb9864, deviceName: Xiaomi Redmi Note 7S (Andro..., fullReset: false, newCommandTimeout: 1800, noReset: true, platform: ANDROID, platformName: android, platformVersion: 9, systemPort: 55263, udid: 11cb9864}, deviceApiLevel: 28, deviceId: 11cb9864, deviceManufacturer: Xiaomi, deviceModel: Redmi Note 7S, deviceName: 11cb9864, deviceScreenDensity: 440, deviceScreenSize: 1080x2340, deviceUDID: 11cb9864, fullReset: false, javascriptEnabled: true, locationContextEnabled: false, networkConnectionEnabled: true, newCommandTimeout: 1800, noReset: true, pixelRatio: 2.75, platform: ANDROID, platformName: Android, platformVersion: 9, statBarHeight: 80, systemPort: 55263, takesScreenshot: true, udid: 11cb9864, viewportRect: {height: 2051, left: 0, top: 80, width: 1080}, warnings: {}, webStorageEnabled: false}
Session ID: 16a99625-d6f8-42b1-95c8-b52d7298c22a
	at org.openqa.selenium.remote.http.W3CHttpResponseCodec.createException(W3CHttpResponseCodec.java:187)
	at org.openqa.selenium.remote.http.W3CHttpResponseCodec.decode(W3CHttpResponseCodec.java:122)
	at org.openqa.selenium.remote.http.W3CHttpResponseCodec.decode(W3CHttpResponseCodec.java:49)
	at org.openqa.selenium.remote.HttpCommandExecutor.execute(HttpCommandExecutor.java:158)
	at io.appium.java_client.remote.AppiumCommandExecutor.execute(AppiumCommandExecutor.java:239)
	at org.openqa.selenium.remote.RemoteWebDriver.execute(RemoteWebDriver.java:552)
	at io.appium.java_client.DefaultGenericMobileDriver.execute(DefaultGenericMobileDriver.java:46)
	at io.appium.java_client.AppiumDriver.execute(AppiumDriver.java:1)
	at io.appium.java_client.android.AndroidDriver.execute(AndroidDriver.java:1)
	at com.kms.katalon.core.appium.driver.SwipeableAndroidDriver.execute(SwipeableAndroidDriver.java:1)
	at org.openqa.selenium.remote.RemoteWebDriver$RemoteWebDriverOptions$RemoteWindow.getSize(RemoteWebDriver.java:813)
	at org.openqa.selenium.WebDriver$Window$getSize.call(Unknown Source)
	at com.kms.katalon.core.mobile.keyword.internal.MobileAbstractKeyword.findElement(MobileAbstractKeyword.groovy:81)
	at com.kms.katalon.core.mobile.keyword.builtin.TapKeyword$_tap_closure1.doCall(TapKeyword.groovy:76)
	at com.kms.katalon.core.mobile.keyword.builtin.TapKeyword$_tap_closure1.call(TapKeyword.groovy)
	at com.kms.katalon.core.mobile.keyword.internal.MobileKeywordMain.runKeyword(MobileKeywordMain.groovy:21)
	at com.kms.katalon.core.mobile.keyword.builtin.TapKeyword.tap(TapKeyword.groovy:86)
	at com.kms.katalon.core.mobile.keyword.builtin.TapKeyword.execute(TapKeyword.groovy:68)
	at com.kms.katalon.core.keyword.internal.KeywordExecutor.executeKeywordForPlatform(KeywordExecutor.groovy:72)
	at com.kms.katalon.core.mobile.keyword.MobileBuiltInKeywords.tap(MobileBuiltInKeywords.groovy:577)
	at com.kms.katalon.core.mobile.keyword.MobileBuiltInKeywords$tap$0.call(Unknown Source)
	at DuitNow Mobile.run(DuitNow Mobile:412)
	at com.kms.katalon.core.main.ScriptEngine.run(ScriptEngine.java:194)
	at com.kms.katalon.core.main.ScriptEngine.runScriptAsRawText(ScriptEngine.java:119)
	at com.kms.katalon.core.main.TestCaseExecutor.runScript(TestCaseExecutor.java:337)
	at com.kms.katalon.core.main.TestCaseExecutor.doExecute(TestCaseExecutor.java:328)
	at com.kms.katalon.core.main.TestCaseExecutor.processExecutionPhase(TestCaseExecutor.java:307)
	at com.kms.katalon.core.main.TestCaseExecutor.accessMainPhase(TestCaseExecutor.java:299)
	at com.kms.katalon.core.main.TestCaseExecutor.execute(TestCaseExecutor.java:233)
	at com.kms.katalon.core.main.TestSuiteExecutor.accessTestCaseMainPhase(TestSuiteExecutor.java:169)
	at com.kms.katalon.core.main.TestSuiteExecutor.accessTestSuiteMainPhase(TestSuiteExecutor.java:142)
	at com.kms.katalon.core.main.TestSuiteExecutor.execute(TestSuiteExecutor.java:91)
	at com.kms.katalon.core.main.TestCaseMain.startTestSuite(TestCaseMain.java:157)
	at com.kms.katalon.core.main.TestCaseMain$startTestSuite$0.call(Unknown Source)
	at TempTestSuite1597641356181.run(TempTestSuite1597641356181.groovy:36)
)

2020-08-17 13:21:36 - [MESSAGE][WARNING] - Timeout '0' is invalid. Using default page load timeout: '10'

2020-08-17 13:21:41 - [MESSAGE][WARNING] - Cannot take screenshot

2020-08-17 13:21:41 - [MESSAGE][FAILED] - Failed to tap on element 'Object Repository/Maya/New_Transfer/android.widget.ImageView0 (10)' (Root cause: org.openqa.selenium.WebDriverException: An unknown server-side error occurred while processing the command. Original error: Could not proxy command to remote server. Original error: Error: connect ECONNREFUSED 127.0.0.1:55263
Build info: version: '3.141.59', revision: 'e82be7d358', time: '2018-11-14T08:25:53'
System info: host: 'DESKTOP-CP3TV4N', ip: '192.168.0.102', os.name: 'Windows 10', os.arch: 'amd64', os.version: '10.0', java.version: '1.8.0_181'
Driver info: com.kms.katalon.core.appium.driver.SwipeableAndroidDriver
Capabilities {app: C:\Users\LENOVO\Katalon Stu..., appPackage: com.maybank2u.life.uat, appWaitActivity: *, appWaitDuration: 50000, appWaitPackage: com.maybank2u.life.uat, autoGrantPermissions: true, automationName: uiautomator2, databaseEnabled: false, desired: {app: C:\Users\LENOVO\Katalon Stu..., appWaitActivity: *, appWaitDuration: 50000, appWaitPackage: com.maybank2u.life.uat, autoGrantPermissions: true, automationName: uiautomator2, deviceId: 11cb9864, deviceName: Xiaomi Redmi Note 7S (Andro..., fullReset: false, newCommandTimeout: 1800, noReset: true, platform: ANDROID, platformName: android, platformVersion: 9, systemPort: 55263, udid: 11cb9864}, deviceApiLevel: 28, deviceId: 11cb9864, deviceManufacturer: Xiaomi, deviceModel: Redmi Note 7S, deviceName: 11cb9864, deviceScreenDensity: 440, deviceScreenSize: 1080x2340, deviceUDID: 11cb9864, fullReset: false, javascriptEnabled: true, locationContextEnabled: false, networkConnectionEnabled: true, newCommandTimeout: 1800, noReset: true, pixelRatio: 2.75, platform: ANDROID, platformName: Android, platformVersion: 9, statBarHeight: 80, systemPort: 55263, takesScreenshot: true, udid: 11cb9864, viewportRect: {height: 2051, left: 0, top: 80, width: 1080}, warnings: {}, webStorageEnabled: false}
Session ID: 16a99625-d6f8-42b1-95c8-b52d7298c22a
	at org.openqa.selenium.remote.http.W3CHttpResponseCodec.createException(W3CHttpResponseCodec.java:187)
	at org.openqa.selenium.remote.http.W3CHttpResponseCodec.decode(W3CHttpResponseCodec.java:122)
	at org.openqa.selenium.remote.http.W3CHttpResponseCodec.decode(W3CHttpResponseCodec.java:49)
	at org.openqa.selenium.remote.HttpCommandExecutor.execute(HttpCommandExecutor.java:158)
	at io.appium.java_client.remote.AppiumCommandExecutor.execute(AppiumCommandExecutor.java:239)
	at org.openqa.selenium.remote.RemoteWebDriver.execute(RemoteWebDriver.java:552)
	at io.appium.java_client.DefaultGenericMobileDriver.execute(DefaultGenericMobileDriver.java:46)
	at io.appium.java_client.AppiumDriver.execute(AppiumDriver.java:1)
	at io.appium.java_client.android.AndroidDriver.execute(AndroidDriver.java:1)
	at com.kms.katalon.core.appium.driver.SwipeableAndroidDriver.execute(SwipeableAndroidDriver.java:1)
	at org.openqa.selenium.remote.RemoteWebDriver$RemoteWebDriverOptions$RemoteWindow.getSize(RemoteWebDriver.java:813)
	at org.openqa.selenium.WebDriver$Window$getSize.call(Unknown Source)
	at com.kms.katalon.core.mobile.keyword.internal.MobileAbstractKeyword.findElement(MobileAbstractKeyword.groovy:81)
	at com.kms.katalon.core.mobile.keyword.builtin.TapKeyword$_tap_closure1.doCall(TapKeyword.groovy:76)
	at com.kms.katalon.core.mobile.keyword.builtin.TapKeyword$_tap_closure1.call(TapKeyword.groovy)
	at com.kms.katalon.core.mobile.keyword.internal.MobileKeywordMain.runKeyword(MobileKeywordMain.groovy:21)
	at com.kms.katalon.core.mobile.keyword.builtin.TapKeyword.tap(TapKeyword.groovy:86)
	at com.kms.katalon.core.mobile.keyword.builtin.TapKeyword.execute(TapKeyword.groovy:68)
	at com.kms.katalon.core.keyword.internal.KeywordExecutor.executeKeywordForPlatform(KeywordExecutor.groovy:72)
	at com.kms.katalon.core.mobile.keyword.MobileBuiltInKeywords.tap(MobileBuiltInKeywords.groovy:577)
	at com.kms.katalon.core.mobile.keyword.MobileBuiltInKeywords$tap$0.call(Unknown Source)
	at DuitNow Mobile.run(DuitNow Mobile:412)
	at com.kms.katalon.core.main.ScriptEngine.run(ScriptEngine.java:194)
	at com.kms.katalon.core.main.ScriptEngine.runScriptAsRawText(ScriptEngine.java:119)
	at com.kms.katalon.core.main.TestCaseExecutor.runScript(TestCaseExecutor.java:337)
	at com.kms.katalon.core.main.TestCaseExecutor.doExecute(TestCaseExecutor.java:328)
	at com.kms.katalon.core.main.TestCaseExecutor.processExecutionPhase(TestCaseExecutor.java:307)
	at com.kms.katalon.core.main.TestCaseExecutor.accessMainPhase(TestCaseExecutor.java:299)
	at com.kms.katalon.core.main.TestCaseExecutor.execute(TestCaseExecutor.java:233)
	at com.kms.katalon.core.main.TestSuiteExecutor.accessTestCaseMainPhase(TestSuiteExecutor.java:169)
	at com.kms.katalon.core.main.TestSuiteExecutor.accessTestSuiteMainPhase(TestSuiteExecutor.java:142)
	at com.kms.katalon.core.main.TestSuiteExecutor.execute(TestSuiteExecutor.java:91)
	at com.kms.katalon.core.main.TestCaseMain.startTestSuite(TestCaseMain.java:157)
	at com.kms.katalon.core.main.TestCaseMain$startTestSuite$0.call(Unknown Source)
	at TempTestSuite1597641356181.run(TempTestSuite1597641356181.groovy:36)
)

2020-08-17 13:21:41 - [TEST_STEP][FAILED] - tap(findTestObject("Maya/New_Transfer/android.widget.TextView0 - Add to Favourites"), 0): Failed to tap on element 'Object Repository/Maya/New_Transfer/android.widget.TextView0 - Add to Favourites' (Root cause: org.openqa.selenium.WebDriverException: An unknown server-side error occurred while processing the command. Original error: Could not proxy command to remote server. Original error: Error: connect ECONNREFUSED 127.0.0.1:55263
Build info: version: '3.141.59', revision: 'e82be7d358', time: '2018-11-14T08:25:53'
System info: host: 'DESKTOP-CP3TV4N', ip: '192.168.0.102', os.name: 'Windows 10', os.arch: 'amd64', os.version: '10.0', java.version: '1.8.0_181'
Driver info: com.kms.katalon.core.appium.driver.SwipeableAndroidDriver
Capabilities {app: C:\Users\LENOVO\Katalon Stu..., appPackage: com.maybank2u.life.uat, appWaitActivity: *, appWaitDuration: 50000, appWaitPackage: com.maybank2u.life.uat, autoGrantPermissions: true, automationName: uiautomator2, databaseEnabled: false, desired: {app: C:\Users\LENOVO\Katalon Stu..., appWaitActivity: *, appWaitDuration: 50000, appWaitPackage: com.maybank2u.life.uat, autoGrantPermissions: true, automationName: uiautomator2, deviceId: 11cb9864, deviceName: Xiaomi Redmi Note 7S (Andro..., fullReset: false, newCommandTimeout: 1800, noReset: true, platform: ANDROID, platformName: android, platformVersion: 9, systemPort: 55263, udid: 11cb9864}, deviceApiLevel: 28, deviceId: 11cb9864, deviceManufacturer: Xiaomi, deviceModel: Redmi Note 7S, deviceName: 11cb9864, deviceScreenDensity: 440, deviceScreenSize: 1080x2340, deviceUDID: 11cb9864, fullReset: false, javascriptEnabled: true, locationContextEnabled: false, networkConnectionEnabled: true, newCommandTimeout: 1800, noReset: true, pixelRatio: 2.75, platform: ANDROID, platformName: Android, platformVersion: 9, statBarHeight: 80, systemPort: 55263, takesScreenshot: true, udid: 11cb9864, viewportRect: {height: 2051, left: 0, top: 80, width: 1080}, warnings: {}, webStorageEnabled: false}
Session ID: 16a99625-d6f8-42b1-95c8-b52d7298c22a
	at org.openqa.selenium.remote.http.W3CHttpResponseCodec.createException(W3CHttpResponseCodec.java:187)
	at org.openqa.selenium.remote.http.W3CHttpResponseCodec.decode(W3CHttpResponseCodec.java:122)
	at org.openqa.selenium.remote.http.W3CHttpResponseCodec.decode(W3CHttpResponseCodec.java:49)
	at org.openqa.selenium.remote.HttpCommandExecutor.execute(HttpCommandExecutor.java:158)
	at io.appium.java_client.remote.AppiumCommandExecutor.execute(AppiumCommandExecutor.java:239)
	at org.openqa.selenium.remote.RemoteWebDriver.execute(RemoteWebDriver.java:552)
	at io.appium.java_client.DefaultGenericMobileDriver.execute(DefaultGenericMobileDriver.java:46)
	at io.appium.java_client.AppiumDriver.execute(AppiumDriver.java:1)
	at io.appium.java_client.android.AndroidDriver.execute(AndroidDriver.java:1)
	at com.kms.katalon.core.appium.driver.SwipeableAndroidDriver.execute(SwipeableAndroidDriver.java:1)
	at org.openqa.selenium.remote.RemoteWebDriver$RemoteWebDriverOptions$RemoteWindow.getSize(RemoteWebDriver.java:813)
	at org.openqa.selenium.WebDriver$Window$getSize.call(Unknown Source)
	at com.kms.katalon.core.mobile.keyword.internal.MobileAbstractKeyword.findElement(MobileAbstractKeyword.groovy:81)
	at com.kms.katalon.core.mobile.keyword.builtin.TapKeyword$_tap_closure1.doCall(TapKeyword.groovy:76)
	at com.kms.katalon.core.mobile.keyword.builtin.TapKeyword$_tap_closure1.call(TapKeyword.groovy)
	at com.kms.katalon.core.mobile.keyword.internal.MobileKeywordMain.runKeyword(MobileKeywordMain.groovy:21)
	at com.kms.katalon.core.mobile.keyword.builtin.TapKeyword.tap(TapKeyword.groovy:86)
	at com.kms.katalon.core.mobile.keyword.builtin.TapKeyword.execute(TapKeyword.groovy:68)
	at com.kms.katalon.core.keyword.internal.KeywordExecutor.executeKeywordForPlatform(KeywordExecutor.groovy:72)
	at com.kms.katalon.core.mobile.keyword.MobileBuiltInKeywords.tap(MobileBuiltInKeywords.groovy:577)
	at com.kms.katalon.core.mobile.keyword.MobileBuiltInKeywords$tap$0.call(Unknown Source)
	at DuitNow Mobile.run(DuitNow Mobile:414)
	at com.kms.katalon.core.main.ScriptEngine.run(ScriptEngine.java:194)
	at com.kms.katalon.core.main.ScriptEngine.runScriptAsRawText(ScriptEngine.java:119)
	at com.kms.katalon.core.main.TestCaseExecutor.runScript(TestCaseExecutor.java:337)
	at com.kms.katalon.core.main.TestCaseExecutor.doExecute(TestCaseExecutor.java:328)
	at com.kms.katalon.core.main.TestCaseExecutor.processExecutionPhase(TestCaseExecutor.java:307)
	at com.kms.katalon.core.main.TestCaseExecutor.accessMainPhase(TestCaseExecutor.java:299)
	at com.kms.katalon.core.main.TestCaseExecutor.execute(TestCaseExecutor.java:233)
	at com.kms.katalon.core.main.TestSuiteExecutor.accessTestCaseMainPhase(TestSuiteExecutor.java:169)
	at com.kms.katalon.core.main.TestSuiteExecutor.accessTestSuiteMainPhase(TestSuiteExecutor.java:142)
	at com.kms.katalon.core.main.TestSuiteExecutor.execute(TestSuiteExecutor.java:91)
	at com.kms.katalon.core.main.TestCaseMain.startTestSuite(TestCaseMain.java:157)
	at com.kms.katalon.core.main.TestCaseMain$startTestSuite$0.call(Unknown Source)
	at TempTestSuite1597641356181.run(TempTestSuite1597641356181.groovy:36)
)

2020-08-17 13:21:41 - [MESSAGE][WARNING] - Timeout '0' is invalid. Using default page load timeout: '10'

2020-08-17 13:21:45 - [MESSAGE][WARNING] - Cannot take screenshot

2020-08-17 13:21:45 - [MESSAGE][FAILED] - Failed to tap on element 'Object Repository/Maya/New_Transfer/android.widget.TextView0 - Add to Favourites' (Root cause: org.openqa.selenium.WebDriverException: An unknown server-side error occurred while processing the command. Original error: Could not proxy command to remote server. Original error: Error: connect ECONNREFUSED 127.0.0.1:55263
Build info: version: '3.141.59', revision: 'e82be7d358', time: '2018-11-14T08:25:53'
System info: host: 'DESKTOP-CP3TV4N', ip: '192.168.0.102', os.name: 'Windows 10', os.arch: 'amd64', os.version: '10.0', java.version: '1.8.0_181'
Driver info: com.kms.katalon.core.appium.driver.SwipeableAndroidDriver
Capabilities {app: C:\Users\LENOVO\Katalon Stu..., appPackage: com.maybank2u.life.uat, appWaitActivity: *, appWaitDuration: 50000, appWaitPackage: com.maybank2u.life.uat, autoGrantPermissions: true, automationName: uiautomator2, databaseEnabled: false, desired: {app: C:\Users\LENOVO\Katalon Stu..., appWaitActivity: *, appWaitDuration: 50000, appWaitPackage: com.maybank2u.life.uat, autoGrantPermissions: true, automationName: uiautomator2, deviceId: 11cb9864, deviceName: Xiaomi Redmi Note 7S (Andro..., fullReset: false, newCommandTimeout: 1800, noReset: true, platform: ANDROID, platformName: android, platformVersion: 9, systemPort: 55263, udid: 11cb9864}, deviceApiLevel: 28, deviceId: 11cb9864, deviceManufacturer: Xiaomi, deviceModel: Redmi Note 7S, deviceName: 11cb9864, deviceScreenDensity: 440, deviceScreenSize: 1080x2340, deviceUDID: 11cb9864, fullReset: false, javascriptEnabled: true, locationContextEnabled: false, networkConnectionEnabled: true, newCommandTimeout: 1800, noReset: true, pixelRatio: 2.75, platform: ANDROID, platformName: Android, platformVersion: 9, statBarHeight: 80, systemPort: 55263, takesScreenshot: true, udid: 11cb9864, viewportRect: {height: 2051, left: 0, top: 80, width: 1080}, warnings: {}, webStorageEnabled: false}
Session ID: 16a99625-d6f8-42b1-95c8-b52d7298c22a
	at org.openqa.selenium.remote.http.W3CHttpResponseCodec.createException(W3CHttpResponseCodec.java:187)
	at org.openqa.selenium.remote.http.W3CHttpResponseCodec.decode(W3CHttpResponseCodec.java:122)
	at org.openqa.selenium.remote.http.W3CHttpResponseCodec.decode(W3CHttpResponseCodec.java:49)
	at org.openqa.selenium.remote.HttpCommandExecutor.execute(HttpCommandExecutor.java:158)
	at io.appium.java_client.remote.AppiumCommandExecutor.execute(AppiumCommandExecutor.java:239)
	at org.openqa.selenium.remote.RemoteWebDriver.execute(RemoteWebDriver.java:552)
	at io.appium.java_client.DefaultGenericMobileDriver.execute(DefaultGenericMobileDriver.java:46)
	at io.appium.java_client.AppiumDriver.execute(AppiumDriver.java:1)
	at io.appium.java_client.android.AndroidDriver.execute(AndroidDriver.java:1)
	at com.kms.katalon.core.appium.driver.SwipeableAndroidDriver.execute(SwipeableAndroidDriver.java:1)
	at org.openqa.selenium.remote.RemoteWebDriver$RemoteWebDriverOptions$RemoteWindow.getSize(RemoteWebDriver.java:813)
	at org.openqa.selenium.WebDriver$Window$getSize.call(Unknown Source)
	at com.kms.katalon.core.mobile.keyword.internal.MobileAbstractKeyword.findElement(MobileAbstractKeyword.groovy:81)
	at com.kms.katalon.core.mobile.keyword.builtin.TapKeyword$_tap_closure1.doCall(TapKeyword.groovy:76)
	at com.kms.katalon.core.mobile.keyword.builtin.TapKeyword$_tap_closure1.call(TapKeyword.groovy)
	at com.kms.katalon.core.mobile.keyword.internal.MobileKeywordMain.runKeyword(MobileKeywordMain.groovy:21)
	at com.kms.katalon.core.mobile.keyword.builtin.TapKeyword.tap(TapKeyword.groovy:86)
	at com.kms.katalon.core.mobile.keyword.builtin.TapKeyword.execute(TapKeyword.groovy:68)
	at com.kms.katalon.core.keyword.internal.KeywordExecutor.executeKeywordForPlatform(KeywordExecutor.groovy:72)
	at com.kms.katalon.core.mobile.keyword.MobileBuiltInKeywords.tap(MobileBuiltInKeywords.groovy:577)
	at com.kms.katalon.core.mobile.keyword.MobileBuiltInKeywords$tap$0.call(Unknown Source)
	at DuitNow Mobile.run(DuitNow Mobile:414)
	at com.kms.katalon.core.main.ScriptEngine.run(ScriptEngine.java:194)
	at com.kms.katalon.core.main.ScriptEngine.runScriptAsRawText(ScriptEngine.java:119)
	at com.kms.katalon.core.main.TestCaseExecutor.runScript(TestCaseExecutor.java:337)
	at com.kms.katalon.core.main.TestCaseExecutor.doExecute(TestCaseExecutor.java:328)
	at com.kms.katalon.core.main.TestCaseExecutor.processExecutionPhase(TestCaseExecutor.java:307)
	at com.kms.katalon.core.main.TestCaseExecutor.accessMainPhase(TestCaseExecutor.java:299)
	at com.kms.katalon.core.main.TestCaseExecutor.execute(TestCaseExecutor.java:233)
	at com.kms.katalon.core.main.TestSuiteExecutor.accessTestCaseMainPhase(TestSuiteExecutor.java:169)
	at com.kms.katalon.core.main.TestSuiteExecutor.accessTestSuiteMainPhase(TestSuiteExecutor.java:142)
	at com.kms.katalon.core.main.TestSuiteExecutor.execute(TestSuiteExecutor.java:91)
	at com.kms.katalon.core.main.TestCaseMain.startTestSuite(TestCaseMain.java:157)
	at com.kms.katalon.core.main.TestCaseMain$startTestSuite$0.call(Unknown Source)
	at TempTestSuite1597641356181.run(TempTestSuite1597641356181.groovy:36)
)

2020-08-17 13:21:45 - [TEST_STEP][FAILED] - getText(findTestObject("Maya/New_Transfer/android.widget.TextView0 - Add as Favourites"), 0): Failed to get text from element (Root cause: org.openqa.selenium.WebDriverException: An unknown server-side error occurred while processing the command. Original error: Could not proxy command to remote server. Original error: Error: connect ECONNREFUSED 127.0.0.1:55263
Build info: version: '3.141.59', revision: 'e82be7d358', time: '2018-11-14T08:25:53'
System info: host: 'DESKTOP-CP3TV4N', ip: '192.168.0.102', os.name: 'Windows 10', os.arch: 'amd64', os.version: '10.0', java.version: '1.8.0_181'
Driver info: com.kms.katalon.core.appium.driver.SwipeableAndroidDriver
Capabilities {app: C:\Users\LENOVO\Katalon Stu..., appPackage: com.maybank2u.life.uat, appWaitActivity: *, appWaitDuration: 50000, appWaitPackage: com.maybank2u.life.uat, autoGrantPermissions: true, automationName: uiautomator2, databaseEnabled: false, desired: {app: C:\Users\LENOVO\Katalon Stu..., appWaitActivity: *, appWaitDuration: 50000, appWaitPackage: com.maybank2u.life.uat, autoGrantPermissions: true, automationName: uiautomator2, deviceId: 11cb9864, deviceName: Xiaomi Redmi Note 7S (Andro..., fullReset: false, newCommandTimeout: 1800, noReset: true, platform: ANDROID, platformName: android, platformVersion: 9, systemPort: 55263, udid: 11cb9864}, deviceApiLevel: 28, deviceId: 11cb9864, deviceManufacturer: Xiaomi, deviceModel: Redmi Note 7S, deviceName: 11cb9864, deviceScreenDensity: 440, deviceScreenSize: 1080x2340, deviceUDID: 11cb9864, fullReset: false, javascriptEnabled: true, locationContextEnabled: false, networkConnectionEnabled: true, newCommandTimeout: 1800, noReset: true, pixelRatio: 2.75, platform: ANDROID, platformName: Android, platformVersion: 9, statBarHeight: 80, systemPort: 55263, takesScreenshot: true, udid: 11cb9864, viewportRect: {height: 2051, left: 0, top: 80, width: 1080}, warnings: {}, webStorageEnabled: false}
Session ID: 16a99625-d6f8-42b1-95c8-b52d7298c22a
	at org.openqa.selenium.remote.http.W3CHttpResponseCodec.createException(W3CHttpResponseCodec.java:187)
	at org.openqa.selenium.remote.http.W3CHttpResponseCodec.decode(W3CHttpResponseCodec.java:122)
	at org.openqa.selenium.remote.http.W3CHttpResponseCodec.decode(W3CHttpResponseCodec.java:49)
	at org.openqa.selenium.remote.HttpCommandExecutor.execute(HttpCommandExecutor.java:158)
	at io.appium.java_client.remote.AppiumCommandExecutor.execute(AppiumCommandExecutor.java:239)
	at org.openqa.selenium.remote.RemoteWebDriver.execute(RemoteWebDriver.java:552)
	at io.appium.java_client.DefaultGenericMobileDriver.execute(DefaultGenericMobileDriver.java:46)
	at io.appium.java_client.AppiumDriver.execute(AppiumDriver.java:1)
	at io.appium.java_client.android.AndroidDriver.execute(AndroidDriver.java:1)
	at com.kms.katalon.core.appium.driver.SwipeableAndroidDriver.execute(SwipeableAndroidDriver.java:1)
	at org.openqa.selenium.remote.RemoteWebDriver$RemoteWebDriverOptions$RemoteWindow.getSize(RemoteWebDriver.java:813)
	at org.openqa.selenium.WebDriver$Window$getSize.call(Unknown Source)
	at com.kms.katalon.core.mobile.keyword.internal.MobileAbstractKeyword.findElement(MobileAbstractKeyword.groovy:81)
	at com.kms.katalon.core.mobile.keyword.builtin.GetTextKeyword$_getText_closure1.doCall(GetTextKeyword.groovy:72)
	at com.kms.katalon.core.mobile.keyword.builtin.GetTextKeyword$_getText_closure1.call(GetTextKeyword.groovy)
	at com.kms.katalon.core.mobile.keyword.internal.MobileKeywordMain.runKeyword(MobileKeywordMain.groovy:21)
	at com.kms.katalon.core.mobile.keyword.builtin.GetTextKeyword.getText(GetTextKeyword.groovy:80)
	at com.kms.katalon.core.mobile.keyword.builtin.GetTextKeyword.execute(GetTextKeyword.groovy:64)
	at com.kms.katalon.core.keyword.internal.KeywordExecutor.executeKeywordForPlatform(KeywordExecutor.groovy:72)
	at com.kms.katalon.core.mobile.keyword.MobileBuiltInKeywords.getText(MobileBuiltInKeywords.groovy:459)
	at com.kms.katalon.core.mobile.keyword.MobileBuiltInKeywords$getText$4.call(Unknown Source)
	at DuitNow Mobile.run(DuitNow Mobile:416)
	at com.kms.katalon.core.main.ScriptEngine.run(ScriptEngine.java:194)
	at com.kms.katalon.core.main.ScriptEngine.runScriptAsRawText(ScriptEngine.java:119)
	at com.kms.katalon.core.main.TestCaseExecutor.runScript(TestCaseExecutor.java:337)
	at com.kms.katalon.core.main.TestCaseExecutor.doExecute(TestCaseExecutor.java:328)
	at com.kms.katalon.core.main.TestCaseExecutor.processExecutionPhase(TestCaseExecutor.java:307)
	at com.kms.katalon.core.main.TestCaseExecutor.accessMainPhase(TestCaseExecutor.java:299)
	at com.kms.katalon.core.main.TestCaseExecutor.execute(TestCaseExecutor.java:233)
	at com.kms.katalon.core.main.TestSuiteExecutor.accessTestCaseMainPhase(TestSuiteExecutor.java:169)
	at com.kms.katalon.core.main.TestSuiteExecutor.accessTestSuiteMainPhase(TestSuiteExecutor.java:142)
	at com.kms.katalon.core.main.TestSuiteExecutor.execute(TestSuiteExecutor.java:91)
	at com.kms.katalon.core.main.TestCaseMain.startTestSuite(TestCaseMain.java:157)
	at com.kms.katalon.core.main.TestCaseMain$startTestSuite$0.call(Unknown Source)
	at TempTestSuite1597641356181.run(TempTestSuite1597641356181.groovy:36)
)

2020-08-17 13:21:45 - [MESSAGE][WARNING] - Timeout '0' is invalid. Using default page load timeout: '10'

2020-08-17 13:21:49 - [MESSAGE][WARNING] - Cannot take screenshot

2020-08-17 13:21:49 - [MESSAGE][FAILED] - Failed to get text from element (Root cause: org.openqa.selenium.WebDriverException: An unknown server-side error occurred while processing the command. Original error: Could not proxy command to remote server. Original error: Error: connect ECONNREFUSED 127.0.0.1:55263
Build info: version: '3.141.59', revision: 'e82be7d358', time: '2018-11-14T08:25:53'
System info: host: 'DESKTOP-CP3TV4N', ip: '192.168.0.102', os.name: 'Windows 10', os.arch: 'amd64', os.version: '10.0', java.version: '1.8.0_181'
Driver info: com.kms.katalon.core.appium.driver.SwipeableAndroidDriver
Capabilities {app: C:\Users\LENOVO\Katalon Stu..., appPackage: com.maybank2u.life.uat, appWaitActivity: *, appWaitDuration: 50000, appWaitPackage: com.maybank2u.life.uat, autoGrantPermissions: true, automationName: uiautomator2, databaseEnabled: false, desired: {app: C:\Users\LENOVO\Katalon Stu..., appWaitActivity: *, appWaitDuration: 50000, appWaitPackage: com.maybank2u.life.uat, autoGrantPermissions: true, automationName: uiautomator2, deviceId: 11cb9864, deviceName: Xiaomi Redmi Note 7S (Andro..., fullReset: false, newCommandTimeout: 1800, noReset: true, platform: ANDROID, platformName: android, platformVersion: 9, systemPort: 55263, udid: 11cb9864}, deviceApiLevel: 28, deviceId: 11cb9864, deviceManufacturer: Xiaomi, deviceModel: Redmi Note 7S, deviceName: 11cb9864, deviceScreenDensity: 440, deviceScreenSize: 1080x2340, deviceUDID: 11cb9864, fullReset: false, javascriptEnabled: true, locationContextEnabled: false, networkConnectionEnabled: true, newCommandTimeout: 1800, noReset: true, pixelRatio: 2.75, platform: ANDROID, platformName: Android, platformVersion: 9, statBarHeight: 80, systemPort: 55263, takesScreenshot: true, udid: 11cb9864, viewportRect: {height: 2051, left: 0, top: 80, width: 1080}, warnings: {}, webStorageEnabled: false}
Session ID: 16a99625-d6f8-42b1-95c8-b52d7298c22a
	at org.openqa.selenium.remote.http.W3CHttpResponseCodec.createException(W3CHttpResponseCodec.java:187)
	at org.openqa.selenium.remote.http.W3CHttpResponseCodec.decode(W3CHttpResponseCodec.java:122)
	at org.openqa.selenium.remote.http.W3CHttpResponseCodec.decode(W3CHttpResponseCodec.java:49)
	at org.openqa.selenium.remote.HttpCommandExecutor.execute(HttpCommandExecutor.java:158)
	at io.appium.java_client.remote.AppiumCommandExecutor.execute(AppiumCommandExecutor.java:239)
	at org.openqa.selenium.remote.RemoteWebDriver.execute(RemoteWebDriver.java:552)
	at io.appium.java_client.DefaultGenericMobileDriver.execute(DefaultGenericMobileDriver.java:46)
	at io.appium.java_client.AppiumDriver.execute(AppiumDriver.java:1)
	at io.appium.java_client.android.AndroidDriver.execute(AndroidDriver.java:1)
	at com.kms.katalon.core.appium.driver.SwipeableAndroidDriver.execute(SwipeableAndroidDriver.java:1)
	at org.openqa.selenium.remote.RemoteWebDriver$RemoteWebDriverOptions$RemoteWindow.getSize(RemoteWebDriver.java:813)
	at org.openqa.selenium.WebDriver$Window$getSize.call(Unknown Source)
	at com.kms.katalon.core.mobile.keyword.internal.MobileAbstractKeyword.findElement(MobileAbstractKeyword.groovy:81)
	at com.kms.katalon.core.mobile.keyword.builtin.GetTextKeyword$_getText_closure1.doCall(GetTextKeyword.groovy:72)
	at com.kms.katalon.core.mobile.keyword.builtin.GetTextKeyword$_getText_closure1.call(GetTextKeyword.groovy)
	at com.kms.katalon.core.mobile.keyword.internal.MobileKeywordMain.runKeyword(MobileKeywordMain.groovy:21)
	at com.kms.katalon.core.mobile.keyword.builtin.GetTextKeyword.getText(GetTextKeyword.groovy:80)
	at com.kms.katalon.core.mobile.keyword.builtin.GetTextKeyword.execute(GetTextKeyword.groovy:64)
	at com.kms.katalon.core.keyword.internal.KeywordExecutor.executeKeywordForPlatform(KeywordExecutor.groovy:72)
	at com.kms.katalon.core.mobile.keyword.MobileBuiltInKeywords.getText(MobileBuiltInKeywords.groovy:459)
	at com.kms.katalon.core.mobile.keyword.MobileBuiltInKeywords$getText$4.call(Unknown Source)
	at DuitNow Mobile.run(DuitNow Mobile:416)
	at com.kms.katalon.core.main.ScriptEngine.run(ScriptEngine.java:194)
	at com.kms.katalon.core.main.ScriptEngine.runScriptAsRawText(ScriptEngine.java:119)
	at com.kms.katalon.core.main.TestCaseExecutor.runScript(TestCaseExecutor.java:337)
	at com.kms.katalon.core.main.TestCaseExecutor.doExecute(TestCaseExecutor.java:328)
	at com.kms.katalon.core.main.TestCaseExecutor.processExecutionPhase(TestCaseExecutor.java:307)
	at com.kms.katalon.core.main.TestCaseExecutor.accessMainPhase(TestCaseExecutor.java:299)
	at com.kms.katalon.core.main.TestCaseExecutor.execute(TestCaseExecutor.java:233)
	at com.kms.katalon.core.main.TestSuiteExecutor.accessTestCaseMainPhase(TestSuiteExecutor.java:169)
	at com.kms.katalon.core.main.TestSuiteExecutor.accessTestSuiteMainPhase(TestSuiteExecutor.java:142)
	at com.kms.katalon.core.main.TestSuiteExecutor.execute(TestSuiteExecutor.java:91)
	at com.kms.katalon.core.main.TestCaseMain.startTestSuite(TestCaseMain.java:157)
	at com.kms.katalon.core.main.TestCaseMain$startTestSuite$0.call(Unknown Source)
	at TempTestSuite1597641356181.run(TempTestSuite1597641356181.groovy:36)
)

2020-08-17 13:21:49 - [TEST_STEP][FAILED] - takeScreenshot("C:\Users\LENOVO\Screenshot\Third Party\Screenshot25", STOP_ON_FAILURE): Unable to take screenshot (Root cause: org.openqa.selenium.WebDriverException: An unknown server-side error occurred while processing the command. Original error: Could not proxy command to remote server. Original error: Error: connect ECONNREFUSED 127.0.0.1:55263
Build info: version: '3.141.59', revision: 'e82be7d358', time: '2018-11-14T08:25:53'
System info: host: 'DESKTOP-CP3TV4N', ip: '192.168.0.102', os.name: 'Windows 10', os.arch: 'amd64', os.version: '10.0', java.version: '1.8.0_181'
Driver info: com.kms.katalon.core.appium.driver.SwipeableAndroidDriver
Capabilities {app: C:\Users\LENOVO\Katalon Stu..., appPackage: com.maybank2u.life.uat, appWaitActivity: *, appWaitDuration: 50000, appWaitPackage: com.maybank2u.life.uat, autoGrantPermissions: true, automationName: uiautomator2, databaseEnabled: false, desired: {app: C:\Users\LENOVO\Katalon Stu..., appWaitActivity: *, appWaitDuration: 50000, appWaitPackage: com.maybank2u.life.uat, autoGrantPermissions: true, automationName: uiautomator2, deviceId: 11cb9864, deviceName: Xiaomi Redmi Note 7S (Andro..., fullReset: false, newCommandTimeout: 1800, noReset: true, platform: ANDROID, platformName: android, platformVersion: 9, systemPort: 55263, udid: 11cb9864}, deviceApiLevel: 28, deviceId: 11cb9864, deviceManufacturer: Xiaomi, deviceModel: Redmi Note 7S, deviceName: 11cb9864, deviceScreenDensity: 440, deviceScreenSize: 1080x2340, deviceUDID: 11cb9864, fullReset: false, javascriptEnabled: true, locationContextEnabled: false, networkConnectionEnabled: true, newCommandTimeout: 1800, noReset: true, pixelRatio: 2.75, platform: ANDROID, platformName: Android, platformVersion: 9, statBarHeight: 80, systemPort: 55263, takesScreenshot: true, udid: 11cb9864, viewportRect: {height: 2051, left: 0, top: 80, width: 1080}, warnings: {}, webStorageEnabled: false}
Session ID: 16a99625-d6f8-42b1-95c8-b52d7298c22a
	at org.openqa.selenium.remote.http.W3CHttpResponseCodec.createException(W3CHttpResponseCodec.java:187)
	at org.openqa.selenium.remote.http.W3CHttpResponseCodec.decode(W3CHttpResponseCodec.java:122)
	at org.openqa.selenium.remote.http.W3CHttpResponseCodec.decode(W3CHttpResponseCodec.java:49)
	at org.openqa.selenium.remote.HttpCommandExecutor.execute(HttpCommandExecutor.java:158)
	at io.appium.java_client.remote.AppiumCommandExecutor.execute(AppiumCommandExecutor.java:239)
	at org.openqa.selenium.remote.RemoteWebDriver.execute(RemoteWebDriver.java:552)
	at io.appium.java_client.DefaultGenericMobileDriver.execute(DefaultGenericMobileDriver.java:46)
	at io.appium.java_client.AppiumDriver.execute(AppiumDriver.java:1)
	at io.appium.java_client.android.AndroidDriver.execute(AndroidDriver.java:1)
	at com.kms.katalon.core.appium.driver.SwipeableAndroidDriver.execute(SwipeableAndroidDriver.java:1)
	at org.openqa.selenium.remote.RemoteWebDriver.getScreenshotAs(RemoteWebDriver.java:295)
	at com.kms.katalon.core.mobile.keyword.builtin.TakeScreenshotKeyword$_takeScreenshot_closure1.doCall(TakeScreenshotKeyword.groovy:88)
	at com.kms.katalon.core.mobile.keyword.builtin.TakeScreenshotKeyword$_takeScreenshot_closure1.call(TakeScreenshotKeyword.groovy)
	at com.kms.katalon.core.mobile.keyword.internal.MobileKeywordMain.runKeyword(MobileKeywordMain.groovy:21)
	at com.kms.katalon.core.mobile.keyword.builtin.TakeScreenshotKeyword.takeScreenshot(TakeScreenshotKeyword.groovy:83)
	at com.kms.katalon.core.mobile.keyword.builtin.TakeScreenshotKeyword.execute(TakeScreenshotKeyword.groovy:73)
	at com.kms.katalon.core.keyword.internal.KeywordExecutor.executeKeywordForPlatform(KeywordExecutor.groovy:72)
	at com.kms.katalon.core.mobile.keyword.MobileBuiltInKeywords.takeScreenshot(MobileBuiltInKeywords.groovy:202)
	at com.kms.katalon.core.mobile.keyword.MobileBuiltInKeywords$takeScreenshot$1.call(Unknown Source)
	at DuitNow Mobile.run(DuitNow Mobile:418)
	at com.kms.katalon.core.main.ScriptEngine.run(ScriptEngine.java:194)
	at com.kms.katalon.core.main.ScriptEngine.runScriptAsRawText(ScriptEngine.java:119)
	at com.kms.katalon.core.main.TestCaseExecutor.runScript(TestCaseExecutor.java:337)
	at com.kms.katalon.core.main.TestCaseExecutor.doExecute(TestCaseExecutor.java:328)
	at com.kms.katalon.core.main.TestCaseExecutor.processExecutionPhase(TestCaseExecutor.java:307)
	at com.kms.katalon.core.main.TestCaseExecutor.accessMainPhase(TestCaseExecutor.java:299)
	at com.kms.katalon.core.main.TestCaseExecutor.execute(TestCaseExecutor.java:233)
	at com.kms.katalon.core.main.TestSuiteExecutor.accessTestCaseMainPhase(TestSuiteExecutor.java:169)
	at com.kms.katalon.core.main.TestSuiteExecutor.accessTestSuiteMainPhase(TestSuiteExecutor.java:142)
	at com.kms.katalon.core.main.TestSuiteExecutor.execute(TestSuiteExecutor.java:91)
	at com.kms.katalon.core.main.TestCaseMain.startTestSuite(TestCaseMain.java:157)
	at com.kms.katalon.core.main.TestCaseMain$startTestSuite$0.call(Unknown Source)
	at TempTestSuite1597641356181.run(TempTestSuite1597641356181.groovy:36)
)

2020-08-17 13:21:51 - [MESSAGE][FAILED] - Unable to take screenshot (Root cause: org.openqa.selenium.WebDriverException: An unknown server-side error occurred while processing the command. Original error: Could not proxy command to remote server. Original error: Error: connect ECONNREFUSED 127.0.0.1:55263
Build info: version: '3.141.59', revision: 'e82be7d358', time: '2018-11-14T08:25:53'
System info: host: 'DESKTOP-CP3TV4N', ip: '192.168.0.102', os.name: 'Windows 10', os.arch: 'amd64', os.version: '10.0', java.version: '1.8.0_181'
Driver info: com.kms.katalon.core.appium.driver.SwipeableAndroidDriver
Capabilities {app: C:\Users\LENOVO\Katalon Stu..., appPackage: com.maybank2u.life.uat, appWaitActivity: *, appWaitDuration: 50000, appWaitPackage: com.maybank2u.life.uat, autoGrantPermissions: true, automationName: uiautomator2, databaseEnabled: false, desired: {app: C:\Users\LENOVO\Katalon Stu..., appWaitActivity: *, appWaitDuration: 50000, appWaitPackage: com.maybank2u.life.uat, autoGrantPermissions: true, automationName: uiautomator2, deviceId: 11cb9864, deviceName: Xiaomi Redmi Note 7S (Andro..., fullReset: false, newCommandTimeout: 1800, noReset: true, platform: ANDROID, platformName: android, platformVersion: 9, systemPort: 55263, udid: 11cb9864}, deviceApiLevel: 28, deviceId: 11cb9864, deviceManufacturer: Xiaomi, deviceModel: Redmi Note 7S, deviceName: 11cb9864, deviceScreenDensity: 440, deviceScreenSize: 1080x2340, deviceUDID: 11cb9864, fullReset: false, javascriptEnabled: true, locationContextEnabled: false, networkConnectionEnabled: true, newCommandTimeout: 1800, noReset: true, pixelRatio: 2.75, platform: ANDROID, platformName: Android, platformVersion: 9, statBarHeight: 80, systemPort: 55263, takesScreenshot: true, udid: 11cb9864, viewportRect: {height: 2051, left: 0, top: 80, width: 1080}, warnings: {}, webStorageEnabled: false}
Session ID: 16a99625-d6f8-42b1-95c8-b52d7298c22a
	at org.openqa.selenium.remote.http.W3CHttpResponseCodec.createException(W3CHttpResponseCodec.java:187)
	at org.openqa.selenium.remote.http.W3CHttpResponseCodec.decode(W3CHttpResponseCodec.java:122)
	at org.openqa.selenium.remote.http.W3CHttpResponseCodec.decode(W3CHttpResponseCodec.java:49)
	at org.openqa.selenium.remote.HttpCommandExecutor.execute(HttpCommandExecutor.java:158)
	at io.appium.java_client.remote.AppiumCommandExecutor.execute(AppiumCommandExecutor.java:239)
	at org.openqa.selenium.remote.RemoteWebDriver.execute(RemoteWebDriver.java:552)
	at io.appium.java_client.DefaultGenericMobileDriver.execute(DefaultGenericMobileDriver.java:46)
	at io.appium.java_client.AppiumDriver.execute(AppiumDriver.java:1)
	at io.appium.java_client.android.AndroidDriver.execute(AndroidDriver.java:1)
	at com.kms.katalon.core.appium.driver.SwipeableAndroidDriver.execute(SwipeableAndroidDriver.java:1)
	at org.openqa.selenium.remote.RemoteWebDriver.getScreenshotAs(RemoteWebDriver.java:295)
	at com.kms.katalon.core.mobile.keyword.builtin.TakeScreenshotKeyword$_takeScreenshot_closure1.doCall(TakeScreenshotKeyword.groovy:88)
	at com.kms.katalon.core.mobile.keyword.builtin.TakeScreenshotKeyword$_takeScreenshot_closure1.call(TakeScreenshotKeyword.groovy)
	at com.kms.katalon.core.mobile.keyword.internal.MobileKeywordMain.runKeyword(MobileKeywordMain.groovy:21)
	at com.kms.katalon.core.mobile.keyword.builtin.TakeScreenshotKeyword.takeScreenshot(TakeScreenshotKeyword.groovy:83)
	at com.kms.katalon.core.mobile.keyword.builtin.TakeScreenshotKeyword.execute(TakeScreenshotKeyword.groovy:73)
	at com.kms.katalon.core.keyword.internal.KeywordExecutor.executeKeywordForPlatform(KeywordExecutor.groovy:72)
	at com.kms.katalon.core.mobile.keyword.MobileBuiltInKeywords.takeScreenshot(MobileBuiltInKeywords.groovy:202)
	at com.kms.katalon.core.mobile.keyword.MobileBuiltInKeywords$takeScreenshot$1.call(Unknown Source)
	at DuitNow Mobile.run(DuitNow Mobile:418)
	at com.kms.katalon.core.main.ScriptEngine.run(ScriptEngine.java:194)
	at com.kms.katalon.core.main.ScriptEngine.runScriptAsRawText(ScriptEngine.java:119)
	at com.kms.katalon.core.main.TestCaseExecutor.runScript(TestCaseExecutor.java:337)
	at com.kms.katalon.core.main.TestCaseExecutor.doExecute(TestCaseExecutor.java:328)
	at com.kms.katalon.core.main.TestCaseExecutor.processExecutionPhase(TestCaseExecutor.java:307)
	at com.kms.katalon.core.main.TestCaseExecutor.accessMainPhase(TestCaseExecutor.java:299)
	at com.kms.katalon.core.main.TestCaseExecutor.execute(TestCaseExecutor.java:233)
	at com.kms.katalon.core.main.TestSuiteExecutor.accessTestCaseMainPhase(TestSuiteExecutor.java:169)
	at com.kms.katalon.core.main.TestSuiteExecutor.accessTestSuiteMainPhase(TestSuiteExecutor.java:142)
	at com.kms.katalon.core.main.TestSuiteExecutor.execute(TestSuiteExecutor.java:91)
	at com.kms.katalon.core.main.TestCaseMain.startTestSuite(TestCaseMain.java:157)
	at com.kms.katalon.core.main.TestCaseMain$startTestSuite$0.call(Unknown Source)
	at TempTestSuite1597641356181.run(TempTestSuite1597641356181.groovy:36)
)]]></system-out>
         <system-err><![CDATA[2020-08-17 13:15:59 - [TEST_CASE][FAILED] - Test Cases/JINU/DuitNowUpdate/DuitNow Mobile: Test Cases/JINU/DuitNowUpdate/DuitNow Mobile FAILED.
Reason:
com.kms.katalon.core.exception.StepFailedException: Element 'Object Repository/Maya/spy/android.widget.TextView0 - Your TAC no. is 822872v3' not found
	at com.kms.katalon.core.keyword.internal.KeywordMain.stepFailed(KeywordMain.groovy:39)
	at com.kms.katalon.core.mobile.keyword.internal.MobileKeywordMain.stepFailed(MobileKeywordMain.groovy:40)
	at com.kms.katalon.core.mobile.keyword.builtin.VerifyElementExistKeyword$_verifyElementExist_closure1.doCall(VerifyElementExistKeyword.groovy:77)
	at com.kms.katalon.core.mobile.keyword.builtin.VerifyElementExistKeyword$_verifyElementExist_closure1.call(VerifyElementExistKeyword.groovy)
	at com.kms.katalon.core.mobile.keyword.internal.MobileKeywordMain.runKeyword(MobileKeywordMain.groovy:21)
	at com.kms.katalon.core.mobile.keyword.builtin.VerifyElementExistKeyword.verifyElementExist(VerifyElementExistKeyword.groovy:80)
	at com.kms.katalon.core.mobile.keyword.builtin.VerifyElementExistKeyword.execute(VerifyElementExistKeyword.groovy:64)
	at com.kms.katalon.core.keyword.internal.KeywordExecutor.executeKeywordForPlatform(KeywordExecutor.groovy:72)
	at com.kms.katalon.core.mobile.keyword.MobileBuiltInKeywords.verifyElementExist(MobileBuiltInKeywords.groovy:809)
	at com.kms.katalon.core.mobile.keyword.MobileBuiltInKeywords$verifyElementExist$5.call(Unknown Source)
	at DuitNow Mobile.run(DuitNow Mobile:231)
	at com.kms.katalon.core.main.ScriptEngine.run(ScriptEngine.java:194)
	at com.kms.katalon.core.main.ScriptEngine.runScriptAsRawText(ScriptEngine.java:119)
	at com.kms.katalon.core.main.TestCaseExecutor.runScript(TestCaseExecutor.java:337)
	at com.kms.katalon.core.main.TestCaseExecutor.doExecute(TestCaseExecutor.java:328)
	at com.kms.katalon.core.main.TestCaseExecutor.processExecutionPhase(TestCaseExecutor.java:307)
	at com.kms.katalon.core.main.TestCaseExecutor.accessMainPhase(TestCaseExecutor.java:299)
	at com.kms.katalon.core.main.TestCaseExecutor.execute(TestCaseExecutor.java:233)
	at com.kms.katalon.core.main.TestSuiteExecutor.accessTestCaseMainPhase(TestSuiteExecutor.java:169)
	at com.kms.katalon.core.main.TestSuiteExecutor.accessTestSuiteMainPhase(TestSuiteExecutor.java:142)
	at com.kms.katalon.core.main.TestSuiteExecutor.execute(TestSuiteExecutor.java:91)
	at com.kms.katalon.core.main.TestCaseMain.startTestSuite(TestCaseMain.java:157)
	at com.kms.katalon.core.main.TestCaseMain$startTestSuite$0.call(Unknown Source)
	at TempTestSuite1597641356181.run(TempTestSuite1597641356181.groovy:36)]]></system-err>
      </testcase>
      <system-out><![CDATA[2020-08-17 13:15:59 - [TEST_SUITE][FAILED] - UAT Test Suite: Test Cases/JINU/DuitNowUpdate/DuitNow Mobile FAILED.
Reason:
com.kms.katalon.core.exception.StepFailedException: Element 'Object Repository/Maya/spy/android.widget.TextView0 - Your TAC no. is 822872v3' not found
	at com.kms.katalon.core.keyword.internal.KeywordMain.stepFailed(KeywordMain.groovy:39)
	at com.kms.katalon.core.mobile.keyword.internal.MobileKeywordMain.stepFailed(MobileKeywordMain.groovy:40)
	at com.kms.katalon.core.mobile.keyword.builtin.VerifyElementExistKeyword$_verifyElementExist_closure1.doCall(VerifyElementExistKeyword.groovy:77)
	at com.kms.katalon.core.mobile.keyword.builtin.VerifyElementExistKeyword$_verifyElementExist_closure1.call(VerifyElementExistKeyword.groovy)
	at com.kms.katalon.core.mobile.keyword.internal.MobileKeywordMain.runKeyword(MobileKeywordMain.groovy:21)
	at com.kms.katalon.core.mobile.keyword.builtin.VerifyElementExistKeyword.verifyElementExist(VerifyElementExistKeyword.groovy:80)
	at com.kms.katalon.core.mobile.keyword.builtin.VerifyElementExistKeyword.execute(VerifyElementExistKeyword.groovy:64)
	at com.kms.katalon.core.keyword.internal.KeywordExecutor.executeKeywordForPlatform(KeywordExecutor.groovy:72)
	at com.kms.katalon.core.mobile.keyword.MobileBuiltInKeywords.verifyElementExist(MobileBuiltInKeywords.groovy:809)
	at com.kms.katalon.core.mobile.keyword.MobileBuiltInKeywords$verifyElementExist$5.call(Unknown Source)
	at DuitNow Mobile.run(DuitNow Mobile:231)
	at com.kms.katalon.core.main.ScriptEngine.run(ScriptEngine.java:194)
	at com.kms.katalon.core.main.ScriptEngine.runScriptAsRawText(ScriptEngine.java:119)
	at com.kms.katalon.core.main.TestCaseExecutor.runScript(TestCaseExecutor.java:337)
	at com.kms.katalon.core.main.TestCaseExecutor.doExecute(TestCaseExecutor.java:328)
	at com.kms.katalon.core.main.TestCaseExecutor.processExecutionPhase(TestCaseExecutor.java:307)
	at com.kms.katalon.core.main.TestCaseExecutor.accessMainPhase(TestCaseExecutor.java:299)
	at com.kms.katalon.core.main.TestCaseExecutor.execute(TestCaseExecutor.java:233)
	at com.kms.katalon.core.main.TestSuiteExecutor.accessTestCaseMainPhase(TestSuiteExecutor.java:169)
	at com.kms.katalon.core.main.TestSuiteExecutor.accessTestSuiteMainPhase(TestSuiteExecutor.java:142)
	at com.kms.katalon.core.main.TestSuiteExecutor.execute(TestSuiteExecutor.java:91)
	at com.kms.katalon.core.main.TestCaseMain.startTestSuite(TestCaseMain.java:157)
	at com.kms.katalon.core.main.TestCaseMain$startTestSuite$0.call(Unknown Source)
	at TempTestSuite1597641356181.run(TempTestSuite1597641356181.groovy:36)]]></system-out>
      <system-err><![CDATA[2020-08-17 13:15:59 - [TEST_SUITE][FAILED] - UAT Test Suite: Test Cases/JINU/DuitNowUpdate/DuitNow Mobile FAILED.
Reason:
com.kms.katalon.core.exception.StepFailedException: Element 'Object Repository/Maya/spy/android.widget.TextView0 - Your TAC no. is 822872v3' not found
	at com.kms.katalon.core.keyword.internal.KeywordMain.stepFailed(KeywordMain.groovy:39)
	at com.kms.katalon.core.mobile.keyword.internal.MobileKeywordMain.stepFailed(MobileKeywordMain.groovy:40)
	at com.kms.katalon.core.mobile.keyword.builtin.VerifyElementExistKeyword$_verifyElementExist_closure1.doCall(VerifyElementExistKeyword.groovy:77)
	at com.kms.katalon.core.mobile.keyword.builtin.VerifyElementExistKeyword$_verifyElementExist_closure1.call(VerifyElementExistKeyword.groovy)
	at com.kms.katalon.core.mobile.keyword.internal.MobileKeywordMain.runKeyword(MobileKeywordMain.groovy:21)
	at com.kms.katalon.core.mobile.keyword.builtin.VerifyElementExistKeyword.verifyElementExist(VerifyElementExistKeyword.groovy:80)
	at com.kms.katalon.core.mobile.keyword.builtin.VerifyElementExistKeyword.execute(VerifyElementExistKeyword.groovy:64)
	at com.kms.katalon.core.keyword.internal.KeywordExecutor.executeKeywordForPlatform(KeywordExecutor.groovy:72)
	at com.kms.katalon.core.mobile.keyword.MobileBuiltInKeywords.verifyElementExist(MobileBuiltInKeywords.groovy:809)
	at com.kms.katalon.core.mobile.keyword.MobileBuiltInKeywords$verifyElementExist$5.call(Unknown Source)
	at DuitNow Mobile.run(DuitNow Mobile:231)
	at com.kms.katalon.core.main.ScriptEngine.run(ScriptEngine.java:194)
	at com.kms.katalon.core.main.ScriptEngine.runScriptAsRawText(ScriptEngine.java:119)
	at com.kms.katalon.core.main.TestCaseExecutor.runScript(TestCaseExecutor.java:337)
	at com.kms.katalon.core.main.TestCaseExecutor.doExecute(TestCaseExecutor.java:328)
	at com.kms.katalon.core.main.TestCaseExecutor.processExecutionPhase(TestCaseExecutor.java:307)
	at com.kms.katalon.core.main.TestCaseExecutor.accessMainPhase(TestCaseExecutor.java:299)
	at com.kms.katalon.core.main.TestCaseExecutor.execute(TestCaseExecutor.java:233)
	at com.kms.katalon.core.main.TestSuiteExecutor.accessTestCaseMainPhase(TestSuiteExecutor.java:169)
	at com.kms.katalon.core.main.TestSuiteExecutor.accessTestSuiteMainPhase(TestSuiteExecutor.java:142)
	at com.kms.katalon.core.main.TestSuiteExecutor.execute(TestSuiteExecutor.java:91)
	at com.kms.katalon.core.main.TestCaseMain.startTestSuite(TestCaseMain.java:157)
	at com.kms.katalon.core.main.TestCaseMain$startTestSuite$0.call(Unknown Source)
	at TempTestSuite1597641356181.run(TempTestSuite1597641356181.groovy:36)]]></system-err>
   </testsuite>
</testsuites>
