<?xml version="1.0" encoding="UTF-8"?>
<testsuites name="UAT Test Suite" time="814.975" tests="1" failures="1" errors="0">
   <testsuite name="UAT Test Suite" tests="1" failures="1" errors="0" time="814.975" timestamp="2020-08-17 12:56:04" hostname="LENOVO - DESKTOP-CP3TV4N" id="Test Suites/Maya UAT/UAT Test Suite">
      <properties>
         <property name="deviceName" value="Xiaomi Redmi Note 7S (Android 9)"/>
         <property name="devicePlatform" value=""/>
         <property name="logFolder" value="C:\\Users\\LENOVO\\Git_new\\Maya\\Reports\\20200817_125600\\Maya UAT\\UAT Test Suite\\20200817_125600"/>
         <property name="logFiles" value="C:\\Users\\LENOVO\\Git_new\\Maya\\Reports\\20200817_125600\\Maya UAT\\UAT Test Suite\\20200817_125600\\appium.log, C:\\Users\\LENOVO\\Git_new\\Maya\\Reports\\20200817_125600\\Maya UAT\\UAT Test Suite\\20200817_125600\\execution0.log"/>
         <property name="attachments" value="C:\\Users\\LENOVO\\Screenshot\\DuitNow\\Screen1.png, C:\\Users\\LENOVO\\Screenshot\\DuitNow\\Screen2.png, C:\\Users\\LENOVO\\Screenshot\\DuitNow\\Screen3.png, C:\\Users\\LENOVO\\Screenshot\\DuitNow\\Screen4.png, C:\\Users\\LENOVO\\Screenshot\\DuitNow\\Screen5.png, C:\\Users\\LENOVO\\Screenshot\\DuitNow\\Screen6.png, C:\\Users\\LENOVO\\Screenshot\\DuitNow\\Screen7.png, C:\\Users\\LENOVO\\Screenshot\\DuitNow\\Screen8.png, C:\\Users\\LENOVO\\Screenshot\\DuitNow\\Screen9.png, C:\\Users\\LENOVO\\Screenshot\\DuitNow\\Screen11.png, C:\\Users\\LENOVO\\Screenshot\\DuitNow\\Screen12.png, C:\\Users\\LENOVO\\Screenshot\\DuitNow\\Screen13.png, C:\\Users\\LENOVO\\Screenshot\\DuitNow\\Screen14.png, C:\\Users\\LENOVO\\Screenshot\\DuitNow\\Screen15.png, C:\\Users\\LENOVO\\Screenshot\\DuitNow\\Screen16.png, C:\\Users\\LENOVO\\Screenshot\\DuitNow\\Screen17.png, C:\\Users\\LENOVO\\Screenshot\\DuitNow\\Screen18.png, C:\\Users\\LENOVO\\Screenshot\\DuitNow\\Screen19.png, C:\\Users\\LENOVO\\Screenshot\\Third Party\\Screenshot19, C:\\Users\\LENOVO\\Git_new\\Maya\\Reports\\20200817_125600\\Maya UAT\\UAT Test Suite\\20200817_125600\\1597640627485.png, C:\\Users\\LENOVO\\Git_new\\Maya\\Reports\\20200817_125600\\Maya UAT\\UAT Test Suite\\20200817_125600\\1597640644830.png, C:\\Users\\LENOVO\\Screenshot\\DuitNow\\Screen21.png, C:\\Users\\LENOVO\\Screenshot\\DuiNow Drop4\\Screenshot34, C:\\Users\\LENOVO\\Screenshot\\DuitNow\\Screen23.png, C:\\Users\\LENOVO\\Screenshot\\DuitNow\\Screen22.png, C:\\Users\\LENOVO\\Screenshot\\DuitNow\\Screen25.png, C:\\Users\\LENOVO\\Screenshot\\Third Party\\Screenshot23, C:\\Users\\LENOVO\\Screenshot\\DuitNow\\Screen26.png, C:\\Users\\LENOVO\\Screenshot\\DuitNow\\Screen27.png, C:\\Users\\LENOVO\\Screenshot\\DuitNow\\Screen29.png, C:\\Users\\LENOVO\\Screenshot\\Third Party\\Screenshot20, C:\\Users\\LENOVO\\Screenshot\\DuitNow\\Screen39.png"/>
         <property name="hostName" value="LENOVO - DESKTOP-CP3TV4N"/>
         <property name="os" value="Windows 10 64bit"/>
         <property name="appiumServerStatus" value="{\&quot;value\&quot;:{\&quot;build\&quot;:{\&quot;version\&quot;:\&quot;1.15.1\&quot;}},\&quot;sessionId\&quot;:null,\&quot;status\&quot;:0}"/>
         <property name="katalonVersion" value="7.2.7.1"/>
         <property name="deviceOS" value="Android"/>
         <property name="appiumVersion" value="1.15.1"/>
         <property name="deviceModel" value="Redmi Note 7S"/>
         <property name="hostAddress" value="192.168.0.102"/>
         <property name="deviceManufacturer" value="Xiaomi"/>
         <property name="deviceId" value="11cb9864"/>
         <property name="deviceName" value="Xiaomi Redmi Note 7S (Android 9)"/>
         <property name="deviceOSVersion" value="9"/>
      </properties>
      <testcase name="Test Cases/JINU/DuItNow/DuitNow Army" time="811.458" classname="Test Cases/JINU/DuItNow/DuitNow Army" status="FAILED">
         <failure type="FAILED" message="Test Cases/JINU/DuItNow/DuitNow Army FAILED.
Reason:
com.kms.katalon.core.exception.StepFailedException: Element 'Object Repository/Maya/spy/android.widget.TextView0 - Your TAC no. is 822872v3' not found
	at com.kms.katalon.core.keyword.internal.KeywordMain.stepFailed(KeywordMain.groovy:39)
	at com.kms.katalon.core.mobile.keyword.internal.MobileKeywordMain.stepFailed(MobileKeywordMain.groovy:40)
	at com.kms.katalon.core.mobile.keyword.builtin.VerifyElementExistKeyword$_verifyElementExist_closure1.doCall(VerifyElementExistKeyword.groovy:77)
	at com.kms.katalon.core.mobile.keyword.builtin.VerifyElementExistKeyword$_verifyElementExist_closure1.call(VerifyElementExistKeyword.groovy)
	at com.kms.katalon.core.mobile.keyword.internal.MobileKeywordMain.runKeyword(MobileKeywordMain.groovy:21)
	at com.kms.katalon.core.mobile.keyword.builtin.VerifyElementExistKeyword.verifyElementExist(VerifyElementExistKeyword.groovy:80)
	at com.kms.katalon.core.mobile.keyword.builtin.VerifyElementExistKeyword.execute(VerifyElementExistKeyword.groovy:64)
	at com.kms.katalon.core.keyword.internal.KeywordExecutor.executeKeywordForPlatform(KeywordExecutor.groovy:72)
	at com.kms.katalon.core.mobile.keyword.MobileBuiltInKeywords.verifyElementExist(MobileBuiltInKeywords.groovy:809)
	at com.kms.katalon.core.mobile.keyword.MobileBuiltInKeywords$verifyElementExist$5.call(Unknown Source)
	at DuitNow Army.run(DuitNow Army:427)
	at com.kms.katalon.core.main.ScriptEngine.run(ScriptEngine.java:194)
	at com.kms.katalon.core.main.ScriptEngine.runScriptAsRawText(ScriptEngine.java:119)
	at com.kms.katalon.core.main.TestCaseExecutor.runScript(TestCaseExecutor.java:337)
	at com.kms.katalon.core.main.TestCaseExecutor.doExecute(TestCaseExecutor.java:328)
	at com.kms.katalon.core.main.TestCaseExecutor.processExecutionPhase(TestCaseExecutor.java:307)
	at com.kms.katalon.core.main.TestCaseExecutor.accessMainPhase(TestCaseExecutor.java:299)
	at com.kms.katalon.core.main.TestCaseExecutor.execute(TestCaseExecutor.java:233)
	at com.kms.katalon.core.main.TestSuiteExecutor.accessTestCaseMainPhase(TestSuiteExecutor.java:169)
	at com.kms.katalon.core.main.TestSuiteExecutor.accessTestSuiteMainPhase(TestSuiteExecutor.java:142)
	at com.kms.katalon.core.main.TestSuiteExecutor.execute(TestSuiteExecutor.java:91)
	at com.kms.katalon.core.main.TestCaseMain.startTestSuite(TestCaseMain.java:157)
	at com.kms.katalon.core.main.TestCaseMain$startTestSuite$0.call(Unknown Source)
	at TempTestSuite1597640160494.run(TempTestSuite1597640160494.groovy:36)
"/>
         <system-out><![CDATA[2020-08-17 12:56:05 - [TEST_CASE][FAILED] - Test Cases/JINU/DuItNow/DuitNow Army: Test Cases/JINU/DuItNow/DuitNow Army FAILED.
Reason:
com.kms.katalon.core.exception.StepFailedException: Element 'Object Repository/Maya/spy/android.widget.TextView0 - Your TAC no. is 822872v3' not found
	at com.kms.katalon.core.keyword.internal.KeywordMain.stepFailed(KeywordMain.groovy:39)
	at com.kms.katalon.core.mobile.keyword.internal.MobileKeywordMain.stepFailed(MobileKeywordMain.groovy:40)
	at com.kms.katalon.core.mobile.keyword.builtin.VerifyElementExistKeyword$_verifyElementExist_closure1.doCall(VerifyElementExistKeyword.groovy:77)
	at com.kms.katalon.core.mobile.keyword.builtin.VerifyElementExistKeyword$_verifyElementExist_closure1.call(VerifyElementExistKeyword.groovy)
	at com.kms.katalon.core.mobile.keyword.internal.MobileKeywordMain.runKeyword(MobileKeywordMain.groovy:21)
	at com.kms.katalon.core.mobile.keyword.builtin.VerifyElementExistKeyword.verifyElementExist(VerifyElementExistKeyword.groovy:80)
	at com.kms.katalon.core.mobile.keyword.builtin.VerifyElementExistKeyword.execute(VerifyElementExistKeyword.groovy:64)
	at com.kms.katalon.core.keyword.internal.KeywordExecutor.executeKeywordForPlatform(KeywordExecutor.groovy:72)
	at com.kms.katalon.core.mobile.keyword.MobileBuiltInKeywords.verifyElementExist(MobileBuiltInKeywords.groovy:809)
	at com.kms.katalon.core.mobile.keyword.MobileBuiltInKeywords$verifyElementExist$5.call(Unknown Source)
	at DuitNow Army.run(DuitNow Army:427)
	at com.kms.katalon.core.main.ScriptEngine.run(ScriptEngine.java:194)
	at com.kms.katalon.core.main.ScriptEngine.runScriptAsRawText(ScriptEngine.java:119)
	at com.kms.katalon.core.main.TestCaseExecutor.runScript(TestCaseExecutor.java:337)
	at com.kms.katalon.core.main.TestCaseExecutor.doExecute(TestCaseExecutor.java:328)
	at com.kms.katalon.core.main.TestCaseExecutor.processExecutionPhase(TestCaseExecutor.java:307)
	at com.kms.katalon.core.main.TestCaseExecutor.accessMainPhase(TestCaseExecutor.java:299)
	at com.kms.katalon.core.main.TestCaseExecutor.execute(TestCaseExecutor.java:233)
	at com.kms.katalon.core.main.TestSuiteExecutor.accessTestCaseMainPhase(TestSuiteExecutor.java:169)
	at com.kms.katalon.core.main.TestSuiteExecutor.accessTestSuiteMainPhase(TestSuiteExecutor.java:142)
	at com.kms.katalon.core.main.TestSuiteExecutor.execute(TestSuiteExecutor.java:91)
	at com.kms.katalon.core.main.TestCaseMain.startTestSuite(TestCaseMain.java:157)
	at com.kms.katalon.core.main.TestCaseMain$startTestSuite$0.call(Unknown Source)
	at TempTestSuite1597640160494.run(TempTestSuite1597640160494.groovy:36)


2020-08-17 12:56:06 - [TEST_STEP][PASSED] - startApplication("C:\Users\LENOVO\Katalon Studio\app-uat-universal-release.apk", false): Started app at: 'C:\Users\LENOVO\Katalon Studio\app-uat-universal-release.apk'

2020-08-17 12:56:07 - [MESSAGE][INFO] - User set preference: ['appWaitActivity', '*']

2020-08-17 12:56:07 - [MESSAGE][INFO] - User set preference: ['appWaitPackage', 'com.maybank2u.life.uat']

2020-08-17 12:56:07 - [MESSAGE][INFO] - User set preference: ['appWaitDuration', '50,000']

2020-08-17 12:56:07 - [MESSAGE][INFO] - User set preference: ['deviceId', '11cb9864']

2020-08-17 12:56:10 - [MESSAGE][INFO] - Appium server started on port 52,999

2020-08-17 12:56:39 - [MESSAGE][PASSED] - Started app at: 'C:\Users\LENOVO\Katalon Studio\app-uat-universal-release.apk'

2020-08-17 12:56:39 - [TEST_STEP][PASSED] - delay(10, CONTINUE_ON_FAILURE): Delayed 10 second(s)

2020-08-17 12:56:49 - [MESSAGE][PASSED] - Delayed 10 second(s)

2020-08-17 12:56:49 - [TEST_STEP][PASSED] - tap(findTestObject("Maya/RegisterDuitNow/android.widget.TextView0 - Transfer (1)"), 5): Tapped on element 'Object Repository/Maya/RegisterDuitNow/android.widget.TextView0 - Transfer (1)'

2020-08-17 12:57:54 - [MESSAGE][PASSED] - Tapped on element 'Object Repository/Maya/RegisterDuitNow/android.widget.TextView0 - Transfer (1)'

2020-08-17 12:57:54 - [TEST_STEP][PASSED] - delay(3, STOP_ON_FAILURE): Delayed 3 second(s)

2020-08-17 12:57:57 - [MESSAGE][PASSED] - Delayed 3 second(s)

2020-08-17 12:57:57 - [TEST_STEP][PASSED] - takeScreenshot("C:\Users\LENOVO\Screenshot\DuitNow\Screen1.png", CONTINUE_ON_FAILURE): Screenshot is taken

2020-08-17 12:57:59 - [MESSAGE][PASSED] - Screenshot is taken
[[ATTACHMENT|C:\\Users\\LENOVO\\Screenshot\\DuitNow\\Screen1.png]]

2020-08-17 12:57:59 - [TEST_STEP][PASSED] - tap(findTestObject("Maya/duitnow/android.widget.EditText0"), 0): Tapped on element 'Object Repository/Maya/duitnow/android.widget.EditText0'

2020-08-17 12:57:59 - [MESSAGE][WARNING] - Timeout '0' is invalid. Using default page load timeout: '10'

2020-08-17 12:58:01 - [MESSAGE][PASSED] - Tapped on element 'Object Repository/Maya/duitnow/android.widget.EditText0'

2020-08-17 12:58:01 - [TEST_STEP][PASSED] - setText(findTestObject("Maya/duitnow/android.widget.EditText0"), "pass1234", 0): Text 'pass1234' has been set to element 'Object Repository/Maya/duitnow/android.widget.EditText0'

2020-08-17 12:58:01 - [MESSAGE][WARNING] - Timeout '0' is invalid. Using default page load timeout: '10'

2020-08-17 12:58:03 - [MESSAGE][PASSED] - Text 'pass1234' has been set to element 'Object Repository/Maya/duitnow/android.widget.EditText0'

2020-08-17 12:58:03 - [TEST_STEP][PASSED] - driver = getDriver(): null

2020-08-17 12:58:03 - [TEST_STEP][PASSED] - driver.pressKeyCode(ENTER): null

2020-08-17 12:58:03 - [TEST_STEP][PASSED] - delay(5, STOP_ON_FAILURE): Delayed 5 second(s)

2020-08-17 12:58:08 - [MESSAGE][PASSED] - Delayed 5 second(s)

2020-08-17 12:58:08 - [TEST_STEP][PASSED] - delay(3, STOP_ON_FAILURE): Delayed 3 second(s)

2020-08-17 12:58:11 - [MESSAGE][PASSED] - Delayed 3 second(s)

2020-08-17 12:58:11 - [TEST_STEP][PASSED] - takeScreenshot("C:\Users\LENOVO\Screenshot\DuitNow\Screen2.png", CONTINUE_ON_FAILURE): Screenshot is taken

2020-08-17 12:58:12 - [MESSAGE][PASSED] - Screenshot is taken
[[ATTACHMENT|C:\\Users\\LENOVO\\Screenshot\\DuitNow\\Screen2.png]]

2020-08-17 12:58:12 - [TEST_STEP][PASSED] - tapAndHoldAtPosition(627, 376, 2): Tapped and held at [627, 376] with duration 2

2020-08-17 12:58:16 - [MESSAGE][PASSED] - Tapped and held at [627, 376] with duration 2

2020-08-17 12:58:16 - [TEST_STEP][PASSED] - delay(2, STOP_ON_FAILURE): Delayed 2 second(s)

2020-08-17 12:58:18 - [MESSAGE][PASSED] - Delayed 2 second(s)

2020-08-17 12:58:18 - [TEST_STEP][PASSED] - tapAndHoldAtPosition(451, 727, 2): Tapped and held at [451, 727] with duration 2

2020-08-17 12:58:22 - [MESSAGE][PASSED] - Tapped and held at [451, 727] with duration 2

2020-08-17 12:58:22 - [TEST_STEP][PASSED] - getText(findTestObject("Maya/RegisterDuitNow/android.widget.TextView0 - DuitNow (2)"), 0): Text of element 'Object Repository/Maya/RegisterDuitNow/android.widget.TextView0 - DuitNow (2)' is: 'DuitNow'

2020-08-17 12:58:22 - [MESSAGE][WARNING] - Timeout '0' is invalid. Using default page load timeout: '10'

2020-08-17 12:58:22 - [MESSAGE][PASSED] - Text of element 'Object Repository/Maya/RegisterDuitNow/android.widget.TextView0 - DuitNow (2)' is: 'DuitNow'

2020-08-17 12:58:22 - [TEST_STEP][PASSED] - verifyElementExist(findTestObject("Maya/RegisterDuitNow/android.widget.TextView0 - DuitNow (2)"), 0): Element 'Object Repository/Maya/RegisterDuitNow/android.widget.TextView0 - DuitNow (2)' is exist

2020-08-17 12:58:22 - [MESSAGE][WARNING] - Timeout '0' is invalid. Using default page load timeout: '10'

2020-08-17 12:58:23 - [MESSAGE][PASSED] - Element 'Object Repository/Maya/RegisterDuitNow/android.widget.TextView0 - DuitNow (2)' is exist

2020-08-17 12:58:23 - [TEST_STEP][PASSED] - delay(3, STOP_ON_FAILURE): Delayed 3 second(s)

2020-08-17 12:58:26 - [MESSAGE][PASSED] - Delayed 3 second(s)

2020-08-17 12:58:26 - [TEST_STEP][PASSED] - takeScreenshot("C:\Users\LENOVO\Screenshot\DuitNow\Screen3.png", CONTINUE_ON_FAILURE): Screenshot is taken

2020-08-17 12:58:27 - [MESSAGE][PASSED] - Screenshot is taken
[[ATTACHMENT|C:\\Users\\LENOVO\\Screenshot\\DuitNow\\Screen3.png]]

2020-08-17 12:58:27 - [TEST_STEP][PASSED] - getText(findTestObject("Maya/RegisterDuitNow/android.widget.TextView0 - ID type"), 0): Text of element 'Object Repository/Maya/RegisterDuitNow/android.widget.TextView0 - ID type' is: 'ID type'

2020-08-17 12:58:27 - [MESSAGE][WARNING] - Timeout '0' is invalid. Using default page load timeout: '10'

2020-08-17 12:58:27 - [MESSAGE][PASSED] - Text of element 'Object Repository/Maya/RegisterDuitNow/android.widget.TextView0 - ID type' is: 'ID type'

2020-08-17 12:58:27 - [TEST_STEP][PASSED] - verifyElementExist(findTestObject("Maya/RegisterDuitNow/android.widget.TextView0 - ID type"), 0): Element 'Object Repository/Maya/RegisterDuitNow/android.widget.TextView0 - ID type' is exist

2020-08-17 12:58:27 - [MESSAGE][WARNING] - Timeout '0' is invalid. Using default page load timeout: '10'

2020-08-17 12:58:28 - [MESSAGE][PASSED] - Element 'Object Repository/Maya/RegisterDuitNow/android.widget.TextView0 - ID type' is exist

2020-08-17 12:58:28 - [TEST_STEP][PASSED] - tap(findTestObject("Maya/RegisterDuitNow/android.widget.ImageView0 (2)"), 0): Tapped on element 'Object Repository/Maya/RegisterDuitNow/android.widget.ImageView0 (2)'

2020-08-17 12:58:28 - [MESSAGE][WARNING] - Timeout '0' is invalid. Using default page load timeout: '10'

2020-08-17 12:58:29 - [MESSAGE][PASSED] - Tapped on element 'Object Repository/Maya/RegisterDuitNow/android.widget.ImageView0 (2)'

2020-08-17 12:58:29 - [TEST_STEP][PASSED] - delay(3, CONTINUE_ON_FAILURE): Delayed 3 second(s)

2020-08-17 12:58:32 - [MESSAGE][PASSED] - Delayed 3 second(s)

2020-08-17 12:58:32 - [TEST_STEP][PASSED] - swipe(592, 1887, 607, 1657): Swiped from 592,1,887 to 607,1,657

2020-08-17 12:58:33 - [MESSAGE][PASSED] - Swiped from 592,1,887 to 607,1,657

2020-08-17 12:58:33 - [TEST_STEP][PASSED] - delay(3, CONTINUE_ON_FAILURE): Delayed 3 second(s)

2020-08-17 12:58:36 - [MESSAGE][PASSED] - Delayed 3 second(s)

2020-08-17 12:58:36 - [TEST_STEP][PASSED] - swipe(592, 1887, 550, 1754): Swiped from 592,1,887 to 550,1,754

2020-08-17 12:58:38 - [MESSAGE][PASSED] - Swiped from 592,1,887 to 550,1,754

2020-08-17 12:58:38 - [TEST_STEP][PASSED] - delay(2, STOP_ON_FAILURE): Delayed 2 second(s)

2020-08-17 12:58:40 - [MESSAGE][PASSED] - Delayed 2 second(s)

2020-08-17 12:58:40 - [TEST_STEP][PASSED] - tap(findTestObject("Maya/RegisterDuitNow/android.widget.TextView0 - Done (1)"), 0): Tapped on element 'Object Repository/Maya/RegisterDuitNow/android.widget.TextView0 - Done (1)'

2020-08-17 12:58:40 - [MESSAGE][WARNING] - Timeout '0' is invalid. Using default page load timeout: '10'

2020-08-17 12:58:42 - [MESSAGE][PASSED] - Tapped on element 'Object Repository/Maya/RegisterDuitNow/android.widget.TextView0 - Done (1)'

2020-08-17 12:58:42 - [TEST_STEP][PASSED] - getText(findTestObject("Maya/RegisterDuitNow/android.widget.TextView0 - DuitNow (4)"), 0): Text of element 'Object Repository/Maya/RegisterDuitNow/android.widget.TextView0 - DuitNow (4)' is: 'DuitNow'

2020-08-17 12:58:42 - [MESSAGE][WARNING] - Timeout '0' is invalid. Using default page load timeout: '10'

2020-08-17 12:58:42 - [MESSAGE][PASSED] - Text of element 'Object Repository/Maya/RegisterDuitNow/android.widget.TextView0 - DuitNow (4)' is: 'DuitNow'

2020-08-17 12:58:42 - [TEST_STEP][PASSED] - verifyElementExist(findTestObject("Maya/RegisterDuitNow/android.widget.TextView0 - DuitNow (4)"), 0): Element 'Object Repository/Maya/RegisterDuitNow/android.widget.TextView0 - DuitNow (4)' is exist

2020-08-17 12:58:42 - [MESSAGE][WARNING] - Timeout '0' is invalid. Using default page load timeout: '10'

2020-08-17 12:58:43 - [MESSAGE][PASSED] - Element 'Object Repository/Maya/RegisterDuitNow/android.widget.TextView0 - DuitNow (4)' is exist

2020-08-17 12:58:43 - [TEST_STEP][PASSED] - getText(findTestObject("Maya/RegisterDuitNow/android.widget.TextView0 - ID type (4)"), 0): Text of element 'Object Repository/Maya/RegisterDuitNow/android.widget.TextView0 - ID type (4)' is: 'ID type'

2020-08-17 12:58:43 - [MESSAGE][WARNING] - Timeout '0' is invalid. Using default page load timeout: '10'

2020-08-17 12:58:44 - [MESSAGE][PASSED] - Text of element 'Object Repository/Maya/RegisterDuitNow/android.widget.TextView0 - ID type (4)' is: 'ID type'

2020-08-17 12:58:44 - [TEST_STEP][PASSED] - verifyElementExist(findTestObject("Maya/RegisterDuitNow/android.widget.TextView0 - ID type (4)"), 0): Element 'Object Repository/Maya/RegisterDuitNow/android.widget.TextView0 - ID type (4)' is exist

2020-08-17 12:58:44 - [MESSAGE][WARNING] - Timeout '0' is invalid. Using default page load timeout: '10'

2020-08-17 12:58:44 - [MESSAGE][PASSED] - Element 'Object Repository/Maya/RegisterDuitNow/android.widget.TextView0 - ID type (4)' is exist

2020-08-17 12:58:44 - [TEST_STEP][PASSED] - getText(findTestObject("Maya/RegisterDuitNow/android.widget.TextView0 - ArmyPolice ID"), 0): Text of element 'Object Repository/Maya/RegisterDuitNow/android.widget.TextView0 - ArmyPolice ID' is: 'Army/Police ID'

2020-08-17 12:58:44 - [MESSAGE][WARNING] - Timeout '0' is invalid. Using default page load timeout: '10'

2020-08-17 12:58:45 - [MESSAGE][PASSED] - Text of element 'Object Repository/Maya/RegisterDuitNow/android.widget.TextView0 - ArmyPolice ID' is: 'Army/Police ID'

2020-08-17 12:58:45 - [TEST_STEP][PASSED] - verifyElementExist(findTestObject("Maya/RegisterDuitNow/android.widget.TextView0 - ArmyPolice ID"), 0): Element 'Object Repository/Maya/RegisterDuitNow/android.widget.TextView0 - ArmyPolice ID' is exist

2020-08-17 12:58:45 - [MESSAGE][WARNING] - Timeout '0' is invalid. Using default page load timeout: '10'

2020-08-17 12:58:45 - [MESSAGE][PASSED] - Element 'Object Repository/Maya/RegisterDuitNow/android.widget.TextView0 - ArmyPolice ID' is exist

2020-08-17 12:58:45 - [TEST_STEP][PASSED] - getText(findTestObject("Maya/RegisterDuitNow/android.widget.TextView0 - Enter Army  Police ID"), 0): Text of element 'Object Repository/Maya/RegisterDuitNow/android.widget.TextView0 - Enter Army  Police ID' is: 'Enter Army / Police ID'

2020-08-17 12:58:45 - [MESSAGE][WARNING] - Timeout '0' is invalid. Using default page load timeout: '10'

2020-08-17 12:58:45 - [MESSAGE][PASSED] - Text of element 'Object Repository/Maya/RegisterDuitNow/android.widget.TextView0 - Enter Army  Police ID' is: 'Enter Army / Police ID'

2020-08-17 12:58:46 - [TEST_STEP][PASSED] - setText(findTestObject("Maya/RegisterDuitNow/android.widget.EditText0 - Enter Army  Police ID"), "G1212706", 0): Text 'G1212706' has been set to element 'Object Repository/Maya/RegisterDuitNow/android.widget.EditText0 - Enter Army  Police ID'

2020-08-17 12:58:46 - [MESSAGE][WARNING] - Timeout '0' is invalid. Using default page load timeout: '10'

2020-08-17 12:58:48 - [MESSAGE][PASSED] - Text 'G1212706' has been set to element 'Object Repository/Maya/RegisterDuitNow/android.widget.EditText0 - Enter Army  Police ID'

2020-08-17 12:58:48 - [TEST_STEP][PASSED] - hideKeyboard(): Keyboard is hidden

2020-08-17 12:58:52 - [MESSAGE][PASSED] - Keyboard is hidden

2020-08-17 12:58:52 - [TEST_STEP][PASSED] - delay(2, STOP_ON_FAILURE): Delayed 2 second(s)

2020-08-17 12:58:54 - [MESSAGE][PASSED] - Delayed 2 second(s)

2020-08-17 12:58:54 - [TEST_STEP][PASSED] - tap(findTestObject("Maya/RegisterDuitNow/android.widget.TextView0 - Continue (5)"), 0): Tapped on element 'Object Repository/Maya/RegisterDuitNow/android.widget.TextView0 - Continue (5)'

2020-08-17 12:58:54 - [MESSAGE][WARNING] - Timeout '0' is invalid. Using default page load timeout: '10'

2020-08-17 12:58:56 - [MESSAGE][PASSED] - Tapped on element 'Object Repository/Maya/RegisterDuitNow/android.widget.TextView0 - Continue (5)'

2020-08-17 12:58:56 - [TEST_STEP][PASSED] - takeScreenshot("C:\Users\LENOVO\Screenshot\DuitNow\Screen4.png", CONTINUE_ON_FAILURE): Screenshot is taken

2020-08-17 12:58:57 - [MESSAGE][PASSED] - Screenshot is taken
[[ATTACHMENT|C:\\Users\\LENOVO\\Screenshot\\DuitNow\\Screen4.png]]

2020-08-17 12:58:57 - [TEST_STEP][PASSED] - getText(findTestObject("Maya/RegisterDuitNow/android.widget.TextView0 - The DuitNow ID entered is inactive."), 0): Text of element 'Object Repository/Maya/RegisterDuitNow/android.widget.TextView0 - The DuitNow ID entered is inactive.' is: 'The DuitNow ID entered is inactive.'

2020-08-17 12:58:57 - [MESSAGE][WARNING] - Timeout '0' is invalid. Using default page load timeout: '10'

2020-08-17 12:58:58 - [MESSAGE][PASSED] - Text of element 'Object Repository/Maya/RegisterDuitNow/android.widget.TextView0 - The DuitNow ID entered is inactive.' is: 'The DuitNow ID entered is inactive.'

2020-08-17 12:58:58 - [TEST_STEP][PASSED] - verifyElementExist(findTestObject("Maya/RegisterDuitNow/android.widget.TextView0 - The DuitNow ID entered is inactive."), 0): Element 'Object Repository/Maya/RegisterDuitNow/android.widget.TextView0 - The DuitNow ID entered is inactive.' is exist

2020-08-17 12:58:58 - [MESSAGE][WARNING] - Timeout '0' is invalid. Using default page load timeout: '10'

2020-08-17 12:58:58 - [MESSAGE][PASSED] - Element 'Object Repository/Maya/RegisterDuitNow/android.widget.TextView0 - The DuitNow ID entered is inactive.' is exist

2020-08-17 12:58:58 - [TEST_STEP][PASSED] - clearText(findTestObject("Maya/RegisterDuitNow/android.widget.EditText0 - G1212706"), 0): Element 'Object Repository/Maya/RegisterDuitNow/android.widget.EditText0 - G1212706' text is cleared

2020-08-17 12:58:58 - [MESSAGE][WARNING] - Timeout '0' is invalid. Using default page load timeout: '10'

2020-08-17 12:58:59 - [MESSAGE][PASSED] - Element 'Object Repository/Maya/RegisterDuitNow/android.widget.EditText0 - G1212706' text is cleared

2020-08-17 12:58:59 - [TEST_STEP][PASSED] - delay(2, STOP_ON_FAILURE): Delayed 2 second(s)

2020-08-17 12:59:01 - [MESSAGE][PASSED] - Delayed 2 second(s)

2020-08-17 12:59:01 - [TEST_STEP][PASSED] - setText(findTestObject("Maya/RegisterDuitNow/android.widget.EditText0 - Enter Army  Police ID"), "G54178", 0): Text 'G54178' has been set to element 'Object Repository/Maya/RegisterDuitNow/android.widget.EditText0 - Enter Army  Police ID'

2020-08-17 12:59:01 - [MESSAGE][WARNING] - Timeout '0' is invalid. Using default page load timeout: '10'

2020-08-17 12:59:03 - [MESSAGE][PASSED] - Text 'G54178' has been set to element 'Object Repository/Maya/RegisterDuitNow/android.widget.EditText0 - Enter Army  Police ID'

2020-08-17 12:59:03 - [TEST_STEP][PASSED] - tap(findTestObject("Maya/RegisterDuitNow/android.widget.TextView0 - Continue (5)"), 0): Tapped on element 'Object Repository/Maya/RegisterDuitNow/android.widget.TextView0 - Continue (5)'

2020-08-17 12:59:03 - [MESSAGE][WARNING] - Timeout '0' is invalid. Using default page load timeout: '10'

2020-08-17 12:59:05 - [MESSAGE][PASSED] - Tapped on element 'Object Repository/Maya/RegisterDuitNow/android.widget.TextView0 - Continue (5)'

2020-08-17 12:59:05 - [TEST_STEP][PASSED] - getText(findTestObject("Maya/RegisterDuitNow/android.widget.TextView0 - G54178"), 0): Text of element 'Object Repository/Maya/RegisterDuitNow/android.widget.TextView0 - G54178' is: 'G54178'

2020-08-17 12:59:05 - [MESSAGE][WARNING] - Timeout '0' is invalid. Using default page load timeout: '10'

2020-08-17 12:59:06 - [MESSAGE][PASSED] - Text of element 'Object Repository/Maya/RegisterDuitNow/android.widget.TextView0 - G54178' is: 'G54178'

2020-08-17 12:59:06 - [TEST_STEP][PASSED] - verifyElementExist(findTestObject("Maya/RegisterDuitNow/android.widget.TextView0 - G54178"), 0): Element 'Object Repository/Maya/RegisterDuitNow/android.widget.TextView0 - G54178' is exist

2020-08-17 12:59:07 - [MESSAGE][WARNING] - Timeout '0' is invalid. Using default page load timeout: '10'

2020-08-17 12:59:07 - [MESSAGE][PASSED] - Element 'Object Repository/Maya/RegisterDuitNow/android.widget.TextView0 - G54178' is exist

2020-08-17 12:59:07 - [TEST_STEP][PASSED] - delay(3, STOP_ON_FAILURE): Delayed 3 second(s)

2020-08-17 12:59:10 - [MESSAGE][PASSED] - Delayed 3 second(s)

2020-08-17 12:59:10 - [TEST_STEP][PASSED] - takeScreenshot("C:\Users\LENOVO\Screenshot\DuitNow\Screen5.png", CONTINUE_ON_FAILURE): Screenshot is taken

2020-08-17 12:59:11 - [MESSAGE][PASSED] - Screenshot is taken
[[ATTACHMENT|C:\\Users\\LENOVO\\Screenshot\\DuitNow\\Screen5.png]]

2020-08-17 12:59:11 - [TEST_STEP][PASSED] - getText(findTestObject("Maya/RegisterDuitNow/android.widget.TextView0 - JOHARI"), 0): Text of element 'Object Repository/Maya/RegisterDuitNow/android.widget.TextView0 - JOHARI' is: 'XXXXXX'

2020-08-17 12:59:11 - [MESSAGE][WARNING] - Timeout '0' is invalid. Using default page load timeout: '10'

2020-08-17 12:59:12 - [MESSAGE][PASSED] - Text of element 'Object Repository/Maya/RegisterDuitNow/android.widget.TextView0 - JOHARI' is: 'XXXXXX'

2020-08-17 12:59:12 - [TEST_STEP][PASSED] - verifyElementExist(findTestObject("Maya/RegisterDuitNow/android.widget.TextView0 - JOHARI"), 0): Element 'Object Repository/Maya/RegisterDuitNow/android.widget.TextView0 - JOHARI' is exist

2020-08-17 12:59:12 - [MESSAGE][WARNING] - Timeout '0' is invalid. Using default page load timeout: '10'

2020-08-17 12:59:13 - [MESSAGE][PASSED] - Element 'Object Repository/Maya/RegisterDuitNow/android.widget.TextView0 - JOHARI' is exist

2020-08-17 12:59:13 - [TEST_STEP][PASSED] - getText(findTestObject("Maya/RegisterDuitNow/android.widget.TextView0 - ArmyPolice ID (1)"), 0): Text of element 'Object Repository/Maya/RegisterDuitNow/android.widget.TextView0 - ArmyPolice ID (1)' is: 'Army/Police ID'

2020-08-17 12:59:13 - [MESSAGE][WARNING] - Timeout '0' is invalid. Using default page load timeout: '10'

2020-08-17 12:59:13 - [MESSAGE][PASSED] - Text of element 'Object Repository/Maya/RegisterDuitNow/android.widget.TextView0 - ArmyPolice ID (1)' is: 'Army/Police ID'

2020-08-17 12:59:13 - [TEST_STEP][PASSED] - verifyElementExist(findTestObject("Maya/RegisterDuitNow/android.widget.TextView0 - ArmyPolice ID (1)"), 0): Element 'Object Repository/Maya/RegisterDuitNow/android.widget.TextView0 - ArmyPolice ID (1)' is exist

2020-08-17 12:59:13 - [MESSAGE][WARNING] - Timeout '0' is invalid. Using default page load timeout: '10'

2020-08-17 12:59:13 - [MESSAGE][PASSED] - Element 'Object Repository/Maya/RegisterDuitNow/android.widget.TextView0 - ArmyPolice ID (1)' is exist

2020-08-17 12:59:13 - [TEST_STEP][PASSED] - getText(findTestObject("Maya/RegisterDuitNow/android.widget.TextView0 - Enter amount (2)"), 0): Text of element 'Object Repository/Maya/RegisterDuitNow/android.widget.TextView0 - Enter amount (2)' is: 'Enter amount'

2020-08-17 12:59:14 - [MESSAGE][WARNING] - Timeout '0' is invalid. Using default page load timeout: '10'

2020-08-17 12:59:14 - [MESSAGE][PASSED] - Text of element 'Object Repository/Maya/RegisterDuitNow/android.widget.TextView0 - Enter amount (2)' is: 'Enter amount'

2020-08-17 12:59:14 - [TEST_STEP][PASSED] - delay(3, STOP_ON_FAILURE): Delayed 3 second(s)

2020-08-17 12:59:17 - [MESSAGE][PASSED] - Delayed 3 second(s)

2020-08-17 12:59:17 - [TEST_STEP][PASSED] - takeScreenshot("C:\Users\LENOVO\Screenshot\DuitNow\Screen6.png", CONTINUE_ON_FAILURE): Screenshot is taken

2020-08-17 12:59:18 - [MESSAGE][PASSED] - Screenshot is taken
[[ATTACHMENT|C:\\Users\\LENOVO\\Screenshot\\DuitNow\\Screen6.png]]

2020-08-17 12:59:18 - [TEST_STEP][PASSED] - verifyElementExist(findTestObject("Maya/RegisterDuitNow/android.widget.TextView0 - Enter amount (2)"), 0): Element 'Object Repository/Maya/RegisterDuitNow/android.widget.TextView0 - Enter amount (2)' is exist

2020-08-17 12:59:18 - [MESSAGE][WARNING] - Timeout '0' is invalid. Using default page load timeout: '10'

2020-08-17 12:59:19 - [MESSAGE][PASSED] - Element 'Object Repository/Maya/RegisterDuitNow/android.widget.TextView0 - Enter amount (2)' is exist

2020-08-17 12:59:19 - [TEST_STEP][PASSED] - tap(findTestObject("Maya/RegisterDuitNow/android.widget.TextView0 - 2 (3)"), 0): Tapped on element 'Object Repository/Maya/RegisterDuitNow/android.widget.TextView0 - 2 (3)'

2020-08-17 12:59:19 - [MESSAGE][WARNING] - Timeout '0' is invalid. Using default page load timeout: '10'

2020-08-17 12:59:22 - [MESSAGE][PASSED] - Tapped on element 'Object Repository/Maya/RegisterDuitNow/android.widget.TextView0 - 2 (3)'

2020-08-17 12:59:22 - [TEST_STEP][PASSED] - tap(findTestObject("Maya/RegisterDuitNow/android.widget.ImageView0 (8)"), 0): Tapped on element 'Object Repository/Maya/RegisterDuitNow/android.widget.ImageView0 (8)'

2020-08-17 12:59:22 - [MESSAGE][WARNING] - Timeout '0' is invalid. Using default page load timeout: '10'

2020-08-17 12:59:23 - [MESSAGE][PASSED] - Tapped on element 'Object Repository/Maya/RegisterDuitNow/android.widget.ImageView0 (8)'

2020-08-17 12:59:23 - [TEST_STEP][PASSED] - tap(findTestObject("Maya/RegisterDuitNow/android.widget.ImageView0 (9)"), 0): Tapped on element 'Object Repository/Maya/RegisterDuitNow/android.widget.ImageView0 (9)'

2020-08-17 12:59:23 - [MESSAGE][WARNING] - Timeout '0' is invalid. Using default page load timeout: '10'

2020-08-17 12:59:24 - [MESSAGE][PASSED] - Tapped on element 'Object Repository/Maya/RegisterDuitNow/android.widget.ImageView0 (9)'

2020-08-17 12:59:24 - [TEST_STEP][PASSED] - getText(findTestObject("Maya/RegisterDuitNow/android.widget.TextView0 - Amount needs to be at least RM 0.01. (2)"), 0): Text of element 'Object Repository/Maya/RegisterDuitNow/android.widget.TextView0 - Amount needs to be at least RM 0.01. (2)' is: 'Amount needs to be at least RM 0.01.'

2020-08-17 12:59:24 - [MESSAGE][WARNING] - Timeout '0' is invalid. Using default page load timeout: '10'

2020-08-17 12:59:25 - [MESSAGE][PASSED] - Text of element 'Object Repository/Maya/RegisterDuitNow/android.widget.TextView0 - Amount needs to be at least RM 0.01. (2)' is: 'Amount needs to be at least RM 0.01.'

2020-08-17 12:59:25 - [TEST_STEP][PASSED] - verifyElementExist(findTestObject("Maya/RegisterDuitNow/android.widget.TextView0 - Amount needs to be at least RM 0.01. (2)"), 0, CONTINUE_ON_FAILURE): Element 'Object Repository/Maya/RegisterDuitNow/android.widget.TextView0 - Amount needs to be at least RM 0.01. (2)' is exist

2020-08-17 12:59:25 - [MESSAGE][WARNING] - Timeout '0' is invalid. Using default page load timeout: '10'

2020-08-17 12:59:26 - [MESSAGE][PASSED] - Element 'Object Repository/Maya/RegisterDuitNow/android.widget.TextView0 - Amount needs to be at least RM 0.01. (2)' is exist

2020-08-17 12:59:26 - [TEST_STEP][PASSED] - tap(findTestObject("Maya/RegisterDuitNow/android.widget.TextView0 - 2 (3)"), 0): Tapped on element 'Object Repository/Maya/RegisterDuitNow/android.widget.TextView0 - 2 (3)'

2020-08-17 12:59:26 - [MESSAGE][WARNING] - Timeout '0' is invalid. Using default page load timeout: '10'

2020-08-17 12:59:27 - [MESSAGE][PASSED] - Tapped on element 'Object Repository/Maya/RegisterDuitNow/android.widget.TextView0 - 2 (3)'

2020-08-17 12:59:27 - [TEST_STEP][PASSED] - tap(findTestObject("Maya/RegisterDuitNow/android.widget.TextView0 - 0 (3)"), 0): Tapped on element 'Object Repository/Maya/RegisterDuitNow/android.widget.TextView0 - 0 (3)'

2020-08-17 12:59:27 - [MESSAGE][WARNING] - Timeout '0' is invalid. Using default page load timeout: '10'

2020-08-17 12:59:31 - [MESSAGE][PASSED] - Tapped on element 'Object Repository/Maya/RegisterDuitNow/android.widget.TextView0 - 0 (3)'

2020-08-17 12:59:31 - [TEST_STEP][PASSED] - tap(findTestObject("Maya/RegisterDuitNow/android.widget.TextView0 - 0 (3)"), 0): Tapped on element 'Object Repository/Maya/RegisterDuitNow/android.widget.TextView0 - 0 (3)'

2020-08-17 12:59:31 - [MESSAGE][WARNING] - Timeout '0' is invalid. Using default page load timeout: '10'

2020-08-17 12:59:34 - [MESSAGE][PASSED] - Tapped on element 'Object Repository/Maya/RegisterDuitNow/android.widget.TextView0 - 0 (3)'

2020-08-17 12:59:34 - [TEST_STEP][PASSED] - tap(findTestObject("Maya/RegisterDuitNow/android.widget.ImageView0 (9)"), 0): Tapped on element 'Object Repository/Maya/RegisterDuitNow/android.widget.ImageView0 (9)'

2020-08-17 12:59:34 - [MESSAGE][WARNING] - Timeout '0' is invalid. Using default page load timeout: '10'

2020-08-17 12:59:35 - [MESSAGE][PASSED] - Tapped on element 'Object Repository/Maya/RegisterDuitNow/android.widget.ImageView0 (9)'

2020-08-17 12:59:35 - [TEST_STEP][PASSED] - getText(findTestObject("Maya/RegisterDuitNow/android.widget.TextView0 - Enter recipient reference (2)"), 0): Text of element 'Object Repository/Maya/RegisterDuitNow/android.widget.TextView0 - Enter recipient reference (2)' is: 'Enter recipient reference'

2020-08-17 12:59:35 - [MESSAGE][WARNING] - Timeout '0' is invalid. Using default page load timeout: '10'

2020-08-17 12:59:37 - [MESSAGE][PASSED] - Text of element 'Object Repository/Maya/RegisterDuitNow/android.widget.TextView0 - Enter recipient reference (2)' is: 'Enter recipient reference'

2020-08-17 12:59:37 - [TEST_STEP][PASSED] - verifyElementExist(findTestObject("Maya/RegisterDuitNow/android.widget.TextView0 - Enter recipient reference (2)"), 0): Element 'Object Repository/Maya/RegisterDuitNow/android.widget.TextView0 - Enter recipient reference (2)' is exist

2020-08-17 12:59:37 - [MESSAGE][WARNING] - Timeout '0' is invalid. Using default page load timeout: '10'

2020-08-17 12:59:38 - [MESSAGE][PASSED] - Element 'Object Repository/Maya/RegisterDuitNow/android.widget.TextView0 - Enter recipient reference (2)' is exist

2020-08-17 12:59:38 - [TEST_STEP][PASSED] - delay(3, STOP_ON_FAILURE): Delayed 3 second(s)

2020-08-17 12:59:41 - [MESSAGE][PASSED] - Delayed 3 second(s)

2020-08-17 12:59:41 - [TEST_STEP][PASSED] - takeScreenshot("C:\Users\LENOVO\Screenshot\DuitNow\Screen7.png", CONTINUE_ON_FAILURE): Screenshot is taken

2020-08-17 12:59:42 - [MESSAGE][PASSED] - Screenshot is taken
[[ATTACHMENT|C:\\Users\\LENOVO\\Screenshot\\DuitNow\\Screen7.png]]

2020-08-17 12:59:42 - [TEST_STEP][PASSED] - getText(findTestObject("Maya/RegisterDuitNow/android.widget.TextView0 - G54178 (1)"), 0): Text of element 'Object Repository/Maya/RegisterDuitNow/android.widget.TextView0 - G54178 (1)' is: 'G54178'

2020-08-17 12:59:42 - [MESSAGE][WARNING] - Timeout '0' is invalid. Using default page load timeout: '10'

2020-08-17 12:59:42 - [MESSAGE][PASSED] - Text of element 'Object Repository/Maya/RegisterDuitNow/android.widget.TextView0 - G54178 (1)' is: 'G54178'

2020-08-17 12:59:42 - [TEST_STEP][PASSED] - verifyElementExist(findTestObject("Maya/RegisterDuitNow/android.widget.TextView0 - G54178 (1)"), 0): Element 'Object Repository/Maya/RegisterDuitNow/android.widget.TextView0 - G54178 (1)' is exist

2020-08-17 12:59:43 - [MESSAGE][WARNING] - Timeout '0' is invalid. Using default page load timeout: '10'

2020-08-17 12:59:43 - [MESSAGE][PASSED] - Element 'Object Repository/Maya/RegisterDuitNow/android.widget.TextView0 - G54178 (1)' is exist

2020-08-17 12:59:43 - [TEST_STEP][PASSED] - getText(findTestObject("Maya/RegisterDuitNow/android.widget.TextView0 - JOHARI (1)"), 0): Text of element 'Object Repository/Maya/RegisterDuitNow/android.widget.TextView0 - JOHARI (1)' is: 'XXXXXX'

2020-08-17 12:59:44 - [MESSAGE][WARNING] - Timeout '0' is invalid. Using default page load timeout: '10'

2020-08-17 12:59:44 - [MESSAGE][PASSED] - Text of element 'Object Repository/Maya/RegisterDuitNow/android.widget.TextView0 - JOHARI (1)' is: 'XXXXXX'

2020-08-17 12:59:44 - [TEST_STEP][PASSED] - verifyElementExist(findTestObject("Maya/RegisterDuitNow/android.widget.TextView0 - JOHARI (1)"), 0): Element 'Object Repository/Maya/RegisterDuitNow/android.widget.TextView0 - JOHARI (1)' is exist

2020-08-17 12:59:44 - [MESSAGE][WARNING] - Timeout '0' is invalid. Using default page load timeout: '10'

2020-08-17 12:59:44 - [MESSAGE][PASSED] - Element 'Object Repository/Maya/RegisterDuitNow/android.widget.TextView0 - JOHARI (1)' is exist

2020-08-17 12:59:44 - [TEST_STEP][PASSED] - getText(findTestObject("Maya/RegisterDuitNow/android.widget.TextView0 - ArmyPolice ID (2)"), 0): Text of element 'Object Repository/Maya/RegisterDuitNow/android.widget.TextView0 - ArmyPolice ID (2)' is: 'Army/Police ID'

2020-08-17 12:59:44 - [MESSAGE][WARNING] - Timeout '0' is invalid. Using default page load timeout: '10'

2020-08-17 12:59:45 - [MESSAGE][PASSED] - Text of element 'Object Repository/Maya/RegisterDuitNow/android.widget.TextView0 - ArmyPolice ID (2)' is: 'Army/Police ID'

2020-08-17 12:59:45 - [TEST_STEP][PASSED] - verifyElementExist(findTestObject("Maya/RegisterDuitNow/android.widget.TextView0 - ArmyPolice ID (2)"), 0): Element 'Object Repository/Maya/RegisterDuitNow/android.widget.TextView0 - ArmyPolice ID (2)' is exist

2020-08-17 12:59:45 - [MESSAGE][WARNING] - Timeout '0' is invalid. Using default page load timeout: '10'

2020-08-17 12:59:45 - [MESSAGE][PASSED] - Element 'Object Repository/Maya/RegisterDuitNow/android.widget.TextView0 - ArmyPolice ID (2)' is exist

2020-08-17 12:59:45 - [TEST_STEP][PASSED] - setText(findTestObject("Maya/RegisterDuitNow/android.widget.EditText0 (5)"), "Test", 0): Text 'Test' has been set to element 'Object Repository/Maya/RegisterDuitNow/android.widget.EditText0 (5)'

2020-08-17 12:59:45 - [MESSAGE][WARNING] - Timeout '0' is invalid. Using default page load timeout: '10'

2020-08-17 12:59:47 - [MESSAGE][PASSED] - Text 'Test' has been set to element 'Object Repository/Maya/RegisterDuitNow/android.widget.EditText0 (5)'

2020-08-17 12:59:47 - [TEST_STEP][PASSED] - hideKeyboard(): Keyboard is hidden

2020-08-17 12:59:53 - [MESSAGE][PASSED] - Keyboard is hidden

2020-08-17 12:59:53 - [TEST_STEP][PASSED] - tap(findTestObject("Maya/RegisterDuitNow/android.widget.TextView0 - Continue (6)"), 0): Tapped on element 'Object Repository/Maya/RegisterDuitNow/android.widget.TextView0 - Continue (6)'

2020-08-17 12:59:53 - [MESSAGE][WARNING] - Timeout '0' is invalid. Using default page load timeout: '10'

2020-08-17 12:59:54 - [MESSAGE][PASSED] - Tapped on element 'Object Repository/Maya/RegisterDuitNow/android.widget.TextView0 - Continue (6)'

2020-08-17 12:59:54 - [TEST_STEP][PASSED] - delay(3, STOP_ON_FAILURE): Delayed 3 second(s)

2020-08-17 12:59:57 - [MESSAGE][PASSED] - Delayed 3 second(s)

2020-08-17 12:59:57 - [TEST_STEP][PASSED] - takeScreenshot("C:\Users\LENOVO\Screenshot\DuitNow\Screen8.png", CONTINUE_ON_FAILURE): Screenshot is taken

2020-08-17 12:59:59 - [MESSAGE][PASSED] - Screenshot is taken
[[ATTACHMENT|C:\\Users\\LENOVO\\Screenshot\\DuitNow\\Screen8.png]]

2020-08-17 12:59:59 - [TEST_STEP][PASSED] - tap(findTestObject("Maya/RegisterDuitNow/android.widget.TextView0 - Transfer Now (2)"), 0): Tapped on element 'Object Repository/Maya/RegisterDuitNow/android.widget.TextView0 - Transfer Now (2)'

2020-08-17 12:59:59 - [MESSAGE][WARNING] - Timeout '0' is invalid. Using default page load timeout: '10'

2020-08-17 13:00:01 - [MESSAGE][PASSED] - Tapped on element 'Object Repository/Maya/RegisterDuitNow/android.widget.TextView0 - Transfer Now (2)'

2020-08-17 13:00:01 - [TEST_STEP][PASSED] - getText(findTestObject("Maya/RegisterDuitNow/android.widget.TextView0 - One-Tap Authorisation"), 0): Text of element 'Object Repository/Maya/RegisterDuitNow/android.widget.TextView0 - One-Tap Authorisation' is: 'One-Tap Authorisation'

2020-08-17 13:00:01 - [MESSAGE][WARNING] - Timeout '0' is invalid. Using default page load timeout: '10'

2020-08-17 13:00:05 - [MESSAGE][PASSED] - Text of element 'Object Repository/Maya/RegisterDuitNow/android.widget.TextView0 - One-Tap Authorisation' is: 'One-Tap Authorisation'

2020-08-17 13:00:05 - [TEST_STEP][PASSED] - tap(findTestObject("Maya/RegisterDuitNow/android.widget.TextView0 - Reject"), 0): Tapped on element 'Object Repository/Maya/RegisterDuitNow/android.widget.TextView0 - Reject'

2020-08-17 13:00:05 - [MESSAGE][WARNING] - Timeout '0' is invalid. Using default page load timeout: '10'

2020-08-17 13:00:07 - [MESSAGE][PASSED] - Tapped on element 'Object Repository/Maya/RegisterDuitNow/android.widget.TextView0 - Reject'

2020-08-17 13:00:07 - [TEST_STEP][PASSED] - delay(3, STOP_ON_FAILURE): Delayed 3 second(s)

2020-08-17 13:00:10 - [MESSAGE][PASSED] - Delayed 3 second(s)

2020-08-17 13:00:10 - [TEST_STEP][PASSED] - takeScreenshot("C:\Users\LENOVO\Screenshot\DuitNow\Screen9.png", CONTINUE_ON_FAILURE): Screenshot is taken

2020-08-17 13:00:10 - [MESSAGE][PASSED] - Screenshot is taken
[[ATTACHMENT|C:\\Users\\LENOVO\\Screenshot\\DuitNow\\Screen9.png]]

2020-08-17 13:00:10 - [TEST_STEP][PASSED] - getText(findTestObject("Maya/RegisterDuitNow/android.widget.TextView0 - Transfer failed (1)"), 0): Text of element 'Object Repository/Maya/RegisterDuitNow/android.widget.TextView0 - Transfer failed (1)' is: 'Transaction declined'

2020-08-17 13:00:11 - [MESSAGE][WARNING] - Timeout '0' is invalid. Using default page load timeout: '10'

2020-08-17 13:00:11 - [MESSAGE][PASSED] - Text of element 'Object Repository/Maya/RegisterDuitNow/android.widget.TextView0 - Transfer failed (1)' is: 'Transaction declined'

2020-08-17 13:00:11 - [TEST_STEP][PASSED] - verifyElementExist(findTestObject("Maya/RegisterDuitNow/android.widget.TextView0 - Transfer failed (1)"), 0): Element 'Object Repository/Maya/RegisterDuitNow/android.widget.TextView0 - Transfer failed (1)' is exist

2020-08-17 13:00:11 - [MESSAGE][WARNING] - Timeout '0' is invalid. Using default page load timeout: '10'

2020-08-17 13:00:12 - [MESSAGE][PASSED] - Element 'Object Repository/Maya/RegisterDuitNow/android.widget.TextView0 - Transfer failed (1)' is exist

2020-08-17 13:00:12 - [TEST_STEP][PASSED] - getText(findTestObject("Maya/RegisterDuitNow/android.widget.TextView0 - Reference ID (2)"), 0): Text of element 'Object Repository/Maya/RegisterDuitNow/android.widget.TextView0 - Reference ID (2)' is: 'Reference ID'

2020-08-17 13:00:12 - [MESSAGE][WARNING] - Timeout '0' is invalid. Using default page load timeout: '10'

2020-08-17 13:00:12 - [MESSAGE][PASSED] - Text of element 'Object Repository/Maya/RegisterDuitNow/android.widget.TextView0 - Reference ID (2)' is: 'Reference ID'

2020-08-17 13:00:12 - [TEST_STEP][PASSED] - verifyElementExist(findTestObject("Maya/RegisterDuitNow/android.widget.TextView0 - Reference ID (2)"), 0): Element 'Object Repository/Maya/RegisterDuitNow/android.widget.TextView0 - Reference ID (2)' is exist

2020-08-17 13:00:12 - [MESSAGE][WARNING] - Timeout '0' is invalid. Using default page load timeout: '10'

2020-08-17 13:00:13 - [MESSAGE][PASSED] - Element 'Object Repository/Maya/RegisterDuitNow/android.widget.TextView0 - Reference ID (2)' is exist

2020-08-17 13:00:13 - [TEST_STEP][PASSED] - getText(findTestObject("Maya/RegisterDuitNow/android.widget.TextView0 - Date  time (1)"), 0): Text of element 'Object Repository/Maya/RegisterDuitNow/android.widget.TextView0 - Date  time (1)' is: 'Date & time'

2020-08-17 13:00:13 - [MESSAGE][WARNING] - Timeout '0' is invalid. Using default page load timeout: '10'

2020-08-17 13:00:14 - [MESSAGE][PASSED] - Text of element 'Object Repository/Maya/RegisterDuitNow/android.widget.TextView0 - Date  time (1)' is: 'Date & time'

2020-08-17 13:00:14 - [TEST_STEP][PASSED] - verifyElementExist(findTestObject("Maya/RegisterDuitNow/android.widget.TextView0 - Date  time (1)"), 0): Element 'Object Repository/Maya/RegisterDuitNow/android.widget.TextView0 - Date  time (1)' is exist

2020-08-17 13:00:14 - [MESSAGE][WARNING] - Timeout '0' is invalid. Using default page load timeout: '10'

2020-08-17 13:00:14 - [MESSAGE][PASSED] - Element 'Object Repository/Maya/RegisterDuitNow/android.widget.TextView0 - Date  time (1)' is exist

2020-08-17 13:00:14 - [TEST_STEP][PASSED] - getText(findTestObject("Maya/RegisterDuitNow/android.widget.TextView0 - 17180039560M"), 0): Text of element 'Object Repository/Maya/RegisterDuitNow/android.widget.TextView0 - 17180039560M' is: '17180746094M'

2020-08-17 13:00:14 - [MESSAGE][WARNING] - Timeout '0' is invalid. Using default page load timeout: '10'

2020-08-17 13:00:14 - [MESSAGE][PASSED] - Text of element 'Object Repository/Maya/RegisterDuitNow/android.widget.TextView0 - 17180039560M' is: '17180746094M'

2020-08-17 13:00:14 - [TEST_STEP][PASSED] - verifyElementExist(findTestObject("Maya/RegisterDuitNow/android.widget.TextView0 - 17180039560M"), 0): Element 'Object Repository/Maya/RegisterDuitNow/android.widget.TextView0 - 17180039560M' is exist

2020-08-17 13:00:14 - [MESSAGE][WARNING] - Timeout '0' is invalid. Using default page load timeout: '10'

2020-08-17 13:00:15 - [MESSAGE][PASSED] - Element 'Object Repository/Maya/RegisterDuitNow/android.widget.TextView0 - 17180039560M' is exist

2020-08-17 13:00:15 - [TEST_STEP][PASSED] - getText(findTestObject("Maya/RegisterDuitNow/android.widget.TextView0 - 12 Jul 2020 513 PM"), 0): Text of element 'Object Repository/Maya/RegisterDuitNow/android.widget.TextView0 - 12 Jul 2020 513 PM' is: '17 Aug 2020, 1:00 PM'

2020-08-17 13:00:15 - [MESSAGE][WARNING] - Timeout '0' is invalid. Using default page load timeout: '10'

2020-08-17 13:00:16 - [MESSAGE][PASSED] - Text of element 'Object Repository/Maya/RegisterDuitNow/android.widget.TextView0 - 12 Jul 2020 513 PM' is: '17 Aug 2020, 1:00 PM'

2020-08-17 13:00:16 - [TEST_STEP][PASSED] - verifyElementExist(findTestObject("Maya/RegisterDuitNow/android.widget.TextView0 - 12 Jul 2020 513 PM"), 0): Element 'Object Repository/Maya/RegisterDuitNow/android.widget.TextView0 - 12 Jul 2020 513 PM' is exist

2020-08-17 13:00:16 - [MESSAGE][WARNING] - Timeout '0' is invalid. Using default page load timeout: '10'

2020-08-17 13:00:16 - [MESSAGE][PASSED] - Element 'Object Repository/Maya/RegisterDuitNow/android.widget.TextView0 - 12 Jul 2020 513 PM' is exist

2020-08-17 13:00:16 - [TEST_STEP][PASSED] - delay(3, STOP_ON_FAILURE): Delayed 3 second(s)

2020-08-17 13:00:19 - [MESSAGE][PASSED] - Delayed 3 second(s)

2020-08-17 13:00:19 - [TEST_STEP][PASSED] - takeScreenshot("C:\Users\LENOVO\Screenshot\DuitNow\Screen11.png", CONTINUE_ON_FAILURE): Screenshot is taken

2020-08-17 13:00:20 - [MESSAGE][PASSED] - Screenshot is taken
[[ATTACHMENT|C:\\Users\\LENOVO\\Screenshot\\DuitNow\\Screen11.png]]

2020-08-17 13:00:20 - [TEST_STEP][PASSED] - tap(findTestObject("Maya/RegisterDuitNow/android.widget.TextView0 - Done (7)"), 0): Tapped on element 'Object Repository/Maya/RegisterDuitNow/android.widget.TextView0 - Done (7)'

2020-08-17 13:00:20 - [MESSAGE][WARNING] - Timeout '0' is invalid. Using default page load timeout: '10'

2020-08-17 13:00:31 - [MESSAGE][PASSED] - Tapped on element 'Object Repository/Maya/RegisterDuitNow/android.widget.TextView0 - Done (7)'

2020-08-17 13:00:31 - [TEST_STEP][PASSED] - tap(findTestObject("Maya/RegisterDuitNow/android.widget.TextView0 - Transfer (2)"), 0): Tapped on element 'Object Repository/Maya/RegisterDuitNow/android.widget.TextView0 - Transfer (2)'

2020-08-17 13:00:31 - [MESSAGE][WARNING] - Timeout '0' is invalid. Using default page load timeout: '10'

2020-08-17 13:01:33 - [MESSAGE][PASSED] - Tapped on element 'Object Repository/Maya/RegisterDuitNow/android.widget.TextView0 - Transfer (2)'

2020-08-17 13:01:33 - [TEST_STEP][PASSED] - tapAndHoldAtPosition(627, 376, 2): Tapped and held at [627, 376] with duration 2

2020-08-17 13:01:36 - [MESSAGE][PASSED] - Tapped and held at [627, 376] with duration 2

2020-08-17 13:01:36 - [TEST_STEP][PASSED] - delay(2, STOP_ON_FAILURE): Delayed 2 second(s)

2020-08-17 13:01:38 - [MESSAGE][PASSED] - Delayed 2 second(s)

2020-08-17 13:01:38 - [TEST_STEP][PASSED] - tapAndHoldAtPosition(451, 727, 2): Tapped and held at [451, 727] with duration 2

2020-08-17 13:01:42 - [MESSAGE][PASSED] - Tapped and held at [451, 727] with duration 2

2020-08-17 13:01:42 - [TEST_STEP][PASSED] - delay(3, STOP_ON_FAILURE): Delayed 3 second(s)

2020-08-17 13:01:45 - [MESSAGE][PASSED] - Delayed 3 second(s)

2020-08-17 13:01:45 - [TEST_STEP][PASSED] - takeScreenshot("C:\Users\LENOVO\Screenshot\DuitNow\Screen12.png", CONTINUE_ON_FAILURE): Screenshot is taken

2020-08-17 13:01:46 - [MESSAGE][PASSED] - Screenshot is taken
[[ATTACHMENT|C:\\Users\\LENOVO\\Screenshot\\DuitNow\\Screen12.png]]

2020-08-17 13:01:46 - [TEST_STEP][PASSED] - getText(findTestObject("Maya/RegisterDuitNow/android.widget.TextView0 - DuitNow (2)"), 0): Text of element 'Object Repository/Maya/RegisterDuitNow/android.widget.TextView0 - DuitNow (2)' is: 'DuitNow'

2020-08-17 13:01:46 - [MESSAGE][WARNING] - Timeout '0' is invalid. Using default page load timeout: '10'

2020-08-17 13:01:47 - [MESSAGE][PASSED] - Text of element 'Object Repository/Maya/RegisterDuitNow/android.widget.TextView0 - DuitNow (2)' is: 'DuitNow'

2020-08-17 13:01:47 - [TEST_STEP][PASSED] - verifyElementExist(findTestObject("Maya/RegisterDuitNow/android.widget.TextView0 - DuitNow (2)"), 0): Element 'Object Repository/Maya/RegisterDuitNow/android.widget.TextView0 - DuitNow (2)' is exist

2020-08-17 13:01:47 - [MESSAGE][WARNING] - Timeout '0' is invalid. Using default page load timeout: '10'

2020-08-17 13:01:47 - [MESSAGE][PASSED] - Element 'Object Repository/Maya/RegisterDuitNow/android.widget.TextView0 - DuitNow (2)' is exist

2020-08-17 13:01:47 - [TEST_STEP][PASSED] - getText(findTestObject("Maya/RegisterDuitNow/android.widget.TextView0 - ID type"), 0): Text of element 'Object Repository/Maya/RegisterDuitNow/android.widget.TextView0 - ID type' is: 'ID type'

2020-08-17 13:01:47 - [MESSAGE][WARNING] - Timeout '0' is invalid. Using default page load timeout: '10'

2020-08-17 13:01:47 - [MESSAGE][PASSED] - Text of element 'Object Repository/Maya/RegisterDuitNow/android.widget.TextView0 - ID type' is: 'ID type'

2020-08-17 13:01:47 - [TEST_STEP][PASSED] - verifyElementExist(findTestObject("Maya/RegisterDuitNow/android.widget.TextView0 - ID type"), 0): Element 'Object Repository/Maya/RegisterDuitNow/android.widget.TextView0 - ID type' is exist

2020-08-17 13:01:47 - [MESSAGE][WARNING] - Timeout '0' is invalid. Using default page load timeout: '10'

2020-08-17 13:01:48 - [MESSAGE][PASSED] - Element 'Object Repository/Maya/RegisterDuitNow/android.widget.TextView0 - ID type' is exist

2020-08-17 13:01:48 - [TEST_STEP][PASSED] - tap(findTestObject("Maya/RegisterDuitNow/android.widget.ImageView0 (2)"), 0): Tapped on element 'Object Repository/Maya/RegisterDuitNow/android.widget.ImageView0 (2)'

2020-08-17 13:01:48 - [MESSAGE][WARNING] - Timeout '0' is invalid. Using default page load timeout: '10'

2020-08-17 13:01:48 - [MESSAGE][PASSED] - Tapped on element 'Object Repository/Maya/RegisterDuitNow/android.widget.ImageView0 (2)'

2020-08-17 13:01:48 - [TEST_STEP][PASSED] - delay(3, CONTINUE_ON_FAILURE): Delayed 3 second(s)

2020-08-17 13:01:51 - [MESSAGE][PASSED] - Delayed 3 second(s)

2020-08-17 13:01:51 - [TEST_STEP][PASSED] - swipe(592, 1887, 607, 1657): Swiped from 592,1,887 to 607,1,657

2020-08-17 13:01:52 - [MESSAGE][PASSED] - Swiped from 592,1,887 to 607,1,657

2020-08-17 13:01:52 - [TEST_STEP][PASSED] - delay(3, CONTINUE_ON_FAILURE): Delayed 3 second(s)

2020-08-17 13:01:55 - [MESSAGE][PASSED] - Delayed 3 second(s)

2020-08-17 13:01:55 - [TEST_STEP][PASSED] - swipe(592, 1887, 550, 1754): Swiped from 592,1,887 to 550,1,754

2020-08-17 13:01:56 - [MESSAGE][PASSED] - Swiped from 592,1,887 to 550,1,754

2020-08-17 13:01:57 - [TEST_STEP][PASSED] - delay(2, STOP_ON_FAILURE): Delayed 2 second(s)

2020-08-17 13:01:59 - [MESSAGE][PASSED] - Delayed 2 second(s)

2020-08-17 13:01:59 - [TEST_STEP][PASSED] - tap(findTestObject("Maya/RegisterDuitNow/android.widget.TextView0 - Done (1)"), 0): Tapped on element 'Object Repository/Maya/RegisterDuitNow/android.widget.TextView0 - Done (1)'

2020-08-17 13:01:59 - [MESSAGE][WARNING] - Timeout '0' is invalid. Using default page load timeout: '10'

2020-08-17 13:02:01 - [MESSAGE][PASSED] - Tapped on element 'Object Repository/Maya/RegisterDuitNow/android.widget.TextView0 - Done (1)'

2020-08-17 13:02:01 - [TEST_STEP][PASSED] - getText(findTestObject("Maya/RegisterDuitNow/android.widget.TextView0 - DuitNow (4)"), 0): Text of element 'Object Repository/Maya/RegisterDuitNow/android.widget.TextView0 - DuitNow (4)' is: 'DuitNow'

2020-08-17 13:02:02 - [MESSAGE][WARNING] - Timeout '0' is invalid. Using default page load timeout: '10'

2020-08-17 13:02:02 - [MESSAGE][PASSED] - Text of element 'Object Repository/Maya/RegisterDuitNow/android.widget.TextView0 - DuitNow (4)' is: 'DuitNow'

2020-08-17 13:02:02 - [TEST_STEP][PASSED] - getText(findTestObject("Maya/RegisterDuitNow/android.widget.TextView0 - ID type (4)"), 0): Text of element 'Object Repository/Maya/RegisterDuitNow/android.widget.TextView0 - ID type (4)' is: 'ID type'

2020-08-17 13:02:02 - [MESSAGE][WARNING] - Timeout '0' is invalid. Using default page load timeout: '10'

2020-08-17 13:02:02 - [MESSAGE][PASSED] - Text of element 'Object Repository/Maya/RegisterDuitNow/android.widget.TextView0 - ID type (4)' is: 'ID type'

2020-08-17 13:02:02 - [TEST_STEP][PASSED] - verifyElementExist(findTestObject("Maya/RegisterDuitNow/android.widget.TextView0 - ID type (4)"), 0): Element 'Object Repository/Maya/RegisterDuitNow/android.widget.TextView0 - ID type (4)' is exist

2020-08-17 13:02:02 - [MESSAGE][WARNING] - Timeout '0' is invalid. Using default page load timeout: '10'

2020-08-17 13:02:02 - [MESSAGE][PASSED] - Element 'Object Repository/Maya/RegisterDuitNow/android.widget.TextView0 - ID type (4)' is exist

2020-08-17 13:02:02 - [TEST_STEP][PASSED] - getText(findTestObject("Maya/RegisterDuitNow/android.widget.TextView0 - ArmyPolice ID"), 0): Text of element 'Object Repository/Maya/RegisterDuitNow/android.widget.TextView0 - ArmyPolice ID' is: 'Army/Police ID'

2020-08-17 13:02:02 - [MESSAGE][WARNING] - Timeout '0' is invalid. Using default page load timeout: '10'

2020-08-17 13:02:03 - [MESSAGE][PASSED] - Text of element 'Object Repository/Maya/RegisterDuitNow/android.widget.TextView0 - ArmyPolice ID' is: 'Army/Police ID'

2020-08-17 13:02:03 - [TEST_STEP][PASSED] - delay(3, STOP_ON_FAILURE): Delayed 3 second(s)

2020-08-17 13:02:06 - [MESSAGE][PASSED] - Delayed 3 second(s)

2020-08-17 13:02:06 - [TEST_STEP][PASSED] - takeScreenshot("C:\Users\LENOVO\Screenshot\DuitNow\Screen13.png", CONTINUE_ON_FAILURE): Screenshot is taken

2020-08-17 13:02:07 - [MESSAGE][PASSED] - Screenshot is taken
[[ATTACHMENT|C:\\Users\\LENOVO\\Screenshot\\DuitNow\\Screen13.png]]

2020-08-17 13:02:07 - [TEST_STEP][PASSED] - verifyElementExist(findTestObject("Maya/RegisterDuitNow/android.widget.TextView0 - ArmyPolice ID"), 0): Element 'Object Repository/Maya/RegisterDuitNow/android.widget.TextView0 - ArmyPolice ID' is exist

2020-08-17 13:02:07 - [MESSAGE][WARNING] - Timeout '0' is invalid. Using default page load timeout: '10'

2020-08-17 13:02:07 - [MESSAGE][PASSED] - Element 'Object Repository/Maya/RegisterDuitNow/android.widget.TextView0 - ArmyPolice ID' is exist

2020-08-17 13:02:07 - [TEST_STEP][PASSED] - getText(findTestObject("Maya/RegisterDuitNow/android.widget.TextView0 - Enter Army  Police ID"), 0): Text of element 'Object Repository/Maya/RegisterDuitNow/android.widget.TextView0 - Enter Army  Police ID' is: 'Enter Army / Police ID'

2020-08-17 13:02:07 - [MESSAGE][WARNING] - Timeout '0' is invalid. Using default page load timeout: '10'

2020-08-17 13:02:08 - [MESSAGE][PASSED] - Text of element 'Object Repository/Maya/RegisterDuitNow/android.widget.TextView0 - Enter Army  Police ID' is: 'Enter Army / Police ID'

2020-08-17 13:02:08 - [TEST_STEP][PASSED] - setText(findTestObject("Maya/RegisterDuitNow/android.widget.EditText0 - Enter Army  Police ID"), "G1212706", 0): Text 'G1212706' has been set to element 'Object Repository/Maya/RegisterDuitNow/android.widget.EditText0 - Enter Army  Police ID'

2020-08-17 13:02:08 - [MESSAGE][WARNING] - Timeout '0' is invalid. Using default page load timeout: '10'

2020-08-17 13:02:09 - [MESSAGE][PASSED] - Text 'G1212706' has been set to element 'Object Repository/Maya/RegisterDuitNow/android.widget.EditText0 - Enter Army  Police ID'

2020-08-17 13:02:09 - [TEST_STEP][PASSED] - hideKeyboard(): Keyboard is hidden

2020-08-17 13:02:13 - [MESSAGE][PASSED] - Keyboard is hidden

2020-08-17 13:02:13 - [TEST_STEP][PASSED] - delay(2, STOP_ON_FAILURE): Delayed 2 second(s)

2020-08-17 13:02:15 - [MESSAGE][PASSED] - Delayed 2 second(s)

2020-08-17 13:02:15 - [TEST_STEP][PASSED] - tap(findTestObject("Maya/RegisterDuitNow/android.widget.TextView0 - Continue (5)"), 0): Tapped on element 'Object Repository/Maya/RegisterDuitNow/android.widget.TextView0 - Continue (5)'

2020-08-17 13:02:15 - [MESSAGE][WARNING] - Timeout '0' is invalid. Using default page load timeout: '10'

2020-08-17 13:02:17 - [MESSAGE][PASSED] - Tapped on element 'Object Repository/Maya/RegisterDuitNow/android.widget.TextView0 - Continue (5)'

2020-08-17 13:02:17 - [TEST_STEP][PASSED] - clearText(findTestObject("Maya/RegisterDuitNow/android.widget.EditText0 - G1212706"), 0): Element 'Object Repository/Maya/RegisterDuitNow/android.widget.EditText0 - G1212706' text is cleared

2020-08-17 13:02:17 - [MESSAGE][WARNING] - Timeout '0' is invalid. Using default page load timeout: '10'

2020-08-17 13:02:18 - [MESSAGE][PASSED] - Element 'Object Repository/Maya/RegisterDuitNow/android.widget.EditText0 - G1212706' text is cleared

2020-08-17 13:02:18 - [TEST_STEP][PASSED] - delay(2, STOP_ON_FAILURE): Delayed 2 second(s)

2020-08-17 13:02:20 - [MESSAGE][PASSED] - Delayed 2 second(s)

2020-08-17 13:02:20 - [TEST_STEP][PASSED] - setText(findTestObject("Maya/RegisterDuitNow/android.widget.EditText0 - Enter Army  Police ID"), "G54178", 0): Text 'G54178' has been set to element 'Object Repository/Maya/RegisterDuitNow/android.widget.EditText0 - Enter Army  Police ID'

2020-08-17 13:02:20 - [MESSAGE][WARNING] - Timeout '0' is invalid. Using default page load timeout: '10'

2020-08-17 13:02:22 - [MESSAGE][PASSED] - Text 'G54178' has been set to element 'Object Repository/Maya/RegisterDuitNow/android.widget.EditText0 - Enter Army  Police ID'

2020-08-17 13:02:22 - [TEST_STEP][PASSED] - hideKeyboard(): Keyboard is hidden

2020-08-17 13:02:22 - [MESSAGE][PASSED] - Keyboard is hidden

2020-08-17 13:02:22 - [TEST_STEP][PASSED] - delay(2, STOP_ON_FAILURE): Delayed 2 second(s)

2020-08-17 13:02:24 - [MESSAGE][PASSED] - Delayed 2 second(s)

2020-08-17 13:02:24 - [TEST_STEP][PASSED] - tap(findTestObject("Maya/RegisterDuitNow/android.widget.TextView0 - Continue (5)"), 0): Tapped on element 'Object Repository/Maya/RegisterDuitNow/android.widget.TextView0 - Continue (5)'

2020-08-17 13:02:24 - [MESSAGE][WARNING] - Timeout '0' is invalid. Using default page load timeout: '10'

2020-08-17 13:02:26 - [MESSAGE][PASSED] - Tapped on element 'Object Repository/Maya/RegisterDuitNow/android.widget.TextView0 - Continue (5)'

2020-08-17 13:02:26 - [TEST_STEP][NOT_RUN] - getText(findTestObject("Maya/RegisterDuitNow/android.widget.TextView0 - G54178"), 0): NOT_RUN: getText(findTestObject("Maya/RegisterDuitNow/android.widget.TextView0 - G54178"), 0)

2020-08-17 13:02:26 - [MESSAGE][NOT_RUN] - NOT_RUN: getText(findTestObject("Maya/RegisterDuitNow/android.widget.TextView0 - G54178"), 0)

2020-08-17 13:02:26 - [TEST_STEP][NOT_RUN] - verifyElementExist(findTestObject("Maya/RegisterDuitNow/android.widget.TextView0 - G54178"), 0): NOT_RUN: verifyElementExist(findTestObject("Maya/RegisterDuitNow/android.widget.TextView0 - G54178"), 0)

2020-08-17 13:02:26 - [MESSAGE][NOT_RUN] - NOT_RUN: verifyElementExist(findTestObject("Maya/RegisterDuitNow/android.widget.TextView0 - G54178"), 0)

2020-08-17 13:02:26 - [TEST_STEP][PASSED] - getText(findTestObject("Maya/RegisterDuitNow/android.widget.TextView0 - JOHARI"), 0): Text of element 'Object Repository/Maya/RegisterDuitNow/android.widget.TextView0 - JOHARI' is: 'XXXXXX'

2020-08-17 13:02:26 - [MESSAGE][WARNING] - Timeout '0' is invalid. Using default page load timeout: '10'

2020-08-17 13:02:27 - [MESSAGE][PASSED] - Text of element 'Object Repository/Maya/RegisterDuitNow/android.widget.TextView0 - JOHARI' is: 'XXXXXX'

2020-08-17 13:02:27 - [TEST_STEP][PASSED] - verifyElementExist(findTestObject("Maya/RegisterDuitNow/android.widget.TextView0 - JOHARI"), 0): Element 'Object Repository/Maya/RegisterDuitNow/android.widget.TextView0 - JOHARI' is exist

2020-08-17 13:02:27 - [MESSAGE][WARNING] - Timeout '0' is invalid. Using default page load timeout: '10'

2020-08-17 13:02:28 - [MESSAGE][PASSED] - Element 'Object Repository/Maya/RegisterDuitNow/android.widget.TextView0 - JOHARI' is exist

2020-08-17 13:02:28 - [TEST_STEP][PASSED] - getText(findTestObject("Maya/RegisterDuitNow/android.widget.TextView0 - ArmyPolice ID (1)"), 0): Text of element 'Object Repository/Maya/RegisterDuitNow/android.widget.TextView0 - ArmyPolice ID (1)' is: 'Army/Police ID'

2020-08-17 13:02:28 - [MESSAGE][WARNING] - Timeout '0' is invalid. Using default page load timeout: '10'

2020-08-17 13:02:29 - [MESSAGE][PASSED] - Text of element 'Object Repository/Maya/RegisterDuitNow/android.widget.TextView0 - ArmyPolice ID (1)' is: 'Army/Police ID'

2020-08-17 13:02:29 - [TEST_STEP][PASSED] - delay(3, STOP_ON_FAILURE): Delayed 3 second(s)

2020-08-17 13:02:32 - [MESSAGE][PASSED] - Delayed 3 second(s)

2020-08-17 13:02:32 - [TEST_STEP][PASSED] - takeScreenshot("C:\Users\LENOVO\Screenshot\DuitNow\Screen14.png", CONTINUE_ON_FAILURE): Screenshot is taken

2020-08-17 13:02:33 - [MESSAGE][PASSED] - Screenshot is taken
[[ATTACHMENT|C:\\Users\\LENOVO\\Screenshot\\DuitNow\\Screen14.png]]

2020-08-17 13:02:33 - [TEST_STEP][PASSED] - verifyElementExist(findTestObject("Maya/RegisterDuitNow/android.widget.TextView0 - ArmyPolice ID (1)"), 0): Element 'Object Repository/Maya/RegisterDuitNow/android.widget.TextView0 - ArmyPolice ID (1)' is exist

2020-08-17 13:02:33 - [MESSAGE][WARNING] - Timeout '0' is invalid. Using default page load timeout: '10'

2020-08-17 13:02:33 - [MESSAGE][PASSED] - Element 'Object Repository/Maya/RegisterDuitNow/android.widget.TextView0 - ArmyPolice ID (1)' is exist

2020-08-17 13:02:33 - [TEST_STEP][PASSED] - getText(findTestObject("Maya/RegisterDuitNow/android.widget.TextView0 - Enter amount (2)"), 0): Text of element 'Object Repository/Maya/RegisterDuitNow/android.widget.TextView0 - Enter amount (2)' is: 'Enter amount'

2020-08-17 13:02:33 - [MESSAGE][WARNING] - Timeout '0' is invalid. Using default page load timeout: '10'

2020-08-17 13:02:34 - [MESSAGE][PASSED] - Text of element 'Object Repository/Maya/RegisterDuitNow/android.widget.TextView0 - Enter amount (2)' is: 'Enter amount'

2020-08-17 13:02:34 - [TEST_STEP][PASSED] - verifyElementExist(findTestObject("Maya/RegisterDuitNow/android.widget.TextView0 - Enter amount (2)"), 0): Element 'Object Repository/Maya/RegisterDuitNow/android.widget.TextView0 - Enter amount (2)' is exist

2020-08-17 13:02:34 - [MESSAGE][WARNING] - Timeout '0' is invalid. Using default page load timeout: '10'

2020-08-17 13:02:34 - [MESSAGE][PASSED] - Element 'Object Repository/Maya/RegisterDuitNow/android.widget.TextView0 - Enter amount (2)' is exist

2020-08-17 13:02:34 - [TEST_STEP][PASSED] - tap(findTestObject("Maya/RegisterDuitNow/android.widget.TextView0 - 2 (3)"), 0): Tapped on element 'Object Repository/Maya/RegisterDuitNow/android.widget.TextView0 - 2 (3)'

2020-08-17 13:02:34 - [MESSAGE][WARNING] - Timeout '0' is invalid. Using default page load timeout: '10'

2020-08-17 13:02:37 - [MESSAGE][PASSED] - Tapped on element 'Object Repository/Maya/RegisterDuitNow/android.widget.TextView0 - 2 (3)'

2020-08-17 13:02:37 - [TEST_STEP][PASSED] - tap(findTestObject("Maya/RegisterDuitNow/android.widget.ImageView0 (8)"), 0): Tapped on element 'Object Repository/Maya/RegisterDuitNow/android.widget.ImageView0 (8)'

2020-08-17 13:02:37 - [MESSAGE][WARNING] - Timeout '0' is invalid. Using default page load timeout: '10'

2020-08-17 13:02:38 - [MESSAGE][PASSED] - Tapped on element 'Object Repository/Maya/RegisterDuitNow/android.widget.ImageView0 (8)'

2020-08-17 13:02:38 - [TEST_STEP][PASSED] - tap(findTestObject("Maya/RegisterDuitNow/android.widget.ImageView0 (9)"), 0): Tapped on element 'Object Repository/Maya/RegisterDuitNow/android.widget.ImageView0 (9)'

2020-08-17 13:02:38 - [MESSAGE][WARNING] - Timeout '0' is invalid. Using default page load timeout: '10'

2020-08-17 13:02:38 - [MESSAGE][PASSED] - Tapped on element 'Object Repository/Maya/RegisterDuitNow/android.widget.ImageView0 (9)'

2020-08-17 13:02:38 - [TEST_STEP][PASSED] - getText(findTestObject("Maya/RegisterDuitNow/android.widget.TextView0 - Amount needs to be at least RM 0.01. (2)"), 0): Text of element 'Object Repository/Maya/RegisterDuitNow/android.widget.TextView0 - Amount needs to be at least RM 0.01. (2)' is: 'Amount needs to be at least RM 0.01.'

2020-08-17 13:02:38 - [MESSAGE][WARNING] - Timeout '0' is invalid. Using default page load timeout: '10'

2020-08-17 13:02:39 - [MESSAGE][PASSED] - Text of element 'Object Repository/Maya/RegisterDuitNow/android.widget.TextView0 - Amount needs to be at least RM 0.01. (2)' is: 'Amount needs to be at least RM 0.01.'

2020-08-17 13:02:39 - [TEST_STEP][PASSED] - delay(3, STOP_ON_FAILURE): Delayed 3 second(s)

2020-08-17 13:02:42 - [MESSAGE][PASSED] - Delayed 3 second(s)

2020-08-17 13:02:42 - [TEST_STEP][PASSED] - takeScreenshot("C:\Users\LENOVO\Screenshot\DuitNow\Screen15.png", CONTINUE_ON_FAILURE): Screenshot is taken

2020-08-17 13:02:43 - [MESSAGE][PASSED] - Screenshot is taken
[[ATTACHMENT|C:\\Users\\LENOVO\\Screenshot\\DuitNow\\Screen15.png]]

2020-08-17 13:02:43 - [TEST_STEP][PASSED] - verifyElementExist(findTestObject("Maya/RegisterDuitNow/android.widget.TextView0 - Amount needs to be at least RM 0.01. (2)"), 0): Element 'Object Repository/Maya/RegisterDuitNow/android.widget.TextView0 - Amount needs to be at least RM 0.01. (2)' is exist

2020-08-17 13:02:43 - [MESSAGE][WARNING] - Timeout '0' is invalid. Using default page load timeout: '10'

2020-08-17 13:02:44 - [MESSAGE][PASSED] - Element 'Object Repository/Maya/RegisterDuitNow/android.widget.TextView0 - Amount needs to be at least RM 0.01. (2)' is exist

2020-08-17 13:02:44 - [TEST_STEP][PASSED] - tap(findTestObject("Maya/RegisterDuitNow/android.widget.TextView0 - 2 (3)"), 0): Tapped on element 'Object Repository/Maya/RegisterDuitNow/android.widget.TextView0 - 2 (3)'

2020-08-17 13:02:44 - [MESSAGE][WARNING] - Timeout '0' is invalid. Using default page load timeout: '10'

2020-08-17 13:02:46 - [MESSAGE][PASSED] - Tapped on element 'Object Repository/Maya/RegisterDuitNow/android.widget.TextView0 - 2 (3)'

2020-08-17 13:02:46 - [TEST_STEP][PASSED] - tap(findTestObject("Maya/RegisterDuitNow/android.widget.TextView0 - 0 (3)"), 0): Tapped on element 'Object Repository/Maya/RegisterDuitNow/android.widget.TextView0 - 0 (3)'

2020-08-17 13:02:46 - [MESSAGE][WARNING] - Timeout '0' is invalid. Using default page load timeout: '10'

2020-08-17 13:02:48 - [MESSAGE][PASSED] - Tapped on element 'Object Repository/Maya/RegisterDuitNow/android.widget.TextView0 - 0 (3)'

2020-08-17 13:02:48 - [TEST_STEP][PASSED] - tap(findTestObject("Maya/RegisterDuitNow/android.widget.TextView0 - 0 (3)"), 0): Tapped on element 'Object Repository/Maya/RegisterDuitNow/android.widget.TextView0 - 0 (3)'

2020-08-17 13:02:48 - [MESSAGE][WARNING] - Timeout '0' is invalid. Using default page load timeout: '10'

2020-08-17 13:02:51 - [MESSAGE][PASSED] - Tapped on element 'Object Repository/Maya/RegisterDuitNow/android.widget.TextView0 - 0 (3)'

2020-08-17 13:02:51 - [TEST_STEP][PASSED] - delay(3, STOP_ON_FAILURE): Delayed 3 second(s)

2020-08-17 13:02:54 - [MESSAGE][PASSED] - Delayed 3 second(s)

2020-08-17 13:02:54 - [TEST_STEP][PASSED] - takeScreenshot("C:\Users\LENOVO\Screenshot\DuitNow\Screen16.png", CONTINUE_ON_FAILURE): Screenshot is taken

2020-08-17 13:02:55 - [MESSAGE][PASSED] - Screenshot is taken
[[ATTACHMENT|C:\\Users\\LENOVO\\Screenshot\\DuitNow\\Screen16.png]]

2020-08-17 13:02:55 - [TEST_STEP][PASSED] - tap(findTestObject("Maya/RegisterDuitNow/android.widget.ImageView0 (9)"), 0): Tapped on element 'Object Repository/Maya/RegisterDuitNow/android.widget.ImageView0 (9)'

2020-08-17 13:02:55 - [MESSAGE][WARNING] - Timeout '0' is invalid. Using default page load timeout: '10'

2020-08-17 13:02:56 - [MESSAGE][PASSED] - Tapped on element 'Object Repository/Maya/RegisterDuitNow/android.widget.ImageView0 (9)'

2020-08-17 13:02:56 - [TEST_STEP][PASSED] - getText(findTestObject("Maya/RegisterDuitNow/android.widget.TextView0 - Enter recipient reference (2)"), 0): Text of element 'Object Repository/Maya/RegisterDuitNow/android.widget.TextView0 - Enter recipient reference (2)' is: 'Enter recipient reference'

2020-08-17 13:02:56 - [MESSAGE][WARNING] - Timeout '0' is invalid. Using default page load timeout: '10'

2020-08-17 13:02:58 - [MESSAGE][PASSED] - Text of element 'Object Repository/Maya/RegisterDuitNow/android.widget.TextView0 - Enter recipient reference (2)' is: 'Enter recipient reference'

2020-08-17 13:02:58 - [TEST_STEP][PASSED] - verifyElementExist(findTestObject("Maya/RegisterDuitNow/android.widget.TextView0 - Enter recipient reference (2)"), 0): Element 'Object Repository/Maya/RegisterDuitNow/android.widget.TextView0 - Enter recipient reference (2)' is exist

2020-08-17 13:02:58 - [MESSAGE][WARNING] - Timeout '0' is invalid. Using default page load timeout: '10'

2020-08-17 13:02:58 - [MESSAGE][PASSED] - Element 'Object Repository/Maya/RegisterDuitNow/android.widget.TextView0 - Enter recipient reference (2)' is exist

2020-08-17 13:02:58 - [TEST_STEP][PASSED] - delay(3, STOP_ON_FAILURE): Delayed 3 second(s)

2020-08-17 13:03:01 - [MESSAGE][PASSED] - Delayed 3 second(s)

2020-08-17 13:03:01 - [TEST_STEP][PASSED] - takeScreenshot("C:\Users\LENOVO\Screenshot\DuitNow\Screen17.png", CONTINUE_ON_FAILURE): Screenshot is taken

2020-08-17 13:03:02 - [MESSAGE][PASSED] - Screenshot is taken
[[ATTACHMENT|C:\\Users\\LENOVO\\Screenshot\\DuitNow\\Screen17.png]]

2020-08-17 13:03:02 - [TEST_STEP][PASSED] - getText(findTestObject("Maya/RegisterDuitNow/android.widget.TextView0 - G54178 (1)"), 0): Text of element 'Object Repository/Maya/RegisterDuitNow/android.widget.TextView0 - G54178 (1)' is: 'G54178'

2020-08-17 13:03:02 - [MESSAGE][WARNING] - Timeout '0' is invalid. Using default page load timeout: '10'

2020-08-17 13:03:03 - [MESSAGE][PASSED] - Text of element 'Object Repository/Maya/RegisterDuitNow/android.widget.TextView0 - G54178 (1)' is: 'G54178'

2020-08-17 13:03:03 - [TEST_STEP][PASSED] - verifyElementExist(findTestObject("Maya/RegisterDuitNow/android.widget.TextView0 - G54178 (1)"), 0): Element 'Object Repository/Maya/RegisterDuitNow/android.widget.TextView0 - G54178 (1)' is exist

2020-08-17 13:03:03 - [MESSAGE][WARNING] - Timeout '0' is invalid. Using default page load timeout: '10'

2020-08-17 13:03:03 - [MESSAGE][PASSED] - Element 'Object Repository/Maya/RegisterDuitNow/android.widget.TextView0 - G54178 (1)' is exist

2020-08-17 13:03:03 - [TEST_STEP][PASSED] - getText(findTestObject("Maya/RegisterDuitNow/android.widget.TextView0 - JOHARI (1)"), 0): Text of element 'Object Repository/Maya/RegisterDuitNow/android.widget.TextView0 - JOHARI (1)' is: 'XXXXXX'

2020-08-17 13:03:03 - [MESSAGE][WARNING] - Timeout '0' is invalid. Using default page load timeout: '10'

2020-08-17 13:03:04 - [MESSAGE][PASSED] - Text of element 'Object Repository/Maya/RegisterDuitNow/android.widget.TextView0 - JOHARI (1)' is: 'XXXXXX'

2020-08-17 13:03:04 - [TEST_STEP][PASSED] - verifyElementExist(findTestObject("Maya/RegisterDuitNow/android.widget.TextView0 - JOHARI (1)"), 0): Element 'Object Repository/Maya/RegisterDuitNow/android.widget.TextView0 - JOHARI (1)' is exist

2020-08-17 13:03:04 - [MESSAGE][WARNING] - Timeout '0' is invalid. Using default page load timeout: '10'

2020-08-17 13:03:05 - [MESSAGE][PASSED] - Element 'Object Repository/Maya/RegisterDuitNow/android.widget.TextView0 - JOHARI (1)' is exist

2020-08-17 13:03:05 - [TEST_STEP][PASSED] - getText(findTestObject("Maya/RegisterDuitNow/android.widget.TextView0 - ArmyPolice ID (2)"), 0): Text of element 'Object Repository/Maya/RegisterDuitNow/android.widget.TextView0 - ArmyPolice ID (2)' is: 'Army/Police ID'

2020-08-17 13:03:05 - [MESSAGE][WARNING] - Timeout '0' is invalid. Using default page load timeout: '10'

2020-08-17 13:03:05 - [MESSAGE][PASSED] - Text of element 'Object Repository/Maya/RegisterDuitNow/android.widget.TextView0 - ArmyPolice ID (2)' is: 'Army/Police ID'

2020-08-17 13:03:05 - [TEST_STEP][PASSED] - verifyElementExist(findTestObject("Maya/RegisterDuitNow/android.widget.TextView0 - ArmyPolice ID (2)"), 0): Element 'Object Repository/Maya/RegisterDuitNow/android.widget.TextView0 - ArmyPolice ID (2)' is exist

2020-08-17 13:03:05 - [MESSAGE][WARNING] - Timeout '0' is invalid. Using default page load timeout: '10'

2020-08-17 13:03:05 - [MESSAGE][PASSED] - Element 'Object Repository/Maya/RegisterDuitNow/android.widget.TextView0 - ArmyPolice ID (2)' is exist

2020-08-17 13:03:05 - [TEST_STEP][PASSED] - delay(3, STOP_ON_FAILURE): Delayed 3 second(s)

2020-08-17 13:03:08 - [MESSAGE][PASSED] - Delayed 3 second(s)

2020-08-17 13:03:08 - [TEST_STEP][PASSED] - takeScreenshot("C:\Users\LENOVO\Screenshot\DuitNow\Screen18.png", CONTINUE_ON_FAILURE): Screenshot is taken

2020-08-17 13:03:09 - [MESSAGE][PASSED] - Screenshot is taken
[[ATTACHMENT|C:\\Users\\LENOVO\\Screenshot\\DuitNow\\Screen18.png]]

2020-08-17 13:03:09 - [TEST_STEP][PASSED] - setText(findTestObject("Maya/RegisterDuitNow/android.widget.EditText0 (5)"), "Test", 0): Text 'Test' has been set to element 'Object Repository/Maya/RegisterDuitNow/android.widget.EditText0 (5)'

2020-08-17 13:03:09 - [MESSAGE][WARNING] - Timeout '0' is invalid. Using default page load timeout: '10'

2020-08-17 13:03:10 - [MESSAGE][PASSED] - Text 'Test' has been set to element 'Object Repository/Maya/RegisterDuitNow/android.widget.EditText0 (5)'

2020-08-17 13:03:10 - [TEST_STEP][PASSED] - hideKeyboard(): Keyboard is hidden

2020-08-17 13:03:13 - [MESSAGE][PASSED] - Keyboard is hidden

2020-08-17 13:03:13 - [TEST_STEP][PASSED] - tap(findTestObject("Maya/RegisterDuitNow/android.widget.TextView0 - Continue (6)"), 0): Tapped on element 'Object Repository/Maya/RegisterDuitNow/android.widget.TextView0 - Continue (6)'

2020-08-17 13:03:13 - [MESSAGE][WARNING] - Timeout '0' is invalid. Using default page load timeout: '10'

2020-08-17 13:03:16 - [MESSAGE][PASSED] - Tapped on element 'Object Repository/Maya/RegisterDuitNow/android.widget.TextView0 - Continue (6)'

2020-08-17 13:03:16 - [TEST_STEP][PASSED] - getText(findTestObject("Maya/RegisterDuitNow/android.widget.TextView0 - Confirmation"), 0): Text of element 'Object Repository/Maya/RegisterDuitNow/android.widget.TextView0 - Confirmation' is: 'Confirmation'

2020-08-17 13:03:16 - [MESSAGE][WARNING] - Timeout '0' is invalid. Using default page load timeout: '10'

2020-08-17 13:03:16 - [MESSAGE][PASSED] - Text of element 'Object Repository/Maya/RegisterDuitNow/android.widget.TextView0 - Confirmation' is: 'Confirmation'

2020-08-17 13:03:16 - [TEST_STEP][PASSED] - verifyElementExist(findTestObject("Maya/RegisterDuitNow/android.widget.TextView0 - Confirmation"), 0): Element 'Object Repository/Maya/RegisterDuitNow/android.widget.TextView0 - Confirmation' is exist

2020-08-17 13:03:16 - [MESSAGE][WARNING] - Timeout '0' is invalid. Using default page load timeout: '10'

2020-08-17 13:03:16 - [MESSAGE][PASSED] - Element 'Object Repository/Maya/RegisterDuitNow/android.widget.TextView0 - Confirmation' is exist

2020-08-17 13:03:16 - [TEST_STEP][PASSED] - delay(3, STOP_ON_FAILURE): Delayed 3 second(s)

2020-08-17 13:03:19 - [MESSAGE][PASSED] - Delayed 3 second(s)

2020-08-17 13:03:19 - [TEST_STEP][PASSED] - takeScreenshot("C:\Users\LENOVO\Screenshot\DuitNow\Screen19.png", CONTINUE_ON_FAILURE): Screenshot is taken

2020-08-17 13:03:20 - [MESSAGE][PASSED] - Screenshot is taken
[[ATTACHMENT|C:\\Users\\LENOVO\\Screenshot\\DuitNow\\Screen19.png]]

2020-08-17 13:03:20 - [TEST_STEP][PASSED] - getText(findTestObject("Maya/RegisterDuitNow/android.widget.TextView0 - ID type (5)"), 0): Text of element 'Object Repository/Maya/RegisterDuitNow/android.widget.TextView0 - ID type (5)' is: 'ID type'

2020-08-17 13:03:20 - [MESSAGE][WARNING] - Timeout '0' is invalid. Using default page load timeout: '10'

2020-08-17 13:03:21 - [MESSAGE][PASSED] - Text of element 'Object Repository/Maya/RegisterDuitNow/android.widget.TextView0 - ID type (5)' is: 'ID type'

2020-08-17 13:03:21 - [TEST_STEP][PASSED] - verifyElementExist(findTestObject("Maya/RegisterDuitNow/android.widget.TextView0 - ID type (5)"), 0): Element 'Object Repository/Maya/RegisterDuitNow/android.widget.TextView0 - ID type (5)' is exist

2020-08-17 13:03:21 - [MESSAGE][WARNING] - Timeout '0' is invalid. Using default page load timeout: '10'

2020-08-17 13:03:21 - [MESSAGE][PASSED] - Element 'Object Repository/Maya/RegisterDuitNow/android.widget.TextView0 - ID type (5)' is exist

2020-08-17 13:03:21 - [TEST_STEP][PASSED] - getText(findTestObject("Maya/RegisterDuitNow/android.widget.TextView0 - ArmyPolice ID (3)"), 0): Text of element 'Object Repository/Maya/RegisterDuitNow/android.widget.TextView0 - ArmyPolice ID (3)' is: 'Army/Police ID'

2020-08-17 13:03:21 - [MESSAGE][WARNING] - Timeout '0' is invalid. Using default page load timeout: '10'

2020-08-17 13:03:21 - [MESSAGE][PASSED] - Text of element 'Object Repository/Maya/RegisterDuitNow/android.widget.TextView0 - ArmyPolice ID (3)' is: 'Army/Police ID'

2020-08-17 13:03:21 - [TEST_STEP][PASSED] - verifyElementExist(findTestObject("Maya/RegisterDuitNow/android.widget.TextView0 - ArmyPolice ID (3)"), 0): Element 'Object Repository/Maya/RegisterDuitNow/android.widget.TextView0 - ArmyPolice ID (3)' is exist

2020-08-17 13:03:22 - [MESSAGE][WARNING] - Timeout '0' is invalid. Using default page load timeout: '10'

2020-08-17 13:03:22 - [MESSAGE][PASSED] - Element 'Object Repository/Maya/RegisterDuitNow/android.widget.TextView0 - ArmyPolice ID (3)' is exist

2020-08-17 13:03:22 - [TEST_STEP][PASSED] - getText(findTestObject("Maya/RegisterDuitNow/android.widget.TextView0 - G54178 (2)"), 0): Text of element 'Object Repository/Maya/RegisterDuitNow/android.widget.TextView0 - G54178 (2)' is: 'G54178'

2020-08-17 13:03:22 - [MESSAGE][WARNING] - Timeout '0' is invalid. Using default page load timeout: '10'

2020-08-17 13:03:23 - [MESSAGE][PASSED] - Text of element 'Object Repository/Maya/RegisterDuitNow/android.widget.TextView0 - G54178 (2)' is: 'G54178'

2020-08-17 13:03:23 - [TEST_STEP][PASSED] - verifyElementExist(findTestObject("Maya/RegisterDuitNow/android.widget.TextView0 - G54178 (2)"), 0): Element 'Object Repository/Maya/RegisterDuitNow/android.widget.TextView0 - G54178 (2)' is exist

2020-08-17 13:03:23 - [MESSAGE][WARNING] - Timeout '0' is invalid. Using default page load timeout: '10'

2020-08-17 13:03:23 - [MESSAGE][PASSED] - Element 'Object Repository/Maya/RegisterDuitNow/android.widget.TextView0 - G54178 (2)' is exist

2020-08-17 13:03:23 - [TEST_STEP][PASSED] - getText(findTestObject("Maya/RegisterDuitNow/android.widget.TextView0 - JOHARI (2)"), 0): Text of element 'Object Repository/Maya/RegisterDuitNow/android.widget.TextView0 - JOHARI (2)' is: 'XXXXXX'

2020-08-17 13:03:23 - [MESSAGE][WARNING] - Timeout '0' is invalid. Using default page load timeout: '10'

2020-08-17 13:03:23 - [MESSAGE][PASSED] - Text of element 'Object Repository/Maya/RegisterDuitNow/android.widget.TextView0 - JOHARI (2)' is: 'XXXXXX'

2020-08-17 13:03:23 - [TEST_STEP][PASSED] - verifyElementExist(findTestObject("Maya/RegisterDuitNow/android.widget.TextView0 - JOHARI (2)"), 0): Element 'Object Repository/Maya/RegisterDuitNow/android.widget.TextView0 - JOHARI (2)' is exist

2020-08-17 13:03:23 - [MESSAGE][WARNING] - Timeout '0' is invalid. Using default page load timeout: '10'

2020-08-17 13:03:24 - [MESSAGE][PASSED] - Element 'Object Repository/Maya/RegisterDuitNow/android.widget.TextView0 - JOHARI (2)' is exist

2020-08-17 13:03:24 - [TEST_STEP][PASSED] - tap(findTestObject("Maya/RegisterDuitNow/android.widget.TextView0 - RM 2.00 (1)"), 0): Tapped on element 'Object Repository/Maya/RegisterDuitNow/android.widget.TextView0 - RM 2.00 (1)'

2020-08-17 13:03:24 - [MESSAGE][WARNING] - Timeout '0' is invalid. Using default page load timeout: '10'

2020-08-17 13:03:27 - [MESSAGE][PASSED] - Tapped on element 'Object Repository/Maya/RegisterDuitNow/android.widget.TextView0 - RM 2.00 (1)'

2020-08-17 13:03:27 - [TEST_STEP][PASSED] - getText(findTestObject("Maya/RegisterDuitNow/android.widget.TextView0 - Enter amount (2)"), 0): Text of element 'Object Repository/Maya/RegisterDuitNow/android.widget.TextView0 - Enter amount (2)' is: 'Enter amount'

2020-08-17 13:03:27 - [MESSAGE][WARNING] - Timeout '0' is invalid. Using default page load timeout: '10'

2020-08-17 13:03:27 - [MESSAGE][PASSED] - Text of element 'Object Repository/Maya/RegisterDuitNow/android.widget.TextView0 - Enter amount (2)' is: 'Enter amount'

2020-08-17 13:03:27 - [TEST_STEP][PASSED] - verifyElementExist(findTestObject("Maya/RegisterDuitNow/android.widget.TextView0 - Enter amount (2)"), 0): Element 'Object Repository/Maya/RegisterDuitNow/android.widget.TextView0 - Enter amount (2)' is exist

2020-08-17 13:03:27 - [MESSAGE][WARNING] - Timeout '0' is invalid. Using default page load timeout: '10'

2020-08-17 13:03:28 - [MESSAGE][PASSED] - Element 'Object Repository/Maya/RegisterDuitNow/android.widget.TextView0 - Enter amount (2)' is exist

2020-08-17 13:03:28 - [TEST_STEP][PASSED] - tap(findTestObject("Maya/RegisterDuitNow/android.widget.ImageView0 (9)"), 0): Tapped on element 'Object Repository/Maya/RegisterDuitNow/android.widget.ImageView0 (9)'

2020-08-17 13:03:28 - [MESSAGE][WARNING] - Timeout '0' is invalid. Using default page load timeout: '10'

2020-08-17 13:03:28 - [MESSAGE][PASSED] - Tapped on element 'Object Repository/Maya/RegisterDuitNow/android.widget.ImageView0 (9)'

2020-08-17 13:03:28 - [TEST_STEP][PASSED] - tap(findTestObject("Maya/RegisterDuitNow/android.widget.TextView0 - Today (1)"), 0): Tapped on element 'Object Repository/Maya/RegisterDuitNow/android.widget.TextView0 - Today (1)'

2020-08-17 13:03:29 - [MESSAGE][WARNING] - Timeout '0' is invalid. Using default page load timeout: '10'

2020-08-17 13:03:32 - [MESSAGE][PASSED] - Tapped on element 'Object Repository/Maya/RegisterDuitNow/android.widget.TextView0 - Today (1)'

2020-08-17 13:03:32 - [TEST_STEP][PASSED] - tap(findTestObject("Maya/RegisterDuitNow/android.widget.TextView0 - Done (8)"), 0): Tapped on element 'Object Repository/Maya/RegisterDuitNow/android.widget.TextView0 - Done (8)'

2020-08-17 13:03:32 - [MESSAGE][WARNING] - Timeout '0' is invalid. Using default page load timeout: '10'

2020-08-17 13:03:33 - [MESSAGE][PASSED] - Tapped on element 'Object Repository/Maya/RegisterDuitNow/android.widget.TextView0 - Done (8)'

2020-08-17 13:03:33 - [TEST_STEP][PASSED] - tap(findTestObject("Maya/RegisterDuitNow/android.widget.TextView0 - Test"), 0): Tapped on element 'Object Repository/Maya/RegisterDuitNow/android.widget.TextView0 - Test'

2020-08-17 13:03:34 - [MESSAGE][WARNING] - Timeout '0' is invalid. Using default page load timeout: '10'

2020-08-17 13:03:35 - [MESSAGE][PASSED] - Tapped on element 'Object Repository/Maya/RegisterDuitNow/android.widget.TextView0 - Test'

2020-08-17 13:03:35 - [TEST_STEP][PASSED] - getText(findTestObject("Maya/RegisterDuitNow/android.widget.TextView0 - Enter recipient reference (2)"), 0): Text of element 'Object Repository/Maya/RegisterDuitNow/android.widget.TextView0 - Enter recipient reference (2)' is: 'Enter recipient reference'

2020-08-17 13:03:35 - [MESSAGE][WARNING] - Timeout '0' is invalid. Using default page load timeout: '10'

2020-08-17 13:03:36 - [MESSAGE][PASSED] - Text of element 'Object Repository/Maya/RegisterDuitNow/android.widget.TextView0 - Enter recipient reference (2)' is: 'Enter recipient reference'

2020-08-17 13:03:36 - [TEST_STEP][PASSED] - verifyElementExist(findTestObject("Maya/RegisterDuitNow/android.widget.TextView0 - Enter recipient reference (2)"), 0): Element 'Object Repository/Maya/RegisterDuitNow/android.widget.TextView0 - Enter recipient reference (2)' is exist

2020-08-17 13:03:36 - [MESSAGE][WARNING] - Timeout '0' is invalid. Using default page load timeout: '10'

2020-08-17 13:03:36 - [MESSAGE][PASSED] - Element 'Object Repository/Maya/RegisterDuitNow/android.widget.TextView0 - Enter recipient reference (2)' is exist

2020-08-17 13:03:36 - [TEST_STEP][PASSED] - tap(findTestObject("Maya/RegisterDuitNow/android.widget.TextView0 - Continue (6)"), 0): Tapped on element 'Object Repository/Maya/RegisterDuitNow/android.widget.TextView0 - Continue (6)'

2020-08-17 13:03:36 - [MESSAGE][WARNING] - Timeout '0' is invalid. Using default page load timeout: '10'

2020-08-17 13:03:37 - [MESSAGE][PASSED] - Tapped on element 'Object Repository/Maya/RegisterDuitNow/android.widget.TextView0 - Continue (6)'

2020-08-17 13:03:37 - [TEST_STEP][PASSED] - tap(findTestObject("Maya/RegisterDuitNow/android.widget.TextView0 - One-Off Transfer (1)"), 0): Tapped on element 'Object Repository/Maya/RegisterDuitNow/android.widget.TextView0 - One-Off Transfer (1)'

2020-08-17 13:03:37 - [MESSAGE][WARNING] - Timeout '0' is invalid. Using default page load timeout: '10'

2020-08-17 13:03:40 - [MESSAGE][PASSED] - Tapped on element 'Object Repository/Maya/RegisterDuitNow/android.widget.TextView0 - One-Off Transfer (1)'

2020-08-17 13:03:40 - [TEST_STEP][PASSED] - tap(findTestObject("Maya/RegisterDuitNow/android.widget.TextView0 - Done (9)"), 0): Tapped on element 'Object Repository/Maya/RegisterDuitNow/android.widget.TextView0 - Done (9)'

2020-08-17 13:03:40 - [MESSAGE][WARNING] - Timeout '0' is invalid. Using default page load timeout: '10'

2020-08-17 13:03:41 - [MESSAGE][PASSED] - Tapped on element 'Object Repository/Maya/RegisterDuitNow/android.widget.TextView0 - Done (9)'

2020-08-17 13:03:41 - [TEST_STEP][PASSED] - tap(findTestObject("Maya/RegisterDuitNow/android.widget.TextView0 - Transfer Now (2)"), 0): Tapped on element 'Object Repository/Maya/RegisterDuitNow/android.widget.TextView0 - Transfer Now (2)'

2020-08-17 13:03:41 - [MESSAGE][WARNING] - Timeout '0' is invalid. Using default page load timeout: '10'

2020-08-17 13:03:43 - [MESSAGE][PASSED] - Tapped on element 'Object Repository/Maya/RegisterDuitNow/android.widget.TextView0 - Transfer Now (2)'

2020-08-17 13:03:43 - [TEST_STEP][PASSED] - takeScreenshot("C:\Users\LENOVO\Screenshot\Third Party\Screenshot19", STOP_ON_FAILURE): Screenshot is taken

2020-08-17 13:03:44 - [MESSAGE][PASSED] - Screenshot is taken
[[ATTACHMENT|C:\\Users\\LENOVO\\Screenshot\\Third Party\\Screenshot19]]

2020-08-17 13:03:44 - [TEST_STEP][FAILED] - if (verifyElementExist(findTestObject("Maya/spy/android.widget.TextView0 - Your TAC no. is 822872v3"), 3)): Element 'Object Repository/Maya/spy/android.widget.TextView0 - Your TAC no. is 822872v3' not found

2020-08-17 13:03:48 - [MESSAGE][FAILED] - Element 'Object Repository/Maya/spy/android.widget.TextView0 - Your TAC no. is 822872v3' not found
[[ATTACHMENT|C:\\Users\\LENOVO\\Git_new\\Maya\\Reports\\20200817_125600\\Maya UAT\\UAT Test Suite\\20200817_125600\\1597640627485.png]]

2020-08-17 13:03:48 - [TEST_STEP][PASSED] - if (verifyElementExist(findTestObject("Maya/KLIA/android.widget.TextView0 - Approve"), 0)): null

2020-08-17 13:03:48 - [MESSAGE][WARNING] - Timeout '0' is invalid. Using default page load timeout: '10'

2020-08-17 13:03:48 - [MESSAGE][PASSED] - Element 'Object Repository/Maya/KLIA/android.widget.TextView0 - Approve' is exist

2020-08-17 13:03:48 - [TEST_STEP][PASSED] - delay(2, STOP_ON_FAILURE): Delayed 2 second(s)

2020-08-17 13:03:50 - [MESSAGE][PASSED] - Delayed 2 second(s)

2020-08-17 13:03:50 - [TEST_STEP][PASSED] - tap(findTestObject("Maya/KLIA/android.widget.TextView0 - Approve"), 0): Tapped on element 'Object Repository/Maya/KLIA/android.widget.TextView0 - Approve'

2020-08-17 13:03:50 - [MESSAGE][WARNING] - Timeout '0' is invalid. Using default page load timeout: '10'

2020-08-17 13:03:52 - [MESSAGE][PASSED] - Tapped on element 'Object Repository/Maya/KLIA/android.widget.TextView0 - Approve'

2020-08-17 13:03:52 - [TEST_STEP][FAILED] - tap(findTestObject("Maya/RegisterDuitNow/android.widget.TextView0 - Approve (1)"), 0): Failed to tap on element 'Object Repository/Maya/RegisterDuitNow/android.widget.TextView0 - Approve (1)' (Root cause: org.openqa.selenium.StaleElementReferenceException: Cached elements 'By.AndroidUiAutomator: new UiSelector().className("android.widget.TextView").text("Approve")' do not exist in DOM anymore
For documentation on this error, please visit: https://www.seleniumhq.org/exceptions/stale_element_reference.html
Build info: version: '3.141.59', revision: 'e82be7d358', time: '2018-11-14T08:25:53'
System info: host: 'DESKTOP-CP3TV4N', ip: '192.168.0.102', os.name: 'Windows 10', os.arch: 'amd64', os.version: '10.0', java.version: '1.8.0_181'
Driver info: com.kms.katalon.core.appium.driver.SwipeableAndroidDriver
Capabilities {app: C:\Users\LENOVO\Katalon Stu..., appPackage: com.maybank2u.life.uat, appWaitActivity: *, appWaitDuration: 50000, appWaitPackage: com.maybank2u.life.uat, autoGrantPermissions: true, automationName: uiautomator2, databaseEnabled: false, desired: {app: C:\Users\LENOVO\Katalon Stu..., appWaitActivity: *, appWaitDuration: 50000, appWaitPackage: com.maybank2u.life.uat, autoGrantPermissions: true, automationName: uiautomator2, deviceId: 11cb9864, deviceName: Xiaomi Redmi Note 7S (Andro..., fullReset: false, newCommandTimeout: 1800, noReset: true, platform: ANDROID, platformName: android, platformVersion: 9, systemPort: 52998, udid: 11cb9864}, deviceApiLevel: 28, deviceId: 11cb9864, deviceManufacturer: Xiaomi, deviceModel: Redmi Note 7S, deviceName: 11cb9864, deviceScreenDensity: 440, deviceScreenSize: 1080x2340, deviceUDID: 11cb9864, fullReset: false, javascriptEnabled: true, locationContextEnabled: false, networkConnectionEnabled: true, newCommandTimeout: 1800, noReset: true, pixelRatio: 2.75, platform: ANDROID, platformName: Android, platformVersion: 9, statBarHeight: 80, systemPort: 52998, takesScreenshot: true, udid: 11cb9864, viewportRect: {height: 2051, left: 0, top: 80, width: 1080}, warnings: {}, webStorageEnabled: false}
Session ID: d5af116e-dde7-4e1c-a258-359bc3add1ef
	at org.openqa.selenium.remote.http.W3CHttpResponseCodec.createException(W3CHttpResponseCodec.java:187)
	at org.openqa.selenium.remote.http.W3CHttpResponseCodec.decode(W3CHttpResponseCodec.java:122)
	at org.openqa.selenium.remote.http.W3CHttpResponseCodec.decode(W3CHttpResponseCodec.java:49)
	at org.openqa.selenium.remote.HttpCommandExecutor.execute(HttpCommandExecutor.java:158)
	at io.appium.java_client.remote.AppiumCommandExecutor.execute(AppiumCommandExecutor.java:239)
	at org.openqa.selenium.remote.RemoteWebDriver.execute(RemoteWebDriver.java:552)
	at io.appium.java_client.DefaultGenericMobileDriver.execute(DefaultGenericMobileDriver.java:42)
	at io.appium.java_client.AppiumDriver.execute(AppiumDriver.java:1)
	at io.appium.java_client.android.AndroidDriver.execute(AndroidDriver.java:1)
	at com.kms.katalon.core.appium.driver.SwipeableAndroidDriver.execute(SwipeableAndroidDriver.java:1)
	at io.appium.java_client.PerformsTouchActions.performTouchAction(PerformsTouchActions.java:41)
	at io.appium.java_client.TouchAction.perform(TouchAction.java:187)
	at com.kms.katalon.core.mobile.keyword.builtin.TapKeyword$_tap_closure1.doCall(TapKeyword.groovy:84)
	at com.kms.katalon.core.mobile.keyword.builtin.TapKeyword$_tap_closure1.call(TapKeyword.groovy)
	at com.kms.katalon.core.mobile.keyword.internal.MobileKeywordMain.runKeyword(MobileKeywordMain.groovy:21)
	at com.kms.katalon.core.mobile.keyword.builtin.TapKeyword.tap(TapKeyword.groovy:86)
	at com.kms.katalon.core.mobile.keyword.builtin.TapKeyword.execute(TapKeyword.groovy:68)
	at com.kms.katalon.core.keyword.internal.KeywordExecutor.executeKeywordForPlatform(KeywordExecutor.groovy:72)
	at com.kms.katalon.core.mobile.keyword.MobileBuiltInKeywords.tap(MobileBuiltInKeywords.groovy:577)
	at com.kms.katalon.core.mobile.keyword.MobileBuiltInKeywords$tap$0.call(Unknown Source)
	at DuitNow Army.run(DuitNow Army:509)
	at com.kms.katalon.core.main.ScriptEngine.run(ScriptEngine.java:194)
	at com.kms.katalon.core.main.ScriptEngine.runScriptAsRawText(ScriptEngine.java:119)
	at com.kms.katalon.core.main.TestCaseExecutor.runScript(TestCaseExecutor.java:337)
	at com.kms.katalon.core.main.TestCaseExecutor.doExecute(TestCaseExecutor.java:328)
	at com.kms.katalon.core.main.TestCaseExecutor.processExecutionPhase(TestCaseExecutor.java:307)
	at com.kms.katalon.core.main.TestCaseExecutor.accessMainPhase(TestCaseExecutor.java:299)
	at com.kms.katalon.core.main.TestCaseExecutor.execute(TestCaseExecutor.java:233)
	at com.kms.katalon.core.main.TestSuiteExecutor.accessTestCaseMainPhase(TestSuiteExecutor.java:169)
	at com.kms.katalon.core.main.TestSuiteExecutor.accessTestSuiteMainPhase(TestSuiteExecutor.java:142)
	at com.kms.katalon.core.main.TestSuiteExecutor.execute(TestSuiteExecutor.java:91)
	at com.kms.katalon.core.main.TestCaseMain.startTestSuite(TestCaseMain.java:157)
	at com.kms.katalon.core.main.TestCaseMain$startTestSuite$0.call(Unknown Source)
	at TempTestSuite1597640160494.run(TempTestSuite1597640160494.groovy:36)
)

2020-08-17 13:03:52 - [MESSAGE][WARNING] - Timeout '0' is invalid. Using default page load timeout: '10'

2020-08-17 13:04:06 - [MESSAGE][FAILED] - Failed to tap on element 'Object Repository/Maya/RegisterDuitNow/android.widget.TextView0 - Approve (1)' (Root cause: org.openqa.selenium.StaleElementReferenceException: Cached elements 'By.AndroidUiAutomator: new UiSelector().className("android.widget.TextView").text("Approve")' do not exist in DOM anymore
For documentation on this error, please visit: https://www.seleniumhq.org/exceptions/stale_element_reference.html
Build info: version: '3.141.59', revision: 'e82be7d358', time: '2018-11-14T08:25:53'
System info: host: 'DESKTOP-CP3TV4N', ip: '192.168.0.102', os.name: 'Windows 10', os.arch: 'amd64', os.version: '10.0', java.version: '1.8.0_181'
Driver info: com.kms.katalon.core.appium.driver.SwipeableAndroidDriver
Capabilities {app: C:\Users\LENOVO\Katalon Stu..., appPackage: com.maybank2u.life.uat, appWaitActivity: *, appWaitDuration: 50000, appWaitPackage: com.maybank2u.life.uat, autoGrantPermissions: true, automationName: uiautomator2, databaseEnabled: false, desired: {app: C:\Users\LENOVO\Katalon Stu..., appWaitActivity: *, appWaitDuration: 50000, appWaitPackage: com.maybank2u.life.uat, autoGrantPermissions: true, automationName: uiautomator2, deviceId: 11cb9864, deviceName: Xiaomi Redmi Note 7S (Andro..., fullReset: false, newCommandTimeout: 1800, noReset: true, platform: ANDROID, platformName: android, platformVersion: 9, systemPort: 52998, udid: 11cb9864}, deviceApiLevel: 28, deviceId: 11cb9864, deviceManufacturer: Xiaomi, deviceModel: Redmi Note 7S, deviceName: 11cb9864, deviceScreenDensity: 440, deviceScreenSize: 1080x2340, deviceUDID: 11cb9864, fullReset: false, javascriptEnabled: true, locationContextEnabled: false, networkConnectionEnabled: true, newCommandTimeout: 1800, noReset: true, pixelRatio: 2.75, platform: ANDROID, platformName: Android, platformVersion: 9, statBarHeight: 80, systemPort: 52998, takesScreenshot: true, udid: 11cb9864, viewportRect: {height: 2051, left: 0, top: 80, width: 1080}, warnings: {}, webStorageEnabled: false}
Session ID: d5af116e-dde7-4e1c-a258-359bc3add1ef
	at org.openqa.selenium.remote.http.W3CHttpResponseCodec.createException(W3CHttpResponseCodec.java:187)
	at org.openqa.selenium.remote.http.W3CHttpResponseCodec.decode(W3CHttpResponseCodec.java:122)
	at org.openqa.selenium.remote.http.W3CHttpResponseCodec.decode(W3CHttpResponseCodec.java:49)
	at org.openqa.selenium.remote.HttpCommandExecutor.execute(HttpCommandExecutor.java:158)
	at io.appium.java_client.remote.AppiumCommandExecutor.execute(AppiumCommandExecutor.java:239)
	at org.openqa.selenium.remote.RemoteWebDriver.execute(RemoteWebDriver.java:552)
	at io.appium.java_client.DefaultGenericMobileDriver.execute(DefaultGenericMobileDriver.java:42)
	at io.appium.java_client.AppiumDriver.execute(AppiumDriver.java:1)
	at io.appium.java_client.android.AndroidDriver.execute(AndroidDriver.java:1)
	at com.kms.katalon.core.appium.driver.SwipeableAndroidDriver.execute(SwipeableAndroidDriver.java:1)
	at io.appium.java_client.PerformsTouchActions.performTouchAction(PerformsTouchActions.java:41)
	at io.appium.java_client.TouchAction.perform(TouchAction.java:187)
	at com.kms.katalon.core.mobile.keyword.builtin.TapKeyword$_tap_closure1.doCall(TapKeyword.groovy:84)
	at com.kms.katalon.core.mobile.keyword.builtin.TapKeyword$_tap_closure1.call(TapKeyword.groovy)
	at com.kms.katalon.core.mobile.keyword.internal.MobileKeywordMain.runKeyword(MobileKeywordMain.groovy:21)
	at com.kms.katalon.core.mobile.keyword.builtin.TapKeyword.tap(TapKeyword.groovy:86)
	at com.kms.katalon.core.mobile.keyword.builtin.TapKeyword.execute(TapKeyword.groovy:68)
	at com.kms.katalon.core.keyword.internal.KeywordExecutor.executeKeywordForPlatform(KeywordExecutor.groovy:72)
	at com.kms.katalon.core.mobile.keyword.MobileBuiltInKeywords.tap(MobileBuiltInKeywords.groovy:577)
	at com.kms.katalon.core.mobile.keyword.MobileBuiltInKeywords$tap$0.call(Unknown Source)
	at DuitNow Army.run(DuitNow Army:509)
	at com.kms.katalon.core.main.ScriptEngine.run(ScriptEngine.java:194)
	at com.kms.katalon.core.main.ScriptEngine.runScriptAsRawText(ScriptEngine.java:119)
	at com.kms.katalon.core.main.TestCaseExecutor.runScript(TestCaseExecutor.java:337)
	at com.kms.katalon.core.main.TestCaseExecutor.doExecute(TestCaseExecutor.java:328)
	at com.kms.katalon.core.main.TestCaseExecutor.processExecutionPhase(TestCaseExecutor.java:307)
	at com.kms.katalon.core.main.TestCaseExecutor.accessMainPhase(TestCaseExecutor.java:299)
	at com.kms.katalon.core.main.TestCaseExecutor.execute(TestCaseExecutor.java:233)
	at com.kms.katalon.core.main.TestSuiteExecutor.accessTestCaseMainPhase(TestSuiteExecutor.java:169)
	at com.kms.katalon.core.main.TestSuiteExecutor.accessTestSuiteMainPhase(TestSuiteExecutor.java:142)
	at com.kms.katalon.core.main.TestSuiteExecutor.execute(TestSuiteExecutor.java:91)
	at com.kms.katalon.core.main.TestCaseMain.startTestSuite(TestCaseMain.java:157)
	at com.kms.katalon.core.main.TestCaseMain$startTestSuite$0.call(Unknown Source)
	at TempTestSuite1597640160494.run(TempTestSuite1597640160494.groovy:36)
)
[[ATTACHMENT|C:\\Users\\LENOVO\\Git_new\\Maya\\Reports\\20200817_125600\\Maya UAT\\UAT Test Suite\\20200817_125600\\1597640644830.png]]

2020-08-17 13:04:06 - [TEST_STEP][PASSED] - getText(findTestObject("Maya/RegisterDuitNow/android.widget.TextView0 - Reference ID"), 0): Text of element 'Object Repository/Maya/RegisterDuitNow/android.widget.TextView0 - Reference ID' is: 'Reference ID'

2020-08-17 13:04:06 - [MESSAGE][WARNING] - Timeout '0' is invalid. Using default page load timeout: '10'

2020-08-17 13:04:06 - [MESSAGE][PASSED] - Text of element 'Object Repository/Maya/RegisterDuitNow/android.widget.TextView0 - Reference ID' is: 'Reference ID'

2020-08-17 13:04:06 - [TEST_STEP][PASSED] - delay(3, STOP_ON_FAILURE): Delayed 3 second(s)

2020-08-17 13:04:09 - [MESSAGE][PASSED] - Delayed 3 second(s)

2020-08-17 13:04:09 - [TEST_STEP][PASSED] - takeScreenshot("C:\Users\LENOVO\Screenshot\DuitNow\Screen21.png", CONTINUE_ON_FAILURE): Screenshot is taken

2020-08-17 13:04:10 - [MESSAGE][PASSED] - Screenshot is taken
[[ATTACHMENT|C:\\Users\\LENOVO\\Screenshot\\DuitNow\\Screen21.png]]

2020-08-17 13:04:10 - [TEST_STEP][PASSED] - verifyElementExist(findTestObject("Maya/RegisterDuitNow/android.widget.TextView0 - Reference ID"), 0): Element 'Object Repository/Maya/RegisterDuitNow/android.widget.TextView0 - Reference ID' is exist

2020-08-17 13:04:10 - [MESSAGE][WARNING] - Timeout '0' is invalid. Using default page load timeout: '10'

2020-08-17 13:04:10 - [MESSAGE][PASSED] - Element 'Object Repository/Maya/RegisterDuitNow/android.widget.TextView0 - Reference ID' is exist

2020-08-17 13:04:10 - [TEST_STEP][PASSED] - getText(findTestObject("Maya/RegisterDuitNow/android.widget.TextView0 - Date  time"), 0): Text of element 'Object Repository/Maya/RegisterDuitNow/android.widget.TextView0 - Date  time' is: 'Date & time'

2020-08-17 13:04:10 - [MESSAGE][WARNING] - Timeout '0' is invalid. Using default page load timeout: '10'

2020-08-17 13:04:10 - [MESSAGE][PASSED] - Text of element 'Object Repository/Maya/RegisterDuitNow/android.widget.TextView0 - Date  time' is: 'Date & time'

2020-08-17 13:04:10 - [TEST_STEP][PASSED] - getText(findTestObject("Maya/RegisterDuitNow/android.widget.TextView0 - MC11111117180038208M"), 0): Text of element 'Object Repository/Maya/RegisterDuitNow/android.widget.TextView0 - MC11111117180038208M' is: '17180746119M'

2020-08-17 13:04:10 - [MESSAGE][WARNING] - Timeout '0' is invalid. Using default page load timeout: '10'

2020-08-17 13:04:11 - [MESSAGE][PASSED] - Text of element 'Object Repository/Maya/RegisterDuitNow/android.widget.TextView0 - MC11111117180038208M' is: '17180746119M'

2020-08-17 13:04:11 - [TEST_STEP][PASSED] - verifyElementExist(findTestObject("Maya/RegisterDuitNow/android.widget.TextView0 - MC11111117180038208M"), 0): Element 'Object Repository/Maya/RegisterDuitNow/android.widget.TextView0 - MC11111117180038208M' is exist

2020-08-17 13:04:11 - [MESSAGE][WARNING] - Timeout '0' is invalid. Using default page load timeout: '10'

2020-08-17 13:04:11 - [MESSAGE][PASSED] - Element 'Object Repository/Maya/RegisterDuitNow/android.widget.TextView0 - MC11111117180038208M' is exist

2020-08-17 13:04:11 - [TEST_STEP][PASSED] - getText(findTestObject("Maya/RegisterDuitNow/android.widget.TextView0 - 11 Jul 2020 0441 PM"), 0): Text of element 'Object Repository/Maya/RegisterDuitNow/android.widget.TextView0 - 11 Jul 2020 0441 PM' is: '17 Aug 2020, 1:03 PM'

2020-08-17 13:04:11 - [MESSAGE][WARNING] - Timeout '0' is invalid. Using default page load timeout: '10'

2020-08-17 13:04:12 - [MESSAGE][PASSED] - Text of element 'Object Repository/Maya/RegisterDuitNow/android.widget.TextView0 - 11 Jul 2020 0441 PM' is: '17 Aug 2020, 1:03 PM'

2020-08-17 13:04:12 - [TEST_STEP][PASSED] - verifyElementExist(findTestObject("Maya/RegisterDuitNow/android.widget.TextView0 - 11 Jul 2020 0441 PM"), 0): Element 'Object Repository/Maya/RegisterDuitNow/android.widget.TextView0 - 11 Jul 2020 0441 PM' is exist

2020-08-17 13:04:12 - [MESSAGE][WARNING] - Timeout '0' is invalid. Using default page load timeout: '10'

2020-08-17 13:04:12 - [MESSAGE][PASSED] - Element 'Object Repository/Maya/RegisterDuitNow/android.widget.TextView0 - 11 Jul 2020 0441 PM' is exist

2020-08-17 13:04:12 - [TEST_STEP][PASSED] - tap(findTestObject("Maya/RegisterDuitNow/android.widget.TextView0 - Share Receipt"), 0): Tapped on element 'Object Repository/Maya/RegisterDuitNow/android.widget.TextView0 - Share Receipt'

2020-08-17 13:04:12 - [MESSAGE][WARNING] - Timeout '0' is invalid. Using default page load timeout: '10'

2020-08-17 13:04:14 - [MESSAGE][PASSED] - Tapped on element 'Object Repository/Maya/RegisterDuitNow/android.widget.TextView0 - Share Receipt'

2020-08-17 13:04:14 - [TEST_STEP][PASSED] - tap(findTestObject("Maya/RegisterDuitNow/android.widget.ImageView0 (4)"), 0): Tapped on element 'Object Repository/Maya/RegisterDuitNow/android.widget.ImageView0 (4)'

2020-08-17 13:04:14 - [MESSAGE][WARNING] - Timeout '0' is invalid. Using default page load timeout: '10'

2020-08-17 13:04:15 - [MESSAGE][PASSED] - Tapped on element 'Object Repository/Maya/RegisterDuitNow/android.widget.ImageView0 (4)'

2020-08-17 13:04:15 - [TEST_STEP][PASSED] - tap(findTestObject("Maya/RegisterDuitNow/android.widget.TextView0 - Share Receipt"), 0): Tapped on element 'Object Repository/Maya/RegisterDuitNow/android.widget.TextView0 - Share Receipt'

2020-08-17 13:04:15 - [MESSAGE][WARNING] - Timeout '0' is invalid. Using default page load timeout: '10'

2020-08-17 13:04:16 - [MESSAGE][PASSED] - Tapped on element 'Object Repository/Maya/RegisterDuitNow/android.widget.TextView0 - Share Receipt'

2020-08-17 13:04:16 - [TEST_STEP][PASSED] - delay(3, STOP_ON_FAILURE): Delayed 3 second(s)

2020-08-17 13:04:19 - [MESSAGE][PASSED] - Delayed 3 second(s)

2020-08-17 13:04:19 - [TEST_STEP][PASSED] - swipe(831, 1382, 800, 100): Swiped from 831,1,382 to 800,100

2020-08-17 13:04:20 - [MESSAGE][PASSED] - Swiped from 831,1,382 to 800,100

2020-08-17 13:04:20 - [TEST_STEP][PASSED] - getText(findTestObject("Maya/drop4 CR/android.widget.TextView0 - Share Receipt (1)"), 0): Text of element 'Object Repository/Maya/drop4 CR/android.widget.TextView0 - Share Receipt (1)' is: 'Share Receipt'

2020-08-17 13:04:20 - [MESSAGE][WARNING] - Timeout '0' is invalid. Using default page load timeout: '10'

2020-08-17 13:04:21 - [MESSAGE][PASSED] - Text of element 'Object Repository/Maya/drop4 CR/android.widget.TextView0 - Share Receipt (1)' is: 'Share Receipt'

2020-08-17 13:04:21 - [TEST_STEP][PASSED] - verifyElementExist(findTestObject("Maya/drop4 CR/android.widget.TextView0 - Share Receipt (1)"), 0): Element 'Object Repository/Maya/drop4 CR/android.widget.TextView0 - Share Receipt (1)' is exist

2020-08-17 13:04:21 - [MESSAGE][WARNING] - Timeout '0' is invalid. Using default page load timeout: '10'

2020-08-17 13:04:21 - [MESSAGE][PASSED] - Element 'Object Repository/Maya/drop4 CR/android.widget.TextView0 - Share Receipt (1)' is exist

2020-08-17 13:04:21 - [TEST_STEP][PASSED] - getText(findTestObject("Maya/drop4 CR/android.view.View0 - DuitNow"), 0): Text of element 'Object Repository/Maya/drop4 CR/android.view.View0 - DuitNow' is: 'DuitNow'

2020-08-17 13:04:22 - [MESSAGE][WARNING] - Timeout '0' is invalid. Using default page load timeout: '10'

2020-08-17 13:04:22 - [MESSAGE][PASSED] - Text of element 'Object Repository/Maya/drop4 CR/android.view.View0 - DuitNow' is: 'DuitNow'

2020-08-17 13:04:22 - [TEST_STEP][PASSED] - verifyElementExist(findTestObject("Maya/drop4 CR/android.view.View0 - DuitNow"), 0): Element 'Object Repository/Maya/drop4 CR/android.view.View0 - DuitNow' is exist

2020-08-17 13:04:22 - [MESSAGE][WARNING] - Timeout '0' is invalid. Using default page load timeout: '10'

2020-08-17 13:04:22 - [MESSAGE][PASSED] - Element 'Object Repository/Maya/drop4 CR/android.view.View0 - DuitNow' is exist

2020-08-17 13:04:22 - [TEST_STEP][PASSED] - getText(findTestObject("Maya/drop4 CR/android.view.View0 - Successful"), 0): Text of element 'Object Repository/Maya/drop4 CR/android.view.View0 - Successful' is: 'Successful'

2020-08-17 13:04:22 - [MESSAGE][WARNING] - Timeout '0' is invalid. Using default page load timeout: '10'

2020-08-17 13:04:22 - [MESSAGE][PASSED] - Text of element 'Object Repository/Maya/drop4 CR/android.view.View0 - Successful' is: 'Successful'

2020-08-17 13:04:22 - [TEST_STEP][PASSED] - verifyElementExist(findTestObject("Maya/drop4 CR/android.view.View0 - Successful"), 0): Element 'Object Repository/Maya/drop4 CR/android.view.View0 - Successful' is exist

2020-08-17 13:04:22 - [MESSAGE][WARNING] - Timeout '0' is invalid. Using default page load timeout: '10'

2020-08-17 13:04:23 - [MESSAGE][PASSED] - Element 'Object Repository/Maya/drop4 CR/android.view.View0 - Successful' is exist

2020-08-17 13:04:23 - [TEST_STEP][PASSED] - getText(findTestObject("Maya/drop4 CR/android.view.View0 - Reference ID"), 0): Text of element 'Object Repository/Maya/drop4 CR/android.view.View0 - Reference ID' is: 'Reference ID'

2020-08-17 13:04:23 - [MESSAGE][WARNING] - Timeout '0' is invalid. Using default page load timeout: '10'

2020-08-17 13:04:23 - [MESSAGE][PASSED] - Text of element 'Object Repository/Maya/drop4 CR/android.view.View0 - Reference ID' is: 'Reference ID'

2020-08-17 13:04:23 - [TEST_STEP][PASSED] - verifyElementExist(findTestObject("Maya/drop4 CR/android.view.View0 - Reference ID"), 0): Element 'Object Repository/Maya/drop4 CR/android.view.View0 - Reference ID' is exist

2020-08-17 13:04:23 - [MESSAGE][WARNING] - Timeout '0' is invalid. Using default page load timeout: '10'

2020-08-17 13:04:23 - [MESSAGE][PASSED] - Element 'Object Repository/Maya/drop4 CR/android.view.View0 - Reference ID' is exist

2020-08-17 13:04:23 - [TEST_STEP][PASSED] - getText(findTestObject("Maya/drop4 CR/android.view.View0 - 17180225875M"), 0): Text of element 'Object Repository/Maya/drop4 CR/android.view.View0 - 17180225875M' is: '17 Aug 2020, 1:03 PM'

2020-08-17 13:04:23 - [MESSAGE][WARNING] - Timeout '0' is invalid. Using default page load timeout: '10'

2020-08-17 13:04:24 - [MESSAGE][PASSED] - Text of element 'Object Repository/Maya/drop4 CR/android.view.View0 - 17180225875M' is: '17 Aug 2020, 1:03 PM'

2020-08-17 13:04:24 - [TEST_STEP][PASSED] - verifyElementExist(findTestObject("Maya/drop4 CR/android.view.View0 - 17180225875M"), 0): Element 'Object Repository/Maya/drop4 CR/android.view.View0 - 17180225875M' is exist

2020-08-17 13:04:24 - [MESSAGE][WARNING] - Timeout '0' is invalid. Using default page load timeout: '10'

2020-08-17 13:04:24 - [MESSAGE][PASSED] - Element 'Object Repository/Maya/drop4 CR/android.view.View0 - 17180225875M' is exist

2020-08-17 13:04:24 - [TEST_STEP][PASSED] - getText(findTestObject("Maya/drop4 CR/android.view.View0 - 23 Jul 2020 850 PM"), 0): Text of element 'Object Repository/Maya/drop4 CR/android.view.View0 - 23 Jul 2020 850 PM' is: 'Beneficiary name'

2020-08-17 13:04:24 - [MESSAGE][WARNING] - Timeout '0' is invalid. Using default page load timeout: '10'

2020-08-17 13:04:25 - [MESSAGE][PASSED] - Text of element 'Object Repository/Maya/drop4 CR/android.view.View0 - 23 Jul 2020 850 PM' is: 'Beneficiary name'

2020-08-17 13:04:25 - [TEST_STEP][PASSED] - verifyElementExist(findTestObject("Maya/drop4 CR/android.view.View0 - 23 Jul 2020 850 PM"), 0): Element 'Object Repository/Maya/drop4 CR/android.view.View0 - 23 Jul 2020 850 PM' is exist

2020-08-17 13:04:25 - [MESSAGE][WARNING] - Timeout '0' is invalid. Using default page load timeout: '10'

2020-08-17 13:04:25 - [MESSAGE][PASSED] - Element 'Object Repository/Maya/drop4 CR/android.view.View0 - 23 Jul 2020 850 PM' is exist

2020-08-17 13:04:25 - [TEST_STEP][PASSED] - getText(findTestObject("Maya/drop4 CR/android.view.View0 - Beneficiary name"), 0): Text of element 'Object Repository/Maya/drop4 CR/android.view.View0 - Beneficiary name' is: 'Beneficiary name'

2020-08-17 13:04:25 - [MESSAGE][WARNING] - Timeout '0' is invalid. Using default page load timeout: '10'

2020-08-17 13:04:25 - [MESSAGE][PASSED] - Text of element 'Object Repository/Maya/drop4 CR/android.view.View0 - Beneficiary name' is: 'Beneficiary name'

2020-08-17 13:04:25 - [TEST_STEP][PASSED] - verifyElementExist(findTestObject("Maya/drop4 CR/android.view.View0 - Beneficiary name"), 0): Element 'Object Repository/Maya/drop4 CR/android.view.View0 - Beneficiary name' is exist

2020-08-17 13:04:26 - [MESSAGE][WARNING] - Timeout '0' is invalid. Using default page load timeout: '10'

2020-08-17 13:04:26 - [MESSAGE][PASSED] - Element 'Object Repository/Maya/drop4 CR/android.view.View0 - Beneficiary name' is exist

2020-08-17 13:04:26 - [TEST_STEP][PASSED] - delay(2, STOP_ON_FAILURE): Delayed 2 second(s)

2020-08-17 13:04:28 - [MESSAGE][PASSED] - Delayed 2 second(s)

2020-08-17 13:04:28 - [TEST_STEP][PASSED] - takeScreenshot("C:\Users\LENOVO\Screenshot\DuiNow Drop4\Screenshot34", STOP_ON_FAILURE): Screenshot is taken

2020-08-17 13:04:29 - [MESSAGE][PASSED] - Screenshot is taken
[[ATTACHMENT|C:\\Users\\LENOVO\\Screenshot\\DuiNow Drop4\\Screenshot34]]

2020-08-17 13:04:29 - [TEST_STEP][PASSED] - getText(findTestObject("Maya/drop4 CR/android.view.View0 - DuitNow ID type"), 0): Text of element 'Object Repository/Maya/drop4 CR/android.view.View0 - DuitNow ID type' is: 'DuitNow ID type'

2020-08-17 13:04:29 - [MESSAGE][WARNING] - Timeout '0' is invalid. Using default page load timeout: '10'

2020-08-17 13:04:29 - [MESSAGE][PASSED] - Text of element 'Object Repository/Maya/drop4 CR/android.view.View0 - DuitNow ID type' is: 'DuitNow ID type'

2020-08-17 13:04:29 - [TEST_STEP][PASSED] - verifyElementExist(findTestObject("Maya/drop4 CR/android.view.View0 - DuitNow ID type"), 0): Element 'Object Repository/Maya/drop4 CR/android.view.View0 - DuitNow ID type' is exist

2020-08-17 13:04:29 - [MESSAGE][WARNING] - Timeout '0' is invalid. Using default page load timeout: '10'

2020-08-17 13:04:30 - [MESSAGE][PASSED] - Element 'Object Repository/Maya/drop4 CR/android.view.View0 - DuitNow ID type' is exist

2020-08-17 13:04:30 - [TEST_STEP][PASSED] - getText(findTestObject("Maya/drop4 CR/android.view.View0 - DuitNow ID number"), 0): Text of element 'Object Repository/Maya/drop4 CR/android.view.View0 - DuitNow ID number' is: 'DuitNow ID number'

2020-08-17 13:04:30 - [MESSAGE][WARNING] - Timeout '0' is invalid. Using default page load timeout: '10'

2020-08-17 13:04:30 - [MESSAGE][PASSED] - Text of element 'Object Repository/Maya/drop4 CR/android.view.View0 - DuitNow ID number' is: 'DuitNow ID number'

2020-08-17 13:04:30 - [TEST_STEP][PASSED] - verifyElementExist(findTestObject("Maya/drop4 CR/android.view.View0 - DuitNow ID number"), 0): Element 'Object Repository/Maya/drop4 CR/android.view.View0 - DuitNow ID number' is exist

2020-08-17 13:04:30 - [MESSAGE][WARNING] - Timeout '0' is invalid. Using default page load timeout: '10'

2020-08-17 13:04:30 - [MESSAGE][PASSED] - Element 'Object Repository/Maya/drop4 CR/android.view.View0 - DuitNow ID number' is exist

2020-08-17 13:04:30 - [TEST_STEP][PASSED] - getText(findTestObject("Maya/drop4 CR/android.view.View0 - Recipient reference"), 0): Text of element 'Object Repository/Maya/drop4 CR/android.view.View0 - Recipient reference' is: 'Recipient reference'

2020-08-17 13:04:30 - [MESSAGE][WARNING] - Timeout '0' is invalid. Using default page load timeout: '10'

2020-08-17 13:04:31 - [MESSAGE][PASSED] - Text of element 'Object Repository/Maya/drop4 CR/android.view.View0 - Recipient reference' is: 'Recipient reference'

2020-08-17 13:04:31 - [TEST_STEP][PASSED] - verifyElementExist(findTestObject("Maya/drop4 CR/android.view.View0 - Recipient reference"), 0): Element 'Object Repository/Maya/drop4 CR/android.view.View0 - Recipient reference' is exist

2020-08-17 13:04:31 - [MESSAGE][WARNING] - Timeout '0' is invalid. Using default page load timeout: '10'

2020-08-17 13:04:31 - [MESSAGE][PASSED] - Element 'Object Repository/Maya/drop4 CR/android.view.View0 - Recipient reference' is exist

2020-08-17 13:04:31 - [TEST_STEP][PASSED] - getText(findTestObject("Maya/drop4 CR/android.view.View0 - Amount"), 0): Text of element 'Object Repository/Maya/drop4 CR/android.view.View0 - Amount' is: 'Amount'

2020-08-17 13:04:31 - [MESSAGE][WARNING] - Timeout '0' is invalid. Using default page load timeout: '10'

2020-08-17 13:04:31 - [MESSAGE][PASSED] - Text of element 'Object Repository/Maya/drop4 CR/android.view.View0 - Amount' is: 'Amount'

2020-08-17 13:04:31 - [TEST_STEP][PASSED] - getText(findTestObject("Maya/spy/android.view.View0 - JOHARI (1)"), 0): Text of element 'Object Repository/Maya/spy/android.view.View0 - JOHARI (1)' is: 'JOHARI'

2020-08-17 13:04:31 - [MESSAGE][WARNING] - Timeout '0' is invalid. Using default page load timeout: '10'

2020-08-17 13:04:31 - [MESSAGE][PASSED] - Text of element 'Object Repository/Maya/spy/android.view.View0 - JOHARI (1)' is: 'JOHARI'

2020-08-17 13:04:31 - [TEST_STEP][PASSED] - getText(findTestObject("Maya/spy/android.view.View0 - ArmyPolice ID"), 0): Text of element 'Object Repository/Maya/spy/android.view.View0 - ArmyPolice ID' is: 'Army/Police ID'

2020-08-17 13:04:31 - [MESSAGE][WARNING] - Timeout '0' is invalid. Using default page load timeout: '10'

2020-08-17 13:04:32 - [MESSAGE][PASSED] - Text of element 'Object Repository/Maya/spy/android.view.View0 - ArmyPolice ID' is: 'Army/Police ID'

2020-08-17 13:04:32 - [TEST_STEP][PASSED] - getText(findTestObject("Maya/spy/android.view.View0 - G54178 (1)"), 0): Text of element 'Object Repository/Maya/spy/android.view.View0 - G54178 (1)' is: 'G54178'

2020-08-17 13:04:32 - [MESSAGE][WARNING] - Timeout '0' is invalid. Using default page load timeout: '10'

2020-08-17 13:04:32 - [MESSAGE][PASSED] - Text of element 'Object Repository/Maya/spy/android.view.View0 - G54178 (1)' is: 'G54178'

2020-08-17 13:04:32 - [TEST_STEP][PASSED] - verifyElementExist(findTestObject("Maya/drop4 CR/android.view.View0 - Amount"), 0): Element 'Object Repository/Maya/drop4 CR/android.view.View0 - Amount' is exist

2020-08-17 13:04:32 - [MESSAGE][WARNING] - Timeout '0' is invalid. Using default page load timeout: '10'

2020-08-17 13:04:32 - [MESSAGE][PASSED] - Element 'Object Repository/Maya/drop4 CR/android.view.View0 - Amount' is exist

2020-08-17 13:04:32 - [TEST_STEP][PASSED] - delay(5, STOP_ON_FAILURE): Delayed 5 second(s)

2020-08-17 13:04:37 - [MESSAGE][PASSED] - Delayed 5 second(s)

2020-08-17 13:04:37 - [TEST_STEP][PASSED] - swipe(831, 1382, 800, 100): Swiped from 831,1,382 to 800,100

2020-08-17 13:04:39 - [MESSAGE][PASSED] - Swiped from 831,1,382 to 800,100

2020-08-17 13:04:39 - [TEST_STEP][PASSED] - delay(5, STOP_ON_FAILURE): Delayed 5 second(s)

2020-08-17 13:04:44 - [MESSAGE][PASSED] - Delayed 5 second(s)

2020-08-17 13:04:44 - [TEST_STEP][PASSED] - getText(findTestObject("Maya/drop4 CR/android.view.View0 - RM 2.00"), 0): Text of element 'Object Repository/Maya/drop4 CR/android.view.View0 - RM 2.00' is: 'RM 2.00'

2020-08-17 13:04:44 - [MESSAGE][WARNING] - Timeout '0' is invalid. Using default page load timeout: '10'

2020-08-17 13:04:44 - [MESSAGE][PASSED] - Text of element 'Object Repository/Maya/drop4 CR/android.view.View0 - RM 2.00' is: 'RM 2.00'

2020-08-17 13:04:44 - [TEST_STEP][PASSED] - verifyElementExist(findTestObject("Maya/drop4 CR/android.view.View0 - RM 2.00"), 0): Element 'Object Repository/Maya/drop4 CR/android.view.View0 - RM 2.00' is exist

2020-08-17 13:04:44 - [MESSAGE][WARNING] - Timeout '0' is invalid. Using default page load timeout: '10'

2020-08-17 13:04:44 - [MESSAGE][PASSED] - Element 'Object Repository/Maya/drop4 CR/android.view.View0 - RM 2.00' is exist

2020-08-17 13:04:44 - [TEST_STEP][PASSED] - getText(findTestObject("Maya/New_Transfer/android.view.View0 - Beneficiary name"), 0): Text of element 'Object Repository/Maya/New_Transfer/android.view.View0 - Beneficiary name' is: 'Beneficiary name'

2020-08-17 13:04:44 - [MESSAGE][WARNING] - Timeout '0' is invalid. Using default page load timeout: '10'

2020-08-17 13:04:45 - [MESSAGE][PASSED] - Text of element 'Object Repository/Maya/New_Transfer/android.view.View0 - Beneficiary name' is: 'Beneficiary name'

2020-08-17 13:04:45 - [TEST_STEP][PASSED] - verifyElementExist(findTestObject("Maya/New_Transfer/android.view.View0 - Beneficiary name"), 0): Element 'Object Repository/Maya/New_Transfer/android.view.View0 - Beneficiary name' is exist

2020-08-17 13:04:45 - [MESSAGE][WARNING] - Timeout '0' is invalid. Using default page load timeout: '10'

2020-08-17 13:04:45 - [MESSAGE][PASSED] - Element 'Object Repository/Maya/New_Transfer/android.view.View0 - Beneficiary name' is exist

2020-08-17 13:04:45 - [TEST_STEP][PASSED] - getText(findTestObject("Maya/Third Party CA account/android.widget.TextView0 - Note This receipt is computer generated and no signature is required."), 0): Text of element 'Object Repository/Maya/Third Party CA account/android.widget.TextView0 - Note This receipt is computer generated and no signature is required.' is: 'Note: This receipt is computer generated and no signature is required.'

2020-08-17 13:04:45 - [MESSAGE][WARNING] - Timeout '0' is invalid. Using default page load timeout: '10'

2020-08-17 13:04:45 - [MESSAGE][PASSED] - Text of element 'Object Repository/Maya/Third Party CA account/android.widget.TextView0 - Note This receipt is computer generated and no signature is required.' is: 'Note: This receipt is computer generated and no signature is required.'

2020-08-17 13:04:45 - [TEST_STEP][PASSED] - getText(findTestObject("Maya/Third Party CA account/android.widget.TextView0 - Malayan Banking Berhad (Co. Reg.  196001000142)"), 0): Text of element 'Object Repository/Maya/Third Party CA account/android.widget.TextView0 - Malayan Banking Berhad (Co. Reg.  196001000142)' is: 'Malayan Banking Berhad (Co. Reg. : 196001000142)'

2020-08-17 13:04:45 - [MESSAGE][WARNING] - Timeout '0' is invalid. Using default page load timeout: '10'

2020-08-17 13:04:45 - [MESSAGE][PASSED] - Text of element 'Object Repository/Maya/Third Party CA account/android.widget.TextView0 - Malayan Banking Berhad (Co. Reg.  196001000142)' is: 'Malayan Banking Berhad (Co. Reg. : 196001000142)'

2020-08-17 13:04:45 - [TEST_STEP][PASSED] - getText(findTestObject("Maya/Third Party CA account/android.widget.TextView0 - Maybank Islamic Berhad (Co. Reg.  200701029411)"), 0): Text of element 'Object Repository/Maya/Third Party CA account/android.widget.TextView0 - Maybank Islamic Berhad (Co. Reg.  200701029411)' is: 'Maybank Islamic Berhad (Co. Reg. : 200701029411)'

2020-08-17 13:04:46 - [MESSAGE][WARNING] - Timeout '0' is invalid. Using default page load timeout: '10'

2020-08-17 13:04:46 - [MESSAGE][PASSED] - Text of element 'Object Repository/Maya/Third Party CA account/android.widget.TextView0 - Maybank Islamic Berhad (Co. Reg.  200701029411)' is: 'Maybank Islamic Berhad (Co. Reg. : 200701029411)'

2020-08-17 13:04:46 - [TEST_STEP][PASSED] - takeScreenshot("C:\Users\LENOVO\Screenshot\DuitNow\Screen23.png", CONTINUE_ON_FAILURE): Screenshot is taken

2020-08-17 13:04:47 - [MESSAGE][PASSED] - Screenshot is taken
[[ATTACHMENT|C:\\Users\\LENOVO\\Screenshot\\DuitNow\\Screen23.png]]

2020-08-17 13:04:47 - [TEST_STEP][PASSED] - tap(findTestObject("Maya/RegisterDuitNow/android.widget.ImageView0 (4)"), 0): Tapped on element 'Object Repository/Maya/RegisterDuitNow/android.widget.ImageView0 (4)'

2020-08-17 13:04:47 - [MESSAGE][WARNING] - Timeout '0' is invalid. Using default page load timeout: '10'

2020-08-17 13:04:47 - [MESSAGE][PASSED] - Tapped on element 'Object Repository/Maya/RegisterDuitNow/android.widget.ImageView0 (4)'

2020-08-17 13:04:47 - [TEST_STEP][PASSED] - tap(findTestObject("Maya/RegisterDuitNow/android.widget.TextView0 - Add to Favourites"), 0): Tapped on element 'Object Repository/Maya/RegisterDuitNow/android.widget.TextView0 - Add to Favourites'

2020-08-17 13:04:47 - [MESSAGE][WARNING] - Timeout '0' is invalid. Using default page load timeout: '10'

2020-08-17 13:04:51 - [MESSAGE][PASSED] - Tapped on element 'Object Repository/Maya/RegisterDuitNow/android.widget.TextView0 - Add to Favourites'

2020-08-17 13:04:51 - [TEST_STEP][PASSED] - delay(3, STOP_ON_FAILURE): Delayed 3 second(s)

2020-08-17 13:04:54 - [MESSAGE][PASSED] - Delayed 3 second(s)

2020-08-17 13:04:54 - [TEST_STEP][PASSED] - takeScreenshot("C:\Users\LENOVO\Screenshot\DuitNow\Screen22.png", CONTINUE_ON_FAILURE): Screenshot is taken

2020-08-17 13:04:55 - [MESSAGE][PASSED] - Screenshot is taken
[[ATTACHMENT|C:\\Users\\LENOVO\\Screenshot\\DuitNow\\Screen22.png]]

2020-08-17 13:04:55 - [TEST_STEP][PASSED] - getText(findTestObject("Maya/RegisterDuitNow/android.widget.TextView0 - Proxy type (1)"), 0): Text of element 'Object Repository/Maya/RegisterDuitNow/android.widget.TextView0 - Proxy type (1)' is: 'Proxy type'

2020-08-17 13:04:55 - [MESSAGE][WARNING] - Timeout '0' is invalid. Using default page load timeout: '10'

2020-08-17 13:04:55 - [MESSAGE][PASSED] - Text of element 'Object Repository/Maya/RegisterDuitNow/android.widget.TextView0 - Proxy type (1)' is: 'Proxy type'

2020-08-17 13:04:55 - [TEST_STEP][PASSED] - verifyElementExist(findTestObject("Maya/RegisterDuitNow/android.widget.TextView0 - Proxy type (1)"), 0): Element 'Object Repository/Maya/RegisterDuitNow/android.widget.TextView0 - Proxy type (1)' is exist

2020-08-17 13:04:55 - [MESSAGE][WARNING] - Timeout '0' is invalid. Using default page load timeout: '10'

2020-08-17 13:04:55 - [MESSAGE][PASSED] - Element 'Object Repository/Maya/RegisterDuitNow/android.widget.TextView0 - Proxy type (1)' is exist

2020-08-17 13:04:55 - [TEST_STEP][PASSED] - getText(findTestObject("Maya/RegisterDuitNow/android.widget.TextView0 - ArmyPolice ID (4)"), 0): Text of element 'Object Repository/Maya/RegisterDuitNow/android.widget.TextView0 - ArmyPolice ID (4)' is: 'Army/Police ID'

2020-08-17 13:04:55 - [MESSAGE][WARNING] - Timeout '0' is invalid. Using default page load timeout: '10'

2020-08-17 13:04:57 - [MESSAGE][PASSED] - Text of element 'Object Repository/Maya/RegisterDuitNow/android.widget.TextView0 - ArmyPolice ID (4)' is: 'Army/Police ID'

2020-08-17 13:04:57 - [TEST_STEP][PASSED] - verifyElementExist(findTestObject("Maya/RegisterDuitNow/android.widget.TextView0 - ArmyPolice ID (4)"), 0): Element 'Object Repository/Maya/RegisterDuitNow/android.widget.TextView0 - ArmyPolice ID (4)' is exist

2020-08-17 13:04:57 - [MESSAGE][WARNING] - Timeout '0' is invalid. Using default page load timeout: '10'

2020-08-17 13:04:57 - [MESSAGE][PASSED] - Element 'Object Repository/Maya/RegisterDuitNow/android.widget.TextView0 - ArmyPolice ID (4)' is exist

2020-08-17 13:04:57 - [TEST_STEP][PASSED] - getText(findTestObject("Maya/RegisterDuitNow/android.widget.TextView0 - Proxy ID (1)"), 0): Text of element 'Object Repository/Maya/RegisterDuitNow/android.widget.TextView0 - Proxy ID (1)' is: 'Proxy ID'

2020-08-17 13:04:57 - [MESSAGE][WARNING] - Timeout '0' is invalid. Using default page load timeout: '10'

2020-08-17 13:04:57 - [MESSAGE][PASSED] - Text of element 'Object Repository/Maya/RegisterDuitNow/android.widget.TextView0 - Proxy ID (1)' is: 'Proxy ID'

2020-08-17 13:04:57 - [TEST_STEP][PASSED] - getText(findTestObject("Maya/RegisterDuitNow/android.widget.TextView0 - G54178 (3)"), 0): Text of element 'Object Repository/Maya/RegisterDuitNow/android.widget.TextView0 - G54178 (3)' is: 'G54178'

2020-08-17 13:04:57 - [MESSAGE][WARNING] - Timeout '0' is invalid. Using default page load timeout: '10'

2020-08-17 13:04:57 - [MESSAGE][PASSED] - Text of element 'Object Repository/Maya/RegisterDuitNow/android.widget.TextView0 - G54178 (3)' is: 'G54178'

2020-08-17 13:04:57 - [TEST_STEP][PASSED] - getText(findTestObject("Maya/RegisterDuitNow/android.widget.TextView0 - Registered name (1)"), 0): Text of element 'Object Repository/Maya/RegisterDuitNow/android.widget.TextView0 - Registered name (1)' is: 'Registered name'

2020-08-17 13:04:57 - [MESSAGE][WARNING] - Timeout '0' is invalid. Using default page load timeout: '10'

2020-08-17 13:04:57 - [MESSAGE][PASSED] - Text of element 'Object Repository/Maya/RegisterDuitNow/android.widget.TextView0 - Registered name (1)' is: 'Registered name'

2020-08-17 13:04:57 - [TEST_STEP][PASSED] - verifyElementExist(findTestObject("Maya/RegisterDuitNow/android.widget.TextView0 - Registered name (1)"), 0): Element 'Object Repository/Maya/RegisterDuitNow/android.widget.TextView0 - Registered name (1)' is exist

2020-08-17 13:04:58 - [MESSAGE][WARNING] - Timeout '0' is invalid. Using default page load timeout: '10'

2020-08-17 13:04:58 - [MESSAGE][PASSED] - Element 'Object Repository/Maya/RegisterDuitNow/android.widget.TextView0 - Registered name (1)' is exist

2020-08-17 13:04:58 - [TEST_STEP][PASSED] - getText(findTestObject("Maya/RegisterDuitNow/android.widget.TextView0 - JOHARI (3)"), 0): Text of element 'Object Repository/Maya/RegisterDuitNow/android.widget.TextView0 - JOHARI (3)' is: 'JOHARI'

2020-08-17 13:04:58 - [MESSAGE][WARNING] - Timeout '0' is invalid. Using default page load timeout: '10'

2020-08-17 13:04:58 - [MESSAGE][PASSED] - Text of element 'Object Repository/Maya/RegisterDuitNow/android.widget.TextView0 - JOHARI (3)' is: 'JOHARI'

2020-08-17 13:04:58 - [TEST_STEP][PASSED] - delay(3, STOP_ON_FAILURE): Delayed 3 second(s)

2020-08-17 13:05:01 - [MESSAGE][PASSED] - Delayed 3 second(s)

2020-08-17 13:05:01 - [TEST_STEP][PASSED] - takeScreenshot("C:\Users\LENOVO\Screenshot\DuitNow\Screen25.png", CONTINUE_ON_FAILURE): Screenshot is taken

2020-08-17 13:05:02 - [MESSAGE][PASSED] - Screenshot is taken
[[ATTACHMENT|C:\\Users\\LENOVO\\Screenshot\\DuitNow\\Screen25.png]]

2020-08-17 13:05:02 - [TEST_STEP][PASSED] - getText(findTestObject("Maya/RegisterDuitNow/android.widget.TextView0 - Registered name"), 0): Text of element 'Object Repository/Maya/RegisterDuitNow/android.widget.TextView0 - Registered name' is: 'Registered name'

2020-08-17 13:05:02 - [MESSAGE][WARNING] - Timeout '0' is invalid. Using default page load timeout: '10'

2020-08-17 13:05:02 - [MESSAGE][PASSED] - Text of element 'Object Repository/Maya/RegisterDuitNow/android.widget.TextView0 - Registered name' is: 'Registered name'

2020-08-17 13:05:02 - [TEST_STEP][PASSED] - getText(findTestObject("Maya/RegisterDuitNow/android.widget.TextView0 - Proxy type"), 0): Text of element 'Object Repository/Maya/RegisterDuitNow/android.widget.TextView0 - Proxy type' is: 'Proxy type'

2020-08-17 13:05:02 - [MESSAGE][WARNING] - Timeout '0' is invalid. Using default page load timeout: '10'

2020-08-17 13:05:02 - [MESSAGE][PASSED] - Text of element 'Object Repository/Maya/RegisterDuitNow/android.widget.TextView0 - Proxy type' is: 'Proxy type'

2020-08-17 13:05:02 - [TEST_STEP][PASSED] - getText(findTestObject("Maya/RegisterDuitNow/android.widget.TextView0 - Proxy ID"), 0): Text of element 'Object Repository/Maya/RegisterDuitNow/android.widget.TextView0 - Proxy ID' is: 'Proxy ID'

2020-08-17 13:05:02 - [MESSAGE][WARNING] - Timeout '0' is invalid. Using default page load timeout: '10'

2020-08-17 13:05:03 - [MESSAGE][PASSED] - Text of element 'Object Repository/Maya/RegisterDuitNow/android.widget.TextView0 - Proxy ID' is: 'Proxy ID'

2020-08-17 13:05:03 - [TEST_STEP][PASSED] - tap(findTestObject("Maya/RegisterDuitNow/android.widget.TextView0 - Add to Favourites (1)"), 0): Tapped on element 'Object Repository/Maya/RegisterDuitNow/android.widget.TextView0 - Add to Favourites (1)'

2020-08-17 13:05:03 - [MESSAGE][WARNING] - Timeout '0' is invalid. Using default page load timeout: '10'

2020-08-17 13:05:04 - [MESSAGE][PASSED] - Tapped on element 'Object Repository/Maya/RegisterDuitNow/android.widget.TextView0 - Add to Favourites (1)'

2020-08-17 13:05:04 - [TEST_STEP][PASSED] - takeScreenshot("C:\Users\LENOVO\Screenshot\Third Party\Screenshot23", STOP_ON_FAILURE): Screenshot is taken

2020-08-17 13:05:04 - [MESSAGE][PASSED] - Screenshot is taken
[[ATTACHMENT|C:\\Users\\LENOVO\\Screenshot\\Third Party\\Screenshot23]]

2020-08-17 13:05:04 - [TEST_STEP][PASSED] - getText(findTestObject("Maya/New_Transfer/android.widget.TextView0 - SANDY LAM HUI MING Successfully added to Favourites"), 0): Text of element 'Object Repository/Maya/New_Transfer/android.widget.TextView0 - SANDY LAM HUI MING Successfully added to Favourites' is: 'Record already exists.'

2020-08-17 13:05:05 - [MESSAGE][WARNING] - Timeout '0' is invalid. Using default page load timeout: '10'

2020-08-17 13:05:05 - [MESSAGE][PASSED] - Text of element 'Object Repository/Maya/New_Transfer/android.widget.TextView0 - SANDY LAM HUI MING Successfully added to Favourites' is: 'Record already exists.'

2020-08-17 13:05:05 - [TEST_STEP][PASSED] - verifyElementExist(findTestObject("Maya/New_Transfer/android.widget.TextView0 - SANDY LAM HUI MING Successfully added to Favourites"), 0): Element 'Object Repository/Maya/New_Transfer/android.widget.TextView0 - SANDY LAM HUI MING Successfully added to Favourites' is exist

2020-08-17 13:05:05 - [MESSAGE][WARNING] - Timeout '0' is invalid. Using default page load timeout: '10'

2020-08-17 13:05:05 - [MESSAGE][PASSED] - Element 'Object Repository/Maya/New_Transfer/android.widget.TextView0 - SANDY LAM HUI MING Successfully added to Favourites' is exist

2020-08-17 13:05:05 - [TEST_STEP][PASSED] - delay(5, CONTINUE_ON_FAILURE): Delayed 5 second(s)

2020-08-17 13:05:10 - [MESSAGE][PASSED] - Delayed 5 second(s)

2020-08-17 13:05:10 - [TEST_STEP][PASSED] - tap(findTestObject("Maya/RegisterDuitNow/android.widget.TextView0 - Done (3)"), 0): Tapped on element 'Object Repository/Maya/RegisterDuitNow/android.widget.TextView0 - Done (3)'

2020-08-17 13:05:10 - [MESSAGE][WARNING] - Timeout '0' is invalid. Using default page load timeout: '10'

2020-08-17 13:05:21 - [MESSAGE][PASSED] - Tapped on element 'Object Repository/Maya/RegisterDuitNow/android.widget.TextView0 - Done (3)'

2020-08-17 13:05:21 - [TEST_STEP][PASSED] - tap(findTestObject("Maya/RegisterDuitNow/android.widget.TextView0 - Transfer"), 0): Tapped on element 'Object Repository/Maya/RegisterDuitNow/android.widget.TextView0 - Transfer'

2020-08-17 13:05:21 - [MESSAGE][WARNING] - Timeout '0' is invalid. Using default page load timeout: '10'

2020-08-17 13:06:24 - [MESSAGE][PASSED] - Tapped on element 'Object Repository/Maya/RegisterDuitNow/android.widget.TextView0 - Transfer'

2020-08-17 13:06:24 - [TEST_STEP][PASSED] - delay(5, STOP_ON_FAILURE): Delayed 5 second(s)

2020-08-17 13:06:29 - [MESSAGE][PASSED] - Delayed 5 second(s)

2020-08-17 13:06:29 - [TEST_STEP][PASSED] - tapAndHoldAtPosition(627, 376, 2): Tapped and held at [627, 376] with duration 2

2020-08-17 13:06:33 - [MESSAGE][PASSED] - Tapped and held at [627, 376] with duration 2

2020-08-17 13:06:33 - [TEST_STEP][PASSED] - delay(3, STOP_ON_FAILURE): Delayed 3 second(s)

2020-08-17 13:06:36 - [MESSAGE][PASSED] - Delayed 3 second(s)

2020-08-17 13:06:36 - [TEST_STEP][PASSED] - takeScreenshot("C:\Users\LENOVO\Screenshot\DuitNow\Screen26.png", CONTINUE_ON_FAILURE): Screenshot is taken

2020-08-17 13:06:37 - [MESSAGE][PASSED] - Screenshot is taken
[[ATTACHMENT|C:\\Users\\LENOVO\\Screenshot\\DuitNow\\Screen26.png]]

2020-08-17 13:06:37 - [TEST_STEP][PASSED] - delay(5, STOP_ON_FAILURE): Delayed 5 second(s)

2020-08-17 13:06:42 - [MESSAGE][PASSED] - Delayed 5 second(s)

2020-08-17 13:06:42 - [TEST_STEP][PASSED] - swipe(831, 1382, 800, 100): Swiped from 831,1,382 to 800,100

2020-08-17 13:06:43 - [MESSAGE][PASSED] - Swiped from 831,1,382 to 800,100

2020-08-17 13:06:43 - [TEST_STEP][PASSED] - delay(3, STOP_ON_FAILURE): Delayed 3 second(s)

2020-08-17 13:06:46 - [MESSAGE][PASSED] - Delayed 3 second(s)

2020-08-17 13:06:46 - [TEST_STEP][PASSED] - takeScreenshot("C:\Users\LENOVO\Screenshot\DuitNow\Screen27.png", CONTINUE_ON_FAILURE): Screenshot is taken

2020-08-17 13:06:47 - [MESSAGE][PASSED] - Screenshot is taken
[[ATTACHMENT|C:\\Users\\LENOVO\\Screenshot\\DuitNow\\Screen27.png]]

2020-08-17 13:06:47 - [TEST_STEP][PASSED] - delay(5, STOP_ON_FAILURE): Delayed 5 second(s)

2020-08-17 13:06:52 - [MESSAGE][PASSED] - Delayed 5 second(s)

2020-08-17 13:06:52 - [TEST_STEP][PASSED] - tapAndHoldAtPosition(97, 176, 1): Tapped and held at [97, 176] with duration 1

2020-08-17 13:06:54 - [MESSAGE][PASSED] - Tapped and held at [97, 176] with duration 1

2020-08-17 13:06:54 - [TEST_STEP][PASSED] - tap(findTestObject("Maya/New_Transfer/android.widget.TextView0 - Wallet"), 0): Tapped on element 'Object Repository/Maya/New_Transfer/android.widget.TextView0 - Wallet'

2020-08-17 13:06:54 - [MESSAGE][WARNING] - Timeout '0' is invalid. Using default page load timeout: '10'

2020-08-17 13:07:58 - [MESSAGE][PASSED] - Tapped on element 'Object Repository/Maya/New_Transfer/android.widget.TextView0 - Wallet'

2020-08-17 13:07:58 - [TEST_STEP][PASSED] - tap(findTestObject("Maya/New_Transfer/android.widget.TextView0 - View Transactions"), 0): Tapped on element 'Object Repository/Maya/New_Transfer/android.widget.TextView0 - View Transactions'

2020-08-17 13:07:58 - [MESSAGE][WARNING] - Timeout '0' is invalid. Using default page load timeout: '10'

2020-08-17 13:08:00 - [MESSAGE][PASSED] - Tapped on element 'Object Repository/Maya/New_Transfer/android.widget.TextView0 - View Transactions'

2020-08-17 13:08:00 - [TEST_STEP][PASSED] - delay(3, CONTINUE_ON_FAILURE): Delayed 3 second(s)

2020-08-17 13:08:03 - [MESSAGE][PASSED] - Delayed 3 second(s)

2020-08-17 13:08:03 - [TEST_STEP][PASSED] - takeScreenshot("C:\Users\LENOVO\Screenshot\DuitNow\Screen29.png", CONTINUE_ON_FAILURE): Screenshot is taken

2020-08-17 13:08:05 - [MESSAGE][PASSED] - Screenshot is taken
[[ATTACHMENT|C:\\Users\\LENOVO\\Screenshot\\DuitNow\\Screen29.png]]

2020-08-17 13:08:05 - [TEST_STEP][PASSED] - delay(2, STOP_ON_FAILURE): Delayed 2 second(s)

2020-08-17 13:08:07 - [MESSAGE][PASSED] - Delayed 2 second(s)

2020-08-17 13:08:07 - [TEST_STEP][PASSED] - getText(findTestObject("Maya/spy/android.widget.TextView0 - DUITNOW JOHARI  05Test (1)"), 0): Text of element 'Object Repository/Maya/spy/android.widget.TextView0 - DUITNOW JOHARI  05Test (1)' is: 'DUITNOW JOHARI * 05Test'

2020-08-17 13:08:07 - [MESSAGE][WARNING] - Timeout '0' is invalid. Using default page load timeout: '10'

2020-08-17 13:08:08 - [MESSAGE][PASSED] - Text of element 'Object Repository/Maya/spy/android.widget.TextView0 - DUITNOW JOHARI  05Test (1)' is: 'DUITNOW JOHARI * 05Test'

2020-08-17 13:08:08 - [TEST_STEP][PASSED] - getText(findTestObject("Maya/spy/android.widget.TextView0 - -RM 2.00"), 0): Text of element 'Object Repository/Maya/spy/android.widget.TextView0 - -RM 2.00' is: '-RM 2.00'

2020-08-17 13:08:08 - [MESSAGE][WARNING] - Timeout '0' is invalid. Using default page load timeout: '10'

2020-08-17 13:08:09 - [MESSAGE][PASSED] - Text of element 'Object Repository/Maya/spy/android.widget.TextView0 - -RM 2.00' is: '-RM 2.00'

2020-08-17 13:08:09 - [TEST_STEP][PASSED] - delay(3, CONTINUE_ON_FAILURE): Delayed 3 second(s)

2020-08-17 13:08:12 - [MESSAGE][PASSED] - Delayed 3 second(s)

2020-08-17 13:08:12 - [TEST_STEP][PASSED] - delay(3, CONTINUE_ON_FAILURE): Delayed 3 second(s)

2020-08-17 13:08:15 - [MESSAGE][PASSED] - Delayed 3 second(s)

2020-08-17 13:08:15 - [TEST_STEP][PASSED] - takeScreenshot("C:\Users\LENOVO\Screenshot\Third Party\Screenshot20", STOP_ON_FAILURE): Screenshot is taken

2020-08-17 13:08:16 - [MESSAGE][PASSED] - Screenshot is taken
[[ATTACHMENT|C:\\Users\\LENOVO\\Screenshot\\Third Party\\Screenshot20]]

2020-08-17 13:08:16 - [TEST_STEP][PASSED] - tap(findTestObject("Maya/KLIA/android.widget.TextView0 - Home"), 0): Tapped on element 'Object Repository/Maya/KLIA/android.widget.TextView0 - Home'

2020-08-17 13:08:16 - [MESSAGE][WARNING] - Timeout '0' is invalid. Using default page load timeout: '10'

2020-08-17 13:08:37 - [MESSAGE][PASSED] - Tapped on element 'Object Repository/Maya/KLIA/android.widget.TextView0 - Home'

2020-08-17 13:08:37 - [TEST_STEP][PASSED] - tap(findTestObject("Maya/KLIA/android.widget.TextView0 - More (1)"), 0): Tapped on element 'Object Repository/Maya/KLIA/android.widget.TextView0 - More (1)'

2020-08-17 13:08:37 - [MESSAGE][WARNING] - Timeout '0' is invalid. Using default page load timeout: '10'

2020-08-17 13:09:31 - [MESSAGE][PASSED] - Tapped on element 'Object Repository/Maya/KLIA/android.widget.TextView0 - More (1)'

2020-08-17 13:09:31 - [TEST_STEP][PASSED] - tap(findTestObject("Maya/KLIA/android.widget.TextView0 - Notifications"), 0): Tapped on element 'Object Repository/Maya/KLIA/android.widget.TextView0 - Notifications'

2020-08-17 13:09:31 - [MESSAGE][WARNING] - Timeout '0' is invalid. Using default page load timeout: '10'

2020-08-17 13:09:33 - [MESSAGE][PASSED] - Tapped on element 'Object Repository/Maya/KLIA/android.widget.TextView0 - Notifications'

2020-08-17 13:09:33 - [TEST_STEP][PASSED] - getText(findTestObject("Maya/NRIC Passport/android.widget.TextView0 - Today"), 0): Text of element 'Object Repository/Maya/NRIC Passport/android.widget.TextView0 - Today' is: 'Today'

2020-08-17 13:09:33 - [MESSAGE][WARNING] - Timeout '0' is invalid. Using default page load timeout: '10'

2020-08-17 13:09:34 - [MESSAGE][PASSED] - Text of element 'Object Repository/Maya/NRIC Passport/android.widget.TextView0 - Today' is: 'Today'

2020-08-17 13:09:34 - [TEST_STEP][PASSED] - getText(findTestObject("Maya/NRIC Passport/android.widget.TextView0 - Maybank2u Transfer"), 0): Text of element 'Object Repository/Maya/NRIC Passport/android.widget.TextView0 - Maybank2u Transfer' is: 'Maybank2u: Transfer'

2020-08-17 13:09:34 - [MESSAGE][WARNING] - Timeout '0' is invalid. Using default page load timeout: '10'

2020-08-17 13:09:35 - [MESSAGE][PASSED] - Text of element 'Object Repository/Maya/NRIC Passport/android.widget.TextView0 - Maybank2u Transfer' is: 'Maybank2u: Transfer'

2020-08-17 13:09:35 - [TEST_STEP][PASSED] - getText(findTestObject("Maya/spy/android.widget.TextView0 - DuitNow of RM 2.00 to JOHARI. Army  Police ID  4178. REF 17180693427M (1)"), 0): Text of element 'Object Repository/Maya/spy/android.widget.TextView0 - DuitNow of RM 2.00 to JOHARI. Army  Police ID  4178. REF 17180693427M (1)' is: 'DuitNow of RM 2.00 to JOHARI. Army / Police ID : ****4178. REF: 17180746119M'

2020-08-17 13:09:35 - [MESSAGE][WARNING] - Timeout '0' is invalid. Using default page load timeout: '10'

2020-08-17 13:09:35 - [MESSAGE][PASSED] - Text of element 'Object Repository/Maya/spy/android.widget.TextView0 - DuitNow of RM 2.00 to JOHARI. Army  Police ID  4178. REF 17180693427M (1)' is: 'DuitNow of RM 2.00 to JOHARI. Army / Police ID : ****4178. REF: 17180746119M'

2020-08-17 13:09:35 - [TEST_STEP][PASSED] - takeScreenshot("C:\Users\LENOVO\Screenshot\DuitNow\Screen39.png", CONTINUE_ON_FAILURE): Screenshot is taken

2020-08-17 13:09:36 - [MESSAGE][PASSED] - Screenshot is taken
[[ATTACHMENT|C:\\Users\\LENOVO\\Screenshot\\DuitNow\\Screen39.png]]]]></system-out>
         <system-err><![CDATA[2020-08-17 12:56:05 - [TEST_CASE][FAILED] - Test Cases/JINU/DuItNow/DuitNow Army: Test Cases/JINU/DuItNow/DuitNow Army FAILED.
Reason:
com.kms.katalon.core.exception.StepFailedException: Element 'Object Repository/Maya/spy/android.widget.TextView0 - Your TAC no. is 822872v3' not found
	at com.kms.katalon.core.keyword.internal.KeywordMain.stepFailed(KeywordMain.groovy:39)
	at com.kms.katalon.core.mobile.keyword.internal.MobileKeywordMain.stepFailed(MobileKeywordMain.groovy:40)
	at com.kms.katalon.core.mobile.keyword.builtin.VerifyElementExistKeyword$_verifyElementExist_closure1.doCall(VerifyElementExistKeyword.groovy:77)
	at com.kms.katalon.core.mobile.keyword.builtin.VerifyElementExistKeyword$_verifyElementExist_closure1.call(VerifyElementExistKeyword.groovy)
	at com.kms.katalon.core.mobile.keyword.internal.MobileKeywordMain.runKeyword(MobileKeywordMain.groovy:21)
	at com.kms.katalon.core.mobile.keyword.builtin.VerifyElementExistKeyword.verifyElementExist(VerifyElementExistKeyword.groovy:80)
	at com.kms.katalon.core.mobile.keyword.builtin.VerifyElementExistKeyword.execute(VerifyElementExistKeyword.groovy:64)
	at com.kms.katalon.core.keyword.internal.KeywordExecutor.executeKeywordForPlatform(KeywordExecutor.groovy:72)
	at com.kms.katalon.core.mobile.keyword.MobileBuiltInKeywords.verifyElementExist(MobileBuiltInKeywords.groovy:809)
	at com.kms.katalon.core.mobile.keyword.MobileBuiltInKeywords$verifyElementExist$5.call(Unknown Source)
	at DuitNow Army.run(DuitNow Army:427)
	at com.kms.katalon.core.main.ScriptEngine.run(ScriptEngine.java:194)
	at com.kms.katalon.core.main.ScriptEngine.runScriptAsRawText(ScriptEngine.java:119)
	at com.kms.katalon.core.main.TestCaseExecutor.runScript(TestCaseExecutor.java:337)
	at com.kms.katalon.core.main.TestCaseExecutor.doExecute(TestCaseExecutor.java:328)
	at com.kms.katalon.core.main.TestCaseExecutor.processExecutionPhase(TestCaseExecutor.java:307)
	at com.kms.katalon.core.main.TestCaseExecutor.accessMainPhase(TestCaseExecutor.java:299)
	at com.kms.katalon.core.main.TestCaseExecutor.execute(TestCaseExecutor.java:233)
	at com.kms.katalon.core.main.TestSuiteExecutor.accessTestCaseMainPhase(TestSuiteExecutor.java:169)
	at com.kms.katalon.core.main.TestSuiteExecutor.accessTestSuiteMainPhase(TestSuiteExecutor.java:142)
	at com.kms.katalon.core.main.TestSuiteExecutor.execute(TestSuiteExecutor.java:91)
	at com.kms.katalon.core.main.TestCaseMain.startTestSuite(TestCaseMain.java:157)
	at com.kms.katalon.core.main.TestCaseMain$startTestSuite$0.call(Unknown Source)
	at TempTestSuite1597640160494.run(TempTestSuite1597640160494.groovy:36)]]></system-err>
      </testcase>
      <system-out><![CDATA[2020-08-17 12:56:04 - [TEST_SUITE][FAILED] - UAT Test Suite: Test Cases/JINU/DuItNow/DuitNow Army FAILED.
Reason:
com.kms.katalon.core.exception.StepFailedException: Element 'Object Repository/Maya/spy/android.widget.TextView0 - Your TAC no. is 822872v3' not found
	at com.kms.katalon.core.keyword.internal.KeywordMain.stepFailed(KeywordMain.groovy:39)
	at com.kms.katalon.core.mobile.keyword.internal.MobileKeywordMain.stepFailed(MobileKeywordMain.groovy:40)
	at com.kms.katalon.core.mobile.keyword.builtin.VerifyElementExistKeyword$_verifyElementExist_closure1.doCall(VerifyElementExistKeyword.groovy:77)
	at com.kms.katalon.core.mobile.keyword.builtin.VerifyElementExistKeyword$_verifyElementExist_closure1.call(VerifyElementExistKeyword.groovy)
	at com.kms.katalon.core.mobile.keyword.internal.MobileKeywordMain.runKeyword(MobileKeywordMain.groovy:21)
	at com.kms.katalon.core.mobile.keyword.builtin.VerifyElementExistKeyword.verifyElementExist(VerifyElementExistKeyword.groovy:80)
	at com.kms.katalon.core.mobile.keyword.builtin.VerifyElementExistKeyword.execute(VerifyElementExistKeyword.groovy:64)
	at com.kms.katalon.core.keyword.internal.KeywordExecutor.executeKeywordForPlatform(KeywordExecutor.groovy:72)
	at com.kms.katalon.core.mobile.keyword.MobileBuiltInKeywords.verifyElementExist(MobileBuiltInKeywords.groovy:809)
	at com.kms.katalon.core.mobile.keyword.MobileBuiltInKeywords$verifyElementExist$5.call(Unknown Source)
	at DuitNow Army.run(DuitNow Army:427)
	at com.kms.katalon.core.main.ScriptEngine.run(ScriptEngine.java:194)
	at com.kms.katalon.core.main.ScriptEngine.runScriptAsRawText(ScriptEngine.java:119)
	at com.kms.katalon.core.main.TestCaseExecutor.runScript(TestCaseExecutor.java:337)
	at com.kms.katalon.core.main.TestCaseExecutor.doExecute(TestCaseExecutor.java:328)
	at com.kms.katalon.core.main.TestCaseExecutor.processExecutionPhase(TestCaseExecutor.java:307)
	at com.kms.katalon.core.main.TestCaseExecutor.accessMainPhase(TestCaseExecutor.java:299)
	at com.kms.katalon.core.main.TestCaseExecutor.execute(TestCaseExecutor.java:233)
	at com.kms.katalon.core.main.TestSuiteExecutor.accessTestCaseMainPhase(TestSuiteExecutor.java:169)
	at com.kms.katalon.core.main.TestSuiteExecutor.accessTestSuiteMainPhase(TestSuiteExecutor.java:142)
	at com.kms.katalon.core.main.TestSuiteExecutor.execute(TestSuiteExecutor.java:91)
	at com.kms.katalon.core.main.TestCaseMain.startTestSuite(TestCaseMain.java:157)
	at com.kms.katalon.core.main.TestCaseMain$startTestSuite$0.call(Unknown Source)
	at TempTestSuite1597640160494.run(TempTestSuite1597640160494.groovy:36)]]></system-out>
      <system-err><![CDATA[2020-08-17 12:56:04 - [TEST_SUITE][FAILED] - UAT Test Suite: Test Cases/JINU/DuItNow/DuitNow Army FAILED.
Reason:
com.kms.katalon.core.exception.StepFailedException: Element 'Object Repository/Maya/spy/android.widget.TextView0 - Your TAC no. is 822872v3' not found
	at com.kms.katalon.core.keyword.internal.KeywordMain.stepFailed(KeywordMain.groovy:39)
	at com.kms.katalon.core.mobile.keyword.internal.MobileKeywordMain.stepFailed(MobileKeywordMain.groovy:40)
	at com.kms.katalon.core.mobile.keyword.builtin.VerifyElementExistKeyword$_verifyElementExist_closure1.doCall(VerifyElementExistKeyword.groovy:77)
	at com.kms.katalon.core.mobile.keyword.builtin.VerifyElementExistKeyword$_verifyElementExist_closure1.call(VerifyElementExistKeyword.groovy)
	at com.kms.katalon.core.mobile.keyword.internal.MobileKeywordMain.runKeyword(MobileKeywordMain.groovy:21)
	at com.kms.katalon.core.mobile.keyword.builtin.VerifyElementExistKeyword.verifyElementExist(VerifyElementExistKeyword.groovy:80)
	at com.kms.katalon.core.mobile.keyword.builtin.VerifyElementExistKeyword.execute(VerifyElementExistKeyword.groovy:64)
	at com.kms.katalon.core.keyword.internal.KeywordExecutor.executeKeywordForPlatform(KeywordExecutor.groovy:72)
	at com.kms.katalon.core.mobile.keyword.MobileBuiltInKeywords.verifyElementExist(MobileBuiltInKeywords.groovy:809)
	at com.kms.katalon.core.mobile.keyword.MobileBuiltInKeywords$verifyElementExist$5.call(Unknown Source)
	at DuitNow Army.run(DuitNow Army:427)
	at com.kms.katalon.core.main.ScriptEngine.run(ScriptEngine.java:194)
	at com.kms.katalon.core.main.ScriptEngine.runScriptAsRawText(ScriptEngine.java:119)
	at com.kms.katalon.core.main.TestCaseExecutor.runScript(TestCaseExecutor.java:337)
	at com.kms.katalon.core.main.TestCaseExecutor.doExecute(TestCaseExecutor.java:328)
	at com.kms.katalon.core.main.TestCaseExecutor.processExecutionPhase(TestCaseExecutor.java:307)
	at com.kms.katalon.core.main.TestCaseExecutor.accessMainPhase(TestCaseExecutor.java:299)
	at com.kms.katalon.core.main.TestCaseExecutor.execute(TestCaseExecutor.java:233)
	at com.kms.katalon.core.main.TestSuiteExecutor.accessTestCaseMainPhase(TestSuiteExecutor.java:169)
	at com.kms.katalon.core.main.TestSuiteExecutor.accessTestSuiteMainPhase(TestSuiteExecutor.java:142)
	at com.kms.katalon.core.main.TestSuiteExecutor.execute(TestSuiteExecutor.java:91)
	at com.kms.katalon.core.main.TestCaseMain.startTestSuite(TestCaseMain.java:157)
	at com.kms.katalon.core.main.TestCaseMain$startTestSuite$0.call(Unknown Source)
	at TempTestSuite1597640160494.run(TempTestSuite1597640160494.groovy:36)]]></system-err>
   </testsuite>
</testsuites>
