<?xml version="1.0" encoding="UTF-8"?>
<testsuites name="UAT Test Suite" time="599.617" tests="1" failures="1" errors="0">
   <testsuite name="UAT Test Suite" tests="1" failures="1" errors="0" time="599.617" timestamp="2020-08-06 00:19:27" hostname="LENOVO - DESKTOP-CP3TV4N" id="Test Suites/Maya UAT/UAT Test Suite">
      <properties>
         <property name="deviceName" value="Xiaomi Redmi Note 7S (Android 9)"/>
         <property name="devicePlatform" value=""/>
         <property name="logFolder" value="C:\\Users\\LENOVO\\Git_new\\Maya\\Reports\\20200806_001924\\Maya UAT\\UAT Test Suite\\20200806_001924"/>
         <property name="logFiles" value="C:\\Users\\LENOVO\\Git_new\\Maya\\Reports\\20200806_001924\\Maya UAT\\UAT Test Suite\\20200806_001924\\appium.log, C:\\Users\\LENOVO\\Git_new\\Maya\\Reports\\20200806_001924\\Maya UAT\\UAT Test Suite\\20200806_001924\\execution0.log"/>
         <property name="attachments" value="C:\\Users\\LENOVO\\Screenshot\\DuitNowProxy\\Screen1.png, C:\\Users\\LENOVO\\Screenshot\\DuitNowProxy\\Screen2.png, C:\\Users\\LENOVO\\Screenshot\\DuitNowProxy\\Screen3.png, C:\\Users\\LENOVO\\Screenshot\\DuitNowProxy\\Screen4.png, C:\\Users\\LENOVO\\Screenshot\\DuitNowProxy\\Screen5.png, C:\\Users\\LENOVO\\Screenshot\\DuitNowProxy\\Screen8.png, C:\\Users\\LENOVO\\Screenshot\\DuitNowProxy\\Screen9.png, C:\\Users\\LENOVO\\Screenshot\\DuitNowProxy\\Screen10.png, C:\\Users\\LENOVO\\Screenshot\\DuitNowProxy\\Screen11.png, C:\\Users\\LENOVO\\Screenshot\\DuitNowProxy\\Screen12.png, C:\\Users\\LENOVO\\Screenshot\\DuitNowProxy\\Screen13.png, C:\\Users\\LENOVO\\Screenshot\\DuitNowProxy\\Screen14.png, C:\\Users\\LENOVO\\Screenshot\\DuitNowProxy\\Screen15.png, C:\\Users\\LENOVO\\Git_new\\Maya\\Reports\\20200806_001924\\Maya UAT\\UAT Test Suite\\20200806_001924\\1596644889953.png, C:\\Users\\LENOVO\\Screenshot\\DuitNowProxy\\Screen6.png, C:\\Users\\LENOVO\\Git_new\\Maya\\Reports\\20200806_001924\\Maya UAT\\UAT Test Suite\\20200806_001924\\1596644961342.png, C:\\Users\\LENOVO\\Git_new\\Maya\\Reports\\20200806_001924\\Maya UAT\\UAT Test Suite\\20200806_001924\\1596644962126.png"/>
         <property name="hostName" value="LENOVO - DESKTOP-CP3TV4N"/>
         <property name="os" value="Windows 10 64bit"/>
         <property name="appiumServerStatus" value="{\&quot;value\&quot;:{\&quot;build\&quot;:{\&quot;version\&quot;:\&quot;1.15.1\&quot;}},\&quot;sessionId\&quot;:null,\&quot;status\&quot;:0}"/>
         <property name="katalonVersion" value="7.2.7.1"/>
         <property name="deviceOS" value="Android"/>
         <property name="appiumVersion" value="1.15.1"/>
         <property name="deviceModel" value="Redmi Note 7S"/>
         <property name="hostAddress" value="192.168.0.100"/>
         <property name="deviceManufacturer" value="Xiaomi"/>
         <property name="deviceId" value="11cb9864"/>
         <property name="deviceName" value="Xiaomi Redmi Note 7S (Android 9)"/>
         <property name="deviceOSVersion" value="9"/>
      </properties>
      <testcase name="Test Cases/JINU/DuiTNow Drop 2/Mob Proxy" time="595.236" classname="Test Cases/JINU/DuiTNow Drop 2/Mob Proxy" status="FAILED">
         <failure type="FAILED" message="Test Cases/JINU/DuiTNow Drop 2/Mob Proxy FAILED.
Reason:
com.kms.katalon.core.exception.StepFailedException: Object Object Repository/Maya/RegisterDuitNow/android.widget.ImageView0 (10) not found
	at com.kms.katalon.core.keyword.internal.KeywordMain.stepFailed(KeywordMain.groovy:39)
	at com.kms.katalon.core.mobile.keyword.internal.MobileKeywordMain.stepFailed(MobileKeywordMain.groovy:40)
	at com.kms.katalon.core.mobile.keyword.builtin.TapKeyword$_tap_closure1.doCall(TapKeyword.groovy:79)
	at com.kms.katalon.core.mobile.keyword.builtin.TapKeyword$_tap_closure1.call(TapKeyword.groovy)
	at com.kms.katalon.core.mobile.keyword.internal.MobileKeywordMain.runKeyword(MobileKeywordMain.groovy:21)
	at com.kms.katalon.core.mobile.keyword.builtin.TapKeyword.tap(TapKeyword.groovy:86)
	at com.kms.katalon.core.mobile.keyword.builtin.TapKeyword.execute(TapKeyword.groovy:68)
	at com.kms.katalon.core.keyword.internal.KeywordExecutor.executeKeywordForPlatform(KeywordExecutor.groovy:72)
	at com.kms.katalon.core.mobile.keyword.MobileBuiltInKeywords.tap(MobileBuiltInKeywords.groovy:577)
	at com.kms.katalon.core.mobile.keyword.MobileBuiltInKeywords$tap$0.call(Unknown Source)
	at Mob Proxy.run(Mob Proxy:652)
	at com.kms.katalon.core.main.ScriptEngine.run(ScriptEngine.java:194)
	at com.kms.katalon.core.main.ScriptEngine.runScriptAsRawText(ScriptEngine.java:119)
	at com.kms.katalon.core.main.TestCaseExecutor.runScript(TestCaseExecutor.java:337)
	at com.kms.katalon.core.main.TestCaseExecutor.doExecute(TestCaseExecutor.java:328)
	at com.kms.katalon.core.main.TestCaseExecutor.processExecutionPhase(TestCaseExecutor.java:307)
	at com.kms.katalon.core.main.TestCaseExecutor.accessMainPhase(TestCaseExecutor.java:299)
	at com.kms.katalon.core.main.TestCaseExecutor.execute(TestCaseExecutor.java:233)
	at com.kms.katalon.core.main.TestSuiteExecutor.accessTestCaseMainPhase(TestSuiteExecutor.java:169)
	at com.kms.katalon.core.main.TestSuiteExecutor.accessTestSuiteMainPhase(TestSuiteExecutor.java:142)
	at com.kms.katalon.core.main.TestSuiteExecutor.execute(TestSuiteExecutor.java:91)
	at com.kms.katalon.core.main.TestCaseMain.startTestSuite(TestCaseMain.java:157)
	at com.kms.katalon.core.main.TestCaseMain$startTestSuite$0.call(Unknown Source)
	at TempTestSuite1596644364356.run(TempTestSuite1596644364356.groovy:36)
"/>
         <system-out><![CDATA[2020-08-06 00:19:27 - [TEST_CASE][FAILED] - Test Cases/JINU/DuiTNow Drop 2/Mob Proxy: Test Cases/JINU/DuiTNow Drop 2/Mob Proxy FAILED.
Reason:
com.kms.katalon.core.exception.StepFailedException: Object Object Repository/Maya/RegisterDuitNow/android.widget.ImageView0 (10) not found
	at com.kms.katalon.core.keyword.internal.KeywordMain.stepFailed(KeywordMain.groovy:39)
	at com.kms.katalon.core.mobile.keyword.internal.MobileKeywordMain.stepFailed(MobileKeywordMain.groovy:40)
	at com.kms.katalon.core.mobile.keyword.builtin.TapKeyword$_tap_closure1.doCall(TapKeyword.groovy:79)
	at com.kms.katalon.core.mobile.keyword.builtin.TapKeyword$_tap_closure1.call(TapKeyword.groovy)
	at com.kms.katalon.core.mobile.keyword.internal.MobileKeywordMain.runKeyword(MobileKeywordMain.groovy:21)
	at com.kms.katalon.core.mobile.keyword.builtin.TapKeyword.tap(TapKeyword.groovy:86)
	at com.kms.katalon.core.mobile.keyword.builtin.TapKeyword.execute(TapKeyword.groovy:68)
	at com.kms.katalon.core.keyword.internal.KeywordExecutor.executeKeywordForPlatform(KeywordExecutor.groovy:72)
	at com.kms.katalon.core.mobile.keyword.MobileBuiltInKeywords.tap(MobileBuiltInKeywords.groovy:577)
	at com.kms.katalon.core.mobile.keyword.MobileBuiltInKeywords$tap$0.call(Unknown Source)
	at Mob Proxy.run(Mob Proxy:652)
	at com.kms.katalon.core.main.ScriptEngine.run(ScriptEngine.java:194)
	at com.kms.katalon.core.main.ScriptEngine.runScriptAsRawText(ScriptEngine.java:119)
	at com.kms.katalon.core.main.TestCaseExecutor.runScript(TestCaseExecutor.java:337)
	at com.kms.katalon.core.main.TestCaseExecutor.doExecute(TestCaseExecutor.java:328)
	at com.kms.katalon.core.main.TestCaseExecutor.processExecutionPhase(TestCaseExecutor.java:307)
	at com.kms.katalon.core.main.TestCaseExecutor.accessMainPhase(TestCaseExecutor.java:299)
	at com.kms.katalon.core.main.TestCaseExecutor.execute(TestCaseExecutor.java:233)
	at com.kms.katalon.core.main.TestSuiteExecutor.accessTestCaseMainPhase(TestSuiteExecutor.java:169)
	at com.kms.katalon.core.main.TestSuiteExecutor.accessTestSuiteMainPhase(TestSuiteExecutor.java:142)
	at com.kms.katalon.core.main.TestSuiteExecutor.execute(TestSuiteExecutor.java:91)
	at com.kms.katalon.core.main.TestCaseMain.startTestSuite(TestCaseMain.java:157)
	at com.kms.katalon.core.main.TestCaseMain$startTestSuite$0.call(Unknown Source)
	at TempTestSuite1596644364356.run(TempTestSuite1596644364356.groovy:36)


2020-08-06 00:19:28 - [TEST_STEP][PASSED] - startApplication("C:\Users\LENOVO\Katalon Studio\app-uat-universal-release.apk", true): Started app at: 'C:\Users\LENOVO\Katalon Studio\app-uat-universal-release.apk'

2020-08-06 00:19:29 - [MESSAGE][INFO] - User set preference: ['appWaitActivity', '*']

2020-08-06 00:19:29 - [MESSAGE][INFO] - User set preference: ['appWaitPackage', 'com.maybank2u.life.uat']

2020-08-06 00:19:29 - [MESSAGE][INFO] - User set preference: ['appWaitDuration', '50,000']

2020-08-06 00:19:29 - [MESSAGE][INFO] - User set preference: ['deviceId', '11cb9864']

2020-08-06 00:19:31 - [MESSAGE][INFO] - Appium server started on port 65,348

2020-08-06 00:20:27 - [MESSAGE][PASSED] - Started app at: 'C:\Users\LENOVO\Katalon Studio\app-uat-universal-release.apk'

2020-08-06 00:20:27 - [TEST_STEP][PASSED] - delay(5, STOP_ON_FAILURE): Delayed 5 second(s)

2020-08-06 00:20:32 - [MESSAGE][PASSED] - Delayed 5 second(s)

2020-08-06 00:20:32 - [TEST_STEP][PASSED] - tap(findTestObject("Maya/login again/android.widget.TextView0 - Next"), 0): Tapped on element 'Object Repository/Maya/login again/android.widget.TextView0 - Next'

2020-08-06 00:20:32 - [MESSAGE][WARNING] - Timeout '0' is invalid. Using default page load timeout: '10'

2020-08-06 00:20:34 - [MESSAGE][PASSED] - Tapped on element 'Object Repository/Maya/login again/android.widget.TextView0 - Next'

2020-08-06 00:20:34 - [TEST_STEP][PASSED] - tap(findTestObject("Maya/login again/android.widget.TextView0 - Next"), 0): Tapped on element 'Object Repository/Maya/login again/android.widget.TextView0 - Next'

2020-08-06 00:20:35 - [MESSAGE][WARNING] - Timeout '0' is invalid. Using default page load timeout: '10'

2020-08-06 00:20:37 - [MESSAGE][PASSED] - Tapped on element 'Object Repository/Maya/login again/android.widget.TextView0 - Next'

2020-08-06 00:20:37 - [TEST_STEP][PASSED] - tap(findTestObject("Maya/login again/android.widget.TextView0 - Next"), 0): Tapped on element 'Object Repository/Maya/login again/android.widget.TextView0 - Next'

2020-08-06 00:20:37 - [MESSAGE][WARNING] - Timeout '0' is invalid. Using default page load timeout: '10'

2020-08-06 00:20:38 - [MESSAGE][PASSED] - Tapped on element 'Object Repository/Maya/login again/android.widget.TextView0 - Next'

2020-08-06 00:20:38 - [TEST_STEP][PASSED] - delay(2, STOP_ON_FAILURE): Delayed 2 second(s)

2020-08-06 00:20:40 - [MESSAGE][PASSED] - Delayed 2 second(s)

2020-08-06 00:20:40 - [TEST_STEP][PASSED] - takeScreenshot("C:\Users\LENOVO\Screenshot\DuitNowProxy\Screen1.png", CONTINUE_ON_FAILURE): Screenshot is taken

2020-08-06 00:20:42 - [MESSAGE][PASSED] - Screenshot is taken
[[ATTACHMENT|C:\\Users\\LENOVO\\Screenshot\\DuitNowProxy\\Screen1.png]]

2020-08-06 00:20:42 - [TEST_STEP][PASSED] - tap(findTestObject("Maya/Login/android.widget.Button0-Maybank2u"), 0): Tapped on element 'Object Repository/Maya/Login/android.widget.Button0-Maybank2u'

2020-08-06 00:20:42 - [MESSAGE][WARNING] - Timeout '0' is invalid. Using default page load timeout: '10'

2020-08-06 00:20:44 - [MESSAGE][PASSED] - Tapped on element 'Object Repository/Maya/Login/android.widget.Button0-Maybank2u'

2020-08-06 00:20:44 - [TEST_STEP][PASSED] - tap(findTestObject("Maya/Login/android.widget.TextView0 - Login to Maybank2u"), 0): Tapped on element 'Object Repository/Maya/Login/android.widget.TextView0 - Login to Maybank2u'

2020-08-06 00:20:44 - [MESSAGE][WARNING] - Timeout '0' is invalid. Using default page load timeout: '10'

2020-08-06 00:20:49 - [MESSAGE][PASSED] - Tapped on element 'Object Repository/Maya/Login/android.widget.TextView0 - Login to Maybank2u'

2020-08-06 00:20:49 - [TEST_STEP][PASSED] - tap(findTestObject("Maya/login again/android.widget.EditText0"), 0): Tapped on element 'Object Repository/Maya/login again/android.widget.EditText0'

2020-08-06 00:20:49 - [MESSAGE][WARNING] - Timeout '0' is invalid. Using default page load timeout: '10'

2020-08-06 00:20:53 - [MESSAGE][PASSED] - Tapped on element 'Object Repository/Maya/login again/android.widget.EditText0'

2020-08-06 00:20:53 - [TEST_STEP][PASSED] - setText(findTestObject("Maya/login again/android.widget.EditText0"), "rizaidi", 0): Text 'rizaidi' has been set to element 'Object Repository/Maya/login again/android.widget.EditText0'

2020-08-06 00:20:53 - [MESSAGE][WARNING] - Timeout '0' is invalid. Using default page load timeout: '10'

2020-08-06 00:20:54 - [MESSAGE][PASSED] - Text 'rizaidi' has been set to element 'Object Repository/Maya/login again/android.widget.EditText0'

2020-08-06 00:20:54 - [TEST_STEP][PASSED] - driver = getDriver(): null

2020-08-06 00:20:54 - [TEST_STEP][PASSED] - driver.pressKeyCode(ENTER): null

2020-08-06 00:20:55 - [TEST_STEP][PASSED] - tap(findTestObject("Maya/login again/android.widget.TextView0 - Yes Its Mine"), 0): Tapped on element 'Object Repository/Maya/login again/android.widget.TextView0 - Yes Its Mine'

2020-08-06 00:20:55 - [MESSAGE][WARNING] - Timeout '0' is invalid. Using default page load timeout: '10'

2020-08-06 00:21:05 - [MESSAGE][PASSED] - Tapped on element 'Object Repository/Maya/login again/android.widget.TextView0 - Yes Its Mine'

2020-08-06 00:21:05 - [TEST_STEP][PASSED] - tap(findTestObject("Maya/login again/android.widget.EditText0 (1)"), 0): Tapped on element 'Object Repository/Maya/login again/android.widget.EditText0 (1)'

2020-08-06 00:21:05 - [MESSAGE][WARNING] - Timeout '0' is invalid. Using default page load timeout: '10'

2020-08-06 00:21:07 - [MESSAGE][PASSED] - Tapped on element 'Object Repository/Maya/login again/android.widget.EditText0 (1)'

2020-08-06 00:21:07 - [TEST_STEP][PASSED] - setText(findTestObject("Maya/login again/android.widget.EditText0 (1)"), "pass1234", 0): Text 'pass1234' has been set to element 'Object Repository/Maya/login again/android.widget.EditText0 (1)'

2020-08-06 00:21:07 - [MESSAGE][WARNING] - Timeout '0' is invalid. Using default page load timeout: '10'

2020-08-06 00:21:08 - [MESSAGE][PASSED] - Text 'pass1234' has been set to element 'Object Repository/Maya/login again/android.widget.EditText0 (1)'

2020-08-06 00:21:08 - [TEST_STEP][PASSED] - driver.pressKeyCode(ENTER): null

2020-08-06 00:21:08 - [TEST_STEP][PASSED] - tap(findTestObject("Maya/login again/android.widget.TextView0 - 2"), 0): Tapped on element 'Object Repository/Maya/login again/android.widget.TextView0 - 2'

2020-08-06 00:21:08 - [MESSAGE][WARNING] - Timeout '0' is invalid. Using default page load timeout: '10'

2020-08-06 00:21:12 - [MESSAGE][PASSED] - Tapped on element 'Object Repository/Maya/login again/android.widget.TextView0 - 2'

2020-08-06 00:21:12 - [TEST_STEP][PASSED] - tap(findTestObject("Maya/login again/android.widget.TextView0 - 3"), 0): Tapped on element 'Object Repository/Maya/login again/android.widget.TextView0 - 3'

2020-08-06 00:21:13 - [MESSAGE][WARNING] - Timeout '0' is invalid. Using default page load timeout: '10'

2020-08-06 00:21:15 - [MESSAGE][PASSED] - Tapped on element 'Object Repository/Maya/login again/android.widget.TextView0 - 3'

2020-08-06 00:21:15 - [TEST_STEP][PASSED] - tap(findTestObject("Maya/login again/android.widget.TextView0 - 0"), 0): Tapped on element 'Object Repository/Maya/login again/android.widget.TextView0 - 0'

2020-08-06 00:21:15 - [MESSAGE][WARNING] - Timeout '0' is invalid. Using default page load timeout: '10'

2020-08-06 00:21:17 - [MESSAGE][PASSED] - Tapped on element 'Object Repository/Maya/login again/android.widget.TextView0 - 0'

2020-08-06 00:21:17 - [TEST_STEP][PASSED] - tap(findTestObject("Maya/login again/android.widget.TextView0 - 9"), 0): Tapped on element 'Object Repository/Maya/login again/android.widget.TextView0 - 9'

2020-08-06 00:21:17 - [MESSAGE][WARNING] - Timeout '0' is invalid. Using default page load timeout: '10'

2020-08-06 00:21:18 - [MESSAGE][PASSED] - Tapped on element 'Object Repository/Maya/login again/android.widget.TextView0 - 9'

2020-08-06 00:21:18 - [TEST_STEP][PASSED] - tap(findTestObject("Maya/login again/android.widget.TextView0 - 8"), 0): Tapped on element 'Object Repository/Maya/login again/android.widget.TextView0 - 8'

2020-08-06 00:21:18 - [MESSAGE][WARNING] - Timeout '0' is invalid. Using default page load timeout: '10'

2020-08-06 00:21:20 - [MESSAGE][PASSED] - Tapped on element 'Object Repository/Maya/login again/android.widget.TextView0 - 8'

2020-08-06 00:21:20 - [TEST_STEP][PASSED] - tap(findTestObject("Maya/login again/android.widget.TextView0 - 3"), 0): Tapped on element 'Object Repository/Maya/login again/android.widget.TextView0 - 3'

2020-08-06 00:21:20 - [MESSAGE][WARNING] - Timeout '0' is invalid. Using default page load timeout: '10'

2020-08-06 00:21:21 - [MESSAGE][PASSED] - Tapped on element 'Object Repository/Maya/login again/android.widget.TextView0 - 3'

2020-08-06 00:21:21 - [TEST_STEP][NOT_RUN] - tap(findTestObject("Maya/Login/android.widget.ImageView0"), 0): NOT_RUN: tap(findTestObject("Maya/Login/android.widget.ImageView0"), 0)

2020-08-06 00:21:21 - [MESSAGE][NOT_RUN] - NOT_RUN: tap(findTestObject("Maya/Login/android.widget.ImageView0"), 0)

2020-08-06 00:21:21 - [TEST_STEP][PASSED] - tap(findTestObject("Maya/One Tap Authorisation/android.widget.ImageView0 (8)"), 0): Tapped on element 'Object Repository/Maya/One Tap Authorisation/android.widget.ImageView0 (8)'

2020-08-06 00:21:21 - [MESSAGE][WARNING] - Timeout '0' is invalid. Using default page load timeout: '10'

2020-08-06 00:21:22 - [MESSAGE][PASSED] - Tapped on element 'Object Repository/Maya/One Tap Authorisation/android.widget.ImageView0 (8)'

2020-08-06 00:21:22 - [TEST_STEP][PASSED] - tap(findTestObject("Maya/login again/android.widget.TextView0 - 2"), 0): Tapped on element 'Object Repository/Maya/login again/android.widget.TextView0 - 2'

2020-08-06 00:21:22 - [MESSAGE][WARNING] - Timeout '0' is invalid. Using default page load timeout: '10'

2020-08-06 00:21:25 - [MESSAGE][PASSED] - Tapped on element 'Object Repository/Maya/login again/android.widget.TextView0 - 2'

2020-08-06 00:21:25 - [TEST_STEP][PASSED] - tap(findTestObject("Maya/login again/android.widget.TextView0 - 3"), 0): Tapped on element 'Object Repository/Maya/login again/android.widget.TextView0 - 3'

2020-08-06 00:21:25 - [MESSAGE][WARNING] - Timeout '0' is invalid. Using default page load timeout: '10'

2020-08-06 00:21:27 - [MESSAGE][PASSED] - Tapped on element 'Object Repository/Maya/login again/android.widget.TextView0 - 3'

2020-08-06 00:21:27 - [TEST_STEP][PASSED] - tap(findTestObject("Maya/login again/android.widget.TextView0 - 0"), 0): Tapped on element 'Object Repository/Maya/login again/android.widget.TextView0 - 0'

2020-08-06 00:21:27 - [MESSAGE][WARNING] - Timeout '0' is invalid. Using default page load timeout: '10'

2020-08-06 00:21:29 - [MESSAGE][PASSED] - Tapped on element 'Object Repository/Maya/login again/android.widget.TextView0 - 0'

2020-08-06 00:21:29 - [TEST_STEP][PASSED] - tap(findTestObject("Maya/login again/android.widget.TextView0 - 9"), 0): Tapped on element 'Object Repository/Maya/login again/android.widget.TextView0 - 9'

2020-08-06 00:21:29 - [MESSAGE][WARNING] - Timeout '0' is invalid. Using default page load timeout: '10'

2020-08-06 00:21:30 - [MESSAGE][PASSED] - Tapped on element 'Object Repository/Maya/login again/android.widget.TextView0 - 9'

2020-08-06 00:21:30 - [TEST_STEP][PASSED] - tap(findTestObject("Maya/login again/android.widget.TextView0 - 8"), 0): Tapped on element 'Object Repository/Maya/login again/android.widget.TextView0 - 8'

2020-08-06 00:21:30 - [MESSAGE][WARNING] - Timeout '0' is invalid. Using default page load timeout: '10'

2020-08-06 00:21:33 - [MESSAGE][PASSED] - Tapped on element 'Object Repository/Maya/login again/android.widget.TextView0 - 8'

2020-08-06 00:21:33 - [TEST_STEP][PASSED] - tap(findTestObject("Maya/login again/android.widget.TextView0 - 3"), 0): Tapped on element 'Object Repository/Maya/login again/android.widget.TextView0 - 3'

2020-08-06 00:21:33 - [MESSAGE][WARNING] - Timeout '0' is invalid. Using default page load timeout: '10'

2020-08-06 00:21:36 - [MESSAGE][PASSED] - Tapped on element 'Object Repository/Maya/login again/android.widget.TextView0 - 3'

2020-08-06 00:21:36 - [TEST_STEP][PASSED] - tap(findTestObject("Maya/One Tap Authorisation/android.widget.ImageView0 (8)"), 0): Tapped on element 'Object Repository/Maya/One Tap Authorisation/android.widget.ImageView0 (8)'

2020-08-06 00:21:36 - [MESSAGE][WARNING] - Timeout '0' is invalid. Using default page load timeout: '10'

2020-08-06 00:21:36 - [MESSAGE][PASSED] - Tapped on element 'Object Repository/Maya/One Tap Authorisation/android.widget.ImageView0 (8)'

2020-08-06 00:21:36 - [TEST_STEP][PASSED] - tap(findTestObject("Maya/login again/android.widget.TextView0 - Yes Proceeed"), 0): Tapped on element 'Object Repository/Maya/login again/android.widget.TextView0 - Yes Proceeed'

2020-08-06 00:21:36 - [MESSAGE][WARNING] - Timeout '0' is invalid. Using default page load timeout: '10'

2020-08-06 00:21:39 - [MESSAGE][PASSED] - Tapped on element 'Object Repository/Maya/login again/android.widget.TextView0 - Yes Proceeed'

2020-08-06 00:21:39 - [TEST_STEP][PASSED] - delay(2, STOP_ON_FAILURE): Delayed 2 second(s)

2020-08-06 00:21:41 - [MESSAGE][PASSED] - Delayed 2 second(s)

2020-08-06 00:21:41 - [TEST_STEP][PASSED] - takeScreenshot("C:\Users\LENOVO\Screenshot\DuitNowProxy\Screen2.png", CONTINUE_ON_FAILURE): Screenshot is taken

2020-08-06 00:21:42 - [MESSAGE][PASSED] - Screenshot is taken
[[ATTACHMENT|C:\\Users\\LENOVO\\Screenshot\\DuitNowProxy\\Screen2.png]]

2020-08-06 00:21:42 - [TEST_STEP][PASSED] - tap(findTestObject("Maya/Third Party CA account/android.widget.TextView0 - Your OTP no. is 460943"), 0): Tapped on element 'Object Repository/Maya/Third Party CA account/android.widget.TextView0 - Your OTP no. is 460943'

2020-08-06 00:21:42 - [MESSAGE][WARNING] - Timeout '0' is invalid. Using default page load timeout: '10'

2020-08-06 00:21:46 - [MESSAGE][PASSED] - Tapped on element 'Object Repository/Maya/Third Party CA account/android.widget.TextView0 - Your OTP no. is 460943'

2020-08-06 00:21:46 - [TEST_STEP][PASSED] - otpMessage = getText(findTestObject("Maya/Third Party CA account/android.widget.TextView0 - Your OTP no. is 460943"), 0): Text of element 'Object Repository/Maya/Third Party CA account/android.widget.TextView0 - Your OTP no. is 460943' is: 'Your OTP no. is 982666'

2020-08-06 00:21:46 - [MESSAGE][WARNING] - Timeout '0' is invalid. Using default page load timeout: '10'

2020-08-06 00:21:47 - [MESSAGE][PASSED] - Text of element 'Object Repository/Maya/Third Party CA account/android.widget.TextView0 - Your OTP no. is 460943' is: 'Your OTP no. is 982666'

2020-08-06 00:21:47 - [TEST_STEP][PASSED] - delay(2): Delayed 2 second(s)

2020-08-06 00:21:49 - [MESSAGE][PASSED] - Delayed 2 second(s)

2020-08-06 00:21:49 - [TEST_STEP][PASSED] - for ([i = 16, i <= 21, (i++)]): null

2020-08-06 00:21:49 - [TEST_STEP][PASSED] - delay(3, STOP_ON_FAILURE): Delayed 3 second(s)

2020-08-06 00:21:52 - [MESSAGE][PASSED] - Delayed 3 second(s)

2020-08-06 00:21:52 - [TEST_STEP][PASSED] - if (otpMessage[i] == "0"): null

2020-08-06 00:21:52 - [TEST_STEP][PASSED] - if (otpMessage[i] == "1"): null

2020-08-06 00:21:52 - [TEST_STEP][PASSED] - if (otpMessage[i] == "2"): null

2020-08-06 00:21:52 - [TEST_STEP][PASSED] - if (otpMessage[i] == "3"): null

2020-08-06 00:21:52 - [TEST_STEP][PASSED] - if (otpMessage[i] == "4"): null

2020-08-06 00:21:52 - [TEST_STEP][PASSED] - if (otpMessage[i] == "5"): null

2020-08-06 00:21:52 - [TEST_STEP][PASSED] - if (otpMessage[i] == "6"): null

2020-08-06 00:21:52 - [TEST_STEP][PASSED] - if (otpMessage[i] == "7"): null

2020-08-06 00:21:52 - [TEST_STEP][PASSED] - if (otpMessage[i] == "8"): null

2020-08-06 00:21:52 - [TEST_STEP][PASSED] - if (otpMessage[i] == "9"): Tapped on element 'Object Repository/Maya/login again/Spy- 9'

2020-08-06 00:21:52 - [TEST_STEP][PASSED] - delay(1, STOP_ON_FAILURE): Delayed 1 second(s)

2020-08-06 00:21:53 - [MESSAGE][PASSED] - Delayed 1 second(s)

2020-08-06 00:21:53 - [TEST_STEP][PASSED] - tap(findTestObject("Maya/login again/Spy- 9"), 0): Tapped on element 'Object Repository/Maya/login again/Spy- 9'

2020-08-06 00:21:53 - [MESSAGE][WARNING] - Timeout '0' is invalid. Using default page load timeout: '10'

2020-08-06 00:21:54 - [MESSAGE][PASSED] - Tapped on element 'Object Repository/Maya/login again/Spy- 9'

2020-08-06 00:21:54 - [TEST_STEP][PASSED] - delay(3, STOP_ON_FAILURE): Delayed 3 second(s)

2020-08-06 00:21:57 - [MESSAGE][PASSED] - Delayed 3 second(s)

2020-08-06 00:21:57 - [TEST_STEP][PASSED] - if (otpMessage[i] == "0"): null

2020-08-06 00:21:57 - [TEST_STEP][PASSED] - if (otpMessage[i] == "1"): null

2020-08-06 00:21:57 - [TEST_STEP][PASSED] - if (otpMessage[i] == "2"): null

2020-08-06 00:21:57 - [TEST_STEP][PASSED] - if (otpMessage[i] == "3"): null

2020-08-06 00:21:57 - [TEST_STEP][PASSED] - if (otpMessage[i] == "4"): null

2020-08-06 00:21:57 - [TEST_STEP][PASSED] - if (otpMessage[i] == "5"): null

2020-08-06 00:21:57 - [TEST_STEP][PASSED] - if (otpMessage[i] == "6"): null

2020-08-06 00:21:57 - [TEST_STEP][PASSED] - if (otpMessage[i] == "7"): null

2020-08-06 00:21:57 - [TEST_STEP][PASSED] - if (otpMessage[i] == "8"): Tapped on element 'Object Repository/Maya/login again/Spy - 8'

2020-08-06 00:21:57 - [TEST_STEP][PASSED] - delay(1, STOP_ON_FAILURE): Delayed 1 second(s)

2020-08-06 00:21:58 - [MESSAGE][PASSED] - Delayed 1 second(s)

2020-08-06 00:21:58 - [TEST_STEP][PASSED] - tap(findTestObject("Maya/login again/Spy - 8"), 0): Tapped on element 'Object Repository/Maya/login again/Spy - 8'

2020-08-06 00:21:58 - [MESSAGE][WARNING] - Timeout '0' is invalid. Using default page load timeout: '10'

2020-08-06 00:21:59 - [MESSAGE][PASSED] - Tapped on element 'Object Repository/Maya/login again/Spy - 8'

2020-08-06 00:21:59 - [TEST_STEP][PASSED] - if (otpMessage[i] == "9"): null

2020-08-06 00:21:59 - [TEST_STEP][PASSED] - delay(3, STOP_ON_FAILURE): Delayed 3 second(s)

2020-08-06 00:22:02 - [MESSAGE][PASSED] - Delayed 3 second(s)

2020-08-06 00:22:02 - [TEST_STEP][PASSED] - if (otpMessage[i] == "0"): null

2020-08-06 00:22:02 - [TEST_STEP][PASSED] - if (otpMessage[i] == "1"): null

2020-08-06 00:22:02 - [TEST_STEP][PASSED] - if (otpMessage[i] == "2"): Tapped on element 'Object Repository/Maya/login again/Spy- 2'

2020-08-06 00:22:02 - [TEST_STEP][PASSED] - delay(1, STOP_ON_FAILURE): Delayed 1 second(s)

2020-08-06 00:22:03 - [MESSAGE][PASSED] - Delayed 1 second(s)

2020-08-06 00:22:03 - [TEST_STEP][PASSED] - tap(findTestObject("Maya/login again/Spy- 2"), 0): Tapped on element 'Object Repository/Maya/login again/Spy- 2'

2020-08-06 00:22:03 - [MESSAGE][WARNING] - Timeout '0' is invalid. Using default page load timeout: '10'

2020-08-06 00:22:05 - [MESSAGE][PASSED] - Tapped on element 'Object Repository/Maya/login again/Spy- 2'

2020-08-06 00:22:05 - [TEST_STEP][PASSED] - if (otpMessage[i] == "3"): null

2020-08-06 00:22:05 - [TEST_STEP][PASSED] - if (otpMessage[i] == "4"): null

2020-08-06 00:22:05 - [TEST_STEP][PASSED] - if (otpMessage[i] == "5"): null

2020-08-06 00:22:05 - [TEST_STEP][PASSED] - if (otpMessage[i] == "6"): null

2020-08-06 00:22:05 - [TEST_STEP][PASSED] - if (otpMessage[i] == "7"): null

2020-08-06 00:22:05 - [TEST_STEP][PASSED] - if (otpMessage[i] == "8"): null

2020-08-06 00:22:05 - [TEST_STEP][PASSED] - if (otpMessage[i] == "9"): null

2020-08-06 00:22:05 - [TEST_STEP][PASSED] - delay(3, STOP_ON_FAILURE): Delayed 3 second(s)

2020-08-06 00:22:08 - [MESSAGE][PASSED] - Delayed 3 second(s)

2020-08-06 00:22:08 - [TEST_STEP][PASSED] - if (otpMessage[i] == "0"): null

2020-08-06 00:22:08 - [TEST_STEP][PASSED] - if (otpMessage[i] == "1"): null

2020-08-06 00:22:08 - [TEST_STEP][PASSED] - if (otpMessage[i] == "2"): null

2020-08-06 00:22:08 - [TEST_STEP][PASSED] - if (otpMessage[i] == "3"): null

2020-08-06 00:22:08 - [TEST_STEP][PASSED] - if (otpMessage[i] == "4"): null

2020-08-06 00:22:08 - [TEST_STEP][PASSED] - if (otpMessage[i] == "5"): null

2020-08-06 00:22:08 - [TEST_STEP][PASSED] - if (otpMessage[i] == "6"): Tapped on element 'Object Repository/Maya/login again/Spy- 6'

2020-08-06 00:22:08 - [TEST_STEP][PASSED] - delay(1, STOP_ON_FAILURE): Delayed 1 second(s)

2020-08-06 00:22:09 - [MESSAGE][PASSED] - Delayed 1 second(s)

2020-08-06 00:22:09 - [TEST_STEP][PASSED] - tap(findTestObject("Maya/login again/Spy- 6"), 0): Tapped on element 'Object Repository/Maya/login again/Spy- 6'

2020-08-06 00:22:09 - [MESSAGE][WARNING] - Timeout '0' is invalid. Using default page load timeout: '10'

2020-08-06 00:22:13 - [MESSAGE][PASSED] - Tapped on element 'Object Repository/Maya/login again/Spy- 6'

2020-08-06 00:22:13 - [TEST_STEP][PASSED] - if (otpMessage[i] == "7"): null

2020-08-06 00:22:13 - [TEST_STEP][PASSED] - if (otpMessage[i] == "8"): null

2020-08-06 00:22:13 - [TEST_STEP][PASSED] - if (otpMessage[i] == "9"): null

2020-08-06 00:22:13 - [TEST_STEP][PASSED] - delay(3, STOP_ON_FAILURE): Delayed 3 second(s)

2020-08-06 00:22:16 - [MESSAGE][PASSED] - Delayed 3 second(s)

2020-08-06 00:22:16 - [TEST_STEP][PASSED] - if (otpMessage[i] == "0"): null

2020-08-06 00:22:16 - [TEST_STEP][PASSED] - if (otpMessage[i] == "1"): null

2020-08-06 00:22:16 - [TEST_STEP][PASSED] - if (otpMessage[i] == "2"): null

2020-08-06 00:22:16 - [TEST_STEP][PASSED] - if (otpMessage[i] == "3"): null

2020-08-06 00:22:16 - [TEST_STEP][PASSED] - if (otpMessage[i] == "4"): null

2020-08-06 00:22:16 - [TEST_STEP][PASSED] - if (otpMessage[i] == "5"): null

2020-08-06 00:22:16 - [TEST_STEP][PASSED] - if (otpMessage[i] == "6"): Tapped on element 'Object Repository/Maya/login again/Spy- 6'

2020-08-06 00:22:16 - [TEST_STEP][PASSED] - delay(1, STOP_ON_FAILURE): Delayed 1 second(s)

2020-08-06 00:22:17 - [MESSAGE][PASSED] - Delayed 1 second(s)

2020-08-06 00:22:17 - [TEST_STEP][PASSED] - tap(findTestObject("Maya/login again/Spy- 6"), 0): Tapped on element 'Object Repository/Maya/login again/Spy- 6'

2020-08-06 00:22:17 - [MESSAGE][WARNING] - Timeout '0' is invalid. Using default page load timeout: '10'

2020-08-06 00:22:19 - [MESSAGE][PASSED] - Tapped on element 'Object Repository/Maya/login again/Spy- 6'

2020-08-06 00:22:19 - [TEST_STEP][PASSED] - if (otpMessage[i] == "7"): null

2020-08-06 00:22:19 - [TEST_STEP][PASSED] - if (otpMessage[i] == "8"): null

2020-08-06 00:22:19 - [TEST_STEP][PASSED] - if (otpMessage[i] == "9"): null

2020-08-06 00:22:19 - [TEST_STEP][PASSED] - delay(3, STOP_ON_FAILURE): Delayed 3 second(s)

2020-08-06 00:22:22 - [MESSAGE][PASSED] - Delayed 3 second(s)

2020-08-06 00:22:22 - [TEST_STEP][PASSED] - if (otpMessage[i] == "0"): null

2020-08-06 00:22:22 - [TEST_STEP][PASSED] - if (otpMessage[i] == "1"): null

2020-08-06 00:22:22 - [TEST_STEP][PASSED] - if (otpMessage[i] == "2"): null

2020-08-06 00:22:22 - [TEST_STEP][PASSED] - if (otpMessage[i] == "3"): null

2020-08-06 00:22:22 - [TEST_STEP][PASSED] - if (otpMessage[i] == "4"): null

2020-08-06 00:22:22 - [TEST_STEP][PASSED] - if (otpMessage[i] == "5"): null

2020-08-06 00:22:22 - [TEST_STEP][PASSED] - if (otpMessage[i] == "6"): Tapped on element 'Object Repository/Maya/login again/Spy- 6'

2020-08-06 00:22:22 - [TEST_STEP][PASSED] - delay(1, STOP_ON_FAILURE): Delayed 1 second(s)

2020-08-06 00:22:23 - [MESSAGE][PASSED] - Delayed 1 second(s)

2020-08-06 00:22:23 - [TEST_STEP][PASSED] - tap(findTestObject("Maya/login again/Spy- 6"), 0): Tapped on element 'Object Repository/Maya/login again/Spy- 6'

2020-08-06 00:22:23 - [MESSAGE][WARNING] - Timeout '0' is invalid. Using default page load timeout: '10'

2020-08-06 00:22:25 - [MESSAGE][PASSED] - Tapped on element 'Object Repository/Maya/login again/Spy- 6'

2020-08-06 00:22:25 - [TEST_STEP][PASSED] - if (otpMessage[i] == "7"): null

2020-08-06 00:22:25 - [TEST_STEP][PASSED] - if (otpMessage[i] == "8"): null

2020-08-06 00:22:25 - [TEST_STEP][PASSED] - if (otpMessage[i] == "9"): null

2020-08-06 00:22:25 - [TEST_STEP][PASSED] - delay(8, STOP_ON_FAILURE): Delayed 8 second(s)

2020-08-06 00:22:33 - [MESSAGE][PASSED] - Delayed 8 second(s)

2020-08-06 00:22:33 - [TEST_STEP][PASSED] - tap(findTestObject("Maya/Forgot Pin/android.widget.ImageView0 (7)"), 0): Tapped on element 'Object Repository/Maya/Forgot Pin/android.widget.ImageView0 (7)'

2020-08-06 00:22:34 - [MESSAGE][WARNING] - Timeout '0' is invalid. Using default page load timeout: '10'

2020-08-06 00:22:35 - [MESSAGE][PASSED] - Tapped on element 'Object Repository/Maya/Forgot Pin/android.widget.ImageView0 (7)'

2020-08-06 00:22:35 - [TEST_STEP][PASSED] - tap(findTestObject("Maya/Login/android.widget.EditText0 - Enter your name"), 0): Tapped on element 'Object Repository/Maya/Login/android.widget.EditText0 - Enter your name'

2020-08-06 00:22:35 - [MESSAGE][WARNING] - Timeout '0' is invalid. Using default page load timeout: '10'

2020-08-06 00:22:40 - [MESSAGE][PASSED] - Tapped on element 'Object Repository/Maya/Login/android.widget.EditText0 - Enter your name'

2020-08-06 00:22:40 - [TEST_STEP][PASSED] - setText(findTestObject("Maya/Login/android.widget.EditText0 - Enter your name"), "Test", 0): Text 'Test' has been set to element 'Object Repository/Maya/Login/android.widget.EditText0 - Enter your name'

2020-08-06 00:22:40 - [MESSAGE][WARNING] - Timeout '0' is invalid. Using default page load timeout: '10'

2020-08-06 00:22:43 - [MESSAGE][PASSED] - Text 'Test' has been set to element 'Object Repository/Maya/Login/android.widget.EditText0 - Enter your name'

2020-08-06 00:22:43 - [TEST_STEP][PASSED] - driver.pressKeyCode(ENTER): null

2020-08-06 00:22:44 - [TEST_STEP][PASSED] - delay(2, STOP_ON_FAILURE): Delayed 2 second(s)

2020-08-06 00:22:46 - [MESSAGE][PASSED] - Delayed 2 second(s)

2020-08-06 00:22:46 - [TEST_STEP][PASSED] - takeScreenshot("C:\Users\LENOVO\Screenshot\DuitNowProxy\Screen3.png", CONTINUE_ON_FAILURE): Screenshot is taken

2020-08-06 00:22:47 - [MESSAGE][PASSED] - Screenshot is taken
[[ATTACHMENT|C:\\Users\\LENOVO\\Screenshot\\DuitNowProxy\\Screen3.png]]

2020-08-06 00:22:47 - [TEST_STEP][PASSED] - tap(findTestObject("Maya/Login/android.widget.TextView0 - Continue"), 0): Tapped on element 'Object Repository/Maya/Login/android.widget.TextView0 - Continue'

2020-08-06 00:22:47 - [MESSAGE][WARNING] - Timeout '0' is invalid. Using default page load timeout: '10'

2020-08-06 00:22:50 - [MESSAGE][PASSED] - Tapped on element 'Object Repository/Maya/Login/android.widget.TextView0 - Continue'

2020-08-06 00:22:50 - [TEST_STEP][PASSED] - tap(findTestObject("Maya/RegisterDuitNow/android.widget.ImageView0-2 acct"), 0): Tapped on element 'Object Repository/Maya/RegisterDuitNow/android.widget.ImageView0-2 acct'

2020-08-06 00:22:50 - [MESSAGE][WARNING] - Timeout '0' is invalid. Using default page load timeout: '10'

2020-08-06 00:22:51 - [MESSAGE][PASSED] - Tapped on element 'Object Repository/Maya/RegisterDuitNow/android.widget.ImageView0-2 acct'

2020-08-06 00:22:51 - [TEST_STEP][PASSED] - tap(findTestObject("Maya/Login/android.widget.TextView0 - Continue"), 0): Tapped on element 'Object Repository/Maya/Login/android.widget.TextView0 - Continue'

2020-08-06 00:22:51 - [MESSAGE][WARNING] - Timeout '0' is invalid. Using default page load timeout: '10'

2020-08-06 00:22:53 - [MESSAGE][PASSED] - Tapped on element 'Object Repository/Maya/Login/android.widget.TextView0 - Continue'

2020-08-06 00:22:53 - [TEST_STEP][PASSED] - tap(findTestObject("Maya/Login/android.widget.TextView0 - Done setup"), 0): Tapped on element 'Object Repository/Maya/Login/android.widget.TextView0 - Done setup'

2020-08-06 00:22:53 - [MESSAGE][WARNING] - Timeout '0' is invalid. Using default page load timeout: '10'

2020-08-06 00:22:59 - [MESSAGE][PASSED] - Tapped on element 'Object Repository/Maya/Login/android.widget.TextView0 - Done setup'

2020-08-06 00:22:59 - [TEST_STEP][PASSED] - verifyElementText(findTestObject("Maya/Third Party Fav/android.widget.TextView0 - Test"), "Test", CONTINUE_ON_FAILURE): Actual text and expected text of test object 'Object Repository/Maya/Third Party Fav/android.widget.TextView0 - Test' are matched.

2020-08-06 00:23:03 - [MESSAGE][PASSED] - Actual text and expected text of test object 'Object Repository/Maya/Third Party Fav/android.widget.TextView0 - Test' are matched.

2020-08-06 00:23:03 - [TEST_STEP][PASSED] - tap(findTestObject("Maya/RegisterDuitNow/android.widget.TextView0 - More (1)"), 0): Tapped on element 'Object Repository/Maya/RegisterDuitNow/android.widget.TextView0 - More (1)'

2020-08-06 00:23:03 - [MESSAGE][WARNING] - Timeout '0' is invalid. Using default page load timeout: '10'

2020-08-06 00:23:16 - [MESSAGE][PASSED] - Tapped on element 'Object Repository/Maya/RegisterDuitNow/android.widget.TextView0 - More (1)'

2020-08-06 00:23:16 - [TEST_STEP][PASSED] - tap(findTestObject("Maya/RegisterDuitNow/android.widget.TextView0 - Settings (1)"), 0): Tapped on element 'Object Repository/Maya/RegisterDuitNow/android.widget.TextView0 - Settings (1)'

2020-08-06 00:23:16 - [MESSAGE][WARNING] - Timeout '0' is invalid. Using default page load timeout: '10'

2020-08-06 00:23:18 - [MESSAGE][PASSED] - Tapped on element 'Object Repository/Maya/RegisterDuitNow/android.widget.TextView0 - Settings (1)'

2020-08-06 00:23:18 - [TEST_STEP][PASSED] - tap(findTestObject("Maya/RegisterDuitNow/android.widget.TextView0 - Maybank2u (2)"), 0): Tapped on element 'Object Repository/Maya/RegisterDuitNow/android.widget.TextView0 - Maybank2u (2)'

2020-08-06 00:23:18 - [MESSAGE][WARNING] - Timeout '0' is invalid. Using default page load timeout: '10'

2020-08-06 00:23:20 - [MESSAGE][PASSED] - Tapped on element 'Object Repository/Maya/RegisterDuitNow/android.widget.TextView0 - Maybank2u (2)'

2020-08-06 00:23:20 - [TEST_STEP][PASSED] - tap(findTestObject("Maya/RegisterDuitNow/android.widget.TextView0 - DuitNow (6)"), 0): Tapped on element 'Object Repository/Maya/RegisterDuitNow/android.widget.TextView0 - DuitNow (6)'

2020-08-06 00:23:20 - [MESSAGE][WARNING] - Timeout '0' is invalid. Using default page load timeout: '10'

2020-08-06 00:23:23 - [MESSAGE][PASSED] - Tapped on element 'Object Repository/Maya/RegisterDuitNow/android.widget.TextView0 - DuitNow (6)'

2020-08-06 00:23:23 - [TEST_STEP][PASSED] - getText(findTestObject("Maya/RegisterDuitNow/android.widget.TextView0 - Link your Maybank account to an ID for DuitNow (1)"), 0): Text of element 'Object Repository/Maya/RegisterDuitNow/android.widget.TextView0 - Link your Maybank account to an ID for DuitNow (1)' is: 'Link your Maybank account to an ID for DuitNow'

2020-08-06 00:23:23 - [MESSAGE][WARNING] - Timeout '0' is invalid. Using default page load timeout: '10'

2020-08-06 00:23:23 - [MESSAGE][PASSED] - Text of element 'Object Repository/Maya/RegisterDuitNow/android.widget.TextView0 - Link your Maybank account to an ID for DuitNow (1)' is: 'Link your Maybank account to an ID for DuitNow'

2020-08-06 00:23:23 - [TEST_STEP][PASSED] - verifyElementExist(findTestObject("Maya/RegisterDuitNow/android.widget.TextView0 - Link your Maybank account to an ID for DuitNow (1)"), 0): Element 'Object Repository/Maya/RegisterDuitNow/android.widget.TextView0 - Link your Maybank account to an ID for DuitNow (1)' is exist

2020-08-06 00:23:23 - [MESSAGE][WARNING] - Timeout '0' is invalid. Using default page load timeout: '10'

2020-08-06 00:23:23 - [MESSAGE][PASSED] - Element 'Object Repository/Maya/RegisterDuitNow/android.widget.TextView0 - Link your Maybank account to an ID for DuitNow (1)' is exist

2020-08-06 00:23:23 - [TEST_STEP][PASSED] - delay(2, STOP_ON_FAILURE): Delayed 2 second(s)

2020-08-06 00:23:25 - [MESSAGE][PASSED] - Delayed 2 second(s)

2020-08-06 00:23:25 - [TEST_STEP][PASSED] - takeScreenshot("C:\Users\LENOVO\Screenshot\DuitNowProxy\Screen4.png", CONTINUE_ON_FAILURE): Screenshot is taken

2020-08-06 00:23:26 - [MESSAGE][PASSED] - Screenshot is taken
[[ATTACHMENT|C:\\Users\\LENOVO\\Screenshot\\DuitNowProxy\\Screen4.png]]

2020-08-06 00:23:26 - [TEST_STEP][PASSED] - getText(findTestObject("Maya/RegisterDuitNow/android.widget.TextView0 - Mobile Number"), 0): Text of element 'Object Repository/Maya/RegisterDuitNow/android.widget.TextView0 - Mobile Number' is: 'Mobile Number'

2020-08-06 00:23:27 - [MESSAGE][WARNING] - Timeout '0' is invalid. Using default page load timeout: '10'

2020-08-06 00:23:27 - [MESSAGE][PASSED] - Text of element 'Object Repository/Maya/RegisterDuitNow/android.widget.TextView0 - Mobile Number' is: 'Mobile Number'

2020-08-06 00:23:27 - [TEST_STEP][PASSED] - verifyElementExist(findTestObject("Maya/RegisterDuitNow/android.widget.TextView0 - Mobile Number"), 0): Element 'Object Repository/Maya/RegisterDuitNow/android.widget.TextView0 - Mobile Number' is exist

2020-08-06 00:23:27 - [MESSAGE][WARNING] - Timeout '0' is invalid. Using default page load timeout: '10'

2020-08-06 00:23:27 - [MESSAGE][PASSED] - Element 'Object Repository/Maya/RegisterDuitNow/android.widget.TextView0 - Mobile Number' is exist

2020-08-06 00:23:27 - [TEST_STEP][PASSED] - getText(findTestObject("Maya/RegisterDuitNow/android.widget.TextView0 - Maybank (2)"), 0): Text of element 'Object Repository/Maya/RegisterDuitNow/android.widget.TextView0 - Maybank (2)' is: 'Maybank'

2020-08-06 00:23:27 - [MESSAGE][WARNING] - Timeout '0' is invalid. Using default page load timeout: '10'

2020-08-06 00:23:28 - [MESSAGE][PASSED] - Text of element 'Object Repository/Maya/RegisterDuitNow/android.widget.TextView0 - Maybank (2)' is: 'Maybank'

2020-08-06 00:23:28 - [TEST_STEP][PASSED] - verifyElementExist(findTestObject("Maya/RegisterDuitNow/android.widget.TextView0 - Maybank (2)"), 0): Element 'Object Repository/Maya/RegisterDuitNow/android.widget.TextView0 - Maybank (2)' is exist

2020-08-06 00:23:28 - [MESSAGE][WARNING] - Timeout '0' is invalid. Using default page load timeout: '10'

2020-08-06 00:23:28 - [MESSAGE][PASSED] - Element 'Object Repository/Maya/RegisterDuitNow/android.widget.TextView0 - Maybank (2)' is exist

2020-08-06 00:23:28 - [TEST_STEP][PASSED] - getText(findTestObject("Maya/RegisterDuitNow/android.widget.TextView0 - 1028"), 0): Text of element 'Object Repository/Maya/RegisterDuitNow/android.widget.TextView0 - 1028' is: '********1028'

2020-08-06 00:23:28 - [MESSAGE][WARNING] - Timeout '0' is invalid. Using default page load timeout: '10'

2020-08-06 00:23:29 - [MESSAGE][PASSED] - Text of element 'Object Repository/Maya/RegisterDuitNow/android.widget.TextView0 - 1028' is: '********1028'

2020-08-06 00:23:29 - [TEST_STEP][PASSED] - verifyElementExist(findTestObject("Maya/RegisterDuitNow/android.widget.TextView0 - 1028"), 0): Element 'Object Repository/Maya/RegisterDuitNow/android.widget.TextView0 - 1028' is exist

2020-08-06 00:23:29 - [MESSAGE][WARNING] - Timeout '0' is invalid. Using default page load timeout: '10'

2020-08-06 00:23:29 - [MESSAGE][PASSED] - Element 'Object Repository/Maya/RegisterDuitNow/android.widget.TextView0 - 1028' is exist

2020-08-06 00:23:29 - [TEST_STEP][PASSED] - tap(findTestObject("Maya/RegisterDuitNow/android.widget.TextView0 - Mobile Number"), 0): Tapped on element 'Object Repository/Maya/RegisterDuitNow/android.widget.TextView0 - Mobile Number'

2020-08-06 00:23:29 - [MESSAGE][WARNING] - Timeout '0' is invalid. Using default page load timeout: '10'

2020-08-06 00:23:31 - [MESSAGE][PASSED] - Tapped on element 'Object Repository/Maya/RegisterDuitNow/android.widget.TextView0 - Mobile Number'

2020-08-06 00:23:31 - [TEST_STEP][PASSED] - delay(2, STOP_ON_FAILURE): Delayed 2 second(s)

2020-08-06 00:23:33 - [MESSAGE][PASSED] - Delayed 2 second(s)

2020-08-06 00:23:33 - [TEST_STEP][PASSED] - takeScreenshot("C:\Users\LENOVO\Screenshot\DuitNowProxy\Screen5.png", CONTINUE_ON_FAILURE): Screenshot is taken

2020-08-06 00:23:34 - [MESSAGE][PASSED] - Screenshot is taken
[[ATTACHMENT|C:\\Users\\LENOVO\\Screenshot\\DuitNowProxy\\Screen5.png]]

2020-08-06 00:23:34 - [TEST_STEP][PASSED] - getText(findTestObject("Maya/RegisterDuitNow/android.widget.TextView0 - Mobile Number (1)"), 0): Text of element 'Object Repository/Maya/RegisterDuitNow/android.widget.TextView0 - Mobile Number (1)' is: 'Mobile Number'

2020-08-06 00:23:34 - [MESSAGE][WARNING] - Timeout '0' is invalid. Using default page load timeout: '10'

2020-08-06 00:23:34 - [MESSAGE][PASSED] - Text of element 'Object Repository/Maya/RegisterDuitNow/android.widget.TextView0 - Mobile Number (1)' is: 'Mobile Number'

2020-08-06 00:23:34 - [TEST_STEP][PASSED] - verifyElementExist(findTestObject("Maya/RegisterDuitNow/android.widget.TextView0 - Mobile Number (1)"), 0): Element 'Object Repository/Maya/RegisterDuitNow/android.widget.TextView0 - Mobile Number (1)' is exist

2020-08-06 00:23:34 - [MESSAGE][WARNING] - Timeout '0' is invalid. Using default page load timeout: '10'

2020-08-06 00:23:34 - [MESSAGE][PASSED] - Element 'Object Repository/Maya/RegisterDuitNow/android.widget.TextView0 - Mobile Number (1)' is exist

2020-08-06 00:23:34 - [TEST_STEP][PASSED] - getText(findTestObject("Maya/RegisterDuitNow/android.widget.TextView0 - Status (1)"), 0): Text of element 'Object Repository/Maya/RegisterDuitNow/android.widget.TextView0 - Status (1)' is: 'Status'

2020-08-06 00:23:35 - [MESSAGE][WARNING] - Timeout '0' is invalid. Using default page load timeout: '10'

2020-08-06 00:23:35 - [MESSAGE][PASSED] - Text of element 'Object Repository/Maya/RegisterDuitNow/android.widget.TextView0 - Status (1)' is: 'Status'

2020-08-06 00:23:35 - [TEST_STEP][PASSED] - verifyElementExist(findTestObject("Maya/RegisterDuitNow/android.widget.TextView0 - Status (1)"), 0): Element 'Object Repository/Maya/RegisterDuitNow/android.widget.TextView0 - Status (1)' is exist

2020-08-06 00:23:35 - [MESSAGE][WARNING] - Timeout '0' is invalid. Using default page load timeout: '10'

2020-08-06 00:23:35 - [MESSAGE][PASSED] - Element 'Object Repository/Maya/RegisterDuitNow/android.widget.TextView0 - Status (1)' is exist

2020-08-06 00:23:35 - [TEST_STEP][PASSED] - getText(findTestObject("Maya/RegisterDuitNow/android.widget.TextView0 - ACTIVE (1)"), 0): Text of element 'Object Repository/Maya/RegisterDuitNow/android.widget.TextView0 - ACTIVE (1)' is: 'ACTIVE'

2020-08-06 00:23:35 - [MESSAGE][WARNING] - Timeout '0' is invalid. Using default page load timeout: '10'

2020-08-06 00:23:35 - [MESSAGE][PASSED] - Text of element 'Object Repository/Maya/RegisterDuitNow/android.widget.TextView0 - ACTIVE (1)' is: 'ACTIVE'

2020-08-06 00:23:35 - [TEST_STEP][PASSED] - verifyElementExist(findTestObject("Maya/RegisterDuitNow/android.widget.TextView0 - ACTIVE (1)"), 0): Element 'Object Repository/Maya/RegisterDuitNow/android.widget.TextView0 - ACTIVE (1)' is exist

2020-08-06 00:23:35 - [MESSAGE][WARNING] - Timeout '0' is invalid. Using default page load timeout: '10'

2020-08-06 00:23:36 - [MESSAGE][PASSED] - Element 'Object Repository/Maya/RegisterDuitNow/android.widget.TextView0 - ACTIVE (1)' is exist

2020-08-06 00:23:36 - [TEST_STEP][PASSED] - getText(findTestObject("Maya/RegisterDuitNow/android.widget.TextView0 - Receiving bank (1)"), 0): Text of element 'Object Repository/Maya/RegisterDuitNow/android.widget.TextView0 - Receiving bank (1)' is: 'Receiving bank'

2020-08-06 00:23:36 - [MESSAGE][WARNING] - Timeout '0' is invalid. Using default page load timeout: '10'

2020-08-06 00:23:36 - [MESSAGE][PASSED] - Text of element 'Object Repository/Maya/RegisterDuitNow/android.widget.TextView0 - Receiving bank (1)' is: 'Receiving bank'

2020-08-06 00:23:36 - [TEST_STEP][PASSED] - verifyElementExist(findTestObject("Maya/RegisterDuitNow/android.widget.TextView0 - Receiving bank (1)"), 0): Element 'Object Repository/Maya/RegisterDuitNow/android.widget.TextView0 - Receiving bank (1)' is exist

2020-08-06 00:23:36 - [MESSAGE][WARNING] - Timeout '0' is invalid. Using default page load timeout: '10'

2020-08-06 00:23:36 - [MESSAGE][PASSED] - Element 'Object Repository/Maya/RegisterDuitNow/android.widget.TextView0 - Receiving bank (1)' is exist

2020-08-06 00:23:36 - [TEST_STEP][PASSED] - getText(findTestObject("Maya/RegisterDuitNow/android.widget.TextView0 - Maybank (3)"), 0): Text of element 'Object Repository/Maya/RegisterDuitNow/android.widget.TextView0 - Maybank (3)' is: 'Maybank'

2020-08-06 00:23:36 - [MESSAGE][WARNING] - Timeout '0' is invalid. Using default page load timeout: '10'

2020-08-06 00:23:36 - [MESSAGE][PASSED] - Text of element 'Object Repository/Maya/RegisterDuitNow/android.widget.TextView0 - Maybank (3)' is: 'Maybank'

2020-08-06 00:23:36 - [TEST_STEP][PASSED] - verifyElementExist(findTestObject("Maya/RegisterDuitNow/android.widget.TextView0 - Maybank (3)"), 0): Element 'Object Repository/Maya/RegisterDuitNow/android.widget.TextView0 - Maybank (3)' is exist

2020-08-06 00:23:36 - [MESSAGE][WARNING] - Timeout '0' is invalid. Using default page load timeout: '10'

2020-08-06 00:23:36 - [MESSAGE][PASSED] - Element 'Object Repository/Maya/RegisterDuitNow/android.widget.TextView0 - Maybank (3)' is exist

2020-08-06 00:23:36 - [TEST_STEP][PASSED] - getText(findTestObject("Maya/RegisterDuitNow/android.widget.TextView0 - 1028 (1)"), 0): Text of element 'Object Repository/Maya/RegisterDuitNow/android.widget.TextView0 - 1028 (1)' is: '********1028'

2020-08-06 00:23:36 - [MESSAGE][WARNING] - Timeout '0' is invalid. Using default page load timeout: '10'

2020-08-06 00:23:37 - [MESSAGE][PASSED] - Text of element 'Object Repository/Maya/RegisterDuitNow/android.widget.TextView0 - 1028 (1)' is: '********1028'

2020-08-06 00:23:37 - [TEST_STEP][PASSED] - verifyElementExist(findTestObject("Maya/RegisterDuitNow/android.widget.TextView0 - 1028 (1)"), 0): Element 'Object Repository/Maya/RegisterDuitNow/android.widget.TextView0 - 1028 (1)' is exist

2020-08-06 00:23:37 - [MESSAGE][WARNING] - Timeout '0' is invalid. Using default page load timeout: '10'

2020-08-06 00:23:38 - [MESSAGE][PASSED] - Element 'Object Repository/Maya/RegisterDuitNow/android.widget.TextView0 - 1028 (1)' is exist

2020-08-06 00:23:38 - [TEST_STEP][PASSED] - getText(findTestObject("Maya/RegisterDuitNow/android.widget.TextView0 - 1075"), 0): Text of element 'Object Repository/Maya/RegisterDuitNow/android.widget.TextView0 - 1075' is: '********4643'

2020-08-06 00:23:38 - [MESSAGE][WARNING] - Timeout '0' is invalid. Using default page load timeout: '10'

2020-08-06 00:23:38 - [MESSAGE][PASSED] - Text of element 'Object Repository/Maya/RegisterDuitNow/android.widget.TextView0 - 1075' is: '********4643'

2020-08-06 00:23:38 - [TEST_STEP][PASSED] - verifyElementExist(findTestObject("Maya/RegisterDuitNow/android.widget.TextView0 - 1075"), 0): Element 'Object Repository/Maya/RegisterDuitNow/android.widget.TextView0 - 1075' is exist

2020-08-06 00:23:39 - [MESSAGE][WARNING] - Timeout '0' is invalid. Using default page load timeout: '10'

2020-08-06 00:23:39 - [MESSAGE][PASSED] - Element 'Object Repository/Maya/RegisterDuitNow/android.widget.TextView0 - 1075' is exist

2020-08-06 00:23:39 - [TEST_STEP][PASSED] - tap(findTestObject("Maya/RegisterDuitNow/android.widget.TextView0 - Deregister DuitNow"), 0): Tapped on element 'Object Repository/Maya/RegisterDuitNow/android.widget.TextView0 - Deregister DuitNow'

2020-08-06 00:23:39 - [MESSAGE][WARNING] - Timeout '0' is invalid. Using default page load timeout: '10'

2020-08-06 00:23:40 - [MESSAGE][PASSED] - Tapped on element 'Object Repository/Maya/RegisterDuitNow/android.widget.TextView0 - Deregister DuitNow'

2020-08-06 00:23:40 - [TEST_STEP][PASSED] - delay(2, STOP_ON_FAILURE): Delayed 2 second(s)

2020-08-06 00:23:42 - [MESSAGE][PASSED] - Delayed 2 second(s)

2020-08-06 00:23:42 - [TEST_STEP][PASSED] - takeScreenshot("C:\Users\LENOVO\Screenshot\DuitNowProxy\Screen8.png", CONTINUE_ON_FAILURE): Screenshot is taken

2020-08-06 00:23:43 - [MESSAGE][PASSED] - Screenshot is taken
[[ATTACHMENT|C:\\Users\\LENOVO\\Screenshot\\DuitNowProxy\\Screen8.png]]

2020-08-06 00:23:43 - [TEST_STEP][PASSED] - tap(findTestObject("Maya/RegisterDuitNow/android.widget.TextView0 - Confirm (2)"), 0): Tapped on element 'Object Repository/Maya/RegisterDuitNow/android.widget.TextView0 - Confirm (2)'

2020-08-06 00:23:43 - [MESSAGE][WARNING] - Timeout '0' is invalid. Using default page load timeout: '10'

2020-08-06 00:23:45 - [MESSAGE][PASSED] - Tapped on element 'Object Repository/Maya/RegisterDuitNow/android.widget.TextView0 - Confirm (2)'

2020-08-06 00:23:45 - [TEST_STEP][PASSED] - delay(2, STOP_ON_FAILURE): Delayed 2 second(s)

2020-08-06 00:23:47 - [MESSAGE][PASSED] - Delayed 2 second(s)

2020-08-06 00:23:47 - [TEST_STEP][PASSED] - takeScreenshot("C:\Users\LENOVO\Screenshot\DuitNowProxy\Screen9.png", CONTINUE_ON_FAILURE): Screenshot is taken

2020-08-06 00:23:48 - [MESSAGE][PASSED] - Screenshot is taken
[[ATTACHMENT|C:\\Users\\LENOVO\\Screenshot\\DuitNowProxy\\Screen9.png]]

2020-08-06 00:23:48 - [TEST_STEP][PASSED] - tap(findTestObject("Maya/RegisterDuitNow/android.widget.TextView0 - Confirm (1)"), 0): Tapped on element 'Object Repository/Maya/RegisterDuitNow/android.widget.TextView0 - Confirm (1)'

2020-08-06 00:23:48 - [MESSAGE][WARNING] - Timeout '0' is invalid. Using default page load timeout: '10'

2020-08-06 00:23:50 - [MESSAGE][PASSED] - Tapped on element 'Object Repository/Maya/RegisterDuitNow/android.widget.TextView0 - Confirm (1)'

2020-08-06 00:23:50 - [TEST_STEP][PASSED] - otp = getText(findTestObject("Maya/Third Party CA account/android.widget.TextView0 - Your OTP no. is 460943"), 0): Text of element 'Object Repository/Maya/Third Party CA account/android.widget.TextView0 - Your OTP no. is 460943' is: 'Your OTP no. is 522276'

2020-08-06 00:23:50 - [MESSAGE][WARNING] - Timeout '0' is invalid. Using default page load timeout: '10'

2020-08-06 00:23:52 - [MESSAGE][PASSED] - Text of element 'Object Repository/Maya/Third Party CA account/android.widget.TextView0 - Your OTP no. is 460943' is: 'Your OTP no. is 522276'

2020-08-06 00:23:52 - [TEST_STEP][PASSED] - delay(2): Delayed 2 second(s)

2020-08-06 00:23:54 - [MESSAGE][PASSED] - Delayed 2 second(s)

2020-08-06 00:23:54 - [TEST_STEP][PASSED] - for ([i = 16, i <= 21, (i++)]): null

2020-08-06 00:23:54 - [TEST_STEP][PASSED] - delay(3, STOP_ON_FAILURE): Delayed 3 second(s)

2020-08-06 00:23:57 - [MESSAGE][PASSED] - Delayed 3 second(s)

2020-08-06 00:23:57 - [TEST_STEP][PASSED] - if (otp[i] == "0"): null

2020-08-06 00:23:57 - [TEST_STEP][PASSED] - if (otp[i] == "1"): null

2020-08-06 00:23:57 - [TEST_STEP][PASSED] - if (otp[i] == "2"): null

2020-08-06 00:23:57 - [TEST_STEP][PASSED] - if (otp[i] == "3"): null

2020-08-06 00:23:57 - [TEST_STEP][PASSED] - if (otp[i] == "4"): null

2020-08-06 00:23:57 - [TEST_STEP][PASSED] - if (otp[i] == "5"): Tapped on element 'Object Repository/Maya/login again/Spy- 5'

2020-08-06 00:23:57 - [TEST_STEP][PASSED] - delay(1, STOP_ON_FAILURE): Delayed 1 second(s)

2020-08-06 00:23:58 - [MESSAGE][PASSED] - Delayed 1 second(s)

2020-08-06 00:23:58 - [TEST_STEP][PASSED] - tap(findTestObject("Maya/login again/Spy- 5"), 0): Tapped on element 'Object Repository/Maya/login again/Spy- 5'

2020-08-06 00:23:59 - [MESSAGE][WARNING] - Timeout '0' is invalid. Using default page load timeout: '10'

2020-08-06 00:24:01 - [MESSAGE][PASSED] - Tapped on element 'Object Repository/Maya/login again/Spy- 5'

2020-08-06 00:24:01 - [TEST_STEP][PASSED] - if (otp[i] == "6"): null

2020-08-06 00:24:01 - [TEST_STEP][PASSED] - if (otp[i] == "7"): null

2020-08-06 00:24:01 - [TEST_STEP][PASSED] - if (otp[i] == "8"): null

2020-08-06 00:24:01 - [TEST_STEP][PASSED] - if (otp[i] == "9"): null

2020-08-06 00:24:01 - [TEST_STEP][PASSED] - delay(3, STOP_ON_FAILURE): Delayed 3 second(s)

2020-08-06 00:24:04 - [MESSAGE][PASSED] - Delayed 3 second(s)

2020-08-06 00:24:04 - [TEST_STEP][PASSED] - if (otp[i] == "0"): null

2020-08-06 00:24:04 - [TEST_STEP][PASSED] - if (otp[i] == "1"): null

2020-08-06 00:24:04 - [TEST_STEP][PASSED] - if (otp[i] == "2"): Tapped on element 'Object Repository/Maya/login again/Spy- 2'

2020-08-06 00:24:04 - [TEST_STEP][PASSED] - delay(1, STOP_ON_FAILURE): Delayed 1 second(s)

2020-08-06 00:24:05 - [MESSAGE][PASSED] - Delayed 1 second(s)

2020-08-06 00:24:05 - [TEST_STEP][PASSED] - tap(findTestObject("Maya/login again/Spy- 2"), 0): Tapped on element 'Object Repository/Maya/login again/Spy- 2'

2020-08-06 00:24:05 - [MESSAGE][WARNING] - Timeout '0' is invalid. Using default page load timeout: '10'

2020-08-06 00:24:06 - [MESSAGE][PASSED] - Tapped on element 'Object Repository/Maya/login again/Spy- 2'

2020-08-06 00:24:06 - [TEST_STEP][PASSED] - if (otp[i] == "3"): null

2020-08-06 00:24:06 - [TEST_STEP][PASSED] - if (otp[i] == "4"): null

2020-08-06 00:24:06 - [TEST_STEP][PASSED] - if (otp[i] == "5"): null

2020-08-06 00:24:06 - [TEST_STEP][PASSED] - if (otp[i] == "6"): null

2020-08-06 00:24:06 - [TEST_STEP][PASSED] - if (otp[i] == "7"): null

2020-08-06 00:24:06 - [TEST_STEP][PASSED] - if (otp[i] == "8"): null

2020-08-06 00:24:06 - [TEST_STEP][PASSED] - if (otp[i] == "9"): null

2020-08-06 00:24:06 - [TEST_STEP][PASSED] - delay(3, STOP_ON_FAILURE): Delayed 3 second(s)

2020-08-06 00:24:09 - [MESSAGE][PASSED] - Delayed 3 second(s)

2020-08-06 00:24:09 - [TEST_STEP][PASSED] - if (otp[i] == "0"): null

2020-08-06 00:24:09 - [TEST_STEP][PASSED] - if (otp[i] == "1"): null

2020-08-06 00:24:09 - [TEST_STEP][PASSED] - if (otp[i] == "2"): Tapped on element 'Object Repository/Maya/login again/Spy- 2'

2020-08-06 00:24:09 - [TEST_STEP][PASSED] - delay(1, STOP_ON_FAILURE): Delayed 1 second(s)

2020-08-06 00:24:10 - [MESSAGE][PASSED] - Delayed 1 second(s)

2020-08-06 00:24:10 - [TEST_STEP][PASSED] - tap(findTestObject("Maya/login again/Spy- 2"), 0): Tapped on element 'Object Repository/Maya/login again/Spy- 2'

2020-08-06 00:24:11 - [MESSAGE][WARNING] - Timeout '0' is invalid. Using default page load timeout: '10'

2020-08-06 00:24:12 - [MESSAGE][PASSED] - Tapped on element 'Object Repository/Maya/login again/Spy- 2'

2020-08-06 00:24:12 - [TEST_STEP][PASSED] - if (otp[i] == "3"): null

2020-08-06 00:24:12 - [TEST_STEP][PASSED] - if (otp[i] == "4"): null

2020-08-06 00:24:12 - [TEST_STEP][PASSED] - if (otp[i] == "5"): null

2020-08-06 00:24:12 - [TEST_STEP][PASSED] - if (otp[i] == "6"): null

2020-08-06 00:24:12 - [TEST_STEP][PASSED] - if (otp[i] == "7"): null

2020-08-06 00:24:12 - [TEST_STEP][PASSED] - if (otp[i] == "8"): null

2020-08-06 00:24:12 - [TEST_STEP][PASSED] - if (otp[i] == "9"): null

2020-08-06 00:24:12 - [TEST_STEP][PASSED] - delay(3, STOP_ON_FAILURE): Delayed 3 second(s)

2020-08-06 00:24:15 - [MESSAGE][PASSED] - Delayed 3 second(s)

2020-08-06 00:24:15 - [TEST_STEP][PASSED] - if (otp[i] == "0"): null

2020-08-06 00:24:15 - [TEST_STEP][PASSED] - if (otp[i] == "1"): null

2020-08-06 00:24:15 - [TEST_STEP][PASSED] - if (otp[i] == "2"): Tapped on element 'Object Repository/Maya/login again/Spy- 2'

2020-08-06 00:24:15 - [TEST_STEP][PASSED] - delay(1, STOP_ON_FAILURE): Delayed 1 second(s)

2020-08-06 00:24:16 - [MESSAGE][PASSED] - Delayed 1 second(s)

2020-08-06 00:24:16 - [TEST_STEP][PASSED] - tap(findTestObject("Maya/login again/Spy- 2"), 0): Tapped on element 'Object Repository/Maya/login again/Spy- 2'

2020-08-06 00:24:16 - [MESSAGE][WARNING] - Timeout '0' is invalid. Using default page load timeout: '10'

2020-08-06 00:24:17 - [MESSAGE][PASSED] - Tapped on element 'Object Repository/Maya/login again/Spy- 2'

2020-08-06 00:24:17 - [TEST_STEP][PASSED] - if (otp[i] == "3"): null

2020-08-06 00:24:17 - [TEST_STEP][PASSED] - if (otp[i] == "4"): null

2020-08-06 00:24:17 - [TEST_STEP][PASSED] - if (otp[i] == "5"): null

2020-08-06 00:24:17 - [TEST_STEP][PASSED] - if (otp[i] == "6"): null

2020-08-06 00:24:17 - [TEST_STEP][PASSED] - if (otp[i] == "7"): null

2020-08-06 00:24:17 - [TEST_STEP][PASSED] - if (otp[i] == "8"): null

2020-08-06 00:24:17 - [TEST_STEP][PASSED] - if (otp[i] == "9"): null

2020-08-06 00:24:17 - [TEST_STEP][PASSED] - delay(3, STOP_ON_FAILURE): Delayed 3 second(s)

2020-08-06 00:24:20 - [MESSAGE][PASSED] - Delayed 3 second(s)

2020-08-06 00:24:20 - [TEST_STEP][PASSED] - if (otp[i] == "0"): null

2020-08-06 00:24:20 - [TEST_STEP][PASSED] - if (otp[i] == "1"): null

2020-08-06 00:24:20 - [TEST_STEP][PASSED] - if (otp[i] == "2"): null

2020-08-06 00:24:20 - [TEST_STEP][PASSED] - if (otp[i] == "3"): null

2020-08-06 00:24:20 - [TEST_STEP][PASSED] - if (otp[i] == "4"): null

2020-08-06 00:24:20 - [TEST_STEP][PASSED] - if (otp[i] == "5"): null

2020-08-06 00:24:20 - [TEST_STEP][PASSED] - if (otp[i] == "6"): null

2020-08-06 00:24:20 - [TEST_STEP][PASSED] - if (otp[i] == "7"): Tapped on element 'Object Repository/Maya/login again/Spy - 7'

2020-08-06 00:24:20 - [TEST_STEP][PASSED] - delay(1, STOP_ON_FAILURE): Delayed 1 second(s)

2020-08-06 00:24:21 - [MESSAGE][PASSED] - Delayed 1 second(s)

2020-08-06 00:24:21 - [TEST_STEP][PASSED] - tap(findTestObject("Maya/login again/Spy - 7"), 0): Tapped on element 'Object Repository/Maya/login again/Spy - 7'

2020-08-06 00:24:21 - [MESSAGE][WARNING] - Timeout '0' is invalid. Using default page load timeout: '10'

2020-08-06 00:24:22 - [MESSAGE][PASSED] - Tapped on element 'Object Repository/Maya/login again/Spy - 7'

2020-08-06 00:24:22 - [TEST_STEP][PASSED] - if (otp[i] == "8"): null

2020-08-06 00:24:22 - [TEST_STEP][PASSED] - if (otp[i] == "9"): null

2020-08-06 00:24:22 - [TEST_STEP][PASSED] - delay(3, STOP_ON_FAILURE): Delayed 3 second(s)

2020-08-06 00:24:25 - [MESSAGE][PASSED] - Delayed 3 second(s)

2020-08-06 00:24:25 - [TEST_STEP][PASSED] - if (otp[i] == "0"): null

2020-08-06 00:24:25 - [TEST_STEP][PASSED] - if (otp[i] == "1"): null

2020-08-06 00:24:25 - [TEST_STEP][PASSED] - if (otp[i] == "2"): null

2020-08-06 00:24:25 - [TEST_STEP][PASSED] - if (otp[i] == "3"): null

2020-08-06 00:24:25 - [TEST_STEP][PASSED] - if (otp[i] == "4"): null

2020-08-06 00:24:25 - [TEST_STEP][PASSED] - if (otp[i] == "5"): null

2020-08-06 00:24:25 - [TEST_STEP][PASSED] - if (otp[i] == "6"): Tapped on element 'Object Repository/Maya/login again/Spy- 6'

2020-08-06 00:24:25 - [TEST_STEP][PASSED] - delay(1, STOP_ON_FAILURE): Delayed 1 second(s)

2020-08-06 00:24:26 - [MESSAGE][PASSED] - Delayed 1 second(s)

2020-08-06 00:24:26 - [TEST_STEP][PASSED] - tap(findTestObject("Maya/login again/Spy- 6"), 0): Tapped on element 'Object Repository/Maya/login again/Spy- 6'

2020-08-06 00:24:26 - [MESSAGE][WARNING] - Timeout '0' is invalid. Using default page load timeout: '10'

2020-08-06 00:24:27 - [MESSAGE][PASSED] - Tapped on element 'Object Repository/Maya/login again/Spy- 6'

2020-08-06 00:24:27 - [TEST_STEP][PASSED] - if (otp[i] == "7"): null

2020-08-06 00:24:27 - [TEST_STEP][PASSED] - if (otp[i] == "8"): null

2020-08-06 00:24:27 - [TEST_STEP][PASSED] - if (otp[i] == "9"): null

2020-08-06 00:24:27 - [TEST_STEP][PASSED] - delay(8, STOP_ON_FAILURE): Delayed 8 second(s)

2020-08-06 00:24:35 - [MESSAGE][PASSED] - Delayed 8 second(s)

2020-08-06 00:24:35 - [TEST_STEP][PASSED] - tap(findTestObject("Maya/Forgot Pin/android.widget.ImageView0 (7)"), 0): Tapped on element 'Object Repository/Maya/Forgot Pin/android.widget.ImageView0 (7)'

2020-08-06 00:24:35 - [MESSAGE][WARNING] - Timeout '0' is invalid. Using default page load timeout: '10'

2020-08-06 00:24:36 - [MESSAGE][PASSED] - Tapped on element 'Object Repository/Maya/Forgot Pin/android.widget.ImageView0 (7)'

2020-08-06 00:24:36 - [TEST_STEP][PASSED] - verifyElementExist(findTestObject("Maya/RegisterDuitNow/android.widget.TextView0 - DuitNow successfully deregistered."), 0): Element 'Object Repository/Maya/RegisterDuitNow/android.widget.TextView0 - DuitNow successfully deregistered.' is exist

2020-08-06 00:24:36 - [MESSAGE][WARNING] - Timeout '0' is invalid. Using default page load timeout: '10'

2020-08-06 00:24:40 - [MESSAGE][PASSED] - Element 'Object Repository/Maya/RegisterDuitNow/android.widget.TextView0 - DuitNow successfully deregistered.' is exist

2020-08-06 00:24:40 - [TEST_STEP][PASSED] - delay(2, STOP_ON_FAILURE): Delayed 2 second(s)

2020-08-06 00:24:42 - [MESSAGE][PASSED] - Delayed 2 second(s)

2020-08-06 00:24:42 - [TEST_STEP][PASSED] - takeScreenshot("C:\Users\LENOVO\Screenshot\DuitNowProxy\Screen10.png", CONTINUE_ON_FAILURE): Screenshot is taken

2020-08-06 00:24:42 - [MESSAGE][PASSED] - Screenshot is taken
[[ATTACHMENT|C:\\Users\\LENOVO\\Screenshot\\DuitNowProxy\\Screen10.png]]

2020-08-06 00:24:42 - [TEST_STEP][PASSED] - tap(findTestObject("Maya/RegisterDuitNow/android.widget.TextView0 - DuitNow (6)"), 0): Tapped on element 'Object Repository/Maya/RegisterDuitNow/android.widget.TextView0 - DuitNow (6)'

2020-08-06 00:24:42 - [MESSAGE][WARNING] - Timeout '0' is invalid. Using default page load timeout: '10'

2020-08-06 00:24:45 - [MESSAGE][PASSED] - Tapped on element 'Object Repository/Maya/RegisterDuitNow/android.widget.TextView0 - DuitNow (6)'

2020-08-06 00:24:45 - [TEST_STEP][PASSED] - getText(findTestObject("Maya/RegisterDuitNow/android.widget.TextView0 - Select account"), 0): Text of element 'Object Repository/Maya/RegisterDuitNow/android.widget.TextView0 - Select account' is: 'Select account'

2020-08-06 00:24:45 - [MESSAGE][WARNING] - Timeout '0' is invalid. Using default page load timeout: '10'

2020-08-06 00:24:45 - [MESSAGE][PASSED] - Text of element 'Object Repository/Maya/RegisterDuitNow/android.widget.TextView0 - Select account' is: 'Select account'

2020-08-06 00:24:45 - [TEST_STEP][PASSED] - getText(findTestObject("Maya/RegisterDuitNow/android.widget.TextView0 - Not registered"), 0): Text of element 'Object Repository/Maya/RegisterDuitNow/android.widget.TextView0 - Not registered' is: 'Not registered'

2020-08-06 00:24:45 - [MESSAGE][WARNING] - Timeout '0' is invalid. Using default page load timeout: '10'

2020-08-06 00:24:45 - [MESSAGE][PASSED] - Text of element 'Object Repository/Maya/RegisterDuitNow/android.widget.TextView0 - Not registered' is: 'Not registered'

2020-08-06 00:24:45 - [TEST_STEP][PASSED] - delay(2, STOP_ON_FAILURE): Delayed 2 second(s)

2020-08-06 00:24:47 - [MESSAGE][PASSED] - Delayed 2 second(s)

2020-08-06 00:24:47 - [TEST_STEP][PASSED] - takeScreenshot("C:\Users\LENOVO\Screenshot\DuitNowProxy\Screen11.png", CONTINUE_ON_FAILURE): Screenshot is taken

2020-08-06 00:24:48 - [MESSAGE][PASSED] - Screenshot is taken
[[ATTACHMENT|C:\\Users\\LENOVO\\Screenshot\\DuitNowProxy\\Screen11.png]]

2020-08-06 00:24:48 - [TEST_STEP][PASSED] - tap(findTestObject("Maya/RegisterDuitNow/android.widget.TextView0 - Mobile Number (2)"), 0): Tapped on element 'Object Repository/Maya/RegisterDuitNow/android.widget.TextView0 - Mobile Number (2)'

2020-08-06 00:24:48 - [MESSAGE][WARNING] - Timeout '0' is invalid. Using default page load timeout: '10'

2020-08-06 00:24:50 - [MESSAGE][PASSED] - Tapped on element 'Object Repository/Maya/RegisterDuitNow/android.widget.TextView0 - Mobile Number (2)'

2020-08-06 00:24:50 - [TEST_STEP][PASSED] - tap(findTestObject("Maya/RegisterDuitNow/android.view.ViewGroup0"), 0): Tapped on element 'Object Repository/Maya/RegisterDuitNow/android.view.ViewGroup0'

2020-08-06 00:24:50 - [MESSAGE][WARNING] - Timeout '0' is invalid. Using default page load timeout: '10'

2020-08-06 00:24:53 - [MESSAGE][PASSED] - Tapped on element 'Object Repository/Maya/RegisterDuitNow/android.view.ViewGroup0'

2020-08-06 00:24:53 - [TEST_STEP][PASSED] - tap(findTestObject("Maya/RegisterDuitNow/android.widget.TextView0 - Continue (7)"), 0): Tapped on element 'Object Repository/Maya/RegisterDuitNow/android.widget.TextView0 - Continue (7)'

2020-08-06 00:24:53 - [MESSAGE][WARNING] - Timeout '0' is invalid. Using default page load timeout: '10'

2020-08-06 00:24:55 - [MESSAGE][PASSED] - Tapped on element 'Object Repository/Maya/RegisterDuitNow/android.widget.TextView0 - Continue (7)'

2020-08-06 00:24:55 - [TEST_STEP][PASSED] - getText(findTestObject("Maya/RegisterDuitNow/android.widget.TextView0 - Please confirm your DuitNow details (1)"), 0): Text of element 'Object Repository/Maya/RegisterDuitNow/android.widget.TextView0 - Please confirm your DuitNow details (1)' is: 'Please confirm your DuitNow details'

2020-08-06 00:24:55 - [MESSAGE][WARNING] - Timeout '0' is invalid. Using default page load timeout: '10'

2020-08-06 00:24:55 - [MESSAGE][PASSED] - Text of element 'Object Repository/Maya/RegisterDuitNow/android.widget.TextView0 - Please confirm your DuitNow details (1)' is: 'Please confirm your DuitNow details'

2020-08-06 00:24:55 - [TEST_STEP][PASSED] - verifyElementExist(findTestObject("Maya/RegisterDuitNow/android.widget.TextView0 - Please confirm your DuitNow details (1)"), 0): Element 'Object Repository/Maya/RegisterDuitNow/android.widget.TextView0 - Please confirm your DuitNow details (1)' is exist

2020-08-06 00:24:56 - [MESSAGE][WARNING] - Timeout '0' is invalid. Using default page load timeout: '10'

2020-08-06 00:24:56 - [MESSAGE][PASSED] - Element 'Object Repository/Maya/RegisterDuitNow/android.widget.TextView0 - Please confirm your DuitNow details (1)' is exist

2020-08-06 00:24:56 - [TEST_STEP][PASSED] - tap(findTestObject("Maya/RegisterDuitNow/android.widget.TextView0 - Agree and Confirm (1)"), 0): Tapped on element 'Object Repository/Maya/RegisterDuitNow/android.widget.TextView0 - Agree and Confirm (1)'

2020-08-06 00:24:56 - [MESSAGE][WARNING] - Timeout '0' is invalid. Using default page load timeout: '10'

2020-08-06 00:24:57 - [MESSAGE][PASSED] - Tapped on element 'Object Repository/Maya/RegisterDuitNow/android.widget.TextView0 - Agree and Confirm (1)'

2020-08-06 00:24:57 - [TEST_STEP][PASSED] - getText(findTestObject("Maya/RegisterDuitNow/android.widget.TextView0 - Youve successfully linked your account to DuitNow (1)"), 0): Text of element 'Object Repository/Maya/RegisterDuitNow/android.widget.TextView0 - Youve successfully linked your account to DuitNow (1)' is: 'You’ve successfully linked your account to DuitNow'

2020-08-06 00:24:57 - [MESSAGE][WARNING] - Timeout '0' is invalid. Using default page load timeout: '10'

2020-08-06 00:24:59 - [MESSAGE][PASSED] - Text of element 'Object Repository/Maya/RegisterDuitNow/android.widget.TextView0 - Youve successfully linked your account to DuitNow (1)' is: 'You’ve successfully linked your account to DuitNow'

2020-08-06 00:24:59 - [TEST_STEP][PASSED] - verifyElementExist(findTestObject("Maya/RegisterDuitNow/android.widget.TextView0 - Youve successfully linked your account to DuitNow (1)"), 0): Element 'Object Repository/Maya/RegisterDuitNow/android.widget.TextView0 - Youve successfully linked your account to DuitNow (1)' is exist

2020-08-06 00:24:59 - [MESSAGE][WARNING] - Timeout '0' is invalid. Using default page load timeout: '10'

2020-08-06 00:24:59 - [MESSAGE][PASSED] - Element 'Object Repository/Maya/RegisterDuitNow/android.widget.TextView0 - Youve successfully linked your account to DuitNow (1)' is exist

2020-08-06 00:24:59 - [TEST_STEP][PASSED] - delay(2, STOP_ON_FAILURE): Delayed 2 second(s)

2020-08-06 00:25:01 - [MESSAGE][PASSED] - Delayed 2 second(s)

2020-08-06 00:25:01 - [TEST_STEP][PASSED] - takeScreenshot("C:\Users\LENOVO\Screenshot\DuitNowProxy\Screen12.png", CONTINUE_ON_FAILURE): Screenshot is taken

2020-08-06 00:25:02 - [MESSAGE][PASSED] - Screenshot is taken
[[ATTACHMENT|C:\\Users\\LENOVO\\Screenshot\\DuitNowProxy\\Screen12.png]]

2020-08-06 00:25:02 - [TEST_STEP][PASSED] - getText(findTestObject("Maya/RegisterDuitNow/android.widget.TextView0 - Mobile Number (3)"), 0): Text of element 'Object Repository/Maya/RegisterDuitNow/android.widget.TextView0 - Mobile Number (3)' is: 'Mobile Number'

2020-08-06 00:25:02 - [MESSAGE][WARNING] - Timeout '0' is invalid. Using default page load timeout: '10'

2020-08-06 00:25:02 - [MESSAGE][PASSED] - Text of element 'Object Repository/Maya/RegisterDuitNow/android.widget.TextView0 - Mobile Number (3)' is: 'Mobile Number'

2020-08-06 00:25:02 - [TEST_STEP][PASSED] - verifyElementExist(findTestObject("Maya/RegisterDuitNow/android.widget.TextView0 - Mobile Number (3)"), 0): Element 'Object Repository/Maya/RegisterDuitNow/android.widget.TextView0 - Mobile Number (3)' is exist

2020-08-06 00:25:02 - [MESSAGE][WARNING] - Timeout '0' is invalid. Using default page load timeout: '10'

2020-08-06 00:25:03 - [MESSAGE][PASSED] - Element 'Object Repository/Maya/RegisterDuitNow/android.widget.TextView0 - Mobile Number (3)' is exist

2020-08-06 00:25:03 - [TEST_STEP][PASSED] - tap(findTestObject("Maya/RegisterDuitNow/android.widget.TextView0 - Done (10)"), 0): Tapped on element 'Object Repository/Maya/RegisterDuitNow/android.widget.TextView0 - Done (10)'

2020-08-06 00:25:03 - [MESSAGE][WARNING] - Timeout '0' is invalid. Using default page load timeout: '10'

2020-08-06 00:25:04 - [MESSAGE][PASSED] - Tapped on element 'Object Repository/Maya/RegisterDuitNow/android.widget.TextView0 - Done (10)'

2020-08-06 00:25:04 - [TEST_STEP][PASSED] - tap(findTestObject("Maya/RegisterDuitNow/android.widget.TextView0 - DuitNow (6)"), 0): Tapped on element 'Object Repository/Maya/RegisterDuitNow/android.widget.TextView0 - DuitNow (6)'

2020-08-06 00:25:04 - [MESSAGE][WARNING] - Timeout '0' is invalid. Using default page load timeout: '10'

2020-08-06 00:25:06 - [MESSAGE][PASSED] - Tapped on element 'Object Repository/Maya/RegisterDuitNow/android.widget.TextView0 - DuitNow (6)'

2020-08-06 00:25:06 - [TEST_STEP][PASSED] - tap(findTestObject("Maya/RegisterDuitNow/android.widget.TextView0 - Mobile Number"), 0): Tapped on element 'Object Repository/Maya/RegisterDuitNow/android.widget.TextView0 - Mobile Number'

2020-08-06 00:25:06 - [MESSAGE][WARNING] - Timeout '0' is invalid. Using default page load timeout: '10'

2020-08-06 00:25:09 - [MESSAGE][PASSED] - Tapped on element 'Object Repository/Maya/RegisterDuitNow/android.widget.TextView0 - Mobile Number'

2020-08-06 00:25:09 - [TEST_STEP][PASSED] - tap(findTestObject("Maya/RegisterDuitNow/android.widget.TextView0 - Disable Temporarily"), 0): Tapped on element 'Object Repository/Maya/RegisterDuitNow/android.widget.TextView0 - Disable Temporarily'

2020-08-06 00:25:09 - [MESSAGE][WARNING] - Timeout '0' is invalid. Using default page load timeout: '10'

2020-08-06 00:25:11 - [MESSAGE][PASSED] - Tapped on element 'Object Repository/Maya/RegisterDuitNow/android.widget.TextView0 - Disable Temporarily'

2020-08-06 00:25:11 - [TEST_STEP][PASSED] - tap(findTestObject("Maya/RegisterDuitNow/android.widget.TextView0 - Confirm (2)"), 0): Tapped on element 'Object Repository/Maya/RegisterDuitNow/android.widget.TextView0 - Confirm (2)'

2020-08-06 00:25:11 - [MESSAGE][WARNING] - Timeout '0' is invalid. Using default page load timeout: '10'

2020-08-06 00:25:12 - [MESSAGE][PASSED] - Tapped on element 'Object Repository/Maya/RegisterDuitNow/android.widget.TextView0 - Confirm (2)'

2020-08-06 00:25:12 - [TEST_STEP][PASSED] - tap(findTestObject("Maya/RegisterDuitNow/android.widget.TextView0 - Confirm (1)"), 0): Tapped on element 'Object Repository/Maya/RegisterDuitNow/android.widget.TextView0 - Confirm (1)'

2020-08-06 00:25:12 - [MESSAGE][WARNING] - Timeout '0' is invalid. Using default page load timeout: '10'

2020-08-06 00:25:14 - [MESSAGE][PASSED] - Tapped on element 'Object Repository/Maya/RegisterDuitNow/android.widget.TextView0 - Confirm (1)'

2020-08-06 00:25:14 - [TEST_STEP][PASSED] - otpM = getText(findTestObject("Maya/Third Party CA account/android.widget.TextView0 - Your OTP no. is 460943"), 0): Text of element 'Object Repository/Maya/Third Party CA account/android.widget.TextView0 - Your OTP no. is 460943' is: 'Your OTP no. is 150528'

2020-08-06 00:25:14 - [MESSAGE][WARNING] - Timeout '0' is invalid. Using default page load timeout: '10'

2020-08-06 00:25:17 - [MESSAGE][PASSED] - Text of element 'Object Repository/Maya/Third Party CA account/android.widget.TextView0 - Your OTP no. is 460943' is: 'Your OTP no. is 150528'

2020-08-06 00:25:17 - [TEST_STEP][PASSED] - delay(2): Delayed 2 second(s)

2020-08-06 00:25:19 - [MESSAGE][PASSED] - Delayed 2 second(s)

2020-08-06 00:25:19 - [TEST_STEP][PASSED] - for ([i = 16, i <= 21, (i++)]): null

2020-08-06 00:25:19 - [TEST_STEP][PASSED] - delay(3, STOP_ON_FAILURE): Delayed 3 second(s)

2020-08-06 00:25:22 - [MESSAGE][PASSED] - Delayed 3 second(s)

2020-08-06 00:25:22 - [TEST_STEP][PASSED] - if (otpM[i] == "0"): null

2020-08-06 00:25:22 - [TEST_STEP][PASSED] - if (otpM[i] == "1"): Tapped on element 'Object Repository/Maya/login again/Spy - 1'

2020-08-06 00:25:22 - [TEST_STEP][PASSED] - delay(1, STOP_ON_FAILURE): Delayed 1 second(s)

2020-08-06 00:25:23 - [MESSAGE][PASSED] - Delayed 1 second(s)

2020-08-06 00:25:23 - [TEST_STEP][PASSED] - tap(findTestObject("Maya/login again/Spy - 1"), 0): Tapped on element 'Object Repository/Maya/login again/Spy - 1'

2020-08-06 00:25:23 - [MESSAGE][WARNING] - Timeout '0' is invalid. Using default page load timeout: '10'

2020-08-06 00:25:24 - [MESSAGE][PASSED] - Tapped on element 'Object Repository/Maya/login again/Spy - 1'

2020-08-06 00:25:24 - [TEST_STEP][PASSED] - if (otpM[i] == "2"): null

2020-08-06 00:25:24 - [TEST_STEP][PASSED] - if (otpM[i] == "3"): null

2020-08-06 00:25:24 - [TEST_STEP][PASSED] - if (otpM[i] == "4"): null

2020-08-06 00:25:24 - [TEST_STEP][PASSED] - if (otpM[i] == "5"): null

2020-08-06 00:25:24 - [TEST_STEP][PASSED] - if (otpM[i] == "6"): null

2020-08-06 00:25:24 - [TEST_STEP][PASSED] - if (otpM[i] == "7"): null

2020-08-06 00:25:24 - [TEST_STEP][PASSED] - if (otpM[i] == "8"): null

2020-08-06 00:25:24 - [TEST_STEP][PASSED] - if (otpM[i] == "9"): null

2020-08-06 00:25:24 - [TEST_STEP][PASSED] - delay(3, STOP_ON_FAILURE): Delayed 3 second(s)

2020-08-06 00:25:27 - [MESSAGE][PASSED] - Delayed 3 second(s)

2020-08-06 00:25:27 - [TEST_STEP][PASSED] - if (otpM[i] == "0"): null

2020-08-06 00:25:27 - [TEST_STEP][PASSED] - if (otpM[i] == "1"): null

2020-08-06 00:25:27 - [TEST_STEP][PASSED] - if (otpM[i] == "2"): null

2020-08-06 00:25:27 - [TEST_STEP][PASSED] - if (otpM[i] == "3"): null

2020-08-06 00:25:27 - [TEST_STEP][PASSED] - if (otpM[i] == "4"): null

2020-08-06 00:25:27 - [TEST_STEP][PASSED] - if (otpM[i] == "5"): Tapped on element 'Object Repository/Maya/login again/Spy- 5'

2020-08-06 00:25:27 - [TEST_STEP][PASSED] - delay(1, STOP_ON_FAILURE): Delayed 1 second(s)

2020-08-06 00:25:28 - [MESSAGE][PASSED] - Delayed 1 second(s)

2020-08-06 00:25:28 - [TEST_STEP][PASSED] - tap(findTestObject("Maya/login again/Spy- 5"), 0): Tapped on element 'Object Repository/Maya/login again/Spy- 5'

2020-08-06 00:25:28 - [MESSAGE][WARNING] - Timeout '0' is invalid. Using default page load timeout: '10'

2020-08-06 00:25:29 - [MESSAGE][PASSED] - Tapped on element 'Object Repository/Maya/login again/Spy- 5'

2020-08-06 00:25:29 - [TEST_STEP][PASSED] - if (otpM[i] == "6"): null

2020-08-06 00:25:29 - [TEST_STEP][PASSED] - if (otpM[i] == "7"): null

2020-08-06 00:25:29 - [TEST_STEP][PASSED] - if (otpM[i] == "8"): null

2020-08-06 00:25:29 - [TEST_STEP][PASSED] - if (otpM[i] == "9"): null

2020-08-06 00:25:29 - [TEST_STEP][PASSED] - delay(3, STOP_ON_FAILURE): Delayed 3 second(s)

2020-08-06 00:25:32 - [MESSAGE][PASSED] - Delayed 3 second(s)

2020-08-06 00:25:32 - [TEST_STEP][PASSED] - if (otpM[i] == "0"): Tapped on element 'Object Repository/Maya/login again/Spy-0'

2020-08-06 00:25:32 - [TEST_STEP][PASSED] - delay(1, STOP_ON_FAILURE): Delayed 1 second(s)

2020-08-06 00:25:33 - [MESSAGE][PASSED] - Delayed 1 second(s)

2020-08-06 00:25:33 - [TEST_STEP][PASSED] - tap(findTestObject("Maya/login again/Spy-0"), 0): Tapped on element 'Object Repository/Maya/login again/Spy-0'

2020-08-06 00:25:33 - [MESSAGE][WARNING] - Timeout '0' is invalid. Using default page load timeout: '10'

2020-08-06 00:25:34 - [MESSAGE][PASSED] - Tapped on element 'Object Repository/Maya/login again/Spy-0'

2020-08-06 00:25:34 - [TEST_STEP][PASSED] - if (otpM[i] == "1"): null

2020-08-06 00:25:34 - [TEST_STEP][PASSED] - if (otpM[i] == "2"): null

2020-08-06 00:25:34 - [TEST_STEP][PASSED] - if (otpM[i] == "3"): null

2020-08-06 00:25:34 - [TEST_STEP][PASSED] - if (otpM[i] == "4"): null

2020-08-06 00:25:34 - [TEST_STEP][PASSED] - if (otpM[i] == "5"): null

2020-08-06 00:25:34 - [TEST_STEP][PASSED] - if (otpM[i] == "6"): null

2020-08-06 00:25:34 - [TEST_STEP][PASSED] - if (otpM[i] == "7"): null

2020-08-06 00:25:34 - [TEST_STEP][PASSED] - if (otpM[i] == "8"): null

2020-08-06 00:25:34 - [TEST_STEP][PASSED] - if (otpM[i] == "9"): null

2020-08-06 00:25:34 - [TEST_STEP][PASSED] - delay(3, STOP_ON_FAILURE): Delayed 3 second(s)

2020-08-06 00:25:37 - [MESSAGE][PASSED] - Delayed 3 second(s)

2020-08-06 00:25:37 - [TEST_STEP][PASSED] - if (otpM[i] == "0"): null

2020-08-06 00:25:37 - [TEST_STEP][PASSED] - if (otpM[i] == "1"): null

2020-08-06 00:25:37 - [TEST_STEP][PASSED] - if (otpM[i] == "2"): null

2020-08-06 00:25:37 - [TEST_STEP][PASSED] - if (otpM[i] == "3"): null

2020-08-06 00:25:37 - [TEST_STEP][PASSED] - if (otpM[i] == "4"): null

2020-08-06 00:25:37 - [TEST_STEP][PASSED] - if (otpM[i] == "5"): Tapped on element 'Object Repository/Maya/login again/Spy- 5'

2020-08-06 00:25:37 - [TEST_STEP][PASSED] - delay(1, STOP_ON_FAILURE): Delayed 1 second(s)

2020-08-06 00:25:38 - [MESSAGE][PASSED] - Delayed 1 second(s)

2020-08-06 00:25:38 - [TEST_STEP][PASSED] - tap(findTestObject("Maya/login again/Spy- 5"), 0): Tapped on element 'Object Repository/Maya/login again/Spy- 5'

2020-08-06 00:25:38 - [MESSAGE][WARNING] - Timeout '0' is invalid. Using default page load timeout: '10'

2020-08-06 00:25:39 - [MESSAGE][PASSED] - Tapped on element 'Object Repository/Maya/login again/Spy- 5'

2020-08-06 00:25:39 - [TEST_STEP][PASSED] - if (otpM[i] == "6"): null

2020-08-06 00:25:39 - [TEST_STEP][PASSED] - if (otpM[i] == "7"): null

2020-08-06 00:25:39 - [TEST_STEP][PASSED] - if (otpM[i] == "8"): null

2020-08-06 00:25:39 - [TEST_STEP][PASSED] - if (otpM[i] == "9"): null

2020-08-06 00:25:39 - [TEST_STEP][PASSED] - delay(3, STOP_ON_FAILURE): Delayed 3 second(s)

2020-08-06 00:25:42 - [MESSAGE][PASSED] - Delayed 3 second(s)

2020-08-06 00:25:42 - [TEST_STEP][PASSED] - if (otpM[i] == "0"): null

2020-08-06 00:25:42 - [TEST_STEP][PASSED] - if (otpM[i] == "1"): null

2020-08-06 00:25:42 - [TEST_STEP][PASSED] - if (otpM[i] == "2"): Tapped on element 'Object Repository/Maya/login again/Spy- 2'

2020-08-06 00:25:42 - [TEST_STEP][PASSED] - delay(1, STOP_ON_FAILURE): Delayed 1 second(s)

2020-08-06 00:25:43 - [MESSAGE][PASSED] - Delayed 1 second(s)

2020-08-06 00:25:43 - [TEST_STEP][PASSED] - tap(findTestObject("Maya/login again/Spy- 2"), 0): Tapped on element 'Object Repository/Maya/login again/Spy- 2'

2020-08-06 00:25:43 - [MESSAGE][WARNING] - Timeout '0' is invalid. Using default page load timeout: '10'

2020-08-06 00:25:44 - [MESSAGE][PASSED] - Tapped on element 'Object Repository/Maya/login again/Spy- 2'

2020-08-06 00:25:44 - [TEST_STEP][PASSED] - if (otpM[i] == "3"): null

2020-08-06 00:25:44 - [TEST_STEP][PASSED] - if (otpM[i] == "4"): null

2020-08-06 00:25:44 - [TEST_STEP][PASSED] - if (otpM[i] == "5"): null

2020-08-06 00:25:44 - [TEST_STEP][PASSED] - if (otpM[i] == "6"): null

2020-08-06 00:25:44 - [TEST_STEP][PASSED] - if (otpM[i] == "7"): null

2020-08-06 00:25:44 - [TEST_STEP][PASSED] - if (otpM[i] == "8"): null

2020-08-06 00:25:44 - [TEST_STEP][PASSED] - if (otpM[i] == "9"): null

2020-08-06 00:25:44 - [TEST_STEP][PASSED] - delay(3, STOP_ON_FAILURE): Delayed 3 second(s)

2020-08-06 00:25:47 - [MESSAGE][PASSED] - Delayed 3 second(s)

2020-08-06 00:25:47 - [TEST_STEP][PASSED] - if (otpM[i] == "0"): null

2020-08-06 00:25:47 - [TEST_STEP][PASSED] - if (otpM[i] == "1"): null

2020-08-06 00:25:47 - [TEST_STEP][PASSED] - if (otpM[i] == "2"): null

2020-08-06 00:25:47 - [TEST_STEP][PASSED] - if (otpM[i] == "3"): null

2020-08-06 00:25:47 - [TEST_STEP][PASSED] - if (otpM[i] == "4"): null

2020-08-06 00:25:47 - [TEST_STEP][PASSED] - if (otpM[i] == "5"): null

2020-08-06 00:25:47 - [TEST_STEP][PASSED] - if (otpM[i] == "6"): null

2020-08-06 00:25:47 - [TEST_STEP][PASSED] - if (otpM[i] == "7"): null

2020-08-06 00:25:47 - [TEST_STEP][PASSED] - if (otpM[i] == "8"): Tapped on element 'Object Repository/Maya/login again/Spy - 8'

2020-08-06 00:25:47 - [TEST_STEP][PASSED] - delay(1, STOP_ON_FAILURE): Delayed 1 second(s)

2020-08-06 00:25:48 - [MESSAGE][PASSED] - Delayed 1 second(s)

2020-08-06 00:25:48 - [TEST_STEP][PASSED] - tap(findTestObject("Maya/login again/Spy - 8"), 0): Tapped on element 'Object Repository/Maya/login again/Spy - 8'

2020-08-06 00:25:49 - [MESSAGE][WARNING] - Timeout '0' is invalid. Using default page load timeout: '10'

2020-08-06 00:25:50 - [MESSAGE][PASSED] - Tapped on element 'Object Repository/Maya/login again/Spy - 8'

2020-08-06 00:25:50 - [TEST_STEP][PASSED] - if (otpM[i] == "9"): null

2020-08-06 00:25:50 - [TEST_STEP][PASSED] - delay(8, STOP_ON_FAILURE): Delayed 8 second(s)

2020-08-06 00:25:58 - [MESSAGE][PASSED] - Delayed 8 second(s)

2020-08-06 00:25:58 - [TEST_STEP][PASSED] - tap(findTestObject("Maya/Forgot Pin/android.widget.ImageView0 (7)"), 0): Tapped on element 'Object Repository/Maya/Forgot Pin/android.widget.ImageView0 (7)'

2020-08-06 00:25:58 - [MESSAGE][WARNING] - Timeout '0' is invalid. Using default page load timeout: '10'

2020-08-06 00:25:58 - [MESSAGE][PASSED] - Tapped on element 'Object Repository/Maya/Forgot Pin/android.widget.ImageView0 (7)'

2020-08-06 00:25:58 - [TEST_STEP][PASSED] - verifyElementExist(findTestObject("Maya/RegisterDuitNow/android.widget.TextView0 - DuitNow successfully disabled."), 0): Element 'Object Repository/Maya/RegisterDuitNow/android.widget.TextView0 - DuitNow successfully disabled.' is exist

2020-08-06 00:25:58 - [MESSAGE][WARNING] - Timeout '0' is invalid. Using default page load timeout: '10'

2020-08-06 00:26:01 - [MESSAGE][PASSED] - Element 'Object Repository/Maya/RegisterDuitNow/android.widget.TextView0 - DuitNow successfully disabled.' is exist

2020-08-06 00:26:01 - [TEST_STEP][PASSED] - tap(findTestObject("Maya/RegisterDuitNow/android.widget.TextView0 - DuitNow (6)"), 0): Tapped on element 'Object Repository/Maya/RegisterDuitNow/android.widget.TextView0 - DuitNow (6)'

2020-08-06 00:26:01 - [MESSAGE][WARNING] - Timeout '0' is invalid. Using default page load timeout: '10'

2020-08-06 00:26:03 - [MESSAGE][PASSED] - Tapped on element 'Object Repository/Maya/RegisterDuitNow/android.widget.TextView0 - DuitNow (6)'

2020-08-06 00:26:03 - [TEST_STEP][PASSED] - getText(findTestObject("Maya/RegisterDuitNow/android.widget.TextView0 - Link your Maybank account to an ID for DuitNow (1)"), 0): Text of element 'Object Repository/Maya/RegisterDuitNow/android.widget.TextView0 - Link your Maybank account to an ID for DuitNow (1)' is: 'Link your Maybank account to an ID for DuitNow'

2020-08-06 00:26:03 - [MESSAGE][WARNING] - Timeout '0' is invalid. Using default page load timeout: '10'

2020-08-06 00:26:03 - [MESSAGE][PASSED] - Text of element 'Object Repository/Maya/RegisterDuitNow/android.widget.TextView0 - Link your Maybank account to an ID for DuitNow (1)' is: 'Link your Maybank account to an ID for DuitNow'

2020-08-06 00:26:03 - [TEST_STEP][PASSED] - verifyElementExist(findTestObject("Maya/RegisterDuitNow/android.widget.TextView0 - Link your Maybank account to an ID for DuitNow (1)"), 0): Element 'Object Repository/Maya/RegisterDuitNow/android.widget.TextView0 - Link your Maybank account to an ID for DuitNow (1)' is exist

2020-08-06 00:26:03 - [MESSAGE][WARNING] - Timeout '0' is invalid. Using default page load timeout: '10'

2020-08-06 00:26:04 - [MESSAGE][PASSED] - Element 'Object Repository/Maya/RegisterDuitNow/android.widget.TextView0 - Link your Maybank account to an ID for DuitNow (1)' is exist

2020-08-06 00:26:04 - [TEST_STEP][PASSED] - delay(2, STOP_ON_FAILURE): Delayed 2 second(s)

2020-08-06 00:26:06 - [MESSAGE][PASSED] - Delayed 2 second(s)

2020-08-06 00:26:06 - [TEST_STEP][PASSED] - takeScreenshot("C:\Users\LENOVO\Screenshot\DuitNowProxy\Screen13.png", CONTINUE_ON_FAILURE): Screenshot is taken

2020-08-06 00:26:06 - [MESSAGE][PASSED] - Screenshot is taken
[[ATTACHMENT|C:\\Users\\LENOVO\\Screenshot\\DuitNowProxy\\Screen13.png]]

2020-08-06 00:26:06 - [TEST_STEP][PASSED] - getText(findTestObject("Maya/RegisterDuitNow/android.widget.TextView0 - Mobile Number"), 0): Text of element 'Object Repository/Maya/RegisterDuitNow/android.widget.TextView0 - Mobile Number' is: 'Mobile Number'

2020-08-06 00:26:06 - [MESSAGE][WARNING] - Timeout '0' is invalid. Using default page load timeout: '10'

2020-08-06 00:26:07 - [MESSAGE][PASSED] - Text of element 'Object Repository/Maya/RegisterDuitNow/android.widget.TextView0 - Mobile Number' is: 'Mobile Number'

2020-08-06 00:26:07 - [TEST_STEP][PASSED] - verifyElementExist(findTestObject("Maya/RegisterDuitNow/android.widget.TextView0 - Mobile Number"), 0): Element 'Object Repository/Maya/RegisterDuitNow/android.widget.TextView0 - Mobile Number' is exist

2020-08-06 00:26:07 - [MESSAGE][WARNING] - Timeout '0' is invalid. Using default page load timeout: '10'

2020-08-06 00:26:07 - [MESSAGE][PASSED] - Element 'Object Repository/Maya/RegisterDuitNow/android.widget.TextView0 - Mobile Number' is exist

2020-08-06 00:26:07 - [TEST_STEP][PASSED] - tap(findTestObject("Maya/RegisterDuitNow/android.widget.TextView0 - Mobile Number"), 0): Tapped on element 'Object Repository/Maya/RegisterDuitNow/android.widget.TextView0 - Mobile Number'

2020-08-06 00:26:07 - [MESSAGE][WARNING] - Timeout '0' is invalid. Using default page load timeout: '10'

2020-08-06 00:26:09 - [MESSAGE][PASSED] - Tapped on element 'Object Repository/Maya/RegisterDuitNow/android.widget.TextView0 - Mobile Number'

2020-08-06 00:26:09 - [TEST_STEP][PASSED] - getText(findTestObject("Maya/RegisterDuitNow/android.widget.TextView0 - INACTIVE"), 0): Text of element 'Object Repository/Maya/RegisterDuitNow/android.widget.TextView0 - INACTIVE' is: 'INACTIVE'

2020-08-06 00:26:09 - [MESSAGE][WARNING] - Timeout '0' is invalid. Using default page load timeout: '10'

2020-08-06 00:26:09 - [MESSAGE][PASSED] - Text of element 'Object Repository/Maya/RegisterDuitNow/android.widget.TextView0 - INACTIVE' is: 'INACTIVE'

2020-08-06 00:26:09 - [TEST_STEP][PASSED] - verifyElementExist(findTestObject("Maya/RegisterDuitNow/android.widget.TextView0 - INACTIVE"), 0): Element 'Object Repository/Maya/RegisterDuitNow/android.widget.TextView0 - INACTIVE' is exist

2020-08-06 00:26:09 - [MESSAGE][WARNING] - Timeout '0' is invalid. Using default page load timeout: '10'

2020-08-06 00:26:09 - [MESSAGE][PASSED] - Element 'Object Repository/Maya/RegisterDuitNow/android.widget.TextView0 - INACTIVE' is exist

2020-08-06 00:26:09 - [TEST_STEP][PASSED] - tap(findTestObject("Maya/RegisterDuitNow/android.widget.TextView0 - Enable"), 0): Tapped on element 'Object Repository/Maya/RegisterDuitNow/android.widget.TextView0 - Enable'

2020-08-06 00:26:09 - [MESSAGE][WARNING] - Timeout '0' is invalid. Using default page load timeout: '10'

2020-08-06 00:26:11 - [MESSAGE][PASSED] - Tapped on element 'Object Repository/Maya/RegisterDuitNow/android.widget.TextView0 - Enable'

2020-08-06 00:26:11 - [TEST_STEP][PASSED] - tap(findTestObject("Maya/RegisterDuitNow/android.widget.TextView0 - Confirm (1)"), 0): Tapped on element 'Object Repository/Maya/RegisterDuitNow/android.widget.TextView0 - Confirm (1)'

2020-08-06 00:26:11 - [MESSAGE][WARNING] - Timeout '0' is invalid. Using default page load timeout: '10'

2020-08-06 00:26:14 - [MESSAGE][PASSED] - Tapped on element 'Object Repository/Maya/RegisterDuitNow/android.widget.TextView0 - Confirm (1)'

2020-08-06 00:26:14 - [TEST_STEP][PASSED] - otpMi = getText(findTestObject("Maya/Third Party CA account/android.widget.TextView0 - Your OTP no. is 460943"), 0): Text of element 'Object Repository/Maya/Third Party CA account/android.widget.TextView0 - Your OTP no. is 460943' is: 'Your OTP no. is 433720'

2020-08-06 00:26:14 - [MESSAGE][WARNING] - Timeout '0' is invalid. Using default page load timeout: '10'

2020-08-06 00:26:15 - [MESSAGE][PASSED] - Text of element 'Object Repository/Maya/Third Party CA account/android.widget.TextView0 - Your OTP no. is 460943' is: 'Your OTP no. is 433720'

2020-08-06 00:26:15 - [TEST_STEP][PASSED] - delay(2): Delayed 2 second(s)

2020-08-06 00:26:17 - [MESSAGE][PASSED] - Delayed 2 second(s)

2020-08-06 00:26:17 - [TEST_STEP][PASSED] - for ([i = 16, i <= 21, (i++)]): null

2020-08-06 00:26:17 - [TEST_STEP][PASSED] - delay(3, STOP_ON_FAILURE): Delayed 3 second(s)

2020-08-06 00:26:20 - [MESSAGE][PASSED] - Delayed 3 second(s)

2020-08-06 00:26:20 - [TEST_STEP][PASSED] - if (otpMi[i] == "0"): null

2020-08-06 00:26:20 - [TEST_STEP][PASSED] - if (otpMi[i] == "1"): null

2020-08-06 00:26:20 - [TEST_STEP][PASSED] - if (otpMi[i] == "2"): null

2020-08-06 00:26:20 - [TEST_STEP][PASSED] - if (otpMi[i] == "3"): null

2020-08-06 00:26:20 - [TEST_STEP][PASSED] - if (otpMi[i] == "4"): Tapped on element 'Object Repository/Maya/login again/Spy - 4'

2020-08-06 00:26:20 - [TEST_STEP][PASSED] - delay(1, STOP_ON_FAILURE): Delayed 1 second(s)

2020-08-06 00:26:21 - [MESSAGE][PASSED] - Delayed 1 second(s)

2020-08-06 00:26:21 - [TEST_STEP][PASSED] - tap(findTestObject("Maya/login again/Spy - 4"), 0): Tapped on element 'Object Repository/Maya/login again/Spy - 4'

2020-08-06 00:26:21 - [MESSAGE][WARNING] - Timeout '0' is invalid. Using default page load timeout: '10'

2020-08-06 00:26:22 - [MESSAGE][PASSED] - Tapped on element 'Object Repository/Maya/login again/Spy - 4'

2020-08-06 00:26:22 - [TEST_STEP][PASSED] - if (otpMi[i] == "5"): null

2020-08-06 00:26:22 - [TEST_STEP][PASSED] - if (otpMi[i] == "6"): null

2020-08-06 00:26:22 - [TEST_STEP][PASSED] - if (otpMi[i] == "7"): null

2020-08-06 00:26:22 - [TEST_STEP][PASSED] - if (otpMi[i] == "8"): null

2020-08-06 00:26:22 - [TEST_STEP][PASSED] - if (otpMi[i] == "9"): null

2020-08-06 00:26:22 - [TEST_STEP][PASSED] - delay(3, STOP_ON_FAILURE): Delayed 3 second(s)

2020-08-06 00:26:25 - [MESSAGE][PASSED] - Delayed 3 second(s)

2020-08-06 00:26:25 - [TEST_STEP][PASSED] - if (otpMi[i] == "0"): null

2020-08-06 00:26:25 - [TEST_STEP][PASSED] - if (otpMi[i] == "1"): null

2020-08-06 00:26:25 - [TEST_STEP][PASSED] - if (otpMi[i] == "2"): null

2020-08-06 00:26:25 - [TEST_STEP][PASSED] - if (otpMi[i] == "3"): Tapped on element 'Object Repository/Maya/login again/Spy- 3'

2020-08-06 00:26:25 - [TEST_STEP][PASSED] - delay(1, STOP_ON_FAILURE): Delayed 1 second(s)

2020-08-06 00:26:26 - [MESSAGE][PASSED] - Delayed 1 second(s)

2020-08-06 00:26:26 - [TEST_STEP][NOT_RUN] - tap(findTestObject("MAYA SIT v118/spy/TAC - keypad 3"), 0): NOT_RUN: tap(findTestObject("MAYA SIT v118/spy/TAC - keypad 3"), 0)

2020-08-06 00:26:26 - [MESSAGE][NOT_RUN] - NOT_RUN: tap(findTestObject("MAYA SIT v118/spy/TAC - keypad 3"), 0)

2020-08-06 00:26:26 - [TEST_STEP][PASSED] - tap(findTestObject("Maya/login again/Spy- 3"), 0): Tapped on element 'Object Repository/Maya/login again/Spy- 3'

2020-08-06 00:26:26 - [MESSAGE][WARNING] - Timeout '0' is invalid. Using default page load timeout: '10'

2020-08-06 00:26:27 - [MESSAGE][PASSED] - Tapped on element 'Object Repository/Maya/login again/Spy- 3'

2020-08-06 00:26:27 - [TEST_STEP][PASSED] - if (otpMi[i] == "4"): null

2020-08-06 00:26:27 - [TEST_STEP][PASSED] - if (otpMi[i] == "5"): null

2020-08-06 00:26:27 - [TEST_STEP][PASSED] - if (otpMi[i] == "6"): null

2020-08-06 00:26:27 - [TEST_STEP][PASSED] - if (otpMi[i] == "7"): null

2020-08-06 00:26:27 - [TEST_STEP][PASSED] - if (otpMi[i] == "8"): null

2020-08-06 00:26:27 - [TEST_STEP][PASSED] - if (otpMi[i] == "9"): null

2020-08-06 00:26:27 - [TEST_STEP][PASSED] - delay(3, STOP_ON_FAILURE): Delayed 3 second(s)

2020-08-06 00:26:30 - [MESSAGE][PASSED] - Delayed 3 second(s)

2020-08-06 00:26:30 - [TEST_STEP][PASSED] - if (otpMi[i] == "0"): null

2020-08-06 00:26:30 - [TEST_STEP][PASSED] - if (otpMi[i] == "1"): null

2020-08-06 00:26:30 - [TEST_STEP][PASSED] - if (otpMi[i] == "2"): null

2020-08-06 00:26:30 - [TEST_STEP][PASSED] - if (otpMi[i] == "3"): Tapped on element 'Object Repository/Maya/login again/Spy- 3'

2020-08-06 00:26:30 - [TEST_STEP][PASSED] - delay(1, STOP_ON_FAILURE): Delayed 1 second(s)

2020-08-06 00:26:31 - [MESSAGE][PASSED] - Delayed 1 second(s)

2020-08-06 00:26:31 - [TEST_STEP][NOT_RUN] - tap(findTestObject("MAYA SIT v118/spy/TAC - keypad 3"), 0): NOT_RUN: tap(findTestObject("MAYA SIT v118/spy/TAC - keypad 3"), 0)

2020-08-06 00:26:31 - [MESSAGE][NOT_RUN] - NOT_RUN: tap(findTestObject("MAYA SIT v118/spy/TAC - keypad 3"), 0)

2020-08-06 00:26:31 - [TEST_STEP][PASSED] - tap(findTestObject("Maya/login again/Spy- 3"), 0): Tapped on element 'Object Repository/Maya/login again/Spy- 3'

2020-08-06 00:26:31 - [MESSAGE][WARNING] - Timeout '0' is invalid. Using default page load timeout: '10'

2020-08-06 00:26:32 - [MESSAGE][PASSED] - Tapped on element 'Object Repository/Maya/login again/Spy- 3'

2020-08-06 00:26:32 - [TEST_STEP][PASSED] - if (otpMi[i] == "4"): null

2020-08-06 00:26:32 - [TEST_STEP][PASSED] - if (otpMi[i] == "5"): null

2020-08-06 00:26:32 - [TEST_STEP][PASSED] - if (otpMi[i] == "6"): null

2020-08-06 00:26:32 - [TEST_STEP][PASSED] - if (otpMi[i] == "7"): null

2020-08-06 00:26:32 - [TEST_STEP][PASSED] - if (otpMi[i] == "8"): null

2020-08-06 00:26:32 - [TEST_STEP][PASSED] - if (otpMi[i] == "9"): null

2020-08-06 00:26:32 - [TEST_STEP][PASSED] - delay(3, STOP_ON_FAILURE): Delayed 3 second(s)

2020-08-06 00:26:35 - [MESSAGE][PASSED] - Delayed 3 second(s)

2020-08-06 00:26:35 - [TEST_STEP][PASSED] - if (otpMi[i] == "0"): null

2020-08-06 00:26:35 - [TEST_STEP][PASSED] - if (otpMi[i] == "1"): null

2020-08-06 00:26:35 - [TEST_STEP][PASSED] - if (otpMi[i] == "2"): null

2020-08-06 00:26:35 - [TEST_STEP][PASSED] - if (otpMi[i] == "3"): null

2020-08-06 00:26:35 - [TEST_STEP][PASSED] - if (otpMi[i] == "4"): null

2020-08-06 00:26:35 - [TEST_STEP][PASSED] - if (otpMi[i] == "5"): null

2020-08-06 00:26:35 - [TEST_STEP][PASSED] - if (otpMi[i] == "6"): null

2020-08-06 00:26:35 - [TEST_STEP][PASSED] - if (otpMi[i] == "7"): Tapped on element 'Object Repository/Maya/login again/Spy - 7'

2020-08-06 00:26:35 - [TEST_STEP][PASSED] - delay(1, STOP_ON_FAILURE): Delayed 1 second(s)

2020-08-06 00:26:36 - [MESSAGE][PASSED] - Delayed 1 second(s)

2020-08-06 00:26:36 - [TEST_STEP][PASSED] - tap(findTestObject("Maya/login again/Spy - 7"), 0): Tapped on element 'Object Repository/Maya/login again/Spy - 7'

2020-08-06 00:26:36 - [MESSAGE][WARNING] - Timeout '0' is invalid. Using default page load timeout: '10'

2020-08-06 00:26:38 - [MESSAGE][PASSED] - Tapped on element 'Object Repository/Maya/login again/Spy - 7'

2020-08-06 00:26:38 - [TEST_STEP][PASSED] - if (otpMi[i] == "8"): null

2020-08-06 00:26:38 - [TEST_STEP][PASSED] - if (otpMi[i] == "9"): null

2020-08-06 00:26:38 - [TEST_STEP][PASSED] - delay(3, STOP_ON_FAILURE): Delayed 3 second(s)

2020-08-06 00:26:41 - [MESSAGE][PASSED] - Delayed 3 second(s)

2020-08-06 00:26:41 - [TEST_STEP][PASSED] - if (otpMi[i] == "0"): null

2020-08-06 00:26:41 - [TEST_STEP][PASSED] - if (otpMi[i] == "1"): null

2020-08-06 00:26:41 - [TEST_STEP][PASSED] - if (otpMi[i] == "2"): Tapped on element 'Object Repository/Maya/login again/Spy- 2'

2020-08-06 00:26:41 - [TEST_STEP][PASSED] - delay(1, STOP_ON_FAILURE): Delayed 1 second(s)

2020-08-06 00:26:42 - [MESSAGE][PASSED] - Delayed 1 second(s)

2020-08-06 00:26:42 - [TEST_STEP][PASSED] - tap(findTestObject("Maya/login again/Spy- 2"), 0): Tapped on element 'Object Repository/Maya/login again/Spy- 2'

2020-08-06 00:26:42 - [MESSAGE][WARNING] - Timeout '0' is invalid. Using default page load timeout: '10'

2020-08-06 00:26:47 - [MESSAGE][PASSED] - Tapped on element 'Object Repository/Maya/login again/Spy- 2'

2020-08-06 00:26:47 - [TEST_STEP][PASSED] - if (otpMi[i] == "3"): null

2020-08-06 00:26:47 - [TEST_STEP][PASSED] - if (otpMi[i] == "4"): null

2020-08-06 00:26:47 - [TEST_STEP][PASSED] - if (otpMi[i] == "5"): null

2020-08-06 00:26:47 - [TEST_STEP][PASSED] - if (otpMi[i] == "6"): null

2020-08-06 00:26:47 - [TEST_STEP][PASSED] - if (otpMi[i] == "7"): null

2020-08-06 00:26:47 - [TEST_STEP][PASSED] - if (otpMi[i] == "8"): null

2020-08-06 00:26:47 - [TEST_STEP][PASSED] - if (otpMi[i] == "9"): null

2020-08-06 00:26:47 - [TEST_STEP][PASSED] - delay(3, STOP_ON_FAILURE): Delayed 3 second(s)

2020-08-06 00:26:50 - [MESSAGE][PASSED] - Delayed 3 second(s)

2020-08-06 00:26:50 - [TEST_STEP][PASSED] - if (otpMi[i] == "0"): Tapped on element 'Object Repository/Maya/login again/Spy-0'

2020-08-06 00:26:50 - [TEST_STEP][PASSED] - delay(1, STOP_ON_FAILURE): Delayed 1 second(s)

2020-08-06 00:26:51 - [MESSAGE][PASSED] - Delayed 1 second(s)

2020-08-06 00:26:51 - [TEST_STEP][PASSED] - tap(findTestObject("Maya/login again/Spy-0"), 0): Tapped on element 'Object Repository/Maya/login again/Spy-0'

2020-08-06 00:26:51 - [MESSAGE][WARNING] - Timeout '0' is invalid. Using default page load timeout: '10'

2020-08-06 00:26:52 - [MESSAGE][PASSED] - Tapped on element 'Object Repository/Maya/login again/Spy-0'

2020-08-06 00:26:52 - [TEST_STEP][PASSED] - if (otpMi[i] == "1"): null

2020-08-06 00:26:52 - [TEST_STEP][PASSED] - if (otpMi[i] == "2"): null

2020-08-06 00:26:52 - [TEST_STEP][PASSED] - if (otpMi[i] == "3"): null

2020-08-06 00:26:52 - [TEST_STEP][PASSED] - if (otpMi[i] == "4"): null

2020-08-06 00:26:52 - [TEST_STEP][PASSED] - if (otpMi[i] == "5"): null

2020-08-06 00:26:52 - [TEST_STEP][PASSED] - if (otpMi[i] == "6"): null

2020-08-06 00:26:52 - [TEST_STEP][PASSED] - if (otpMi[i] == "7"): null

2020-08-06 00:26:52 - [TEST_STEP][PASSED] - if (otpMi[i] == "8"): null

2020-08-06 00:26:52 - [TEST_STEP][PASSED] - if (otpMi[i] == "9"): null

2020-08-06 00:26:52 - [TEST_STEP][PASSED] - delay(8, STOP_ON_FAILURE): Delayed 8 second(s)

2020-08-06 00:27:00 - [MESSAGE][PASSED] - Delayed 8 second(s)

2020-08-06 00:27:00 - [TEST_STEP][PASSED] - tap(findTestObject("Maya/Forgot Pin/android.widget.ImageView0 (7)"), 0): Tapped on element 'Object Repository/Maya/Forgot Pin/android.widget.ImageView0 (7)'

2020-08-06 00:27:00 - [MESSAGE][WARNING] - Timeout '0' is invalid. Using default page load timeout: '10'

2020-08-06 00:27:01 - [MESSAGE][PASSED] - Tapped on element 'Object Repository/Maya/Forgot Pin/android.widget.ImageView0 (7)'

2020-08-06 00:27:01 - [TEST_STEP][PASSED] - verifyElementExist(findTestObject("Maya/RegisterDuitNow/android.widget.TextView0 - DuitNow successfully enabled."), 0): Element 'Object Repository/Maya/RegisterDuitNow/android.widget.TextView0 - DuitNow successfully enabled.' is exist

2020-08-06 00:27:01 - [MESSAGE][WARNING] - Timeout '0' is invalid. Using default page load timeout: '10'

2020-08-06 00:27:04 - [MESSAGE][PASSED] - Element 'Object Repository/Maya/RegisterDuitNow/android.widget.TextView0 - DuitNow successfully enabled.' is exist

2020-08-06 00:27:04 - [TEST_STEP][PASSED] - delay(2, STOP_ON_FAILURE): Delayed 2 second(s)

2020-08-06 00:27:06 - [MESSAGE][PASSED] - Delayed 2 second(s)

2020-08-06 00:27:06 - [TEST_STEP][PASSED] - takeScreenshot("C:\Users\LENOVO\Screenshot\DuitNowProxy\Screen14.png", CONTINUE_ON_FAILURE): Screenshot is taken

2020-08-06 00:27:07 - [MESSAGE][PASSED] - Screenshot is taken
[[ATTACHMENT|C:\\Users\\LENOVO\\Screenshot\\DuitNowProxy\\Screen14.png]]

2020-08-06 00:27:07 - [TEST_STEP][PASSED] - tap(findTestObject("Maya/Mobile proxy/android.widget.TextView0 - More (1)"), 0): Tapped on element 'Object Repository/Maya/Mobile proxy/android.widget.TextView0 - More (1)'

2020-08-06 00:27:07 - [MESSAGE][WARNING] - Timeout '0' is invalid. Using default page load timeout: '10'

2020-08-06 00:27:18 - [MESSAGE][PASSED] - Tapped on element 'Object Repository/Maya/Mobile proxy/android.widget.TextView0 - More (1)'

2020-08-06 00:27:18 - [TEST_STEP][PASSED] - tap(findTestObject("Maya/Mobile proxy/android.widget.TextView0 - Notifications"), 0): Tapped on element 'Object Repository/Maya/Mobile proxy/android.widget.TextView0 - Notifications'

2020-08-06 00:27:18 - [MESSAGE][WARNING] - Timeout '0' is invalid. Using default page load timeout: '10'

2020-08-06 00:27:20 - [MESSAGE][PASSED] - Tapped on element 'Object Repository/Maya/Mobile proxy/android.widget.TextView0 - Notifications'

2020-08-06 00:27:20 - [TEST_STEP][PASSED] - getText(findTestObject("Maya/Mobile proxy/android.widget.TextView0 - Today"), 0): Text of element 'Object Repository/Maya/Mobile proxy/android.widget.TextView0 - Today' is: 'Today'

2020-08-06 00:27:20 - [MESSAGE][WARNING] - Timeout '0' is invalid. Using default page load timeout: '10'

2020-08-06 00:27:24 - [MESSAGE][PASSED] - Text of element 'Object Repository/Maya/Mobile proxy/android.widget.TextView0 - Today' is: 'Today'

2020-08-06 00:27:24 - [TEST_STEP][PASSED] - getText(findTestObject("Maya/Mobile proxy/android.widget.TextView0 - Notifications (1)"), 0): Text of element 'Object Repository/Maya/Mobile proxy/android.widget.TextView0 - Notifications (1)' is: 'Notifications'

2020-08-06 00:27:24 - [MESSAGE][WARNING] - Timeout '0' is invalid. Using default page load timeout: '10'

2020-08-06 00:27:25 - [MESSAGE][PASSED] - Text of element 'Object Repository/Maya/Mobile proxy/android.widget.TextView0 - Notifications (1)' is: 'Notifications'

2020-08-06 00:27:25 - [TEST_STEP][PASSED] - getText(findTestObject("Maya/Mobile proxy/android.widget.TextView0 - Maybank2u DuitNow ID Deregistration"), 0): Text of element 'Object Repository/Maya/Mobile proxy/android.widget.TextView0 - Maybank2u DuitNow ID Deregistration' is: 'Maybank2u: DuitNow ID Deregistration'

2020-08-06 00:27:25 - [MESSAGE][WARNING] - Timeout '0' is invalid. Using default page load timeout: '10'

2020-08-06 00:27:26 - [MESSAGE][PASSED] - Text of element 'Object Repository/Maya/Mobile proxy/android.widget.TextView0 - Maybank2u DuitNow ID Deregistration' is: 'Maybank2u: DuitNow ID Deregistration'

2020-08-06 00:27:26 - [TEST_STEP][PASSED] - getText(findTestObject("Maya/Mobile proxy/android.widget.TextView0 - Duitnow Proxy (Mobile Number) ending 1028 has just been deregistered."), 0): Text of element 'Object Repository/Maya/Mobile proxy/android.widget.TextView0 - Duitnow Proxy (Mobile Number) ending 1028 has just been deregistered.' is: 'Duitnow Proxy (Mobile Number) ending ****1028 has just been deregistered.'

2020-08-06 00:27:26 - [MESSAGE][WARNING] - Timeout '0' is invalid. Using default page load timeout: '10'

2020-08-06 00:27:26 - [MESSAGE][PASSED] - Text of element 'Object Repository/Maya/Mobile proxy/android.widget.TextView0 - Duitnow Proxy (Mobile Number) ending 1028 has just been deregistered.' is: 'Duitnow Proxy (Mobile Number) ending ****1028 has just been deregistered.'

2020-08-06 00:27:26 - [TEST_STEP][PASSED] - getText(findTestObject("Maya/Mobile proxy/android.widget.TextView0 - 1151 PM"), 0): Text of element 'Object Repository/Maya/Mobile proxy/android.widget.TextView0 - 1151 PM' is: '12:24 AM'

2020-08-06 00:27:26 - [MESSAGE][WARNING] - Timeout '0' is invalid. Using default page load timeout: '10'

2020-08-06 00:27:27 - [MESSAGE][PASSED] - Text of element 'Object Repository/Maya/Mobile proxy/android.widget.TextView0 - 1151 PM' is: '12:24 AM'

2020-08-06 00:27:27 - [TEST_STEP][PASSED] - getText(findTestObject("Maya/Mobile proxy/android.widget.TextView0 - Maybank2u DuitNow ID Registration"), 0): Text of element 'Object Repository/Maya/Mobile proxy/android.widget.TextView0 - Maybank2u DuitNow ID Registration' is: 'Maybank2u: DuitNow ID Registration'

2020-08-06 00:27:27 - [MESSAGE][WARNING] - Timeout '0' is invalid. Using default page load timeout: '10'

2020-08-06 00:27:27 - [MESSAGE][PASSED] - Text of element 'Object Repository/Maya/Mobile proxy/android.widget.TextView0 - Maybank2u DuitNow ID Registration' is: 'Maybank2u: DuitNow ID Registration'

2020-08-06 00:27:27 - [TEST_STEP][PASSED] - getText(findTestObject("Maya/Mobile proxy/android.widget.TextView0 - Duitnow Proxy (Mobile Number) ending 1028 has just been registered."), 0): Text of element 'Object Repository/Maya/Mobile proxy/android.widget.TextView0 - Duitnow Proxy (Mobile Number) ending 1028 has just been registered.' is: 'Duitnow Proxy (Mobile Number) ending ****1028 has just been registered.'

2020-08-06 00:27:27 - [MESSAGE][WARNING] - Timeout '0' is invalid. Using default page load timeout: '10'

2020-08-06 00:27:28 - [MESSAGE][PASSED] - Text of element 'Object Repository/Maya/Mobile proxy/android.widget.TextView0 - Duitnow Proxy (Mobile Number) ending 1028 has just been registered.' is: 'Duitnow Proxy (Mobile Number) ending ****1028 has just been registered.'

2020-08-06 00:27:28 - [TEST_STEP][PASSED] - getText(findTestObject("Maya/Mobile proxy/android.widget.TextView0 - 1152 PM"), 0): Text of element 'Object Repository/Maya/Mobile proxy/android.widget.TextView0 - 1152 PM' is: '12:24 AM'

2020-08-06 00:27:28 - [MESSAGE][WARNING] - Timeout '0' is invalid. Using default page load timeout: '10'

2020-08-06 00:27:29 - [MESSAGE][PASSED] - Text of element 'Object Repository/Maya/Mobile proxy/android.widget.TextView0 - 1152 PM' is: '12:24 AM'

2020-08-06 00:27:29 - [TEST_STEP][PASSED] - getText(findTestObject("Maya/Mobile proxy/android.widget.TextView0 - Maybank2u DuitNow ID Proxy disabled"), 0): Text of element 'Object Repository/Maya/Mobile proxy/android.widget.TextView0 - Maybank2u DuitNow ID Proxy disabled' is: 'Maybank2u: DuitNow ID Proxy disabled'

2020-08-06 00:27:29 - [MESSAGE][WARNING] - Timeout '0' is invalid. Using default page load timeout: '10'

2020-08-06 00:27:29 - [MESSAGE][PASSED] - Text of element 'Object Repository/Maya/Mobile proxy/android.widget.TextView0 - Maybank2u DuitNow ID Proxy disabled' is: 'Maybank2u: DuitNow ID Proxy disabled'

2020-08-06 00:27:29 - [TEST_STEP][PASSED] - getText(findTestObject("Maya/Mobile proxy/android.widget.TextView0 - Duitnow Proxy (Mobile Number) ending 1028 has just been disabled."), 0): Text of element 'Object Repository/Maya/Mobile proxy/android.widget.TextView0 - Duitnow Proxy (Mobile Number) ending 1028 has just been disabled.' is: 'Duitnow Proxy (Mobile Number) ending ****1028 has just been disabled.'

2020-08-06 00:27:29 - [MESSAGE][WARNING] - Timeout '0' is invalid. Using default page load timeout: '10'

2020-08-06 00:27:29 - [MESSAGE][PASSED] - Text of element 'Object Repository/Maya/Mobile proxy/android.widget.TextView0 - Duitnow Proxy (Mobile Number) ending 1028 has just been disabled.' is: 'Duitnow Proxy (Mobile Number) ending ****1028 has just been disabled.'

2020-08-06 00:27:29 - [TEST_STEP][PASSED] - getText(findTestObject("Maya/Mobile proxy/android.widget.TextView0 - 1153 PM"), 0): Text of element 'Object Repository/Maya/Mobile proxy/android.widget.TextView0 - 1153 PM' is: '12:25 AM'

2020-08-06 00:27:29 - [MESSAGE][WARNING] - Timeout '0' is invalid. Using default page load timeout: '10'

2020-08-06 00:27:30 - [MESSAGE][PASSED] - Text of element 'Object Repository/Maya/Mobile proxy/android.widget.TextView0 - 1153 PM' is: '12:25 AM'

2020-08-06 00:27:30 - [TEST_STEP][PASSED] - getText(findTestObject("Maya/Mobile proxy/android.widget.TextView0 - Maybank2u DuitNow ID Proxy enabled"), 0): Text of element 'Object Repository/Maya/Mobile proxy/android.widget.TextView0 - Maybank2u DuitNow ID Proxy enabled' is: 'Maybank2u: DuitNow ID Proxy enabled'

2020-08-06 00:27:30 - [MESSAGE][WARNING] - Timeout '0' is invalid. Using default page load timeout: '10'

2020-08-06 00:27:30 - [MESSAGE][PASSED] - Text of element 'Object Repository/Maya/Mobile proxy/android.widget.TextView0 - Maybank2u DuitNow ID Proxy enabled' is: 'Maybank2u: DuitNow ID Proxy enabled'

2020-08-06 00:27:30 - [TEST_STEP][PASSED] - getText(findTestObject("Maya/Mobile proxy/android.widget.TextView0 - Duitnow Proxy (Mobile Number) ending 1028 has just been enabled."), 0): Text of element 'Object Repository/Maya/Mobile proxy/android.widget.TextView0 - Duitnow Proxy (Mobile Number) ending 1028 has just been enabled.' is: 'Duitnow Proxy (Mobile Number) ending ****1028 has just been enabled.'

2020-08-06 00:27:30 - [MESSAGE][WARNING] - Timeout '0' is invalid. Using default page load timeout: '10'

2020-08-06 00:27:31 - [MESSAGE][PASSED] - Text of element 'Object Repository/Maya/Mobile proxy/android.widget.TextView0 - Duitnow Proxy (Mobile Number) ending 1028 has just been enabled.' is: 'Duitnow Proxy (Mobile Number) ending ****1028 has just been enabled.'

2020-08-06 00:27:31 - [TEST_STEP][PASSED] - getText(findTestObject("Maya/Mobile proxy/android.widget.TextView0 - 1154 PM"), 0): Text of element 'Object Repository/Maya/Mobile proxy/android.widget.TextView0 - 1154 PM' is: '12:27 AM'

2020-08-06 00:27:31 - [MESSAGE][WARNING] - Timeout '0' is invalid. Using default page load timeout: '10'

2020-08-06 00:27:32 - [MESSAGE][PASSED] - Text of element 'Object Repository/Maya/Mobile proxy/android.widget.TextView0 - 1154 PM' is: '12:27 AM'

2020-08-06 00:27:32 - [TEST_STEP][PASSED] - tap(findTestObject("Maya/RegisterDuitNow/android.widget.TextView0 - More (1)"), 0): Tapped on element 'Object Repository/Maya/RegisterDuitNow/android.widget.TextView0 - More (1)'

2020-08-06 00:27:32 - [MESSAGE][WARNING] - Timeout '0' is invalid. Using default page load timeout: '10'

2020-08-06 00:27:44 - [MESSAGE][PASSED] - Tapped on element 'Object Repository/Maya/RegisterDuitNow/android.widget.TextView0 - More (1)'

2020-08-06 00:27:44 - [TEST_STEP][PASSED] - tap(findTestObject("Maya/RegisterDuitNow/android.widget.TextView0 - Settings (1)"), 0): Tapped on element 'Object Repository/Maya/RegisterDuitNow/android.widget.TextView0 - Settings (1)'

2020-08-06 00:27:44 - [MESSAGE][WARNING] - Timeout '0' is invalid. Using default page load timeout: '10'

2020-08-06 00:27:46 - [MESSAGE][PASSED] - Tapped on element 'Object Repository/Maya/RegisterDuitNow/android.widget.TextView0 - Settings (1)'

2020-08-06 00:27:46 - [TEST_STEP][PASSED] - tap(findTestObject("Maya/RegisterDuitNow/android.widget.TextView0 - Maybank2u (2)"), 0): Tapped on element 'Object Repository/Maya/RegisterDuitNow/android.widget.TextView0 - Maybank2u (2)'

2020-08-06 00:27:46 - [MESSAGE][WARNING] - Timeout '0' is invalid. Using default page load timeout: '10'

2020-08-06 00:27:48 - [MESSAGE][PASSED] - Tapped on element 'Object Repository/Maya/RegisterDuitNow/android.widget.TextView0 - Maybank2u (2)'

2020-08-06 00:27:48 - [TEST_STEP][PASSED] - tap(findTestObject("Maya/RegisterDuitNow/android.widget.TextView0 - DuitNow (6)"), 0): Tapped on element 'Object Repository/Maya/RegisterDuitNow/android.widget.TextView0 - DuitNow (6)'

2020-08-06 00:27:48 - [MESSAGE][WARNING] - Timeout '0' is invalid. Using default page load timeout: '10'

2020-08-06 00:27:50 - [MESSAGE][PASSED] - Tapped on element 'Object Repository/Maya/RegisterDuitNow/android.widget.TextView0 - DuitNow (6)'

2020-08-06 00:27:50 - [TEST_STEP][PASSED] - tap(findTestObject("Maya/RegisterDuitNow/android.widget.TextView0 - Mobile Number"), 0): Tapped on element 'Object Repository/Maya/RegisterDuitNow/android.widget.TextView0 - Mobile Number'

2020-08-06 00:27:50 - [MESSAGE][WARNING] - Timeout '0' is invalid. Using default page load timeout: '10'

2020-08-06 00:27:52 - [MESSAGE][PASSED] - Tapped on element 'Object Repository/Maya/RegisterDuitNow/android.widget.TextView0 - Mobile Number'

2020-08-06 00:27:52 - [TEST_STEP][PASSED] - getText(findTestObject("Maya/RegisterDuitNow/android.widget.TextView0 - ACTIVE (1)"), 0): Text of element 'Object Repository/Maya/RegisterDuitNow/android.widget.TextView0 - ACTIVE (1)' is: 'ACTIVE'

2020-08-06 00:27:52 - [MESSAGE][WARNING] - Timeout '0' is invalid. Using default page load timeout: '10'

2020-08-06 00:27:52 - [MESSAGE][PASSED] - Text of element 'Object Repository/Maya/RegisterDuitNow/android.widget.TextView0 - ACTIVE (1)' is: 'ACTIVE'

2020-08-06 00:27:52 - [TEST_STEP][PASSED] - verifyElementExist(findTestObject("Maya/RegisterDuitNow/android.widget.TextView0 - ACTIVE (1)"), 0): Element 'Object Repository/Maya/RegisterDuitNow/android.widget.TextView0 - ACTIVE (1)' is exist

2020-08-06 00:27:52 - [MESSAGE][WARNING] - Timeout '0' is invalid. Using default page load timeout: '10'

2020-08-06 00:27:53 - [MESSAGE][PASSED] - Element 'Object Repository/Maya/RegisterDuitNow/android.widget.TextView0 - ACTIVE (1)' is exist

2020-08-06 00:27:53 - [TEST_STEP][PASSED] - getText(findTestObject("Maya/RegisterDuitNow/android.widget.TextView0 - Mobile Number (1)"), 0): Text of element 'Object Repository/Maya/RegisterDuitNow/android.widget.TextView0 - Mobile Number (1)' is: 'Mobile Number'

2020-08-06 00:27:53 - [MESSAGE][WARNING] - Timeout '0' is invalid. Using default page load timeout: '10'

2020-08-06 00:27:53 - [MESSAGE][PASSED] - Text of element 'Object Repository/Maya/RegisterDuitNow/android.widget.TextView0 - Mobile Number (1)' is: 'Mobile Number'

2020-08-06 00:27:53 - [TEST_STEP][PASSED] - verifyElementExist(findTestObject("Maya/RegisterDuitNow/android.widget.TextView0 - Mobile Number (1)"), 0): Element 'Object Repository/Maya/RegisterDuitNow/android.widget.TextView0 - Mobile Number (1)' is exist

2020-08-06 00:27:53 - [MESSAGE][WARNING] - Timeout '0' is invalid. Using default page load timeout: '10'

2020-08-06 00:27:53 - [MESSAGE][PASSED] - Element 'Object Repository/Maya/RegisterDuitNow/android.widget.TextView0 - Mobile Number (1)' is exist

2020-08-06 00:27:53 - [TEST_STEP][PASSED] - getText(findTestObject("Maya/RegisterDuitNow/android.widget.TextView0 - 1028 (1)"), 0): Text of element 'Object Repository/Maya/RegisterDuitNow/android.widget.TextView0 - 1028 (1)' is: '********1028'

2020-08-06 00:27:53 - [MESSAGE][WARNING] - Timeout '0' is invalid. Using default page load timeout: '10'

2020-08-06 00:27:53 - [MESSAGE][PASSED] - Text of element 'Object Repository/Maya/RegisterDuitNow/android.widget.TextView0 - 1028 (1)' is: '********1028'

2020-08-06 00:27:53 - [TEST_STEP][PASSED] - verifyElementExist(findTestObject("Maya/RegisterDuitNow/android.widget.TextView0 - 1028 (1)"), 0): Element 'Object Repository/Maya/RegisterDuitNow/android.widget.TextView0 - 1028 (1)' is exist

2020-08-06 00:27:53 - [MESSAGE][WARNING] - Timeout '0' is invalid. Using default page load timeout: '10'

2020-08-06 00:27:54 - [MESSAGE][PASSED] - Element 'Object Repository/Maya/RegisterDuitNow/android.widget.TextView0 - 1028 (1)' is exist

2020-08-06 00:27:54 - [TEST_STEP][NOT_RUN] - closeApplication(): NOT_RUN: closeApplication()

2020-08-06 00:27:54 - [MESSAGE][NOT_RUN] - NOT_RUN: closeApplication()

2020-08-06 00:27:54 - [TEST_STEP][PASSED] - delay(2, STOP_ON_FAILURE): Delayed 2 second(s)

2020-08-06 00:27:56 - [MESSAGE][PASSED] - Delayed 2 second(s)

2020-08-06 00:27:56 - [TEST_STEP][PASSED] - takeScreenshot("C:\Users\LENOVO\Screenshot\DuitNowProxy\Screen15.png", CONTINUE_ON_FAILURE): Screenshot is taken

2020-08-06 00:27:57 - [MESSAGE][PASSED] - Screenshot is taken
[[ATTACHMENT|C:\\Users\\LENOVO\\Screenshot\\DuitNowProxy\\Screen15.png]]

2020-08-06 00:27:57 - [TEST_STEP][PASSED] - tap(findTestObject("Maya/RegisterDuitNow/android.widget.TextView0 - Switch account (1)"), 0): Tapped on element 'Object Repository/Maya/RegisterDuitNow/android.widget.TextView0 - Switch account (1)'

2020-08-06 00:27:57 - [MESSAGE][WARNING] - Timeout '0' is invalid. Using default page load timeout: '10'

2020-08-06 00:27:59 - [MESSAGE][PASSED] - Tapped on element 'Object Repository/Maya/RegisterDuitNow/android.widget.TextView0 - Switch account (1)'

2020-08-06 00:27:59 - [TEST_STEP][FAILED] - tap(findTestObject("Maya/RegisterDuitNow/android.widget.ImageView0 (10)"), 0): Object Object Repository/Maya/RegisterDuitNow/android.widget.ImageView0 (10) not found

2020-08-06 00:27:59 - [MESSAGE][WARNING] - Timeout '0' is invalid. Using default page load timeout: '10'

2020-08-06 00:28:11 - [MESSAGE][FAILED] - Object Object Repository/Maya/RegisterDuitNow/android.widget.ImageView0 (10) not found
[[ATTACHMENT|C:\\Users\\LENOVO\\Git_new\\Maya\\Reports\\20200806_001924\\Maya UAT\\UAT Test Suite\\20200806_001924\\1596644889953.png]]

2020-08-06 00:28:11 - [TEST_STEP][PASSED] - tap(findTestObject("Maya/RegisterDuitNow/android.widget.TextView0 - Continue (7)"), 0): Tapped on element 'Object Repository/Maya/RegisterDuitNow/android.widget.TextView0 - Continue (7)'

2020-08-06 00:28:11 - [MESSAGE][WARNING] - Timeout '0' is invalid. Using default page load timeout: '10'

2020-08-06 00:28:15 - [MESSAGE][PASSED] - Tapped on element 'Object Repository/Maya/RegisterDuitNow/android.widget.TextView0 - Continue (7)'

2020-08-06 00:28:15 - [TEST_STEP][PASSED] - getText(findTestObject("Maya/RegisterDuitNow/android.widget.TextView0 - Please confirm your DuitNow details (1)"), 0): Text of element 'Object Repository/Maya/RegisterDuitNow/android.widget.TextView0 - Please confirm your DuitNow details (1)' is: 'Please confirm your DuitNow details'

2020-08-06 00:28:15 - [MESSAGE][WARNING] - Timeout '0' is invalid. Using default page load timeout: '10'

2020-08-06 00:28:19 - [MESSAGE][PASSED] - Text of element 'Object Repository/Maya/RegisterDuitNow/android.widget.TextView0 - Please confirm your DuitNow details (1)' is: 'Please confirm your DuitNow details'

2020-08-06 00:28:19 - [TEST_STEP][PASSED] - verifyElementExist(findTestObject("Maya/RegisterDuitNow/android.widget.TextView0 - Please confirm your DuitNow details (1)"), 0): Element 'Object Repository/Maya/RegisterDuitNow/android.widget.TextView0 - Please confirm your DuitNow details (1)' is exist

2020-08-06 00:28:19 - [MESSAGE][WARNING] - Timeout '0' is invalid. Using default page load timeout: '10'

2020-08-06 00:28:20 - [MESSAGE][PASSED] - Element 'Object Repository/Maya/RegisterDuitNow/android.widget.TextView0 - Please confirm your DuitNow details (1)' is exist

2020-08-06 00:28:20 - [TEST_STEP][PASSED] - tap(findTestObject("Maya/RegisterDuitNow/android.widget.TextView0 - Agree and Confirm (1)"), 0): Tapped on element 'Object Repository/Maya/RegisterDuitNow/android.widget.TextView0 - Agree and Confirm (1)'

2020-08-06 00:28:20 - [MESSAGE][WARNING] - Timeout '0' is invalid. Using default page load timeout: '10'

2020-08-06 00:28:21 - [MESSAGE][PASSED] - Tapped on element 'Object Repository/Maya/RegisterDuitNow/android.widget.TextView0 - Agree and Confirm (1)'

2020-08-06 00:28:21 - [TEST_STEP][PASSED] - delay(2, STOP_ON_FAILURE): Delayed 2 second(s)

2020-08-06 00:28:23 - [MESSAGE][PASSED] - Delayed 2 second(s)

2020-08-06 00:28:23 - [TEST_STEP][PASSED] - takeScreenshot("C:\Users\LENOVO\Screenshot\DuitNowProxy\Screen6.png", CONTINUE_ON_FAILURE): Screenshot is taken

2020-08-06 00:28:24 - [MESSAGE][PASSED] - Screenshot is taken
[[ATTACHMENT|C:\\Users\\LENOVO\\Screenshot\\DuitNowProxy\\Screen6.png]]

2020-08-06 00:28:24 - [TEST_STEP][PASSED] - tap(findTestObject("Maya/RegisterDuitNow/android.widget.TextView0 - Confirm (1)"), 0): Tapped on element 'Object Repository/Maya/RegisterDuitNow/android.widget.TextView0 - Confirm (1)'

2020-08-06 00:28:24 - [MESSAGE][WARNING] - Timeout '0' is invalid. Using default page load timeout: '10'

2020-08-06 00:28:26 - [MESSAGE][PASSED] - Tapped on element 'Object Repository/Maya/RegisterDuitNow/android.widget.TextView0 - Confirm (1)'

2020-08-06 00:28:26 - [TEST_STEP][PASSED] - otpMess = getText(findTestObject("Maya/Third Party CA account/android.widget.TextView0 - Your OTP no. is 460943"), 0): Text of element 'Object Repository/Maya/Third Party CA account/android.widget.TextView0 - Your OTP no. is 460943' is: 'Your OTP no. is 412408'

2020-08-06 00:28:26 - [MESSAGE][WARNING] - Timeout '0' is invalid. Using default page load timeout: '10'

2020-08-06 00:28:29 - [MESSAGE][PASSED] - Text of element 'Object Repository/Maya/Third Party CA account/android.widget.TextView0 - Your OTP no. is 460943' is: 'Your OTP no. is 412408'

2020-08-06 00:28:29 - [TEST_STEP][PASSED] - delay(2): Delayed 2 second(s)

2020-08-06 00:28:31 - [MESSAGE][PASSED] - Delayed 2 second(s)

2020-08-06 00:28:31 - [TEST_STEP][PASSED] - for ([i = 16, i <= 21, (i++)]): null

2020-08-06 00:28:31 - [TEST_STEP][PASSED] - delay(3, STOP_ON_FAILURE): Delayed 3 second(s)

2020-08-06 00:28:34 - [MESSAGE][PASSED] - Delayed 3 second(s)

2020-08-06 00:28:34 - [TEST_STEP][PASSED] - if (otpMess[i] == "0"): null

2020-08-06 00:28:34 - [TEST_STEP][PASSED] - if (otpMess[i] == "1"): null

2020-08-06 00:28:34 - [TEST_STEP][PASSED] - if (otpMess[i] == "2"): null

2020-08-06 00:28:34 - [TEST_STEP][PASSED] - if (otpMess[i] == "3"): null

2020-08-06 00:28:34 - [TEST_STEP][PASSED] - if (otpMess[i] == "4"): Tapped on element 'Object Repository/Maya/login again/Spy - 4'

2020-08-06 00:28:34 - [TEST_STEP][PASSED] - delay(1, STOP_ON_FAILURE): Delayed 1 second(s)

2020-08-06 00:28:35 - [MESSAGE][PASSED] - Delayed 1 second(s)

2020-08-06 00:28:35 - [TEST_STEP][PASSED] - tap(findTestObject("Maya/login again/Spy - 4"), 0): Tapped on element 'Object Repository/Maya/login again/Spy - 4'

2020-08-06 00:28:35 - [MESSAGE][WARNING] - Timeout '0' is invalid. Using default page load timeout: '10'

2020-08-06 00:28:36 - [MESSAGE][PASSED] - Tapped on element 'Object Repository/Maya/login again/Spy - 4'

2020-08-06 00:28:36 - [TEST_STEP][PASSED] - if (otpMess[i] == "5"): null

2020-08-06 00:28:36 - [TEST_STEP][PASSED] - if (otpMess[i] == "6"): null

2020-08-06 00:28:36 - [TEST_STEP][PASSED] - if (otpMess[i] == "7"): null

2020-08-06 00:28:36 - [TEST_STEP][PASSED] - if (otpMess[i] == "8"): null

2020-08-06 00:28:36 - [TEST_STEP][PASSED] - if (otpMess[i] == "9"): null

2020-08-06 00:28:36 - [TEST_STEP][PASSED] - delay(3, STOP_ON_FAILURE): Delayed 3 second(s)

2020-08-06 00:28:39 - [MESSAGE][PASSED] - Delayed 3 second(s)

2020-08-06 00:28:39 - [TEST_STEP][PASSED] - if (otpMess[i] == "0"): null

2020-08-06 00:28:39 - [TEST_STEP][PASSED] - if (otpMess[i] == "1"): Tapped on element 'Object Repository/Maya/login again/Spy - 1'

2020-08-06 00:28:39 - [TEST_STEP][PASSED] - delay(1, STOP_ON_FAILURE): Delayed 1 second(s)

2020-08-06 00:28:40 - [MESSAGE][PASSED] - Delayed 1 second(s)

2020-08-06 00:28:40 - [TEST_STEP][PASSED] - tap(findTestObject("Maya/login again/Spy - 1"), 0): Tapped on element 'Object Repository/Maya/login again/Spy - 1'

2020-08-06 00:28:40 - [MESSAGE][WARNING] - Timeout '0' is invalid. Using default page load timeout: '10'

2020-08-06 00:28:41 - [MESSAGE][PASSED] - Tapped on element 'Object Repository/Maya/login again/Spy - 1'

2020-08-06 00:28:41 - [TEST_STEP][PASSED] - if (otpMess[i] == "2"): null

2020-08-06 00:28:41 - [TEST_STEP][PASSED] - if (otpMess[i] == "3"): null

2020-08-06 00:28:41 - [TEST_STEP][PASSED] - if (otpMess[i] == "4"): null

2020-08-06 00:28:41 - [TEST_STEP][PASSED] - if (otpMess[i] == "5"): null

2020-08-06 00:28:41 - [TEST_STEP][PASSED] - if (otpMess[i] == "6"): null

2020-08-06 00:28:41 - [TEST_STEP][PASSED] - if (otpMess[i] == "7"): null

2020-08-06 00:28:41 - [TEST_STEP][PASSED] - if (otpMess[i] == "8"): null

2020-08-06 00:28:41 - [TEST_STEP][PASSED] - if (otpMess[i] == "9"): null

2020-08-06 00:28:41 - [TEST_STEP][PASSED] - delay(3, STOP_ON_FAILURE): Delayed 3 second(s)

2020-08-06 00:28:44 - [MESSAGE][PASSED] - Delayed 3 second(s)

2020-08-06 00:28:44 - [TEST_STEP][PASSED] - if (otpMess[i] == "0"): null

2020-08-06 00:28:44 - [TEST_STEP][PASSED] - if (otpMess[i] == "1"): null

2020-08-06 00:28:44 - [TEST_STEP][PASSED] - if (otpMess[i] == "2"): Tapped on element 'Object Repository/Maya/login again/Spy- 2'

2020-08-06 00:28:44 - [TEST_STEP][PASSED] - delay(1, STOP_ON_FAILURE): Delayed 1 second(s)

2020-08-06 00:28:45 - [MESSAGE][PASSED] - Delayed 1 second(s)

2020-08-06 00:28:45 - [TEST_STEP][PASSED] - tap(findTestObject("Maya/login again/Spy- 2"), 0): Tapped on element 'Object Repository/Maya/login again/Spy- 2'

2020-08-06 00:28:45 - [MESSAGE][WARNING] - Timeout '0' is invalid. Using default page load timeout: '10'

2020-08-06 00:28:46 - [MESSAGE][PASSED] - Tapped on element 'Object Repository/Maya/login again/Spy- 2'

2020-08-06 00:28:46 - [TEST_STEP][PASSED] - if (otpMess[i] == "3"): null

2020-08-06 00:28:46 - [TEST_STEP][PASSED] - if (otpMess[i] == "4"): null

2020-08-06 00:28:46 - [TEST_STEP][PASSED] - if (otpMess[i] == "5"): null

2020-08-06 00:28:46 - [TEST_STEP][PASSED] - if (otpMess[i] == "6"): null

2020-08-06 00:28:46 - [TEST_STEP][PASSED] - if (otpMess[i] == "7"): null

2020-08-06 00:28:46 - [TEST_STEP][PASSED] - if (otpMess[i] == "8"): null

2020-08-06 00:28:46 - [TEST_STEP][PASSED] - if (otpMess[i] == "9"): null

2020-08-06 00:28:46 - [TEST_STEP][PASSED] - delay(3, STOP_ON_FAILURE): Delayed 3 second(s)

2020-08-06 00:28:49 - [MESSAGE][PASSED] - Delayed 3 second(s)

2020-08-06 00:28:49 - [TEST_STEP][PASSED] - if (otpMess[i] == "0"): null

2020-08-06 00:28:49 - [TEST_STEP][PASSED] - if (otpMess[i] == "1"): null

2020-08-06 00:28:49 - [TEST_STEP][PASSED] - if (otpMess[i] == "2"): null

2020-08-06 00:28:49 - [TEST_STEP][PASSED] - if (otpMess[i] == "3"): null

2020-08-06 00:28:49 - [TEST_STEP][PASSED] - if (otpMess[i] == "4"): Tapped on element 'Object Repository/Maya/login again/Spy - 4'

2020-08-06 00:28:49 - [TEST_STEP][PASSED] - delay(1, STOP_ON_FAILURE): Delayed 1 second(s)

2020-08-06 00:28:50 - [MESSAGE][PASSED] - Delayed 1 second(s)

2020-08-06 00:28:50 - [TEST_STEP][PASSED] - tap(findTestObject("Maya/login again/Spy - 4"), 0): Tapped on element 'Object Repository/Maya/login again/Spy - 4'

2020-08-06 00:28:50 - [MESSAGE][WARNING] - Timeout '0' is invalid. Using default page load timeout: '10'

2020-08-06 00:28:51 - [MESSAGE][PASSED] - Tapped on element 'Object Repository/Maya/login again/Spy - 4'

2020-08-06 00:28:51 - [TEST_STEP][PASSED] - if (otpMess[i] == "5"): null

2020-08-06 00:28:51 - [TEST_STEP][PASSED] - if (otpMess[i] == "6"): null

2020-08-06 00:28:51 - [TEST_STEP][PASSED] - if (otpMess[i] == "7"): null

2020-08-06 00:28:51 - [TEST_STEP][PASSED] - if (otpMess[i] == "8"): null

2020-08-06 00:28:51 - [TEST_STEP][PASSED] - if (otpMess[i] == "9"): null

2020-08-06 00:28:51 - [TEST_STEP][PASSED] - delay(3, STOP_ON_FAILURE): Delayed 3 second(s)

2020-08-06 00:28:54 - [MESSAGE][PASSED] - Delayed 3 second(s)

2020-08-06 00:28:54 - [TEST_STEP][PASSED] - if (otpMess[i] == "0"): Tapped on element 'Object Repository/Maya/login again/Spy-0'

2020-08-06 00:28:54 - [TEST_STEP][PASSED] - delay(1, STOP_ON_FAILURE): Delayed 1 second(s)

2020-08-06 00:28:55 - [MESSAGE][PASSED] - Delayed 1 second(s)

2020-08-06 00:28:55 - [TEST_STEP][PASSED] - tap(findTestObject("Maya/login again/Spy-0"), 0): Tapped on element 'Object Repository/Maya/login again/Spy-0'

2020-08-06 00:28:55 - [MESSAGE][WARNING] - Timeout '0' is invalid. Using default page load timeout: '10'

2020-08-06 00:28:56 - [MESSAGE][PASSED] - Tapped on element 'Object Repository/Maya/login again/Spy-0'

2020-08-06 00:28:56 - [TEST_STEP][PASSED] - if (otpMess[i] == "1"): null

2020-08-06 00:28:56 - [TEST_STEP][PASSED] - if (otpMess[i] == "2"): null

2020-08-06 00:28:56 - [TEST_STEP][PASSED] - if (otpMess[i] == "3"): null

2020-08-06 00:28:56 - [TEST_STEP][PASSED] - if (otpMess[i] == "4"): null

2020-08-06 00:28:56 - [TEST_STEP][PASSED] - if (otpMess[i] == "5"): null

2020-08-06 00:28:56 - [TEST_STEP][PASSED] - if (otpMess[i] == "6"): null

2020-08-06 00:28:56 - [TEST_STEP][PASSED] - if (otpMess[i] == "7"): null

2020-08-06 00:28:56 - [TEST_STEP][PASSED] - if (otpMess[i] == "8"): null

2020-08-06 00:28:56 - [TEST_STEP][PASSED] - if (otpMess[i] == "9"): null

2020-08-06 00:28:56 - [TEST_STEP][PASSED] - delay(3, STOP_ON_FAILURE): Delayed 3 second(s)

2020-08-06 00:28:59 - [MESSAGE][PASSED] - Delayed 3 second(s)

2020-08-06 00:28:59 - [TEST_STEP][PASSED] - if (otpMess[i] == "0"): null

2020-08-06 00:28:59 - [TEST_STEP][PASSED] - if (otpMess[i] == "1"): null

2020-08-06 00:28:59 - [TEST_STEP][PASSED] - if (otpMess[i] == "2"): null

2020-08-06 00:28:59 - [TEST_STEP][PASSED] - if (otpMess[i] == "3"): null

2020-08-06 00:28:59 - [TEST_STEP][PASSED] - if (otpMess[i] == "4"): null

2020-08-06 00:28:59 - [TEST_STEP][PASSED] - if (otpMess[i] == "5"): null

2020-08-06 00:28:59 - [TEST_STEP][PASSED] - if (otpMess[i] == "6"): null

2020-08-06 00:28:59 - [TEST_STEP][PASSED] - if (otpMess[i] == "7"): null

2020-08-06 00:28:59 - [TEST_STEP][PASSED] - if (otpMess[i] == "8"): Tapped on element 'Object Repository/Maya/login again/Spy - 8'

2020-08-06 00:28:59 - [TEST_STEP][PASSED] - delay(1, STOP_ON_FAILURE): Delayed 1 second(s)

2020-08-06 00:29:00 - [MESSAGE][PASSED] - Delayed 1 second(s)

2020-08-06 00:29:00 - [TEST_STEP][PASSED] - tap(findTestObject("Maya/login again/Spy - 8"), 0): Tapped on element 'Object Repository/Maya/login again/Spy - 8'

2020-08-06 00:29:00 - [MESSAGE][WARNING] - Timeout '0' is invalid. Using default page load timeout: '10'

2020-08-06 00:29:02 - [MESSAGE][PASSED] - Tapped on element 'Object Repository/Maya/login again/Spy - 8'

2020-08-06 00:29:02 - [TEST_STEP][PASSED] - if (otpMess[i] == "9"): null

2020-08-06 00:29:02 - [TEST_STEP][PASSED] - delay(8, STOP_ON_FAILURE): Delayed 8 second(s)

2020-08-06 00:29:10 - [MESSAGE][PASSED] - Delayed 8 second(s)

2020-08-06 00:29:10 - [TEST_STEP][PASSED] - tap(findTestObject("Maya/Forgot Pin/android.widget.ImageView0 (7)"), 0): Tapped on element 'Object Repository/Maya/Forgot Pin/android.widget.ImageView0 (7)'

2020-08-06 00:29:10 - [MESSAGE][WARNING] - Timeout '0' is invalid. Using default page load timeout: '10'

2020-08-06 00:29:11 - [MESSAGE][PASSED] - Tapped on element 'Object Repository/Maya/Forgot Pin/android.widget.ImageView0 (7)'

2020-08-06 00:29:11 - [TEST_STEP][FAILED] - getText(findTestObject("Maya/RegisterDuitNow/android.widget.TextView0 - Youve successfully linked your account to DuitNow (1)"), 0, STOP_ON_FAILURE): Failed to get text from element (Root cause: com.kms.katalon.core.exception.StepFailedException: Object Object Repository/Maya/RegisterDuitNow/android.widget.TextView0 - Youve successfully linked your account to DuitNow (1) not found
	at com.kms.katalon.core.keyword.internal.KeywordMain.stepFailed(KeywordMain.groovy:50)
	at com.kms.katalon.core.mobile.keyword.internal.MobileKeywordMain.stepFailed(MobileKeywordMain.groovy:40)
	at com.kms.katalon.core.mobile.keyword.builtin.GetTextKeyword$_getText_closure1.doCall(GetTextKeyword.groovy:74)
	at com.kms.katalon.core.mobile.keyword.builtin.GetTextKeyword$_getText_closure1.call(GetTextKeyword.groovy)
	at com.kms.katalon.core.mobile.keyword.internal.MobileKeywordMain.runKeyword(MobileKeywordMain.groovy:21)
	at com.kms.katalon.core.mobile.keyword.builtin.GetTextKeyword.getText(GetTextKeyword.groovy:80)
	at com.kms.katalon.core.mobile.keyword.builtin.GetTextKeyword.execute(GetTextKeyword.groovy:64)
	at com.kms.katalon.core.keyword.internal.KeywordExecutor.executeKeywordForPlatform(KeywordExecutor.groovy:72)
	at com.kms.katalon.core.mobile.keyword.MobileBuiltInKeywords.getText(MobileBuiltInKeywords.groovy:443)
	at com.kms.katalon.core.mobile.keyword.MobileBuiltInKeywords$getText$6.call(Unknown Source)
	at Mob Proxy.run(Mob Proxy:745)
	at com.kms.katalon.core.main.ScriptEngine.run(ScriptEngine.java:194)
	at com.kms.katalon.core.main.ScriptEngine.runScriptAsRawText(ScriptEngine.java:119)
	at com.kms.katalon.core.main.TestCaseExecutor.runScript(TestCaseExecutor.java:337)
	at com.kms.katalon.core.main.TestCaseExecutor.doExecute(TestCaseExecutor.java:328)
	at com.kms.katalon.core.main.TestCaseExecutor.processExecutionPhase(TestCaseExecutor.java:307)
	at com.kms.katalon.core.main.TestCaseExecutor.accessMainPhase(TestCaseExecutor.java:299)
	at com.kms.katalon.core.main.TestCaseExecutor.execute(TestCaseExecutor.java:233)
	at com.kms.katalon.core.main.TestSuiteExecutor.accessTestCaseMainPhase(TestSuiteExecutor.java:169)
	at com.kms.katalon.core.main.TestSuiteExecutor.accessTestSuiteMainPhase(TestSuiteExecutor.java:142)
	at com.kms.katalon.core.main.TestSuiteExecutor.execute(TestSuiteExecutor.java:91)
	at com.kms.katalon.core.main.TestCaseMain.startTestSuite(TestCaseMain.java:157)
	at com.kms.katalon.core.main.TestCaseMain$startTestSuite$0.call(Unknown Source)
	at TempTestSuite1596644364356.run(TempTestSuite1596644364356.groovy:36)
)

2020-08-06 00:29:11 - [MESSAGE][WARNING] - Timeout '0' is invalid. Using default page load timeout: '10'

2020-08-06 00:29:22 - [MESSAGE][FAILED] - Object Object Repository/Maya/RegisterDuitNow/android.widget.TextView0 - Youve successfully linked your account to DuitNow (1) not found
[[ATTACHMENT|C:\\Users\\LENOVO\\Git_new\\Maya\\Reports\\20200806_001924\\Maya UAT\\UAT Test Suite\\20200806_001924\\1596644961342.png]]

2020-08-06 00:29:22 - [MESSAGE][FAILED] - Failed to get text from element (Root cause: com.kms.katalon.core.exception.StepFailedException: Object Object Repository/Maya/RegisterDuitNow/android.widget.TextView0 - Youve successfully linked your account to DuitNow (1) not found
	at com.kms.katalon.core.keyword.internal.KeywordMain.stepFailed(KeywordMain.groovy:50)
	at com.kms.katalon.core.mobile.keyword.internal.MobileKeywordMain.stepFailed(MobileKeywordMain.groovy:40)
	at com.kms.katalon.core.mobile.keyword.builtin.GetTextKeyword$_getText_closure1.doCall(GetTextKeyword.groovy:74)
	at com.kms.katalon.core.mobile.keyword.builtin.GetTextKeyword$_getText_closure1.call(GetTextKeyword.groovy)
	at com.kms.katalon.core.mobile.keyword.internal.MobileKeywordMain.runKeyword(MobileKeywordMain.groovy:21)
	at com.kms.katalon.core.mobile.keyword.builtin.GetTextKeyword.getText(GetTextKeyword.groovy:80)
	at com.kms.katalon.core.mobile.keyword.builtin.GetTextKeyword.execute(GetTextKeyword.groovy:64)
	at com.kms.katalon.core.keyword.internal.KeywordExecutor.executeKeywordForPlatform(KeywordExecutor.groovy:72)
	at com.kms.katalon.core.mobile.keyword.MobileBuiltInKeywords.getText(MobileBuiltInKeywords.groovy:443)
	at com.kms.katalon.core.mobile.keyword.MobileBuiltInKeywords$getText$6.call(Unknown Source)
	at Mob Proxy.run(Mob Proxy:745)
	at com.kms.katalon.core.main.ScriptEngine.run(ScriptEngine.java:194)
	at com.kms.katalon.core.main.ScriptEngine.runScriptAsRawText(ScriptEngine.java:119)
	at com.kms.katalon.core.main.TestCaseExecutor.runScript(TestCaseExecutor.java:337)
	at com.kms.katalon.core.main.TestCaseExecutor.doExecute(TestCaseExecutor.java:328)
	at com.kms.katalon.core.main.TestCaseExecutor.processExecutionPhase(TestCaseExecutor.java:307)
	at com.kms.katalon.core.main.TestCaseExecutor.accessMainPhase(TestCaseExecutor.java:299)
	at com.kms.katalon.core.main.TestCaseExecutor.execute(TestCaseExecutor.java:233)
	at com.kms.katalon.core.main.TestSuiteExecutor.accessTestCaseMainPhase(TestSuiteExecutor.java:169)
	at com.kms.katalon.core.main.TestSuiteExecutor.accessTestSuiteMainPhase(TestSuiteExecutor.java:142)
	at com.kms.katalon.core.main.TestSuiteExecutor.execute(TestSuiteExecutor.java:91)
	at com.kms.katalon.core.main.TestCaseMain.startTestSuite(TestCaseMain.java:157)
	at com.kms.katalon.core.main.TestCaseMain$startTestSuite$0.call(Unknown Source)
	at TempTestSuite1596644364356.run(TempTestSuite1596644364356.groovy:36)
)
[[ATTACHMENT|C:\\Users\\LENOVO\\Git_new\\Maya\\Reports\\20200806_001924\\Maya UAT\\UAT Test Suite\\20200806_001924\\1596644962126.png]]]]></system-out>
         <system-err><![CDATA[2020-08-06 00:19:27 - [TEST_CASE][FAILED] - Test Cases/JINU/DuiTNow Drop 2/Mob Proxy: Test Cases/JINU/DuiTNow Drop 2/Mob Proxy FAILED.
Reason:
com.kms.katalon.core.exception.StepFailedException: Object Object Repository/Maya/RegisterDuitNow/android.widget.ImageView0 (10) not found
	at com.kms.katalon.core.keyword.internal.KeywordMain.stepFailed(KeywordMain.groovy:39)
	at com.kms.katalon.core.mobile.keyword.internal.MobileKeywordMain.stepFailed(MobileKeywordMain.groovy:40)
	at com.kms.katalon.core.mobile.keyword.builtin.TapKeyword$_tap_closure1.doCall(TapKeyword.groovy:79)
	at com.kms.katalon.core.mobile.keyword.builtin.TapKeyword$_tap_closure1.call(TapKeyword.groovy)
	at com.kms.katalon.core.mobile.keyword.internal.MobileKeywordMain.runKeyword(MobileKeywordMain.groovy:21)
	at com.kms.katalon.core.mobile.keyword.builtin.TapKeyword.tap(TapKeyword.groovy:86)
	at com.kms.katalon.core.mobile.keyword.builtin.TapKeyword.execute(TapKeyword.groovy:68)
	at com.kms.katalon.core.keyword.internal.KeywordExecutor.executeKeywordForPlatform(KeywordExecutor.groovy:72)
	at com.kms.katalon.core.mobile.keyword.MobileBuiltInKeywords.tap(MobileBuiltInKeywords.groovy:577)
	at com.kms.katalon.core.mobile.keyword.MobileBuiltInKeywords$tap$0.call(Unknown Source)
	at Mob Proxy.run(Mob Proxy:652)
	at com.kms.katalon.core.main.ScriptEngine.run(ScriptEngine.java:194)
	at com.kms.katalon.core.main.ScriptEngine.runScriptAsRawText(ScriptEngine.java:119)
	at com.kms.katalon.core.main.TestCaseExecutor.runScript(TestCaseExecutor.java:337)
	at com.kms.katalon.core.main.TestCaseExecutor.doExecute(TestCaseExecutor.java:328)
	at com.kms.katalon.core.main.TestCaseExecutor.processExecutionPhase(TestCaseExecutor.java:307)
	at com.kms.katalon.core.main.TestCaseExecutor.accessMainPhase(TestCaseExecutor.java:299)
	at com.kms.katalon.core.main.TestCaseExecutor.execute(TestCaseExecutor.java:233)
	at com.kms.katalon.core.main.TestSuiteExecutor.accessTestCaseMainPhase(TestSuiteExecutor.java:169)
	at com.kms.katalon.core.main.TestSuiteExecutor.accessTestSuiteMainPhase(TestSuiteExecutor.java:142)
	at com.kms.katalon.core.main.TestSuiteExecutor.execute(TestSuiteExecutor.java:91)
	at com.kms.katalon.core.main.TestCaseMain.startTestSuite(TestCaseMain.java:157)
	at com.kms.katalon.core.main.TestCaseMain$startTestSuite$0.call(Unknown Source)
	at TempTestSuite1596644364356.run(TempTestSuite1596644364356.groovy:36)]]></system-err>
      </testcase>
      <system-out><![CDATA[2020-08-06 00:19:27 - [TEST_SUITE][FAILED] - UAT Test Suite: Test Cases/JINU/DuiTNow Drop 2/Mob Proxy FAILED.
Reason:
com.kms.katalon.core.exception.StepFailedException: Object Object Repository/Maya/RegisterDuitNow/android.widget.ImageView0 (10) not found
	at com.kms.katalon.core.keyword.internal.KeywordMain.stepFailed(KeywordMain.groovy:39)
	at com.kms.katalon.core.mobile.keyword.internal.MobileKeywordMain.stepFailed(MobileKeywordMain.groovy:40)
	at com.kms.katalon.core.mobile.keyword.builtin.TapKeyword$_tap_closure1.doCall(TapKeyword.groovy:79)
	at com.kms.katalon.core.mobile.keyword.builtin.TapKeyword$_tap_closure1.call(TapKeyword.groovy)
	at com.kms.katalon.core.mobile.keyword.internal.MobileKeywordMain.runKeyword(MobileKeywordMain.groovy:21)
	at com.kms.katalon.core.mobile.keyword.builtin.TapKeyword.tap(TapKeyword.groovy:86)
	at com.kms.katalon.core.mobile.keyword.builtin.TapKeyword.execute(TapKeyword.groovy:68)
	at com.kms.katalon.core.keyword.internal.KeywordExecutor.executeKeywordForPlatform(KeywordExecutor.groovy:72)
	at com.kms.katalon.core.mobile.keyword.MobileBuiltInKeywords.tap(MobileBuiltInKeywords.groovy:577)
	at com.kms.katalon.core.mobile.keyword.MobileBuiltInKeywords$tap$0.call(Unknown Source)
	at Mob Proxy.run(Mob Proxy:652)
	at com.kms.katalon.core.main.ScriptEngine.run(ScriptEngine.java:194)
	at com.kms.katalon.core.main.ScriptEngine.runScriptAsRawText(ScriptEngine.java:119)
	at com.kms.katalon.core.main.TestCaseExecutor.runScript(TestCaseExecutor.java:337)
	at com.kms.katalon.core.main.TestCaseExecutor.doExecute(TestCaseExecutor.java:328)
	at com.kms.katalon.core.main.TestCaseExecutor.processExecutionPhase(TestCaseExecutor.java:307)
	at com.kms.katalon.core.main.TestCaseExecutor.accessMainPhase(TestCaseExecutor.java:299)
	at com.kms.katalon.core.main.TestCaseExecutor.execute(TestCaseExecutor.java:233)
	at com.kms.katalon.core.main.TestSuiteExecutor.accessTestCaseMainPhase(TestSuiteExecutor.java:169)
	at com.kms.katalon.core.main.TestSuiteExecutor.accessTestSuiteMainPhase(TestSuiteExecutor.java:142)
	at com.kms.katalon.core.main.TestSuiteExecutor.execute(TestSuiteExecutor.java:91)
	at com.kms.katalon.core.main.TestCaseMain.startTestSuite(TestCaseMain.java:157)
	at com.kms.katalon.core.main.TestCaseMain$startTestSuite$0.call(Unknown Source)
	at TempTestSuite1596644364356.run(TempTestSuite1596644364356.groovy:36)]]></system-out>
      <system-err><![CDATA[2020-08-06 00:19:27 - [TEST_SUITE][FAILED] - UAT Test Suite: Test Cases/JINU/DuiTNow Drop 2/Mob Proxy FAILED.
Reason:
com.kms.katalon.core.exception.StepFailedException: Object Object Repository/Maya/RegisterDuitNow/android.widget.ImageView0 (10) not found
	at com.kms.katalon.core.keyword.internal.KeywordMain.stepFailed(KeywordMain.groovy:39)
	at com.kms.katalon.core.mobile.keyword.internal.MobileKeywordMain.stepFailed(MobileKeywordMain.groovy:40)
	at com.kms.katalon.core.mobile.keyword.builtin.TapKeyword$_tap_closure1.doCall(TapKeyword.groovy:79)
	at com.kms.katalon.core.mobile.keyword.builtin.TapKeyword$_tap_closure1.call(TapKeyword.groovy)
	at com.kms.katalon.core.mobile.keyword.internal.MobileKeywordMain.runKeyword(MobileKeywordMain.groovy:21)
	at com.kms.katalon.core.mobile.keyword.builtin.TapKeyword.tap(TapKeyword.groovy:86)
	at com.kms.katalon.core.mobile.keyword.builtin.TapKeyword.execute(TapKeyword.groovy:68)
	at com.kms.katalon.core.keyword.internal.KeywordExecutor.executeKeywordForPlatform(KeywordExecutor.groovy:72)
	at com.kms.katalon.core.mobile.keyword.MobileBuiltInKeywords.tap(MobileBuiltInKeywords.groovy:577)
	at com.kms.katalon.core.mobile.keyword.MobileBuiltInKeywords$tap$0.call(Unknown Source)
	at Mob Proxy.run(Mob Proxy:652)
	at com.kms.katalon.core.main.ScriptEngine.run(ScriptEngine.java:194)
	at com.kms.katalon.core.main.ScriptEngine.runScriptAsRawText(ScriptEngine.java:119)
	at com.kms.katalon.core.main.TestCaseExecutor.runScript(TestCaseExecutor.java:337)
	at com.kms.katalon.core.main.TestCaseExecutor.doExecute(TestCaseExecutor.java:328)
	at com.kms.katalon.core.main.TestCaseExecutor.processExecutionPhase(TestCaseExecutor.java:307)
	at com.kms.katalon.core.main.TestCaseExecutor.accessMainPhase(TestCaseExecutor.java:299)
	at com.kms.katalon.core.main.TestCaseExecutor.execute(TestCaseExecutor.java:233)
	at com.kms.katalon.core.main.TestSuiteExecutor.accessTestCaseMainPhase(TestSuiteExecutor.java:169)
	at com.kms.katalon.core.main.TestSuiteExecutor.accessTestSuiteMainPhase(TestSuiteExecutor.java:142)
	at com.kms.katalon.core.main.TestSuiteExecutor.execute(TestSuiteExecutor.java:91)
	at com.kms.katalon.core.main.TestCaseMain.startTestSuite(TestCaseMain.java:157)
	at com.kms.katalon.core.main.TestCaseMain$startTestSuite$0.call(Unknown Source)
	at TempTestSuite1596644364356.run(TempTestSuite1596644364356.groovy:36)]]></system-err>
   </testsuite>
</testsuites>
