<?xml version="1.0" encoding="UTF-8"?>
<testsuites name="UAT Test Suite" time="268.674" tests="1" failures="1" errors="0">
   <testsuite name="UAT Test Suite" tests="1" failures="1" errors="0" time="268.674" timestamp="2020-08-03 14:40:50" hostname="LENOVO - DESKTOP-CP3TV4N" id="Test Suites/Maya UAT/UAT Test Suite">
      <properties>
         <property name="deviceName" value="Xiaomi Redmi Note 7S (Android 9)"/>
         <property name="devicePlatform" value=""/>
         <property name="logFolder" value="C:\\Users\\LENOVO\\Git_new\\Maya\\Reports\\20200803_144047\\Maya UAT\\UAT Test Suite\\20200803_144047"/>
         <property name="logFiles" value="C:\\Users\\LENOVO\\Git_new\\Maya\\Reports\\20200803_144047\\Maya UAT\\UAT Test Suite\\20200803_144047\\appium.log, C:\\Users\\LENOVO\\Git_new\\Maya\\Reports\\20200803_144047\\Maya UAT\\UAT Test Suite\\20200803_144047\\execution0.log"/>
         <property name="attachments" value="C:\\Users\\LENOVO\\Screenshot\\NovieTicket\\Ticket1.png, C:\\Users\\LENOVO\\Screenshot\\KLIATicket\\Ticket1.png, C:\\Users\\LENOVO\\Screenshot\\NovieTicket\\Ticket2.png, C:\\Users\\LENOVO\\Screenshot\\NovieTicket\\Ticket3.png, C:\\Users\\LENOVO\\Git_new\\Maya\\Reports\\20200803_144047\\Maya UAT\\UAT Test Suite\\20200803_144047\\1596436990001.png, C:\\Users\\LENOVO\\Git_new\\Maya\\Reports\\20200803_144047\\Maya UAT\\UAT Test Suite\\20200803_144047\\1596437001682.png, C:\\Users\\LENOVO\\Git_new\\Maya\\Reports\\20200803_144047\\Maya UAT\\UAT Test Suite\\20200803_144047\\1596437013393.png, C:\\Users\\LENOVO\\Git_new\\Maya\\Reports\\20200803_144047\\Maya UAT\\UAT Test Suite\\20200803_144047\\1596437025209.png, C:\\Users\\LENOVO\\Screenshot\\NovieTicket\\Ticket12.png, C:\\Users\\LENOVO\\Screenshot\\NovieTicket\\Ticket14.png, C:\\Users\\LENOVO\\Screenshot\\NovieTicket\\Ticket4.png, C:\\Users\\LENOVO\\Screenshot\\NovieTicket\\Ticket18.png, C:\\Users\\LENOVO\\Screenshot\\NovieTicket\\Ticket5.png, C:\\Users\\LENOVO\\Git_new\\Maya\\Reports\\20200803_144047\\Maya UAT\\UAT Test Suite\\20200803_144047\\1596437110047.png"/>
         <property name="hostName" value="LENOVO - DESKTOP-CP3TV4N"/>
         <property name="os" value="Windows 10 64bit"/>
         <property name="appiumServerStatus" value="{\&quot;value\&quot;:{\&quot;build\&quot;:{\&quot;version\&quot;:\&quot;1.15.1\&quot;}},\&quot;sessionId\&quot;:null,\&quot;status\&quot;:0}"/>
         <property name="katalonVersion" value="7.2.7.1"/>
         <property name="deviceOS" value="Android"/>
         <property name="appiumVersion" value="1.15.1"/>
         <property name="deviceModel" value="Redmi Note 7S"/>
         <property name="hostAddress" value="192.168.43.112"/>
         <property name="deviceManufacturer" value="Xiaomi"/>
         <property name="deviceId" value="11cb9864"/>
         <property name="deviceName" value="Xiaomi Redmi Note 7S (Android 9)"/>
         <property name="deviceOSVersion" value="9"/>
      </properties>
      <testcase name="Test Cases/JINU/Movie Ticket/Movie Ticket" time="265.413" classname="Test Cases/JINU/Movie Ticket/Movie Ticket" status="FAILED">
         <failure type="FAILED" message="Test Cases/JINU/Movie Ticket/Movie Ticket FAILED.
Reason:
com.kms.katalon.core.exception.StepFailedException: Element 'Object Repository/Maya/Movie Ticket/android.widget.TextView0 - -' not found
	at com.kms.katalon.core.keyword.internal.KeywordMain.stepFailed(KeywordMain.groovy:39)
	at com.kms.katalon.core.mobile.keyword.internal.MobileKeywordMain.stepFailed(MobileKeywordMain.groovy:40)
	at com.kms.katalon.core.mobile.keyword.builtin.VerifyElementExistKeyword$_verifyElementExist_closure1.doCall(VerifyElementExistKeyword.groovy:77)
	at com.kms.katalon.core.mobile.keyword.builtin.VerifyElementExistKeyword$_verifyElementExist_closure1.call(VerifyElementExistKeyword.groovy)
	at com.kms.katalon.core.mobile.keyword.internal.MobileKeywordMain.runKeyword(MobileKeywordMain.groovy:21)
	at com.kms.katalon.core.mobile.keyword.builtin.VerifyElementExistKeyword.verifyElementExist(VerifyElementExistKeyword.groovy:80)
	at com.kms.katalon.core.mobile.keyword.builtin.VerifyElementExistKeyword.execute(VerifyElementExistKeyword.groovy:64)
	at com.kms.katalon.core.keyword.internal.KeywordExecutor.executeKeywordForPlatform(KeywordExecutor.groovy:72)
	at com.kms.katalon.core.mobile.keyword.MobileBuiltInKeywords.verifyElementExist(MobileBuiltInKeywords.groovy:809)
	at com.kms.katalon.core.mobile.keyword.MobileBuiltInKeywords$verifyElementExist$4.call(Unknown Source)
	at Movie Ticket.run(Movie Ticket:95)
	at com.kms.katalon.core.main.ScriptEngine.run(ScriptEngine.java:194)
	at com.kms.katalon.core.main.ScriptEngine.runScriptAsRawText(ScriptEngine.java:119)
	at com.kms.katalon.core.main.TestCaseExecutor.runScript(TestCaseExecutor.java:337)
	at com.kms.katalon.core.main.TestCaseExecutor.doExecute(TestCaseExecutor.java:328)
	at com.kms.katalon.core.main.TestCaseExecutor.processExecutionPhase(TestCaseExecutor.java:307)
	at com.kms.katalon.core.main.TestCaseExecutor.accessMainPhase(TestCaseExecutor.java:299)
	at com.kms.katalon.core.main.TestCaseExecutor.execute(TestCaseExecutor.java:233)
	at com.kms.katalon.core.main.TestSuiteExecutor.accessTestCaseMainPhase(TestSuiteExecutor.java:169)
	at com.kms.katalon.core.main.TestSuiteExecutor.accessTestSuiteMainPhase(TestSuiteExecutor.java:142)
	at com.kms.katalon.core.main.TestSuiteExecutor.execute(TestSuiteExecutor.java:91)
	at com.kms.katalon.core.main.TestCaseMain.startTestSuite(TestCaseMain.java:157)
	at com.kms.katalon.core.main.TestCaseMain$startTestSuite$0.call(Unknown Source)
	at TempTestSuite1596436847560.run(TempTestSuite1596436847560.groovy:36)
"/>
         <system-out><![CDATA[2020-08-03 14:40:50 - [TEST_CASE][FAILED] - Test Cases/JINU/Movie Ticket/Movie Ticket: Test Cases/JINU/Movie Ticket/Movie Ticket FAILED.
Reason:
com.kms.katalon.core.exception.StepFailedException: Element 'Object Repository/Maya/Movie Ticket/android.widget.TextView0 - -' not found
	at com.kms.katalon.core.keyword.internal.KeywordMain.stepFailed(KeywordMain.groovy:39)
	at com.kms.katalon.core.mobile.keyword.internal.MobileKeywordMain.stepFailed(MobileKeywordMain.groovy:40)
	at com.kms.katalon.core.mobile.keyword.builtin.VerifyElementExistKeyword$_verifyElementExist_closure1.doCall(VerifyElementExistKeyword.groovy:77)
	at com.kms.katalon.core.mobile.keyword.builtin.VerifyElementExistKeyword$_verifyElementExist_closure1.call(VerifyElementExistKeyword.groovy)
	at com.kms.katalon.core.mobile.keyword.internal.MobileKeywordMain.runKeyword(MobileKeywordMain.groovy:21)
	at com.kms.katalon.core.mobile.keyword.builtin.VerifyElementExistKeyword.verifyElementExist(VerifyElementExistKeyword.groovy:80)
	at com.kms.katalon.core.mobile.keyword.builtin.VerifyElementExistKeyword.execute(VerifyElementExistKeyword.groovy:64)
	at com.kms.katalon.core.keyword.internal.KeywordExecutor.executeKeywordForPlatform(KeywordExecutor.groovy:72)
	at com.kms.katalon.core.mobile.keyword.MobileBuiltInKeywords.verifyElementExist(MobileBuiltInKeywords.groovy:809)
	at com.kms.katalon.core.mobile.keyword.MobileBuiltInKeywords$verifyElementExist$4.call(Unknown Source)
	at Movie Ticket.run(Movie Ticket:95)
	at com.kms.katalon.core.main.ScriptEngine.run(ScriptEngine.java:194)
	at com.kms.katalon.core.main.ScriptEngine.runScriptAsRawText(ScriptEngine.java:119)
	at com.kms.katalon.core.main.TestCaseExecutor.runScript(TestCaseExecutor.java:337)
	at com.kms.katalon.core.main.TestCaseExecutor.doExecute(TestCaseExecutor.java:328)
	at com.kms.katalon.core.main.TestCaseExecutor.processExecutionPhase(TestCaseExecutor.java:307)
	at com.kms.katalon.core.main.TestCaseExecutor.accessMainPhase(TestCaseExecutor.java:299)
	at com.kms.katalon.core.main.TestCaseExecutor.execute(TestCaseExecutor.java:233)
	at com.kms.katalon.core.main.TestSuiteExecutor.accessTestCaseMainPhase(TestSuiteExecutor.java:169)
	at com.kms.katalon.core.main.TestSuiteExecutor.accessTestSuiteMainPhase(TestSuiteExecutor.java:142)
	at com.kms.katalon.core.main.TestSuiteExecutor.execute(TestSuiteExecutor.java:91)
	at com.kms.katalon.core.main.TestCaseMain.startTestSuite(TestCaseMain.java:157)
	at com.kms.katalon.core.main.TestCaseMain$startTestSuite$0.call(Unknown Source)
	at TempTestSuite1596436847560.run(TempTestSuite1596436847560.groovy:36)


2020-08-03 14:40:51 - [TEST_STEP][PASSED] - startApplication("C:\Users\LENOVO\Katalon Studio\app-uat-universal-release.apk", false): Started app at: 'C:\Users\LENOVO\Katalon Studio\app-uat-universal-release.apk'

2020-08-03 14:40:51 - [MESSAGE][INFO] - User set preference: ['appWaitActivity', '*']

2020-08-03 14:40:51 - [MESSAGE][INFO] - User set preference: ['appWaitPackage', 'com.maybank2u.life.uat']

2020-08-03 14:40:51 - [MESSAGE][INFO] - User set preference: ['appWaitDuration', '50,000']

2020-08-03 14:40:51 - [MESSAGE][INFO] - User set preference: ['deviceId', '11cb9864']

2020-08-03 14:40:53 - [MESSAGE][INFO] - Appium server started on port 58,188

2020-08-03 14:41:18 - [MESSAGE][PASSED] - Started app at: 'C:\Users\LENOVO\Katalon Studio\app-uat-universal-release.apk'

2020-08-03 14:41:18 - [TEST_STEP][PASSED] - delay(2, STOP_ON_FAILURE): Delayed 2 second(s)

2020-08-03 14:41:20 - [MESSAGE][PASSED] - Delayed 2 second(s)

2020-08-03 14:41:20 - [TEST_STEP][PASSED] - takeScreenshot("C:\Users\LENOVO\Screenshot\NovieTicket\Ticket1.png", STOP_ON_FAILURE): Screenshot is taken

2020-08-03 14:41:21 - [MESSAGE][PASSED] - Screenshot is taken
[[ATTACHMENT|C:\\Users\\LENOVO\\Screenshot\\NovieTicket\\Ticket1.png]]

2020-08-03 14:41:21 - [TEST_STEP][PASSED] - tap(findTestObject("Maya/DuitnowRegT/android.widget.ImageView0"), 0): Tapped on element 'Object Repository/Maya/DuitnowRegT/android.widget.ImageView0'

2020-08-03 14:41:22 - [MESSAGE][WARNING] - Timeout '0' is invalid. Using default page load timeout: '10'

2020-08-03 14:41:26 - [MESSAGE][PASSED] - Tapped on element 'Object Repository/Maya/DuitnowRegT/android.widget.ImageView0'

2020-08-03 14:41:26 - [TEST_STEP][PASSED] - tap(findTestObject("Maya/DuitnowRegT/android.widget.TextView0 - 2"), 0): Tapped on element 'Object Repository/Maya/DuitnowRegT/android.widget.TextView0 - 2'

2020-08-03 14:41:26 - [MESSAGE][WARNING] - Timeout '0' is invalid. Using default page load timeout: '10'

2020-08-03 14:41:43 - [MESSAGE][PASSED] - Tapped on element 'Object Repository/Maya/DuitnowRegT/android.widget.TextView0 - 2'

2020-08-03 14:41:43 - [TEST_STEP][PASSED] - tap(findTestObject("Maya/DuitnowRegT/android.widget.TextView0 - 3"), 0): Tapped on element 'Object Repository/Maya/DuitnowRegT/android.widget.TextView0 - 3'

2020-08-03 14:41:43 - [MESSAGE][WARNING] - Timeout '0' is invalid. Using default page load timeout: '10'

2020-08-03 14:41:44 - [MESSAGE][PASSED] - Tapped on element 'Object Repository/Maya/DuitnowRegT/android.widget.TextView0 - 3'

2020-08-03 14:41:44 - [TEST_STEP][PASSED] - tap(findTestObject("Maya/DuitnowRegT/android.widget.TextView0 - 0"), 0): Tapped on element 'Object Repository/Maya/DuitnowRegT/android.widget.TextView0 - 0'

2020-08-03 14:41:44 - [MESSAGE][WARNING] - Timeout '0' is invalid. Using default page load timeout: '10'

2020-08-03 14:41:47 - [MESSAGE][PASSED] - Tapped on element 'Object Repository/Maya/DuitnowRegT/android.widget.TextView0 - 0'

2020-08-03 14:41:47 - [TEST_STEP][PASSED] - tap(findTestObject("Maya/DuitnowRegT/android.widget.TextView0 - 9"), 0): Tapped on element 'Object Repository/Maya/DuitnowRegT/android.widget.TextView0 - 9'

2020-08-03 14:41:47 - [MESSAGE][WARNING] - Timeout '0' is invalid. Using default page load timeout: '10'

2020-08-03 14:41:50 - [MESSAGE][PASSED] - Tapped on element 'Object Repository/Maya/DuitnowRegT/android.widget.TextView0 - 9'

2020-08-03 14:41:50 - [TEST_STEP][PASSED] - tap(findTestObject("Maya/DuitnowRegT/android.widget.TextView0 - 8"), 0): Tapped on element 'Object Repository/Maya/DuitnowRegT/android.widget.TextView0 - 8'

2020-08-03 14:41:50 - [MESSAGE][WARNING] - Timeout '0' is invalid. Using default page load timeout: '10'

2020-08-03 14:41:52 - [MESSAGE][PASSED] - Tapped on element 'Object Repository/Maya/DuitnowRegT/android.widget.TextView0 - 8'

2020-08-03 14:41:52 - [TEST_STEP][PASSED] - tap(findTestObject("Maya/DuitnowRegT/android.widget.TextView0 - 3"), 0): Tapped on element 'Object Repository/Maya/DuitnowRegT/android.widget.TextView0 - 3'

2020-08-03 14:41:52 - [MESSAGE][WARNING] - Timeout '0' is invalid. Using default page load timeout: '10'

2020-08-03 14:41:53 - [MESSAGE][PASSED] - Tapped on element 'Object Repository/Maya/DuitnowRegT/android.widget.TextView0 - 3'

2020-08-03 14:41:53 - [TEST_STEP][PASSED] - tap(findTestObject("Maya/DuitnowRegT/android.widget.ImageView0 (1)"), 0): Tapped on element 'Object Repository/Maya/DuitnowRegT/android.widget.ImageView0 (1)'

2020-08-03 14:41:53 - [MESSAGE][WARNING] - Timeout '0' is invalid. Using default page load timeout: '10'

2020-08-03 14:41:56 - [MESSAGE][PASSED] - Tapped on element 'Object Repository/Maya/DuitnowRegT/android.widget.ImageView0 (1)'

2020-08-03 14:41:56 - [TEST_STEP][PASSED] - getText(findTestObject("Maya/drop4 CR/android.widget.TextView0 - RM 1171.85-Current balance"), 0): Text of element 'Object Repository/Maya/drop4 CR/android.widget.TextView0 - RM 1171.85-Current balance' is: 'RM 381.15'

2020-08-03 14:41:57 - [MESSAGE][WARNING] - Timeout '0' is invalid. Using default page load timeout: '10'

2020-08-03 14:41:59 - [MESSAGE][PASSED] - Text of element 'Object Repository/Maya/drop4 CR/android.widget.TextView0 - RM 1171.85-Current balance' is: 'RM 381.15'

2020-08-03 14:41:59 - [TEST_STEP][PASSED] - trx6 = 85-Current balance"), 0).substring(3): Text of element 'Object Repository/Maya/drop4 CR/android.widget.TextView0 - RM 1171.85-Current balance' is: 'RM 381.15'

2020-08-03 14:41:59 - [MESSAGE][WARNING] - Timeout '0' is invalid. Using default page load timeout: '10'

2020-08-03 14:42:00 - [MESSAGE][PASSED] - Text of element 'Object Repository/Maya/drop4 CR/android.widget.TextView0 - RM 1171.85-Current balance' is: 'RM 381.15'

2020-08-03 14:42:00 - [TEST_STEP][PASSED] - trx61 = trx6.replaceAll("[^a-zA-Z0-9]+", ""): null

2020-08-03 14:42:00 - [TEST_STEP][PASSED] - out.println(trx61): null

2020-08-03 14:42:00 - [TEST_STEP][PASSED] - trx611 = trx61: null

2020-08-03 14:42:00 - [TEST_STEP][PASSED] - out.println(trx611): null

2020-08-03 14:42:00 - [TEST_STEP][PASSED] - tap(findTestObject("Maya/KLIA/android.widget.ImageView0 (4)"), 0): Tapped on element 'Object Repository/Maya/KLIA/android.widget.ImageView0 (4)'

2020-08-03 14:42:00 - [MESSAGE][WARNING] - Timeout '0' is invalid. Using default page load timeout: '10'

2020-08-03 14:42:01 - [MESSAGE][PASSED] - Tapped on element 'Object Repository/Maya/KLIA/android.widget.ImageView0 (4)'

2020-08-03 14:42:01 - [TEST_STEP][PASSED] - tap(findTestObject("Maya/KLIA/android.widget.TextView0 - More"), 0): Tapped on element 'Object Repository/Maya/KLIA/android.widget.TextView0 - More'

2020-08-03 14:42:01 - [MESSAGE][WARNING] - Timeout '0' is invalid. Using default page load timeout: '10'

2020-08-03 14:42:14 - [MESSAGE][PASSED] - Tapped on element 'Object Repository/Maya/KLIA/android.widget.TextView0 - More'

2020-08-03 14:42:14 - [TEST_STEP][PASSED] - delay(2, STOP_ON_FAILURE): Delayed 2 second(s)

2020-08-03 14:42:16 - [MESSAGE][PASSED] - Delayed 2 second(s)

2020-08-03 14:42:16 - [TEST_STEP][PASSED] - takeScreenshot("C:\Users\LENOVO\Screenshot\KLIATicket\Ticket1.png", STOP_ON_FAILURE): Screenshot is taken

2020-08-03 14:42:17 - [MESSAGE][PASSED] - Screenshot is taken
[[ATTACHMENT|C:\\Users\\LENOVO\\Screenshot\\KLIATicket\\Ticket1.png]]

2020-08-03 14:42:17 - [TEST_STEP][PASSED] - tap(findTestObject("Maya/Movie Ticket/android.widget.TextView0 - Movie Tickets"), 0): Tapped on element 'Object Repository/Maya/Movie Ticket/android.widget.TextView0 - Movie Tickets'

2020-08-03 14:42:17 - [MESSAGE][WARNING] - Timeout '0' is invalid. Using default page load timeout: '10'

2020-08-03 14:42:19 - [MESSAGE][PASSED] - Tapped on element 'Object Repository/Maya/Movie Ticket/android.widget.TextView0 - Movie Tickets'

2020-08-03 14:42:19 - [TEST_STEP][PASSED] - tap(findTestObject("Maya/Movie Ticket/android.view.View0 - Movies"), 0): Tapped on element 'Object Repository/Maya/Movie Ticket/android.view.View0 - Movies'

2020-08-03 14:42:19 - [MESSAGE][WARNING] - Timeout '0' is invalid. Using default page load timeout: '10'

2020-08-03 14:42:32 - [MESSAGE][PASSED] - Tapped on element 'Object Repository/Maya/Movie Ticket/android.view.View0 - Movies'

2020-08-03 14:42:32 - [TEST_STEP][PASSED] - delay(2, STOP_ON_FAILURE): Delayed 2 second(s)

2020-08-03 14:42:34 - [MESSAGE][PASSED] - Delayed 2 second(s)

2020-08-03 14:42:34 - [TEST_STEP][PASSED] - takeScreenshot("C:\Users\LENOVO\Screenshot\NovieTicket\Ticket2.png", STOP_ON_FAILURE): Screenshot is taken

2020-08-03 14:42:35 - [MESSAGE][PASSED] - Screenshot is taken
[[ATTACHMENT|C:\\Users\\LENOVO\\Screenshot\\NovieTicket\\Ticket2.png]]

2020-08-03 14:42:35 - [TEST_STEP][PASSED] - tap(findTestObject("Maya/Movie Ticket/android.view.View0 - ANGEL HAS FALLEN"), 0, CONTINUE_ON_FAILURE): Tapped on element 'Object Repository/Maya/Movie Ticket/android.view.View0 - ANGEL HAS FALLEN'

2020-08-03 14:42:35 - [MESSAGE][WARNING] - Timeout '0' is invalid. Using default page load timeout: '10'

2020-08-03 14:42:37 - [MESSAGE][PASSED] - Tapped on element 'Object Repository/Maya/Movie Ticket/android.view.View0 - ANGEL HAS FALLEN'

2020-08-03 14:42:37 - [TEST_STEP][NOT_RUN] - tap(findTestObject("Maya/Movie Ticket/android.view.View0 - 10Jun"), 0): NOT_RUN: tap(findTestObject("Maya/Movie Ticket/android.view.View0 - 10Jun"), 0)

2020-08-03 14:42:37 - [MESSAGE][NOT_RUN] - NOT_RUN: tap(findTestObject("Maya/Movie Ticket/android.view.View0 - 10Jun"), 0)

2020-08-03 14:42:37 - [TEST_STEP][PASSED] - delay(2, STOP_ON_FAILURE): Delayed 2 second(s)

2020-08-03 14:42:39 - [MESSAGE][PASSED] - Delayed 2 second(s)

2020-08-03 14:42:39 - [TEST_STEP][PASSED] - takeScreenshot("C:\Users\LENOVO\Screenshot\NovieTicket\Ticket3.png", STOP_ON_FAILURE): Screenshot is taken

2020-08-03 14:42:40 - [MESSAGE][PASSED] - Screenshot is taken
[[ATTACHMENT|C:\\Users\\LENOVO\\Screenshot\\NovieTicket\\Ticket3.png]]

2020-08-03 14:42:40 - [TEST_STEP][NOT_RUN] - tap(findTestObject("Maya/Movie Ticket/android.view.View0"), 0): NOT_RUN: tap(findTestObject("Maya/Movie Ticket/android.view.View0"), 0)

2020-08-03 14:42:40 - [MESSAGE][NOT_RUN] - NOT_RUN: tap(findTestObject("Maya/Movie Ticket/android.view.View0"), 0)

2020-08-03 14:42:40 - [TEST_STEP][PASSED] - tap(findTestObject("Maya/Movie Ticket/android.view.View0 (2)"), 0): Tapped on element 'Object Repository/Maya/Movie Ticket/android.view.View0 (2)'

2020-08-03 14:42:40 - [MESSAGE][WARNING] - Timeout '0' is invalid. Using default page load timeout: '10'

2020-08-03 14:42:41 - [MESSAGE][PASSED] - Tapped on element 'Object Repository/Maya/Movie Ticket/android.view.View0 (2)'

2020-08-03 14:42:41 - [TEST_STEP][PASSED] - tap(findTestObject("Maya/spy/android.view.View0 - KECIL0155AM1200PMSTANDARD0200AM0200AM0205AM0210AM0220AM0225AM0230AM0230AM1155AM1155AM1200PM1205PM1215PM1220PM1225PM1225PM"), 0): Tapped on element 'Object Repository/Maya/spy/android.view.View0 - KECIL0155AM1200PMSTANDARD0200AM0200AM0205AM0210AM0220AM0225AM0230AM0230AM1155AM1155AM1200PM1205PM1215PM1220PM1225PM1225PM'

2020-08-03 14:42:41 - [MESSAGE][WARNING] - Timeout '0' is invalid. Using default page load timeout: '10'

2020-08-03 14:42:42 - [MESSAGE][PASSED] - Tapped on element 'Object Repository/Maya/spy/android.view.View0 - KECIL0155AM1200PMSTANDARD0200AM0200AM0205AM0210AM0220AM0225AM0230AM0230AM1155AM1155AM1200PM1205PM1215PM1220PM1225PM1225PM'

2020-08-03 14:42:42 - [TEST_STEP][PASSED] - getText(findTestObject("Maya/Movie Ticket/android.widget.TextView0 - -"), 0): Text of element 'Object Repository/Maya/Movie Ticket/android.widget.TextView0 - -' is: '-'

2020-08-03 14:42:42 - [MESSAGE][WARNING] - Timeout '0' is invalid. Using default page load timeout: '10'

2020-08-03 14:42:56 - [MESSAGE][PASSED] - Text of element 'Object Repository/Maya/Movie Ticket/android.widget.TextView0 - -' is: '-'

2020-08-03 14:42:56 - [TEST_STEP][PASSED] - if (verifyElementExist(findTestObject("Maya/Movie Ticket/android.widget.TextView0 - -"), 0)): null

2020-08-03 14:42:56 - [MESSAGE][WARNING] - Timeout '0' is invalid. Using default page load timeout: '10'

2020-08-03 14:42:57 - [MESSAGE][PASSED] - Element 'Object Repository/Maya/Movie Ticket/android.widget.TextView0 - -' is exist

2020-08-03 14:42:57 - [TEST_STEP][PASSED] - delay(2, STOP_ON_FAILURE): Delayed 2 second(s)

2020-08-03 14:42:59 - [MESSAGE][PASSED] - Delayed 2 second(s)

2020-08-03 14:42:59 - [TEST_STEP][PASSED] - tapAtPosition(71, 1247): Tapped at [71, 1,247]

2020-08-03 14:42:59 - [MESSAGE][PASSED] - Tapped at [71, 1,247]

2020-08-03 14:42:59 - [TEST_STEP][FAILED] - if (verifyElementExist(findTestObject("Maya/Movie Ticket/android.widget.TextView0 - -"), 0)): Element 'Object Repository/Maya/Movie Ticket/android.widget.TextView0 - -' not found

2020-08-03 14:42:59 - [MESSAGE][WARNING] - Timeout '0' is invalid. Using default page load timeout: '10'

2020-08-03 14:43:11 - [MESSAGE][FAILED] - Element 'Object Repository/Maya/Movie Ticket/android.widget.TextView0 - -' not found
[[ATTACHMENT|C:\\Users\\LENOVO\\Git_new\\Maya\\Reports\\20200803_144047\\Maya UAT\\UAT Test Suite\\20200803_144047\\1596436990001.png]]

2020-08-03 14:43:11 - [TEST_STEP][FAILED] - if (verifyElementExist(findTestObject("Maya/Movie Ticket/android.widget.TextView0 - -"), 0)): Element 'Object Repository/Maya/Movie Ticket/android.widget.TextView0 - -' not found

2020-08-03 14:43:11 - [MESSAGE][WARNING] - Timeout '0' is invalid. Using default page load timeout: '10'

2020-08-03 14:43:22 - [MESSAGE][FAILED] - Element 'Object Repository/Maya/Movie Ticket/android.widget.TextView0 - -' not found
[[ATTACHMENT|C:\\Users\\LENOVO\\Git_new\\Maya\\Reports\\20200803_144047\\Maya UAT\\UAT Test Suite\\20200803_144047\\1596437001682.png]]

2020-08-03 14:43:22 - [TEST_STEP][FAILED] - if (verifyElementExist(findTestObject("Maya/Movie Ticket/android.widget.TextView0 - -"), 0)): Element 'Object Repository/Maya/Movie Ticket/android.widget.TextView0 - -' not found

2020-08-03 14:43:22 - [MESSAGE][WARNING] - Timeout '0' is invalid. Using default page load timeout: '10'

2020-08-03 14:43:35 - [MESSAGE][FAILED] - Element 'Object Repository/Maya/Movie Ticket/android.widget.TextView0 - -' not found
[[ATTACHMENT|C:\\Users\\LENOVO\\Git_new\\Maya\\Reports\\20200803_144047\\Maya UAT\\UAT Test Suite\\20200803_144047\\1596437013393.png]]

2020-08-03 14:43:35 - [TEST_STEP][FAILED] - if (verifyElementExist(findTestObject("Maya/Movie Ticket/android.widget.TextView0 - -"), 0)): Element 'Object Repository/Maya/Movie Ticket/android.widget.TextView0 - -' not found

2020-08-03 14:43:35 - [MESSAGE][WARNING] - Timeout '0' is invalid. Using default page load timeout: '10'

2020-08-03 14:43:46 - [MESSAGE][FAILED] - Element 'Object Repository/Maya/Movie Ticket/android.widget.TextView0 - -' not found
[[ATTACHMENT|C:\\Users\\LENOVO\\Git_new\\Maya\\Reports\\20200803_144047\\Maya UAT\\UAT Test Suite\\20200803_144047\\1596437025209.png]]

2020-08-03 14:43:46 - [TEST_STEP][PASSED] - getText(findTestObject("Maya/Movie Ticket/android.widget.TextView0 - C15"), 0): Text of element 'Object Repository/Maya/Movie Ticket/android.widget.TextView0 - C15' is: 'E1'

2020-08-03 14:43:46 - [MESSAGE][WARNING] - Timeout '0' is invalid. Using default page load timeout: '10'

2020-08-03 14:43:50 - [MESSAGE][PASSED] - Text of element 'Object Repository/Maya/Movie Ticket/android.widget.TextView0 - C15' is: 'E1'

2020-08-03 14:43:50 - [TEST_STEP][PASSED] - delay(2, STOP_ON_FAILURE): Delayed 2 second(s)

2020-08-03 14:43:52 - [MESSAGE][PASSED] - Delayed 2 second(s)

2020-08-03 14:43:52 - [TEST_STEP][PASSED] - takeScreenshot("C:\Users\LENOVO\Screenshot\NovieTicket\Ticket12.png", STOP_ON_FAILURE): Screenshot is taken

2020-08-03 14:43:53 - [MESSAGE][PASSED] - Screenshot is taken
[[ATTACHMENT|C:\\Users\\LENOVO\\Screenshot\\NovieTicket\\Ticket12.png]]

2020-08-03 14:43:53 - [TEST_STEP][NOT_RUN] - tap(findTestObject("Maya/Movie Ticket/android.view.View0 (4)"), 0): NOT_RUN: tap(findTestObject("Maya/Movie Ticket/android.view.View0 (4)"), 0)

2020-08-03 14:43:53 - [MESSAGE][NOT_RUN] - NOT_RUN: tap(findTestObject("Maya/Movie Ticket/android.view.View0 (4)"), 0)

2020-08-03 14:43:53 - [TEST_STEP][PASSED] - tap(findTestObject("Maya/Movie Ticket/android.widget.Button0 - CONTINUE (1)"), 0): Tapped on element 'Object Repository/Maya/Movie Ticket/android.widget.Button0 - CONTINUE (1)'

2020-08-03 14:43:53 - [MESSAGE][WARNING] - Timeout '0' is invalid. Using default page load timeout: '10'

2020-08-03 14:43:57 - [MESSAGE][PASSED] - Tapped on element 'Object Repository/Maya/Movie Ticket/android.widget.Button0 - CONTINUE (1)'

2020-08-03 14:43:57 - [TEST_STEP][PASSED] - getText(findTestObject("Maya/Movie Ticket/android.view.View0 - Promo Code  Voucher"), 0): Text of element 'Object Repository/Maya/Movie Ticket/android.view.View0 - Promo Code  Voucher' is: 'Promo Code / Voucher'

2020-08-03 14:43:57 - [MESSAGE][WARNING] - Timeout '0' is invalid. Using default page load timeout: '10'

2020-08-03 14:44:02 - [MESSAGE][PASSED] - Text of element 'Object Repository/Maya/Movie Ticket/android.view.View0 - Promo Code  Voucher' is: 'Promo Code / Voucher'

2020-08-03 14:44:02 - [TEST_STEP][PASSED] - verifyElementExist(findTestObject("Maya/Movie Ticket/android.view.View0 - Promo Code  Voucher"), 0): Element 'Object Repository/Maya/Movie Ticket/android.view.View0 - Promo Code  Voucher' is exist

2020-08-03 14:44:02 - [MESSAGE][WARNING] - Timeout '0' is invalid. Using default page load timeout: '10'

2020-08-03 14:44:04 - [MESSAGE][PASSED] - Element 'Object Repository/Maya/Movie Ticket/android.view.View0 - Promo Code  Voucher' is exist

2020-08-03 14:44:04 - [TEST_STEP][PASSED] - getText(findTestObject("Maya/Movie Ticket/android.widget.TextView0 - Movie Tickets (1)"), 0): Text of element 'Object Repository/Maya/Movie Ticket/android.widget.TextView0 - Movie Tickets (1)' is: 'Movie Tickets'

2020-08-03 14:44:04 - [MESSAGE][WARNING] - Timeout '0' is invalid. Using default page load timeout: '10'

2020-08-03 14:44:05 - [MESSAGE][PASSED] - Text of element 'Object Repository/Maya/Movie Ticket/android.widget.TextView0 - Movie Tickets (1)' is: 'Movie Tickets'

2020-08-03 14:44:05 - [TEST_STEP][PASSED] - verifyElementExist(findTestObject("Maya/Movie Ticket/android.widget.TextView0 - Movie Tickets (1)"), 0): Element 'Object Repository/Maya/Movie Ticket/android.widget.TextView0 - Movie Tickets (1)' is exist

2020-08-03 14:44:05 - [MESSAGE][WARNING] - Timeout '0' is invalid. Using default page load timeout: '10'

2020-08-03 14:44:05 - [MESSAGE][PASSED] - Element 'Object Repository/Maya/Movie Ticket/android.widget.TextView0 - Movie Tickets (1)' is exist

2020-08-03 14:44:05 - [TEST_STEP][PASSED] - getText(findTestObject("Maya/Movie Ticket/android.view.View0 - Seat Type"), 0): Text of element 'Object Repository/Maya/Movie Ticket/android.view.View0 - Seat Type' is: 'Seat Type'

2020-08-03 14:44:06 - [MESSAGE][WARNING] - Timeout '0' is invalid. Using default page load timeout: '10'

2020-08-03 14:44:06 - [MESSAGE][PASSED] - Text of element 'Object Repository/Maya/Movie Ticket/android.view.View0 - Seat Type' is: 'Seat Type'

2020-08-03 14:44:06 - [TEST_STEP][PASSED] - verifyElementExist(findTestObject("Maya/Movie Ticket/android.view.View0 - Seat Type"), 0): Element 'Object Repository/Maya/Movie Ticket/android.view.View0 - Seat Type' is exist

2020-08-03 14:44:06 - [MESSAGE][WARNING] - Timeout '0' is invalid. Using default page load timeout: '10'

2020-08-03 14:44:07 - [MESSAGE][PASSED] - Element 'Object Repository/Maya/Movie Ticket/android.view.View0 - Seat Type' is exist

2020-08-03 14:44:07 - [TEST_STEP][PASSED] - getText(findTestObject("Maya/Movie Ticket/android.view.View0 - Subtotal"), 0): Text of element 'Object Repository/Maya/Movie Ticket/android.view.View0 - Subtotal' is: 'Subtotal'

2020-08-03 14:44:07 - [MESSAGE][WARNING] - Timeout '0' is invalid. Using default page load timeout: '10'

2020-08-03 14:44:08 - [MESSAGE][PASSED] - Text of element 'Object Repository/Maya/Movie Ticket/android.view.View0 - Subtotal' is: 'Subtotal'

2020-08-03 14:44:08 - [TEST_STEP][PASSED] - verifyElementExist(findTestObject("Maya/Movie Ticket/android.view.View0 - Subtotal"), 0): Element 'Object Repository/Maya/Movie Ticket/android.view.View0 - Subtotal' is exist

2020-08-03 14:44:08 - [MESSAGE][WARNING] - Timeout '0' is invalid. Using default page load timeout: '10'

2020-08-03 14:44:09 - [MESSAGE][PASSED] - Element 'Object Repository/Maya/Movie Ticket/android.view.View0 - Subtotal' is exist

2020-08-03 14:44:09 - [TEST_STEP][PASSED] - getText(findTestObject("Maya/Movie Ticket/android.view.View0 - Booking Fees"), 0): Text of element 'Object Repository/Maya/Movie Ticket/android.view.View0 - Booking Fees' is: 'Booking Fees'

2020-08-03 14:44:09 - [MESSAGE][WARNING] - Timeout '0' is invalid. Using default page load timeout: '10'

2020-08-03 14:44:10 - [MESSAGE][PASSED] - Text of element 'Object Repository/Maya/Movie Ticket/android.view.View0 - Booking Fees' is: 'Booking Fees'

2020-08-03 14:44:10 - [TEST_STEP][PASSED] - verifyElementExist(findTestObject("Maya/Movie Ticket/android.view.View0 - Booking Fees"), 0): Element 'Object Repository/Maya/Movie Ticket/android.view.View0 - Booking Fees' is exist

2020-08-03 14:44:10 - [MESSAGE][WARNING] - Timeout '0' is invalid. Using default page load timeout: '10'

2020-08-03 14:44:11 - [MESSAGE][PASSED] - Element 'Object Repository/Maya/Movie Ticket/android.view.View0 - Booking Fees' is exist

2020-08-03 14:44:11 - [TEST_STEP][PASSED] - getText(findTestObject("Maya/Movie Ticket/android.view.View0 - Discount"), 0): Text of element 'Object Repository/Maya/Movie Ticket/android.view.View0 - Discount' is: 'Discount'

2020-08-03 14:44:11 - [MESSAGE][WARNING] - Timeout '0' is invalid. Using default page load timeout: '10'

2020-08-03 14:44:12 - [MESSAGE][PASSED] - Text of element 'Object Repository/Maya/Movie Ticket/android.view.View0 - Discount' is: 'Discount'

2020-08-03 14:44:12 - [TEST_STEP][PASSED] - verifyElementExist(findTestObject("Maya/Movie Ticket/android.view.View0 - Discount"), 0): Element 'Object Repository/Maya/Movie Ticket/android.view.View0 - Discount' is exist

2020-08-03 14:44:12 - [MESSAGE][WARNING] - Timeout '0' is invalid. Using default page load timeout: '10'

2020-08-03 14:44:13 - [MESSAGE][PASSED] - Element 'Object Repository/Maya/Movie Ticket/android.view.View0 - Discount' is exist

2020-08-03 14:44:13 - [TEST_STEP][PASSED] - getText(findTestObject("Maya/Movie Ticket/android.view.View0 - Total"), 0): Text of element 'Object Repository/Maya/Movie Ticket/android.view.View0 - Total' is: 'Total'

2020-08-03 14:44:13 - [MESSAGE][WARNING] - Timeout '0' is invalid. Using default page load timeout: '10'

2020-08-03 14:44:14 - [MESSAGE][PASSED] - Text of element 'Object Repository/Maya/Movie Ticket/android.view.View0 - Total' is: 'Total'

2020-08-03 14:44:14 - [TEST_STEP][PASSED] - delay(2, STOP_ON_FAILURE): Delayed 2 second(s)

2020-08-03 14:44:16 - [MESSAGE][PASSED] - Delayed 2 second(s)

2020-08-03 14:44:16 - [TEST_STEP][PASSED] - takeScreenshot("C:\Users\LENOVO\Screenshot\NovieTicket\Ticket14.png", STOP_ON_FAILURE): Screenshot is taken

2020-08-03 14:44:18 - [MESSAGE][PASSED] - Screenshot is taken
[[ATTACHMENT|C:\\Users\\LENOVO\\Screenshot\\NovieTicket\\Ticket14.png]]

2020-08-03 14:44:18 - [TEST_STEP][PASSED] - verifyElementExist(findTestObject("Maya/Movie Ticket/android.view.View0 - Total"), 0): Element 'Object Repository/Maya/Movie Ticket/android.view.View0 - Total' is exist

2020-08-03 14:44:18 - [MESSAGE][WARNING] - Timeout '0' is invalid. Using default page load timeout: '10'

2020-08-03 14:44:19 - [MESSAGE][PASSED] - Element 'Object Repository/Maya/Movie Ticket/android.view.View0 - Total' is exist

2020-08-03 14:44:19 - [TEST_STEP][PASSED] - tap(findTestObject("Maya/Movie Ticket/android.widget.Button0 - CONFIRM (0959)"), 0): Tapped on element 'Object Repository/Maya/Movie Ticket/android.widget.Button0 - CONFIRM (0959)'

2020-08-03 14:44:19 - [MESSAGE][WARNING] - Timeout '0' is invalid. Using default page load timeout: '10'

2020-08-03 14:44:22 - [MESSAGE][PASSED] - Tapped on element 'Object Repository/Maya/Movie Ticket/android.widget.Button0 - CONFIRM (0959)'

2020-08-03 14:44:22 - [TEST_STEP][PASSED] - getText(findTestObject("Maya/Movie Ticket/android.view.View0 - Time Remaining  892 seconds"), 0): Text of element 'Object Repository/Maya/Movie Ticket/android.view.View0 - Time Remaining  892 seconds' is: 'Time Remaining : 894 seconds'

2020-08-03 14:44:22 - [MESSAGE][WARNING] - Timeout '0' is invalid. Using default page load timeout: '10'

2020-08-03 14:44:29 - [MESSAGE][PASSED] - Text of element 'Object Repository/Maya/Movie Ticket/android.view.View0 - Time Remaining  892 seconds' is: 'Time Remaining : 894 seconds'

2020-08-03 14:44:29 - [TEST_STEP][PASSED] - verifyElementExist(findTestObject("Maya/Movie Ticket/android.view.View0 - Time Remaining  892 seconds"), 0): Element 'Object Repository/Maya/Movie Ticket/android.view.View0 - Time Remaining  892 seconds' is exist

2020-08-03 14:44:29 - [MESSAGE][WARNING] - Timeout '0' is invalid. Using default page load timeout: '10'

2020-08-03 14:44:30 - [MESSAGE][PASSED] - Element 'Object Repository/Maya/Movie Ticket/android.view.View0 - Time Remaining  892 seconds' is exist

2020-08-03 14:44:30 - [TEST_STEP][PASSED] - delay(2, STOP_ON_FAILURE): Delayed 2 second(s)

2020-08-03 14:44:32 - [MESSAGE][PASSED] - Delayed 2 second(s)

2020-08-03 14:44:32 - [TEST_STEP][PASSED] - takeScreenshot("C:\Users\LENOVO\Screenshot\NovieTicket\Ticket4.png", STOP_ON_FAILURE): Screenshot is taken

2020-08-03 14:44:33 - [MESSAGE][PASSED] - Screenshot is taken
[[ATTACHMENT|C:\\Users\\LENOVO\\Screenshot\\NovieTicket\\Ticket4.png]]

2020-08-03 14:44:33 - [TEST_STEP][PASSED] - getText(findTestObject("Maya/Movie Ticket/android.view.View0 - PAY NOW"), 0): Text of element 'Object Repository/Maya/Movie Ticket/android.view.View0 - PAY NOW' is: 'PAY NOW'

2020-08-03 14:44:33 - [MESSAGE][WARNING] - Timeout '0' is invalid. Using default page load timeout: '10'

2020-08-03 14:44:35 - [MESSAGE][PASSED] - Text of element 'Object Repository/Maya/Movie Ticket/android.view.View0 - PAY NOW' is: 'PAY NOW'

2020-08-03 14:44:35 - [TEST_STEP][PASSED] - verifyElementExist(findTestObject("Maya/Movie Ticket/android.view.View0 - PAY NOW"), 0): Element 'Object Repository/Maya/Movie Ticket/android.view.View0 - PAY NOW' is exist

2020-08-03 14:44:35 - [MESSAGE][WARNING] - Timeout '0' is invalid. Using default page load timeout: '10'

2020-08-03 14:44:36 - [MESSAGE][PASSED] - Element 'Object Repository/Maya/Movie Ticket/android.view.View0 - PAY NOW' is exist

2020-08-03 14:44:36 - [TEST_STEP][PASSED] - tap(findTestObject("Maya/Movie Ticket/android.view.View0 - PAY NOW"), 0): Tapped on element 'Object Repository/Maya/Movie Ticket/android.view.View0 - PAY NOW'

2020-08-03 14:44:36 - [MESSAGE][WARNING] - Timeout '0' is invalid. Using default page load timeout: '10'

2020-08-03 14:44:40 - [MESSAGE][PASSED] - Tapped on element 'Object Repository/Maya/Movie Ticket/android.view.View0 - PAY NOW'

2020-08-03 14:44:40 - [TEST_STEP][PASSED] - setText(findTestObject("Maya/Movie Ticket/android.widget.EditText0"), "pass1234", 0): Text 'pass1234' has been set to element 'Object Repository/Maya/Movie Ticket/android.widget.EditText0'

2020-08-03 14:44:40 - [MESSAGE][WARNING] - Timeout '0' is invalid. Using default page load timeout: '10'

2020-08-03 14:44:42 - [MESSAGE][PASSED] - Text 'pass1234' has been set to element 'Object Repository/Maya/Movie Ticket/android.widget.EditText0'

2020-08-03 14:44:42 - [TEST_STEP][PASSED] - driver = getDriver(): null

2020-08-03 14:44:42 - [TEST_STEP][PASSED] - driver.pressKeyCode(ENTER): null

2020-08-03 14:44:42 - [TEST_STEP][PASSED] - delay(5, STOP_ON_FAILURE): Delayed 5 second(s)

2020-08-03 14:44:47 - [MESSAGE][PASSED] - Delayed 5 second(s)

2020-08-03 14:44:47 - [TEST_STEP][PASSED] - getText(findTestObject("Maya/Movie Ticket/android.widget.TextView0 - Confirmation"), 0): Text of element 'Object Repository/Maya/Movie Ticket/android.widget.TextView0 - Confirmation' is: 'Confirmation'

2020-08-03 14:44:47 - [MESSAGE][WARNING] - Timeout '0' is invalid. Using default page load timeout: '10'

2020-08-03 14:44:48 - [MESSAGE][PASSED] - Text of element 'Object Repository/Maya/Movie Ticket/android.widget.TextView0 - Confirmation' is: 'Confirmation'

2020-08-03 14:44:48 - [TEST_STEP][PASSED] - verifyElementExist(findTestObject("Maya/Movie Ticket/android.widget.TextView0 - Confirmation"), 0): Element 'Object Repository/Maya/Movie Ticket/android.widget.TextView0 - Confirmation' is exist

2020-08-03 14:44:48 - [MESSAGE][WARNING] - Timeout '0' is invalid. Using default page load timeout: '10'

2020-08-03 14:44:48 - [MESSAGE][PASSED] - Element 'Object Repository/Maya/Movie Ticket/android.widget.TextView0 - Confirmation' is exist

2020-08-03 14:44:48 - [TEST_STEP][PASSED] - delay(2, STOP_ON_FAILURE): Delayed 2 second(s)

2020-08-03 14:44:50 - [MESSAGE][PASSED] - Delayed 2 second(s)

2020-08-03 14:44:50 - [TEST_STEP][PASSED] - takeScreenshot("C:\Users\LENOVO\Screenshot\NovieTicket\Ticket18.png", STOP_ON_FAILURE): Screenshot is taken

2020-08-03 14:44:51 - [MESSAGE][PASSED] - Screenshot is taken
[[ATTACHMENT|C:\\Users\\LENOVO\\Screenshot\\NovieTicket\\Ticket18.png]]

2020-08-03 14:44:51 - [TEST_STEP][PASSED] - getText(findTestObject("Maya/Movie Ticket/android.widget.TextView0 - RM 17.50"), 0): Text of element 'Object Repository/Maya/Movie Ticket/android.widget.TextView0 - RM 17.50' is: 'RM 17.50'

2020-08-03 14:44:51 - [MESSAGE][WARNING] - Timeout '0' is invalid. Using default page load timeout: '10'

2020-08-03 14:44:53 - [MESSAGE][PASSED] - Text of element 'Object Repository/Maya/Movie Ticket/android.widget.TextView0 - RM 17.50' is: 'RM 17.50'

2020-08-03 14:44:53 - [TEST_STEP][PASSED] - trx5 = 50"), 0).substring(3): Text of element 'Object Repository/Maya/Movie Ticket/android.widget.TextView0 - RM 17.50' is: 'RM 17.50'

2020-08-03 14:44:53 - [MESSAGE][WARNING] - Timeout '0' is invalid. Using default page load timeout: '10'

2020-08-03 14:44:53 - [MESSAGE][PASSED] - Text of element 'Object Repository/Maya/Movie Ticket/android.widget.TextView0 - RM 17.50' is: 'RM 17.50'

2020-08-03 14:44:53 - [TEST_STEP][PASSED] - trx51 = trx5.replaceAll("[^a-zA-Z0-9]+", ""): null

2020-08-03 14:44:53 - [TEST_STEP][PASSED] - out.println(trx51): null

2020-08-03 14:44:53 - [TEST_STEP][PASSED] - trx511 = trx51: null

2020-08-03 14:44:53 - [TEST_STEP][PASSED] - out.println(trx511): null

2020-08-03 14:44:53 - [TEST_STEP][PASSED] - tap(findTestObject("Maya/Movie Ticket/android.widget.TextView0 - Pay Now"), 0): Tapped on element 'Object Repository/Maya/Movie Ticket/android.widget.TextView0 - Pay Now'

2020-08-03 14:44:53 - [MESSAGE][WARNING] - Timeout '0' is invalid. Using default page load timeout: '10'

2020-08-03 14:44:54 - [MESSAGE][PASSED] - Tapped on element 'Object Repository/Maya/Movie Ticket/android.widget.TextView0 - Pay Now'

2020-08-03 14:44:54 - [TEST_STEP][PASSED] - delay(2, STOP_ON_FAILURE): Delayed 2 second(s)

2020-08-03 14:44:56 - [MESSAGE][PASSED] - Delayed 2 second(s)

2020-08-03 14:44:56 - [TEST_STEP][PASSED] - takeScreenshot("C:\Users\LENOVO\Screenshot\NovieTicket\Ticket5.png", STOP_ON_FAILURE): Screenshot is taken

2020-08-03 14:44:57 - [MESSAGE][PASSED] - Screenshot is taken
[[ATTACHMENT|C:\\Users\\LENOVO\\Screenshot\\NovieTicket\\Ticket5.png]]

2020-08-03 14:44:57 - [TEST_STEP][PASSED] - if (verifyElementExist(findTestObject("Maya/spy/android.widget.TextView0 - Your TAC no. is 822872v3"), 3)): null

2020-08-03 14:44:59 - [MESSAGE][PASSED] - Element 'Object Repository/Maya/spy/android.widget.TextView0 - Your TAC no. is 822872v3' is exist

2020-08-03 14:44:59 - [TEST_STEP][FAILED] - otpM = getText(findTestObject("Maya/spy/android.widget.TextView0 - Your TAC no. is 822872v3"), 0): Object Object Repository/Maya/spy/android.widget.TextView0 - Your TAC no. is 822872v3 not found

2020-08-03 14:44:59 - [MESSAGE][WARNING] - Timeout '0' is invalid. Using default page load timeout: '10'

2020-08-03 14:45:10 - [MESSAGE][FAILED] - Object Object Repository/Maya/spy/android.widget.TextView0 - Your TAC no. is 822872v3 not found
[[ATTACHMENT|C:\\Users\\LENOVO\\Git_new\\Maya\\Reports\\20200803_144047\\Maya UAT\\UAT Test Suite\\20200803_144047\\1596437110047.png]]

2020-08-03 14:45:10 - [TEST_STEP][PASSED] - delay(2): Delayed 2 second(s)

2020-08-03 14:45:12 - [MESSAGE][PASSED] - Delayed 2 second(s)

2020-08-03 14:45:12 - [TEST_STEP][PASSED] - for ([i = 16, i <= 21, (i++)]): null

2020-08-03 14:45:12 - [TEST_STEP][PASSED] - delay(3, STOP_ON_FAILURE): Delayed 3 second(s)

2020-08-03 14:45:15 - [MESSAGE][PASSED] - Delayed 3 second(s)

2020-08-03 14:45:15 - [TEST_STEP][PASSED] - if (otpM[i] == "0"): null]]></system-out>
         <system-err><![CDATA[2020-08-03 14:40:50 - [TEST_CASE][FAILED] - Test Cases/JINU/Movie Ticket/Movie Ticket: Test Cases/JINU/Movie Ticket/Movie Ticket FAILED.
Reason:
com.kms.katalon.core.exception.StepFailedException: Element 'Object Repository/Maya/Movie Ticket/android.widget.TextView0 - -' not found
	at com.kms.katalon.core.keyword.internal.KeywordMain.stepFailed(KeywordMain.groovy:39)
	at com.kms.katalon.core.mobile.keyword.internal.MobileKeywordMain.stepFailed(MobileKeywordMain.groovy:40)
	at com.kms.katalon.core.mobile.keyword.builtin.VerifyElementExistKeyword$_verifyElementExist_closure1.doCall(VerifyElementExistKeyword.groovy:77)
	at com.kms.katalon.core.mobile.keyword.builtin.VerifyElementExistKeyword$_verifyElementExist_closure1.call(VerifyElementExistKeyword.groovy)
	at com.kms.katalon.core.mobile.keyword.internal.MobileKeywordMain.runKeyword(MobileKeywordMain.groovy:21)
	at com.kms.katalon.core.mobile.keyword.builtin.VerifyElementExistKeyword.verifyElementExist(VerifyElementExistKeyword.groovy:80)
	at com.kms.katalon.core.mobile.keyword.builtin.VerifyElementExistKeyword.execute(VerifyElementExistKeyword.groovy:64)
	at com.kms.katalon.core.keyword.internal.KeywordExecutor.executeKeywordForPlatform(KeywordExecutor.groovy:72)
	at com.kms.katalon.core.mobile.keyword.MobileBuiltInKeywords.verifyElementExist(MobileBuiltInKeywords.groovy:809)
	at com.kms.katalon.core.mobile.keyword.MobileBuiltInKeywords$verifyElementExist$4.call(Unknown Source)
	at Movie Ticket.run(Movie Ticket:95)
	at com.kms.katalon.core.main.ScriptEngine.run(ScriptEngine.java:194)
	at com.kms.katalon.core.main.ScriptEngine.runScriptAsRawText(ScriptEngine.java:119)
	at com.kms.katalon.core.main.TestCaseExecutor.runScript(TestCaseExecutor.java:337)
	at com.kms.katalon.core.main.TestCaseExecutor.doExecute(TestCaseExecutor.java:328)
	at com.kms.katalon.core.main.TestCaseExecutor.processExecutionPhase(TestCaseExecutor.java:307)
	at com.kms.katalon.core.main.TestCaseExecutor.accessMainPhase(TestCaseExecutor.java:299)
	at com.kms.katalon.core.main.TestCaseExecutor.execute(TestCaseExecutor.java:233)
	at com.kms.katalon.core.main.TestSuiteExecutor.accessTestCaseMainPhase(TestSuiteExecutor.java:169)
	at com.kms.katalon.core.main.TestSuiteExecutor.accessTestSuiteMainPhase(TestSuiteExecutor.java:142)
	at com.kms.katalon.core.main.TestSuiteExecutor.execute(TestSuiteExecutor.java:91)
	at com.kms.katalon.core.main.TestCaseMain.startTestSuite(TestCaseMain.java:157)
	at com.kms.katalon.core.main.TestCaseMain$startTestSuite$0.call(Unknown Source)
	at TempTestSuite1596436847560.run(TempTestSuite1596436847560.groovy:36)]]></system-err>
      </testcase>
      <system-out><![CDATA[2020-08-03 14:40:50 - [TEST_SUITE][FAILED] - UAT Test Suite: Test Cases/JINU/Movie Ticket/Movie Ticket FAILED.
Reason:
com.kms.katalon.core.exception.StepFailedException: Element 'Object Repository/Maya/Movie Ticket/android.widget.TextView0 - -' not found
	at com.kms.katalon.core.keyword.internal.KeywordMain.stepFailed(KeywordMain.groovy:39)
	at com.kms.katalon.core.mobile.keyword.internal.MobileKeywordMain.stepFailed(MobileKeywordMain.groovy:40)
	at com.kms.katalon.core.mobile.keyword.builtin.VerifyElementExistKeyword$_verifyElementExist_closure1.doCall(VerifyElementExistKeyword.groovy:77)
	at com.kms.katalon.core.mobile.keyword.builtin.VerifyElementExistKeyword$_verifyElementExist_closure1.call(VerifyElementExistKeyword.groovy)
	at com.kms.katalon.core.mobile.keyword.internal.MobileKeywordMain.runKeyword(MobileKeywordMain.groovy:21)
	at com.kms.katalon.core.mobile.keyword.builtin.VerifyElementExistKeyword.verifyElementExist(VerifyElementExistKeyword.groovy:80)
	at com.kms.katalon.core.mobile.keyword.builtin.VerifyElementExistKeyword.execute(VerifyElementExistKeyword.groovy:64)
	at com.kms.katalon.core.keyword.internal.KeywordExecutor.executeKeywordForPlatform(KeywordExecutor.groovy:72)
	at com.kms.katalon.core.mobile.keyword.MobileBuiltInKeywords.verifyElementExist(MobileBuiltInKeywords.groovy:809)
	at com.kms.katalon.core.mobile.keyword.MobileBuiltInKeywords$verifyElementExist$4.call(Unknown Source)
	at Movie Ticket.run(Movie Ticket:95)
	at com.kms.katalon.core.main.ScriptEngine.run(ScriptEngine.java:194)
	at com.kms.katalon.core.main.ScriptEngine.runScriptAsRawText(ScriptEngine.java:119)
	at com.kms.katalon.core.main.TestCaseExecutor.runScript(TestCaseExecutor.java:337)
	at com.kms.katalon.core.main.TestCaseExecutor.doExecute(TestCaseExecutor.java:328)
	at com.kms.katalon.core.main.TestCaseExecutor.processExecutionPhase(TestCaseExecutor.java:307)
	at com.kms.katalon.core.main.TestCaseExecutor.accessMainPhase(TestCaseExecutor.java:299)
	at com.kms.katalon.core.main.TestCaseExecutor.execute(TestCaseExecutor.java:233)
	at com.kms.katalon.core.main.TestSuiteExecutor.accessTestCaseMainPhase(TestSuiteExecutor.java:169)
	at com.kms.katalon.core.main.TestSuiteExecutor.accessTestSuiteMainPhase(TestSuiteExecutor.java:142)
	at com.kms.katalon.core.main.TestSuiteExecutor.execute(TestSuiteExecutor.java:91)
	at com.kms.katalon.core.main.TestCaseMain.startTestSuite(TestCaseMain.java:157)
	at com.kms.katalon.core.main.TestCaseMain$startTestSuite$0.call(Unknown Source)
	at TempTestSuite1596436847560.run(TempTestSuite1596436847560.groovy:36)]]></system-out>
      <system-err><![CDATA[2020-08-03 14:40:50 - [TEST_SUITE][FAILED] - UAT Test Suite: Test Cases/JINU/Movie Ticket/Movie Ticket FAILED.
Reason:
com.kms.katalon.core.exception.StepFailedException: Element 'Object Repository/Maya/Movie Ticket/android.widget.TextView0 - -' not found
	at com.kms.katalon.core.keyword.internal.KeywordMain.stepFailed(KeywordMain.groovy:39)
	at com.kms.katalon.core.mobile.keyword.internal.MobileKeywordMain.stepFailed(MobileKeywordMain.groovy:40)
	at com.kms.katalon.core.mobile.keyword.builtin.VerifyElementExistKeyword$_verifyElementExist_closure1.doCall(VerifyElementExistKeyword.groovy:77)
	at com.kms.katalon.core.mobile.keyword.builtin.VerifyElementExistKeyword$_verifyElementExist_closure1.call(VerifyElementExistKeyword.groovy)
	at com.kms.katalon.core.mobile.keyword.internal.MobileKeywordMain.runKeyword(MobileKeywordMain.groovy:21)
	at com.kms.katalon.core.mobile.keyword.builtin.VerifyElementExistKeyword.verifyElementExist(VerifyElementExistKeyword.groovy:80)
	at com.kms.katalon.core.mobile.keyword.builtin.VerifyElementExistKeyword.execute(VerifyElementExistKeyword.groovy:64)
	at com.kms.katalon.core.keyword.internal.KeywordExecutor.executeKeywordForPlatform(KeywordExecutor.groovy:72)
	at com.kms.katalon.core.mobile.keyword.MobileBuiltInKeywords.verifyElementExist(MobileBuiltInKeywords.groovy:809)
	at com.kms.katalon.core.mobile.keyword.MobileBuiltInKeywords$verifyElementExist$4.call(Unknown Source)
	at Movie Ticket.run(Movie Ticket:95)
	at com.kms.katalon.core.main.ScriptEngine.run(ScriptEngine.java:194)
	at com.kms.katalon.core.main.ScriptEngine.runScriptAsRawText(ScriptEngine.java:119)
	at com.kms.katalon.core.main.TestCaseExecutor.runScript(TestCaseExecutor.java:337)
	at com.kms.katalon.core.main.TestCaseExecutor.doExecute(TestCaseExecutor.java:328)
	at com.kms.katalon.core.main.TestCaseExecutor.processExecutionPhase(TestCaseExecutor.java:307)
	at com.kms.katalon.core.main.TestCaseExecutor.accessMainPhase(TestCaseExecutor.java:299)
	at com.kms.katalon.core.main.TestCaseExecutor.execute(TestCaseExecutor.java:233)
	at com.kms.katalon.core.main.TestSuiteExecutor.accessTestCaseMainPhase(TestSuiteExecutor.java:169)
	at com.kms.katalon.core.main.TestSuiteExecutor.accessTestSuiteMainPhase(TestSuiteExecutor.java:142)
	at com.kms.katalon.core.main.TestSuiteExecutor.execute(TestSuiteExecutor.java:91)
	at com.kms.katalon.core.main.TestCaseMain.startTestSuite(TestCaseMain.java:157)
	at com.kms.katalon.core.main.TestCaseMain$startTestSuite$0.call(Unknown Source)
	at TempTestSuite1596436847560.run(TempTestSuite1596436847560.groovy:36)]]></system-err>
   </testsuite>
</testsuites>
