<?xml version="1.0" encoding="UTF-8"?>
<testsuites name="UAT Test Suite" time="357.946" tests="1" failures="1" errors="0">
   <testsuite name="UAT Test Suite" tests="1" failures="1" errors="0" time="357.946" timestamp="2020-08-06 17:23:28" hostname="LENOVO - DESKTOP-CP3TV4N" id="Test Suites/Maya UAT/UAT Test Suite">
      <properties>
         <property name="deviceName" value="Xiaomi Redmi Note 7S (Android 9)"/>
         <property name="devicePlatform" value=""/>
         <property name="logFolder" value="C:\\Users\\LENOVO\\Git_new\\Maya\\Reports\\20200806_172326\\Maya UAT\\UAT Test Suite\\20200806_172326"/>
         <property name="logFiles" value="C:\\Users\\LENOVO\\Git_new\\Maya\\Reports\\20200806_172326\\Maya UAT\\UAT Test Suite\\20200806_172326\\appium.log, C:\\Users\\LENOVO\\Git_new\\Maya\\Reports\\20200806_172326\\Maya UAT\\UAT Test Suite\\20200806_172326\\execution0.log"/>
         <property name="attachments" value="C:\\Users\\LENOVO\\Screenshot\\DuitNowProxy\\Screen1.png, C:\\Users\\LENOVO\\Screenshot\\DuitNowProxy\\Screen2.png, C:\\Users\\LENOVO\\Screenshot\\DuitNowProxy\\Screen3.png, C:\\Users\\LENOVO\\Screenshot\\DuitNowProxy\\Screen4.png, C:\\Users\\LENOVO\\Screenshot\\DuitNowProxy\\Screen5.png, C:\\Users\\LENOVO\\Git_new\\Maya\\Reports\\20200806_172326\\Maya UAT\\UAT Test Suite\\20200806_172326\\1596706061200.png, C:\\Users\\LENOVO\\Git_new\\Maya\\Reports\\20200806_172326\\Maya UAT\\UAT Test Suite\\20200806_172326\\1596706072219.png, C:\\Users\\LENOVO\\Screenshot\\DuitNowProxy\\Screen6.png, C:\\Users\\LENOVO\\Screenshot\\DuitNowProxy\\Screen15.png, C:\\Users\\LENOVO\\Screenshot\\DuitNowProxy\\Screen6.png, C:\\Users\\LENOVO\\Git_new\\Maya\\Reports\\20200806_172326\\Maya UAT\\UAT Test Suite\\20200806_172326\\1596706161604.png, C:\\Users\\LENOVO\\Git_new\\Maya\\Reports\\20200806_172326\\Maya UAT\\UAT Test Suite\\20200806_172326\\1596706162502.png"/>
         <property name="hostName" value="LENOVO - DESKTOP-CP3TV4N"/>
         <property name="os" value="Windows 10 64bit"/>
         <property name="appiumServerStatus" value="{\&quot;value\&quot;:{\&quot;build\&quot;:{\&quot;version\&quot;:\&quot;1.15.1\&quot;}},\&quot;sessionId\&quot;:null,\&quot;status\&quot;:0}"/>
         <property name="katalonVersion" value="7.2.7.1"/>
         <property name="deviceOS" value="Android"/>
         <property name="appiumVersion" value="1.15.1"/>
         <property name="deviceModel" value="Redmi Note 7S"/>
         <property name="hostAddress" value="192.168.43.112"/>
         <property name="deviceManufacturer" value="Xiaomi"/>
         <property name="deviceId" value="11cb9864"/>
         <property name="deviceName" value="Xiaomi Redmi Note 7S (Android 9)"/>
         <property name="deviceOSVersion" value="9"/>
      </properties>
      <testcase name="Test Cases/JINU/DuiTNow Drop 2/Nric Proxy" time="354.274" classname="Test Cases/JINU/DuiTNow Drop 2/Nric Proxy" status="FAILED">
         <failure type="FAILED" message="Test Cases/JINU/DuiTNow Drop 2/Nric Proxy FAILED.
Reason:
com.kms.katalon.core.exception.StepFailedException: Object Object Repository/Maya/RegisterDuitNow/android.widget.TextView0 - NRIC Number (6) not found
	at com.kms.katalon.core.keyword.internal.KeywordMain.stepFailed(KeywordMain.groovy:39)
	at com.kms.katalon.core.mobile.keyword.internal.MobileKeywordMain.stepFailed(MobileKeywordMain.groovy:40)
	at com.kms.katalon.core.mobile.keyword.builtin.GetTextKeyword$_getText_closure1.doCall(GetTextKeyword.groovy:74)
	at com.kms.katalon.core.mobile.keyword.builtin.GetTextKeyword$_getText_closure1.call(GetTextKeyword.groovy)
	at com.kms.katalon.core.mobile.keyword.internal.MobileKeywordMain.runKeyword(MobileKeywordMain.groovy:21)
	at com.kms.katalon.core.mobile.keyword.builtin.GetTextKeyword.getText(GetTextKeyword.groovy:80)
	at com.kms.katalon.core.mobile.keyword.builtin.GetTextKeyword.execute(GetTextKeyword.groovy:64)
	at com.kms.katalon.core.keyword.internal.KeywordExecutor.executeKeywordForPlatform(KeywordExecutor.groovy:72)
	at com.kms.katalon.core.mobile.keyword.MobileBuiltInKeywords.getText(MobileBuiltInKeywords.groovy:459)
	at com.kms.katalon.core.mobile.keyword.MobileBuiltInKeywords$getText$3.call(Unknown Source)
	at Nric Proxy.run(Nric Proxy:230)
	at com.kms.katalon.core.main.ScriptEngine.run(ScriptEngine.java:194)
	at com.kms.katalon.core.main.ScriptEngine.runScriptAsRawText(ScriptEngine.java:119)
	at com.kms.katalon.core.main.TestCaseExecutor.runScript(TestCaseExecutor.java:337)
	at com.kms.katalon.core.main.TestCaseExecutor.doExecute(TestCaseExecutor.java:328)
	at com.kms.katalon.core.main.TestCaseExecutor.processExecutionPhase(TestCaseExecutor.java:307)
	at com.kms.katalon.core.main.TestCaseExecutor.accessMainPhase(TestCaseExecutor.java:299)
	at com.kms.katalon.core.main.TestCaseExecutor.execute(TestCaseExecutor.java:233)
	at com.kms.katalon.core.main.TestSuiteExecutor.accessTestCaseMainPhase(TestSuiteExecutor.java:169)
	at com.kms.katalon.core.main.TestSuiteExecutor.accessTestSuiteMainPhase(TestSuiteExecutor.java:142)
	at com.kms.katalon.core.main.TestSuiteExecutor.execute(TestSuiteExecutor.java:91)
	at com.kms.katalon.core.main.TestCaseMain.startTestSuite(TestCaseMain.java:157)
	at com.kms.katalon.core.main.TestCaseMain$startTestSuite$0.call(Unknown Source)
	at TempTestSuite1596705806050.run(TempTestSuite1596705806050.groovy:36)
"/>
         <system-out><![CDATA[2020-08-06 17:23:29 - [TEST_CASE][FAILED] - Test Cases/JINU/DuiTNow Drop 2/Nric Proxy: Test Cases/JINU/DuiTNow Drop 2/Nric Proxy FAILED.
Reason:
com.kms.katalon.core.exception.StepFailedException: Object Object Repository/Maya/RegisterDuitNow/android.widget.TextView0 - NRIC Number (6) not found
	at com.kms.katalon.core.keyword.internal.KeywordMain.stepFailed(KeywordMain.groovy:39)
	at com.kms.katalon.core.mobile.keyword.internal.MobileKeywordMain.stepFailed(MobileKeywordMain.groovy:40)
	at com.kms.katalon.core.mobile.keyword.builtin.GetTextKeyword$_getText_closure1.doCall(GetTextKeyword.groovy:74)
	at com.kms.katalon.core.mobile.keyword.builtin.GetTextKeyword$_getText_closure1.call(GetTextKeyword.groovy)
	at com.kms.katalon.core.mobile.keyword.internal.MobileKeywordMain.runKeyword(MobileKeywordMain.groovy:21)
	at com.kms.katalon.core.mobile.keyword.builtin.GetTextKeyword.getText(GetTextKeyword.groovy:80)
	at com.kms.katalon.core.mobile.keyword.builtin.GetTextKeyword.execute(GetTextKeyword.groovy:64)
	at com.kms.katalon.core.keyword.internal.KeywordExecutor.executeKeywordForPlatform(KeywordExecutor.groovy:72)
	at com.kms.katalon.core.mobile.keyword.MobileBuiltInKeywords.getText(MobileBuiltInKeywords.groovy:459)
	at com.kms.katalon.core.mobile.keyword.MobileBuiltInKeywords$getText$3.call(Unknown Source)
	at Nric Proxy.run(Nric Proxy:230)
	at com.kms.katalon.core.main.ScriptEngine.run(ScriptEngine.java:194)
	at com.kms.katalon.core.main.ScriptEngine.runScriptAsRawText(ScriptEngine.java:119)
	at com.kms.katalon.core.main.TestCaseExecutor.runScript(TestCaseExecutor.java:337)
	at com.kms.katalon.core.main.TestCaseExecutor.doExecute(TestCaseExecutor.java:328)
	at com.kms.katalon.core.main.TestCaseExecutor.processExecutionPhase(TestCaseExecutor.java:307)
	at com.kms.katalon.core.main.TestCaseExecutor.accessMainPhase(TestCaseExecutor.java:299)
	at com.kms.katalon.core.main.TestCaseExecutor.execute(TestCaseExecutor.java:233)
	at com.kms.katalon.core.main.TestSuiteExecutor.accessTestCaseMainPhase(TestSuiteExecutor.java:169)
	at com.kms.katalon.core.main.TestSuiteExecutor.accessTestSuiteMainPhase(TestSuiteExecutor.java:142)
	at com.kms.katalon.core.main.TestSuiteExecutor.execute(TestSuiteExecutor.java:91)
	at com.kms.katalon.core.main.TestCaseMain.startTestSuite(TestCaseMain.java:157)
	at com.kms.katalon.core.main.TestCaseMain$startTestSuite$0.call(Unknown Source)
	at TempTestSuite1596705806050.run(TempTestSuite1596705806050.groovy:36)


2020-08-06 17:23:30 - [TEST_STEP][PASSED] - startApplication("C:\Users\LENOVO\Katalon Studio\app-uat-universal-release.apk", true): Started app at: 'C:\Users\LENOVO\Katalon Studio\app-uat-universal-release.apk'

2020-08-06 17:23:30 - [MESSAGE][INFO] - User set preference: ['appWaitActivity', '*']

2020-08-06 17:23:30 - [MESSAGE][INFO] - User set preference: ['appWaitPackage', 'com.maybank2u.life.uat']

2020-08-06 17:23:30 - [MESSAGE][INFO] - User set preference: ['appWaitDuration', '50,000']

2020-08-06 17:23:30 - [MESSAGE][INFO] - User set preference: ['deviceId', '11cb9864']

2020-08-06 17:23:33 - [MESSAGE][INFO] - Appium server started on port 51,553

2020-08-06 17:24:33 - [MESSAGE][PASSED] - Started app at: 'C:\Users\LENOVO\Katalon Studio\app-uat-universal-release.apk'

2020-08-06 17:24:33 - [TEST_STEP][PASSED] - delay(5, STOP_ON_FAILURE): Delayed 5 second(s)

2020-08-06 17:24:38 - [MESSAGE][PASSED] - Delayed 5 second(s)

2020-08-06 17:24:38 - [TEST_STEP][PASSED] - tap(findTestObject("Maya/login again/android.widget.TextView0 - Next"), 0): Tapped on element 'Object Repository/Maya/login again/android.widget.TextView0 - Next'

2020-08-06 17:24:38 - [MESSAGE][WARNING] - Timeout '0' is invalid. Using default page load timeout: '10'

2020-08-06 17:24:40 - [MESSAGE][PASSED] - Tapped on element 'Object Repository/Maya/login again/android.widget.TextView0 - Next'

2020-08-06 17:24:40 - [TEST_STEP][PASSED] - tap(findTestObject("Maya/login again/android.widget.TextView0 - Next"), 0): Tapped on element 'Object Repository/Maya/login again/android.widget.TextView0 - Next'

2020-08-06 17:24:41 - [MESSAGE][WARNING] - Timeout '0' is invalid. Using default page load timeout: '10'

2020-08-06 17:24:42 - [MESSAGE][PASSED] - Tapped on element 'Object Repository/Maya/login again/android.widget.TextView0 - Next'

2020-08-06 17:24:42 - [TEST_STEP][PASSED] - tap(findTestObject("Maya/login again/android.widget.TextView0 - Next"), 0): Tapped on element 'Object Repository/Maya/login again/android.widget.TextView0 - Next'

2020-08-06 17:24:42 - [MESSAGE][WARNING] - Timeout '0' is invalid. Using default page load timeout: '10'

2020-08-06 17:24:47 - [MESSAGE][PASSED] - Tapped on element 'Object Repository/Maya/login again/android.widget.TextView0 - Next'

2020-08-06 17:24:47 - [TEST_STEP][PASSED] - tap(findTestObject("Maya/Login/android.widget.Button0-Maybank2u"), 0): Tapped on element 'Object Repository/Maya/Login/android.widget.Button0-Maybank2u'

2020-08-06 17:24:47 - [MESSAGE][WARNING] - Timeout '0' is invalid. Using default page load timeout: '10'

2020-08-06 17:24:49 - [MESSAGE][PASSED] - Tapped on element 'Object Repository/Maya/Login/android.widget.Button0-Maybank2u'

2020-08-06 17:24:49 - [TEST_STEP][PASSED] - delay(2, STOP_ON_FAILURE): Delayed 2 second(s)

2020-08-06 17:24:51 - [MESSAGE][PASSED] - Delayed 2 second(s)

2020-08-06 17:24:51 - [TEST_STEP][PASSED] - takeScreenshot("C:\Users\LENOVO\Screenshot\DuitNowProxy\Screen1.png", CONTINUE_ON_FAILURE): Screenshot is taken

2020-08-06 17:24:53 - [MESSAGE][PASSED] - Screenshot is taken
[[ATTACHMENT|C:\\Users\\LENOVO\\Screenshot\\DuitNowProxy\\Screen1.png]]

2020-08-06 17:24:53 - [TEST_STEP][PASSED] - tap(findTestObject("Maya/Login/android.widget.TextView0 - Login to Maybank2u"), 0): Tapped on element 'Object Repository/Maya/Login/android.widget.TextView0 - Login to Maybank2u'

2020-08-06 17:24:53 - [MESSAGE][WARNING] - Timeout '0' is invalid. Using default page load timeout: '10'

2020-08-06 17:24:56 - [MESSAGE][PASSED] - Tapped on element 'Object Repository/Maya/Login/android.widget.TextView0 - Login to Maybank2u'

2020-08-06 17:24:56 - [TEST_STEP][PASSED] - tap(findTestObject("Maya/login again/android.widget.EditText0"), 0): Tapped on element 'Object Repository/Maya/login again/android.widget.EditText0'

2020-08-06 17:24:56 - [MESSAGE][WARNING] - Timeout '0' is invalid. Using default page load timeout: '10'

2020-08-06 17:24:57 - [MESSAGE][PASSED] - Tapped on element 'Object Repository/Maya/login again/android.widget.EditText0'

2020-08-06 17:24:57 - [TEST_STEP][PASSED] - setText(findTestObject("Maya/login again/android.widget.EditText0"), "rizaidi", 0): Text 'rizaidi' has been set to element 'Object Repository/Maya/login again/android.widget.EditText0'

2020-08-06 17:24:57 - [MESSAGE][WARNING] - Timeout '0' is invalid. Using default page load timeout: '10'

2020-08-06 17:24:59 - [MESSAGE][PASSED] - Text 'rizaidi' has been set to element 'Object Repository/Maya/login again/android.widget.EditText0'

2020-08-06 17:24:59 - [TEST_STEP][PASSED] - driver = getDriver(): null

2020-08-06 17:24:59 - [TEST_STEP][PASSED] - driver.pressKeyCode(ENTER): null

2020-08-06 17:25:00 - [TEST_STEP][PASSED] - tap(findTestObject("Maya/login again/android.widget.TextView0 - Yes Its Mine"), 0): Tapped on element 'Object Repository/Maya/login again/android.widget.TextView0 - Yes Its Mine'

2020-08-06 17:25:00 - [MESSAGE][WARNING] - Timeout '0' is invalid. Using default page load timeout: '10'

2020-08-06 17:25:11 - [MESSAGE][PASSED] - Tapped on element 'Object Repository/Maya/login again/android.widget.TextView0 - Yes Its Mine'

2020-08-06 17:25:11 - [TEST_STEP][PASSED] - tap(findTestObject("Maya/login again/android.widget.EditText0 (1)"), 0): Tapped on element 'Object Repository/Maya/login again/android.widget.EditText0 (1)'

2020-08-06 17:25:11 - [MESSAGE][WARNING] - Timeout '0' is invalid. Using default page load timeout: '10'

2020-08-06 17:25:12 - [MESSAGE][PASSED] - Tapped on element 'Object Repository/Maya/login again/android.widget.EditText0 (1)'

2020-08-06 17:25:12 - [TEST_STEP][PASSED] - setText(findTestObject("Maya/login again/android.widget.EditText0 (1)"), "pass1234", 0): Text 'pass1234' has been set to element 'Object Repository/Maya/login again/android.widget.EditText0 (1)'

2020-08-06 17:25:13 - [MESSAGE][WARNING] - Timeout '0' is invalid. Using default page load timeout: '10'

2020-08-06 17:25:13 - [MESSAGE][PASSED] - Text 'pass1234' has been set to element 'Object Repository/Maya/login again/android.widget.EditText0 (1)'

2020-08-06 17:25:13 - [TEST_STEP][PASSED] - driver.pressKeyCode(ENTER): null

2020-08-06 17:25:15 - [TEST_STEP][PASSED] - tap(findTestObject("Maya/login again/android.widget.TextView0 - 2"), 0): Tapped on element 'Object Repository/Maya/login again/android.widget.TextView0 - 2'

2020-08-06 17:25:15 - [MESSAGE][WARNING] - Timeout '0' is invalid. Using default page load timeout: '10'

2020-08-06 17:25:19 - [MESSAGE][PASSED] - Tapped on element 'Object Repository/Maya/login again/android.widget.TextView0 - 2'

2020-08-06 17:25:19 - [TEST_STEP][PASSED] - tap(findTestObject("Maya/login again/android.widget.TextView0 - 3"), 0): Tapped on element 'Object Repository/Maya/login again/android.widget.TextView0 - 3'

2020-08-06 17:25:19 - [MESSAGE][WARNING] - Timeout '0' is invalid. Using default page load timeout: '10'

2020-08-06 17:25:22 - [MESSAGE][PASSED] - Tapped on element 'Object Repository/Maya/login again/android.widget.TextView0 - 3'

2020-08-06 17:25:22 - [TEST_STEP][PASSED] - tap(findTestObject("Maya/login again/android.widget.TextView0 - 0"), 0): Tapped on element 'Object Repository/Maya/login again/android.widget.TextView0 - 0'

2020-08-06 17:25:22 - [MESSAGE][WARNING] - Timeout '0' is invalid. Using default page load timeout: '10'

2020-08-06 17:25:23 - [MESSAGE][PASSED] - Tapped on element 'Object Repository/Maya/login again/android.widget.TextView0 - 0'

2020-08-06 17:25:23 - [TEST_STEP][PASSED] - tap(findTestObject("Maya/login again/android.widget.TextView0 - 9"), 0): Tapped on element 'Object Repository/Maya/login again/android.widget.TextView0 - 9'

2020-08-06 17:25:23 - [MESSAGE][WARNING] - Timeout '0' is invalid. Using default page load timeout: '10'

2020-08-06 17:25:24 - [MESSAGE][PASSED] - Tapped on element 'Object Repository/Maya/login again/android.widget.TextView0 - 9'

2020-08-06 17:25:24 - [TEST_STEP][PASSED] - tap(findTestObject("Maya/login again/android.widget.TextView0 - 8"), 0): Tapped on element 'Object Repository/Maya/login again/android.widget.TextView0 - 8'

2020-08-06 17:25:24 - [MESSAGE][WARNING] - Timeout '0' is invalid. Using default page load timeout: '10'

2020-08-06 17:25:27 - [MESSAGE][PASSED] - Tapped on element 'Object Repository/Maya/login again/android.widget.TextView0 - 8'

2020-08-06 17:25:27 - [TEST_STEP][PASSED] - tap(findTestObject("Maya/login again/android.widget.TextView0 - 3"), 0): Tapped on element 'Object Repository/Maya/login again/android.widget.TextView0 - 3'

2020-08-06 17:25:27 - [MESSAGE][WARNING] - Timeout '0' is invalid. Using default page load timeout: '10'

2020-08-06 17:25:28 - [MESSAGE][PASSED] - Tapped on element 'Object Repository/Maya/login again/android.widget.TextView0 - 3'

2020-08-06 17:25:28 - [TEST_STEP][NOT_RUN] - tap(findTestObject("Maya/Login/android.widget.ImageView0"), 0): NOT_RUN: tap(findTestObject("Maya/Login/android.widget.ImageView0"), 0)

2020-08-06 17:25:28 - [MESSAGE][NOT_RUN] - NOT_RUN: tap(findTestObject("Maya/Login/android.widget.ImageView0"), 0)

2020-08-06 17:25:28 - [TEST_STEP][PASSED] - tap(findTestObject("Maya/One Tap Authorisation/android.widget.ImageView0 (8)"), 0): Tapped on element 'Object Repository/Maya/One Tap Authorisation/android.widget.ImageView0 (8)'

2020-08-06 17:25:28 - [MESSAGE][WARNING] - Timeout '0' is invalid. Using default page load timeout: '10'

2020-08-06 17:25:28 - [MESSAGE][PASSED] - Tapped on element 'Object Repository/Maya/One Tap Authorisation/android.widget.ImageView0 (8)'

2020-08-06 17:25:28 - [TEST_STEP][PASSED] - tap(findTestObject("Maya/login again/android.widget.TextView0 - 2"), 0): Tapped on element 'Object Repository/Maya/login again/android.widget.TextView0 - 2'

2020-08-06 17:25:28 - [MESSAGE][WARNING] - Timeout '0' is invalid. Using default page load timeout: '10'

2020-08-06 17:25:31 - [MESSAGE][PASSED] - Tapped on element 'Object Repository/Maya/login again/android.widget.TextView0 - 2'

2020-08-06 17:25:31 - [TEST_STEP][PASSED] - tap(findTestObject("Maya/login again/android.widget.TextView0 - 3"), 0): Tapped on element 'Object Repository/Maya/login again/android.widget.TextView0 - 3'

2020-08-06 17:25:31 - [MESSAGE][WARNING] - Timeout '0' is invalid. Using default page load timeout: '10'

2020-08-06 17:25:33 - [MESSAGE][PASSED] - Tapped on element 'Object Repository/Maya/login again/android.widget.TextView0 - 3'

2020-08-06 17:25:33 - [TEST_STEP][PASSED] - tap(findTestObject("Maya/login again/android.widget.TextView0 - 0"), 0): Tapped on element 'Object Repository/Maya/login again/android.widget.TextView0 - 0'

2020-08-06 17:25:33 - [MESSAGE][WARNING] - Timeout '0' is invalid. Using default page load timeout: '10'

2020-08-06 17:25:34 - [MESSAGE][PASSED] - Tapped on element 'Object Repository/Maya/login again/android.widget.TextView0 - 0'

2020-08-06 17:25:34 - [TEST_STEP][PASSED] - tap(findTestObject("Maya/login again/android.widget.TextView0 - 9"), 0): Tapped on element 'Object Repository/Maya/login again/android.widget.TextView0 - 9'

2020-08-06 17:25:34 - [MESSAGE][WARNING] - Timeout '0' is invalid. Using default page load timeout: '10'

2020-08-06 17:25:36 - [MESSAGE][PASSED] - Tapped on element 'Object Repository/Maya/login again/android.widget.TextView0 - 9'

2020-08-06 17:25:36 - [TEST_STEP][PASSED] - tap(findTestObject("Maya/login again/android.widget.TextView0 - 8"), 0): Tapped on element 'Object Repository/Maya/login again/android.widget.TextView0 - 8'

2020-08-06 17:25:36 - [MESSAGE][WARNING] - Timeout '0' is invalid. Using default page load timeout: '10'

2020-08-06 17:25:38 - [MESSAGE][PASSED] - Tapped on element 'Object Repository/Maya/login again/android.widget.TextView0 - 8'

2020-08-06 17:25:38 - [TEST_STEP][PASSED] - tap(findTestObject("Maya/login again/android.widget.TextView0 - 3"), 0): Tapped on element 'Object Repository/Maya/login again/android.widget.TextView0 - 3'

2020-08-06 17:25:38 - [MESSAGE][WARNING] - Timeout '0' is invalid. Using default page load timeout: '10'

2020-08-06 17:25:41 - [MESSAGE][PASSED] - Tapped on element 'Object Repository/Maya/login again/android.widget.TextView0 - 3'

2020-08-06 17:25:41 - [TEST_STEP][PASSED] - tap(findTestObject("Maya/One Tap Authorisation/android.widget.ImageView0 (8)"), 0): Tapped on element 'Object Repository/Maya/One Tap Authorisation/android.widget.ImageView0 (8)'

2020-08-06 17:25:41 - [MESSAGE][WARNING] - Timeout '0' is invalid. Using default page load timeout: '10'

2020-08-06 17:25:42 - [MESSAGE][PASSED] - Tapped on element 'Object Repository/Maya/One Tap Authorisation/android.widget.ImageView0 (8)'

2020-08-06 17:25:42 - [TEST_STEP][PASSED] - tap(findTestObject("Maya/login again/android.widget.TextView0 - Yes Proceeed"), 0): Tapped on element 'Object Repository/Maya/login again/android.widget.TextView0 - Yes Proceeed'

2020-08-06 17:25:42 - [MESSAGE][WARNING] - Timeout '0' is invalid. Using default page load timeout: '10'

2020-08-06 17:25:44 - [MESSAGE][PASSED] - Tapped on element 'Object Repository/Maya/login again/android.widget.TextView0 - Yes Proceeed'

2020-08-06 17:25:44 - [TEST_STEP][PASSED] - delay(2, STOP_ON_FAILURE): Delayed 2 second(s)

2020-08-06 17:25:46 - [MESSAGE][PASSED] - Delayed 2 second(s)

2020-08-06 17:25:46 - [TEST_STEP][PASSED] - takeScreenshot("C:\Users\LENOVO\Screenshot\DuitNowProxy\Screen2.png", CONTINUE_ON_FAILURE): Screenshot is taken

2020-08-06 17:25:47 - [MESSAGE][PASSED] - Screenshot is taken
[[ATTACHMENT|C:\\Users\\LENOVO\\Screenshot\\DuitNowProxy\\Screen2.png]]

2020-08-06 17:25:47 - [TEST_STEP][PASSED] - tap(findTestObject("Maya/Third Party CA account/android.widget.TextView0 - Your OTP no. is 460943"), 0): Tapped on element 'Object Repository/Maya/Third Party CA account/android.widget.TextView0 - Your OTP no. is 460943'

2020-08-06 17:25:48 - [MESSAGE][WARNING] - Timeout '0' is invalid. Using default page load timeout: '10'

2020-08-06 17:25:51 - [MESSAGE][PASSED] - Tapped on element 'Object Repository/Maya/Third Party CA account/android.widget.TextView0 - Your OTP no. is 460943'

2020-08-06 17:25:51 - [TEST_STEP][PASSED] - otpMessage = getText(findTestObject("Maya/Third Party CA account/android.widget.TextView0 - Your OTP no. is 460943"), 0): Text of element 'Object Repository/Maya/Third Party CA account/android.widget.TextView0 - Your OTP no. is 460943' is: 'Your OTP no. is 865583'

2020-08-06 17:25:51 - [MESSAGE][WARNING] - Timeout '0' is invalid. Using default page load timeout: '10'

2020-08-06 17:25:52 - [MESSAGE][PASSED] - Text of element 'Object Repository/Maya/Third Party CA account/android.widget.TextView0 - Your OTP no. is 460943' is: 'Your OTP no. is 865583'

2020-08-06 17:25:52 - [TEST_STEP][PASSED] - delay(2): Delayed 2 second(s)

2020-08-06 17:25:54 - [MESSAGE][PASSED] - Delayed 2 second(s)

2020-08-06 17:25:54 - [TEST_STEP][PASSED] - for ([i = 16, i <= 21, (i++)]): null

2020-08-06 17:25:54 - [TEST_STEP][PASSED] - delay(3, STOP_ON_FAILURE): Delayed 3 second(s)

2020-08-06 17:25:57 - [MESSAGE][PASSED] - Delayed 3 second(s)

2020-08-06 17:25:57 - [TEST_STEP][PASSED] - if (otpMessage[i] == "0"): null

2020-08-06 17:25:57 - [TEST_STEP][PASSED] - if (otpMessage[i] == "1"): null

2020-08-06 17:25:57 - [TEST_STEP][PASSED] - if (otpMessage[i] == "2"): null

2020-08-06 17:25:57 - [TEST_STEP][PASSED] - if (otpMessage[i] == "3"): null

2020-08-06 17:25:57 - [TEST_STEP][PASSED] - if (otpMessage[i] == "4"): null

2020-08-06 17:25:57 - [TEST_STEP][PASSED] - if (otpMessage[i] == "5"): null

2020-08-06 17:25:57 - [TEST_STEP][PASSED] - if (otpMessage[i] == "6"): null

2020-08-06 17:25:57 - [TEST_STEP][PASSED] - if (otpMessage[i] == "7"): null

2020-08-06 17:25:57 - [TEST_STEP][PASSED] - if (otpMessage[i] == "8"): Tapped on element 'Object Repository/Maya/login again/Spy - 8'

2020-08-06 17:25:57 - [TEST_STEP][PASSED] - delay(1, STOP_ON_FAILURE): Delayed 1 second(s)

2020-08-06 17:25:58 - [MESSAGE][PASSED] - Delayed 1 second(s)

2020-08-06 17:25:58 - [TEST_STEP][PASSED] - tap(findTestObject("Maya/login again/Spy - 8"), 0): Tapped on element 'Object Repository/Maya/login again/Spy - 8'

2020-08-06 17:25:58 - [MESSAGE][WARNING] - Timeout '0' is invalid. Using default page load timeout: '10'

2020-08-06 17:26:00 - [MESSAGE][PASSED] - Tapped on element 'Object Repository/Maya/login again/Spy - 8'

2020-08-06 17:26:00 - [TEST_STEP][PASSED] - if (otpMessage[i] == "9"): null

2020-08-06 17:26:00 - [TEST_STEP][PASSED] - delay(3, STOP_ON_FAILURE): Delayed 3 second(s)

2020-08-06 17:26:03 - [MESSAGE][PASSED] - Delayed 3 second(s)

2020-08-06 17:26:03 - [TEST_STEP][PASSED] - if (otpMessage[i] == "0"): null

2020-08-06 17:26:03 - [TEST_STEP][PASSED] - if (otpMessage[i] == "1"): null

2020-08-06 17:26:03 - [TEST_STEP][PASSED] - if (otpMessage[i] == "2"): null

2020-08-06 17:26:03 - [TEST_STEP][PASSED] - if (otpMessage[i] == "3"): null

2020-08-06 17:26:03 - [TEST_STEP][PASSED] - if (otpMessage[i] == "4"): null

2020-08-06 17:26:03 - [TEST_STEP][PASSED] - if (otpMessage[i] == "5"): null

2020-08-06 17:26:03 - [TEST_STEP][PASSED] - if (otpMessage[i] == "6"): Tapped on element 'Object Repository/Maya/login again/Spy- 6'

2020-08-06 17:26:03 - [TEST_STEP][PASSED] - delay(1, STOP_ON_FAILURE): Delayed 1 second(s)

2020-08-06 17:26:04 - [MESSAGE][PASSED] - Delayed 1 second(s)

2020-08-06 17:26:04 - [TEST_STEP][PASSED] - tap(findTestObject("Maya/login again/Spy- 6"), 0): Tapped on element 'Object Repository/Maya/login again/Spy- 6'

2020-08-06 17:26:04 - [MESSAGE][WARNING] - Timeout '0' is invalid. Using default page load timeout: '10'

2020-08-06 17:26:06 - [MESSAGE][PASSED] - Tapped on element 'Object Repository/Maya/login again/Spy- 6'

2020-08-06 17:26:06 - [TEST_STEP][PASSED] - if (otpMessage[i] == "7"): null

2020-08-06 17:26:06 - [TEST_STEP][PASSED] - if (otpMessage[i] == "8"): null

2020-08-06 17:26:06 - [TEST_STEP][PASSED] - if (otpMessage[i] == "9"): null

2020-08-06 17:26:06 - [TEST_STEP][PASSED] - delay(3, STOP_ON_FAILURE): Delayed 3 second(s)

2020-08-06 17:26:09 - [MESSAGE][PASSED] - Delayed 3 second(s)

2020-08-06 17:26:09 - [TEST_STEP][PASSED] - if (otpMessage[i] == "0"): null

2020-08-06 17:26:09 - [TEST_STEP][PASSED] - if (otpMessage[i] == "1"): null

2020-08-06 17:26:09 - [TEST_STEP][PASSED] - if (otpMessage[i] == "2"): null

2020-08-06 17:26:09 - [TEST_STEP][PASSED] - if (otpMessage[i] == "3"): null

2020-08-06 17:26:09 - [TEST_STEP][PASSED] - if (otpMessage[i] == "4"): null

2020-08-06 17:26:09 - [TEST_STEP][PASSED] - if (otpMessage[i] == "5"): Tapped on element 'Object Repository/Maya/login again/Spy- 5'

2020-08-06 17:26:09 - [TEST_STEP][PASSED] - delay(1, STOP_ON_FAILURE): Delayed 1 second(s)

2020-08-06 17:26:10 - [MESSAGE][PASSED] - Delayed 1 second(s)

2020-08-06 17:26:10 - [TEST_STEP][PASSED] - tap(findTestObject("Maya/login again/Spy- 5"), 0): Tapped on element 'Object Repository/Maya/login again/Spy- 5'

2020-08-06 17:26:10 - [MESSAGE][WARNING] - Timeout '0' is invalid. Using default page load timeout: '10'

2020-08-06 17:26:11 - [MESSAGE][PASSED] - Tapped on element 'Object Repository/Maya/login again/Spy- 5'

2020-08-06 17:26:11 - [TEST_STEP][PASSED] - if (otpMessage[i] == "6"): null

2020-08-06 17:26:11 - [TEST_STEP][PASSED] - if (otpMessage[i] == "7"): null

2020-08-06 17:26:11 - [TEST_STEP][PASSED] - if (otpMessage[i] == "8"): null

2020-08-06 17:26:11 - [TEST_STEP][PASSED] - if (otpMessage[i] == "9"): null

2020-08-06 17:26:11 - [TEST_STEP][PASSED] - delay(3, STOP_ON_FAILURE): Delayed 3 second(s)

2020-08-06 17:26:14 - [MESSAGE][PASSED] - Delayed 3 second(s)

2020-08-06 17:26:14 - [TEST_STEP][PASSED] - if (otpMessage[i] == "0"): null

2020-08-06 17:26:14 - [TEST_STEP][PASSED] - if (otpMessage[i] == "1"): null

2020-08-06 17:26:14 - [TEST_STEP][PASSED] - if (otpMessage[i] == "2"): null

2020-08-06 17:26:14 - [TEST_STEP][PASSED] - if (otpMessage[i] == "3"): null

2020-08-06 17:26:14 - [TEST_STEP][PASSED] - if (otpMessage[i] == "4"): null

2020-08-06 17:26:14 - [TEST_STEP][PASSED] - if (otpMessage[i] == "5"): Tapped on element 'Object Repository/Maya/login again/Spy- 5'

2020-08-06 17:26:14 - [TEST_STEP][PASSED] - delay(1, STOP_ON_FAILURE): Delayed 1 second(s)

2020-08-06 17:26:15 - [MESSAGE][PASSED] - Delayed 1 second(s)

2020-08-06 17:26:15 - [TEST_STEP][PASSED] - tap(findTestObject("Maya/login again/Spy- 5"), 0): Tapped on element 'Object Repository/Maya/login again/Spy- 5'

2020-08-06 17:26:15 - [MESSAGE][WARNING] - Timeout '0' is invalid. Using default page load timeout: '10'

2020-08-06 17:26:16 - [MESSAGE][PASSED] - Tapped on element 'Object Repository/Maya/login again/Spy- 5'

2020-08-06 17:26:16 - [TEST_STEP][PASSED] - if (otpMessage[i] == "6"): null

2020-08-06 17:26:16 - [TEST_STEP][PASSED] - if (otpMessage[i] == "7"): null

2020-08-06 17:26:16 - [TEST_STEP][PASSED] - if (otpMessage[i] == "8"): null

2020-08-06 17:26:16 - [TEST_STEP][PASSED] - if (otpMessage[i] == "9"): null

2020-08-06 17:26:16 - [TEST_STEP][PASSED] - delay(3, STOP_ON_FAILURE): Delayed 3 second(s)

2020-08-06 17:26:19 - [MESSAGE][PASSED] - Delayed 3 second(s)

2020-08-06 17:26:19 - [TEST_STEP][PASSED] - if (otpMessage[i] == "0"): null

2020-08-06 17:26:19 - [TEST_STEP][PASSED] - if (otpMessage[i] == "1"): null

2020-08-06 17:26:19 - [TEST_STEP][PASSED] - if (otpMessage[i] == "2"): null

2020-08-06 17:26:19 - [TEST_STEP][PASSED] - if (otpMessage[i] == "3"): null

2020-08-06 17:26:19 - [TEST_STEP][PASSED] - if (otpMessage[i] == "4"): null

2020-08-06 17:26:19 - [TEST_STEP][PASSED] - if (otpMessage[i] == "5"): null

2020-08-06 17:26:19 - [TEST_STEP][PASSED] - if (otpMessage[i] == "6"): null

2020-08-06 17:26:19 - [TEST_STEP][PASSED] - if (otpMessage[i] == "7"): null

2020-08-06 17:26:19 - [TEST_STEP][PASSED] - if (otpMessage[i] == "8"): Tapped on element 'Object Repository/Maya/login again/Spy - 8'

2020-08-06 17:26:19 - [TEST_STEP][PASSED] - delay(1, STOP_ON_FAILURE): Delayed 1 second(s)

2020-08-06 17:26:20 - [MESSAGE][PASSED] - Delayed 1 second(s)

2020-08-06 17:26:20 - [TEST_STEP][PASSED] - tap(findTestObject("Maya/login again/Spy - 8"), 0): Tapped on element 'Object Repository/Maya/login again/Spy - 8'

2020-08-06 17:26:20 - [MESSAGE][WARNING] - Timeout '0' is invalid. Using default page load timeout: '10'

2020-08-06 17:26:21 - [MESSAGE][PASSED] - Tapped on element 'Object Repository/Maya/login again/Spy - 8'

2020-08-06 17:26:21 - [TEST_STEP][PASSED] - if (otpMessage[i] == "9"): null

2020-08-06 17:26:21 - [TEST_STEP][PASSED] - delay(3, STOP_ON_FAILURE): Delayed 3 second(s)

2020-08-06 17:26:24 - [MESSAGE][PASSED] - Delayed 3 second(s)

2020-08-06 17:26:24 - [TEST_STEP][PASSED] - if (otpMessage[i] == "0"): null

2020-08-06 17:26:24 - [TEST_STEP][PASSED] - if (otpMessage[i] == "1"): null

2020-08-06 17:26:24 - [TEST_STEP][PASSED] - if (otpMessage[i] == "2"): null

2020-08-06 17:26:24 - [TEST_STEP][PASSED] - if (otpMessage[i] == "3"): Tapped on element 'Object Repository/Maya/login again/Spy- 3'

2020-08-06 17:26:24 - [TEST_STEP][PASSED] - delay(1, STOP_ON_FAILURE): Delayed 1 second(s)

2020-08-06 17:26:25 - [MESSAGE][PASSED] - Delayed 1 second(s)

2020-08-06 17:26:25 - [TEST_STEP][NOT_RUN] - tap(findTestObject("MAYA SIT v118/spy/TAC - keypad 3"), 0): NOT_RUN: tap(findTestObject("MAYA SIT v118/spy/TAC - keypad 3"), 0)

2020-08-06 17:26:25 - [MESSAGE][NOT_RUN] - NOT_RUN: tap(findTestObject("MAYA SIT v118/spy/TAC - keypad 3"), 0)

2020-08-06 17:26:25 - [TEST_STEP][PASSED] - tap(findTestObject("Maya/login again/Spy- 3"), 0): Tapped on element 'Object Repository/Maya/login again/Spy- 3'

2020-08-06 17:26:25 - [MESSAGE][WARNING] - Timeout '0' is invalid. Using default page load timeout: '10'

2020-08-06 17:26:27 - [MESSAGE][PASSED] - Tapped on element 'Object Repository/Maya/login again/Spy- 3'

2020-08-06 17:26:27 - [TEST_STEP][PASSED] - if (otpMessage[i] == "4"): null

2020-08-06 17:26:27 - [TEST_STEP][PASSED] - if (otpMessage[i] == "5"): null

2020-08-06 17:26:27 - [TEST_STEP][PASSED] - if (otpMessage[i] == "6"): null

2020-08-06 17:26:27 - [TEST_STEP][PASSED] - if (otpMessage[i] == "7"): null

2020-08-06 17:26:27 - [TEST_STEP][PASSED] - if (otpMessage[i] == "8"): null

2020-08-06 17:26:27 - [TEST_STEP][PASSED] - if (otpMessage[i] == "9"): null

2020-08-06 17:26:27 - [TEST_STEP][PASSED] - delay(8, STOP_ON_FAILURE): Delayed 8 second(s)

2020-08-06 17:26:35 - [MESSAGE][PASSED] - Delayed 8 second(s)

2020-08-06 17:26:35 - [TEST_STEP][PASSED] - tap(findTestObject("Maya/Forgot Pin/android.widget.ImageView0 (7)"), 0): Tapped on element 'Object Repository/Maya/Forgot Pin/android.widget.ImageView0 (7)'

2020-08-06 17:26:35 - [MESSAGE][WARNING] - Timeout '0' is invalid. Using default page load timeout: '10'

2020-08-06 17:26:36 - [MESSAGE][PASSED] - Tapped on element 'Object Repository/Maya/Forgot Pin/android.widget.ImageView0 (7)'

2020-08-06 17:26:36 - [TEST_STEP][PASSED] - tap(findTestObject("Maya/Login/android.widget.EditText0 - Enter your name"), 0): Tapped on element 'Object Repository/Maya/Login/android.widget.EditText0 - Enter your name'

2020-08-06 17:26:36 - [MESSAGE][WARNING] - Timeout '0' is invalid. Using default page load timeout: '10'

2020-08-06 17:26:42 - [MESSAGE][PASSED] - Tapped on element 'Object Repository/Maya/Login/android.widget.EditText0 - Enter your name'

2020-08-06 17:26:42 - [TEST_STEP][PASSED] - setText(findTestObject("Maya/Login/android.widget.EditText0 - Enter your name"), "Test", 0): Text 'Test' has been set to element 'Object Repository/Maya/Login/android.widget.EditText0 - Enter your name'

2020-08-06 17:26:42 - [MESSAGE][WARNING] - Timeout '0' is invalid. Using default page load timeout: '10'

2020-08-06 17:26:43 - [MESSAGE][PASSED] - Text 'Test' has been set to element 'Object Repository/Maya/Login/android.widget.EditText0 - Enter your name'

2020-08-06 17:26:43 - [TEST_STEP][PASSED] - driver.pressKeyCode(ENTER): null

2020-08-06 17:26:44 - [TEST_STEP][PASSED] - tap(findTestObject("Maya/Login/android.widget.TextView0 - Continue"), 0): Tapped on element 'Object Repository/Maya/Login/android.widget.TextView0 - Continue'

2020-08-06 17:26:44 - [MESSAGE][WARNING] - Timeout '0' is invalid. Using default page load timeout: '10'

2020-08-06 17:26:48 - [MESSAGE][PASSED] - Tapped on element 'Object Repository/Maya/Login/android.widget.TextView0 - Continue'

2020-08-06 17:26:48 - [TEST_STEP][PASSED] - tap(findTestObject("Maya/RegisterDuitNow/android.widget.ImageView0-2 acct"), 0): Tapped on element 'Object Repository/Maya/RegisterDuitNow/android.widget.ImageView0-2 acct'

2020-08-06 17:26:48 - [MESSAGE][WARNING] - Timeout '0' is invalid. Using default page load timeout: '10'

2020-08-06 17:26:49 - [MESSAGE][PASSED] - Tapped on element 'Object Repository/Maya/RegisterDuitNow/android.widget.ImageView0-2 acct'

2020-08-06 17:26:49 - [TEST_STEP][PASSED] - tap(findTestObject("Maya/Login/android.widget.TextView0 - Continue"), 0): Tapped on element 'Object Repository/Maya/Login/android.widget.TextView0 - Continue'

2020-08-06 17:26:49 - [MESSAGE][WARNING] - Timeout '0' is invalid. Using default page load timeout: '10'

2020-08-06 17:26:52 - [MESSAGE][PASSED] - Tapped on element 'Object Repository/Maya/Login/android.widget.TextView0 - Continue'

2020-08-06 17:26:52 - [TEST_STEP][PASSED] - tap(findTestObject("Maya/Login/android.widget.TextView0 - Done setup"), 0): Tapped on element 'Object Repository/Maya/Login/android.widget.TextView0 - Done setup'

2020-08-06 17:26:52 - [MESSAGE][WARNING] - Timeout '0' is invalid. Using default page load timeout: '10'

2020-08-06 17:26:57 - [MESSAGE][PASSED] - Tapped on element 'Object Repository/Maya/Login/android.widget.TextView0 - Done setup'

2020-08-06 17:26:57 - [TEST_STEP][PASSED] - verifyElementText(findTestObject("Maya/Third Party Fav/android.widget.TextView0 - Test"), "Test", CONTINUE_ON_FAILURE): Actual text and expected text of test object 'Object Repository/Maya/Third Party Fav/android.widget.TextView0 - Test' are matched.

2020-08-06 17:26:58 - [MESSAGE][PASSED] - Actual text and expected text of test object 'Object Repository/Maya/Third Party Fav/android.widget.TextView0 - Test' are matched.

2020-08-06 17:26:58 - [TEST_STEP][PASSED] - delay(2, STOP_ON_FAILURE): Delayed 2 second(s)

2020-08-06 17:27:00 - [MESSAGE][PASSED] - Delayed 2 second(s)

2020-08-06 17:27:00 - [TEST_STEP][PASSED] - takeScreenshot("C:\Users\LENOVO\Screenshot\DuitNowProxy\Screen3.png", CONTINUE_ON_FAILURE): Screenshot is taken

2020-08-06 17:27:01 - [MESSAGE][PASSED] - Screenshot is taken
[[ATTACHMENT|C:\\Users\\LENOVO\\Screenshot\\DuitNowProxy\\Screen3.png]]

2020-08-06 17:27:01 - [TEST_STEP][PASSED] - tap(findTestObject("Maya/RegisterDuitNow/android.widget.TextView0 - More (1)"), 0): Tapped on element 'Object Repository/Maya/RegisterDuitNow/android.widget.TextView0 - More (1)'

2020-08-06 17:27:01 - [MESSAGE][WARNING] - Timeout '0' is invalid. Using default page load timeout: '10'

2020-08-06 17:27:14 - [MESSAGE][PASSED] - Tapped on element 'Object Repository/Maya/RegisterDuitNow/android.widget.TextView0 - More (1)'

2020-08-06 17:27:14 - [TEST_STEP][PASSED] - tap(findTestObject("Maya/RegisterDuitNow/android.widget.TextView0 - Settings (1)"), 0): Tapped on element 'Object Repository/Maya/RegisterDuitNow/android.widget.TextView0 - Settings (1)'

2020-08-06 17:27:14 - [MESSAGE][WARNING] - Timeout '0' is invalid. Using default page load timeout: '10'

2020-08-06 17:27:16 - [MESSAGE][PASSED] - Tapped on element 'Object Repository/Maya/RegisterDuitNow/android.widget.TextView0 - Settings (1)'

2020-08-06 17:27:16 - [TEST_STEP][PASSED] - tap(findTestObject("Maya/RegisterDuitNow/android.widget.TextView0 - Maybank2u (2)"), 0): Tapped on element 'Object Repository/Maya/RegisterDuitNow/android.widget.TextView0 - Maybank2u (2)'

2020-08-06 17:27:16 - [MESSAGE][WARNING] - Timeout '0' is invalid. Using default page load timeout: '10'

2020-08-06 17:27:18 - [MESSAGE][PASSED] - Tapped on element 'Object Repository/Maya/RegisterDuitNow/android.widget.TextView0 - Maybank2u (2)'

2020-08-06 17:27:18 - [TEST_STEP][PASSED] - tap(findTestObject("Maya/RegisterDuitNow/android.widget.TextView0 - DuitNow (6)"), 0): Tapped on element 'Object Repository/Maya/RegisterDuitNow/android.widget.TextView0 - DuitNow (6)'

2020-08-06 17:27:18 - [MESSAGE][WARNING] - Timeout '0' is invalid. Using default page load timeout: '10'

2020-08-06 17:27:20 - [MESSAGE][PASSED] - Tapped on element 'Object Repository/Maya/RegisterDuitNow/android.widget.TextView0 - DuitNow (6)'

2020-08-06 17:27:20 - [TEST_STEP][PASSED] - getText(findTestObject("Maya/RegisterDuitNow/android.widget.TextView0 - Link your Maybank account to an ID for DuitNow (1)"), 0): Text of element 'Object Repository/Maya/RegisterDuitNow/android.widget.TextView0 - Link your Maybank account to an ID for DuitNow (1)' is: 'Link your Maybank account to an ID for DuitNow'

2020-08-06 17:27:20 - [MESSAGE][WARNING] - Timeout '0' is invalid. Using default page load timeout: '10'

2020-08-06 17:27:20 - [MESSAGE][PASSED] - Text of element 'Object Repository/Maya/RegisterDuitNow/android.widget.TextView0 - Link your Maybank account to an ID for DuitNow (1)' is: 'Link your Maybank account to an ID for DuitNow'

2020-08-06 17:27:20 - [TEST_STEP][PASSED] - verifyElementExist(findTestObject("Maya/RegisterDuitNow/android.widget.TextView0 - Link your Maybank account to an ID for DuitNow (1)"), 0): Element 'Object Repository/Maya/RegisterDuitNow/android.widget.TextView0 - Link your Maybank account to an ID for DuitNow (1)' is exist

2020-08-06 17:27:20 - [MESSAGE][WARNING] - Timeout '0' is invalid. Using default page load timeout: '10'

2020-08-06 17:27:21 - [MESSAGE][PASSED] - Element 'Object Repository/Maya/RegisterDuitNow/android.widget.TextView0 - Link your Maybank account to an ID for DuitNow (1)' is exist

2020-08-06 17:27:21 - [TEST_STEP][PASSED] - delay(2, STOP_ON_FAILURE): Delayed 2 second(s)

2020-08-06 17:27:23 - [MESSAGE][PASSED] - Delayed 2 second(s)

2020-08-06 17:27:23 - [TEST_STEP][PASSED] - takeScreenshot("C:\Users\LENOVO\Screenshot\DuitNowProxy\Screen4.png", CONTINUE_ON_FAILURE): Screenshot is taken

2020-08-06 17:27:24 - [MESSAGE][PASSED] - Screenshot is taken
[[ATTACHMENT|C:\\Users\\LENOVO\\Screenshot\\DuitNowProxy\\Screen4.png]]

2020-08-06 17:27:24 - [TEST_STEP][PASSED] - getText(findTestObject("Maya/RegisterDuitNow/android.widget.TextView0 - NRIC Number (5)"), 0): Text of element 'Object Repository/Maya/RegisterDuitNow/android.widget.TextView0 - NRIC Number (5)' is: 'ID Number'

2020-08-06 17:27:24 - [MESSAGE][WARNING] - Timeout '0' is invalid. Using default page load timeout: '10'

2020-08-06 17:27:24 - [MESSAGE][PASSED] - Text of element 'Object Repository/Maya/RegisterDuitNow/android.widget.TextView0 - NRIC Number (5)' is: 'ID Number'

2020-08-06 17:27:24 - [TEST_STEP][PASSED] - verifyElementExist(findTestObject("Maya/RegisterDuitNow/android.widget.TextView0 - NRIC Number (5)"), 0): Element 'Object Repository/Maya/RegisterDuitNow/android.widget.TextView0 - NRIC Number (5)' is exist

2020-08-06 17:27:24 - [MESSAGE][WARNING] - Timeout '0' is invalid. Using default page load timeout: '10'

2020-08-06 17:27:25 - [MESSAGE][PASSED] - Element 'Object Repository/Maya/RegisterDuitNow/android.widget.TextView0 - NRIC Number (5)' is exist

2020-08-06 17:27:25 - [TEST_STEP][PASSED] - getText(findTestObject("Maya/RegisterDuitNow/android.widget.TextView0 - 5263"), 0): Text of element 'Object Repository/Maya/RegisterDuitNow/android.widget.TextView0 - 5263' is: '********5263'

2020-08-06 17:27:25 - [MESSAGE][WARNING] - Timeout '0' is invalid. Using default page load timeout: '10'

2020-08-06 17:27:25 - [MESSAGE][PASSED] - Text of element 'Object Repository/Maya/RegisterDuitNow/android.widget.TextView0 - 5263' is: '********5263'

2020-08-06 17:27:25 - [TEST_STEP][PASSED] - verifyElementExist(findTestObject("Maya/RegisterDuitNow/android.widget.TextView0 - 5263"), 0): Element 'Object Repository/Maya/RegisterDuitNow/android.widget.TextView0 - 5263' is exist

2020-08-06 17:27:25 - [MESSAGE][WARNING] - Timeout '0' is invalid. Using default page load timeout: '10'

2020-08-06 17:27:26 - [MESSAGE][PASSED] - Element 'Object Repository/Maya/RegisterDuitNow/android.widget.TextView0 - 5263' is exist

2020-08-06 17:27:26 - [TEST_STEP][PASSED] - getText(findTestObject("Maya/RegisterDuitNow/android.widget.TextView0 - Maybank (4)"), 0): Text of element 'Object Repository/Maya/RegisterDuitNow/android.widget.TextView0 - Maybank (4)' is: 'Maybank'

2020-08-06 17:27:26 - [MESSAGE][WARNING] - Timeout '0' is invalid. Using default page load timeout: '10'

2020-08-06 17:27:26 - [MESSAGE][PASSED] - Text of element 'Object Repository/Maya/RegisterDuitNow/android.widget.TextView0 - Maybank (4)' is: 'Maybank'

2020-08-06 17:27:26 - [TEST_STEP][PASSED] - delay(2, STOP_ON_FAILURE): Delayed 2 second(s)

2020-08-06 17:27:28 - [MESSAGE][PASSED] - Delayed 2 second(s)

2020-08-06 17:27:28 - [TEST_STEP][PASSED] - takeScreenshot("C:\Users\LENOVO\Screenshot\DuitNowProxy\Screen5.png", CONTINUE_ON_FAILURE): Screenshot is taken

2020-08-06 17:27:29 - [MESSAGE][PASSED] - Screenshot is taken
[[ATTACHMENT|C:\\Users\\LENOVO\\Screenshot\\DuitNowProxy\\Screen5.png]]

2020-08-06 17:27:29 - [TEST_STEP][PASSED] - verifyElementExist(findTestObject("Maya/RegisterDuitNow/android.widget.TextView0 - Maybank (4)"), 0): Element 'Object Repository/Maya/RegisterDuitNow/android.widget.TextView0 - Maybank (4)' is exist

2020-08-06 17:27:29 - [MESSAGE][WARNING] - Timeout '0' is invalid. Using default page load timeout: '10'

2020-08-06 17:27:29 - [MESSAGE][PASSED] - Element 'Object Repository/Maya/RegisterDuitNow/android.widget.TextView0 - Maybank (4)' is exist

2020-08-06 17:27:29 - [TEST_STEP][PASSED] - tap(findTestObject("Maya/RegisterDuitNow/android.widget.TextView0 - NRIC Number (5)"), 0): Tapped on element 'Object Repository/Maya/RegisterDuitNow/android.widget.TextView0 - NRIC Number (5)'

2020-08-06 17:27:29 - [MESSAGE][WARNING] - Timeout '0' is invalid. Using default page load timeout: '10'

2020-08-06 17:27:31 - [MESSAGE][PASSED] - Tapped on element 'Object Repository/Maya/RegisterDuitNow/android.widget.TextView0 - NRIC Number (5)'

2020-08-06 17:27:31 - [TEST_STEP][FAILED] - getText(findTestObject("Maya/RegisterDuitNow/android.widget.TextView0 - NRIC Number (6)"), 0): Object Object Repository/Maya/RegisterDuitNow/android.widget.TextView0 - NRIC Number (6) not found

2020-08-06 17:27:31 - [MESSAGE][WARNING] - Timeout '0' is invalid. Using default page load timeout: '10'

2020-08-06 17:27:42 - [MESSAGE][FAILED] - Object Object Repository/Maya/RegisterDuitNow/android.widget.TextView0 - NRIC Number (6) not found
[[ATTACHMENT|C:\\Users\\LENOVO\\Git_new\\Maya\\Reports\\20200806_172326\\Maya UAT\\UAT Test Suite\\20200806_172326\\1596706061200.png]]

2020-08-06 17:27:42 - [TEST_STEP][FAILED] - verifyElementExist(findTestObject("Maya/RegisterDuitNow/android.widget.TextView0 - NRIC Number (6)"), 0): Element 'Object Repository/Maya/RegisterDuitNow/android.widget.TextView0 - NRIC Number (6)' not found

2020-08-06 17:27:42 - [MESSAGE][WARNING] - Timeout '0' is invalid. Using default page load timeout: '10'

2020-08-06 17:27:53 - [MESSAGE][FAILED] - Element 'Object Repository/Maya/RegisterDuitNow/android.widget.TextView0 - NRIC Number (6)' not found
[[ATTACHMENT|C:\\Users\\LENOVO\\Git_new\\Maya\\Reports\\20200806_172326\\Maya UAT\\UAT Test Suite\\20200806_172326\\1596706072219.png]]

2020-08-06 17:27:53 - [TEST_STEP][PASSED] - getText(findTestObject("Maya/RegisterDuitNow/android.widget.TextView0 - 5263 (1)"), 0): Text of element 'Object Repository/Maya/RegisterDuitNow/android.widget.TextView0 - 5263 (1)' is: '********5263'

2020-08-06 17:27:53 - [MESSAGE][WARNING] - Timeout '0' is invalid. Using default page load timeout: '10'

2020-08-06 17:27:53 - [MESSAGE][PASSED] - Text of element 'Object Repository/Maya/RegisterDuitNow/android.widget.TextView0 - 5263 (1)' is: '********5263'

2020-08-06 17:27:53 - [TEST_STEP][PASSED] - verifyElementExist(findTestObject("Maya/RegisterDuitNow/android.widget.TextView0 - 5263 (1)"), 0): Element 'Object Repository/Maya/RegisterDuitNow/android.widget.TextView0 - 5263 (1)' is exist

2020-08-06 17:27:53 - [MESSAGE][WARNING] - Timeout '0' is invalid. Using default page load timeout: '10'

2020-08-06 17:27:54 - [MESSAGE][PASSED] - Element 'Object Repository/Maya/RegisterDuitNow/android.widget.TextView0 - 5263 (1)' is exist

2020-08-06 17:27:54 - [TEST_STEP][PASSED] - getText(findTestObject("Maya/RegisterDuitNow/android.widget.TextView0 - Status (2)"), 0): Text of element 'Object Repository/Maya/RegisterDuitNow/android.widget.TextView0 - Status (2)' is: 'Status'

2020-08-06 17:27:54 - [MESSAGE][WARNING] - Timeout '0' is invalid. Using default page load timeout: '10'

2020-08-06 17:27:54 - [MESSAGE][PASSED] - Text of element 'Object Repository/Maya/RegisterDuitNow/android.widget.TextView0 - Status (2)' is: 'Status'

2020-08-06 17:27:54 - [TEST_STEP][PASSED] - verifyElementExist(findTestObject("Maya/RegisterDuitNow/android.widget.TextView0 - Status (2)"), 0): Element 'Object Repository/Maya/RegisterDuitNow/android.widget.TextView0 - Status (2)' is exist

2020-08-06 17:27:54 - [MESSAGE][WARNING] - Timeout '0' is invalid. Using default page load timeout: '10'

2020-08-06 17:27:54 - [MESSAGE][PASSED] - Element 'Object Repository/Maya/RegisterDuitNow/android.widget.TextView0 - Status (2)' is exist

2020-08-06 17:27:54 - [TEST_STEP][PASSED] - getText(findTestObject("Maya/RegisterDuitNow/android.widget.TextView0 - Status (1)"), 0): Text of element 'Object Repository/Maya/RegisterDuitNow/android.widget.TextView0 - Status (1)' is: 'Status'

2020-08-06 17:27:55 - [MESSAGE][WARNING] - Timeout '0' is invalid. Using default page load timeout: '10'

2020-08-06 17:27:55 - [MESSAGE][PASSED] - Text of element 'Object Repository/Maya/RegisterDuitNow/android.widget.TextView0 - Status (1)' is: 'Status'

2020-08-06 17:27:55 - [TEST_STEP][PASSED] - verifyElementExist(findTestObject("Maya/RegisterDuitNow/android.widget.TextView0 - Status (1)"), 0): Element 'Object Repository/Maya/RegisterDuitNow/android.widget.TextView0 - Status (1)' is exist

2020-08-06 17:27:55 - [MESSAGE][WARNING] - Timeout '0' is invalid. Using default page load timeout: '10'

2020-08-06 17:27:56 - [MESSAGE][PASSED] - Element 'Object Repository/Maya/RegisterDuitNow/android.widget.TextView0 - Status (1)' is exist

2020-08-06 17:27:56 - [TEST_STEP][PASSED] - getText(findTestObject("Maya/RegisterDuitNow/android.widget.TextView0 - ACTIVE (1)"), 0): Text of element 'Object Repository/Maya/RegisterDuitNow/android.widget.TextView0 - ACTIVE (1)' is: 'ACTIVE'

2020-08-06 17:27:56 - [MESSAGE][WARNING] - Timeout '0' is invalid. Using default page load timeout: '10'

2020-08-06 17:27:56 - [MESSAGE][PASSED] - Text of element 'Object Repository/Maya/RegisterDuitNow/android.widget.TextView0 - ACTIVE (1)' is: 'ACTIVE'

2020-08-06 17:27:56 - [TEST_STEP][PASSED] - verifyElementExist(findTestObject("Maya/RegisterDuitNow/android.widget.TextView0 - ACTIVE (1)"), 0): Element 'Object Repository/Maya/RegisterDuitNow/android.widget.TextView0 - ACTIVE (1)' is exist

2020-08-06 17:27:56 - [MESSAGE][WARNING] - Timeout '0' is invalid. Using default page load timeout: '10'

2020-08-06 17:27:56 - [MESSAGE][PASSED] - Element 'Object Repository/Maya/RegisterDuitNow/android.widget.TextView0 - ACTIVE (1)' is exist

2020-08-06 17:27:56 - [TEST_STEP][PASSED] - getText(findTestObject("Maya/RegisterDuitNow/android.widget.TextView0 - Receiving bank (1)"), 0): Text of element 'Object Repository/Maya/RegisterDuitNow/android.widget.TextView0 - Receiving bank (1)' is: 'Receiving bank'

2020-08-06 17:27:56 - [MESSAGE][WARNING] - Timeout '0' is invalid. Using default page load timeout: '10'

2020-08-06 17:27:58 - [MESSAGE][PASSED] - Text of element 'Object Repository/Maya/RegisterDuitNow/android.widget.TextView0 - Receiving bank (1)' is: 'Receiving bank'

2020-08-06 17:27:58 - [TEST_STEP][PASSED] - verifyElementExist(findTestObject("Maya/RegisterDuitNow/android.widget.TextView0 - Receiving bank (1)"), 0): Element 'Object Repository/Maya/RegisterDuitNow/android.widget.TextView0 - Receiving bank (1)' is exist

2020-08-06 17:27:58 - [MESSAGE][WARNING] - Timeout '0' is invalid. Using default page load timeout: '10'

2020-08-06 17:27:58 - [MESSAGE][PASSED] - Element 'Object Repository/Maya/RegisterDuitNow/android.widget.TextView0 - Receiving bank (1)' is exist

2020-08-06 17:27:58 - [TEST_STEP][PASSED] - getText(findTestObject("Maya/RegisterDuitNow/android.widget.TextView0 - Maybank (3)"), 0): Text of element 'Object Repository/Maya/RegisterDuitNow/android.widget.TextView0 - Maybank (3)' is: 'Maybank'

2020-08-06 17:27:58 - [MESSAGE][WARNING] - Timeout '0' is invalid. Using default page load timeout: '10'

2020-08-06 17:27:58 - [MESSAGE][PASSED] - Text of element 'Object Repository/Maya/RegisterDuitNow/android.widget.TextView0 - Maybank (3)' is: 'Maybank'

2020-08-06 17:27:58 - [TEST_STEP][PASSED] - takeScreenshot("C:\Users\LENOVO\Screenshot\DuitNowProxy\Screen6.png", CONTINUE_ON_FAILURE): Screenshot is taken

2020-08-06 17:27:59 - [MESSAGE][PASSED] - Screenshot is taken
[[ATTACHMENT|C:\\Users\\LENOVO\\Screenshot\\DuitNowProxy\\Screen6.png]]

2020-08-06 17:27:59 - [TEST_STEP][PASSED] - verifyElementExist(findTestObject("Maya/RegisterDuitNow/android.widget.TextView0 - Receiving Account (1)"), 0): Element 'Object Repository/Maya/RegisterDuitNow/android.widget.TextView0 - Receiving Account (1)' is exist

2020-08-06 17:27:59 - [MESSAGE][WARNING] - Timeout '0' is invalid. Using default page load timeout: '10'

2020-08-06 17:28:00 - [MESSAGE][PASSED] - Element 'Object Repository/Maya/RegisterDuitNow/android.widget.TextView0 - Receiving Account (1)' is exist

2020-08-06 17:28:00 - [TEST_STEP][NOT_RUN] - closeApplication(): NOT_RUN: closeApplication()

2020-08-06 17:28:00 - [MESSAGE][NOT_RUN] - NOT_RUN: closeApplication()

2020-08-06 17:28:00 - [TEST_STEP][PASSED] - delay(2, STOP_ON_FAILURE): Delayed 2 second(s)

2020-08-06 17:28:02 - [MESSAGE][PASSED] - Delayed 2 second(s)

2020-08-06 17:28:02 - [TEST_STEP][PASSED] - takeScreenshot("C:\Users\LENOVO\Screenshot\DuitNowProxy\Screen15.png", CONTINUE_ON_FAILURE): Screenshot is taken

2020-08-06 17:28:03 - [MESSAGE][PASSED] - Screenshot is taken
[[ATTACHMENT|C:\\Users\\LENOVO\\Screenshot\\DuitNowProxy\\Screen15.png]]

2020-08-06 17:28:03 - [TEST_STEP][PASSED] - tap(findTestObject("Maya/RegisterDuitNow/android.widget.TextView0 - Switch account (1)"), 0): Tapped on element 'Object Repository/Maya/RegisterDuitNow/android.widget.TextView0 - Switch account (1)'

2020-08-06 17:28:03 - [MESSAGE][WARNING] - Timeout '0' is invalid. Using default page load timeout: '10'

2020-08-06 17:28:05 - [MESSAGE][PASSED] - Tapped on element 'Object Repository/Maya/RegisterDuitNow/android.widget.TextView0 - Switch account (1)'

2020-08-06 17:28:05 - [TEST_STEP][PASSED] - tapAndHoldAtPosition(540, 773, 1): Tapped and held at [540, 773] with duration 1

2020-08-06 17:28:08 - [MESSAGE][PASSED] - Tapped and held at [540, 773] with duration 1

2020-08-06 17:28:08 - [TEST_STEP][PASSED] - tap(findTestObject("Maya/RegisterDuitNow/android.widget.TextView0 - Continue (7)"), 0): Tapped on element 'Object Repository/Maya/RegisterDuitNow/android.widget.TextView0 - Continue (7)'

2020-08-06 17:28:08 - [MESSAGE][WARNING] - Timeout '0' is invalid. Using default page load timeout: '10'

2020-08-06 17:28:10 - [MESSAGE][PASSED] - Tapped on element 'Object Repository/Maya/RegisterDuitNow/android.widget.TextView0 - Continue (7)'

2020-08-06 17:28:10 - [TEST_STEP][PASSED] - getText(findTestObject("Maya/RegisterDuitNow/android.widget.TextView0 - Please confirm your DuitNow details (1)"), 0): Text of element 'Object Repository/Maya/RegisterDuitNow/android.widget.TextView0 - Please confirm your DuitNow details (1)' is: 'Please confirm your DuitNow details'

2020-08-06 17:28:10 - [MESSAGE][WARNING] - Timeout '0' is invalid. Using default page load timeout: '10'

2020-08-06 17:28:10 - [MESSAGE][PASSED] - Text of element 'Object Repository/Maya/RegisterDuitNow/android.widget.TextView0 - Please confirm your DuitNow details (1)' is: 'Please confirm your DuitNow details'

2020-08-06 17:28:11 - [TEST_STEP][PASSED] - verifyElementExist(findTestObject("Maya/RegisterDuitNow/android.widget.TextView0 - Please confirm your DuitNow details (1)"), 0): Element 'Object Repository/Maya/RegisterDuitNow/android.widget.TextView0 - Please confirm your DuitNow details (1)' is exist

2020-08-06 17:28:11 - [MESSAGE][WARNING] - Timeout '0' is invalid. Using default page load timeout: '10'

2020-08-06 17:28:11 - [MESSAGE][PASSED] - Element 'Object Repository/Maya/RegisterDuitNow/android.widget.TextView0 - Please confirm your DuitNow details (1)' is exist

2020-08-06 17:28:11 - [TEST_STEP][PASSED] - tap(findTestObject("Maya/RegisterDuitNow/android.widget.TextView0 - Agree and Confirm (1)"), 0): Tapped on element 'Object Repository/Maya/RegisterDuitNow/android.widget.TextView0 - Agree and Confirm (1)'

2020-08-06 17:28:11 - [MESSAGE][WARNING] - Timeout '0' is invalid. Using default page load timeout: '10'

2020-08-06 17:28:12 - [MESSAGE][PASSED] - Tapped on element 'Object Repository/Maya/RegisterDuitNow/android.widget.TextView0 - Agree and Confirm (1)'

2020-08-06 17:28:12 - [TEST_STEP][PASSED] - delay(2, STOP_ON_FAILURE): Delayed 2 second(s)

2020-08-06 17:28:14 - [MESSAGE][PASSED] - Delayed 2 second(s)

2020-08-06 17:28:14 - [TEST_STEP][PASSED] - takeScreenshot("C:\Users\LENOVO\Screenshot\DuitNowProxy\Screen6.png", CONTINUE_ON_FAILURE): Screenshot is taken

2020-08-06 17:28:15 - [MESSAGE][PASSED] - Screenshot is taken
[[ATTACHMENT|C:\\Users\\LENOVO\\Screenshot\\DuitNowProxy\\Screen6.png]]

2020-08-06 17:28:15 - [TEST_STEP][PASSED] - tap(findTestObject("Maya/RegisterDuitNow/android.widget.TextView0 - Confirm (1)"), 0): Tapped on element 'Object Repository/Maya/RegisterDuitNow/android.widget.TextView0 - Confirm (1)'

2020-08-06 17:28:15 - [MESSAGE][WARNING] - Timeout '0' is invalid. Using default page load timeout: '10'

2020-08-06 17:28:17 - [MESSAGE][PASSED] - Tapped on element 'Object Repository/Maya/RegisterDuitNow/android.widget.TextView0 - Confirm (1)'

2020-08-06 17:28:17 - [TEST_STEP][PASSED] - otpMess = getText(findTestObject("Maya/Third Party CA account/android.widget.TextView0 - Your OTP no. is 460943"), 0): Text of element 'Object Repository/Maya/Third Party CA account/android.widget.TextView0 - Your OTP no. is 460943' is: 'Your OTP no. is 411057'

2020-08-06 17:28:17 - [MESSAGE][WARNING] - Timeout '0' is invalid. Using default page load timeout: '10'

2020-08-06 17:28:20 - [MESSAGE][PASSED] - Text of element 'Object Repository/Maya/Third Party CA account/android.widget.TextView0 - Your OTP no. is 460943' is: 'Your OTP no. is 411057'

2020-08-06 17:28:20 - [TEST_STEP][PASSED] - delay(2): Delayed 2 second(s)

2020-08-06 17:28:22 - [MESSAGE][PASSED] - Delayed 2 second(s)

2020-08-06 17:28:22 - [TEST_STEP][PASSED] - for ([i = 16, i <= 21, (i++)]): null

2020-08-06 17:28:22 - [TEST_STEP][PASSED] - delay(3, STOP_ON_FAILURE): Delayed 3 second(s)

2020-08-06 17:28:25 - [MESSAGE][PASSED] - Delayed 3 second(s)

2020-08-06 17:28:25 - [TEST_STEP][PASSED] - if (otpMess[i] == "0"): null

2020-08-06 17:28:25 - [TEST_STEP][PASSED] - if (otpMess[i] == "1"): null

2020-08-06 17:28:25 - [TEST_STEP][PASSED] - if (otpMess[i] == "2"): null

2020-08-06 17:28:25 - [TEST_STEP][PASSED] - if (otpMess[i] == "3"): null

2020-08-06 17:28:25 - [TEST_STEP][PASSED] - if (otpMess[i] == "4"): Tapped on element 'Object Repository/Maya/login again/Spy - 4'

2020-08-06 17:28:25 - [TEST_STEP][PASSED] - delay(1, STOP_ON_FAILURE): Delayed 1 second(s)

2020-08-06 17:28:26 - [MESSAGE][PASSED] - Delayed 1 second(s)

2020-08-06 17:28:26 - [TEST_STEP][PASSED] - tap(findTestObject("Maya/login again/Spy - 4"), 0): Tapped on element 'Object Repository/Maya/login again/Spy - 4'

2020-08-06 17:28:26 - [MESSAGE][WARNING] - Timeout '0' is invalid. Using default page load timeout: '10'

2020-08-06 17:28:28 - [MESSAGE][PASSED] - Tapped on element 'Object Repository/Maya/login again/Spy - 4'

2020-08-06 17:28:28 - [TEST_STEP][PASSED] - if (otpMess[i] == "5"): null

2020-08-06 17:28:28 - [TEST_STEP][PASSED] - if (otpMess[i] == "6"): null

2020-08-06 17:28:28 - [TEST_STEP][PASSED] - if (otpMess[i] == "7"): null

2020-08-06 17:28:28 - [TEST_STEP][PASSED] - if (otpMess[i] == "8"): null

2020-08-06 17:28:28 - [TEST_STEP][PASSED] - if (otpMess[i] == "9"): null

2020-08-06 17:28:28 - [TEST_STEP][PASSED] - delay(3, STOP_ON_FAILURE): Delayed 3 second(s)

2020-08-06 17:28:31 - [MESSAGE][PASSED] - Delayed 3 second(s)

2020-08-06 17:28:31 - [TEST_STEP][PASSED] - if (otpMess[i] == "0"): null

2020-08-06 17:28:31 - [TEST_STEP][PASSED] - if (otpMess[i] == "1"): Tapped on element 'Object Repository/Maya/login again/Spy - 1'

2020-08-06 17:28:31 - [TEST_STEP][PASSED] - delay(1, STOP_ON_FAILURE): Delayed 1 second(s)

2020-08-06 17:28:32 - [MESSAGE][PASSED] - Delayed 1 second(s)

2020-08-06 17:28:32 - [TEST_STEP][PASSED] - tap(findTestObject("Maya/login again/Spy - 1"), 0): Tapped on element 'Object Repository/Maya/login again/Spy - 1'

2020-08-06 17:28:32 - [MESSAGE][WARNING] - Timeout '0' is invalid. Using default page load timeout: '10'

2020-08-06 17:28:34 - [MESSAGE][PASSED] - Tapped on element 'Object Repository/Maya/login again/Spy - 1'

2020-08-06 17:28:34 - [TEST_STEP][PASSED] - if (otpMess[i] == "2"): null

2020-08-06 17:28:34 - [TEST_STEP][PASSED] - if (otpMess[i] == "3"): null

2020-08-06 17:28:34 - [TEST_STEP][PASSED] - if (otpMess[i] == "4"): null

2020-08-06 17:28:34 - [TEST_STEP][PASSED] - if (otpMess[i] == "5"): null

2020-08-06 17:28:34 - [TEST_STEP][PASSED] - if (otpMess[i] == "6"): null

2020-08-06 17:28:34 - [TEST_STEP][PASSED] - if (otpMess[i] == "7"): null

2020-08-06 17:28:34 - [TEST_STEP][PASSED] - if (otpMess[i] == "8"): null

2020-08-06 17:28:34 - [TEST_STEP][PASSED] - if (otpMess[i] == "9"): null

2020-08-06 17:28:34 - [TEST_STEP][PASSED] - delay(3, STOP_ON_FAILURE): Delayed 3 second(s)

2020-08-06 17:28:37 - [MESSAGE][PASSED] - Delayed 3 second(s)

2020-08-06 17:28:37 - [TEST_STEP][PASSED] - if (otpMess[i] == "0"): null

2020-08-06 17:28:37 - [TEST_STEP][PASSED] - if (otpMess[i] == "1"): Tapped on element 'Object Repository/Maya/login again/Spy - 1'

2020-08-06 17:28:37 - [TEST_STEP][PASSED] - delay(1, STOP_ON_FAILURE): Delayed 1 second(s)

2020-08-06 17:28:38 - [MESSAGE][PASSED] - Delayed 1 second(s)

2020-08-06 17:28:38 - [TEST_STEP][PASSED] - tap(findTestObject("Maya/login again/Spy - 1"), 0): Tapped on element 'Object Repository/Maya/login again/Spy - 1'

2020-08-06 17:28:39 - [MESSAGE][WARNING] - Timeout '0' is invalid. Using default page load timeout: '10'

2020-08-06 17:28:43 - [MESSAGE][PASSED] - Tapped on element 'Object Repository/Maya/login again/Spy - 1'

2020-08-06 17:28:43 - [TEST_STEP][PASSED] - if (otpMess[i] == "2"): null

2020-08-06 17:28:43 - [TEST_STEP][PASSED] - if (otpMess[i] == "3"): null

2020-08-06 17:28:43 - [TEST_STEP][PASSED] - if (otpMess[i] == "4"): null

2020-08-06 17:28:43 - [TEST_STEP][PASSED] - if (otpMess[i] == "5"): null

2020-08-06 17:28:43 - [TEST_STEP][PASSED] - if (otpMess[i] == "6"): null

2020-08-06 17:28:43 - [TEST_STEP][PASSED] - if (otpMess[i] == "7"): null

2020-08-06 17:28:43 - [TEST_STEP][PASSED] - if (otpMess[i] == "8"): null

2020-08-06 17:28:43 - [TEST_STEP][PASSED] - if (otpMess[i] == "9"): null

2020-08-06 17:28:43 - [TEST_STEP][PASSED] - delay(3, STOP_ON_FAILURE): Delayed 3 second(s)

2020-08-06 17:28:46 - [MESSAGE][PASSED] - Delayed 3 second(s)

2020-08-06 17:28:46 - [TEST_STEP][PASSED] - if (otpMess[i] == "0"): Tapped on element 'Object Repository/Maya/login again/Spy-0'

2020-08-06 17:28:46 - [TEST_STEP][PASSED] - delay(1, STOP_ON_FAILURE): Delayed 1 second(s)

2020-08-06 17:28:47 - [MESSAGE][PASSED] - Delayed 1 second(s)

2020-08-06 17:28:47 - [TEST_STEP][PASSED] - tap(findTestObject("Maya/login again/Spy-0"), 0): Tapped on element 'Object Repository/Maya/login again/Spy-0'

2020-08-06 17:28:47 - [MESSAGE][WARNING] - Timeout '0' is invalid. Using default page load timeout: '10'

2020-08-06 17:28:50 - [MESSAGE][PASSED] - Tapped on element 'Object Repository/Maya/login again/Spy-0'

2020-08-06 17:28:50 - [TEST_STEP][PASSED] - if (otpMess[i] == "1"): null

2020-08-06 17:28:50 - [TEST_STEP][PASSED] - if (otpMess[i] == "2"): null

2020-08-06 17:28:50 - [TEST_STEP][PASSED] - if (otpMess[i] == "3"): null

2020-08-06 17:28:50 - [TEST_STEP][PASSED] - if (otpMess[i] == "4"): null

2020-08-06 17:28:50 - [TEST_STEP][PASSED] - if (otpMess[i] == "5"): null

2020-08-06 17:28:50 - [TEST_STEP][PASSED] - if (otpMess[i] == "6"): null

2020-08-06 17:28:50 - [TEST_STEP][PASSED] - if (otpMess[i] == "7"): null

2020-08-06 17:28:50 - [TEST_STEP][PASSED] - if (otpMess[i] == "8"): null

2020-08-06 17:28:50 - [TEST_STEP][PASSED] - if (otpMess[i] == "9"): null

2020-08-06 17:28:50 - [TEST_STEP][PASSED] - delay(3, STOP_ON_FAILURE): Delayed 3 second(s)

2020-08-06 17:28:53 - [MESSAGE][PASSED] - Delayed 3 second(s)

2020-08-06 17:28:53 - [TEST_STEP][PASSED] - if (otpMess[i] == "0"): null

2020-08-06 17:28:53 - [TEST_STEP][PASSED] - if (otpMess[i] == "1"): null

2020-08-06 17:28:53 - [TEST_STEP][PASSED] - if (otpMess[i] == "2"): null

2020-08-06 17:28:53 - [TEST_STEP][PASSED] - if (otpMess[i] == "3"): null

2020-08-06 17:28:53 - [TEST_STEP][PASSED] - if (otpMess[i] == "4"): null

2020-08-06 17:28:53 - [TEST_STEP][PASSED] - if (otpMess[i] == "5"): Tapped on element 'Object Repository/Maya/login again/Spy- 5'

2020-08-06 17:28:53 - [TEST_STEP][PASSED] - delay(1, STOP_ON_FAILURE): Delayed 1 second(s)

2020-08-06 17:28:54 - [MESSAGE][PASSED] - Delayed 1 second(s)

2020-08-06 17:28:54 - [TEST_STEP][PASSED] - tap(findTestObject("Maya/login again/Spy- 5"), 0): Tapped on element 'Object Repository/Maya/login again/Spy- 5'

2020-08-06 17:28:54 - [MESSAGE][WARNING] - Timeout '0' is invalid. Using default page load timeout: '10'

2020-08-06 17:28:56 - [MESSAGE][PASSED] - Tapped on element 'Object Repository/Maya/login again/Spy- 5'

2020-08-06 17:28:56 - [TEST_STEP][PASSED] - if (otpMess[i] == "6"): null

2020-08-06 17:28:56 - [TEST_STEP][PASSED] - if (otpMess[i] == "7"): null

2020-08-06 17:28:56 - [TEST_STEP][PASSED] - if (otpMess[i] == "8"): null

2020-08-06 17:28:56 - [TEST_STEP][PASSED] - if (otpMess[i] == "9"): null

2020-08-06 17:28:56 - [TEST_STEP][PASSED] - delay(3, STOP_ON_FAILURE): Delayed 3 second(s)

2020-08-06 17:28:59 - [MESSAGE][PASSED] - Delayed 3 second(s)

2020-08-06 17:28:59 - [TEST_STEP][PASSED] - if (otpMess[i] == "0"): null

2020-08-06 17:28:59 - [TEST_STEP][PASSED] - if (otpMess[i] == "1"): null

2020-08-06 17:28:59 - [TEST_STEP][PASSED] - if (otpMess[i] == "2"): null

2020-08-06 17:28:59 - [TEST_STEP][PASSED] - if (otpMess[i] == "3"): null

2020-08-06 17:28:59 - [TEST_STEP][PASSED] - if (otpMess[i] == "4"): null

2020-08-06 17:28:59 - [TEST_STEP][PASSED] - if (otpMess[i] == "5"): null

2020-08-06 17:28:59 - [TEST_STEP][PASSED] - if (otpMess[i] == "6"): null

2020-08-06 17:28:59 - [TEST_STEP][PASSED] - if (otpMess[i] == "7"): Tapped on element 'Object Repository/Maya/login again/Spy - 7'

2020-08-06 17:28:59 - [TEST_STEP][PASSED] - delay(1, STOP_ON_FAILURE): Delayed 1 second(s)

2020-08-06 17:29:00 - [MESSAGE][PASSED] - Delayed 1 second(s)

2020-08-06 17:29:00 - [TEST_STEP][PASSED] - tap(findTestObject("Maya/login again/Spy - 7"), 0): Tapped on element 'Object Repository/Maya/login again/Spy - 7'

2020-08-06 17:29:00 - [MESSAGE][WARNING] - Timeout '0' is invalid. Using default page load timeout: '10'

2020-08-06 17:29:02 - [MESSAGE][PASSED] - Tapped on element 'Object Repository/Maya/login again/Spy - 7'

2020-08-06 17:29:02 - [TEST_STEP][PASSED] - if (otpMess[i] == "8"): null

2020-08-06 17:29:02 - [TEST_STEP][PASSED] - if (otpMess[i] == "9"): null

2020-08-06 17:29:02 - [TEST_STEP][PASSED] - delay(8, STOP_ON_FAILURE): Delayed 8 second(s)

2020-08-06 17:29:10 - [MESSAGE][PASSED] - Delayed 8 second(s)

2020-08-06 17:29:10 - [TEST_STEP][PASSED] - tap(findTestObject("Maya/Forgot Pin/android.widget.ImageView0 (7)"), 0): Tapped on element 'Object Repository/Maya/Forgot Pin/android.widget.ImageView0 (7)'

2020-08-06 17:29:10 - [MESSAGE][WARNING] - Timeout '0' is invalid. Using default page load timeout: '10'

2020-08-06 17:29:11 - [MESSAGE][PASSED] - Tapped on element 'Object Repository/Maya/Forgot Pin/android.widget.ImageView0 (7)'

2020-08-06 17:29:11 - [TEST_STEP][FAILED] - getText(findTestObject("Maya/RegisterDuitNow/android.widget.TextView0 - Youve successfully linked your account to DuitNow (1)"), 0, STOP_ON_FAILURE): Failed to get text from element (Root cause: com.kms.katalon.core.exception.StepFailedException: Object Object Repository/Maya/RegisterDuitNow/android.widget.TextView0 - Youve successfully linked your account to DuitNow (1) not found
	at com.kms.katalon.core.keyword.internal.KeywordMain.stepFailed(KeywordMain.groovy:50)
	at com.kms.katalon.core.mobile.keyword.internal.MobileKeywordMain.stepFailed(MobileKeywordMain.groovy:40)
	at com.kms.katalon.core.mobile.keyword.builtin.GetTextKeyword$_getText_closure1.doCall(GetTextKeyword.groovy:74)
	at com.kms.katalon.core.mobile.keyword.builtin.GetTextKeyword$_getText_closure1.call(GetTextKeyword.groovy)
	at com.kms.katalon.core.mobile.keyword.internal.MobileKeywordMain.runKeyword(MobileKeywordMain.groovy:21)
	at com.kms.katalon.core.mobile.keyword.builtin.GetTextKeyword.getText(GetTextKeyword.groovy:80)
	at com.kms.katalon.core.mobile.keyword.builtin.GetTextKeyword.execute(GetTextKeyword.groovy:64)
	at com.kms.katalon.core.keyword.internal.KeywordExecutor.executeKeywordForPlatform(KeywordExecutor.groovy:72)
	at com.kms.katalon.core.mobile.keyword.MobileBuiltInKeywords.getText(MobileBuiltInKeywords.groovy:443)
	at com.kms.katalon.core.mobile.keyword.MobileBuiltInKeywords$getText$7.call(Unknown Source)
	at Nric Proxy.run(Nric Proxy:368)
	at com.kms.katalon.core.main.ScriptEngine.run(ScriptEngine.java:194)
	at com.kms.katalon.core.main.ScriptEngine.runScriptAsRawText(ScriptEngine.java:119)
	at com.kms.katalon.core.main.TestCaseExecutor.runScript(TestCaseExecutor.java:337)
	at com.kms.katalon.core.main.TestCaseExecutor.doExecute(TestCaseExecutor.java:328)
	at com.kms.katalon.core.main.TestCaseExecutor.processExecutionPhase(TestCaseExecutor.java:307)
	at com.kms.katalon.core.main.TestCaseExecutor.accessMainPhase(TestCaseExecutor.java:299)
	at com.kms.katalon.core.main.TestCaseExecutor.execute(TestCaseExecutor.java:233)
	at com.kms.katalon.core.main.TestSuiteExecutor.accessTestCaseMainPhase(TestSuiteExecutor.java:169)
	at com.kms.katalon.core.main.TestSuiteExecutor.accessTestSuiteMainPhase(TestSuiteExecutor.java:142)
	at com.kms.katalon.core.main.TestSuiteExecutor.execute(TestSuiteExecutor.java:91)
	at com.kms.katalon.core.main.TestCaseMain.startTestSuite(TestCaseMain.java:157)
	at com.kms.katalon.core.main.TestCaseMain$startTestSuite$0.call(Unknown Source)
	at TempTestSuite1596705806050.run(TempTestSuite1596705806050.groovy:36)
)

2020-08-06 17:29:11 - [MESSAGE][WARNING] - Timeout '0' is invalid. Using default page load timeout: '10'

2020-08-06 17:29:22 - [MESSAGE][FAILED] - Object Object Repository/Maya/RegisterDuitNow/android.widget.TextView0 - Youve successfully linked your account to DuitNow (1) not found
[[ATTACHMENT|C:\\Users\\LENOVO\\Git_new\\Maya\\Reports\\20200806_172326\\Maya UAT\\UAT Test Suite\\20200806_172326\\1596706161604.png]]

2020-08-06 17:29:23 - [MESSAGE][FAILED] - Failed to get text from element (Root cause: com.kms.katalon.core.exception.StepFailedException: Object Object Repository/Maya/RegisterDuitNow/android.widget.TextView0 - Youve successfully linked your account to DuitNow (1) not found
	at com.kms.katalon.core.keyword.internal.KeywordMain.stepFailed(KeywordMain.groovy:50)
	at com.kms.katalon.core.mobile.keyword.internal.MobileKeywordMain.stepFailed(MobileKeywordMain.groovy:40)
	at com.kms.katalon.core.mobile.keyword.builtin.GetTextKeyword$_getText_closure1.doCall(GetTextKeyword.groovy:74)
	at com.kms.katalon.core.mobile.keyword.builtin.GetTextKeyword$_getText_closure1.call(GetTextKeyword.groovy)
	at com.kms.katalon.core.mobile.keyword.internal.MobileKeywordMain.runKeyword(MobileKeywordMain.groovy:21)
	at com.kms.katalon.core.mobile.keyword.builtin.GetTextKeyword.getText(GetTextKeyword.groovy:80)
	at com.kms.katalon.core.mobile.keyword.builtin.GetTextKeyword.execute(GetTextKeyword.groovy:64)
	at com.kms.katalon.core.keyword.internal.KeywordExecutor.executeKeywordForPlatform(KeywordExecutor.groovy:72)
	at com.kms.katalon.core.mobile.keyword.MobileBuiltInKeywords.getText(MobileBuiltInKeywords.groovy:443)
	at com.kms.katalon.core.mobile.keyword.MobileBuiltInKeywords$getText$7.call(Unknown Source)
	at Nric Proxy.run(Nric Proxy:368)
	at com.kms.katalon.core.main.ScriptEngine.run(ScriptEngine.java:194)
	at com.kms.katalon.core.main.ScriptEngine.runScriptAsRawText(ScriptEngine.java:119)
	at com.kms.katalon.core.main.TestCaseExecutor.runScript(TestCaseExecutor.java:337)
	at com.kms.katalon.core.main.TestCaseExecutor.doExecute(TestCaseExecutor.java:328)
	at com.kms.katalon.core.main.TestCaseExecutor.processExecutionPhase(TestCaseExecutor.java:307)
	at com.kms.katalon.core.main.TestCaseExecutor.accessMainPhase(TestCaseExecutor.java:299)
	at com.kms.katalon.core.main.TestCaseExecutor.execute(TestCaseExecutor.java:233)
	at com.kms.katalon.core.main.TestSuiteExecutor.accessTestCaseMainPhase(TestSuiteExecutor.java:169)
	at com.kms.katalon.core.main.TestSuiteExecutor.accessTestSuiteMainPhase(TestSuiteExecutor.java:142)
	at com.kms.katalon.core.main.TestSuiteExecutor.execute(TestSuiteExecutor.java:91)
	at com.kms.katalon.core.main.TestCaseMain.startTestSuite(TestCaseMain.java:157)
	at com.kms.katalon.core.main.TestCaseMain$startTestSuite$0.call(Unknown Source)
	at TempTestSuite1596705806050.run(TempTestSuite1596705806050.groovy:36)
)
[[ATTACHMENT|C:\\Users\\LENOVO\\Git_new\\Maya\\Reports\\20200806_172326\\Maya UAT\\UAT Test Suite\\20200806_172326\\1596706162502.png]]]]></system-out>
         <system-err><![CDATA[2020-08-06 17:23:29 - [TEST_CASE][FAILED] - Test Cases/JINU/DuiTNow Drop 2/Nric Proxy: Test Cases/JINU/DuiTNow Drop 2/Nric Proxy FAILED.
Reason:
com.kms.katalon.core.exception.StepFailedException: Object Object Repository/Maya/RegisterDuitNow/android.widget.TextView0 - NRIC Number (6) not found
	at com.kms.katalon.core.keyword.internal.KeywordMain.stepFailed(KeywordMain.groovy:39)
	at com.kms.katalon.core.mobile.keyword.internal.MobileKeywordMain.stepFailed(MobileKeywordMain.groovy:40)
	at com.kms.katalon.core.mobile.keyword.builtin.GetTextKeyword$_getText_closure1.doCall(GetTextKeyword.groovy:74)
	at com.kms.katalon.core.mobile.keyword.builtin.GetTextKeyword$_getText_closure1.call(GetTextKeyword.groovy)
	at com.kms.katalon.core.mobile.keyword.internal.MobileKeywordMain.runKeyword(MobileKeywordMain.groovy:21)
	at com.kms.katalon.core.mobile.keyword.builtin.GetTextKeyword.getText(GetTextKeyword.groovy:80)
	at com.kms.katalon.core.mobile.keyword.builtin.GetTextKeyword.execute(GetTextKeyword.groovy:64)
	at com.kms.katalon.core.keyword.internal.KeywordExecutor.executeKeywordForPlatform(KeywordExecutor.groovy:72)
	at com.kms.katalon.core.mobile.keyword.MobileBuiltInKeywords.getText(MobileBuiltInKeywords.groovy:459)
	at com.kms.katalon.core.mobile.keyword.MobileBuiltInKeywords$getText$3.call(Unknown Source)
	at Nric Proxy.run(Nric Proxy:230)
	at com.kms.katalon.core.main.ScriptEngine.run(ScriptEngine.java:194)
	at com.kms.katalon.core.main.ScriptEngine.runScriptAsRawText(ScriptEngine.java:119)
	at com.kms.katalon.core.main.TestCaseExecutor.runScript(TestCaseExecutor.java:337)
	at com.kms.katalon.core.main.TestCaseExecutor.doExecute(TestCaseExecutor.java:328)
	at com.kms.katalon.core.main.TestCaseExecutor.processExecutionPhase(TestCaseExecutor.java:307)
	at com.kms.katalon.core.main.TestCaseExecutor.accessMainPhase(TestCaseExecutor.java:299)
	at com.kms.katalon.core.main.TestCaseExecutor.execute(TestCaseExecutor.java:233)
	at com.kms.katalon.core.main.TestSuiteExecutor.accessTestCaseMainPhase(TestSuiteExecutor.java:169)
	at com.kms.katalon.core.main.TestSuiteExecutor.accessTestSuiteMainPhase(TestSuiteExecutor.java:142)
	at com.kms.katalon.core.main.TestSuiteExecutor.execute(TestSuiteExecutor.java:91)
	at com.kms.katalon.core.main.TestCaseMain.startTestSuite(TestCaseMain.java:157)
	at com.kms.katalon.core.main.TestCaseMain$startTestSuite$0.call(Unknown Source)
	at TempTestSuite1596705806050.run(TempTestSuite1596705806050.groovy:36)]]></system-err>
      </testcase>
      <system-out><![CDATA[2020-08-06 17:23:28 - [TEST_SUITE][FAILED] - UAT Test Suite: Test Cases/JINU/DuiTNow Drop 2/Nric Proxy FAILED.
Reason:
com.kms.katalon.core.exception.StepFailedException: Object Object Repository/Maya/RegisterDuitNow/android.widget.TextView0 - NRIC Number (6) not found
	at com.kms.katalon.core.keyword.internal.KeywordMain.stepFailed(KeywordMain.groovy:39)
	at com.kms.katalon.core.mobile.keyword.internal.MobileKeywordMain.stepFailed(MobileKeywordMain.groovy:40)
	at com.kms.katalon.core.mobile.keyword.builtin.GetTextKeyword$_getText_closure1.doCall(GetTextKeyword.groovy:74)
	at com.kms.katalon.core.mobile.keyword.builtin.GetTextKeyword$_getText_closure1.call(GetTextKeyword.groovy)
	at com.kms.katalon.core.mobile.keyword.internal.MobileKeywordMain.runKeyword(MobileKeywordMain.groovy:21)
	at com.kms.katalon.core.mobile.keyword.builtin.GetTextKeyword.getText(GetTextKeyword.groovy:80)
	at com.kms.katalon.core.mobile.keyword.builtin.GetTextKeyword.execute(GetTextKeyword.groovy:64)
	at com.kms.katalon.core.keyword.internal.KeywordExecutor.executeKeywordForPlatform(KeywordExecutor.groovy:72)
	at com.kms.katalon.core.mobile.keyword.MobileBuiltInKeywords.getText(MobileBuiltInKeywords.groovy:459)
	at com.kms.katalon.core.mobile.keyword.MobileBuiltInKeywords$getText$3.call(Unknown Source)
	at Nric Proxy.run(Nric Proxy:230)
	at com.kms.katalon.core.main.ScriptEngine.run(ScriptEngine.java:194)
	at com.kms.katalon.core.main.ScriptEngine.runScriptAsRawText(ScriptEngine.java:119)
	at com.kms.katalon.core.main.TestCaseExecutor.runScript(TestCaseExecutor.java:337)
	at com.kms.katalon.core.main.TestCaseExecutor.doExecute(TestCaseExecutor.java:328)
	at com.kms.katalon.core.main.TestCaseExecutor.processExecutionPhase(TestCaseExecutor.java:307)
	at com.kms.katalon.core.main.TestCaseExecutor.accessMainPhase(TestCaseExecutor.java:299)
	at com.kms.katalon.core.main.TestCaseExecutor.execute(TestCaseExecutor.java:233)
	at com.kms.katalon.core.main.TestSuiteExecutor.accessTestCaseMainPhase(TestSuiteExecutor.java:169)
	at com.kms.katalon.core.main.TestSuiteExecutor.accessTestSuiteMainPhase(TestSuiteExecutor.java:142)
	at com.kms.katalon.core.main.TestSuiteExecutor.execute(TestSuiteExecutor.java:91)
	at com.kms.katalon.core.main.TestCaseMain.startTestSuite(TestCaseMain.java:157)
	at com.kms.katalon.core.main.TestCaseMain$startTestSuite$0.call(Unknown Source)
	at TempTestSuite1596705806050.run(TempTestSuite1596705806050.groovy:36)]]></system-out>
      <system-err><![CDATA[2020-08-06 17:23:28 - [TEST_SUITE][FAILED] - UAT Test Suite: Test Cases/JINU/DuiTNow Drop 2/Nric Proxy FAILED.
Reason:
com.kms.katalon.core.exception.StepFailedException: Object Object Repository/Maya/RegisterDuitNow/android.widget.TextView0 - NRIC Number (6) not found
	at com.kms.katalon.core.keyword.internal.KeywordMain.stepFailed(KeywordMain.groovy:39)
	at com.kms.katalon.core.mobile.keyword.internal.MobileKeywordMain.stepFailed(MobileKeywordMain.groovy:40)
	at com.kms.katalon.core.mobile.keyword.builtin.GetTextKeyword$_getText_closure1.doCall(GetTextKeyword.groovy:74)
	at com.kms.katalon.core.mobile.keyword.builtin.GetTextKeyword$_getText_closure1.call(GetTextKeyword.groovy)
	at com.kms.katalon.core.mobile.keyword.internal.MobileKeywordMain.runKeyword(MobileKeywordMain.groovy:21)
	at com.kms.katalon.core.mobile.keyword.builtin.GetTextKeyword.getText(GetTextKeyword.groovy:80)
	at com.kms.katalon.core.mobile.keyword.builtin.GetTextKeyword.execute(GetTextKeyword.groovy:64)
	at com.kms.katalon.core.keyword.internal.KeywordExecutor.executeKeywordForPlatform(KeywordExecutor.groovy:72)
	at com.kms.katalon.core.mobile.keyword.MobileBuiltInKeywords.getText(MobileBuiltInKeywords.groovy:459)
	at com.kms.katalon.core.mobile.keyword.MobileBuiltInKeywords$getText$3.call(Unknown Source)
	at Nric Proxy.run(Nric Proxy:230)
	at com.kms.katalon.core.main.ScriptEngine.run(ScriptEngine.java:194)
	at com.kms.katalon.core.main.ScriptEngine.runScriptAsRawText(ScriptEngine.java:119)
	at com.kms.katalon.core.main.TestCaseExecutor.runScript(TestCaseExecutor.java:337)
	at com.kms.katalon.core.main.TestCaseExecutor.doExecute(TestCaseExecutor.java:328)
	at com.kms.katalon.core.main.TestCaseExecutor.processExecutionPhase(TestCaseExecutor.java:307)
	at com.kms.katalon.core.main.TestCaseExecutor.accessMainPhase(TestCaseExecutor.java:299)
	at com.kms.katalon.core.main.TestCaseExecutor.execute(TestCaseExecutor.java:233)
	at com.kms.katalon.core.main.TestSuiteExecutor.accessTestCaseMainPhase(TestSuiteExecutor.java:169)
	at com.kms.katalon.core.main.TestSuiteExecutor.accessTestSuiteMainPhase(TestSuiteExecutor.java:142)
	at com.kms.katalon.core.main.TestSuiteExecutor.execute(TestSuiteExecutor.java:91)
	at com.kms.katalon.core.main.TestCaseMain.startTestSuite(TestCaseMain.java:157)
	at com.kms.katalon.core.main.TestCaseMain$startTestSuite$0.call(Unknown Source)
	at TempTestSuite1596705806050.run(TempTestSuite1596705806050.groovy:36)]]></system-err>
   </testsuite>
</testsuites>
