<?xml version="1.0" encoding="UTF-8"?>
<testsuites name="UAT Test Suite" time="580.856" tests="1" failures="0" errors="0">
   <testsuite name="UAT Test Suite" tests="1" failures="0" errors="0" time="580.856" timestamp="2020-08-05 17:32:17" hostname="LENOVO - DESKTOP-CP3TV4N" id="Test Suites/Maya UAT/UAT Test Suite">
      <properties>
         <property name="deviceName" value="Xiaomi Redmi Note 7S (Android 9)"/>
         <property name="devicePlatform" value=""/>
         <property name="logFolder" value="C:\\Users\\LENOVO\\Git_new\\Maya\\Reports\\20200805_173214\\Maya UAT\\UAT Test Suite\\20200805_173214"/>
         <property name="logFiles" value="C:\\Users\\LENOVO\\Git_new\\Maya\\Reports\\20200805_173214\\Maya UAT\\UAT Test Suite\\20200805_173214\\appium.log, C:\\Users\\LENOVO\\Git_new\\Maya\\Reports\\20200805_173214\\Maya UAT\\UAT Test Suite\\20200805_173214\\execution0.log"/>
         <property name="attachments" value="C:\\Users\\LENOVO\\Screenshot\\Onboarding\\Screen1.png, C:\\Users\\LENOVO\\Screenshot\\Onboarding\\Screen2.png, C:\\Users\\LENOVO\\Screenshot\\Onboarding\\Screen3.png, C:\\Users\\LENOVO\\Screenshot\\Onboarding\\Screen4.png, C:\\Users\\LENOVO\\Screenshot\\Onboarding\\Screen5.png, C:\\Users\\LENOVO\\Screenshot\\Onboarding\\Screen6.png, C:\\Users\\LENOVO\\Screenshot\\Onboarding\\Screen7.png, C:\\Users\\LENOVO\\Screenshot\\Onboarding\\Screen10.png, C:\\Users\\LENOVO\\Screenshot\\Onboarding\\Screen11.png, C:\\Users\\LENOVO\\Screenshot\\Onboarding\\Screen13.png, C:\\Users\\LENOVO\\Screenshot\\Onboarding\\Screen45.png, C:\\Users\\LENOVO\\Screenshot\\Onboarding\\Screen14.png, C:\\Users\\LENOVO\\Screenshot\\Onboarding\\Screen15.png, C:\\Users\\LENOVO\\Screenshot\\Onboarding\\Screen16.png, C:\\Users\\LENOVO\\Screenshot\\Onboarding\\Screen17.png, C:\\Users\\LENOVO\\Screenshot\\Onboarding\\Screen19.png, C:\\Users\\LENOVO\\Screenshot\\Onboarding\\Screen20.png, C:\\Users\\LENOVO\\Screenshot\\Onboarding\\Screen22.png, C:\\Users\\LENOVO\\Screenshot\\Onboarding\\Screen21.png, C:\\Users\\LENOVO\\Screenshot\\Onboarding\\Screen23.png, C:\\Users\\LENOVO\\Screenshot\\Onboarding\\Screen24.png, C:\\Users\\LENOVO\\Screenshot\\Onboarding\\Screen25.png, C:\\Users\\LENOVO\\Screenshot\\Onboarding\\Screen27.png, C:\\Users\\LENOVO\\Screenshot\\Onboarding\\Screen28.png, C:\\Users\\LENOVO\\Screenshot\\Onboarding\\Screen29.png, C:\\Users\\LENOVO\\Screenshot\\Onboarding\\Screen30.png, C:\\Users\\LENOVO\\Screenshot\\Onboarding\\Screen31.png, C:\\Users\\LENOVO\\Screenshot\\Onboarding\\Screen32.png, C:\\Users\\LENOVO\\Screenshot\\Onboarding\\Screen34.png, C:\\Users\\LENOVO\\Screenshot\\Onboarding\\Screen35.png, C:\\Users\\LENOVO\\Screenshot\\Onboarding\\Screen37.png, C:\\Users\\LENOVO\\Screenshot\\Onboarding\\Screen39.png, C:\\Users\\LENOVO\\Screenshot\\Onboarding\\Screen40.png, C:\\Users\\LENOVO\\Screenshot\\Onboarding\\Screen44.png"/>
         <property name="hostName" value="LENOVO - DESKTOP-CP3TV4N"/>
         <property name="os" value="Windows 10 64bit"/>
         <property name="appiumServerStatus" value="{\&quot;value\&quot;:{\&quot;build\&quot;:{\&quot;version\&quot;:\&quot;1.15.1\&quot;}},\&quot;sessionId\&quot;:null,\&quot;status\&quot;:0}"/>
         <property name="katalonVersion" value="7.2.7.1"/>
         <property name="deviceOS" value="Android"/>
         <property name="appiumVersion" value="1.15.1"/>
         <property name="deviceModel" value="Redmi Note 7S"/>
         <property name="hostAddress" value="192.168.43.112"/>
         <property name="deviceManufacturer" value="Xiaomi"/>
         <property name="deviceId" value="11cb9864"/>
         <property name="deviceName" value="Xiaomi Redmi Note 7S (Android 9)"/>
         <property name="deviceOSVersion" value="9"/>
      </properties>
      <testcase name="Test Cases/JINU/Drop2 Onboarding-Moments/Onboarding-Dashboard Moments" time="566.142" classname="Test Cases/JINU/Drop2 Onboarding-Moments/Onboarding-Dashboard Moments" status="PASSED">
         <system-out><![CDATA[2020-08-05 17:32:18 - [TEST_CASE][PASSED] - Test Cases/JINU/Drop2 Onboarding-Moments/Onboarding-Dashboard Moments: Test Cases/JINU/Drop2 Onboarding-Moments/Onboarding-Dashboard Moments

2020-08-05 17:32:20 - [TEST_STEP][PASSED] - startApplication("C:\Users\LENOVO\Katalon Studio\app-uat-universal-release.apk", false): Started app at: 'C:\Users\LENOVO\Katalon Studio\app-uat-universal-release.apk'

2020-08-05 17:32:20 - [MESSAGE][INFO] - User set preference: ['appWaitActivity', '*']

2020-08-05 17:32:20 - [MESSAGE][INFO] - User set preference: ['appWaitPackage', 'com.maybank2u.life.uat']

2020-08-05 17:32:20 - [MESSAGE][INFO] - User set preference: ['appWaitDuration', '50,000']

2020-08-05 17:32:20 - [MESSAGE][INFO] - User set preference: ['deviceId', '11cb9864']

2020-08-05 17:32:23 - [MESSAGE][INFO] - Appium server started on port 52,324

2020-08-05 17:32:45 - [MESSAGE][PASSED] - Started app at: 'C:\Users\LENOVO\Katalon Studio\app-uat-universal-release.apk'

2020-08-05 17:32:45 - [TEST_STEP][PASSED] - delay(10, STOP_ON_FAILURE): Delayed 10 second(s)

2020-08-05 17:32:55 - [MESSAGE][PASSED] - Delayed 10 second(s)

2020-08-05 17:32:55 - [TEST_STEP][PASSED] - takeScreenshot("C:\Users\LENOVO\Screenshot\Onboarding\Screen1.png", CONTINUE_ON_FAILURE): Screenshot is taken

2020-08-05 17:32:57 - [MESSAGE][PASSED] - Screenshot is taken
[[ATTACHMENT|C:\\Users\\LENOVO\\Screenshot\\Onboarding\\Screen1.png]]

2020-08-05 17:32:57 - [TEST_STEP][PASSED] - swipe(598, 502, 40, 200): Swiped from 598,502 to 40,200

2020-08-05 17:32:58 - [MESSAGE][PASSED] - Swiped from 598,502 to 40,200

2020-08-05 17:32:58 - [TEST_STEP][PASSED] - delay(3, STOP_ON_FAILURE): Delayed 3 second(s)

2020-08-05 17:33:01 - [MESSAGE][PASSED] - Delayed 3 second(s)

2020-08-05 17:33:01 - [TEST_STEP][NOT_RUN] - getText(findTestObject("Maya/Onboarding Moments/android.widget.TextView0 - Hello Test your Wallet  Y"), 0): NOT_RUN: getText(findTestObject("Maya/Onboarding Moments/android.widget.TextView0 - Hello Test your Wallet  Y"), 0)

2020-08-05 17:33:01 - [MESSAGE][NOT_RUN] - NOT_RUN: getText(findTestObject("Maya/Onboarding Moments/android.widget.TextView0 - Hello Test your Wallet  Y"), 0)

2020-08-05 17:33:01 - [TEST_STEP][PASSED] - takeScreenshot("C:\Users\LENOVO\Screenshot\Onboarding\Screen2.png", CONTINUE_ON_FAILURE): Screenshot is taken

2020-08-05 17:33:03 - [MESSAGE][PASSED] - Screenshot is taken
[[ATTACHMENT|C:\\Users\\LENOVO\\Screenshot\\Onboarding\\Screen2.png]]

2020-08-05 17:33:03 - [TEST_STEP][PASSED] - delay(3, STOP_ON_FAILURE): Delayed 3 second(s)

2020-08-05 17:33:06 - [MESSAGE][PASSED] - Delayed 3 second(s)

2020-08-05 17:33:06 - [TEST_STEP][PASSED] - takeScreenshot("C:\Users\LENOVO\Screenshot\Onboarding\Screen3.png", CONTINUE_ON_FAILURE): Screenshot is taken

2020-08-05 17:33:07 - [MESSAGE][PASSED] - Screenshot is taken
[[ATTACHMENT|C:\\Users\\LENOVO\\Screenshot\\Onboarding\\Screen3.png]]

2020-08-05 17:33:07 - [TEST_STEP][PASSED] - swipe(598, 502, 40, 200): Swiped from 598,502 to 40,200

2020-08-05 17:33:08 - [MESSAGE][PASSED] - Swiped from 598,502 to 40,200

2020-08-05 17:33:08 - [TEST_STEP][PASSED] - delay(3, STOP_ON_FAILURE): Delayed 3 second(s)

2020-08-05 17:33:11 - [MESSAGE][PASSED] - Delayed 3 second(s)

2020-08-05 17:33:11 - [TEST_STEP][PASSED] - takeScreenshot("C:\Users\LENOVO\Screenshot\Onboarding\Screen4.png", CONTINUE_ON_FAILURE): Screenshot is taken

2020-08-05 17:33:12 - [MESSAGE][PASSED] - Screenshot is taken
[[ATTACHMENT|C:\\Users\\LENOVO\\Screenshot\\Onboarding\\Screen4.png]]

2020-08-05 17:33:12 - [TEST_STEP][NOT_RUN] - getText(findTestObject("Maya/Onboarding Moments/android.widget.TextView0 - Scan  Pay (QRPay)  Not setup"), 0): NOT_RUN: getText(findTestObject("Maya/Onboarding Moments/android.widget.TextView0 - Scan  Pay (QRPay)  Not setup"), 0)

2020-08-05 17:33:12 - [MESSAGE][NOT_RUN] - NOT_RUN: getText(findTestObject("Maya/Onboarding Moments/android.widget.TextView0 - Scan  Pay (QRPay)  Not setup"), 0)

2020-08-05 17:33:12 - [TEST_STEP][PASSED] - delay(5, STOP_ON_FAILURE): Delayed 5 second(s)

2020-08-05 17:33:17 - [MESSAGE][PASSED] - Delayed 5 second(s)

2020-08-05 17:33:17 - [TEST_STEP][PASSED] - swipe(598, 502, 40, 200): Swiped from 598,502 to 40,200

2020-08-05 17:33:18 - [MESSAGE][PASSED] - Swiped from 598,502 to 40,200

2020-08-05 17:33:18 - [TEST_STEP][PASSED] - takeScreenshot("C:\Users\LENOVO\Screenshot\Onboarding\Screen5.png", CONTINUE_ON_FAILURE): Screenshot is taken

2020-08-05 17:33:20 - [MESSAGE][PASSED] - Screenshot is taken
[[ATTACHMENT|C:\\Users\\LENOVO\\Screenshot\\Onboarding\\Screen5.png]]

2020-08-05 17:33:20 - [TEST_STEP][PASSED] - delay(3, STOP_ON_FAILURE): Delayed 3 second(s)

2020-08-05 17:33:23 - [MESSAGE][PASSED] - Delayed 3 second(s)

2020-08-05 17:33:23 - [TEST_STEP][PASSED] - delay(3, STOP_ON_FAILURE): Delayed 3 second(s)

2020-08-05 17:33:26 - [MESSAGE][PASSED] - Delayed 3 second(s)

2020-08-05 17:33:26 - [TEST_STEP][PASSED] - takeScreenshot("C:\Users\LENOVO\Screenshot\Onboarding\Screen6.png", CONTINUE_ON_FAILURE): Screenshot is taken

2020-08-05 17:33:27 - [MESSAGE][PASSED] - Screenshot is taken
[[ATTACHMENT|C:\\Users\\LENOVO\\Screenshot\\Onboarding\\Screen6.png]]

2020-08-05 17:33:27 - [TEST_STEP][NOT_RUN] - getText(findTestObject("Maya/Onboarding Moments/android.widget.TextView0 - User has MAE account  Y"), 0): NOT_RUN: getText(findTestObject("Maya/Onboarding Moments/android.widget.TextView0 - User has MAE account  Y"), 0)

2020-08-05 17:33:27 - [MESSAGE][NOT_RUN] - NOT_RUN: getText(findTestObject("Maya/Onboarding Moments/android.widget.TextView0 - User has MAE account  Y"), 0)

2020-08-05 17:33:27 - [TEST_STEP][PASSED] - delay(5, STOP_ON_FAILURE): Delayed 5 second(s)

2020-08-05 17:33:32 - [MESSAGE][PASSED] - Delayed 5 second(s)

2020-08-05 17:33:32 - [TEST_STEP][PASSED] - swipe(598, 502, 40, 200): Swiped from 598,502 to 40,200

2020-08-05 17:33:33 - [MESSAGE][PASSED] - Swiped from 598,502 to 40,200

2020-08-05 17:33:33 - [TEST_STEP][PASSED] - delay(3, STOP_ON_FAILURE): Delayed 3 second(s)

2020-08-05 17:33:36 - [MESSAGE][PASSED] - Delayed 3 second(s)

2020-08-05 17:33:36 - [TEST_STEP][PASSED] - takeScreenshot("C:\Users\LENOVO\Screenshot\Onboarding\Screen7.png", CONTINUE_ON_FAILURE): Screenshot is taken

2020-08-05 17:33:37 - [MESSAGE][PASSED] - Screenshot is taken
[[ATTACHMENT|C:\\Users\\LENOVO\\Screenshot\\Onboarding\\Screen7.png]]

2020-08-05 17:33:37 - [TEST_STEP][PASSED] - delay(5, STOP_ON_FAILURE): Delayed 5 second(s)

2020-08-05 17:33:42 - [MESSAGE][PASSED] - Delayed 5 second(s)

2020-08-05 17:33:42 - [TEST_STEP][PASSED] - swipe(598, 502, 40, 200): Swiped from 598,502 to 40,200

2020-08-05 17:33:44 - [MESSAGE][PASSED] - Swiped from 598,502 to 40,200

2020-08-05 17:33:44 - [TEST_STEP][PASSED] - delay(3, STOP_ON_FAILURE): Delayed 3 second(s)

2020-08-05 17:33:47 - [MESSAGE][PASSED] - Delayed 3 second(s)

2020-08-05 17:33:47 - [TEST_STEP][PASSED] - takeScreenshot("C:\Users\LENOVO\Screenshot\Onboarding\Screen10.png", CONTINUE_ON_FAILURE): Screenshot is taken

2020-08-05 17:33:48 - [MESSAGE][PASSED] - Screenshot is taken
[[ATTACHMENT|C:\\Users\\LENOVO\\Screenshot\\Onboarding\\Screen10.png]]

2020-08-05 17:33:48 - [TEST_STEP][PASSED] - getText(findTestObject("Maya/Onboarding Moments/android.widget.TextView0 - Test"), 0): Text of element 'Object Repository/Maya/Onboarding Moments/android.widget.TextView0 - Test' is: 'Test'

2020-08-05 17:33:48 - [MESSAGE][WARNING] - Timeout '0' is invalid. Using default page load timeout: '10'

2020-08-05 17:33:49 - [MESSAGE][PASSED] - Text of element 'Object Repository/Maya/Onboarding Moments/android.widget.TextView0 - Test' is: 'Test'

2020-08-05 17:33:49 - [TEST_STEP][PASSED] - verifyElementExist(findTestObject("Maya/Onboarding Moments/android.widget.TextView0 - Test"), 0): Element 'Object Repository/Maya/Onboarding Moments/android.widget.TextView0 - Test' is exist

2020-08-05 17:33:49 - [MESSAGE][WARNING] - Timeout '0' is invalid. Using default page load timeout: '10'

2020-08-05 17:33:50 - [MESSAGE][PASSED] - Element 'Object Repository/Maya/Onboarding Moments/android.widget.TextView0 - Test' is exist

2020-08-05 17:33:50 - [TEST_STEP][NOT_RUN] - verifyElementExist(findTestObject("Maya/Onboarding Moments/android.widget.TextView0 - Wallet"), 0): NOT_RUN: verifyElementExist(findTestObject("Maya/Onboarding Moments/android.widget.TextView0 - Wallet"), 0)

2020-08-05 17:33:50 - [MESSAGE][NOT_RUN] - NOT_RUN: verifyElementExist(findTestObject("Maya/Onboarding Moments/android.widget.TextView0 - Wallet"), 0)

2020-08-05 17:33:50 - [TEST_STEP][PASSED] - tap(findTestObject("Maya/Onboarding Moments/android.widget.TextView0 - Wallet"), 0): Tapped on element 'Object Repository/Maya/Onboarding Moments/android.widget.TextView0 - Wallet'

2020-08-05 17:33:50 - [MESSAGE][WARNING] - Timeout '0' is invalid. Using default page load timeout: '10'

2020-08-05 17:33:56 - [MESSAGE][PASSED] - Tapped on element 'Object Repository/Maya/Onboarding Moments/android.widget.TextView0 - Wallet'

2020-08-05 17:33:56 - [TEST_STEP][PASSED] - delay(3, STOP_ON_FAILURE): Delayed 3 second(s)

2020-08-05 17:33:59 - [MESSAGE][PASSED] - Delayed 3 second(s)

2020-08-05 17:33:59 - [TEST_STEP][PASSED] - takeScreenshot("C:\Users\LENOVO\Screenshot\Onboarding\Screen11.png", CONTINUE_ON_FAILURE): Screenshot is taken

2020-08-05 17:34:00 - [MESSAGE][PASSED] - Screenshot is taken
[[ATTACHMENT|C:\\Users\\LENOVO\\Screenshot\\Onboarding\\Screen11.png]]

2020-08-05 17:34:00 - [TEST_STEP][PASSED] - tap(findTestObject("Maya/Onboarding Moments/android.widget.TextView0 - 2 (1)"), 0): Tapped on element 'Object Repository/Maya/Onboarding Moments/android.widget.TextView0 - 2 (1)'

2020-08-05 17:34:00 - [MESSAGE][WARNING] - Timeout '0' is invalid. Using default page load timeout: '10'

2020-08-05 17:34:01 - [MESSAGE][PASSED] - Tapped on element 'Object Repository/Maya/Onboarding Moments/android.widget.TextView0 - 2 (1)'

2020-08-05 17:34:01 - [TEST_STEP][PASSED] - tap(findTestObject("Maya/Onboarding Moments/android.widget.TextView0 - 3 (1)"), 0): Tapped on element 'Object Repository/Maya/Onboarding Moments/android.widget.TextView0 - 3 (1)'

2020-08-05 17:34:01 - [MESSAGE][WARNING] - Timeout '0' is invalid. Using default page load timeout: '10'

2020-08-05 17:34:03 - [MESSAGE][PASSED] - Tapped on element 'Object Repository/Maya/Onboarding Moments/android.widget.TextView0 - 3 (1)'

2020-08-05 17:34:03 - [TEST_STEP][PASSED] - tap(findTestObject("Maya/Onboarding Moments/android.widget.TextView0 - 0 (1)"), 0): Tapped on element 'Object Repository/Maya/Onboarding Moments/android.widget.TextView0 - 0 (1)'

2020-08-05 17:34:03 - [MESSAGE][WARNING] - Timeout '0' is invalid. Using default page load timeout: '10'

2020-08-05 17:34:04 - [MESSAGE][PASSED] - Tapped on element 'Object Repository/Maya/Onboarding Moments/android.widget.TextView0 - 0 (1)'

2020-08-05 17:34:04 - [TEST_STEP][PASSED] - tap(findTestObject("Maya/Onboarding Moments/android.widget.TextView0 - 9 (1)"), 0): Tapped on element 'Object Repository/Maya/Onboarding Moments/android.widget.TextView0 - 9 (1)'

2020-08-05 17:34:04 - [MESSAGE][WARNING] - Timeout '0' is invalid. Using default page load timeout: '10'

2020-08-05 17:34:05 - [MESSAGE][PASSED] - Tapped on element 'Object Repository/Maya/Onboarding Moments/android.widget.TextView0 - 9 (1)'

2020-08-05 17:34:05 - [TEST_STEP][PASSED] - tap(findTestObject("Maya/Onboarding Moments/android.widget.TextView0 - 8 (1)"), 0): Tapped on element 'Object Repository/Maya/Onboarding Moments/android.widget.TextView0 - 8 (1)'

2020-08-05 17:34:05 - [MESSAGE][WARNING] - Timeout '0' is invalid. Using default page load timeout: '10'

2020-08-05 17:34:06 - [MESSAGE][PASSED] - Tapped on element 'Object Repository/Maya/Onboarding Moments/android.widget.TextView0 - 8 (1)'

2020-08-05 17:34:06 - [TEST_STEP][PASSED] - tap(findTestObject("Maya/Onboarding Moments/android.widget.TextView0 - 3 (1)"), 0): Tapped on element 'Object Repository/Maya/Onboarding Moments/android.widget.TextView0 - 3 (1)'

2020-08-05 17:34:06 - [MESSAGE][WARNING] - Timeout '0' is invalid. Using default page load timeout: '10'

2020-08-05 17:34:08 - [MESSAGE][PASSED] - Tapped on element 'Object Repository/Maya/Onboarding Moments/android.widget.TextView0 - 3 (1)'

2020-08-05 17:34:08 - [TEST_STEP][PASSED] - getText(findTestObject("Maya/Onboarding Moments/android.widget.TextView0 - Wallet (1)"), 0): Text of element 'Object Repository/Maya/Onboarding Moments/android.widget.TextView0 - Wallet (1)' is: 'Wallet'

2020-08-05 17:34:08 - [MESSAGE][WARNING] - Timeout '0' is invalid. Using default page load timeout: '10'

2020-08-05 17:34:10 - [MESSAGE][PASSED] - Text of element 'Object Repository/Maya/Onboarding Moments/android.widget.TextView0 - Wallet (1)' is: 'Wallet'

2020-08-05 17:34:10 - [TEST_STEP][PASSED] - verifyElementExist(findTestObject("Maya/Onboarding Moments/android.widget.TextView0 - Wallet (1)"), 0): Element 'Object Repository/Maya/Onboarding Moments/android.widget.TextView0 - Wallet (1)' is exist

2020-08-05 17:34:10 - [MESSAGE][WARNING] - Timeout '0' is invalid. Using default page load timeout: '10'

2020-08-05 17:34:10 - [MESSAGE][PASSED] - Element 'Object Repository/Maya/Onboarding Moments/android.widget.TextView0 - Wallet (1)' is exist

2020-08-05 17:34:10 - [TEST_STEP][PASSED] - getText(findTestObject("Maya/Onboarding Moments/android.widget.TextView0 - View Transactions"), 0): Text of element 'Object Repository/Maya/Onboarding Moments/android.widget.TextView0 - View Transactions' is: 'View Transactions'

2020-08-05 17:34:10 - [MESSAGE][WARNING] - Timeout '0' is invalid. Using default page load timeout: '10'

2020-08-05 17:34:11 - [MESSAGE][PASSED] - Text of element 'Object Repository/Maya/Onboarding Moments/android.widget.TextView0 - View Transactions' is: 'View Transactions'

2020-08-05 17:34:11 - [TEST_STEP][PASSED] - verifyElementExist(findTestObject("Maya/Onboarding Moments/android.widget.TextView0 - View Transactions"), 0): Element 'Object Repository/Maya/Onboarding Moments/android.widget.TextView0 - View Transactions' is exist

2020-08-05 17:34:11 - [MESSAGE][WARNING] - Timeout '0' is invalid. Using default page load timeout: '10'

2020-08-05 17:34:11 - [MESSAGE][PASSED] - Element 'Object Repository/Maya/Onboarding Moments/android.widget.TextView0 - View Transactions' is exist

2020-08-05 17:34:11 - [TEST_STEP][PASSED] - delay(3, STOP_ON_FAILURE): Delayed 3 second(s)

2020-08-05 17:34:14 - [MESSAGE][PASSED] - Delayed 3 second(s)

2020-08-05 17:34:14 - [TEST_STEP][PASSED] - takeScreenshot("C:\Users\LENOVO\Screenshot\Onboarding\Screen13.png", CONTINUE_ON_FAILURE): Screenshot is taken

2020-08-05 17:34:16 - [MESSAGE][PASSED] - Screenshot is taken
[[ATTACHMENT|C:\\Users\\LENOVO\\Screenshot\\Onboarding\\Screen13.png]]

2020-08-05 17:34:16 - [TEST_STEP][PASSED] - tap(findTestObject("Maya/Onboarding Moments/android.widget.TextView0 - View Transactions"), 0): Tapped on element 'Object Repository/Maya/Onboarding Moments/android.widget.TextView0 - View Transactions'

2020-08-05 17:34:16 - [MESSAGE][WARNING] - Timeout '0' is invalid. Using default page load timeout: '10'

2020-08-05 17:34:18 - [MESSAGE][PASSED] - Tapped on element 'Object Repository/Maya/Onboarding Moments/android.widget.TextView0 - View Transactions'

2020-08-05 17:34:18 - [TEST_STEP][PASSED] - tap(findTestObject("Maya/Onboarding Moments/android.widget.ImageView0 (2)"), 0): Tapped on element 'Object Repository/Maya/Onboarding Moments/android.widget.ImageView0 (2)'

2020-08-05 17:34:18 - [MESSAGE][WARNING] - Timeout '0' is invalid. Using default page load timeout: '10'

2020-08-05 17:34:20 - [MESSAGE][PASSED] - Tapped on element 'Object Repository/Maya/Onboarding Moments/android.widget.ImageView0 (2)'

2020-08-05 17:34:20 - [TEST_STEP][PASSED] - getText(findTestObject("Maya/Onboarding Moments/android.widget.TextView0 - Pay Bills"), 0): Text of element 'Object Repository/Maya/Onboarding Moments/android.widget.TextView0 - Pay Bills' is: 'Pay Bills'

2020-08-05 17:34:20 - [MESSAGE][WARNING] - Timeout '0' is invalid. Using default page load timeout: '10'

2020-08-05 17:34:22 - [MESSAGE][PASSED] - Text of element 'Object Repository/Maya/Onboarding Moments/android.widget.TextView0 - Pay Bills' is: 'Pay Bills'

2020-08-05 17:34:22 - [TEST_STEP][PASSED] - verifyElementExist(findTestObject("Maya/Onboarding Moments/android.widget.TextView0 - Pay Bills"), 0): Element 'Object Repository/Maya/Onboarding Moments/android.widget.TextView0 - Pay Bills' is exist

2020-08-05 17:34:22 - [MESSAGE][WARNING] - Timeout '0' is invalid. Using default page load timeout: '10'

2020-08-05 17:34:22 - [MESSAGE][PASSED] - Element 'Object Repository/Maya/Onboarding Moments/android.widget.TextView0 - Pay Bills' is exist

2020-08-05 17:34:22 - [TEST_STEP][PASSED] - getText(findTestObject("Maya/Onboarding Moments/android.widget.TextView0 - Reload"), 0): Text of element 'Object Repository/Maya/Onboarding Moments/android.widget.TextView0 - Reload' is: 'Reload'

2020-08-05 17:34:22 - [MESSAGE][WARNING] - Timeout '0' is invalid. Using default page load timeout: '10'

2020-08-05 17:34:22 - [MESSAGE][PASSED] - Text of element 'Object Repository/Maya/Onboarding Moments/android.widget.TextView0 - Reload' is: 'Reload'

2020-08-05 17:34:22 - [TEST_STEP][PASSED] - verifyElementExist(findTestObject("Maya/Onboarding Moments/android.widget.TextView0 - Reload"), 0): Element 'Object Repository/Maya/Onboarding Moments/android.widget.TextView0 - Reload' is exist

2020-08-05 17:34:22 - [MESSAGE][WARNING] - Timeout '0' is invalid. Using default page load timeout: '10'

2020-08-05 17:34:23 - [MESSAGE][PASSED] - Element 'Object Repository/Maya/Onboarding Moments/android.widget.TextView0 - Reload' is exist

2020-08-05 17:34:23 - [TEST_STEP][PASSED] - getText(findTestObject("Maya/Onboarding Moments/android.widget.TextView0 - Pay Cards"), 0): Text of element 'Object Repository/Maya/Onboarding Moments/android.widget.TextView0 - Pay Cards' is: 'Pay Cards'

2020-08-05 17:34:23 - [MESSAGE][WARNING] - Timeout '0' is invalid. Using default page load timeout: '10'

2020-08-05 17:34:23 - [MESSAGE][PASSED] - Text of element 'Object Repository/Maya/Onboarding Moments/android.widget.TextView0 - Pay Cards' is: 'Pay Cards'

2020-08-05 17:34:23 - [TEST_STEP][PASSED] - verifyElementExist(findTestObject("Maya/Onboarding Moments/android.widget.TextView0 - Pay Cards"), 0): Element 'Object Repository/Maya/Onboarding Moments/android.widget.TextView0 - Pay Cards' is exist

2020-08-05 17:34:23 - [MESSAGE][WARNING] - Timeout '0' is invalid. Using default page load timeout: '10'

2020-08-05 17:34:23 - [MESSAGE][PASSED] - Element 'Object Repository/Maya/Onboarding Moments/android.widget.TextView0 - Pay Cards' is exist

2020-08-05 17:34:23 - [TEST_STEP][PASSED] - getText(findTestObject("Maya/Onboarding Moments/android.widget.TextView0 - Split Bill"), 0): Text of element 'Object Repository/Maya/Onboarding Moments/android.widget.TextView0 - Split Bill' is: 'Split Bill'

2020-08-05 17:34:23 - [MESSAGE][WARNING] - Timeout '0' is invalid. Using default page load timeout: '10'

2020-08-05 17:34:24 - [MESSAGE][PASSED] - Text of element 'Object Repository/Maya/Onboarding Moments/android.widget.TextView0 - Split Bill' is: 'Split Bill'

2020-08-05 17:34:24 - [TEST_STEP][PASSED] - verifyElementExist(findTestObject("Maya/Onboarding Moments/android.widget.TextView0 - Split Bill"), 0): Element 'Object Repository/Maya/Onboarding Moments/android.widget.TextView0 - Split Bill' is exist

2020-08-05 17:34:24 - [MESSAGE][WARNING] - Timeout '0' is invalid. Using default page load timeout: '10'

2020-08-05 17:34:24 - [MESSAGE][PASSED] - Element 'Object Repository/Maya/Onboarding Moments/android.widget.TextView0 - Split Bill' is exist

2020-08-05 17:34:24 - [TEST_STEP][PASSED] - getText(findTestObject("Maya/Onboarding Moments/android.widget.TextView0 - Send  Request"), 0): Text of element 'Object Repository/Maya/Onboarding Moments/android.widget.TextView0 - Send  Request' is: 'Send & Request'

2020-08-05 17:34:24 - [MESSAGE][WARNING] - Timeout '0' is invalid. Using default page load timeout: '10'

2020-08-05 17:34:24 - [MESSAGE][PASSED] - Text of element 'Object Repository/Maya/Onboarding Moments/android.widget.TextView0 - Send  Request' is: 'Send & Request'

2020-08-05 17:34:24 - [TEST_STEP][PASSED] - verifyElementExist(findTestObject("Maya/Onboarding Moments/android.widget.TextView0 - Send  Request"), 0): Element 'Object Repository/Maya/Onboarding Moments/android.widget.TextView0 - Send  Request' is exist

2020-08-05 17:34:24 - [MESSAGE][WARNING] - Timeout '0' is invalid. Using default page load timeout: '10'

2020-08-05 17:34:25 - [MESSAGE][PASSED] - Element 'Object Repository/Maya/Onboarding Moments/android.widget.TextView0 - Send  Request' is exist

2020-08-05 17:34:25 - [TEST_STEP][PASSED] - getText(findTestObject("Maya/Onboarding Moments/android.widget.TextView0 - Scan  Pay"), 0): Text of element 'Object Repository/Maya/Onboarding Moments/android.widget.TextView0 - Scan  Pay' is: 'Scan & Pay'

2020-08-05 17:34:25 - [MESSAGE][WARNING] - Timeout '0' is invalid. Using default page load timeout: '10'

2020-08-05 17:34:25 - [MESSAGE][PASSED] - Text of element 'Object Repository/Maya/Onboarding Moments/android.widget.TextView0 - Scan  Pay' is: 'Scan & Pay'

2020-08-05 17:34:25 - [TEST_STEP][PASSED] - verifyElementExist(findTestObject("Maya/Onboarding Moments/android.widget.TextView0 - Scan  Pay"), 0): Element 'Object Repository/Maya/Onboarding Moments/android.widget.TextView0 - Scan  Pay' is exist

2020-08-05 17:34:25 - [MESSAGE][WARNING] - Timeout '0' is invalid. Using default page load timeout: '10'

2020-08-05 17:34:25 - [MESSAGE][PASSED] - Element 'Object Repository/Maya/Onboarding Moments/android.widget.TextView0 - Scan  Pay' is exist

2020-08-05 17:34:25 - [TEST_STEP][PASSED] - tap(findTestObject("Maya/Onboarding Moments/android.widget.TextView0 - Pay Bills"), 0): Tapped on element 'Object Repository/Maya/Onboarding Moments/android.widget.TextView0 - Pay Bills'

2020-08-05 17:34:25 - [MESSAGE][WARNING] - Timeout '0' is invalid. Using default page load timeout: '10'

2020-08-05 17:34:28 - [MESSAGE][PASSED] - Tapped on element 'Object Repository/Maya/Onboarding Moments/android.widget.TextView0 - Pay Bills'

2020-08-05 17:34:28 - [TEST_STEP][PASSED] - setText(findTestObject("Maya/Onboarding Moments/android.widget.EditText0 (1)"), "pass1234", 0): Text 'pass1234' has been set to element 'Object Repository/Maya/Onboarding Moments/android.widget.EditText0 (1)'

2020-08-05 17:34:28 - [MESSAGE][WARNING] - Timeout '0' is invalid. Using default page load timeout: '10'

2020-08-05 17:34:29 - [MESSAGE][PASSED] - Text 'pass1234' has been set to element 'Object Repository/Maya/Onboarding Moments/android.widget.EditText0 (1)'

2020-08-05 17:34:29 - [TEST_STEP][PASSED] - driver = getDriver(): null

2020-08-05 17:34:29 - [TEST_STEP][PASSED] - driver.pressKeyCode(ENTER): null

2020-08-05 17:34:30 - [TEST_STEP][PASSED] - getText(findTestObject("Maya/Onboarding Moments/android.widget.TextView0 - Pay Bills (1)"), 0): Text of element 'Object Repository/Maya/Onboarding Moments/android.widget.TextView0 - Pay Bills (1)' is: 'Pay Bills'

2020-08-05 17:34:30 - [MESSAGE][WARNING] - Timeout '0' is invalid. Using default page load timeout: '10'

2020-08-05 17:34:34 - [MESSAGE][PASSED] - Text of element 'Object Repository/Maya/Onboarding Moments/android.widget.TextView0 - Pay Bills (1)' is: 'Pay Bills'

2020-08-05 17:34:34 - [TEST_STEP][PASSED] - delay(3, STOP_ON_FAILURE): Delayed 3 second(s)

2020-08-05 17:34:37 - [MESSAGE][PASSED] - Delayed 3 second(s)

2020-08-05 17:34:37 - [TEST_STEP][PASSED] - takeScreenshot("C:\Users\LENOVO\Screenshot\Onboarding\Screen45.png", CONTINUE_ON_FAILURE): Screenshot is taken

2020-08-05 17:34:38 - [MESSAGE][PASSED] - Screenshot is taken
[[ATTACHMENT|C:\\Users\\LENOVO\\Screenshot\\Onboarding\\Screen45.png]]

2020-08-05 17:34:38 - [TEST_STEP][PASSED] - verifyElementExist(findTestObject("Maya/Onboarding Moments/android.widget.TextView0 - Pay Bills (1)"), 0): Element 'Object Repository/Maya/Onboarding Moments/android.widget.TextView0 - Pay Bills (1)' is exist

2020-08-05 17:34:38 - [MESSAGE][WARNING] - Timeout '0' is invalid. Using default page load timeout: '10'

2020-08-05 17:34:38 - [MESSAGE][PASSED] - Element 'Object Repository/Maya/Onboarding Moments/android.widget.TextView0 - Pay Bills (1)' is exist

2020-08-05 17:34:38 - [TEST_STEP][PASSED] - tap(findTestObject("Maya/Onboarding Moments/android.widget.ImageView0 (3)"), 0): Tapped on element 'Object Repository/Maya/Onboarding Moments/android.widget.ImageView0 (3)'

2020-08-05 17:34:38 - [MESSAGE][WARNING] - Timeout '0' is invalid. Using default page load timeout: '10'

2020-08-05 17:34:39 - [MESSAGE][PASSED] - Tapped on element 'Object Repository/Maya/Onboarding Moments/android.widget.ImageView0 (3)'

2020-08-05 17:34:39 - [TEST_STEP][PASSED] - tap(findTestObject("Maya/Onboarding Moments/android.widget.TextView0 - Reload"), 0): Tapped on element 'Object Repository/Maya/Onboarding Moments/android.widget.TextView0 - Reload'

2020-08-05 17:34:39 - [MESSAGE][WARNING] - Timeout '0' is invalid. Using default page load timeout: '10'

2020-08-05 17:34:43 - [MESSAGE][PASSED] - Tapped on element 'Object Repository/Maya/Onboarding Moments/android.widget.TextView0 - Reload'

2020-08-05 17:34:43 - [TEST_STEP][PASSED] - getText(findTestObject("Maya/Onboarding Moments/android.widget.TextView0 - Reload (1)"), 0): Text of element 'Object Repository/Maya/Onboarding Moments/android.widget.TextView0 - Reload (1)' is: 'Reload'

2020-08-05 17:34:43 - [MESSAGE][WARNING] - Timeout '0' is invalid. Using default page load timeout: '10'

2020-08-05 17:34:44 - [MESSAGE][PASSED] - Text of element 'Object Repository/Maya/Onboarding Moments/android.widget.TextView0 - Reload (1)' is: 'Reload'

2020-08-05 17:34:44 - [TEST_STEP][PASSED] - verifyElementExist(findTestObject("Maya/Onboarding Moments/android.widget.TextView0 - Reload (1)"), 0): Element 'Object Repository/Maya/Onboarding Moments/android.widget.TextView0 - Reload (1)' is exist

2020-08-05 17:34:45 - [MESSAGE][WARNING] - Timeout '0' is invalid. Using default page load timeout: '10'

2020-08-05 17:34:45 - [MESSAGE][PASSED] - Element 'Object Repository/Maya/Onboarding Moments/android.widget.TextView0 - Reload (1)' is exist

2020-08-05 17:34:45 - [TEST_STEP][PASSED] - delay(3, STOP_ON_FAILURE): Delayed 3 second(s)

2020-08-05 17:34:48 - [MESSAGE][PASSED] - Delayed 3 second(s)

2020-08-05 17:34:48 - [TEST_STEP][PASSED] - takeScreenshot("C:\Users\LENOVO\Screenshot\Onboarding\Screen14.png", CONTINUE_ON_FAILURE): Screenshot is taken

2020-08-05 17:34:49 - [MESSAGE][PASSED] - Screenshot is taken
[[ATTACHMENT|C:\\Users\\LENOVO\\Screenshot\\Onboarding\\Screen14.png]]

2020-08-05 17:34:49 - [TEST_STEP][PASSED] - tap(findTestObject("Maya/Onboarding Moments/android.widget.ImageView0 (4)"), 0): Tapped on element 'Object Repository/Maya/Onboarding Moments/android.widget.ImageView0 (4)'

2020-08-05 17:34:49 - [MESSAGE][WARNING] - Timeout '0' is invalid. Using default page load timeout: '10'

2020-08-05 17:34:49 - [MESSAGE][PASSED] - Tapped on element 'Object Repository/Maya/Onboarding Moments/android.widget.ImageView0 (4)'

2020-08-05 17:34:49 - [TEST_STEP][PASSED] - tap(findTestObject("Maya/Onboarding Moments/android.widget.TextView0 - Split Bill"), 0): Tapped on element 'Object Repository/Maya/Onboarding Moments/android.widget.TextView0 - Split Bill'

2020-08-05 17:34:50 - [MESSAGE][WARNING] - Timeout '0' is invalid. Using default page load timeout: '10'

2020-08-05 17:34:54 - [MESSAGE][PASSED] - Tapped on element 'Object Repository/Maya/Onboarding Moments/android.widget.TextView0 - Split Bill'

2020-08-05 17:34:54 - [TEST_STEP][PASSED] - getText(findTestObject("Maya/Onboarding Moments/android.widget.TextView0 - Split Bill (1)"), 0): Text of element 'Object Repository/Maya/Onboarding Moments/android.widget.TextView0 - Split Bill (1)' is: 'Split Bill'

2020-08-05 17:34:54 - [MESSAGE][WARNING] - Timeout '0' is invalid. Using default page load timeout: '10'

2020-08-05 17:34:54 - [MESSAGE][PASSED] - Text of element 'Object Repository/Maya/Onboarding Moments/android.widget.TextView0 - Split Bill (1)' is: 'Split Bill'

2020-08-05 17:34:54 - [TEST_STEP][PASSED] - verifyElementExist(findTestObject("Maya/Onboarding Moments/android.widget.TextView0 - Split Bill (1)"), 0): Element 'Object Repository/Maya/Onboarding Moments/android.widget.TextView0 - Split Bill (1)' is exist

2020-08-05 17:34:54 - [MESSAGE][WARNING] - Timeout '0' is invalid. Using default page load timeout: '10'

2020-08-05 17:34:55 - [MESSAGE][PASSED] - Element 'Object Repository/Maya/Onboarding Moments/android.widget.TextView0 - Split Bill (1)' is exist

2020-08-05 17:34:55 - [TEST_STEP][PASSED] - delay(3, STOP_ON_FAILURE): Delayed 3 second(s)

2020-08-05 17:34:58 - [MESSAGE][PASSED] - Delayed 3 second(s)

2020-08-05 17:34:58 - [TEST_STEP][PASSED] - takeScreenshot("C:\Users\LENOVO\Screenshot\Onboarding\Screen15.png", CONTINUE_ON_FAILURE): Screenshot is taken

2020-08-05 17:34:59 - [MESSAGE][PASSED] - Screenshot is taken
[[ATTACHMENT|C:\\Users\\LENOVO\\Screenshot\\Onboarding\\Screen15.png]]

2020-08-05 17:34:59 - [TEST_STEP][PASSED] - tap(findTestObject("Maya/Onboarding Moments/android.widget.ImageView0 (3)"), 0): Tapped on element 'Object Repository/Maya/Onboarding Moments/android.widget.ImageView0 (3)'

2020-08-05 17:34:59 - [MESSAGE][WARNING] - Timeout '0' is invalid. Using default page load timeout: '10'

2020-08-05 17:35:00 - [MESSAGE][PASSED] - Tapped on element 'Object Repository/Maya/Onboarding Moments/android.widget.ImageView0 (3)'

2020-08-05 17:35:00 - [TEST_STEP][PASSED] - tap(findTestObject("Maya/Onboarding Moments/android.widget.TextView0 - Send  Request"), 0): Tapped on element 'Object Repository/Maya/Onboarding Moments/android.widget.TextView0 - Send  Request'

2020-08-05 17:35:00 - [MESSAGE][WARNING] - Timeout '0' is invalid. Using default page load timeout: '10'

2020-08-05 17:35:04 - [MESSAGE][PASSED] - Tapped on element 'Object Repository/Maya/Onboarding Moments/android.widget.TextView0 - Send  Request'

2020-08-05 17:35:04 - [TEST_STEP][PASSED] - getText(findTestObject("Maya/Onboarding Moments/android.widget.TextView0 - SendMoney"), 0): Text of element 'Object Repository/Maya/Onboarding Moments/android.widget.TextView0 - SendMoney' is: 'Send
Money'

2020-08-05 17:35:04 - [MESSAGE][WARNING] - Timeout '0' is invalid. Using default page load timeout: '10'

2020-08-05 17:35:04 - [MESSAGE][PASSED] - Text of element 'Object Repository/Maya/Onboarding Moments/android.widget.TextView0 - SendMoney' is: 'Send
Money'

2020-08-05 17:35:04 - [TEST_STEP][PASSED] - verifyElementExist(findTestObject("Maya/Onboarding Moments/android.widget.TextView0 - SendMoney"), 0): Element 'Object Repository/Maya/Onboarding Moments/android.widget.TextView0 - SendMoney' is exist

2020-08-05 17:35:04 - [MESSAGE][WARNING] - Timeout '0' is invalid. Using default page load timeout: '10'

2020-08-05 17:35:04 - [MESSAGE][PASSED] - Element 'Object Repository/Maya/Onboarding Moments/android.widget.TextView0 - SendMoney' is exist

2020-08-05 17:35:04 - [TEST_STEP][PASSED] - getText(findTestObject("Maya/Onboarding Moments/android.widget.TextView0 - RequestMoney"), 0): Text of element 'Object Repository/Maya/Onboarding Moments/android.widget.TextView0 - RequestMoney' is: 'Request
Money'

2020-08-05 17:35:04 - [MESSAGE][WARNING] - Timeout '0' is invalid. Using default page load timeout: '10'

2020-08-05 17:35:05 - [MESSAGE][PASSED] - Text of element 'Object Repository/Maya/Onboarding Moments/android.widget.TextView0 - RequestMoney' is: 'Request
Money'

2020-08-05 17:35:05 - [TEST_STEP][PASSED] - verifyElementExist(findTestObject("Maya/Onboarding Moments/android.widget.TextView0 - RequestMoney"), 0): Element 'Object Repository/Maya/Onboarding Moments/android.widget.TextView0 - RequestMoney' is exist

2020-08-05 17:35:05 - [MESSAGE][WARNING] - Timeout '0' is invalid. Using default page load timeout: '10'

2020-08-05 17:35:05 - [MESSAGE][PASSED] - Element 'Object Repository/Maya/Onboarding Moments/android.widget.TextView0 - RequestMoney' is exist

2020-08-05 17:35:05 - [TEST_STEP][PASSED] - delay(3, STOP_ON_FAILURE): Delayed 3 second(s)

2020-08-05 17:35:08 - [MESSAGE][PASSED] - Delayed 3 second(s)

2020-08-05 17:35:08 - [TEST_STEP][PASSED] - takeScreenshot("C:\Users\LENOVO\Screenshot\Onboarding\Screen16.png", CONTINUE_ON_FAILURE): Screenshot is taken

2020-08-05 17:35:09 - [MESSAGE][PASSED] - Screenshot is taken
[[ATTACHMENT|C:\\Users\\LENOVO\\Screenshot\\Onboarding\\Screen16.png]]

2020-08-05 17:35:09 - [TEST_STEP][PASSED] - tap(findTestObject("Maya/Onboarding Moments/android.widget.ImageView0 (3)"), 0): Tapped on element 'Object Repository/Maya/Onboarding Moments/android.widget.ImageView0 (3)'

2020-08-05 17:35:09 - [MESSAGE][WARNING] - Timeout '0' is invalid. Using default page load timeout: '10'

2020-08-05 17:35:10 - [MESSAGE][PASSED] - Tapped on element 'Object Repository/Maya/Onboarding Moments/android.widget.ImageView0 (3)'

2020-08-05 17:35:10 - [TEST_STEP][PASSED] - tap(findTestObject("Maya/Onboarding Moments/android.widget.TextView0 - Scan  Pay (1)"), 0): Tapped on element 'Object Repository/Maya/Onboarding Moments/android.widget.TextView0 - Scan  Pay (1)'

2020-08-05 17:35:10 - [MESSAGE][WARNING] - Timeout '0' is invalid. Using default page load timeout: '10'

2020-08-05 17:35:14 - [MESSAGE][PASSED] - Tapped on element 'Object Repository/Maya/Onboarding Moments/android.widget.TextView0 - Scan  Pay (1)'

2020-08-05 17:35:14 - [TEST_STEP][PASSED] - getText(findTestObject("Maya/Onboarding Moments/android.widget.TextView0 - Scan  Pay (2)"), 0): Text of element 'Object Repository/Maya/Onboarding Moments/android.widget.TextView0 - Scan  Pay (2)' is: 'Scan & Pay'

2020-08-05 17:35:14 - [MESSAGE][WARNING] - Timeout '0' is invalid. Using default page load timeout: '10'

2020-08-05 17:35:15 - [MESSAGE][PASSED] - Text of element 'Object Repository/Maya/Onboarding Moments/android.widget.TextView0 - Scan  Pay (2)' is: 'Scan & Pay'

2020-08-05 17:35:15 - [TEST_STEP][PASSED] - verifyElementExist(findTestObject("Maya/Onboarding Moments/android.widget.TextView0 - Scan  Pay (2)"), 0): Element 'Object Repository/Maya/Onboarding Moments/android.widget.TextView0 - Scan  Pay (2)' is exist

2020-08-05 17:35:15 - [MESSAGE][WARNING] - Timeout '0' is invalid. Using default page load timeout: '10'

2020-08-05 17:35:15 - [MESSAGE][PASSED] - Element 'Object Repository/Maya/Onboarding Moments/android.widget.TextView0 - Scan  Pay (2)' is exist

2020-08-05 17:35:15 - [TEST_STEP][PASSED] - delay(3, STOP_ON_FAILURE): Delayed 3 second(s)

2020-08-05 17:35:18 - [MESSAGE][PASSED] - Delayed 3 second(s)

2020-08-05 17:35:18 - [TEST_STEP][PASSED] - takeScreenshot("C:\Users\LENOVO\Screenshot\Onboarding\Screen17.png", CONTINUE_ON_FAILURE): Screenshot is taken

2020-08-05 17:35:20 - [MESSAGE][PASSED] - Screenshot is taken
[[ATTACHMENT|C:\\Users\\LENOVO\\Screenshot\\Onboarding\\Screen17.png]]

2020-08-05 17:35:20 - [TEST_STEP][PASSED] - tap(findTestObject("Maya/Onboarding Moments/android.widget.ImageView0 (5)"), 0): Tapped on element 'Object Repository/Maya/Onboarding Moments/android.widget.ImageView0 (5)'

2020-08-05 17:35:20 - [MESSAGE][WARNING] - Timeout '0' is invalid. Using default page load timeout: '10'

2020-08-05 17:35:21 - [MESSAGE][PASSED] - Tapped on element 'Object Repository/Maya/Onboarding Moments/android.widget.ImageView0 (5)'

2020-08-05 17:35:21 - [TEST_STEP][PASSED] - tap(findTestObject("Maya/Onboarding Moments/android.widget.TextView0 - Wallet (2)"), 0): Tapped on element 'Object Repository/Maya/Onboarding Moments/android.widget.TextView0 - Wallet (2)'

2020-08-05 17:35:21 - [MESSAGE][WARNING] - Timeout '0' is invalid. Using default page load timeout: '10'

2020-08-05 17:35:25 - [MESSAGE][PASSED] - Tapped on element 'Object Repository/Maya/Onboarding Moments/android.widget.TextView0 - Wallet (2)'

2020-08-05 17:35:25 - [TEST_STEP][PASSED] - getText(findTestObject("Maya/Onboarding Moments/android.widget.TextView0 - Transfer"), 0): Text of element 'Object Repository/Maya/Onboarding Moments/android.widget.TextView0 - Transfer' is: 'Transfer'

2020-08-05 17:35:25 - [MESSAGE][WARNING] - Timeout '0' is invalid. Using default page load timeout: '10'

2020-08-05 17:35:25 - [MESSAGE][PASSED] - Text of element 'Object Repository/Maya/Onboarding Moments/android.widget.TextView0 - Transfer' is: 'Transfer'

2020-08-05 17:35:25 - [TEST_STEP][PASSED] - verifyElementExist(findTestObject("Maya/Onboarding Moments/android.widget.TextView0 - Transfer"), 0): Element 'Object Repository/Maya/Onboarding Moments/android.widget.TextView0 - Transfer' is exist

2020-08-05 17:35:25 - [MESSAGE][WARNING] - Timeout '0' is invalid. Using default page load timeout: '10'

2020-08-05 17:35:25 - [MESSAGE][PASSED] - Element 'Object Repository/Maya/Onboarding Moments/android.widget.TextView0 - Transfer' is exist

2020-08-05 17:35:25 - [TEST_STEP][PASSED] - delay(3, STOP_ON_FAILURE): Delayed 3 second(s)

2020-08-05 17:35:28 - [MESSAGE][PASSED] - Delayed 3 second(s)

2020-08-05 17:35:28 - [TEST_STEP][PASSED] - takeScreenshot("C:\Users\LENOVO\Screenshot\Onboarding\Screen19.png", CONTINUE_ON_FAILURE): Screenshot is taken

2020-08-05 17:35:30 - [MESSAGE][PASSED] - Screenshot is taken
[[ATTACHMENT|C:\\Users\\LENOVO\\Screenshot\\Onboarding\\Screen19.png]]

2020-08-05 17:35:30 - [TEST_STEP][PASSED] - tap(findTestObject("Maya/Onboarding Moments/android.widget.TextView0 - Maybank2u"), 0): Tapped on element 'Object Repository/Maya/Onboarding Moments/android.widget.TextView0 - Maybank2u'

2020-08-05 17:35:30 - [MESSAGE][WARNING] - Timeout '0' is invalid. Using default page load timeout: '10'

2020-08-05 17:35:43 - [MESSAGE][PASSED] - Tapped on element 'Object Repository/Maya/Onboarding Moments/android.widget.TextView0 - Maybank2u'

2020-08-05 17:35:43 - [TEST_STEP][PASSED] - getText(findTestObject("Maya/Onboarding Moments/android.widget.TextView0 - ACCOUNTS"), 0): Text of element 'Object Repository/Maya/Onboarding Moments/android.widget.TextView0 - ACCOUNTS' is: 'ACCOUNTS'

2020-08-05 17:35:43 - [MESSAGE][WARNING] - Timeout '0' is invalid. Using default page load timeout: '10'

2020-08-05 17:35:44 - [MESSAGE][PASSED] - Text of element 'Object Repository/Maya/Onboarding Moments/android.widget.TextView0 - ACCOUNTS' is: 'ACCOUNTS'

2020-08-05 17:35:44 - [TEST_STEP][PASSED] - verifyElementExist(findTestObject("Maya/Onboarding Moments/android.widget.TextView0 - ACCOUNTS"), 0): Element 'Object Repository/Maya/Onboarding Moments/android.widget.TextView0 - ACCOUNTS' is exist

2020-08-05 17:35:44 - [MESSAGE][WARNING] - Timeout '0' is invalid. Using default page load timeout: '10'

2020-08-05 17:35:44 - [MESSAGE][PASSED] - Element 'Object Repository/Maya/Onboarding Moments/android.widget.TextView0 - ACCOUNTS' is exist

2020-08-05 17:35:44 - [TEST_STEP][PASSED] - delay(3, STOP_ON_FAILURE): Delayed 3 second(s)

2020-08-05 17:35:47 - [MESSAGE][PASSED] - Delayed 3 second(s)

2020-08-05 17:35:47 - [TEST_STEP][PASSED] - takeScreenshot("C:\Users\LENOVO\Screenshot\Onboarding\Screen20.png", CONTINUE_ON_FAILURE): Screenshot is taken

2020-08-05 17:35:48 - [MESSAGE][PASSED] - Screenshot is taken
[[ATTACHMENT|C:\\Users\\LENOVO\\Screenshot\\Onboarding\\Screen20.png]]

2020-08-05 17:35:48 - [TEST_STEP][PASSED] - getText(findTestObject("Maya/Onboarding Moments/android.widget.TextView0 - CARDS"), 0): Text of element 'Object Repository/Maya/Onboarding Moments/android.widget.TextView0 - CARDS' is: 'CARDS'

2020-08-05 17:35:48 - [MESSAGE][WARNING] - Timeout '0' is invalid. Using default page load timeout: '10'

2020-08-05 17:35:49 - [MESSAGE][PASSED] - Text of element 'Object Repository/Maya/Onboarding Moments/android.widget.TextView0 - CARDS' is: 'CARDS'

2020-08-05 17:35:49 - [TEST_STEP][PASSED] - verifyElementExist(findTestObject("Maya/Onboarding Moments/android.widget.TextView0 - CARDS"), 0): Element 'Object Repository/Maya/Onboarding Moments/android.widget.TextView0 - CARDS' is exist

2020-08-05 17:35:49 - [MESSAGE][WARNING] - Timeout '0' is invalid. Using default page load timeout: '10'

2020-08-05 17:35:49 - [MESSAGE][PASSED] - Element 'Object Repository/Maya/Onboarding Moments/android.widget.TextView0 - CARDS' is exist

2020-08-05 17:35:49 - [TEST_STEP][PASSED] - getText(findTestObject("Maya/Onboarding Moments/android.widget.TextView0 - Maybank2u (1)"), 0): Text of element 'Object Repository/Maya/Onboarding Moments/android.widget.TextView0 - Maybank2u (1)' is: 'Maybank2u'

2020-08-05 17:35:49 - [MESSAGE][WARNING] - Timeout '0' is invalid. Using default page load timeout: '10'

2020-08-05 17:35:49 - [MESSAGE][PASSED] - Text of element 'Object Repository/Maya/Onboarding Moments/android.widget.TextView0 - Maybank2u (1)' is: 'Maybank2u'

2020-08-05 17:35:49 - [TEST_STEP][PASSED] - verifyElementExist(findTestObject("Maya/Onboarding Moments/android.widget.TextView0 - Maybank2u (1)"), 0): Element 'Object Repository/Maya/Onboarding Moments/android.widget.TextView0 - Maybank2u (1)' is exist

2020-08-05 17:35:49 - [MESSAGE][WARNING] - Timeout '0' is invalid. Using default page load timeout: '10'

2020-08-05 17:35:50 - [MESSAGE][PASSED] - Element 'Object Repository/Maya/Onboarding Moments/android.widget.TextView0 - Maybank2u (1)' is exist

2020-08-05 17:35:50 - [TEST_STEP][PASSED] - delay(3, STOP_ON_FAILURE): Delayed 3 second(s)

2020-08-05 17:35:53 - [MESSAGE][PASSED] - Delayed 3 second(s)

2020-08-05 17:35:53 - [TEST_STEP][PASSED] - takeScreenshot("C:\Users\LENOVO\Screenshot\Onboarding\Screen22.png", CONTINUE_ON_FAILURE): Screenshot is taken

2020-08-05 17:35:54 - [MESSAGE][PASSED] - Screenshot is taken
[[ATTACHMENT|C:\\Users\\LENOVO\\Screenshot\\Onboarding\\Screen22.png]]

2020-08-05 17:35:54 - [TEST_STEP][PASSED] - tap(findTestObject("Maya/Onboarding Moments/android.widget.TextView0 - CARDS"), 0): Tapped on element 'Object Repository/Maya/Onboarding Moments/android.widget.TextView0 - CARDS'

2020-08-05 17:35:54 - [MESSAGE][WARNING] - Timeout '0' is invalid. Using default page load timeout: '10'

2020-08-05 17:35:56 - [MESSAGE][PASSED] - Tapped on element 'Object Repository/Maya/Onboarding Moments/android.widget.TextView0 - CARDS'

2020-08-05 17:35:56 - [TEST_STEP][PASSED] - delay(3, STOP_ON_FAILURE): Delayed 3 second(s)

2020-08-05 17:35:59 - [MESSAGE][PASSED] - Delayed 3 second(s)

2020-08-05 17:35:59 - [TEST_STEP][PASSED] - takeScreenshot("C:\Users\LENOVO\Screenshot\Onboarding\Screen21.png", CONTINUE_ON_FAILURE): Screenshot is taken

2020-08-05 17:36:00 - [MESSAGE][PASSED] - Screenshot is taken
[[ATTACHMENT|C:\\Users\\LENOVO\\Screenshot\\Onboarding\\Screen21.png]]

2020-08-05 17:36:00 - [TEST_STEP][PASSED] - getText(findTestObject("Maya/Onboarding Moments/android.widget.TextView0 - FIXED DEPOSITS"), 0): Text of element 'Object Repository/Maya/Onboarding Moments/android.widget.TextView0 - FIXED DEPOSITS' is: 'FIXED DEPOSITS'

2020-08-05 17:36:00 - [MESSAGE][WARNING] - Timeout '0' is invalid. Using default page load timeout: '10'

2020-08-05 17:36:01 - [MESSAGE][PASSED] - Text of element 'Object Repository/Maya/Onboarding Moments/android.widget.TextView0 - FIXED DEPOSITS' is: 'FIXED DEPOSITS'

2020-08-05 17:36:01 - [TEST_STEP][PASSED] - verifyElementExist(findTestObject("Maya/Onboarding Moments/android.widget.TextView0 - FIXED DEPOSITS"), 0): Element 'Object Repository/Maya/Onboarding Moments/android.widget.TextView0 - FIXED DEPOSITS' is exist

2020-08-05 17:36:01 - [MESSAGE][WARNING] - Timeout '0' is invalid. Using default page load timeout: '10'

2020-08-05 17:36:01 - [MESSAGE][PASSED] - Element 'Object Repository/Maya/Onboarding Moments/android.widget.TextView0 - FIXED DEPOSITS' is exist

2020-08-05 17:36:01 - [TEST_STEP][PASSED] - tap(findTestObject("Maya/Onboarding Moments/android.widget.TextView0 - FIXED DEPOSITS"), 0): Tapped on element 'Object Repository/Maya/Onboarding Moments/android.widget.TextView0 - FIXED DEPOSITS'

2020-08-05 17:36:01 - [MESSAGE][WARNING] - Timeout '0' is invalid. Using default page load timeout: '10'

2020-08-05 17:36:04 - [MESSAGE][PASSED] - Tapped on element 'Object Repository/Maya/Onboarding Moments/android.widget.TextView0 - FIXED DEPOSITS'

2020-08-05 17:36:04 - [TEST_STEP][PASSED] - delay(3, STOP_ON_FAILURE): Delayed 3 second(s)

2020-08-05 17:36:07 - [MESSAGE][PASSED] - Delayed 3 second(s)

2020-08-05 17:36:07 - [TEST_STEP][PASSED] - takeScreenshot("C:\Users\LENOVO\Screenshot\Onboarding\Screen23.png", CONTINUE_ON_FAILURE): Screenshot is taken

2020-08-05 17:36:08 - [MESSAGE][PASSED] - Screenshot is taken
[[ATTACHMENT|C:\\Users\\LENOVO\\Screenshot\\Onboarding\\Screen23.png]]

2020-08-05 17:36:08 - [TEST_STEP][PASSED] - verifyElementExist(findTestObject("Maya/Onboarding Moments/android.widget.TextView0 - LOANS"), 0): Element 'Object Repository/Maya/Onboarding Moments/android.widget.TextView0 - LOANS' is exist

2020-08-05 17:36:08 - [MESSAGE][WARNING] - Timeout '0' is invalid. Using default page load timeout: '10'

2020-08-05 17:36:09 - [MESSAGE][PASSED] - Element 'Object Repository/Maya/Onboarding Moments/android.widget.TextView0 - LOANS' is exist

2020-08-05 17:36:09 - [TEST_STEP][PASSED] - tap(findTestObject("Maya/Onboarding Moments/android.widget.TextView0 - LOANS"), 0): Tapped on element 'Object Repository/Maya/Onboarding Moments/android.widget.TextView0 - LOANS'

2020-08-05 17:36:09 - [MESSAGE][WARNING] - Timeout '0' is invalid. Using default page load timeout: '10'

2020-08-05 17:36:11 - [MESSAGE][PASSED] - Tapped on element 'Object Repository/Maya/Onboarding Moments/android.widget.TextView0 - LOANS'

2020-08-05 17:36:11 - [TEST_STEP][PASSED] - delay(3, STOP_ON_FAILURE): Delayed 3 second(s)

2020-08-05 17:36:14 - [MESSAGE][PASSED] - Delayed 3 second(s)

2020-08-05 17:36:14 - [TEST_STEP][PASSED] - takeScreenshot("C:\Users\LENOVO\Screenshot\Onboarding\Screen24.png", CONTINUE_ON_FAILURE): Screenshot is taken

2020-08-05 17:36:15 - [MESSAGE][PASSED] - Screenshot is taken
[[ATTACHMENT|C:\\Users\\LENOVO\\Screenshot\\Onboarding\\Screen24.png]]

2020-08-05 17:36:15 - [TEST_STEP][PASSED] - verifyElementExist(findTestObject("Maya/Onboarding Moments/android.widget.TextView0 - INVESTMENTS"), 0): Element 'Object Repository/Maya/Onboarding Moments/android.widget.TextView0 - INVESTMENTS' is exist

2020-08-05 17:36:15 - [MESSAGE][WARNING] - Timeout '0' is invalid. Using default page load timeout: '10'

2020-08-05 17:36:15 - [MESSAGE][PASSED] - Element 'Object Repository/Maya/Onboarding Moments/android.widget.TextView0 - INVESTMENTS' is exist

2020-08-05 17:36:15 - [TEST_STEP][PASSED] - tap(findTestObject("Maya/Onboarding Moments/android.widget.TextView0 - INVESTMENTS"), 0): Tapped on element 'Object Repository/Maya/Onboarding Moments/android.widget.TextView0 - INVESTMENTS'

2020-08-05 17:36:16 - [MESSAGE][WARNING] - Timeout '0' is invalid. Using default page load timeout: '10'

2020-08-05 17:36:19 - [MESSAGE][PASSED] - Tapped on element 'Object Repository/Maya/Onboarding Moments/android.widget.TextView0 - INVESTMENTS'

2020-08-05 17:36:19 - [TEST_STEP][PASSED] - delay(3, STOP_ON_FAILURE): Delayed 3 second(s)

2020-08-05 17:36:22 - [MESSAGE][PASSED] - Delayed 3 second(s)

2020-08-05 17:36:22 - [TEST_STEP][PASSED] - takeScreenshot("C:\Users\LENOVO\Screenshot\Onboarding\Screen25.png", CONTINUE_ON_FAILURE): Screenshot is taken

2020-08-05 17:36:23 - [MESSAGE][PASSED] - Screenshot is taken
[[ATTACHMENT|C:\\Users\\LENOVO\\Screenshot\\Onboarding\\Screen25.png]]

2020-08-05 17:36:23 - [TEST_STEP][PASSED] - verifyElementExist(findTestObject("Maya/Onboarding Moments/android.widget.TextView0 - Total Investments"), 0): Element 'Object Repository/Maya/Onboarding Moments/android.widget.TextView0 - Total Investments' is exist

2020-08-05 17:36:23 - [MESSAGE][WARNING] - Timeout '0' is invalid. Using default page load timeout: '10'

2020-08-05 17:36:23 - [MESSAGE][PASSED] - Element 'Object Repository/Maya/Onboarding Moments/android.widget.TextView0 - Total Investments' is exist

2020-08-05 17:36:23 - [TEST_STEP][PASSED] - getText(findTestObject("Maya/Onboarding Moments/android.widget.TextView0 - Total Investments"), 0): Text of element 'Object Repository/Maya/Onboarding Moments/android.widget.TextView0 - Total Investments' is: 'Total Investments'

2020-08-05 17:36:23 - [MESSAGE][WARNING] - Timeout '0' is invalid. Using default page load timeout: '10'

2020-08-05 17:36:24 - [MESSAGE][PASSED] - Text of element 'Object Repository/Maya/Onboarding Moments/android.widget.TextView0 - Total Investments' is: 'Total Investments'

2020-08-05 17:36:24 - [TEST_STEP][NOT_RUN] - tap(findTestObject("Maya/Onboarding Moments/android.widget.TextView0 - Expenses (1)"), 0): NOT_RUN: tap(findTestObject("Maya/Onboarding Moments/android.widget.TextView0 - Expenses (1)"), 0)

2020-08-05 17:36:24 - [MESSAGE][NOT_RUN] - NOT_RUN: tap(findTestObject("Maya/Onboarding Moments/android.widget.TextView0 - Expenses (1)"), 0)

2020-08-05 17:36:24 - [TEST_STEP][PASSED] - verifyElementExist(findTestObject("Maya/Onboarding Moments/android.widget.TextView0 - Expenses"), 0): Element 'Object Repository/Maya/Onboarding Moments/android.widget.TextView0 - Expenses' is exist

2020-08-05 17:36:24 - [MESSAGE][WARNING] - Timeout '0' is invalid. Using default page load timeout: '10'

2020-08-05 17:36:34 - [MESSAGE][PASSED] - Element 'Object Repository/Maya/Onboarding Moments/android.widget.TextView0 - Expenses' is exist

2020-08-05 17:36:34 - [TEST_STEP][PASSED] - tap(findTestObject("Maya/Onboarding Moments/android.widget.TextView0 - Expenses"), 0): Tapped on element 'Object Repository/Maya/Onboarding Moments/android.widget.TextView0 - Expenses'

2020-08-05 17:36:34 - [MESSAGE][WARNING] - Timeout '0' is invalid. Using default page load timeout: '10'

2020-08-05 17:36:47 - [MESSAGE][PASSED] - Tapped on element 'Object Repository/Maya/Onboarding Moments/android.widget.TextView0 - Expenses'

2020-08-05 17:36:47 - [TEST_STEP][PASSED] - delay(3, STOP_ON_FAILURE): Delayed 3 second(s)

2020-08-05 17:36:50 - [MESSAGE][PASSED] - Delayed 3 second(s)

2020-08-05 17:36:50 - [TEST_STEP][PASSED] - takeScreenshot("C:\Users\LENOVO\Screenshot\Onboarding\Screen27.png", CONTINUE_ON_FAILURE): Screenshot is taken

2020-08-05 17:36:51 - [MESSAGE][PASSED] - Screenshot is taken
[[ATTACHMENT|C:\\Users\\LENOVO\\Screenshot\\Onboarding\\Screen27.png]]

2020-08-05 17:36:51 - [TEST_STEP][PASSED] - tap(findTestObject("Maya/Onboarding Moments/android.widget.TextView0 - Add Now"), 0): Tapped on element 'Object Repository/Maya/Onboarding Moments/android.widget.TextView0 - Add Now'

2020-08-05 17:36:51 - [MESSAGE][WARNING] - Timeout '0' is invalid. Using default page load timeout: '10'

2020-08-05 17:36:54 - [MESSAGE][PASSED] - Tapped on element 'Object Repository/Maya/Onboarding Moments/android.widget.TextView0 - Add Now'

2020-08-05 17:36:54 - [TEST_STEP][PASSED] - tap(findTestObject("Maya/Onboarding Moments/android.widget.TextView0 - Set Category"), 0): Tapped on element 'Object Repository/Maya/Onboarding Moments/android.widget.TextView0 - Set Category'

2020-08-05 17:36:54 - [MESSAGE][WARNING] - Timeout '0' is invalid. Using default page load timeout: '10'

2020-08-05 17:36:57 - [MESSAGE][PASSED] - Tapped on element 'Object Repository/Maya/Onboarding Moments/android.widget.TextView0 - Set Category'

2020-08-05 17:36:57 - [TEST_STEP][PASSED] - tap(findTestObject("Maya/Onboarding Moments/android.widget.TextView0 - Entertainment"), 0): Tapped on element 'Object Repository/Maya/Onboarding Moments/android.widget.TextView0 - Entertainment'

2020-08-05 17:36:57 - [MESSAGE][WARNING] - Timeout '0' is invalid. Using default page load timeout: '10'

2020-08-05 17:36:59 - [MESSAGE][PASSED] - Tapped on element 'Object Repository/Maya/Onboarding Moments/android.widget.TextView0 - Entertainment'

2020-08-05 17:36:59 - [TEST_STEP][PASSED] - tap(findTestObject("Maya/Onboarding Moments/android.widget.TextView0 - Art  craft store"), 0): Tapped on element 'Object Repository/Maya/Onboarding Moments/android.widget.TextView0 - Art  craft store'

2020-08-05 17:36:59 - [MESSAGE][WARNING] - Timeout '0' is invalid. Using default page load timeout: '10'

2020-08-05 17:37:01 - [MESSAGE][PASSED] - Tapped on element 'Object Repository/Maya/Onboarding Moments/android.widget.TextView0 - Art  craft store'

2020-08-05 17:37:01 - [TEST_STEP][PASSED] - tap(findTestObject("Maya/Onboarding Moments/android.widget.TextView0 - Done"), 0): Tapped on element 'Object Repository/Maya/Onboarding Moments/android.widget.TextView0 - Done'

2020-08-05 17:37:01 - [MESSAGE][WARNING] - Timeout '0' is invalid. Using default page load timeout: '10'

2020-08-05 17:37:03 - [MESSAGE][PASSED] - Tapped on element 'Object Repository/Maya/Onboarding Moments/android.widget.TextView0 - Done'

2020-08-05 17:37:03 - [TEST_STEP][PASSED] - tap(findTestObject("Maya/Onboarding Moments/android.widget.TextView0 - -RM  0.00"), 0): Tapped on element 'Object Repository/Maya/Onboarding Moments/android.widget.TextView0 - -RM  0.00'

2020-08-05 17:37:03 - [MESSAGE][WARNING] - Timeout '0' is invalid. Using default page load timeout: '10'

2020-08-05 17:37:05 - [MESSAGE][PASSED] - Tapped on element 'Object Repository/Maya/Onboarding Moments/android.widget.TextView0 - -RM  0.00'

2020-08-05 17:37:05 - [TEST_STEP][PASSED] - tap(findTestObject("Maya/Onboarding Moments/android.widget.TextView0 - 2 (2)"), 0): Tapped on element 'Object Repository/Maya/Onboarding Moments/android.widget.TextView0 - 2 (2)'

2020-08-05 17:37:05 - [MESSAGE][WARNING] - Timeout '0' is invalid. Using default page load timeout: '10'

2020-08-05 17:37:06 - [MESSAGE][PASSED] - Tapped on element 'Object Repository/Maya/Onboarding Moments/android.widget.TextView0 - 2 (2)'

2020-08-05 17:37:06 - [TEST_STEP][PASSED] - tap(findTestObject("Maya/Onboarding Moments/android.widget.TextView0 - 3 (2)"), 0): Tapped on element 'Object Repository/Maya/Onboarding Moments/android.widget.TextView0 - 3 (2)'

2020-08-05 17:37:06 - [MESSAGE][WARNING] - Timeout '0' is invalid. Using default page load timeout: '10'

2020-08-05 17:37:08 - [MESSAGE][PASSED] - Tapped on element 'Object Repository/Maya/Onboarding Moments/android.widget.TextView0 - 3 (2)'

2020-08-05 17:37:08 - [TEST_STEP][PASSED] - tap(findTestObject("Maya/Onboarding Moments/android.widget.ImageView0 (7)"), 0): Tapped on element 'Object Repository/Maya/Onboarding Moments/android.widget.ImageView0 (7)'

2020-08-05 17:37:08 - [MESSAGE][WARNING] - Timeout '0' is invalid. Using default page load timeout: '10'

2020-08-05 17:37:08 - [MESSAGE][PASSED] - Tapped on element 'Object Repository/Maya/Onboarding Moments/android.widget.ImageView0 (7)'

2020-08-05 17:37:08 - [TEST_STEP][PASSED] - tap(findTestObject("Maya/Onboarding Moments/android.widget.TextView0 - Add Expense"), 0): Tapped on element 'Object Repository/Maya/Onboarding Moments/android.widget.TextView0 - Add Expense'

2020-08-05 17:37:08 - [MESSAGE][WARNING] - Timeout '0' is invalid. Using default page load timeout: '10'

2020-08-05 17:37:12 - [MESSAGE][PASSED] - Tapped on element 'Object Repository/Maya/Onboarding Moments/android.widget.TextView0 - Add Expense'

2020-08-05 17:37:12 - [TEST_STEP][PASSED] - getText(findTestObject("Maya/Onboarding Moments/android.widget.TextView0 - Latest"), 0): Text of element 'Object Repository/Maya/Onboarding Moments/android.widget.TextView0 - Latest' is: 'Latest'

2020-08-05 17:37:12 - [MESSAGE][WARNING] - Timeout '0' is invalid. Using default page load timeout: '10'

2020-08-05 17:37:12 - [MESSAGE][PASSED] - Text of element 'Object Repository/Maya/Onboarding Moments/android.widget.TextView0 - Latest' is: 'Latest'

2020-08-05 17:37:12 - [TEST_STEP][PASSED] - verifyElementExist(findTestObject("Maya/Onboarding Moments/android.widget.TextView0 - Latest"), 0): Element 'Object Repository/Maya/Onboarding Moments/android.widget.TextView0 - Latest' is exist

2020-08-05 17:37:12 - [MESSAGE][WARNING] - Timeout '0' is invalid. Using default page load timeout: '10'

2020-08-05 17:37:13 - [MESSAGE][PASSED] - Element 'Object Repository/Maya/Onboarding Moments/android.widget.TextView0 - Latest' is exist

2020-08-05 17:37:13 - [TEST_STEP][PASSED] - delay(3, STOP_ON_FAILURE): Delayed 3 second(s)

2020-08-05 17:37:16 - [MESSAGE][PASSED] - Delayed 3 second(s)

2020-08-05 17:37:16 - [TEST_STEP][PASSED] - takeScreenshot("C:\Users\LENOVO\Screenshot\Onboarding\Screen28.png", CONTINUE_ON_FAILURE): Screenshot is taken

2020-08-05 17:37:17 - [MESSAGE][PASSED] - Screenshot is taken
[[ATTACHMENT|C:\\Users\\LENOVO\\Screenshot\\Onboarding\\Screen28.png]]

2020-08-05 17:37:17 - [TEST_STEP][PASSED] - getText(findTestObject("Maya/Onboarding Moments/android.widget.TextView0 - Categories"), 0): Text of element 'Object Repository/Maya/Onboarding Moments/android.widget.TextView0 - Categories' is: 'Categories'

2020-08-05 17:37:17 - [MESSAGE][WARNING] - Timeout '0' is invalid. Using default page load timeout: '10'

2020-08-05 17:37:17 - [MESSAGE][PASSED] - Text of element 'Object Repository/Maya/Onboarding Moments/android.widget.TextView0 - Categories' is: 'Categories'

2020-08-05 17:37:17 - [TEST_STEP][PASSED] - verifyElementExist(findTestObject("Maya/Onboarding Moments/android.widget.TextView0 - Categories"), 0): Element 'Object Repository/Maya/Onboarding Moments/android.widget.TextView0 - Categories' is exist

2020-08-05 17:37:17 - [MESSAGE][WARNING] - Timeout '0' is invalid. Using default page load timeout: '10'

2020-08-05 17:37:18 - [MESSAGE][PASSED] - Element 'Object Repository/Maya/Onboarding Moments/android.widget.TextView0 - Categories' is exist

2020-08-05 17:37:18 - [TEST_STEP][PASSED] - getText(findTestObject("Maya/Onboarding Moments/android.widget.TextView0 - Merchants"), 0): Text of element 'Object Repository/Maya/Onboarding Moments/android.widget.TextView0 - Merchants' is: 'Merchants'

2020-08-05 17:37:18 - [MESSAGE][WARNING] - Timeout '0' is invalid. Using default page load timeout: '10'

2020-08-05 17:37:18 - [MESSAGE][PASSED] - Text of element 'Object Repository/Maya/Onboarding Moments/android.widget.TextView0 - Merchants' is: 'Merchants'

2020-08-05 17:37:18 - [TEST_STEP][PASSED] - verifyElementExist(findTestObject("Maya/Onboarding Moments/android.widget.TextView0 - Merchants"), 0): Element 'Object Repository/Maya/Onboarding Moments/android.widget.TextView0 - Merchants' is exist

2020-08-05 17:37:18 - [MESSAGE][WARNING] - Timeout '0' is invalid. Using default page load timeout: '10'

2020-08-05 17:37:19 - [MESSAGE][PASSED] - Element 'Object Repository/Maya/Onboarding Moments/android.widget.TextView0 - Merchants' is exist

2020-08-05 17:37:19 - [TEST_STEP][PASSED] - tap(findTestObject("Maya/Onboarding Moments/android.view.ViewGroup0"), 0): Tapped on element 'Object Repository/Maya/Onboarding Moments/android.view.ViewGroup0'

2020-08-05 17:37:19 - [MESSAGE][WARNING] - Timeout '0' is invalid. Using default page load timeout: '10'

2020-08-05 17:37:20 - [MESSAGE][PASSED] - Tapped on element 'Object Repository/Maya/Onboarding Moments/android.view.ViewGroup0'

2020-08-05 17:37:20 - [TEST_STEP][PASSED] - tap(findTestObject("Maya/Onboarding Moments/android.widget.ImageView0 (8)"), 0): Tapped on element 'Object Repository/Maya/Onboarding Moments/android.widget.ImageView0 (8)'

2020-08-05 17:37:20 - [MESSAGE][WARNING] - Timeout '0' is invalid. Using default page load timeout: '10'

2020-08-05 17:37:23 - [MESSAGE][PASSED] - Tapped on element 'Object Repository/Maya/Onboarding Moments/android.widget.ImageView0 (8)'

2020-08-05 17:37:23 - [TEST_STEP][PASSED] - tap(findTestObject("Maya/Onboarding Moments/android.widget.TextView0 - Yes"), 0): Tapped on element 'Object Repository/Maya/Onboarding Moments/android.widget.TextView0 - Yes'

2020-08-05 17:37:23 - [MESSAGE][WARNING] - Timeout '0' is invalid. Using default page load timeout: '10'

2020-08-05 17:37:26 - [MESSAGE][PASSED] - Tapped on element 'Object Repository/Maya/Onboarding Moments/android.widget.TextView0 - Yes'

2020-08-05 17:37:26 - [TEST_STEP][PASSED] - tap(findTestObject("Maya/Onboarding Moments/android.widget.TextView0 - More"), 0): Tapped on element 'Object Repository/Maya/Onboarding Moments/android.widget.TextView0 - More'

2020-08-05 17:37:26 - [MESSAGE][WARNING] - Timeout '0' is invalid. Using default page load timeout: '10'

2020-08-05 17:37:39 - [MESSAGE][PASSED] - Tapped on element 'Object Repository/Maya/Onboarding Moments/android.widget.TextView0 - More'

2020-08-05 17:37:39 - [TEST_STEP][PASSED] - delay(3, STOP_ON_FAILURE): Delayed 3 second(s)

2020-08-05 17:37:42 - [MESSAGE][PASSED] - Delayed 3 second(s)

2020-08-05 17:37:42 - [TEST_STEP][PASSED] - takeScreenshot("C:\Users\LENOVO\Screenshot\Onboarding\Screen29.png", CONTINUE_ON_FAILURE): Screenshot is taken

2020-08-05 17:37:43 - [MESSAGE][PASSED] - Screenshot is taken
[[ATTACHMENT|C:\\Users\\LENOVO\\Screenshot\\Onboarding\\Screen29.png]]

2020-08-05 17:37:43 - [TEST_STEP][PASSED] - tap(findTestObject("Maya/Onboarding Moments/android.widget.TextView0 - Loyalty"), 0): Tapped on element 'Object Repository/Maya/Onboarding Moments/android.widget.TextView0 - Loyalty'

2020-08-05 17:37:43 - [MESSAGE][WARNING] - Timeout '0' is invalid. Using default page load timeout: '10'

2020-08-05 17:37:46 - [MESSAGE][PASSED] - Tapped on element 'Object Repository/Maya/Onboarding Moments/android.widget.TextView0 - Loyalty'

2020-08-05 17:37:46 - [TEST_STEP][PASSED] - getText(findTestObject("Maya/Onboarding Moments/android.widget.TextView0 - Loyalty (1)"), 0): Text of element 'Object Repository/Maya/Onboarding Moments/android.widget.TextView0 - Loyalty (1)' is: 'Loyalty'

2020-08-05 17:37:46 - [MESSAGE][WARNING] - Timeout '0' is invalid. Using default page load timeout: '10'

2020-08-05 17:37:46 - [MESSAGE][PASSED] - Text of element 'Object Repository/Maya/Onboarding Moments/android.widget.TextView0 - Loyalty (1)' is: 'Loyalty'

2020-08-05 17:37:46 - [TEST_STEP][PASSED] - verifyElementExist(findTestObject("Maya/Onboarding Moments/android.widget.TextView0 - Loyalty (1)"), 0): Element 'Object Repository/Maya/Onboarding Moments/android.widget.TextView0 - Loyalty (1)' is exist

2020-08-05 17:37:46 - [MESSAGE][WARNING] - Timeout '0' is invalid. Using default page load timeout: '10'

2020-08-05 17:37:48 - [MESSAGE][PASSED] - Element 'Object Repository/Maya/Onboarding Moments/android.widget.TextView0 - Loyalty (1)' is exist

2020-08-05 17:37:48 - [TEST_STEP][PASSED] - delay(3, STOP_ON_FAILURE): Delayed 3 second(s)

2020-08-05 17:37:51 - [MESSAGE][PASSED] - Delayed 3 second(s)

2020-08-05 17:37:51 - [TEST_STEP][PASSED] - takeScreenshot("C:\Users\LENOVO\Screenshot\Onboarding\Screen30.png", CONTINUE_ON_FAILURE): Screenshot is taken

2020-08-05 17:37:52 - [MESSAGE][PASSED] - Screenshot is taken
[[ATTACHMENT|C:\\Users\\LENOVO\\Screenshot\\Onboarding\\Screen30.png]]

2020-08-05 17:37:52 - [TEST_STEP][PASSED] - delay(3, STOP_ON_FAILURE): Delayed 3 second(s)

2020-08-05 17:37:55 - [MESSAGE][PASSED] - Delayed 3 second(s)

2020-08-05 17:37:55 - [TEST_STEP][PASSED] - tapAndHoldAtPosition(97, 175, 1): Tapped and held at [97, 175] with duration 1

2020-08-05 17:37:57 - [MESSAGE][PASSED] - Tapped and held at [97, 175] with duration 1

2020-08-05 17:37:57 - [TEST_STEP][PASSED] - tap(findTestObject("Maya/Onboarding Moments/android.widget.TextView0 - Food"), 0): Tapped on element 'Object Repository/Maya/Onboarding Moments/android.widget.TextView0 - Food'

2020-08-05 17:37:57 - [MESSAGE][WARNING] - Timeout '0' is invalid. Using default page load timeout: '10'

2020-08-05 17:38:01 - [MESSAGE][PASSED] - Tapped on element 'Object Repository/Maya/Onboarding Moments/android.widget.TextView0 - Food'

2020-08-05 17:38:01 - [TEST_STEP][PASSED] - delay(3, STOP_ON_FAILURE): Delayed 3 second(s)

2020-08-05 17:38:04 - [MESSAGE][PASSED] - Delayed 3 second(s)

2020-08-05 17:38:04 - [TEST_STEP][PASSED] - takeScreenshot("C:\Users\LENOVO\Screenshot\Onboarding\Screen31.png", CONTINUE_ON_FAILURE): Screenshot is taken

2020-08-05 17:38:06 - [MESSAGE][PASSED] - Screenshot is taken
[[ATTACHMENT|C:\\Users\\LENOVO\\Screenshot\\Onboarding\\Screen31.png]]

2020-08-05 17:38:06 - [TEST_STEP][PASSED] - getText(findTestObject("Maya/Onboarding Moments/android.widget.TextView0 - DISCOVER"), 0): Text of element 'Object Repository/Maya/Onboarding Moments/android.widget.TextView0 - DISCOVER' is: 'DISCOVER'

2020-08-05 17:38:06 - [MESSAGE][WARNING] - Timeout '0' is invalid. Using default page load timeout: '10'

2020-08-05 17:38:06 - [MESSAGE][PASSED] - Text of element 'Object Repository/Maya/Onboarding Moments/android.widget.TextView0 - DISCOVER' is: 'DISCOVER'

2020-08-05 17:38:06 - [TEST_STEP][PASSED] - verifyElementExist(findTestObject("Maya/Onboarding Moments/android.widget.TextView0 - DISCOVER"), 0): Element 'Object Repository/Maya/Onboarding Moments/android.widget.TextView0 - DISCOVER' is exist

2020-08-05 17:38:06 - [MESSAGE][WARNING] - Timeout '0' is invalid. Using default page load timeout: '10'

2020-08-05 17:38:07 - [MESSAGE][PASSED] - Element 'Object Repository/Maya/Onboarding Moments/android.widget.TextView0 - DISCOVER' is exist

2020-08-05 17:38:07 - [TEST_STEP][PASSED] - delay(3, STOP_ON_FAILURE): Delayed 3 second(s)

2020-08-05 17:38:10 - [MESSAGE][PASSED] - Delayed 3 second(s)

2020-08-05 17:38:10 - [TEST_STEP][PASSED] - tapAndHoldAtPosition(97, 175, 1): Tapped and held at [97, 175] with duration 1

2020-08-05 17:38:12 - [MESSAGE][PASSED] - Tapped and held at [97, 175] with duration 1

2020-08-05 17:38:12 - [TEST_STEP][PASSED] - tap(findTestObject("Maya/Onboarding Moments/android.widget.TextView0 - Promotions"), 0): Tapped on element 'Object Repository/Maya/Onboarding Moments/android.widget.TextView0 - Promotions'

2020-08-05 17:38:12 - [MESSAGE][WARNING] - Timeout '0' is invalid. Using default page load timeout: '10'

2020-08-05 17:38:23 - [MESSAGE][PASSED] - Tapped on element 'Object Repository/Maya/Onboarding Moments/android.widget.TextView0 - Promotions'

2020-08-05 17:38:23 - [TEST_STEP][PASSED] - delay(3, STOP_ON_FAILURE): Delayed 3 second(s)

2020-08-05 17:38:26 - [MESSAGE][PASSED] - Delayed 3 second(s)

2020-08-05 17:38:26 - [TEST_STEP][PASSED] - takeScreenshot("C:\Users\LENOVO\Screenshot\Onboarding\Screen32.png", CONTINUE_ON_FAILURE): Screenshot is taken

2020-08-05 17:38:28 - [MESSAGE][PASSED] - Screenshot is taken
[[ATTACHMENT|C:\\Users\\LENOVO\\Screenshot\\Onboarding\\Screen32.png]]

2020-08-05 17:38:28 - [TEST_STEP][PASSED] - getText(findTestObject("Maya/Onboarding Moments/android.widget.TextView0 - Promotions (1)"), 0): Text of element 'Object Repository/Maya/Onboarding Moments/android.widget.TextView0 - Promotions (1)' is: 'Promotions'

2020-08-05 17:38:28 - [MESSAGE][WARNING] - Timeout '0' is invalid. Using default page load timeout: '10'

2020-08-05 17:39:23 - [MESSAGE][PASSED] - Text of element 'Object Repository/Maya/Onboarding Moments/android.widget.TextView0 - Promotions (1)' is: 'Promotions'

2020-08-05 17:39:23 - [TEST_STEP][PASSED] - verifyElementExist(findTestObject("Maya/Onboarding Moments/android.widget.TextView0 - Promotions (1)"), 0): Element 'Object Repository/Maya/Onboarding Moments/android.widget.TextView0 - Promotions (1)' is exist

2020-08-05 17:39:23 - [MESSAGE][WARNING] - Timeout '0' is invalid. Using default page load timeout: '10'

2020-08-05 17:39:34 - [MESSAGE][PASSED] - Element 'Object Repository/Maya/Onboarding Moments/android.widget.TextView0 - Promotions (1)' is exist

2020-08-05 17:39:34 - [TEST_STEP][PASSED] - delay(3, STOP_ON_FAILURE): Delayed 3 second(s)

2020-08-05 17:39:37 - [MESSAGE][PASSED] - Delayed 3 second(s)

2020-08-05 17:39:37 - [TEST_STEP][PASSED] - tapAndHoldAtPosition(97, 175, 1): Tapped and held at [97, 175] with duration 1

2020-08-05 17:39:40 - [MESSAGE][PASSED] - Tapped and held at [97, 175] with duration 1

2020-08-05 17:39:40 - [TEST_STEP][PASSED] - tap(findTestObject("Maya/Onboarding Moments/android.widget.TextView0 - Wallet (3)"), 0): Tapped on element 'Object Repository/Maya/Onboarding Moments/android.widget.TextView0 - Wallet (3)'

2020-08-05 17:39:40 - [MESSAGE][WARNING] - Timeout '0' is invalid. Using default page load timeout: '10'

2020-08-05 17:39:44 - [MESSAGE][PASSED] - Tapped on element 'Object Repository/Maya/Onboarding Moments/android.widget.TextView0 - Wallet (3)'

2020-08-05 17:39:44 - [TEST_STEP][PASSED] - getText(findTestObject("Maya/Onboarding Moments/android.widget.TextView0 - Wallet (4)"), 0): Text of element 'Object Repository/Maya/Onboarding Moments/android.widget.TextView0 - Wallet (4)' is: 'Wallet'

2020-08-05 17:39:44 - [MESSAGE][WARNING] - Timeout '0' is invalid. Using default page load timeout: '10'

2020-08-05 17:39:45 - [MESSAGE][PASSED] - Text of element 'Object Repository/Maya/Onboarding Moments/android.widget.TextView0 - Wallet (4)' is: 'Wallet'

2020-08-05 17:39:45 - [TEST_STEP][PASSED] - delay(3, STOP_ON_FAILURE): Delayed 3 second(s)

2020-08-05 17:39:48 - [MESSAGE][PASSED] - Delayed 3 second(s)

2020-08-05 17:39:48 - [TEST_STEP][PASSED] - tapAndHoldAtPosition(97, 175, 1): Tapped and held at [97, 175] with duration 1

2020-08-05 17:39:50 - [MESSAGE][PASSED] - Tapped and held at [97, 175] with duration 1

2020-08-05 17:39:50 - [TEST_STEP][PASSED] - delay(3, STOP_ON_FAILURE): Delayed 3 second(s)

2020-08-05 17:39:53 - [MESSAGE][PASSED] - Delayed 3 second(s)

2020-08-05 17:39:53 - [TEST_STEP][PASSED] - tap(findTestObject("Maya/Onboarding Moments/android.widget.TextView0 - Tabung"), 0): Tapped on element 'Object Repository/Maya/Onboarding Moments/android.widget.TextView0 - Tabung'

2020-08-05 17:39:53 - [MESSAGE][WARNING] - Timeout '0' is invalid. Using default page load timeout: '10'

2020-08-05 17:39:56 - [MESSAGE][PASSED] - Tapped on element 'Object Repository/Maya/Onboarding Moments/android.widget.TextView0 - Tabung'

2020-08-05 17:39:56 - [TEST_STEP][PASSED] - takeScreenshot("C:\Users\LENOVO\Screenshot\Onboarding\Screen34.png", CONTINUE_ON_FAILURE): Screenshot is taken

2020-08-05 17:39:58 - [MESSAGE][PASSED] - Screenshot is taken
[[ATTACHMENT|C:\\Users\\LENOVO\\Screenshot\\Onboarding\\Screen34.png]]

2020-08-05 17:39:58 - [TEST_STEP][PASSED] - getText(findTestObject("Maya/Onboarding Moments/android.widget.TextView0 - TABUNG (1)"), 0): Text of element 'Object Repository/Maya/Onboarding Moments/android.widget.TextView0 - TABUNG (1)' is: 'TABUNG'

2020-08-05 17:39:58 - [MESSAGE][WARNING] - Timeout '0' is invalid. Using default page load timeout: '10'

2020-08-05 17:39:59 - [MESSAGE][PASSED] - Text of element 'Object Repository/Maya/Onboarding Moments/android.widget.TextView0 - TABUNG (1)' is: 'TABUNG'

2020-08-05 17:39:59 - [TEST_STEP][PASSED] - verifyElementExist(findTestObject("Maya/Onboarding Moments/android.widget.TextView0 - TABUNG (1)"), 0): Element 'Object Repository/Maya/Onboarding Moments/android.widget.TextView0 - TABUNG (1)' is exist

2020-08-05 17:39:59 - [MESSAGE][WARNING] - Timeout '0' is invalid. Using default page load timeout: '10'

2020-08-05 17:39:59 - [MESSAGE][PASSED] - Element 'Object Repository/Maya/Onboarding Moments/android.widget.TextView0 - TABUNG (1)' is exist

2020-08-05 17:39:59 - [TEST_STEP][PASSED] - getText(findTestObject("Maya/Onboarding Moments/android.widget.TextView0 - BOOSTERS"), 0): Text of element 'Object Repository/Maya/Onboarding Moments/android.widget.TextView0 - BOOSTERS' is: 'BOOSTERS'

2020-08-05 17:39:59 - [MESSAGE][WARNING] - Timeout '0' is invalid. Using default page load timeout: '10'

2020-08-05 17:39:59 - [MESSAGE][PASSED] - Text of element 'Object Repository/Maya/Onboarding Moments/android.widget.TextView0 - BOOSTERS' is: 'BOOSTERS'

2020-08-05 17:39:59 - [TEST_STEP][PASSED] - verifyElementExist(findTestObject("Maya/Onboarding Moments/android.widget.TextView0 - BOOSTERS"), 0): Element 'Object Repository/Maya/Onboarding Moments/android.widget.TextView0 - BOOSTERS' is exist

2020-08-05 17:39:59 - [MESSAGE][WARNING] - Timeout '0' is invalid. Using default page load timeout: '10'

2020-08-05 17:40:00 - [MESSAGE][PASSED] - Element 'Object Repository/Maya/Onboarding Moments/android.widget.TextView0 - BOOSTERS' is exist

2020-08-05 17:40:00 - [TEST_STEP][PASSED] - delay(3, STOP_ON_FAILURE): Delayed 3 second(s)

2020-08-05 17:40:03 - [MESSAGE][PASSED] - Delayed 3 second(s)

2020-08-05 17:40:03 - [TEST_STEP][PASSED] - tapAndHoldAtPosition(97, 175, 1): Tapped and held at [97, 175] with duration 1

2020-08-05 17:40:05 - [MESSAGE][PASSED] - Tapped and held at [97, 175] with duration 1

2020-08-05 17:40:05 - [TEST_STEP][PASSED] - tap(findTestObject("Maya/Onboarding Moments/android.widget.TextView0 - Movie Tickets"), 0): Tapped on element 'Object Repository/Maya/Onboarding Moments/android.widget.TextView0 - Movie Tickets'

2020-08-05 17:40:05 - [MESSAGE][WARNING] - Timeout '0' is invalid. Using default page load timeout: '10'

2020-08-05 17:40:07 - [MESSAGE][PASSED] - Tapped on element 'Object Repository/Maya/Onboarding Moments/android.widget.TextView0 - Movie Tickets'

2020-08-05 17:40:07 - [TEST_STEP][PASSED] - delay(8, STOP_ON_FAILURE): Delayed 8 second(s)

2020-08-05 17:40:15 - [MESSAGE][PASSED] - Delayed 8 second(s)

2020-08-05 17:40:15 - [TEST_STEP][PASSED] - takeScreenshot("C:\Users\LENOVO\Screenshot\Onboarding\Screen35.png", CONTINUE_ON_FAILURE): Screenshot is taken

2020-08-05 17:40:19 - [MESSAGE][PASSED] - Screenshot is taken
[[ATTACHMENT|C:\\Users\\LENOVO\\Screenshot\\Onboarding\\Screen35.png]]

2020-08-05 17:40:19 - [TEST_STEP][PASSED] - getText(findTestObject("Maya/Onboarding Moments/android.widget.TextView0 - Movie Tickets (1)"), 0): Text of element 'Object Repository/Maya/Onboarding Moments/android.widget.TextView0 - Movie Tickets (1)' is: 'Movie Tickets'

2020-08-05 17:40:19 - [MESSAGE][WARNING] - Timeout '0' is invalid. Using default page load timeout: '10'

2020-08-05 17:40:20 - [MESSAGE][PASSED] - Text of element 'Object Repository/Maya/Onboarding Moments/android.widget.TextView0 - Movie Tickets (1)' is: 'Movie Tickets'

2020-08-05 17:40:20 - [TEST_STEP][PASSED] - verifyElementExist(findTestObject("Maya/Onboarding Moments/android.widget.TextView0 - Movie Tickets (1)"), 0): Element 'Object Repository/Maya/Onboarding Moments/android.widget.TextView0 - Movie Tickets (1)' is exist

2020-08-05 17:40:20 - [MESSAGE][WARNING] - Timeout '0' is invalid. Using default page load timeout: '10'

2020-08-05 17:40:20 - [MESSAGE][PASSED] - Element 'Object Repository/Maya/Onboarding Moments/android.widget.TextView0 - Movie Tickets (1)' is exist

2020-08-05 17:40:20 - [TEST_STEP][PASSED] - delay(3, STOP_ON_FAILURE): Delayed 3 second(s)

2020-08-05 17:40:23 - [MESSAGE][PASSED] - Delayed 3 second(s)

2020-08-05 17:40:23 - [TEST_STEP][PASSED] - tapAndHoldAtPosition(97, 175, 1): Tapped and held at [97, 175] with duration 1

2020-08-05 17:40:26 - [MESSAGE][PASSED] - Tapped and held at [97, 175] with duration 1

2020-08-05 17:40:26 - [TEST_STEP][PASSED] - tap(findTestObject("Maya/Onboarding Moments/android.widget.TextView0 - Flight Tickets"), 0): Tapped on element 'Object Repository/Maya/Onboarding Moments/android.widget.TextView0 - Flight Tickets'

2020-08-05 17:40:26 - [MESSAGE][WARNING] - Timeout '0' is invalid. Using default page load timeout: '10'

2020-08-05 17:40:28 - [MESSAGE][PASSED] - Tapped on element 'Object Repository/Maya/Onboarding Moments/android.widget.TextView0 - Flight Tickets'

2020-08-05 17:40:28 - [TEST_STEP][PASSED] - delay(8, STOP_ON_FAILURE): Delayed 8 second(s)

2020-08-05 17:40:36 - [MESSAGE][PASSED] - Delayed 8 second(s)

2020-08-05 17:40:36 - [TEST_STEP][PASSED] - takeScreenshot("C:\Users\LENOVO\Screenshot\Onboarding\Screen37.png", CONTINUE_ON_FAILURE): Screenshot is taken

2020-08-05 17:40:37 - [MESSAGE][PASSED] - Screenshot is taken
[[ATTACHMENT|C:\\Users\\LENOVO\\Screenshot\\Onboarding\\Screen37.png]]

2020-08-05 17:40:37 - [TEST_STEP][PASSED] - getText(findTestObject("Maya/Onboarding Moments/android.widget.TextView0 - Flight Tickets (1)"), 0): Text of element 'Object Repository/Maya/Onboarding Moments/android.widget.TextView0 - Flight Tickets (1)' is: 'Flight Tickets'

2020-08-05 17:40:37 - [MESSAGE][WARNING] - Timeout '0' is invalid. Using default page load timeout: '10'

2020-08-05 17:40:39 - [MESSAGE][PASSED] - Text of element 'Object Repository/Maya/Onboarding Moments/android.widget.TextView0 - Flight Tickets (1)' is: 'Flight Tickets'

2020-08-05 17:40:39 - [TEST_STEP][PASSED] - verifyElementExist(findTestObject("Maya/Onboarding Moments/android.widget.TextView0 - Flight Tickets (1)"), 0): Element 'Object Repository/Maya/Onboarding Moments/android.widget.TextView0 - Flight Tickets (1)' is exist

2020-08-05 17:40:39 - [MESSAGE][WARNING] - Timeout '0' is invalid. Using default page load timeout: '10'

2020-08-05 17:40:40 - [MESSAGE][PASSED] - Element 'Object Repository/Maya/Onboarding Moments/android.widget.TextView0 - Flight Tickets (1)' is exist

2020-08-05 17:40:40 - [TEST_STEP][PASSED] - tap(findTestObject("Maya/Onboarding Moments/android.widget.ImageView0 (14)"), 0): Tapped on element 'Object Repository/Maya/Onboarding Moments/android.widget.ImageView0 (14)'

2020-08-05 17:40:40 - [MESSAGE][WARNING] - Timeout '0' is invalid. Using default page load timeout: '10'

2020-08-05 17:40:41 - [MESSAGE][PASSED] - Tapped on element 'Object Repository/Maya/Onboarding Moments/android.widget.ImageView0 (14)'

2020-08-05 17:40:41 - [TEST_STEP][PASSED] - tap(findTestObject("Maya/Onboarding Moments/android.widget.TextView0 - Bus Tickets"), 0): Tapped on element 'Object Repository/Maya/Onboarding Moments/android.widget.TextView0 - Bus Tickets'

2020-08-05 17:40:41 - [MESSAGE][WARNING] - Timeout '0' is invalid. Using default page load timeout: '10'

2020-08-05 17:40:44 - [MESSAGE][PASSED] - Tapped on element 'Object Repository/Maya/Onboarding Moments/android.widget.TextView0 - Bus Tickets'

2020-08-05 17:40:44 - [TEST_STEP][PASSED] - delay(8, STOP_ON_FAILURE): Delayed 8 second(s)

2020-08-05 17:40:52 - [MESSAGE][PASSED] - Delayed 8 second(s)

2020-08-05 17:40:52 - [TEST_STEP][PASSED] - takeScreenshot("C:\Users\LENOVO\Screenshot\Onboarding\Screen39.png", CONTINUE_ON_FAILURE): Screenshot is taken

2020-08-05 17:40:53 - [MESSAGE][PASSED] - Screenshot is taken
[[ATTACHMENT|C:\\Users\\LENOVO\\Screenshot\\Onboarding\\Screen39.png]]

2020-08-05 17:40:53 - [TEST_STEP][PASSED] - getText(findTestObject("Maya/Onboarding Moments/android.widget.TextView0 - Bus Tickets (1)"), 0): Text of element 'Object Repository/Maya/Onboarding Moments/android.widget.TextView0 - Bus Tickets (1)' is: 'Bus Tickets'

2020-08-05 17:40:53 - [MESSAGE][WARNING] - Timeout '0' is invalid. Using default page load timeout: '10'

2020-08-05 17:40:54 - [MESSAGE][PASSED] - Text of element 'Object Repository/Maya/Onboarding Moments/android.widget.TextView0 - Bus Tickets (1)' is: 'Bus Tickets'

2020-08-05 17:40:54 - [TEST_STEP][PASSED] - verifyElementExist(findTestObject("Maya/Onboarding Moments/android.widget.TextView0 - Bus Tickets (1)"), 0): Element 'Object Repository/Maya/Onboarding Moments/android.widget.TextView0 - Bus Tickets (1)' is exist

2020-08-05 17:40:54 - [MESSAGE][WARNING] - Timeout '0' is invalid. Using default page load timeout: '10'

2020-08-05 17:40:54 - [MESSAGE][PASSED] - Element 'Object Repository/Maya/Onboarding Moments/android.widget.TextView0 - Bus Tickets (1)' is exist

2020-08-05 17:40:54 - [TEST_STEP][PASSED] - delay(3, STOP_ON_FAILURE): Delayed 3 second(s)

2020-08-05 17:40:57 - [MESSAGE][PASSED] - Delayed 3 second(s)

2020-08-05 17:40:57 - [TEST_STEP][PASSED] - tapAndHoldAtPosition(97, 175, 1): Tapped and held at [97, 175] with duration 1

2020-08-05 17:41:00 - [MESSAGE][PASSED] - Tapped and held at [97, 175] with duration 1

2020-08-05 17:41:00 - [TEST_STEP][PASSED] - tap(findTestObject("Maya/Onboarding Moments/android.widget.TextView0 - ERL Tickets"), 0): Tapped on element 'Object Repository/Maya/Onboarding Moments/android.widget.TextView0 - ERL Tickets'

2020-08-05 17:41:00 - [MESSAGE][WARNING] - Timeout '0' is invalid. Using default page load timeout: '10'

2020-08-05 17:41:02 - [MESSAGE][PASSED] - Tapped on element 'Object Repository/Maya/Onboarding Moments/android.widget.TextView0 - ERL Tickets'

2020-08-05 17:41:02 - [TEST_STEP][PASSED] - delay(8, STOP_ON_FAILURE): Delayed 8 second(s)

2020-08-05 17:41:10 - [MESSAGE][PASSED] - Delayed 8 second(s)

2020-08-05 17:41:10 - [TEST_STEP][PASSED] - takeScreenshot("C:\Users\LENOVO\Screenshot\Onboarding\Screen40.png", CONTINUE_ON_FAILURE): Screenshot is taken

2020-08-05 17:41:11 - [MESSAGE][PASSED] - Screenshot is taken
[[ATTACHMENT|C:\\Users\\LENOVO\\Screenshot\\Onboarding\\Screen40.png]]

2020-08-05 17:41:11 - [TEST_STEP][PASSED] - delay(3, STOP_ON_FAILURE): Delayed 3 second(s)

2020-08-05 17:41:14 - [MESSAGE][PASSED] - Delayed 3 second(s)

2020-08-05 17:41:14 - [TEST_STEP][PASSED] - tapAndHoldAtPosition(97, 175, 1): Tapped and held at [97, 175] with duration 1

2020-08-05 17:41:16 - [MESSAGE][PASSED] - Tapped and held at [97, 175] with duration 1

2020-08-05 17:41:16 - [TEST_STEP][PASSED] - tap(findTestObject("Maya/Onboarding Moments/android.widget.TextView0 - Home"), 0): Tapped on element 'Object Repository/Maya/Onboarding Moments/android.widget.TextView0 - Home'

2020-08-05 17:41:17 - [MESSAGE][WARNING] - Timeout '0' is invalid. Using default page load timeout: '10'

2020-08-05 17:41:30 - [MESSAGE][PASSED] - Tapped on element 'Object Repository/Maya/Onboarding Moments/android.widget.TextView0 - Home'

2020-08-05 17:41:30 - [TEST_STEP][PASSED] - delay(3, STOP_ON_FAILURE): Delayed 3 second(s)

2020-08-05 17:41:33 - [MESSAGE][PASSED] - Delayed 3 second(s)

2020-08-05 17:41:33 - [TEST_STEP][PASSED] - swipe(833, 1354, 100, 700): Swiped from 833,1,354 to 100,700

2020-08-05 17:41:34 - [MESSAGE][PASSED] - Swiped from 833,1,354 to 100,700

2020-08-05 17:41:34 - [TEST_STEP][PASSED] - swipe(833, 1354, 100, 700): Swiped from 833,1,354 to 100,700

2020-08-05 17:41:35 - [MESSAGE][PASSED] - Swiped from 833,1,354 to 100,700

2020-08-05 17:41:35 - [TEST_STEP][PASSED] - swipe(833, 1354, 100, 700): Swiped from 833,1,354 to 100,700

2020-08-05 17:41:36 - [MESSAGE][PASSED] - Swiped from 833,1,354 to 100,700

2020-08-05 17:41:36 - [TEST_STEP][PASSED] - swipe(833, 1354, 100, 700): Swiped from 833,1,354 to 100,700

2020-08-05 17:41:38 - [MESSAGE][PASSED] - Swiped from 833,1,354 to 100,700

2020-08-05 17:41:38 - [TEST_STEP][PASSED] - getText(findTestObject("Maya/Onboarding Moments/android.widget.TextView0 - Top Reads"), 0): Text of element 'Object Repository/Maya/Onboarding Moments/android.widget.TextView0 - Top Reads' is: 'Top Reads'

2020-08-05 17:41:38 - [MESSAGE][WARNING] - Timeout '0' is invalid. Using default page load timeout: '10'

2020-08-05 17:41:39 - [MESSAGE][PASSED] - Text of element 'Object Repository/Maya/Onboarding Moments/android.widget.TextView0 - Top Reads' is: 'Top Reads'

2020-08-05 17:41:39 - [TEST_STEP][PASSED] - verifyElementExist(findTestObject("Maya/Onboarding Moments/android.widget.TextView0 - Top Reads"), 0): Element 'Object Repository/Maya/Onboarding Moments/android.widget.TextView0 - Top Reads' is exist

2020-08-05 17:41:39 - [MESSAGE][WARNING] - Timeout '0' is invalid. Using default page load timeout: '10'

2020-08-05 17:41:39 - [MESSAGE][PASSED] - Element 'Object Repository/Maya/Onboarding Moments/android.widget.TextView0 - Top Reads' is exist

2020-08-05 17:41:39 - [TEST_STEP][PASSED] - delay(3, STOP_ON_FAILURE): Delayed 3 second(s)

2020-08-05 17:41:42 - [MESSAGE][PASSED] - Delayed 3 second(s)

2020-08-05 17:41:42 - [TEST_STEP][PASSED] - takeScreenshot("C:\Users\LENOVO\Screenshot\Onboarding\Screen44.png", CONTINUE_ON_FAILURE): Screenshot is taken

2020-08-05 17:41:44 - [MESSAGE][PASSED] - Screenshot is taken
[[ATTACHMENT|C:\\Users\\LENOVO\\Screenshot\\Onboarding\\Screen44.png]]]]></system-out>
         <system-err><![CDATA[]]></system-err>
      </testcase>
      <system-out><![CDATA[2020-08-05 17:32:17 - [TEST_SUITE][PASSED] - UAT Test Suite: Test Cases/JINU/Drop2 Onboarding-Moments/Onboarding-Dashboard Moments]]></system-out>
      <system-err><![CDATA[]]></system-err>
   </testsuite>
</testsuites>
