<?xml version="1.0" encoding="UTF-8"?>
<testsuites name="UAT Test Suite" time="374.849" tests="1" failures="1" errors="0">
   <testsuite name="UAT Test Suite" tests="1" failures="1" errors="0" time="374.849" timestamp="2020-08-03 17:54:38" hostname="LENOVO - DESKTOP-CP3TV4N" id="Test Suites/Maya UAT/UAT Test Suite">
      <properties>
         <property name="deviceName" value="Xiaomi Redmi Note 7S (Android 9)"/>
         <property name="devicePlatform" value=""/>
         <property name="logFolder" value="C:\\Users\\LENOVO\\Git_new\\Maya\\Reports\\20200803_175434\\Maya UAT\\UAT Test Suite\\20200803_175434"/>
         <property name="logFiles" value="C:\\Users\\LENOVO\\Git_new\\Maya\\Reports\\20200803_175434\\Maya UAT\\UAT Test Suite\\20200803_175434\\appium.log, C:\\Users\\LENOVO\\Git_new\\Maya\\Reports\\20200803_175434\\Maya UAT\\UAT Test Suite\\20200803_175434\\execution0.log"/>
         <property name="attachments" value="C:\\Users\\LENOVO\\Screenshot\\Third Party\\Screenshot1, C:\\Users\\LENOVO\\Screenshot\\Third Party\\Screenshot2, C:\\Users\\LENOVO\\Screenshot\\Third Party\\Screenshot3, C:\\Users\\LENOVO\\Screenshot\\Third Party\\Screenshot4, C:\\Users\\LENOVO\\Screenshot\\Third Party\\Screenshot5, C:\\Users\\LENOVO\\Screenshot\\Third Party\\Screenshot6, C:\\Users\\LENOVO\\Screenshot\\Third Party\\Screenshot7, C:\\Users\\LENOVO\\Screenshot\\Third Party\\Screenshot8, C:\\Users\\LENOVO\\Screenshot\\Third Party\\Screenshot9, C:\\Users\\LENOVO\\Screenshot\\Third Party\\Screenshot10, C:\\Users\\LENOVO\\Screenshot\\Third Party\\Screenshot11, C:\\Users\\LENOVO\\Git_new\\Maya\\Reports\\20200803_175434\\Maya UAT\\UAT Test Suite\\20200803_175434\\1596448668218.png, C:\\Users\\LENOVO\\Screenshot\\Third Party\\Screenshot18, C:\\Users\\LENOVO\\Screenshot\\Third Party\\Screenshot19, C:\\Users\\LENOVO\\Screenshot\\Third Party\\Screenshot20, C:\\Users\\LENOVO\\Screenshot\\Third Party\\Screenshot21, C:\\Users\\LENOVO\\Git_new\\Maya\\Reports\\20200803_175434\\Maya UAT\\UAT Test Suite\\20200803_175434\\1596448700349.png, C:\\Users\\LENOVO\\Screenshot\\Third Party\\Screenshot22, C:\\Users\\LENOVO\\Screenshot\\Third Party\\Screenshot24, C:\\Users\\LENOVO\\Screenshot\\Third Party\\Screenshot25, C:\\Users\\LENOVO\\Screenshot\\Third Party\\Screenshot26, C:\\Users\\LENOVO\\Screenshot\\Third Party\\Screenshot27, C:\\Users\\LENOVO\\Screenshot\\KLIATicket\\Ticket13.png, C:\\Users\\LENOVO\\Screenshot\\KLIATicket\\Ticket53.png, C:\\Users\\LENOVO\\Screenshot\\Third Party\\Screenshot28, C:\\Users\\LENOVO\\Screenshot\\Third Party\\Screenshot30, C:\\Users\\LENOVO\\Screenshot\\Third Party\\Screenshot29"/>
         <property name="hostName" value="LENOVO - DESKTOP-CP3TV4N"/>
         <property name="os" value="Windows 10 64bit"/>
         <property name="appiumServerStatus" value="{\&quot;value\&quot;:{\&quot;build\&quot;:{\&quot;version\&quot;:\&quot;1.15.1\&quot;}},\&quot;sessionId\&quot;:null,\&quot;status\&quot;:0}"/>
         <property name="katalonVersion" value="7.2.7.1"/>
         <property name="deviceOS" value="Android"/>
         <property name="appiumVersion" value="1.15.1"/>
         <property name="deviceModel" value="Redmi Note 7S"/>
         <property name="hostAddress" value="192.168.43.112"/>
         <property name="deviceManufacturer" value="Xiaomi"/>
         <property name="deviceId" value="11cb9864"/>
         <property name="deviceName" value="Xiaomi Redmi Note 7S (Android 9)"/>
         <property name="deviceOSVersion" value="9"/>
      </properties>
      <testcase name="Test Cases/JINU/Transfer_updated/Transfer Third Party" time="371.062" classname="Test Cases/JINU/Transfer_updated/Transfer Third Party" status="FAILED">
         <failure type="FAILED" message="Test Cases/JINU/Transfer_updated/Transfer Third Party FAILED.
Reason:
com.kms.katalon.core.exception.StepFailedException: Element 'Object Repository/Maya/New_Transfer/android.widget.TextView0 - One-Tap Authorisation' not found
	at com.kms.katalon.core.keyword.internal.KeywordMain.stepFailed(KeywordMain.groovy:39)
	at com.kms.katalon.core.mobile.keyword.internal.MobileKeywordMain.stepFailed(MobileKeywordMain.groovy:40)
	at com.kms.katalon.core.mobile.keyword.builtin.VerifyElementExistKeyword$_verifyElementExist_closure1.doCall(VerifyElementExistKeyword.groovy:77)
	at com.kms.katalon.core.mobile.keyword.builtin.VerifyElementExistKeyword$_verifyElementExist_closure1.call(VerifyElementExistKeyword.groovy)
	at com.kms.katalon.core.mobile.keyword.internal.MobileKeywordMain.runKeyword(MobileKeywordMain.groovy:21)
	at com.kms.katalon.core.mobile.keyword.builtin.VerifyElementExistKeyword.verifyElementExist(VerifyElementExistKeyword.groovy:80)
	at com.kms.katalon.core.mobile.keyword.builtin.VerifyElementExistKeyword.execute(VerifyElementExistKeyword.groovy:64)
	at com.kms.katalon.core.keyword.internal.KeywordExecutor.executeKeywordForPlatform(KeywordExecutor.groovy:72)
	at com.kms.katalon.core.mobile.keyword.MobileBuiltInKeywords.verifyElementExist(MobileBuiltInKeywords.groovy:809)
	at com.kms.katalon.core.mobile.keyword.MobileBuiltInKeywords$verifyElementExist$5.call(Unknown Source)
	at Transfer Third Party.run(Transfer Third Party:232)
	at com.kms.katalon.core.main.ScriptEngine.run(ScriptEngine.java:194)
	at com.kms.katalon.core.main.ScriptEngine.runScriptAsRawText(ScriptEngine.java:119)
	at com.kms.katalon.core.main.TestCaseExecutor.runScript(TestCaseExecutor.java:337)
	at com.kms.katalon.core.main.TestCaseExecutor.doExecute(TestCaseExecutor.java:328)
	at com.kms.katalon.core.main.TestCaseExecutor.processExecutionPhase(TestCaseExecutor.java:307)
	at com.kms.katalon.core.main.TestCaseExecutor.accessMainPhase(TestCaseExecutor.java:299)
	at com.kms.katalon.core.main.TestCaseExecutor.execute(TestCaseExecutor.java:233)
	at com.kms.katalon.core.main.TestSuiteExecutor.accessTestCaseMainPhase(TestSuiteExecutor.java:169)
	at com.kms.katalon.core.main.TestSuiteExecutor.accessTestSuiteMainPhase(TestSuiteExecutor.java:142)
	at com.kms.katalon.core.main.TestSuiteExecutor.execute(TestSuiteExecutor.java:91)
	at com.kms.katalon.core.main.TestCaseMain.startTestSuite(TestCaseMain.java:157)
	at com.kms.katalon.core.main.TestCaseMain$startTestSuite$0.call(Unknown Source)
	at TempTestSuite1596448475070.run(TempTestSuite1596448475070.groovy:36)
"/>
         <system-out><![CDATA[2020-08-03 17:54:38 - [TEST_CASE][FAILED] - Test Cases/JINU/Transfer_updated/Transfer Third Party: Test Cases/JINU/Transfer_updated/Transfer Third Party FAILED.
Reason:
com.kms.katalon.core.exception.StepFailedException: Element 'Object Repository/Maya/New_Transfer/android.widget.TextView0 - One-Tap Authorisation' not found
	at com.kms.katalon.core.keyword.internal.KeywordMain.stepFailed(KeywordMain.groovy:39)
	at com.kms.katalon.core.mobile.keyword.internal.MobileKeywordMain.stepFailed(MobileKeywordMain.groovy:40)
	at com.kms.katalon.core.mobile.keyword.builtin.VerifyElementExistKeyword$_verifyElementExist_closure1.doCall(VerifyElementExistKeyword.groovy:77)
	at com.kms.katalon.core.mobile.keyword.builtin.VerifyElementExistKeyword$_verifyElementExist_closure1.call(VerifyElementExistKeyword.groovy)
	at com.kms.katalon.core.mobile.keyword.internal.MobileKeywordMain.runKeyword(MobileKeywordMain.groovy:21)
	at com.kms.katalon.core.mobile.keyword.builtin.VerifyElementExistKeyword.verifyElementExist(VerifyElementExistKeyword.groovy:80)
	at com.kms.katalon.core.mobile.keyword.builtin.VerifyElementExistKeyword.execute(VerifyElementExistKeyword.groovy:64)
	at com.kms.katalon.core.keyword.internal.KeywordExecutor.executeKeywordForPlatform(KeywordExecutor.groovy:72)
	at com.kms.katalon.core.mobile.keyword.MobileBuiltInKeywords.verifyElementExist(MobileBuiltInKeywords.groovy:809)
	at com.kms.katalon.core.mobile.keyword.MobileBuiltInKeywords$verifyElementExist$5.call(Unknown Source)
	at Transfer Third Party.run(Transfer Third Party:232)
	at com.kms.katalon.core.main.ScriptEngine.run(ScriptEngine.java:194)
	at com.kms.katalon.core.main.ScriptEngine.runScriptAsRawText(ScriptEngine.java:119)
	at com.kms.katalon.core.main.TestCaseExecutor.runScript(TestCaseExecutor.java:337)
	at com.kms.katalon.core.main.TestCaseExecutor.doExecute(TestCaseExecutor.java:328)
	at com.kms.katalon.core.main.TestCaseExecutor.processExecutionPhase(TestCaseExecutor.java:307)
	at com.kms.katalon.core.main.TestCaseExecutor.accessMainPhase(TestCaseExecutor.java:299)
	at com.kms.katalon.core.main.TestCaseExecutor.execute(TestCaseExecutor.java:233)
	at com.kms.katalon.core.main.TestSuiteExecutor.accessTestCaseMainPhase(TestSuiteExecutor.java:169)
	at com.kms.katalon.core.main.TestSuiteExecutor.accessTestSuiteMainPhase(TestSuiteExecutor.java:142)
	at com.kms.katalon.core.main.TestSuiteExecutor.execute(TestSuiteExecutor.java:91)
	at com.kms.katalon.core.main.TestCaseMain.startTestSuite(TestCaseMain.java:157)
	at com.kms.katalon.core.main.TestCaseMain$startTestSuite$0.call(Unknown Source)
	at TempTestSuite1596448475070.run(TempTestSuite1596448475070.groovy:36)


2020-08-03 17:54:40 - [TEST_STEP][PASSED] - startApplication("C:\Users\LENOVO\Katalon Studio\app-uat-universal-release.apk", false): Started app at: 'C:\Users\LENOVO\Katalon Studio\app-uat-universal-release.apk'

2020-08-03 17:54:40 - [MESSAGE][INFO] - User set preference: ['appWaitActivity', '*']

2020-08-03 17:54:40 - [MESSAGE][INFO] - User set preference: ['appWaitPackage', 'com.maybank2u.life.uat']

2020-08-03 17:54:40 - [MESSAGE][INFO] - User set preference: ['appWaitDuration', '50,000']

2020-08-03 17:54:40 - [MESSAGE][INFO] - User set preference: ['deviceId', '11cb9864']

2020-08-03 17:54:43 - [MESSAGE][INFO] - Appium server started on port 54,790

2020-08-03 17:55:06 - [MESSAGE][PASSED] - Started app at: 'C:\Users\LENOVO\Katalon Studio\app-uat-universal-release.apk'

2020-08-03 17:55:06 - [TEST_STEP][PASSED] - tap(findTestObject("Maya/New_Transfer/android.widget.TextView0 - Maybank2u (1)"), 0): Tapped on element 'Object Repository/Maya/New_Transfer/android.widget.TextView0 - Maybank2u (1)'

2020-08-03 17:55:06 - [MESSAGE][WARNING] - Timeout '0' is invalid. Using default page load timeout: '10'

2020-08-03 17:55:19 - [MESSAGE][PASSED] - Tapped on element 'Object Repository/Maya/New_Transfer/android.widget.TextView0 - Maybank2u (1)'

2020-08-03 17:55:19 - [TEST_STEP][PASSED] - takeScreenshot("C:\Users\LENOVO\Screenshot\Third Party\Screenshot1", STOP_ON_FAILURE): Screenshot is taken

2020-08-03 17:55:21 - [MESSAGE][PASSED] - Screenshot is taken
[[ATTACHMENT|C:\\Users\\LENOVO\\Screenshot\\Third Party\\Screenshot1]]

2020-08-03 17:55:21 - [TEST_STEP][PASSED] - tap(findTestObject("Maya/New_Transfer/android.widget.TextView0 - 2"), 0): Tapped on element 'Object Repository/Maya/New_Transfer/android.widget.TextView0 - 2'

2020-08-03 17:55:21 - [MESSAGE][WARNING] - Timeout '0' is invalid. Using default page load timeout: '10'

2020-08-03 17:55:24 - [MESSAGE][PASSED] - Tapped on element 'Object Repository/Maya/New_Transfer/android.widget.TextView0 - 2'

2020-08-03 17:55:24 - [TEST_STEP][PASSED] - tap(findTestObject("Maya/New_Transfer/android.widget.TextView0 - 3"), 0): Tapped on element 'Object Repository/Maya/New_Transfer/android.widget.TextView0 - 3'

2020-08-03 17:55:24 - [MESSAGE][WARNING] - Timeout '0' is invalid. Using default page load timeout: '10'

2020-08-03 17:55:28 - [MESSAGE][PASSED] - Tapped on element 'Object Repository/Maya/New_Transfer/android.widget.TextView0 - 3'

2020-08-03 17:55:28 - [TEST_STEP][PASSED] - tap(findTestObject("Maya/New_Transfer/android.widget.TextView0 - 0"), 0): Tapped on element 'Object Repository/Maya/New_Transfer/android.widget.TextView0 - 0'

2020-08-03 17:55:28 - [MESSAGE][WARNING] - Timeout '0' is invalid. Using default page load timeout: '10'

2020-08-03 17:55:31 - [MESSAGE][PASSED] - Tapped on element 'Object Repository/Maya/New_Transfer/android.widget.TextView0 - 0'

2020-08-03 17:55:31 - [TEST_STEP][PASSED] - tap(findTestObject("Maya/New_Transfer/android.widget.TextView0 - 9"), 0): Tapped on element 'Object Repository/Maya/New_Transfer/android.widget.TextView0 - 9'

2020-08-03 17:55:31 - [MESSAGE][WARNING] - Timeout '0' is invalid. Using default page load timeout: '10'

2020-08-03 17:55:35 - [MESSAGE][PASSED] - Tapped on element 'Object Repository/Maya/New_Transfer/android.widget.TextView0 - 9'

2020-08-03 17:55:35 - [TEST_STEP][PASSED] - tap(findTestObject("Maya/New_Transfer/android.widget.TextView0 - 8"), 0): Tapped on element 'Object Repository/Maya/New_Transfer/android.widget.TextView0 - 8'

2020-08-03 17:55:35 - [MESSAGE][WARNING] - Timeout '0' is invalid. Using default page load timeout: '10'

2020-08-03 17:55:38 - [MESSAGE][PASSED] - Tapped on element 'Object Repository/Maya/New_Transfer/android.widget.TextView0 - 8'

2020-08-03 17:55:38 - [TEST_STEP][PASSED] - tap(findTestObject("Maya/New_Transfer/android.widget.TextView0 - 3"), 0): Tapped on element 'Object Repository/Maya/New_Transfer/android.widget.TextView0 - 3'

2020-08-03 17:55:39 - [MESSAGE][WARNING] - Timeout '0' is invalid. Using default page load timeout: '10'

2020-08-03 17:55:40 - [MESSAGE][PASSED] - Tapped on element 'Object Repository/Maya/New_Transfer/android.widget.TextView0 - 3'

2020-08-03 17:55:40 - [TEST_STEP][PASSED] - tap(findTestObject("Maya/New_Transfer/android.widget.ImageView0 (3)"), 0): Tapped on element 'Object Repository/Maya/New_Transfer/android.widget.ImageView0 (3)'

2020-08-03 17:55:40 - [MESSAGE][WARNING] - Timeout '0' is invalid. Using default page load timeout: '10'

2020-08-03 17:55:43 - [MESSAGE][PASSED] - Tapped on element 'Object Repository/Maya/New_Transfer/android.widget.ImageView0 (3)'

2020-08-03 17:55:43 - [TEST_STEP][PASSED] - getText(findTestObject("Maya/drop4 CR/android.widget.TextView0 - RM 1171.85-Current balance"), 0): Text of element 'Object Repository/Maya/drop4 CR/android.widget.TextView0 - RM 1171.85-Current balance' is: 'RM 294.90'

2020-08-03 17:55:43 - [MESSAGE][WARNING] - Timeout '0' is invalid. Using default page load timeout: '10'

2020-08-03 17:55:44 - [MESSAGE][PASSED] - Text of element 'Object Repository/Maya/drop4 CR/android.widget.TextView0 - RM 1171.85-Current balance' is: 'RM 294.90'

2020-08-03 17:55:44 - [TEST_STEP][PASSED] - trx6 = 85-Current balance"), 0).substring(3): Text of element 'Object Repository/Maya/drop4 CR/android.widget.TextView0 - RM 1171.85-Current balance' is: 'RM 294.90'

2020-08-03 17:55:45 - [MESSAGE][WARNING] - Timeout '0' is invalid. Using default page load timeout: '10'

2020-08-03 17:55:45 - [MESSAGE][PASSED] - Text of element 'Object Repository/Maya/drop4 CR/android.widget.TextView0 - RM 1171.85-Current balance' is: 'RM 294.90'

2020-08-03 17:55:45 - [TEST_STEP][PASSED] - trx61 = trx6.replaceAll("[^a-zA-Z0-9]+", ""): null

2020-08-03 17:55:45 - [TEST_STEP][PASSED] - out.println(trx61): null

2020-08-03 17:55:45 - [TEST_STEP][PASSED] - trx611 = trx61: null

2020-08-03 17:55:45 - [TEST_STEP][PASSED] - out.println(trx611): null

2020-08-03 17:55:45 - [TEST_STEP][PASSED] - tap(findTestObject("Maya/New_Transfer/android.widget.TextView0 - Transfer (1)"), 0): Tapped on element 'Object Repository/Maya/New_Transfer/android.widget.TextView0 - Transfer (1)'

2020-08-03 17:55:45 - [MESSAGE][WARNING] - Timeout '0' is invalid. Using default page load timeout: '10'

2020-08-03 17:55:48 - [MESSAGE][PASSED] - Tapped on element 'Object Repository/Maya/New_Transfer/android.widget.TextView0 - Transfer (1)'

2020-08-03 17:55:48 - [TEST_STEP][PASSED] - setText(findTestObject("Maya/New_Transfer/android.widget.EditText0 (1)"), "pass1234", 0): Text 'pass1234' has been set to element 'Object Repository/Maya/New_Transfer/android.widget.EditText0 (1)'

2020-08-03 17:55:48 - [MESSAGE][WARNING] - Timeout '0' is invalid. Using default page load timeout: '10'

2020-08-03 17:55:50 - [MESSAGE][PASSED] - Text 'pass1234' has been set to element 'Object Repository/Maya/New_Transfer/android.widget.EditText0 (1)'

2020-08-03 17:55:50 - [TEST_STEP][PASSED] - driver = getDriver(): null

2020-08-03 17:55:50 - [TEST_STEP][PASSED] - driver.pressKeyCode(ENTER): null

2020-08-03 17:55:50 - [TEST_STEP][PASSED] - delay(5, STOP_ON_FAILURE): Delayed 5 second(s)

2020-08-03 17:55:55 - [MESSAGE][PASSED] - Delayed 5 second(s)

2020-08-03 17:55:55 - [TEST_STEP][PASSED] - tapAndHoldAtPosition(344, 375, 1): Tapped and held at [344, 375] with duration 1

2020-08-03 17:55:58 - [MESSAGE][PASSED] - Tapped and held at [344, 375] with duration 1

2020-08-03 17:55:58 - [TEST_STEP][NOT_RUN] - swipe(725, 1151, 200, 119): NOT_RUN: swipe(725, 1151, 200, 119)

2020-08-03 17:55:58 - [MESSAGE][NOT_RUN] - NOT_RUN: swipe(725, 1151, 200, 119)

2020-08-03 17:55:58 - [TEST_STEP][PASSED] - takeScreenshot("C:\Users\LENOVO\Screenshot\Third Party\Screenshot2", STOP_ON_FAILURE): Screenshot is taken

2020-08-03 17:56:00 - [MESSAGE][PASSED] - Screenshot is taken
[[ATTACHMENT|C:\\Users\\LENOVO\\Screenshot\\Third Party\\Screenshot2]]

2020-08-03 17:56:00 - [TEST_STEP][PASSED] - delay(7, STOP_ON_FAILURE): Delayed 7 second(s)

2020-08-03 17:56:07 - [MESSAGE][PASSED] - Delayed 7 second(s)

2020-08-03 17:56:07 - [TEST_STEP][PASSED] - tapAndHoldAtPosition(199, 708, 1): Tapped and held at [199, 708] with duration 1

2020-08-03 17:56:09 - [MESSAGE][PASSED] - Tapped and held at [199, 708] with duration 1

2020-08-03 17:56:09 - [TEST_STEP][PASSED] - tap(findTestObject("Maya/New_Transfer/android.widget.TextView0 - MAYBANK (1)"), 0): Tapped on element 'Object Repository/Maya/New_Transfer/android.widget.TextView0 - MAYBANK (1)'

2020-08-03 17:56:09 - [MESSAGE][WARNING] - Timeout '0' is invalid. Using default page load timeout: '10'

2020-08-03 17:56:12 - [MESSAGE][PASSED] - Tapped on element 'Object Repository/Maya/New_Transfer/android.widget.TextView0 - MAYBANK (1)'

2020-08-03 17:56:12 - [TEST_STEP][PASSED] - delay(2, STOP_ON_FAILURE): Delayed 2 second(s)

2020-08-03 17:56:14 - [MESSAGE][PASSED] - Delayed 2 second(s)

2020-08-03 17:56:14 - [TEST_STEP][PASSED] - takeScreenshot("C:\Users\LENOVO\Screenshot\Third Party\Screenshot3", STOP_ON_FAILURE): Screenshot is taken

2020-08-03 17:56:15 - [MESSAGE][PASSED] - Screenshot is taken
[[ATTACHMENT|C:\\Users\\LENOVO\\Screenshot\\Third Party\\Screenshot3]]

2020-08-03 17:56:15 - [TEST_STEP][PASSED] - getText(findTestObject("Maya/New_Transfer/android.widget.TextView0 - MAYBANK (2)"), 0): Text of element 'Object Repository/Maya/New_Transfer/android.widget.TextView0 - MAYBANK (2)' is: 'MAYBANK'

2020-08-03 17:56:15 - [MESSAGE][WARNING] - Timeout '0' is invalid. Using default page load timeout: '10'

2020-08-03 17:56:15 - [MESSAGE][PASSED] - Text of element 'Object Repository/Maya/New_Transfer/android.widget.TextView0 - MAYBANK (2)' is: 'MAYBANK'

2020-08-03 17:56:15 - [TEST_STEP][PASSED] - verifyElementExist(findTestObject("Maya/New_Transfer/android.widget.TextView0 - MAYBANK (2)"), 0): Element 'Object Repository/Maya/New_Transfer/android.widget.TextView0 - MAYBANK (2)' is exist

2020-08-03 17:56:15 - [MESSAGE][WARNING] - Timeout '0' is invalid. Using default page load timeout: '10'

2020-08-03 17:56:16 - [MESSAGE][PASSED] - Element 'Object Repository/Maya/New_Transfer/android.widget.TextView0 - MAYBANK (2)' is exist

2020-08-03 17:56:16 - [TEST_STEP][PASSED] - driver.pressKeyCode(ENTER): null

2020-08-03 17:56:16 - [TEST_STEP][PASSED] - getText(findTestObject("Maya/New_Transfer/android.widget.TextView0 - Please enter account number."), 0): Text of element 'Object Repository/Maya/New_Transfer/android.widget.TextView0 - Please enter account number.' is: 'Please enter account number.'

2020-08-03 17:56:16 - [MESSAGE][WARNING] - Timeout '0' is invalid. Using default page load timeout: '10'

2020-08-03 17:56:16 - [MESSAGE][PASSED] - Text of element 'Object Repository/Maya/New_Transfer/android.widget.TextView0 - Please enter account number.' is: 'Please enter account number.'

2020-08-03 17:56:16 - [TEST_STEP][PASSED] - verifyElementExist(findTestObject("Maya/New_Transfer/android.widget.TextView0 - Please enter account number."), 0): Element 'Object Repository/Maya/New_Transfer/android.widget.TextView0 - Please enter account number.' is exist

2020-08-03 17:56:17 - [MESSAGE][WARNING] - Timeout '0' is invalid. Using default page load timeout: '10'

2020-08-03 17:56:17 - [MESSAGE][PASSED] - Element 'Object Repository/Maya/New_Transfer/android.widget.TextView0 - Please enter account number.' is exist

2020-08-03 17:56:17 - [TEST_STEP][PASSED] - takeScreenshot("C:\Users\LENOVO\Screenshot\Third Party\Screenshot4", STOP_ON_FAILURE): Screenshot is taken

2020-08-03 17:56:18 - [MESSAGE][PASSED] - Screenshot is taken
[[ATTACHMENT|C:\\Users\\LENOVO\\Screenshot\\Third Party\\Screenshot4]]

2020-08-03 17:56:18 - [TEST_STEP][PASSED] - getText(findTestObject("Maya/New_Transfer/android.widget.TextView0 - Account number"), 0): Text of element 'Object Repository/Maya/New_Transfer/android.widget.TextView0 - Account number' is: 'Account number'

2020-08-03 17:56:18 - [MESSAGE][WARNING] - Timeout '0' is invalid. Using default page load timeout: '10'

2020-08-03 17:56:18 - [MESSAGE][PASSED] - Text of element 'Object Repository/Maya/New_Transfer/android.widget.TextView0 - Account number' is: 'Account number'

2020-08-03 17:56:18 - [TEST_STEP][PASSED] - verifyElementExist(findTestObject("Maya/New_Transfer/android.widget.TextView0 - Account number"), 0): Element 'Object Repository/Maya/New_Transfer/android.widget.TextView0 - Account number' is exist

2020-08-03 17:56:18 - [MESSAGE][WARNING] - Timeout '0' is invalid. Using default page load timeout: '10'

2020-08-03 17:56:18 - [MESSAGE][PASSED] - Element 'Object Repository/Maya/New_Transfer/android.widget.TextView0 - Account number' is exist

2020-08-03 17:56:18 - [TEST_STEP][PASSED] - setText(findTestObject("Maya/New_Transfer/android.widget.EditText0 (2)"), "1234", 0): Text '1234' has been set to element 'Object Repository/Maya/New_Transfer/android.widget.EditText0 (2)'

2020-08-03 17:56:18 - [MESSAGE][WARNING] - Timeout '0' is invalid. Using default page load timeout: '10'

2020-08-03 17:56:19 - [MESSAGE][PASSED] - Text '1234' has been set to element 'Object Repository/Maya/New_Transfer/android.widget.EditText0 (2)'

2020-08-03 17:56:19 - [TEST_STEP][PASSED] - driver.pressKeyCode(ENTER): null

2020-08-03 17:56:20 - [TEST_STEP][PASSED] - tap(findTestObject("Maya/New_Transfer/android.widget.TextView0 - Continue"), 0): Tapped on element 'Object Repository/Maya/New_Transfer/android.widget.TextView0 - Continue'

2020-08-03 17:56:20 - [MESSAGE][WARNING] - Timeout '0' is invalid. Using default page load timeout: '10'

2020-08-03 17:56:21 - [MESSAGE][PASSED] - Tapped on element 'Object Repository/Maya/New_Transfer/android.widget.TextView0 - Continue'

2020-08-03 17:56:21 - [TEST_STEP][PASSED] - getText(findTestObject("Maya/New_Transfer/android.widget.TextView0 - Please input a valid account number."), 0): Text of element 'Object Repository/Maya/New_Transfer/android.widget.TextView0 - Please input a valid account number.' is: 'Please input a valid account number.'

2020-08-03 17:56:21 - [MESSAGE][WARNING] - Timeout '0' is invalid. Using default page load timeout: '10'

2020-08-03 17:56:21 - [MESSAGE][PASSED] - Text of element 'Object Repository/Maya/New_Transfer/android.widget.TextView0 - Please input a valid account number.' is: 'Please input a valid account number.'

2020-08-03 17:56:21 - [TEST_STEP][PASSED] - takeScreenshot("C:\Users\LENOVO\Screenshot\Third Party\Screenshot5", STOP_ON_FAILURE): Screenshot is taken

2020-08-03 17:56:22 - [MESSAGE][PASSED] - Screenshot is taken
[[ATTACHMENT|C:\\Users\\LENOVO\\Screenshot\\Third Party\\Screenshot5]]

2020-08-03 17:56:22 - [TEST_STEP][PASSED] - verifyElementExist(findTestObject("Maya/New_Transfer/android.widget.TextView0 - Please input a valid account number."), 0): Element 'Object Repository/Maya/New_Transfer/android.widget.TextView0 - Please input a valid account number.' is exist

2020-08-03 17:56:22 - [MESSAGE][WARNING] - Timeout '0' is invalid. Using default page load timeout: '10'

2020-08-03 17:56:23 - [MESSAGE][PASSED] - Element 'Object Repository/Maya/New_Transfer/android.widget.TextView0 - Please input a valid account number.' is exist

2020-08-03 17:56:23 - [TEST_STEP][PASSED] - clearText(findTestObject("Maya/New_Transfer/android.widget.EditText0 - 1234"), 0): Element 'Object Repository/Maya/New_Transfer/android.widget.EditText0 - 1234' text is cleared

2020-08-03 17:56:23 - [MESSAGE][WARNING] - Timeout '0' is invalid. Using default page load timeout: '10'

2020-08-03 17:56:23 - [MESSAGE][PASSED] - Element 'Object Repository/Maya/New_Transfer/android.widget.EditText0 - 1234' text is cleared

2020-08-03 17:56:23 - [TEST_STEP][PASSED] - tap(findTestObject("Maya/New_Transfer/android.widget.ImageView0 (4)"), 0): Tapped on element 'Object Repository/Maya/New_Transfer/android.widget.ImageView0 (4)'

2020-08-03 17:56:23 - [MESSAGE][WARNING] - Timeout '0' is invalid. Using default page load timeout: '10'

2020-08-03 17:56:25 - [MESSAGE][PASSED] - Tapped on element 'Object Repository/Maya/New_Transfer/android.widget.ImageView0 (4)'

2020-08-03 17:56:25 - [TEST_STEP][PASSED] - tap(findTestObject("Maya/New_Transfer/android.widget.TextView0 - MAYBANK (1)"), 0): Tapped on element 'Object Repository/Maya/New_Transfer/android.widget.TextView0 - MAYBANK (1)'

2020-08-03 17:56:25 - [MESSAGE][WARNING] - Timeout '0' is invalid. Using default page load timeout: '10'

2020-08-03 17:56:27 - [MESSAGE][PASSED] - Tapped on element 'Object Repository/Maya/New_Transfer/android.widget.TextView0 - MAYBANK (1)'

2020-08-03 17:56:27 - [TEST_STEP][PASSED] - setText(findTestObject("Maya/New_Transfer/android.widget.EditText0 (3)"), "501600000048", 0): Text '501600000048' has been set to element 'Object Repository/Maya/New_Transfer/android.widget.EditText0 (3)'

2020-08-03 17:56:27 - [MESSAGE][WARNING] - Timeout '0' is invalid. Using default page load timeout: '10'

2020-08-03 17:56:28 - [MESSAGE][PASSED] - Text '501600000048' has been set to element 'Object Repository/Maya/New_Transfer/android.widget.EditText0 (3)'

2020-08-03 17:56:28 - [TEST_STEP][PASSED] - driver.pressKeyCode(ENTER): null

2020-08-03 17:56:29 - [TEST_STEP][PASSED] - getText(findTestObject("Maya/New_Transfer/android.widget.TextView0 - 5016 0000 0048"), 0): Text of element 'Object Repository/Maya/New_Transfer/android.widget.TextView0 - 5016 0000 0048' is: '5016 0000 0048'

2020-08-03 17:56:29 - [MESSAGE][WARNING] - Timeout '0' is invalid. Using default page load timeout: '10'

2020-08-03 17:56:31 - [MESSAGE][PASSED] - Text of element 'Object Repository/Maya/New_Transfer/android.widget.TextView0 - 5016 0000 0048' is: '5016 0000 0048'

2020-08-03 17:56:31 - [TEST_STEP][PASSED] - takeScreenshot("C:\Users\LENOVO\Screenshot\Third Party\Screenshot6", STOP_ON_FAILURE): Screenshot is taken

2020-08-03 17:56:32 - [MESSAGE][PASSED] - Screenshot is taken
[[ATTACHMENT|C:\\Users\\LENOVO\\Screenshot\\Third Party\\Screenshot6]]

2020-08-03 17:56:32 - [TEST_STEP][PASSED] - verifyElementExist(findTestObject("Maya/New_Transfer/android.widget.TextView0 - 5016 0000 0048"), 0): Element 'Object Repository/Maya/New_Transfer/android.widget.TextView0 - 5016 0000 0048' is exist

2020-08-03 17:56:32 - [MESSAGE][WARNING] - Timeout '0' is invalid. Using default page load timeout: '10'

2020-08-03 17:56:32 - [MESSAGE][PASSED] - Element 'Object Repository/Maya/New_Transfer/android.widget.TextView0 - 5016 0000 0048' is exist

2020-08-03 17:56:32 - [TEST_STEP][PASSED] - getText(findTestObject("Maya/New_Transfer/android.widget.TextView0 - TPOLCA"), 0): Text of element 'Object Repository/Maya/New_Transfer/android.widget.TextView0 - TPOLCA' is: 'TPOLCA'

2020-08-03 17:56:33 - [MESSAGE][WARNING] - Timeout '0' is invalid. Using default page load timeout: '10'

2020-08-03 17:56:33 - [MESSAGE][PASSED] - Text of element 'Object Repository/Maya/New_Transfer/android.widget.TextView0 - TPOLCA' is: 'TPOLCA'

2020-08-03 17:56:33 - [TEST_STEP][PASSED] - verifyElementExist(findTestObject("Maya/New_Transfer/android.widget.TextView0 - TPOLCA"), 0): Element 'Object Repository/Maya/New_Transfer/android.widget.TextView0 - TPOLCA' is exist

2020-08-03 17:56:33 - [MESSAGE][WARNING] - Timeout '0' is invalid. Using default page load timeout: '10'

2020-08-03 17:56:33 - [MESSAGE][PASSED] - Element 'Object Repository/Maya/New_Transfer/android.widget.TextView0 - TPOLCA' is exist

2020-08-03 17:56:33 - [TEST_STEP][PASSED] - getText(findTestObject("Maya/New_Transfer/android.widget.TextView0 - Enter amount"), 0): Text of element 'Object Repository/Maya/New_Transfer/android.widget.TextView0 - Enter amount' is: 'Enter amount'

2020-08-03 17:56:33 - [MESSAGE][WARNING] - Timeout '0' is invalid. Using default page load timeout: '10'

2020-08-03 17:56:34 - [MESSAGE][PASSED] - Text of element 'Object Repository/Maya/New_Transfer/android.widget.TextView0 - Enter amount' is: 'Enter amount'

2020-08-03 17:56:34 - [TEST_STEP][PASSED] - takeScreenshot("C:\Users\LENOVO\Screenshot\Third Party\Screenshot7", STOP_ON_FAILURE): Screenshot is taken

2020-08-03 17:56:34 - [MESSAGE][PASSED] - Screenshot is taken
[[ATTACHMENT|C:\\Users\\LENOVO\\Screenshot\\Third Party\\Screenshot7]]

2020-08-03 17:56:34 - [TEST_STEP][PASSED] - verifyElementExist(findTestObject("Maya/New_Transfer/android.widget.TextView0 - Enter amount"), 0): Element 'Object Repository/Maya/New_Transfer/android.widget.TextView0 - Enter amount' is exist

2020-08-03 17:56:34 - [MESSAGE][WARNING] - Timeout '0' is invalid. Using default page load timeout: '10'

2020-08-03 17:56:35 - [MESSAGE][PASSED] - Element 'Object Repository/Maya/New_Transfer/android.widget.TextView0 - Enter amount' is exist

2020-08-03 17:56:35 - [TEST_STEP][PASSED] - tap(findTestObject("Maya/New_Transfer/android.widget.ImageView0-enter amt"), 0): Tapped on element 'Object Repository/Maya/New_Transfer/android.widget.ImageView0-enter amt'

2020-08-03 17:56:35 - [MESSAGE][WARNING] - Timeout '0' is invalid. Using default page load timeout: '10'

2020-08-03 17:56:35 - [MESSAGE][PASSED] - Tapped on element 'Object Repository/Maya/New_Transfer/android.widget.ImageView0-enter amt'

2020-08-03 17:56:35 - [TEST_STEP][PASSED] - getText(findTestObject("Maya/New_Transfer/android.widget.TextView0 - Amount should be in between RM 0.01 to RM  999999.99 for Fund Transfer."), 0): Text of element 'Object Repository/Maya/New_Transfer/android.widget.TextView0 - Amount should be in between RM 0.01 to RM  999999.99 for Fund Transfer.' is: 'Amount should be in between RM 0.01 to 
RM  999,999.99 for Fund Transfer.'

2020-08-03 17:56:35 - [MESSAGE][WARNING] - Timeout '0' is invalid. Using default page load timeout: '10'

2020-08-03 17:56:36 - [MESSAGE][PASSED] - Text of element 'Object Repository/Maya/New_Transfer/android.widget.TextView0 - Amount should be in between RM 0.01 to RM  999999.99 for Fund Transfer.' is: 'Amount should be in between RM 0.01 to 
RM  999,999.99 for Fund Transfer.'

2020-08-03 17:56:36 - [TEST_STEP][PASSED] - takeScreenshot("C:\Users\LENOVO\Screenshot\Third Party\Screenshot8", STOP_ON_FAILURE): Screenshot is taken

2020-08-03 17:56:37 - [MESSAGE][PASSED] - Screenshot is taken
[[ATTACHMENT|C:\\Users\\LENOVO\\Screenshot\\Third Party\\Screenshot8]]

2020-08-03 17:56:37 - [TEST_STEP][PASSED] - verifyElementExist(findTestObject("Maya/New_Transfer/android.widget.TextView0 - Amount should be in between RM 0.01 to RM  999999.99 for Fund Transfer."), 0): Element 'Object Repository/Maya/New_Transfer/android.widget.TextView0 - Amount should be in between RM 0.01 to RM  999999.99 for Fund Transfer.' is exist

2020-08-03 17:56:37 - [MESSAGE][WARNING] - Timeout '0' is invalid. Using default page load timeout: '10'

2020-08-03 17:56:38 - [MESSAGE][PASSED] - Element 'Object Repository/Maya/New_Transfer/android.widget.TextView0 - Amount should be in between RM 0.01 to RM  999999.99 for Fund Transfer.' is exist

2020-08-03 17:56:38 - [TEST_STEP][PASSED] - tap(findTestObject("Maya/New_Transfer/android.widget.TextView0 - 2 (1)"), 0): Tapped on element 'Object Repository/Maya/New_Transfer/android.widget.TextView0 - 2 (1)'

2020-08-03 17:56:38 - [MESSAGE][WARNING] - Timeout '0' is invalid. Using default page load timeout: '10'

2020-08-03 17:56:39 - [MESSAGE][PASSED] - Tapped on element 'Object Repository/Maya/New_Transfer/android.widget.TextView0 - 2 (1)'

2020-08-03 17:56:39 - [TEST_STEP][PASSED] - tap(findTestObject("Maya/New_Transfer/android.widget.TextView0 - 0 (1)"), 0): Tapped on element 'Object Repository/Maya/New_Transfer/android.widget.TextView0 - 0 (1)'

2020-08-03 17:56:39 - [MESSAGE][WARNING] - Timeout '0' is invalid. Using default page load timeout: '10'

2020-08-03 17:56:42 - [MESSAGE][PASSED] - Tapped on element 'Object Repository/Maya/New_Transfer/android.widget.TextView0 - 0 (1)'

2020-08-03 17:56:42 - [TEST_STEP][PASSED] - tap(findTestObject("Maya/New_Transfer/android.widget.TextView0 - 0 (1)"), 0): Tapped on element 'Object Repository/Maya/New_Transfer/android.widget.TextView0 - 0 (1)'

2020-08-03 17:56:42 - [MESSAGE][WARNING] - Timeout '0' is invalid. Using default page load timeout: '10'

2020-08-03 17:56:46 - [MESSAGE][PASSED] - Tapped on element 'Object Repository/Maya/New_Transfer/android.widget.TextView0 - 0 (1)'

2020-08-03 17:56:46 - [TEST_STEP][PASSED] - tap(findTestObject("Maya/New_Transfer/android.widget.TextView0 - 0 (1)"), 0): Tapped on element 'Object Repository/Maya/New_Transfer/android.widget.TextView0 - 0 (1)'

2020-08-03 17:56:46 - [MESSAGE][WARNING] - Timeout '0' is invalid. Using default page load timeout: '10'

2020-08-03 17:56:49 - [MESSAGE][PASSED] - Tapped on element 'Object Repository/Maya/New_Transfer/android.widget.TextView0 - 0 (1)'

2020-08-03 17:56:49 - [TEST_STEP][PASSED] - tap(findTestObject("Maya/New_Transfer/android.widget.TextView0 - 0 (1)"), 0): Tapped on element 'Object Repository/Maya/New_Transfer/android.widget.TextView0 - 0 (1)'

2020-08-03 17:56:49 - [MESSAGE][WARNING] - Timeout '0' is invalid. Using default page load timeout: '10'

2020-08-03 17:56:53 - [MESSAGE][PASSED] - Tapped on element 'Object Repository/Maya/New_Transfer/android.widget.TextView0 - 0 (1)'

2020-08-03 17:56:53 - [TEST_STEP][PASSED] - tap(findTestObject("Maya/New_Transfer/android.widget.TextView0 - 0 (1)"), 0): Tapped on element 'Object Repository/Maya/New_Transfer/android.widget.TextView0 - 0 (1)'

2020-08-03 17:56:53 - [MESSAGE][WARNING] - Timeout '0' is invalid. Using default page load timeout: '10'

2020-08-03 17:56:57 - [MESSAGE][PASSED] - Tapped on element 'Object Repository/Maya/New_Transfer/android.widget.TextView0 - 0 (1)'

2020-08-03 17:56:57 - [TEST_STEP][PASSED] - tap(findTestObject("Maya/New_Transfer/android.widget.TextView0 - 0 (1)"), 0): Tapped on element 'Object Repository/Maya/New_Transfer/android.widget.TextView0 - 0 (1)'

2020-08-03 17:56:57 - [MESSAGE][WARNING] - Timeout '0' is invalid. Using default page load timeout: '10'

2020-08-03 17:57:00 - [MESSAGE][PASSED] - Tapped on element 'Object Repository/Maya/New_Transfer/android.widget.TextView0 - 0 (1)'

2020-08-03 17:57:00 - [TEST_STEP][PASSED] - tap(findTestObject("Maya/New_Transfer/android.widget.TextView0 - 0 (1)"), 0): Tapped on element 'Object Repository/Maya/New_Transfer/android.widget.TextView0 - 0 (1)'

2020-08-03 17:57:00 - [MESSAGE][WARNING] - Timeout '0' is invalid. Using default page load timeout: '10'

2020-08-03 17:57:04 - [MESSAGE][PASSED] - Tapped on element 'Object Repository/Maya/New_Transfer/android.widget.TextView0 - 0 (1)'

2020-08-03 17:57:04 - [TEST_STEP][PASSED] - tap(findTestObject("Maya/New_Transfer/android.widget.TextView0 - 0 (1)"), 0): Tapped on element 'Object Repository/Maya/New_Transfer/android.widget.TextView0 - 0 (1)'

2020-08-03 17:57:04 - [MESSAGE][WARNING] - Timeout '0' is invalid. Using default page load timeout: '10'

2020-08-03 17:57:08 - [MESSAGE][PASSED] - Tapped on element 'Object Repository/Maya/New_Transfer/android.widget.TextView0 - 0 (1)'

2020-08-03 17:57:08 - [TEST_STEP][PASSED] - tap(findTestObject("Maya/New_Transfer/android.widget.TextView0 - 0 (1)"), 0): Tapped on element 'Object Repository/Maya/New_Transfer/android.widget.TextView0 - 0 (1)'

2020-08-03 17:57:08 - [MESSAGE][WARNING] - Timeout '0' is invalid. Using default page load timeout: '10'

2020-08-03 17:57:11 - [MESSAGE][PASSED] - Tapped on element 'Object Repository/Maya/New_Transfer/android.widget.TextView0 - 0 (1)'

2020-08-03 17:57:11 - [TEST_STEP][PASSED] - tap(findTestObject("Maya/New_Transfer/android.widget.TextView0 - 0 (1)"), 0): Tapped on element 'Object Repository/Maya/New_Transfer/android.widget.TextView0 - 0 (1)'

2020-08-03 17:57:11 - [MESSAGE][WARNING] - Timeout '0' is invalid. Using default page load timeout: '10'

2020-08-03 17:57:15 - [MESSAGE][PASSED] - Tapped on element 'Object Repository/Maya/New_Transfer/android.widget.TextView0 - 0 (1)'

2020-08-03 17:57:15 - [TEST_STEP][PASSED] - tap(findTestObject("Maya/New_Transfer/android.widget.ImageView0 (5)"), 0): Tapped on element 'Object Repository/Maya/New_Transfer/android.widget.ImageView0 (5)'

2020-08-03 17:57:15 - [MESSAGE][WARNING] - Timeout '0' is invalid. Using default page load timeout: '10'

2020-08-03 17:57:16 - [MESSAGE][PASSED] - Tapped on element 'Object Repository/Maya/New_Transfer/android.widget.ImageView0 (5)'

2020-08-03 17:57:16 - [TEST_STEP][PASSED] - tap(findTestObject("Maya/New_Transfer/android.widget.ImageView0 (5)"), 0): Tapped on element 'Object Repository/Maya/New_Transfer/android.widget.ImageView0 (5)'

2020-08-03 17:57:16 - [MESSAGE][WARNING] - Timeout '0' is invalid. Using default page load timeout: '10'

2020-08-03 17:57:17 - [MESSAGE][PASSED] - Tapped on element 'Object Repository/Maya/New_Transfer/android.widget.ImageView0 (5)'

2020-08-03 17:57:17 - [TEST_STEP][PASSED] - tap(findTestObject("Maya/New_Transfer/android.widget.ImageView0 (5)"), 0): Tapped on element 'Object Repository/Maya/New_Transfer/android.widget.ImageView0 (5)'

2020-08-03 17:57:17 - [MESSAGE][WARNING] - Timeout '0' is invalid. Using default page load timeout: '10'

2020-08-03 17:57:18 - [MESSAGE][PASSED] - Tapped on element 'Object Repository/Maya/New_Transfer/android.widget.ImageView0 (5)'

2020-08-03 17:57:18 - [TEST_STEP][PASSED] - tap(findTestObject("Maya/New_Transfer/android.widget.ImageView0 (5)"), 0): Tapped on element 'Object Repository/Maya/New_Transfer/android.widget.ImageView0 (5)'

2020-08-03 17:57:18 - [MESSAGE][WARNING] - Timeout '0' is invalid. Using default page load timeout: '10'

2020-08-03 17:57:19 - [MESSAGE][PASSED] - Tapped on element 'Object Repository/Maya/New_Transfer/android.widget.ImageView0 (5)'

2020-08-03 17:57:19 - [TEST_STEP][PASSED] - tap(findTestObject("Maya/New_Transfer/android.widget.ImageView0 (5)"), 0): Tapped on element 'Object Repository/Maya/New_Transfer/android.widget.ImageView0 (5)'

2020-08-03 17:57:19 - [MESSAGE][WARNING] - Timeout '0' is invalid. Using default page load timeout: '10'

2020-08-03 17:57:20 - [MESSAGE][PASSED] - Tapped on element 'Object Repository/Maya/New_Transfer/android.widget.ImageView0 (5)'

2020-08-03 17:57:20 - [TEST_STEP][PASSED] - tap(findTestObject("Maya/New_Transfer/android.widget.ImageView0 (6)"), 0): Tapped on element 'Object Repository/Maya/New_Transfer/android.widget.ImageView0 (6)'

2020-08-03 17:57:20 - [MESSAGE][WARNING] - Timeout '0' is invalid. Using default page load timeout: '10'

2020-08-03 17:57:21 - [MESSAGE][PASSED] - Tapped on element 'Object Repository/Maya/New_Transfer/android.widget.ImageView0 (6)'

2020-08-03 17:57:21 - [TEST_STEP][NOT_RUN] - tap(findTestObject("Maya/New_Transfer/android.widget.ImageView0-enter amt"), 0): NOT_RUN: tap(findTestObject("Maya/New_Transfer/android.widget.ImageView0-enter amt"), 0)

2020-08-03 17:57:21 - [MESSAGE][NOT_RUN] - NOT_RUN: tap(findTestObject("Maya/New_Transfer/android.widget.ImageView0-enter amt"), 0)

2020-08-03 17:57:21 - [TEST_STEP][PASSED] - getText(findTestObject("Maya/New_Transfer/android.widget.TextView0 - Enter recipient reference"), 0): Text of element 'Object Repository/Maya/New_Transfer/android.widget.TextView0 - Enter recipient reference' is: 'Enter recipient reference'

2020-08-03 17:57:21 - [MESSAGE][WARNING] - Timeout '0' is invalid. Using default page load timeout: '10'

2020-08-03 17:57:23 - [MESSAGE][PASSED] - Text of element 'Object Repository/Maya/New_Transfer/android.widget.TextView0 - Enter recipient reference' is: 'Enter recipient reference'

2020-08-03 17:57:23 - [TEST_STEP][PASSED] - takeScreenshot("C:\Users\LENOVO\Screenshot\Third Party\Screenshot9", STOP_ON_FAILURE): Screenshot is taken

2020-08-03 17:57:24 - [MESSAGE][PASSED] - Screenshot is taken
[[ATTACHMENT|C:\\Users\\LENOVO\\Screenshot\\Third Party\\Screenshot9]]

2020-08-03 17:57:24 - [TEST_STEP][PASSED] - verifyElementExist(findTestObject("Maya/New_Transfer/android.widget.TextView0 - Enter recipient reference"), 0): Element 'Object Repository/Maya/New_Transfer/android.widget.TextView0 - Enter recipient reference' is exist

2020-08-03 17:57:24 - [MESSAGE][WARNING] - Timeout '0' is invalid. Using default page load timeout: '10'

2020-08-03 17:57:25 - [MESSAGE][PASSED] - Element 'Object Repository/Maya/New_Transfer/android.widget.TextView0 - Enter recipient reference' is exist

2020-08-03 17:57:25 - [TEST_STEP][PASSED] - getText(findTestObject("Maya/New_Transfer/android.widget.TextView0 - 5016 0000 0048 (1)"), 0): Text of element 'Object Repository/Maya/New_Transfer/android.widget.TextView0 - 5016 0000 0048 (1)' is: '5016 0000 0048'

2020-08-03 17:57:25 - [MESSAGE][WARNING] - Timeout '0' is invalid. Using default page load timeout: '10'

2020-08-03 17:57:25 - [MESSAGE][PASSED] - Text of element 'Object Repository/Maya/New_Transfer/android.widget.TextView0 - 5016 0000 0048 (1)' is: '5016 0000 0048'

2020-08-03 17:57:25 - [TEST_STEP][PASSED] - verifyElementExist(findTestObject("Maya/New_Transfer/android.widget.TextView0 - 5016 0000 0048 (1)"), 0): Element 'Object Repository/Maya/New_Transfer/android.widget.TextView0 - 5016 0000 0048 (1)' is exist

2020-08-03 17:57:25 - [MESSAGE][WARNING] - Timeout '0' is invalid. Using default page load timeout: '10'

2020-08-03 17:57:25 - [MESSAGE][PASSED] - Element 'Object Repository/Maya/New_Transfer/android.widget.TextView0 - 5016 0000 0048 (1)' is exist

2020-08-03 17:57:25 - [TEST_STEP][PASSED] - getText(findTestObject("Maya/New_Transfer/android.widget.TextView0 - TPOLCA (1)"), 0): Text of element 'Object Repository/Maya/New_Transfer/android.widget.TextView0 - TPOLCA (1)' is: 'TPOLCA'

2020-08-03 17:57:25 - [MESSAGE][WARNING] - Timeout '0' is invalid. Using default page load timeout: '10'

2020-08-03 17:57:25 - [MESSAGE][PASSED] - Text of element 'Object Repository/Maya/New_Transfer/android.widget.TextView0 - TPOLCA (1)' is: 'TPOLCA'

2020-08-03 17:57:25 - [TEST_STEP][PASSED] - verifyElementExist(findTestObject("Maya/New_Transfer/android.widget.TextView0 - TPOLCA (1)"), 0): Element 'Object Repository/Maya/New_Transfer/android.widget.TextView0 - TPOLCA (1)' is exist

2020-08-03 17:57:25 - [MESSAGE][WARNING] - Timeout '0' is invalid. Using default page load timeout: '10'

2020-08-03 17:57:26 - [MESSAGE][PASSED] - Element 'Object Repository/Maya/New_Transfer/android.widget.TextView0 - TPOLCA (1)' is exist

2020-08-03 17:57:26 - [TEST_STEP][PASSED] - setText(findTestObject("Maya/New_Transfer/android.widget.EditText0 (3)"), "@@@", 0): Text '@@@' has been set to element 'Object Repository/Maya/New_Transfer/android.widget.EditText0 (3)'

2020-08-03 17:57:26 - [MESSAGE][WARNING] - Timeout '0' is invalid. Using default page load timeout: '10'

2020-08-03 17:57:27 - [MESSAGE][PASSED] - Text '@@@' has been set to element 'Object Repository/Maya/New_Transfer/android.widget.EditText0 (3)'

2020-08-03 17:57:27 - [TEST_STEP][PASSED] - driver.pressKeyCode(ENTER): null

2020-08-03 17:57:27 - [TEST_STEP][PASSED] - tap(findTestObject("Maya/New_Transfer/android.widget.TextView0 - Continue"), 0): Tapped on element 'Object Repository/Maya/New_Transfer/android.widget.TextView0 - Continue'

2020-08-03 17:57:27 - [MESSAGE][WARNING] - Timeout '0' is invalid. Using default page load timeout: '10'

2020-08-03 17:57:29 - [MESSAGE][PASSED] - Tapped on element 'Object Repository/Maya/New_Transfer/android.widget.TextView0 - Continue'

2020-08-03 17:57:29 - [TEST_STEP][PASSED] - getText(findTestObject("Maya/New_Transfer/android.widget.TextView0 - Please input a valid recipient reference."), 0): Text of element 'Object Repository/Maya/New_Transfer/android.widget.TextView0 - Please input a valid recipient reference.' is: 'Please input a valid recipient reference.'

2020-08-03 17:57:29 - [MESSAGE][WARNING] - Timeout '0' is invalid. Using default page load timeout: '10'

2020-08-03 17:57:29 - [MESSAGE][PASSED] - Text of element 'Object Repository/Maya/New_Transfer/android.widget.TextView0 - Please input a valid recipient reference.' is: 'Please input a valid recipient reference.'

2020-08-03 17:57:29 - [TEST_STEP][PASSED] - takeScreenshot("C:\Users\LENOVO\Screenshot\Third Party\Screenshot10", STOP_ON_FAILURE): Screenshot is taken

2020-08-03 17:57:30 - [MESSAGE][PASSED] - Screenshot is taken
[[ATTACHMENT|C:\\Users\\LENOVO\\Screenshot\\Third Party\\Screenshot10]]

2020-08-03 17:57:30 - [TEST_STEP][PASSED] - verifyElementExist(findTestObject("Maya/New_Transfer/android.widget.TextView0 - Please input a valid recipient reference."), 0): Element 'Object Repository/Maya/New_Transfer/android.widget.TextView0 - Please input a valid recipient reference.' is exist

2020-08-03 17:57:30 - [MESSAGE][WARNING] - Timeout '0' is invalid. Using default page load timeout: '10'

2020-08-03 17:57:30 - [MESSAGE][PASSED] - Element 'Object Repository/Maya/New_Transfer/android.widget.TextView0 - Please input a valid recipient reference.' is exist

2020-08-03 17:57:30 - [TEST_STEP][PASSED] - tap(findTestObject("Maya/New_Transfer/android.widget.EditText0 - "), 0, CONTINUE_ON_FAILURE): Tapped on element 'Object Repository/Maya/New_Transfer/android.widget.EditText0 - '

2020-08-03 17:57:30 - [MESSAGE][WARNING] - Timeout '0' is invalid. Using default page load timeout: '10'

2020-08-03 17:57:32 - [MESSAGE][PASSED] - Tapped on element 'Object Repository/Maya/New_Transfer/android.widget.EditText0 - '

2020-08-03 17:57:32 - [TEST_STEP][NOT_RUN] - setText(findTestObject("Maya/New_Transfer/android.widget.EditText0 - "), "ab", 0): NOT_RUN: setText(findTestObject("Maya/New_Transfer/android.widget.EditText0 - "), "ab", 0)

2020-08-03 17:57:32 - [MESSAGE][NOT_RUN] - NOT_RUN: setText(findTestObject("Maya/New_Transfer/android.widget.EditText0 - "), "ab", 0)

2020-08-03 17:57:32 - [TEST_STEP][PASSED] - driver.pressKeyCode(ENTER): null

2020-08-03 17:57:32 - [TEST_STEP][PASSED] - tap(findTestObject("Maya/New_Transfer/android.widget.TextView0 - Continue"), 0): Tapped on element 'Object Repository/Maya/New_Transfer/android.widget.TextView0 - Continue'

2020-08-03 17:57:32 - [MESSAGE][WARNING] - Timeout '0' is invalid. Using default page load timeout: '10'

2020-08-03 17:57:34 - [MESSAGE][PASSED] - Tapped on element 'Object Repository/Maya/New_Transfer/android.widget.TextView0 - Continue'

2020-08-03 17:57:34 - [TEST_STEP][NOT_RUN] - clearText(findTestObject("Maya/New_Transfer/android.widget.EditText0 - ab"), 0): NOT_RUN: clearText(findTestObject("Maya/New_Transfer/android.widget.EditText0 - ab"), 0)

2020-08-03 17:57:34 - [MESSAGE][NOT_RUN] - NOT_RUN: clearText(findTestObject("Maya/New_Transfer/android.widget.EditText0 - ab"), 0)

2020-08-03 17:57:34 - [TEST_STEP][PASSED] - setText(findTestObject("Maya/New_Transfer/android.widget.EditText0 (2)"), "Test", 0): Text 'Test' has been set to element 'Object Repository/Maya/New_Transfer/android.widget.EditText0 (2)'

2020-08-03 17:57:34 - [MESSAGE][WARNING] - Timeout '0' is invalid. Using default page load timeout: '10'

2020-08-03 17:57:35 - [MESSAGE][PASSED] - Text 'Test' has been set to element 'Object Repository/Maya/New_Transfer/android.widget.EditText0 (2)'

2020-08-03 17:57:35 - [TEST_STEP][PASSED] - driver.pressKeyCode(ENTER): null

2020-08-03 17:57:35 - [TEST_STEP][PASSED] - tap(findTestObject("Maya/New_Transfer/android.widget.TextView0 - Continue"), 0): Tapped on element 'Object Repository/Maya/New_Transfer/android.widget.TextView0 - Continue'

2020-08-03 17:57:35 - [MESSAGE][WARNING] - Timeout '0' is invalid. Using default page load timeout: '10'

2020-08-03 17:57:37 - [MESSAGE][PASSED] - Tapped on element 'Object Repository/Maya/New_Transfer/android.widget.TextView0 - Continue'

2020-08-03 17:57:37 - [TEST_STEP][PASSED] - takeScreenshot("C:\Users\LENOVO\Screenshot\Third Party\Screenshot11", STOP_ON_FAILURE): Screenshot is taken

2020-08-03 17:57:38 - [MESSAGE][PASSED] - Screenshot is taken
[[ATTACHMENT|C:\\Users\\LENOVO\\Screenshot\\Third Party\\Screenshot11]]

2020-08-03 17:57:38 - [TEST_STEP][FAILED] - if (verifyElementExist(findTestObject("Maya/New_Transfer/android.widget.TextView0 - One-Tap Authorisation"), 0)): Element 'Object Repository/Maya/New_Transfer/android.widget.TextView0 - One-Tap Authorisation' not found

2020-08-03 17:57:38 - [MESSAGE][WARNING] - Timeout '0' is invalid. Using default page load timeout: '10'

2020-08-03 17:57:49 - [MESSAGE][FAILED] - Element 'Object Repository/Maya/New_Transfer/android.widget.TextView0 - One-Tap Authorisation' not found
[[ATTACHMENT|C:\\Users\\LENOVO\\Git_new\\Maya\\Reports\\20200803_175434\\Maya UAT\\UAT Test Suite\\20200803_175434\\1596448668218.png]]

2020-08-03 17:57:49 - [TEST_STEP][PASSED] - getText(findTestObject("Maya/New_Transfer/android.widget.TextView0 - Confirmation"), 0): Text of element 'Object Repository/Maya/New_Transfer/android.widget.TextView0 - Confirmation' is: 'Confirmation'

2020-08-03 17:57:49 - [MESSAGE][WARNING] - Timeout '0' is invalid. Using default page load timeout: '10'

2020-08-03 17:57:49 - [MESSAGE][PASSED] - Text of element 'Object Repository/Maya/New_Transfer/android.widget.TextView0 - Confirmation' is: 'Confirmation'

2020-08-03 17:57:49 - [TEST_STEP][PASSED] - takeScreenshot("C:\Users\LENOVO\Screenshot\Third Party\Screenshot18", STOP_ON_FAILURE): Screenshot is taken

2020-08-03 17:57:50 - [MESSAGE][PASSED] - Screenshot is taken
[[ATTACHMENT|C:\\Users\\LENOVO\\Screenshot\\Third Party\\Screenshot18]]

2020-08-03 17:57:50 - [TEST_STEP][PASSED] - verifyElementExist(findTestObject("Maya/New_Transfer/android.widget.TextView0 - Confirmation"), 0): Element 'Object Repository/Maya/New_Transfer/android.widget.TextView0 - Confirmation' is exist

2020-08-03 17:57:50 - [MESSAGE][WARNING] - Timeout '0' is invalid. Using default page load timeout: '10'

2020-08-03 17:57:50 - [MESSAGE][PASSED] - Element 'Object Repository/Maya/New_Transfer/android.widget.TextView0 - Confirmation' is exist

2020-08-03 17:57:50 - [TEST_STEP][PASSED] - getText(findTestObject("Maya/New_Transfer/android.widget.TextView0 - Date"), 0): Text of element 'Object Repository/Maya/New_Transfer/android.widget.TextView0 - Date' is: 'Date'

2020-08-03 17:57:50 - [MESSAGE][WARNING] - Timeout '0' is invalid. Using default page load timeout: '10'

2020-08-03 17:57:50 - [MESSAGE][PASSED] - Text of element 'Object Repository/Maya/New_Transfer/android.widget.TextView0 - Date' is: 'Date'

2020-08-03 17:57:50 - [TEST_STEP][PASSED] - verifyElementExist(findTestObject("Maya/New_Transfer/android.widget.TextView0 - Date"), 0): Element 'Object Repository/Maya/New_Transfer/android.widget.TextView0 - Date' is exist

2020-08-03 17:57:50 - [MESSAGE][WARNING] - Timeout '0' is invalid. Using default page load timeout: '10'

2020-08-03 17:57:51 - [MESSAGE][PASSED] - Element 'Object Repository/Maya/New_Transfer/android.widget.TextView0 - Date' is exist

2020-08-03 17:57:51 - [TEST_STEP][PASSED] - takeScreenshot("C:\Users\LENOVO\Screenshot\Third Party\Screenshot19", STOP_ON_FAILURE): Screenshot is taken

2020-08-03 17:57:52 - [MESSAGE][PASSED] - Screenshot is taken
[[ATTACHMENT|C:\\Users\\LENOVO\\Screenshot\\Third Party\\Screenshot19]]

2020-08-03 17:57:52 - [TEST_STEP][PASSED] - getText(findTestObject("Maya/New_Transfer/android.widget.TextView0 - Recipient reference"), 0): Text of element 'Object Repository/Maya/New_Transfer/android.widget.TextView0 - Recipient reference' is: 'Recipient reference'

2020-08-03 17:57:52 - [MESSAGE][WARNING] - Timeout '0' is invalid. Using default page load timeout: '10'

2020-08-03 17:57:52 - [MESSAGE][PASSED] - Text of element 'Object Repository/Maya/New_Transfer/android.widget.TextView0 - Recipient reference' is: 'Recipient reference'

2020-08-03 17:57:52 - [TEST_STEP][PASSED] - verifyElementExist(findTestObject("Maya/New_Transfer/android.widget.TextView0 - Recipient reference"), 0): Element 'Object Repository/Maya/New_Transfer/android.widget.TextView0 - Recipient reference' is exist

2020-08-03 17:57:52 - [MESSAGE][WARNING] - Timeout '0' is invalid. Using default page load timeout: '10'

2020-08-03 17:57:52 - [MESSAGE][PASSED] - Element 'Object Repository/Maya/New_Transfer/android.widget.TextView0 - Recipient reference' is exist

2020-08-03 17:57:52 - [TEST_STEP][PASSED] - getText(findTestObject("Maya/New_Transfer/android.widget.TextView0 - Bank name"), 0): Text of element 'Object Repository/Maya/New_Transfer/android.widget.TextView0 - Bank name' is: 'Bank name'

2020-08-03 17:57:52 - [MESSAGE][WARNING] - Timeout '0' is invalid. Using default page load timeout: '10'

2020-08-03 17:57:53 - [MESSAGE][PASSED] - Text of element 'Object Repository/Maya/New_Transfer/android.widget.TextView0 - Bank name' is: 'Bank name'

2020-08-03 17:57:53 - [TEST_STEP][PASSED] - verifyElementExist(findTestObject("Maya/New_Transfer/android.widget.TextView0 - Bank name"), 0): Element 'Object Repository/Maya/New_Transfer/android.widget.TextView0 - Bank name' is exist

2020-08-03 17:57:53 - [MESSAGE][WARNING] - Timeout '0' is invalid. Using default page load timeout: '10'

2020-08-03 17:57:53 - [MESSAGE][PASSED] - Element 'Object Repository/Maya/New_Transfer/android.widget.TextView0 - Bank name' is exist

2020-08-03 17:57:53 - [TEST_STEP][PASSED] - getText(findTestObject("Maya/New_Transfer/android.widget.TextView0 - MAYBANK (3)"), 0): Text of element 'Object Repository/Maya/New_Transfer/android.widget.TextView0 - MAYBANK (3)' is: 'MAYBANK'

2020-08-03 17:57:53 - [MESSAGE][WARNING] - Timeout '0' is invalid. Using default page load timeout: '10'

2020-08-03 17:57:53 - [MESSAGE][PASSED] - Text of element 'Object Repository/Maya/New_Transfer/android.widget.TextView0 - MAYBANK (3)' is: 'MAYBANK'

2020-08-03 17:57:53 - [TEST_STEP][PASSED] - verifyElementExist(findTestObject("Maya/New_Transfer/android.widget.TextView0 - MAYBANK (3)"), 0): Element 'Object Repository/Maya/New_Transfer/android.widget.TextView0 - MAYBANK (3)' is exist

2020-08-03 17:57:53 - [MESSAGE][WARNING] - Timeout '0' is invalid. Using default page load timeout: '10'

2020-08-03 17:57:53 - [MESSAGE][PASSED] - Element 'Object Repository/Maya/New_Transfer/android.widget.TextView0 - MAYBANK (3)' is exist

2020-08-03 17:57:53 - [TEST_STEP][PASSED] - tap(findTestObject("Maya/New_Transfer/android.widget.TextView0 - Today"), 0): Tapped on element 'Object Repository/Maya/New_Transfer/android.widget.TextView0 - Today'

2020-08-03 17:57:53 - [MESSAGE][WARNING] - Timeout '0' is invalid. Using default page load timeout: '10'

2020-08-03 17:57:56 - [MESSAGE][PASSED] - Tapped on element 'Object Repository/Maya/New_Transfer/android.widget.TextView0 - Today'

2020-08-03 17:57:56 - [TEST_STEP][PASSED] - tap(findTestObject("Maya/New_Transfer/android.widget.TextView0 - Cancel"), 0): Tapped on element 'Object Repository/Maya/New_Transfer/android.widget.TextView0 - Cancel'

2020-08-03 17:57:56 - [MESSAGE][WARNING] - Timeout '0' is invalid. Using default page load timeout: '10'

2020-08-03 17:57:57 - [MESSAGE][PASSED] - Tapped on element 'Object Repository/Maya/New_Transfer/android.widget.TextView0 - Cancel'

2020-08-03 17:57:57 - [TEST_STEP][PASSED] - tap(findTestObject("Maya/New_Transfer/android.widget.TextView0 - Today"), 0): Tapped on element 'Object Repository/Maya/New_Transfer/android.widget.TextView0 - Today'

2020-08-03 17:57:57 - [MESSAGE][WARNING] - Timeout '0' is invalid. Using default page load timeout: '10'

2020-08-03 17:57:59 - [MESSAGE][PASSED] - Tapped on element 'Object Repository/Maya/New_Transfer/android.widget.TextView0 - Today'

2020-08-03 17:57:59 - [TEST_STEP][PASSED] - tap(findTestObject("Maya/New_Transfer/android.widget.TextView0 - Done"), 0): Tapped on element 'Object Repository/Maya/New_Transfer/android.widget.TextView0 - Done'

2020-08-03 17:57:59 - [MESSAGE][WARNING] - Timeout '0' is invalid. Using default page load timeout: '10'

2020-08-03 17:58:00 - [MESSAGE][PASSED] - Tapped on element 'Object Repository/Maya/New_Transfer/android.widget.TextView0 - Done'

2020-08-03 17:58:00 - [TEST_STEP][PASSED] - tap(findTestObject("Maya/New_Transfer/android.widget.TextView0 - RM 2.00"), 0): Tapped on element 'Object Repository/Maya/New_Transfer/android.widget.TextView0 - RM 2.00'

2020-08-03 17:58:00 - [MESSAGE][WARNING] - Timeout '0' is invalid. Using default page load timeout: '10'

2020-08-03 17:58:02 - [MESSAGE][PASSED] - Tapped on element 'Object Repository/Maya/New_Transfer/android.widget.TextView0 - RM 2.00'

2020-08-03 17:58:02 - [TEST_STEP][PASSED] - getText(findTestObject("Maya/New_Transfer/android.widget.TextView0 - Enter amount (1)"), 0): Text of element 'Object Repository/Maya/New_Transfer/android.widget.TextView0 - Enter amount (1)' is: 'Enter amount'

2020-08-03 17:58:02 - [MESSAGE][WARNING] - Timeout '0' is invalid. Using default page load timeout: '10'

2020-08-03 17:58:02 - [MESSAGE][PASSED] - Text of element 'Object Repository/Maya/New_Transfer/android.widget.TextView0 - Enter amount (1)' is: 'Enter amount'

2020-08-03 17:58:02 - [TEST_STEP][PASSED] - takeScreenshot("C:\Users\LENOVO\Screenshot\Third Party\Screenshot20", STOP_ON_FAILURE): Screenshot is taken

2020-08-03 17:58:04 - [MESSAGE][PASSED] - Screenshot is taken
[[ATTACHMENT|C:\\Users\\LENOVO\\Screenshot\\Third Party\\Screenshot20]]

2020-08-03 17:58:04 - [TEST_STEP][PASSED] - verifyElementExist(findTestObject("Maya/New_Transfer/android.widget.TextView0 - Enter amount (1)"), 0): Element 'Object Repository/Maya/New_Transfer/android.widget.TextView0 - Enter amount (1)' is exist

2020-08-03 17:58:04 - [MESSAGE][WARNING] - Timeout '0' is invalid. Using default page load timeout: '10'

2020-08-03 17:58:04 - [MESSAGE][PASSED] - Element 'Object Repository/Maya/New_Transfer/android.widget.TextView0 - Enter amount (1)' is exist

2020-08-03 17:58:04 - [TEST_STEP][PASSED] - tap(findTestObject("Maya/New_Transfer/android.widget.ImageView0 (8)"), 0): Tapped on element 'Object Repository/Maya/New_Transfer/android.widget.ImageView0 (8)'

2020-08-03 17:58:04 - [MESSAGE][WARNING] - Timeout '0' is invalid. Using default page load timeout: '10'

2020-08-03 17:58:04 - [MESSAGE][PASSED] - Tapped on element 'Object Repository/Maya/New_Transfer/android.widget.ImageView0 (8)'

2020-08-03 17:58:04 - [TEST_STEP][PASSED] - getText(findTestObject("Maya/New_Transfer/android.widget.TextView0 - Confirmation"), 0): Text of element 'Object Repository/Maya/New_Transfer/android.widget.TextView0 - Confirmation' is: 'Confirmation'

2020-08-03 17:58:04 - [MESSAGE][WARNING] - Timeout '0' is invalid. Using default page load timeout: '10'

2020-08-03 17:58:06 - [MESSAGE][PASSED] - Text of element 'Object Repository/Maya/New_Transfer/android.widget.TextView0 - Confirmation' is: 'Confirmation'

2020-08-03 17:58:06 - [TEST_STEP][PASSED] - verifyElementExist(findTestObject("Maya/New_Transfer/android.widget.TextView0 - Confirmation"), 0): Element 'Object Repository/Maya/New_Transfer/android.widget.TextView0 - Confirmation' is exist

2020-08-03 17:58:06 - [MESSAGE][WARNING] - Timeout '0' is invalid. Using default page load timeout: '10'

2020-08-03 17:58:06 - [MESSAGE][PASSED] - Element 'Object Repository/Maya/New_Transfer/android.widget.TextView0 - Confirmation' is exist

2020-08-03 17:58:06 - [TEST_STEP][PASSED] - tap(findTestObject("Maya/New_Transfer/android.widget.TextView0 - Test"), 0): Tapped on element 'Object Repository/Maya/New_Transfer/android.widget.TextView0 - Test'

2020-08-03 17:58:06 - [MESSAGE][WARNING] - Timeout '0' is invalid. Using default page load timeout: '10'

2020-08-03 17:58:08 - [MESSAGE][PASSED] - Tapped on element 'Object Repository/Maya/New_Transfer/android.widget.TextView0 - Test'

2020-08-03 17:58:08 - [TEST_STEP][PASSED] - getText(findTestObject("Maya/New_Transfer/android.widget.TextView0 - Enter recipient reference (1)"), 0): Text of element 'Object Repository/Maya/New_Transfer/android.widget.TextView0 - Enter recipient reference (1)' is: 'Enter recipient reference'

2020-08-03 17:58:08 - [MESSAGE][WARNING] - Timeout '0' is invalid. Using default page load timeout: '10'

2020-08-03 17:58:08 - [MESSAGE][PASSED] - Text of element 'Object Repository/Maya/New_Transfer/android.widget.TextView0 - Enter recipient reference (1)' is: 'Enter recipient reference'

2020-08-03 17:58:08 - [TEST_STEP][PASSED] - takeScreenshot("C:\Users\LENOVO\Screenshot\Third Party\Screenshot21", STOP_ON_FAILURE): Screenshot is taken

2020-08-03 17:58:09 - [MESSAGE][PASSED] - Screenshot is taken
[[ATTACHMENT|C:\\Users\\LENOVO\\Screenshot\\Third Party\\Screenshot21]]

2020-08-03 17:58:09 - [TEST_STEP][PASSED] - verifyElementExist(findTestObject("Maya/New_Transfer/android.widget.TextView0 - Enter recipient reference (1)"), 0): Element 'Object Repository/Maya/New_Transfer/android.widget.TextView0 - Enter recipient reference (1)' is exist

2020-08-03 17:58:09 - [MESSAGE][WARNING] - Timeout '0' is invalid. Using default page load timeout: '10'

2020-08-03 17:58:09 - [MESSAGE][PASSED] - Element 'Object Repository/Maya/New_Transfer/android.widget.TextView0 - Enter recipient reference (1)' is exist

2020-08-03 17:58:09 - [TEST_STEP][PASSED] - tap(findTestObject("Maya/New_Transfer/android.widget.TextView0 - Continue (1)"), 0): Tapped on element 'Object Repository/Maya/New_Transfer/android.widget.TextView0 - Continue (1)'

2020-08-03 17:58:09 - [MESSAGE][WARNING] - Timeout '0' is invalid. Using default page load timeout: '10'

2020-08-03 17:58:10 - [MESSAGE][PASSED] - Tapped on element 'Object Repository/Maya/New_Transfer/android.widget.TextView0 - Continue (1)'

2020-08-03 17:58:10 - [TEST_STEP][PASSED] - getText(findTestObject("Maya/drop4 CR/android.widget.TextView0 - RM 2.00-transfer amt"), 0): Text of element 'Object Repository/Maya/drop4 CR/android.widget.TextView0 - RM 2.00-transfer amt' is: 'RM 2.00'

2020-08-03 17:58:10 - [MESSAGE][WARNING] - Timeout '0' is invalid. Using default page load timeout: '10'

2020-08-03 17:58:14 - [MESSAGE][PASSED] - Text of element 'Object Repository/Maya/drop4 CR/android.widget.TextView0 - RM 2.00-transfer amt' is: 'RM 2.00'

2020-08-03 17:58:14 - [TEST_STEP][PASSED] - trx5 = 00-transfer amt"), 0).substring(3): Text of element 'Object Repository/Maya/drop4 CR/android.widget.TextView0 - RM 2.00-transfer amt' is: 'RM 2.00'

2020-08-03 17:58:14 - [MESSAGE][WARNING] - Timeout '0' is invalid. Using default page load timeout: '10'

2020-08-03 17:58:14 - [MESSAGE][PASSED] - Text of element 'Object Repository/Maya/drop4 CR/android.widget.TextView0 - RM 2.00-transfer amt' is: 'RM 2.00'

2020-08-03 17:58:14 - [TEST_STEP][PASSED] - trx51 = trx5.replaceAll("[^a-zA-Z0-9]+", ""): null

2020-08-03 17:58:14 - [TEST_STEP][PASSED] - out.println(trx51): null

2020-08-03 17:58:14 - [TEST_STEP][PASSED] - trx511 = trx51: null

2020-08-03 17:58:14 - [TEST_STEP][PASSED] - out.println(trx511): null

2020-08-03 17:58:14 - [TEST_STEP][PASSED] - tap(findTestObject("Maya/New_Transfer/android.widget.TextView0 - Transfer Now"), 0): Tapped on element 'Object Repository/Maya/New_Transfer/android.widget.TextView0 - Transfer Now'

2020-08-03 17:58:15 - [MESSAGE][WARNING] - Timeout '0' is invalid. Using default page load timeout: '10'

2020-08-03 17:58:17 - [MESSAGE][PASSED] - Tapped on element 'Object Repository/Maya/New_Transfer/android.widget.TextView0 - Transfer Now'

2020-08-03 17:58:17 - [TEST_STEP][FAILED] - if (verifyElementExist(findTestObject("Maya/Bus Ticket/android.widget.TextView0 - Your TAC no. is 016942"), 3)): Element 'Object Repository/Maya/Bus Ticket/android.widget.TextView0 - Your TAC no. is 016942' not found

2020-08-03 17:58:21 - [MESSAGE][FAILED] - Element 'Object Repository/Maya/Bus Ticket/android.widget.TextView0 - Your TAC no. is 016942' not found
[[ATTACHMENT|C:\\Users\\LENOVO\\Git_new\\Maya\\Reports\\20200803_175434\\Maya UAT\\UAT Test Suite\\20200803_175434\\1596448700349.png]]

2020-08-03 17:58:21 - [TEST_STEP][PASSED] - verifyElementExist(findTestObject("Maya/New_Transfer/android.widget.TextView0 - Approve"), 0): Element 'Object Repository/Maya/New_Transfer/android.widget.TextView0 - Approve' is exist

2020-08-03 17:58:21 - [MESSAGE][WARNING] - Timeout '0' is invalid. Using default page load timeout: '10'

2020-08-03 17:58:21 - [MESSAGE][PASSED] - Element 'Object Repository/Maya/New_Transfer/android.widget.TextView0 - Approve' is exist

2020-08-03 17:58:21 - [TEST_STEP][PASSED] - getText(findTestObject("Maya/Third Party CA account/android.widget.TextView0 - To"), 0): Text of element 'Object Repository/Maya/Third Party CA account/android.widget.TextView0 - To' is: 'To'

2020-08-03 17:58:21 - [MESSAGE][WARNING] - Timeout '0' is invalid. Using default page load timeout: '10'

2020-08-03 17:58:21 - [MESSAGE][PASSED] - Text of element 'Object Repository/Maya/Third Party CA account/android.widget.TextView0 - To' is: 'To'

2020-08-03 17:58:21 - [TEST_STEP][PASSED] - getText(findTestObject("Maya/Third Party CA account/android.widget.TextView0 - From"), 0): Text of element 'Object Repository/Maya/Third Party CA account/android.widget.TextView0 - From' is: 'From'

2020-08-03 17:58:21 - [MESSAGE][WARNING] - Timeout '0' is invalid. Using default page load timeout: '10'

2020-08-03 17:58:21 - [MESSAGE][PASSED] - Text of element 'Object Repository/Maya/Third Party CA account/android.widget.TextView0 - From' is: 'From'

2020-08-03 17:58:21 - [TEST_STEP][PASSED] - getText(findTestObject("Maya/Third Party CA account/android.widget.TextView0 - Transaction type"), 0): Text of element 'Object Repository/Maya/Third Party CA account/android.widget.TextView0 - Transaction type' is: 'Transaction type'

2020-08-03 17:58:21 - [MESSAGE][WARNING] - Timeout '0' is invalid. Using default page load timeout: '10'

2020-08-03 17:58:22 - [MESSAGE][PASSED] - Text of element 'Object Repository/Maya/Third Party CA account/android.widget.TextView0 - Transaction type' is: 'Transaction type'

2020-08-03 17:58:22 - [TEST_STEP][PASSED] - getText(findTestObject("Maya/Third Party CA account/android.widget.TextView0 - Date (1)"), 0): Text of element 'Object Repository/Maya/Third Party CA account/android.widget.TextView0 - Date (1)' is: 'Date'

2020-08-03 17:58:22 - [MESSAGE][WARNING] - Timeout '0' is invalid. Using default page load timeout: '10'

2020-08-03 17:58:22 - [MESSAGE][PASSED] - Text of element 'Object Repository/Maya/Third Party CA account/android.widget.TextView0 - Date (1)' is: 'Date'

2020-08-03 17:58:22 - [TEST_STEP][PASSED] - getText(findTestObject("Maya/Third Party CA account/android.widget.TextView0 - TPOLCA5016 0000 0048"), 0): Text of element 'Object Repository/Maya/Third Party CA account/android.widget.TextView0 - TPOLCA5016 0000 0048' is: 'TPOLCA
5016 0000 0048'

2020-08-03 17:58:22 - [MESSAGE][WARNING] - Timeout '0' is invalid. Using default page load timeout: '10'

2020-08-03 17:58:22 - [MESSAGE][PASSED] - Text of element 'Object Repository/Maya/Third Party CA account/android.widget.TextView0 - TPOLCA5016 0000 0048' is: 'TPOLCA
5016 0000 0048'

2020-08-03 17:58:22 - [TEST_STEP][PASSED] - getText(findTestObject("Maya/Third Party CA account/android.widget.TextView0 - Current Account-i5640 1703 5529"), 0): Text of element 'Object Repository/Maya/Third Party CA account/android.widget.TextView0 - Current Account-i5640 1703 5529' is: 'Current Account-i
5640 1703 5529'

2020-08-03 17:58:22 - [MESSAGE][WARNING] - Timeout '0' is invalid. Using default page load timeout: '10'

2020-08-03 17:58:23 - [MESSAGE][PASSED] - Text of element 'Object Repository/Maya/Third Party CA account/android.widget.TextView0 - Current Account-i5640 1703 5529' is: 'Current Account-i
5640 1703 5529'

2020-08-03 17:58:23 - [TEST_STEP][PASSED] - getText(findTestObject("Maya/Third Party CA account/android.widget.TextView0 - Transfer (1)"), 0): Text of element 'Object Repository/Maya/Third Party CA account/android.widget.TextView0 - Transfer (1)' is: 'Transfer'

2020-08-03 17:58:23 - [MESSAGE][WARNING] - Timeout '0' is invalid. Using default page load timeout: '10'

2020-08-03 17:58:23 - [MESSAGE][PASSED] - Text of element 'Object Repository/Maya/Third Party CA account/android.widget.TextView0 - Transfer (1)' is: 'Transfer'

2020-08-03 17:58:23 - [TEST_STEP][PASSED] - getText(findTestObject("Maya/Third Party CA account/android.widget.TextView0 - 03 Aug 2020 440 PM"), 0): Text of element 'Object Repository/Maya/Third Party CA account/android.widget.TextView0 - 03 Aug 2020 440 PM' is: '03 Aug 2020, 5:58 PM'

2020-08-03 17:58:23 - [MESSAGE][WARNING] - Timeout '0' is invalid. Using default page load timeout: '10'

2020-08-03 17:58:23 - [MESSAGE][PASSED] - Text of element 'Object Repository/Maya/Third Party CA account/android.widget.TextView0 - 03 Aug 2020 440 PM' is: '03 Aug 2020, 5:58 PM'

2020-08-03 17:58:23 - [TEST_STEP][PASSED] - getText(findTestObject("Maya/Third Party CA account/android.widget.TextView0 - One-Tap Authorisation"), 0): Text of element 'Object Repository/Maya/Third Party CA account/android.widget.TextView0 - One-Tap Authorisation' is: 'One-Tap Authorisation'

2020-08-03 17:58:23 - [MESSAGE][WARNING] - Timeout '0' is invalid. Using default page load timeout: '10'

2020-08-03 17:58:23 - [MESSAGE][PASSED] - Text of element 'Object Repository/Maya/Third Party CA account/android.widget.TextView0 - One-Tap Authorisation' is: 'One-Tap Authorisation'

2020-08-03 17:58:23 - [TEST_STEP][PASSED] - tap(findTestObject("Maya/New_Transfer/android.widget.TextView0 - Approve"), 0): Tapped on element 'Object Repository/Maya/New_Transfer/android.widget.TextView0 - Approve'

2020-08-03 17:58:23 - [MESSAGE][WARNING] - Timeout '0' is invalid. Using default page load timeout: '10'

2020-08-03 17:58:25 - [MESSAGE][PASSED] - Tapped on element 'Object Repository/Maya/New_Transfer/android.widget.TextView0 - Approve'

2020-08-03 17:58:25 - [TEST_STEP][PASSED] - takeScreenshot("C:\Users\LENOVO\Screenshot\Third Party\Screenshot22", STOP_ON_FAILURE): Screenshot is taken

2020-08-03 17:58:25 - [MESSAGE][PASSED] - Screenshot is taken
[[ATTACHMENT|C:\\Users\\LENOVO\\Screenshot\\Third Party\\Screenshot22]]

2020-08-03 17:58:25 - [TEST_STEP][PASSED] - getText(findTestObject("Maya/New_Transfer/android.widget.TextView0 - Transfer successful"), 0): Text of element 'Object Repository/Maya/New_Transfer/android.widget.TextView0 - Transfer successful' is: 'Transfer successful'

2020-08-03 17:58:26 - [MESSAGE][WARNING] - Timeout '0' is invalid. Using default page load timeout: '10'

2020-08-03 17:58:27 - [MESSAGE][PASSED] - Text of element 'Object Repository/Maya/New_Transfer/android.widget.TextView0 - Transfer successful' is: 'Transfer successful'

2020-08-03 17:58:27 - [TEST_STEP][PASSED] - verifyElementExist(findTestObject("Maya/New_Transfer/android.widget.TextView0 - Transfer successful"), 0): Element 'Object Repository/Maya/New_Transfer/android.widget.TextView0 - Transfer successful' is exist

2020-08-03 17:58:27 - [MESSAGE][WARNING] - Timeout '0' is invalid. Using default page load timeout: '10'

2020-08-03 17:58:27 - [MESSAGE][PASSED] - Element 'Object Repository/Maya/New_Transfer/android.widget.TextView0 - Transfer successful' is exist

2020-08-03 17:58:27 - [TEST_STEP][PASSED] - getText(findTestObject("Maya/New_Transfer/android.widget.TextView0 - Reference ID"), 0): Text of element 'Object Repository/Maya/New_Transfer/android.widget.TextView0 - Reference ID' is: 'Reference ID'

2020-08-03 17:58:27 - [MESSAGE][WARNING] - Timeout '0' is invalid. Using default page load timeout: '10'

2020-08-03 17:58:27 - [MESSAGE][PASSED] - Text of element 'Object Repository/Maya/New_Transfer/android.widget.TextView0 - Reference ID' is: 'Reference ID'

2020-08-03 17:58:27 - [TEST_STEP][PASSED] - verifyElementExist(findTestObject("Maya/New_Transfer/android.widget.TextView0 - Reference ID"), 0): Element 'Object Repository/Maya/New_Transfer/android.widget.TextView0 - Reference ID' is exist

2020-08-03 17:58:27 - [MESSAGE][WARNING] - Timeout '0' is invalid. Using default page load timeout: '10'

2020-08-03 17:58:27 - [MESSAGE][PASSED] - Element 'Object Repository/Maya/New_Transfer/android.widget.TextView0 - Reference ID' is exist

2020-08-03 17:58:27 - [TEST_STEP][PASSED] - getText(findTestObject("Maya/New_Transfer/android.widget.TextView0 - 17180008563M"), 0): Text of element 'Object Repository/Maya/New_Transfer/android.widget.TextView0 - 17180008563M' is: '17180684317M'

2020-08-03 17:58:28 - [MESSAGE][WARNING] - Timeout '0' is invalid. Using default page load timeout: '10'

2020-08-03 17:58:28 - [MESSAGE][PASSED] - Text of element 'Object Repository/Maya/New_Transfer/android.widget.TextView0 - 17180008563M' is: '17180684317M'

2020-08-03 17:58:28 - [TEST_STEP][PASSED] - verifyElementExist(findTestObject("Maya/New_Transfer/android.widget.TextView0 - 17180008563M"), 0): Element 'Object Repository/Maya/New_Transfer/android.widget.TextView0 - 17180008563M' is exist

2020-08-03 17:58:28 - [MESSAGE][WARNING] - Timeout '0' is invalid. Using default page load timeout: '10'

2020-08-03 17:58:28 - [MESSAGE][PASSED] - Element 'Object Repository/Maya/New_Transfer/android.widget.TextView0 - 17180008563M' is exist

2020-08-03 17:58:28 - [TEST_STEP][PASSED] - getText(findTestObject("Maya/New_Transfer/android.widget.TextView0 - Date  time"), 0): Text of element 'Object Repository/Maya/New_Transfer/android.widget.TextView0 - Date  time' is: 'Date & time'

2020-08-03 17:58:28 - [MESSAGE][WARNING] - Timeout '0' is invalid. Using default page load timeout: '10'

2020-08-03 17:58:29 - [MESSAGE][PASSED] - Text of element 'Object Repository/Maya/New_Transfer/android.widget.TextView0 - Date  time' is: 'Date & time'

2020-08-03 17:58:29 - [TEST_STEP][PASSED] - verifyElementExist(findTestObject("Maya/New_Transfer/android.widget.TextView0 - Date  time"), 0): Element 'Object Repository/Maya/New_Transfer/android.widget.TextView0 - Date  time' is exist

2020-08-03 17:58:29 - [MESSAGE][WARNING] - Timeout '0' is invalid. Using default page load timeout: '10'

2020-08-03 17:58:29 - [MESSAGE][PASSED] - Element 'Object Repository/Maya/New_Transfer/android.widget.TextView0 - Date  time' is exist

2020-08-03 17:58:29 - [TEST_STEP][PASSED] - getText(findTestObject("Maya/New_Transfer/android.widget.TextView0 - 08 JUL 2020 1055 PM"), 0): Text of element 'Object Repository/Maya/New_Transfer/android.widget.TextView0 - 08 JUL 2020 1055 PM' is: '03 Aug 2020, 5:58 PM'

2020-08-03 17:58:29 - [MESSAGE][WARNING] - Timeout '0' is invalid. Using default page load timeout: '10'

2020-08-03 17:58:29 - [MESSAGE][PASSED] - Text of element 'Object Repository/Maya/New_Transfer/android.widget.TextView0 - 08 JUL 2020 1055 PM' is: '03 Aug 2020, 5:58 PM'

2020-08-03 17:58:29 - [TEST_STEP][PASSED] - verifyElementExist(findTestObject("Maya/New_Transfer/android.widget.TextView0 - 08 JUL 2020 1055 PM"), 0): Element 'Object Repository/Maya/New_Transfer/android.widget.TextView0 - 08 JUL 2020 1055 PM' is exist

2020-08-03 17:58:29 - [MESSAGE][WARNING] - Timeout '0' is invalid. Using default page load timeout: '10'

2020-08-03 17:58:30 - [MESSAGE][PASSED] - Element 'Object Repository/Maya/New_Transfer/android.widget.TextView0 - 08 JUL 2020 1055 PM' is exist

2020-08-03 17:58:30 - [TEST_STEP][PASSED] - tap(findTestObject("Maya/New_Transfer/android.widget.TextView0 - Share Receipt"), 0): Tapped on element 'Object Repository/Maya/New_Transfer/android.widget.TextView0 - Share Receipt'

2020-08-03 17:58:30 - [MESSAGE][WARNING] - Timeout '0' is invalid. Using default page load timeout: '10'

2020-08-03 17:58:31 - [MESSAGE][PASSED] - Tapped on element 'Object Repository/Maya/New_Transfer/android.widget.TextView0 - Share Receipt'

2020-08-03 17:58:31 - [TEST_STEP][PASSED] - tap(findTestObject("Maya/New_Transfer/android.widget.ImageView0 (9)"), 0): Tapped on element 'Object Repository/Maya/New_Transfer/android.widget.ImageView0 (9)'

2020-08-03 17:58:31 - [MESSAGE][WARNING] - Timeout '0' is invalid. Using default page load timeout: '10'

2020-08-03 17:58:35 - [MESSAGE][PASSED] - Tapped on element 'Object Repository/Maya/New_Transfer/android.widget.ImageView0 (9)'

2020-08-03 17:58:35 - [TEST_STEP][PASSED] - tap(findTestObject("Maya/New_Transfer/android.widget.Button0 - Cancel (1)"), 0): Tapped on element 'Object Repository/Maya/New_Transfer/android.widget.Button0 - Cancel (1)'

2020-08-03 17:58:36 - [MESSAGE][WARNING] - Timeout '0' is invalid. Using default page load timeout: '10'

2020-08-03 17:58:40 - [MESSAGE][PASSED] - Tapped on element 'Object Repository/Maya/New_Transfer/android.widget.Button0 - Cancel (1)'

2020-08-03 17:58:40 - [TEST_STEP][PASSED] - getText(findTestObject("Maya/New_Transfer/android.widget.TextView0 - Share Receipt (1)"), 0): Text of element 'Object Repository/Maya/New_Transfer/android.widget.TextView0 - Share Receipt (1)' is: 'Share Receipt'

2020-08-03 17:58:40 - [MESSAGE][WARNING] - Timeout '0' is invalid. Using default page load timeout: '10'

2020-08-03 17:58:41 - [MESSAGE][PASSED] - Text of element 'Object Repository/Maya/New_Transfer/android.widget.TextView0 - Share Receipt (1)' is: 'Share Receipt'

2020-08-03 17:58:41 - [TEST_STEP][PASSED] - verifyElementExist(findTestObject("Maya/New_Transfer/android.widget.TextView0 - Share Receipt (1)"), 0): Element 'Object Repository/Maya/New_Transfer/android.widget.TextView0 - Share Receipt (1)' is exist

2020-08-03 17:58:41 - [MESSAGE][WARNING] - Timeout '0' is invalid. Using default page load timeout: '10'

2020-08-03 17:58:41 - [MESSAGE][PASSED] - Element 'Object Repository/Maya/New_Transfer/android.widget.TextView0 - Share Receipt (1)' is exist

2020-08-03 17:58:41 - [TEST_STEP][PASSED] - tap(findTestObject("Maya/New_Transfer/android.widget.ImageView0 (10)"), 0): Tapped on element 'Object Repository/Maya/New_Transfer/android.widget.ImageView0 (10)'

2020-08-03 17:58:41 - [MESSAGE][WARNING] - Timeout '0' is invalid. Using default page load timeout: '10'

2020-08-03 17:58:41 - [MESSAGE][PASSED] - Tapped on element 'Object Repository/Maya/New_Transfer/android.widget.ImageView0 (10)'

2020-08-03 17:58:41 - [TEST_STEP][PASSED] - tap(findTestObject("Maya/New_Transfer/android.widget.TextView0 - Share Receipt"), 0): Tapped on element 'Object Repository/Maya/New_Transfer/android.widget.TextView0 - Share Receipt'

2020-08-03 17:58:42 - [MESSAGE][WARNING] - Timeout '0' is invalid. Using default page load timeout: '10'

2020-08-03 17:58:44 - [MESSAGE][PASSED] - Tapped on element 'Object Repository/Maya/New_Transfer/android.widget.TextView0 - Share Receipt'

2020-08-03 17:58:44 - [TEST_STEP][PASSED] - getText(findTestObject("Maya/Third Party CA account/android.view.View0 - Third Party Transfer"), 0): Text of element 'Object Repository/Maya/Third Party CA account/android.view.View0 - Third Party Transfer' is: 'Third Party Transfer'

2020-08-03 17:58:44 - [MESSAGE][WARNING] - Timeout '0' is invalid. Using default page load timeout: '10'

2020-08-03 17:58:47 - [MESSAGE][PASSED] - Text of element 'Object Repository/Maya/Third Party CA account/android.view.View0 - Third Party Transfer' is: 'Third Party Transfer'

2020-08-03 17:58:47 - [TEST_STEP][PASSED] - getText(findTestObject("Maya/Third Party CA account/android.view.View0 - Successful"), 0): Text of element 'Object Repository/Maya/Third Party CA account/android.view.View0 - Successful' is: 'Successful'

2020-08-03 17:58:47 - [MESSAGE][WARNING] - Timeout '0' is invalid. Using default page load timeout: '10'

2020-08-03 17:58:47 - [MESSAGE][PASSED] - Text of element 'Object Repository/Maya/Third Party CA account/android.view.View0 - Successful' is: 'Successful'

2020-08-03 17:58:47 - [TEST_STEP][PASSED] - getText(findTestObject("Maya/New_Transfer/android.view.View0 - 17180008563M"), 0): Text of element 'Object Repository/Maya/New_Transfer/android.view.View0 - 17180008563M' is: 'Reference ID'

2020-08-03 17:58:47 - [MESSAGE][WARNING] - Timeout '0' is invalid. Using default page load timeout: '10'

2020-08-03 17:58:48 - [MESSAGE][PASSED] - Text of element 'Object Repository/Maya/New_Transfer/android.view.View0 - 17180008563M' is: 'Reference ID'

2020-08-03 17:58:48 - [TEST_STEP][PASSED] - takeScreenshot("C:\Users\LENOVO\Screenshot\Third Party\Screenshot24", STOP_ON_FAILURE): Screenshot is taken

2020-08-03 17:58:49 - [MESSAGE][PASSED] - Screenshot is taken
[[ATTACHMENT|C:\\Users\\LENOVO\\Screenshot\\Third Party\\Screenshot24]]

2020-08-03 17:58:49 - [TEST_STEP][PASSED] - verifyElementExist(findTestObject("Maya/New_Transfer/android.view.View0 - 17180008563M"), 0): Element 'Object Repository/Maya/New_Transfer/android.view.View0 - 17180008563M' is exist

2020-08-03 17:58:49 - [MESSAGE][WARNING] - Timeout '0' is invalid. Using default page load timeout: '10'

2020-08-03 17:58:50 - [MESSAGE][PASSED] - Element 'Object Repository/Maya/New_Transfer/android.view.View0 - 17180008563M' is exist

2020-08-03 17:58:50 - [TEST_STEP][PASSED] - getText(findTestObject("Maya/New_Transfer/android.view.View0 - Beneficiary name"), 0): Text of element 'Object Repository/Maya/New_Transfer/android.view.View0 - Beneficiary name' is: 'Beneficiary name'

2020-08-03 17:58:50 - [MESSAGE][WARNING] - Timeout '0' is invalid. Using default page load timeout: '10'

2020-08-03 17:58:50 - [MESSAGE][PASSED] - Text of element 'Object Repository/Maya/New_Transfer/android.view.View0 - Beneficiary name' is: 'Beneficiary name'

2020-08-03 17:58:50 - [TEST_STEP][PASSED] - verifyElementExist(findTestObject("Maya/New_Transfer/android.view.View0 - Beneficiary name"), 0): Element 'Object Repository/Maya/New_Transfer/android.view.View0 - Beneficiary name' is exist

2020-08-03 17:58:50 - [MESSAGE][WARNING] - Timeout '0' is invalid. Using default page load timeout: '10'

2020-08-03 17:58:50 - [MESSAGE][PASSED] - Element 'Object Repository/Maya/New_Transfer/android.view.View0 - Beneficiary name' is exist

2020-08-03 17:58:50 - [TEST_STEP][PASSED] - getText(findTestObject("Maya/Third Party CA account/android.widget.TextView0 - Note This receipt is computer generated and no signature is required."), 0): Text of element 'Object Repository/Maya/Third Party CA account/android.widget.TextView0 - Note This receipt is computer generated and no signature is required.' is: 'Note: This receipt is computer generated and no signature is required.'

2020-08-03 17:58:50 - [MESSAGE][WARNING] - Timeout '0' is invalid. Using default page load timeout: '10'

2020-08-03 17:58:51 - [MESSAGE][PASSED] - Text of element 'Object Repository/Maya/Third Party CA account/android.widget.TextView0 - Note This receipt is computer generated and no signature is required.' is: 'Note: This receipt is computer generated and no signature is required.'

2020-08-03 17:58:51 - [TEST_STEP][PASSED] - getText(findTestObject("Maya/Third Party CA account/android.widget.TextView0 - Malayan Banking Berhad (Co. Reg.  196001000142)"), 0): Text of element 'Object Repository/Maya/Third Party CA account/android.widget.TextView0 - Malayan Banking Berhad (Co. Reg.  196001000142)' is: 'Malayan Banking Berhad (Co. Reg. : 196001000142)'

2020-08-03 17:58:51 - [MESSAGE][WARNING] - Timeout '0' is invalid. Using default page load timeout: '10'

2020-08-03 17:58:51 - [MESSAGE][PASSED] - Text of element 'Object Repository/Maya/Third Party CA account/android.widget.TextView0 - Malayan Banking Berhad (Co. Reg.  196001000142)' is: 'Malayan Banking Berhad (Co. Reg. : 196001000142)'

2020-08-03 17:58:51 - [TEST_STEP][PASSED] - getText(findTestObject("Maya/Third Party CA account/android.widget.TextView0 - Maybank Islamic Berhad (Co. Reg.  200701029411)"), 0): Text of element 'Object Repository/Maya/Third Party CA account/android.widget.TextView0 - Maybank Islamic Berhad (Co. Reg.  200701029411)' is: 'Maybank Islamic Berhad (Co. Reg. : 200701029411)'

2020-08-03 17:58:51 - [MESSAGE][WARNING] - Timeout '0' is invalid. Using default page load timeout: '10'

2020-08-03 17:58:51 - [MESSAGE][PASSED] - Text of element 'Object Repository/Maya/Third Party CA account/android.widget.TextView0 - Maybank Islamic Berhad (Co. Reg.  200701029411)' is: 'Maybank Islamic Berhad (Co. Reg. : 200701029411)'

2020-08-03 17:58:51 - [TEST_STEP][PASSED] - getText(findTestObject("Maya/New_Transfer/android.view.View0 - TPOLCA"), 0): Text of element 'Object Repository/Maya/New_Transfer/android.view.View0 - TPOLCA' is: 'TPOLCA'

2020-08-03 17:58:51 - [MESSAGE][WARNING] - Timeout '0' is invalid. Using default page load timeout: '10'

2020-08-03 17:58:51 - [MESSAGE][PASSED] - Text of element 'Object Repository/Maya/New_Transfer/android.view.View0 - TPOLCA' is: 'TPOLCA'

2020-08-03 17:58:51 - [TEST_STEP][PASSED] - verifyElementExist(findTestObject("Maya/New_Transfer/android.view.View0 - TPOLCA"), 0): Element 'Object Repository/Maya/New_Transfer/android.view.View0 - TPOLCA' is exist

2020-08-03 17:58:51 - [MESSAGE][WARNING] - Timeout '0' is invalid. Using default page load timeout: '10'

2020-08-03 17:58:52 - [MESSAGE][PASSED] - Element 'Object Repository/Maya/New_Transfer/android.view.View0 - TPOLCA' is exist

2020-08-03 17:58:52 - [TEST_STEP][PASSED] - getText(findTestObject("Maya/New_Transfer/android.view.View0 - Amount"), 0): Text of element 'Object Repository/Maya/New_Transfer/android.view.View0 - Amount' is: 'Amount'

2020-08-03 17:58:52 - [MESSAGE][WARNING] - Timeout '0' is invalid. Using default page load timeout: '10'

2020-08-03 17:58:52 - [MESSAGE][PASSED] - Text of element 'Object Repository/Maya/New_Transfer/android.view.View0 - Amount' is: 'Amount'

2020-08-03 17:58:52 - [TEST_STEP][PASSED] - verifyElementExist(findTestObject("Maya/New_Transfer/android.view.View0 - Amount"), 0): Element 'Object Repository/Maya/New_Transfer/android.view.View0 - Amount' is exist

2020-08-03 17:58:52 - [MESSAGE][WARNING] - Timeout '0' is invalid. Using default page load timeout: '10'

2020-08-03 17:58:52 - [MESSAGE][PASSED] - Element 'Object Repository/Maya/New_Transfer/android.view.View0 - Amount' is exist

2020-08-03 17:58:52 - [TEST_STEP][PASSED] - getText(findTestObject("Maya/New_Transfer/android.view.View0 - Recipient reference"), 0): Text of element 'Object Repository/Maya/New_Transfer/android.view.View0 - Recipient reference' is: 'Recipient reference'

2020-08-03 17:58:52 - [MESSAGE][WARNING] - Timeout '0' is invalid. Using default page load timeout: '10'

2020-08-03 17:58:52 - [MESSAGE][PASSED] - Text of element 'Object Repository/Maya/New_Transfer/android.view.View0 - Recipient reference' is: 'Recipient reference'

2020-08-03 17:58:52 - [TEST_STEP][PASSED] - getText(findTestObject("Maya/New_Transfer/android.view.View0 - Test"), 0): Text of element 'Object Repository/Maya/New_Transfer/android.view.View0 - Test' is: 'Recipient reference'

2020-08-03 17:58:53 - [MESSAGE][WARNING] - Timeout '0' is invalid. Using default page load timeout: '10'

2020-08-03 17:58:53 - [MESSAGE][PASSED] - Text of element 'Object Repository/Maya/New_Transfer/android.view.View0 - Test' is: 'Recipient reference'

2020-08-03 17:58:53 - [TEST_STEP][PASSED] - getText(findTestObject("Maya/New_Transfer/android.view.View0 - RM 2.00"), 0): Text of element 'Object Repository/Maya/New_Transfer/android.view.View0 - RM 2.00' is: 'Amount'

2020-08-03 17:58:53 - [MESSAGE][WARNING] - Timeout '0' is invalid. Using default page load timeout: '10'

2020-08-03 17:58:53 - [MESSAGE][PASSED] - Text of element 'Object Repository/Maya/New_Transfer/android.view.View0 - RM 2.00' is: 'Amount'

2020-08-03 17:58:53 - [TEST_STEP][PASSED] - verifyElementExist(findTestObject("Maya/New_Transfer/android.view.View0 - Recipient reference"), 0): Element 'Object Repository/Maya/New_Transfer/android.view.View0 - Recipient reference' is exist

2020-08-03 17:58:53 - [MESSAGE][WARNING] - Timeout '0' is invalid. Using default page load timeout: '10'

2020-08-03 17:58:54 - [MESSAGE][PASSED] - Element 'Object Repository/Maya/New_Transfer/android.view.View0 - Recipient reference' is exist

2020-08-03 17:58:54 - [TEST_STEP][PASSED] - verifyElementExist(findTestObject("Maya/New_Transfer/android.view.View0 - Test"), 0): Element 'Object Repository/Maya/New_Transfer/android.view.View0 - Test' is exist

2020-08-03 17:58:54 - [MESSAGE][WARNING] - Timeout '0' is invalid. Using default page load timeout: '10'

2020-08-03 17:58:54 - [MESSAGE][PASSED] - Element 'Object Repository/Maya/New_Transfer/android.view.View0 - Test' is exist

2020-08-03 17:58:54 - [TEST_STEP][PASSED] - verifyElementExist(findTestObject("Maya/New_Transfer/android.view.View0 - RM 2.00"), 0): Element 'Object Repository/Maya/New_Transfer/android.view.View0 - RM 2.00' is exist

2020-08-03 17:58:54 - [MESSAGE][WARNING] - Timeout '0' is invalid. Using default page load timeout: '10'

2020-08-03 17:58:54 - [MESSAGE][PASSED] - Element 'Object Repository/Maya/New_Transfer/android.view.View0 - RM 2.00' is exist

2020-08-03 17:58:54 - [TEST_STEP][PASSED] - tap(findTestObject("Maya/New_Transfer/android.widget.ImageView0 (10)"), 0): Tapped on element 'Object Repository/Maya/New_Transfer/android.widget.ImageView0 (10)'

2020-08-03 17:58:54 - [MESSAGE][WARNING] - Timeout '0' is invalid. Using default page load timeout: '10'

2020-08-03 17:58:55 - [MESSAGE][PASSED] - Tapped on element 'Object Repository/Maya/New_Transfer/android.widget.ImageView0 (10)'

2020-08-03 17:58:55 - [TEST_STEP][PASSED] - tap(findTestObject("Maya/New_Transfer/android.widget.TextView0 - Add to Favourites"), 0): Tapped on element 'Object Repository/Maya/New_Transfer/android.widget.TextView0 - Add to Favourites'

2020-08-03 17:58:55 - [MESSAGE][WARNING] - Timeout '0' is invalid. Using default page load timeout: '10'

2020-08-03 17:58:58 - [MESSAGE][PASSED] - Tapped on element 'Object Repository/Maya/New_Transfer/android.widget.TextView0 - Add to Favourites'

2020-08-03 17:58:58 - [TEST_STEP][PASSED] - getText(findTestObject("Maya/New_Transfer/android.widget.TextView0 - Add as Favourites"), 0): Text of element 'Object Repository/Maya/New_Transfer/android.widget.TextView0 - Add as Favourites' is: 'Add as Favourites'

2020-08-03 17:58:58 - [MESSAGE][WARNING] - Timeout '0' is invalid. Using default page load timeout: '10'

2020-08-03 17:58:58 - [MESSAGE][PASSED] - Text of element 'Object Repository/Maya/New_Transfer/android.widget.TextView0 - Add as Favourites' is: 'Add as Favourites'

2020-08-03 17:58:58 - [TEST_STEP][PASSED] - takeScreenshot("C:\Users\LENOVO\Screenshot\Third Party\Screenshot25", STOP_ON_FAILURE): Screenshot is taken

2020-08-03 17:58:59 - [MESSAGE][PASSED] - Screenshot is taken
[[ATTACHMENT|C:\\Users\\LENOVO\\Screenshot\\Third Party\\Screenshot25]]

2020-08-03 17:58:59 - [TEST_STEP][PASSED] - clearText(findTestObject("Maya/New_Transfer/android.widget.EditText0 - TPOLCA"), 0): Element 'Object Repository/Maya/New_Transfer/android.widget.EditText0 - TPOLCA' text is cleared

2020-08-03 17:58:59 - [MESSAGE][WARNING] - Timeout '0' is invalid. Using default page load timeout: '10'

2020-08-03 17:58:59 - [MESSAGE][PASSED] - Element 'Object Repository/Maya/New_Transfer/android.widget.EditText0 - TPOLCA' text is cleared

2020-08-03 17:58:59 - [TEST_STEP][PASSED] - setText(findTestObject("Maya/New_Transfer/android.widget.EditText0 - Please Enter Name"), "TPOLCA", 0): Text 'TPOLCA' has been set to element 'Object Repository/Maya/New_Transfer/android.widget.EditText0 - Please Enter Name'

2020-08-03 17:58:59 - [MESSAGE][WARNING] - Timeout '0' is invalid. Using default page load timeout: '10'

2020-08-03 17:59:02 - [MESSAGE][PASSED] - Text 'TPOLCA' has been set to element 'Object Repository/Maya/New_Transfer/android.widget.EditText0 - Please Enter Name'

2020-08-03 17:59:02 - [TEST_STEP][PASSED] - driver.pressKeyCode(ENTER): null

2020-08-03 17:59:02 - [TEST_STEP][PASSED] - tap(findTestObject("Maya/New_Transfer/android.widget.TextView0 - Add to Favourites (1)"), 0): Tapped on element 'Object Repository/Maya/New_Transfer/android.widget.TextView0 - Add to Favourites (1)'

2020-08-03 17:59:02 - [MESSAGE][WARNING] - Timeout '0' is invalid. Using default page load timeout: '10'

2020-08-03 17:59:04 - [MESSAGE][PASSED] - Tapped on element 'Object Repository/Maya/New_Transfer/android.widget.TextView0 - Add to Favourites (1)'

2020-08-03 17:59:04 - [TEST_STEP][PASSED] - getText(findTestObject("Maya/New_Transfer/android.widget.TextView0 - Record already exists."), 0): Text of element 'Object Repository/Maya/New_Transfer/android.widget.TextView0 - Record already exists.' is: 'Record already exists.'

2020-08-03 17:59:04 - [MESSAGE][WARNING] - Timeout '0' is invalid. Using default page load timeout: '10'

2020-08-03 17:59:05 - [MESSAGE][PASSED] - Text of element 'Object Repository/Maya/New_Transfer/android.widget.TextView0 - Record already exists.' is: 'Record already exists.'

2020-08-03 17:59:05 - [TEST_STEP][PASSED] - getText(findTestObject("Maya/New_Transfer/android.widget.TextView0 - SANDY LAM HUI MING Successfully added to Favourites"), 0): Text of element 'Object Repository/Maya/New_Transfer/android.widget.TextView0 - SANDY LAM HUI MING Successfully added to Favourites' is: 'Record already exists.'

2020-08-03 17:59:05 - [MESSAGE][WARNING] - Timeout '0' is invalid. Using default page load timeout: '10'

2020-08-03 17:59:06 - [MESSAGE][PASSED] - Text of element 'Object Repository/Maya/New_Transfer/android.widget.TextView0 - SANDY LAM HUI MING Successfully added to Favourites' is: 'Record already exists.'

2020-08-03 17:59:06 - [TEST_STEP][PASSED] - delay(2, CONTINUE_ON_FAILURE): Delayed 2 second(s)

2020-08-03 17:59:08 - [MESSAGE][PASSED] - Delayed 2 second(s)

2020-08-03 17:59:08 - [TEST_STEP][PASSED] - tap(findTestObject("Maya/New_Transfer/android.widget.TextView0 - Done (1)"), 0): Tapped on element 'Object Repository/Maya/New_Transfer/android.widget.TextView0 - Done (1)'

2020-08-03 17:59:08 - [MESSAGE][WARNING] - Timeout '0' is invalid. Using default page load timeout: '10'

2020-08-03 17:59:10 - [MESSAGE][PASSED] - Tapped on element 'Object Repository/Maya/New_Transfer/android.widget.TextView0 - Done (1)'

2020-08-03 17:59:10 - [TEST_STEP][PASSED] - takeScreenshot("C:\Users\LENOVO\Screenshot\Third Party\Screenshot26", STOP_ON_FAILURE): Screenshot is taken

2020-08-03 17:59:12 - [MESSAGE][PASSED] - Screenshot is taken
[[ATTACHMENT|C:\\Users\\LENOVO\\Screenshot\\Third Party\\Screenshot26]]

2020-08-03 17:59:12 - [TEST_STEP][PASSED] - tap(findTestObject("Maya/New_Transfer/android.widget.ImageView0 (11)"), 0): Tapped on element 'Object Repository/Maya/New_Transfer/android.widget.ImageView0 (11)'

2020-08-03 17:59:12 - [MESSAGE][WARNING] - Timeout '0' is invalid. Using default page load timeout: '10'

2020-08-03 17:59:14 - [MESSAGE][PASSED] - Tapped on element 'Object Repository/Maya/New_Transfer/android.widget.ImageView0 (11)'

2020-08-03 17:59:14 - [TEST_STEP][PASSED] - tap(findTestObject("Maya/KLIA/android.widget.TextView0 - Home"), 0): Tapped on element 'Object Repository/Maya/KLIA/android.widget.TextView0 - Home'

2020-08-03 17:59:14 - [MESSAGE][WARNING] - Timeout '0' is invalid. Using default page load timeout: '10'

2020-08-03 17:59:26 - [MESSAGE][PASSED] - Tapped on element 'Object Repository/Maya/KLIA/android.widget.TextView0 - Home'

2020-08-03 17:59:26 - [TEST_STEP][PASSED] - tap(findTestObject("Maya/New_Transfer/android.widget.TextView0 - Wallet"), 0): Tapped on element 'Object Repository/Maya/New_Transfer/android.widget.TextView0 - Wallet'

2020-08-03 17:59:27 - [MESSAGE][WARNING] - Timeout '0' is invalid. Using default page load timeout: '10'

2020-08-03 17:59:30 - [MESSAGE][PASSED] - Tapped on element 'Object Repository/Maya/New_Transfer/android.widget.TextView0 - Wallet'

2020-08-03 17:59:30 - [TEST_STEP][PASSED] - getText(findTestObject("Maya/KLIA/android.widget.TextView0 - RM 981.40"), 0): Text of element 'Object Repository/Maya/KLIA/android.widget.TextView0 - RM 981.40' is: 'RM 292.90'

2020-08-03 17:59:30 - [MESSAGE][WARNING] - Timeout '0' is invalid. Using default page load timeout: '10'

2020-08-03 17:59:31 - [MESSAGE][PASSED] - Text of element 'Object Repository/Maya/KLIA/android.widget.TextView0 - RM 981.40' is: 'RM 292.90'

2020-08-03 17:59:31 - [TEST_STEP][PASSED] - trx4 = 40"), 0).substring(3): Text of element 'Object Repository/Maya/KLIA/android.widget.TextView0 - RM 981.40' is: 'RM 292.90'

2020-08-03 17:59:31 - [MESSAGE][WARNING] - Timeout '0' is invalid. Using default page load timeout: '10'

2020-08-03 17:59:31 - [MESSAGE][PASSED] - Text of element 'Object Repository/Maya/KLIA/android.widget.TextView0 - RM 981.40' is: 'RM 292.90'

2020-08-03 17:59:31 - [TEST_STEP][PASSED] - trx41 = trx4.replaceAll("[^a-zA-Z0-9]+", ""): null

2020-08-03 17:59:31 - [TEST_STEP][PASSED] - out.println(trx41): null

2020-08-03 17:59:31 - [TEST_STEP][PASSED] - trx411 = trx41: null

2020-08-03 17:59:31 - [TEST_STEP][PASSED] - out.println(trx411): null

2020-08-03 17:59:31 - [TEST_STEP][PASSED] - trx311 = trx611 - trx511: null

2020-08-03 17:59:31 - [TEST_STEP][PASSED] - if (trx311 == trx411): null

2020-08-03 17:59:31 - [TEST_STEP][PASSED] - out.println("Balance match"): null

2020-08-03 17:59:31 - [TEST_STEP][PASSED] - tap(findTestObject("Maya/New_Transfer/android.widget.TextView0 - View Transactions"), 0): Tapped on element 'Object Repository/Maya/New_Transfer/android.widget.TextView0 - View Transactions'

2020-08-03 17:59:31 - [MESSAGE][WARNING] - Timeout '0' is invalid. Using default page load timeout: '10'

2020-08-03 17:59:33 - [MESSAGE][PASSED] - Tapped on element 'Object Repository/Maya/New_Transfer/android.widget.TextView0 - View Transactions'

2020-08-03 17:59:33 - [TEST_STEP][PASSED] - delay(2, STOP_ON_FAILURE): Delayed 2 second(s)

2020-08-03 17:59:35 - [MESSAGE][PASSED] - Delayed 2 second(s)

2020-08-03 17:59:35 - [TEST_STEP][PASSED] - takeScreenshot("C:\Users\LENOVO\Screenshot\Third Party\Screenshot27", STOP_ON_FAILURE): Screenshot is taken

2020-08-03 17:59:36 - [MESSAGE][PASSED] - Screenshot is taken
[[ATTACHMENT|C:\\Users\\LENOVO\\Screenshot\\Third Party\\Screenshot27]]

2020-08-03 17:59:36 - [TEST_STEP][PASSED] - takeScreenshot("C:\Users\LENOVO\Screenshot\KLIATicket\Ticket13.png", STOP_ON_FAILURE): Screenshot is taken

2020-08-03 17:59:37 - [MESSAGE][PASSED] - Screenshot is taken
[[ATTACHMENT|C:\\Users\\LENOVO\\Screenshot\\KLIATicket\\Ticket13.png]]

2020-08-03 17:59:37 - [TEST_STEP][PASSED] - tap(findTestObject("Maya/KLIA/android.widget.TextView0 - Home"), 0): Tapped on element 'Object Repository/Maya/KLIA/android.widget.TextView0 - Home'

2020-08-03 17:59:38 - [MESSAGE][WARNING] - Timeout '0' is invalid. Using default page load timeout: '10'

2020-08-03 17:59:50 - [MESSAGE][PASSED] - Tapped on element 'Object Repository/Maya/KLIA/android.widget.TextView0 - Home'

2020-08-03 17:59:50 - [TEST_STEP][PASSED] - tap(findTestObject("Maya/KLIA/android.widget.TextView0 - More (1)"), 0): Tapped on element 'Object Repository/Maya/KLIA/android.widget.TextView0 - More (1)'

2020-08-03 17:59:50 - [MESSAGE][WARNING] - Timeout '0' is invalid. Using default page load timeout: '10'

2020-08-03 18:00:03 - [MESSAGE][PASSED] - Tapped on element 'Object Repository/Maya/KLIA/android.widget.TextView0 - More (1)'

2020-08-03 18:00:03 - [TEST_STEP][PASSED] - tap(findTestObject("Maya/KLIA/android.widget.TextView0 - Notifications"), 0): Tapped on element 'Object Repository/Maya/KLIA/android.widget.TextView0 - Notifications'

2020-08-03 18:00:03 - [MESSAGE][WARNING] - Timeout '0' is invalid. Using default page load timeout: '10'

2020-08-03 18:00:06 - [MESSAGE][PASSED] - Tapped on element 'Object Repository/Maya/KLIA/android.widget.TextView0 - Notifications'

2020-08-03 18:00:06 - [TEST_STEP][NOT_RUN] - tap(findTestObject("Maya/KLIA/android.widget.TextView0 - Got It"), 0): NOT_RUN: tap(findTestObject("Maya/KLIA/android.widget.TextView0 - Got It"), 0)

2020-08-03 18:00:06 - [MESSAGE][NOT_RUN] - NOT_RUN: tap(findTestObject("Maya/KLIA/android.widget.TextView0 - Got It"), 0)

2020-08-03 18:00:06 - [TEST_STEP][PASSED] - getText(findTestObject("Maya/Third Party CA account/android.widget.TextView0 - Maybank2u Transfer"), 0): Text of element 'Object Repository/Maya/Third Party CA account/android.widget.TextView0 - Maybank2u Transfer' is: 'Maybank2u: Transfer'

2020-08-03 18:00:06 - [MESSAGE][WARNING] - Timeout '0' is invalid. Using default page load timeout: '10'

2020-08-03 18:00:06 - [MESSAGE][PASSED] - Text of element 'Object Repository/Maya/Third Party CA account/android.widget.TextView0 - Maybank2u Transfer' is: 'Maybank2u: Transfer'

2020-08-03 18:00:06 - [TEST_STEP][PASSED] - verifyElementVisible(findTestObject("Maya/Third Party CA account/android.widget.TextView0 - Youve transferred RM 2.00 to TPOLCAs MAYBANK account ending 0048. REF 17180683341M"), 0): Element 'Object Repository/Maya/Third Party CA account/android.widget.TextView0 - Youve transferred RM 2.00 to TPOLCAs MAYBANK account ending 0048. REF 17180683341M' is visible

2020-08-03 18:00:06 - [MESSAGE][WARNING] - Timeout '0' is invalid. Using default page load timeout: '10'

2020-08-03 18:00:07 - [MESSAGE][PASSED] - Element 'Object Repository/Maya/Third Party CA account/android.widget.TextView0 - Youve transferred RM 2.00 to TPOLCAs MAYBANK account ending 0048. REF 17180683341M' is visible

2020-08-03 18:00:07 - [TEST_STEP][PASSED] - getText(findTestObject("Maya/KLIA/android.widget.TextView0 - Today (1)"), 0): Text of element 'Object Repository/Maya/KLIA/android.widget.TextView0 - Today (1)' is: 'Today'

2020-08-03 18:00:07 - [MESSAGE][WARNING] - Timeout '0' is invalid. Using default page load timeout: '10'

2020-08-03 18:00:07 - [MESSAGE][PASSED] - Text of element 'Object Repository/Maya/KLIA/android.widget.TextView0 - Today (1)' is: 'Today'

2020-08-03 18:00:07 - [TEST_STEP][PASSED] - takeScreenshot("C:\Users\LENOVO\Screenshot\KLIATicket\Ticket53.png", STOP_ON_FAILURE): Screenshot is taken

2020-08-03 18:00:08 - [MESSAGE][PASSED] - Screenshot is taken
[[ATTACHMENT|C:\\Users\\LENOVO\\Screenshot\\KLIATicket\\Ticket53.png]]

2020-08-03 18:00:09 - [TEST_STEP][PASSED] - tap(findTestObject("Maya/KLIA/android.widget.TextView0 - Home"), 0): Tapped on element 'Object Repository/Maya/KLIA/android.widget.TextView0 - Home'

2020-08-03 18:00:09 - [MESSAGE][WARNING] - Timeout '0' is invalid. Using default page load timeout: '10'

2020-08-03 18:00:21 - [MESSAGE][PASSED] - Tapped on element 'Object Repository/Maya/KLIA/android.widget.TextView0 - Home'

2020-08-03 18:00:21 - [TEST_STEP][PASSED] - tap(findTestObject("Maya/New_Transfer/android.widget.TextView0 - Transfer (3)"), 0): Tapped on element 'Object Repository/Maya/New_Transfer/android.widget.TextView0 - Transfer (3)'

2020-08-03 18:00:21 - [MESSAGE][WARNING] - Timeout '0' is invalid. Using default page load timeout: '10'

2020-08-03 18:00:32 - [MESSAGE][PASSED] - Tapped on element 'Object Repository/Maya/New_Transfer/android.widget.TextView0 - Transfer (3)'

2020-08-03 18:00:32 - [TEST_STEP][PASSED] - delay(4, STOP_ON_FAILURE): Delayed 4 second(s)

2020-08-03 18:00:36 - [MESSAGE][PASSED] - Delayed 4 second(s)

2020-08-03 18:00:36 - [TEST_STEP][PASSED] - tapAndHoldAtPosition(348, 380, 1): Tapped and held at [348, 380] with duration 1

2020-08-03 18:00:39 - [MESSAGE][PASSED] - Tapped and held at [348, 380] with duration 1

2020-08-03 18:00:39 - [TEST_STEP][PASSED] - takeScreenshot("C:\Users\LENOVO\Screenshot\Third Party\Screenshot28", STOP_ON_FAILURE): Screenshot is taken

2020-08-03 18:00:40 - [MESSAGE][PASSED] - Screenshot is taken
[[ATTACHMENT|C:\\Users\\LENOVO\\Screenshot\\Third Party\\Screenshot28]]

2020-08-03 18:00:40 - [TEST_STEP][PASSED] - delay(2, STOP_ON_FAILURE): Delayed 2 second(s)

2020-08-03 18:00:42 - [MESSAGE][PASSED] - Delayed 2 second(s)

2020-08-03 18:00:42 - [TEST_STEP][NOT_RUN] - tap(findTestObject("Maya/New_Transfer/android.view.ViewGroup0 (1)"), 0): NOT_RUN: tap(findTestObject("Maya/New_Transfer/android.view.ViewGroup0 (1)"), 0)

2020-08-03 18:00:42 - [MESSAGE][NOT_RUN] - NOT_RUN: tap(findTestObject("Maya/New_Transfer/android.view.ViewGroup0 (1)"), 0)

2020-08-03 18:00:42 - [TEST_STEP][PASSED] - delay(2, STOP_ON_FAILURE): Delayed 2 second(s)

2020-08-03 18:00:44 - [MESSAGE][PASSED] - Delayed 2 second(s)

2020-08-03 18:00:44 - [TEST_STEP][PASSED] - takeScreenshot("C:\Users\LENOVO\Screenshot\Third Party\Screenshot30", STOP_ON_FAILURE): Screenshot is taken

2020-08-03 18:00:45 - [MESSAGE][PASSED] - Screenshot is taken
[[ATTACHMENT|C:\\Users\\LENOVO\\Screenshot\\Third Party\\Screenshot30]]

2020-08-03 18:00:45 - [TEST_STEP][PASSED] - swipe(831, 1382, 800, 100): Swiped from 831,1,382 to 800,100

2020-08-03 18:00:46 - [MESSAGE][PASSED] - Swiped from 831,1,382 to 800,100

2020-08-03 18:00:46 - [TEST_STEP][PASSED] - delay(2, STOP_ON_FAILURE): Delayed 2 second(s)

2020-08-03 18:00:48 - [MESSAGE][PASSED] - Delayed 2 second(s)

2020-08-03 18:00:48 - [TEST_STEP][PASSED] - takeScreenshot("C:\Users\LENOVO\Screenshot\Third Party\Screenshot29", STOP_ON_FAILURE): Screenshot is taken

2020-08-03 18:00:49 - [MESSAGE][PASSED] - Screenshot is taken
[[ATTACHMENT|C:\\Users\\LENOVO\\Screenshot\\Third Party\\Screenshot29]]

2020-08-03 18:00:49 - [TEST_STEP][NOT_RUN] - closeApplication(): NOT_RUN: closeApplication()

2020-08-03 18:00:49 - [MESSAGE][NOT_RUN] - NOT_RUN: closeApplication()]]></system-out>
         <system-err><![CDATA[2020-08-03 17:54:38 - [TEST_CASE][FAILED] - Test Cases/JINU/Transfer_updated/Transfer Third Party: Test Cases/JINU/Transfer_updated/Transfer Third Party FAILED.
Reason:
com.kms.katalon.core.exception.StepFailedException: Element 'Object Repository/Maya/New_Transfer/android.widget.TextView0 - One-Tap Authorisation' not found
	at com.kms.katalon.core.keyword.internal.KeywordMain.stepFailed(KeywordMain.groovy:39)
	at com.kms.katalon.core.mobile.keyword.internal.MobileKeywordMain.stepFailed(MobileKeywordMain.groovy:40)
	at com.kms.katalon.core.mobile.keyword.builtin.VerifyElementExistKeyword$_verifyElementExist_closure1.doCall(VerifyElementExistKeyword.groovy:77)
	at com.kms.katalon.core.mobile.keyword.builtin.VerifyElementExistKeyword$_verifyElementExist_closure1.call(VerifyElementExistKeyword.groovy)
	at com.kms.katalon.core.mobile.keyword.internal.MobileKeywordMain.runKeyword(MobileKeywordMain.groovy:21)
	at com.kms.katalon.core.mobile.keyword.builtin.VerifyElementExistKeyword.verifyElementExist(VerifyElementExistKeyword.groovy:80)
	at com.kms.katalon.core.mobile.keyword.builtin.VerifyElementExistKeyword.execute(VerifyElementExistKeyword.groovy:64)
	at com.kms.katalon.core.keyword.internal.KeywordExecutor.executeKeywordForPlatform(KeywordExecutor.groovy:72)
	at com.kms.katalon.core.mobile.keyword.MobileBuiltInKeywords.verifyElementExist(MobileBuiltInKeywords.groovy:809)
	at com.kms.katalon.core.mobile.keyword.MobileBuiltInKeywords$verifyElementExist$5.call(Unknown Source)
	at Transfer Third Party.run(Transfer Third Party:232)
	at com.kms.katalon.core.main.ScriptEngine.run(ScriptEngine.java:194)
	at com.kms.katalon.core.main.ScriptEngine.runScriptAsRawText(ScriptEngine.java:119)
	at com.kms.katalon.core.main.TestCaseExecutor.runScript(TestCaseExecutor.java:337)
	at com.kms.katalon.core.main.TestCaseExecutor.doExecute(TestCaseExecutor.java:328)
	at com.kms.katalon.core.main.TestCaseExecutor.processExecutionPhase(TestCaseExecutor.java:307)
	at com.kms.katalon.core.main.TestCaseExecutor.accessMainPhase(TestCaseExecutor.java:299)
	at com.kms.katalon.core.main.TestCaseExecutor.execute(TestCaseExecutor.java:233)
	at com.kms.katalon.core.main.TestSuiteExecutor.accessTestCaseMainPhase(TestSuiteExecutor.java:169)
	at com.kms.katalon.core.main.TestSuiteExecutor.accessTestSuiteMainPhase(TestSuiteExecutor.java:142)
	at com.kms.katalon.core.main.TestSuiteExecutor.execute(TestSuiteExecutor.java:91)
	at com.kms.katalon.core.main.TestCaseMain.startTestSuite(TestCaseMain.java:157)
	at com.kms.katalon.core.main.TestCaseMain$startTestSuite$0.call(Unknown Source)
	at TempTestSuite1596448475070.run(TempTestSuite1596448475070.groovy:36)]]></system-err>
      </testcase>
      <system-out><![CDATA[2020-08-03 17:54:38 - [TEST_SUITE][FAILED] - UAT Test Suite: Test Cases/JINU/Transfer_updated/Transfer Third Party FAILED.
Reason:
com.kms.katalon.core.exception.StepFailedException: Element 'Object Repository/Maya/New_Transfer/android.widget.TextView0 - One-Tap Authorisation' not found
	at com.kms.katalon.core.keyword.internal.KeywordMain.stepFailed(KeywordMain.groovy:39)
	at com.kms.katalon.core.mobile.keyword.internal.MobileKeywordMain.stepFailed(MobileKeywordMain.groovy:40)
	at com.kms.katalon.core.mobile.keyword.builtin.VerifyElementExistKeyword$_verifyElementExist_closure1.doCall(VerifyElementExistKeyword.groovy:77)
	at com.kms.katalon.core.mobile.keyword.builtin.VerifyElementExistKeyword$_verifyElementExist_closure1.call(VerifyElementExistKeyword.groovy)
	at com.kms.katalon.core.mobile.keyword.internal.MobileKeywordMain.runKeyword(MobileKeywordMain.groovy:21)
	at com.kms.katalon.core.mobile.keyword.builtin.VerifyElementExistKeyword.verifyElementExist(VerifyElementExistKeyword.groovy:80)
	at com.kms.katalon.core.mobile.keyword.builtin.VerifyElementExistKeyword.execute(VerifyElementExistKeyword.groovy:64)
	at com.kms.katalon.core.keyword.internal.KeywordExecutor.executeKeywordForPlatform(KeywordExecutor.groovy:72)
	at com.kms.katalon.core.mobile.keyword.MobileBuiltInKeywords.verifyElementExist(MobileBuiltInKeywords.groovy:809)
	at com.kms.katalon.core.mobile.keyword.MobileBuiltInKeywords$verifyElementExist$5.call(Unknown Source)
	at Transfer Third Party.run(Transfer Third Party:232)
	at com.kms.katalon.core.main.ScriptEngine.run(ScriptEngine.java:194)
	at com.kms.katalon.core.main.ScriptEngine.runScriptAsRawText(ScriptEngine.java:119)
	at com.kms.katalon.core.main.TestCaseExecutor.runScript(TestCaseExecutor.java:337)
	at com.kms.katalon.core.main.TestCaseExecutor.doExecute(TestCaseExecutor.java:328)
	at com.kms.katalon.core.main.TestCaseExecutor.processExecutionPhase(TestCaseExecutor.java:307)
	at com.kms.katalon.core.main.TestCaseExecutor.accessMainPhase(TestCaseExecutor.java:299)
	at com.kms.katalon.core.main.TestCaseExecutor.execute(TestCaseExecutor.java:233)
	at com.kms.katalon.core.main.TestSuiteExecutor.accessTestCaseMainPhase(TestSuiteExecutor.java:169)
	at com.kms.katalon.core.main.TestSuiteExecutor.accessTestSuiteMainPhase(TestSuiteExecutor.java:142)
	at com.kms.katalon.core.main.TestSuiteExecutor.execute(TestSuiteExecutor.java:91)
	at com.kms.katalon.core.main.TestCaseMain.startTestSuite(TestCaseMain.java:157)
	at com.kms.katalon.core.main.TestCaseMain$startTestSuite$0.call(Unknown Source)
	at TempTestSuite1596448475070.run(TempTestSuite1596448475070.groovy:36)]]></system-out>
      <system-err><![CDATA[2020-08-03 17:54:38 - [TEST_SUITE][FAILED] - UAT Test Suite: Test Cases/JINU/Transfer_updated/Transfer Third Party FAILED.
Reason:
com.kms.katalon.core.exception.StepFailedException: Element 'Object Repository/Maya/New_Transfer/android.widget.TextView0 - One-Tap Authorisation' not found
	at com.kms.katalon.core.keyword.internal.KeywordMain.stepFailed(KeywordMain.groovy:39)
	at com.kms.katalon.core.mobile.keyword.internal.MobileKeywordMain.stepFailed(MobileKeywordMain.groovy:40)
	at com.kms.katalon.core.mobile.keyword.builtin.VerifyElementExistKeyword$_verifyElementExist_closure1.doCall(VerifyElementExistKeyword.groovy:77)
	at com.kms.katalon.core.mobile.keyword.builtin.VerifyElementExistKeyword$_verifyElementExist_closure1.call(VerifyElementExistKeyword.groovy)
	at com.kms.katalon.core.mobile.keyword.internal.MobileKeywordMain.runKeyword(MobileKeywordMain.groovy:21)
	at com.kms.katalon.core.mobile.keyword.builtin.VerifyElementExistKeyword.verifyElementExist(VerifyElementExistKeyword.groovy:80)
	at com.kms.katalon.core.mobile.keyword.builtin.VerifyElementExistKeyword.execute(VerifyElementExistKeyword.groovy:64)
	at com.kms.katalon.core.keyword.internal.KeywordExecutor.executeKeywordForPlatform(KeywordExecutor.groovy:72)
	at com.kms.katalon.core.mobile.keyword.MobileBuiltInKeywords.verifyElementExist(MobileBuiltInKeywords.groovy:809)
	at com.kms.katalon.core.mobile.keyword.MobileBuiltInKeywords$verifyElementExist$5.call(Unknown Source)
	at Transfer Third Party.run(Transfer Third Party:232)
	at com.kms.katalon.core.main.ScriptEngine.run(ScriptEngine.java:194)
	at com.kms.katalon.core.main.ScriptEngine.runScriptAsRawText(ScriptEngine.java:119)
	at com.kms.katalon.core.main.TestCaseExecutor.runScript(TestCaseExecutor.java:337)
	at com.kms.katalon.core.main.TestCaseExecutor.doExecute(TestCaseExecutor.java:328)
	at com.kms.katalon.core.main.TestCaseExecutor.processExecutionPhase(TestCaseExecutor.java:307)
	at com.kms.katalon.core.main.TestCaseExecutor.accessMainPhase(TestCaseExecutor.java:299)
	at com.kms.katalon.core.main.TestCaseExecutor.execute(TestCaseExecutor.java:233)
	at com.kms.katalon.core.main.TestSuiteExecutor.accessTestCaseMainPhase(TestSuiteExecutor.java:169)
	at com.kms.katalon.core.main.TestSuiteExecutor.accessTestSuiteMainPhase(TestSuiteExecutor.java:142)
	at com.kms.katalon.core.main.TestSuiteExecutor.execute(TestSuiteExecutor.java:91)
	at com.kms.katalon.core.main.TestCaseMain.startTestSuite(TestCaseMain.java:157)
	at com.kms.katalon.core.main.TestCaseMain$startTestSuite$0.call(Unknown Source)
	at TempTestSuite1596448475070.run(TempTestSuite1596448475070.groovy:36)]]></system-err>
   </testsuite>
</testsuites>
