<?xml version="1.0" encoding="UTF-8"?>
<testsuites name="UAT Test Suite" time="454.839" tests="1" failures="1" errors="0">
   <testsuite name="UAT Test Suite" tests="1" failures="1" errors="0" time="454.839" timestamp="2020-08-04 17:25:14" hostname="LENOVO - DESKTOP-CP3TV4N" id="Test Suites/Maya UAT/UAT Test Suite">
      <properties>
         <property name="deviceName" value="Xiaomi Redmi Note 7S (Android 9)"/>
         <property name="devicePlatform" value=""/>
         <property name="logFolder" value="C:\\Users\\LENOVO\\Git_new\\Maya\\Reports\\20200804_172511\\Maya UAT\\UAT Test Suite\\20200804_172511"/>
         <property name="logFiles" value="C:\\Users\\LENOVO\\Git_new\\Maya\\Reports\\20200804_172511\\Maya UAT\\UAT Test Suite\\20200804_172511\\appium.log, C:\\Users\\LENOVO\\Git_new\\Maya\\Reports\\20200804_172511\\Maya UAT\\UAT Test Suite\\20200804_172511\\execution0.log"/>
         <property name="attachments" value="C:\\Users\\LENOVO\\Screenshot\\Third Party\\Screenshot1, C:\\Users\\LENOVO\\Screenshot\\Third Party\\Screenshot2, C:\\Users\\LENOVO\\Screenshot\\Third Party\\Screenshot3, C:\\Users\\LENOVO\\Screenshot\\Third Party\\Screenshot4, C:\\Users\\LENOVO\\Screenshot\\Third Party\\Screenshot6, C:\\Users\\LENOVO\\Screenshot\\Third Party\\Screenshot7, C:\\Users\\LENOVO\\Screenshot\\Third Party\\Screenshot8, C:\\Users\\LENOVO\\Screenshot\\Third Party\\Screenshot9, C:\\Users\\LENOVO\\Screenshot\\Third Party Fav\\Passport.png, C:\\Users\\LENOVO\\Screenshot\\Third Party Fav\\PassAmount.png, C:\\Users\\LENOVO\\Screenshot\\Third Party Fav\\Enter ref.png, C:\\Users\\LENOVO\\Screenshot\\Third Party Fav\\ConfDuitNow.png, C:\\Users\\LENOVO\\Git_new\\Maya\\Reports\\20200804_172511\\Maya UAT\\UAT Test Suite\\20200804_172511\\1596533415488.png, C:\\Users\\LENOVO\\Screenshot\\Third Party Fav\\TransferSuccess.png, C:\\Users\\LENOVO\\Screenshot\\Third Party\\Screenshot17, C:\\Users\\LENOVO\\Screenshot\\Third Party\\Screenshot16, C:\\Users\\LENOVO\\Screenshot\\Third Party\\Screenshot23, C:\\Users\\LENOVO\\Screenshot\\Third Party\\Screenshot11, C:\\Users\\LENOVO\\Git_new\\Maya\\Reports\\20200804_172511\\Maya UAT\\UAT Test Suite\\20200804_172511\\1596533496902.png, C:\\Users\\LENOVO\\Screenshot\\Third Party\\Screenshot12, C:\\Users\\LENOVO\\Screenshot\\Third Party\\Screenshot15, C:\\Users\\LENOVO\\Screenshot\\DuitNow\\Screen29.png, C:\\Users\\LENOVO\\Screenshot\\DuitNow\\Screen39.png"/>
         <property name="hostName" value="LENOVO - DESKTOP-CP3TV4N"/>
         <property name="os" value="Windows 10 64bit"/>
         <property name="appiumServerStatus" value="{\&quot;value\&quot;:{\&quot;build\&quot;:{\&quot;version\&quot;:\&quot;1.15.1\&quot;}},\&quot;sessionId\&quot;:null,\&quot;status\&quot;:0}"/>
         <property name="katalonVersion" value="7.2.7.1"/>
         <property name="deviceOS" value="Android"/>
         <property name="appiumVersion" value="1.15.1"/>
         <property name="deviceModel" value="Redmi Note 7S"/>
         <property name="hostAddress" value="192.168.43.112"/>
         <property name="deviceManufacturer" value="Xiaomi"/>
         <property name="deviceId" value="11cb9864"/>
         <property name="deviceName" value="Xiaomi Redmi Note 7S (Android 9)"/>
         <property name="deviceOSVersion" value="9"/>
      </properties>
      <testcase name="Test Cases/JINU/DuItNow/Transfer DuIt Now-Passport" time="450.595" classname="Test Cases/JINU/DuItNow/Transfer DuIt Now-Passport" status="FAILED">
         <failure type="FAILED" message="Test Cases/JINU/DuItNow/Transfer DuIt Now-Passport FAILED.
Reason:
com.kms.katalon.core.exception.StepFailedException: Element 'Object Repository/Maya/KLIA/android.widget.TextView0 - Approve' not found
	at com.kms.katalon.core.keyword.internal.KeywordMain.stepFailed(KeywordMain.groovy:39)
	at com.kms.katalon.core.mobile.keyword.internal.MobileKeywordMain.stepFailed(MobileKeywordMain.groovy:40)
	at com.kms.katalon.core.mobile.keyword.builtin.VerifyElementExistKeyword$_verifyElementExist_closure1.doCall(VerifyElementExistKeyword.groovy:77)
	at com.kms.katalon.core.mobile.keyword.builtin.VerifyElementExistKeyword$_verifyElementExist_closure1.call(VerifyElementExistKeyword.groovy)
	at com.kms.katalon.core.mobile.keyword.internal.MobileKeywordMain.runKeyword(MobileKeywordMain.groovy:21)
	at com.kms.katalon.core.mobile.keyword.builtin.VerifyElementExistKeyword.verifyElementExist(VerifyElementExistKeyword.groovy:80)
	at com.kms.katalon.core.mobile.keyword.builtin.VerifyElementExistKeyword.execute(VerifyElementExistKeyword.groovy:64)
	at com.kms.katalon.core.keyword.internal.KeywordExecutor.executeKeywordForPlatform(KeywordExecutor.groovy:72)
	at com.kms.katalon.core.mobile.keyword.MobileBuiltInKeywords.verifyElementExist(MobileBuiltInKeywords.groovy:809)
	at com.kms.katalon.core.mobile.keyword.MobileBuiltInKeywords$verifyElementExist$5.call(Unknown Source)
	at Transfer DuIt Now-Passport.run(Transfer DuIt Now-Passport:354)
	at com.kms.katalon.core.main.ScriptEngine.run(ScriptEngine.java:194)
	at com.kms.katalon.core.main.ScriptEngine.runScriptAsRawText(ScriptEngine.java:119)
	at com.kms.katalon.core.main.TestCaseExecutor.runScript(TestCaseExecutor.java:337)
	at com.kms.katalon.core.main.TestCaseExecutor.doExecute(TestCaseExecutor.java:328)
	at com.kms.katalon.core.main.TestCaseExecutor.processExecutionPhase(TestCaseExecutor.java:307)
	at com.kms.katalon.core.main.TestCaseExecutor.accessMainPhase(TestCaseExecutor.java:299)
	at com.kms.katalon.core.main.TestCaseExecutor.execute(TestCaseExecutor.java:233)
	at com.kms.katalon.core.main.TestSuiteExecutor.accessTestCaseMainPhase(TestSuiteExecutor.java:169)
	at com.kms.katalon.core.main.TestSuiteExecutor.accessTestSuiteMainPhase(TestSuiteExecutor.java:142)
	at com.kms.katalon.core.main.TestSuiteExecutor.execute(TestSuiteExecutor.java:91)
	at com.kms.katalon.core.main.TestCaseMain.startTestSuite(TestCaseMain.java:157)
	at com.kms.katalon.core.main.TestCaseMain$startTestSuite$0.call(Unknown Source)
	at TempTestSuite1596533112013.run(TempTestSuite1596533112013.groovy:36)
"/>
         <system-out><![CDATA[2020-08-04 17:25:15 - [TEST_CASE][FAILED] - Test Cases/JINU/DuItNow/Transfer DuIt Now-Passport: Test Cases/JINU/DuItNow/Transfer DuIt Now-Passport FAILED.
Reason:
com.kms.katalon.core.exception.StepFailedException: Element 'Object Repository/Maya/KLIA/android.widget.TextView0 - Approve' not found
	at com.kms.katalon.core.keyword.internal.KeywordMain.stepFailed(KeywordMain.groovy:39)
	at com.kms.katalon.core.mobile.keyword.internal.MobileKeywordMain.stepFailed(MobileKeywordMain.groovy:40)
	at com.kms.katalon.core.mobile.keyword.builtin.VerifyElementExistKeyword$_verifyElementExist_closure1.doCall(VerifyElementExistKeyword.groovy:77)
	at com.kms.katalon.core.mobile.keyword.builtin.VerifyElementExistKeyword$_verifyElementExist_closure1.call(VerifyElementExistKeyword.groovy)
	at com.kms.katalon.core.mobile.keyword.internal.MobileKeywordMain.runKeyword(MobileKeywordMain.groovy:21)
	at com.kms.katalon.core.mobile.keyword.builtin.VerifyElementExistKeyword.verifyElementExist(VerifyElementExistKeyword.groovy:80)
	at com.kms.katalon.core.mobile.keyword.builtin.VerifyElementExistKeyword.execute(VerifyElementExistKeyword.groovy:64)
	at com.kms.katalon.core.keyword.internal.KeywordExecutor.executeKeywordForPlatform(KeywordExecutor.groovy:72)
	at com.kms.katalon.core.mobile.keyword.MobileBuiltInKeywords.verifyElementExist(MobileBuiltInKeywords.groovy:809)
	at com.kms.katalon.core.mobile.keyword.MobileBuiltInKeywords$verifyElementExist$5.call(Unknown Source)
	at Transfer DuIt Now-Passport.run(Transfer DuIt Now-Passport:354)
	at com.kms.katalon.core.main.ScriptEngine.run(ScriptEngine.java:194)
	at com.kms.katalon.core.main.ScriptEngine.runScriptAsRawText(ScriptEngine.java:119)
	at com.kms.katalon.core.main.TestCaseExecutor.runScript(TestCaseExecutor.java:337)
	at com.kms.katalon.core.main.TestCaseExecutor.doExecute(TestCaseExecutor.java:328)
	at com.kms.katalon.core.main.TestCaseExecutor.processExecutionPhase(TestCaseExecutor.java:307)
	at com.kms.katalon.core.main.TestCaseExecutor.accessMainPhase(TestCaseExecutor.java:299)
	at com.kms.katalon.core.main.TestCaseExecutor.execute(TestCaseExecutor.java:233)
	at com.kms.katalon.core.main.TestSuiteExecutor.accessTestCaseMainPhase(TestSuiteExecutor.java:169)
	at com.kms.katalon.core.main.TestSuiteExecutor.accessTestSuiteMainPhase(TestSuiteExecutor.java:142)
	at com.kms.katalon.core.main.TestSuiteExecutor.execute(TestSuiteExecutor.java:91)
	at com.kms.katalon.core.main.TestCaseMain.startTestSuite(TestCaseMain.java:157)
	at com.kms.katalon.core.main.TestCaseMain$startTestSuite$0.call(Unknown Source)
	at TempTestSuite1596533112013.run(TempTestSuite1596533112013.groovy:36)


2020-08-04 17:25:16 - [TEST_STEP][PASSED] - startApplication("C:\Users\LENOVO\Katalon Studio\app-uat-universal-release.apk", false): Started app at: 'C:\Users\LENOVO\Katalon Studio\app-uat-universal-release.apk'

2020-08-04 17:25:17 - [MESSAGE][INFO] - User set preference: ['appWaitActivity', '*']

2020-08-04 17:25:17 - [MESSAGE][INFO] - User set preference: ['appWaitPackage', 'com.maybank2u.life.uat']

2020-08-04 17:25:17 - [MESSAGE][INFO] - User set preference: ['appWaitDuration', '50,000']

2020-08-04 17:25:17 - [MESSAGE][INFO] - User set preference: ['deviceId', '11cb9864']

2020-08-04 17:25:19 - [MESSAGE][INFO] - Appium server started on port 54,421

2020-08-04 17:25:41 - [MESSAGE][PASSED] - Started app at: 'C:\Users\LENOVO\Katalon Studio\app-uat-universal-release.apk'

2020-08-04 17:25:41 - [TEST_STEP][PASSED] - delay(10, CONTINUE_ON_FAILURE): Delayed 10 second(s)

2020-08-04 17:25:51 - [MESSAGE][PASSED] - Delayed 10 second(s)

2020-08-04 17:25:51 - [TEST_STEP][PASSED] - tap(findTestObject("Maya/New_Transfer/android.widget.TextView0 - Transfer (1)"), 0): Tapped on element 'Object Repository/Maya/New_Transfer/android.widget.TextView0 - Transfer (1)'

2020-08-04 17:25:51 - [MESSAGE][WARNING] - Timeout '0' is invalid. Using default page load timeout: '10'

2020-08-04 17:25:54 - [MESSAGE][PASSED] - Tapped on element 'Object Repository/Maya/New_Transfer/android.widget.TextView0 - Transfer (1)'

2020-08-04 17:25:54 - [TEST_STEP][PASSED] - delay(2, CONTINUE_ON_FAILURE): Delayed 2 second(s)

2020-08-04 17:25:56 - [MESSAGE][PASSED] - Delayed 2 second(s)

2020-08-04 17:25:56 - [TEST_STEP][PASSED] - takeScreenshot("C:\Users\LENOVO\Screenshot\Third Party\Screenshot1", STOP_ON_FAILURE): Screenshot is taken

2020-08-04 17:25:57 - [MESSAGE][PASSED] - Screenshot is taken
[[ATTACHMENT|C:\\Users\\LENOVO\\Screenshot\\Third Party\\Screenshot1]]

2020-08-04 17:25:57 - [TEST_STEP][PASSED] - tap(findTestObject("Maya/duitnow/android.widget.EditText0"), 0): Tapped on element 'Object Repository/Maya/duitnow/android.widget.EditText0'

2020-08-04 17:25:57 - [MESSAGE][WARNING] - Timeout '0' is invalid. Using default page load timeout: '10'

2020-08-04 17:26:01 - [MESSAGE][PASSED] - Tapped on element 'Object Repository/Maya/duitnow/android.widget.EditText0'

2020-08-04 17:26:01 - [TEST_STEP][PASSED] - setText(findTestObject("Maya/duitnow/android.widget.EditText0"), "pass1234", 0): Text 'pass1234' has been set to element 'Object Repository/Maya/duitnow/android.widget.EditText0'

2020-08-04 17:26:01 - [MESSAGE][WARNING] - Timeout '0' is invalid. Using default page load timeout: '10'

2020-08-04 17:26:03 - [MESSAGE][PASSED] - Text 'pass1234' has been set to element 'Object Repository/Maya/duitnow/android.widget.EditText0'

2020-08-04 17:26:03 - [TEST_STEP][PASSED] - driver = getDriver(): null

2020-08-04 17:26:03 - [TEST_STEP][PASSED] - driver.pressKeyCode(ENTER): null

2020-08-04 17:26:03 - [TEST_STEP][PASSED] - delay(5, STOP_ON_FAILURE): Delayed 5 second(s)

2020-08-04 17:26:08 - [MESSAGE][PASSED] - Delayed 5 second(s)

2020-08-04 17:26:08 - [TEST_STEP][PASSED] - delay(2, CONTINUE_ON_FAILURE): Delayed 2 second(s)

2020-08-04 17:26:10 - [MESSAGE][PASSED] - Delayed 2 second(s)

2020-08-04 17:26:10 - [TEST_STEP][PASSED] - takeScreenshot("C:\Users\LENOVO\Screenshot\Third Party\Screenshot2", STOP_ON_FAILURE): Screenshot is taken

2020-08-04 17:26:11 - [MESSAGE][PASSED] - Screenshot is taken
[[ATTACHMENT|C:\\Users\\LENOVO\\Screenshot\\Third Party\\Screenshot2]]

2020-08-04 17:26:11 - [TEST_STEP][PASSED] - tapAndHoldAtPosition(627, 376, 2): Tapped and held at [627, 376] with duration 2

2020-08-04 17:26:15 - [MESSAGE][PASSED] - Tapped and held at [627, 376] with duration 2

2020-08-04 17:26:15 - [TEST_STEP][PASSED] - delay(2, STOP_ON_FAILURE): Delayed 2 second(s)

2020-08-04 17:26:17 - [MESSAGE][PASSED] - Delayed 2 second(s)

2020-08-04 17:26:17 - [TEST_STEP][PASSED] - tapAndHoldAtPosition(451, 727, 2): Tapped and held at [451, 727] with duration 2

2020-08-04 17:26:21 - [MESSAGE][PASSED] - Tapped and held at [451, 727] with duration 2

2020-08-04 17:26:21 - [TEST_STEP][PASSED] - getText(findTestObject("Maya/RegisterDuitNow/android.widget.TextView0 - DuitNow (2)"), 0): Text of element 'Object Repository/Maya/RegisterDuitNow/android.widget.TextView0 - DuitNow (2)' is: 'DuitNow'

2020-08-04 17:26:21 - [MESSAGE][WARNING] - Timeout '0' is invalid. Using default page load timeout: '10'

2020-08-04 17:26:21 - [MESSAGE][PASSED] - Text of element 'Object Repository/Maya/RegisterDuitNow/android.widget.TextView0 - DuitNow (2)' is: 'DuitNow'

2020-08-04 17:26:21 - [TEST_STEP][PASSED] - verifyElementExist(findTestObject("Maya/RegisterDuitNow/android.widget.TextView0 - DuitNow (2)"), 0): Element 'Object Repository/Maya/RegisterDuitNow/android.widget.TextView0 - DuitNow (2)' is exist

2020-08-04 17:26:21 - [MESSAGE][WARNING] - Timeout '0' is invalid. Using default page load timeout: '10'

2020-08-04 17:26:22 - [MESSAGE][PASSED] - Element 'Object Repository/Maya/RegisterDuitNow/android.widget.TextView0 - DuitNow (2)' is exist

2020-08-04 17:26:22 - [TEST_STEP][PASSED] - delay(2, CONTINUE_ON_FAILURE): Delayed 2 second(s)

2020-08-04 17:26:24 - [MESSAGE][PASSED] - Delayed 2 second(s)

2020-08-04 17:26:24 - [TEST_STEP][PASSED] - takeScreenshot("C:\Users\LENOVO\Screenshot\Third Party\Screenshot3", STOP_ON_FAILURE): Screenshot is taken

2020-08-04 17:26:25 - [MESSAGE][PASSED] - Screenshot is taken
[[ATTACHMENT|C:\\Users\\LENOVO\\Screenshot\\Third Party\\Screenshot3]]

2020-08-04 17:26:25 - [TEST_STEP][PASSED] - getText(findTestObject("Maya/RegisterDuitNow/android.widget.TextView0 - ID type"), 0): Text of element 'Object Repository/Maya/RegisterDuitNow/android.widget.TextView0 - ID type' is: 'ID type'

2020-08-04 17:26:25 - [MESSAGE][WARNING] - Timeout '0' is invalid. Using default page load timeout: '10'

2020-08-04 17:26:25 - [MESSAGE][PASSED] - Text of element 'Object Repository/Maya/RegisterDuitNow/android.widget.TextView0 - ID type' is: 'ID type'

2020-08-04 17:26:25 - [TEST_STEP][PASSED] - verifyElementExist(findTestObject("Maya/RegisterDuitNow/android.widget.TextView0 - ID type"), 0): Element 'Object Repository/Maya/RegisterDuitNow/android.widget.TextView0 - ID type' is exist

2020-08-04 17:26:25 - [MESSAGE][WARNING] - Timeout '0' is invalid. Using default page load timeout: '10'

2020-08-04 17:26:25 - [MESSAGE][PASSED] - Element 'Object Repository/Maya/RegisterDuitNow/android.widget.TextView0 - ID type' is exist

2020-08-04 17:26:25 - [TEST_STEP][PASSED] - tap(findTestObject("Maya/RegisterDuitNow/android.widget.ImageView0 (2)"), 0): Tapped on element 'Object Repository/Maya/RegisterDuitNow/android.widget.ImageView0 (2)'

2020-08-04 17:26:25 - [MESSAGE][WARNING] - Timeout '0' is invalid. Using default page load timeout: '10'

2020-08-04 17:26:26 - [MESSAGE][PASSED] - Tapped on element 'Object Repository/Maya/RegisterDuitNow/android.widget.ImageView0 (2)'

2020-08-04 17:26:26 - [TEST_STEP][PASSED] - delay(3, CONTINUE_ON_FAILURE): Delayed 3 second(s)

2020-08-04 17:26:29 - [MESSAGE][PASSED] - Delayed 3 second(s)

2020-08-04 17:26:29 - [TEST_STEP][PASSED] - swipe(592, 1887, 607, 1657): Swiped from 592,1,887 to 607,1,657

2020-08-04 17:26:31 - [MESSAGE][PASSED] - Swiped from 592,1,887 to 607,1,657

2020-08-04 17:26:31 - [TEST_STEP][PASSED] - delay(2, STOP_ON_FAILURE): Delayed 2 second(s)

2020-08-04 17:26:33 - [MESSAGE][PASSED] - Delayed 2 second(s)

2020-08-04 17:26:33 - [TEST_STEP][PASSED] - tap(findTestObject("Maya/NRIC Passport/Pssport-Done"), 0, CONTINUE_ON_FAILURE): Tapped on element 'Object Repository/Maya/NRIC Passport/Pssport-Done'

2020-08-04 17:26:33 - [MESSAGE][WARNING] - Timeout '0' is invalid. Using default page load timeout: '10'

2020-08-04 17:26:35 - [MESSAGE][PASSED] - Tapped on element 'Object Repository/Maya/NRIC Passport/Pssport-Done'

2020-08-04 17:26:35 - [TEST_STEP][PASSED] - getText(findTestObject("Maya/RegisterDuitNow/android.widget.TextView0 - ID type (3)"), 0): Text of element 'Object Repository/Maya/RegisterDuitNow/android.widget.TextView0 - ID type (3)' is: 'ID type'

2020-08-04 17:26:35 - [MESSAGE][WARNING] - Timeout '0' is invalid. Using default page load timeout: '10'

2020-08-04 17:26:35 - [MESSAGE][PASSED] - Text of element 'Object Repository/Maya/RegisterDuitNow/android.widget.TextView0 - ID type (3)' is: 'ID type'

2020-08-04 17:26:35 - [TEST_STEP][PASSED] - getText(findTestObject("Maya/RegisterDuitNow/android.widget.TextView0 - Passport Number (5)"), 0): Text of element 'Object Repository/Maya/RegisterDuitNow/android.widget.TextView0 - Passport Number (5)' is: 'Passport Number'

2020-08-04 17:26:35 - [MESSAGE][WARNING] - Timeout '0' is invalid. Using default page load timeout: '10'

2020-08-04 17:26:36 - [MESSAGE][PASSED] - Text of element 'Object Repository/Maya/RegisterDuitNow/android.widget.TextView0 - Passport Number (5)' is: 'Passport Number'

2020-08-04 17:26:36 - [TEST_STEP][PASSED] - getText(findTestObject("Maya/RegisterDuitNow/android.widget.TextView0 - Passport Number (6)"), 0): Text of element 'Object Repository/Maya/RegisterDuitNow/android.widget.TextView0 - Passport Number (6)' is: 'Passport Number'

2020-08-04 17:26:36 - [MESSAGE][WARNING] - Timeout '0' is invalid. Using default page load timeout: '10'

2020-08-04 17:26:36 - [MESSAGE][PASSED] - Text of element 'Object Repository/Maya/RegisterDuitNow/android.widget.TextView0 - Passport Number (6)' is: 'Passport Number'

2020-08-04 17:26:36 - [TEST_STEP][PASSED] - delay(2, CONTINUE_ON_FAILURE): Delayed 2 second(s)

2020-08-04 17:26:38 - [MESSAGE][PASSED] - Delayed 2 second(s)

2020-08-04 17:26:38 - [TEST_STEP][PASSED] - takeScreenshot("C:\Users\LENOVO\Screenshot\Third Party\Screenshot4", STOP_ON_FAILURE): Screenshot is taken

2020-08-04 17:26:39 - [MESSAGE][PASSED] - Screenshot is taken
[[ATTACHMENT|C:\\Users\\LENOVO\\Screenshot\\Third Party\\Screenshot4]]

2020-08-04 17:26:39 - [TEST_STEP][PASSED] - getText(findTestObject("Maya/RegisterDuitNow/android.widget.TextView0 - Issuing Country"), 0): Text of element 'Object Repository/Maya/RegisterDuitNow/android.widget.TextView0 - Issuing Country' is: 'Issuing Country'

2020-08-04 17:26:39 - [MESSAGE][WARNING] - Timeout '0' is invalid. Using default page load timeout: '10'

2020-08-04 17:26:39 - [MESSAGE][PASSED] - Text of element 'Object Repository/Maya/RegisterDuitNow/android.widget.TextView0 - Issuing Country' is: 'Issuing Country'

2020-08-04 17:26:39 - [TEST_STEP][PASSED] - getText(findTestObject("Maya/RegisterDuitNow/android.widget.TextView0 - Select Country"), 0): Text of element 'Object Repository/Maya/RegisterDuitNow/android.widget.TextView0 - Select Country' is: 'Select Country'

2020-08-04 17:26:39 - [MESSAGE][WARNING] - Timeout '0' is invalid. Using default page load timeout: '10'

2020-08-04 17:26:40 - [MESSAGE][PASSED] - Text of element 'Object Repository/Maya/RegisterDuitNow/android.widget.TextView0 - Select Country' is: 'Select Country'

2020-08-04 17:26:40 - [TEST_STEP][PASSED] - tap(findTestObject("Maya/NRIC Passport/android.widget.EditText0 - Enter passport number"), 0): Tapped on element 'Object Repository/Maya/NRIC Passport/android.widget.EditText0 - Enter passport number'

2020-08-04 17:26:40 - [MESSAGE][WARNING] - Timeout '0' is invalid. Using default page load timeout: '10'

2020-08-04 17:26:43 - [MESSAGE][PASSED] - Tapped on element 'Object Repository/Maya/NRIC Passport/android.widget.EditText0 - Enter passport number'

2020-08-04 17:26:43 - [TEST_STEP][PASSED] - driver.pressKeyCode(ENTER): null

2020-08-04 17:26:43 - [TEST_STEP][PASSED] - verifyElementExist(findTestObject("Maya/NRICduitnow/android.widget.TextView0 - Please enter valid transfer details."), 0, CONTINUE_ON_FAILURE): Element 'Object Repository/Maya/NRICduitnow/android.widget.TextView0 - Please enter valid transfer details.' is exist

2020-08-04 17:26:43 - [MESSAGE][WARNING] - Timeout '0' is invalid. Using default page load timeout: '10'

2020-08-04 17:26:44 - [MESSAGE][PASSED] - Element 'Object Repository/Maya/NRICduitnow/android.widget.TextView0 - Please enter valid transfer details.' is exist

2020-08-04 17:26:44 - [TEST_STEP][PASSED] - delay(2, CONTINUE_ON_FAILURE): Delayed 2 second(s)

2020-08-04 17:26:46 - [MESSAGE][PASSED] - Delayed 2 second(s)

2020-08-04 17:26:46 - [TEST_STEP][PASSED] - takeScreenshot("C:\Users\LENOVO\Screenshot\Third Party\Screenshot6", STOP_ON_FAILURE): Screenshot is taken

2020-08-04 17:26:47 - [MESSAGE][PASSED] - Screenshot is taken
[[ATTACHMENT|C:\\Users\\LENOVO\\Screenshot\\Third Party\\Screenshot6]]

2020-08-04 17:26:47 - [TEST_STEP][PASSED] - tap(findTestObject("Maya/NRIC Passport/android.widget.EditText0 - Enter passport number"), 0): Tapped on element 'Object Repository/Maya/NRIC Passport/android.widget.EditText0 - Enter passport number'

2020-08-04 17:26:47 - [MESSAGE][WARNING] - Timeout '0' is invalid. Using default page load timeout: '10'

2020-08-04 17:26:49 - [MESSAGE][PASSED] - Tapped on element 'Object Repository/Maya/NRIC Passport/android.widget.EditText0 - Enter passport number'

2020-08-04 17:26:49 - [TEST_STEP][PASSED] - setText(findTestObject("Maya/NRIC Passport/android.widget.EditText0 - Enter passport number"), "ABCDEFG", 0): Text 'ABCDEFG' has been set to element 'Object Repository/Maya/NRIC Passport/android.widget.EditText0 - Enter passport number'

2020-08-04 17:26:49 - [MESSAGE][WARNING] - Timeout '0' is invalid. Using default page load timeout: '10'

2020-08-04 17:26:51 - [MESSAGE][PASSED] - Text 'ABCDEFG' has been set to element 'Object Repository/Maya/NRIC Passport/android.widget.EditText0 - Enter passport number'

2020-08-04 17:26:51 - [TEST_STEP][PASSED] - driver.pressKeyCode(ENTER): null

2020-08-04 17:26:52 - [TEST_STEP][PASSED] - tap(findTestObject("Maya/NRIC Passport/android.widget.TextView0 - Continue"), 0): Tapped on element 'Object Repository/Maya/NRIC Passport/android.widget.TextView0 - Continue'

2020-08-04 17:26:52 - [MESSAGE][WARNING] - Timeout '0' is invalid. Using default page load timeout: '10'

2020-08-04 17:26:54 - [MESSAGE][PASSED] - Tapped on element 'Object Repository/Maya/NRIC Passport/android.widget.TextView0 - Continue'

2020-08-04 17:26:54 - [TEST_STEP][PASSED] - verifyElementExist(findTestObject("Maya/NRIC Passport/android.widget.TextView0 - Please select a country"), 0, CONTINUE_ON_FAILURE): Element 'Object Repository/Maya/NRIC Passport/android.widget.TextView0 - Please select a country' is exist

2020-08-04 17:26:54 - [MESSAGE][WARNING] - Timeout '0' is invalid. Using default page load timeout: '10'

2020-08-04 17:26:54 - [MESSAGE][PASSED] - Element 'Object Repository/Maya/NRIC Passport/android.widget.TextView0 - Please select a country' is exist

2020-08-04 17:26:54 - [TEST_STEP][PASSED] - delay(2, CONTINUE_ON_FAILURE): Delayed 2 second(s)

2020-08-04 17:26:56 - [MESSAGE][PASSED] - Delayed 2 second(s)

2020-08-04 17:26:56 - [TEST_STEP][PASSED] - takeScreenshot("C:\Users\LENOVO\Screenshot\Third Party\Screenshot7", STOP_ON_FAILURE): Screenshot is taken

2020-08-04 17:26:57 - [MESSAGE][PASSED] - Screenshot is taken
[[ATTACHMENT|C:\\Users\\LENOVO\\Screenshot\\Third Party\\Screenshot7]]

2020-08-04 17:26:57 - [TEST_STEP][PASSED] - tap(findTestObject("Maya/RegisterDuitNow/android.widget.ImageView0 (7)"), 0): Tapped on element 'Object Repository/Maya/RegisterDuitNow/android.widget.ImageView0 (7)'

2020-08-04 17:26:57 - [MESSAGE][WARNING] - Timeout '0' is invalid. Using default page load timeout: '10'

2020-08-04 17:26:57 - [MESSAGE][PASSED] - Tapped on element 'Object Repository/Maya/RegisterDuitNow/android.widget.ImageView0 (7)'

2020-08-04 17:26:57 - [TEST_STEP][PASSED] - tap(findTestObject("Maya/RegisterDuitNow/android.widget.TextView0 - Done (6)"), 0): Tapped on element 'Object Repository/Maya/RegisterDuitNow/android.widget.TextView0 - Done (6)'

2020-08-04 17:26:58 - [MESSAGE][WARNING] - Timeout '0' is invalid. Using default page load timeout: '10'

2020-08-04 17:27:02 - [MESSAGE][PASSED] - Tapped on element 'Object Repository/Maya/RegisterDuitNow/android.widget.TextView0 - Done (6)'

2020-08-04 17:27:02 - [TEST_STEP][PASSED] - tap(findTestObject("Maya/NRIC Passport/android.widget.TextView0 - Continue"), 0): Tapped on element 'Object Repository/Maya/NRIC Passport/android.widget.TextView0 - Continue'

2020-08-04 17:27:02 - [MESSAGE][WARNING] - Timeout '0' is invalid. Using default page load timeout: '10'

2020-08-04 17:27:04 - [MESSAGE][PASSED] - Tapped on element 'Object Repository/Maya/NRIC Passport/android.widget.TextView0 - Continue'

2020-08-04 17:27:04 - [TEST_STEP][PASSED] - verifyElementExist(findTestObject("Maya/NRICduitnow/android.widget.TextView0 - The DuitNow ID entered is not valid."), 0, CONTINUE_ON_FAILURE): Element 'Object Repository/Maya/NRICduitnow/android.widget.TextView0 - The DuitNow ID entered is not valid.' is exist

2020-08-04 17:27:04 - [MESSAGE][WARNING] - Timeout '0' is invalid. Using default page load timeout: '10'

2020-08-04 17:27:04 - [MESSAGE][PASSED] - Element 'Object Repository/Maya/NRICduitnow/android.widget.TextView0 - The DuitNow ID entered is not valid.' is exist

2020-08-04 17:27:04 - [TEST_STEP][PASSED] - delay(2, CONTINUE_ON_FAILURE): Delayed 2 second(s)

2020-08-04 17:27:06 - [MESSAGE][PASSED] - Delayed 2 second(s)

2020-08-04 17:27:06 - [TEST_STEP][PASSED] - takeScreenshot("C:\Users\LENOVO\Screenshot\Third Party\Screenshot8", STOP_ON_FAILURE): Screenshot is taken

2020-08-04 17:27:07 - [MESSAGE][PASSED] - Screenshot is taken
[[ATTACHMENT|C:\\Users\\LENOVO\\Screenshot\\Third Party\\Screenshot8]]

2020-08-04 17:27:07 - [TEST_STEP][NOT_RUN] - getText(findTestObject("Maya/NRIC Passport/android.widget.TextView0 - Please select a country"), 0): NOT_RUN: getText(findTestObject("Maya/NRIC Passport/android.widget.TextView0 - Please select a country"), 0)

2020-08-04 17:27:07 - [MESSAGE][NOT_RUN] - NOT_RUN: getText(findTestObject("Maya/NRIC Passport/android.widget.TextView0 - Please select a country"), 0)

2020-08-04 17:27:07 - [TEST_STEP][PASSED] - tap(findTestObject("Maya/NRICduitnow/nric back"), 0): Tapped on element 'Object Repository/Maya/NRICduitnow/nric back'

2020-08-04 17:27:07 - [MESSAGE][WARNING] - Timeout '0' is invalid. Using default page load timeout: '10'

2020-08-04 17:27:18 - [MESSAGE][PASSED] - Tapped on element 'Object Repository/Maya/NRICduitnow/nric back'

2020-08-04 17:27:18 - [TEST_STEP][PASSED] - delay(5, STOP_ON_FAILURE): Delayed 5 second(s)

2020-08-04 17:27:23 - [MESSAGE][PASSED] - Delayed 5 second(s)

2020-08-04 17:27:23 - [TEST_STEP][PASSED] - tapAndHoldAtPosition(627, 376, 2): Tapped and held at [627, 376] with duration 2

2020-08-04 17:27:27 - [MESSAGE][PASSED] - Tapped and held at [627, 376] with duration 2

2020-08-04 17:27:27 - [TEST_STEP][PASSED] - delay(2, STOP_ON_FAILURE): Delayed 2 second(s)

2020-08-04 17:27:29 - [MESSAGE][PASSED] - Delayed 2 second(s)

2020-08-04 17:27:29 - [TEST_STEP][PASSED] - tapAndHoldAtPosition(451, 727, 2): Tapped and held at [451, 727] with duration 2

2020-08-04 17:27:32 - [MESSAGE][PASSED] - Tapped and held at [451, 727] with duration 2

2020-08-04 17:27:32 - [TEST_STEP][PASSED] - getText(findTestObject("Maya/RegisterDuitNow/android.widget.TextView0 - DuitNow (2)"), 0): Text of element 'Object Repository/Maya/RegisterDuitNow/android.widget.TextView0 - DuitNow (2)' is: 'DuitNow'

2020-08-04 17:27:32 - [MESSAGE][WARNING] - Timeout '0' is invalid. Using default page load timeout: '10'

2020-08-04 17:27:33 - [MESSAGE][PASSED] - Text of element 'Object Repository/Maya/RegisterDuitNow/android.widget.TextView0 - DuitNow (2)' is: 'DuitNow'

2020-08-04 17:27:33 - [TEST_STEP][PASSED] - verifyElementExist(findTestObject("Maya/RegisterDuitNow/android.widget.TextView0 - DuitNow (2)"), 0): Element 'Object Repository/Maya/RegisterDuitNow/android.widget.TextView0 - DuitNow (2)' is exist

2020-08-04 17:27:33 - [MESSAGE][WARNING] - Timeout '0' is invalid. Using default page load timeout: '10'

2020-08-04 17:27:34 - [MESSAGE][PASSED] - Element 'Object Repository/Maya/RegisterDuitNow/android.widget.TextView0 - DuitNow (2)' is exist

2020-08-04 17:27:34 - [TEST_STEP][PASSED] - getText(findTestObject("Maya/RegisterDuitNow/android.widget.TextView0 - ID type"), 0): Text of element 'Object Repository/Maya/RegisterDuitNow/android.widget.TextView0 - ID type' is: 'ID type'

2020-08-04 17:27:34 - [MESSAGE][WARNING] - Timeout '0' is invalid. Using default page load timeout: '10'

2020-08-04 17:27:35 - [MESSAGE][PASSED] - Text of element 'Object Repository/Maya/RegisterDuitNow/android.widget.TextView0 - ID type' is: 'ID type'

2020-08-04 17:27:35 - [TEST_STEP][PASSED] - delay(2, CONTINUE_ON_FAILURE): Delayed 2 second(s)

2020-08-04 17:27:37 - [MESSAGE][PASSED] - Delayed 2 second(s)

2020-08-04 17:27:37 - [TEST_STEP][PASSED] - takeScreenshot("C:\Users\LENOVO\Screenshot\Third Party\Screenshot9", STOP_ON_FAILURE): Screenshot is taken

2020-08-04 17:27:38 - [MESSAGE][PASSED] - Screenshot is taken
[[ATTACHMENT|C:\\Users\\LENOVO\\Screenshot\\Third Party\\Screenshot9]]

2020-08-04 17:27:38 - [TEST_STEP][PASSED] - verifyElementExist(findTestObject("Maya/RegisterDuitNow/android.widget.TextView0 - ID type"), 0): Element 'Object Repository/Maya/RegisterDuitNow/android.widget.TextView0 - ID type' is exist

2020-08-04 17:27:38 - [MESSAGE][WARNING] - Timeout '0' is invalid. Using default page load timeout: '10'

2020-08-04 17:27:38 - [MESSAGE][PASSED] - Element 'Object Repository/Maya/RegisterDuitNow/android.widget.TextView0 - ID type' is exist

2020-08-04 17:27:38 - [TEST_STEP][PASSED] - tap(findTestObject("Maya/RegisterDuitNow/android.widget.ImageView0 (2)"), 0): Tapped on element 'Object Repository/Maya/RegisterDuitNow/android.widget.ImageView0 (2)'

2020-08-04 17:27:38 - [MESSAGE][WARNING] - Timeout '0' is invalid. Using default page load timeout: '10'

2020-08-04 17:27:39 - [MESSAGE][PASSED] - Tapped on element 'Object Repository/Maya/RegisterDuitNow/android.widget.ImageView0 (2)'

2020-08-04 17:27:39 - [TEST_STEP][PASSED] - delay(3, CONTINUE_ON_FAILURE): Delayed 3 second(s)

2020-08-04 17:27:42 - [MESSAGE][PASSED] - Delayed 3 second(s)

2020-08-04 17:27:42 - [TEST_STEP][PASSED] - swipe(592, 1887, 607, 1657): Swiped from 592,1,887 to 607,1,657

2020-08-04 17:27:43 - [MESSAGE][PASSED] - Swiped from 592,1,887 to 607,1,657

2020-08-04 17:27:43 - [TEST_STEP][PASSED] - delay(2, STOP_ON_FAILURE): Delayed 2 second(s)

2020-08-04 17:27:45 - [MESSAGE][PASSED] - Delayed 2 second(s)

2020-08-04 17:27:45 - [TEST_STEP][PASSED] - tap(findTestObject("Maya/NRIC Passport/Pssport-Done"), 0, CONTINUE_ON_FAILURE): Tapped on element 'Object Repository/Maya/NRIC Passport/Pssport-Done'

2020-08-04 17:27:45 - [MESSAGE][WARNING] - Timeout '0' is invalid. Using default page load timeout: '10'

2020-08-04 17:27:48 - [MESSAGE][PASSED] - Tapped on element 'Object Repository/Maya/NRIC Passport/Pssport-Done'

2020-08-04 17:27:48 - [TEST_STEP][PASSED] - getText(findTestObject("Maya/RegisterDuitNow/android.widget.TextView0 - ID type (3)"), 0): Text of element 'Object Repository/Maya/RegisterDuitNow/android.widget.TextView0 - ID type (3)' is: 'ID type'

2020-08-04 17:27:48 - [MESSAGE][WARNING] - Timeout '0' is invalid. Using default page load timeout: '10'

2020-08-04 17:27:48 - [MESSAGE][PASSED] - Text of element 'Object Repository/Maya/RegisterDuitNow/android.widget.TextView0 - ID type (3)' is: 'ID type'

2020-08-04 17:27:48 - [TEST_STEP][PASSED] - verifyElementExist(findTestObject("Maya/RegisterDuitNow/android.widget.TextView0 - ID type (3)"), 0): Element 'Object Repository/Maya/RegisterDuitNow/android.widget.TextView0 - ID type (3)' is exist

2020-08-04 17:27:48 - [MESSAGE][WARNING] - Timeout '0' is invalid. Using default page load timeout: '10'

2020-08-04 17:27:48 - [MESSAGE][PASSED] - Element 'Object Repository/Maya/RegisterDuitNow/android.widget.TextView0 - ID type (3)' is exist

2020-08-04 17:27:48 - [TEST_STEP][PASSED] - getText(findTestObject("Maya/RegisterDuitNow/android.widget.TextView0 - Passport Number (5)"), 0): Text of element 'Object Repository/Maya/RegisterDuitNow/android.widget.TextView0 - Passport Number (5)' is: 'Passport Number'

2020-08-04 17:27:49 - [MESSAGE][WARNING] - Timeout '0' is invalid. Using default page load timeout: '10'

2020-08-04 17:27:50 - [MESSAGE][PASSED] - Text of element 'Object Repository/Maya/RegisterDuitNow/android.widget.TextView0 - Passport Number (5)' is: 'Passport Number'

2020-08-04 17:27:50 - [TEST_STEP][PASSED] - verifyElementExist(findTestObject("Maya/RegisterDuitNow/android.widget.TextView0 - Passport Number (5)"), 0): Element 'Object Repository/Maya/RegisterDuitNow/android.widget.TextView0 - Passport Number (5)' is exist

2020-08-04 17:27:50 - [MESSAGE][WARNING] - Timeout '0' is invalid. Using default page load timeout: '10'

2020-08-04 17:27:50 - [MESSAGE][PASSED] - Element 'Object Repository/Maya/RegisterDuitNow/android.widget.TextView0 - Passport Number (5)' is exist

2020-08-04 17:27:50 - [TEST_STEP][NOT_RUN] - getText(findTestObject("Maya/RegisterDuitNow/android.widget.TextView0 - Passport Number (6)"), 0): NOT_RUN: getText(findTestObject("Maya/RegisterDuitNow/android.widget.TextView0 - Passport Number (6)"), 0)

2020-08-04 17:27:50 - [MESSAGE][NOT_RUN] - NOT_RUN: getText(findTestObject("Maya/RegisterDuitNow/android.widget.TextView0 - Passport Number (6)"), 0)

2020-08-04 17:27:50 - [TEST_STEP][PASSED] - getText(findTestObject("Maya/RegisterDuitNow/android.widget.TextView0 - Issuing Country"), 0): Text of element 'Object Repository/Maya/RegisterDuitNow/android.widget.TextView0 - Issuing Country' is: 'Issuing Country'

2020-08-04 17:27:50 - [MESSAGE][WARNING] - Timeout '0' is invalid. Using default page load timeout: '10'

2020-08-04 17:27:50 - [MESSAGE][PASSED] - Text of element 'Object Repository/Maya/RegisterDuitNow/android.widget.TextView0 - Issuing Country' is: 'Issuing Country'

2020-08-04 17:27:50 - [TEST_STEP][PASSED] - verifyElementExist(findTestObject("Maya/RegisterDuitNow/android.widget.TextView0 - Issuing Country"), 0): Element 'Object Repository/Maya/RegisterDuitNow/android.widget.TextView0 - Issuing Country' is exist

2020-08-04 17:27:50 - [MESSAGE][WARNING] - Timeout '0' is invalid. Using default page load timeout: '10'

2020-08-04 17:27:50 - [MESSAGE][PASSED] - Element 'Object Repository/Maya/RegisterDuitNow/android.widget.TextView0 - Issuing Country' is exist

2020-08-04 17:27:50 - [TEST_STEP][PASSED] - getText(findTestObject("Maya/RegisterDuitNow/android.widget.TextView0 - Select Country"), 0): Text of element 'Object Repository/Maya/RegisterDuitNow/android.widget.TextView0 - Select Country' is: 'Select Country'

2020-08-04 17:27:50 - [MESSAGE][WARNING] - Timeout '0' is invalid. Using default page load timeout: '10'

2020-08-04 17:27:51 - [MESSAGE][PASSED] - Text of element 'Object Repository/Maya/RegisterDuitNow/android.widget.TextView0 - Select Country' is: 'Select Country'

2020-08-04 17:27:51 - [TEST_STEP][PASSED] - verifyElementExist(findTestObject("Maya/RegisterDuitNow/android.widget.TextView0 - Select Country"), 0): Element 'Object Repository/Maya/RegisterDuitNow/android.widget.TextView0 - Select Country' is exist

2020-08-04 17:27:51 - [MESSAGE][WARNING] - Timeout '0' is invalid. Using default page load timeout: '10'

2020-08-04 17:27:52 - [MESSAGE][PASSED] - Element 'Object Repository/Maya/RegisterDuitNow/android.widget.TextView0 - Select Country' is exist

2020-08-04 17:27:52 - [TEST_STEP][PASSED] - tap(findTestObject("Maya/RegisterDuitNow/android.widget.ImageView0 (7)"), 0): Tapped on element 'Object Repository/Maya/RegisterDuitNow/android.widget.ImageView0 (7)'

2020-08-04 17:27:52 - [MESSAGE][WARNING] - Timeout '0' is invalid. Using default page load timeout: '10'

2020-08-04 17:27:52 - [MESSAGE][PASSED] - Tapped on element 'Object Repository/Maya/RegisterDuitNow/android.widget.ImageView0 (7)'

2020-08-04 17:27:52 - [TEST_STEP][PASSED] - delay(3, CONTINUE_ON_FAILURE): Delayed 3 second(s)

2020-08-04 17:27:55 - [MESSAGE][PASSED] - Delayed 3 second(s)

2020-08-04 17:27:55 - [TEST_STEP][PASSED] - swipe(556, 1886, 751, 1470): Swiped from 556,1,886 to 751,1,470

2020-08-04 17:27:56 - [MESSAGE][PASSED] - Swiped from 556,1,886 to 751,1,470

2020-08-04 17:27:56 - [TEST_STEP][PASSED] - delay(2, CONTINUE_ON_FAILURE): Delayed 2 second(s)

2020-08-04 17:27:58 - [MESSAGE][PASSED] - Delayed 2 second(s)

2020-08-04 17:27:58 - [TEST_STEP][PASSED] - swipe(556, 1886, 751, 1470): Swiped from 556,1,886 to 751,1,470

2020-08-04 17:28:00 - [MESSAGE][PASSED] - Swiped from 556,1,886 to 751,1,470

2020-08-04 17:28:00 - [TEST_STEP][PASSED] - delay(2, CONTINUE_ON_FAILURE): Delayed 2 second(s)

2020-08-04 17:28:02 - [MESSAGE][PASSED] - Delayed 2 second(s)

2020-08-04 17:28:02 - [TEST_STEP][PASSED] - swipe(556, 1886, 751, 1470): Swiped from 556,1,886 to 751,1,470

2020-08-04 17:28:03 - [MESSAGE][PASSED] - Swiped from 556,1,886 to 751,1,470

2020-08-04 17:28:03 - [TEST_STEP][PASSED] - delay(2, CONTINUE_ON_FAILURE): Delayed 2 second(s)

2020-08-04 17:28:05 - [MESSAGE][PASSED] - Delayed 2 second(s)

2020-08-04 17:28:05 - [TEST_STEP][PASSED] - swipe(556, 1886, 751, 1470): Swiped from 556,1,886 to 751,1,470

2020-08-04 17:28:06 - [MESSAGE][PASSED] - Swiped from 556,1,886 to 751,1,470

2020-08-04 17:28:06 - [TEST_STEP][PASSED] - delay(2, CONTINUE_ON_FAILURE): Delayed 2 second(s)

2020-08-04 17:28:08 - [MESSAGE][PASSED] - Delayed 2 second(s)

2020-08-04 17:28:08 - [TEST_STEP][PASSED] - delay(2, CONTINUE_ON_FAILURE): Delayed 2 second(s)

2020-08-04 17:28:10 - [MESSAGE][PASSED] - Delayed 2 second(s)

2020-08-04 17:28:10 - [TEST_STEP][PASSED] - swipe(556, 1886, 751, 1644): Swiped from 556,1,886 to 751,1,644

2020-08-04 17:28:11 - [MESSAGE][PASSED] - Swiped from 556,1,886 to 751,1,644

2020-08-04 17:28:11 - [TEST_STEP][PASSED] - delay(2, CONTINUE_ON_FAILURE): Delayed 2 second(s)

2020-08-04 17:28:13 - [MESSAGE][PASSED] - Delayed 2 second(s)

2020-08-04 17:28:13 - [TEST_STEP][PASSED] - swipe(556, 1886, 751, 1644): Swiped from 556,1,886 to 751,1,644

2020-08-04 17:28:14 - [MESSAGE][PASSED] - Swiped from 556,1,886 to 751,1,644

2020-08-04 17:28:14 - [TEST_STEP][PASSED] - delay(2, CONTINUE_ON_FAILURE): Delayed 2 second(s)

2020-08-04 17:28:16 - [MESSAGE][PASSED] - Delayed 2 second(s)

2020-08-04 17:28:16 - [TEST_STEP][PASSED] - swipe(556, 1886, 751, 1644): Swiped from 556,1,886 to 751,1,644

2020-08-04 17:28:18 - [MESSAGE][PASSED] - Swiped from 556,1,886 to 751,1,644

2020-08-04 17:28:18 - [TEST_STEP][PASSED] - delay(2, CONTINUE_ON_FAILURE): Delayed 2 second(s)

2020-08-04 17:28:20 - [MESSAGE][PASSED] - Delayed 2 second(s)

2020-08-04 17:28:20 - [TEST_STEP][PASSED] - swipe(556, 1886, 751, 1750): Swiped from 556,1,886 to 751,1,750

2020-08-04 17:28:21 - [MESSAGE][PASSED] - Swiped from 556,1,886 to 751,1,750

2020-08-04 17:28:21 - [TEST_STEP][PASSED] - delay(2, CONTINUE_ON_FAILURE): Delayed 2 second(s)

2020-08-04 17:28:23 - [MESSAGE][PASSED] - Delayed 2 second(s)

2020-08-04 17:28:23 - [TEST_STEP][PASSED] - swipe(556, 1886, 751, 1750): Swiped from 556,1,886 to 751,1,750

2020-08-04 17:28:24 - [MESSAGE][PASSED] - Swiped from 556,1,886 to 751,1,750

2020-08-04 17:28:24 - [TEST_STEP][PASSED] - delay(2, CONTINUE_ON_FAILURE): Delayed 2 second(s)

2020-08-04 17:28:26 - [MESSAGE][PASSED] - Delayed 2 second(s)

2020-08-04 17:28:26 - [TEST_STEP][PASSED] - swipe(556, 1886, 751, 1750): Swiped from 556,1,886 to 751,1,750

2020-08-04 17:28:27 - [MESSAGE][PASSED] - Swiped from 556,1,886 to 751,1,750

2020-08-04 17:28:27 - [TEST_STEP][PASSED] - delay(2, CONTINUE_ON_FAILURE): Delayed 2 second(s)

2020-08-04 17:28:29 - [MESSAGE][PASSED] - Delayed 2 second(s)

2020-08-04 17:28:29 - [TEST_STEP][PASSED] - tap(findTestObject("Maya/NRIC Passport/Country Done"), 0): Tapped on element 'Object Repository/Maya/NRIC Passport/Country Done'

2020-08-04 17:28:29 - [MESSAGE][WARNING] - Timeout '0' is invalid. Using default page load timeout: '10'

2020-08-04 17:28:33 - [MESSAGE][PASSED] - Tapped on element 'Object Repository/Maya/NRIC Passport/Country Done'

2020-08-04 17:28:33 - [TEST_STEP][PASSED] - tap(findTestObject("Maya/NRIC Passport/android.widget.EditText0 - Enter passport number"), 0): Tapped on element 'Object Repository/Maya/NRIC Passport/android.widget.EditText0 - Enter passport number'

2020-08-04 17:28:33 - [MESSAGE][WARNING] - Timeout '0' is invalid. Using default page load timeout: '10'

2020-08-04 17:28:35 - [MESSAGE][PASSED] - Tapped on element 'Object Repository/Maya/NRIC Passport/android.widget.EditText0 - Enter passport number'

2020-08-04 17:28:35 - [TEST_STEP][PASSED] - setText(findTestObject("Maya/NRIC Passport/android.widget.EditText0 - Enter passport number"), "B66732113BRA", 0): Text 'B66732113BRA' has been set to element 'Object Repository/Maya/NRIC Passport/android.widget.EditText0 - Enter passport number'

2020-08-04 17:28:35 - [MESSAGE][WARNING] - Timeout '0' is invalid. Using default page load timeout: '10'

2020-08-04 17:28:37 - [MESSAGE][PASSED] - Text 'B66732113BRA' has been set to element 'Object Repository/Maya/NRIC Passport/android.widget.EditText0 - Enter passport number'

2020-08-04 17:28:37 - [TEST_STEP][PASSED] - driver.pressKeyCode(ENTER): null

2020-08-04 17:28:37 - [TEST_STEP][PASSED] - takeScreenshot("C:\Users\LENOVO\Screenshot\Third Party Fav\Passport.png", STOP_ON_FAILURE): Screenshot is taken

2020-08-04 17:28:38 - [MESSAGE][PASSED] - Screenshot is taken
[[ATTACHMENT|C:\\Users\\LENOVO\\Screenshot\\Third Party Fav\\Passport.png]]

2020-08-04 17:28:38 - [TEST_STEP][PASSED] - verifyElementExist(findTestObject("Maya/NRIC Passport/android.widget.TextView0 - B66732113BRA"), 0): Element 'Object Repository/Maya/NRIC Passport/android.widget.TextView0 - B66732113BRA' is exist

2020-08-04 17:28:38 - [MESSAGE][WARNING] - Timeout '0' is invalid. Using default page load timeout: '10'

2020-08-04 17:28:40 - [MESSAGE][PASSED] - Element 'Object Repository/Maya/NRIC Passport/android.widget.TextView0 - B66732113BRA' is exist

2020-08-04 17:28:40 - [TEST_STEP][PASSED] - delay(4, CONTINUE_ON_FAILURE): Delayed 4 second(s)

2020-08-04 17:28:44 - [MESSAGE][PASSED] - Delayed 4 second(s)

2020-08-04 17:28:44 - [TEST_STEP][PASSED] - tap(findTestObject("Maya/duitnow/android.widget.TextView0 - 2 (1)"), 0): Tapped on element 'Object Repository/Maya/duitnow/android.widget.TextView0 - 2 (1)'

2020-08-04 17:28:44 - [MESSAGE][WARNING] - Timeout '0' is invalid. Using default page load timeout: '10'

2020-08-04 17:28:46 - [MESSAGE][PASSED] - Tapped on element 'Object Repository/Maya/duitnow/android.widget.TextView0 - 2 (1)'

2020-08-04 17:28:46 - [TEST_STEP][PASSED] - tap(findTestObject("Maya/duitnow/android.widget.TextView0 - 0 (1)"), 0): Tapped on element 'Object Repository/Maya/duitnow/android.widget.TextView0 - 0 (1)'

2020-08-04 17:28:46 - [MESSAGE][WARNING] - Timeout '0' is invalid. Using default page load timeout: '10'

2020-08-04 17:28:50 - [MESSAGE][PASSED] - Tapped on element 'Object Repository/Maya/duitnow/android.widget.TextView0 - 0 (1)'

2020-08-04 17:28:50 - [TEST_STEP][PASSED] - tap(findTestObject("Maya/duitnow/android.widget.TextView0 - 0 (1)"), 0): Tapped on element 'Object Repository/Maya/duitnow/android.widget.TextView0 - 0 (1)'

2020-08-04 17:28:50 - [MESSAGE][WARNING] - Timeout '0' is invalid. Using default page load timeout: '10'

2020-08-04 17:28:52 - [MESSAGE][PASSED] - Tapped on element 'Object Repository/Maya/duitnow/android.widget.TextView0 - 0 (1)'

2020-08-04 17:28:52 - [TEST_STEP][PASSED] - takeScreenshot("C:\Users\LENOVO\Screenshot\Third Party Fav\PassAmount.png", STOP_ON_FAILURE): Screenshot is taken

2020-08-04 17:28:53 - [MESSAGE][PASSED] - Screenshot is taken
[[ATTACHMENT|C:\\Users\\LENOVO\\Screenshot\\Third Party Fav\\PassAmount.png]]

2020-08-04 17:28:53 - [TEST_STEP][PASSED] - tap(findTestObject("Maya/RegisterDuitNow/android.widget.ImageView0 (3)"), 0): Tapped on element 'Object Repository/Maya/RegisterDuitNow/android.widget.ImageView0 (3)'

2020-08-04 17:28:53 - [MESSAGE][WARNING] - Timeout '0' is invalid. Using default page load timeout: '10'

2020-08-04 17:28:53 - [MESSAGE][PASSED] - Tapped on element 'Object Repository/Maya/RegisterDuitNow/android.widget.ImageView0 (3)'

2020-08-04 17:28:53 - [TEST_STEP][PASSED] - verifyElementExist(findTestObject("Maya/NRIC Passport/android.widget.TextView0 - B66732113BRA"), 0): Element 'Object Repository/Maya/NRIC Passport/android.widget.TextView0 - B66732113BRA' is exist

2020-08-04 17:28:53 - [MESSAGE][WARNING] - Timeout '0' is invalid. Using default page load timeout: '10'

2020-08-04 17:28:54 - [MESSAGE][PASSED] - Element 'Object Repository/Maya/NRIC Passport/android.widget.TextView0 - B66732113BRA' is exist

2020-08-04 17:28:54 - [TEST_STEP][PASSED] - tap(findTestObject("Maya/duitnow/android.widget.EditText0 (1)"), 0): Tapped on element 'Object Repository/Maya/duitnow/android.widget.EditText0 (1)'

2020-08-04 17:28:54 - [MESSAGE][WARNING] - Timeout '0' is invalid. Using default page load timeout: '10'

2020-08-04 17:28:56 - [MESSAGE][PASSED] - Tapped on element 'Object Repository/Maya/duitnow/android.widget.EditText0 (1)'

2020-08-04 17:28:56 - [TEST_STEP][PASSED] - setText(findTestObject("Maya/duitnow/android.widget.EditText0 (1)"), "Check", 0): Text 'Check' has been set to element 'Object Repository/Maya/duitnow/android.widget.EditText0 (1)'

2020-08-04 17:28:56 - [MESSAGE][WARNING] - Timeout '0' is invalid. Using default page load timeout: '10'

2020-08-04 17:28:57 - [MESSAGE][PASSED] - Text 'Check' has been set to element 'Object Repository/Maya/duitnow/android.widget.EditText0 (1)'

2020-08-04 17:28:57 - [TEST_STEP][PASSED] - takeScreenshot("C:\Users\LENOVO\Screenshot\Third Party Fav\Enter ref.png", STOP_ON_FAILURE): Screenshot is taken

2020-08-04 17:28:58 - [MESSAGE][PASSED] - Screenshot is taken
[[ATTACHMENT|C:\\Users\\LENOVO\\Screenshot\\Third Party Fav\\Enter ref.png]]

2020-08-04 17:28:58 - [TEST_STEP][PASSED] - driver.pressKeyCode(ENTER): null

2020-08-04 17:28:58 - [TEST_STEP][PASSED] - delay(5, CONTINUE_ON_FAILURE): Delayed 5 second(s)

2020-08-04 17:29:03 - [MESSAGE][PASSED] - Delayed 5 second(s)

2020-08-04 17:29:03 - [TEST_STEP][PASSED] - getText(findTestObject("Maya/duitnow/android.widget.TextView0 - RM 2.00 (1)"), 0): Text of element 'Object Repository/Maya/duitnow/android.widget.TextView0 - RM 2.00 (1)' is: 'RM 2.00'

2020-08-04 17:29:03 - [MESSAGE][WARNING] - Timeout '0' is invalid. Using default page load timeout: '10'

2020-08-04 17:29:04 - [MESSAGE][PASSED] - Text of element 'Object Repository/Maya/duitnow/android.widget.TextView0 - RM 2.00 (1)' is: 'RM 2.00'

2020-08-04 17:29:04 - [TEST_STEP][PASSED] - verifyElementExist(findTestObject("Maya/NRIC Passport/android.widget.TextView0 - B66732113BRA"), 0): Element 'Object Repository/Maya/NRIC Passport/android.widget.TextView0 - B66732113BRA' is exist

2020-08-04 17:29:04 - [MESSAGE][WARNING] - Timeout '0' is invalid. Using default page load timeout: '10'

2020-08-04 17:29:04 - [MESSAGE][PASSED] - Element 'Object Repository/Maya/NRIC Passport/android.widget.TextView0 - B66732113BRA' is exist

2020-08-04 17:29:04 - [TEST_STEP][PASSED] - tap(findTestObject("Maya/duitnow/android.widget.TextView0 - Today (1)"), 0): Tapped on element 'Object Repository/Maya/duitnow/android.widget.TextView0 - Today (1)'

2020-08-04 17:29:04 - [MESSAGE][WARNING] - Timeout '0' is invalid. Using default page load timeout: '10'

2020-08-04 17:29:05 - [MESSAGE][PASSED] - Tapped on element 'Object Repository/Maya/duitnow/android.widget.TextView0 - Today (1)'

2020-08-04 17:29:05 - [TEST_STEP][PASSED] - tap(findTestObject("Maya/duitnow/android.view.ViewGroup0 (1)"), 0): Tapped on element 'Object Repository/Maya/duitnow/android.view.ViewGroup0 (1)'

2020-08-04 17:29:05 - [MESSAGE][WARNING] - Timeout '0' is invalid. Using default page load timeout: '10'

2020-08-04 17:29:13 - [MESSAGE][PASSED] - Tapped on element 'Object Repository/Maya/duitnow/android.view.ViewGroup0 (1)'

2020-08-04 17:29:13 - [TEST_STEP][PASSED] - tap(findTestObject("Maya/duitnow/android.widget.TextView0 - Done (1)"), 0): Tapped on element 'Object Repository/Maya/duitnow/android.widget.TextView0 - Done (1)'

2020-08-04 17:29:13 - [MESSAGE][WARNING] - Timeout '0' is invalid. Using default page load timeout: '10'

2020-08-04 17:29:14 - [MESSAGE][PASSED] - Tapped on element 'Object Repository/Maya/duitnow/android.widget.TextView0 - Done (1)'

2020-08-04 17:29:14 - [TEST_STEP][PASSED] - getText(findTestObject("Maya/duitnow/android.widget.TextView0 - Test"), 0): Text of element 'Object Repository/Maya/duitnow/android.widget.TextView0 - Test' is: 'Confirmation'

2020-08-04 17:29:14 - [MESSAGE][WARNING] - Timeout '0' is invalid. Using default page load timeout: '10'

2020-08-04 17:29:15 - [MESSAGE][PASSED] - Text of element 'Object Repository/Maya/duitnow/android.widget.TextView0 - Test' is: 'Confirmation'

2020-08-04 17:29:15 - [TEST_STEP][PASSED] - takeScreenshot("C:\Users\LENOVO\Screenshot\Third Party Fav\ConfDuitNow.png", STOP_ON_FAILURE): Screenshot is taken

2020-08-04 17:29:16 - [MESSAGE][PASSED] - Screenshot is taken
[[ATTACHMENT|C:\\Users\\LENOVO\\Screenshot\\Third Party Fav\\ConfDuitNow.png]]

2020-08-04 17:29:16 - [TEST_STEP][PASSED] - tap(findTestObject("Maya/duitnow/android.widget.TextView0 - Transfer Now (1)"), 0): Tapped on element 'Object Repository/Maya/duitnow/android.widget.TextView0 - Transfer Now (1)'

2020-08-04 17:29:16 - [MESSAGE][WARNING] - Timeout '0' is invalid. Using default page load timeout: '10'

2020-08-04 17:29:18 - [MESSAGE][PASSED] - Tapped on element 'Object Repository/Maya/duitnow/android.widget.TextView0 - Transfer Now (1)'

2020-08-04 17:29:18 - [TEST_STEP][PASSED] - if (verifyElementExist(findTestObject("Maya/spy/android.widget.TextView0 - Your TAC no. is 822872v3"), 3)): null

2020-08-04 17:29:22 - [MESSAGE][PASSED] - Element 'Object Repository/Maya/spy/android.widget.TextView0 - Your TAC no. is 822872v3' is exist

2020-08-04 17:29:22 - [TEST_STEP][PASSED] - otpM = getText(findTestObject("Maya/spy/android.widget.TextView0 - Your TAC no. is 822872v3"), 0): Text of element 'Object Repository/Maya/spy/android.widget.TextView0 - Your TAC no. is 822872v3' is: 'Your TAC no. is 226219'

2020-08-04 17:29:22 - [MESSAGE][WARNING] - Timeout '0' is invalid. Using default page load timeout: '10'

2020-08-04 17:29:23 - [MESSAGE][PASSED] - Text of element 'Object Repository/Maya/spy/android.widget.TextView0 - Your TAC no. is 822872v3' is: 'Your TAC no. is 226219'

2020-08-04 17:29:23 - [TEST_STEP][PASSED] - delay(2): Delayed 2 second(s)

2020-08-04 17:29:25 - [MESSAGE][PASSED] - Delayed 2 second(s)

2020-08-04 17:29:25 - [TEST_STEP][PASSED] - for ([i = 16, i <= 21, (i++)]): Tapped on element 'Object Repository/Maya/login again/Spy- 9'

2020-08-04 17:29:25 - [TEST_STEP][PASSED] - delay(3, STOP_ON_FAILURE): Delayed 3 second(s)

2020-08-04 17:29:28 - [MESSAGE][PASSED] - Delayed 3 second(s)

2020-08-04 17:29:28 - [TEST_STEP][PASSED] - if (otpM[i] == "0"): null

2020-08-04 17:29:28 - [TEST_STEP][PASSED] - if (otpM[i] == "1"): null

2020-08-04 17:29:28 - [TEST_STEP][PASSED] - if (otpM[i] == "2"): Tapped on element 'Object Repository/Maya/login again/Spy- 2'

2020-08-04 17:29:28 - [TEST_STEP][PASSED] - delay(1, STOP_ON_FAILURE): Delayed 1 second(s)

2020-08-04 17:29:29 - [MESSAGE][PASSED] - Delayed 1 second(s)

2020-08-04 17:29:29 - [TEST_STEP][PASSED] - tap(findTestObject("Maya/login again/Spy- 2"), 0): Tapped on element 'Object Repository/Maya/login again/Spy- 2'

2020-08-04 17:29:29 - [MESSAGE][WARNING] - Timeout '0' is invalid. Using default page load timeout: '10'

2020-08-04 17:29:30 - [MESSAGE][PASSED] - Tapped on element 'Object Repository/Maya/login again/Spy- 2'

2020-08-04 17:29:30 - [TEST_STEP][PASSED] - if (otpM[i] == "3"): null

2020-08-04 17:29:30 - [TEST_STEP][PASSED] - if (otpM[i] == "4"): null

2020-08-04 17:29:30 - [TEST_STEP][PASSED] - if (otpM[i] == "5"): null

2020-08-04 17:29:30 - [TEST_STEP][PASSED] - if (otpM[i] == "6"): null

2020-08-04 17:29:30 - [TEST_STEP][PASSED] - if (otpM[i] == "7"): null

2020-08-04 17:29:30 - [TEST_STEP][PASSED] - if (otpM[i] == "8"): null

2020-08-04 17:29:30 - [TEST_STEP][PASSED] - if (otpM[i] == "9"): null

2020-08-04 17:29:30 - [TEST_STEP][PASSED] - delay(3, STOP_ON_FAILURE): Delayed 3 second(s)

2020-08-04 17:29:33 - [MESSAGE][PASSED] - Delayed 3 second(s)

2020-08-04 17:29:33 - [TEST_STEP][PASSED] - if (otpM[i] == "0"): null

2020-08-04 17:29:33 - [TEST_STEP][PASSED] - if (otpM[i] == "1"): null

2020-08-04 17:29:33 - [TEST_STEP][PASSED] - if (otpM[i] == "2"): Tapped on element 'Object Repository/Maya/login again/Spy- 2'

2020-08-04 17:29:33 - [TEST_STEP][PASSED] - delay(1, STOP_ON_FAILURE): Delayed 1 second(s)

2020-08-04 17:29:34 - [MESSAGE][PASSED] - Delayed 1 second(s)

2020-08-04 17:29:34 - [TEST_STEP][PASSED] - tap(findTestObject("Maya/login again/Spy- 2"), 0): Tapped on element 'Object Repository/Maya/login again/Spy- 2'

2020-08-04 17:29:34 - [MESSAGE][WARNING] - Timeout '0' is invalid. Using default page load timeout: '10'

2020-08-04 17:29:36 - [MESSAGE][PASSED] - Tapped on element 'Object Repository/Maya/login again/Spy- 2'

2020-08-04 17:29:36 - [TEST_STEP][PASSED] - if (otpM[i] == "3"): null

2020-08-04 17:29:36 - [TEST_STEP][PASSED] - if (otpM[i] == "4"): null

2020-08-04 17:29:36 - [TEST_STEP][PASSED] - if (otpM[i] == "5"): null

2020-08-04 17:29:36 - [TEST_STEP][PASSED] - if (otpM[i] == "6"): null

2020-08-04 17:29:36 - [TEST_STEP][PASSED] - if (otpM[i] == "7"): null

2020-08-04 17:29:36 - [TEST_STEP][PASSED] - if (otpM[i] == "8"): null

2020-08-04 17:29:36 - [TEST_STEP][PASSED] - if (otpM[i] == "9"): null

2020-08-04 17:29:36 - [TEST_STEP][PASSED] - delay(3, STOP_ON_FAILURE): Delayed 3 second(s)

2020-08-04 17:29:39 - [MESSAGE][PASSED] - Delayed 3 second(s)

2020-08-04 17:29:39 - [TEST_STEP][PASSED] - if (otpM[i] == "0"): null

2020-08-04 17:29:39 - [TEST_STEP][PASSED] - if (otpM[i] == "1"): null

2020-08-04 17:29:39 - [TEST_STEP][PASSED] - if (otpM[i] == "2"): null

2020-08-04 17:29:39 - [TEST_STEP][PASSED] - if (otpM[i] == "3"): null

2020-08-04 17:29:39 - [TEST_STEP][PASSED] - if (otpM[i] == "4"): null

2020-08-04 17:29:39 - [TEST_STEP][PASSED] - if (otpM[i] == "5"): null

2020-08-04 17:29:39 - [TEST_STEP][PASSED] - if (otpM[i] == "6"): Tapped on element 'Object Repository/Maya/login again/Spy- 6'

2020-08-04 17:29:39 - [TEST_STEP][PASSED] - delay(1, STOP_ON_FAILURE): Delayed 1 second(s)

2020-08-04 17:29:40 - [MESSAGE][PASSED] - Delayed 1 second(s)

2020-08-04 17:29:40 - [TEST_STEP][PASSED] - tap(findTestObject("Maya/login again/Spy- 6"), 0): Tapped on element 'Object Repository/Maya/login again/Spy- 6'

2020-08-04 17:29:40 - [MESSAGE][WARNING] - Timeout '0' is invalid. Using default page load timeout: '10'

2020-08-04 17:29:41 - [MESSAGE][PASSED] - Tapped on element 'Object Repository/Maya/login again/Spy- 6'

2020-08-04 17:29:41 - [TEST_STEP][PASSED] - if (otpM[i] == "7"): null

2020-08-04 17:29:41 - [TEST_STEP][PASSED] - if (otpM[i] == "8"): null

2020-08-04 17:29:41 - [TEST_STEP][PASSED] - if (otpM[i] == "9"): null

2020-08-04 17:29:41 - [TEST_STEP][PASSED] - delay(3, STOP_ON_FAILURE): Delayed 3 second(s)

2020-08-04 17:29:44 - [MESSAGE][PASSED] - Delayed 3 second(s)

2020-08-04 17:29:44 - [TEST_STEP][PASSED] - if (otpM[i] == "0"): null

2020-08-04 17:29:44 - [TEST_STEP][PASSED] - if (otpM[i] == "1"): null

2020-08-04 17:29:44 - [TEST_STEP][PASSED] - if (otpM[i] == "2"): Tapped on element 'Object Repository/Maya/login again/Spy- 2'

2020-08-04 17:29:44 - [TEST_STEP][PASSED] - delay(1, STOP_ON_FAILURE): Delayed 1 second(s)

2020-08-04 17:29:45 - [MESSAGE][PASSED] - Delayed 1 second(s)

2020-08-04 17:29:45 - [TEST_STEP][PASSED] - tap(findTestObject("Maya/login again/Spy- 2"), 0): Tapped on element 'Object Repository/Maya/login again/Spy- 2'

2020-08-04 17:29:45 - [MESSAGE][WARNING] - Timeout '0' is invalid. Using default page load timeout: '10'

2020-08-04 17:29:46 - [MESSAGE][PASSED] - Tapped on element 'Object Repository/Maya/login again/Spy- 2'

2020-08-04 17:29:46 - [TEST_STEP][PASSED] - if (otpM[i] == "3"): null

2020-08-04 17:29:46 - [TEST_STEP][PASSED] - if (otpM[i] == "4"): null

2020-08-04 17:29:46 - [TEST_STEP][PASSED] - if (otpM[i] == "5"): null

2020-08-04 17:29:46 - [TEST_STEP][PASSED] - if (otpM[i] == "6"): null

2020-08-04 17:29:46 - [TEST_STEP][PASSED] - if (otpM[i] == "7"): null

2020-08-04 17:29:46 - [TEST_STEP][PASSED] - if (otpM[i] == "8"): null

2020-08-04 17:29:46 - [TEST_STEP][PASSED] - if (otpM[i] == "9"): null

2020-08-04 17:29:46 - [TEST_STEP][PASSED] - delay(3, STOP_ON_FAILURE): Delayed 3 second(s)

2020-08-04 17:29:49 - [MESSAGE][PASSED] - Delayed 3 second(s)

2020-08-04 17:29:49 - [TEST_STEP][PASSED] - if (otpM[i] == "0"): null

2020-08-04 17:29:49 - [TEST_STEP][PASSED] - if (otpM[i] == "1"): Tapped on element 'Object Repository/Maya/login again/Spy - 1'

2020-08-04 17:29:49 - [TEST_STEP][PASSED] - delay(1, STOP_ON_FAILURE): Delayed 1 second(s)

2020-08-04 17:29:50 - [MESSAGE][PASSED] - Delayed 1 second(s)

2020-08-04 17:29:50 - [TEST_STEP][PASSED] - tap(findTestObject("Maya/login again/Spy - 1"), 0): Tapped on element 'Object Repository/Maya/login again/Spy - 1'

2020-08-04 17:29:50 - [MESSAGE][WARNING] - Timeout '0' is invalid. Using default page load timeout: '10'

2020-08-04 17:29:52 - [MESSAGE][PASSED] - Tapped on element 'Object Repository/Maya/login again/Spy - 1'

2020-08-04 17:29:52 - [TEST_STEP][PASSED] - if (otpM[i] == "2"): null

2020-08-04 17:29:52 - [TEST_STEP][PASSED] - if (otpM[i] == "3"): null

2020-08-04 17:29:52 - [TEST_STEP][PASSED] - if (otpM[i] == "4"): null

2020-08-04 17:29:52 - [TEST_STEP][PASSED] - if (otpM[i] == "5"): null

2020-08-04 17:29:52 - [TEST_STEP][PASSED] - if (otpM[i] == "6"): null

2020-08-04 17:29:52 - [TEST_STEP][PASSED] - if (otpM[i] == "7"): null

2020-08-04 17:29:52 - [TEST_STEP][PASSED] - if (otpM[i] == "8"): null

2020-08-04 17:29:52 - [TEST_STEP][PASSED] - if (otpM[i] == "9"): null

2020-08-04 17:29:52 - [TEST_STEP][PASSED] - delay(3, STOP_ON_FAILURE): Delayed 3 second(s)

2020-08-04 17:29:55 - [MESSAGE][PASSED] - Delayed 3 second(s)

2020-08-04 17:29:55 - [TEST_STEP][PASSED] - if (otpM[i] == "0"): null

2020-08-04 17:29:55 - [TEST_STEP][PASSED] - if (otpM[i] == "1"): null

2020-08-04 17:29:55 - [TEST_STEP][PASSED] - if (otpM[i] == "2"): null

2020-08-04 17:29:55 - [TEST_STEP][PASSED] - if (otpM[i] == "3"): null

2020-08-04 17:29:55 - [TEST_STEP][PASSED] - if (otpM[i] == "4"): null

2020-08-04 17:29:55 - [TEST_STEP][PASSED] - if (otpM[i] == "5"): null

2020-08-04 17:29:55 - [TEST_STEP][PASSED] - if (otpM[i] == "6"): null

2020-08-04 17:29:55 - [TEST_STEP][PASSED] - if (otpM[i] == "7"): null

2020-08-04 17:29:55 - [TEST_STEP][PASSED] - if (otpM[i] == "8"): null

2020-08-04 17:29:55 - [TEST_STEP][PASSED] - if (otpM[i] == "9"): Tapped on element 'Object Repository/Maya/login again/Spy- 9'

2020-08-04 17:29:55 - [TEST_STEP][PASSED] - delay(1, STOP_ON_FAILURE): Delayed 1 second(s)

2020-08-04 17:29:56 - [MESSAGE][PASSED] - Delayed 1 second(s)

2020-08-04 17:29:56 - [TEST_STEP][PASSED] - tap(findTestObject("Maya/login again/Spy- 9"), 0): Tapped on element 'Object Repository/Maya/login again/Spy- 9'

2020-08-04 17:29:56 - [MESSAGE][WARNING] - Timeout '0' is invalid. Using default page load timeout: '10'

2020-08-04 17:29:57 - [MESSAGE][PASSED] - Tapped on element 'Object Repository/Maya/login again/Spy- 9'

2020-08-04 17:29:57 - [TEST_STEP][PASSED] - delay(8, STOP_ON_FAILURE): Delayed 8 second(s)

2020-08-04 17:30:05 - [MESSAGE][PASSED] - Delayed 8 second(s)

2020-08-04 17:30:05 - [TEST_STEP][PASSED] - tapAtPosition(826, 2048): Tapped at [826, 2,048]

2020-08-04 17:30:05 - [MESSAGE][PASSED] - Tapped at [826, 2,048]

2020-08-04 17:30:05 - [TEST_STEP][FAILED] - if (verifyElementExist(findTestObject("Maya/KLIA/android.widget.TextView0 - Approve"), 0)): Element 'Object Repository/Maya/KLIA/android.widget.TextView0 - Approve' not found

2020-08-04 17:30:05 - [MESSAGE][WARNING] - Timeout '0' is invalid. Using default page load timeout: '10'

2020-08-04 17:30:16 - [MESSAGE][FAILED] - Element 'Object Repository/Maya/KLIA/android.widget.TextView0 - Approve' not found
[[ATTACHMENT|C:\\Users\\LENOVO\\Git_new\\Maya\\Reports\\20200804_172511\\Maya UAT\\UAT Test Suite\\20200804_172511\\1596533415488.png]]

2020-08-04 17:30:16 - [TEST_STEP][PASSED] - delay(8, STOP_ON_FAILURE): Delayed 8 second(s)

2020-08-04 17:30:24 - [MESSAGE][PASSED] - Delayed 8 second(s)

2020-08-04 17:30:24 - [TEST_STEP][PASSED] - takeScreenshot("C:\Users\LENOVO\Screenshot\Third Party Fav\TransferSuccess.png", STOP_ON_FAILURE): Screenshot is taken

2020-08-04 17:30:25 - [MESSAGE][PASSED] - Screenshot is taken
[[ATTACHMENT|C:\\Users\\LENOVO\\Screenshot\\Third Party Fav\\TransferSuccess.png]]

2020-08-04 17:30:25 - [TEST_STEP][PASSED] - verifyElementText(findTestObject("Maya/duitNow Fav TAC/android.widget.TextView0 - Transfer successful"), "Transfer successful"): Actual text and expected text of test object 'Object Repository/Maya/duitNow Fav TAC/android.widget.TextView0 - Transfer successful' are matched.

2020-08-04 17:30:25 - [MESSAGE][PASSED] - Actual text and expected text of test object 'Object Repository/Maya/duitNow Fav TAC/android.widget.TextView0 - Transfer successful' are matched.

2020-08-04 17:30:25 - [TEST_STEP][PASSED] - getText(findTestObject("Maya/RegisterDuitNow/android.widget.TextView0 - Reference ID"), 0): Text of element 'Object Repository/Maya/RegisterDuitNow/android.widget.TextView0 - Reference ID' is: 'Reference ID'

2020-08-04 17:30:25 - [MESSAGE][WARNING] - Timeout '0' is invalid. Using default page load timeout: '10'

2020-08-04 17:30:26 - [MESSAGE][PASSED] - Text of element 'Object Repository/Maya/RegisterDuitNow/android.widget.TextView0 - Reference ID' is: 'Reference ID'

2020-08-04 17:30:26 - [TEST_STEP][PASSED] - verifyElementExist(findTestObject("Maya/RegisterDuitNow/android.widget.TextView0 - Reference ID"), 0): Element 'Object Repository/Maya/RegisterDuitNow/android.widget.TextView0 - Reference ID' is exist

2020-08-04 17:30:26 - [MESSAGE][WARNING] - Timeout '0' is invalid. Using default page load timeout: '10'

2020-08-04 17:30:26 - [MESSAGE][PASSED] - Element 'Object Repository/Maya/RegisterDuitNow/android.widget.TextView0 - Reference ID' is exist

2020-08-04 17:30:26 - [TEST_STEP][PASSED] - delay(2, CONTINUE_ON_FAILURE): Delayed 2 second(s)

2020-08-04 17:30:28 - [MESSAGE][PASSED] - Delayed 2 second(s)

2020-08-04 17:30:28 - [TEST_STEP][PASSED] - takeScreenshot("C:\Users\LENOVO\Screenshot\Third Party\Screenshot17", STOP_ON_FAILURE): Screenshot is taken

2020-08-04 17:30:29 - [MESSAGE][PASSED] - Screenshot is taken
[[ATTACHMENT|C:\\Users\\LENOVO\\Screenshot\\Third Party\\Screenshot17]]

2020-08-04 17:30:29 - [TEST_STEP][PASSED] - getText(findTestObject("Maya/RegisterDuitNow/android.widget.TextView0 - Date  time"), 0): Text of element 'Object Repository/Maya/RegisterDuitNow/android.widget.TextView0 - Date  time' is: 'Date & time'

2020-08-04 17:30:29 - [MESSAGE][WARNING] - Timeout '0' is invalid. Using default page load timeout: '10'

2020-08-04 17:30:29 - [MESSAGE][PASSED] - Text of element 'Object Repository/Maya/RegisterDuitNow/android.widget.TextView0 - Date  time' is: 'Date & time'

2020-08-04 17:30:29 - [TEST_STEP][PASSED] - verifyElementExist(findTestObject("Maya/RegisterDuitNow/android.widget.TextView0 - Date  time"), 0): Element 'Object Repository/Maya/RegisterDuitNow/android.widget.TextView0 - Date  time' is exist

2020-08-04 17:30:29 - [MESSAGE][WARNING] - Timeout '0' is invalid. Using default page load timeout: '10'

2020-08-04 17:30:30 - [MESSAGE][PASSED] - Element 'Object Repository/Maya/RegisterDuitNow/android.widget.TextView0 - Date  time' is exist

2020-08-04 17:30:30 - [TEST_STEP][PASSED] - getText(findTestObject("Maya/RegisterDuitNow/android.widget.TextView0 - MC11111117180038208M"), 0): Text of element 'Object Repository/Maya/RegisterDuitNow/android.widget.TextView0 - MC11111117180038208M' is: '17180690172M'

2020-08-04 17:30:30 - [MESSAGE][WARNING] - Timeout '0' is invalid. Using default page load timeout: '10'

2020-08-04 17:30:30 - [MESSAGE][PASSED] - Text of element 'Object Repository/Maya/RegisterDuitNow/android.widget.TextView0 - MC11111117180038208M' is: '17180690172M'

2020-08-04 17:30:30 - [TEST_STEP][PASSED] - verifyElementExist(findTestObject("Maya/RegisterDuitNow/android.widget.TextView0 - MC11111117180038208M"), 0): Element 'Object Repository/Maya/RegisterDuitNow/android.widget.TextView0 - MC11111117180038208M' is exist

2020-08-04 17:30:30 - [MESSAGE][WARNING] - Timeout '0' is invalid. Using default page load timeout: '10'

2020-08-04 17:30:30 - [MESSAGE][PASSED] - Element 'Object Repository/Maya/RegisterDuitNow/android.widget.TextView0 - MC11111117180038208M' is exist

2020-08-04 17:30:30 - [TEST_STEP][PASSED] - getText(findTestObject("Maya/RegisterDuitNow/android.widget.TextView0 - 11 Jul 2020 0441 PM"), 0): Text of element 'Object Repository/Maya/RegisterDuitNow/android.widget.TextView0 - 11 Jul 2020 0441 PM' is: '04 Aug 2020, 5:30 PM'

2020-08-04 17:30:30 - [MESSAGE][WARNING] - Timeout '0' is invalid. Using default page load timeout: '10'

2020-08-04 17:30:31 - [MESSAGE][PASSED] - Text of element 'Object Repository/Maya/RegisterDuitNow/android.widget.TextView0 - 11 Jul 2020 0441 PM' is: '04 Aug 2020, 5:30 PM'

2020-08-04 17:30:31 - [TEST_STEP][PASSED] - verifyElementExist(findTestObject("Maya/RegisterDuitNow/android.widget.TextView0 - 11 Jul 2020 0441 PM"), 0): Element 'Object Repository/Maya/RegisterDuitNow/android.widget.TextView0 - 11 Jul 2020 0441 PM' is exist

2020-08-04 17:30:31 - [MESSAGE][WARNING] - Timeout '0' is invalid. Using default page load timeout: '10'

2020-08-04 17:30:31 - [MESSAGE][PASSED] - Element 'Object Repository/Maya/RegisterDuitNow/android.widget.TextView0 - 11 Jul 2020 0441 PM' is exist

2020-08-04 17:30:31 - [TEST_STEP][PASSED] - tap(findTestObject("Maya/RegisterDuitNow/android.widget.TextView0 - Share Receipt"), 0): Tapped on element 'Object Repository/Maya/RegisterDuitNow/android.widget.TextView0 - Share Receipt'

2020-08-04 17:30:31 - [MESSAGE][WARNING] - Timeout '0' is invalid. Using default page load timeout: '10'

2020-08-04 17:30:32 - [MESSAGE][PASSED] - Tapped on element 'Object Repository/Maya/RegisterDuitNow/android.widget.TextView0 - Share Receipt'

2020-08-04 17:30:32 - [TEST_STEP][PASSED] - tap(findTestObject("Maya/RegisterDuitNow/android.widget.ImageView0 (4)"), 0): Tapped on element 'Object Repository/Maya/RegisterDuitNow/android.widget.ImageView0 (4)'

2020-08-04 17:30:32 - [MESSAGE][WARNING] - Timeout '0' is invalid. Using default page load timeout: '10'

2020-08-04 17:30:34 - [MESSAGE][PASSED] - Tapped on element 'Object Repository/Maya/RegisterDuitNow/android.widget.ImageView0 (4)'

2020-08-04 17:30:34 - [TEST_STEP][PASSED] - delay(2, CONTINUE_ON_FAILURE): Delayed 2 second(s)

2020-08-04 17:30:36 - [MESSAGE][PASSED] - Delayed 2 second(s)

2020-08-04 17:30:36 - [TEST_STEP][PASSED] - takeScreenshot("C:\Users\LENOVO\Screenshot\Third Party\Screenshot16", STOP_ON_FAILURE): Screenshot is taken

2020-08-04 17:30:37 - [MESSAGE][PASSED] - Screenshot is taken
[[ATTACHMENT|C:\\Users\\LENOVO\\Screenshot\\Third Party\\Screenshot16]]

2020-08-04 17:30:37 - [TEST_STEP][PASSED] - tap(findTestObject("Maya/RegisterDuitNow/android.widget.TextView0 - Share Receipt"), 0): Tapped on element 'Object Repository/Maya/RegisterDuitNow/android.widget.TextView0 - Share Receipt'

2020-08-04 17:30:37 - [MESSAGE][WARNING] - Timeout '0' is invalid. Using default page load timeout: '10'

2020-08-04 17:30:40 - [MESSAGE][PASSED] - Tapped on element 'Object Repository/Maya/RegisterDuitNow/android.widget.TextView0 - Share Receipt'

2020-08-04 17:30:40 - [TEST_STEP][PASSED] - getText(findTestObject("Maya/NRIC Passport/android.widget.TextView0 - Share Receipt"), 0): Text of element 'Object Repository/Maya/NRIC Passport/android.widget.TextView0 - Share Receipt' is: 'Share Receipt'

2020-08-04 17:30:40 - [MESSAGE][WARNING] - Timeout '0' is invalid. Using default page load timeout: '10'

2020-08-04 17:30:40 - [MESSAGE][PASSED] - Text of element 'Object Repository/Maya/NRIC Passport/android.widget.TextView0 - Share Receipt' is: 'Share Receipt'

2020-08-04 17:30:40 - [TEST_STEP][PASSED] - getText(findTestObject("Maya/NRIC Passport/android.view.View0 - DuitNow"), 0): Text of element 'Object Repository/Maya/NRIC Passport/android.view.View0 - DuitNow' is: 'DuitNow'

2020-08-04 17:30:40 - [MESSAGE][WARNING] - Timeout '0' is invalid. Using default page load timeout: '10'

2020-08-04 17:30:40 - [MESSAGE][PASSED] - Text of element 'Object Repository/Maya/NRIC Passport/android.view.View0 - DuitNow' is: 'DuitNow'

2020-08-04 17:30:40 - [TEST_STEP][PASSED] - getText(findTestObject("Maya/NRIC Passport/android.view.View0 - Successful"), 0): Text of element 'Object Repository/Maya/NRIC Passport/android.view.View0 - Successful' is: 'Successful'

2020-08-04 17:30:40 - [MESSAGE][WARNING] - Timeout '0' is invalid. Using default page load timeout: '10'

2020-08-04 17:30:41 - [MESSAGE][PASSED] - Text of element 'Object Repository/Maya/NRIC Passport/android.view.View0 - Successful' is: 'Successful'

2020-08-04 17:30:41 - [TEST_STEP][PASSED] - getText(findTestObject("Maya/NRIC Passport/android.view.View0 - Beneficiary name"), 0): Text of element 'Object Repository/Maya/NRIC Passport/android.view.View0 - Beneficiary name' is: 'Beneficiary name'

2020-08-04 17:30:41 - [MESSAGE][WARNING] - Timeout '0' is invalid. Using default page load timeout: '10'

2020-08-04 17:30:41 - [MESSAGE][PASSED] - Text of element 'Object Repository/Maya/NRIC Passport/android.view.View0 - Beneficiary name' is: 'Beneficiary name'

2020-08-04 17:30:41 - [TEST_STEP][PASSED] - getText(findTestObject("Maya/NRIC Passport/android.view.View0 - DEADPOOL"), 0): Text of element 'Object Repository/Maya/NRIC Passport/android.view.View0 - DEADPOOL' is: 'DEADPOOL'

2020-08-04 17:30:41 - [MESSAGE][WARNING] - Timeout '0' is invalid. Using default page load timeout: '10'

2020-08-04 17:30:42 - [MESSAGE][PASSED] - Text of element 'Object Repository/Maya/NRIC Passport/android.view.View0 - DEADPOOL' is: 'DEADPOOL'

2020-08-04 17:30:42 - [TEST_STEP][PASSED] - getText(findTestObject("Maya/NRIC Passport/android.view.View0 - DuitNow ID type"), 0): Text of element 'Object Repository/Maya/NRIC Passport/android.view.View0 - DuitNow ID type' is: 'DuitNow ID type'

2020-08-04 17:30:43 - [MESSAGE][WARNING] - Timeout '0' is invalid. Using default page load timeout: '10'

2020-08-04 17:30:45 - [MESSAGE][PASSED] - Text of element 'Object Repository/Maya/NRIC Passport/android.view.View0 - DuitNow ID type' is: 'DuitNow ID type'

2020-08-04 17:30:45 - [TEST_STEP][PASSED] - getText(findTestObject("Maya/NRIC Passport/android.view.View0 - Passport Number"), 0): Text of element 'Object Repository/Maya/NRIC Passport/android.view.View0 - Passport Number' is: 'Passport Number'

2020-08-04 17:30:45 - [MESSAGE][WARNING] - Timeout '0' is invalid. Using default page load timeout: '10'

2020-08-04 17:30:45 - [MESSAGE][PASSED] - Text of element 'Object Repository/Maya/NRIC Passport/android.view.View0 - Passport Number' is: 'Passport Number'

2020-08-04 17:30:45 - [TEST_STEP][PASSED] - swipe(831, 1382, 800, 100): Swiped from 831,1,382 to 800,100

2020-08-04 17:30:46 - [MESSAGE][PASSED] - Swiped from 831,1,382 to 800,100

2020-08-04 17:30:46 - [TEST_STEP][PASSED] - delay(5, STOP_ON_FAILURE): Delayed 5 second(s)

2020-08-04 17:30:51 - [MESSAGE][PASSED] - Delayed 5 second(s)

2020-08-04 17:30:51 - [TEST_STEP][PASSED] - getText(findTestObject("Maya/drop4 CR/android.view.View0 - RM 2.00"), 0): Text of element 'Object Repository/Maya/drop4 CR/android.view.View0 - RM 2.00' is: 'RM 2.00'

2020-08-04 17:30:51 - [MESSAGE][WARNING] - Timeout '0' is invalid. Using default page load timeout: '10'

2020-08-04 17:30:52 - [MESSAGE][PASSED] - Text of element 'Object Repository/Maya/drop4 CR/android.view.View0 - RM 2.00' is: 'RM 2.00'

2020-08-04 17:30:52 - [TEST_STEP][PASSED] - verifyElementExist(findTestObject("Maya/drop4 CR/android.view.View0 - RM 2.00"), 0): Element 'Object Repository/Maya/drop4 CR/android.view.View0 - RM 2.00' is exist

2020-08-04 17:30:52 - [MESSAGE][WARNING] - Timeout '0' is invalid. Using default page load timeout: '10'

2020-08-04 17:30:52 - [MESSAGE][PASSED] - Element 'Object Repository/Maya/drop4 CR/android.view.View0 - RM 2.00' is exist

2020-08-04 17:30:52 - [TEST_STEP][PASSED] - getText(findTestObject("Maya/New_Transfer/android.view.View0 - Beneficiary name"), 0): Text of element 'Object Repository/Maya/New_Transfer/android.view.View0 - Beneficiary name' is: 'Beneficiary name'

2020-08-04 17:30:52 - [MESSAGE][WARNING] - Timeout '0' is invalid. Using default page load timeout: '10'

2020-08-04 17:30:52 - [MESSAGE][PASSED] - Text of element 'Object Repository/Maya/New_Transfer/android.view.View0 - Beneficiary name' is: 'Beneficiary name'

2020-08-04 17:30:52 - [TEST_STEP][PASSED] - verifyElementExist(findTestObject("Maya/New_Transfer/android.view.View0 - Beneficiary name"), 0): Element 'Object Repository/Maya/New_Transfer/android.view.View0 - Beneficiary name' is exist

2020-08-04 17:30:53 - [MESSAGE][WARNING] - Timeout '0' is invalid. Using default page load timeout: '10'

2020-08-04 17:30:53 - [MESSAGE][PASSED] - Element 'Object Repository/Maya/New_Transfer/android.view.View0 - Beneficiary name' is exist

2020-08-04 17:30:53 - [TEST_STEP][PASSED] - getText(findTestObject("Maya/Third Party CA account/android.widget.TextView0 - Note This receipt is computer generated and no signature is required."), 0): Text of element 'Object Repository/Maya/Third Party CA account/android.widget.TextView0 - Note This receipt is computer generated and no signature is required.' is: 'Note: This receipt is computer generated and no signature is required.'

2020-08-04 17:30:53 - [MESSAGE][WARNING] - Timeout '0' is invalid. Using default page load timeout: '10'

2020-08-04 17:30:53 - [MESSAGE][PASSED] - Text of element 'Object Repository/Maya/Third Party CA account/android.widget.TextView0 - Note This receipt is computer generated and no signature is required.' is: 'Note: This receipt is computer generated and no signature is required.'

2020-08-04 17:30:53 - [TEST_STEP][PASSED] - getText(findTestObject("Maya/Third Party CA account/android.widget.TextView0 - Malayan Banking Berhad (Co. Reg.  196001000142)"), 0): Text of element 'Object Repository/Maya/Third Party CA account/android.widget.TextView0 - Malayan Banking Berhad (Co. Reg.  196001000142)' is: 'Malayan Banking Berhad (Co. Reg. : 196001000142)'

2020-08-04 17:30:53 - [MESSAGE][WARNING] - Timeout '0' is invalid. Using default page load timeout: '10'

2020-08-04 17:30:54 - [MESSAGE][PASSED] - Text of element 'Object Repository/Maya/Third Party CA account/android.widget.TextView0 - Malayan Banking Berhad (Co. Reg.  196001000142)' is: 'Malayan Banking Berhad (Co. Reg. : 196001000142)'

2020-08-04 17:30:54 - [TEST_STEP][PASSED] - getText(findTestObject("Maya/Third Party CA account/android.widget.TextView0 - Maybank Islamic Berhad (Co. Reg.  200701029411)"), 0): Text of element 'Object Repository/Maya/Third Party CA account/android.widget.TextView0 - Maybank Islamic Berhad (Co. Reg.  200701029411)' is: 'Maybank Islamic Berhad (Co. Reg. : 200701029411)'

2020-08-04 17:30:54 - [MESSAGE][WARNING] - Timeout '0' is invalid. Using default page load timeout: '10'

2020-08-04 17:30:55 - [MESSAGE][PASSED] - Text of element 'Object Repository/Maya/Third Party CA account/android.widget.TextView0 - Maybank Islamic Berhad (Co. Reg.  200701029411)' is: 'Maybank Islamic Berhad (Co. Reg. : 200701029411)'

2020-08-04 17:30:55 - [TEST_STEP][PASSED] - tap(findTestObject("Maya/RegisterDuitNow/android.widget.ImageView0 (4)"), 0): Tapped on element 'Object Repository/Maya/RegisterDuitNow/android.widget.ImageView0 (4)'

2020-08-04 17:30:55 - [MESSAGE][WARNING] - Timeout '0' is invalid. Using default page load timeout: '10'

2020-08-04 17:30:56 - [MESSAGE][PASSED] - Tapped on element 'Object Repository/Maya/RegisterDuitNow/android.widget.ImageView0 (4)'

2020-08-04 17:30:56 - [TEST_STEP][PASSED] - tap(findTestObject("Maya/RegisterDuitNow/android.widget.TextView0 - Add to Favourites"), 0): Tapped on element 'Object Repository/Maya/RegisterDuitNow/android.widget.TextView0 - Add to Favourites'

2020-08-04 17:30:56 - [MESSAGE][WARNING] - Timeout '0' is invalid. Using default page load timeout: '10'

2020-08-04 17:30:59 - [MESSAGE][PASSED] - Tapped on element 'Object Repository/Maya/RegisterDuitNow/android.widget.TextView0 - Add to Favourites'

2020-08-04 17:30:59 - [TEST_STEP][PASSED] - getText(findTestObject("Maya/RegisterDuitNow/android.widget.TextView0 - Registered name"), 0): Text of element 'Object Repository/Maya/RegisterDuitNow/android.widget.TextView0 - Registered name' is: 'Registered name'

2020-08-04 17:30:59 - [MESSAGE][WARNING] - Timeout '0' is invalid. Using default page load timeout: '10'

2020-08-04 17:31:00 - [MESSAGE][PASSED] - Text of element 'Object Repository/Maya/RegisterDuitNow/android.widget.TextView0 - Registered name' is: 'Registered name'

2020-08-04 17:31:00 - [TEST_STEP][PASSED] - verifyElementExist(findTestObject("Maya/RegisterDuitNow/android.widget.TextView0 - Registered name"), 0): Element 'Object Repository/Maya/RegisterDuitNow/android.widget.TextView0 - Registered name' is exist

2020-08-04 17:31:00 - [MESSAGE][WARNING] - Timeout '0' is invalid. Using default page load timeout: '10'

2020-08-04 17:31:01 - [MESSAGE][PASSED] - Element 'Object Repository/Maya/RegisterDuitNow/android.widget.TextView0 - Registered name' is exist

2020-08-04 17:31:01 - [TEST_STEP][PASSED] - getText(findTestObject("Maya/RegisterDuitNow/android.widget.TextView0 - Proxy type"), 0): Text of element 'Object Repository/Maya/RegisterDuitNow/android.widget.TextView0 - Proxy type' is: 'Proxy type'

2020-08-04 17:31:01 - [MESSAGE][WARNING] - Timeout '0' is invalid. Using default page load timeout: '10'

2020-08-04 17:31:01 - [MESSAGE][PASSED] - Text of element 'Object Repository/Maya/RegisterDuitNow/android.widget.TextView0 - Proxy type' is: 'Proxy type'

2020-08-04 17:31:01 - [TEST_STEP][PASSED] - verifyElementExist(findTestObject("Maya/RegisterDuitNow/android.widget.TextView0 - Proxy type"), 0): Element 'Object Repository/Maya/RegisterDuitNow/android.widget.TextView0 - Proxy type' is exist

2020-08-04 17:31:01 - [MESSAGE][WARNING] - Timeout '0' is invalid. Using default page load timeout: '10'

2020-08-04 17:31:01 - [MESSAGE][PASSED] - Element 'Object Repository/Maya/RegisterDuitNow/android.widget.TextView0 - Proxy type' is exist

2020-08-04 17:31:01 - [TEST_STEP][PASSED] - getText(findTestObject("Maya/RegisterDuitNow/android.widget.TextView0 - Proxy ID"), 0): Text of element 'Object Repository/Maya/RegisterDuitNow/android.widget.TextView0 - Proxy ID' is: 'Proxy ID'

2020-08-04 17:31:01 - [MESSAGE][WARNING] - Timeout '0' is invalid. Using default page load timeout: '10'

2020-08-04 17:31:02 - [MESSAGE][PASSED] - Text of element 'Object Repository/Maya/RegisterDuitNow/android.widget.TextView0 - Proxy ID' is: 'Proxy ID'

2020-08-04 17:31:02 - [TEST_STEP][PASSED] - verifyElementExist(findTestObject("Maya/RegisterDuitNow/android.widget.TextView0 - Proxy ID"), 0): Element 'Object Repository/Maya/RegisterDuitNow/android.widget.TextView0 - Proxy ID' is exist

2020-08-04 17:31:02 - [MESSAGE][WARNING] - Timeout '0' is invalid. Using default page load timeout: '10'

2020-08-04 17:31:02 - [MESSAGE][PASSED] - Element 'Object Repository/Maya/RegisterDuitNow/android.widget.TextView0 - Proxy ID' is exist

2020-08-04 17:31:02 - [TEST_STEP][PASSED] - tap(findTestObject("Maya/RegisterDuitNow/android.widget.TextView0 - Add to Favourites (1)"), 0): Tapped on element 'Object Repository/Maya/RegisterDuitNow/android.widget.TextView0 - Add to Favourites (1)'

2020-08-04 17:31:02 - [MESSAGE][WARNING] - Timeout '0' is invalid. Using default page load timeout: '10'

2020-08-04 17:31:04 - [MESSAGE][PASSED] - Tapped on element 'Object Repository/Maya/RegisterDuitNow/android.widget.TextView0 - Add to Favourites (1)'

2020-08-04 17:31:04 - [TEST_STEP][PASSED] - takeScreenshot("C:\Users\LENOVO\Screenshot\Third Party\Screenshot23", STOP_ON_FAILURE): Screenshot is taken

2020-08-04 17:31:05 - [MESSAGE][PASSED] - Screenshot is taken
[[ATTACHMENT|C:\\Users\\LENOVO\\Screenshot\\Third Party\\Screenshot23]]

2020-08-04 17:31:05 - [TEST_STEP][PASSED] - getText(findTestObject("Maya/New_Transfer/android.widget.TextView0 - SANDY LAM HUI MING Successfully added to Favourites"), 0): Text of element 'Object Repository/Maya/New_Transfer/android.widget.TextView0 - SANDY LAM HUI MING Successfully added to Favourites' is: 'Record already exists.'

2020-08-04 17:31:05 - [MESSAGE][WARNING] - Timeout '0' is invalid. Using default page load timeout: '10'

2020-08-04 17:31:05 - [MESSAGE][PASSED] - Text of element 'Object Repository/Maya/New_Transfer/android.widget.TextView0 - SANDY LAM HUI MING Successfully added to Favourites' is: 'Record already exists.'

2020-08-04 17:31:05 - [TEST_STEP][PASSED] - delay(2, CONTINUE_ON_FAILURE): Delayed 2 second(s)

2020-08-04 17:31:07 - [MESSAGE][PASSED] - Delayed 2 second(s)

2020-08-04 17:31:07 - [TEST_STEP][PASSED] - takeScreenshot("C:\Users\LENOVO\Screenshot\Third Party\Screenshot11", STOP_ON_FAILURE): Screenshot is taken

2020-08-04 17:31:08 - [MESSAGE][PASSED] - Screenshot is taken
[[ATTACHMENT|C:\\Users\\LENOVO\\Screenshot\\Third Party\\Screenshot11]]

2020-08-04 17:31:08 - [TEST_STEP][PASSED] - delay(5, CONTINUE_ON_FAILURE): Delayed 5 second(s)

2020-08-04 17:31:13 - [MESSAGE][PASSED] - Delayed 5 second(s)

2020-08-04 17:31:13 - [TEST_STEP][PASSED] - tap(findTestObject("Maya/RegisterDuitNow/android.widget.TextView0 - Done (3)"), 0): Tapped on element 'Object Repository/Maya/RegisterDuitNow/android.widget.TextView0 - Done (3)'

2020-08-04 17:31:13 - [MESSAGE][WARNING] - Timeout '0' is invalid. Using default page load timeout: '10'

2020-08-04 17:31:16 - [MESSAGE][PASSED] - Tapped on element 'Object Repository/Maya/RegisterDuitNow/android.widget.TextView0 - Done (3)'

2020-08-04 17:31:16 - [TEST_STEP][PASSED] - tap(findTestObject("Maya/RegisterDuitNow/android.widget.TextView0 - Transfer"), 0): Tapped on element 'Object Repository/Maya/RegisterDuitNow/android.widget.TextView0 - Transfer'

2020-08-04 17:31:16 - [MESSAGE][WARNING] - Timeout '0' is invalid. Using default page load timeout: '10'

2020-08-04 17:31:28 - [MESSAGE][PASSED] - Tapped on element 'Object Repository/Maya/RegisterDuitNow/android.widget.TextView0 - Transfer'

2020-08-04 17:31:28 - [TEST_STEP][PASSED] - delay(5, STOP_ON_FAILURE): Delayed 5 second(s)

2020-08-04 17:31:33 - [MESSAGE][PASSED] - Delayed 5 second(s)

2020-08-04 17:31:33 - [TEST_STEP][FAILED] - tapAndHoldAtPosition(627, 376, 2): Failed to tap and hold at [627, 376] with duration 2 (Root cause: org.openqa.selenium.InvalidElementStateException: Cannot perform touch on the element
Build info: version: '3.141.59', revision: 'e82be7d358', time: '2018-11-14T08:25:53'
System info: host: 'DESKTOP-CP3TV4N', ip: '192.168.43.112', os.name: 'Windows 10', os.arch: 'amd64', os.version: '10.0', java.version: '1.8.0_181'
Driver info: com.kms.katalon.core.appium.driver.SwipeableAndroidDriver
Capabilities {app: C:\Users\LENOVO\Katalon Stu..., appPackage: com.maybank2u.life.uat, appWaitActivity: *, appWaitDuration: 50000, appWaitPackage: com.maybank2u.life.uat, autoGrantPermissions: true, automationName: uiautomator2, databaseEnabled: false, desired: {app: C:\Users\LENOVO\Katalon Stu..., appWaitActivity: *, appWaitDuration: 50000, appWaitPackage: com.maybank2u.life.uat, autoGrantPermissions: true, automationName: uiautomator2, deviceId: 11cb9864, deviceName: Xiaomi Redmi Note 7S (Andro..., fullReset: false, newCommandTimeout: 1800, noReset: true, platform: ANDROID, platformName: android, platformVersion: 9, systemPort: 54420, udid: 11cb9864}, deviceApiLevel: 28, deviceId: 11cb9864, deviceManufacturer: Xiaomi, deviceModel: Redmi Note 7S, deviceName: 11cb9864, deviceScreenDensity: 440, deviceScreenSize: 1080x2340, deviceUDID: 11cb9864, fullReset: false, javascriptEnabled: true, locationContextEnabled: false, networkConnectionEnabled: true, newCommandTimeout: 1800, noReset: true, pixelRatio: 2.75, platform: ANDROID, platformName: Android, platformVersion: 9, statBarHeight: 80, systemPort: 54420, takesScreenshot: true, udid: 11cb9864, viewportRect: {height: 2051, left: 0, top: 80, width: 1080}, warnings: {}, webStorageEnabled: false}
Session ID: 8a301b46-1c3c-4ecb-a0d0-60745b83521e
	at org.openqa.selenium.remote.http.W3CHttpResponseCodec.createException(W3CHttpResponseCodec.java:187)
	at org.openqa.selenium.remote.http.W3CHttpResponseCodec.decode(W3CHttpResponseCodec.java:122)
	at org.openqa.selenium.remote.http.W3CHttpResponseCodec.decode(W3CHttpResponseCodec.java:49)
	at org.openqa.selenium.remote.HttpCommandExecutor.execute(HttpCommandExecutor.java:158)
	at io.appium.java_client.remote.AppiumCommandExecutor.execute(AppiumCommandExecutor.java:239)
	at org.openqa.selenium.remote.RemoteWebDriver.execute(RemoteWebDriver.java:552)
	at io.appium.java_client.DefaultGenericMobileDriver.execute(DefaultGenericMobileDriver.java:42)
	at io.appium.java_client.AppiumDriver.execute(AppiumDriver.java:1)
	at io.appium.java_client.android.AndroidDriver.execute(AndroidDriver.java:1)
	at com.kms.katalon.core.appium.driver.SwipeableAndroidDriver.execute(SwipeableAndroidDriver.java:1)
	at io.appium.java_client.PerformsTouchActions.performTouchAction(PerformsTouchActions.java:41)
	at io.appium.java_client.TouchAction.perform(TouchAction.java:187)
	at com.kms.katalon.core.mobile.helper.MobileElementCommonHelper.tapAndHold(MobileElementCommonHelper.java:141)
	at com.kms.katalon.core.mobile.keyword.builtin.TapAndHoldAtPositionKeyword$_tapAndHoldAtPosition_closure1.doCall(TapAndHoldAtPositionKeyword.groovy:71)
	at com.kms.katalon.core.mobile.keyword.builtin.TapAndHoldAtPositionKeyword$_tapAndHoldAtPosition_closure1.call(TapAndHoldAtPositionKeyword.groovy)
	at com.kms.katalon.core.mobile.keyword.internal.MobileKeywordMain.runKeyword(MobileKeywordMain.groovy:21)
	at com.kms.katalon.core.mobile.keyword.builtin.TapAndHoldAtPositionKeyword.tapAndHoldAtPosition(TapAndHoldAtPositionKeyword.groovy:72)
	at com.kms.katalon.core.mobile.keyword.builtin.TapAndHoldAtPositionKeyword.execute(TapAndHoldAtPositionKeyword.groovy:65)
	at com.kms.katalon.core.keyword.internal.KeywordExecutor.executeKeywordForPlatform(KeywordExecutor.groovy:72)
	at com.kms.katalon.core.mobile.keyword.MobileBuiltInKeywords.tapAndHoldAtPosition(MobileBuiltInKeywords.groovy:1697)
	at com.kms.katalon.core.mobile.keyword.MobileBuiltInKeywords$tapAndHoldAtPosition$3.call(Unknown Source)
	at Transfer DuIt Now-Passport.run(Transfer DuIt Now-Passport:465)
	at com.kms.katalon.core.main.ScriptEngine.run(ScriptEngine.java:194)
	at com.kms.katalon.core.main.ScriptEngine.runScriptAsRawText(ScriptEngine.java:119)
	at com.kms.katalon.core.main.TestCaseExecutor.runScript(TestCaseExecutor.java:337)
	at com.kms.katalon.core.main.TestCaseExecutor.doExecute(TestCaseExecutor.java:328)
	at com.kms.katalon.core.main.TestCaseExecutor.processExecutionPhase(TestCaseExecutor.java:307)
	at com.kms.katalon.core.main.TestCaseExecutor.accessMainPhase(TestCaseExecutor.java:299)
	at com.kms.katalon.core.main.TestCaseExecutor.execute(TestCaseExecutor.java:233)
	at com.kms.katalon.core.main.TestSuiteExecutor.accessTestCaseMainPhase(TestSuiteExecutor.java:169)
	at com.kms.katalon.core.main.TestSuiteExecutor.accessTestSuiteMainPhase(TestSuiteExecutor.java:142)
	at com.kms.katalon.core.main.TestSuiteExecutor.execute(TestSuiteExecutor.java:91)
	at com.kms.katalon.core.main.TestCaseMain.startTestSuite(TestCaseMain.java:157)
	at com.kms.katalon.core.main.TestCaseMain$startTestSuite$0.call(Unknown Source)
	at TempTestSuite1596533112013.run(TempTestSuite1596533112013.groovy:36)
)

2020-08-04 17:31:38 - [MESSAGE][FAILED] - Failed to tap and hold at [627, 376] with duration 2 (Root cause: org.openqa.selenium.InvalidElementStateException: Cannot perform touch on the element
Build info: version: '3.141.59', revision: 'e82be7d358', time: '2018-11-14T08:25:53'
System info: host: 'DESKTOP-CP3TV4N', ip: '192.168.43.112', os.name: 'Windows 10', os.arch: 'amd64', os.version: '10.0', java.version: '1.8.0_181'
Driver info: com.kms.katalon.core.appium.driver.SwipeableAndroidDriver
Capabilities {app: C:\Users\LENOVO\Katalon Stu..., appPackage: com.maybank2u.life.uat, appWaitActivity: *, appWaitDuration: 50000, appWaitPackage: com.maybank2u.life.uat, autoGrantPermissions: true, automationName: uiautomator2, databaseEnabled: false, desired: {app: C:\Users\LENOVO\Katalon Stu..., appWaitActivity: *, appWaitDuration: 50000, appWaitPackage: com.maybank2u.life.uat, autoGrantPermissions: true, automationName: uiautomator2, deviceId: 11cb9864, deviceName: Xiaomi Redmi Note 7S (Andro..., fullReset: false, newCommandTimeout: 1800, noReset: true, platform: ANDROID, platformName: android, platformVersion: 9, systemPort: 54420, udid: 11cb9864}, deviceApiLevel: 28, deviceId: 11cb9864, deviceManufacturer: Xiaomi, deviceModel: Redmi Note 7S, deviceName: 11cb9864, deviceScreenDensity: 440, deviceScreenSize: 1080x2340, deviceUDID: 11cb9864, fullReset: false, javascriptEnabled: true, locationContextEnabled: false, networkConnectionEnabled: true, newCommandTimeout: 1800, noReset: true, pixelRatio: 2.75, platform: ANDROID, platformName: Android, platformVersion: 9, statBarHeight: 80, systemPort: 54420, takesScreenshot: true, udid: 11cb9864, viewportRect: {height: 2051, left: 0, top: 80, width: 1080}, warnings: {}, webStorageEnabled: false}
Session ID: 8a301b46-1c3c-4ecb-a0d0-60745b83521e
	at org.openqa.selenium.remote.http.W3CHttpResponseCodec.createException(W3CHttpResponseCodec.java:187)
	at org.openqa.selenium.remote.http.W3CHttpResponseCodec.decode(W3CHttpResponseCodec.java:122)
	at org.openqa.selenium.remote.http.W3CHttpResponseCodec.decode(W3CHttpResponseCodec.java:49)
	at org.openqa.selenium.remote.HttpCommandExecutor.execute(HttpCommandExecutor.java:158)
	at io.appium.java_client.remote.AppiumCommandExecutor.execute(AppiumCommandExecutor.java:239)
	at org.openqa.selenium.remote.RemoteWebDriver.execute(RemoteWebDriver.java:552)
	at io.appium.java_client.DefaultGenericMobileDriver.execute(DefaultGenericMobileDriver.java:42)
	at io.appium.java_client.AppiumDriver.execute(AppiumDriver.java:1)
	at io.appium.java_client.android.AndroidDriver.execute(AndroidDriver.java:1)
	at com.kms.katalon.core.appium.driver.SwipeableAndroidDriver.execute(SwipeableAndroidDriver.java:1)
	at io.appium.java_client.PerformsTouchActions.performTouchAction(PerformsTouchActions.java:41)
	at io.appium.java_client.TouchAction.perform(TouchAction.java:187)
	at com.kms.katalon.core.mobile.helper.MobileElementCommonHelper.tapAndHold(MobileElementCommonHelper.java:141)
	at com.kms.katalon.core.mobile.keyword.builtin.TapAndHoldAtPositionKeyword$_tapAndHoldAtPosition_closure1.doCall(TapAndHoldAtPositionKeyword.groovy:71)
	at com.kms.katalon.core.mobile.keyword.builtin.TapAndHoldAtPositionKeyword$_tapAndHoldAtPosition_closure1.call(TapAndHoldAtPositionKeyword.groovy)
	at com.kms.katalon.core.mobile.keyword.internal.MobileKeywordMain.runKeyword(MobileKeywordMain.groovy:21)
	at com.kms.katalon.core.mobile.keyword.builtin.TapAndHoldAtPositionKeyword.tapAndHoldAtPosition(TapAndHoldAtPositionKeyword.groovy:72)
	at com.kms.katalon.core.mobile.keyword.builtin.TapAndHoldAtPositionKeyword.execute(TapAndHoldAtPositionKeyword.groovy:65)
	at com.kms.katalon.core.keyword.internal.KeywordExecutor.executeKeywordForPlatform(KeywordExecutor.groovy:72)
	at com.kms.katalon.core.mobile.keyword.MobileBuiltInKeywords.tapAndHoldAtPosition(MobileBuiltInKeywords.groovy:1697)
	at com.kms.katalon.core.mobile.keyword.MobileBuiltInKeywords$tapAndHoldAtPosition$3.call(Unknown Source)
	at Transfer DuIt Now-Passport.run(Transfer DuIt Now-Passport:465)
	at com.kms.katalon.core.main.ScriptEngine.run(ScriptEngine.java:194)
	at com.kms.katalon.core.main.ScriptEngine.runScriptAsRawText(ScriptEngine.java:119)
	at com.kms.katalon.core.main.TestCaseExecutor.runScript(TestCaseExecutor.java:337)
	at com.kms.katalon.core.main.TestCaseExecutor.doExecute(TestCaseExecutor.java:328)
	at com.kms.katalon.core.main.TestCaseExecutor.processExecutionPhase(TestCaseExecutor.java:307)
	at com.kms.katalon.core.main.TestCaseExecutor.accessMainPhase(TestCaseExecutor.java:299)
	at com.kms.katalon.core.main.TestCaseExecutor.execute(TestCaseExecutor.java:233)
	at com.kms.katalon.core.main.TestSuiteExecutor.accessTestCaseMainPhase(TestSuiteExecutor.java:169)
	at com.kms.katalon.core.main.TestSuiteExecutor.accessTestSuiteMainPhase(TestSuiteExecutor.java:142)
	at com.kms.katalon.core.main.TestSuiteExecutor.execute(TestSuiteExecutor.java:91)
	at com.kms.katalon.core.main.TestCaseMain.startTestSuite(TestCaseMain.java:157)
	at com.kms.katalon.core.main.TestCaseMain$startTestSuite$0.call(Unknown Source)
	at TempTestSuite1596533112013.run(TempTestSuite1596533112013.groovy:36)
)
[[ATTACHMENT|C:\\Users\\LENOVO\\Git_new\\Maya\\Reports\\20200804_172511\\Maya UAT\\UAT Test Suite\\20200804_172511\\1596533496902.png]]

2020-08-04 17:31:38 - [TEST_STEP][PASSED] - delay(2, CONTINUE_ON_FAILURE): Delayed 2 second(s)

2020-08-04 17:31:40 - [MESSAGE][PASSED] - Delayed 2 second(s)

2020-08-04 17:31:40 - [TEST_STEP][PASSED] - takeScreenshot("C:\Users\LENOVO\Screenshot\Third Party\Screenshot12", STOP_ON_FAILURE): Screenshot is taken

2020-08-04 17:31:41 - [MESSAGE][PASSED] - Screenshot is taken
[[ATTACHMENT|C:\\Users\\LENOVO\\Screenshot\\Third Party\\Screenshot12]]

2020-08-04 17:31:41 - [TEST_STEP][PASSED] - delay(5, STOP_ON_FAILURE): Delayed 5 second(s)

2020-08-04 17:31:46 - [MESSAGE][PASSED] - Delayed 5 second(s)

2020-08-04 17:31:46 - [TEST_STEP][PASSED] - swipe(831, 1382, 800, 100): Swiped from 831,1,382 to 800,100

2020-08-04 17:31:47 - [MESSAGE][PASSED] - Swiped from 831,1,382 to 800,100

2020-08-04 17:31:47 - [TEST_STEP][PASSED] - delay(5, STOP_ON_FAILURE): Delayed 5 second(s)

2020-08-04 17:31:52 - [MESSAGE][PASSED] - Delayed 5 second(s)

2020-08-04 17:31:52 - [TEST_STEP][PASSED] - delay(2, CONTINUE_ON_FAILURE): Delayed 2 second(s)

2020-08-04 17:31:54 - [MESSAGE][PASSED] - Delayed 2 second(s)

2020-08-04 17:31:54 - [TEST_STEP][PASSED] - takeScreenshot("C:\Users\LENOVO\Screenshot\Third Party\Screenshot15", STOP_ON_FAILURE): Screenshot is taken

2020-08-04 17:31:55 - [MESSAGE][PASSED] - Screenshot is taken
[[ATTACHMENT|C:\\Users\\LENOVO\\Screenshot\\Third Party\\Screenshot15]]

2020-08-04 17:31:55 - [TEST_STEP][PASSED] - delay(2, CONTINUE_ON_FAILURE): Delayed 2 second(s)

2020-08-04 17:31:57 - [MESSAGE][PASSED] - Delayed 2 second(s)

2020-08-04 17:31:57 - [TEST_STEP][PASSED] - tapAndHoldAtPosition(97, 176, 1): Tapped and held at [97, 176] with duration 1

2020-08-04 17:32:00 - [MESSAGE][PASSED] - Tapped and held at [97, 176] with duration 1

2020-08-04 17:32:00 - [TEST_STEP][PASSED] - tap(findTestObject("Maya/New_Transfer/android.widget.TextView0 - Wallet"), 0): Tapped on element 'Object Repository/Maya/New_Transfer/android.widget.TextView0 - Wallet'

2020-08-04 17:32:00 - [MESSAGE][WARNING] - Timeout '0' is invalid. Using default page load timeout: '10'

2020-08-04 17:32:06 - [MESSAGE][PASSED] - Tapped on element 'Object Repository/Maya/New_Transfer/android.widget.TextView0 - Wallet'

2020-08-04 17:32:06 - [TEST_STEP][PASSED] - tap(findTestObject("Maya/New_Transfer/android.widget.TextView0 - View Transactions"), 0): Tapped on element 'Object Repository/Maya/New_Transfer/android.widget.TextView0 - View Transactions'

2020-08-04 17:32:06 - [MESSAGE][WARNING] - Timeout '0' is invalid. Using default page load timeout: '10'

2020-08-04 17:32:09 - [MESSAGE][PASSED] - Tapped on element 'Object Repository/Maya/New_Transfer/android.widget.TextView0 - View Transactions'

2020-08-04 17:32:09 - [TEST_STEP][PASSED] - delay(3, CONTINUE_ON_FAILURE): Delayed 3 second(s)

2020-08-04 17:32:12 - [MESSAGE][PASSED] - Delayed 3 second(s)

2020-08-04 17:32:12 - [TEST_STEP][PASSED] - takeScreenshot("C:\Users\LENOVO\Screenshot\DuitNow\Screen29.png", CONTINUE_ON_FAILURE): Screenshot is taken

2020-08-04 17:32:13 - [MESSAGE][PASSED] - Screenshot is taken
[[ATTACHMENT|C:\\Users\\LENOVO\\Screenshot\\DuitNow\\Screen29.png]]

2020-08-04 17:32:13 - [TEST_STEP][PASSED] - tap(findTestObject("Maya/KLIA/android.widget.TextView0 - Home"), 0): Tapped on element 'Object Repository/Maya/KLIA/android.widget.TextView0 - Home'

2020-08-04 17:32:13 - [MESSAGE][WARNING] - Timeout '0' is invalid. Using default page load timeout: '10'

2020-08-04 17:32:26 - [MESSAGE][PASSED] - Tapped on element 'Object Repository/Maya/KLIA/android.widget.TextView0 - Home'

2020-08-04 17:32:26 - [TEST_STEP][PASSED] - tap(findTestObject("Maya/KLIA/android.widget.TextView0 - More (1)"), 0): Tapped on element 'Object Repository/Maya/KLIA/android.widget.TextView0 - More (1)'

2020-08-04 17:32:26 - [MESSAGE][WARNING] - Timeout '0' is invalid. Using default page load timeout: '10'

2020-08-04 17:32:39 - [MESSAGE][PASSED] - Tapped on element 'Object Repository/Maya/KLIA/android.widget.TextView0 - More (1)'

2020-08-04 17:32:39 - [TEST_STEP][PASSED] - tap(findTestObject("Maya/KLIA/android.widget.TextView0 - Notifications"), 0): Tapped on element 'Object Repository/Maya/KLIA/android.widget.TextView0 - Notifications'

2020-08-04 17:32:39 - [MESSAGE][WARNING] - Timeout '0' is invalid. Using default page load timeout: '10'

2020-08-04 17:32:42 - [MESSAGE][PASSED] - Tapped on element 'Object Repository/Maya/KLIA/android.widget.TextView0 - Notifications'

2020-08-04 17:32:42 - [TEST_STEP][PASSED] - getText(findTestObject("Maya/NRIC Passport/android.widget.TextView0 - Today"), 0): Text of element 'Object Repository/Maya/NRIC Passport/android.widget.TextView0 - Today' is: 'Today'

2020-08-04 17:32:42 - [MESSAGE][WARNING] - Timeout '0' is invalid. Using default page load timeout: '10'

2020-08-04 17:32:43 - [MESSAGE][PASSED] - Text of element 'Object Repository/Maya/NRIC Passport/android.widget.TextView0 - Today' is: 'Today'

2020-08-04 17:32:43 - [TEST_STEP][PASSED] - getText(findTestObject("Maya/NRIC Passport/android.widget.TextView0 - Maybank2u Transfer"), 0): Text of element 'Object Repository/Maya/NRIC Passport/android.widget.TextView0 - Maybank2u Transfer' is: 'Maybank2u: Transfer'

2020-08-04 17:32:43 - [MESSAGE][WARNING] - Timeout '0' is invalid. Using default page load timeout: '10'

2020-08-04 17:32:44 - [MESSAGE][PASSED] - Text of element 'Object Repository/Maya/NRIC Passport/android.widget.TextView0 - Maybank2u Transfer' is: 'Maybank2u: Transfer'

2020-08-04 17:32:44 - [TEST_STEP][PASSED] - verifyElementVisible(findTestObject("Maya/NRIC Passport/android.widget.TextView0 - DuitNow of RM 2.00 to DEADPOOL. Passport Number  ABRA. REF 17180689639M"), 0): Element 'Object Repository/Maya/NRIC Passport/android.widget.TextView0 - DuitNow of RM 2.00 to DEADPOOL. Passport Number  ABRA. REF 17180689639M' is visible

2020-08-04 17:32:44 - [MESSAGE][WARNING] - Timeout '0' is invalid. Using default page load timeout: '10'

2020-08-04 17:32:45 - [MESSAGE][PASSED] - Element 'Object Repository/Maya/NRIC Passport/android.widget.TextView0 - DuitNow of RM 2.00 to DEADPOOL. Passport Number  ABRA. REF 17180689639M' is visible

2020-08-04 17:32:45 - [TEST_STEP][PASSED] - takeScreenshot("C:\Users\LENOVO\Screenshot\DuitNow\Screen39.png", CONTINUE_ON_FAILURE): Screenshot is taken

2020-08-04 17:32:46 - [MESSAGE][PASSED] - Screenshot is taken
[[ATTACHMENT|C:\\Users\\LENOVO\\Screenshot\\DuitNow\\Screen39.png]]]]></system-out>
         <system-err><![CDATA[2020-08-04 17:25:15 - [TEST_CASE][FAILED] - Test Cases/JINU/DuItNow/Transfer DuIt Now-Passport: Test Cases/JINU/DuItNow/Transfer DuIt Now-Passport FAILED.
Reason:
com.kms.katalon.core.exception.StepFailedException: Element 'Object Repository/Maya/KLIA/android.widget.TextView0 - Approve' not found
	at com.kms.katalon.core.keyword.internal.KeywordMain.stepFailed(KeywordMain.groovy:39)
	at com.kms.katalon.core.mobile.keyword.internal.MobileKeywordMain.stepFailed(MobileKeywordMain.groovy:40)
	at com.kms.katalon.core.mobile.keyword.builtin.VerifyElementExistKeyword$_verifyElementExist_closure1.doCall(VerifyElementExistKeyword.groovy:77)
	at com.kms.katalon.core.mobile.keyword.builtin.VerifyElementExistKeyword$_verifyElementExist_closure1.call(VerifyElementExistKeyword.groovy)
	at com.kms.katalon.core.mobile.keyword.internal.MobileKeywordMain.runKeyword(MobileKeywordMain.groovy:21)
	at com.kms.katalon.core.mobile.keyword.builtin.VerifyElementExistKeyword.verifyElementExist(VerifyElementExistKeyword.groovy:80)
	at com.kms.katalon.core.mobile.keyword.builtin.VerifyElementExistKeyword.execute(VerifyElementExistKeyword.groovy:64)
	at com.kms.katalon.core.keyword.internal.KeywordExecutor.executeKeywordForPlatform(KeywordExecutor.groovy:72)
	at com.kms.katalon.core.mobile.keyword.MobileBuiltInKeywords.verifyElementExist(MobileBuiltInKeywords.groovy:809)
	at com.kms.katalon.core.mobile.keyword.MobileBuiltInKeywords$verifyElementExist$5.call(Unknown Source)
	at Transfer DuIt Now-Passport.run(Transfer DuIt Now-Passport:354)
	at com.kms.katalon.core.main.ScriptEngine.run(ScriptEngine.java:194)
	at com.kms.katalon.core.main.ScriptEngine.runScriptAsRawText(ScriptEngine.java:119)
	at com.kms.katalon.core.main.TestCaseExecutor.runScript(TestCaseExecutor.java:337)
	at com.kms.katalon.core.main.TestCaseExecutor.doExecute(TestCaseExecutor.java:328)
	at com.kms.katalon.core.main.TestCaseExecutor.processExecutionPhase(TestCaseExecutor.java:307)
	at com.kms.katalon.core.main.TestCaseExecutor.accessMainPhase(TestCaseExecutor.java:299)
	at com.kms.katalon.core.main.TestCaseExecutor.execute(TestCaseExecutor.java:233)
	at com.kms.katalon.core.main.TestSuiteExecutor.accessTestCaseMainPhase(TestSuiteExecutor.java:169)
	at com.kms.katalon.core.main.TestSuiteExecutor.accessTestSuiteMainPhase(TestSuiteExecutor.java:142)
	at com.kms.katalon.core.main.TestSuiteExecutor.execute(TestSuiteExecutor.java:91)
	at com.kms.katalon.core.main.TestCaseMain.startTestSuite(TestCaseMain.java:157)
	at com.kms.katalon.core.main.TestCaseMain$startTestSuite$0.call(Unknown Source)
	at TempTestSuite1596533112013.run(TempTestSuite1596533112013.groovy:36)]]></system-err>
      </testcase>
      <system-out><![CDATA[2020-08-04 17:25:14 - [TEST_SUITE][FAILED] - UAT Test Suite: Test Cases/JINU/DuItNow/Transfer DuIt Now-Passport FAILED.
Reason:
com.kms.katalon.core.exception.StepFailedException: Element 'Object Repository/Maya/KLIA/android.widget.TextView0 - Approve' not found
	at com.kms.katalon.core.keyword.internal.KeywordMain.stepFailed(KeywordMain.groovy:39)
	at com.kms.katalon.core.mobile.keyword.internal.MobileKeywordMain.stepFailed(MobileKeywordMain.groovy:40)
	at com.kms.katalon.core.mobile.keyword.builtin.VerifyElementExistKeyword$_verifyElementExist_closure1.doCall(VerifyElementExistKeyword.groovy:77)
	at com.kms.katalon.core.mobile.keyword.builtin.VerifyElementExistKeyword$_verifyElementExist_closure1.call(VerifyElementExistKeyword.groovy)
	at com.kms.katalon.core.mobile.keyword.internal.MobileKeywordMain.runKeyword(MobileKeywordMain.groovy:21)
	at com.kms.katalon.core.mobile.keyword.builtin.VerifyElementExistKeyword.verifyElementExist(VerifyElementExistKeyword.groovy:80)
	at com.kms.katalon.core.mobile.keyword.builtin.VerifyElementExistKeyword.execute(VerifyElementExistKeyword.groovy:64)
	at com.kms.katalon.core.keyword.internal.KeywordExecutor.executeKeywordForPlatform(KeywordExecutor.groovy:72)
	at com.kms.katalon.core.mobile.keyword.MobileBuiltInKeywords.verifyElementExist(MobileBuiltInKeywords.groovy:809)
	at com.kms.katalon.core.mobile.keyword.MobileBuiltInKeywords$verifyElementExist$5.call(Unknown Source)
	at Transfer DuIt Now-Passport.run(Transfer DuIt Now-Passport:354)
	at com.kms.katalon.core.main.ScriptEngine.run(ScriptEngine.java:194)
	at com.kms.katalon.core.main.ScriptEngine.runScriptAsRawText(ScriptEngine.java:119)
	at com.kms.katalon.core.main.TestCaseExecutor.runScript(TestCaseExecutor.java:337)
	at com.kms.katalon.core.main.TestCaseExecutor.doExecute(TestCaseExecutor.java:328)
	at com.kms.katalon.core.main.TestCaseExecutor.processExecutionPhase(TestCaseExecutor.java:307)
	at com.kms.katalon.core.main.TestCaseExecutor.accessMainPhase(TestCaseExecutor.java:299)
	at com.kms.katalon.core.main.TestCaseExecutor.execute(TestCaseExecutor.java:233)
	at com.kms.katalon.core.main.TestSuiteExecutor.accessTestCaseMainPhase(TestSuiteExecutor.java:169)
	at com.kms.katalon.core.main.TestSuiteExecutor.accessTestSuiteMainPhase(TestSuiteExecutor.java:142)
	at com.kms.katalon.core.main.TestSuiteExecutor.execute(TestSuiteExecutor.java:91)
	at com.kms.katalon.core.main.TestCaseMain.startTestSuite(TestCaseMain.java:157)
	at com.kms.katalon.core.main.TestCaseMain$startTestSuite$0.call(Unknown Source)
	at TempTestSuite1596533112013.run(TempTestSuite1596533112013.groovy:36)]]></system-out>
      <system-err><![CDATA[2020-08-04 17:25:14 - [TEST_SUITE][FAILED] - UAT Test Suite: Test Cases/JINU/DuItNow/Transfer DuIt Now-Passport FAILED.
Reason:
com.kms.katalon.core.exception.StepFailedException: Element 'Object Repository/Maya/KLIA/android.widget.TextView0 - Approve' not found
	at com.kms.katalon.core.keyword.internal.KeywordMain.stepFailed(KeywordMain.groovy:39)
	at com.kms.katalon.core.mobile.keyword.internal.MobileKeywordMain.stepFailed(MobileKeywordMain.groovy:40)
	at com.kms.katalon.core.mobile.keyword.builtin.VerifyElementExistKeyword$_verifyElementExist_closure1.doCall(VerifyElementExistKeyword.groovy:77)
	at com.kms.katalon.core.mobile.keyword.builtin.VerifyElementExistKeyword$_verifyElementExist_closure1.call(VerifyElementExistKeyword.groovy)
	at com.kms.katalon.core.mobile.keyword.internal.MobileKeywordMain.runKeyword(MobileKeywordMain.groovy:21)
	at com.kms.katalon.core.mobile.keyword.builtin.VerifyElementExistKeyword.verifyElementExist(VerifyElementExistKeyword.groovy:80)
	at com.kms.katalon.core.mobile.keyword.builtin.VerifyElementExistKeyword.execute(VerifyElementExistKeyword.groovy:64)
	at com.kms.katalon.core.keyword.internal.KeywordExecutor.executeKeywordForPlatform(KeywordExecutor.groovy:72)
	at com.kms.katalon.core.mobile.keyword.MobileBuiltInKeywords.verifyElementExist(MobileBuiltInKeywords.groovy:809)
	at com.kms.katalon.core.mobile.keyword.MobileBuiltInKeywords$verifyElementExist$5.call(Unknown Source)
	at Transfer DuIt Now-Passport.run(Transfer DuIt Now-Passport:354)
	at com.kms.katalon.core.main.ScriptEngine.run(ScriptEngine.java:194)
	at com.kms.katalon.core.main.ScriptEngine.runScriptAsRawText(ScriptEngine.java:119)
	at com.kms.katalon.core.main.TestCaseExecutor.runScript(TestCaseExecutor.java:337)
	at com.kms.katalon.core.main.TestCaseExecutor.doExecute(TestCaseExecutor.java:328)
	at com.kms.katalon.core.main.TestCaseExecutor.processExecutionPhase(TestCaseExecutor.java:307)
	at com.kms.katalon.core.main.TestCaseExecutor.accessMainPhase(TestCaseExecutor.java:299)
	at com.kms.katalon.core.main.TestCaseExecutor.execute(TestCaseExecutor.java:233)
	at com.kms.katalon.core.main.TestSuiteExecutor.accessTestCaseMainPhase(TestSuiteExecutor.java:169)
	at com.kms.katalon.core.main.TestSuiteExecutor.accessTestSuiteMainPhase(TestSuiteExecutor.java:142)
	at com.kms.katalon.core.main.TestSuiteExecutor.execute(TestSuiteExecutor.java:91)
	at com.kms.katalon.core.main.TestCaseMain.startTestSuite(TestCaseMain.java:157)
	at com.kms.katalon.core.main.TestCaseMain$startTestSuite$0.call(Unknown Source)
	at TempTestSuite1596533112013.run(TempTestSuite1596533112013.groovy:36)]]></system-err>
   </testsuite>
</testsuites>
