<?xml version="1.0" encoding="UTF-8"?>
<testsuites name="UAT Test Suite" time="446.983" tests="1" failures="1" errors="0">
   <testsuite name="UAT Test Suite" tests="1" failures="1" errors="0" time="446.983" timestamp="2020-08-07 18:48:51" hostname="LENOVO - DESKTOP-CP3TV4N" id="Test Suites/Maya UAT/UAT Test Suite">
      <properties>
         <property name="deviceName" value="Xiaomi Redmi Note 7S (Android 9)"/>
         <property name="devicePlatform" value=""/>
         <property name="logFolder" value="C:\\Users\\LENOVO\\Git_new\\Maya\\Reports\\20200807_184848\\Maya UAT\\UAT Test Suite\\20200807_184848"/>
         <property name="logFiles" value="C:\\Users\\LENOVO\\Git_new\\Maya\\Reports\\20200807_184848\\Maya UAT\\UAT Test Suite\\20200807_184848\\appium.log, C:\\Users\\LENOVO\\Git_new\\Maya\\Reports\\20200807_184848\\Maya UAT\\UAT Test Suite\\20200807_184848\\execution0.log"/>
         <property name="attachments" value="C:\\Users\\LENOVO\\Screenshot\\DuitNowProxy\\Screen3.png, C:\\Users\\LENOVO\\Screenshot\\DuitNowProxy\\Screen4.png, C:\\Users\\LENOVO\\Screenshot\\DuitNowProxy\\Screen6.png, C:\\Users\\LENOVO\\Screenshot\\DuitNowProxy\\Screen5.png, C:\\Users\\LENOVO\\Screenshot\\DuitNowProxy\\Screen8.png, C:\\Users\\LENOVO\\Screenshot\\DuitNowProxy\\Screen10.png, C:\\Users\\LENOVO\\Screenshot\\DuitNowProxy\\Screen11.png, C:\\Users\\LENOVO\\Screenshot\\DuitNowProxy\\Screen12.png, C:\\Users\\LENOVO\\Screenshot\\DuitNowProxy\\Screen13.png, C:\\Users\\LENOVO\\Screenshot\\DuitNowProxy\\Screen14.png, C:\\Users\\LENOVO\\Screenshot\\DuitNowProxy\\Screen15.png, C:\\Users\\LENOVO\\Screenshot\\DuitNowProxy\\Screen17.png, C:\\Users\\LENOVO\\Screenshot\\DuitNowProxy\\Screen18.png, C:\\Users\\LENOVO\\Screenshot\\DuitNowProxy\\Screen19.png, C:\\Users\\LENOVO\\Screenshot\\DuitNowProxy\\Screen22.png, C:\\Users\\LENOVO\\Screenshot\\DuitNowProxy\\Screen23.png, C:\\Users\\LENOVO\\Screenshot\\DuitNowProxy\\Screen24.png, C:\\Users\\LENOVO\\Git_new\\Maya\\Reports\\20200807_184848\\Maya UAT\\UAT Test Suite\\20200807_184848\\1596797751974.png, C:\\Users\\LENOVO\\Git_new\\Maya\\Reports\\20200807_184848\\Maya UAT\\UAT Test Suite\\20200807_184848\\1596797763616.png"/>
         <property name="hostName" value="LENOVO - DESKTOP-CP3TV4N"/>
         <property name="os" value="Windows 10 64bit"/>
         <property name="appiumServerStatus" value="{\&quot;value\&quot;:{\&quot;build\&quot;:{\&quot;version\&quot;:\&quot;1.15.1\&quot;}},\&quot;sessionId\&quot;:null,\&quot;status\&quot;:0}"/>
         <property name="katalonVersion" value="7.2.7.1"/>
         <property name="deviceOS" value="Android"/>
         <property name="appiumVersion" value="1.15.1"/>
         <property name="deviceModel" value="Redmi Note 7S"/>
         <property name="hostAddress" value="192.168.43.112"/>
         <property name="deviceManufacturer" value="Xiaomi"/>
         <property name="deviceId" value="11cb9864"/>
         <property name="deviceName" value="Xiaomi Redmi Note 7S (Android 9)"/>
         <property name="deviceOSVersion" value="9"/>
      </properties>
      <testcase name="Test Cases/JINU/DuiTNow Drop 2/Passport" time="444.279" classname="Test Cases/JINU/DuiTNow Drop 2/Passport" status="FAILED">
         <failure type="FAILED" message="Test Cases/JINU/DuiTNow Drop 2/Passport FAILED.
Reason:
com.kms.katalon.core.exception.StepFailedException: Object Object Repository/Maya/spy/android.widget.TextView0 - Duitnow Proxy (NRIC Number) ending 5263 has just been disabled. not found
	at com.kms.katalon.core.keyword.internal.KeywordMain.stepFailed(KeywordMain.groovy:39)
	at com.kms.katalon.core.mobile.keyword.internal.MobileKeywordMain.stepFailed(MobileKeywordMain.groovy:40)
	at com.kms.katalon.core.mobile.keyword.builtin.GetTextKeyword$_getText_closure1.doCall(GetTextKeyword.groovy:74)
	at com.kms.katalon.core.mobile.keyword.builtin.GetTextKeyword$_getText_closure1.call(GetTextKeyword.groovy)
	at com.kms.katalon.core.mobile.keyword.internal.MobileKeywordMain.runKeyword(MobileKeywordMain.groovy:21)
	at com.kms.katalon.core.mobile.keyword.builtin.GetTextKeyword.getText(GetTextKeyword.groovy:80)
	at com.kms.katalon.core.mobile.keyword.builtin.GetTextKeyword.execute(GetTextKeyword.groovy:64)
	at com.kms.katalon.core.keyword.internal.KeywordExecutor.executeKeywordForPlatform(KeywordExecutor.groovy:72)
	at com.kms.katalon.core.mobile.keyword.MobileBuiltInKeywords.getText(MobileBuiltInKeywords.groovy:459)
	at com.kms.katalon.core.mobile.keyword.MobileBuiltInKeywords$getText$2.call(Unknown Source)
	at Passport.run(Passport:741)
	at com.kms.katalon.core.main.ScriptEngine.run(ScriptEngine.java:194)
	at com.kms.katalon.core.main.ScriptEngine.runScriptAsRawText(ScriptEngine.java:119)
	at com.kms.katalon.core.main.TestCaseExecutor.runScript(TestCaseExecutor.java:337)
	at com.kms.katalon.core.main.TestCaseExecutor.doExecute(TestCaseExecutor.java:328)
	at com.kms.katalon.core.main.TestCaseExecutor.processExecutionPhase(TestCaseExecutor.java:307)
	at com.kms.katalon.core.main.TestCaseExecutor.accessMainPhase(TestCaseExecutor.java:299)
	at com.kms.katalon.core.main.TestCaseExecutor.execute(TestCaseExecutor.java:233)
	at com.kms.katalon.core.main.TestSuiteExecutor.accessTestCaseMainPhase(TestSuiteExecutor.java:169)
	at com.kms.katalon.core.main.TestSuiteExecutor.accessTestSuiteMainPhase(TestSuiteExecutor.java:142)
	at com.kms.katalon.core.main.TestSuiteExecutor.execute(TestSuiteExecutor.java:91)
	at com.kms.katalon.core.main.TestCaseMain.startTestSuite(TestCaseMain.java:157)
	at com.kms.katalon.core.main.TestCaseMain$startTestSuite$0.call(Unknown Source)
	at TempTestSuite1596797328505.run(TempTestSuite1596797328505.groovy:36)
"/>
         <system-out><![CDATA[2020-08-07 18:48:51 - [TEST_CASE][FAILED] - Test Cases/JINU/DuiTNow Drop 2/Passport: Test Cases/JINU/DuiTNow Drop 2/Passport FAILED.
Reason:
com.kms.katalon.core.exception.StepFailedException: Object Object Repository/Maya/spy/android.widget.TextView0 - Duitnow Proxy (NRIC Number) ending 5263 has just been disabled. not found
	at com.kms.katalon.core.keyword.internal.KeywordMain.stepFailed(KeywordMain.groovy:39)
	at com.kms.katalon.core.mobile.keyword.internal.MobileKeywordMain.stepFailed(MobileKeywordMain.groovy:40)
	at com.kms.katalon.core.mobile.keyword.builtin.GetTextKeyword$_getText_closure1.doCall(GetTextKeyword.groovy:74)
	at com.kms.katalon.core.mobile.keyword.builtin.GetTextKeyword$_getText_closure1.call(GetTextKeyword.groovy)
	at com.kms.katalon.core.mobile.keyword.internal.MobileKeywordMain.runKeyword(MobileKeywordMain.groovy:21)
	at com.kms.katalon.core.mobile.keyword.builtin.GetTextKeyword.getText(GetTextKeyword.groovy:80)
	at com.kms.katalon.core.mobile.keyword.builtin.GetTextKeyword.execute(GetTextKeyword.groovy:64)
	at com.kms.katalon.core.keyword.internal.KeywordExecutor.executeKeywordForPlatform(KeywordExecutor.groovy:72)
	at com.kms.katalon.core.mobile.keyword.MobileBuiltInKeywords.getText(MobileBuiltInKeywords.groovy:459)
	at com.kms.katalon.core.mobile.keyword.MobileBuiltInKeywords$getText$2.call(Unknown Source)
	at Passport.run(Passport:741)
	at com.kms.katalon.core.main.ScriptEngine.run(ScriptEngine.java:194)
	at com.kms.katalon.core.main.ScriptEngine.runScriptAsRawText(ScriptEngine.java:119)
	at com.kms.katalon.core.main.TestCaseExecutor.runScript(TestCaseExecutor.java:337)
	at com.kms.katalon.core.main.TestCaseExecutor.doExecute(TestCaseExecutor.java:328)
	at com.kms.katalon.core.main.TestCaseExecutor.processExecutionPhase(TestCaseExecutor.java:307)
	at com.kms.katalon.core.main.TestCaseExecutor.accessMainPhase(TestCaseExecutor.java:299)
	at com.kms.katalon.core.main.TestCaseExecutor.execute(TestCaseExecutor.java:233)
	at com.kms.katalon.core.main.TestSuiteExecutor.accessTestCaseMainPhase(TestSuiteExecutor.java:169)
	at com.kms.katalon.core.main.TestSuiteExecutor.accessTestSuiteMainPhase(TestSuiteExecutor.java:142)
	at com.kms.katalon.core.main.TestSuiteExecutor.execute(TestSuiteExecutor.java:91)
	at com.kms.katalon.core.main.TestCaseMain.startTestSuite(TestCaseMain.java:157)
	at com.kms.katalon.core.main.TestCaseMain$startTestSuite$0.call(Unknown Source)
	at TempTestSuite1596797328505.run(TempTestSuite1596797328505.groovy:36)


2020-08-07 18:48:52 - [TEST_STEP][PASSED] - startApplication("C:\Users\LENOVO\Katalon Studio\app-uat-universal-release.apk", false): Started app at: 'C:\Users\LENOVO\Katalon Studio\app-uat-universal-release.apk'

2020-08-07 18:48:53 - [MESSAGE][INFO] - User set preference: ['appWaitActivity', '*']

2020-08-07 18:48:53 - [MESSAGE][INFO] - User set preference: ['appWaitPackage', 'com.maybank2u.life.uat']

2020-08-07 18:48:53 - [MESSAGE][INFO] - User set preference: ['appWaitDuration', '50,000']

2020-08-07 18:48:53 - [MESSAGE][INFO] - User set preference: ['deviceId', '11cb9864']

2020-08-07 18:48:58 - [MESSAGE][INFO] - Appium server started on port 62,852

2020-08-07 18:49:27 - [MESSAGE][PASSED] - Started app at: 'C:\Users\LENOVO\Katalon Studio\app-uat-universal-release.apk'

2020-08-07 18:49:27 - [TEST_STEP][PASSED] - delay(5, STOP_ON_FAILURE): Delayed 5 second(s)

2020-08-07 18:49:32 - [MESSAGE][PASSED] - Delayed 5 second(s)

2020-08-07 18:49:32 - [TEST_STEP][PASSED] - delay(2, STOP_ON_FAILURE): Delayed 2 second(s)

2020-08-07 18:49:34 - [MESSAGE][PASSED] - Delayed 2 second(s)

2020-08-07 18:49:34 - [TEST_STEP][PASSED] - takeScreenshot("C:\Users\LENOVO\Screenshot\DuitNowProxy\Screen3.png", CONTINUE_ON_FAILURE): Screenshot is taken

2020-08-07 18:49:36 - [MESSAGE][PASSED] - Screenshot is taken
[[ATTACHMENT|C:\\Users\\LENOVO\\Screenshot\\DuitNowProxy\\Screen3.png]]

2020-08-07 18:49:36 - [TEST_STEP][PASSED] - tap(findTestObject("Maya/RegisterDuitNow/android.widget.TextView0 - More"), 0): Tapped on element 'Object Repository/Maya/RegisterDuitNow/android.widget.TextView0 - More'

2020-08-07 18:49:36 - [MESSAGE][WARNING] - Timeout '0' is invalid. Using default page load timeout: '10'

2020-08-07 18:49:49 - [MESSAGE][PASSED] - Tapped on element 'Object Repository/Maya/RegisterDuitNow/android.widget.TextView0 - More'

2020-08-07 18:49:49 - [TEST_STEP][PASSED] - tap(findTestObject("Maya/RegisterDuitNow/android.widget.TextView0 - Settings"), 0): Tapped on element 'Object Repository/Maya/RegisterDuitNow/android.widget.TextView0 - Settings'

2020-08-07 18:49:49 - [MESSAGE][WARNING] - Timeout '0' is invalid. Using default page load timeout: '10'

2020-08-07 18:49:51 - [MESSAGE][PASSED] - Tapped on element 'Object Repository/Maya/RegisterDuitNow/android.widget.TextView0 - Settings'

2020-08-07 18:49:51 - [TEST_STEP][PASSED] - delay(2, STOP_ON_FAILURE): Delayed 2 second(s)

2020-08-07 18:49:53 - [MESSAGE][PASSED] - Delayed 2 second(s)

2020-08-07 18:49:53 - [TEST_STEP][PASSED] - takeScreenshot("C:\Users\LENOVO\Screenshot\DuitNowProxy\Screen4.png", CONTINUE_ON_FAILURE): Screenshot is taken

2020-08-07 18:49:55 - [MESSAGE][PASSED] - Screenshot is taken
[[ATTACHMENT|C:\\Users\\LENOVO\\Screenshot\\DuitNowProxy\\Screen4.png]]

2020-08-07 18:49:55 - [TEST_STEP][PASSED] - tap(findTestObject("Maya/RegisterDuitNow/android.widget.TextView0 - Maybank2u"), 0): Tapped on element 'Object Repository/Maya/RegisterDuitNow/android.widget.TextView0 - Maybank2u'

2020-08-07 18:49:55 - [MESSAGE][WARNING] - Timeout '0' is invalid. Using default page load timeout: '10'

2020-08-07 18:49:56 - [MESSAGE][PASSED] - Tapped on element 'Object Repository/Maya/RegisterDuitNow/android.widget.TextView0 - Maybank2u'

2020-08-07 18:49:56 - [TEST_STEP][NOT_RUN] - setText(findTestObject("Maya/RegisterDuitNow/android.widget.EditText0"), "pass1234", 0): NOT_RUN: setText(findTestObject("Maya/RegisterDuitNow/android.widget.EditText0"), "pass1234", 0)

2020-08-07 18:49:56 - [MESSAGE][NOT_RUN] - NOT_RUN: setText(findTestObject("Maya/RegisterDuitNow/android.widget.EditText0"), "pass1234", 0)

2020-08-07 18:49:56 - [TEST_STEP][PASSED] - delay(2, STOP_ON_FAILURE): Delayed 2 second(s)

2020-08-07 18:49:58 - [MESSAGE][PASSED] - Delayed 2 second(s)

2020-08-07 18:49:58 - [TEST_STEP][PASSED] - takeScreenshot("C:\Users\LENOVO\Screenshot\DuitNowProxy\Screen6.png", CONTINUE_ON_FAILURE): Screenshot is taken

2020-08-07 18:50:00 - [MESSAGE][PASSED] - Screenshot is taken
[[ATTACHMENT|C:\\Users\\LENOVO\\Screenshot\\DuitNowProxy\\Screen6.png]]

2020-08-07 18:50:00 - [TEST_STEP][PASSED] - tap(findTestObject("Maya/RegisterDuitNow/android.widget.TextView0 - DuitNow"), 0): Tapped on element 'Object Repository/Maya/RegisterDuitNow/android.widget.TextView0 - DuitNow'

2020-08-07 18:50:00 - [MESSAGE][WARNING] - Timeout '0' is invalid. Using default page load timeout: '10'

2020-08-07 18:50:07 - [MESSAGE][PASSED] - Tapped on element 'Object Repository/Maya/RegisterDuitNow/android.widget.TextView0 - DuitNow'

2020-08-07 18:50:07 - [TEST_STEP][PASSED] - getText(findTestObject("Maya/RegisterDuitNow/android.widget.TextView0 - Link your Maybank account to an ID for DuitNow"), 0): Text of element 'Object Repository/Maya/RegisterDuitNow/android.widget.TextView0 - Link your Maybank account to an ID for DuitNow' is: 'Link your Maybank account to an ID for DuitNow'

2020-08-07 18:50:07 - [MESSAGE][WARNING] - Timeout '0' is invalid. Using default page load timeout: '10'

2020-08-07 18:50:07 - [MESSAGE][PASSED] - Text of element 'Object Repository/Maya/RegisterDuitNow/android.widget.TextView0 - Link your Maybank account to an ID for DuitNow' is: 'Link your Maybank account to an ID for DuitNow'

2020-08-07 18:50:07 - [TEST_STEP][PASSED] - verifyElementExist(findTestObject("Maya/RegisterDuitNow/android.widget.TextView0 - Link your Maybank account to an ID for DuitNow"), 0): Element 'Object Repository/Maya/RegisterDuitNow/android.widget.TextView0 - Link your Maybank account to an ID for DuitNow' is exist

2020-08-07 18:50:07 - [MESSAGE][WARNING] - Timeout '0' is invalid. Using default page load timeout: '10'

2020-08-07 18:50:08 - [MESSAGE][PASSED] - Element 'Object Repository/Maya/RegisterDuitNow/android.widget.TextView0 - Link your Maybank account to an ID for DuitNow' is exist

2020-08-07 18:50:08 - [TEST_STEP][PASSED] - delay(2, STOP_ON_FAILURE): Delayed 2 second(s)

2020-08-07 18:50:10 - [MESSAGE][PASSED] - Delayed 2 second(s)

2020-08-07 18:50:10 - [TEST_STEP][PASSED] - takeScreenshot("C:\Users\LENOVO\Screenshot\DuitNowProxy\Screen5.png", CONTINUE_ON_FAILURE): Screenshot is taken

2020-08-07 18:50:11 - [MESSAGE][PASSED] - Screenshot is taken
[[ATTACHMENT|C:\\Users\\LENOVO\\Screenshot\\DuitNowProxy\\Screen5.png]]

2020-08-07 18:50:11 - [TEST_STEP][PASSED] - getText(findTestObject("Maya/RegisterDuitNow/android.widget.TextView0 - Passport Number"), 0): Text of element 'Object Repository/Maya/RegisterDuitNow/android.widget.TextView0 - Passport Number' is: 'ID Number'

2020-08-07 18:50:12 - [MESSAGE][WARNING] - Timeout '0' is invalid. Using default page load timeout: '10'

2020-08-07 18:50:12 - [MESSAGE][PASSED] - Text of element 'Object Repository/Maya/RegisterDuitNow/android.widget.TextView0 - Passport Number' is: 'ID Number'

2020-08-07 18:50:12 - [TEST_STEP][PASSED] - verifyElementExist(findTestObject("Maya/RegisterDuitNow/android.widget.TextView0 - Passport Number"), 0): Element 'Object Repository/Maya/RegisterDuitNow/android.widget.TextView0 - Passport Number' is exist

2020-08-07 18:50:12 - [MESSAGE][WARNING] - Timeout '0' is invalid. Using default page load timeout: '10'

2020-08-07 18:50:13 - [MESSAGE][PASSED] - Element 'Object Repository/Maya/RegisterDuitNow/android.widget.TextView0 - Passport Number' is exist

2020-08-07 18:50:13 - [TEST_STEP][PASSED] - getText(findTestObject("Maya/RegisterDuitNow/android.widget.TextView0 - 5THA"), 0): Text of element 'Object Repository/Maya/RegisterDuitNow/android.widget.TextView0 - 5THA' is: '********5THA'

2020-08-07 18:50:13 - [MESSAGE][WARNING] - Timeout '0' is invalid. Using default page load timeout: '10'

2020-08-07 18:50:14 - [MESSAGE][PASSED] - Text of element 'Object Repository/Maya/RegisterDuitNow/android.widget.TextView0 - 5THA' is: '********5THA'

2020-08-07 18:50:14 - [TEST_STEP][PASSED] - verifyElementExist(findTestObject("Maya/RegisterDuitNow/android.widget.TextView0 - 5THA"), 0): Element 'Object Repository/Maya/RegisterDuitNow/android.widget.TextView0 - 5THA' is exist

2020-08-07 18:50:14 - [MESSAGE][WARNING] - Timeout '0' is invalid. Using default page load timeout: '10'

2020-08-07 18:50:14 - [MESSAGE][PASSED] - Element 'Object Repository/Maya/RegisterDuitNow/android.widget.TextView0 - 5THA' is exist

2020-08-07 18:50:14 - [TEST_STEP][PASSED] - getText(findTestObject("Maya/RegisterDuitNow/android.widget.TextView0 - Maybank"), 0): Text of element 'Object Repository/Maya/RegisterDuitNow/android.widget.TextView0 - Maybank' is: 'Maybank'

2020-08-07 18:50:15 - [MESSAGE][WARNING] - Timeout '0' is invalid. Using default page load timeout: '10'

2020-08-07 18:50:15 - [MESSAGE][PASSED] - Text of element 'Object Repository/Maya/RegisterDuitNow/android.widget.TextView0 - Maybank' is: 'Maybank'

2020-08-07 18:50:15 - [TEST_STEP][PASSED] - verifyElementExist(findTestObject("Maya/RegisterDuitNow/android.widget.TextView0 - Maybank"), 0): Element 'Object Repository/Maya/RegisterDuitNow/android.widget.TextView0 - Maybank' is exist

2020-08-07 18:50:15 - [MESSAGE][WARNING] - Timeout '0' is invalid. Using default page load timeout: '10'

2020-08-07 18:50:15 - [MESSAGE][PASSED] - Element 'Object Repository/Maya/RegisterDuitNow/android.widget.TextView0 - Maybank' is exist

2020-08-07 18:50:15 - [TEST_STEP][PASSED] - tap(findTestObject("Maya/RegisterDuitNow/android.widget.TextView0 - Passport Number"), 0): Tapped on element 'Object Repository/Maya/RegisterDuitNow/android.widget.TextView0 - Passport Number'

2020-08-07 18:50:15 - [MESSAGE][WARNING] - Timeout '0' is invalid. Using default page load timeout: '10'

2020-08-07 18:50:17 - [MESSAGE][PASSED] - Tapped on element 'Object Repository/Maya/RegisterDuitNow/android.widget.TextView0 - Passport Number'

2020-08-07 18:50:17 - [TEST_STEP][PASSED] - getText(findTestObject("Maya/RegisterDuitNow/android.widget.TextView0 - Passport Number (1)"), 0): Text of element 'Object Repository/Maya/RegisterDuitNow/android.widget.TextView0 - Passport Number (1)' is: 'Passport Number'

2020-08-07 18:50:17 - [MESSAGE][WARNING] - Timeout '0' is invalid. Using default page load timeout: '10'

2020-08-07 18:50:18 - [MESSAGE][PASSED] - Text of element 'Object Repository/Maya/RegisterDuitNow/android.widget.TextView0 - Passport Number (1)' is: 'Passport Number'

2020-08-07 18:50:18 - [TEST_STEP][PASSED] - verifyElementExist(findTestObject("Maya/RegisterDuitNow/android.widget.TextView0 - Maybank"), 0): Element 'Object Repository/Maya/RegisterDuitNow/android.widget.TextView0 - Maybank' is exist

2020-08-07 18:50:18 - [MESSAGE][WARNING] - Timeout '0' is invalid. Using default page load timeout: '10'

2020-08-07 18:50:18 - [MESSAGE][PASSED] - Element 'Object Repository/Maya/RegisterDuitNow/android.widget.TextView0 - Maybank' is exist

2020-08-07 18:50:18 - [TEST_STEP][PASSED] - getText(findTestObject("Maya/RegisterDuitNow/android.widget.TextView0 - 5THA (1)"), 0): Text of element 'Object Repository/Maya/RegisterDuitNow/android.widget.TextView0 - 5THA (1)' is: '********5THA'

2020-08-07 18:50:18 - [MESSAGE][WARNING] - Timeout '0' is invalid. Using default page load timeout: '10'

2020-08-07 18:50:19 - [MESSAGE][PASSED] - Text of element 'Object Repository/Maya/RegisterDuitNow/android.widget.TextView0 - 5THA (1)' is: '********5THA'

2020-08-07 18:50:19 - [TEST_STEP][PASSED] - verifyElementExist(findTestObject("Maya/RegisterDuitNow/android.widget.TextView0 - Maybank"), 0): Element 'Object Repository/Maya/RegisterDuitNow/android.widget.TextView0 - Maybank' is exist

2020-08-07 18:50:19 - [MESSAGE][WARNING] - Timeout '0' is invalid. Using default page load timeout: '10'

2020-08-07 18:50:19 - [MESSAGE][PASSED] - Element 'Object Repository/Maya/RegisterDuitNow/android.widget.TextView0 - Maybank' is exist

2020-08-07 18:50:19 - [TEST_STEP][PASSED] - getText(findTestObject("Maya/RegisterDuitNow/android.widget.TextView0 - Status"), 0): Text of element 'Object Repository/Maya/RegisterDuitNow/android.widget.TextView0 - Status' is: 'Status'

2020-08-07 18:50:19 - [MESSAGE][WARNING] - Timeout '0' is invalid. Using default page load timeout: '10'

2020-08-07 18:50:20 - [MESSAGE][PASSED] - Text of element 'Object Repository/Maya/RegisterDuitNow/android.widget.TextView0 - Status' is: 'Status'

2020-08-07 18:50:20 - [TEST_STEP][PASSED] - verifyElementExist(findTestObject("Maya/RegisterDuitNow/android.widget.TextView0 - Status"), 0): Element 'Object Repository/Maya/RegisterDuitNow/android.widget.TextView0 - Status' is exist

2020-08-07 18:50:20 - [MESSAGE][WARNING] - Timeout '0' is invalid. Using default page load timeout: '10'

2020-08-07 18:50:20 - [MESSAGE][PASSED] - Element 'Object Repository/Maya/RegisterDuitNow/android.widget.TextView0 - Status' is exist

2020-08-07 18:50:20 - [TEST_STEP][PASSED] - getText(findTestObject("Maya/RegisterDuitNow/android.widget.TextView0 - ACTIVE"), 0): Text of element 'Object Repository/Maya/RegisterDuitNow/android.widget.TextView0 - ACTIVE' is: 'ACTIVE'

2020-08-07 18:50:21 - [MESSAGE][WARNING] - Timeout '0' is invalid. Using default page load timeout: '10'

2020-08-07 18:50:21 - [MESSAGE][PASSED] - Text of element 'Object Repository/Maya/RegisterDuitNow/android.widget.TextView0 - ACTIVE' is: 'ACTIVE'

2020-08-07 18:50:21 - [TEST_STEP][PASSED] - delay(2, STOP_ON_FAILURE): Delayed 2 second(s)

2020-08-07 18:50:23 - [MESSAGE][PASSED] - Delayed 2 second(s)

2020-08-07 18:50:23 - [TEST_STEP][PASSED] - takeScreenshot("C:\Users\LENOVO\Screenshot\DuitNowProxy\Screen8.png", CONTINUE_ON_FAILURE): Screenshot is taken

2020-08-07 18:50:24 - [MESSAGE][PASSED] - Screenshot is taken
[[ATTACHMENT|C:\\Users\\LENOVO\\Screenshot\\DuitNowProxy\\Screen8.png]]

2020-08-07 18:50:24 - [TEST_STEP][PASSED] - verifyElementExist(findTestObject("Maya/RegisterDuitNow/android.widget.TextView0 - ACTIVE"), 0): Element 'Object Repository/Maya/RegisterDuitNow/android.widget.TextView0 - ACTIVE' is exist

2020-08-07 18:50:24 - [MESSAGE][WARNING] - Timeout '0' is invalid. Using default page load timeout: '10'

2020-08-07 18:50:25 - [MESSAGE][PASSED] - Element 'Object Repository/Maya/RegisterDuitNow/android.widget.TextView0 - ACTIVE' is exist

2020-08-07 18:50:25 - [TEST_STEP][PASSED] - getText(findTestObject("Maya/RegisterDuitNow/android.widget.TextView0 - Receiving bank"), 0): Text of element 'Object Repository/Maya/RegisterDuitNow/android.widget.TextView0 - Receiving bank' is: 'Receiving bank'

2020-08-07 18:50:25 - [MESSAGE][WARNING] - Timeout '0' is invalid. Using default page load timeout: '10'

2020-08-07 18:50:25 - [MESSAGE][PASSED] - Text of element 'Object Repository/Maya/RegisterDuitNow/android.widget.TextView0 - Receiving bank' is: 'Receiving bank'

2020-08-07 18:50:25 - [TEST_STEP][PASSED] - verifyElementExist(findTestObject("Maya/RegisterDuitNow/android.widget.TextView0 - Receiving bank"), 0): Element 'Object Repository/Maya/RegisterDuitNow/android.widget.TextView0 - Receiving bank' is exist

2020-08-07 18:50:25 - [MESSAGE][WARNING] - Timeout '0' is invalid. Using default page load timeout: '10'

2020-08-07 18:50:25 - [MESSAGE][PASSED] - Element 'Object Repository/Maya/RegisterDuitNow/android.widget.TextView0 - Receiving bank' is exist

2020-08-07 18:50:25 - [TEST_STEP][PASSED] - getText(findTestObject("Maya/RegisterDuitNow/android.widget.TextView0 - Maybank (1)"), 0): Text of element 'Object Repository/Maya/RegisterDuitNow/android.widget.TextView0 - Maybank (1)' is: 'Maybank'

2020-08-07 18:50:26 - [MESSAGE][WARNING] - Timeout '0' is invalid. Using default page load timeout: '10'

2020-08-07 18:50:26 - [MESSAGE][PASSED] - Text of element 'Object Repository/Maya/RegisterDuitNow/android.widget.TextView0 - Maybank (1)' is: 'Maybank'

2020-08-07 18:50:26 - [TEST_STEP][PASSED] - verifyElementExist(findTestObject("Maya/RegisterDuitNow/android.widget.TextView0 - Maybank (1)"), 0): Element 'Object Repository/Maya/RegisterDuitNow/android.widget.TextView0 - Maybank (1)' is exist

2020-08-07 18:50:26 - [MESSAGE][WARNING] - Timeout '0' is invalid. Using default page load timeout: '10'

2020-08-07 18:50:26 - [MESSAGE][PASSED] - Element 'Object Repository/Maya/RegisterDuitNow/android.widget.TextView0 - Maybank (1)' is exist

2020-08-07 18:50:26 - [TEST_STEP][PASSED] - getText(findTestObject("Maya/RegisterDuitNow/android.widget.TextView0 - Receiving Account"), 0): Text of element 'Object Repository/Maya/RegisterDuitNow/android.widget.TextView0 - Receiving Account' is: 'Receiving Account'

2020-08-07 18:50:26 - [MESSAGE][WARNING] - Timeout '0' is invalid. Using default page load timeout: '10'

2020-08-07 18:50:27 - [MESSAGE][PASSED] - Text of element 'Object Repository/Maya/RegisterDuitNow/android.widget.TextView0 - Receiving Account' is: 'Receiving Account'

2020-08-07 18:50:27 - [TEST_STEP][PASSED] - verifyElementExist(findTestObject("Maya/RegisterDuitNow/android.widget.TextView0 - Receiving Account"), 0): Element 'Object Repository/Maya/RegisterDuitNow/android.widget.TextView0 - Receiving Account' is exist

2020-08-07 18:50:27 - [MESSAGE][WARNING] - Timeout '0' is invalid. Using default page load timeout: '10'

2020-08-07 18:50:27 - [MESSAGE][PASSED] - Element 'Object Repository/Maya/RegisterDuitNow/android.widget.TextView0 - Receiving Account' is exist

2020-08-07 18:50:27 - [TEST_STEP][PASSED] - getText(findTestObject("Maya/RegisterDuitNow/android.widget.TextView0 - 4039"), 0): Text of element 'Object Repository/Maya/RegisterDuitNow/android.widget.TextView0 - 4039' is: '********4039'

2020-08-07 18:50:27 - [MESSAGE][WARNING] - Timeout '0' is invalid. Using default page load timeout: '10'

2020-08-07 18:50:28 - [MESSAGE][PASSED] - Text of element 'Object Repository/Maya/RegisterDuitNow/android.widget.TextView0 - 4039' is: '********4039'

2020-08-07 18:50:28 - [TEST_STEP][PASSED] - verifyElementExist(findTestObject("Maya/RegisterDuitNow/android.widget.TextView0 - 4039"), 0): Element 'Object Repository/Maya/RegisterDuitNow/android.widget.TextView0 - 4039' is exist

2020-08-07 18:50:28 - [MESSAGE][WARNING] - Timeout '0' is invalid. Using default page load timeout: '10'

2020-08-07 18:50:28 - [MESSAGE][PASSED] - Element 'Object Repository/Maya/RegisterDuitNow/android.widget.TextView0 - 4039' is exist

2020-08-07 18:50:28 - [TEST_STEP][PASSED] - getText(findTestObject("Maya/RegisterDuitNow/android.widget.TextView0 - Switch account"), 0): Text of element 'Object Repository/Maya/RegisterDuitNow/android.widget.TextView0 - Switch account' is: 'Switch account'

2020-08-07 18:50:28 - [MESSAGE][WARNING] - Timeout '0' is invalid. Using default page load timeout: '10'

2020-08-07 18:50:29 - [MESSAGE][PASSED] - Text of element 'Object Repository/Maya/RegisterDuitNow/android.widget.TextView0 - Switch account' is: 'Switch account'

2020-08-07 18:50:29 - [TEST_STEP][PASSED] - verifyElementExist(findTestObject("Maya/RegisterDuitNow/android.widget.TextView0 - 4039"), 0): Element 'Object Repository/Maya/RegisterDuitNow/android.widget.TextView0 - 4039' is exist

2020-08-07 18:50:29 - [MESSAGE][WARNING] - Timeout '0' is invalid. Using default page load timeout: '10'

2020-08-07 18:50:29 - [MESSAGE][PASSED] - Element 'Object Repository/Maya/RegisterDuitNow/android.widget.TextView0 - 4039' is exist

2020-08-07 18:50:29 - [TEST_STEP][PASSED] - tap(findTestObject("Maya/RegisterDuitNow/android.widget.TextView0 - Switch account"), 0): Tapped on element 'Object Repository/Maya/RegisterDuitNow/android.widget.TextView0 - Switch account'

2020-08-07 18:50:29 - [MESSAGE][WARNING] - Timeout '0' is invalid. Using default page load timeout: '10'

2020-08-07 18:50:31 - [MESSAGE][PASSED] - Tapped on element 'Object Repository/Maya/RegisterDuitNow/android.widget.TextView0 - Switch account'

2020-08-07 18:50:31 - [TEST_STEP][PASSED] - getText(findTestObject("Maya/RegisterDuitNow/android.widget.TextView0 - Link Maybank account to DuitNow"), 0): Text of element 'Object Repository/Maya/RegisterDuitNow/android.widget.TextView0 - Link Maybank account to DuitNow' is: 'Link Maybank account to DuitNow'

2020-08-07 18:50:31 - [MESSAGE][WARNING] - Timeout '0' is invalid. Using default page load timeout: '10'

2020-08-07 18:50:32 - [MESSAGE][PASSED] - Text of element 'Object Repository/Maya/RegisterDuitNow/android.widget.TextView0 - Link Maybank account to DuitNow' is: 'Link Maybank account to DuitNow'

2020-08-07 18:50:32 - [TEST_STEP][PASSED] - verifyElementExist(findTestObject("Maya/RegisterDuitNow/android.widget.TextView0 - Link Maybank account to DuitNow"), 0): Element 'Object Repository/Maya/RegisterDuitNow/android.widget.TextView0 - Link Maybank account to DuitNow' is exist

2020-08-07 18:50:32 - [MESSAGE][WARNING] - Timeout '0' is invalid. Using default page load timeout: '10'

2020-08-07 18:50:32 - [MESSAGE][PASSED] - Element 'Object Repository/Maya/RegisterDuitNow/android.widget.TextView0 - Link Maybank account to DuitNow' is exist

2020-08-07 18:50:32 - [TEST_STEP][PASSED] - delay(2, STOP_ON_FAILURE): Delayed 2 second(s)

2020-08-07 18:50:34 - [MESSAGE][PASSED] - Delayed 2 second(s)

2020-08-07 18:50:34 - [TEST_STEP][PASSED] - takeScreenshot("C:\Users\LENOVO\Screenshot\DuitNowProxy\Screen10.png", CONTINUE_ON_FAILURE): Screenshot is taken

2020-08-07 18:50:36 - [MESSAGE][PASSED] - Screenshot is taken
[[ATTACHMENT|C:\\Users\\LENOVO\\Screenshot\\DuitNowProxy\\Screen10.png]]

2020-08-07 18:50:36 - [TEST_STEP][PASSED] - tapAndHoldAtPosition(540, 773, 1): Tapped and held at [540, 773] with duration 1

2020-08-07 18:50:38 - [MESSAGE][PASSED] - Tapped and held at [540, 773] with duration 1

2020-08-07 18:50:38 - [TEST_STEP][PASSED] - tap(findTestObject("Maya/RegisterDuitNow/android.widget.TextView0 - Continue"), 0): Tapped on element 'Object Repository/Maya/RegisterDuitNow/android.widget.TextView0 - Continue'

2020-08-07 18:50:39 - [MESSAGE][WARNING] - Timeout '0' is invalid. Using default page load timeout: '10'

2020-08-07 18:50:40 - [MESSAGE][PASSED] - Tapped on element 'Object Repository/Maya/RegisterDuitNow/android.widget.TextView0 - Continue'

2020-08-07 18:50:40 - [TEST_STEP][PASSED] - getText(findTestObject("Maya/RegisterDuitNow/android.widget.TextView0 - Please confirm your DuitNow details"), 0): Text of element 'Object Repository/Maya/RegisterDuitNow/android.widget.TextView0 - Please confirm your DuitNow details' is: 'Please confirm your DuitNow details'

2020-08-07 18:50:40 - [MESSAGE][WARNING] - Timeout '0' is invalid. Using default page load timeout: '10'

2020-08-07 18:50:41 - [MESSAGE][PASSED] - Text of element 'Object Repository/Maya/RegisterDuitNow/android.widget.TextView0 - Please confirm your DuitNow details' is: 'Please confirm your DuitNow details'

2020-08-07 18:50:41 - [TEST_STEP][PASSED] - verifyElementExist(findTestObject("Maya/RegisterDuitNow/android.widget.TextView0 - Please confirm your DuitNow details"), 0): Element 'Object Repository/Maya/RegisterDuitNow/android.widget.TextView0 - Please confirm your DuitNow details' is exist

2020-08-07 18:50:41 - [MESSAGE][WARNING] - Timeout '0' is invalid. Using default page load timeout: '10'

2020-08-07 18:50:41 - [MESSAGE][PASSED] - Element 'Object Repository/Maya/RegisterDuitNow/android.widget.TextView0 - Please confirm your DuitNow details' is exist

2020-08-07 18:50:41 - [TEST_STEP][PASSED] - delay(2, STOP_ON_FAILURE): Delayed 2 second(s)

2020-08-07 18:50:43 - [MESSAGE][PASSED] - Delayed 2 second(s)

2020-08-07 18:50:43 - [TEST_STEP][PASSED] - takeScreenshot("C:\Users\LENOVO\Screenshot\DuitNowProxy\Screen11.png", CONTINUE_ON_FAILURE): Screenshot is taken

2020-08-07 18:50:44 - [MESSAGE][PASSED] - Screenshot is taken
[[ATTACHMENT|C:\\Users\\LENOVO\\Screenshot\\DuitNowProxy\\Screen11.png]]

2020-08-07 18:50:44 - [TEST_STEP][NOT_RUN] - getText(findTestObject("Maya/RegisterDuitNow/android.widget.TextView0 - Passport Number (2)"), 0): NOT_RUN: getText(findTestObject("Maya/RegisterDuitNow/android.widget.TextView0 - Passport Number (2)"), 0)

2020-08-07 18:50:44 - [MESSAGE][NOT_RUN] - NOT_RUN: getText(findTestObject("Maya/RegisterDuitNow/android.widget.TextView0 - Passport Number (2)"), 0)

2020-08-07 18:50:44 - [TEST_STEP][NOT_RUN] - verifyElementExist(findTestObject("Maya/RegisterDuitNow/android.widget.TextView0 - Passport Number (2)"), 0): NOT_RUN: verifyElementExist(findTestObject("Maya/RegisterDuitNow/android.widget.TextView0 - Passport Number (2)"), 0)

2020-08-07 18:50:44 - [MESSAGE][NOT_RUN] - NOT_RUN: verifyElementExist(findTestObject("Maya/RegisterDuitNow/android.widget.TextView0 - Passport Number (2)"), 0)

2020-08-07 18:50:44 - [TEST_STEP][PASSED] - tap(findTestObject("Maya/RegisterDuitNow/android.widget.TextView0 - Agree and Confirm"), 0): Tapped on element 'Object Repository/Maya/RegisterDuitNow/android.widget.TextView0 - Agree and Confirm'

2020-08-07 18:50:44 - [MESSAGE][WARNING] - Timeout '0' is invalid. Using default page load timeout: '10'

2020-08-07 18:50:46 - [MESSAGE][PASSED] - Tapped on element 'Object Repository/Maya/RegisterDuitNow/android.widget.TextView0 - Agree and Confirm'

2020-08-07 18:50:46 - [TEST_STEP][PASSED] - tap(findTestObject("Maya/RegisterDuitNow/android.widget.TextView0 - Confirm"), 0): Tapped on element 'Object Repository/Maya/RegisterDuitNow/android.widget.TextView0 - Confirm'

2020-08-07 18:50:46 - [MESSAGE][WARNING] - Timeout '0' is invalid. Using default page load timeout: '10'

2020-08-07 18:50:48 - [MESSAGE][PASSED] - Tapped on element 'Object Repository/Maya/RegisterDuitNow/android.widget.TextView0 - Confirm'

2020-08-07 18:50:48 - [TEST_STEP][PASSED] - delay(2, STOP_ON_FAILURE): Delayed 2 second(s)

2020-08-07 18:50:50 - [MESSAGE][PASSED] - Delayed 2 second(s)

2020-08-07 18:50:50 - [TEST_STEP][PASSED] - takeScreenshot("C:\Users\LENOVO\Screenshot\DuitNowProxy\Screen12.png", CONTINUE_ON_FAILURE): Screenshot is taken

2020-08-07 18:50:51 - [MESSAGE][PASSED] - Screenshot is taken
[[ATTACHMENT|C:\\Users\\LENOVO\\Screenshot\\DuitNowProxy\\Screen12.png]]

2020-08-07 18:50:51 - [TEST_STEP][PASSED] - otpMess = getText(findTestObject("Maya/Third Party CA account/android.widget.TextView0 - Your OTP no. is 460943"), 0): Text of element 'Object Repository/Maya/Third Party CA account/android.widget.TextView0 - Your OTP no. is 460943' is: 'Your OTP no. is 112747'

2020-08-07 18:50:51 - [MESSAGE][WARNING] - Timeout '0' is invalid. Using default page load timeout: '10'

2020-08-07 18:50:52 - [MESSAGE][PASSED] - Text of element 'Object Repository/Maya/Third Party CA account/android.widget.TextView0 - Your OTP no. is 460943' is: 'Your OTP no. is 112747'

2020-08-07 18:50:52 - [TEST_STEP][PASSED] - delay(2): Delayed 2 second(s)

2020-08-07 18:50:54 - [MESSAGE][PASSED] - Delayed 2 second(s)

2020-08-07 18:50:54 - [TEST_STEP][PASSED] - for ([i = 16, i <= 21, (i++)]): null

2020-08-07 18:50:54 - [TEST_STEP][PASSED] - delay(3, STOP_ON_FAILURE): Delayed 3 second(s)

2020-08-07 18:50:57 - [MESSAGE][PASSED] - Delayed 3 second(s)

2020-08-07 18:50:57 - [TEST_STEP][PASSED] - if (otpMess[i] == "0"): null

2020-08-07 18:50:57 - [TEST_STEP][PASSED] - if (otpMess[i] == "1"): Tapped on element 'Object Repository/Maya/login again/Spy - 1'

2020-08-07 18:50:57 - [TEST_STEP][PASSED] - delay(1, STOP_ON_FAILURE): Delayed 1 second(s)

2020-08-07 18:50:58 - [MESSAGE][PASSED] - Delayed 1 second(s)

2020-08-07 18:50:58 - [TEST_STEP][PASSED] - tap(findTestObject("Maya/login again/Spy - 1"), 0): Tapped on element 'Object Repository/Maya/login again/Spy - 1'

2020-08-07 18:50:58 - [MESSAGE][WARNING] - Timeout '0' is invalid. Using default page load timeout: '10'

2020-08-07 18:51:00 - [MESSAGE][PASSED] - Tapped on element 'Object Repository/Maya/login again/Spy - 1'

2020-08-07 18:51:00 - [TEST_STEP][PASSED] - if (otpMess[i] == "2"): null

2020-08-07 18:51:00 - [TEST_STEP][PASSED] - if (otpMess[i] == "3"): null

2020-08-07 18:51:00 - [TEST_STEP][PASSED] - if (otpMess[i] == "4"): null

2020-08-07 18:51:00 - [TEST_STEP][PASSED] - if (otpMess[i] == "5"): null

2020-08-07 18:51:00 - [TEST_STEP][PASSED] - if (otpMess[i] == "6"): null

2020-08-07 18:51:00 - [TEST_STEP][PASSED] - if (otpMess[i] == "7"): null

2020-08-07 18:51:00 - [TEST_STEP][PASSED] - if (otpMess[i] == "8"): null

2020-08-07 18:51:00 - [TEST_STEP][PASSED] - if (otpMess[i] == "9"): null

2020-08-07 18:51:00 - [TEST_STEP][PASSED] - delay(3, STOP_ON_FAILURE): Delayed 3 second(s)

2020-08-07 18:51:03 - [MESSAGE][PASSED] - Delayed 3 second(s)

2020-08-07 18:51:03 - [TEST_STEP][PASSED] - if (otpMess[i] == "0"): null

2020-08-07 18:51:03 - [TEST_STEP][PASSED] - if (otpMess[i] == "1"): Tapped on element 'Object Repository/Maya/login again/Spy - 1'

2020-08-07 18:51:03 - [TEST_STEP][PASSED] - delay(1, STOP_ON_FAILURE): Delayed 1 second(s)

2020-08-07 18:51:04 - [MESSAGE][PASSED] - Delayed 1 second(s)

2020-08-07 18:51:04 - [TEST_STEP][PASSED] - tap(findTestObject("Maya/login again/Spy - 1"), 0): Tapped on element 'Object Repository/Maya/login again/Spy - 1'

2020-08-07 18:51:04 - [MESSAGE][WARNING] - Timeout '0' is invalid. Using default page load timeout: '10'

2020-08-07 18:51:06 - [MESSAGE][PASSED] - Tapped on element 'Object Repository/Maya/login again/Spy - 1'

2020-08-07 18:51:06 - [TEST_STEP][PASSED] - if (otpMess[i] == "2"): null

2020-08-07 18:51:06 - [TEST_STEP][PASSED] - if (otpMess[i] == "3"): null

2020-08-07 18:51:06 - [TEST_STEP][PASSED] - if (otpMess[i] == "4"): null

2020-08-07 18:51:06 - [TEST_STEP][PASSED] - if (otpMess[i] == "5"): null

2020-08-07 18:51:06 - [TEST_STEP][PASSED] - if (otpMess[i] == "6"): null

2020-08-07 18:51:06 - [TEST_STEP][PASSED] - if (otpMess[i] == "7"): null

2020-08-07 18:51:06 - [TEST_STEP][PASSED] - if (otpMess[i] == "8"): null

2020-08-07 18:51:06 - [TEST_STEP][PASSED] - if (otpMess[i] == "9"): null

2020-08-07 18:51:06 - [TEST_STEP][PASSED] - delay(3, STOP_ON_FAILURE): Delayed 3 second(s)

2020-08-07 18:51:09 - [MESSAGE][PASSED] - Delayed 3 second(s)

2020-08-07 18:51:09 - [TEST_STEP][PASSED] - if (otpMess[i] == "0"): null

2020-08-07 18:51:09 - [TEST_STEP][PASSED] - if (otpMess[i] == "1"): null

2020-08-07 18:51:09 - [TEST_STEP][PASSED] - if (otpMess[i] == "2"): Tapped on element 'Object Repository/Maya/login again/Spy- 2'

2020-08-07 18:51:09 - [TEST_STEP][PASSED] - delay(1, STOP_ON_FAILURE): Delayed 1 second(s)

2020-08-07 18:51:10 - [MESSAGE][PASSED] - Delayed 1 second(s)

2020-08-07 18:51:10 - [TEST_STEP][PASSED] - tap(findTestObject("Maya/login again/Spy- 2"), 0): Tapped on element 'Object Repository/Maya/login again/Spy- 2'

2020-08-07 18:51:10 - [MESSAGE][WARNING] - Timeout '0' is invalid. Using default page load timeout: '10'

2020-08-07 18:51:12 - [MESSAGE][PASSED] - Tapped on element 'Object Repository/Maya/login again/Spy- 2'

2020-08-07 18:51:12 - [TEST_STEP][PASSED] - if (otpMess[i] == "3"): null

2020-08-07 18:51:12 - [TEST_STEP][PASSED] - if (otpMess[i] == "4"): null

2020-08-07 18:51:12 - [TEST_STEP][PASSED] - if (otpMess[i] == "5"): null

2020-08-07 18:51:12 - [TEST_STEP][PASSED] - if (otpMess[i] == "6"): null

2020-08-07 18:51:12 - [TEST_STEP][PASSED] - if (otpMess[i] == "7"): null

2020-08-07 18:51:12 - [TEST_STEP][PASSED] - if (otpMess[i] == "8"): null

2020-08-07 18:51:12 - [TEST_STEP][PASSED] - if (otpMess[i] == "9"): null

2020-08-07 18:51:12 - [TEST_STEP][PASSED] - delay(3, STOP_ON_FAILURE): Delayed 3 second(s)

2020-08-07 18:51:15 - [MESSAGE][PASSED] - Delayed 3 second(s)

2020-08-07 18:51:15 - [TEST_STEP][PASSED] - if (otpMess[i] == "0"): null

2020-08-07 18:51:15 - [TEST_STEP][PASSED] - if (otpMess[i] == "1"): null

2020-08-07 18:51:15 - [TEST_STEP][PASSED] - if (otpMess[i] == "2"): null

2020-08-07 18:51:15 - [TEST_STEP][PASSED] - if (otpMess[i] == "3"): null

2020-08-07 18:51:15 - [TEST_STEP][PASSED] - if (otpMess[i] == "4"): null

2020-08-07 18:51:15 - [TEST_STEP][PASSED] - if (otpMess[i] == "5"): null

2020-08-07 18:51:15 - [TEST_STEP][PASSED] - if (otpMess[i] == "6"): null

2020-08-07 18:51:15 - [TEST_STEP][PASSED] - if (otpMess[i] == "7"): Tapped on element 'Object Repository/Maya/login again/Spy - 7'

2020-08-07 18:51:15 - [TEST_STEP][PASSED] - delay(1, STOP_ON_FAILURE): Delayed 1 second(s)

2020-08-07 18:51:16 - [MESSAGE][PASSED] - Delayed 1 second(s)

2020-08-07 18:51:16 - [TEST_STEP][PASSED] - tap(findTestObject("Maya/login again/Spy - 7"), 0): Tapped on element 'Object Repository/Maya/login again/Spy - 7'

2020-08-07 18:51:16 - [MESSAGE][WARNING] - Timeout '0' is invalid. Using default page load timeout: '10'

2020-08-07 18:51:17 - [MESSAGE][PASSED] - Tapped on element 'Object Repository/Maya/login again/Spy - 7'

2020-08-07 18:51:17 - [TEST_STEP][PASSED] - if (otpMess[i] == "8"): null

2020-08-07 18:51:17 - [TEST_STEP][PASSED] - if (otpMess[i] == "9"): null

2020-08-07 18:51:17 - [TEST_STEP][PASSED] - delay(3, STOP_ON_FAILURE): Delayed 3 second(s)

2020-08-07 18:51:20 - [MESSAGE][PASSED] - Delayed 3 second(s)

2020-08-07 18:51:20 - [TEST_STEP][PASSED] - if (otpMess[i] == "0"): null

2020-08-07 18:51:20 - [TEST_STEP][PASSED] - if (otpMess[i] == "1"): null

2020-08-07 18:51:20 - [TEST_STEP][PASSED] - if (otpMess[i] == "2"): null

2020-08-07 18:51:20 - [TEST_STEP][PASSED] - if (otpMess[i] == "3"): null

2020-08-07 18:51:20 - [TEST_STEP][PASSED] - if (otpMess[i] == "4"): Tapped on element 'Object Repository/Maya/login again/Spy - 4'

2020-08-07 18:51:20 - [TEST_STEP][PASSED] - delay(1, STOP_ON_FAILURE): Delayed 1 second(s)

2020-08-07 18:51:21 - [MESSAGE][PASSED] - Delayed 1 second(s)

2020-08-07 18:51:21 - [TEST_STEP][PASSED] - tap(findTestObject("Maya/login again/Spy - 4"), 0): Tapped on element 'Object Repository/Maya/login again/Spy - 4'

2020-08-07 18:51:21 - [MESSAGE][WARNING] - Timeout '0' is invalid. Using default page load timeout: '10'

2020-08-07 18:51:22 - [MESSAGE][PASSED] - Tapped on element 'Object Repository/Maya/login again/Spy - 4'

2020-08-07 18:51:22 - [TEST_STEP][PASSED] - if (otpMess[i] == "5"): null

2020-08-07 18:51:22 - [TEST_STEP][PASSED] - if (otpMess[i] == "6"): null

2020-08-07 18:51:22 - [TEST_STEP][PASSED] - if (otpMess[i] == "7"): null

2020-08-07 18:51:22 - [TEST_STEP][PASSED] - if (otpMess[i] == "8"): null

2020-08-07 18:51:22 - [TEST_STEP][PASSED] - if (otpMess[i] == "9"): null

2020-08-07 18:51:22 - [TEST_STEP][PASSED] - delay(3, STOP_ON_FAILURE): Delayed 3 second(s)

2020-08-07 18:51:25 - [MESSAGE][PASSED] - Delayed 3 second(s)

2020-08-07 18:51:25 - [TEST_STEP][PASSED] - if (otpMess[i] == "0"): null

2020-08-07 18:51:25 - [TEST_STEP][PASSED] - if (otpMess[i] == "1"): null

2020-08-07 18:51:25 - [TEST_STEP][PASSED] - if (otpMess[i] == "2"): null

2020-08-07 18:51:25 - [TEST_STEP][PASSED] - if (otpMess[i] == "3"): null

2020-08-07 18:51:25 - [TEST_STEP][PASSED] - if (otpMess[i] == "4"): null

2020-08-07 18:51:25 - [TEST_STEP][PASSED] - if (otpMess[i] == "5"): null

2020-08-07 18:51:25 - [TEST_STEP][PASSED] - if (otpMess[i] == "6"): null

2020-08-07 18:51:25 - [TEST_STEP][PASSED] - if (otpMess[i] == "7"): Tapped on element 'Object Repository/Maya/login again/Spy - 7'

2020-08-07 18:51:25 - [TEST_STEP][PASSED] - delay(1, STOP_ON_FAILURE): Delayed 1 second(s)

2020-08-07 18:51:26 - [MESSAGE][PASSED] - Delayed 1 second(s)

2020-08-07 18:51:26 - [TEST_STEP][PASSED] - tap(findTestObject("Maya/login again/Spy - 7"), 0): Tapped on element 'Object Repository/Maya/login again/Spy - 7'

2020-08-07 18:51:27 - [MESSAGE][WARNING] - Timeout '0' is invalid. Using default page load timeout: '10'

2020-08-07 18:51:28 - [MESSAGE][PASSED] - Tapped on element 'Object Repository/Maya/login again/Spy - 7'

2020-08-07 18:51:28 - [TEST_STEP][PASSED] - if (otpMess[i] == "8"): null

2020-08-07 18:51:28 - [TEST_STEP][PASSED] - if (otpMess[i] == "9"): null

2020-08-07 18:51:28 - [TEST_STEP][PASSED] - delay(8, STOP_ON_FAILURE): Delayed 8 second(s)

2020-08-07 18:51:36 - [MESSAGE][PASSED] - Delayed 8 second(s)

2020-08-07 18:51:36 - [TEST_STEP][PASSED] - tap(findTestObject("Maya/Forgot Pin/android.widget.ImageView0 (7)"), 0): Tapped on element 'Object Repository/Maya/Forgot Pin/android.widget.ImageView0 (7)'

2020-08-07 18:51:36 - [MESSAGE][WARNING] - Timeout '0' is invalid. Using default page load timeout: '10'

2020-08-07 18:51:37 - [MESSAGE][PASSED] - Tapped on element 'Object Repository/Maya/Forgot Pin/android.widget.ImageView0 (7)'

2020-08-07 18:51:37 - [TEST_STEP][PASSED] - getText(findTestObject("Maya/RegisterDuitNow/android.widget.TextView0 - Youve successfully linked your account to DuitNow"), 0, STOP_ON_FAILURE): Text of element 'Object Repository/Maya/RegisterDuitNow/android.widget.TextView0 - Youve successfully linked your account to DuitNow' is: 'You’ve successfully linked your account to DuitNow'

2020-08-07 18:51:37 - [MESSAGE][WARNING] - Timeout '0' is invalid. Using default page load timeout: '10'

2020-08-07 18:51:40 - [MESSAGE][PASSED] - Text of element 'Object Repository/Maya/RegisterDuitNow/android.widget.TextView0 - Youve successfully linked your account to DuitNow' is: 'You’ve successfully linked your account to DuitNow'

2020-08-07 18:51:40 - [TEST_STEP][PASSED] - verifyElementExist(findTestObject("Maya/RegisterDuitNow/android.widget.TextView0 - Youve successfully linked your account to DuitNow"), 0): Element 'Object Repository/Maya/RegisterDuitNow/android.widget.TextView0 - Youve successfully linked your account to DuitNow' is exist

2020-08-07 18:51:40 - [MESSAGE][WARNING] - Timeout '0' is invalid. Using default page load timeout: '10'

2020-08-07 18:51:40 - [MESSAGE][PASSED] - Element 'Object Repository/Maya/RegisterDuitNow/android.widget.TextView0 - Youve successfully linked your account to DuitNow' is exist

2020-08-07 18:51:40 - [TEST_STEP][PASSED] - delay(2, STOP_ON_FAILURE): Delayed 2 second(s)

2020-08-07 18:51:42 - [MESSAGE][PASSED] - Delayed 2 second(s)

2020-08-07 18:51:42 - [TEST_STEP][PASSED] - takeScreenshot("C:\Users\LENOVO\Screenshot\DuitNowProxy\Screen13.png", CONTINUE_ON_FAILURE): Screenshot is taken

2020-08-07 18:51:44 - [MESSAGE][PASSED] - Screenshot is taken
[[ATTACHMENT|C:\\Users\\LENOVO\\Screenshot\\DuitNowProxy\\Screen13.png]]

2020-08-07 18:51:44 - [TEST_STEP][PASSED] - getText(findTestObject("Maya/RegisterDuitNow/android.widget.TextView0 - Your Account"), 0): Text of element 'Object Repository/Maya/RegisterDuitNow/android.widget.TextView0 - Your Account' is: 'Your Account'

2020-08-07 18:51:44 - [MESSAGE][WARNING] - Timeout '0' is invalid. Using default page load timeout: '10'

2020-08-07 18:51:45 - [MESSAGE][PASSED] - Text of element 'Object Repository/Maya/RegisterDuitNow/android.widget.TextView0 - Your Account' is: 'Your Account'

2020-08-07 18:51:45 - [TEST_STEP][PASSED] - verifyElementExist(findTestObject("Maya/RegisterDuitNow/android.widget.TextView0 - Your Account"), 0): Element 'Object Repository/Maya/RegisterDuitNow/android.widget.TextView0 - Your Account' is exist

2020-08-07 18:51:45 - [MESSAGE][WARNING] - Timeout '0' is invalid. Using default page load timeout: '10'

2020-08-07 18:51:45 - [MESSAGE][PASSED] - Element 'Object Repository/Maya/RegisterDuitNow/android.widget.TextView0 - Your Account' is exist

2020-08-07 18:51:45 - [TEST_STEP][PASSED] - delay(2, STOP_ON_FAILURE): Delayed 2 second(s)

2020-08-07 18:51:47 - [MESSAGE][PASSED] - Delayed 2 second(s)

2020-08-07 18:51:47 - [TEST_STEP][PASSED] - takeScreenshot("C:\Users\LENOVO\Screenshot\DuitNowProxy\Screen14.png", CONTINUE_ON_FAILURE): Screenshot is taken

2020-08-07 18:51:48 - [MESSAGE][PASSED] - Screenshot is taken
[[ATTACHMENT|C:\\Users\\LENOVO\\Screenshot\\DuitNowProxy\\Screen14.png]]

2020-08-07 18:51:49 - [TEST_STEP][PASSED] - getText(findTestObject("Maya/RegisterDuitNow/android.widget.TextView0 - Passport Number (3)"), 0): Text of element 'Object Repository/Maya/RegisterDuitNow/android.widget.TextView0 - Passport Number (3)' is: 'Passport Number'

2020-08-07 18:51:49 - [MESSAGE][WARNING] - Timeout '0' is invalid. Using default page load timeout: '10'

2020-08-07 18:51:49 - [MESSAGE][PASSED] - Text of element 'Object Repository/Maya/RegisterDuitNow/android.widget.TextView0 - Passport Number (3)' is: 'Passport Number'

2020-08-07 18:51:49 - [TEST_STEP][PASSED] - verifyElementExist(findTestObject("Maya/RegisterDuitNow/android.widget.TextView0 - Passport Number (3)"), 0): Element 'Object Repository/Maya/RegisterDuitNow/android.widget.TextView0 - Passport Number (3)' is exist

2020-08-07 18:51:49 - [MESSAGE][WARNING] - Timeout '0' is invalid. Using default page load timeout: '10'

2020-08-07 18:51:50 - [MESSAGE][PASSED] - Element 'Object Repository/Maya/RegisterDuitNow/android.widget.TextView0 - Passport Number (3)' is exist

2020-08-07 18:51:50 - [TEST_STEP][PASSED] - tap(findTestObject("Maya/RegisterDuitNow/android.widget.TextView0 - Done"), 0): Tapped on element 'Object Repository/Maya/RegisterDuitNow/android.widget.TextView0 - Done'

2020-08-07 18:51:50 - [MESSAGE][WARNING] - Timeout '0' is invalid. Using default page load timeout: '10'

2020-08-07 18:51:52 - [MESSAGE][PASSED] - Tapped on element 'Object Repository/Maya/RegisterDuitNow/android.widget.TextView0 - Done'

2020-08-07 18:51:52 - [TEST_STEP][PASSED] - tap(findTestObject("Maya/RegisterDuitNow/android.widget.TextView0 - DuitNow (1)"), 0): Tapped on element 'Object Repository/Maya/RegisterDuitNow/android.widget.TextView0 - DuitNow (1)'

2020-08-07 18:51:52 - [MESSAGE][WARNING] - Timeout '0' is invalid. Using default page load timeout: '10'

2020-08-07 18:51:54 - [MESSAGE][PASSED] - Tapped on element 'Object Repository/Maya/RegisterDuitNow/android.widget.TextView0 - DuitNow (1)'

2020-08-07 18:51:54 - [TEST_STEP][PASSED] - tap(findTestObject("Maya/RegisterDuitNow/android.widget.TextView0 - Passport Number (4)"), 0): Tapped on element 'Object Repository/Maya/RegisterDuitNow/android.widget.TextView0 - Passport Number (4)'

2020-08-07 18:51:54 - [MESSAGE][WARNING] - Timeout '0' is invalid. Using default page load timeout: '10'

2020-08-07 18:51:56 - [MESSAGE][PASSED] - Tapped on element 'Object Repository/Maya/RegisterDuitNow/android.widget.TextView0 - Passport Number (4)'

2020-08-07 18:51:56 - [TEST_STEP][PASSED] - getText(findTestObject("Maya/Nric Proxy Army/android.widget.TextView0 - ACTIVE"), 0): Text of element 'Object Repository/Maya/Nric Proxy Army/android.widget.TextView0 - ACTIVE' is: 'ACTIVE'

2020-08-07 18:51:57 - [MESSAGE][WARNING] - Timeout '0' is invalid. Using default page load timeout: '10'

2020-08-07 18:51:57 - [MESSAGE][PASSED] - Text of element 'Object Repository/Maya/Nric Proxy Army/android.widget.TextView0 - ACTIVE' is: 'ACTIVE'

2020-08-07 18:51:57 - [TEST_STEP][PASSED] - getText(findTestObject("Maya/RegisterDuitNow/android.widget.TextView0 - Passport Number (3)"), 0): Text of element 'Object Repository/Maya/RegisterDuitNow/android.widget.TextView0 - Passport Number (3)' is: 'Passport Number'

2020-08-07 18:51:57 - [MESSAGE][WARNING] - Timeout '0' is invalid. Using default page load timeout: '10'

2020-08-07 18:51:57 - [MESSAGE][PASSED] - Text of element 'Object Repository/Maya/RegisterDuitNow/android.widget.TextView0 - Passport Number (3)' is: 'Passport Number'

2020-08-07 18:51:57 - [TEST_STEP][PASSED] - delay(2, STOP_ON_FAILURE): Delayed 2 second(s)

2020-08-07 18:51:59 - [MESSAGE][PASSED] - Delayed 2 second(s)

2020-08-07 18:51:59 - [TEST_STEP][PASSED] - takeScreenshot("C:\Users\LENOVO\Screenshot\DuitNowProxy\Screen15.png", CONTINUE_ON_FAILURE): Screenshot is taken

2020-08-07 18:52:01 - [MESSAGE][PASSED] - Screenshot is taken
[[ATTACHMENT|C:\\Users\\LENOVO\\Screenshot\\DuitNowProxy\\Screen15.png]]

2020-08-07 18:52:01 - [TEST_STEP][PASSED] - verifyElementExist(findTestObject("Maya/Nric Proxy Army/android.widget.TextView0 - ACTIVE"), 0): Element 'Object Repository/Maya/Nric Proxy Army/android.widget.TextView0 - ACTIVE' is exist

2020-08-07 18:52:01 - [MESSAGE][WARNING] - Timeout '0' is invalid. Using default page load timeout: '10'

2020-08-07 18:52:01 - [MESSAGE][PASSED] - Element 'Object Repository/Maya/Nric Proxy Army/android.widget.TextView0 - ACTIVE' is exist

2020-08-07 18:52:01 - [TEST_STEP][PASSED] - delay(3, STOP_ON_FAILURE): Delayed 3 second(s)

2020-08-07 18:52:04 - [MESSAGE][PASSED] - Delayed 3 second(s)

2020-08-07 18:52:04 - [TEST_STEP][PASSED] - tap(findTestObject("Maya/Nric Proxy Army/android.widget.TextView0 - Disable Temporarily"), 0): Tapped on element 'Object Repository/Maya/Nric Proxy Army/android.widget.TextView0 - Disable Temporarily'

2020-08-07 18:52:04 - [MESSAGE][WARNING] - Timeout '0' is invalid. Using default page load timeout: '10'

2020-08-07 18:52:06 - [MESSAGE][PASSED] - Tapped on element 'Object Repository/Maya/Nric Proxy Army/android.widget.TextView0 - Disable Temporarily'

2020-08-07 18:52:06 - [TEST_STEP][PASSED] - tap(findTestObject("Maya/Nric Proxy Army/android.widget.TextView0 - Confirm (1)"), 0): Tapped on element 'Object Repository/Maya/Nric Proxy Army/android.widget.TextView0 - Confirm (1)'

2020-08-07 18:52:06 - [MESSAGE][WARNING] - Timeout '0' is invalid. Using default page load timeout: '10'

2020-08-07 18:52:08 - [MESSAGE][PASSED] - Tapped on element 'Object Repository/Maya/Nric Proxy Army/android.widget.TextView0 - Confirm (1)'

2020-08-07 18:52:08 - [TEST_STEP][PASSED] - delay(3, STOP_ON_FAILURE): Delayed 3 second(s)

2020-08-07 18:52:11 - [MESSAGE][PASSED] - Delayed 3 second(s)

2020-08-07 18:52:11 - [TEST_STEP][PASSED] - takeScreenshot("C:\Users\LENOVO\Screenshot\DuitNowProxy\Screen17.png", CONTINUE_ON_FAILURE): Screenshot is taken

2020-08-07 18:52:12 - [MESSAGE][PASSED] - Screenshot is taken
[[ATTACHMENT|C:\\Users\\LENOVO\\Screenshot\\DuitNowProxy\\Screen17.png]]

2020-08-07 18:52:12 - [TEST_STEP][PASSED] - tap(findTestObject("Maya/Nric Proxy Army/android.widget.TextView0 - Confirm"), 0): Tapped on element 'Object Repository/Maya/Nric Proxy Army/android.widget.TextView0 - Confirm'

2020-08-07 18:52:12 - [MESSAGE][WARNING] - Timeout '0' is invalid. Using default page load timeout: '10'

2020-08-07 18:52:14 - [MESSAGE][PASSED] - Tapped on element 'Object Repository/Maya/Nric Proxy Army/android.widget.TextView0 - Confirm'

2020-08-07 18:52:14 - [TEST_STEP][PASSED] - otp = getText(findTestObject("Maya/Third Party CA account/android.widget.TextView0 - Your OTP no. is 460943"), 0): Text of element 'Object Repository/Maya/Third Party CA account/android.widget.TextView0 - Your OTP no. is 460943' is: 'Your OTP no. is 457930'

2020-08-07 18:52:15 - [MESSAGE][WARNING] - Timeout '0' is invalid. Using default page load timeout: '10'

2020-08-07 18:52:18 - [MESSAGE][PASSED] - Text of element 'Object Repository/Maya/Third Party CA account/android.widget.TextView0 - Your OTP no. is 460943' is: 'Your OTP no. is 457930'

2020-08-07 18:52:18 - [TEST_STEP][PASSED] - delay(2): Delayed 2 second(s)

2020-08-07 18:52:20 - [MESSAGE][PASSED] - Delayed 2 second(s)

2020-08-07 18:52:20 - [TEST_STEP][PASSED] - for ([i = 16, i <= 21, (i++)]): null

2020-08-07 18:52:20 - [TEST_STEP][PASSED] - delay(3, STOP_ON_FAILURE): Delayed 3 second(s)

2020-08-07 18:52:23 - [MESSAGE][PASSED] - Delayed 3 second(s)

2020-08-07 18:52:23 - [TEST_STEP][PASSED] - if (otp[i] == "0"): null

2020-08-07 18:52:23 - [TEST_STEP][PASSED] - if (otp[i] == "1"): null

2020-08-07 18:52:23 - [TEST_STEP][PASSED] - if (otp[i] == "2"): null

2020-08-07 18:52:23 - [TEST_STEP][PASSED] - if (otp[i] == "3"): null

2020-08-07 18:52:23 - [TEST_STEP][PASSED] - if (otp[i] == "4"): Tapped on element 'Object Repository/Maya/login again/Spy - 4'

2020-08-07 18:52:23 - [TEST_STEP][PASSED] - delay(1, STOP_ON_FAILURE): Delayed 1 second(s)

2020-08-07 18:52:24 - [MESSAGE][PASSED] - Delayed 1 second(s)

2020-08-07 18:52:24 - [TEST_STEP][PASSED] - tap(findTestObject("Maya/login again/Spy - 4"), 0): Tapped on element 'Object Repository/Maya/login again/Spy - 4'

2020-08-07 18:52:24 - [MESSAGE][WARNING] - Timeout '0' is invalid. Using default page load timeout: '10'

2020-08-07 18:52:25 - [MESSAGE][PASSED] - Tapped on element 'Object Repository/Maya/login again/Spy - 4'

2020-08-07 18:52:25 - [TEST_STEP][PASSED] - if (otp[i] == "5"): null

2020-08-07 18:52:25 - [TEST_STEP][PASSED] - if (otp[i] == "6"): null

2020-08-07 18:52:25 - [TEST_STEP][PASSED] - if (otp[i] == "7"): null

2020-08-07 18:52:25 - [TEST_STEP][PASSED] - if (otp[i] == "8"): null

2020-08-07 18:52:25 - [TEST_STEP][PASSED] - if (otp[i] == "9"): null

2020-08-07 18:52:25 - [TEST_STEP][PASSED] - delay(3, STOP_ON_FAILURE): Delayed 3 second(s)

2020-08-07 18:52:28 - [MESSAGE][PASSED] - Delayed 3 second(s)

2020-08-07 18:52:28 - [TEST_STEP][PASSED] - if (otp[i] == "0"): null

2020-08-07 18:52:28 - [TEST_STEP][PASSED] - if (otp[i] == "1"): null

2020-08-07 18:52:28 - [TEST_STEP][PASSED] - if (otp[i] == "2"): null

2020-08-07 18:52:28 - [TEST_STEP][PASSED] - if (otp[i] == "3"): null

2020-08-07 18:52:28 - [TEST_STEP][PASSED] - if (otp[i] == "4"): null

2020-08-07 18:52:28 - [TEST_STEP][PASSED] - if (otp[i] == "5"): Tapped on element 'Object Repository/Maya/login again/Spy- 5'

2020-08-07 18:52:28 - [TEST_STEP][PASSED] - delay(1, STOP_ON_FAILURE): Delayed 1 second(s)

2020-08-07 18:52:29 - [MESSAGE][PASSED] - Delayed 1 second(s)

2020-08-07 18:52:29 - [TEST_STEP][PASSED] - tap(findTestObject("Maya/login again/Spy- 5"), 0): Tapped on element 'Object Repository/Maya/login again/Spy- 5'

2020-08-07 18:52:29 - [MESSAGE][WARNING] - Timeout '0' is invalid. Using default page load timeout: '10'

2020-08-07 18:52:30 - [MESSAGE][PASSED] - Tapped on element 'Object Repository/Maya/login again/Spy- 5'

2020-08-07 18:52:30 - [TEST_STEP][PASSED] - if (otp[i] == "6"): null

2020-08-07 18:52:30 - [TEST_STEP][PASSED] - if (otp[i] == "7"): null

2020-08-07 18:52:30 - [TEST_STEP][PASSED] - if (otp[i] == "8"): null

2020-08-07 18:52:30 - [TEST_STEP][PASSED] - if (otp[i] == "9"): null

2020-08-07 18:52:30 - [TEST_STEP][PASSED] - delay(3, STOP_ON_FAILURE): Delayed 3 second(s)

2020-08-07 18:52:33 - [MESSAGE][PASSED] - Delayed 3 second(s)

2020-08-07 18:52:33 - [TEST_STEP][PASSED] - if (otp[i] == "0"): null

2020-08-07 18:52:33 - [TEST_STEP][PASSED] - if (otp[i] == "1"): null

2020-08-07 18:52:33 - [TEST_STEP][PASSED] - if (otp[i] == "2"): null

2020-08-07 18:52:33 - [TEST_STEP][PASSED] - if (otp[i] == "3"): null

2020-08-07 18:52:33 - [TEST_STEP][PASSED] - if (otp[i] == "4"): null

2020-08-07 18:52:33 - [TEST_STEP][PASSED] - if (otp[i] == "5"): null

2020-08-07 18:52:33 - [TEST_STEP][PASSED] - if (otp[i] == "6"): null

2020-08-07 18:52:33 - [TEST_STEP][PASSED] - if (otp[i] == "7"): Tapped on element 'Object Repository/Maya/login again/Spy - 7'

2020-08-07 18:52:33 - [TEST_STEP][PASSED] - delay(1, STOP_ON_FAILURE): Delayed 1 second(s)

2020-08-07 18:52:34 - [MESSAGE][PASSED] - Delayed 1 second(s)

2020-08-07 18:52:34 - [TEST_STEP][PASSED] - tap(findTestObject("Maya/login again/Spy - 7"), 0): Tapped on element 'Object Repository/Maya/login again/Spy - 7'

2020-08-07 18:52:34 - [MESSAGE][WARNING] - Timeout '0' is invalid. Using default page load timeout: '10'

2020-08-07 18:52:35 - [MESSAGE][PASSED] - Tapped on element 'Object Repository/Maya/login again/Spy - 7'

2020-08-07 18:52:35 - [TEST_STEP][PASSED] - if (otp[i] == "8"): null

2020-08-07 18:52:35 - [TEST_STEP][PASSED] - if (otp[i] == "9"): null

2020-08-07 18:52:35 - [TEST_STEP][PASSED] - delay(3, STOP_ON_FAILURE): Delayed 3 second(s)

2020-08-07 18:52:38 - [MESSAGE][PASSED] - Delayed 3 second(s)

2020-08-07 18:52:38 - [TEST_STEP][PASSED] - if (otp[i] == "0"): null

2020-08-07 18:52:38 - [TEST_STEP][PASSED] - if (otp[i] == "1"): null

2020-08-07 18:52:38 - [TEST_STEP][PASSED] - if (otp[i] == "2"): null

2020-08-07 18:52:38 - [TEST_STEP][PASSED] - if (otp[i] == "3"): null

2020-08-07 18:52:38 - [TEST_STEP][PASSED] - if (otp[i] == "4"): null

2020-08-07 18:52:38 - [TEST_STEP][PASSED] - if (otp[i] == "5"): null

2020-08-07 18:52:38 - [TEST_STEP][PASSED] - if (otp[i] == "6"): null

2020-08-07 18:52:38 - [TEST_STEP][PASSED] - if (otp[i] == "7"): null

2020-08-07 18:52:38 - [TEST_STEP][PASSED] - if (otp[i] == "8"): null

2020-08-07 18:52:38 - [TEST_STEP][PASSED] - if (otp[i] == "9"): Tapped on element 'Object Repository/Maya/login again/Spy- 9'

2020-08-07 18:52:38 - [TEST_STEP][PASSED] - delay(1, STOP_ON_FAILURE): Delayed 1 second(s)

2020-08-07 18:52:39 - [MESSAGE][PASSED] - Delayed 1 second(s)

2020-08-07 18:52:39 - [TEST_STEP][PASSED] - tap(findTestObject("Maya/login again/Spy- 9"), 0): Tapped on element 'Object Repository/Maya/login again/Spy- 9'

2020-08-07 18:52:39 - [MESSAGE][WARNING] - Timeout '0' is invalid. Using default page load timeout: '10'

2020-08-07 18:52:40 - [MESSAGE][PASSED] - Tapped on element 'Object Repository/Maya/login again/Spy- 9'

2020-08-07 18:52:40 - [TEST_STEP][PASSED] - delay(3, STOP_ON_FAILURE): Delayed 3 second(s)

2020-08-07 18:52:43 - [MESSAGE][PASSED] - Delayed 3 second(s)

2020-08-07 18:52:43 - [TEST_STEP][PASSED] - if (otp[i] == "0"): null

2020-08-07 18:52:43 - [TEST_STEP][PASSED] - if (otp[i] == "1"): null

2020-08-07 18:52:43 - [TEST_STEP][PASSED] - if (otp[i] == "2"): null

2020-08-07 18:52:43 - [TEST_STEP][PASSED] - if (otp[i] == "3"): Tapped on element 'Object Repository/Maya/login again/Spy- 3'

2020-08-07 18:52:43 - [TEST_STEP][PASSED] - delay(1, STOP_ON_FAILURE): Delayed 1 second(s)

2020-08-07 18:52:44 - [MESSAGE][PASSED] - Delayed 1 second(s)

2020-08-07 18:52:44 - [TEST_STEP][NOT_RUN] - tap(findTestObject("MAYA SIT v118/spy/TAC - keypad 3"), 0): NOT_RUN: tap(findTestObject("MAYA SIT v118/spy/TAC - keypad 3"), 0)

2020-08-07 18:52:44 - [MESSAGE][NOT_RUN] - NOT_RUN: tap(findTestObject("MAYA SIT v118/spy/TAC - keypad 3"), 0)

2020-08-07 18:52:44 - [TEST_STEP][PASSED] - tap(findTestObject("Maya/login again/Spy- 3"), 0): Tapped on element 'Object Repository/Maya/login again/Spy- 3'

2020-08-07 18:52:44 - [MESSAGE][WARNING] - Timeout '0' is invalid. Using default page load timeout: '10'

2020-08-07 18:52:45 - [MESSAGE][PASSED] - Tapped on element 'Object Repository/Maya/login again/Spy- 3'

2020-08-07 18:52:45 - [TEST_STEP][PASSED] - if (otp[i] == "4"): null

2020-08-07 18:52:45 - [TEST_STEP][PASSED] - if (otp[i] == "5"): null

2020-08-07 18:52:45 - [TEST_STEP][PASSED] - if (otp[i] == "6"): null

2020-08-07 18:52:45 - [TEST_STEP][PASSED] - if (otp[i] == "7"): null

2020-08-07 18:52:45 - [TEST_STEP][PASSED] - if (otp[i] == "8"): null

2020-08-07 18:52:45 - [TEST_STEP][PASSED] - if (otp[i] == "9"): null

2020-08-07 18:52:45 - [TEST_STEP][PASSED] - delay(3, STOP_ON_FAILURE): Delayed 3 second(s)

2020-08-07 18:52:48 - [MESSAGE][PASSED] - Delayed 3 second(s)

2020-08-07 18:52:48 - [TEST_STEP][PASSED] - if (otp[i] == "0"): Tapped on element 'Object Repository/Maya/login again/Spy-0'

2020-08-07 18:52:48 - [TEST_STEP][PASSED] - delay(1, STOP_ON_FAILURE): Delayed 1 second(s)

2020-08-07 18:52:49 - [MESSAGE][PASSED] - Delayed 1 second(s)

2020-08-07 18:52:49 - [TEST_STEP][PASSED] - tap(findTestObject("Maya/login again/Spy-0"), 0): Tapped on element 'Object Repository/Maya/login again/Spy-0'

2020-08-07 18:52:49 - [MESSAGE][WARNING] - Timeout '0' is invalid. Using default page load timeout: '10'

2020-08-07 18:52:50 - [MESSAGE][PASSED] - Tapped on element 'Object Repository/Maya/login again/Spy-0'

2020-08-07 18:52:50 - [TEST_STEP][PASSED] - if (otp[i] == "1"): null

2020-08-07 18:52:50 - [TEST_STEP][PASSED] - if (otp[i] == "2"): null

2020-08-07 18:52:50 - [TEST_STEP][PASSED] - if (otp[i] == "3"): null

2020-08-07 18:52:50 - [TEST_STEP][PASSED] - if (otp[i] == "4"): null

2020-08-07 18:52:50 - [TEST_STEP][PASSED] - if (otp[i] == "5"): null

2020-08-07 18:52:50 - [TEST_STEP][PASSED] - if (otp[i] == "6"): null

2020-08-07 18:52:50 - [TEST_STEP][PASSED] - if (otp[i] == "7"): null

2020-08-07 18:52:50 - [TEST_STEP][PASSED] - if (otp[i] == "8"): null

2020-08-07 18:52:50 - [TEST_STEP][PASSED] - if (otp[i] == "9"): null

2020-08-07 18:52:50 - [TEST_STEP][PASSED] - delay(8, STOP_ON_FAILURE): Delayed 8 second(s)

2020-08-07 18:52:58 - [MESSAGE][PASSED] - Delayed 8 second(s)

2020-08-07 18:52:58 - [TEST_STEP][PASSED] - tap(findTestObject("Maya/Forgot Pin/android.widget.ImageView0 (7)"), 0): Tapped on element 'Object Repository/Maya/Forgot Pin/android.widget.ImageView0 (7)'

2020-08-07 18:52:58 - [MESSAGE][WARNING] - Timeout '0' is invalid. Using default page load timeout: '10'

2020-08-07 18:52:59 - [MESSAGE][PASSED] - Tapped on element 'Object Repository/Maya/Forgot Pin/android.widget.ImageView0 (7)'

2020-08-07 18:52:59 - [TEST_STEP][PASSED] - verifyElementExist(findTestObject("Maya/RegisterDuitNow/android.widget.TextView0 - DuitNow successfully disabled."), 0): Element 'Object Repository/Maya/RegisterDuitNow/android.widget.TextView0 - DuitNow successfully disabled.' is exist

2020-08-07 18:52:59 - [MESSAGE][WARNING] - Timeout '0' is invalid. Using default page load timeout: '10'

2020-08-07 18:53:03 - [MESSAGE][PASSED] - Element 'Object Repository/Maya/RegisterDuitNow/android.widget.TextView0 - DuitNow successfully disabled.' is exist

2020-08-07 18:53:03 - [TEST_STEP][PASSED] - takeScreenshot("C:\Users\LENOVO\Screenshot\DuitNowProxy\Screen18.png", CONTINUE_ON_FAILURE): Screenshot is taken

2020-08-07 18:53:05 - [MESSAGE][PASSED] - Screenshot is taken
[[ATTACHMENT|C:\\Users\\LENOVO\\Screenshot\\DuitNowProxy\\Screen18.png]]

2020-08-07 18:53:05 - [TEST_STEP][PASSED] - tap(findTestObject("Maya/Nric Proxy Army/android.widget.TextView0 - DuitNow"), 0): Tapped on element 'Object Repository/Maya/Nric Proxy Army/android.widget.TextView0 - DuitNow'

2020-08-07 18:53:05 - [MESSAGE][WARNING] - Timeout '0' is invalid. Using default page load timeout: '10'

2020-08-07 18:53:07 - [MESSAGE][PASSED] - Tapped on element 'Object Repository/Maya/Nric Proxy Army/android.widget.TextView0 - DuitNow'

2020-08-07 18:53:07 - [TEST_STEP][PASSED] - delay(8, STOP_ON_FAILURE): Delayed 8 second(s)

2020-08-07 18:53:15 - [MESSAGE][PASSED] - Delayed 8 second(s)

2020-08-07 18:53:15 - [TEST_STEP][PASSED] - getText(findTestObject("Maya/RegisterDuitNow/android.widget.TextView0 - Passport Number"), 0): Text of element 'Object Repository/Maya/RegisterDuitNow/android.widget.TextView0 - Passport Number' is: 'ID Number'

2020-08-07 18:53:15 - [MESSAGE][WARNING] - Timeout '0' is invalid. Using default page load timeout: '10'

2020-08-07 18:53:16 - [MESSAGE][PASSED] - Text of element 'Object Repository/Maya/RegisterDuitNow/android.widget.TextView0 - Passport Number' is: 'ID Number'

2020-08-07 18:53:16 - [TEST_STEP][PASSED] - tap(findTestObject("Maya/RegisterDuitNow/android.widget.TextView0 - Passport Number"), 0): Tapped on element 'Object Repository/Maya/RegisterDuitNow/android.widget.TextView0 - Passport Number'

2020-08-07 18:53:16 - [MESSAGE][WARNING] - Timeout '0' is invalid. Using default page load timeout: '10'

2020-08-07 18:53:18 - [MESSAGE][PASSED] - Tapped on element 'Object Repository/Maya/RegisterDuitNow/android.widget.TextView0 - Passport Number'

2020-08-07 18:53:18 - [TEST_STEP][NOT_RUN] - tap(findTestObject("Maya/Nric Proxy Army/android.widget.TextView0 - 4178"), 0): NOT_RUN: tap(findTestObject("Maya/Nric Proxy Army/android.widget.TextView0 - 4178"), 0)

2020-08-07 18:53:18 - [MESSAGE][NOT_RUN] - NOT_RUN: tap(findTestObject("Maya/Nric Proxy Army/android.widget.TextView0 - 4178"), 0)

2020-08-07 18:53:18 - [TEST_STEP][PASSED] - getText(findTestObject("Maya/Nric Proxy Army/android.widget.TextView0 - INACTIVE"), 0): Text of element 'Object Repository/Maya/Nric Proxy Army/android.widget.TextView0 - INACTIVE' is: 'INACTIVE'

2020-08-07 18:53:18 - [MESSAGE][WARNING] - Timeout '0' is invalid. Using default page load timeout: '10'

2020-08-07 18:53:18 - [MESSAGE][PASSED] - Text of element 'Object Repository/Maya/Nric Proxy Army/android.widget.TextView0 - INACTIVE' is: 'INACTIVE'

2020-08-07 18:53:18 - [TEST_STEP][PASSED] - tap(findTestObject("Maya/Nric Proxy Army/android.widget.TextView0 - Deregister DuitNow"), 0): Tapped on element 'Object Repository/Maya/Nric Proxy Army/android.widget.TextView0 - Deregister DuitNow'

2020-08-07 18:53:18 - [MESSAGE][WARNING] - Timeout '0' is invalid. Using default page load timeout: '10'

2020-08-07 18:53:19 - [MESSAGE][PASSED] - Tapped on element 'Object Repository/Maya/Nric Proxy Army/android.widget.TextView0 - Deregister DuitNow'

2020-08-07 18:53:19 - [TEST_STEP][PASSED] - delay(3, STOP_ON_FAILURE): Delayed 3 second(s)

2020-08-07 18:53:22 - [MESSAGE][PASSED] - Delayed 3 second(s)

2020-08-07 18:53:22 - [TEST_STEP][PASSED] - takeScreenshot("C:\Users\LENOVO\Screenshot\DuitNowProxy\Screen19.png", CONTINUE_ON_FAILURE): Screenshot is taken

2020-08-07 18:53:24 - [MESSAGE][PASSED] - Screenshot is taken
[[ATTACHMENT|C:\\Users\\LENOVO\\Screenshot\\DuitNowProxy\\Screen19.png]]

2020-08-07 18:53:24 - [TEST_STEP][PASSED] - tap(findTestObject("Maya/Nric Proxy Army/android.widget.TextView0 - Confirm (1)"), 0): Tapped on element 'Object Repository/Maya/Nric Proxy Army/android.widget.TextView0 - Confirm (1)'

2020-08-07 18:53:24 - [MESSAGE][WARNING] - Timeout '0' is invalid. Using default page load timeout: '10'

2020-08-07 18:53:26 - [MESSAGE][PASSED] - Tapped on element 'Object Repository/Maya/Nric Proxy Army/android.widget.TextView0 - Confirm (1)'

2020-08-07 18:53:26 - [TEST_STEP][PASSED] - tap(findTestObject("Maya/Nric Proxy Army/android.widget.TextView0 - Confirm"), 0): Tapped on element 'Object Repository/Maya/Nric Proxy Army/android.widget.TextView0 - Confirm'

2020-08-07 18:53:26 - [MESSAGE][WARNING] - Timeout '0' is invalid. Using default page load timeout: '10'

2020-08-07 18:53:27 - [MESSAGE][PASSED] - Tapped on element 'Object Repository/Maya/Nric Proxy Army/android.widget.TextView0 - Confirm'

2020-08-07 18:53:27 - [TEST_STEP][PASSED] - otpM = getText(findTestObject("Maya/Third Party CA account/android.widget.TextView0 - Your OTP no. is 460943"), 0): Text of element 'Object Repository/Maya/Third Party CA account/android.widget.TextView0 - Your OTP no. is 460943' is: 'Your OTP no. is 603794'

2020-08-07 18:53:27 - [MESSAGE][WARNING] - Timeout '0' is invalid. Using default page load timeout: '10'

2020-08-07 18:53:30 - [MESSAGE][PASSED] - Text of element 'Object Repository/Maya/Third Party CA account/android.widget.TextView0 - Your OTP no. is 460943' is: 'Your OTP no. is 603794'

2020-08-07 18:53:30 - [TEST_STEP][PASSED] - delay(2): Delayed 2 second(s)

2020-08-07 18:53:32 - [MESSAGE][PASSED] - Delayed 2 second(s)

2020-08-07 18:53:32 - [TEST_STEP][PASSED] - for ([i = 16, i <= 21, (i++)]): null

2020-08-07 18:53:32 - [TEST_STEP][PASSED] - delay(3, STOP_ON_FAILURE): Delayed 3 second(s)

2020-08-07 18:53:35 - [MESSAGE][PASSED] - Delayed 3 second(s)

2020-08-07 18:53:35 - [TEST_STEP][PASSED] - if (otpM[i] == "0"): null

2020-08-07 18:53:35 - [TEST_STEP][PASSED] - if (otpM[i] == "1"): null

2020-08-07 18:53:35 - [TEST_STEP][PASSED] - if (otpM[i] == "2"): null

2020-08-07 18:53:35 - [TEST_STEP][PASSED] - if (otpM[i] == "3"): null

2020-08-07 18:53:35 - [TEST_STEP][PASSED] - if (otpM[i] == "4"): null

2020-08-07 18:53:35 - [TEST_STEP][PASSED] - if (otpM[i] == "5"): null

2020-08-07 18:53:35 - [TEST_STEP][PASSED] - if (otpM[i] == "6"): Tapped on element 'Object Repository/Maya/login again/Spy- 6'

2020-08-07 18:53:35 - [TEST_STEP][PASSED] - delay(1, STOP_ON_FAILURE): Delayed 1 second(s)

2020-08-07 18:53:36 - [MESSAGE][PASSED] - Delayed 1 second(s)

2020-08-07 18:53:36 - [TEST_STEP][PASSED] - tap(findTestObject("Maya/login again/Spy- 6"), 0): Tapped on element 'Object Repository/Maya/login again/Spy- 6'

2020-08-07 18:53:36 - [MESSAGE][WARNING] - Timeout '0' is invalid. Using default page load timeout: '10'

2020-08-07 18:53:37 - [MESSAGE][PASSED] - Tapped on element 'Object Repository/Maya/login again/Spy- 6'

2020-08-07 18:53:37 - [TEST_STEP][PASSED] - if (otpM[i] == "7"): null

2020-08-07 18:53:37 - [TEST_STEP][PASSED] - if (otpM[i] == "8"): null

2020-08-07 18:53:37 - [TEST_STEP][PASSED] - if (otpM[i] == "9"): null

2020-08-07 18:53:37 - [TEST_STEP][PASSED] - delay(3, STOP_ON_FAILURE): Delayed 3 second(s)

2020-08-07 18:53:40 - [MESSAGE][PASSED] - Delayed 3 second(s)

2020-08-07 18:53:40 - [TEST_STEP][PASSED] - if (otpM[i] == "0"): Tapped on element 'Object Repository/Maya/login again/Spy-0'

2020-08-07 18:53:40 - [TEST_STEP][PASSED] - delay(1, STOP_ON_FAILURE): Delayed 1 second(s)

2020-08-07 18:53:41 - [MESSAGE][PASSED] - Delayed 1 second(s)

2020-08-07 18:53:41 - [TEST_STEP][PASSED] - tap(findTestObject("Maya/login again/Spy-0"), 0): Tapped on element 'Object Repository/Maya/login again/Spy-0'

2020-08-07 18:53:41 - [MESSAGE][WARNING] - Timeout '0' is invalid. Using default page load timeout: '10'

2020-08-07 18:53:42 - [MESSAGE][PASSED] - Tapped on element 'Object Repository/Maya/login again/Spy-0'

2020-08-07 18:53:42 - [TEST_STEP][PASSED] - if (otpM[i] == "1"): null

2020-08-07 18:53:42 - [TEST_STEP][PASSED] - if (otpM[i] == "2"): null

2020-08-07 18:53:42 - [TEST_STEP][PASSED] - if (otpM[i] == "3"): null

2020-08-07 18:53:42 - [TEST_STEP][PASSED] - if (otpM[i] == "4"): null

2020-08-07 18:53:42 - [TEST_STEP][PASSED] - if (otpM[i] == "5"): null

2020-08-07 18:53:42 - [TEST_STEP][PASSED] - if (otpM[i] == "6"): null

2020-08-07 18:53:42 - [TEST_STEP][PASSED] - if (otpM[i] == "7"): null

2020-08-07 18:53:42 - [TEST_STEP][PASSED] - if (otpM[i] == "8"): null

2020-08-07 18:53:42 - [TEST_STEP][PASSED] - if (otpM[i] == "9"): null

2020-08-07 18:53:42 - [TEST_STEP][PASSED] - delay(3, STOP_ON_FAILURE): Delayed 3 second(s)

2020-08-07 18:53:45 - [MESSAGE][PASSED] - Delayed 3 second(s)

2020-08-07 18:53:45 - [TEST_STEP][PASSED] - if (otpM[i] == "0"): null

2020-08-07 18:53:45 - [TEST_STEP][PASSED] - if (otpM[i] == "1"): null

2020-08-07 18:53:45 - [TEST_STEP][PASSED] - if (otpM[i] == "2"): null

2020-08-07 18:53:45 - [TEST_STEP][PASSED] - if (otpM[i] == "3"): Tapped on element 'Object Repository/Maya/login again/Spy- 3'

2020-08-07 18:53:45 - [TEST_STEP][PASSED] - delay(1, STOP_ON_FAILURE): Delayed 1 second(s)

2020-08-07 18:53:46 - [MESSAGE][PASSED] - Delayed 1 second(s)

2020-08-07 18:53:46 - [TEST_STEP][NOT_RUN] - tap(findTestObject("MAYA SIT v118/spy/TAC - keypad 3"), 0): NOT_RUN: tap(findTestObject("MAYA SIT v118/spy/TAC - keypad 3"), 0)

2020-08-07 18:53:46 - [MESSAGE][NOT_RUN] - NOT_RUN: tap(findTestObject("MAYA SIT v118/spy/TAC - keypad 3"), 0)

2020-08-07 18:53:46 - [TEST_STEP][PASSED] - tap(findTestObject("Maya/login again/Spy- 3"), 0): Tapped on element 'Object Repository/Maya/login again/Spy- 3'

2020-08-07 18:53:46 - [MESSAGE][WARNING] - Timeout '0' is invalid. Using default page load timeout: '10'

2020-08-07 18:53:48 - [MESSAGE][PASSED] - Tapped on element 'Object Repository/Maya/login again/Spy- 3'

2020-08-07 18:53:48 - [TEST_STEP][PASSED] - if (otpM[i] == "4"): null

2020-08-07 18:53:48 - [TEST_STEP][PASSED] - if (otpM[i] == "5"): null

2020-08-07 18:53:48 - [TEST_STEP][PASSED] - if (otpM[i] == "6"): null

2020-08-07 18:53:48 - [TEST_STEP][PASSED] - if (otpM[i] == "7"): null

2020-08-07 18:53:48 - [TEST_STEP][PASSED] - if (otpM[i] == "8"): null

2020-08-07 18:53:48 - [TEST_STEP][PASSED] - if (otpM[i] == "9"): null

2020-08-07 18:53:48 - [TEST_STEP][PASSED] - delay(3, STOP_ON_FAILURE): Delayed 3 second(s)

2020-08-07 18:53:51 - [MESSAGE][PASSED] - Delayed 3 second(s)

2020-08-07 18:53:51 - [TEST_STEP][PASSED] - if (otpM[i] == "0"): null

2020-08-07 18:53:51 - [TEST_STEP][PASSED] - if (otpM[i] == "1"): null

2020-08-07 18:53:51 - [TEST_STEP][PASSED] - if (otpM[i] == "2"): null

2020-08-07 18:53:51 - [TEST_STEP][PASSED] - if (otpM[i] == "3"): null

2020-08-07 18:53:51 - [TEST_STEP][PASSED] - if (otpM[i] == "4"): null

2020-08-07 18:53:51 - [TEST_STEP][PASSED] - if (otpM[i] == "5"): null

2020-08-07 18:53:51 - [TEST_STEP][PASSED] - if (otpM[i] == "6"): null

2020-08-07 18:53:51 - [TEST_STEP][PASSED] - if (otpM[i] == "7"): Tapped on element 'Object Repository/Maya/login again/Spy - 7'

2020-08-07 18:53:51 - [TEST_STEP][PASSED] - delay(1, STOP_ON_FAILURE): Delayed 1 second(s)

2020-08-07 18:53:52 - [MESSAGE][PASSED] - Delayed 1 second(s)

2020-08-07 18:53:52 - [TEST_STEP][PASSED] - tap(findTestObject("Maya/login again/Spy - 7"), 0): Tapped on element 'Object Repository/Maya/login again/Spy - 7'

2020-08-07 18:53:52 - [MESSAGE][WARNING] - Timeout '0' is invalid. Using default page load timeout: '10'

2020-08-07 18:53:54 - [MESSAGE][PASSED] - Tapped on element 'Object Repository/Maya/login again/Spy - 7'

2020-08-07 18:53:54 - [TEST_STEP][PASSED] - if (otpM[i] == "8"): null

2020-08-07 18:53:54 - [TEST_STEP][PASSED] - if (otpM[i] == "9"): null

2020-08-07 18:53:54 - [TEST_STEP][PASSED] - delay(3, STOP_ON_FAILURE): Delayed 3 second(s)

2020-08-07 18:53:57 - [MESSAGE][PASSED] - Delayed 3 second(s)

2020-08-07 18:53:57 - [TEST_STEP][PASSED] - if (otpM[i] == "0"): null

2020-08-07 18:53:57 - [TEST_STEP][PASSED] - if (otpM[i] == "1"): null

2020-08-07 18:53:57 - [TEST_STEP][PASSED] - if (otpM[i] == "2"): null

2020-08-07 18:53:57 - [TEST_STEP][PASSED] - if (otpM[i] == "3"): null

2020-08-07 18:53:57 - [TEST_STEP][PASSED] - if (otpM[i] == "4"): null

2020-08-07 18:53:57 - [TEST_STEP][PASSED] - if (otpM[i] == "5"): null

2020-08-07 18:53:57 - [TEST_STEP][PASSED] - if (otpM[i] == "6"): null

2020-08-07 18:53:57 - [TEST_STEP][PASSED] - if (otpM[i] == "7"): null

2020-08-07 18:53:57 - [TEST_STEP][PASSED] - if (otpM[i] == "8"): null

2020-08-07 18:53:57 - [TEST_STEP][PASSED] - if (otpM[i] == "9"): Tapped on element 'Object Repository/Maya/login again/Spy- 9'

2020-08-07 18:53:57 - [TEST_STEP][PASSED] - delay(1, STOP_ON_FAILURE): Delayed 1 second(s)

2020-08-07 18:53:58 - [MESSAGE][PASSED] - Delayed 1 second(s)

2020-08-07 18:53:58 - [TEST_STEP][PASSED] - tap(findTestObject("Maya/login again/Spy- 9"), 0): Tapped on element 'Object Repository/Maya/login again/Spy- 9'

2020-08-07 18:53:58 - [MESSAGE][WARNING] - Timeout '0' is invalid. Using default page load timeout: '10'

2020-08-07 18:53:59 - [MESSAGE][PASSED] - Tapped on element 'Object Repository/Maya/login again/Spy- 9'

2020-08-07 18:53:59 - [TEST_STEP][PASSED] - delay(3, STOP_ON_FAILURE): Delayed 3 second(s)

2020-08-07 18:54:02 - [MESSAGE][PASSED] - Delayed 3 second(s)

2020-08-07 18:54:02 - [TEST_STEP][PASSED] - if (otpM[i] == "0"): null

2020-08-07 18:54:02 - [TEST_STEP][PASSED] - if (otpM[i] == "1"): null

2020-08-07 18:54:02 - [TEST_STEP][PASSED] - if (otpM[i] == "2"): null

2020-08-07 18:54:02 - [TEST_STEP][PASSED] - if (otpM[i] == "3"): null

2020-08-07 18:54:02 - [TEST_STEP][PASSED] - if (otpM[i] == "4"): Tapped on element 'Object Repository/Maya/login again/Spy - 4'

2020-08-07 18:54:02 - [TEST_STEP][PASSED] - delay(1, STOP_ON_FAILURE): Delayed 1 second(s)

2020-08-07 18:54:03 - [MESSAGE][PASSED] - Delayed 1 second(s)

2020-08-07 18:54:03 - [TEST_STEP][PASSED] - tap(findTestObject("Maya/login again/Spy - 4"), 0): Tapped on element 'Object Repository/Maya/login again/Spy - 4'

2020-08-07 18:54:03 - [MESSAGE][WARNING] - Timeout '0' is invalid. Using default page load timeout: '10'

2020-08-07 18:54:04 - [MESSAGE][PASSED] - Tapped on element 'Object Repository/Maya/login again/Spy - 4'

2020-08-07 18:54:04 - [TEST_STEP][PASSED] - if (otpM[i] == "5"): null

2020-08-07 18:54:04 - [TEST_STEP][PASSED] - if (otpM[i] == "6"): null

2020-08-07 18:54:04 - [TEST_STEP][PASSED] - if (otpM[i] == "7"): null

2020-08-07 18:54:04 - [TEST_STEP][PASSED] - if (otpM[i] == "8"): null

2020-08-07 18:54:04 - [TEST_STEP][PASSED] - if (otpM[i] == "9"): null

2020-08-07 18:54:04 - [TEST_STEP][PASSED] - delay(8, STOP_ON_FAILURE): Delayed 8 second(s)

2020-08-07 18:54:12 - [MESSAGE][PASSED] - Delayed 8 second(s)

2020-08-07 18:54:12 - [TEST_STEP][PASSED] - tap(findTestObject("Maya/Forgot Pin/android.widget.ImageView0 (7)"), 0): Tapped on element 'Object Repository/Maya/Forgot Pin/android.widget.ImageView0 (7)'

2020-08-07 18:54:12 - [MESSAGE][WARNING] - Timeout '0' is invalid. Using default page load timeout: '10'

2020-08-07 18:54:13 - [MESSAGE][PASSED] - Tapped on element 'Object Repository/Maya/Forgot Pin/android.widget.ImageView0 (7)'

2020-08-07 18:54:13 - [TEST_STEP][PASSED] - verifyElementExist(findTestObject("Maya/RegisterDuitNow/android.widget.TextView0 - DuitNow successfully deregistered."), 0): Element 'Object Repository/Maya/RegisterDuitNow/android.widget.TextView0 - DuitNow successfully deregistered.' is exist

2020-08-07 18:54:14 - [MESSAGE][WARNING] - Timeout '0' is invalid. Using default page load timeout: '10'

2020-08-07 18:54:18 - [MESSAGE][PASSED] - Element 'Object Repository/Maya/RegisterDuitNow/android.widget.TextView0 - DuitNow successfully deregistered.' is exist

2020-08-07 18:54:18 - [TEST_STEP][PASSED] - tap(findTestObject("Maya/Nric Proxy Army/android.widget.TextView0 - DuitNow"), 0): Tapped on element 'Object Repository/Maya/Nric Proxy Army/android.widget.TextView0 - DuitNow'

2020-08-07 18:54:18 - [MESSAGE][WARNING] - Timeout '0' is invalid. Using default page load timeout: '10'

2020-08-07 18:54:20 - [MESSAGE][PASSED] - Tapped on element 'Object Repository/Maya/Nric Proxy Army/android.widget.TextView0 - DuitNow'

2020-08-07 18:54:20 - [TEST_STEP][PASSED] - delay(8, STOP_ON_FAILURE): Delayed 8 second(s)

2020-08-07 18:54:28 - [MESSAGE][PASSED] - Delayed 8 second(s)

2020-08-07 18:54:28 - [TEST_STEP][PASSED] - getText(findTestObject("Maya/RegisterDuitNow/android.widget.TextView0 - Passport Number"), 0): Text of element 'Object Repository/Maya/RegisterDuitNow/android.widget.TextView0 - Passport Number' is: 'ID Number'

2020-08-07 18:54:28 - [MESSAGE][WARNING] - Timeout '0' is invalid. Using default page load timeout: '10'

2020-08-07 18:54:28 - [MESSAGE][PASSED] - Text of element 'Object Repository/Maya/RegisterDuitNow/android.widget.TextView0 - Passport Number' is: 'ID Number'

2020-08-07 18:54:28 - [TEST_STEP][PASSED] - tap(findTestObject("Maya/RegisterDuitNow/android.widget.TextView0 - Passport Number"), 0): Tapped on element 'Object Repository/Maya/RegisterDuitNow/android.widget.TextView0 - Passport Number'

2020-08-07 18:54:28 - [MESSAGE][WARNING] - Timeout '0' is invalid. Using default page load timeout: '10'

2020-08-07 18:54:31 - [MESSAGE][PASSED] - Tapped on element 'Object Repository/Maya/RegisterDuitNow/android.widget.TextView0 - Passport Number'

2020-08-07 18:54:31 - [TEST_STEP][NOT_RUN] - tap(findTestObject("Maya/Nric Proxy Army/android.widget.TextView0 - 4178"), 0): NOT_RUN: tap(findTestObject("Maya/Nric Proxy Army/android.widget.TextView0 - 4178"), 0)

2020-08-07 18:54:31 - [MESSAGE][NOT_RUN] - NOT_RUN: tap(findTestObject("Maya/Nric Proxy Army/android.widget.TextView0 - 4178"), 0)

2020-08-07 18:54:31 - [TEST_STEP][PASSED] - tapAndHoldAtPosition(540, 773, 1): Tapped and held at [540, 773] with duration 1

2020-08-07 18:54:33 - [MESSAGE][PASSED] - Tapped and held at [540, 773] with duration 1

2020-08-07 18:54:33 - [TEST_STEP][PASSED] - tap(findTestObject("Maya/Nric Proxy Army/android.widget.TextView0 - Continue"), 0): Tapped on element 'Object Repository/Maya/Nric Proxy Army/android.widget.TextView0 - Continue'

2020-08-07 18:54:33 - [MESSAGE][WARNING] - Timeout '0' is invalid. Using default page load timeout: '10'

2020-08-07 18:54:35 - [MESSAGE][PASSED] - Tapped on element 'Object Repository/Maya/Nric Proxy Army/android.widget.TextView0 - Continue'

2020-08-07 18:54:35 - [TEST_STEP][PASSED] - takeScreenshot("C:\Users\LENOVO\Screenshot\DuitNowProxy\Screen22.png", CONTINUE_ON_FAILURE): Screenshot is taken

2020-08-07 18:54:37 - [MESSAGE][PASSED] - Screenshot is taken
[[ATTACHMENT|C:\\Users\\LENOVO\\Screenshot\\DuitNowProxy\\Screen22.png]]

2020-08-07 18:54:37 - [TEST_STEP][PASSED] - tap(findTestObject("Maya/Nric Proxy Army/android.widget.TextView0 - Agree and Confirm"), 0): Tapped on element 'Object Repository/Maya/Nric Proxy Army/android.widget.TextView0 - Agree and Confirm'

2020-08-07 18:54:37 - [MESSAGE][WARNING] - Timeout '0' is invalid. Using default page load timeout: '10'

2020-08-07 18:54:38 - [MESSAGE][PASSED] - Tapped on element 'Object Repository/Maya/Nric Proxy Army/android.widget.TextView0 - Agree and Confirm'

2020-08-07 18:54:38 - [TEST_STEP][PASSED] - delay(3, STOP_ON_FAILURE): Delayed 3 second(s)

2020-08-07 18:54:41 - [MESSAGE][PASSED] - Delayed 3 second(s)

2020-08-07 18:54:41 - [TEST_STEP][PASSED] - getText(findTestObject("Maya/Nric Proxy Army/android.widget.TextView0 - Youve successfully linked your account to DuitNow"), 0): Text of element 'Object Repository/Maya/Nric Proxy Army/android.widget.TextView0 - Youve successfully linked your account to DuitNow' is: 'You’ve successfully linked your account to DuitNow'

2020-08-07 18:54:41 - [MESSAGE][WARNING] - Timeout '0' is invalid. Using default page load timeout: '10'

2020-08-07 18:54:41 - [MESSAGE][PASSED] - Text of element 'Object Repository/Maya/Nric Proxy Army/android.widget.TextView0 - Youve successfully linked your account to DuitNow' is: 'You’ve successfully linked your account to DuitNow'

2020-08-07 18:54:41 - [TEST_STEP][PASSED] - verifyElementExist(findTestObject("Maya/Nric Proxy Army/android.widget.TextView0 - Youve successfully linked your account to DuitNow"), 0): Element 'Object Repository/Maya/Nric Proxy Army/android.widget.TextView0 - Youve successfully linked your account to DuitNow' is exist

2020-08-07 18:54:42 - [MESSAGE][WARNING] - Timeout '0' is invalid. Using default page load timeout: '10'

2020-08-07 18:54:42 - [MESSAGE][PASSED] - Element 'Object Repository/Maya/Nric Proxy Army/android.widget.TextView0 - Youve successfully linked your account to DuitNow' is exist

2020-08-07 18:54:42 - [TEST_STEP][PASSED] - takeScreenshot("C:\Users\LENOVO\Screenshot\DuitNowProxy\Screen23.png", CONTINUE_ON_FAILURE): Screenshot is taken

2020-08-07 18:54:43 - [MESSAGE][PASSED] - Screenshot is taken
[[ATTACHMENT|C:\\Users\\LENOVO\\Screenshot\\DuitNowProxy\\Screen23.png]]

2020-08-07 18:54:43 - [TEST_STEP][PASSED] - tap(findTestObject("Maya/Nric Proxy Army/android.widget.TextView0 - Done"), 0): Tapped on element 'Object Repository/Maya/Nric Proxy Army/android.widget.TextView0 - Done'

2020-08-07 18:54:43 - [MESSAGE][WARNING] - Timeout '0' is invalid. Using default page load timeout: '10'

2020-08-07 18:54:45 - [MESSAGE][PASSED] - Tapped on element 'Object Repository/Maya/Nric Proxy Army/android.widget.TextView0 - Done'

2020-08-07 18:54:45 - [TEST_STEP][PASSED] - tap(findTestObject("Maya/Nric Proxy Army/android.widget.TextView0 - DuitNow"), 0): Tapped on element 'Object Repository/Maya/Nric Proxy Army/android.widget.TextView0 - DuitNow'

2020-08-07 18:54:45 - [MESSAGE][WARNING] - Timeout '0' is invalid. Using default page load timeout: '10'

2020-08-07 18:54:47 - [MESSAGE][PASSED] - Tapped on element 'Object Repository/Maya/Nric Proxy Army/android.widget.TextView0 - DuitNow'

2020-08-07 18:54:47 - [TEST_STEP][PASSED] - getText(findTestObject("Maya/RegisterDuitNow/android.widget.TextView0 - Passport Number"), 0): Text of element 'Object Repository/Maya/RegisterDuitNow/android.widget.TextView0 - Passport Number' is: 'ID Number'

2020-08-07 18:54:47 - [MESSAGE][WARNING] - Timeout '0' is invalid. Using default page load timeout: '10'

2020-08-07 18:54:48 - [MESSAGE][PASSED] - Text of element 'Object Repository/Maya/RegisterDuitNow/android.widget.TextView0 - Passport Number' is: 'ID Number'

2020-08-07 18:54:48 - [TEST_STEP][PASSED] - verifyElementExist(findTestObject("Maya/RegisterDuitNow/android.widget.TextView0 - Passport Number"), 0): Element 'Object Repository/Maya/RegisterDuitNow/android.widget.TextView0 - Passport Number' is exist

2020-08-07 18:54:48 - [MESSAGE][WARNING] - Timeout '0' is invalid. Using default page load timeout: '10'

2020-08-07 18:54:48 - [MESSAGE][PASSED] - Element 'Object Repository/Maya/RegisterDuitNow/android.widget.TextView0 - Passport Number' is exist

2020-08-07 18:54:48 - [TEST_STEP][PASSED] - getText(findTestObject("Maya/RegisterDuitNow/android.widget.TextView0 - 5THA"), 0): Text of element 'Object Repository/Maya/RegisterDuitNow/android.widget.TextView0 - 5THA' is: '********5THA'

2020-08-07 18:54:48 - [MESSAGE][WARNING] - Timeout '0' is invalid. Using default page load timeout: '10'

2020-08-07 18:54:49 - [MESSAGE][PASSED] - Text of element 'Object Repository/Maya/RegisterDuitNow/android.widget.TextView0 - 5THA' is: '********5THA'

2020-08-07 18:54:49 - [TEST_STEP][PASSED] - verifyElementExist(findTestObject("Maya/RegisterDuitNow/android.widget.TextView0 - 5THA"), 0): Element 'Object Repository/Maya/RegisterDuitNow/android.widget.TextView0 - 5THA' is exist

2020-08-07 18:54:49 - [MESSAGE][WARNING] - Timeout '0' is invalid. Using default page load timeout: '10'

2020-08-07 18:54:50 - [MESSAGE][PASSED] - Element 'Object Repository/Maya/RegisterDuitNow/android.widget.TextView0 - 5THA' is exist

2020-08-07 18:54:50 - [TEST_STEP][PASSED] - getText(findTestObject("Maya/RegisterDuitNow/android.widget.TextView0 - Maybank"), 0): Text of element 'Object Repository/Maya/RegisterDuitNow/android.widget.TextView0 - Maybank' is: 'Maybank'

2020-08-07 18:54:50 - [MESSAGE][WARNING] - Timeout '0' is invalid. Using default page load timeout: '10'

2020-08-07 18:54:50 - [MESSAGE][PASSED] - Text of element 'Object Repository/Maya/RegisterDuitNow/android.widget.TextView0 - Maybank' is: 'Maybank'

2020-08-07 18:54:50 - [TEST_STEP][PASSED] - verifyElementExist(findTestObject("Maya/RegisterDuitNow/android.widget.TextView0 - Maybank"), 0): Element 'Object Repository/Maya/RegisterDuitNow/android.widget.TextView0 - Maybank' is exist

2020-08-07 18:54:50 - [MESSAGE][WARNING] - Timeout '0' is invalid. Using default page load timeout: '10'

2020-08-07 18:54:50 - [MESSAGE][PASSED] - Element 'Object Repository/Maya/RegisterDuitNow/android.widget.TextView0 - Maybank' is exist

2020-08-07 18:54:50 - [TEST_STEP][PASSED] - tap(findTestObject("Maya/RegisterDuitNow/android.widget.TextView0 - Passport Number"), 0): Tapped on element 'Object Repository/Maya/RegisterDuitNow/android.widget.TextView0 - Passport Number'

2020-08-07 18:54:50 - [MESSAGE][WARNING] - Timeout '0' is invalid. Using default page load timeout: '10'

2020-08-07 18:54:52 - [MESSAGE][PASSED] - Tapped on element 'Object Repository/Maya/RegisterDuitNow/android.widget.TextView0 - Passport Number'

2020-08-07 18:54:52 - [TEST_STEP][PASSED] - getText(findTestObject("Maya/RegisterDuitNow/android.widget.TextView0 - Passport Number (1)"), 0): Text of element 'Object Repository/Maya/RegisterDuitNow/android.widget.TextView0 - Passport Number (1)' is: 'Passport Number'

2020-08-07 18:54:52 - [MESSAGE][WARNING] - Timeout '0' is invalid. Using default page load timeout: '10'

2020-08-07 18:54:52 - [MESSAGE][PASSED] - Text of element 'Object Repository/Maya/RegisterDuitNow/android.widget.TextView0 - Passport Number (1)' is: 'Passport Number'

2020-08-07 18:54:52 - [TEST_STEP][PASSED] - verifyElementExist(findTestObject("Maya/RegisterDuitNow/android.widget.TextView0 - Maybank"), 0): Element 'Object Repository/Maya/RegisterDuitNow/android.widget.TextView0 - Maybank' is exist

2020-08-07 18:54:52 - [MESSAGE][WARNING] - Timeout '0' is invalid. Using default page load timeout: '10'

2020-08-07 18:54:53 - [MESSAGE][PASSED] - Element 'Object Repository/Maya/RegisterDuitNow/android.widget.TextView0 - Maybank' is exist

2020-08-07 18:54:53 - [TEST_STEP][PASSED] - getText(findTestObject("Maya/RegisterDuitNow/android.widget.TextView0 - 5THA (1)"), 0): Text of element 'Object Repository/Maya/RegisterDuitNow/android.widget.TextView0 - 5THA (1)' is: '********5THA'

2020-08-07 18:54:53 - [MESSAGE][WARNING] - Timeout '0' is invalid. Using default page load timeout: '10'

2020-08-07 18:54:53 - [MESSAGE][PASSED] - Text of element 'Object Repository/Maya/RegisterDuitNow/android.widget.TextView0 - 5THA (1)' is: '********5THA'

2020-08-07 18:54:53 - [TEST_STEP][PASSED] - verifyElementExist(findTestObject("Maya/RegisterDuitNow/android.widget.TextView0 - Maybank"), 0): Element 'Object Repository/Maya/RegisterDuitNow/android.widget.TextView0 - Maybank' is exist

2020-08-07 18:54:53 - [MESSAGE][WARNING] - Timeout '0' is invalid. Using default page load timeout: '10'

2020-08-07 18:54:53 - [MESSAGE][PASSED] - Element 'Object Repository/Maya/RegisterDuitNow/android.widget.TextView0 - Maybank' is exist

2020-08-07 18:54:53 - [TEST_STEP][PASSED] - getText(findTestObject("Maya/RegisterDuitNow/android.widget.TextView0 - Status"), 0): Text of element 'Object Repository/Maya/RegisterDuitNow/android.widget.TextView0 - Status' is: 'Status'

2020-08-07 18:54:54 - [MESSAGE][WARNING] - Timeout '0' is invalid. Using default page load timeout: '10'

2020-08-07 18:54:54 - [MESSAGE][PASSED] - Text of element 'Object Repository/Maya/RegisterDuitNow/android.widget.TextView0 - Status' is: 'Status'

2020-08-07 18:54:54 - [TEST_STEP][PASSED] - verifyElementExist(findTestObject("Maya/RegisterDuitNow/android.widget.TextView0 - Status"), 0): Element 'Object Repository/Maya/RegisterDuitNow/android.widget.TextView0 - Status' is exist

2020-08-07 18:54:54 - [MESSAGE][WARNING] - Timeout '0' is invalid. Using default page load timeout: '10'

2020-08-07 18:54:54 - [MESSAGE][PASSED] - Element 'Object Repository/Maya/RegisterDuitNow/android.widget.TextView0 - Status' is exist

2020-08-07 18:54:54 - [TEST_STEP][PASSED] - getText(findTestObject("Maya/RegisterDuitNow/android.widget.TextView0 - ACTIVE"), 0): Text of element 'Object Repository/Maya/RegisterDuitNow/android.widget.TextView0 - ACTIVE' is: 'ACTIVE'

2020-08-07 18:54:54 - [MESSAGE][WARNING] - Timeout '0' is invalid. Using default page load timeout: '10'

2020-08-07 18:54:55 - [MESSAGE][PASSED] - Text of element 'Object Repository/Maya/RegisterDuitNow/android.widget.TextView0 - ACTIVE' is: 'ACTIVE'

2020-08-07 18:54:55 - [TEST_STEP][PASSED] - verifyElementExist(findTestObject("Maya/RegisterDuitNow/android.widget.TextView0 - ACTIVE"), 0): Element 'Object Repository/Maya/RegisterDuitNow/android.widget.TextView0 - ACTIVE' is exist

2020-08-07 18:54:55 - [MESSAGE][WARNING] - Timeout '0' is invalid. Using default page load timeout: '10'

2020-08-07 18:54:55 - [MESSAGE][PASSED] - Element 'Object Repository/Maya/RegisterDuitNow/android.widget.TextView0 - ACTIVE' is exist

2020-08-07 18:54:55 - [TEST_STEP][PASSED] - getText(findTestObject("Maya/Nric Proxy Army/android.widget.TextView0 - ACTIVE"), 0): Text of element 'Object Repository/Maya/Nric Proxy Army/android.widget.TextView0 - ACTIVE' is: 'ACTIVE'

2020-08-07 18:54:55 - [MESSAGE][WARNING] - Timeout '0' is invalid. Using default page load timeout: '10'

2020-08-07 18:54:55 - [MESSAGE][PASSED] - Text of element 'Object Repository/Maya/Nric Proxy Army/android.widget.TextView0 - ACTIVE' is: 'ACTIVE'

2020-08-07 18:54:55 - [TEST_STEP][PASSED] - verifyElementExist(findTestObject("Maya/Nric Proxy Army/android.widget.TextView0 - ACTIVE"), 0): Element 'Object Repository/Maya/Nric Proxy Army/android.widget.TextView0 - ACTIVE' is exist

2020-08-07 18:54:55 - [MESSAGE][WARNING] - Timeout '0' is invalid. Using default page load timeout: '10'

2020-08-07 18:54:55 - [MESSAGE][PASSED] - Element 'Object Repository/Maya/Nric Proxy Army/android.widget.TextView0 - ACTIVE' is exist

2020-08-07 18:54:55 - [TEST_STEP][PASSED] - delay(3, STOP_ON_FAILURE): Delayed 3 second(s)

2020-08-07 18:54:58 - [MESSAGE][PASSED] - Delayed 3 second(s)

2020-08-07 18:54:58 - [TEST_STEP][PASSED] - tapAndHoldAtPosition(116, 167, 1): Tapped and held at [116, 167] with duration 1

2020-08-07 18:55:01 - [MESSAGE][PASSED] - Tapped and held at [116, 167] with duration 1

2020-08-07 18:55:01 - [TEST_STEP][PASSED] - delay(3, STOP_ON_FAILURE): Delayed 3 second(s)

2020-08-07 18:55:04 - [MESSAGE][PASSED] - Delayed 3 second(s)

2020-08-07 18:55:04 - [TEST_STEP][PASSED] - tapAndHoldAtPosition(116, 167, 1): Tapped and held at [116, 167] with duration 1

2020-08-07 18:55:07 - [MESSAGE][PASSED] - Tapped and held at [116, 167] with duration 1

2020-08-07 18:55:07 - [TEST_STEP][PASSED] - takeScreenshot("C:\Users\LENOVO\Screenshot\DuitNowProxy\Screen24.png", CONTINUE_ON_FAILURE): Screenshot is taken

2020-08-07 18:55:08 - [MESSAGE][PASSED] - Screenshot is taken
[[ATTACHMENT|C:\\Users\\LENOVO\\Screenshot\\DuitNowProxy\\Screen24.png]]

2020-08-07 18:55:08 - [TEST_STEP][PASSED] - tap(findTestObject("Maya/Mobile proxy/android.widget.TextView0 - More (1)"), 0): Tapped on element 'Object Repository/Maya/Mobile proxy/android.widget.TextView0 - More (1)'

2020-08-07 18:55:08 - [MESSAGE][WARNING] - Timeout '0' is invalid. Using default page load timeout: '10'

2020-08-07 18:55:20 - [MESSAGE][PASSED] - Tapped on element 'Object Repository/Maya/Mobile proxy/android.widget.TextView0 - More (1)'

2020-08-07 18:55:20 - [TEST_STEP][PASSED] - tap(findTestObject("Maya/Mobile proxy/android.widget.TextView0 - Notifications"), 0): Tapped on element 'Object Repository/Maya/Mobile proxy/android.widget.TextView0 - Notifications'

2020-08-07 18:55:20 - [MESSAGE][WARNING] - Timeout '0' is invalid. Using default page load timeout: '10'

2020-08-07 18:55:22 - [MESSAGE][PASSED] - Tapped on element 'Object Repository/Maya/Mobile proxy/android.widget.TextView0 - Notifications'

2020-08-07 18:55:22 - [TEST_STEP][PASSED] - getText(findTestObject("Maya/Mobile proxy/android.widget.TextView0 - Today"), 0): Text of element 'Object Repository/Maya/Mobile proxy/android.widget.TextView0 - Today' is: 'Today'

2020-08-07 18:55:22 - [MESSAGE][WARNING] - Timeout '0' is invalid. Using default page load timeout: '10'

2020-08-07 18:55:27 - [MESSAGE][PASSED] - Text of element 'Object Repository/Maya/Mobile proxy/android.widget.TextView0 - Today' is: 'Today'

2020-08-07 18:55:27 - [TEST_STEP][PASSED] - verifyElementVisible(findTestObject("Maya/Mobile proxy/android.widget.TextView0 - Today"), 0): Element 'Object Repository/Maya/Mobile proxy/android.widget.TextView0 - Today' is visible

2020-08-07 18:55:27 - [MESSAGE][WARNING] - Timeout '0' is invalid. Using default page load timeout: '10'

2020-08-07 18:55:28 - [MESSAGE][PASSED] - Element 'Object Repository/Maya/Mobile proxy/android.widget.TextView0 - Today' is visible

2020-08-07 18:55:28 - [TEST_STEP][PASSED] - getText(findTestObject("Maya/Mobile proxy/android.widget.TextView0 - Notifications (1)"), 0): Text of element 'Object Repository/Maya/Mobile proxy/android.widget.TextView0 - Notifications (1)' is: 'Notifications'

2020-08-07 18:55:28 - [MESSAGE][WARNING] - Timeout '0' is invalid. Using default page load timeout: '10'

2020-08-07 18:55:29 - [MESSAGE][PASSED] - Text of element 'Object Repository/Maya/Mobile proxy/android.widget.TextView0 - Notifications (1)' is: 'Notifications'

2020-08-07 18:55:29 - [TEST_STEP][PASSED] - verifyElementVisible(findTestObject("Maya/Mobile proxy/android.widget.TextView0 - Notifications (1)"), 0): Element 'Object Repository/Maya/Mobile proxy/android.widget.TextView0 - Notifications (1)' is visible

2020-08-07 18:55:29 - [MESSAGE][WARNING] - Timeout '0' is invalid. Using default page load timeout: '10'

2020-08-07 18:55:29 - [MESSAGE][PASSED] - Element 'Object Repository/Maya/Mobile proxy/android.widget.TextView0 - Notifications (1)' is visible

2020-08-07 18:55:29 - [TEST_STEP][PASSED] - verifyElementVisible(findTestObject("Maya/Mobile proxy/android.widget.TextView0 - Notifications (1)"), 0): Element 'Object Repository/Maya/Mobile proxy/android.widget.TextView0 - Notifications (1)' is visible

2020-08-07 18:55:29 - [MESSAGE][WARNING] - Timeout '0' is invalid. Using default page load timeout: '10'

2020-08-07 18:55:30 - [MESSAGE][PASSED] - Element 'Object Repository/Maya/Mobile proxy/android.widget.TextView0 - Notifications (1)' is visible

2020-08-07 18:55:30 - [TEST_STEP][PASSED] - getText(findTestObject("Maya/Mobile proxy/android.widget.TextView0 - Maybank2u DuitNow ID Deregistration"), 0): Text of element 'Object Repository/Maya/Mobile proxy/android.widget.TextView0 - Maybank2u DuitNow ID Deregistration' is: 'Maybank2u: DuitNow ID Deregistration'

2020-08-07 18:55:30 - [MESSAGE][WARNING] - Timeout '0' is invalid. Using default page load timeout: '10'

2020-08-07 18:55:30 - [MESSAGE][PASSED] - Text of element 'Object Repository/Maya/Mobile proxy/android.widget.TextView0 - Maybank2u DuitNow ID Deregistration' is: 'Maybank2u: DuitNow ID Deregistration'

2020-08-07 18:55:30 - [TEST_STEP][PASSED] - verifyElementVisible(findTestObject("Maya/Mobile proxy/android.widget.TextView0 - Maybank2u DuitNow ID Deregistration"), 0): Element 'Object Repository/Maya/Mobile proxy/android.widget.TextView0 - Maybank2u DuitNow ID Deregistration' is visible

2020-08-07 18:55:31 - [MESSAGE][WARNING] - Timeout '0' is invalid. Using default page load timeout: '10'

2020-08-07 18:55:31 - [MESSAGE][PASSED] - Element 'Object Repository/Maya/Mobile proxy/android.widget.TextView0 - Maybank2u DuitNow ID Deregistration' is visible

2020-08-07 18:55:31 - [TEST_STEP][PASSED] - getText(findTestObject("Maya/spy/android.widget.TextView0 - Duitnow Proxy (Passport Number) ending 5THA has just been deregistered."), 0): Text of element 'Object Repository/Maya/spy/android.widget.TextView0 - Duitnow Proxy (Passport Number) ending 5THA has just been deregistered.' is: 'Duitnow Proxy (Passport Number) ending ****5THA has just been deregistered.'

2020-08-07 18:55:31 - [MESSAGE][WARNING] - Timeout '0' is invalid. Using default page load timeout: '10'

2020-08-07 18:55:32 - [MESSAGE][PASSED] - Text of element 'Object Repository/Maya/spy/android.widget.TextView0 - Duitnow Proxy (Passport Number) ending 5THA has just been deregistered.' is: 'Duitnow Proxy (Passport Number) ending ****5THA has just been deregistered.'

2020-08-07 18:55:32 - [TEST_STEP][PASSED] - verifyElementVisible(findTestObject("Maya/spy/android.widget.TextView0 - Duitnow Proxy (Passport Number) ending 5THA has just been deregistered."), 0): Element 'Object Repository/Maya/spy/android.widget.TextView0 - Duitnow Proxy (Passport Number) ending 5THA has just been deregistered.' is visible

2020-08-07 18:55:32 - [MESSAGE][WARNING] - Timeout '0' is invalid. Using default page load timeout: '10'

2020-08-07 18:55:32 - [MESSAGE][PASSED] - Element 'Object Repository/Maya/spy/android.widget.TextView0 - Duitnow Proxy (Passport Number) ending 5THA has just been deregistered.' is visible

2020-08-07 18:55:32 - [TEST_STEP][PASSED] - getText(findTestObject("Maya/Mobile proxy/android.widget.TextView0 - 1151 PM"), 0): Text of element 'Object Repository/Maya/Mobile proxy/android.widget.TextView0 - 1151 PM' is: '6:51 PM'

2020-08-07 18:55:33 - [MESSAGE][WARNING] - Timeout '0' is invalid. Using default page load timeout: '10'

2020-08-07 18:55:34 - [MESSAGE][PASSED] - Text of element 'Object Repository/Maya/Mobile proxy/android.widget.TextView0 - 1151 PM' is: '6:51 PM'

2020-08-07 18:55:34 - [TEST_STEP][PASSED] - verifyElementExist(findTestObject("Maya/Mobile proxy/android.widget.TextView0 - 1151 PM"), 0): Element 'Object Repository/Maya/Mobile proxy/android.widget.TextView0 - 1151 PM' is exist

2020-08-07 18:55:34 - [MESSAGE][WARNING] - Timeout '0' is invalid. Using default page load timeout: '10'

2020-08-07 18:55:35 - [MESSAGE][PASSED] - Element 'Object Repository/Maya/Mobile proxy/android.widget.TextView0 - 1151 PM' is exist

2020-08-07 18:55:35 - [TEST_STEP][PASSED] - getText(findTestObject("Maya/Mobile proxy/android.widget.TextView0 - Maybank2u DuitNow ID Registration"), 0): Text of element 'Object Repository/Maya/Mobile proxy/android.widget.TextView0 - Maybank2u DuitNow ID Registration' is: 'Maybank2u: DuitNow ID Registration'

2020-08-07 18:55:35 - [MESSAGE][WARNING] - Timeout '0' is invalid. Using default page load timeout: '10'

2020-08-07 18:55:35 - [MESSAGE][PASSED] - Text of element 'Object Repository/Maya/Mobile proxy/android.widget.TextView0 - Maybank2u DuitNow ID Registration' is: 'Maybank2u: DuitNow ID Registration'

2020-08-07 18:55:35 - [TEST_STEP][PASSED] - verifyElementVisible(findTestObject("Maya/Mobile proxy/android.widget.TextView0 - Maybank2u DuitNow ID Registration"), 0): Element 'Object Repository/Maya/Mobile proxy/android.widget.TextView0 - Maybank2u DuitNow ID Registration' is visible

2020-08-07 18:55:35 - [MESSAGE][WARNING] - Timeout '0' is invalid. Using default page load timeout: '10'

2020-08-07 18:55:36 - [MESSAGE][PASSED] - Element 'Object Repository/Maya/Mobile proxy/android.widget.TextView0 - Maybank2u DuitNow ID Registration' is visible

2020-08-07 18:55:36 - [TEST_STEP][PASSED] - getText(findTestObject("Maya/spy/android.widget.TextView0 - Duitnow Proxy (Passport Number) ending 5THA has just been registered."), 0): Text of element 'Object Repository/Maya/spy/android.widget.TextView0 - Duitnow Proxy (Passport Number) ending 5THA has just been registered.' is: 'Duitnow Proxy (Passport Number) ending ****5THA has just been registered.'

2020-08-07 18:55:36 - [MESSAGE][WARNING] - Timeout '0' is invalid. Using default page load timeout: '10'

2020-08-07 18:55:37 - [MESSAGE][PASSED] - Text of element 'Object Repository/Maya/spy/android.widget.TextView0 - Duitnow Proxy (Passport Number) ending 5THA has just been registered.' is: 'Duitnow Proxy (Passport Number) ending ****5THA has just been registered.'

2020-08-07 18:55:37 - [TEST_STEP][PASSED] - verifyElementVisible(findTestObject("Maya/spy/android.widget.TextView0 - Duitnow Proxy (Passport Number) ending 5THA has just been registered."), 0): Element 'Object Repository/Maya/spy/android.widget.TextView0 - Duitnow Proxy (Passport Number) ending 5THA has just been registered.' is visible

2020-08-07 18:55:37 - [MESSAGE][WARNING] - Timeout '0' is invalid. Using default page load timeout: '10'

2020-08-07 18:55:38 - [MESSAGE][PASSED] - Element 'Object Repository/Maya/spy/android.widget.TextView0 - Duitnow Proxy (Passport Number) ending 5THA has just been registered.' is visible

2020-08-07 18:55:38 - [TEST_STEP][PASSED] - getText(findTestObject("Maya/Mobile proxy/android.widget.TextView0 - 1152 PM"), 0): Text of element 'Object Repository/Maya/Mobile proxy/android.widget.TextView0 - 1152 PM' is: '6:53 PM'

2020-08-07 18:55:38 - [MESSAGE][WARNING] - Timeout '0' is invalid. Using default page load timeout: '10'

2020-08-07 18:55:39 - [MESSAGE][PASSED] - Text of element 'Object Repository/Maya/Mobile proxy/android.widget.TextView0 - 1152 PM' is: '6:53 PM'

2020-08-07 18:55:39 - [TEST_STEP][PASSED] - verifyElementExist(findTestObject("Maya/Mobile proxy/android.widget.TextView0 - 1152 PM"), 0): Element 'Object Repository/Maya/Mobile proxy/android.widget.TextView0 - 1152 PM' is exist

2020-08-07 18:55:39 - [MESSAGE][WARNING] - Timeout '0' is invalid. Using default page load timeout: '10'

2020-08-07 18:55:40 - [MESSAGE][PASSED] - Element 'Object Repository/Maya/Mobile proxy/android.widget.TextView0 - 1152 PM' is exist

2020-08-07 18:55:40 - [TEST_STEP][PASSED] - getText(findTestObject("Maya/spy/android.widget.TextView0 - Duitnow Proxy (Passport Number) ending 5THA has just been disabled."), 0): Text of element 'Object Repository/Maya/spy/android.widget.TextView0 - Duitnow Proxy (Passport Number) ending 5THA has just been disabled.' is: 'Duitnow Proxy (Passport Number) ending ****5THA has just been disabled.'

2020-08-07 18:55:40 - [MESSAGE][WARNING] - Timeout '0' is invalid. Using default page load timeout: '10'

2020-08-07 18:55:40 - [MESSAGE][PASSED] - Text of element 'Object Repository/Maya/spy/android.widget.TextView0 - Duitnow Proxy (Passport Number) ending 5THA has just been disabled.' is: 'Duitnow Proxy (Passport Number) ending ****5THA has just been disabled.'

2020-08-07 18:55:40 - [TEST_STEP][PASSED] - verifyElementVisible(findTestObject("Maya/spy/android.widget.TextView0 - Duitnow Proxy (Passport Number) ending 5THA has just been disabled."), 0): Element 'Object Repository/Maya/spy/android.widget.TextView0 - Duitnow Proxy (Passport Number) ending 5THA has just been disabled.' is visible

2020-08-07 18:55:41 - [MESSAGE][WARNING] - Timeout '0' is invalid. Using default page load timeout: '10'

2020-08-07 18:55:41 - [MESSAGE][PASSED] - Element 'Object Repository/Maya/spy/android.widget.TextView0 - Duitnow Proxy (Passport Number) ending 5THA has just been disabled.' is visible

2020-08-07 18:55:41 - [TEST_STEP][FAILED] - getText(findTestObject("Maya/spy/android.widget.TextView0 - Duitnow Proxy (NRIC Number) ending 5263 has just been disabled."), 0): Object Object Repository/Maya/spy/android.widget.TextView0 - Duitnow Proxy (NRIC Number) ending 5263 has just been disabled. not found

2020-08-07 18:55:41 - [MESSAGE][WARNING] - Timeout '0' is invalid. Using default page load timeout: '10'

2020-08-07 18:55:53 - [MESSAGE][FAILED] - Object Object Repository/Maya/spy/android.widget.TextView0 - Duitnow Proxy (NRIC Number) ending 5263 has just been disabled. not found
[[ATTACHMENT|C:\\Users\\LENOVO\\Git_new\\Maya\\Reports\\20200807_184848\\Maya UAT\\UAT Test Suite\\20200807_184848\\1596797751974.png]]

2020-08-07 18:55:53 - [TEST_STEP][FAILED] - verifyElementVisible(findTestObject("Maya/spy/android.widget.TextView0 - Duitnow Proxy (NRIC Number) ending 5263 has just been disabled."), 0): Element 'Object Repository/Maya/spy/android.widget.TextView0 - Duitnow Proxy (NRIC Number) ending 5263 has just been disabled.' not found

2020-08-07 18:55:53 - [MESSAGE][WARNING] - Timeout '0' is invalid. Using default page load timeout: '10'

2020-08-07 18:56:05 - [MESSAGE][FAILED] - Element 'Object Repository/Maya/spy/android.widget.TextView0 - Duitnow Proxy (NRIC Number) ending 5263 has just been disabled.' not found
[[ATTACHMENT|C:\\Users\\LENOVO\\Git_new\\Maya\\Reports\\20200807_184848\\Maya UAT\\UAT Test Suite\\20200807_184848\\1596797763616.png]]

2020-08-07 18:56:05 - [TEST_STEP][PASSED] - getText(findTestObject("Maya/Mobile proxy/android.widget.TextView0 - 1153 PM"), 0): Text of element 'Object Repository/Maya/Mobile proxy/android.widget.TextView0 - 1153 PM' is: '6:54 PM'

2020-08-07 18:56:05 - [MESSAGE][WARNING] - Timeout '0' is invalid. Using default page load timeout: '10'

2020-08-07 18:56:06 - [MESSAGE][PASSED] - Text of element 'Object Repository/Maya/Mobile proxy/android.widget.TextView0 - 1153 PM' is: '6:54 PM'

2020-08-07 18:56:06 - [TEST_STEP][PASSED] - verifyElementExist(findTestObject("Maya/Mobile proxy/android.widget.TextView0 - 1153 PM"), 0): Element 'Object Repository/Maya/Mobile proxy/android.widget.TextView0 - 1153 PM' is exist

2020-08-07 18:56:06 - [MESSAGE][WARNING] - Timeout '0' is invalid. Using default page load timeout: '10'

2020-08-07 18:56:07 - [MESSAGE][PASSED] - Element 'Object Repository/Maya/Mobile proxy/android.widget.TextView0 - 1153 PM' is exist

2020-08-07 18:56:07 - [TEST_STEP][PASSED] - getText(findTestObject("Maya/Mobile proxy/android.widget.TextView0 - Maybank2u DuitNow ID Proxy enabled"), 0): Text of element 'Object Repository/Maya/Mobile proxy/android.widget.TextView0 - Maybank2u DuitNow ID Proxy enabled' is: 'Maybank2u: DuitNow ID Proxy enabled'

2020-08-07 18:56:07 - [MESSAGE][WARNING] - Timeout '0' is invalid. Using default page load timeout: '10'

2020-08-07 18:56:07 - [MESSAGE][PASSED] - Text of element 'Object Repository/Maya/Mobile proxy/android.widget.TextView0 - Maybank2u DuitNow ID Proxy enabled' is: 'Maybank2u: DuitNow ID Proxy enabled'

2020-08-07 18:56:07 - [TEST_STEP][PASSED] - verifyElementVisible(findTestObject("Maya/Mobile proxy/android.widget.TextView0 - Maybank2u DuitNow ID Proxy enabled"), 0): Element 'Object Repository/Maya/Mobile proxy/android.widget.TextView0 - Maybank2u DuitNow ID Proxy enabled' is visible

2020-08-07 18:56:07 - [MESSAGE][WARNING] - Timeout '0' is invalid. Using default page load timeout: '10'

2020-08-07 18:56:08 - [MESSAGE][PASSED] - Element 'Object Repository/Maya/Mobile proxy/android.widget.TextView0 - Maybank2u DuitNow ID Proxy enabled' is visible

2020-08-07 18:56:08 - [TEST_STEP][PASSED] - getText(findTestObject("Maya/spy/android.widget.TextView0 - Duitnow Proxy (Passport Number) ending 5THA has just been updated. (1)"), 0): Text of element 'Object Repository/Maya/spy/android.widget.TextView0 - Duitnow Proxy (Passport Number) ending 5THA has just been updated. (1)' is: 'Duitnow Proxy (Passport Number) ending ****5THA has just been enabled.'

2020-08-07 18:56:08 - [MESSAGE][WARNING] - Timeout '0' is invalid. Using default page load timeout: '10'

2020-08-07 18:56:09 - [MESSAGE][PASSED] - Text of element 'Object Repository/Maya/spy/android.widget.TextView0 - Duitnow Proxy (Passport Number) ending 5THA has just been updated. (1)' is: 'Duitnow Proxy (Passport Number) ending ****5THA has just been enabled.'

2020-08-07 18:56:09 - [TEST_STEP][PASSED] - verifyElementVisible(findTestObject("Maya/spy/android.widget.TextView0 - Duitnow Proxy (Passport Number) ending 5THA has just been updated. (1)"), 0): Element 'Object Repository/Maya/spy/android.widget.TextView0 - Duitnow Proxy (Passport Number) ending 5THA has just been updated. (1)' is visible

2020-08-07 18:56:09 - [MESSAGE][WARNING] - Timeout '0' is invalid. Using default page load timeout: '10'

2020-08-07 18:56:09 - [MESSAGE][PASSED] - Element 'Object Repository/Maya/spy/android.widget.TextView0 - Duitnow Proxy (Passport Number) ending 5THA has just been updated. (1)' is visible

2020-08-07 18:56:09 - [TEST_STEP][PASSED] - getText(findTestObject("Maya/Mobile proxy/android.widget.TextView0 - 1154 PM"), 0): Text of element 'Object Repository/Maya/Mobile proxy/android.widget.TextView0 - 1154 PM' is: '6:54 PM'

2020-08-07 18:56:09 - [MESSAGE][WARNING] - Timeout '0' is invalid. Using default page load timeout: '10'

2020-08-07 18:56:10 - [MESSAGE][PASSED] - Text of element 'Object Repository/Maya/Mobile proxy/android.widget.TextView0 - 1154 PM' is: '6:54 PM'

2020-08-07 18:56:10 - [TEST_STEP][PASSED] - verifyElementExist(findTestObject("Maya/Mobile proxy/android.widget.TextView0 - 1154 PM"), 0): Element 'Object Repository/Maya/Mobile proxy/android.widget.TextView0 - 1154 PM' is exist

2020-08-07 18:56:10 - [MESSAGE][WARNING] - Timeout '0' is invalid. Using default page load timeout: '10'

2020-08-07 18:56:11 - [MESSAGE][PASSED] - Element 'Object Repository/Maya/Mobile proxy/android.widget.TextView0 - 1154 PM' is exist

2020-08-07 18:56:11 - [TEST_STEP][PASSED] - getText(findTestObject("Maya/Mobile proxy/android.widget.TextView0 - Maybank2u DuitNow ID Proxy Update"), 0): Text of element 'Object Repository/Maya/Mobile proxy/android.widget.TextView0 - Maybank2u DuitNow ID Proxy Update' is: 'Maybank2u: DuitNow ID Proxy Update'

2020-08-07 18:56:11 - [MESSAGE][WARNING] - Timeout '0' is invalid. Using default page load timeout: '10'

2020-08-07 18:56:12 - [MESSAGE][PASSED] - Text of element 'Object Repository/Maya/Mobile proxy/android.widget.TextView0 - Maybank2u DuitNow ID Proxy Update' is: 'Maybank2u: DuitNow ID Proxy Update'

2020-08-07 18:56:12 - [TEST_STEP][PASSED] - verifyElementExist(findTestObject("Maya/Mobile proxy/android.widget.TextView0 - Maybank2u DuitNow ID Proxy Update"), 0): Element 'Object Repository/Maya/Mobile proxy/android.widget.TextView0 - Maybank2u DuitNow ID Proxy Update' is exist

2020-08-07 18:56:12 - [MESSAGE][WARNING] - Timeout '0' is invalid. Using default page load timeout: '10'

2020-08-07 18:56:12 - [MESSAGE][PASSED] - Element 'Object Repository/Maya/Mobile proxy/android.widget.TextView0 - Maybank2u DuitNow ID Proxy Update' is exist

2020-08-07 18:56:12 - [TEST_STEP][PASSED] - getText(findTestObject("Maya/spy/android.widget.TextView0 - Duitnow Proxy (Passport Number) ending 5THA has just been updated."), 0): Text of element 'Object Repository/Maya/spy/android.widget.TextView0 - Duitnow Proxy (Passport Number) ending 5THA has just been updated.' is: 'Duitnow Proxy (Passport Number) ending ****5THA has just been updated.'

2020-08-07 18:56:13 - [MESSAGE][WARNING] - Timeout '0' is invalid. Using default page load timeout: '10'

2020-08-07 18:56:13 - [MESSAGE][PASSED] - Text of element 'Object Repository/Maya/spy/android.widget.TextView0 - Duitnow Proxy (Passport Number) ending 5THA has just been updated.' is: 'Duitnow Proxy (Passport Number) ending ****5THA has just been updated.'

2020-08-07 18:56:13 - [TEST_STEP][PASSED] - verifyElementExist(findTestObject("Maya/spy/android.widget.TextView0 - Duitnow Proxy (Passport Number) ending 5THA has just been updated."), 0): Element 'Object Repository/Maya/spy/android.widget.TextView0 - Duitnow Proxy (Passport Number) ending 5THA has just been updated.' is exist

2020-08-07 18:56:13 - [MESSAGE][WARNING] - Timeout '0' is invalid. Using default page load timeout: '10'

2020-08-07 18:56:14 - [MESSAGE][PASSED] - Element 'Object Repository/Maya/spy/android.widget.TextView0 - Duitnow Proxy (Passport Number) ending 5THA has just been updated.' is exist

2020-08-07 18:56:14 - [TEST_STEP][PASSED] - getText(findTestObject("Maya/Mobile proxy/android.widget.TextView0 - 1155 PM"), 0): Text of element 'Object Repository/Maya/Mobile proxy/android.widget.TextView0 - 1155 PM' is: '6:54 PM'

2020-08-07 18:56:14 - [MESSAGE][WARNING] - Timeout '0' is invalid. Using default page load timeout: '10'

2020-08-07 18:56:15 - [MESSAGE][PASSED] - Text of element 'Object Repository/Maya/Mobile proxy/android.widget.TextView0 - 1155 PM' is: '6:54 PM'

2020-08-07 18:56:15 - [TEST_STEP][PASSED] - verifyElementExist(findTestObject("Maya/Mobile proxy/android.widget.TextView0 - 1155 PM"), 0): Element 'Object Repository/Maya/Mobile proxy/android.widget.TextView0 - 1155 PM' is exist

2020-08-07 18:56:15 - [MESSAGE][WARNING] - Timeout '0' is invalid. Using default page load timeout: '10'

2020-08-07 18:56:16 - [MESSAGE][PASSED] - Element 'Object Repository/Maya/Mobile proxy/android.widget.TextView0 - 1155 PM' is exist]]></system-out>
         <system-err><![CDATA[2020-08-07 18:48:51 - [TEST_CASE][FAILED] - Test Cases/JINU/DuiTNow Drop 2/Passport: Test Cases/JINU/DuiTNow Drop 2/Passport FAILED.
Reason:
com.kms.katalon.core.exception.StepFailedException: Object Object Repository/Maya/spy/android.widget.TextView0 - Duitnow Proxy (NRIC Number) ending 5263 has just been disabled. not found
	at com.kms.katalon.core.keyword.internal.KeywordMain.stepFailed(KeywordMain.groovy:39)
	at com.kms.katalon.core.mobile.keyword.internal.MobileKeywordMain.stepFailed(MobileKeywordMain.groovy:40)
	at com.kms.katalon.core.mobile.keyword.builtin.GetTextKeyword$_getText_closure1.doCall(GetTextKeyword.groovy:74)
	at com.kms.katalon.core.mobile.keyword.builtin.GetTextKeyword$_getText_closure1.call(GetTextKeyword.groovy)
	at com.kms.katalon.core.mobile.keyword.internal.MobileKeywordMain.runKeyword(MobileKeywordMain.groovy:21)
	at com.kms.katalon.core.mobile.keyword.builtin.GetTextKeyword.getText(GetTextKeyword.groovy:80)
	at com.kms.katalon.core.mobile.keyword.builtin.GetTextKeyword.execute(GetTextKeyword.groovy:64)
	at com.kms.katalon.core.keyword.internal.KeywordExecutor.executeKeywordForPlatform(KeywordExecutor.groovy:72)
	at com.kms.katalon.core.mobile.keyword.MobileBuiltInKeywords.getText(MobileBuiltInKeywords.groovy:459)
	at com.kms.katalon.core.mobile.keyword.MobileBuiltInKeywords$getText$2.call(Unknown Source)
	at Passport.run(Passport:741)
	at com.kms.katalon.core.main.ScriptEngine.run(ScriptEngine.java:194)
	at com.kms.katalon.core.main.ScriptEngine.runScriptAsRawText(ScriptEngine.java:119)
	at com.kms.katalon.core.main.TestCaseExecutor.runScript(TestCaseExecutor.java:337)
	at com.kms.katalon.core.main.TestCaseExecutor.doExecute(TestCaseExecutor.java:328)
	at com.kms.katalon.core.main.TestCaseExecutor.processExecutionPhase(TestCaseExecutor.java:307)
	at com.kms.katalon.core.main.TestCaseExecutor.accessMainPhase(TestCaseExecutor.java:299)
	at com.kms.katalon.core.main.TestCaseExecutor.execute(TestCaseExecutor.java:233)
	at com.kms.katalon.core.main.TestSuiteExecutor.accessTestCaseMainPhase(TestSuiteExecutor.java:169)
	at com.kms.katalon.core.main.TestSuiteExecutor.accessTestSuiteMainPhase(TestSuiteExecutor.java:142)
	at com.kms.katalon.core.main.TestSuiteExecutor.execute(TestSuiteExecutor.java:91)
	at com.kms.katalon.core.main.TestCaseMain.startTestSuite(TestCaseMain.java:157)
	at com.kms.katalon.core.main.TestCaseMain$startTestSuite$0.call(Unknown Source)
	at TempTestSuite1596797328505.run(TempTestSuite1596797328505.groovy:36)]]></system-err>
      </testcase>
      <system-out><![CDATA[2020-08-07 18:48:51 - [TEST_SUITE][FAILED] - UAT Test Suite: Test Cases/JINU/DuiTNow Drop 2/Passport FAILED.
Reason:
com.kms.katalon.core.exception.StepFailedException: Object Object Repository/Maya/spy/android.widget.TextView0 - Duitnow Proxy (NRIC Number) ending 5263 has just been disabled. not found
	at com.kms.katalon.core.keyword.internal.KeywordMain.stepFailed(KeywordMain.groovy:39)
	at com.kms.katalon.core.mobile.keyword.internal.MobileKeywordMain.stepFailed(MobileKeywordMain.groovy:40)
	at com.kms.katalon.core.mobile.keyword.builtin.GetTextKeyword$_getText_closure1.doCall(GetTextKeyword.groovy:74)
	at com.kms.katalon.core.mobile.keyword.builtin.GetTextKeyword$_getText_closure1.call(GetTextKeyword.groovy)
	at com.kms.katalon.core.mobile.keyword.internal.MobileKeywordMain.runKeyword(MobileKeywordMain.groovy:21)
	at com.kms.katalon.core.mobile.keyword.builtin.GetTextKeyword.getText(GetTextKeyword.groovy:80)
	at com.kms.katalon.core.mobile.keyword.builtin.GetTextKeyword.execute(GetTextKeyword.groovy:64)
	at com.kms.katalon.core.keyword.internal.KeywordExecutor.executeKeywordForPlatform(KeywordExecutor.groovy:72)
	at com.kms.katalon.core.mobile.keyword.MobileBuiltInKeywords.getText(MobileBuiltInKeywords.groovy:459)
	at com.kms.katalon.core.mobile.keyword.MobileBuiltInKeywords$getText$2.call(Unknown Source)
	at Passport.run(Passport:741)
	at com.kms.katalon.core.main.ScriptEngine.run(ScriptEngine.java:194)
	at com.kms.katalon.core.main.ScriptEngine.runScriptAsRawText(ScriptEngine.java:119)
	at com.kms.katalon.core.main.TestCaseExecutor.runScript(TestCaseExecutor.java:337)
	at com.kms.katalon.core.main.TestCaseExecutor.doExecute(TestCaseExecutor.java:328)
	at com.kms.katalon.core.main.TestCaseExecutor.processExecutionPhase(TestCaseExecutor.java:307)
	at com.kms.katalon.core.main.TestCaseExecutor.accessMainPhase(TestCaseExecutor.java:299)
	at com.kms.katalon.core.main.TestCaseExecutor.execute(TestCaseExecutor.java:233)
	at com.kms.katalon.core.main.TestSuiteExecutor.accessTestCaseMainPhase(TestSuiteExecutor.java:169)
	at com.kms.katalon.core.main.TestSuiteExecutor.accessTestSuiteMainPhase(TestSuiteExecutor.java:142)
	at com.kms.katalon.core.main.TestSuiteExecutor.execute(TestSuiteExecutor.java:91)
	at com.kms.katalon.core.main.TestCaseMain.startTestSuite(TestCaseMain.java:157)
	at com.kms.katalon.core.main.TestCaseMain$startTestSuite$0.call(Unknown Source)
	at TempTestSuite1596797328505.run(TempTestSuite1596797328505.groovy:36)]]></system-out>
      <system-err><![CDATA[2020-08-07 18:48:51 - [TEST_SUITE][FAILED] - UAT Test Suite: Test Cases/JINU/DuiTNow Drop 2/Passport FAILED.
Reason:
com.kms.katalon.core.exception.StepFailedException: Object Object Repository/Maya/spy/android.widget.TextView0 - Duitnow Proxy (NRIC Number) ending 5263 has just been disabled. not found
	at com.kms.katalon.core.keyword.internal.KeywordMain.stepFailed(KeywordMain.groovy:39)
	at com.kms.katalon.core.mobile.keyword.internal.MobileKeywordMain.stepFailed(MobileKeywordMain.groovy:40)
	at com.kms.katalon.core.mobile.keyword.builtin.GetTextKeyword$_getText_closure1.doCall(GetTextKeyword.groovy:74)
	at com.kms.katalon.core.mobile.keyword.builtin.GetTextKeyword$_getText_closure1.call(GetTextKeyword.groovy)
	at com.kms.katalon.core.mobile.keyword.internal.MobileKeywordMain.runKeyword(MobileKeywordMain.groovy:21)
	at com.kms.katalon.core.mobile.keyword.builtin.GetTextKeyword.getText(GetTextKeyword.groovy:80)
	at com.kms.katalon.core.mobile.keyword.builtin.GetTextKeyword.execute(GetTextKeyword.groovy:64)
	at com.kms.katalon.core.keyword.internal.KeywordExecutor.executeKeywordForPlatform(KeywordExecutor.groovy:72)
	at com.kms.katalon.core.mobile.keyword.MobileBuiltInKeywords.getText(MobileBuiltInKeywords.groovy:459)
	at com.kms.katalon.core.mobile.keyword.MobileBuiltInKeywords$getText$2.call(Unknown Source)
	at Passport.run(Passport:741)
	at com.kms.katalon.core.main.ScriptEngine.run(ScriptEngine.java:194)
	at com.kms.katalon.core.main.ScriptEngine.runScriptAsRawText(ScriptEngine.java:119)
	at com.kms.katalon.core.main.TestCaseExecutor.runScript(TestCaseExecutor.java:337)
	at com.kms.katalon.core.main.TestCaseExecutor.doExecute(TestCaseExecutor.java:328)
	at com.kms.katalon.core.main.TestCaseExecutor.processExecutionPhase(TestCaseExecutor.java:307)
	at com.kms.katalon.core.main.TestCaseExecutor.accessMainPhase(TestCaseExecutor.java:299)
	at com.kms.katalon.core.main.TestCaseExecutor.execute(TestCaseExecutor.java:233)
	at com.kms.katalon.core.main.TestSuiteExecutor.accessTestCaseMainPhase(TestSuiteExecutor.java:169)
	at com.kms.katalon.core.main.TestSuiteExecutor.accessTestSuiteMainPhase(TestSuiteExecutor.java:142)
	at com.kms.katalon.core.main.TestSuiteExecutor.execute(TestSuiteExecutor.java:91)
	at com.kms.katalon.core.main.TestCaseMain.startTestSuite(TestCaseMain.java:157)
	at com.kms.katalon.core.main.TestCaseMain$startTestSuite$0.call(Unknown Source)
	at TempTestSuite1596797328505.run(TempTestSuite1596797328505.groovy:36)]]></system-err>
   </testsuite>
</testsuites>
