<?xml version="1.0" encoding="UTF-8"?>
<testsuites name="UAT Test Suite" time="364.627" tests="1" failures="1" errors="0">
   <testsuite name="UAT Test Suite" tests="1" failures="1" errors="0" time="364.627" timestamp="2020-08-06 15:15:19" hostname="LENOVO - DESKTOP-CP3TV4N" id="Test Suites/Maya UAT/UAT Test Suite">
      <properties>
         <property name="deviceName" value="Xiaomi Redmi Note 7S (Android 9)"/>
         <property name="devicePlatform" value=""/>
         <property name="logFolder" value="C:\\Users\\LENOVO\\Git_new\\Maya\\Reports\\20200806_151515\\Maya UAT\\UAT Test Suite\\20200806_151515"/>
         <property name="logFiles" value="C:\\Users\\LENOVO\\Git_new\\Maya\\Reports\\20200806_151515\\Maya UAT\\UAT Test Suite\\20200806_151515\\appium.log, C:\\Users\\LENOVO\\Git_new\\Maya\\Reports\\20200806_151515\\Maya UAT\\UAT Test Suite\\20200806_151515\\execution0.log"/>
         <property name="attachments" value="C:\\Users\\LENOVO\\Screenshot\\DuitNowProxy\\Screen1.png, C:\\Users\\LENOVO\\Screenshot\\DuitNowProxy\\Screen2.png, C:\\Users\\LENOVO\\Screenshot\\DuitNowProxy\\Screen3.png, C:\\Users\\LENOVO\\Screenshot\\DuitNowProxy\\Screen4.png, C:\\Users\\LENOVO\\Screenshot\\DuitNowProxy\\Screen6.png, C:\\Users\\LENOVO\\Screenshot\\DuitNowProxy\\Screen5.png, C:\\Users\\LENOVO\\Git_new\\Maya\\Reports\\20200806_151515\\Maya UAT\\UAT Test Suite\\20200806_151515\\1596698388646.png, C:\\Users\\LENOVO\\Screenshot\\DuitNowProxy\\Screen8.png, C:\\Users\\LENOVO\\Screenshot\\DuitNowProxy\\Screen10.png, C:\\Users\\LENOVO\\Screenshot\\DuitNowProxy\\Screen11.png, C:\\Users\\LENOVO\\Screenshot\\DuitNowProxy\\Screen12.png, C:\\Users\\LENOVO\\Git_new\\Maya\\Reports\\20200806_151515\\Maya UAT\\UAT Test Suite\\20200806_151515\\1596698477131.png, C:\\Users\\LENOVO\\Git_new\\Maya\\Reports\\20200806_151515\\Maya UAT\\UAT Test Suite\\20200806_151515\\1596698478669.png"/>
         <property name="hostName" value="LENOVO - DESKTOP-CP3TV4N"/>
         <property name="os" value="Windows 10 64bit"/>
         <property name="appiumServerStatus" value="{\&quot;value\&quot;:{\&quot;build\&quot;:{\&quot;version\&quot;:\&quot;1.15.1\&quot;}},\&quot;sessionId\&quot;:null,\&quot;status\&quot;:0}"/>
         <property name="katalonVersion" value="7.2.7.1"/>
         <property name="deviceOS" value="Android"/>
         <property name="appiumVersion" value="1.15.1"/>
         <property name="deviceModel" value="Redmi Note 7S"/>
         <property name="hostAddress" value="192.168.43.112"/>
         <property name="deviceManufacturer" value="Xiaomi"/>
         <property name="deviceId" value="11cb9864"/>
         <property name="deviceName" value="Xiaomi Redmi Note 7S (Android 9)"/>
         <property name="deviceOSVersion" value="9"/>
      </properties>
      <testcase name="Test Cases/JINU/DuiTNow Drop 2/Passport" time="360.201" classname="Test Cases/JINU/DuiTNow Drop 2/Passport" status="FAILED">
         <failure type="FAILED" message="Test Cases/JINU/DuiTNow Drop 2/Passport FAILED.
Reason:
com.kms.katalon.core.exception.StepFailedException: Object Object Repository/Maya/RegisterDuitNow/android.widget.TextView0 - Passport Number (1) not found
	at com.kms.katalon.core.keyword.internal.KeywordMain.stepFailed(KeywordMain.groovy:39)
	at com.kms.katalon.core.mobile.keyword.internal.MobileKeywordMain.stepFailed(MobileKeywordMain.groovy:40)
	at com.kms.katalon.core.mobile.keyword.builtin.GetTextKeyword$_getText_closure1.doCall(GetTextKeyword.groovy:74)
	at com.kms.katalon.core.mobile.keyword.builtin.GetTextKeyword$_getText_closure1.call(GetTextKeyword.groovy)
	at com.kms.katalon.core.mobile.keyword.internal.MobileKeywordMain.runKeyword(MobileKeywordMain.groovy:21)
	at com.kms.katalon.core.mobile.keyword.builtin.GetTextKeyword.getText(GetTextKeyword.groovy:80)
	at com.kms.katalon.core.mobile.keyword.builtin.GetTextKeyword.execute(GetTextKeyword.groovy:64)
	at com.kms.katalon.core.keyword.internal.KeywordExecutor.executeKeywordForPlatform(KeywordExecutor.groovy:72)
	at com.kms.katalon.core.mobile.keyword.MobileBuiltInKeywords.getText(MobileBuiltInKeywords.groovy:459)
	at com.kms.katalon.core.mobile.keyword.MobileBuiltInKeywords$getText$3.call(Unknown Source)
	at Passport.run(Passport:231)
	at com.kms.katalon.core.main.ScriptEngine.run(ScriptEngine.java:194)
	at com.kms.katalon.core.main.ScriptEngine.runScriptAsRawText(ScriptEngine.java:119)
	at com.kms.katalon.core.main.TestCaseExecutor.runScript(TestCaseExecutor.java:337)
	at com.kms.katalon.core.main.TestCaseExecutor.doExecute(TestCaseExecutor.java:328)
	at com.kms.katalon.core.main.TestCaseExecutor.processExecutionPhase(TestCaseExecutor.java:307)
	at com.kms.katalon.core.main.TestCaseExecutor.accessMainPhase(TestCaseExecutor.java:299)
	at com.kms.katalon.core.main.TestCaseExecutor.execute(TestCaseExecutor.java:233)
	at com.kms.katalon.core.main.TestSuiteExecutor.accessTestCaseMainPhase(TestSuiteExecutor.java:169)
	at com.kms.katalon.core.main.TestSuiteExecutor.accessTestSuiteMainPhase(TestSuiteExecutor.java:142)
	at com.kms.katalon.core.main.TestSuiteExecutor.execute(TestSuiteExecutor.java:91)
	at com.kms.katalon.core.main.TestCaseMain.startTestSuite(TestCaseMain.java:157)
	at com.kms.katalon.core.main.TestCaseMain$startTestSuite$0.call(Unknown Source)
	at TempTestSuite1596698115436.run(TempTestSuite1596698115436.groovy:36)
"/>
         <system-out><![CDATA[2020-08-06 15:15:19 - [TEST_CASE][FAILED] - Test Cases/JINU/DuiTNow Drop 2/Passport: Test Cases/JINU/DuiTNow Drop 2/Passport FAILED.
Reason:
com.kms.katalon.core.exception.StepFailedException: Object Object Repository/Maya/RegisterDuitNow/android.widget.TextView0 - Passport Number (1) not found
	at com.kms.katalon.core.keyword.internal.KeywordMain.stepFailed(KeywordMain.groovy:39)
	at com.kms.katalon.core.mobile.keyword.internal.MobileKeywordMain.stepFailed(MobileKeywordMain.groovy:40)
	at com.kms.katalon.core.mobile.keyword.builtin.GetTextKeyword$_getText_closure1.doCall(GetTextKeyword.groovy:74)
	at com.kms.katalon.core.mobile.keyword.builtin.GetTextKeyword$_getText_closure1.call(GetTextKeyword.groovy)
	at com.kms.katalon.core.mobile.keyword.internal.MobileKeywordMain.runKeyword(MobileKeywordMain.groovy:21)
	at com.kms.katalon.core.mobile.keyword.builtin.GetTextKeyword.getText(GetTextKeyword.groovy:80)
	at com.kms.katalon.core.mobile.keyword.builtin.GetTextKeyword.execute(GetTextKeyword.groovy:64)
	at com.kms.katalon.core.keyword.internal.KeywordExecutor.executeKeywordForPlatform(KeywordExecutor.groovy:72)
	at com.kms.katalon.core.mobile.keyword.MobileBuiltInKeywords.getText(MobileBuiltInKeywords.groovy:459)
	at com.kms.katalon.core.mobile.keyword.MobileBuiltInKeywords$getText$3.call(Unknown Source)
	at Passport.run(Passport:231)
	at com.kms.katalon.core.main.ScriptEngine.run(ScriptEngine.java:194)
	at com.kms.katalon.core.main.ScriptEngine.runScriptAsRawText(ScriptEngine.java:119)
	at com.kms.katalon.core.main.TestCaseExecutor.runScript(TestCaseExecutor.java:337)
	at com.kms.katalon.core.main.TestCaseExecutor.doExecute(TestCaseExecutor.java:328)
	at com.kms.katalon.core.main.TestCaseExecutor.processExecutionPhase(TestCaseExecutor.java:307)
	at com.kms.katalon.core.main.TestCaseExecutor.accessMainPhase(TestCaseExecutor.java:299)
	at com.kms.katalon.core.main.TestCaseExecutor.execute(TestCaseExecutor.java:233)
	at com.kms.katalon.core.main.TestSuiteExecutor.accessTestCaseMainPhase(TestSuiteExecutor.java:169)
	at com.kms.katalon.core.main.TestSuiteExecutor.accessTestSuiteMainPhase(TestSuiteExecutor.java:142)
	at com.kms.katalon.core.main.TestSuiteExecutor.execute(TestSuiteExecutor.java:91)
	at com.kms.katalon.core.main.TestCaseMain.startTestSuite(TestCaseMain.java:157)
	at com.kms.katalon.core.main.TestCaseMain$startTestSuite$0.call(Unknown Source)
	at TempTestSuite1596698115436.run(TempTestSuite1596698115436.groovy:36)


2020-08-06 15:15:20 - [TEST_STEP][PASSED] - startApplication("C:\Users\LENOVO\Katalon Studio\app-uat-universal-release.apk", true): Started app at: 'C:\Users\LENOVO\Katalon Studio\app-uat-universal-release.apk'

2020-08-06 15:15:21 - [MESSAGE][INFO] - User set preference: ['appWaitActivity', '*']

2020-08-06 15:15:21 - [MESSAGE][INFO] - User set preference: ['appWaitPackage', 'com.maybank2u.life.uat']

2020-08-06 15:15:21 - [MESSAGE][INFO] - User set preference: ['appWaitDuration', '50,000']

2020-08-06 15:15:21 - [MESSAGE][INFO] - User set preference: ['deviceId', '11cb9864']

2020-08-06 15:15:23 - [MESSAGE][INFO] - Appium server started on port 63,805

2020-08-06 15:16:19 - [MESSAGE][PASSED] - Started app at: 'C:\Users\LENOVO\Katalon Studio\app-uat-universal-release.apk'

2020-08-06 15:16:19 - [TEST_STEP][PASSED] - delay(5, STOP_ON_FAILURE): Delayed 5 second(s)

2020-08-06 15:16:24 - [MESSAGE][PASSED] - Delayed 5 second(s)

2020-08-06 15:16:24 - [TEST_STEP][PASSED] - tap(findTestObject("Maya/login again/android.widget.TextView0 - Next"), 0): Tapped on element 'Object Repository/Maya/login again/android.widget.TextView0 - Next'

2020-08-06 15:16:24 - [MESSAGE][WARNING] - Timeout '0' is invalid. Using default page load timeout: '10'

2020-08-06 15:16:27 - [MESSAGE][PASSED] - Tapped on element 'Object Repository/Maya/login again/android.widget.TextView0 - Next'

2020-08-06 15:16:27 - [TEST_STEP][PASSED] - tap(findTestObject("Maya/login again/android.widget.TextView0 - Next"), 0): Tapped on element 'Object Repository/Maya/login again/android.widget.TextView0 - Next'

2020-08-06 15:16:27 - [MESSAGE][WARNING] - Timeout '0' is invalid. Using default page load timeout: '10'

2020-08-06 15:16:30 - [MESSAGE][PASSED] - Tapped on element 'Object Repository/Maya/login again/android.widget.TextView0 - Next'

2020-08-06 15:16:30 - [TEST_STEP][PASSED] - tap(findTestObject("Maya/login again/android.widget.TextView0 - Next"), 0): Tapped on element 'Object Repository/Maya/login again/android.widget.TextView0 - Next'

2020-08-06 15:16:30 - [MESSAGE][WARNING] - Timeout '0' is invalid. Using default page load timeout: '10'

2020-08-06 15:16:35 - [MESSAGE][PASSED] - Tapped on element 'Object Repository/Maya/login again/android.widget.TextView0 - Next'

2020-08-06 15:16:35 - [TEST_STEP][PASSED] - tap(findTestObject("Maya/Login/android.widget.Button0-Maybank2u"), 0): Tapped on element 'Object Repository/Maya/Login/android.widget.Button0-Maybank2u'

2020-08-06 15:16:35 - [MESSAGE][WARNING] - Timeout '0' is invalid. Using default page load timeout: '10'

2020-08-06 15:16:37 - [MESSAGE][PASSED] - Tapped on element 'Object Repository/Maya/Login/android.widget.Button0-Maybank2u'

2020-08-06 15:16:37 - [TEST_STEP][PASSED] - tap(findTestObject("Maya/Login/android.widget.TextView0 - Login to Maybank2u"), 0): Tapped on element 'Object Repository/Maya/Login/android.widget.TextView0 - Login to Maybank2u'

2020-08-06 15:16:37 - [MESSAGE][WARNING] - Timeout '0' is invalid. Using default page load timeout: '10'

2020-08-06 15:16:40 - [MESSAGE][PASSED] - Tapped on element 'Object Repository/Maya/Login/android.widget.TextView0 - Login to Maybank2u'

2020-08-06 15:16:40 - [TEST_STEP][PASSED] - delay(2, STOP_ON_FAILURE): Delayed 2 second(s)

2020-08-06 15:16:42 - [MESSAGE][PASSED] - Delayed 2 second(s)

2020-08-06 15:16:42 - [TEST_STEP][PASSED] - takeScreenshot("C:\Users\LENOVO\Screenshot\DuitNowProxy\Screen1.png", CONTINUE_ON_FAILURE): Screenshot is taken

2020-08-06 15:16:44 - [MESSAGE][PASSED] - Screenshot is taken
[[ATTACHMENT|C:\\Users\\LENOVO\\Screenshot\\DuitNowProxy\\Screen1.png]]

2020-08-06 15:16:44 - [TEST_STEP][PASSED] - tap(findTestObject("Maya/login again/android.widget.EditText0"), 0): Tapped on element 'Object Repository/Maya/login again/android.widget.EditText0'

2020-08-06 15:16:44 - [MESSAGE][WARNING] - Timeout '0' is invalid. Using default page load timeout: '10'

2020-08-06 15:16:46 - [MESSAGE][PASSED] - Tapped on element 'Object Repository/Maya/login again/android.widget.EditText0'

2020-08-06 15:16:46 - [TEST_STEP][PASSED] - setText(findTestObject("Maya/login again/android.widget.EditText0"), "pport_rpp010", 0): Text 'pport_rpp010' has been set to element 'Object Repository/Maya/login again/android.widget.EditText0'

2020-08-06 15:16:46 - [MESSAGE][WARNING] - Timeout '0' is invalid. Using default page load timeout: '10'

2020-08-06 15:16:47 - [MESSAGE][PASSED] - Text 'pport_rpp010' has been set to element 'Object Repository/Maya/login again/android.widget.EditText0'

2020-08-06 15:16:47 - [TEST_STEP][PASSED] - delay(2, STOP_ON_FAILURE): Delayed 2 second(s)

2020-08-06 15:16:49 - [MESSAGE][PASSED] - Delayed 2 second(s)

2020-08-06 15:16:49 - [TEST_STEP][PASSED] - takeScreenshot("C:\Users\LENOVO\Screenshot\DuitNowProxy\Screen2.png", CONTINUE_ON_FAILURE): Screenshot is taken

2020-08-06 15:16:51 - [MESSAGE][PASSED] - Screenshot is taken
[[ATTACHMENT|C:\\Users\\LENOVO\\Screenshot\\DuitNowProxy\\Screen2.png]]

2020-08-06 15:16:51 - [TEST_STEP][PASSED] - driver = getDriver(): null

2020-08-06 15:16:51 - [TEST_STEP][PASSED] - driver.pressKeyCode(ENTER): null

2020-08-06 15:16:51 - [TEST_STEP][PASSED] - tap(findTestObject("Maya/login again/android.widget.TextView0 - Yes Its Mine"), 0): Tapped on element 'Object Repository/Maya/login again/android.widget.TextView0 - Yes Its Mine'

2020-08-06 15:16:51 - [MESSAGE][WARNING] - Timeout '0' is invalid. Using default page load timeout: '10'

2020-08-06 15:17:01 - [MESSAGE][PASSED] - Tapped on element 'Object Repository/Maya/login again/android.widget.TextView0 - Yes Its Mine'

2020-08-06 15:17:01 - [TEST_STEP][PASSED] - tap(findTestObject("Maya/login again/android.widget.EditText0 (1)"), 0): Tapped on element 'Object Repository/Maya/login again/android.widget.EditText0 (1)'

2020-08-06 15:17:01 - [MESSAGE][WARNING] - Timeout '0' is invalid. Using default page load timeout: '10'

2020-08-06 15:17:03 - [MESSAGE][PASSED] - Tapped on element 'Object Repository/Maya/login again/android.widget.EditText0 (1)'

2020-08-06 15:17:03 - [TEST_STEP][PASSED] - setText(findTestObject("Maya/login again/android.widget.EditText0 (1)"), "pass1234", 0): Text 'pass1234' has been set to element 'Object Repository/Maya/login again/android.widget.EditText0 (1)'

2020-08-06 15:17:03 - [MESSAGE][WARNING] - Timeout '0' is invalid. Using default page load timeout: '10'

2020-08-06 15:17:04 - [MESSAGE][PASSED] - Text 'pass1234' has been set to element 'Object Repository/Maya/login again/android.widget.EditText0 (1)'

2020-08-06 15:17:04 - [TEST_STEP][PASSED] - driver.pressKeyCode(ENTER): null

2020-08-06 15:17:05 - [TEST_STEP][PASSED] - tap(findTestObject("Maya/login again/android.widget.TextView0 - 2"), 0): Tapped on element 'Object Repository/Maya/login again/android.widget.TextView0 - 2'

2020-08-06 15:17:05 - [MESSAGE][WARNING] - Timeout '0' is invalid. Using default page load timeout: '10'

2020-08-06 15:17:09 - [MESSAGE][PASSED] - Tapped on element 'Object Repository/Maya/login again/android.widget.TextView0 - 2'

2020-08-06 15:17:09 - [TEST_STEP][PASSED] - tap(findTestObject("Maya/login again/android.widget.TextView0 - 3"), 0): Tapped on element 'Object Repository/Maya/login again/android.widget.TextView0 - 3'

2020-08-06 15:17:09 - [MESSAGE][WARNING] - Timeout '0' is invalid. Using default page load timeout: '10'

2020-08-06 15:17:13 - [MESSAGE][PASSED] - Tapped on element 'Object Repository/Maya/login again/android.widget.TextView0 - 3'

2020-08-06 15:17:13 - [TEST_STEP][PASSED] - tap(findTestObject("Maya/login again/android.widget.TextView0 - 0"), 0): Tapped on element 'Object Repository/Maya/login again/android.widget.TextView0 - 0'

2020-08-06 15:17:13 - [MESSAGE][WARNING] - Timeout '0' is invalid. Using default page load timeout: '10'

2020-08-06 15:17:15 - [MESSAGE][PASSED] - Tapped on element 'Object Repository/Maya/login again/android.widget.TextView0 - 0'

2020-08-06 15:17:15 - [TEST_STEP][PASSED] - tap(findTestObject("Maya/login again/android.widget.TextView0 - 9"), 0): Tapped on element 'Object Repository/Maya/login again/android.widget.TextView0 - 9'

2020-08-06 15:17:15 - [MESSAGE][WARNING] - Timeout '0' is invalid. Using default page load timeout: '10'

2020-08-06 15:17:17 - [MESSAGE][PASSED] - Tapped on element 'Object Repository/Maya/login again/android.widget.TextView0 - 9'

2020-08-06 15:17:17 - [TEST_STEP][PASSED] - tap(findTestObject("Maya/login again/android.widget.TextView0 - 8"), 0): Tapped on element 'Object Repository/Maya/login again/android.widget.TextView0 - 8'

2020-08-06 15:17:17 - [MESSAGE][WARNING] - Timeout '0' is invalid. Using default page load timeout: '10'

2020-08-06 15:17:18 - [MESSAGE][PASSED] - Tapped on element 'Object Repository/Maya/login again/android.widget.TextView0 - 8'

2020-08-06 15:17:18 - [TEST_STEP][PASSED] - tap(findTestObject("Maya/login again/android.widget.TextView0 - 3"), 0): Tapped on element 'Object Repository/Maya/login again/android.widget.TextView0 - 3'

2020-08-06 15:17:18 - [MESSAGE][WARNING] - Timeout '0' is invalid. Using default page load timeout: '10'

2020-08-06 15:17:20 - [MESSAGE][PASSED] - Tapped on element 'Object Repository/Maya/login again/android.widget.TextView0 - 3'

2020-08-06 15:17:20 - [TEST_STEP][NOT_RUN] - tap(findTestObject("Maya/Login/android.widget.ImageView0"), 0): NOT_RUN: tap(findTestObject("Maya/Login/android.widget.ImageView0"), 0)

2020-08-06 15:17:20 - [MESSAGE][NOT_RUN] - NOT_RUN: tap(findTestObject("Maya/Login/android.widget.ImageView0"), 0)

2020-08-06 15:17:20 - [TEST_STEP][PASSED] - tap(findTestObject("Maya/One Tap Authorisation/android.widget.ImageView0 (8)"), 0): Tapped on element 'Object Repository/Maya/One Tap Authorisation/android.widget.ImageView0 (8)'

2020-08-06 15:17:20 - [MESSAGE][WARNING] - Timeout '0' is invalid. Using default page load timeout: '10'

2020-08-06 15:17:20 - [MESSAGE][PASSED] - Tapped on element 'Object Repository/Maya/One Tap Authorisation/android.widget.ImageView0 (8)'

2020-08-06 15:17:20 - [TEST_STEP][PASSED] - tap(findTestObject("Maya/login again/android.widget.TextView0 - 2"), 0): Tapped on element 'Object Repository/Maya/login again/android.widget.TextView0 - 2'

2020-08-06 15:17:20 - [MESSAGE][WARNING] - Timeout '0' is invalid. Using default page load timeout: '10'

2020-08-06 15:17:25 - [MESSAGE][PASSED] - Tapped on element 'Object Repository/Maya/login again/android.widget.TextView0 - 2'

2020-08-06 15:17:25 - [TEST_STEP][PASSED] - tap(findTestObject("Maya/login again/android.widget.TextView0 - 3"), 0): Tapped on element 'Object Repository/Maya/login again/android.widget.TextView0 - 3'

2020-08-06 15:17:25 - [MESSAGE][WARNING] - Timeout '0' is invalid. Using default page load timeout: '10'

2020-08-06 15:17:26 - [MESSAGE][PASSED] - Tapped on element 'Object Repository/Maya/login again/android.widget.TextView0 - 3'

2020-08-06 15:17:26 - [TEST_STEP][PASSED] - tap(findTestObject("Maya/login again/android.widget.TextView0 - 0"), 0): Tapped on element 'Object Repository/Maya/login again/android.widget.TextView0 - 0'

2020-08-06 15:17:26 - [MESSAGE][WARNING] - Timeout '0' is invalid. Using default page load timeout: '10'

2020-08-06 15:17:29 - [MESSAGE][PASSED] - Tapped on element 'Object Repository/Maya/login again/android.widget.TextView0 - 0'

2020-08-06 15:17:29 - [TEST_STEP][PASSED] - tap(findTestObject("Maya/login again/android.widget.TextView0 - 9"), 0): Tapped on element 'Object Repository/Maya/login again/android.widget.TextView0 - 9'

2020-08-06 15:17:29 - [MESSAGE][WARNING] - Timeout '0' is invalid. Using default page load timeout: '10'

2020-08-06 15:17:30 - [MESSAGE][PASSED] - Tapped on element 'Object Repository/Maya/login again/android.widget.TextView0 - 9'

2020-08-06 15:17:30 - [TEST_STEP][PASSED] - tap(findTestObject("Maya/login again/android.widget.TextView0 - 8"), 0): Tapped on element 'Object Repository/Maya/login again/android.widget.TextView0 - 8'

2020-08-06 15:17:30 - [MESSAGE][WARNING] - Timeout '0' is invalid. Using default page load timeout: '10'

2020-08-06 15:17:34 - [MESSAGE][PASSED] - Tapped on element 'Object Repository/Maya/login again/android.widget.TextView0 - 8'

2020-08-06 15:17:34 - [TEST_STEP][PASSED] - tap(findTestObject("Maya/login again/android.widget.TextView0 - 3"), 0): Tapped on element 'Object Repository/Maya/login again/android.widget.TextView0 - 3'

2020-08-06 15:17:34 - [MESSAGE][WARNING] - Timeout '0' is invalid. Using default page load timeout: '10'

2020-08-06 15:17:37 - [MESSAGE][PASSED] - Tapped on element 'Object Repository/Maya/login again/android.widget.TextView0 - 3'

2020-08-06 15:17:37 - [TEST_STEP][PASSED] - tap(findTestObject("Maya/One Tap Authorisation/android.widget.ImageView0 (8)"), 0): Tapped on element 'Object Repository/Maya/One Tap Authorisation/android.widget.ImageView0 (8)'

2020-08-06 15:17:37 - [MESSAGE][WARNING] - Timeout '0' is invalid. Using default page load timeout: '10'

2020-08-06 15:17:38 - [MESSAGE][PASSED] - Tapped on element 'Object Repository/Maya/One Tap Authorisation/android.widget.ImageView0 (8)'

2020-08-06 15:17:38 - [TEST_STEP][PASSED] - tap(findTestObject("Maya/login again/android.widget.TextView0 - Yes Proceeed"), 0): Tapped on element 'Object Repository/Maya/login again/android.widget.TextView0 - Yes Proceeed'

2020-08-06 15:17:39 - [MESSAGE][WARNING] - Timeout '0' is invalid. Using default page load timeout: '10'

2020-08-06 15:17:41 - [MESSAGE][PASSED] - Tapped on element 'Object Repository/Maya/login again/android.widget.TextView0 - Yes Proceeed'

2020-08-06 15:17:41 - [TEST_STEP][PASSED] - tap(findTestObject("Maya/Third Party CA account/android.widget.TextView0 - Your OTP no. is 460943"), 0): Tapped on element 'Object Repository/Maya/Third Party CA account/android.widget.TextView0 - Your OTP no. is 460943'

2020-08-06 15:17:42 - [MESSAGE][WARNING] - Timeout '0' is invalid. Using default page load timeout: '10'

2020-08-06 15:17:47 - [MESSAGE][PASSED] - Tapped on element 'Object Repository/Maya/Third Party CA account/android.widget.TextView0 - Your OTP no. is 460943'

2020-08-06 15:17:47 - [TEST_STEP][PASSED] - otpMessage = getText(findTestObject("Maya/Third Party CA account/android.widget.TextView0 - Your OTP no. is 460943"), 0): Text of element 'Object Repository/Maya/Third Party CA account/android.widget.TextView0 - Your OTP no. is 460943' is: 'Your OTP no. is 109896'

2020-08-06 15:17:47 - [MESSAGE][WARNING] - Timeout '0' is invalid. Using default page load timeout: '10'

2020-08-06 15:17:50 - [MESSAGE][PASSED] - Text of element 'Object Repository/Maya/Third Party CA account/android.widget.TextView0 - Your OTP no. is 460943' is: 'Your OTP no. is 109896'

2020-08-06 15:17:50 - [TEST_STEP][PASSED] - delay(2): Delayed 2 second(s)

2020-08-06 15:17:52 - [MESSAGE][PASSED] - Delayed 2 second(s)

2020-08-06 15:17:52 - [TEST_STEP][PASSED] - for ([i = 16, i <= 21, (i++)]): null

2020-08-06 15:17:52 - [TEST_STEP][PASSED] - delay(3, STOP_ON_FAILURE): Delayed 3 second(s)

2020-08-06 15:17:55 - [MESSAGE][PASSED] - Delayed 3 second(s)

2020-08-06 15:17:55 - [TEST_STEP][PASSED] - if (otpMessage[i] == "0"): null

2020-08-06 15:17:55 - [TEST_STEP][PASSED] - if (otpMessage[i] == "1"): Tapped on element 'Object Repository/Maya/login again/Spy - 1'

2020-08-06 15:17:55 - [TEST_STEP][PASSED] - delay(1, STOP_ON_FAILURE): Delayed 1 second(s)

2020-08-06 15:17:56 - [MESSAGE][PASSED] - Delayed 1 second(s)

2020-08-06 15:17:56 - [TEST_STEP][PASSED] - tap(findTestObject("Maya/login again/Spy - 1"), 0): Tapped on element 'Object Repository/Maya/login again/Spy - 1'

2020-08-06 15:17:56 - [MESSAGE][WARNING] - Timeout '0' is invalid. Using default page load timeout: '10'

2020-08-06 15:17:58 - [MESSAGE][PASSED] - Tapped on element 'Object Repository/Maya/login again/Spy - 1'

2020-08-06 15:17:58 - [TEST_STEP][PASSED] - if (otpMessage[i] == "2"): null

2020-08-06 15:17:58 - [TEST_STEP][PASSED] - if (otpMessage[i] == "3"): null

2020-08-06 15:17:58 - [TEST_STEP][PASSED] - if (otpMessage[i] == "4"): null

2020-08-06 15:17:58 - [TEST_STEP][PASSED] - if (otpMessage[i] == "5"): null

2020-08-06 15:17:58 - [TEST_STEP][PASSED] - if (otpMessage[i] == "6"): null

2020-08-06 15:17:58 - [TEST_STEP][PASSED] - if (otpMessage[i] == "7"): null

2020-08-06 15:17:58 - [TEST_STEP][PASSED] - if (otpMessage[i] == "8"): null

2020-08-06 15:17:58 - [TEST_STEP][PASSED] - if (otpMessage[i] == "9"): null

2020-08-06 15:17:58 - [TEST_STEP][PASSED] - delay(3, STOP_ON_FAILURE): Delayed 3 second(s)

2020-08-06 15:18:01 - [MESSAGE][PASSED] - Delayed 3 second(s)

2020-08-06 15:18:01 - [TEST_STEP][PASSED] - if (otpMessage[i] == "0"): Tapped on element 'Object Repository/Maya/login again/Spy-0'

2020-08-06 15:18:01 - [TEST_STEP][PASSED] - delay(1, STOP_ON_FAILURE): Delayed 1 second(s)

2020-08-06 15:18:02 - [MESSAGE][PASSED] - Delayed 1 second(s)

2020-08-06 15:18:02 - [TEST_STEP][PASSED] - tap(findTestObject("Maya/login again/Spy-0"), 0): Tapped on element 'Object Repository/Maya/login again/Spy-0'

2020-08-06 15:18:02 - [MESSAGE][WARNING] - Timeout '0' is invalid. Using default page load timeout: '10'

2020-08-06 15:18:04 - [MESSAGE][PASSED] - Tapped on element 'Object Repository/Maya/login again/Spy-0'

2020-08-06 15:18:04 - [TEST_STEP][PASSED] - if (otpMessage[i] == "1"): null

2020-08-06 15:18:04 - [TEST_STEP][PASSED] - if (otpMessage[i] == "2"): null

2020-08-06 15:18:04 - [TEST_STEP][PASSED] - if (otpMessage[i] == "3"): null

2020-08-06 15:18:04 - [TEST_STEP][PASSED] - if (otpMessage[i] == "4"): null

2020-08-06 15:18:04 - [TEST_STEP][PASSED] - if (otpMessage[i] == "5"): null

2020-08-06 15:18:04 - [TEST_STEP][PASSED] - if (otpMessage[i] == "6"): null

2020-08-06 15:18:04 - [TEST_STEP][PASSED] - if (otpMessage[i] == "7"): null

2020-08-06 15:18:04 - [TEST_STEP][PASSED] - if (otpMessage[i] == "8"): null

2020-08-06 15:18:04 - [TEST_STEP][PASSED] - if (otpMessage[i] == "9"): null

2020-08-06 15:18:04 - [TEST_STEP][PASSED] - delay(3, STOP_ON_FAILURE): Delayed 3 second(s)

2020-08-06 15:18:07 - [MESSAGE][PASSED] - Delayed 3 second(s)

2020-08-06 15:18:07 - [TEST_STEP][PASSED] - if (otpMessage[i] == "0"): null

2020-08-06 15:18:07 - [TEST_STEP][PASSED] - if (otpMessage[i] == "1"): null

2020-08-06 15:18:07 - [TEST_STEP][PASSED] - if (otpMessage[i] == "2"): null

2020-08-06 15:18:07 - [TEST_STEP][PASSED] - if (otpMessage[i] == "3"): null

2020-08-06 15:18:07 - [TEST_STEP][PASSED] - if (otpMessage[i] == "4"): null

2020-08-06 15:18:07 - [TEST_STEP][PASSED] - if (otpMessage[i] == "5"): null

2020-08-06 15:18:07 - [TEST_STEP][PASSED] - if (otpMessage[i] == "6"): null

2020-08-06 15:18:07 - [TEST_STEP][PASSED] - if (otpMessage[i] == "7"): null

2020-08-06 15:18:07 - [TEST_STEP][PASSED] - if (otpMessage[i] == "8"): null

2020-08-06 15:18:07 - [TEST_STEP][PASSED] - if (otpMessage[i] == "9"): Tapped on element 'Object Repository/Maya/login again/Spy- 9'

2020-08-06 15:18:07 - [TEST_STEP][PASSED] - delay(1, STOP_ON_FAILURE): Delayed 1 second(s)

2020-08-06 15:18:08 - [MESSAGE][PASSED] - Delayed 1 second(s)

2020-08-06 15:18:08 - [TEST_STEP][PASSED] - tap(findTestObject("Maya/login again/Spy- 9"), 0): Tapped on element 'Object Repository/Maya/login again/Spy- 9'

2020-08-06 15:18:08 - [MESSAGE][WARNING] - Timeout '0' is invalid. Using default page load timeout: '10'

2020-08-06 15:18:10 - [MESSAGE][PASSED] - Tapped on element 'Object Repository/Maya/login again/Spy- 9'

2020-08-06 15:18:10 - [TEST_STEP][PASSED] - delay(3, STOP_ON_FAILURE): Delayed 3 second(s)

2020-08-06 15:18:13 - [MESSAGE][PASSED] - Delayed 3 second(s)

2020-08-06 15:18:13 - [TEST_STEP][PASSED] - if (otpMessage[i] == "0"): null

2020-08-06 15:18:13 - [TEST_STEP][PASSED] - if (otpMessage[i] == "1"): null

2020-08-06 15:18:13 - [TEST_STEP][PASSED] - if (otpMessage[i] == "2"): null

2020-08-06 15:18:13 - [TEST_STEP][PASSED] - if (otpMessage[i] == "3"): null

2020-08-06 15:18:13 - [TEST_STEP][PASSED] - if (otpMessage[i] == "4"): null

2020-08-06 15:18:13 - [TEST_STEP][PASSED] - if (otpMessage[i] == "5"): null

2020-08-06 15:18:13 - [TEST_STEP][PASSED] - if (otpMessage[i] == "6"): null

2020-08-06 15:18:13 - [TEST_STEP][PASSED] - if (otpMessage[i] == "7"): null

2020-08-06 15:18:13 - [TEST_STEP][PASSED] - if (otpMessage[i] == "8"): Tapped on element 'Object Repository/Maya/login again/Spy - 8'

2020-08-06 15:18:13 - [TEST_STEP][PASSED] - delay(1, STOP_ON_FAILURE): Delayed 1 second(s)

2020-08-06 15:18:14 - [MESSAGE][PASSED] - Delayed 1 second(s)

2020-08-06 15:18:14 - [TEST_STEP][PASSED] - tap(findTestObject("Maya/login again/Spy - 8"), 0): Tapped on element 'Object Repository/Maya/login again/Spy - 8'

2020-08-06 15:18:14 - [MESSAGE][WARNING] - Timeout '0' is invalid. Using default page load timeout: '10'

2020-08-06 15:18:16 - [MESSAGE][PASSED] - Tapped on element 'Object Repository/Maya/login again/Spy - 8'

2020-08-06 15:18:16 - [TEST_STEP][PASSED] - if (otpMessage[i] == "9"): null

2020-08-06 15:18:16 - [TEST_STEP][PASSED] - delay(3, STOP_ON_FAILURE): Delayed 3 second(s)

2020-08-06 15:18:19 - [MESSAGE][PASSED] - Delayed 3 second(s)

2020-08-06 15:18:19 - [TEST_STEP][PASSED] - if (otpMessage[i] == "0"): null

2020-08-06 15:18:19 - [TEST_STEP][PASSED] - if (otpMessage[i] == "1"): null

2020-08-06 15:18:19 - [TEST_STEP][PASSED] - if (otpMessage[i] == "2"): null

2020-08-06 15:18:19 - [TEST_STEP][PASSED] - if (otpMessage[i] == "3"): null

2020-08-06 15:18:19 - [TEST_STEP][PASSED] - if (otpMessage[i] == "4"): null

2020-08-06 15:18:19 - [TEST_STEP][PASSED] - if (otpMessage[i] == "5"): null

2020-08-06 15:18:19 - [TEST_STEP][PASSED] - if (otpMessage[i] == "6"): null

2020-08-06 15:18:19 - [TEST_STEP][PASSED] - if (otpMessage[i] == "7"): null

2020-08-06 15:18:19 - [TEST_STEP][PASSED] - if (otpMessage[i] == "8"): null

2020-08-06 15:18:19 - [TEST_STEP][PASSED] - if (otpMessage[i] == "9"): Tapped on element 'Object Repository/Maya/login again/Spy- 9'

2020-08-06 15:18:19 - [TEST_STEP][PASSED] - delay(1, STOP_ON_FAILURE): Delayed 1 second(s)

2020-08-06 15:18:20 - [MESSAGE][PASSED] - Delayed 1 second(s)

2020-08-06 15:18:20 - [TEST_STEP][PASSED] - tap(findTestObject("Maya/login again/Spy- 9"), 0): Tapped on element 'Object Repository/Maya/login again/Spy- 9'

2020-08-06 15:18:20 - [MESSAGE][WARNING] - Timeout '0' is invalid. Using default page load timeout: '10'

2020-08-06 15:18:22 - [MESSAGE][PASSED] - Tapped on element 'Object Repository/Maya/login again/Spy- 9'

2020-08-06 15:18:22 - [TEST_STEP][PASSED] - delay(3, STOP_ON_FAILURE): Delayed 3 second(s)

2020-08-06 15:18:25 - [MESSAGE][PASSED] - Delayed 3 second(s)

2020-08-06 15:18:25 - [TEST_STEP][PASSED] - if (otpMessage[i] == "0"): null

2020-08-06 15:18:25 - [TEST_STEP][PASSED] - if (otpMessage[i] == "1"): null

2020-08-06 15:18:25 - [TEST_STEP][PASSED] - if (otpMessage[i] == "2"): null

2020-08-06 15:18:25 - [TEST_STEP][PASSED] - if (otpMessage[i] == "3"): null

2020-08-06 15:18:25 - [TEST_STEP][PASSED] - if (otpMessage[i] == "4"): null

2020-08-06 15:18:25 - [TEST_STEP][PASSED] - if (otpMessage[i] == "5"): null

2020-08-06 15:18:25 - [TEST_STEP][PASSED] - if (otpMessage[i] == "6"): Tapped on element 'Object Repository/Maya/login again/Spy- 6'

2020-08-06 15:18:25 - [TEST_STEP][PASSED] - delay(1, STOP_ON_FAILURE): Delayed 1 second(s)

2020-08-06 15:18:26 - [MESSAGE][PASSED] - Delayed 1 second(s)

2020-08-06 15:18:26 - [TEST_STEP][PASSED] - tap(findTestObject("Maya/login again/Spy- 6"), 0): Tapped on element 'Object Repository/Maya/login again/Spy- 6'

2020-08-06 15:18:26 - [MESSAGE][WARNING] - Timeout '0' is invalid. Using default page load timeout: '10'

2020-08-06 15:18:27 - [MESSAGE][PASSED] - Tapped on element 'Object Repository/Maya/login again/Spy- 6'

2020-08-06 15:18:27 - [TEST_STEP][PASSED] - if (otpMessage[i] == "7"): null

2020-08-06 15:18:27 - [TEST_STEP][PASSED] - if (otpMessage[i] == "8"): null

2020-08-06 15:18:27 - [TEST_STEP][PASSED] - if (otpMessage[i] == "9"): null

2020-08-06 15:18:27 - [TEST_STEP][PASSED] - delay(8, STOP_ON_FAILURE): Delayed 8 second(s)

2020-08-06 15:18:35 - [MESSAGE][PASSED] - Delayed 8 second(s)

2020-08-06 15:18:35 - [TEST_STEP][PASSED] - tap(findTestObject("Maya/Forgot Pin/android.widget.ImageView0 (7)"), 0): Tapped on element 'Object Repository/Maya/Forgot Pin/android.widget.ImageView0 (7)'

2020-08-06 15:18:35 - [MESSAGE][WARNING] - Timeout '0' is invalid. Using default page load timeout: '10'

2020-08-06 15:18:36 - [MESSAGE][PASSED] - Tapped on element 'Object Repository/Maya/Forgot Pin/android.widget.ImageView0 (7)'

2020-08-06 15:18:36 - [TEST_STEP][PASSED] - tap(findTestObject("Maya/Login/android.widget.EditText0 - Enter your name"), 0): Tapped on element 'Object Repository/Maya/Login/android.widget.EditText0 - Enter your name'

2020-08-06 15:18:36 - [MESSAGE][WARNING] - Timeout '0' is invalid. Using default page load timeout: '10'

2020-08-06 15:18:41 - [MESSAGE][PASSED] - Tapped on element 'Object Repository/Maya/Login/android.widget.EditText0 - Enter your name'

2020-08-06 15:18:41 - [TEST_STEP][PASSED] - setText(findTestObject("Maya/Login/android.widget.EditText0 - Enter your name"), "Test", 0): Text 'Test' has been set to element 'Object Repository/Maya/Login/android.widget.EditText0 - Enter your name'

2020-08-06 15:18:41 - [MESSAGE][WARNING] - Timeout '0' is invalid. Using default page load timeout: '10'

2020-08-06 15:18:43 - [MESSAGE][PASSED] - Text 'Test' has been set to element 'Object Repository/Maya/Login/android.widget.EditText0 - Enter your name'

2020-08-06 15:18:43 - [TEST_STEP][PASSED] - driver.pressKeyCode(ENTER): null

2020-08-06 15:18:44 - [TEST_STEP][PASSED] - tap(findTestObject("Maya/Login/android.widget.TextView0 - Continue"), 0): Tapped on element 'Object Repository/Maya/Login/android.widget.TextView0 - Continue'

2020-08-06 15:18:44 - [MESSAGE][WARNING] - Timeout '0' is invalid. Using default page load timeout: '10'

2020-08-06 15:18:47 - [MESSAGE][PASSED] - Tapped on element 'Object Repository/Maya/Login/android.widget.TextView0 - Continue'

2020-08-06 15:18:47 - [TEST_STEP][PASSED] - tap(findTestObject("Maya/RegisterDuitNow/android.widget.ImageView0-2 acct"), 0): Tapped on element 'Object Repository/Maya/RegisterDuitNow/android.widget.ImageView0-2 acct'

2020-08-06 15:18:47 - [MESSAGE][WARNING] - Timeout '0' is invalid. Using default page load timeout: '10'

2020-08-06 15:18:48 - [MESSAGE][PASSED] - Tapped on element 'Object Repository/Maya/RegisterDuitNow/android.widget.ImageView0-2 acct'

2020-08-06 15:18:48 - [TEST_STEP][PASSED] - tap(findTestObject("Maya/Login/android.widget.TextView0 - Continue"), 0): Tapped on element 'Object Repository/Maya/Login/android.widget.TextView0 - Continue'

2020-08-06 15:18:48 - [MESSAGE][WARNING] - Timeout '0' is invalid. Using default page load timeout: '10'

2020-08-06 15:18:54 - [MESSAGE][PASSED] - Tapped on element 'Object Repository/Maya/Login/android.widget.TextView0 - Continue'

2020-08-06 15:18:54 - [TEST_STEP][PASSED] - tap(findTestObject("Maya/Login/android.widget.TextView0 - Done setup"), 0): Tapped on element 'Object Repository/Maya/Login/android.widget.TextView0 - Done setup'

2020-08-06 15:18:54 - [MESSAGE][WARNING] - Timeout '0' is invalid. Using default page load timeout: '10'

2020-08-06 15:18:56 - [MESSAGE][PASSED] - Tapped on element 'Object Repository/Maya/Login/android.widget.TextView0 - Done setup'

2020-08-06 15:18:56 - [TEST_STEP][PASSED] - verifyElementText(findTestObject("Maya/Third Party Fav/android.widget.TextView0 - Test"), "Test", CONTINUE_ON_FAILURE): Actual text and expected text of test object 'Object Repository/Maya/Third Party Fav/android.widget.TextView0 - Test' are matched.

2020-08-06 15:18:57 - [MESSAGE][PASSED] - Actual text and expected text of test object 'Object Repository/Maya/Third Party Fav/android.widget.TextView0 - Test' are matched.

2020-08-06 15:18:57 - [TEST_STEP][PASSED] - delay(2, STOP_ON_FAILURE): Delayed 2 second(s)

2020-08-06 15:18:59 - [MESSAGE][PASSED] - Delayed 2 second(s)

2020-08-06 15:18:59 - [TEST_STEP][PASSED] - takeScreenshot("C:\Users\LENOVO\Screenshot\DuitNowProxy\Screen3.png", CONTINUE_ON_FAILURE): Screenshot is taken

2020-08-06 15:19:03 - [MESSAGE][PASSED] - Screenshot is taken
[[ATTACHMENT|C:\\Users\\LENOVO\\Screenshot\\DuitNowProxy\\Screen3.png]]

2020-08-06 15:19:03 - [TEST_STEP][PASSED] - tap(findTestObject("Maya/RegisterDuitNow/android.widget.TextView0 - More"), 0): Tapped on element 'Object Repository/Maya/RegisterDuitNow/android.widget.TextView0 - More'

2020-08-06 15:19:03 - [MESSAGE][WARNING] - Timeout '0' is invalid. Using default page load timeout: '10'

2020-08-06 15:19:16 - [MESSAGE][PASSED] - Tapped on element 'Object Repository/Maya/RegisterDuitNow/android.widget.TextView0 - More'

2020-08-06 15:19:16 - [TEST_STEP][PASSED] - tap(findTestObject("Maya/RegisterDuitNow/android.widget.TextView0 - Settings"), 0): Tapped on element 'Object Repository/Maya/RegisterDuitNow/android.widget.TextView0 - Settings'

2020-08-06 15:19:16 - [MESSAGE][WARNING] - Timeout '0' is invalid. Using default page load timeout: '10'

2020-08-06 15:19:19 - [MESSAGE][PASSED] - Tapped on element 'Object Repository/Maya/RegisterDuitNow/android.widget.TextView0 - Settings'

2020-08-06 15:19:19 - [TEST_STEP][PASSED] - delay(2, STOP_ON_FAILURE): Delayed 2 second(s)

2020-08-06 15:19:21 - [MESSAGE][PASSED] - Delayed 2 second(s)

2020-08-06 15:19:21 - [TEST_STEP][PASSED] - takeScreenshot("C:\Users\LENOVO\Screenshot\DuitNowProxy\Screen4.png", CONTINUE_ON_FAILURE): Screenshot is taken

2020-08-06 15:19:22 - [MESSAGE][PASSED] - Screenshot is taken
[[ATTACHMENT|C:\\Users\\LENOVO\\Screenshot\\DuitNowProxy\\Screen4.png]]

2020-08-06 15:19:22 - [TEST_STEP][PASSED] - tap(findTestObject("Maya/RegisterDuitNow/android.widget.TextView0 - Maybank2u"), 0): Tapped on element 'Object Repository/Maya/RegisterDuitNow/android.widget.TextView0 - Maybank2u'

2020-08-06 15:19:22 - [MESSAGE][WARNING] - Timeout '0' is invalid. Using default page load timeout: '10'

2020-08-06 15:19:25 - [MESSAGE][PASSED] - Tapped on element 'Object Repository/Maya/RegisterDuitNow/android.widget.TextView0 - Maybank2u'

2020-08-06 15:19:25 - [TEST_STEP][NOT_RUN] - setText(findTestObject("Maya/RegisterDuitNow/android.widget.EditText0"), "pass1234", 0): NOT_RUN: setText(findTestObject("Maya/RegisterDuitNow/android.widget.EditText0"), "pass1234", 0)

2020-08-06 15:19:25 - [MESSAGE][NOT_RUN] - NOT_RUN: setText(findTestObject("Maya/RegisterDuitNow/android.widget.EditText0"), "pass1234", 0)

2020-08-06 15:19:25 - [TEST_STEP][PASSED] - delay(2, STOP_ON_FAILURE): Delayed 2 second(s)

2020-08-06 15:19:27 - [MESSAGE][PASSED] - Delayed 2 second(s)

2020-08-06 15:19:27 - [TEST_STEP][PASSED] - takeScreenshot("C:\Users\LENOVO\Screenshot\DuitNowProxy\Screen6.png", CONTINUE_ON_FAILURE): Screenshot is taken

2020-08-06 15:19:28 - [MESSAGE][PASSED] - Screenshot is taken
[[ATTACHMENT|C:\\Users\\LENOVO\\Screenshot\\DuitNowProxy\\Screen6.png]]

2020-08-06 15:19:28 - [TEST_STEP][PASSED] - tap(findTestObject("Maya/RegisterDuitNow/android.widget.TextView0 - DuitNow"), 0): Tapped on element 'Object Repository/Maya/RegisterDuitNow/android.widget.TextView0 - DuitNow'

2020-08-06 15:19:28 - [MESSAGE][WARNING] - Timeout '0' is invalid. Using default page load timeout: '10'

2020-08-06 15:19:30 - [MESSAGE][PASSED] - Tapped on element 'Object Repository/Maya/RegisterDuitNow/android.widget.TextView0 - DuitNow'

2020-08-06 15:19:30 - [TEST_STEP][PASSED] - getText(findTestObject("Maya/RegisterDuitNow/android.widget.TextView0 - Link your Maybank account to an ID for DuitNow"), 0): Text of element 'Object Repository/Maya/RegisterDuitNow/android.widget.TextView0 - Link your Maybank account to an ID for DuitNow' is: 'Link your Maybank account to an ID for DuitNow'

2020-08-06 15:19:30 - [MESSAGE][WARNING] - Timeout '0' is invalid. Using default page load timeout: '10'

2020-08-06 15:19:30 - [MESSAGE][PASSED] - Text of element 'Object Repository/Maya/RegisterDuitNow/android.widget.TextView0 - Link your Maybank account to an ID for DuitNow' is: 'Link your Maybank account to an ID for DuitNow'

2020-08-06 15:19:30 - [TEST_STEP][PASSED] - verifyElementExist(findTestObject("Maya/RegisterDuitNow/android.widget.TextView0 - Link your Maybank account to an ID for DuitNow"), 0): Element 'Object Repository/Maya/RegisterDuitNow/android.widget.TextView0 - Link your Maybank account to an ID for DuitNow' is exist

2020-08-06 15:19:30 - [MESSAGE][WARNING] - Timeout '0' is invalid. Using default page load timeout: '10'

2020-08-06 15:19:31 - [MESSAGE][PASSED] - Element 'Object Repository/Maya/RegisterDuitNow/android.widget.TextView0 - Link your Maybank account to an ID for DuitNow' is exist

2020-08-06 15:19:31 - [TEST_STEP][PASSED] - delay(2, STOP_ON_FAILURE): Delayed 2 second(s)

2020-08-06 15:19:33 - [MESSAGE][PASSED] - Delayed 2 second(s)

2020-08-06 15:19:33 - [TEST_STEP][PASSED] - takeScreenshot("C:\Users\LENOVO\Screenshot\DuitNowProxy\Screen5.png", CONTINUE_ON_FAILURE): Screenshot is taken

2020-08-06 15:19:34 - [MESSAGE][PASSED] - Screenshot is taken
[[ATTACHMENT|C:\\Users\\LENOVO\\Screenshot\\DuitNowProxy\\Screen5.png]]

2020-08-06 15:19:34 - [TEST_STEP][PASSED] - getText(findTestObject("Maya/RegisterDuitNow/android.widget.TextView0 - Passport Number"), 0): Text of element 'Object Repository/Maya/RegisterDuitNow/android.widget.TextView0 - Passport Number' is: 'ID Number'

2020-08-06 15:19:34 - [MESSAGE][WARNING] - Timeout '0' is invalid. Using default page load timeout: '10'

2020-08-06 15:19:34 - [MESSAGE][PASSED] - Text of element 'Object Repository/Maya/RegisterDuitNow/android.widget.TextView0 - Passport Number' is: 'ID Number'

2020-08-06 15:19:34 - [TEST_STEP][PASSED] - verifyElementExist(findTestObject("Maya/RegisterDuitNow/android.widget.TextView0 - Passport Number"), 0): Element 'Object Repository/Maya/RegisterDuitNow/android.widget.TextView0 - Passport Number' is exist

2020-08-06 15:19:34 - [MESSAGE][WARNING] - Timeout '0' is invalid. Using default page load timeout: '10'

2020-08-06 15:19:34 - [MESSAGE][PASSED] - Element 'Object Repository/Maya/RegisterDuitNow/android.widget.TextView0 - Passport Number' is exist

2020-08-06 15:19:34 - [TEST_STEP][PASSED] - getText(findTestObject("Maya/RegisterDuitNow/android.widget.TextView0 - 5THA"), 0): Text of element 'Object Repository/Maya/RegisterDuitNow/android.widget.TextView0 - 5THA' is: '********5THA'

2020-08-06 15:19:35 - [MESSAGE][WARNING] - Timeout '0' is invalid. Using default page load timeout: '10'

2020-08-06 15:19:35 - [MESSAGE][PASSED] - Text of element 'Object Repository/Maya/RegisterDuitNow/android.widget.TextView0 - 5THA' is: '********5THA'

2020-08-06 15:19:35 - [TEST_STEP][PASSED] - verifyElementExist(findTestObject("Maya/RegisterDuitNow/android.widget.TextView0 - 5THA"), 0): Element 'Object Repository/Maya/RegisterDuitNow/android.widget.TextView0 - 5THA' is exist

2020-08-06 15:19:35 - [MESSAGE][WARNING] - Timeout '0' is invalid. Using default page load timeout: '10'

2020-08-06 15:19:35 - [MESSAGE][PASSED] - Element 'Object Repository/Maya/RegisterDuitNow/android.widget.TextView0 - 5THA' is exist

2020-08-06 15:19:35 - [TEST_STEP][PASSED] - getText(findTestObject("Maya/RegisterDuitNow/android.widget.TextView0 - Maybank"), 0): Text of element 'Object Repository/Maya/RegisterDuitNow/android.widget.TextView0 - Maybank' is: 'Maybank'

2020-08-06 15:19:35 - [MESSAGE][WARNING] - Timeout '0' is invalid. Using default page load timeout: '10'

2020-08-06 15:19:36 - [MESSAGE][PASSED] - Text of element 'Object Repository/Maya/RegisterDuitNow/android.widget.TextView0 - Maybank' is: 'Maybank'

2020-08-06 15:19:36 - [TEST_STEP][PASSED] - verifyElementExist(findTestObject("Maya/RegisterDuitNow/android.widget.TextView0 - Maybank"), 0): Element 'Object Repository/Maya/RegisterDuitNow/android.widget.TextView0 - Maybank' is exist

2020-08-06 15:19:36 - [MESSAGE][WARNING] - Timeout '0' is invalid. Using default page load timeout: '10'

2020-08-06 15:19:36 - [MESSAGE][PASSED] - Element 'Object Repository/Maya/RegisterDuitNow/android.widget.TextView0 - Maybank' is exist

2020-08-06 15:19:36 - [TEST_STEP][PASSED] - tap(findTestObject("Maya/RegisterDuitNow/android.widget.TextView0 - Passport Number"), 0): Tapped on element 'Object Repository/Maya/RegisterDuitNow/android.widget.TextView0 - Passport Number'

2020-08-06 15:19:36 - [MESSAGE][WARNING] - Timeout '0' is invalid. Using default page load timeout: '10'

2020-08-06 15:19:37 - [MESSAGE][PASSED] - Tapped on element 'Object Repository/Maya/RegisterDuitNow/android.widget.TextView0 - Passport Number'

2020-08-06 15:19:37 - [TEST_STEP][FAILED] - getText(findTestObject("Maya/RegisterDuitNow/android.widget.TextView0 - Passport Number (1)"), 0): Object Object Repository/Maya/RegisterDuitNow/android.widget.TextView0 - Passport Number (1) not found

2020-08-06 15:19:38 - [MESSAGE][WARNING] - Timeout '0' is invalid. Using default page load timeout: '10'

2020-08-06 15:19:49 - [MESSAGE][FAILED] - Object Object Repository/Maya/RegisterDuitNow/android.widget.TextView0 - Passport Number (1) not found
[[ATTACHMENT|C:\\Users\\LENOVO\\Git_new\\Maya\\Reports\\20200806_151515\\Maya UAT\\UAT Test Suite\\20200806_151515\\1596698388646.png]]

2020-08-06 15:19:49 - [TEST_STEP][PASSED] - verifyElementExist(findTestObject("Maya/RegisterDuitNow/android.widget.TextView0 - Maybank"), 0): Element 'Object Repository/Maya/RegisterDuitNow/android.widget.TextView0 - Maybank' is exist

2020-08-06 15:19:49 - [MESSAGE][WARNING] - Timeout '0' is invalid. Using default page load timeout: '10'

2020-08-06 15:19:50 - [MESSAGE][PASSED] - Element 'Object Repository/Maya/RegisterDuitNow/android.widget.TextView0 - Maybank' is exist

2020-08-06 15:19:50 - [TEST_STEP][PASSED] - getText(findTestObject("Maya/RegisterDuitNow/android.widget.TextView0 - 5THA (1)"), 0): Text of element 'Object Repository/Maya/RegisterDuitNow/android.widget.TextView0 - 5THA (1)' is: '********5THA'

2020-08-06 15:19:50 - [MESSAGE][WARNING] - Timeout '0' is invalid. Using default page load timeout: '10'

2020-08-06 15:19:51 - [MESSAGE][PASSED] - Text of element 'Object Repository/Maya/RegisterDuitNow/android.widget.TextView0 - 5THA (1)' is: '********5THA'

2020-08-06 15:19:51 - [TEST_STEP][PASSED] - verifyElementExist(findTestObject("Maya/RegisterDuitNow/android.widget.TextView0 - Maybank"), 0): Element 'Object Repository/Maya/RegisterDuitNow/android.widget.TextView0 - Maybank' is exist

2020-08-06 15:19:51 - [MESSAGE][WARNING] - Timeout '0' is invalid. Using default page load timeout: '10'

2020-08-06 15:19:51 - [MESSAGE][PASSED] - Element 'Object Repository/Maya/RegisterDuitNow/android.widget.TextView0 - Maybank' is exist

2020-08-06 15:19:51 - [TEST_STEP][PASSED] - getText(findTestObject("Maya/RegisterDuitNow/android.widget.TextView0 - Status"), 0): Text of element 'Object Repository/Maya/RegisterDuitNow/android.widget.TextView0 - Status' is: 'Status'

2020-08-06 15:19:51 - [MESSAGE][WARNING] - Timeout '0' is invalid. Using default page load timeout: '10'

2020-08-06 15:19:51 - [MESSAGE][PASSED] - Text of element 'Object Repository/Maya/RegisterDuitNow/android.widget.TextView0 - Status' is: 'Status'

2020-08-06 15:19:51 - [TEST_STEP][PASSED] - verifyElementExist(findTestObject("Maya/RegisterDuitNow/android.widget.TextView0 - Status"), 0): Element 'Object Repository/Maya/RegisterDuitNow/android.widget.TextView0 - Status' is exist

2020-08-06 15:19:51 - [MESSAGE][WARNING] - Timeout '0' is invalid. Using default page load timeout: '10'

2020-08-06 15:19:51 - [MESSAGE][PASSED] - Element 'Object Repository/Maya/RegisterDuitNow/android.widget.TextView0 - Status' is exist

2020-08-06 15:19:51 - [TEST_STEP][PASSED] - getText(findTestObject("Maya/RegisterDuitNow/android.widget.TextView0 - ACTIVE"), 0): Text of element 'Object Repository/Maya/RegisterDuitNow/android.widget.TextView0 - ACTIVE' is: 'ACTIVE'

2020-08-06 15:19:51 - [MESSAGE][WARNING] - Timeout '0' is invalid. Using default page load timeout: '10'

2020-08-06 15:19:52 - [MESSAGE][PASSED] - Text of element 'Object Repository/Maya/RegisterDuitNow/android.widget.TextView0 - ACTIVE' is: 'ACTIVE'

2020-08-06 15:19:52 - [TEST_STEP][PASSED] - delay(2, STOP_ON_FAILURE): Delayed 2 second(s)

2020-08-06 15:19:54 - [MESSAGE][PASSED] - Delayed 2 second(s)

2020-08-06 15:19:54 - [TEST_STEP][PASSED] - takeScreenshot("C:\Users\LENOVO\Screenshot\DuitNowProxy\Screen8.png", CONTINUE_ON_FAILURE): Screenshot is taken

2020-08-06 15:19:55 - [MESSAGE][PASSED] - Screenshot is taken
[[ATTACHMENT|C:\\Users\\LENOVO\\Screenshot\\DuitNowProxy\\Screen8.png]]

2020-08-06 15:19:55 - [TEST_STEP][PASSED] - verifyElementExist(findTestObject("Maya/RegisterDuitNow/android.widget.TextView0 - ACTIVE"), 0): Element 'Object Repository/Maya/RegisterDuitNow/android.widget.TextView0 - ACTIVE' is exist

2020-08-06 15:19:55 - [MESSAGE][WARNING] - Timeout '0' is invalid. Using default page load timeout: '10'

2020-08-06 15:19:55 - [MESSAGE][PASSED] - Element 'Object Repository/Maya/RegisterDuitNow/android.widget.TextView0 - ACTIVE' is exist

2020-08-06 15:19:55 - [TEST_STEP][PASSED] - getText(findTestObject("Maya/RegisterDuitNow/android.widget.TextView0 - Receiving bank"), 0): Text of element 'Object Repository/Maya/RegisterDuitNow/android.widget.TextView0 - Receiving bank' is: 'Receiving bank'

2020-08-06 15:19:55 - [MESSAGE][WARNING] - Timeout '0' is invalid. Using default page load timeout: '10'

2020-08-06 15:19:55 - [MESSAGE][PASSED] - Text of element 'Object Repository/Maya/RegisterDuitNow/android.widget.TextView0 - Receiving bank' is: 'Receiving bank'

2020-08-06 15:19:55 - [TEST_STEP][PASSED] - verifyElementExist(findTestObject("Maya/RegisterDuitNow/android.widget.TextView0 - Receiving bank"), 0): Element 'Object Repository/Maya/RegisterDuitNow/android.widget.TextView0 - Receiving bank' is exist

2020-08-06 15:19:56 - [MESSAGE][WARNING] - Timeout '0' is invalid. Using default page load timeout: '10'

2020-08-06 15:19:56 - [MESSAGE][PASSED] - Element 'Object Repository/Maya/RegisterDuitNow/android.widget.TextView0 - Receiving bank' is exist

2020-08-06 15:19:56 - [TEST_STEP][PASSED] - getText(findTestObject("Maya/RegisterDuitNow/android.widget.TextView0 - Maybank (1)"), 0): Text of element 'Object Repository/Maya/RegisterDuitNow/android.widget.TextView0 - Maybank (1)' is: 'Maybank'

2020-08-06 15:19:56 - [MESSAGE][WARNING] - Timeout '0' is invalid. Using default page load timeout: '10'

2020-08-06 15:19:57 - [MESSAGE][PASSED] - Text of element 'Object Repository/Maya/RegisterDuitNow/android.widget.TextView0 - Maybank (1)' is: 'Maybank'

2020-08-06 15:19:57 - [TEST_STEP][PASSED] - verifyElementExist(findTestObject("Maya/RegisterDuitNow/android.widget.TextView0 - Maybank (1)"), 0): Element 'Object Repository/Maya/RegisterDuitNow/android.widget.TextView0 - Maybank (1)' is exist

2020-08-06 15:19:57 - [MESSAGE][WARNING] - Timeout '0' is invalid. Using default page load timeout: '10'

2020-08-06 15:19:57 - [MESSAGE][PASSED] - Element 'Object Repository/Maya/RegisterDuitNow/android.widget.TextView0 - Maybank (1)' is exist

2020-08-06 15:19:57 - [TEST_STEP][PASSED] - getText(findTestObject("Maya/RegisterDuitNow/android.widget.TextView0 - Receiving Account"), 0): Text of element 'Object Repository/Maya/RegisterDuitNow/android.widget.TextView0 - Receiving Account' is: 'Receiving Account'

2020-08-06 15:19:57 - [MESSAGE][WARNING] - Timeout '0' is invalid. Using default page load timeout: '10'

2020-08-06 15:19:57 - [MESSAGE][PASSED] - Text of element 'Object Repository/Maya/RegisterDuitNow/android.widget.TextView0 - Receiving Account' is: 'Receiving Account'

2020-08-06 15:19:57 - [TEST_STEP][PASSED] - verifyElementExist(findTestObject("Maya/RegisterDuitNow/android.widget.TextView0 - Receiving Account"), 0): Element 'Object Repository/Maya/RegisterDuitNow/android.widget.TextView0 - Receiving Account' is exist

2020-08-06 15:19:57 - [MESSAGE][WARNING] - Timeout '0' is invalid. Using default page load timeout: '10'

2020-08-06 15:19:57 - [MESSAGE][PASSED] - Element 'Object Repository/Maya/RegisterDuitNow/android.widget.TextView0 - Receiving Account' is exist

2020-08-06 15:19:57 - [TEST_STEP][PASSED] - getText(findTestObject("Maya/RegisterDuitNow/android.widget.TextView0 - 4039"), 0): Text of element 'Object Repository/Maya/RegisterDuitNow/android.widget.TextView0 - 4039' is: '********4039'

2020-08-06 15:19:58 - [MESSAGE][WARNING] - Timeout '0' is invalid. Using default page load timeout: '10'

2020-08-06 15:19:58 - [MESSAGE][PASSED] - Text of element 'Object Repository/Maya/RegisterDuitNow/android.widget.TextView0 - 4039' is: '********4039'

2020-08-06 15:19:58 - [TEST_STEP][PASSED] - verifyElementExist(findTestObject("Maya/RegisterDuitNow/android.widget.TextView0 - 4039"), 0): Element 'Object Repository/Maya/RegisterDuitNow/android.widget.TextView0 - 4039' is exist

2020-08-06 15:19:58 - [MESSAGE][WARNING] - Timeout '0' is invalid. Using default page load timeout: '10'

2020-08-06 15:19:59 - [MESSAGE][PASSED] - Element 'Object Repository/Maya/RegisterDuitNow/android.widget.TextView0 - 4039' is exist

2020-08-06 15:19:59 - [TEST_STEP][PASSED] - getText(findTestObject("Maya/RegisterDuitNow/android.widget.TextView0 - Switch account"), 0): Text of element 'Object Repository/Maya/RegisterDuitNow/android.widget.TextView0 - Switch account' is: 'Switch account'

2020-08-06 15:19:59 - [MESSAGE][WARNING] - Timeout '0' is invalid. Using default page load timeout: '10'

2020-08-06 15:20:00 - [MESSAGE][PASSED] - Text of element 'Object Repository/Maya/RegisterDuitNow/android.widget.TextView0 - Switch account' is: 'Switch account'

2020-08-06 15:20:00 - [TEST_STEP][PASSED] - verifyElementExist(findTestObject("Maya/RegisterDuitNow/android.widget.TextView0 - 4039"), 0): Element 'Object Repository/Maya/RegisterDuitNow/android.widget.TextView0 - 4039' is exist

2020-08-06 15:20:00 - [MESSAGE][WARNING] - Timeout '0' is invalid. Using default page load timeout: '10'

2020-08-06 15:20:00 - [MESSAGE][PASSED] - Element 'Object Repository/Maya/RegisterDuitNow/android.widget.TextView0 - 4039' is exist

2020-08-06 15:20:00 - [TEST_STEP][PASSED] - tap(findTestObject("Maya/RegisterDuitNow/android.widget.TextView0 - Switch account"), 0): Tapped on element 'Object Repository/Maya/RegisterDuitNow/android.widget.TextView0 - Switch account'

2020-08-06 15:20:00 - [MESSAGE][WARNING] - Timeout '0' is invalid. Using default page load timeout: '10'

2020-08-06 15:20:02 - [MESSAGE][PASSED] - Tapped on element 'Object Repository/Maya/RegisterDuitNow/android.widget.TextView0 - Switch account'

2020-08-06 15:20:02 - [TEST_STEP][PASSED] - getText(findTestObject("Maya/RegisterDuitNow/android.widget.TextView0 - Link Maybank account to DuitNow"), 0): Text of element 'Object Repository/Maya/RegisterDuitNow/android.widget.TextView0 - Link Maybank account to DuitNow' is: 'Link Maybank account to DuitNow'

2020-08-06 15:20:02 - [MESSAGE][WARNING] - Timeout '0' is invalid. Using default page load timeout: '10'

2020-08-06 15:20:03 - [MESSAGE][PASSED] - Text of element 'Object Repository/Maya/RegisterDuitNow/android.widget.TextView0 - Link Maybank account to DuitNow' is: 'Link Maybank account to DuitNow'

2020-08-06 15:20:03 - [TEST_STEP][PASSED] - verifyElementExist(findTestObject("Maya/RegisterDuitNow/android.widget.TextView0 - Link Maybank account to DuitNow"), 0): Element 'Object Repository/Maya/RegisterDuitNow/android.widget.TextView0 - Link Maybank account to DuitNow' is exist

2020-08-06 15:20:03 - [MESSAGE][WARNING] - Timeout '0' is invalid. Using default page load timeout: '10'

2020-08-06 15:20:03 - [MESSAGE][PASSED] - Element 'Object Repository/Maya/RegisterDuitNow/android.widget.TextView0 - Link Maybank account to DuitNow' is exist

2020-08-06 15:20:03 - [TEST_STEP][PASSED] - delay(2, STOP_ON_FAILURE): Delayed 2 second(s)

2020-08-06 15:20:05 - [MESSAGE][PASSED] - Delayed 2 second(s)

2020-08-06 15:20:05 - [TEST_STEP][PASSED] - takeScreenshot("C:\Users\LENOVO\Screenshot\DuitNowProxy\Screen10.png", CONTINUE_ON_FAILURE): Screenshot is taken

2020-08-06 15:20:06 - [MESSAGE][PASSED] - Screenshot is taken
[[ATTACHMENT|C:\\Users\\LENOVO\\Screenshot\\DuitNowProxy\\Screen10.png]]

2020-08-06 15:20:06 - [TEST_STEP][PASSED] - tapAndHoldAtPosition(540, 773, 1): Tapped and held at [540, 773] with duration 1

2020-08-06 15:20:09 - [MESSAGE][PASSED] - Tapped and held at [540, 773] with duration 1

2020-08-06 15:20:09 - [TEST_STEP][PASSED] - tap(findTestObject("Maya/RegisterDuitNow/android.widget.TextView0 - Continue"), 0): Tapped on element 'Object Repository/Maya/RegisterDuitNow/android.widget.TextView0 - Continue'

2020-08-06 15:20:09 - [MESSAGE][WARNING] - Timeout '0' is invalid. Using default page load timeout: '10'

2020-08-06 15:20:11 - [MESSAGE][PASSED] - Tapped on element 'Object Repository/Maya/RegisterDuitNow/android.widget.TextView0 - Continue'

2020-08-06 15:20:11 - [TEST_STEP][PASSED] - getText(findTestObject("Maya/RegisterDuitNow/android.widget.TextView0 - Please confirm your DuitNow details"), 0): Text of element 'Object Repository/Maya/RegisterDuitNow/android.widget.TextView0 - Please confirm your DuitNow details' is: 'Please confirm your DuitNow details'

2020-08-06 15:20:11 - [MESSAGE][WARNING] - Timeout '0' is invalid. Using default page load timeout: '10'

2020-08-06 15:20:12 - [MESSAGE][PASSED] - Text of element 'Object Repository/Maya/RegisterDuitNow/android.widget.TextView0 - Please confirm your DuitNow details' is: 'Please confirm your DuitNow details'

2020-08-06 15:20:12 - [TEST_STEP][PASSED] - verifyElementExist(findTestObject("Maya/RegisterDuitNow/android.widget.TextView0 - Please confirm your DuitNow details"), 0): Element 'Object Repository/Maya/RegisterDuitNow/android.widget.TextView0 - Please confirm your DuitNow details' is exist

2020-08-06 15:20:12 - [MESSAGE][WARNING] - Timeout '0' is invalid. Using default page load timeout: '10'

2020-08-06 15:20:12 - [MESSAGE][PASSED] - Element 'Object Repository/Maya/RegisterDuitNow/android.widget.TextView0 - Please confirm your DuitNow details' is exist

2020-08-06 15:20:12 - [TEST_STEP][PASSED] - delay(2, STOP_ON_FAILURE): Delayed 2 second(s)

2020-08-06 15:20:14 - [MESSAGE][PASSED] - Delayed 2 second(s)

2020-08-06 15:20:14 - [TEST_STEP][PASSED] - takeScreenshot("C:\Users\LENOVO\Screenshot\DuitNowProxy\Screen11.png", CONTINUE_ON_FAILURE): Screenshot is taken

2020-08-06 15:20:16 - [MESSAGE][PASSED] - Screenshot is taken
[[ATTACHMENT|C:\\Users\\LENOVO\\Screenshot\\DuitNowProxy\\Screen11.png]]

2020-08-06 15:20:16 - [TEST_STEP][NOT_RUN] - getText(findTestObject("Maya/RegisterDuitNow/android.widget.TextView0 - Passport Number (2)"), 0): NOT_RUN: getText(findTestObject("Maya/RegisterDuitNow/android.widget.TextView0 - Passport Number (2)"), 0)

2020-08-06 15:20:16 - [MESSAGE][NOT_RUN] - NOT_RUN: getText(findTestObject("Maya/RegisterDuitNow/android.widget.TextView0 - Passport Number (2)"), 0)

2020-08-06 15:20:16 - [TEST_STEP][NOT_RUN] - verifyElementExist(findTestObject("Maya/RegisterDuitNow/android.widget.TextView0 - Passport Number (2)"), 0): NOT_RUN: verifyElementExist(findTestObject("Maya/RegisterDuitNow/android.widget.TextView0 - Passport Number (2)"), 0)

2020-08-06 15:20:16 - [MESSAGE][NOT_RUN] - NOT_RUN: verifyElementExist(findTestObject("Maya/RegisterDuitNow/android.widget.TextView0 - Passport Number (2)"), 0)

2020-08-06 15:20:16 - [TEST_STEP][PASSED] - tap(findTestObject("Maya/RegisterDuitNow/android.widget.TextView0 - Agree and Confirm"), 0): Tapped on element 'Object Repository/Maya/RegisterDuitNow/android.widget.TextView0 - Agree and Confirm'

2020-08-06 15:20:16 - [MESSAGE][WARNING] - Timeout '0' is invalid. Using default page load timeout: '10'

2020-08-06 15:20:18 - [MESSAGE][PASSED] - Tapped on element 'Object Repository/Maya/RegisterDuitNow/android.widget.TextView0 - Agree and Confirm'

2020-08-06 15:20:18 - [TEST_STEP][PASSED] - tap(findTestObject("Maya/RegisterDuitNow/android.widget.TextView0 - Confirm"), 0): Tapped on element 'Object Repository/Maya/RegisterDuitNow/android.widget.TextView0 - Confirm'

2020-08-06 15:20:18 - [MESSAGE][WARNING] - Timeout '0' is invalid. Using default page load timeout: '10'

2020-08-06 15:20:20 - [MESSAGE][PASSED] - Tapped on element 'Object Repository/Maya/RegisterDuitNow/android.widget.TextView0 - Confirm'

2020-08-06 15:20:20 - [TEST_STEP][PASSED] - delay(2, STOP_ON_FAILURE): Delayed 2 second(s)

2020-08-06 15:20:22 - [MESSAGE][PASSED] - Delayed 2 second(s)

2020-08-06 15:20:22 - [TEST_STEP][PASSED] - takeScreenshot("C:\Users\LENOVO\Screenshot\DuitNowProxy\Screen12.png", CONTINUE_ON_FAILURE): Screenshot is taken

2020-08-06 15:20:23 - [MESSAGE][PASSED] - Screenshot is taken
[[ATTACHMENT|C:\\Users\\LENOVO\\Screenshot\\DuitNowProxy\\Screen12.png]]

2020-08-06 15:20:23 - [TEST_STEP][PASSED] - otpMess = getText(findTestObject("Maya/Third Party CA account/android.widget.TextView0 - Your OTP no. is 460943"), 0): Text of element 'Object Repository/Maya/Third Party CA account/android.widget.TextView0 - Your OTP no. is 460943' is: 'Your OTP no. is 489393'

2020-08-06 15:20:23 - [MESSAGE][WARNING] - Timeout '0' is invalid. Using default page load timeout: '10'

2020-08-06 15:20:24 - [MESSAGE][PASSED] - Text of element 'Object Repository/Maya/Third Party CA account/android.widget.TextView0 - Your OTP no. is 460943' is: 'Your OTP no. is 489393'

2020-08-06 15:20:24 - [TEST_STEP][PASSED] - delay(2): Delayed 2 second(s)

2020-08-06 15:20:26 - [MESSAGE][PASSED] - Delayed 2 second(s)

2020-08-06 15:20:26 - [TEST_STEP][PASSED] - for ([i = 16, i <= 21, (i++)]): null

2020-08-06 15:20:26 - [TEST_STEP][PASSED] - delay(3, STOP_ON_FAILURE): Delayed 3 second(s)

2020-08-06 15:20:29 - [MESSAGE][PASSED] - Delayed 3 second(s)

2020-08-06 15:20:29 - [TEST_STEP][PASSED] - if (otpMess[i] == "0"): null

2020-08-06 15:20:29 - [TEST_STEP][PASSED] - if (otpMess[i] == "1"): null

2020-08-06 15:20:29 - [TEST_STEP][PASSED] - if (otpMess[i] == "2"): null

2020-08-06 15:20:29 - [TEST_STEP][PASSED] - if (otpMess[i] == "3"): null

2020-08-06 15:20:29 - [TEST_STEP][PASSED] - if (otpMess[i] == "4"): Tapped on element 'Object Repository/Maya/login again/Spy - 4'

2020-08-06 15:20:29 - [TEST_STEP][PASSED] - delay(1, STOP_ON_FAILURE): Delayed 1 second(s)

2020-08-06 15:20:30 - [MESSAGE][PASSED] - Delayed 1 second(s)

2020-08-06 15:20:30 - [TEST_STEP][PASSED] - tap(findTestObject("Maya/login again/Spy - 4"), 0): Tapped on element 'Object Repository/Maya/login again/Spy - 4'

2020-08-06 15:20:30 - [MESSAGE][WARNING] - Timeout '0' is invalid. Using default page load timeout: '10'

2020-08-06 15:20:30 - [MESSAGE][PASSED] - Tapped on element 'Object Repository/Maya/login again/Spy - 4'

2020-08-06 15:20:31 - [TEST_STEP][PASSED] - if (otpMess[i] == "5"): null

2020-08-06 15:20:31 - [TEST_STEP][PASSED] - if (otpMess[i] == "6"): null

2020-08-06 15:20:31 - [TEST_STEP][PASSED] - if (otpMess[i] == "7"): null

2020-08-06 15:20:31 - [TEST_STEP][PASSED] - if (otpMess[i] == "8"): null

2020-08-06 15:20:31 - [TEST_STEP][PASSED] - if (otpMess[i] == "9"): null

2020-08-06 15:20:31 - [TEST_STEP][PASSED] - delay(3, STOP_ON_FAILURE): Delayed 3 second(s)

2020-08-06 15:20:34 - [MESSAGE][PASSED] - Delayed 3 second(s)

2020-08-06 15:20:34 - [TEST_STEP][PASSED] - if (otpMess[i] == "0"): null

2020-08-06 15:20:34 - [TEST_STEP][PASSED] - if (otpMess[i] == "1"): null

2020-08-06 15:20:34 - [TEST_STEP][PASSED] - if (otpMess[i] == "2"): null

2020-08-06 15:20:34 - [TEST_STEP][PASSED] - if (otpMess[i] == "3"): null

2020-08-06 15:20:34 - [TEST_STEP][PASSED] - if (otpMess[i] == "4"): null

2020-08-06 15:20:34 - [TEST_STEP][PASSED] - if (otpMess[i] == "5"): null

2020-08-06 15:20:34 - [TEST_STEP][PASSED] - if (otpMess[i] == "6"): null

2020-08-06 15:20:34 - [TEST_STEP][PASSED] - if (otpMess[i] == "7"): null

2020-08-06 15:20:34 - [TEST_STEP][PASSED] - if (otpMess[i] == "8"): Tapped on element 'Object Repository/Maya/login again/Spy - 8'

2020-08-06 15:20:34 - [TEST_STEP][PASSED] - delay(1, STOP_ON_FAILURE): Delayed 1 second(s)

2020-08-06 15:20:35 - [MESSAGE][PASSED] - Delayed 1 second(s)

2020-08-06 15:20:35 - [TEST_STEP][PASSED] - tap(findTestObject("Maya/login again/Spy - 8"), 0): Tapped on element 'Object Repository/Maya/login again/Spy - 8'

2020-08-06 15:20:35 - [MESSAGE][WARNING] - Timeout '0' is invalid. Using default page load timeout: '10'

2020-08-06 15:20:38 - [MESSAGE][PASSED] - Tapped on element 'Object Repository/Maya/login again/Spy - 8'

2020-08-06 15:20:38 - [TEST_STEP][PASSED] - if (otpMess[i] == "9"): null

2020-08-06 15:20:38 - [TEST_STEP][PASSED] - delay(3, STOP_ON_FAILURE): Delayed 3 second(s)

2020-08-06 15:20:41 - [MESSAGE][PASSED] - Delayed 3 second(s)

2020-08-06 15:20:41 - [TEST_STEP][PASSED] - if (otpMess[i] == "0"): null

2020-08-06 15:20:41 - [TEST_STEP][PASSED] - if (otpMess[i] == "1"): null

2020-08-06 15:20:41 - [TEST_STEP][PASSED] - if (otpMess[i] == "2"): null

2020-08-06 15:20:41 - [TEST_STEP][PASSED] - if (otpMess[i] == "3"): null

2020-08-06 15:20:41 - [TEST_STEP][PASSED] - if (otpMess[i] == "4"): null

2020-08-06 15:20:41 - [TEST_STEP][PASSED] - if (otpMess[i] == "5"): null

2020-08-06 15:20:41 - [TEST_STEP][PASSED] - if (otpMess[i] == "6"): null

2020-08-06 15:20:41 - [TEST_STEP][PASSED] - if (otpMess[i] == "7"): null

2020-08-06 15:20:41 - [TEST_STEP][PASSED] - if (otpMess[i] == "8"): null

2020-08-06 15:20:41 - [TEST_STEP][PASSED] - if (otpMess[i] == "9"): Tapped on element 'Object Repository/Maya/login again/Spy- 9'

2020-08-06 15:20:41 - [TEST_STEP][PASSED] - delay(1, STOP_ON_FAILURE): Delayed 1 second(s)

2020-08-06 15:20:42 - [MESSAGE][PASSED] - Delayed 1 second(s)

2020-08-06 15:20:42 - [TEST_STEP][PASSED] - tap(findTestObject("Maya/login again/Spy- 9"), 0): Tapped on element 'Object Repository/Maya/login again/Spy- 9'

2020-08-06 15:20:42 - [MESSAGE][WARNING] - Timeout '0' is invalid. Using default page load timeout: '10'

2020-08-06 15:20:43 - [MESSAGE][PASSED] - Tapped on element 'Object Repository/Maya/login again/Spy- 9'

2020-08-06 15:20:43 - [TEST_STEP][PASSED] - delay(3, STOP_ON_FAILURE): Delayed 3 second(s)

2020-08-06 15:20:46 - [MESSAGE][PASSED] - Delayed 3 second(s)

2020-08-06 15:20:46 - [TEST_STEP][PASSED] - if (otpMess[i] == "0"): null

2020-08-06 15:20:46 - [TEST_STEP][PASSED] - if (otpMess[i] == "1"): null

2020-08-06 15:20:46 - [TEST_STEP][PASSED] - if (otpMess[i] == "2"): null

2020-08-06 15:20:46 - [TEST_STEP][PASSED] - if (otpMess[i] == "3"): Tapped on element 'Object Repository/Maya/login again/Spy- 3'

2020-08-06 15:20:46 - [TEST_STEP][PASSED] - delay(1, STOP_ON_FAILURE): Delayed 1 second(s)

2020-08-06 15:20:47 - [MESSAGE][PASSED] - Delayed 1 second(s)

2020-08-06 15:20:47 - [TEST_STEP][NOT_RUN] - tap(findTestObject("MAYA SIT v118/spy/TAC - keypad 3"), 0): NOT_RUN: tap(findTestObject("MAYA SIT v118/spy/TAC - keypad 3"), 0)

2020-08-06 15:20:47 - [MESSAGE][NOT_RUN] - NOT_RUN: tap(findTestObject("MAYA SIT v118/spy/TAC - keypad 3"), 0)

2020-08-06 15:20:47 - [TEST_STEP][PASSED] - tap(findTestObject("Maya/login again/Spy- 3"), 0): Tapped on element 'Object Repository/Maya/login again/Spy- 3'

2020-08-06 15:20:47 - [MESSAGE][WARNING] - Timeout '0' is invalid. Using default page load timeout: '10'

2020-08-06 15:20:48 - [MESSAGE][PASSED] - Tapped on element 'Object Repository/Maya/login again/Spy- 3'

2020-08-06 15:20:48 - [TEST_STEP][PASSED] - if (otpMess[i] == "4"): null

2020-08-06 15:20:48 - [TEST_STEP][PASSED] - if (otpMess[i] == "5"): null

2020-08-06 15:20:48 - [TEST_STEP][PASSED] - if (otpMess[i] == "6"): null

2020-08-06 15:20:48 - [TEST_STEP][PASSED] - if (otpMess[i] == "7"): null

2020-08-06 15:20:48 - [TEST_STEP][PASSED] - if (otpMess[i] == "8"): null

2020-08-06 15:20:48 - [TEST_STEP][PASSED] - if (otpMess[i] == "9"): null

2020-08-06 15:20:48 - [TEST_STEP][PASSED] - delay(3, STOP_ON_FAILURE): Delayed 3 second(s)

2020-08-06 15:20:51 - [MESSAGE][PASSED] - Delayed 3 second(s)

2020-08-06 15:20:51 - [TEST_STEP][PASSED] - if (otpMess[i] == "0"): null

2020-08-06 15:20:51 - [TEST_STEP][PASSED] - if (otpMess[i] == "1"): null

2020-08-06 15:20:51 - [TEST_STEP][PASSED] - if (otpMess[i] == "2"): null

2020-08-06 15:20:51 - [TEST_STEP][PASSED] - if (otpMess[i] == "3"): null

2020-08-06 15:20:51 - [TEST_STEP][PASSED] - if (otpMess[i] == "4"): null

2020-08-06 15:20:51 - [TEST_STEP][PASSED] - if (otpMess[i] == "5"): null

2020-08-06 15:20:51 - [TEST_STEP][PASSED] - if (otpMess[i] == "6"): null

2020-08-06 15:20:51 - [TEST_STEP][PASSED] - if (otpMess[i] == "7"): null

2020-08-06 15:20:51 - [TEST_STEP][PASSED] - if (otpMess[i] == "8"): null

2020-08-06 15:20:51 - [TEST_STEP][PASSED] - if (otpMess[i] == "9"): Tapped on element 'Object Repository/Maya/login again/Spy- 9'

2020-08-06 15:20:51 - [TEST_STEP][PASSED] - delay(1, STOP_ON_FAILURE): Delayed 1 second(s)

2020-08-06 15:20:52 - [MESSAGE][PASSED] - Delayed 1 second(s)

2020-08-06 15:20:52 - [TEST_STEP][PASSED] - tap(findTestObject("Maya/login again/Spy- 9"), 0): Tapped on element 'Object Repository/Maya/login again/Spy- 9'

2020-08-06 15:20:52 - [MESSAGE][WARNING] - Timeout '0' is invalid. Using default page load timeout: '10'

2020-08-06 15:20:53 - [MESSAGE][PASSED] - Tapped on element 'Object Repository/Maya/login again/Spy- 9'

2020-08-06 15:20:53 - [TEST_STEP][PASSED] - delay(3, STOP_ON_FAILURE): Delayed 3 second(s)

2020-08-06 15:20:56 - [MESSAGE][PASSED] - Delayed 3 second(s)

2020-08-06 15:20:56 - [TEST_STEP][PASSED] - if (otpMess[i] == "0"): null

2020-08-06 15:20:56 - [TEST_STEP][PASSED] - if (otpMess[i] == "1"): null

2020-08-06 15:20:56 - [TEST_STEP][PASSED] - if (otpMess[i] == "2"): null

2020-08-06 15:20:56 - [TEST_STEP][PASSED] - if (otpMess[i] == "3"): Tapped on element 'Object Repository/Maya/login again/Spy- 3'

2020-08-06 15:20:56 - [TEST_STEP][PASSED] - delay(1, STOP_ON_FAILURE): Delayed 1 second(s)

2020-08-06 15:20:57 - [MESSAGE][PASSED] - Delayed 1 second(s)

2020-08-06 15:20:57 - [TEST_STEP][NOT_RUN] - tap(findTestObject("MAYA SIT v118/spy/TAC - keypad 3"), 0): NOT_RUN: tap(findTestObject("MAYA SIT v118/spy/TAC - keypad 3"), 0)

2020-08-06 15:20:57 - [MESSAGE][NOT_RUN] - NOT_RUN: tap(findTestObject("MAYA SIT v118/spy/TAC - keypad 3"), 0)

2020-08-06 15:20:57 - [TEST_STEP][PASSED] - tap(findTestObject("Maya/login again/Spy- 3"), 0): Tapped on element 'Object Repository/Maya/login again/Spy- 3'

2020-08-06 15:20:57 - [MESSAGE][WARNING] - Timeout '0' is invalid. Using default page load timeout: '10'

2020-08-06 15:20:58 - [MESSAGE][PASSED] - Tapped on element 'Object Repository/Maya/login again/Spy- 3'

2020-08-06 15:20:58 - [TEST_STEP][PASSED] - if (otpMess[i] == "4"): null

2020-08-06 15:20:58 - [TEST_STEP][PASSED] - if (otpMess[i] == "5"): null

2020-08-06 15:20:58 - [TEST_STEP][PASSED] - if (otpMess[i] == "6"): null

2020-08-06 15:20:58 - [TEST_STEP][PASSED] - if (otpMess[i] == "7"): null

2020-08-06 15:20:58 - [TEST_STEP][PASSED] - if (otpMess[i] == "8"): null

2020-08-06 15:20:58 - [TEST_STEP][PASSED] - if (otpMess[i] == "9"): null

2020-08-06 15:20:58 - [TEST_STEP][PASSED] - delay(8, STOP_ON_FAILURE): Delayed 8 second(s)

2020-08-06 15:21:06 - [MESSAGE][PASSED] - Delayed 8 second(s)

2020-08-06 15:21:06 - [TEST_STEP][PASSED] - tap(findTestObject("Maya/Forgot Pin/android.widget.ImageView0 (7)"), 0): Tapped on element 'Object Repository/Maya/Forgot Pin/android.widget.ImageView0 (7)'

2020-08-06 15:21:06 - [MESSAGE][WARNING] - Timeout '0' is invalid. Using default page load timeout: '10'

2020-08-06 15:21:06 - [MESSAGE][PASSED] - Tapped on element 'Object Repository/Maya/Forgot Pin/android.widget.ImageView0 (7)'

2020-08-06 15:21:06 - [TEST_STEP][FAILED] - getText(findTestObject("Maya/RegisterDuitNow/android.widget.TextView0 - Youve successfully linked your account to DuitNow"), 0, STOP_ON_FAILURE): Failed to get text from element (Root cause: com.kms.katalon.core.exception.StepFailedException: Object Object Repository/Maya/RegisterDuitNow/android.widget.TextView0 - Youve successfully linked your account to DuitNow not found
	at com.kms.katalon.core.keyword.internal.KeywordMain.stepFailed(KeywordMain.groovy:50)
	at com.kms.katalon.core.mobile.keyword.internal.MobileKeywordMain.stepFailed(MobileKeywordMain.groovy:40)
	at com.kms.katalon.core.mobile.keyword.builtin.GetTextKeyword$_getText_closure1.doCall(GetTextKeyword.groovy:74)
	at com.kms.katalon.core.mobile.keyword.builtin.GetTextKeyword$_getText_closure1.call(GetTextKeyword.groovy)
	at com.kms.katalon.core.mobile.keyword.internal.MobileKeywordMain.runKeyword(MobileKeywordMain.groovy:21)
	at com.kms.katalon.core.mobile.keyword.builtin.GetTextKeyword.getText(GetTextKeyword.groovy:80)
	at com.kms.katalon.core.mobile.keyword.builtin.GetTextKeyword.execute(GetTextKeyword.groovy:64)
	at com.kms.katalon.core.keyword.internal.KeywordExecutor.executeKeywordForPlatform(KeywordExecutor.groovy:72)
	at com.kms.katalon.core.mobile.keyword.MobileBuiltInKeywords.getText(MobileBuiltInKeywords.groovy:443)
	at com.kms.katalon.core.mobile.keyword.MobileBuiltInKeywords$getText$7.call(Unknown Source)
	at Passport.run(Passport:383)
	at com.kms.katalon.core.main.ScriptEngine.run(ScriptEngine.java:194)
	at com.kms.katalon.core.main.ScriptEngine.runScriptAsRawText(ScriptEngine.java:119)
	at com.kms.katalon.core.main.TestCaseExecutor.runScript(TestCaseExecutor.java:337)
	at com.kms.katalon.core.main.TestCaseExecutor.doExecute(TestCaseExecutor.java:328)
	at com.kms.katalon.core.main.TestCaseExecutor.processExecutionPhase(TestCaseExecutor.java:307)
	at com.kms.katalon.core.main.TestCaseExecutor.accessMainPhase(TestCaseExecutor.java:299)
	at com.kms.katalon.core.main.TestCaseExecutor.execute(TestCaseExecutor.java:233)
	at com.kms.katalon.core.main.TestSuiteExecutor.accessTestCaseMainPhase(TestSuiteExecutor.java:169)
	at com.kms.katalon.core.main.TestSuiteExecutor.accessTestSuiteMainPhase(TestSuiteExecutor.java:142)
	at com.kms.katalon.core.main.TestSuiteExecutor.execute(TestSuiteExecutor.java:91)
	at com.kms.katalon.core.main.TestCaseMain.startTestSuite(TestCaseMain.java:157)
	at com.kms.katalon.core.main.TestCaseMain$startTestSuite$0.call(Unknown Source)
	at TempTestSuite1596698115436.run(TempTestSuite1596698115436.groovy:36)
)

2020-08-06 15:21:07 - [MESSAGE][WARNING] - Timeout '0' is invalid. Using default page load timeout: '10'

2020-08-06 15:21:18 - [MESSAGE][FAILED] - Object Object Repository/Maya/RegisterDuitNow/android.widget.TextView0 - Youve successfully linked your account to DuitNow not found
[[ATTACHMENT|C:\\Users\\LENOVO\\Git_new\\Maya\\Reports\\20200806_151515\\Maya UAT\\UAT Test Suite\\20200806_151515\\1596698477131.png]]

2020-08-06 15:21:19 - [MESSAGE][FAILED] - Failed to get text from element (Root cause: com.kms.katalon.core.exception.StepFailedException: Object Object Repository/Maya/RegisterDuitNow/android.widget.TextView0 - Youve successfully linked your account to DuitNow not found
	at com.kms.katalon.core.keyword.internal.KeywordMain.stepFailed(KeywordMain.groovy:50)
	at com.kms.katalon.core.mobile.keyword.internal.MobileKeywordMain.stepFailed(MobileKeywordMain.groovy:40)
	at com.kms.katalon.core.mobile.keyword.builtin.GetTextKeyword$_getText_closure1.doCall(GetTextKeyword.groovy:74)
	at com.kms.katalon.core.mobile.keyword.builtin.GetTextKeyword$_getText_closure1.call(GetTextKeyword.groovy)
	at com.kms.katalon.core.mobile.keyword.internal.MobileKeywordMain.runKeyword(MobileKeywordMain.groovy:21)
	at com.kms.katalon.core.mobile.keyword.builtin.GetTextKeyword.getText(GetTextKeyword.groovy:80)
	at com.kms.katalon.core.mobile.keyword.builtin.GetTextKeyword.execute(GetTextKeyword.groovy:64)
	at com.kms.katalon.core.keyword.internal.KeywordExecutor.executeKeywordForPlatform(KeywordExecutor.groovy:72)
	at com.kms.katalon.core.mobile.keyword.MobileBuiltInKeywords.getText(MobileBuiltInKeywords.groovy:443)
	at com.kms.katalon.core.mobile.keyword.MobileBuiltInKeywords$getText$7.call(Unknown Source)
	at Passport.run(Passport:383)
	at com.kms.katalon.core.main.ScriptEngine.run(ScriptEngine.java:194)
	at com.kms.katalon.core.main.ScriptEngine.runScriptAsRawText(ScriptEngine.java:119)
	at com.kms.katalon.core.main.TestCaseExecutor.runScript(TestCaseExecutor.java:337)
	at com.kms.katalon.core.main.TestCaseExecutor.doExecute(TestCaseExecutor.java:328)
	at com.kms.katalon.core.main.TestCaseExecutor.processExecutionPhase(TestCaseExecutor.java:307)
	at com.kms.katalon.core.main.TestCaseExecutor.accessMainPhase(TestCaseExecutor.java:299)
	at com.kms.katalon.core.main.TestCaseExecutor.execute(TestCaseExecutor.java:233)
	at com.kms.katalon.core.main.TestSuiteExecutor.accessTestCaseMainPhase(TestSuiteExecutor.java:169)
	at com.kms.katalon.core.main.TestSuiteExecutor.accessTestSuiteMainPhase(TestSuiteExecutor.java:142)
	at com.kms.katalon.core.main.TestSuiteExecutor.execute(TestSuiteExecutor.java:91)
	at com.kms.katalon.core.main.TestCaseMain.startTestSuite(TestCaseMain.java:157)
	at com.kms.katalon.core.main.TestCaseMain$startTestSuite$0.call(Unknown Source)
	at TempTestSuite1596698115436.run(TempTestSuite1596698115436.groovy:36)
)
[[ATTACHMENT|C:\\Users\\LENOVO\\Git_new\\Maya\\Reports\\20200806_151515\\Maya UAT\\UAT Test Suite\\20200806_151515\\1596698478669.png]]]]></system-out>
         <system-err><![CDATA[2020-08-06 15:15:19 - [TEST_CASE][FAILED] - Test Cases/JINU/DuiTNow Drop 2/Passport: Test Cases/JINU/DuiTNow Drop 2/Passport FAILED.
Reason:
com.kms.katalon.core.exception.StepFailedException: Object Object Repository/Maya/RegisterDuitNow/android.widget.TextView0 - Passport Number (1) not found
	at com.kms.katalon.core.keyword.internal.KeywordMain.stepFailed(KeywordMain.groovy:39)
	at com.kms.katalon.core.mobile.keyword.internal.MobileKeywordMain.stepFailed(MobileKeywordMain.groovy:40)
	at com.kms.katalon.core.mobile.keyword.builtin.GetTextKeyword$_getText_closure1.doCall(GetTextKeyword.groovy:74)
	at com.kms.katalon.core.mobile.keyword.builtin.GetTextKeyword$_getText_closure1.call(GetTextKeyword.groovy)
	at com.kms.katalon.core.mobile.keyword.internal.MobileKeywordMain.runKeyword(MobileKeywordMain.groovy:21)
	at com.kms.katalon.core.mobile.keyword.builtin.GetTextKeyword.getText(GetTextKeyword.groovy:80)
	at com.kms.katalon.core.mobile.keyword.builtin.GetTextKeyword.execute(GetTextKeyword.groovy:64)
	at com.kms.katalon.core.keyword.internal.KeywordExecutor.executeKeywordForPlatform(KeywordExecutor.groovy:72)
	at com.kms.katalon.core.mobile.keyword.MobileBuiltInKeywords.getText(MobileBuiltInKeywords.groovy:459)
	at com.kms.katalon.core.mobile.keyword.MobileBuiltInKeywords$getText$3.call(Unknown Source)
	at Passport.run(Passport:231)
	at com.kms.katalon.core.main.ScriptEngine.run(ScriptEngine.java:194)
	at com.kms.katalon.core.main.ScriptEngine.runScriptAsRawText(ScriptEngine.java:119)
	at com.kms.katalon.core.main.TestCaseExecutor.runScript(TestCaseExecutor.java:337)
	at com.kms.katalon.core.main.TestCaseExecutor.doExecute(TestCaseExecutor.java:328)
	at com.kms.katalon.core.main.TestCaseExecutor.processExecutionPhase(TestCaseExecutor.java:307)
	at com.kms.katalon.core.main.TestCaseExecutor.accessMainPhase(TestCaseExecutor.java:299)
	at com.kms.katalon.core.main.TestCaseExecutor.execute(TestCaseExecutor.java:233)
	at com.kms.katalon.core.main.TestSuiteExecutor.accessTestCaseMainPhase(TestSuiteExecutor.java:169)
	at com.kms.katalon.core.main.TestSuiteExecutor.accessTestSuiteMainPhase(TestSuiteExecutor.java:142)
	at com.kms.katalon.core.main.TestSuiteExecutor.execute(TestSuiteExecutor.java:91)
	at com.kms.katalon.core.main.TestCaseMain.startTestSuite(TestCaseMain.java:157)
	at com.kms.katalon.core.main.TestCaseMain$startTestSuite$0.call(Unknown Source)
	at TempTestSuite1596698115436.run(TempTestSuite1596698115436.groovy:36)]]></system-err>
      </testcase>
      <system-out><![CDATA[2020-08-06 15:15:19 - [TEST_SUITE][FAILED] - UAT Test Suite: Test Cases/JINU/DuiTNow Drop 2/Passport FAILED.
Reason:
com.kms.katalon.core.exception.StepFailedException: Object Object Repository/Maya/RegisterDuitNow/android.widget.TextView0 - Passport Number (1) not found
	at com.kms.katalon.core.keyword.internal.KeywordMain.stepFailed(KeywordMain.groovy:39)
	at com.kms.katalon.core.mobile.keyword.internal.MobileKeywordMain.stepFailed(MobileKeywordMain.groovy:40)
	at com.kms.katalon.core.mobile.keyword.builtin.GetTextKeyword$_getText_closure1.doCall(GetTextKeyword.groovy:74)
	at com.kms.katalon.core.mobile.keyword.builtin.GetTextKeyword$_getText_closure1.call(GetTextKeyword.groovy)
	at com.kms.katalon.core.mobile.keyword.internal.MobileKeywordMain.runKeyword(MobileKeywordMain.groovy:21)
	at com.kms.katalon.core.mobile.keyword.builtin.GetTextKeyword.getText(GetTextKeyword.groovy:80)
	at com.kms.katalon.core.mobile.keyword.builtin.GetTextKeyword.execute(GetTextKeyword.groovy:64)
	at com.kms.katalon.core.keyword.internal.KeywordExecutor.executeKeywordForPlatform(KeywordExecutor.groovy:72)
	at com.kms.katalon.core.mobile.keyword.MobileBuiltInKeywords.getText(MobileBuiltInKeywords.groovy:459)
	at com.kms.katalon.core.mobile.keyword.MobileBuiltInKeywords$getText$3.call(Unknown Source)
	at Passport.run(Passport:231)
	at com.kms.katalon.core.main.ScriptEngine.run(ScriptEngine.java:194)
	at com.kms.katalon.core.main.ScriptEngine.runScriptAsRawText(ScriptEngine.java:119)
	at com.kms.katalon.core.main.TestCaseExecutor.runScript(TestCaseExecutor.java:337)
	at com.kms.katalon.core.main.TestCaseExecutor.doExecute(TestCaseExecutor.java:328)
	at com.kms.katalon.core.main.TestCaseExecutor.processExecutionPhase(TestCaseExecutor.java:307)
	at com.kms.katalon.core.main.TestCaseExecutor.accessMainPhase(TestCaseExecutor.java:299)
	at com.kms.katalon.core.main.TestCaseExecutor.execute(TestCaseExecutor.java:233)
	at com.kms.katalon.core.main.TestSuiteExecutor.accessTestCaseMainPhase(TestSuiteExecutor.java:169)
	at com.kms.katalon.core.main.TestSuiteExecutor.accessTestSuiteMainPhase(TestSuiteExecutor.java:142)
	at com.kms.katalon.core.main.TestSuiteExecutor.execute(TestSuiteExecutor.java:91)
	at com.kms.katalon.core.main.TestCaseMain.startTestSuite(TestCaseMain.java:157)
	at com.kms.katalon.core.main.TestCaseMain$startTestSuite$0.call(Unknown Source)
	at TempTestSuite1596698115436.run(TempTestSuite1596698115436.groovy:36)]]></system-out>
      <system-err><![CDATA[2020-08-06 15:15:19 - [TEST_SUITE][FAILED] - UAT Test Suite: Test Cases/JINU/DuiTNow Drop 2/Passport FAILED.
Reason:
com.kms.katalon.core.exception.StepFailedException: Object Object Repository/Maya/RegisterDuitNow/android.widget.TextView0 - Passport Number (1) not found
	at com.kms.katalon.core.keyword.internal.KeywordMain.stepFailed(KeywordMain.groovy:39)
	at com.kms.katalon.core.mobile.keyword.internal.MobileKeywordMain.stepFailed(MobileKeywordMain.groovy:40)
	at com.kms.katalon.core.mobile.keyword.builtin.GetTextKeyword$_getText_closure1.doCall(GetTextKeyword.groovy:74)
	at com.kms.katalon.core.mobile.keyword.builtin.GetTextKeyword$_getText_closure1.call(GetTextKeyword.groovy)
	at com.kms.katalon.core.mobile.keyword.internal.MobileKeywordMain.runKeyword(MobileKeywordMain.groovy:21)
	at com.kms.katalon.core.mobile.keyword.builtin.GetTextKeyword.getText(GetTextKeyword.groovy:80)
	at com.kms.katalon.core.mobile.keyword.builtin.GetTextKeyword.execute(GetTextKeyword.groovy:64)
	at com.kms.katalon.core.keyword.internal.KeywordExecutor.executeKeywordForPlatform(KeywordExecutor.groovy:72)
	at com.kms.katalon.core.mobile.keyword.MobileBuiltInKeywords.getText(MobileBuiltInKeywords.groovy:459)
	at com.kms.katalon.core.mobile.keyword.MobileBuiltInKeywords$getText$3.call(Unknown Source)
	at Passport.run(Passport:231)
	at com.kms.katalon.core.main.ScriptEngine.run(ScriptEngine.java:194)
	at com.kms.katalon.core.main.ScriptEngine.runScriptAsRawText(ScriptEngine.java:119)
	at com.kms.katalon.core.main.TestCaseExecutor.runScript(TestCaseExecutor.java:337)
	at com.kms.katalon.core.main.TestCaseExecutor.doExecute(TestCaseExecutor.java:328)
	at com.kms.katalon.core.main.TestCaseExecutor.processExecutionPhase(TestCaseExecutor.java:307)
	at com.kms.katalon.core.main.TestCaseExecutor.accessMainPhase(TestCaseExecutor.java:299)
	at com.kms.katalon.core.main.TestCaseExecutor.execute(TestCaseExecutor.java:233)
	at com.kms.katalon.core.main.TestSuiteExecutor.accessTestCaseMainPhase(TestSuiteExecutor.java:169)
	at com.kms.katalon.core.main.TestSuiteExecutor.accessTestSuiteMainPhase(TestSuiteExecutor.java:142)
	at com.kms.katalon.core.main.TestSuiteExecutor.execute(TestSuiteExecutor.java:91)
	at com.kms.katalon.core.main.TestCaseMain.startTestSuite(TestCaseMain.java:157)
	at com.kms.katalon.core.main.TestCaseMain$startTestSuite$0.call(Unknown Source)
	at TempTestSuite1596698115436.run(TempTestSuite1596698115436.groovy:36)]]></system-err>
   </testsuite>
</testsuites>
