<?xml version="1.0" encoding="UTF-8"?>
<testsuites name="UAT Test Suite" time="623.417" tests="1" failures="1" errors="0">
   <testsuite name="UAT Test Suite" tests="1" failures="1" errors="0" time="623.417" timestamp="2020-08-06 16:59:48" hostname="LENOVO - DESKTOP-CP3TV4N" id="Test Suites/Maya UAT/UAT Test Suite">
      <properties>
         <property name="deviceName" value="Xiaomi Redmi Note 7S (Android 9)"/>
         <property name="devicePlatform" value=""/>
         <property name="logFolder" value="C:\\Users\\LENOVO\\Git_new\\Maya\\Reports\\20200806_165945\\Maya UAT\\UAT Test Suite\\20200806_165945"/>
         <property name="logFiles" value="C:\\Users\\LENOVO\\Git_new\\Maya\\Reports\\20200806_165945\\Maya UAT\\UAT Test Suite\\20200806_165945\\appium.log, C:\\Users\\LENOVO\\Git_new\\Maya\\Reports\\20200806_165945\\Maya UAT\\UAT Test Suite\\20200806_165945\\execution0.log"/>
         <property name="attachments" value="C:\\Users\\LENOVO\\Screenshot\\DuitNowProxy\\Screen1.png, C:\\Users\\LENOVO\\Screenshot\\DuitNowProxy\\Screen2.png, C:\\Users\\LENOVO\\Git_new\\Maya\\Reports\\20200806_165945\\Maya UAT\\UAT Test Suite\\20200806_165945\\1596704592437.png, C:\\Users\\LENOVO\\Git_new\\Maya\\Reports\\20200806_165945\\Maya UAT\\UAT Test Suite\\20200806_165945\\1596704604443.png, C:\\Users\\LENOVO\\Screenshot\\DuitNowProxy\\Screen3.png, C:\\Users\\LENOVO\\Git_new\\Maya\\Reports\\20200806_165945\\Maya UAT\\UAT Test Suite\\20200806_165945\\1596704618965.png, C:\\Users\\LENOVO\\Git_new\\Maya\\Reports\\20200806_165945\\Maya UAT\\UAT Test Suite\\20200806_165945\\1596704630436.png, C:\\Users\\LENOVO\\Git_new\\Maya\\Reports\\20200806_165945\\Maya UAT\\UAT Test Suite\\20200806_165945\\1596704641757.png, C:\\Users\\LENOVO\\Git_new\\Maya\\Reports\\20200806_165945\\Maya UAT\\UAT Test Suite\\20200806_165945\\1596704653144.png, C:\\Users\\LENOVO\\Git_new\\Maya\\Reports\\20200806_165945\\Maya UAT\\UAT Test Suite\\20200806_165945\\1596704664573.png, C:\\Users\\LENOVO\\Git_new\\Maya\\Reports\\20200806_165945\\Maya UAT\\UAT Test Suite\\20200806_165945\\1596704676325.png, C:\\Users\\LENOVO\\Screenshot\\DuitNowProxy\\Screen4.png, C:\\Users\\LENOVO\\Git_new\\Maya\\Reports\\20200806_165945\\Maya UAT\\UAT Test Suite\\20200806_165945\\1596704690452.png, C:\\Users\\LENOVO\\Git_new\\Maya\\Reports\\20200806_165945\\Maya UAT\\UAT Test Suite\\20200806_165945\\1596704703096.png, C:\\Users\\LENOVO\\Git_new\\Maya\\Reports\\20200806_165945\\Maya UAT\\UAT Test Suite\\20200806_165945\\1596704714210.png, C:\\Users\\LENOVO\\Git_new\\Maya\\Reports\\20200806_165945\\Maya UAT\\UAT Test Suite\\20200806_165945\\1596704725421.png, C:\\Users\\LENOVO\\Git_new\\Maya\\Reports\\20200806_165945\\Maya UAT\\UAT Test Suite\\20200806_165945\\1596704736431.png, C:\\Users\\LENOVO\\Screenshot\\DuitNowProxy\\Screen5.png, C:\\Users\\LENOVO\\Git_new\\Maya\\Reports\\20200806_165945\\Maya UAT\\UAT Test Suite\\20200806_165945\\1596704750340.png, C:\\Users\\LENOVO\\Git_new\\Maya\\Reports\\20200806_165945\\Maya UAT\\UAT Test Suite\\20200806_165945\\1596704761467.png, C:\\Users\\LENOVO\\Git_new\\Maya\\Reports\\20200806_165945\\Maya UAT\\UAT Test Suite\\20200806_165945\\1596704772387.png, C:\\Users\\LENOVO\\Git_new\\Maya\\Reports\\20200806_165945\\Maya UAT\\UAT Test Suite\\20200806_165945\\1596704783337.png, C:\\Users\\LENOVO\\Git_new\\Maya\\Reports\\20200806_165945\\Maya UAT\\UAT Test Suite\\20200806_165945\\1596704794465.png, C:\\Users\\LENOVO\\Git_new\\Maya\\Reports\\20200806_165945\\Maya UAT\\UAT Test Suite\\20200806_165945\\1596704805814.png, C:\\Users\\LENOVO\\Git_new\\Maya\\Reports\\20200806_165945\\Maya UAT\\UAT Test Suite\\20200806_165945\\1596704816930.png, C:\\Users\\LENOVO\\Git_new\\Maya\\Reports\\20200806_165945\\Maya UAT\\UAT Test Suite\\20200806_165945\\1596704828033.png, C:\\Users\\LENOVO\\Git_new\\Maya\\Reports\\20200806_165945\\Maya UAT\\UAT Test Suite\\20200806_165945\\1596704838974.png, C:\\Users\\LENOVO\\Git_new\\Maya\\Reports\\20200806_165945\\Maya UAT\\UAT Test Suite\\20200806_165945\\1596704849987.png, C:\\Users\\LENOVO\\Git_new\\Maya\\Reports\\20200806_165945\\Maya UAT\\UAT Test Suite\\20200806_165945\\1596704861183.png, C:\\Users\\LENOVO\\Git_new\\Maya\\Reports\\20200806_165945\\Maya UAT\\UAT Test Suite\\20200806_165945\\1596704872168.png, C:\\Users\\LENOVO\\Git_new\\Maya\\Reports\\20200806_165945\\Maya UAT\\UAT Test Suite\\20200806_165945\\1596704883247.png, C:\\Users\\LENOVO\\Git_new\\Maya\\Reports\\20200806_165945\\Maya UAT\\UAT Test Suite\\20200806_165945\\1596704894108.png, C:\\Users\\LENOVO\\Git_new\\Maya\\Reports\\20200806_165945\\Maya UAT\\UAT Test Suite\\20200806_165945\\1596704905069.png, C:\\Users\\LENOVO\\Screenshot\\DuitNowProxy\\Screen6.png, C:\\Users\\LENOVO\\Git_new\\Maya\\Reports\\20200806_165945\\Maya UAT\\UAT Test Suite\\20200806_165945\\1596704916932.png, C:\\Users\\LENOVO\\Screenshot\\DuitNowProxy\\Screen15.png, C:\\Users\\LENOVO\\Git_new\\Maya\\Reports\\20200806_165945\\Maya UAT\\UAT Test Suite\\20200806_165945\\1596704930793.png, C:\\Users\\LENOVO\\Git_new\\Maya\\Reports\\20200806_165945\\Maya UAT\\UAT Test Suite\\20200806_165945\\1596704944407.png, C:\\Users\\LENOVO\\Git_new\\Maya\\Reports\\20200806_165945\\Maya UAT\\UAT Test Suite\\20200806_165945\\1596704955391.png, C:\\Users\\LENOVO\\Git_new\\Maya\\Reports\\20200806_165945\\Maya UAT\\UAT Test Suite\\20200806_165945\\1596704966251.png, C:\\Users\\LENOVO\\Git_new\\Maya\\Reports\\20200806_165945\\Maya UAT\\UAT Test Suite\\20200806_165945\\1596704977229.png, C:\\Users\\LENOVO\\Screenshot\\DuitNowProxy\\Screen6.png, C:\\Users\\LENOVO\\Git_new\\Maya\\Reports\\20200806_165945\\Maya UAT\\UAT Test Suite\\20200806_165945\\1596704991000.png, C:\\Users\\LENOVO\\Git_new\\Maya\\Reports\\20200806_165945\\Maya UAT\\UAT Test Suite\\20200806_165945\\1596705002364.png"/>
         <property name="hostName" value="LENOVO - DESKTOP-CP3TV4N"/>
         <property name="os" value="Windows 10 64bit"/>
         <property name="appiumServerStatus" value="{\&quot;value\&quot;:{\&quot;build\&quot;:{\&quot;version\&quot;:\&quot;1.15.1\&quot;}},\&quot;sessionId\&quot;:null,\&quot;status\&quot;:0}"/>
         <property name="katalonVersion" value="7.2.7.1"/>
         <property name="deviceOS" value="Android"/>
         <property name="appiumVersion" value="1.15.1"/>
         <property name="deviceModel" value="Redmi Note 7S"/>
         <property name="hostAddress" value="192.168.43.112"/>
         <property name="deviceManufacturer" value="Xiaomi"/>
         <property name="deviceId" value="11cb9864"/>
         <property name="deviceName" value="Xiaomi Redmi Note 7S (Android 9)"/>
         <property name="deviceOSVersion" value="9"/>
      </properties>
      <testcase name="Test Cases/JINU/DuiTNow Drop 2/Nric Proxy" time="619.438" classname="Test Cases/JINU/DuiTNow Drop 2/Nric Proxy" status="FAILED">
         <failure type="FAILED" message="Test Cases/JINU/DuiTNow Drop 2/Nric Proxy FAILED.
Reason:
com.kms.katalon.core.exception.StepFailedException: Object Object Repository/Maya/Login/android.widget.TextView0 - Done setup not found
	at com.kms.katalon.core.keyword.internal.KeywordMain.stepFailed(KeywordMain.groovy:39)
	at com.kms.katalon.core.mobile.keyword.internal.MobileKeywordMain.stepFailed(MobileKeywordMain.groovy:40)
	at com.kms.katalon.core.mobile.keyword.builtin.TapKeyword$_tap_closure1.doCall(TapKeyword.groovy:79)
	at com.kms.katalon.core.mobile.keyword.builtin.TapKeyword$_tap_closure1.call(TapKeyword.groovy)
	at com.kms.katalon.core.mobile.keyword.internal.MobileKeywordMain.runKeyword(MobileKeywordMain.groovy:21)
	at com.kms.katalon.core.mobile.keyword.builtin.TapKeyword.tap(TapKeyword.groovy:86)
	at com.kms.katalon.core.mobile.keyword.builtin.TapKeyword.execute(TapKeyword.groovy:68)
	at com.kms.katalon.core.keyword.internal.KeywordExecutor.executeKeywordForPlatform(KeywordExecutor.groovy:72)
	at com.kms.katalon.core.mobile.keyword.MobileBuiltInKeywords.tap(MobileBuiltInKeywords.groovy:577)
	at com.kms.katalon.core.mobile.keyword.MobileBuiltInKeywords$tap$0.call(Unknown Source)
	at Nric Proxy.run(Nric Proxy:181)
	at com.kms.katalon.core.main.ScriptEngine.run(ScriptEngine.java:194)
	at com.kms.katalon.core.main.ScriptEngine.runScriptAsRawText(ScriptEngine.java:119)
	at com.kms.katalon.core.main.TestCaseExecutor.runScript(TestCaseExecutor.java:337)
	at com.kms.katalon.core.main.TestCaseExecutor.doExecute(TestCaseExecutor.java:328)
	at com.kms.katalon.core.main.TestCaseExecutor.processExecutionPhase(TestCaseExecutor.java:307)
	at com.kms.katalon.core.main.TestCaseExecutor.accessMainPhase(TestCaseExecutor.java:299)
	at com.kms.katalon.core.main.TestCaseExecutor.execute(TestCaseExecutor.java:233)
	at com.kms.katalon.core.main.TestSuiteExecutor.accessTestCaseMainPhase(TestSuiteExecutor.java:169)
	at com.kms.katalon.core.main.TestSuiteExecutor.accessTestSuiteMainPhase(TestSuiteExecutor.java:142)
	at com.kms.katalon.core.main.TestSuiteExecutor.execute(TestSuiteExecutor.java:91)
	at com.kms.katalon.core.main.TestCaseMain.startTestSuite(TestCaseMain.java:157)
	at com.kms.katalon.core.main.TestCaseMain$startTestSuite$0.call(Unknown Source)
	at TempTestSuite1596704385938.run(TempTestSuite1596704385938.groovy:36)
"/>
         <system-out><![CDATA[2020-08-06 16:59:48 - [TEST_CASE][FAILED] - Test Cases/JINU/DuiTNow Drop 2/Nric Proxy: Test Cases/JINU/DuiTNow Drop 2/Nric Proxy FAILED.
Reason:
com.kms.katalon.core.exception.StepFailedException: Object Object Repository/Maya/Login/android.widget.TextView0 - Done setup not found
	at com.kms.katalon.core.keyword.internal.KeywordMain.stepFailed(KeywordMain.groovy:39)
	at com.kms.katalon.core.mobile.keyword.internal.MobileKeywordMain.stepFailed(MobileKeywordMain.groovy:40)
	at com.kms.katalon.core.mobile.keyword.builtin.TapKeyword$_tap_closure1.doCall(TapKeyword.groovy:79)
	at com.kms.katalon.core.mobile.keyword.builtin.TapKeyword$_tap_closure1.call(TapKeyword.groovy)
	at com.kms.katalon.core.mobile.keyword.internal.MobileKeywordMain.runKeyword(MobileKeywordMain.groovy:21)
	at com.kms.katalon.core.mobile.keyword.builtin.TapKeyword.tap(TapKeyword.groovy:86)
	at com.kms.katalon.core.mobile.keyword.builtin.TapKeyword.execute(TapKeyword.groovy:68)
	at com.kms.katalon.core.keyword.internal.KeywordExecutor.executeKeywordForPlatform(KeywordExecutor.groovy:72)
	at com.kms.katalon.core.mobile.keyword.MobileBuiltInKeywords.tap(MobileBuiltInKeywords.groovy:577)
	at com.kms.katalon.core.mobile.keyword.MobileBuiltInKeywords$tap$0.call(Unknown Source)
	at Nric Proxy.run(Nric Proxy:181)
	at com.kms.katalon.core.main.ScriptEngine.run(ScriptEngine.java:194)
	at com.kms.katalon.core.main.ScriptEngine.runScriptAsRawText(ScriptEngine.java:119)
	at com.kms.katalon.core.main.TestCaseExecutor.runScript(TestCaseExecutor.java:337)
	at com.kms.katalon.core.main.TestCaseExecutor.doExecute(TestCaseExecutor.java:328)
	at com.kms.katalon.core.main.TestCaseExecutor.processExecutionPhase(TestCaseExecutor.java:307)
	at com.kms.katalon.core.main.TestCaseExecutor.accessMainPhase(TestCaseExecutor.java:299)
	at com.kms.katalon.core.main.TestCaseExecutor.execute(TestCaseExecutor.java:233)
	at com.kms.katalon.core.main.TestSuiteExecutor.accessTestCaseMainPhase(TestSuiteExecutor.java:169)
	at com.kms.katalon.core.main.TestSuiteExecutor.accessTestSuiteMainPhase(TestSuiteExecutor.java:142)
	at com.kms.katalon.core.main.TestSuiteExecutor.execute(TestSuiteExecutor.java:91)
	at com.kms.katalon.core.main.TestCaseMain.startTestSuite(TestCaseMain.java:157)
	at com.kms.katalon.core.main.TestCaseMain$startTestSuite$0.call(Unknown Source)
	at TempTestSuite1596704385938.run(TempTestSuite1596704385938.groovy:36)


2020-08-06 16:59:49 - [TEST_STEP][PASSED] - startApplication("C:\Users\LENOVO\Katalon Studio\app-uat-universal-release.apk", true): Started app at: 'C:\Users\LENOVO\Katalon Studio\app-uat-universal-release.apk'

2020-08-06 16:59:50 - [MESSAGE][INFO] - User set preference: ['appWaitActivity', '*']

2020-08-06 16:59:50 - [MESSAGE][INFO] - User set preference: ['appWaitPackage', 'com.maybank2u.life.uat']

2020-08-06 16:59:50 - [MESSAGE][INFO] - User set preference: ['appWaitDuration', '50,000']

2020-08-06 16:59:50 - [MESSAGE][INFO] - User set preference: ['deviceId', '11cb9864']

2020-08-06 16:59:52 - [MESSAGE][INFO] - Appium server started on port 64,542

2020-08-06 17:00:39 - [MESSAGE][PASSED] - Started app at: 'C:\Users\LENOVO\Katalon Studio\app-uat-universal-release.apk'

2020-08-06 17:00:39 - [TEST_STEP][PASSED] - delay(5, STOP_ON_FAILURE): Delayed 5 second(s)

2020-08-06 17:00:44 - [MESSAGE][PASSED] - Delayed 5 second(s)

2020-08-06 17:00:44 - [TEST_STEP][PASSED] - tap(findTestObject("Maya/login again/android.widget.TextView0 - Next"), 0): Tapped on element 'Object Repository/Maya/login again/android.widget.TextView0 - Next'

2020-08-06 17:00:45 - [MESSAGE][WARNING] - Timeout '0' is invalid. Using default page load timeout: '10'

2020-08-06 17:00:47 - [MESSAGE][PASSED] - Tapped on element 'Object Repository/Maya/login again/android.widget.TextView0 - Next'

2020-08-06 17:00:47 - [TEST_STEP][PASSED] - tap(findTestObject("Maya/login again/android.widget.TextView0 - Next"), 0): Tapped on element 'Object Repository/Maya/login again/android.widget.TextView0 - Next'

2020-08-06 17:00:47 - [MESSAGE][WARNING] - Timeout '0' is invalid. Using default page load timeout: '10'

2020-08-06 17:00:49 - [MESSAGE][PASSED] - Tapped on element 'Object Repository/Maya/login again/android.widget.TextView0 - Next'

2020-08-06 17:00:49 - [TEST_STEP][PASSED] - tap(findTestObject("Maya/login again/android.widget.TextView0 - Next"), 0): Tapped on element 'Object Repository/Maya/login again/android.widget.TextView0 - Next'

2020-08-06 17:00:49 - [MESSAGE][WARNING] - Timeout '0' is invalid. Using default page load timeout: '10'

2020-08-06 17:00:54 - [MESSAGE][PASSED] - Tapped on element 'Object Repository/Maya/login again/android.widget.TextView0 - Next'

2020-08-06 17:00:54 - [TEST_STEP][PASSED] - tap(findTestObject("Maya/Login/android.widget.Button0-Maybank2u"), 0): Tapped on element 'Object Repository/Maya/Login/android.widget.Button0-Maybank2u'

2020-08-06 17:00:54 - [MESSAGE][WARNING] - Timeout '0' is invalid. Using default page load timeout: '10'

2020-08-06 17:00:56 - [MESSAGE][PASSED] - Tapped on element 'Object Repository/Maya/Login/android.widget.Button0-Maybank2u'

2020-08-06 17:00:56 - [TEST_STEP][PASSED] - delay(2, STOP_ON_FAILURE): Delayed 2 second(s)

2020-08-06 17:00:58 - [MESSAGE][PASSED] - Delayed 2 second(s)

2020-08-06 17:00:58 - [TEST_STEP][PASSED] - takeScreenshot("C:\Users\LENOVO\Screenshot\DuitNowProxy\Screen1.png", CONTINUE_ON_FAILURE): Screenshot is taken

2020-08-06 17:01:00 - [MESSAGE][PASSED] - Screenshot is taken
[[ATTACHMENT|C:\\Users\\LENOVO\\Screenshot\\DuitNowProxy\\Screen1.png]]

2020-08-06 17:01:00 - [TEST_STEP][PASSED] - tap(findTestObject("Maya/Login/android.widget.TextView0 - Login to Maybank2u"), 0): Tapped on element 'Object Repository/Maya/Login/android.widget.TextView0 - Login to Maybank2u'

2020-08-06 17:01:00 - [MESSAGE][WARNING] - Timeout '0' is invalid. Using default page load timeout: '10'

2020-08-06 17:01:02 - [MESSAGE][PASSED] - Tapped on element 'Object Repository/Maya/Login/android.widget.TextView0 - Login to Maybank2u'

2020-08-06 17:01:02 - [TEST_STEP][PASSED] - tap(findTestObject("Maya/login again/android.widget.EditText0"), 0): Tapped on element 'Object Repository/Maya/login again/android.widget.EditText0'

2020-08-06 17:01:02 - [MESSAGE][WARNING] - Timeout '0' is invalid. Using default page load timeout: '10'

2020-08-06 17:01:04 - [MESSAGE][PASSED] - Tapped on element 'Object Repository/Maya/login again/android.widget.EditText0'

2020-08-06 17:01:04 - [TEST_STEP][PASSED] - setText(findTestObject("Maya/login again/android.widget.EditText0"), "rizaidi", 0): Text 'rizaidi' has been set to element 'Object Repository/Maya/login again/android.widget.EditText0'

2020-08-06 17:01:04 - [MESSAGE][WARNING] - Timeout '0' is invalid. Using default page load timeout: '10'

2020-08-06 17:01:06 - [MESSAGE][PASSED] - Text 'rizaidi' has been set to element 'Object Repository/Maya/login again/android.widget.EditText0'

2020-08-06 17:01:06 - [TEST_STEP][PASSED] - driver = getDriver(): null

2020-08-06 17:01:06 - [TEST_STEP][PASSED] - driver.pressKeyCode(ENTER): null

2020-08-06 17:01:07 - [TEST_STEP][PASSED] - tap(findTestObject("Maya/login again/android.widget.TextView0 - Yes Its Mine"), 0): Tapped on element 'Object Repository/Maya/login again/android.widget.TextView0 - Yes Its Mine'

2020-08-06 17:01:08 - [MESSAGE][WARNING] - Timeout '0' is invalid. Using default page load timeout: '10'

2020-08-06 17:01:18 - [MESSAGE][PASSED] - Tapped on element 'Object Repository/Maya/login again/android.widget.TextView0 - Yes Its Mine'

2020-08-06 17:01:18 - [TEST_STEP][PASSED] - tap(findTestObject("Maya/login again/android.widget.EditText0 (1)"), 0): Tapped on element 'Object Repository/Maya/login again/android.widget.EditText0 (1)'

2020-08-06 17:01:18 - [MESSAGE][WARNING] - Timeout '0' is invalid. Using default page load timeout: '10'

2020-08-06 17:01:19 - [MESSAGE][PASSED] - Tapped on element 'Object Repository/Maya/login again/android.widget.EditText0 (1)'

2020-08-06 17:01:19 - [TEST_STEP][PASSED] - setText(findTestObject("Maya/login again/android.widget.EditText0 (1)"), "pass1234", 0): Text 'pass1234' has been set to element 'Object Repository/Maya/login again/android.widget.EditText0 (1)'

2020-08-06 17:01:19 - [MESSAGE][WARNING] - Timeout '0' is invalid. Using default page load timeout: '10'

2020-08-06 17:01:20 - [MESSAGE][PASSED] - Text 'pass1234' has been set to element 'Object Repository/Maya/login again/android.widget.EditText0 (1)'

2020-08-06 17:01:20 - [TEST_STEP][PASSED] - driver.pressKeyCode(ENTER): null

2020-08-06 17:01:21 - [TEST_STEP][PASSED] - tap(findTestObject("Maya/login again/android.widget.TextView0 - 2"), 0): Tapped on element 'Object Repository/Maya/login again/android.widget.TextView0 - 2'

2020-08-06 17:01:21 - [MESSAGE][WARNING] - Timeout '0' is invalid. Using default page load timeout: '10'

2020-08-06 17:01:25 - [MESSAGE][PASSED] - Tapped on element 'Object Repository/Maya/login again/android.widget.TextView0 - 2'

2020-08-06 17:01:25 - [TEST_STEP][PASSED] - tap(findTestObject("Maya/login again/android.widget.TextView0 - 3"), 0): Tapped on element 'Object Repository/Maya/login again/android.widget.TextView0 - 3'

2020-08-06 17:01:25 - [MESSAGE][WARNING] - Timeout '0' is invalid. Using default page load timeout: '10'

2020-08-06 17:01:28 - [MESSAGE][PASSED] - Tapped on element 'Object Repository/Maya/login again/android.widget.TextView0 - 3'

2020-08-06 17:01:28 - [TEST_STEP][PASSED] - tap(findTestObject("Maya/login again/android.widget.TextView0 - 0"), 0): Tapped on element 'Object Repository/Maya/login again/android.widget.TextView0 - 0'

2020-08-06 17:01:28 - [MESSAGE][WARNING] - Timeout '0' is invalid. Using default page load timeout: '10'

2020-08-06 17:01:30 - [MESSAGE][PASSED] - Tapped on element 'Object Repository/Maya/login again/android.widget.TextView0 - 0'

2020-08-06 17:01:30 - [TEST_STEP][PASSED] - tap(findTestObject("Maya/login again/android.widget.TextView0 - 9"), 0): Tapped on element 'Object Repository/Maya/login again/android.widget.TextView0 - 9'

2020-08-06 17:01:31 - [MESSAGE][WARNING] - Timeout '0' is invalid. Using default page load timeout: '10'

2020-08-06 17:01:31 - [MESSAGE][PASSED] - Tapped on element 'Object Repository/Maya/login again/android.widget.TextView0 - 9'

2020-08-06 17:01:31 - [TEST_STEP][PASSED] - tap(findTestObject("Maya/login again/android.widget.TextView0 - 8"), 0): Tapped on element 'Object Repository/Maya/login again/android.widget.TextView0 - 8'

2020-08-06 17:01:32 - [MESSAGE][WARNING] - Timeout '0' is invalid. Using default page load timeout: '10'

2020-08-06 17:01:34 - [MESSAGE][PASSED] - Tapped on element 'Object Repository/Maya/login again/android.widget.TextView0 - 8'

2020-08-06 17:01:34 - [TEST_STEP][PASSED] - tap(findTestObject("Maya/login again/android.widget.TextView0 - 3"), 0): Tapped on element 'Object Repository/Maya/login again/android.widget.TextView0 - 3'

2020-08-06 17:01:34 - [MESSAGE][WARNING] - Timeout '0' is invalid. Using default page load timeout: '10'

2020-08-06 17:01:36 - [MESSAGE][PASSED] - Tapped on element 'Object Repository/Maya/login again/android.widget.TextView0 - 3'

2020-08-06 17:01:36 - [TEST_STEP][NOT_RUN] - tap(findTestObject("Maya/Login/android.widget.ImageView0"), 0): NOT_RUN: tap(findTestObject("Maya/Login/android.widget.ImageView0"), 0)

2020-08-06 17:01:36 - [MESSAGE][NOT_RUN] - NOT_RUN: tap(findTestObject("Maya/Login/android.widget.ImageView0"), 0)

2020-08-06 17:01:36 - [TEST_STEP][PASSED] - tap(findTestObject("Maya/One Tap Authorisation/android.widget.ImageView0 (8)"), 0): Tapped on element 'Object Repository/Maya/One Tap Authorisation/android.widget.ImageView0 (8)'

2020-08-06 17:01:36 - [MESSAGE][WARNING] - Timeout '0' is invalid. Using default page load timeout: '10'

2020-08-06 17:01:36 - [MESSAGE][PASSED] - Tapped on element 'Object Repository/Maya/One Tap Authorisation/android.widget.ImageView0 (8)'

2020-08-06 17:01:36 - [TEST_STEP][PASSED] - tap(findTestObject("Maya/login again/android.widget.TextView0 - 2"), 0): Tapped on element 'Object Repository/Maya/login again/android.widget.TextView0 - 2'

2020-08-06 17:01:36 - [MESSAGE][WARNING] - Timeout '0' is invalid. Using default page load timeout: '10'

2020-08-06 17:01:39 - [MESSAGE][PASSED] - Tapped on element 'Object Repository/Maya/login again/android.widget.TextView0 - 2'

2020-08-06 17:01:39 - [TEST_STEP][PASSED] - tap(findTestObject("Maya/login again/android.widget.TextView0 - 3"), 0): Tapped on element 'Object Repository/Maya/login again/android.widget.TextView0 - 3'

2020-08-06 17:01:39 - [MESSAGE][WARNING] - Timeout '0' is invalid. Using default page load timeout: '10'

2020-08-06 17:01:42 - [MESSAGE][PASSED] - Tapped on element 'Object Repository/Maya/login again/android.widget.TextView0 - 3'

2020-08-06 17:01:42 - [TEST_STEP][PASSED] - tap(findTestObject("Maya/login again/android.widget.TextView0 - 0"), 0): Tapped on element 'Object Repository/Maya/login again/android.widget.TextView0 - 0'

2020-08-06 17:01:42 - [MESSAGE][WARNING] - Timeout '0' is invalid. Using default page load timeout: '10'

2020-08-06 17:01:44 - [MESSAGE][PASSED] - Tapped on element 'Object Repository/Maya/login again/android.widget.TextView0 - 0'

2020-08-06 17:01:44 - [TEST_STEP][PASSED] - tap(findTestObject("Maya/login again/android.widget.TextView0 - 9"), 0): Tapped on element 'Object Repository/Maya/login again/android.widget.TextView0 - 9'

2020-08-06 17:01:44 - [MESSAGE][WARNING] - Timeout '0' is invalid. Using default page load timeout: '10'

2020-08-06 17:01:46 - [MESSAGE][PASSED] - Tapped on element 'Object Repository/Maya/login again/android.widget.TextView0 - 9'

2020-08-06 17:01:46 - [TEST_STEP][PASSED] - tap(findTestObject("Maya/login again/android.widget.TextView0 - 8"), 0): Tapped on element 'Object Repository/Maya/login again/android.widget.TextView0 - 8'

2020-08-06 17:01:46 - [MESSAGE][WARNING] - Timeout '0' is invalid. Using default page load timeout: '10'

2020-08-06 17:01:47 - [MESSAGE][PASSED] - Tapped on element 'Object Repository/Maya/login again/android.widget.TextView0 - 8'

2020-08-06 17:01:47 - [TEST_STEP][PASSED] - tap(findTestObject("Maya/login again/android.widget.TextView0 - 3"), 0): Tapped on element 'Object Repository/Maya/login again/android.widget.TextView0 - 3'

2020-08-06 17:01:47 - [MESSAGE][WARNING] - Timeout '0' is invalid. Using default page load timeout: '10'

2020-08-06 17:01:48 - [MESSAGE][PASSED] - Tapped on element 'Object Repository/Maya/login again/android.widget.TextView0 - 3'

2020-08-06 17:01:48 - [TEST_STEP][PASSED] - tap(findTestObject("Maya/One Tap Authorisation/android.widget.ImageView0 (8)"), 0): Tapped on element 'Object Repository/Maya/One Tap Authorisation/android.widget.ImageView0 (8)'

2020-08-06 17:01:48 - [MESSAGE][WARNING] - Timeout '0' is invalid. Using default page load timeout: '10'

2020-08-06 17:01:50 - [MESSAGE][PASSED] - Tapped on element 'Object Repository/Maya/One Tap Authorisation/android.widget.ImageView0 (8)'

2020-08-06 17:01:50 - [TEST_STEP][PASSED] - tap(findTestObject("Maya/login again/android.widget.TextView0 - Yes Proceeed"), 0): Tapped on element 'Object Repository/Maya/login again/android.widget.TextView0 - Yes Proceeed'

2020-08-06 17:01:50 - [MESSAGE][WARNING] - Timeout '0' is invalid. Using default page load timeout: '10'

2020-08-06 17:01:53 - [MESSAGE][PASSED] - Tapped on element 'Object Repository/Maya/login again/android.widget.TextView0 - Yes Proceeed'

2020-08-06 17:01:53 - [TEST_STEP][PASSED] - delay(2, STOP_ON_FAILURE): Delayed 2 second(s)

2020-08-06 17:01:55 - [MESSAGE][PASSED] - Delayed 2 second(s)

2020-08-06 17:01:55 - [TEST_STEP][PASSED] - takeScreenshot("C:\Users\LENOVO\Screenshot\DuitNowProxy\Screen2.png", CONTINUE_ON_FAILURE): Screenshot is taken

2020-08-06 17:01:56 - [MESSAGE][PASSED] - Screenshot is taken
[[ATTACHMENT|C:\\Users\\LENOVO\\Screenshot\\DuitNowProxy\\Screen2.png]]

2020-08-06 17:01:56 - [TEST_STEP][PASSED] - tap(findTestObject("Maya/Third Party CA account/android.widget.TextView0 - Your OTP no. is 460943"), 0): Tapped on element 'Object Repository/Maya/Third Party CA account/android.widget.TextView0 - Your OTP no. is 460943'

2020-08-06 17:01:56 - [MESSAGE][WARNING] - Timeout '0' is invalid. Using default page load timeout: '10'

2020-08-06 17:01:59 - [MESSAGE][PASSED] - Tapped on element 'Object Repository/Maya/Third Party CA account/android.widget.TextView0 - Your OTP no. is 460943'

2020-08-06 17:01:59 - [TEST_STEP][PASSED] - otpMessage = getText(findTestObject("Maya/Third Party CA account/android.widget.TextView0 - Your OTP no. is 460943"), 0): Text of element 'Object Repository/Maya/Third Party CA account/android.widget.TextView0 - Your OTP no. is 460943' is: 'Your OTP no. is 547307'

2020-08-06 17:01:59 - [MESSAGE][WARNING] - Timeout '0' is invalid. Using default page load timeout: '10'

2020-08-06 17:02:00 - [MESSAGE][PASSED] - Text of element 'Object Repository/Maya/Third Party CA account/android.widget.TextView0 - Your OTP no. is 460943' is: 'Your OTP no. is 547307'

2020-08-06 17:02:00 - [TEST_STEP][PASSED] - delay(2): Delayed 2 second(s)

2020-08-06 17:02:02 - [MESSAGE][PASSED] - Delayed 2 second(s)

2020-08-06 17:02:02 - [TEST_STEP][PASSED] - for ([i = 16, i <= 21, (i++)]): null

2020-08-06 17:02:02 - [TEST_STEP][PASSED] - delay(3, STOP_ON_FAILURE): Delayed 3 second(s)

2020-08-06 17:02:05 - [MESSAGE][PASSED] - Delayed 3 second(s)

2020-08-06 17:02:05 - [TEST_STEP][PASSED] - if (otpMessage[i] == "0"): null

2020-08-06 17:02:05 - [TEST_STEP][PASSED] - if (otpMessage[i] == "1"): null

2020-08-06 17:02:05 - [TEST_STEP][PASSED] - if (otpMessage[i] == "2"): null

2020-08-06 17:02:05 - [TEST_STEP][PASSED] - if (otpMessage[i] == "3"): null

2020-08-06 17:02:05 - [TEST_STEP][PASSED] - if (otpMessage[i] == "4"): null

2020-08-06 17:02:05 - [TEST_STEP][PASSED] - if (otpMessage[i] == "5"): Tapped on element 'Object Repository/Maya/login again/Spy- 5'

2020-08-06 17:02:05 - [TEST_STEP][PASSED] - delay(1, STOP_ON_FAILURE): Delayed 1 second(s)

2020-08-06 17:02:06 - [MESSAGE][PASSED] - Delayed 1 second(s)

2020-08-06 17:02:06 - [TEST_STEP][PASSED] - tap(findTestObject("Maya/login again/Spy- 5"), 0): Tapped on element 'Object Repository/Maya/login again/Spy- 5'

2020-08-06 17:02:06 - [MESSAGE][WARNING] - Timeout '0' is invalid. Using default page load timeout: '10'

2020-08-06 17:02:08 - [MESSAGE][PASSED] - Tapped on element 'Object Repository/Maya/login again/Spy- 5'

2020-08-06 17:02:08 - [TEST_STEP][PASSED] - if (otpMessage[i] == "6"): null

2020-08-06 17:02:08 - [TEST_STEP][PASSED] - if (otpMessage[i] == "7"): null

2020-08-06 17:02:08 - [TEST_STEP][PASSED] - if (otpMessage[i] == "8"): null

2020-08-06 17:02:08 - [TEST_STEP][PASSED] - if (otpMessage[i] == "9"): null

2020-08-06 17:02:08 - [TEST_STEP][PASSED] - delay(3, STOP_ON_FAILURE): Delayed 3 second(s)

2020-08-06 17:02:11 - [MESSAGE][PASSED] - Delayed 3 second(s)

2020-08-06 17:02:11 - [TEST_STEP][PASSED] - if (otpMessage[i] == "0"): null

2020-08-06 17:02:11 - [TEST_STEP][PASSED] - if (otpMessage[i] == "1"): null

2020-08-06 17:02:11 - [TEST_STEP][PASSED] - if (otpMessage[i] == "2"): null

2020-08-06 17:02:11 - [TEST_STEP][PASSED] - if (otpMessage[i] == "3"): null

2020-08-06 17:02:11 - [TEST_STEP][PASSED] - if (otpMessage[i] == "4"): Tapped on element 'Object Repository/Maya/login again/Spy - 4'

2020-08-06 17:02:11 - [TEST_STEP][PASSED] - delay(1, STOP_ON_FAILURE): Delayed 1 second(s)

2020-08-06 17:02:12 - [MESSAGE][PASSED] - Delayed 1 second(s)

2020-08-06 17:02:12 - [TEST_STEP][PASSED] - tap(findTestObject("Maya/login again/Spy - 4"), 0): Tapped on element 'Object Repository/Maya/login again/Spy - 4'

2020-08-06 17:02:12 - [MESSAGE][WARNING] - Timeout '0' is invalid. Using default page load timeout: '10'

2020-08-06 17:02:15 - [MESSAGE][PASSED] - Tapped on element 'Object Repository/Maya/login again/Spy - 4'

2020-08-06 17:02:15 - [TEST_STEP][PASSED] - if (otpMessage[i] == "5"): null

2020-08-06 17:02:15 - [TEST_STEP][PASSED] - if (otpMessage[i] == "6"): null

2020-08-06 17:02:15 - [TEST_STEP][PASSED] - if (otpMessage[i] == "7"): null

2020-08-06 17:02:15 - [TEST_STEP][PASSED] - if (otpMessage[i] == "8"): null

2020-08-06 17:02:15 - [TEST_STEP][PASSED] - if (otpMessage[i] == "9"): null

2020-08-06 17:02:15 - [TEST_STEP][PASSED] - delay(3, STOP_ON_FAILURE): Delayed 3 second(s)

2020-08-06 17:02:18 - [MESSAGE][PASSED] - Delayed 3 second(s)

2020-08-06 17:02:18 - [TEST_STEP][PASSED] - if (otpMessage[i] == "0"): null

2020-08-06 17:02:18 - [TEST_STEP][PASSED] - if (otpMessage[i] == "1"): null

2020-08-06 17:02:18 - [TEST_STEP][PASSED] - if (otpMessage[i] == "2"): null

2020-08-06 17:02:18 - [TEST_STEP][PASSED] - if (otpMessage[i] == "3"): null

2020-08-06 17:02:18 - [TEST_STEP][PASSED] - if (otpMessage[i] == "4"): null

2020-08-06 17:02:18 - [TEST_STEP][PASSED] - if (otpMessage[i] == "5"): null

2020-08-06 17:02:18 - [TEST_STEP][PASSED] - if (otpMessage[i] == "6"): null

2020-08-06 17:02:18 - [TEST_STEP][PASSED] - if (otpMessage[i] == "7"): Tapped on element 'Object Repository/Maya/login again/Spy - 7'

2020-08-06 17:02:18 - [TEST_STEP][PASSED] - delay(1, STOP_ON_FAILURE): Delayed 1 second(s)

2020-08-06 17:02:19 - [MESSAGE][PASSED] - Delayed 1 second(s)

2020-08-06 17:02:19 - [TEST_STEP][PASSED] - tap(findTestObject("Maya/login again/Spy - 7"), 0): Tapped on element 'Object Repository/Maya/login again/Spy - 7'

2020-08-06 17:02:19 - [MESSAGE][WARNING] - Timeout '0' is invalid. Using default page load timeout: '10'

2020-08-06 17:02:20 - [MESSAGE][PASSED] - Tapped on element 'Object Repository/Maya/login again/Spy - 7'

2020-08-06 17:02:20 - [TEST_STEP][PASSED] - if (otpMessage[i] == "8"): null

2020-08-06 17:02:20 - [TEST_STEP][PASSED] - if (otpMessage[i] == "9"): null

2020-08-06 17:02:20 - [TEST_STEP][PASSED] - delay(3, STOP_ON_FAILURE): Delayed 3 second(s)

2020-08-06 17:02:23 - [MESSAGE][PASSED] - Delayed 3 second(s)

2020-08-06 17:02:23 - [TEST_STEP][PASSED] - if (otpMessage[i] == "0"): null

2020-08-06 17:02:23 - [TEST_STEP][PASSED] - if (otpMessage[i] == "1"): null

2020-08-06 17:02:23 - [TEST_STEP][PASSED] - if (otpMessage[i] == "2"): null

2020-08-06 17:02:23 - [TEST_STEP][PASSED] - if (otpMessage[i] == "3"): Tapped on element 'Object Repository/Maya/login again/Spy- 3'

2020-08-06 17:02:23 - [TEST_STEP][PASSED] - delay(1, STOP_ON_FAILURE): Delayed 1 second(s)

2020-08-06 17:02:24 - [MESSAGE][PASSED] - Delayed 1 second(s)

2020-08-06 17:02:24 - [TEST_STEP][NOT_RUN] - tap(findTestObject("MAYA SIT v118/spy/TAC - keypad 3"), 0): NOT_RUN: tap(findTestObject("MAYA SIT v118/spy/TAC - keypad 3"), 0)

2020-08-06 17:02:24 - [MESSAGE][NOT_RUN] - NOT_RUN: tap(findTestObject("MAYA SIT v118/spy/TAC - keypad 3"), 0)

2020-08-06 17:02:24 - [TEST_STEP][PASSED] - tap(findTestObject("Maya/login again/Spy- 3"), 0): Tapped on element 'Object Repository/Maya/login again/Spy- 3'

2020-08-06 17:02:24 - [MESSAGE][WARNING] - Timeout '0' is invalid. Using default page load timeout: '10'

2020-08-06 17:02:26 - [MESSAGE][PASSED] - Tapped on element 'Object Repository/Maya/login again/Spy- 3'

2020-08-06 17:02:26 - [TEST_STEP][PASSED] - if (otpMessage[i] == "4"): null

2020-08-06 17:02:26 - [TEST_STEP][PASSED] - if (otpMessage[i] == "5"): null

2020-08-06 17:02:26 - [TEST_STEP][PASSED] - if (otpMessage[i] == "6"): null

2020-08-06 17:02:26 - [TEST_STEP][PASSED] - if (otpMessage[i] == "7"): null

2020-08-06 17:02:26 - [TEST_STEP][PASSED] - if (otpMessage[i] == "8"): null

2020-08-06 17:02:26 - [TEST_STEP][PASSED] - if (otpMessage[i] == "9"): null

2020-08-06 17:02:26 - [TEST_STEP][PASSED] - delay(3, STOP_ON_FAILURE): Delayed 3 second(s)

2020-08-06 17:02:29 - [MESSAGE][PASSED] - Delayed 3 second(s)

2020-08-06 17:02:29 - [TEST_STEP][PASSED] - if (otpMessage[i] == "0"): Tapped on element 'Object Repository/Maya/login again/Spy-0'

2020-08-06 17:02:29 - [TEST_STEP][PASSED] - delay(1, STOP_ON_FAILURE): Delayed 1 second(s)

2020-08-06 17:02:30 - [MESSAGE][PASSED] - Delayed 1 second(s)

2020-08-06 17:02:30 - [TEST_STEP][PASSED] - tap(findTestObject("Maya/login again/Spy-0"), 0): Tapped on element 'Object Repository/Maya/login again/Spy-0'

2020-08-06 17:02:30 - [MESSAGE][WARNING] - Timeout '0' is invalid. Using default page load timeout: '10'

2020-08-06 17:02:31 - [MESSAGE][PASSED] - Tapped on element 'Object Repository/Maya/login again/Spy-0'

2020-08-06 17:02:31 - [TEST_STEP][PASSED] - if (otpMessage[i] == "1"): null

2020-08-06 17:02:31 - [TEST_STEP][PASSED] - if (otpMessage[i] == "2"): null

2020-08-06 17:02:31 - [TEST_STEP][PASSED] - if (otpMessage[i] == "3"): null

2020-08-06 17:02:31 - [TEST_STEP][PASSED] - if (otpMessage[i] == "4"): null

2020-08-06 17:02:31 - [TEST_STEP][PASSED] - if (otpMessage[i] == "5"): null

2020-08-06 17:02:31 - [TEST_STEP][PASSED] - if (otpMessage[i] == "6"): null

2020-08-06 17:02:31 - [TEST_STEP][PASSED] - if (otpMessage[i] == "7"): null

2020-08-06 17:02:31 - [TEST_STEP][PASSED] - if (otpMessage[i] == "8"): null

2020-08-06 17:02:31 - [TEST_STEP][PASSED] - if (otpMessage[i] == "9"): null

2020-08-06 17:02:31 - [TEST_STEP][PASSED] - delay(3, STOP_ON_FAILURE): Delayed 3 second(s)

2020-08-06 17:02:34 - [MESSAGE][PASSED] - Delayed 3 second(s)

2020-08-06 17:02:34 - [TEST_STEP][PASSED] - if (otpMessage[i] == "0"): null

2020-08-06 17:02:34 - [TEST_STEP][PASSED] - if (otpMessage[i] == "1"): null

2020-08-06 17:02:34 - [TEST_STEP][PASSED] - if (otpMessage[i] == "2"): null

2020-08-06 17:02:34 - [TEST_STEP][PASSED] - if (otpMessage[i] == "3"): null

2020-08-06 17:02:34 - [TEST_STEP][PASSED] - if (otpMessage[i] == "4"): null

2020-08-06 17:02:34 - [TEST_STEP][PASSED] - if (otpMessage[i] == "5"): null

2020-08-06 17:02:34 - [TEST_STEP][PASSED] - if (otpMessage[i] == "6"): null

2020-08-06 17:02:34 - [TEST_STEP][PASSED] - if (otpMessage[i] == "7"): Tapped on element 'Object Repository/Maya/login again/Spy - 7'

2020-08-06 17:02:34 - [TEST_STEP][PASSED] - delay(1, STOP_ON_FAILURE): Delayed 1 second(s)

2020-08-06 17:02:35 - [MESSAGE][PASSED] - Delayed 1 second(s)

2020-08-06 17:02:35 - [TEST_STEP][PASSED] - tap(findTestObject("Maya/login again/Spy - 7"), 0): Tapped on element 'Object Repository/Maya/login again/Spy - 7'

2020-08-06 17:02:35 - [MESSAGE][WARNING] - Timeout '0' is invalid. Using default page load timeout: '10'

2020-08-06 17:02:36 - [MESSAGE][PASSED] - Tapped on element 'Object Repository/Maya/login again/Spy - 7'

2020-08-06 17:02:36 - [TEST_STEP][PASSED] - if (otpMessage[i] == "8"): null

2020-08-06 17:02:36 - [TEST_STEP][PASSED] - if (otpMessage[i] == "9"): null

2020-08-06 17:02:36 - [TEST_STEP][PASSED] - delay(8, STOP_ON_FAILURE): Delayed 8 second(s)

2020-08-06 17:02:44 - [MESSAGE][PASSED] - Delayed 8 second(s)

2020-08-06 17:02:44 - [TEST_STEP][PASSED] - tap(findTestObject("Maya/Forgot Pin/android.widget.ImageView0 (7)"), 0): Tapped on element 'Object Repository/Maya/Forgot Pin/android.widget.ImageView0 (7)'

2020-08-06 17:02:44 - [MESSAGE][WARNING] - Timeout '0' is invalid. Using default page load timeout: '10'

2020-08-06 17:02:45 - [MESSAGE][PASSED] - Tapped on element 'Object Repository/Maya/Forgot Pin/android.widget.ImageView0 (7)'

2020-08-06 17:02:45 - [TEST_STEP][PASSED] - tap(findTestObject("Maya/Login/android.widget.EditText0 - Enter your name"), 0): Tapped on element 'Object Repository/Maya/Login/android.widget.EditText0 - Enter your name'

2020-08-06 17:02:45 - [MESSAGE][WARNING] - Timeout '0' is invalid. Using default page load timeout: '10'

2020-08-06 17:02:51 - [MESSAGE][PASSED] - Tapped on element 'Object Repository/Maya/Login/android.widget.EditText0 - Enter your name'

2020-08-06 17:02:51 - [TEST_STEP][PASSED] - setText(findTestObject("Maya/Login/android.widget.EditText0 - Enter your name"), "Test", 0): Text 'Test' has been set to element 'Object Repository/Maya/Login/android.widget.EditText0 - Enter your name'

2020-08-06 17:02:51 - [MESSAGE][WARNING] - Timeout '0' is invalid. Using default page load timeout: '10'

2020-08-06 17:02:53 - [MESSAGE][PASSED] - Text 'Test' has been set to element 'Object Repository/Maya/Login/android.widget.EditText0 - Enter your name'

2020-08-06 17:02:53 - [TEST_STEP][PASSED] - driver.pressKeyCode(ENTER): null

2020-08-06 17:02:54 - [TEST_STEP][PASSED] - tap(findTestObject("Maya/Login/android.widget.TextView0 - Continue"), 0): Tapped on element 'Object Repository/Maya/Login/android.widget.TextView0 - Continue'

2020-08-06 17:02:54 - [MESSAGE][WARNING] - Timeout '0' is invalid. Using default page load timeout: '10'

2020-08-06 17:02:58 - [MESSAGE][PASSED] - Tapped on element 'Object Repository/Maya/Login/android.widget.TextView0 - Continue'

2020-08-06 17:02:58 - [TEST_STEP][PASSED] - tap(findTestObject("Maya/RegisterDuitNow/android.widget.ImageView0-2 acct"), 0): Tapped on element 'Object Repository/Maya/RegisterDuitNow/android.widget.ImageView0-2 acct'

2020-08-06 17:02:58 - [MESSAGE][WARNING] - Timeout '0' is invalid. Using default page load timeout: '10'

2020-08-06 17:02:59 - [MESSAGE][PASSED] - Tapped on element 'Object Repository/Maya/RegisterDuitNow/android.widget.ImageView0-2 acct'

2020-08-06 17:02:59 - [TEST_STEP][PASSED] - tap(findTestObject("Maya/Login/android.widget.TextView0 - Continue"), 0): Tapped on element 'Object Repository/Maya/Login/android.widget.TextView0 - Continue'

2020-08-06 17:02:59 - [MESSAGE][WARNING] - Timeout '0' is invalid. Using default page load timeout: '10'

2020-08-06 17:03:02 - [MESSAGE][PASSED] - Tapped on element 'Object Repository/Maya/Login/android.widget.TextView0 - Continue'

2020-08-06 17:03:02 - [TEST_STEP][FAILED] - tap(findTestObject("Maya/Login/android.widget.TextView0 - Done setup"), 0): Object Object Repository/Maya/Login/android.widget.TextView0 - Done setup not found

2020-08-06 17:03:02 - [MESSAGE][WARNING] - Timeout '0' is invalid. Using default page load timeout: '10'

2020-08-06 17:03:13 - [MESSAGE][FAILED] - Object Object Repository/Maya/Login/android.widget.TextView0 - Done setup not found
[[ATTACHMENT|C:\\Users\\LENOVO\\Git_new\\Maya\\Reports\\20200806_165945\\Maya UAT\\UAT Test Suite\\20200806_165945\\1596704592437.png]]

2020-08-06 17:03:13 - [TEST_STEP][FAILED] - verifyElementText(findTestObject("Maya/Third Party Fav/android.widget.TextView0 - Test"), "Test", CONTINUE_ON_FAILURE): Element 'Object Repository/Maya/Third Party Fav/android.widget.TextView0 - Test' not found

2020-08-06 17:03:25 - [MESSAGE][FAILED] - Element 'Object Repository/Maya/Third Party Fav/android.widget.TextView0 - Test' not found
[[ATTACHMENT|C:\\Users\\LENOVO\\Git_new\\Maya\\Reports\\20200806_165945\\Maya UAT\\UAT Test Suite\\20200806_165945\\1596704604443.png]]

2020-08-06 17:03:25 - [TEST_STEP][PASSED] - delay(2, STOP_ON_FAILURE): Delayed 2 second(s)

2020-08-06 17:03:27 - [MESSAGE][PASSED] - Delayed 2 second(s)

2020-08-06 17:03:27 - [TEST_STEP][PASSED] - takeScreenshot("C:\Users\LENOVO\Screenshot\DuitNowProxy\Screen3.png", CONTINUE_ON_FAILURE): Screenshot is taken

2020-08-06 17:03:28 - [MESSAGE][PASSED] - Screenshot is taken
[[ATTACHMENT|C:\\Users\\LENOVO\\Screenshot\\DuitNowProxy\\Screen3.png]]

2020-08-06 17:03:28 - [TEST_STEP][FAILED] - tap(findTestObject("Maya/RegisterDuitNow/android.widget.TextView0 - More (1)"), 0): Object Object Repository/Maya/RegisterDuitNow/android.widget.TextView0 - More (1) not found

2020-08-06 17:03:28 - [MESSAGE][WARNING] - Timeout '0' is invalid. Using default page load timeout: '10'

2020-08-06 17:03:39 - [MESSAGE][FAILED] - Object Object Repository/Maya/RegisterDuitNow/android.widget.TextView0 - More (1) not found
[[ATTACHMENT|C:\\Users\\LENOVO\\Git_new\\Maya\\Reports\\20200806_165945\\Maya UAT\\UAT Test Suite\\20200806_165945\\1596704618965.png]]

2020-08-06 17:03:39 - [TEST_STEP][FAILED] - tap(findTestObject("Maya/RegisterDuitNow/android.widget.TextView0 - Settings (1)"), 0): Object Object Repository/Maya/RegisterDuitNow/android.widget.TextView0 - Settings (1) not found

2020-08-06 17:03:39 - [MESSAGE][WARNING] - Timeout '0' is invalid. Using default page load timeout: '10'

2020-08-06 17:03:51 - [MESSAGE][FAILED] - Object Object Repository/Maya/RegisterDuitNow/android.widget.TextView0 - Settings (1) not found
[[ATTACHMENT|C:\\Users\\LENOVO\\Git_new\\Maya\\Reports\\20200806_165945\\Maya UAT\\UAT Test Suite\\20200806_165945\\1596704630436.png]]

2020-08-06 17:03:51 - [TEST_STEP][FAILED] - tap(findTestObject("Maya/RegisterDuitNow/android.widget.TextView0 - Maybank2u (2)"), 0): Object Object Repository/Maya/RegisterDuitNow/android.widget.TextView0 - Maybank2u (2) not found

2020-08-06 17:03:51 - [MESSAGE][WARNING] - Timeout '0' is invalid. Using default page load timeout: '10'

2020-08-06 17:04:02 - [MESSAGE][FAILED] - Object Object Repository/Maya/RegisterDuitNow/android.widget.TextView0 - Maybank2u (2) not found
[[ATTACHMENT|C:\\Users\\LENOVO\\Git_new\\Maya\\Reports\\20200806_165945\\Maya UAT\\UAT Test Suite\\20200806_165945\\1596704641757.png]]

2020-08-06 17:04:02 - [TEST_STEP][FAILED] - tap(findTestObject("Maya/RegisterDuitNow/android.widget.TextView0 - DuitNow (6)"), 0): Object Object Repository/Maya/RegisterDuitNow/android.widget.TextView0 - DuitNow (6) not found

2020-08-06 17:04:02 - [MESSAGE][WARNING] - Timeout '0' is invalid. Using default page load timeout: '10'

2020-08-06 17:04:14 - [MESSAGE][FAILED] - Object Object Repository/Maya/RegisterDuitNow/android.widget.TextView0 - DuitNow (6) not found
[[ATTACHMENT|C:\\Users\\LENOVO\\Git_new\\Maya\\Reports\\20200806_165945\\Maya UAT\\UAT Test Suite\\20200806_165945\\1596704653144.png]]

2020-08-06 17:04:14 - [TEST_STEP][FAILED] - getText(findTestObject("Maya/RegisterDuitNow/android.widget.TextView0 - Link your Maybank account to an ID for DuitNow (1)"), 0): Object Object Repository/Maya/RegisterDuitNow/android.widget.TextView0 - Link your Maybank account to an ID for DuitNow (1) not found

2020-08-06 17:04:14 - [MESSAGE][WARNING] - Timeout '0' is invalid. Using default page load timeout: '10'

2020-08-06 17:04:25 - [MESSAGE][FAILED] - Object Object Repository/Maya/RegisterDuitNow/android.widget.TextView0 - Link your Maybank account to an ID for DuitNow (1) not found
[[ATTACHMENT|C:\\Users\\LENOVO\\Git_new\\Maya\\Reports\\20200806_165945\\Maya UAT\\UAT Test Suite\\20200806_165945\\1596704664573.png]]

2020-08-06 17:04:25 - [TEST_STEP][FAILED] - verifyElementExist(findTestObject("Maya/RegisterDuitNow/android.widget.TextView0 - Link your Maybank account to an ID for DuitNow (1)"), 0): Element 'Object Repository/Maya/RegisterDuitNow/android.widget.TextView0 - Link your Maybank account to an ID for DuitNow (1)' not found

2020-08-06 17:04:25 - [MESSAGE][WARNING] - Timeout '0' is invalid. Using default page load timeout: '10'

2020-08-06 17:04:37 - [MESSAGE][FAILED] - Element 'Object Repository/Maya/RegisterDuitNow/android.widget.TextView0 - Link your Maybank account to an ID for DuitNow (1)' not found
[[ATTACHMENT|C:\\Users\\LENOVO\\Git_new\\Maya\\Reports\\20200806_165945\\Maya UAT\\UAT Test Suite\\20200806_165945\\1596704676325.png]]

2020-08-06 17:04:37 - [TEST_STEP][PASSED] - delay(2, STOP_ON_FAILURE): Delayed 2 second(s)

2020-08-06 17:04:39 - [MESSAGE][PASSED] - Delayed 2 second(s)

2020-08-06 17:04:39 - [TEST_STEP][PASSED] - takeScreenshot("C:\Users\LENOVO\Screenshot\DuitNowProxy\Screen4.png", CONTINUE_ON_FAILURE): Screenshot is taken

2020-08-06 17:04:40 - [MESSAGE][PASSED] - Screenshot is taken
[[ATTACHMENT|C:\\Users\\LENOVO\\Screenshot\\DuitNowProxy\\Screen4.png]]

2020-08-06 17:04:40 - [TEST_STEP][FAILED] - getText(findTestObject("Maya/RegisterDuitNow/android.widget.TextView0 - NRIC Number (5)"), 0): Object Object Repository/Maya/RegisterDuitNow/android.widget.TextView0 - NRIC Number (5) not found

2020-08-06 17:04:40 - [MESSAGE][WARNING] - Timeout '0' is invalid. Using default page load timeout: '10'

2020-08-06 17:04:51 - [MESSAGE][FAILED] - Object Object Repository/Maya/RegisterDuitNow/android.widget.TextView0 - NRIC Number (5) not found
[[ATTACHMENT|C:\\Users\\LENOVO\\Git_new\\Maya\\Reports\\20200806_165945\\Maya UAT\\UAT Test Suite\\20200806_165945\\1596704690452.png]]

2020-08-06 17:04:51 - [TEST_STEP][FAILED] - verifyElementExist(findTestObject("Maya/RegisterDuitNow/android.widget.TextView0 - NRIC Number (5)"), 0): Element 'Object Repository/Maya/RegisterDuitNow/android.widget.TextView0 - NRIC Number (5)' not found

2020-08-06 17:04:51 - [MESSAGE][WARNING] - Timeout '0' is invalid. Using default page load timeout: '10'

2020-08-06 17:05:03 - [MESSAGE][FAILED] - Element 'Object Repository/Maya/RegisterDuitNow/android.widget.TextView0 - NRIC Number (5)' not found
[[ATTACHMENT|C:\\Users\\LENOVO\\Git_new\\Maya\\Reports\\20200806_165945\\Maya UAT\\UAT Test Suite\\20200806_165945\\1596704703096.png]]

2020-08-06 17:05:03 - [TEST_STEP][FAILED] - getText(findTestObject("Maya/RegisterDuitNow/android.widget.TextView0 - 5263"), 0): Object Object Repository/Maya/RegisterDuitNow/android.widget.TextView0 - 5263 not found

2020-08-06 17:05:03 - [MESSAGE][WARNING] - Timeout '0' is invalid. Using default page load timeout: '10'

2020-08-06 17:05:15 - [MESSAGE][FAILED] - Object Object Repository/Maya/RegisterDuitNow/android.widget.TextView0 - 5263 not found
[[ATTACHMENT|C:\\Users\\LENOVO\\Git_new\\Maya\\Reports\\20200806_165945\\Maya UAT\\UAT Test Suite\\20200806_165945\\1596704714210.png]]

2020-08-06 17:05:15 - [TEST_STEP][FAILED] - verifyElementExist(findTestObject("Maya/RegisterDuitNow/android.widget.TextView0 - 5263"), 0): Element 'Object Repository/Maya/RegisterDuitNow/android.widget.TextView0 - 5263' not found

2020-08-06 17:05:15 - [MESSAGE][WARNING] - Timeout '0' is invalid. Using default page load timeout: '10'

2020-08-06 17:05:26 - [MESSAGE][FAILED] - Element 'Object Repository/Maya/RegisterDuitNow/android.widget.TextView0 - 5263' not found
[[ATTACHMENT|C:\\Users\\LENOVO\\Git_new\\Maya\\Reports\\20200806_165945\\Maya UAT\\UAT Test Suite\\20200806_165945\\1596704725421.png]]

2020-08-06 17:05:26 - [TEST_STEP][FAILED] - getText(findTestObject("Maya/RegisterDuitNow/android.widget.TextView0 - Maybank (4)"), 0): Object Object Repository/Maya/RegisterDuitNow/android.widget.TextView0 - Maybank (4) not found

2020-08-06 17:05:26 - [MESSAGE][WARNING] - Timeout '0' is invalid. Using default page load timeout: '10'

2020-08-06 17:05:37 - [MESSAGE][FAILED] - Object Object Repository/Maya/RegisterDuitNow/android.widget.TextView0 - Maybank (4) not found
[[ATTACHMENT|C:\\Users\\LENOVO\\Git_new\\Maya\\Reports\\20200806_165945\\Maya UAT\\UAT Test Suite\\20200806_165945\\1596704736431.png]]

2020-08-06 17:05:37 - [TEST_STEP][PASSED] - delay(2, STOP_ON_FAILURE): Delayed 2 second(s)

2020-08-06 17:05:39 - [MESSAGE][PASSED] - Delayed 2 second(s)

2020-08-06 17:05:39 - [TEST_STEP][PASSED] - takeScreenshot("C:\Users\LENOVO\Screenshot\DuitNowProxy\Screen5.png", CONTINUE_ON_FAILURE): Screenshot is taken

2020-08-06 17:05:40 - [MESSAGE][PASSED] - Screenshot is taken
[[ATTACHMENT|C:\\Users\\LENOVO\\Screenshot\\DuitNowProxy\\Screen5.png]]

2020-08-06 17:05:40 - [TEST_STEP][FAILED] - verifyElementExist(findTestObject("Maya/RegisterDuitNow/android.widget.TextView0 - Maybank (4)"), 0): Element 'Object Repository/Maya/RegisterDuitNow/android.widget.TextView0 - Maybank (4)' not found

2020-08-06 17:05:40 - [MESSAGE][WARNING] - Timeout '0' is invalid. Using default page load timeout: '10'

2020-08-06 17:05:51 - [MESSAGE][FAILED] - Element 'Object Repository/Maya/RegisterDuitNow/android.widget.TextView0 - Maybank (4)' not found
[[ATTACHMENT|C:\\Users\\LENOVO\\Git_new\\Maya\\Reports\\20200806_165945\\Maya UAT\\UAT Test Suite\\20200806_165945\\1596704750340.png]]

2020-08-06 17:05:51 - [TEST_STEP][FAILED] - tap(findTestObject("Maya/RegisterDuitNow/android.widget.TextView0 - NRIC Number (5)"), 0): Object Object Repository/Maya/RegisterDuitNow/android.widget.TextView0 - NRIC Number (5) not found

2020-08-06 17:05:51 - [MESSAGE][WARNING] - Timeout '0' is invalid. Using default page load timeout: '10'

2020-08-06 17:06:02 - [MESSAGE][FAILED] - Object Object Repository/Maya/RegisterDuitNow/android.widget.TextView0 - NRIC Number (5) not found
[[ATTACHMENT|C:\\Users\\LENOVO\\Git_new\\Maya\\Reports\\20200806_165945\\Maya UAT\\UAT Test Suite\\20200806_165945\\1596704761467.png]]

2020-08-06 17:06:02 - [TEST_STEP][FAILED] - getText(findTestObject("Maya/RegisterDuitNow/android.widget.TextView0 - NRIC Number (6)"), 0): Object Object Repository/Maya/RegisterDuitNow/android.widget.TextView0 - NRIC Number (6) not found

2020-08-06 17:06:02 - [MESSAGE][WARNING] - Timeout '0' is invalid. Using default page load timeout: '10'

2020-08-06 17:06:13 - [MESSAGE][FAILED] - Object Object Repository/Maya/RegisterDuitNow/android.widget.TextView0 - NRIC Number (6) not found
[[ATTACHMENT|C:\\Users\\LENOVO\\Git_new\\Maya\\Reports\\20200806_165945\\Maya UAT\\UAT Test Suite\\20200806_165945\\1596704772387.png]]

2020-08-06 17:06:13 - [TEST_STEP][FAILED] - verifyElementExist(findTestObject("Maya/RegisterDuitNow/android.widget.TextView0 - NRIC Number (6)"), 0): Element 'Object Repository/Maya/RegisterDuitNow/android.widget.TextView0 - NRIC Number (6)' not found

2020-08-06 17:06:13 - [MESSAGE][WARNING] - Timeout '0' is invalid. Using default page load timeout: '10'

2020-08-06 17:06:24 - [MESSAGE][FAILED] - Element 'Object Repository/Maya/RegisterDuitNow/android.widget.TextView0 - NRIC Number (6)' not found
[[ATTACHMENT|C:\\Users\\LENOVO\\Git_new\\Maya\\Reports\\20200806_165945\\Maya UAT\\UAT Test Suite\\20200806_165945\\1596704783337.png]]

2020-08-06 17:06:24 - [TEST_STEP][FAILED] - getText(findTestObject("Maya/RegisterDuitNow/android.widget.TextView0 - 5263 (1)"), 0): Object Object Repository/Maya/RegisterDuitNow/android.widget.TextView0 - 5263 (1) not found

2020-08-06 17:06:24 - [MESSAGE][WARNING] - Timeout '0' is invalid. Using default page load timeout: '10'

2020-08-06 17:06:35 - [MESSAGE][FAILED] - Object Object Repository/Maya/RegisterDuitNow/android.widget.TextView0 - 5263 (1) not found
[[ATTACHMENT|C:\\Users\\LENOVO\\Git_new\\Maya\\Reports\\20200806_165945\\Maya UAT\\UAT Test Suite\\20200806_165945\\1596704794465.png]]

2020-08-06 17:06:35 - [TEST_STEP][FAILED] - verifyElementExist(findTestObject("Maya/RegisterDuitNow/android.widget.TextView0 - 5263 (1)"), 0): Element 'Object Repository/Maya/RegisterDuitNow/android.widget.TextView0 - 5263 (1)' not found

2020-08-06 17:06:35 - [MESSAGE][WARNING] - Timeout '0' is invalid. Using default page load timeout: '10'

2020-08-06 17:06:46 - [MESSAGE][FAILED] - Element 'Object Repository/Maya/RegisterDuitNow/android.widget.TextView0 - 5263 (1)' not found
[[ATTACHMENT|C:\\Users\\LENOVO\\Git_new\\Maya\\Reports\\20200806_165945\\Maya UAT\\UAT Test Suite\\20200806_165945\\1596704805814.png]]

2020-08-06 17:06:46 - [TEST_STEP][FAILED] - getText(findTestObject("Maya/RegisterDuitNow/android.widget.TextView0 - Status (2)"), 0): Object Object Repository/Maya/RegisterDuitNow/android.widget.TextView0 - Status (2) not found

2020-08-06 17:06:46 - [MESSAGE][WARNING] - Timeout '0' is invalid. Using default page load timeout: '10'

2020-08-06 17:06:57 - [MESSAGE][FAILED] - Object Object Repository/Maya/RegisterDuitNow/android.widget.TextView0 - Status (2) not found
[[ATTACHMENT|C:\\Users\\LENOVO\\Git_new\\Maya\\Reports\\20200806_165945\\Maya UAT\\UAT Test Suite\\20200806_165945\\1596704816930.png]]

2020-08-06 17:06:57 - [TEST_STEP][FAILED] - verifyElementExist(findTestObject("Maya/RegisterDuitNow/android.widget.TextView0 - Status (2)"), 0): Element 'Object Repository/Maya/RegisterDuitNow/android.widget.TextView0 - Status (2)' not found

2020-08-06 17:06:57 - [MESSAGE][WARNING] - Timeout '0' is invalid. Using default page load timeout: '10'

2020-08-06 17:07:08 - [MESSAGE][FAILED] - Element 'Object Repository/Maya/RegisterDuitNow/android.widget.TextView0 - Status (2)' not found
[[ATTACHMENT|C:\\Users\\LENOVO\\Git_new\\Maya\\Reports\\20200806_165945\\Maya UAT\\UAT Test Suite\\20200806_165945\\1596704828033.png]]

2020-08-06 17:07:08 - [TEST_STEP][FAILED] - getText(findTestObject("Maya/RegisterDuitNow/android.widget.TextView0 - Status (1)"), 0): Object Object Repository/Maya/RegisterDuitNow/android.widget.TextView0 - Status (1) not found

2020-08-06 17:07:08 - [MESSAGE][WARNING] - Timeout '0' is invalid. Using default page load timeout: '10'

2020-08-06 17:07:19 - [MESSAGE][FAILED] - Object Object Repository/Maya/RegisterDuitNow/android.widget.TextView0 - Status (1) not found
[[ATTACHMENT|C:\\Users\\LENOVO\\Git_new\\Maya\\Reports\\20200806_165945\\Maya UAT\\UAT Test Suite\\20200806_165945\\1596704838974.png]]

2020-08-06 17:07:19 - [TEST_STEP][FAILED] - verifyElementExist(findTestObject("Maya/RegisterDuitNow/android.widget.TextView0 - Status (1)"), 0): Element 'Object Repository/Maya/RegisterDuitNow/android.widget.TextView0 - Status (1)' not found

2020-08-06 17:07:19 - [MESSAGE][WARNING] - Timeout '0' is invalid. Using default page load timeout: '10'

2020-08-06 17:07:30 - [MESSAGE][FAILED] - Element 'Object Repository/Maya/RegisterDuitNow/android.widget.TextView0 - Status (1)' not found
[[ATTACHMENT|C:\\Users\\LENOVO\\Git_new\\Maya\\Reports\\20200806_165945\\Maya UAT\\UAT Test Suite\\20200806_165945\\1596704849987.png]]

2020-08-06 17:07:30 - [TEST_STEP][FAILED] - getText(findTestObject("Maya/RegisterDuitNow/android.widget.TextView0 - ACTIVE (1)"), 0): Object Object Repository/Maya/RegisterDuitNow/android.widget.TextView0 - ACTIVE (1) not found

2020-08-06 17:07:30 - [MESSAGE][WARNING] - Timeout '0' is invalid. Using default page load timeout: '10'

2020-08-06 17:07:42 - [MESSAGE][FAILED] - Object Object Repository/Maya/RegisterDuitNow/android.widget.TextView0 - ACTIVE (1) not found
[[ATTACHMENT|C:\\Users\\LENOVO\\Git_new\\Maya\\Reports\\20200806_165945\\Maya UAT\\UAT Test Suite\\20200806_165945\\1596704861183.png]]

2020-08-06 17:07:42 - [TEST_STEP][FAILED] - verifyElementExist(findTestObject("Maya/RegisterDuitNow/android.widget.TextView0 - ACTIVE (1)"), 0): Element 'Object Repository/Maya/RegisterDuitNow/android.widget.TextView0 - ACTIVE (1)' not found

2020-08-06 17:07:42 - [MESSAGE][WARNING] - Timeout '0' is invalid. Using default page load timeout: '10'

2020-08-06 17:07:53 - [MESSAGE][FAILED] - Element 'Object Repository/Maya/RegisterDuitNow/android.widget.TextView0 - ACTIVE (1)' not found
[[ATTACHMENT|C:\\Users\\LENOVO\\Git_new\\Maya\\Reports\\20200806_165945\\Maya UAT\\UAT Test Suite\\20200806_165945\\1596704872168.png]]

2020-08-06 17:07:53 - [TEST_STEP][FAILED] - getText(findTestObject("Maya/RegisterDuitNow/android.widget.TextView0 - Receiving bank (1)"), 0): Object Object Repository/Maya/RegisterDuitNow/android.widget.TextView0 - Receiving bank (1) not found

2020-08-06 17:07:53 - [MESSAGE][WARNING] - Timeout '0' is invalid. Using default page load timeout: '10'

2020-08-06 17:08:04 - [MESSAGE][FAILED] - Object Object Repository/Maya/RegisterDuitNow/android.widget.TextView0 - Receiving bank (1) not found
[[ATTACHMENT|C:\\Users\\LENOVO\\Git_new\\Maya\\Reports\\20200806_165945\\Maya UAT\\UAT Test Suite\\20200806_165945\\1596704883247.png]]

2020-08-06 17:08:04 - [TEST_STEP][FAILED] - verifyElementExist(findTestObject("Maya/RegisterDuitNow/android.widget.TextView0 - Receiving bank (1)"), 0): Element 'Object Repository/Maya/RegisterDuitNow/android.widget.TextView0 - Receiving bank (1)' not found

2020-08-06 17:08:04 - [MESSAGE][WARNING] - Timeout '0' is invalid. Using default page load timeout: '10'

2020-08-06 17:08:14 - [MESSAGE][FAILED] - Element 'Object Repository/Maya/RegisterDuitNow/android.widget.TextView0 - Receiving bank (1)' not found
[[ATTACHMENT|C:\\Users\\LENOVO\\Git_new\\Maya\\Reports\\20200806_165945\\Maya UAT\\UAT Test Suite\\20200806_165945\\1596704894108.png]]

2020-08-06 17:08:14 - [TEST_STEP][FAILED] - getText(findTestObject("Maya/RegisterDuitNow/android.widget.TextView0 - Maybank (3)"), 0): Object Object Repository/Maya/RegisterDuitNow/android.widget.TextView0 - Maybank (3) not found

2020-08-06 17:08:14 - [MESSAGE][WARNING] - Timeout '0' is invalid. Using default page load timeout: '10'

2020-08-06 17:08:25 - [MESSAGE][FAILED] - Object Object Repository/Maya/RegisterDuitNow/android.widget.TextView0 - Maybank (3) not found
[[ATTACHMENT|C:\\Users\\LENOVO\\Git_new\\Maya\\Reports\\20200806_165945\\Maya UAT\\UAT Test Suite\\20200806_165945\\1596704905069.png]]

2020-08-06 17:08:25 - [TEST_STEP][PASSED] - takeScreenshot("C:\Users\LENOVO\Screenshot\DuitNowProxy\Screen6.png", CONTINUE_ON_FAILURE): Screenshot is taken

2020-08-06 17:08:26 - [MESSAGE][PASSED] - Screenshot is taken
[[ATTACHMENT|C:\\Users\\LENOVO\\Screenshot\\DuitNowProxy\\Screen6.png]]

2020-08-06 17:08:26 - [TEST_STEP][FAILED] - verifyElementExist(findTestObject("Maya/RegisterDuitNow/android.widget.TextView0 - Receiving Account (1)"), 0): Element 'Object Repository/Maya/RegisterDuitNow/android.widget.TextView0 - Receiving Account (1)' not found

2020-08-06 17:08:26 - [MESSAGE][WARNING] - Timeout '0' is invalid. Using default page load timeout: '10'

2020-08-06 17:08:37 - [MESSAGE][FAILED] - Element 'Object Repository/Maya/RegisterDuitNow/android.widget.TextView0 - Receiving Account (1)' not found
[[ATTACHMENT|C:\\Users\\LENOVO\\Git_new\\Maya\\Reports\\20200806_165945\\Maya UAT\\UAT Test Suite\\20200806_165945\\1596704916932.png]]

2020-08-06 17:08:37 - [TEST_STEP][NOT_RUN] - closeApplication(): NOT_RUN: closeApplication()

2020-08-06 17:08:37 - [MESSAGE][NOT_RUN] - NOT_RUN: closeApplication()

2020-08-06 17:08:37 - [TEST_STEP][PASSED] - delay(2, STOP_ON_FAILURE): Delayed 2 second(s)

2020-08-06 17:08:39 - [MESSAGE][PASSED] - Delayed 2 second(s)

2020-08-06 17:08:39 - [TEST_STEP][PASSED] - takeScreenshot("C:\Users\LENOVO\Screenshot\DuitNowProxy\Screen15.png", CONTINUE_ON_FAILURE): Screenshot is taken

2020-08-06 17:08:40 - [MESSAGE][PASSED] - Screenshot is taken
[[ATTACHMENT|C:\\Users\\LENOVO\\Screenshot\\DuitNowProxy\\Screen15.png]]

2020-08-06 17:08:40 - [TEST_STEP][FAILED] - tap(findTestObject("Maya/RegisterDuitNow/android.widget.TextView0 - Switch account (1)"), 0): Object Object Repository/Maya/RegisterDuitNow/android.widget.TextView0 - Switch account (1) not found

2020-08-06 17:08:40 - [MESSAGE][WARNING] - Timeout '0' is invalid. Using default page load timeout: '10'

2020-08-06 17:08:51 - [MESSAGE][FAILED] - Object Object Repository/Maya/RegisterDuitNow/android.widget.TextView0 - Switch account (1) not found
[[ATTACHMENT|C:\\Users\\LENOVO\\Git_new\\Maya\\Reports\\20200806_165945\\Maya UAT\\UAT Test Suite\\20200806_165945\\1596704930793.png]]

2020-08-06 17:08:51 - [TEST_STEP][PASSED] - tapAndHoldAtPosition(540, 773, 1): Tapped and held at [540, 773] with duration 1

2020-08-06 17:08:54 - [MESSAGE][PASSED] - Tapped and held at [540, 773] with duration 1

2020-08-06 17:08:54 - [TEST_STEP][FAILED] - tap(findTestObject("Maya/RegisterDuitNow/android.widget.TextView0 - Continue (7)"), 0): Object Object Repository/Maya/RegisterDuitNow/android.widget.TextView0 - Continue (7) not found

2020-08-06 17:08:54 - [MESSAGE][WARNING] - Timeout '0' is invalid. Using default page load timeout: '10'

2020-08-06 17:09:05 - [MESSAGE][FAILED] - Object Object Repository/Maya/RegisterDuitNow/android.widget.TextView0 - Continue (7) not found
[[ATTACHMENT|C:\\Users\\LENOVO\\Git_new\\Maya\\Reports\\20200806_165945\\Maya UAT\\UAT Test Suite\\20200806_165945\\1596704944407.png]]

2020-08-06 17:09:05 - [TEST_STEP][FAILED] - getText(findTestObject("Maya/RegisterDuitNow/android.widget.TextView0 - Please confirm your DuitNow details (1)"), 0): Object Object Repository/Maya/RegisterDuitNow/android.widget.TextView0 - Please confirm your DuitNow details (1) not found

2020-08-06 17:09:05 - [MESSAGE][WARNING] - Timeout '0' is invalid. Using default page load timeout: '10'

2020-08-06 17:09:16 - [MESSAGE][FAILED] - Object Object Repository/Maya/RegisterDuitNow/android.widget.TextView0 - Please confirm your DuitNow details (1) not found
[[ATTACHMENT|C:\\Users\\LENOVO\\Git_new\\Maya\\Reports\\20200806_165945\\Maya UAT\\UAT Test Suite\\20200806_165945\\1596704955391.png]]

2020-08-06 17:09:16 - [TEST_STEP][FAILED] - verifyElementExist(findTestObject("Maya/RegisterDuitNow/android.widget.TextView0 - Please confirm your DuitNow details (1)"), 0): Element 'Object Repository/Maya/RegisterDuitNow/android.widget.TextView0 - Please confirm your DuitNow details (1)' not found

2020-08-06 17:09:16 - [MESSAGE][WARNING] - Timeout '0' is invalid. Using default page load timeout: '10'

2020-08-06 17:09:27 - [MESSAGE][FAILED] - Element 'Object Repository/Maya/RegisterDuitNow/android.widget.TextView0 - Please confirm your DuitNow details (1)' not found
[[ATTACHMENT|C:\\Users\\LENOVO\\Git_new\\Maya\\Reports\\20200806_165945\\Maya UAT\\UAT Test Suite\\20200806_165945\\1596704966251.png]]

2020-08-06 17:09:27 - [TEST_STEP][FAILED] - tap(findTestObject("Maya/RegisterDuitNow/android.widget.TextView0 - Agree and Confirm (1)"), 0): Object Object Repository/Maya/RegisterDuitNow/android.widget.TextView0 - Agree and Confirm (1) not found

2020-08-06 17:09:27 - [MESSAGE][WARNING] - Timeout '0' is invalid. Using default page load timeout: '10'

2020-08-06 17:09:38 - [MESSAGE][FAILED] - Object Object Repository/Maya/RegisterDuitNow/android.widget.TextView0 - Agree and Confirm (1) not found
[[ATTACHMENT|C:\\Users\\LENOVO\\Git_new\\Maya\\Reports\\20200806_165945\\Maya UAT\\UAT Test Suite\\20200806_165945\\1596704977229.png]]

2020-08-06 17:09:38 - [TEST_STEP][PASSED] - delay(2, STOP_ON_FAILURE): Delayed 2 second(s)

2020-08-06 17:09:40 - [MESSAGE][PASSED] - Delayed 2 second(s)

2020-08-06 17:09:40 - [TEST_STEP][PASSED] - takeScreenshot("C:\Users\LENOVO\Screenshot\DuitNowProxy\Screen6.png", CONTINUE_ON_FAILURE): Screenshot is taken

2020-08-06 17:09:40 - [MESSAGE][PASSED] - Screenshot is taken
[[ATTACHMENT|C:\\Users\\LENOVO\\Screenshot\\DuitNowProxy\\Screen6.png]]

2020-08-06 17:09:40 - [TEST_STEP][FAILED] - tap(findTestObject("Maya/RegisterDuitNow/android.widget.TextView0 - Confirm (1)"), 0): Object Object Repository/Maya/RegisterDuitNow/android.widget.TextView0 - Confirm (1) not found

2020-08-06 17:09:40 - [MESSAGE][WARNING] - Timeout '0' is invalid. Using default page load timeout: '10'

2020-08-06 17:09:51 - [MESSAGE][FAILED] - Object Object Repository/Maya/RegisterDuitNow/android.widget.TextView0 - Confirm (1) not found
[[ATTACHMENT|C:\\Users\\LENOVO\\Git_new\\Maya\\Reports\\20200806_165945\\Maya UAT\\UAT Test Suite\\20200806_165945\\1596704991000.png]]

2020-08-06 17:09:51 - [TEST_STEP][FAILED] - otpMess = getText(findTestObject("Maya/Third Party CA account/android.widget.TextView0 - Your OTP no. is 460943"), 0): Object Object Repository/Maya/Third Party CA account/android.widget.TextView0 - Your OTP no. is 460943 not found

2020-08-06 17:09:51 - [MESSAGE][WARNING] - Timeout '0' is invalid. Using default page load timeout: '10'

2020-08-06 17:10:03 - [MESSAGE][FAILED] - Object Object Repository/Maya/Third Party CA account/android.widget.TextView0 - Your OTP no. is 460943 not found
[[ATTACHMENT|C:\\Users\\LENOVO\\Git_new\\Maya\\Reports\\20200806_165945\\Maya UAT\\UAT Test Suite\\20200806_165945\\1596705002364.png]]

2020-08-06 17:10:03 - [TEST_STEP][PASSED] - delay(2): Delayed 2 second(s)

2020-08-06 17:10:05 - [MESSAGE][PASSED] - Delayed 2 second(s)

2020-08-06 17:10:05 - [TEST_STEP][PASSED] - for ([i = 16, i <= 21, (i++)]): null

2020-08-06 17:10:05 - [TEST_STEP][PASSED] - delay(3, STOP_ON_FAILURE): Delayed 3 second(s)

2020-08-06 17:10:08 - [MESSAGE][PASSED] - Delayed 3 second(s)

2020-08-06 17:10:08 - [TEST_STEP][PASSED] - if (otpMess[i] == "0"): null]]></system-out>
         <system-err><![CDATA[2020-08-06 16:59:48 - [TEST_CASE][FAILED] - Test Cases/JINU/DuiTNow Drop 2/Nric Proxy: Test Cases/JINU/DuiTNow Drop 2/Nric Proxy FAILED.
Reason:
com.kms.katalon.core.exception.StepFailedException: Object Object Repository/Maya/Login/android.widget.TextView0 - Done setup not found
	at com.kms.katalon.core.keyword.internal.KeywordMain.stepFailed(KeywordMain.groovy:39)
	at com.kms.katalon.core.mobile.keyword.internal.MobileKeywordMain.stepFailed(MobileKeywordMain.groovy:40)
	at com.kms.katalon.core.mobile.keyword.builtin.TapKeyword$_tap_closure1.doCall(TapKeyword.groovy:79)
	at com.kms.katalon.core.mobile.keyword.builtin.TapKeyword$_tap_closure1.call(TapKeyword.groovy)
	at com.kms.katalon.core.mobile.keyword.internal.MobileKeywordMain.runKeyword(MobileKeywordMain.groovy:21)
	at com.kms.katalon.core.mobile.keyword.builtin.TapKeyword.tap(TapKeyword.groovy:86)
	at com.kms.katalon.core.mobile.keyword.builtin.TapKeyword.execute(TapKeyword.groovy:68)
	at com.kms.katalon.core.keyword.internal.KeywordExecutor.executeKeywordForPlatform(KeywordExecutor.groovy:72)
	at com.kms.katalon.core.mobile.keyword.MobileBuiltInKeywords.tap(MobileBuiltInKeywords.groovy:577)
	at com.kms.katalon.core.mobile.keyword.MobileBuiltInKeywords$tap$0.call(Unknown Source)
	at Nric Proxy.run(Nric Proxy:181)
	at com.kms.katalon.core.main.ScriptEngine.run(ScriptEngine.java:194)
	at com.kms.katalon.core.main.ScriptEngine.runScriptAsRawText(ScriptEngine.java:119)
	at com.kms.katalon.core.main.TestCaseExecutor.runScript(TestCaseExecutor.java:337)
	at com.kms.katalon.core.main.TestCaseExecutor.doExecute(TestCaseExecutor.java:328)
	at com.kms.katalon.core.main.TestCaseExecutor.processExecutionPhase(TestCaseExecutor.java:307)
	at com.kms.katalon.core.main.TestCaseExecutor.accessMainPhase(TestCaseExecutor.java:299)
	at com.kms.katalon.core.main.TestCaseExecutor.execute(TestCaseExecutor.java:233)
	at com.kms.katalon.core.main.TestSuiteExecutor.accessTestCaseMainPhase(TestSuiteExecutor.java:169)
	at com.kms.katalon.core.main.TestSuiteExecutor.accessTestSuiteMainPhase(TestSuiteExecutor.java:142)
	at com.kms.katalon.core.main.TestSuiteExecutor.execute(TestSuiteExecutor.java:91)
	at com.kms.katalon.core.main.TestCaseMain.startTestSuite(TestCaseMain.java:157)
	at com.kms.katalon.core.main.TestCaseMain$startTestSuite$0.call(Unknown Source)
	at TempTestSuite1596704385938.run(TempTestSuite1596704385938.groovy:36)]]></system-err>
      </testcase>
      <system-out><![CDATA[2020-08-06 16:59:48 - [TEST_SUITE][FAILED] - UAT Test Suite: Test Cases/JINU/DuiTNow Drop 2/Nric Proxy FAILED.
Reason:
com.kms.katalon.core.exception.StepFailedException: Object Object Repository/Maya/Login/android.widget.TextView0 - Done setup not found
	at com.kms.katalon.core.keyword.internal.KeywordMain.stepFailed(KeywordMain.groovy:39)
	at com.kms.katalon.core.mobile.keyword.internal.MobileKeywordMain.stepFailed(MobileKeywordMain.groovy:40)
	at com.kms.katalon.core.mobile.keyword.builtin.TapKeyword$_tap_closure1.doCall(TapKeyword.groovy:79)
	at com.kms.katalon.core.mobile.keyword.builtin.TapKeyword$_tap_closure1.call(TapKeyword.groovy)
	at com.kms.katalon.core.mobile.keyword.internal.MobileKeywordMain.runKeyword(MobileKeywordMain.groovy:21)
	at com.kms.katalon.core.mobile.keyword.builtin.TapKeyword.tap(TapKeyword.groovy:86)
	at com.kms.katalon.core.mobile.keyword.builtin.TapKeyword.execute(TapKeyword.groovy:68)
	at com.kms.katalon.core.keyword.internal.KeywordExecutor.executeKeywordForPlatform(KeywordExecutor.groovy:72)
	at com.kms.katalon.core.mobile.keyword.MobileBuiltInKeywords.tap(MobileBuiltInKeywords.groovy:577)
	at com.kms.katalon.core.mobile.keyword.MobileBuiltInKeywords$tap$0.call(Unknown Source)
	at Nric Proxy.run(Nric Proxy:181)
	at com.kms.katalon.core.main.ScriptEngine.run(ScriptEngine.java:194)
	at com.kms.katalon.core.main.ScriptEngine.runScriptAsRawText(ScriptEngine.java:119)
	at com.kms.katalon.core.main.TestCaseExecutor.runScript(TestCaseExecutor.java:337)
	at com.kms.katalon.core.main.TestCaseExecutor.doExecute(TestCaseExecutor.java:328)
	at com.kms.katalon.core.main.TestCaseExecutor.processExecutionPhase(TestCaseExecutor.java:307)
	at com.kms.katalon.core.main.TestCaseExecutor.accessMainPhase(TestCaseExecutor.java:299)
	at com.kms.katalon.core.main.TestCaseExecutor.execute(TestCaseExecutor.java:233)
	at com.kms.katalon.core.main.TestSuiteExecutor.accessTestCaseMainPhase(TestSuiteExecutor.java:169)
	at com.kms.katalon.core.main.TestSuiteExecutor.accessTestSuiteMainPhase(TestSuiteExecutor.java:142)
	at com.kms.katalon.core.main.TestSuiteExecutor.execute(TestSuiteExecutor.java:91)
	at com.kms.katalon.core.main.TestCaseMain.startTestSuite(TestCaseMain.java:157)
	at com.kms.katalon.core.main.TestCaseMain$startTestSuite$0.call(Unknown Source)
	at TempTestSuite1596704385938.run(TempTestSuite1596704385938.groovy:36)]]></system-out>
      <system-err><![CDATA[2020-08-06 16:59:48 - [TEST_SUITE][FAILED] - UAT Test Suite: Test Cases/JINU/DuiTNow Drop 2/Nric Proxy FAILED.
Reason:
com.kms.katalon.core.exception.StepFailedException: Object Object Repository/Maya/Login/android.widget.TextView0 - Done setup not found
	at com.kms.katalon.core.keyword.internal.KeywordMain.stepFailed(KeywordMain.groovy:39)
	at com.kms.katalon.core.mobile.keyword.internal.MobileKeywordMain.stepFailed(MobileKeywordMain.groovy:40)
	at com.kms.katalon.core.mobile.keyword.builtin.TapKeyword$_tap_closure1.doCall(TapKeyword.groovy:79)
	at com.kms.katalon.core.mobile.keyword.builtin.TapKeyword$_tap_closure1.call(TapKeyword.groovy)
	at com.kms.katalon.core.mobile.keyword.internal.MobileKeywordMain.runKeyword(MobileKeywordMain.groovy:21)
	at com.kms.katalon.core.mobile.keyword.builtin.TapKeyword.tap(TapKeyword.groovy:86)
	at com.kms.katalon.core.mobile.keyword.builtin.TapKeyword.execute(TapKeyword.groovy:68)
	at com.kms.katalon.core.keyword.internal.KeywordExecutor.executeKeywordForPlatform(KeywordExecutor.groovy:72)
	at com.kms.katalon.core.mobile.keyword.MobileBuiltInKeywords.tap(MobileBuiltInKeywords.groovy:577)
	at com.kms.katalon.core.mobile.keyword.MobileBuiltInKeywords$tap$0.call(Unknown Source)
	at Nric Proxy.run(Nric Proxy:181)
	at com.kms.katalon.core.main.ScriptEngine.run(ScriptEngine.java:194)
	at com.kms.katalon.core.main.ScriptEngine.runScriptAsRawText(ScriptEngine.java:119)
	at com.kms.katalon.core.main.TestCaseExecutor.runScript(TestCaseExecutor.java:337)
	at com.kms.katalon.core.main.TestCaseExecutor.doExecute(TestCaseExecutor.java:328)
	at com.kms.katalon.core.main.TestCaseExecutor.processExecutionPhase(TestCaseExecutor.java:307)
	at com.kms.katalon.core.main.TestCaseExecutor.accessMainPhase(TestCaseExecutor.java:299)
	at com.kms.katalon.core.main.TestCaseExecutor.execute(TestCaseExecutor.java:233)
	at com.kms.katalon.core.main.TestSuiteExecutor.accessTestCaseMainPhase(TestSuiteExecutor.java:169)
	at com.kms.katalon.core.main.TestSuiteExecutor.accessTestSuiteMainPhase(TestSuiteExecutor.java:142)
	at com.kms.katalon.core.main.TestSuiteExecutor.execute(TestSuiteExecutor.java:91)
	at com.kms.katalon.core.main.TestCaseMain.startTestSuite(TestCaseMain.java:157)
	at com.kms.katalon.core.main.TestCaseMain$startTestSuite$0.call(Unknown Source)
	at TempTestSuite1596704385938.run(TempTestSuite1596704385938.groovy:36)]]></system-err>
   </testsuite>
</testsuites>
