<?xml version="1.0" encoding="UTF-8"?>
<testsuites name="UAT Test Suite" time="402.479" tests="1" failures="1" errors="0">
   <testsuite name="UAT Test Suite" tests="1" failures="1" errors="0" time="402.479" timestamp="2020-08-18 13:46:48" hostname="LENOVO - DESKTOP-CP3TV4N" id="Test Suites/Maya UAT/UAT Test Suite">
      <properties>
         <property name="deviceName" value="Xiaomi Redmi Note 7S (Android 9)"/>
         <property name="devicePlatform" value=""/>
         <property name="logFolder" value="C:\\Users\\LENOVO\\Git_new\\Maya\\Reports\\20200818_134645\\Maya UAT\\UAT Test Suite\\20200818_134645"/>
         <property name="logFiles" value="C:\\Users\\LENOVO\\Git_new\\Maya\\Reports\\20200818_134645\\Maya UAT\\UAT Test Suite\\20200818_134645\\appium.log, C:\\Users\\LENOVO\\Git_new\\Maya\\Reports\\20200818_134645\\Maya UAT\\UAT Test Suite\\20200818_134645\\execution0.log"/>
         <property name="attachments" value="C:\\Users\\LENOVO\\Screenshot\\Third Party\\Screenshot1, C:\\Users\\LENOVO\\Screenshot\\Third Party\\Screenshot2, C:\\Users\\LENOVO\\Screenshot\\Third Party\\Screenshot3, C:\\Users\\LENOVO\\Screenshot\\Third Party\\Screenshot4, C:\\Users\\LENOVO\\Screenshot\\Third Party\\Screenshot6, C:\\Users\\LENOVO\\Screenshot\\Third Party\\Screenshot7, C:\\Users\\LENOVO\\Screenshot\\Third Party\\Screenshot8, C:\\Users\\LENOVO\\Screenshot\\Third Party\\Screenshot9, C:\\Users\\LENOVO\\Screenshot\\Third Party Fav\\Passport.png, C:\\Users\\LENOVO\\Screenshot\\Third Party Fav\\PassAmount.png, C:\\Users\\LENOVO\\Screenshot\\Third Party Fav\\Enter ref.png, C:\\Users\\LENOVO\\Screenshot\\Third Party Fav\\ConfDuitNow.png, C:\\Users\\LENOVO\\Git_new\\Maya\\Reports\\20200818_134645\\Maya UAT\\UAT Test Suite\\20200818_134645\\1597729860586.png, C:\\Users\\LENOVO\\Screenshot\\Third Party Fav\\TransferSuccess.png, C:\\Users\\LENOVO\\Screenshot\\Third Party\\Screenshot17, C:\\Users\\LENOVO\\Screenshot\\Third Party\\Screenshot16, C:\\Users\\LENOVO\\Screenshot\\Third Party\\Screenshot23, C:\\Users\\LENOVO\\Screenshot\\Third Party\\Screenshot11, C:\\Users\\LENOVO\\Screenshot\\Third Party\\Screenshot12, C:\\Users\\LENOVO\\Screenshot\\Third Party\\Screenshot15, C:\\Users\\LENOVO\\Screenshot\\DuitNow\\Screen29.png, C:\\Users\\LENOVO\\Screenshot\\DuitNow\\Screen39.png"/>
         <property name="hostName" value="LENOVO - DESKTOP-CP3TV4N"/>
         <property name="os" value="Windows 10 64bit"/>
         <property name="appiumServerStatus" value="{\&quot;value\&quot;:{\&quot;build\&quot;:{\&quot;version\&quot;:\&quot;1.15.1\&quot;}},\&quot;sessionId\&quot;:null,\&quot;status\&quot;:0}"/>
         <property name="katalonVersion" value="7.2.7.1"/>
         <property name="deviceOS" value="Android"/>
         <property name="appiumVersion" value="1.15.1"/>
         <property name="deviceModel" value="Redmi Note 7S"/>
         <property name="hostAddress" value="127.0.0.1"/>
         <property name="deviceManufacturer" value="Xiaomi"/>
         <property name="deviceId" value="11cb9864"/>
         <property name="deviceName" value="Xiaomi Redmi Note 7S (Android 9)"/>
         <property name="deviceOSVersion" value="9"/>
      </properties>
      <testcase name="Test Cases/JINU/DuItNow/Transfer DuIt Now-Passport" time="400.01" classname="Test Cases/JINU/DuItNow/Transfer DuIt Now-Passport" status="FAILED">
         <failure type="FAILED" message="Test Cases/JINU/DuItNow/Transfer DuIt Now-Passport FAILED.
Reason:
com.kms.katalon.core.exception.StepFailedException: Element 'Object Repository/Maya/spy/android.widget.TextView0 - Your TAC no. is 822872v3' not found
	at com.kms.katalon.core.keyword.internal.KeywordMain.stepFailed(KeywordMain.groovy:39)
	at com.kms.katalon.core.mobile.keyword.internal.MobileKeywordMain.stepFailed(MobileKeywordMain.groovy:40)
	at com.kms.katalon.core.mobile.keyword.builtin.VerifyElementExistKeyword$_verifyElementExist_closure1.doCall(VerifyElementExistKeyword.groovy:77)
	at com.kms.katalon.core.mobile.keyword.builtin.VerifyElementExistKeyword$_verifyElementExist_closure1.call(VerifyElementExistKeyword.groovy)
	at com.kms.katalon.core.mobile.keyword.internal.MobileKeywordMain.runKeyword(MobileKeywordMain.groovy:21)
	at com.kms.katalon.core.mobile.keyword.builtin.VerifyElementExistKeyword.verifyElementExist(VerifyElementExistKeyword.groovy:80)
	at com.kms.katalon.core.mobile.keyword.builtin.VerifyElementExistKeyword.execute(VerifyElementExistKeyword.groovy:64)
	at com.kms.katalon.core.keyword.internal.KeywordExecutor.executeKeywordForPlatform(KeywordExecutor.groovy:72)
	at com.kms.katalon.core.mobile.keyword.MobileBuiltInKeywords.verifyElementExist(MobileBuiltInKeywords.groovy:809)
	at com.kms.katalon.core.mobile.keyword.MobileBuiltInKeywords$verifyElementExist$5.call(Unknown Source)
	at Transfer DuIt Now-Passport.run(Transfer DuIt Now-Passport:280)
	at com.kms.katalon.core.main.ScriptEngine.run(ScriptEngine.java:194)
	at com.kms.katalon.core.main.ScriptEngine.runScriptAsRawText(ScriptEngine.java:119)
	at com.kms.katalon.core.main.TestCaseExecutor.runScript(TestCaseExecutor.java:337)
	at com.kms.katalon.core.main.TestCaseExecutor.doExecute(TestCaseExecutor.java:328)
	at com.kms.katalon.core.main.TestCaseExecutor.processExecutionPhase(TestCaseExecutor.java:307)
	at com.kms.katalon.core.main.TestCaseExecutor.accessMainPhase(TestCaseExecutor.java:299)
	at com.kms.katalon.core.main.TestCaseExecutor.execute(TestCaseExecutor.java:233)
	at com.kms.katalon.core.main.TestSuiteExecutor.accessTestCaseMainPhase(TestSuiteExecutor.java:169)
	at com.kms.katalon.core.main.TestSuiteExecutor.accessTestSuiteMainPhase(TestSuiteExecutor.java:142)
	at com.kms.katalon.core.main.TestSuiteExecutor.execute(TestSuiteExecutor.java:91)
	at com.kms.katalon.core.main.TestCaseMain.startTestSuite(TestCaseMain.java:157)
	at com.kms.katalon.core.main.TestCaseMain$startTestSuite$0.call(Unknown Source)
	at TempTestSuite1597729605944.run(TempTestSuite1597729605944.groovy:36)
"/>
         <system-out><![CDATA[2020-08-18 13:46:49 - [TEST_CASE][FAILED] - Test Cases/JINU/DuItNow/Transfer DuIt Now-Passport: Test Cases/JINU/DuItNow/Transfer DuIt Now-Passport FAILED.
Reason:
com.kms.katalon.core.exception.StepFailedException: Element 'Object Repository/Maya/spy/android.widget.TextView0 - Your TAC no. is 822872v3' not found
	at com.kms.katalon.core.keyword.internal.KeywordMain.stepFailed(KeywordMain.groovy:39)
	at com.kms.katalon.core.mobile.keyword.internal.MobileKeywordMain.stepFailed(MobileKeywordMain.groovy:40)
	at com.kms.katalon.core.mobile.keyword.builtin.VerifyElementExistKeyword$_verifyElementExist_closure1.doCall(VerifyElementExistKeyword.groovy:77)
	at com.kms.katalon.core.mobile.keyword.builtin.VerifyElementExistKeyword$_verifyElementExist_closure1.call(VerifyElementExistKeyword.groovy)
	at com.kms.katalon.core.mobile.keyword.internal.MobileKeywordMain.runKeyword(MobileKeywordMain.groovy:21)
	at com.kms.katalon.core.mobile.keyword.builtin.VerifyElementExistKeyword.verifyElementExist(VerifyElementExistKeyword.groovy:80)
	at com.kms.katalon.core.mobile.keyword.builtin.VerifyElementExistKeyword.execute(VerifyElementExistKeyword.groovy:64)
	at com.kms.katalon.core.keyword.internal.KeywordExecutor.executeKeywordForPlatform(KeywordExecutor.groovy:72)
	at com.kms.katalon.core.mobile.keyword.MobileBuiltInKeywords.verifyElementExist(MobileBuiltInKeywords.groovy:809)
	at com.kms.katalon.core.mobile.keyword.MobileBuiltInKeywords$verifyElementExist$5.call(Unknown Source)
	at Transfer DuIt Now-Passport.run(Transfer DuIt Now-Passport:280)
	at com.kms.katalon.core.main.ScriptEngine.run(ScriptEngine.java:194)
	at com.kms.katalon.core.main.ScriptEngine.runScriptAsRawText(ScriptEngine.java:119)
	at com.kms.katalon.core.main.TestCaseExecutor.runScript(TestCaseExecutor.java:337)
	at com.kms.katalon.core.main.TestCaseExecutor.doExecute(TestCaseExecutor.java:328)
	at com.kms.katalon.core.main.TestCaseExecutor.processExecutionPhase(TestCaseExecutor.java:307)
	at com.kms.katalon.core.main.TestCaseExecutor.accessMainPhase(TestCaseExecutor.java:299)
	at com.kms.katalon.core.main.TestCaseExecutor.execute(TestCaseExecutor.java:233)
	at com.kms.katalon.core.main.TestSuiteExecutor.accessTestCaseMainPhase(TestSuiteExecutor.java:169)
	at com.kms.katalon.core.main.TestSuiteExecutor.accessTestSuiteMainPhase(TestSuiteExecutor.java:142)
	at com.kms.katalon.core.main.TestSuiteExecutor.execute(TestSuiteExecutor.java:91)
	at com.kms.katalon.core.main.TestCaseMain.startTestSuite(TestCaseMain.java:157)
	at com.kms.katalon.core.main.TestCaseMain$startTestSuite$0.call(Unknown Source)
	at TempTestSuite1597729605944.run(TempTestSuite1597729605944.groovy:36)


2020-08-18 13:46:49 - [TEST_STEP][PASSED] - startApplication("C:\Users\LENOVO\Katalon Studio\app-uat-universal-release.apk", false): Started app at: 'C:\Users\LENOVO\Katalon Studio\app-uat-universal-release.apk'

2020-08-18 13:46:50 - [MESSAGE][INFO] - User set preference: ['appWaitActivity', '*']

2020-08-18 13:46:50 - [MESSAGE][INFO] - User set preference: ['appWaitPackage', 'com.maybank2u.life.uat']

2020-08-18 13:46:50 - [MESSAGE][INFO] - User set preference: ['appWaitDuration', '50,000']

2020-08-18 13:46:50 - [MESSAGE][INFO] - User set preference: ['deviceId', '11cb9864']

2020-08-18 13:46:52 - [MESSAGE][INFO] - Appium server started on port 52,417

2020-08-18 13:47:12 - [MESSAGE][PASSED] - Started app at: 'C:\Users\LENOVO\Katalon Studio\app-uat-universal-release.apk'

2020-08-18 13:47:12 - [TEST_STEP][PASSED] - delay(10, CONTINUE_ON_FAILURE): Delayed 10 second(s)

2020-08-18 13:47:22 - [MESSAGE][PASSED] - Delayed 10 second(s)

2020-08-18 13:47:22 - [TEST_STEP][PASSED] - tap(findTestObject("Maya/New_Transfer/android.widget.TextView0 - Transfer (1)"), 5): Tapped on element 'Object Repository/Maya/New_Transfer/android.widget.TextView0 - Transfer (1)'

2020-08-18 13:47:27 - [MESSAGE][PASSED] - Tapped on element 'Object Repository/Maya/New_Transfer/android.widget.TextView0 - Transfer (1)'

2020-08-18 13:47:27 - [TEST_STEP][PASSED] - delay(2, CONTINUE_ON_FAILURE): Delayed 2 second(s)

2020-08-18 13:47:29 - [MESSAGE][PASSED] - Delayed 2 second(s)

2020-08-18 13:47:29 - [TEST_STEP][PASSED] - takeScreenshot("C:\Users\LENOVO\Screenshot\Third Party\Screenshot1", STOP_ON_FAILURE): Screenshot is taken

2020-08-18 13:47:31 - [MESSAGE][PASSED] - Screenshot is taken
[[ATTACHMENT|C:\\Users\\LENOVO\\Screenshot\\Third Party\\Screenshot1]]

2020-08-18 13:47:31 - [TEST_STEP][PASSED] - tap(findTestObject("Maya/duitnow/android.widget.EditText0"), 0): Tapped on element 'Object Repository/Maya/duitnow/android.widget.EditText0'

2020-08-18 13:47:31 - [MESSAGE][WARNING] - Timeout '0' is invalid. Using default page load timeout: '10'

2020-08-18 13:47:34 - [MESSAGE][PASSED] - Tapped on element 'Object Repository/Maya/duitnow/android.widget.EditText0'

2020-08-18 13:47:34 - [TEST_STEP][PASSED] - setText(findTestObject("Maya/duitnow/android.widget.EditText0"), "pass1234", 0): Text 'pass1234' has been set to element 'Object Repository/Maya/duitnow/android.widget.EditText0'

2020-08-18 13:47:34 - [MESSAGE][WARNING] - Timeout '0' is invalid. Using default page load timeout: '10'

2020-08-18 13:47:35 - [MESSAGE][PASSED] - Text 'pass1234' has been set to element 'Object Repository/Maya/duitnow/android.widget.EditText0'

2020-08-18 13:47:35 - [TEST_STEP][PASSED] - driver = getDriver(): null

2020-08-18 13:47:35 - [TEST_STEP][PASSED] - driver.pressKeyCode(ENTER): null

2020-08-18 13:47:36 - [TEST_STEP][PASSED] - delay(5, STOP_ON_FAILURE): Delayed 5 second(s)

2020-08-18 13:47:41 - [MESSAGE][PASSED] - Delayed 5 second(s)

2020-08-18 13:47:41 - [TEST_STEP][PASSED] - delay(2, CONTINUE_ON_FAILURE): Delayed 2 second(s)

2020-08-18 13:47:43 - [MESSAGE][PASSED] - Delayed 2 second(s)

2020-08-18 13:47:43 - [TEST_STEP][PASSED] - takeScreenshot("C:\Users\LENOVO\Screenshot\Third Party\Screenshot2", STOP_ON_FAILURE): Screenshot is taken

2020-08-18 13:47:44 - [MESSAGE][PASSED] - Screenshot is taken
[[ATTACHMENT|C:\\Users\\LENOVO\\Screenshot\\Third Party\\Screenshot2]]

2020-08-18 13:47:44 - [TEST_STEP][PASSED] - tapAndHoldAtPosition(627, 376, 2): Tapped and held at [627, 376] with duration 2

2020-08-18 13:47:47 - [MESSAGE][PASSED] - Tapped and held at [627, 376] with duration 2

2020-08-18 13:47:47 - [TEST_STEP][PASSED] - delay(2, STOP_ON_FAILURE): Delayed 2 second(s)

2020-08-18 13:47:49 - [MESSAGE][PASSED] - Delayed 2 second(s)

2020-08-18 13:47:49 - [TEST_STEP][PASSED] - tapAndHoldAtPosition(451, 727, 2): Tapped and held at [451, 727] with duration 2

2020-08-18 13:47:53 - [MESSAGE][PASSED] - Tapped and held at [451, 727] with duration 2

2020-08-18 13:47:53 - [TEST_STEP][PASSED] - getText(findTestObject("Maya/RegisterDuitNow/android.widget.TextView0 - DuitNow (2)"), 0): Text of element 'Object Repository/Maya/RegisterDuitNow/android.widget.TextView0 - DuitNow (2)' is: 'DuitNow'

2020-08-18 13:47:53 - [MESSAGE][WARNING] - Timeout '0' is invalid. Using default page load timeout: '10'

2020-08-18 13:47:54 - [MESSAGE][PASSED] - Text of element 'Object Repository/Maya/RegisterDuitNow/android.widget.TextView0 - DuitNow (2)' is: 'DuitNow'

2020-08-18 13:47:54 - [TEST_STEP][PASSED] - verifyElementExist(findTestObject("Maya/RegisterDuitNow/android.widget.TextView0 - DuitNow (2)"), 0): Element 'Object Repository/Maya/RegisterDuitNow/android.widget.TextView0 - DuitNow (2)' is exist

2020-08-18 13:47:54 - [MESSAGE][WARNING] - Timeout '0' is invalid. Using default page load timeout: '10'

2020-08-18 13:47:55 - [MESSAGE][PASSED] - Element 'Object Repository/Maya/RegisterDuitNow/android.widget.TextView0 - DuitNow (2)' is exist

2020-08-18 13:47:55 - [TEST_STEP][PASSED] - delay(2, CONTINUE_ON_FAILURE): Delayed 2 second(s)

2020-08-18 13:47:57 - [MESSAGE][PASSED] - Delayed 2 second(s)

2020-08-18 13:47:57 - [TEST_STEP][PASSED] - takeScreenshot("C:\Users\LENOVO\Screenshot\Third Party\Screenshot3", STOP_ON_FAILURE): Screenshot is taken

2020-08-18 13:47:58 - [MESSAGE][PASSED] - Screenshot is taken
[[ATTACHMENT|C:\\Users\\LENOVO\\Screenshot\\Third Party\\Screenshot3]]

2020-08-18 13:47:58 - [TEST_STEP][PASSED] - getText(findTestObject("Maya/RegisterDuitNow/android.widget.TextView0 - ID type"), 0): Text of element 'Object Repository/Maya/RegisterDuitNow/android.widget.TextView0 - ID type' is: 'ID type'

2020-08-18 13:47:58 - [MESSAGE][WARNING] - Timeout '0' is invalid. Using default page load timeout: '10'

2020-08-18 13:47:59 - [MESSAGE][PASSED] - Text of element 'Object Repository/Maya/RegisterDuitNow/android.widget.TextView0 - ID type' is: 'ID type'

2020-08-18 13:47:59 - [TEST_STEP][PASSED] - verifyElementExist(findTestObject("Maya/RegisterDuitNow/android.widget.TextView0 - ID type"), 0): Element 'Object Repository/Maya/RegisterDuitNow/android.widget.TextView0 - ID type' is exist

2020-08-18 13:47:59 - [MESSAGE][WARNING] - Timeout '0' is invalid. Using default page load timeout: '10'

2020-08-18 13:47:59 - [MESSAGE][PASSED] - Element 'Object Repository/Maya/RegisterDuitNow/android.widget.TextView0 - ID type' is exist

2020-08-18 13:47:59 - [TEST_STEP][PASSED] - tap(findTestObject("Maya/RegisterDuitNow/android.widget.ImageView0 (2)"), 0): Tapped on element 'Object Repository/Maya/RegisterDuitNow/android.widget.ImageView0 (2)'

2020-08-18 13:47:59 - [MESSAGE][WARNING] - Timeout '0' is invalid. Using default page load timeout: '10'

2020-08-18 13:48:01 - [MESSAGE][PASSED] - Tapped on element 'Object Repository/Maya/RegisterDuitNow/android.widget.ImageView0 (2)'

2020-08-18 13:48:01 - [TEST_STEP][PASSED] - delay(3, CONTINUE_ON_FAILURE): Delayed 3 second(s)

2020-08-18 13:48:04 - [MESSAGE][PASSED] - Delayed 3 second(s)

2020-08-18 13:48:04 - [TEST_STEP][PASSED] - swipe(592, 1887, 607, 1657): Swiped from 592,1,887 to 607,1,657

2020-08-18 13:48:05 - [MESSAGE][PASSED] - Swiped from 592,1,887 to 607,1,657

2020-08-18 13:48:05 - [TEST_STEP][PASSED] - delay(2, STOP_ON_FAILURE): Delayed 2 second(s)

2020-08-18 13:48:07 - [MESSAGE][PASSED] - Delayed 2 second(s)

2020-08-18 13:48:07 - [TEST_STEP][PASSED] - tap(findTestObject("Maya/NRIC Passport/Pssport-Done"), 0, CONTINUE_ON_FAILURE): Tapped on element 'Object Repository/Maya/NRIC Passport/Pssport-Done'

2020-08-18 13:48:07 - [MESSAGE][WARNING] - Timeout '0' is invalid. Using default page load timeout: '10'

2020-08-18 13:48:09 - [MESSAGE][PASSED] - Tapped on element 'Object Repository/Maya/NRIC Passport/Pssport-Done'

2020-08-18 13:48:09 - [TEST_STEP][PASSED] - getText(findTestObject("Maya/RegisterDuitNow/android.widget.TextView0 - ID type (3)"), 0): Text of element 'Object Repository/Maya/RegisterDuitNow/android.widget.TextView0 - ID type (3)' is: 'ID type'

2020-08-18 13:48:10 - [MESSAGE][WARNING] - Timeout '0' is invalid. Using default page load timeout: '10'

2020-08-18 13:48:10 - [MESSAGE][PASSED] - Text of element 'Object Repository/Maya/RegisterDuitNow/android.widget.TextView0 - ID type (3)' is: 'ID type'

2020-08-18 13:48:10 - [TEST_STEP][PASSED] - getText(findTestObject("Maya/RegisterDuitNow/android.widget.TextView0 - Passport Number (5)"), 0): Text of element 'Object Repository/Maya/RegisterDuitNow/android.widget.TextView0 - Passport Number (5)' is: 'Passport Number'

2020-08-18 13:48:10 - [MESSAGE][WARNING] - Timeout '0' is invalid. Using default page load timeout: '10'

2020-08-18 13:48:10 - [MESSAGE][PASSED] - Text of element 'Object Repository/Maya/RegisterDuitNow/android.widget.TextView0 - Passport Number (5)' is: 'Passport Number'

2020-08-18 13:48:10 - [TEST_STEP][PASSED] - getText(findTestObject("Maya/RegisterDuitNow/android.widget.TextView0 - Passport Number (6)"), 0): Text of element 'Object Repository/Maya/RegisterDuitNow/android.widget.TextView0 - Passport Number (6)' is: 'Passport Number'

2020-08-18 13:48:10 - [MESSAGE][WARNING] - Timeout '0' is invalid. Using default page load timeout: '10'

2020-08-18 13:48:11 - [MESSAGE][PASSED] - Text of element 'Object Repository/Maya/RegisterDuitNow/android.widget.TextView0 - Passport Number (6)' is: 'Passport Number'

2020-08-18 13:48:11 - [TEST_STEP][PASSED] - delay(2, CONTINUE_ON_FAILURE): Delayed 2 second(s)

2020-08-18 13:48:13 - [MESSAGE][PASSED] - Delayed 2 second(s)

2020-08-18 13:48:13 - [TEST_STEP][PASSED] - takeScreenshot("C:\Users\LENOVO\Screenshot\Third Party\Screenshot4", STOP_ON_FAILURE): Screenshot is taken

2020-08-18 13:48:13 - [MESSAGE][PASSED] - Screenshot is taken
[[ATTACHMENT|C:\\Users\\LENOVO\\Screenshot\\Third Party\\Screenshot4]]

2020-08-18 13:48:13 - [TEST_STEP][PASSED] - getText(findTestObject("Maya/RegisterDuitNow/android.widget.TextView0 - Issuing Country"), 0): Text of element 'Object Repository/Maya/RegisterDuitNow/android.widget.TextView0 - Issuing Country' is: 'Issuing Country'

2020-08-18 13:48:13 - [MESSAGE][WARNING] - Timeout '0' is invalid. Using default page load timeout: '10'

2020-08-18 13:48:14 - [MESSAGE][PASSED] - Text of element 'Object Repository/Maya/RegisterDuitNow/android.widget.TextView0 - Issuing Country' is: 'Issuing Country'

2020-08-18 13:48:14 - [TEST_STEP][PASSED] - getText(findTestObject("Maya/RegisterDuitNow/android.widget.TextView0 - Select Country"), 0): Text of element 'Object Repository/Maya/RegisterDuitNow/android.widget.TextView0 - Select Country' is: 'Select Country'

2020-08-18 13:48:14 - [MESSAGE][WARNING] - Timeout '0' is invalid. Using default page load timeout: '10'

2020-08-18 13:48:14 - [MESSAGE][PASSED] - Text of element 'Object Repository/Maya/RegisterDuitNow/android.widget.TextView0 - Select Country' is: 'Select Country'

2020-08-18 13:48:14 - [TEST_STEP][PASSED] - tap(findTestObject("Maya/NRIC Passport/android.widget.EditText0 - Enter passport number"), 0): Tapped on element 'Object Repository/Maya/NRIC Passport/android.widget.EditText0 - Enter passport number'

2020-08-18 13:48:14 - [MESSAGE][WARNING] - Timeout '0' is invalid. Using default page load timeout: '10'

2020-08-18 13:48:18 - [MESSAGE][PASSED] - Tapped on element 'Object Repository/Maya/NRIC Passport/android.widget.EditText0 - Enter passport number'

2020-08-18 13:48:18 - [TEST_STEP][PASSED] - driver.pressKeyCode(ENTER): null

2020-08-18 13:48:18 - [TEST_STEP][PASSED] - verifyElementExist(findTestObject("Maya/NRICduitnow/android.widget.TextView0 - Please enter valid transfer details."), 0, CONTINUE_ON_FAILURE): Element 'Object Repository/Maya/NRICduitnow/android.widget.TextView0 - Please enter valid transfer details.' is exist

2020-08-18 13:48:18 - [MESSAGE][WARNING] - Timeout '0' is invalid. Using default page load timeout: '10'

2020-08-18 13:48:19 - [MESSAGE][PASSED] - Element 'Object Repository/Maya/NRICduitnow/android.widget.TextView0 - Please enter valid transfer details.' is exist

2020-08-18 13:48:19 - [TEST_STEP][PASSED] - delay(2, CONTINUE_ON_FAILURE): Delayed 2 second(s)

2020-08-18 13:48:21 - [MESSAGE][PASSED] - Delayed 2 second(s)

2020-08-18 13:48:21 - [TEST_STEP][PASSED] - takeScreenshot("C:\Users\LENOVO\Screenshot\Third Party\Screenshot6", STOP_ON_FAILURE): Screenshot is taken

2020-08-18 13:48:22 - [MESSAGE][PASSED] - Screenshot is taken
[[ATTACHMENT|C:\\Users\\LENOVO\\Screenshot\\Third Party\\Screenshot6]]

2020-08-18 13:48:22 - [TEST_STEP][PASSED] - tap(findTestObject("Maya/NRIC Passport/android.widget.EditText0 - Enter passport number"), 0): Tapped on element 'Object Repository/Maya/NRIC Passport/android.widget.EditText0 - Enter passport number'

2020-08-18 13:48:22 - [MESSAGE][WARNING] - Timeout '0' is invalid. Using default page load timeout: '10'

2020-08-18 13:48:24 - [MESSAGE][PASSED] - Tapped on element 'Object Repository/Maya/NRIC Passport/android.widget.EditText0 - Enter passport number'

2020-08-18 13:48:24 - [TEST_STEP][PASSED] - setText(findTestObject("Maya/NRIC Passport/android.widget.EditText0 - Enter passport number"), "ABCDEFG", 0): Text 'ABCDEFG' has been set to element 'Object Repository/Maya/NRIC Passport/android.widget.EditText0 - Enter passport number'

2020-08-18 13:48:24 - [MESSAGE][WARNING] - Timeout '0' is invalid. Using default page load timeout: '10'

2020-08-18 13:48:26 - [MESSAGE][PASSED] - Text 'ABCDEFG' has been set to element 'Object Repository/Maya/NRIC Passport/android.widget.EditText0 - Enter passport number'

2020-08-18 13:48:26 - [TEST_STEP][PASSED] - driver.pressKeyCode(ENTER): null

2020-08-18 13:48:27 - [TEST_STEP][PASSED] - tap(findTestObject("Maya/NRIC Passport/android.widget.TextView0 - Continue"), 0): Tapped on element 'Object Repository/Maya/NRIC Passport/android.widget.TextView0 - Continue'

2020-08-18 13:48:27 - [MESSAGE][WARNING] - Timeout '0' is invalid. Using default page load timeout: '10'

2020-08-18 13:48:28 - [MESSAGE][PASSED] - Tapped on element 'Object Repository/Maya/NRIC Passport/android.widget.TextView0 - Continue'

2020-08-18 13:48:28 - [TEST_STEP][PASSED] - verifyElementExist(findTestObject("Maya/NRIC Passport/android.widget.TextView0 - Please select a country"), 0, CONTINUE_ON_FAILURE): Element 'Object Repository/Maya/NRIC Passport/android.widget.TextView0 - Please select a country' is exist

2020-08-18 13:48:28 - [MESSAGE][WARNING] - Timeout '0' is invalid. Using default page load timeout: '10'

2020-08-18 13:48:28 - [MESSAGE][PASSED] - Element 'Object Repository/Maya/NRIC Passport/android.widget.TextView0 - Please select a country' is exist

2020-08-18 13:48:28 - [TEST_STEP][PASSED] - delay(2, CONTINUE_ON_FAILURE): Delayed 2 second(s)

2020-08-18 13:48:30 - [MESSAGE][PASSED] - Delayed 2 second(s)

2020-08-18 13:48:30 - [TEST_STEP][PASSED] - takeScreenshot("C:\Users\LENOVO\Screenshot\Third Party\Screenshot7", STOP_ON_FAILURE): Screenshot is taken

2020-08-18 13:48:31 - [MESSAGE][PASSED] - Screenshot is taken
[[ATTACHMENT|C:\\Users\\LENOVO\\Screenshot\\Third Party\\Screenshot7]]

2020-08-18 13:48:31 - [TEST_STEP][NOT_RUN] - tap(findTestObject("Maya/RegisterDuitNow/android.widget.ImageView0 (7)"), 0): NOT_RUN: tap(findTestObject("Maya/RegisterDuitNow/android.widget.ImageView0 (7)"), 0)

2020-08-18 13:48:31 - [MESSAGE][NOT_RUN] - NOT_RUN: tap(findTestObject("Maya/RegisterDuitNow/android.widget.ImageView0 (7)"), 0)

2020-08-18 13:48:31 - [TEST_STEP][PASSED] - tap(findTestObject("Maya/RegisterDuitNow/android.widget.TextView0 - Done (6)"), 0): Tapped on element 'Object Repository/Maya/RegisterDuitNow/android.widget.TextView0 - Done (6)'

2020-08-18 13:48:31 - [MESSAGE][WARNING] - Timeout '0' is invalid. Using default page load timeout: '10'

2020-08-18 13:48:41 - [MESSAGE][PASSED] - Tapped on element 'Object Repository/Maya/RegisterDuitNow/android.widget.TextView0 - Done (6)'

2020-08-18 13:48:41 - [TEST_STEP][PASSED] - tap(findTestObject("Maya/NRIC Passport/android.widget.TextView0 - Continue"), 0): Tapped on element 'Object Repository/Maya/NRIC Passport/android.widget.TextView0 - Continue'

2020-08-18 13:48:41 - [MESSAGE][WARNING] - Timeout '0' is invalid. Using default page load timeout: '10'

2020-08-18 13:48:42 - [MESSAGE][PASSED] - Tapped on element 'Object Repository/Maya/NRIC Passport/android.widget.TextView0 - Continue'

2020-08-18 13:48:42 - [TEST_STEP][PASSED] - verifyElementExist(findTestObject("Maya/NRICduitnow/android.widget.TextView0 - The DuitNow ID entered is not valid."), 0, CONTINUE_ON_FAILURE): Element 'Object Repository/Maya/NRICduitnow/android.widget.TextView0 - The DuitNow ID entered is not valid.' is exist

2020-08-18 13:48:42 - [MESSAGE][WARNING] - Timeout '0' is invalid. Using default page load timeout: '10'

2020-08-18 13:48:43 - [MESSAGE][PASSED] - Element 'Object Repository/Maya/NRICduitnow/android.widget.TextView0 - The DuitNow ID entered is not valid.' is exist

2020-08-18 13:48:43 - [TEST_STEP][PASSED] - delay(2, CONTINUE_ON_FAILURE): Delayed 2 second(s)

2020-08-18 13:48:45 - [MESSAGE][PASSED] - Delayed 2 second(s)

2020-08-18 13:48:45 - [TEST_STEP][PASSED] - takeScreenshot("C:\Users\LENOVO\Screenshot\Third Party\Screenshot8", STOP_ON_FAILURE): Screenshot is taken

2020-08-18 13:48:46 - [MESSAGE][PASSED] - Screenshot is taken
[[ATTACHMENT|C:\\Users\\LENOVO\\Screenshot\\Third Party\\Screenshot8]]

2020-08-18 13:48:46 - [TEST_STEP][NOT_RUN] - getText(findTestObject("Maya/NRIC Passport/android.widget.TextView0 - Please select a country"), 0): NOT_RUN: getText(findTestObject("Maya/NRIC Passport/android.widget.TextView0 - Please select a country"), 0)

2020-08-18 13:48:46 - [MESSAGE][NOT_RUN] - NOT_RUN: getText(findTestObject("Maya/NRIC Passport/android.widget.TextView0 - Please select a country"), 0)

2020-08-18 13:48:46 - [TEST_STEP][PASSED] - tap(findTestObject("Maya/NRICduitnow/nric back"), 0): Tapped on element 'Object Repository/Maya/NRICduitnow/nric back'

2020-08-18 13:48:46 - [MESSAGE][WARNING] - Timeout '0' is invalid. Using default page load timeout: '10'

2020-08-18 13:48:57 - [MESSAGE][PASSED] - Tapped on element 'Object Repository/Maya/NRICduitnow/nric back'

2020-08-18 13:48:57 - [TEST_STEP][PASSED] - delay(5, STOP_ON_FAILURE): Delayed 5 second(s)

2020-08-18 13:49:02 - [MESSAGE][PASSED] - Delayed 5 second(s)

2020-08-18 13:49:02 - [TEST_STEP][PASSED] - tapAndHoldAtPosition(627, 376, 2): Tapped and held at [627, 376] with duration 2

2020-08-18 13:49:05 - [MESSAGE][PASSED] - Tapped and held at [627, 376] with duration 2

2020-08-18 13:49:05 - [TEST_STEP][PASSED] - delay(2, STOP_ON_FAILURE): Delayed 2 second(s)

2020-08-18 13:49:07 - [MESSAGE][PASSED] - Delayed 2 second(s)

2020-08-18 13:49:07 - [TEST_STEP][PASSED] - tapAndHoldAtPosition(451, 727, 2): Tapped and held at [451, 727] with duration 2

2020-08-18 13:49:11 - [MESSAGE][PASSED] - Tapped and held at [451, 727] with duration 2

2020-08-18 13:49:11 - [TEST_STEP][PASSED] - getText(findTestObject("Maya/RegisterDuitNow/android.widget.TextView0 - DuitNow (2)"), 0): Text of element 'Object Repository/Maya/RegisterDuitNow/android.widget.TextView0 - DuitNow (2)' is: 'DuitNow'

2020-08-18 13:49:11 - [MESSAGE][WARNING] - Timeout '0' is invalid. Using default page load timeout: '10'

2020-08-18 13:49:12 - [MESSAGE][PASSED] - Text of element 'Object Repository/Maya/RegisterDuitNow/android.widget.TextView0 - DuitNow (2)' is: 'DuitNow'

2020-08-18 13:49:12 - [TEST_STEP][PASSED] - verifyElementExist(findTestObject("Maya/RegisterDuitNow/android.widget.TextView0 - DuitNow (2)"), 0): Element 'Object Repository/Maya/RegisterDuitNow/android.widget.TextView0 - DuitNow (2)' is exist

2020-08-18 13:49:12 - [MESSAGE][WARNING] - Timeout '0' is invalid. Using default page load timeout: '10'

2020-08-18 13:49:12 - [MESSAGE][PASSED] - Element 'Object Repository/Maya/RegisterDuitNow/android.widget.TextView0 - DuitNow (2)' is exist

2020-08-18 13:49:12 - [TEST_STEP][PASSED] - getText(findTestObject("Maya/RegisterDuitNow/android.widget.TextView0 - ID type"), 0): Text of element 'Object Repository/Maya/RegisterDuitNow/android.widget.TextView0 - ID type' is: 'ID type'

2020-08-18 13:49:12 - [MESSAGE][WARNING] - Timeout '0' is invalid. Using default page load timeout: '10'

2020-08-18 13:49:12 - [MESSAGE][PASSED] - Text of element 'Object Repository/Maya/RegisterDuitNow/android.widget.TextView0 - ID type' is: 'ID type'

2020-08-18 13:49:12 - [TEST_STEP][PASSED] - delay(2, CONTINUE_ON_FAILURE): Delayed 2 second(s)

2020-08-18 13:49:14 - [MESSAGE][PASSED] - Delayed 2 second(s)

2020-08-18 13:49:14 - [TEST_STEP][PASSED] - takeScreenshot("C:\Users\LENOVO\Screenshot\Third Party\Screenshot9", STOP_ON_FAILURE): Screenshot is taken

2020-08-18 13:49:15 - [MESSAGE][PASSED] - Screenshot is taken
[[ATTACHMENT|C:\\Users\\LENOVO\\Screenshot\\Third Party\\Screenshot9]]

2020-08-18 13:49:15 - [TEST_STEP][PASSED] - verifyElementExist(findTestObject("Maya/RegisterDuitNow/android.widget.TextView0 - ID type"), 0): Element 'Object Repository/Maya/RegisterDuitNow/android.widget.TextView0 - ID type' is exist

2020-08-18 13:49:15 - [MESSAGE][WARNING] - Timeout '0' is invalid. Using default page load timeout: '10'

2020-08-18 13:49:15 - [MESSAGE][PASSED] - Element 'Object Repository/Maya/RegisterDuitNow/android.widget.TextView0 - ID type' is exist

2020-08-18 13:49:15 - [TEST_STEP][PASSED] - tap(findTestObject("Maya/RegisterDuitNow/android.widget.ImageView0 (2)"), 0): Tapped on element 'Object Repository/Maya/RegisterDuitNow/android.widget.ImageView0 (2)'

2020-08-18 13:49:15 - [MESSAGE][WARNING] - Timeout '0' is invalid. Using default page load timeout: '10'

2020-08-18 13:49:16 - [MESSAGE][PASSED] - Tapped on element 'Object Repository/Maya/RegisterDuitNow/android.widget.ImageView0 (2)'

2020-08-18 13:49:16 - [TEST_STEP][PASSED] - delay(3, CONTINUE_ON_FAILURE): Delayed 3 second(s)

2020-08-18 13:49:19 - [MESSAGE][PASSED] - Delayed 3 second(s)

2020-08-18 13:49:19 - [TEST_STEP][PASSED] - swipe(592, 1887, 607, 1657): Swiped from 592,1,887 to 607,1,657

2020-08-18 13:49:20 - [MESSAGE][PASSED] - Swiped from 592,1,887 to 607,1,657

2020-08-18 13:49:20 - [TEST_STEP][PASSED] - delay(2, STOP_ON_FAILURE): Delayed 2 second(s)

2020-08-18 13:49:22 - [MESSAGE][PASSED] - Delayed 2 second(s)

2020-08-18 13:49:22 - [TEST_STEP][PASSED] - tap(findTestObject("Maya/NRIC Passport/Pssport-Done"), 0, CONTINUE_ON_FAILURE): Tapped on element 'Object Repository/Maya/NRIC Passport/Pssport-Done'

2020-08-18 13:49:22 - [MESSAGE][WARNING] - Timeout '0' is invalid. Using default page load timeout: '10'

2020-08-18 13:49:24 - [MESSAGE][PASSED] - Tapped on element 'Object Repository/Maya/NRIC Passport/Pssport-Done'

2020-08-18 13:49:24 - [TEST_STEP][PASSED] - getText(findTestObject("Maya/RegisterDuitNow/android.widget.TextView0 - ID type (3)"), 0): Text of element 'Object Repository/Maya/RegisterDuitNow/android.widget.TextView0 - ID type (3)' is: 'ID type'

2020-08-18 13:49:24 - [MESSAGE][WARNING] - Timeout '0' is invalid. Using default page load timeout: '10'

2020-08-18 13:49:25 - [MESSAGE][PASSED] - Text of element 'Object Repository/Maya/RegisterDuitNow/android.widget.TextView0 - ID type (3)' is: 'ID type'

2020-08-18 13:49:25 - [TEST_STEP][PASSED] - verifyElementExist(findTestObject("Maya/RegisterDuitNow/android.widget.TextView0 - ID type (3)"), 0): Element 'Object Repository/Maya/RegisterDuitNow/android.widget.TextView0 - ID type (3)' is exist

2020-08-18 13:49:25 - [MESSAGE][WARNING] - Timeout '0' is invalid. Using default page load timeout: '10'

2020-08-18 13:49:26 - [MESSAGE][PASSED] - Element 'Object Repository/Maya/RegisterDuitNow/android.widget.TextView0 - ID type (3)' is exist

2020-08-18 13:49:26 - [TEST_STEP][PASSED] - getText(findTestObject("Maya/RegisterDuitNow/android.widget.TextView0 - Passport Number (5)"), 0): Text of element 'Object Repository/Maya/RegisterDuitNow/android.widget.TextView0 - Passport Number (5)' is: 'Passport Number'

2020-08-18 13:49:26 - [MESSAGE][WARNING] - Timeout '0' is invalid. Using default page load timeout: '10'

2020-08-18 13:49:26 - [MESSAGE][PASSED] - Text of element 'Object Repository/Maya/RegisterDuitNow/android.widget.TextView0 - Passport Number (5)' is: 'Passport Number'

2020-08-18 13:49:26 - [TEST_STEP][PASSED] - verifyElementExist(findTestObject("Maya/RegisterDuitNow/android.widget.TextView0 - Passport Number (5)"), 0): Element 'Object Repository/Maya/RegisterDuitNow/android.widget.TextView0 - Passport Number (5)' is exist

2020-08-18 13:49:26 - [MESSAGE][WARNING] - Timeout '0' is invalid. Using default page load timeout: '10'

2020-08-18 13:49:26 - [MESSAGE][PASSED] - Element 'Object Repository/Maya/RegisterDuitNow/android.widget.TextView0 - Passport Number (5)' is exist

2020-08-18 13:49:26 - [TEST_STEP][NOT_RUN] - getText(findTestObject("Maya/RegisterDuitNow/android.widget.TextView0 - Passport Number (6)"), 0): NOT_RUN: getText(findTestObject("Maya/RegisterDuitNow/android.widget.TextView0 - Passport Number (6)"), 0)

2020-08-18 13:49:26 - [MESSAGE][NOT_RUN] - NOT_RUN: getText(findTestObject("Maya/RegisterDuitNow/android.widget.TextView0 - Passport Number (6)"), 0)

2020-08-18 13:49:26 - [TEST_STEP][PASSED] - getText(findTestObject("Maya/RegisterDuitNow/android.widget.TextView0 - Issuing Country"), 0): Text of element 'Object Repository/Maya/RegisterDuitNow/android.widget.TextView0 - Issuing Country' is: 'Issuing Country'

2020-08-18 13:49:26 - [MESSAGE][WARNING] - Timeout '0' is invalid. Using default page load timeout: '10'

2020-08-18 13:49:26 - [MESSAGE][PASSED] - Text of element 'Object Repository/Maya/RegisterDuitNow/android.widget.TextView0 - Issuing Country' is: 'Issuing Country'

2020-08-18 13:49:26 - [TEST_STEP][PASSED] - verifyElementExist(findTestObject("Maya/RegisterDuitNow/android.widget.TextView0 - Issuing Country"), 0): Element 'Object Repository/Maya/RegisterDuitNow/android.widget.TextView0 - Issuing Country' is exist

2020-08-18 13:49:26 - [MESSAGE][WARNING] - Timeout '0' is invalid. Using default page load timeout: '10'

2020-08-18 13:49:27 - [MESSAGE][PASSED] - Element 'Object Repository/Maya/RegisterDuitNow/android.widget.TextView0 - Issuing Country' is exist

2020-08-18 13:49:27 - [TEST_STEP][PASSED] - getText(findTestObject("Maya/RegisterDuitNow/android.widget.TextView0 - Select Country"), 0): Text of element 'Object Repository/Maya/RegisterDuitNow/android.widget.TextView0 - Select Country' is: 'Select Country'

2020-08-18 13:49:27 - [MESSAGE][WARNING] - Timeout '0' is invalid. Using default page load timeout: '10'

2020-08-18 13:49:27 - [MESSAGE][PASSED] - Text of element 'Object Repository/Maya/RegisterDuitNow/android.widget.TextView0 - Select Country' is: 'Select Country'

2020-08-18 13:49:27 - [TEST_STEP][PASSED] - verifyElementExist(findTestObject("Maya/RegisterDuitNow/android.widget.TextView0 - Select Country"), 0): Element 'Object Repository/Maya/RegisterDuitNow/android.widget.TextView0 - Select Country' is exist

2020-08-18 13:49:27 - [MESSAGE][WARNING] - Timeout '0' is invalid. Using default page load timeout: '10'

2020-08-18 13:49:28 - [MESSAGE][PASSED] - Element 'Object Repository/Maya/RegisterDuitNow/android.widget.TextView0 - Select Country' is exist

2020-08-18 13:49:28 - [TEST_STEP][PASSED] - tap(findTestObject("Maya/RegisterDuitNow/android.widget.ImageView0 (7)"), 0): Tapped on element 'Object Repository/Maya/RegisterDuitNow/android.widget.ImageView0 (7)'

2020-08-18 13:49:28 - [MESSAGE][WARNING] - Timeout '0' is invalid. Using default page load timeout: '10'

2020-08-18 13:49:29 - [MESSAGE][PASSED] - Tapped on element 'Object Repository/Maya/RegisterDuitNow/android.widget.ImageView0 (7)'

2020-08-18 13:49:29 - [TEST_STEP][PASSED] - delay(3, CONTINUE_ON_FAILURE): Delayed 3 second(s)

2020-08-18 13:49:32 - [MESSAGE][PASSED] - Delayed 3 second(s)

2020-08-18 13:49:32 - [TEST_STEP][PASSED] - swipe(556, 1886, 751, 1470): Swiped from 556,1,886 to 751,1,470

2020-08-18 13:49:33 - [MESSAGE][PASSED] - Swiped from 556,1,886 to 751,1,470

2020-08-18 13:49:33 - [TEST_STEP][PASSED] - delay(2, CONTINUE_ON_FAILURE): Delayed 2 second(s)

2020-08-18 13:49:35 - [MESSAGE][PASSED] - Delayed 2 second(s)

2020-08-18 13:49:35 - [TEST_STEP][PASSED] - swipe(556, 1886, 751, 1470): Swiped from 556,1,886 to 751,1,470

2020-08-18 13:49:36 - [MESSAGE][PASSED] - Swiped from 556,1,886 to 751,1,470

2020-08-18 13:49:36 - [TEST_STEP][PASSED] - delay(2, CONTINUE_ON_FAILURE): Delayed 2 second(s)

2020-08-18 13:49:38 - [MESSAGE][PASSED] - Delayed 2 second(s)

2020-08-18 13:49:38 - [TEST_STEP][PASSED] - swipe(556, 1886, 751, 1470): Swiped from 556,1,886 to 751,1,470

2020-08-18 13:49:39 - [MESSAGE][PASSED] - Swiped from 556,1,886 to 751,1,470

2020-08-18 13:49:39 - [TEST_STEP][PASSED] - delay(2, CONTINUE_ON_FAILURE): Delayed 2 second(s)

2020-08-18 13:49:41 - [MESSAGE][PASSED] - Delayed 2 second(s)

2020-08-18 13:49:41 - [TEST_STEP][PASSED] - swipe(556, 1886, 751, 1470): Swiped from 556,1,886 to 751,1,470

2020-08-18 13:49:42 - [MESSAGE][PASSED] - Swiped from 556,1,886 to 751,1,470

2020-08-18 13:49:42 - [TEST_STEP][PASSED] - delay(2, CONTINUE_ON_FAILURE): Delayed 2 second(s)

2020-08-18 13:49:44 - [MESSAGE][PASSED] - Delayed 2 second(s)

2020-08-18 13:49:44 - [TEST_STEP][PASSED] - delay(2, CONTINUE_ON_FAILURE): Delayed 2 second(s)

2020-08-18 13:49:46 - [MESSAGE][PASSED] - Delayed 2 second(s)

2020-08-18 13:49:46 - [TEST_STEP][PASSED] - swipe(556, 1886, 751, 1644): Swiped from 556,1,886 to 751,1,644

2020-08-18 13:49:48 - [MESSAGE][PASSED] - Swiped from 556,1,886 to 751,1,644

2020-08-18 13:49:48 - [TEST_STEP][PASSED] - delay(2, CONTINUE_ON_FAILURE): Delayed 2 second(s)

2020-08-18 13:49:50 - [MESSAGE][PASSED] - Delayed 2 second(s)

2020-08-18 13:49:50 - [TEST_STEP][PASSED] - swipe(556, 1886, 751, 1644): Swiped from 556,1,886 to 751,1,644

2020-08-18 13:49:51 - [MESSAGE][PASSED] - Swiped from 556,1,886 to 751,1,644

2020-08-18 13:49:51 - [TEST_STEP][PASSED] - delay(2, CONTINUE_ON_FAILURE): Delayed 2 second(s)

2020-08-18 13:49:53 - [MESSAGE][PASSED] - Delayed 2 second(s)

2020-08-18 13:49:53 - [TEST_STEP][PASSED] - swipe(556, 1886, 751, 1644): Swiped from 556,1,886 to 751,1,644

2020-08-18 13:49:54 - [MESSAGE][PASSED] - Swiped from 556,1,886 to 751,1,644

2020-08-18 13:49:54 - [TEST_STEP][PASSED] - delay(2, CONTINUE_ON_FAILURE): Delayed 2 second(s)

2020-08-18 13:49:56 - [MESSAGE][PASSED] - Delayed 2 second(s)

2020-08-18 13:49:56 - [TEST_STEP][PASSED] - swipe(556, 1886, 751, 1750): Swiped from 556,1,886 to 751,1,750

2020-08-18 13:49:57 - [MESSAGE][PASSED] - Swiped from 556,1,886 to 751,1,750

2020-08-18 13:49:57 - [TEST_STEP][PASSED] - delay(2, CONTINUE_ON_FAILURE): Delayed 2 second(s)

2020-08-18 13:49:59 - [MESSAGE][PASSED] - Delayed 2 second(s)

2020-08-18 13:49:59 - [TEST_STEP][PASSED] - swipe(556, 1886, 751, 1750): Swiped from 556,1,886 to 751,1,750

2020-08-18 13:50:01 - [MESSAGE][PASSED] - Swiped from 556,1,886 to 751,1,750

2020-08-18 13:50:01 - [TEST_STEP][PASSED] - delay(2, CONTINUE_ON_FAILURE): Delayed 2 second(s)

2020-08-18 13:50:03 - [MESSAGE][PASSED] - Delayed 2 second(s)

2020-08-18 13:50:03 - [TEST_STEP][PASSED] - swipe(556, 1886, 751, 1750): Swiped from 556,1,886 to 751,1,750

2020-08-18 13:50:04 - [MESSAGE][PASSED] - Swiped from 556,1,886 to 751,1,750

2020-08-18 13:50:04 - [TEST_STEP][PASSED] - delay(2, CONTINUE_ON_FAILURE): Delayed 2 second(s)

2020-08-18 13:50:06 - [MESSAGE][PASSED] - Delayed 2 second(s)

2020-08-18 13:50:06 - [TEST_STEP][PASSED] - tap(findTestObject("Maya/NRIC Passport/Country Done"), 0): Tapped on element 'Object Repository/Maya/NRIC Passport/Country Done'

2020-08-18 13:50:06 - [MESSAGE][WARNING] - Timeout '0' is invalid. Using default page load timeout: '10'

2020-08-18 13:50:11 - [MESSAGE][PASSED] - Tapped on element 'Object Repository/Maya/NRIC Passport/Country Done'

2020-08-18 13:50:11 - [TEST_STEP][PASSED] - tap(findTestObject("Maya/NRIC Passport/android.widget.EditText0 - Enter passport number"), 0): Tapped on element 'Object Repository/Maya/NRIC Passport/android.widget.EditText0 - Enter passport number'

2020-08-18 13:50:11 - [MESSAGE][WARNING] - Timeout '0' is invalid. Using default page load timeout: '10'

2020-08-18 13:50:12 - [MESSAGE][PASSED] - Tapped on element 'Object Repository/Maya/NRIC Passport/android.widget.EditText0 - Enter passport number'

2020-08-18 13:50:12 - [TEST_STEP][PASSED] - setText(findTestObject("Maya/NRIC Passport/android.widget.EditText0 - Enter passport number"), "B66732113BRA", 0): Text 'B66732113BRA' has been set to element 'Object Repository/Maya/NRIC Passport/android.widget.EditText0 - Enter passport number'

2020-08-18 13:50:12 - [MESSAGE][WARNING] - Timeout '0' is invalid. Using default page load timeout: '10'

2020-08-18 13:50:14 - [MESSAGE][PASSED] - Text 'B66732113BRA' has been set to element 'Object Repository/Maya/NRIC Passport/android.widget.EditText0 - Enter passport number'

2020-08-18 13:50:14 - [TEST_STEP][PASSED] - driver.pressKeyCode(ENTER): null

2020-08-18 13:50:15 - [TEST_STEP][PASSED] - takeScreenshot("C:\Users\LENOVO\Screenshot\Third Party Fav\Passport.png", STOP_ON_FAILURE): Screenshot is taken

2020-08-18 13:50:15 - [MESSAGE][PASSED] - Screenshot is taken
[[ATTACHMENT|C:\\Users\\LENOVO\\Screenshot\\Third Party Fav\\Passport.png]]

2020-08-18 13:50:15 - [TEST_STEP][PASSED] - verifyElementExist(findTestObject("Maya/NRIC Passport/android.widget.TextView0 - B66732113BRA"), 0): Element 'Object Repository/Maya/NRIC Passport/android.widget.TextView0 - B66732113BRA' is exist

2020-08-18 13:50:16 - [MESSAGE][WARNING] - Timeout '0' is invalid. Using default page load timeout: '10'

2020-08-18 13:50:17 - [MESSAGE][PASSED] - Element 'Object Repository/Maya/NRIC Passport/android.widget.TextView0 - B66732113BRA' is exist

2020-08-18 13:50:17 - [TEST_STEP][PASSED] - delay(4, CONTINUE_ON_FAILURE): Delayed 4 second(s)

2020-08-18 13:50:21 - [MESSAGE][PASSED] - Delayed 4 second(s)

2020-08-18 13:50:21 - [TEST_STEP][PASSED] - tap(findTestObject("Maya/duitnow/android.widget.TextView0 - 2 (1)"), 0): Tapped on element 'Object Repository/Maya/duitnow/android.widget.TextView0 - 2 (1)'

2020-08-18 13:50:21 - [MESSAGE][WARNING] - Timeout '0' is invalid. Using default page load timeout: '10'

2020-08-18 13:50:23 - [MESSAGE][PASSED] - Tapped on element 'Object Repository/Maya/duitnow/android.widget.TextView0 - 2 (1)'

2020-08-18 13:50:23 - [TEST_STEP][PASSED] - tap(findTestObject("Maya/duitnow/android.widget.TextView0 - 0 (1)"), 0): Tapped on element 'Object Repository/Maya/duitnow/android.widget.TextView0 - 0 (1)'

2020-08-18 13:50:23 - [MESSAGE][WARNING] - Timeout '0' is invalid. Using default page load timeout: '10'

2020-08-18 13:50:24 - [MESSAGE][PASSED] - Tapped on element 'Object Repository/Maya/duitnow/android.widget.TextView0 - 0 (1)'

2020-08-18 13:50:24 - [TEST_STEP][PASSED] - tap(findTestObject("Maya/duitnow/android.widget.TextView0 - 0 (1)"), 0): Tapped on element 'Object Repository/Maya/duitnow/android.widget.TextView0 - 0 (1)'

2020-08-18 13:50:24 - [MESSAGE][WARNING] - Timeout '0' is invalid. Using default page load timeout: '10'

2020-08-18 13:50:26 - [MESSAGE][PASSED] - Tapped on element 'Object Repository/Maya/duitnow/android.widget.TextView0 - 0 (1)'

2020-08-18 13:50:26 - [TEST_STEP][PASSED] - takeScreenshot("C:\Users\LENOVO\Screenshot\Third Party Fav\PassAmount.png", STOP_ON_FAILURE): Screenshot is taken

2020-08-18 13:50:27 - [MESSAGE][PASSED] - Screenshot is taken
[[ATTACHMENT|C:\\Users\\LENOVO\\Screenshot\\Third Party Fav\\PassAmount.png]]

2020-08-18 13:50:27 - [TEST_STEP][PASSED] - tap(findTestObject("Maya/RegisterDuitNow/android.widget.ImageView0 (3)"), 0): Tapped on element 'Object Repository/Maya/RegisterDuitNow/android.widget.ImageView0 (3)'

2020-08-18 13:50:27 - [MESSAGE][WARNING] - Timeout '0' is invalid. Using default page load timeout: '10'

2020-08-18 13:50:28 - [MESSAGE][PASSED] - Tapped on element 'Object Repository/Maya/RegisterDuitNow/android.widget.ImageView0 (3)'

2020-08-18 13:50:28 - [TEST_STEP][PASSED] - verifyElementExist(findTestObject("Maya/NRIC Passport/android.widget.TextView0 - B66732113BRA"), 0): Element 'Object Repository/Maya/NRIC Passport/android.widget.TextView0 - B66732113BRA' is exist

2020-08-18 13:50:28 - [MESSAGE][WARNING] - Timeout '0' is invalid. Using default page load timeout: '10'

2020-08-18 13:50:29 - [MESSAGE][PASSED] - Element 'Object Repository/Maya/NRIC Passport/android.widget.TextView0 - B66732113BRA' is exist

2020-08-18 13:50:29 - [TEST_STEP][PASSED] - tap(findTestObject("Maya/duitnow/android.widget.EditText0 (1)"), 0): Tapped on element 'Object Repository/Maya/duitnow/android.widget.EditText0 (1)'

2020-08-18 13:50:30 - [MESSAGE][WARNING] - Timeout '0' is invalid. Using default page load timeout: '10'

2020-08-18 13:50:30 - [MESSAGE][PASSED] - Tapped on element 'Object Repository/Maya/duitnow/android.widget.EditText0 (1)'

2020-08-18 13:50:30 - [TEST_STEP][PASSED] - setText(findTestObject("Maya/duitnow/android.widget.EditText0 (1)"), "Check", 0): Text 'Check' has been set to element 'Object Repository/Maya/duitnow/android.widget.EditText0 (1)'

2020-08-18 13:50:30 - [MESSAGE][WARNING] - Timeout '0' is invalid. Using default page load timeout: '10'

2020-08-18 13:50:32 - [MESSAGE][PASSED] - Text 'Check' has been set to element 'Object Repository/Maya/duitnow/android.widget.EditText0 (1)'

2020-08-18 13:50:32 - [TEST_STEP][PASSED] - takeScreenshot("C:\Users\LENOVO\Screenshot\Third Party Fav\Enter ref.png", STOP_ON_FAILURE): Screenshot is taken

2020-08-18 13:50:32 - [MESSAGE][PASSED] - Screenshot is taken
[[ATTACHMENT|C:\\Users\\LENOVO\\Screenshot\\Third Party Fav\\Enter ref.png]]

2020-08-18 13:50:32 - [TEST_STEP][PASSED] - driver.pressKeyCode(ENTER): null

2020-08-18 13:50:33 - [TEST_STEP][PASSED] - delay(5, CONTINUE_ON_FAILURE): Delayed 5 second(s)

2020-08-18 13:50:38 - [MESSAGE][PASSED] - Delayed 5 second(s)

2020-08-18 13:50:38 - [TEST_STEP][PASSED] - getText(findTestObject("Maya/duitnow/android.widget.TextView0 - RM 2.00 (1)"), 0): Text of element 'Object Repository/Maya/duitnow/android.widget.TextView0 - RM 2.00 (1)' is: 'RM 2.00'

2020-08-18 13:50:38 - [MESSAGE][WARNING] - Timeout '0' is invalid. Using default page load timeout: '10'

2020-08-18 13:50:38 - [MESSAGE][PASSED] - Text of element 'Object Repository/Maya/duitnow/android.widget.TextView0 - RM 2.00 (1)' is: 'RM 2.00'

2020-08-18 13:50:38 - [TEST_STEP][PASSED] - verifyElementExist(findTestObject("Maya/NRIC Passport/android.widget.TextView0 - B66732113BRA"), 0): Element 'Object Repository/Maya/NRIC Passport/android.widget.TextView0 - B66732113BRA' is exist

2020-08-18 13:50:38 - [MESSAGE][WARNING] - Timeout '0' is invalid. Using default page load timeout: '10'

2020-08-18 13:50:38 - [MESSAGE][PASSED] - Element 'Object Repository/Maya/NRIC Passport/android.widget.TextView0 - B66732113BRA' is exist

2020-08-18 13:50:38 - [TEST_STEP][PASSED] - tap(findTestObject("Maya/duitnow/android.widget.TextView0 - Today (1)"), 0): Tapped on element 'Object Repository/Maya/duitnow/android.widget.TextView0 - Today (1)'

2020-08-18 13:50:38 - [MESSAGE][WARNING] - Timeout '0' is invalid. Using default page load timeout: '10'

2020-08-18 13:50:41 - [MESSAGE][PASSED] - Tapped on element 'Object Repository/Maya/duitnow/android.widget.TextView0 - Today (1)'

2020-08-18 13:50:41 - [TEST_STEP][PASSED] - tap(findTestObject("Maya/duitnow/android.view.ViewGroup0 (1)"), 0): Tapped on element 'Object Repository/Maya/duitnow/android.view.ViewGroup0 (1)'

2020-08-18 13:50:41 - [MESSAGE][WARNING] - Timeout '0' is invalid. Using default page load timeout: '10'

2020-08-18 13:50:46 - [MESSAGE][PASSED] - Tapped on element 'Object Repository/Maya/duitnow/android.view.ViewGroup0 (1)'

2020-08-18 13:50:46 - [TEST_STEP][PASSED] - tap(findTestObject("Maya/duitnow/android.widget.TextView0 - Done (1)"), 0): Tapped on element 'Object Repository/Maya/duitnow/android.widget.TextView0 - Done (1)'

2020-08-18 13:50:46 - [MESSAGE][WARNING] - Timeout '0' is invalid. Using default page load timeout: '10'

2020-08-18 13:50:53 - [MESSAGE][PASSED] - Tapped on element 'Object Repository/Maya/duitnow/android.widget.TextView0 - Done (1)'

2020-08-18 13:50:53 - [TEST_STEP][PASSED] - getText(findTestObject("Maya/duitnow/android.widget.TextView0 - Test"), 0): Text of element 'Object Repository/Maya/duitnow/android.widget.TextView0 - Test' is: 'Confirmation'

2020-08-18 13:50:53 - [MESSAGE][WARNING] - Timeout '0' is invalid. Using default page load timeout: '10'

2020-08-18 13:50:54 - [MESSAGE][PASSED] - Text of element 'Object Repository/Maya/duitnow/android.widget.TextView0 - Test' is: 'Confirmation'

2020-08-18 13:50:54 - [TEST_STEP][PASSED] - takeScreenshot("C:\Users\LENOVO\Screenshot\Third Party Fav\ConfDuitNow.png", STOP_ON_FAILURE): Screenshot is taken

2020-08-18 13:50:55 - [MESSAGE][PASSED] - Screenshot is taken
[[ATTACHMENT|C:\\Users\\LENOVO\\Screenshot\\Third Party Fav\\ConfDuitNow.png]]

2020-08-18 13:50:55 - [TEST_STEP][PASSED] - tap(findTestObject("Maya/duitnow/android.widget.TextView0 - Transfer Now (1)"), 0): Tapped on element 'Object Repository/Maya/duitnow/android.widget.TextView0 - Transfer Now (1)'

2020-08-18 13:50:55 - [MESSAGE][WARNING] - Timeout '0' is invalid. Using default page load timeout: '10'

2020-08-18 13:50:57 - [MESSAGE][PASSED] - Tapped on element 'Object Repository/Maya/duitnow/android.widget.TextView0 - Transfer Now (1)'

2020-08-18 13:50:57 - [TEST_STEP][FAILED] - if (verifyElementExist(findTestObject("Maya/spy/android.widget.TextView0 - Your TAC no. is 822872v3"), 3)): Element 'Object Repository/Maya/spy/android.widget.TextView0 - Your TAC no. is 822872v3' not found

2020-08-18 13:51:01 - [MESSAGE][FAILED] - Element 'Object Repository/Maya/spy/android.widget.TextView0 - Your TAC no. is 822872v3' not found
[[ATTACHMENT|C:\\Users\\LENOVO\\Git_new\\Maya\\Reports\\20200818_134645\\Maya UAT\\UAT Test Suite\\20200818_134645\\1597729860586.png]]

2020-08-18 13:51:01 - [TEST_STEP][PASSED] - if (verifyElementExist(findTestObject("Maya/KLIA/android.widget.TextView0 - Approve"), 0)): null

2020-08-18 13:51:01 - [MESSAGE][WARNING] - Timeout '0' is invalid. Using default page load timeout: '10'

2020-08-18 13:51:02 - [MESSAGE][PASSED] - Element 'Object Repository/Maya/KLIA/android.widget.TextView0 - Approve' is exist

2020-08-18 13:51:02 - [TEST_STEP][PASSED] - delay(2, STOP_ON_FAILURE): Delayed 2 second(s)

2020-08-18 13:51:04 - [MESSAGE][PASSED] - Delayed 2 second(s)

2020-08-18 13:51:04 - [TEST_STEP][PASSED] - tap(findTestObject("Maya/Third Party CA account/Approve-Transfer-now"), 0, CONTINUE_ON_FAILURE): Tapped on element 'Object Repository/Maya/Third Party CA account/Approve-Transfer-now'

2020-08-18 13:51:04 - [MESSAGE][WARNING] - Timeout '0' is invalid. Using default page load timeout: '10'

2020-08-18 13:51:05 - [MESSAGE][PASSED] - Tapped on element 'Object Repository/Maya/Third Party CA account/Approve-Transfer-now'

2020-08-18 13:51:05 - [TEST_STEP][PASSED] - delay(8, STOP_ON_FAILURE): Delayed 8 second(s)

2020-08-18 13:51:13 - [MESSAGE][PASSED] - Delayed 8 second(s)

2020-08-18 13:51:13 - [TEST_STEP][PASSED] - takeScreenshot("C:\Users\LENOVO\Screenshot\Third Party Fav\TransferSuccess.png", STOP_ON_FAILURE): Screenshot is taken

2020-08-18 13:51:14 - [MESSAGE][PASSED] - Screenshot is taken
[[ATTACHMENT|C:\\Users\\LENOVO\\Screenshot\\Third Party Fav\\TransferSuccess.png]]

2020-08-18 13:51:14 - [TEST_STEP][PASSED] - verifyElementText(findTestObject("Maya/duitNow Fav TAC/android.widget.TextView0 - Transfer successful"), "Transfer successful"): Actual text and expected text of test object 'Object Repository/Maya/duitNow Fav TAC/android.widget.TextView0 - Transfer successful' are matched.

2020-08-18 13:51:14 - [MESSAGE][PASSED] - Actual text and expected text of test object 'Object Repository/Maya/duitNow Fav TAC/android.widget.TextView0 - Transfer successful' are matched.

2020-08-18 13:51:14 - [TEST_STEP][PASSED] - getText(findTestObject("Maya/RegisterDuitNow/android.widget.TextView0 - Reference ID"), 0): Text of element 'Object Repository/Maya/RegisterDuitNow/android.widget.TextView0 - Reference ID' is: 'Reference ID'

2020-08-18 13:51:14 - [MESSAGE][WARNING] - Timeout '0' is invalid. Using default page load timeout: '10'

2020-08-18 13:51:15 - [MESSAGE][PASSED] - Text of element 'Object Repository/Maya/RegisterDuitNow/android.widget.TextView0 - Reference ID' is: 'Reference ID'

2020-08-18 13:51:15 - [TEST_STEP][PASSED] - verifyElementExist(findTestObject("Maya/RegisterDuitNow/android.widget.TextView0 - Reference ID"), 0): Element 'Object Repository/Maya/RegisterDuitNow/android.widget.TextView0 - Reference ID' is exist

2020-08-18 13:51:15 - [MESSAGE][WARNING] - Timeout '0' is invalid. Using default page load timeout: '10'

2020-08-18 13:51:15 - [MESSAGE][PASSED] - Element 'Object Repository/Maya/RegisterDuitNow/android.widget.TextView0 - Reference ID' is exist

2020-08-18 13:51:15 - [TEST_STEP][PASSED] - delay(2, CONTINUE_ON_FAILURE): Delayed 2 second(s)

2020-08-18 13:51:17 - [MESSAGE][PASSED] - Delayed 2 second(s)

2020-08-18 13:51:17 - [TEST_STEP][PASSED] - takeScreenshot("C:\Users\LENOVO\Screenshot\Third Party\Screenshot17", STOP_ON_FAILURE): Screenshot is taken

2020-08-18 13:51:18 - [MESSAGE][PASSED] - Screenshot is taken
[[ATTACHMENT|C:\\Users\\LENOVO\\Screenshot\\Third Party\\Screenshot17]]

2020-08-18 13:51:18 - [TEST_STEP][PASSED] - getText(findTestObject("Maya/RegisterDuitNow/android.widget.TextView0 - Date  time"), 0): Text of element 'Object Repository/Maya/RegisterDuitNow/android.widget.TextView0 - Date  time' is: 'Date & time'

2020-08-18 13:51:18 - [MESSAGE][WARNING] - Timeout '0' is invalid. Using default page load timeout: '10'

2020-08-18 13:51:18 - [MESSAGE][PASSED] - Text of element 'Object Repository/Maya/RegisterDuitNow/android.widget.TextView0 - Date  time' is: 'Date & time'

2020-08-18 13:51:18 - [TEST_STEP][PASSED] - verifyElementExist(findTestObject("Maya/RegisterDuitNow/android.widget.TextView0 - Date  time"), 0): Element 'Object Repository/Maya/RegisterDuitNow/android.widget.TextView0 - Date  time' is exist

2020-08-18 13:51:18 - [MESSAGE][WARNING] - Timeout '0' is invalid. Using default page load timeout: '10'

2020-08-18 13:51:18 - [MESSAGE][PASSED] - Element 'Object Repository/Maya/RegisterDuitNow/android.widget.TextView0 - Date  time' is exist

2020-08-18 13:51:18 - [TEST_STEP][PASSED] - getText(findTestObject("Maya/RegisterDuitNow/android.widget.TextView0 - MC11111117180038208M"), 0): Text of element 'Object Repository/Maya/RegisterDuitNow/android.widget.TextView0 - MC11111117180038208M' is: '17180756818M'

2020-08-18 13:51:19 - [MESSAGE][WARNING] - Timeout '0' is invalid. Using default page load timeout: '10'

2020-08-18 13:51:19 - [MESSAGE][PASSED] - Text of element 'Object Repository/Maya/RegisterDuitNow/android.widget.TextView0 - MC11111117180038208M' is: '17180756818M'

2020-08-18 13:51:19 - [TEST_STEP][PASSED] - verifyElementExist(findTestObject("Maya/RegisterDuitNow/android.widget.TextView0 - MC11111117180038208M"), 0): Element 'Object Repository/Maya/RegisterDuitNow/android.widget.TextView0 - MC11111117180038208M' is exist

2020-08-18 13:51:19 - [MESSAGE][WARNING] - Timeout '0' is invalid. Using default page load timeout: '10'

2020-08-18 13:51:19 - [MESSAGE][PASSED] - Element 'Object Repository/Maya/RegisterDuitNow/android.widget.TextView0 - MC11111117180038208M' is exist

2020-08-18 13:51:19 - [TEST_STEP][PASSED] - getText(findTestObject("Maya/RegisterDuitNow/android.widget.TextView0 - 11 Jul 2020 0441 PM"), 0): Text of element 'Object Repository/Maya/RegisterDuitNow/android.widget.TextView0 - 11 Jul 2020 0441 PM' is: '18 Aug 2020, 1:50 PM'

2020-08-18 13:51:19 - [MESSAGE][WARNING] - Timeout '0' is invalid. Using default page load timeout: '10'

2020-08-18 13:51:20 - [MESSAGE][PASSED] - Text of element 'Object Repository/Maya/RegisterDuitNow/android.widget.TextView0 - 11 Jul 2020 0441 PM' is: '18 Aug 2020, 1:50 PM'

2020-08-18 13:51:20 - [TEST_STEP][PASSED] - verifyElementExist(findTestObject("Maya/RegisterDuitNow/android.widget.TextView0 - 11 Jul 2020 0441 PM"), 0): Element 'Object Repository/Maya/RegisterDuitNow/android.widget.TextView0 - 11 Jul 2020 0441 PM' is exist

2020-08-18 13:51:20 - [MESSAGE][WARNING] - Timeout '0' is invalid. Using default page load timeout: '10'

2020-08-18 13:51:21 - [MESSAGE][PASSED] - Element 'Object Repository/Maya/RegisterDuitNow/android.widget.TextView0 - 11 Jul 2020 0441 PM' is exist

2020-08-18 13:51:21 - [TEST_STEP][PASSED] - tap(findTestObject("Maya/RegisterDuitNow/android.widget.TextView0 - Share Receipt"), 0): Tapped on element 'Object Repository/Maya/RegisterDuitNow/android.widget.TextView0 - Share Receipt'

2020-08-18 13:51:21 - [MESSAGE][WARNING] - Timeout '0' is invalid. Using default page load timeout: '10'

2020-08-18 13:51:23 - [MESSAGE][PASSED] - Tapped on element 'Object Repository/Maya/RegisterDuitNow/android.widget.TextView0 - Share Receipt'

2020-08-18 13:51:23 - [TEST_STEP][PASSED] - tap(findTestObject("Maya/RegisterDuitNow/android.widget.ImageView0 (4)"), 0): Tapped on element 'Object Repository/Maya/RegisterDuitNow/android.widget.ImageView0 (4)'

2020-08-18 13:51:23 - [MESSAGE][WARNING] - Timeout '0' is invalid. Using default page load timeout: '10'

2020-08-18 13:51:24 - [MESSAGE][PASSED] - Tapped on element 'Object Repository/Maya/RegisterDuitNow/android.widget.ImageView0 (4)'

2020-08-18 13:51:24 - [TEST_STEP][PASSED] - delay(2, CONTINUE_ON_FAILURE): Delayed 2 second(s)

2020-08-18 13:51:26 - [MESSAGE][PASSED] - Delayed 2 second(s)

2020-08-18 13:51:26 - [TEST_STEP][PASSED] - takeScreenshot("C:\Users\LENOVO\Screenshot\Third Party\Screenshot16", STOP_ON_FAILURE): Screenshot is taken

2020-08-18 13:51:27 - [MESSAGE][PASSED] - Screenshot is taken
[[ATTACHMENT|C:\\Users\\LENOVO\\Screenshot\\Third Party\\Screenshot16]]

2020-08-18 13:51:27 - [TEST_STEP][PASSED] - tap(findTestObject("Maya/RegisterDuitNow/android.widget.TextView0 - Share Receipt"), 0): Tapped on element 'Object Repository/Maya/RegisterDuitNow/android.widget.TextView0 - Share Receipt'

2020-08-18 13:51:27 - [MESSAGE][WARNING] - Timeout '0' is invalid. Using default page load timeout: '10'

2020-08-18 13:51:29 - [MESSAGE][PASSED] - Tapped on element 'Object Repository/Maya/RegisterDuitNow/android.widget.TextView0 - Share Receipt'

2020-08-18 13:51:29 - [TEST_STEP][PASSED] - getText(findTestObject("Maya/NRIC Passport/android.widget.TextView0 - Share Receipt"), 0): Text of element 'Object Repository/Maya/NRIC Passport/android.widget.TextView0 - Share Receipt' is: 'Share Receipt'

2020-08-18 13:51:29 - [MESSAGE][WARNING] - Timeout '0' is invalid. Using default page load timeout: '10'

2020-08-18 13:51:30 - [MESSAGE][PASSED] - Text of element 'Object Repository/Maya/NRIC Passport/android.widget.TextView0 - Share Receipt' is: 'Share Receipt'

2020-08-18 13:51:30 - [TEST_STEP][PASSED] - getText(findTestObject("Maya/NRIC Passport/android.view.View0 - DuitNow"), 0): Text of element 'Object Repository/Maya/NRIC Passport/android.view.View0 - DuitNow' is: 'DuitNow'

2020-08-18 13:51:30 - [MESSAGE][WARNING] - Timeout '0' is invalid. Using default page load timeout: '10'

2020-08-18 13:51:30 - [MESSAGE][PASSED] - Text of element 'Object Repository/Maya/NRIC Passport/android.view.View0 - DuitNow' is: 'DuitNow'

2020-08-18 13:51:30 - [TEST_STEP][PASSED] - getText(findTestObject("Maya/NRIC Passport/android.view.View0 - Successful"), 0): Text of element 'Object Repository/Maya/NRIC Passport/android.view.View0 - Successful' is: 'Successful'

2020-08-18 13:51:30 - [MESSAGE][WARNING] - Timeout '0' is invalid. Using default page load timeout: '10'

2020-08-18 13:51:30 - [MESSAGE][PASSED] - Text of element 'Object Repository/Maya/NRIC Passport/android.view.View0 - Successful' is: 'Successful'

2020-08-18 13:51:30 - [TEST_STEP][PASSED] - getText(findTestObject("Maya/NRIC Passport/android.view.View0 - Beneficiary name"), 0): Text of element 'Object Repository/Maya/NRIC Passport/android.view.View0 - Beneficiary name' is: 'Beneficiary name'

2020-08-18 13:51:30 - [MESSAGE][WARNING] - Timeout '0' is invalid. Using default page load timeout: '10'

2020-08-18 13:51:31 - [MESSAGE][PASSED] - Text of element 'Object Repository/Maya/NRIC Passport/android.view.View0 - Beneficiary name' is: 'Beneficiary name'

2020-08-18 13:51:31 - [TEST_STEP][PASSED] - getText(findTestObject("Maya/NRIC Passport/android.view.View0 - DEADPOOL"), 0): Text of element 'Object Repository/Maya/NRIC Passport/android.view.View0 - DEADPOOL' is: 'DEADPOOL'

2020-08-18 13:51:31 - [MESSAGE][WARNING] - Timeout '0' is invalid. Using default page load timeout: '10'

2020-08-18 13:51:31 - [MESSAGE][PASSED] - Text of element 'Object Repository/Maya/NRIC Passport/android.view.View0 - DEADPOOL' is: 'DEADPOOL'

2020-08-18 13:51:31 - [TEST_STEP][PASSED] - getText(findTestObject("Maya/NRIC Passport/android.view.View0 - DuitNow ID type"), 0): Text of element 'Object Repository/Maya/NRIC Passport/android.view.View0 - DuitNow ID type' is: 'DuitNow ID type'

2020-08-18 13:51:31 - [MESSAGE][WARNING] - Timeout '0' is invalid. Using default page load timeout: '10'

2020-08-18 13:51:32 - [MESSAGE][PASSED] - Text of element 'Object Repository/Maya/NRIC Passport/android.view.View0 - DuitNow ID type' is: 'DuitNow ID type'

2020-08-18 13:51:32 - [TEST_STEP][PASSED] - getText(findTestObject("Maya/NRIC Passport/android.view.View0 - Passport Number"), 0): Text of element 'Object Repository/Maya/NRIC Passport/android.view.View0 - Passport Number' is: 'Passport Number'

2020-08-18 13:51:32 - [MESSAGE][WARNING] - Timeout '0' is invalid. Using default page load timeout: '10'

2020-08-18 13:51:32 - [MESSAGE][PASSED] - Text of element 'Object Repository/Maya/NRIC Passport/android.view.View0 - Passport Number' is: 'Passport Number'

2020-08-18 13:51:32 - [TEST_STEP][PASSED] - swipe(831, 1382, 800, 100): Swiped from 831,1,382 to 800,100

2020-08-18 13:51:33 - [MESSAGE][PASSED] - Swiped from 831,1,382 to 800,100

2020-08-18 13:51:33 - [TEST_STEP][PASSED] - delay(5, STOP_ON_FAILURE): Delayed 5 second(s)

2020-08-18 13:51:38 - [MESSAGE][PASSED] - Delayed 5 second(s)

2020-08-18 13:51:38 - [TEST_STEP][PASSED] - getText(findTestObject("Maya/drop4 CR/android.view.View0 - RM 2.00"), 0): Text of element 'Object Repository/Maya/drop4 CR/android.view.View0 - RM 2.00' is: 'RM 2.00'

2020-08-18 13:51:38 - [MESSAGE][WARNING] - Timeout '0' is invalid. Using default page load timeout: '10'

2020-08-18 13:51:39 - [MESSAGE][PASSED] - Text of element 'Object Repository/Maya/drop4 CR/android.view.View0 - RM 2.00' is: 'RM 2.00'

2020-08-18 13:51:39 - [TEST_STEP][PASSED] - verifyElementExist(findTestObject("Maya/drop4 CR/android.view.View0 - RM 2.00"), 0): Element 'Object Repository/Maya/drop4 CR/android.view.View0 - RM 2.00' is exist

2020-08-18 13:51:39 - [MESSAGE][WARNING] - Timeout '0' is invalid. Using default page load timeout: '10'

2020-08-18 13:51:39 - [MESSAGE][PASSED] - Element 'Object Repository/Maya/drop4 CR/android.view.View0 - RM 2.00' is exist

2020-08-18 13:51:39 - [TEST_STEP][PASSED] - getText(findTestObject("Maya/New_Transfer/android.view.View0 - Beneficiary name"), 0): Text of element 'Object Repository/Maya/New_Transfer/android.view.View0 - Beneficiary name' is: 'Beneficiary name'

2020-08-18 13:51:39 - [MESSAGE][WARNING] - Timeout '0' is invalid. Using default page load timeout: '10'

2020-08-18 13:51:39 - [MESSAGE][PASSED] - Text of element 'Object Repository/Maya/New_Transfer/android.view.View0 - Beneficiary name' is: 'Beneficiary name'

2020-08-18 13:51:39 - [TEST_STEP][PASSED] - verifyElementExist(findTestObject("Maya/New_Transfer/android.view.View0 - Beneficiary name"), 0): Element 'Object Repository/Maya/New_Transfer/android.view.View0 - Beneficiary name' is exist

2020-08-18 13:51:39 - [MESSAGE][WARNING] - Timeout '0' is invalid. Using default page load timeout: '10'

2020-08-18 13:51:39 - [MESSAGE][PASSED] - Element 'Object Repository/Maya/New_Transfer/android.view.View0 - Beneficiary name' is exist

2020-08-18 13:51:39 - [TEST_STEP][PASSED] - getText(findTestObject("Maya/Third Party CA account/android.widget.TextView0 - Note This receipt is computer generated and no signature is required."), 0): Text of element 'Object Repository/Maya/Third Party CA account/android.widget.TextView0 - Note This receipt is computer generated and no signature is required.' is: 'Note: This receipt is computer generated and no signature is required.'

2020-08-18 13:51:40 - [MESSAGE][WARNING] - Timeout '0' is invalid. Using default page load timeout: '10'

2020-08-18 13:51:40 - [MESSAGE][PASSED] - Text of element 'Object Repository/Maya/Third Party CA account/android.widget.TextView0 - Note This receipt is computer generated and no signature is required.' is: 'Note: This receipt is computer generated and no signature is required.'

2020-08-18 13:51:40 - [TEST_STEP][PASSED] - getText(findTestObject("Maya/Third Party CA account/android.widget.TextView0 - Malayan Banking Berhad (Co. Reg.  196001000142)"), 0): Text of element 'Object Repository/Maya/Third Party CA account/android.widget.TextView0 - Malayan Banking Berhad (Co. Reg.  196001000142)' is: 'Malayan Banking Berhad (Co. Reg. : 196001000142)'

2020-08-18 13:51:40 - [MESSAGE][WARNING] - Timeout '0' is invalid. Using default page load timeout: '10'

2020-08-18 13:51:40 - [MESSAGE][PASSED] - Text of element 'Object Repository/Maya/Third Party CA account/android.widget.TextView0 - Malayan Banking Berhad (Co. Reg.  196001000142)' is: 'Malayan Banking Berhad (Co. Reg. : 196001000142)'

2020-08-18 13:51:40 - [TEST_STEP][PASSED] - getText(findTestObject("Maya/Third Party CA account/android.widget.TextView0 - Maybank Islamic Berhad (Co. Reg.  200701029411)"), 0): Text of element 'Object Repository/Maya/Third Party CA account/android.widget.TextView0 - Maybank Islamic Berhad (Co. Reg.  200701029411)' is: 'Maybank Islamic Berhad (Co. Reg. : 200701029411)'

2020-08-18 13:51:40 - [MESSAGE][WARNING] - Timeout '0' is invalid. Using default page load timeout: '10'

2020-08-18 13:51:40 - [MESSAGE][PASSED] - Text of element 'Object Repository/Maya/Third Party CA account/android.widget.TextView0 - Maybank Islamic Berhad (Co. Reg.  200701029411)' is: 'Maybank Islamic Berhad (Co. Reg. : 200701029411)'

2020-08-18 13:51:40 - [TEST_STEP][PASSED] - tap(findTestObject("Maya/RegisterDuitNow/android.widget.ImageView0 (4)"), 0): Tapped on element 'Object Repository/Maya/RegisterDuitNow/android.widget.ImageView0 (4)'

2020-08-18 13:51:41 - [MESSAGE][WARNING] - Timeout '0' is invalid. Using default page load timeout: '10'

2020-08-18 13:51:41 - [MESSAGE][PASSED] - Tapped on element 'Object Repository/Maya/RegisterDuitNow/android.widget.ImageView0 (4)'

2020-08-18 13:51:41 - [TEST_STEP][PASSED] - tap(findTestObject("Maya/RegisterDuitNow/android.widget.TextView0 - Add to Favourites"), 0): Tapped on element 'Object Repository/Maya/RegisterDuitNow/android.widget.TextView0 - Add to Favourites'

2020-08-18 13:51:41 - [MESSAGE][WARNING] - Timeout '0' is invalid. Using default page load timeout: '10'

2020-08-18 13:51:45 - [MESSAGE][PASSED] - Tapped on element 'Object Repository/Maya/RegisterDuitNow/android.widget.TextView0 - Add to Favourites'

2020-08-18 13:51:45 - [TEST_STEP][PASSED] - getText(findTestObject("Maya/RegisterDuitNow/android.widget.TextView0 - Registered name"), 0): Text of element 'Object Repository/Maya/RegisterDuitNow/android.widget.TextView0 - Registered name' is: 'Registered name'

2020-08-18 13:51:45 - [MESSAGE][WARNING] - Timeout '0' is invalid. Using default page load timeout: '10'

2020-08-18 13:51:45 - [MESSAGE][PASSED] - Text of element 'Object Repository/Maya/RegisterDuitNow/android.widget.TextView0 - Registered name' is: 'Registered name'

2020-08-18 13:51:45 - [TEST_STEP][PASSED] - verifyElementExist(findTestObject("Maya/RegisterDuitNow/android.widget.TextView0 - Registered name"), 0): Element 'Object Repository/Maya/RegisterDuitNow/android.widget.TextView0 - Registered name' is exist

2020-08-18 13:51:45 - [MESSAGE][WARNING] - Timeout '0' is invalid. Using default page load timeout: '10'

2020-08-18 13:51:45 - [MESSAGE][PASSED] - Element 'Object Repository/Maya/RegisterDuitNow/android.widget.TextView0 - Registered name' is exist

2020-08-18 13:51:45 - [TEST_STEP][PASSED] - getText(findTestObject("Maya/RegisterDuitNow/android.widget.TextView0 - Proxy type"), 0): Text of element 'Object Repository/Maya/RegisterDuitNow/android.widget.TextView0 - Proxy type' is: 'Proxy type'

2020-08-18 13:51:45 - [MESSAGE][WARNING] - Timeout '0' is invalid. Using default page load timeout: '10'

2020-08-18 13:51:45 - [MESSAGE][PASSED] - Text of element 'Object Repository/Maya/RegisterDuitNow/android.widget.TextView0 - Proxy type' is: 'Proxy type'

2020-08-18 13:51:45 - [TEST_STEP][PASSED] - verifyElementExist(findTestObject("Maya/RegisterDuitNow/android.widget.TextView0 - Proxy type"), 0): Element 'Object Repository/Maya/RegisterDuitNow/android.widget.TextView0 - Proxy type' is exist

2020-08-18 13:51:46 - [MESSAGE][WARNING] - Timeout '0' is invalid. Using default page load timeout: '10'

2020-08-18 13:51:46 - [MESSAGE][PASSED] - Element 'Object Repository/Maya/RegisterDuitNow/android.widget.TextView0 - Proxy type' is exist

2020-08-18 13:51:46 - [TEST_STEP][PASSED] - getText(findTestObject("Maya/RegisterDuitNow/android.widget.TextView0 - Proxy ID"), 0): Text of element 'Object Repository/Maya/RegisterDuitNow/android.widget.TextView0 - Proxy ID' is: 'Proxy ID'

2020-08-18 13:51:46 - [MESSAGE][WARNING] - Timeout '0' is invalid. Using default page load timeout: '10'

2020-08-18 13:51:46 - [MESSAGE][PASSED] - Text of element 'Object Repository/Maya/RegisterDuitNow/android.widget.TextView0 - Proxy ID' is: 'Proxy ID'

2020-08-18 13:51:46 - [TEST_STEP][PASSED] - verifyElementExist(findTestObject("Maya/RegisterDuitNow/android.widget.TextView0 - Proxy ID"), 0): Element 'Object Repository/Maya/RegisterDuitNow/android.widget.TextView0 - Proxy ID' is exist

2020-08-18 13:51:46 - [MESSAGE][WARNING] - Timeout '0' is invalid. Using default page load timeout: '10'

2020-08-18 13:51:46 - [MESSAGE][PASSED] - Element 'Object Repository/Maya/RegisterDuitNow/android.widget.TextView0 - Proxy ID' is exist

2020-08-18 13:51:46 - [TEST_STEP][PASSED] - tap(findTestObject("Maya/RegisterDuitNow/android.widget.TextView0 - Add to Favourites (1)"), 0): Tapped on element 'Object Repository/Maya/RegisterDuitNow/android.widget.TextView0 - Add to Favourites (1)'

2020-08-18 13:51:46 - [MESSAGE][WARNING] - Timeout '0' is invalid. Using default page load timeout: '10'

2020-08-18 13:51:49 - [MESSAGE][PASSED] - Tapped on element 'Object Repository/Maya/RegisterDuitNow/android.widget.TextView0 - Add to Favourites (1)'

2020-08-18 13:51:49 - [TEST_STEP][PASSED] - takeScreenshot("C:\Users\LENOVO\Screenshot\Third Party\Screenshot23", STOP_ON_FAILURE): Screenshot is taken

2020-08-18 13:51:50 - [MESSAGE][PASSED] - Screenshot is taken
[[ATTACHMENT|C:\\Users\\LENOVO\\Screenshot\\Third Party\\Screenshot23]]

2020-08-18 13:51:50 - [TEST_STEP][PASSED] - getText(findTestObject("Maya/New_Transfer/android.widget.TextView0 - SANDY LAM HUI MING Successfully added to Favourites"), 0): Text of element 'Object Repository/Maya/New_Transfer/android.widget.TextView0 - SANDY LAM HUI MING Successfully added to Favourites' is: 'Record already exists.'

2020-08-18 13:51:50 - [MESSAGE][WARNING] - Timeout '0' is invalid. Using default page load timeout: '10'

2020-08-18 13:51:50 - [MESSAGE][PASSED] - Text of element 'Object Repository/Maya/New_Transfer/android.widget.TextView0 - SANDY LAM HUI MING Successfully added to Favourites' is: 'Record already exists.'

2020-08-18 13:51:50 - [TEST_STEP][PASSED] - delay(2, CONTINUE_ON_FAILURE): Delayed 2 second(s)

2020-08-18 13:51:52 - [MESSAGE][PASSED] - Delayed 2 second(s)

2020-08-18 13:51:52 - [TEST_STEP][PASSED] - takeScreenshot("C:\Users\LENOVO\Screenshot\Third Party\Screenshot11", STOP_ON_FAILURE): Screenshot is taken

2020-08-18 13:51:53 - [MESSAGE][PASSED] - Screenshot is taken
[[ATTACHMENT|C:\\Users\\LENOVO\\Screenshot\\Third Party\\Screenshot11]]

2020-08-18 13:51:53 - [TEST_STEP][PASSED] - delay(5, CONTINUE_ON_FAILURE): Delayed 5 second(s)

2020-08-18 13:51:58 - [MESSAGE][PASSED] - Delayed 5 second(s)

2020-08-18 13:51:58 - [TEST_STEP][PASSED] - tap(findTestObject("Maya/RegisterDuitNow/android.widget.TextView0 - Done (3)"), 0): Tapped on element 'Object Repository/Maya/RegisterDuitNow/android.widget.TextView0 - Done (3)'

2020-08-18 13:51:58 - [MESSAGE][WARNING] - Timeout '0' is invalid. Using default page load timeout: '10'

2020-08-18 13:52:02 - [MESSAGE][PASSED] - Tapped on element 'Object Repository/Maya/RegisterDuitNow/android.widget.TextView0 - Done (3)'

2020-08-18 13:52:02 - [TEST_STEP][PASSED] - tap(findTestObject("Maya/RegisterDuitNow/android.widget.TextView0 - Transfer"), 0): Tapped on element 'Object Repository/Maya/RegisterDuitNow/android.widget.TextView0 - Transfer'

2020-08-18 13:52:02 - [MESSAGE][WARNING] - Timeout '0' is invalid. Using default page load timeout: '10'

2020-08-18 13:52:14 - [MESSAGE][PASSED] - Tapped on element 'Object Repository/Maya/RegisterDuitNow/android.widget.TextView0 - Transfer'

2020-08-18 13:52:14 - [TEST_STEP][PASSED] - delay(5, STOP_ON_FAILURE): Delayed 5 second(s)

2020-08-18 13:52:19 - [MESSAGE][PASSED] - Delayed 5 second(s)

2020-08-18 13:52:19 - [TEST_STEP][PASSED] - tapAndHoldAtPosition(627, 376, 2): Tapped and held at [627, 376] with duration 2

2020-08-18 13:52:22 - [MESSAGE][PASSED] - Tapped and held at [627, 376] with duration 2

2020-08-18 13:52:22 - [TEST_STEP][PASSED] - delay(2, CONTINUE_ON_FAILURE): Delayed 2 second(s)

2020-08-18 13:52:24 - [MESSAGE][PASSED] - Delayed 2 second(s)

2020-08-18 13:52:24 - [TEST_STEP][PASSED] - takeScreenshot("C:\Users\LENOVO\Screenshot\Third Party\Screenshot12", STOP_ON_FAILURE): Screenshot is taken

2020-08-18 13:52:25 - [MESSAGE][PASSED] - Screenshot is taken
[[ATTACHMENT|C:\\Users\\LENOVO\\Screenshot\\Third Party\\Screenshot12]]

2020-08-18 13:52:25 - [TEST_STEP][PASSED] - delay(5, STOP_ON_FAILURE): Delayed 5 second(s)

2020-08-18 13:52:30 - [MESSAGE][PASSED] - Delayed 5 second(s)

2020-08-18 13:52:30 - [TEST_STEP][PASSED] - swipe(831, 1382, 800, 100): Swiped from 831,1,382 to 800,100

2020-08-18 13:52:31 - [MESSAGE][PASSED] - Swiped from 831,1,382 to 800,100

2020-08-18 13:52:31 - [TEST_STEP][PASSED] - delay(5, STOP_ON_FAILURE): Delayed 5 second(s)

2020-08-18 13:52:36 - [MESSAGE][PASSED] - Delayed 5 second(s)

2020-08-18 13:52:36 - [TEST_STEP][PASSED] - delay(2, CONTINUE_ON_FAILURE): Delayed 2 second(s)

2020-08-18 13:52:38 - [MESSAGE][PASSED] - Delayed 2 second(s)

2020-08-18 13:52:38 - [TEST_STEP][PASSED] - takeScreenshot("C:\Users\LENOVO\Screenshot\Third Party\Screenshot15", STOP_ON_FAILURE): Screenshot is taken

2020-08-18 13:52:39 - [MESSAGE][PASSED] - Screenshot is taken
[[ATTACHMENT|C:\\Users\\LENOVO\\Screenshot\\Third Party\\Screenshot15]]

2020-08-18 13:52:39 - [TEST_STEP][PASSED] - delay(2, CONTINUE_ON_FAILURE): Delayed 2 second(s)

2020-08-18 13:52:41 - [MESSAGE][PASSED] - Delayed 2 second(s)

2020-08-18 13:52:41 - [TEST_STEP][PASSED] - tapAndHoldAtPosition(97, 176, 1): Tapped and held at [97, 176] with duration 1

2020-08-18 13:52:44 - [MESSAGE][PASSED] - Tapped and held at [97, 176] with duration 1

2020-08-18 13:52:44 - [TEST_STEP][PASSED] - tap(findTestObject("Maya/New_Transfer/android.widget.TextView0 - Wallet"), 0): Tapped on element 'Object Repository/Maya/New_Transfer/android.widget.TextView0 - Wallet'

2020-08-18 13:52:44 - [MESSAGE][WARNING] - Timeout '0' is invalid. Using default page load timeout: '10'

2020-08-18 13:52:49 - [MESSAGE][PASSED] - Tapped on element 'Object Repository/Maya/New_Transfer/android.widget.TextView0 - Wallet'

2020-08-18 13:52:49 - [TEST_STEP][PASSED] - tap(findTestObject("Maya/New_Transfer/android.widget.TextView0 - View Transactions"), 0): Tapped on element 'Object Repository/Maya/New_Transfer/android.widget.TextView0 - View Transactions'

2020-08-18 13:52:49 - [MESSAGE][WARNING] - Timeout '0' is invalid. Using default page load timeout: '10'

2020-08-18 13:52:51 - [MESSAGE][PASSED] - Tapped on element 'Object Repository/Maya/New_Transfer/android.widget.TextView0 - View Transactions'

2020-08-18 13:52:51 - [TEST_STEP][PASSED] - delay(3, CONTINUE_ON_FAILURE): Delayed 3 second(s)

2020-08-18 13:52:54 - [MESSAGE][PASSED] - Delayed 3 second(s)

2020-08-18 13:52:54 - [TEST_STEP][PASSED] - takeScreenshot("C:\Users\LENOVO\Screenshot\DuitNow\Screen29.png", CONTINUE_ON_FAILURE): Screenshot is taken

2020-08-18 13:52:56 - [MESSAGE][PASSED] - Screenshot is taken
[[ATTACHMENT|C:\\Users\\LENOVO\\Screenshot\\DuitNow\\Screen29.png]]

2020-08-18 13:52:56 - [TEST_STEP][PASSED] - tap(findTestObject("Maya/KLIA/android.widget.TextView0 - Home"), 0): Tapped on element 'Object Repository/Maya/KLIA/android.widget.TextView0 - Home'

2020-08-18 13:52:56 - [MESSAGE][WARNING] - Timeout '0' is invalid. Using default page load timeout: '10'

2020-08-18 13:53:10 - [MESSAGE][PASSED] - Tapped on element 'Object Repository/Maya/KLIA/android.widget.TextView0 - Home'

2020-08-18 13:53:10 - [TEST_STEP][PASSED] - tap(findTestObject("Maya/KLIA/android.widget.TextView0 - More (1)"), 0): Tapped on element 'Object Repository/Maya/KLIA/android.widget.TextView0 - More (1)'

2020-08-18 13:53:10 - [MESSAGE][WARNING] - Timeout '0' is invalid. Using default page load timeout: '10'

2020-08-18 13:53:22 - [MESSAGE][PASSED] - Tapped on element 'Object Repository/Maya/KLIA/android.widget.TextView0 - More (1)'

2020-08-18 13:53:22 - [TEST_STEP][PASSED] - tap(findTestObject("Maya/KLIA/android.widget.TextView0 - Notifications"), 0): Tapped on element 'Object Repository/Maya/KLIA/android.widget.TextView0 - Notifications'

2020-08-18 13:53:23 - [MESSAGE][WARNING] - Timeout '0' is invalid. Using default page load timeout: '10'

2020-08-18 13:53:25 - [MESSAGE][PASSED] - Tapped on element 'Object Repository/Maya/KLIA/android.widget.TextView0 - Notifications'

2020-08-18 13:53:25 - [TEST_STEP][PASSED] - getText(findTestObject("Maya/NRIC Passport/android.widget.TextView0 - Today"), 0): Text of element 'Object Repository/Maya/NRIC Passport/android.widget.TextView0 - Today' is: 'Today'

2020-08-18 13:53:25 - [MESSAGE][WARNING] - Timeout '0' is invalid. Using default page load timeout: '10'

2020-08-18 13:53:26 - [MESSAGE][PASSED] - Text of element 'Object Repository/Maya/NRIC Passport/android.widget.TextView0 - Today' is: 'Today'

2020-08-18 13:53:26 - [TEST_STEP][PASSED] - getText(findTestObject("Maya/NRIC Passport/android.widget.TextView0 - Maybank2u Transfer"), 0): Text of element 'Object Repository/Maya/NRIC Passport/android.widget.TextView0 - Maybank2u Transfer' is: 'Maybank2u: Transfer'

2020-08-18 13:53:26 - [MESSAGE][WARNING] - Timeout '0' is invalid. Using default page load timeout: '10'

2020-08-18 13:53:27 - [MESSAGE][PASSED] - Text of element 'Object Repository/Maya/NRIC Passport/android.widget.TextView0 - Maybank2u Transfer' is: 'Maybank2u: Transfer'

2020-08-18 13:53:27 - [TEST_STEP][PASSED] - verifyElementVisible(findTestObject("Maya/NRIC Passport/android.widget.TextView0 - DuitNow of RM 2.00 to DEADPOOL. Passport Number  ABRA. REF 17180689639M"), 0): Element 'Object Repository/Maya/NRIC Passport/android.widget.TextView0 - DuitNow of RM 2.00 to DEADPOOL. Passport Number  ABRA. REF 17180689639M' is visible

2020-08-18 13:53:27 - [MESSAGE][WARNING] - Timeout '0' is invalid. Using default page load timeout: '10'

2020-08-18 13:53:28 - [MESSAGE][PASSED] - Element 'Object Repository/Maya/NRIC Passport/android.widget.TextView0 - DuitNow of RM 2.00 to DEADPOOL. Passport Number  ABRA. REF 17180689639M' is visible

2020-08-18 13:53:28 - [TEST_STEP][PASSED] - takeScreenshot("C:\Users\LENOVO\Screenshot\DuitNow\Screen39.png", CONTINUE_ON_FAILURE): Screenshot is taken

2020-08-18 13:53:29 - [MESSAGE][PASSED] - Screenshot is taken
[[ATTACHMENT|C:\\Users\\LENOVO\\Screenshot\\DuitNow\\Screen39.png]]]]></system-out>
         <system-err><![CDATA[2020-08-18 13:46:49 - [TEST_CASE][FAILED] - Test Cases/JINU/DuItNow/Transfer DuIt Now-Passport: Test Cases/JINU/DuItNow/Transfer DuIt Now-Passport FAILED.
Reason:
com.kms.katalon.core.exception.StepFailedException: Element 'Object Repository/Maya/spy/android.widget.TextView0 - Your TAC no. is 822872v3' not found
	at com.kms.katalon.core.keyword.internal.KeywordMain.stepFailed(KeywordMain.groovy:39)
	at com.kms.katalon.core.mobile.keyword.internal.MobileKeywordMain.stepFailed(MobileKeywordMain.groovy:40)
	at com.kms.katalon.core.mobile.keyword.builtin.VerifyElementExistKeyword$_verifyElementExist_closure1.doCall(VerifyElementExistKeyword.groovy:77)
	at com.kms.katalon.core.mobile.keyword.builtin.VerifyElementExistKeyword$_verifyElementExist_closure1.call(VerifyElementExistKeyword.groovy)
	at com.kms.katalon.core.mobile.keyword.internal.MobileKeywordMain.runKeyword(MobileKeywordMain.groovy:21)
	at com.kms.katalon.core.mobile.keyword.builtin.VerifyElementExistKeyword.verifyElementExist(VerifyElementExistKeyword.groovy:80)
	at com.kms.katalon.core.mobile.keyword.builtin.VerifyElementExistKeyword.execute(VerifyElementExistKeyword.groovy:64)
	at com.kms.katalon.core.keyword.internal.KeywordExecutor.executeKeywordForPlatform(KeywordExecutor.groovy:72)
	at com.kms.katalon.core.mobile.keyword.MobileBuiltInKeywords.verifyElementExist(MobileBuiltInKeywords.groovy:809)
	at com.kms.katalon.core.mobile.keyword.MobileBuiltInKeywords$verifyElementExist$5.call(Unknown Source)
	at Transfer DuIt Now-Passport.run(Transfer DuIt Now-Passport:280)
	at com.kms.katalon.core.main.ScriptEngine.run(ScriptEngine.java:194)
	at com.kms.katalon.core.main.ScriptEngine.runScriptAsRawText(ScriptEngine.java:119)
	at com.kms.katalon.core.main.TestCaseExecutor.runScript(TestCaseExecutor.java:337)
	at com.kms.katalon.core.main.TestCaseExecutor.doExecute(TestCaseExecutor.java:328)
	at com.kms.katalon.core.main.TestCaseExecutor.processExecutionPhase(TestCaseExecutor.java:307)
	at com.kms.katalon.core.main.TestCaseExecutor.accessMainPhase(TestCaseExecutor.java:299)
	at com.kms.katalon.core.main.TestCaseExecutor.execute(TestCaseExecutor.java:233)
	at com.kms.katalon.core.main.TestSuiteExecutor.accessTestCaseMainPhase(TestSuiteExecutor.java:169)
	at com.kms.katalon.core.main.TestSuiteExecutor.accessTestSuiteMainPhase(TestSuiteExecutor.java:142)
	at com.kms.katalon.core.main.TestSuiteExecutor.execute(TestSuiteExecutor.java:91)
	at com.kms.katalon.core.main.TestCaseMain.startTestSuite(TestCaseMain.java:157)
	at com.kms.katalon.core.main.TestCaseMain$startTestSuite$0.call(Unknown Source)
	at TempTestSuite1597729605944.run(TempTestSuite1597729605944.groovy:36)]]></system-err>
      </testcase>
      <system-out><![CDATA[2020-08-18 13:46:48 - [TEST_SUITE][FAILED] - UAT Test Suite: Test Cases/JINU/DuItNow/Transfer DuIt Now-Passport FAILED.
Reason:
com.kms.katalon.core.exception.StepFailedException: Element 'Object Repository/Maya/spy/android.widget.TextView0 - Your TAC no. is 822872v3' not found
	at com.kms.katalon.core.keyword.internal.KeywordMain.stepFailed(KeywordMain.groovy:39)
	at com.kms.katalon.core.mobile.keyword.internal.MobileKeywordMain.stepFailed(MobileKeywordMain.groovy:40)
	at com.kms.katalon.core.mobile.keyword.builtin.VerifyElementExistKeyword$_verifyElementExist_closure1.doCall(VerifyElementExistKeyword.groovy:77)
	at com.kms.katalon.core.mobile.keyword.builtin.VerifyElementExistKeyword$_verifyElementExist_closure1.call(VerifyElementExistKeyword.groovy)
	at com.kms.katalon.core.mobile.keyword.internal.MobileKeywordMain.runKeyword(MobileKeywordMain.groovy:21)
	at com.kms.katalon.core.mobile.keyword.builtin.VerifyElementExistKeyword.verifyElementExist(VerifyElementExistKeyword.groovy:80)
	at com.kms.katalon.core.mobile.keyword.builtin.VerifyElementExistKeyword.execute(VerifyElementExistKeyword.groovy:64)
	at com.kms.katalon.core.keyword.internal.KeywordExecutor.executeKeywordForPlatform(KeywordExecutor.groovy:72)
	at com.kms.katalon.core.mobile.keyword.MobileBuiltInKeywords.verifyElementExist(MobileBuiltInKeywords.groovy:809)
	at com.kms.katalon.core.mobile.keyword.MobileBuiltInKeywords$verifyElementExist$5.call(Unknown Source)
	at Transfer DuIt Now-Passport.run(Transfer DuIt Now-Passport:280)
	at com.kms.katalon.core.main.ScriptEngine.run(ScriptEngine.java:194)
	at com.kms.katalon.core.main.ScriptEngine.runScriptAsRawText(ScriptEngine.java:119)
	at com.kms.katalon.core.main.TestCaseExecutor.runScript(TestCaseExecutor.java:337)
	at com.kms.katalon.core.main.TestCaseExecutor.doExecute(TestCaseExecutor.java:328)
	at com.kms.katalon.core.main.TestCaseExecutor.processExecutionPhase(TestCaseExecutor.java:307)
	at com.kms.katalon.core.main.TestCaseExecutor.accessMainPhase(TestCaseExecutor.java:299)
	at com.kms.katalon.core.main.TestCaseExecutor.execute(TestCaseExecutor.java:233)
	at com.kms.katalon.core.main.TestSuiteExecutor.accessTestCaseMainPhase(TestSuiteExecutor.java:169)
	at com.kms.katalon.core.main.TestSuiteExecutor.accessTestSuiteMainPhase(TestSuiteExecutor.java:142)
	at com.kms.katalon.core.main.TestSuiteExecutor.execute(TestSuiteExecutor.java:91)
	at com.kms.katalon.core.main.TestCaseMain.startTestSuite(TestCaseMain.java:157)
	at com.kms.katalon.core.main.TestCaseMain$startTestSuite$0.call(Unknown Source)
	at TempTestSuite1597729605944.run(TempTestSuite1597729605944.groovy:36)]]></system-out>
      <system-err><![CDATA[2020-08-18 13:46:48 - [TEST_SUITE][FAILED] - UAT Test Suite: Test Cases/JINU/DuItNow/Transfer DuIt Now-Passport FAILED.
Reason:
com.kms.katalon.core.exception.StepFailedException: Element 'Object Repository/Maya/spy/android.widget.TextView0 - Your TAC no. is 822872v3' not found
	at com.kms.katalon.core.keyword.internal.KeywordMain.stepFailed(KeywordMain.groovy:39)
	at com.kms.katalon.core.mobile.keyword.internal.MobileKeywordMain.stepFailed(MobileKeywordMain.groovy:40)
	at com.kms.katalon.core.mobile.keyword.builtin.VerifyElementExistKeyword$_verifyElementExist_closure1.doCall(VerifyElementExistKeyword.groovy:77)
	at com.kms.katalon.core.mobile.keyword.builtin.VerifyElementExistKeyword$_verifyElementExist_closure1.call(VerifyElementExistKeyword.groovy)
	at com.kms.katalon.core.mobile.keyword.internal.MobileKeywordMain.runKeyword(MobileKeywordMain.groovy:21)
	at com.kms.katalon.core.mobile.keyword.builtin.VerifyElementExistKeyword.verifyElementExist(VerifyElementExistKeyword.groovy:80)
	at com.kms.katalon.core.mobile.keyword.builtin.VerifyElementExistKeyword.execute(VerifyElementExistKeyword.groovy:64)
	at com.kms.katalon.core.keyword.internal.KeywordExecutor.executeKeywordForPlatform(KeywordExecutor.groovy:72)
	at com.kms.katalon.core.mobile.keyword.MobileBuiltInKeywords.verifyElementExist(MobileBuiltInKeywords.groovy:809)
	at com.kms.katalon.core.mobile.keyword.MobileBuiltInKeywords$verifyElementExist$5.call(Unknown Source)
	at Transfer DuIt Now-Passport.run(Transfer DuIt Now-Passport:280)
	at com.kms.katalon.core.main.ScriptEngine.run(ScriptEngine.java:194)
	at com.kms.katalon.core.main.ScriptEngine.runScriptAsRawText(ScriptEngine.java:119)
	at com.kms.katalon.core.main.TestCaseExecutor.runScript(TestCaseExecutor.java:337)
	at com.kms.katalon.core.main.TestCaseExecutor.doExecute(TestCaseExecutor.java:328)
	at com.kms.katalon.core.main.TestCaseExecutor.processExecutionPhase(TestCaseExecutor.java:307)
	at com.kms.katalon.core.main.TestCaseExecutor.accessMainPhase(TestCaseExecutor.java:299)
	at com.kms.katalon.core.main.TestCaseExecutor.execute(TestCaseExecutor.java:233)
	at com.kms.katalon.core.main.TestSuiteExecutor.accessTestCaseMainPhase(TestSuiteExecutor.java:169)
	at com.kms.katalon.core.main.TestSuiteExecutor.accessTestSuiteMainPhase(TestSuiteExecutor.java:142)
	at com.kms.katalon.core.main.TestSuiteExecutor.execute(TestSuiteExecutor.java:91)
	at com.kms.katalon.core.main.TestCaseMain.startTestSuite(TestCaseMain.java:157)
	at com.kms.katalon.core.main.TestCaseMain$startTestSuite$0.call(Unknown Source)
	at TempTestSuite1597729605944.run(TempTestSuite1597729605944.groovy:36)]]></system-err>
   </testsuite>
</testsuites>
