<?xml version="1.0" encoding="UTF-8"?>
<testsuites name="UAT Test Suite" time="544.817" tests="1" failures="1" errors="0">
   <testsuite name="UAT Test Suite" tests="1" failures="1" errors="0" time="544.817" timestamp="2020-08-17 13:44:30" hostname="LENOVO - DESKTOP-CP3TV4N" id="Test Suites/Maya UAT/UAT Test Suite">
      <properties>
         <property name="deviceName" value="Xiaomi Redmi Note 7S (Android 9)"/>
         <property name="devicePlatform" value=""/>
         <property name="logFolder" value="C:\\Users\\LENOVO\\Git_new\\Maya\\Reports\\20200817_134427\\Maya UAT\\UAT Test Suite\\20200817_134427"/>
         <property name="logFiles" value="C:\\Users\\LENOVO\\Git_new\\Maya\\Reports\\20200817_134427\\Maya UAT\\UAT Test Suite\\20200817_134427\\appium.log, C:\\Users\\LENOVO\\Git_new\\Maya\\Reports\\20200817_134427\\Maya UAT\\UAT Test Suite\\20200817_134427\\execution0.log"/>
         <property name="attachments" value="C:\\Users\\LENOVO\\Screenshot\\Third Party Fav\\Screen1.png, C:\\Users\\LENOVO\\Screenshot\\Third Party Fav\\FavTransfer.png, C:\\Users\\LENOVO\\Screenshot\\Third Party Fav\\Duitnow_Fav_Tran.png, C:\\Users\\LENOVO\\Screenshot\\Third Party Fav\\Screen3.png, C:\\Users\\LENOVO\\Screenshot\\Third Party Fav\\Amt_Tran.png, C:\\Users\\LENOVO\\Screenshot\\Third Party Fav\\Ref_Tran.png, C:\\Users\\LENOVO\\Git_new\\Maya\\Reports\\20200817_134427\\Maya UAT\\UAT Test Suite\\20200817_134427\\1597643473908.png, C:\\Users\\LENOVO\\Screenshot\\Third Party Fav\\Duitnow_Fav_Tran_Conf.png, C:\\Users\\LENOVO\\Git_new\\Maya\\Reports\\20200817_134427\\Maya UAT\\UAT Test Suite\\20200817_134427\\1597643488095.png, C:\\Users\\LENOVO\\Git_new\\Maya\\Reports\\20200817_134427\\Maya UAT\\UAT Test Suite\\20200817_134427\\1597643499614.png, C:\\Users\\LENOVO\\Screenshot\\Third Party Fav\\Schedule.png, C:\\Users\\LENOVO\\Screenshot\\Third Party Fav\\Fav Done.png, C:\\Users\\LENOVO\\Screenshot\\Third Party\\Screenshot24, C:\\Users\\LENOVO\\Screenshot\\Third Party Fav\\Fav transac, C:\\Users\\LENOVO\\Screenshot\\DuitNow\\Screen39.png"/>
         <property name="hostName" value="LENOVO - DESKTOP-CP3TV4N"/>
         <property name="os" value="Windows 10 64bit"/>
         <property name="appiumServerStatus" value="{\&quot;value\&quot;:{\&quot;build\&quot;:{\&quot;version\&quot;:\&quot;1.15.1\&quot;}},\&quot;sessionId\&quot;:null,\&quot;status\&quot;:0}"/>
         <property name="katalonVersion" value="7.2.7.1"/>
         <property name="deviceOS" value="Android"/>
         <property name="appiumVersion" value="1.15.1"/>
         <property name="deviceModel" value="Redmi Note 7S"/>
         <property name="hostAddress" value="192.168.0.102"/>
         <property name="deviceManufacturer" value="Xiaomi"/>
         <property name="deviceId" value="11cb9864"/>
         <property name="deviceName" value="Xiaomi Redmi Note 7S (Android 9)"/>
         <property name="deviceOSVersion" value="9"/>
      </properties>
      <testcase name="Test Cases/JINU/DuItNow/duit now-Fav" time="543.712" classname="Test Cases/JINU/DuItNow/duit now-Fav" status="FAILED">
         <failure type="FAILED" message="Test Cases/JINU/DuItNow/duit now-Fav FAILED.
Reason:
com.kms.katalon.core.exception.StepFailedException: Object Object Repository/Maya/New_Transfer/android.widget.TextView0 - You are required to authenticate in One-Tap Authorisation to complete your first-time favourite transfer. not found
	at com.kms.katalon.core.keyword.internal.KeywordMain.stepFailed(KeywordMain.groovy:39)
	at com.kms.katalon.core.mobile.keyword.internal.MobileKeywordMain.stepFailed(MobileKeywordMain.groovy:40)
	at com.kms.katalon.core.mobile.keyword.builtin.GetTextKeyword$_getText_closure1.doCall(GetTextKeyword.groovy:74)
	at com.kms.katalon.core.mobile.keyword.builtin.GetTextKeyword$_getText_closure1.call(GetTextKeyword.groovy)
	at com.kms.katalon.core.mobile.keyword.internal.MobileKeywordMain.runKeyword(MobileKeywordMain.groovy:21)
	at com.kms.katalon.core.mobile.keyword.builtin.GetTextKeyword.getText(GetTextKeyword.groovy:80)
	at com.kms.katalon.core.mobile.keyword.builtin.GetTextKeyword.execute(GetTextKeyword.groovy:64)
	at com.kms.katalon.core.keyword.internal.KeywordExecutor.executeKeywordForPlatform(KeywordExecutor.groovy:72)
	at com.kms.katalon.core.mobile.keyword.MobileBuiltInKeywords.getText(MobileBuiltInKeywords.groovy:459)
	at com.kms.katalon.core.mobile.keyword.MobileBuiltInKeywords$getText$7.call(Unknown Source)
	at duit now-Fav.run(duit now-Fav:150)
	at com.kms.katalon.core.main.ScriptEngine.run(ScriptEngine.java:194)
	at com.kms.katalon.core.main.ScriptEngine.runScriptAsRawText(ScriptEngine.java:119)
	at com.kms.katalon.core.main.TestCaseExecutor.runScript(TestCaseExecutor.java:337)
	at com.kms.katalon.core.main.TestCaseExecutor.doExecute(TestCaseExecutor.java:328)
	at com.kms.katalon.core.main.TestCaseExecutor.processExecutionPhase(TestCaseExecutor.java:307)
	at com.kms.katalon.core.main.TestCaseExecutor.accessMainPhase(TestCaseExecutor.java:299)
	at com.kms.katalon.core.main.TestCaseExecutor.execute(TestCaseExecutor.java:233)
	at com.kms.katalon.core.main.TestSuiteExecutor.accessTestCaseMainPhase(TestSuiteExecutor.java:169)
	at com.kms.katalon.core.main.TestSuiteExecutor.accessTestSuiteMainPhase(TestSuiteExecutor.java:142)
	at com.kms.katalon.core.main.TestSuiteExecutor.execute(TestSuiteExecutor.java:91)
	at com.kms.katalon.core.main.TestCaseMain.startTestSuite(TestCaseMain.java:157)
	at com.kms.katalon.core.main.TestCaseMain$startTestSuite$0.call(Unknown Source)
	at TempTestSuite1597643067601.run(TempTestSuite1597643067601.groovy:36)
"/>
         <system-out><![CDATA[2020-08-17 13:44:31 - [TEST_CASE][FAILED] - Test Cases/JINU/DuItNow/duit now-Fav: Test Cases/JINU/DuItNow/duit now-Fav FAILED.
Reason:
com.kms.katalon.core.exception.StepFailedException: Object Object Repository/Maya/New_Transfer/android.widget.TextView0 - You are required to authenticate in One-Tap Authorisation to complete your first-time favourite transfer. not found
	at com.kms.katalon.core.keyword.internal.KeywordMain.stepFailed(KeywordMain.groovy:39)
	at com.kms.katalon.core.mobile.keyword.internal.MobileKeywordMain.stepFailed(MobileKeywordMain.groovy:40)
	at com.kms.katalon.core.mobile.keyword.builtin.GetTextKeyword$_getText_closure1.doCall(GetTextKeyword.groovy:74)
	at com.kms.katalon.core.mobile.keyword.builtin.GetTextKeyword$_getText_closure1.call(GetTextKeyword.groovy)
	at com.kms.katalon.core.mobile.keyword.internal.MobileKeywordMain.runKeyword(MobileKeywordMain.groovy:21)
	at com.kms.katalon.core.mobile.keyword.builtin.GetTextKeyword.getText(GetTextKeyword.groovy:80)
	at com.kms.katalon.core.mobile.keyword.builtin.GetTextKeyword.execute(GetTextKeyword.groovy:64)
	at com.kms.katalon.core.keyword.internal.KeywordExecutor.executeKeywordForPlatform(KeywordExecutor.groovy:72)
	at com.kms.katalon.core.mobile.keyword.MobileBuiltInKeywords.getText(MobileBuiltInKeywords.groovy:459)
	at com.kms.katalon.core.mobile.keyword.MobileBuiltInKeywords$getText$7.call(Unknown Source)
	at duit now-Fav.run(duit now-Fav:150)
	at com.kms.katalon.core.main.ScriptEngine.run(ScriptEngine.java:194)
	at com.kms.katalon.core.main.ScriptEngine.runScriptAsRawText(ScriptEngine.java:119)
	at com.kms.katalon.core.main.TestCaseExecutor.runScript(TestCaseExecutor.java:337)
	at com.kms.katalon.core.main.TestCaseExecutor.doExecute(TestCaseExecutor.java:328)
	at com.kms.katalon.core.main.TestCaseExecutor.processExecutionPhase(TestCaseExecutor.java:307)
	at com.kms.katalon.core.main.TestCaseExecutor.accessMainPhase(TestCaseExecutor.java:299)
	at com.kms.katalon.core.main.TestCaseExecutor.execute(TestCaseExecutor.java:233)
	at com.kms.katalon.core.main.TestSuiteExecutor.accessTestCaseMainPhase(TestSuiteExecutor.java:169)
	at com.kms.katalon.core.main.TestSuiteExecutor.accessTestSuiteMainPhase(TestSuiteExecutor.java:142)
	at com.kms.katalon.core.main.TestSuiteExecutor.execute(TestSuiteExecutor.java:91)
	at com.kms.katalon.core.main.TestCaseMain.startTestSuite(TestCaseMain.java:157)
	at com.kms.katalon.core.main.TestCaseMain$startTestSuite$0.call(Unknown Source)
	at TempTestSuite1597643067601.run(TempTestSuite1597643067601.groovy:36)


2020-08-17 13:44:32 - [TEST_STEP][PASSED] - startApplication("C:\Users\LENOVO\Katalon Studio\app-uat-universal-release.apk", false): Started app at: 'C:\Users\LENOVO\Katalon Studio\app-uat-universal-release.apk'

2020-08-17 13:44:32 - [MESSAGE][INFO] - User set preference: ['appWaitActivity', '*']

2020-08-17 13:44:32 - [MESSAGE][INFO] - User set preference: ['appWaitPackage', 'com.maybank2u.life.uat']

2020-08-17 13:44:32 - [MESSAGE][INFO] - User set preference: ['appWaitDuration', '50,000']

2020-08-17 13:44:32 - [MESSAGE][INFO] - User set preference: ['deviceId', '11cb9864']

2020-08-17 13:44:35 - [MESSAGE][INFO] - Appium server started on port 59,482

2020-08-17 13:45:02 - [MESSAGE][PASSED] - Started app at: 'C:\Users\LENOVO\Katalon Studio\app-uat-universal-release.apk'

2020-08-17 13:45:02 - [TEST_STEP][PASSED] - delay(7, STOP_ON_FAILURE): Delayed 7 second(s)

2020-08-17 13:45:09 - [MESSAGE][PASSED] - Delayed 7 second(s)

2020-08-17 13:45:09 - [TEST_STEP][PASSED] - tap(findTestObject("Maya/RegisterDuitNow/android.widget.TextView0 - Transfer (1)"), 7): Tapped on element 'Object Repository/Maya/RegisterDuitNow/android.widget.TextView0 - Transfer (1)'

2020-08-17 13:46:13 - [MESSAGE][PASSED] - Tapped on element 'Object Repository/Maya/RegisterDuitNow/android.widget.TextView0 - Transfer (1)'

2020-08-17 13:46:13 - [TEST_STEP][PASSED] - delay(2, STOP_ON_FAILURE): Delayed 2 second(s)

2020-08-17 13:46:15 - [MESSAGE][PASSED] - Delayed 2 second(s)

2020-08-17 13:46:15 - [TEST_STEP][PASSED] - takeScreenshot("C:\Users\LENOVO\Screenshot\Third Party Fav\Screen1.png", CONTINUE_ON_FAILURE): Screenshot is taken

2020-08-17 13:46:17 - [MESSAGE][PASSED] - Screenshot is taken
[[ATTACHMENT|C:\\Users\\LENOVO\\Screenshot\\Third Party Fav\\Screen1.png]]

2020-08-17 13:46:17 - [TEST_STEP][NOT_RUN] - tap(findTestObject("Maya/Third Party CA account/android.widget.TextView0 - Transfer"), 0): NOT_RUN: tap(findTestObject("Maya/Third Party CA account/android.widget.TextView0 - Transfer"), 0)

2020-08-17 13:46:17 - [MESSAGE][NOT_RUN] - NOT_RUN: tap(findTestObject("Maya/Third Party CA account/android.widget.TextView0 - Transfer"), 0)

2020-08-17 13:46:17 - [TEST_STEP][PASSED] - takeScreenshot("C:\Users\LENOVO\Screenshot\Third Party Fav\FavTransfer.png", STOP_ON_FAILURE): Screenshot is taken

2020-08-17 13:46:18 - [MESSAGE][PASSED] - Screenshot is taken
[[ATTACHMENT|C:\\Users\\LENOVO\\Screenshot\\Third Party Fav\\FavTransfer.png]]

2020-08-17 13:46:18 - [TEST_STEP][NOT_RUN] - tap(findTestObject("Maya/duitnow/android.widget.ImageView0 (1)"), 0): NOT_RUN: tap(findTestObject("Maya/duitnow/android.widget.ImageView0 (1)"), 0)

2020-08-17 13:46:18 - [MESSAGE][NOT_RUN] - NOT_RUN: tap(findTestObject("Maya/duitnow/android.widget.ImageView0 (1)"), 0)

2020-08-17 13:46:18 - [TEST_STEP][PASSED] - tap(findTestObject("Maya/duitnow/android.widget.EditText0"), 0): Tapped on element 'Object Repository/Maya/duitnow/android.widget.EditText0'

2020-08-17 13:46:18 - [MESSAGE][WARNING] - Timeout '0' is invalid. Using default page load timeout: '10'

2020-08-17 13:46:19 - [MESSAGE][PASSED] - Tapped on element 'Object Repository/Maya/duitnow/android.widget.EditText0'

2020-08-17 13:46:19 - [TEST_STEP][PASSED] - setText(findTestObject("Maya/duitnow/android.widget.EditText0"), "pass1234", 0): Text 'pass1234' has been set to element 'Object Repository/Maya/duitnow/android.widget.EditText0'

2020-08-17 13:46:19 - [MESSAGE][WARNING] - Timeout '0' is invalid. Using default page load timeout: '10'

2020-08-17 13:46:20 - [MESSAGE][PASSED] - Text 'pass1234' has been set to element 'Object Repository/Maya/duitnow/android.widget.EditText0'

2020-08-17 13:46:20 - [TEST_STEP][PASSED] - driver = getDriver(): null

2020-08-17 13:46:20 - [TEST_STEP][PASSED] - driver.pressKeyCode(ENTER): null

2020-08-17 13:46:21 - [TEST_STEP][PASSED] - delay(5, STOP_ON_FAILURE): Delayed 5 second(s)

2020-08-17 13:46:26 - [MESSAGE][PASSED] - Delayed 5 second(s)

2020-08-17 13:46:26 - [TEST_STEP][PASSED] - tapAndHoldAtPosition(627, 376, 2): Tapped and held at [627, 376] with duration 2

2020-08-17 13:46:30 - [MESSAGE][PASSED] - Tapped and held at [627, 376] with duration 2

2020-08-17 13:46:30 - [TEST_STEP][PASSED] - delay(2, STOP_ON_FAILURE): Delayed 2 second(s)

2020-08-17 13:46:32 - [MESSAGE][PASSED] - Delayed 2 second(s)

2020-08-17 13:46:32 - [TEST_STEP][PASSED] - takeScreenshot("C:\Users\LENOVO\Screenshot\Third Party Fav\Duitnow_Fav_Tran.png", CONTINUE_ON_FAILURE): Screenshot is taken

2020-08-17 13:46:33 - [MESSAGE][PASSED] - Screenshot is taken
[[ATTACHMENT|C:\\Users\\LENOVO\\Screenshot\\Third Party Fav\\Duitnow_Fav_Tran.png]]

2020-08-17 13:46:33 - [TEST_STEP][PASSED] - tap(findTestObject("Maya/New_Transfer/android.widget.ImageView0-child"), 0): Tapped on element 'Object Repository/Maya/New_Transfer/android.widget.ImageView0-child'

2020-08-17 13:46:33 - [MESSAGE][WARNING] - Timeout '0' is invalid. Using default page load timeout: '10'

2020-08-17 13:47:56 - [MESSAGE][PASSED] - Tapped on element 'Object Repository/Maya/New_Transfer/android.widget.ImageView0-child'

2020-08-17 13:47:56 - [TEST_STEP][NOT_RUN] - checkElement(findTestObject("Maya/Third Party Fav/android.widget.EditText0 - Type name Fav"), 0): NOT_RUN: checkElement(findTestObject("Maya/Third Party Fav/android.widget.EditText0 - Type name Fav"), 0)

2020-08-17 13:47:56 - [MESSAGE][NOT_RUN] - NOT_RUN: checkElement(findTestObject("Maya/Third Party Fav/android.widget.EditText0 - Type name Fav"), 0)

2020-08-17 13:47:56 - [TEST_STEP][PASSED] - delay(2, CONTINUE_ON_FAILURE): Delayed 2 second(s)

2020-08-17 13:47:58 - [MESSAGE][PASSED] - Delayed 2 second(s)

2020-08-17 13:47:58 - [TEST_STEP][PASSED] - tapAtPosition(1030, 1719): Tapped at [1,030, 1,719]

2020-08-17 13:48:08 - [MESSAGE][PASSED] - Tapped at [1,030, 1,719]

2020-08-17 13:48:08 - [TEST_STEP][PASSED] - delay(2, STOP_ON_FAILURE): Delayed 2 second(s)

2020-08-17 13:48:10 - [MESSAGE][PASSED] - Delayed 2 second(s)

2020-08-17 13:48:10 - [TEST_STEP][PASSED] - tapAtPosition(647, 1988): Tapped at [647, 1,988]

2020-08-17 13:48:20 - [MESSAGE][PASSED] - Tapped at [647, 1,988]

2020-08-17 13:48:20 - [TEST_STEP][PASSED] - delay(2, STOP_ON_FAILURE): Delayed 2 second(s)

2020-08-17 13:48:22 - [MESSAGE][PASSED] - Delayed 2 second(s)

2020-08-17 13:48:22 - [TEST_STEP][PASSED] - tapAtPosition(647, 1988): Tapped at [647, 1,988]

2020-08-17 13:48:33 - [MESSAGE][PASSED] - Tapped at [647, 1,988]

2020-08-17 13:48:33 - [TEST_STEP][PASSED] - delay(2, STOP_ON_FAILURE): Delayed 2 second(s)

2020-08-17 13:48:35 - [MESSAGE][PASSED] - Delayed 2 second(s)

2020-08-17 13:48:35 - [TEST_STEP][PASSED] - hideKeyboard(): Keyboard is hidden

2020-08-17 13:48:39 - [MESSAGE][PASSED] - Keyboard is hidden

2020-08-17 13:48:39 - [TEST_STEP][NOT_RUN] - driver.pressKeyCode(ENTER): NOT_RUN: driver.pressKeyCode(ENTER)

2020-08-17 13:48:39 - [MESSAGE][NOT_RUN] - NOT_RUN: driver.pressKeyCode(ENTER)

2020-08-17 13:48:39 - [TEST_STEP][NOT_RUN] - swipe(520, 900, 520, 400): NOT_RUN: swipe(520, 900, 520, 400)

2020-08-17 13:48:39 - [MESSAGE][NOT_RUN] - NOT_RUN: swipe(520, 900, 520, 400)

2020-08-17 13:48:39 - [TEST_STEP][PASSED] - delay(2, STOP_ON_FAILURE): Delayed 2 second(s)

2020-08-17 13:48:41 - [MESSAGE][PASSED] - Delayed 2 second(s)

2020-08-17 13:48:41 - [TEST_STEP][PASSED] - takeScreenshot("C:\Users\LENOVO\Screenshot\Third Party Fav\Screen3.png", CONTINUE_ON_FAILURE): Screenshot is taken

2020-08-17 13:48:42 - [MESSAGE][PASSED] - Screenshot is taken
[[ATTACHMENT|C:\\Users\\LENOVO\\Screenshot\\Third Party Fav\\Screen3.png]]

2020-08-17 13:48:42 - [TEST_STEP][PASSED] - delay(2, STOP_ON_FAILURE): Delayed 2 second(s)

2020-08-17 13:48:44 - [MESSAGE][PASSED] - Delayed 2 second(s)

2020-08-17 13:48:44 - [TEST_STEP][NOT_RUN] - tapAtPosition(318, 762): NOT_RUN: tapAtPosition(318, 762)

2020-08-17 13:48:44 - [MESSAGE][NOT_RUN] - NOT_RUN: tapAtPosition(318, 762)

2020-08-17 13:48:44 - [TEST_STEP][PASSED] - tap(findTestObject("Maya/duitNowFav/android.widget.TextView0 - Pbb"), 5): Tapped on element 'Object Repository/Maya/duitNowFav/android.widget.TextView0 - Pbb'

2020-08-17 13:50:28 - [MESSAGE][PASSED] - Tapped on element 'Object Repository/Maya/duitNowFav/android.widget.TextView0 - Pbb'

2020-08-17 13:50:28 - [TEST_STEP][PASSED] - delay(4, STOP_ON_FAILURE): Delayed 4 second(s)

2020-08-17 13:50:32 - [MESSAGE][PASSED] - Delayed 4 second(s)

2020-08-17 13:50:32 - [TEST_STEP][PASSED] - verifyElementExist(findTestObject("Maya/duitNowFav/Verify Fav Contact"), 0): Element 'Object Repository/Maya/duitNowFav/Verify Fav Contact' is exist

2020-08-17 13:50:32 - [MESSAGE][WARNING] - Timeout '0' is invalid. Using default page load timeout: '10'

2020-08-17 13:50:33 - [MESSAGE][PASSED] - Element 'Object Repository/Maya/duitNowFav/Verify Fav Contact' is exist

2020-08-17 13:50:33 - [TEST_STEP][PASSED] - delay(4, STOP_ON_FAILURE): Delayed 4 second(s)

2020-08-17 13:50:37 - [MESSAGE][PASSED] - Delayed 4 second(s)

2020-08-17 13:50:37 - [TEST_STEP][PASSED] - tap(findTestObject("Maya/duitNowFav/android.widget.TextView0 - 2"), 0): Tapped on element 'Object Repository/Maya/duitNowFav/android.widget.TextView0 - 2'

2020-08-17 13:50:38 - [MESSAGE][WARNING] - Timeout '0' is invalid. Using default page load timeout: '10'

2020-08-17 13:50:39 - [MESSAGE][PASSED] - Tapped on element 'Object Repository/Maya/duitNowFav/android.widget.TextView0 - 2'

2020-08-17 13:50:39 - [TEST_STEP][PASSED] - tap(findTestObject("Maya/duitNowFav/android.widget.TextView0 - 0"), 0): Tapped on element 'Object Repository/Maya/duitNowFav/android.widget.TextView0 - 0'

2020-08-17 13:50:39 - [MESSAGE][WARNING] - Timeout '0' is invalid. Using default page load timeout: '10'

2020-08-17 13:50:40 - [MESSAGE][PASSED] - Tapped on element 'Object Repository/Maya/duitNowFav/android.widget.TextView0 - 0'

2020-08-17 13:50:40 - [TEST_STEP][PASSED] - tap(findTestObject("Maya/duitNowFav/android.widget.TextView0 - 0"), 0): Tapped on element 'Object Repository/Maya/duitNowFav/android.widget.TextView0 - 0'

2020-08-17 13:50:40 - [MESSAGE][WARNING] - Timeout '0' is invalid. Using default page load timeout: '10'

2020-08-17 13:50:43 - [MESSAGE][PASSED] - Tapped on element 'Object Repository/Maya/duitNowFav/android.widget.TextView0 - 0'

2020-08-17 13:50:43 - [TEST_STEP][PASSED] - delay(2, STOP_ON_FAILURE): Delayed 2 second(s)

2020-08-17 13:50:45 - [MESSAGE][PASSED] - Delayed 2 second(s)

2020-08-17 13:50:45 - [TEST_STEP][PASSED] - takeScreenshot("C:\Users\LENOVO\Screenshot\Third Party Fav\Amt_Tran.png", CONTINUE_ON_FAILURE): Screenshot is taken

2020-08-17 13:50:46 - [MESSAGE][PASSED] - Screenshot is taken
[[ATTACHMENT|C:\\Users\\LENOVO\\Screenshot\\Third Party Fav\\Amt_Tran.png]]

2020-08-17 13:50:46 - [TEST_STEP][PASSED] - tap(findTestObject("Maya/RegisterDuitNow/android.widget.ImageView0 (9)"), 0): Tapped on element 'Object Repository/Maya/RegisterDuitNow/android.widget.ImageView0 (9)'

2020-08-17 13:50:46 - [MESSAGE][WARNING] - Timeout '0' is invalid. Using default page load timeout: '10'

2020-08-17 13:50:49 - [MESSAGE][PASSED] - Tapped on element 'Object Repository/Maya/RegisterDuitNow/android.widget.ImageView0 (9)'

2020-08-17 13:50:49 - [TEST_STEP][NOT_RUN] - tap(findTestObject("Maya/duitnow/android.widget.EditText0 (1)"), 0): NOT_RUN: tap(findTestObject("Maya/duitnow/android.widget.EditText0 (1)"), 0)

2020-08-17 13:50:49 - [MESSAGE][NOT_RUN] - NOT_RUN: tap(findTestObject("Maya/duitnow/android.widget.EditText0 (1)"), 0)

2020-08-17 13:50:49 - [TEST_STEP][PASSED] - driver.pressKeyCode(ENTER): null

2020-08-17 13:50:49 - [TEST_STEP][PASSED] - verifyElementExist(findTestObject("Maya/duitNowFav/Verify Fav Contact"), 0): Element 'Object Repository/Maya/duitNowFav/Verify Fav Contact' is exist

2020-08-17 13:50:49 - [MESSAGE][WARNING] - Timeout '0' is invalid. Using default page load timeout: '10'

2020-08-17 13:50:50 - [MESSAGE][PASSED] - Element 'Object Repository/Maya/duitNowFav/Verify Fav Contact' is exist

2020-08-17 13:50:50 - [TEST_STEP][NOT_RUN] - verifyElementExist(findTestObject("Maya/duitNowFav/android.widget.TextView0 - Please enter a recipient reference."), 0): NOT_RUN: verifyElementExist(findTestObject("Maya/duitNowFav/android.widget.TextView0 - Please enter a recipient reference."), 0)

2020-08-17 13:50:50 - [MESSAGE][NOT_RUN] - NOT_RUN: verifyElementExist(findTestObject("Maya/duitNowFav/android.widget.TextView0 - Please enter a recipient reference."), 0)

2020-08-17 13:50:50 - [TEST_STEP][PASSED] - setText(findTestObject("Maya/duitnow/android.widget.EditText0 (1)"), "Test", 0): Text 'Test' has been set to element 'Object Repository/Maya/duitnow/android.widget.EditText0 (1)'

2020-08-17 13:50:50 - [MESSAGE][WARNING] - Timeout '0' is invalid. Using default page load timeout: '10'

2020-08-17 13:50:52 - [MESSAGE][PASSED] - Text 'Test' has been set to element 'Object Repository/Maya/duitnow/android.widget.EditText0 (1)'

2020-08-17 13:50:52 - [TEST_STEP][PASSED] - driver.pressKeyCode(ENTER): null

2020-08-17 13:50:53 - [TEST_STEP][PASSED] - delay(2, STOP_ON_FAILURE): Delayed 2 second(s)

2020-08-17 13:50:55 - [MESSAGE][PASSED] - Delayed 2 second(s)

2020-08-17 13:50:55 - [TEST_STEP][NOT_RUN] - tap(findTestObject("Maya/duitnow/android.widget.TextView0 - Continue (1)"), 0): NOT_RUN: tap(findTestObject("Maya/duitnow/android.widget.TextView0 - Continue (1)"), 0)

2020-08-17 13:50:55 - [MESSAGE][NOT_RUN] - NOT_RUN: tap(findTestObject("Maya/duitnow/android.widget.TextView0 - Continue (1)"), 0)

2020-08-17 13:50:55 - [TEST_STEP][PASSED] - takeScreenshot("C:\Users\LENOVO\Screenshot\Third Party Fav\Ref_Tran.png", CONTINUE_ON_FAILURE): Screenshot is taken

2020-08-17 13:50:57 - [MESSAGE][PASSED] - Screenshot is taken
[[ATTACHMENT|C:\\Users\\LENOVO\\Screenshot\\Third Party Fav\\Ref_Tran.png]]

2020-08-17 13:50:57 - [TEST_STEP][PASSED] - verifyElementExist(findTestObject("Maya/duitNowFav/Verify Fav Contact"), 0): Element 'Object Repository/Maya/duitNowFav/Verify Fav Contact' is exist

2020-08-17 13:50:57 - [MESSAGE][WARNING] - Timeout '0' is invalid. Using default page load timeout: '10'

2020-08-17 13:50:57 - [MESSAGE][PASSED] - Element 'Object Repository/Maya/duitNowFav/Verify Fav Contact' is exist

2020-08-17 13:50:57 - [TEST_STEP][PASSED] - tap(findTestObject("Maya/duitNowFav/android.widget.TextView0 - Today"), 0): Tapped on element 'Object Repository/Maya/duitNowFav/android.widget.TextView0 - Today'

2020-08-17 13:50:57 - [MESSAGE][WARNING] - Timeout '0' is invalid. Using default page load timeout: '10'

2020-08-17 13:50:58 - [MESSAGE][PASSED] - Tapped on element 'Object Repository/Maya/duitNowFav/android.widget.TextView0 - Today'

2020-08-17 13:50:58 - [TEST_STEP][PASSED] - tap(findTestObject("Maya/New_Transfer/android.widget.TextView0 - 30"), 0): Tapped on element 'Object Repository/Maya/New_Transfer/android.widget.TextView0 - 30'

2020-08-17 13:50:59 - [MESSAGE][WARNING] - Timeout '0' is invalid. Using default page load timeout: '10'

2020-08-17 13:51:01 - [MESSAGE][PASSED] - Tapped on element 'Object Repository/Maya/New_Transfer/android.widget.TextView0 - 30'

2020-08-17 13:51:01 - [TEST_STEP][PASSED] - tap(findTestObject("Maya/duitNowFav/android.widget.TextView0 - Done"), 0): Tapped on element 'Object Repository/Maya/duitNowFav/android.widget.TextView0 - Done'

2020-08-17 13:51:01 - [MESSAGE][WARNING] - Timeout '0' is invalid. Using default page load timeout: '10'

2020-08-17 13:51:03 - [MESSAGE][PASSED] - Tapped on element 'Object Repository/Maya/duitNowFav/android.widget.TextView0 - Done'

2020-08-17 13:51:03 - [TEST_STEP][FAILED] - getText(findTestObject("Maya/New_Transfer/android.widget.TextView0 - You are required to authenticate in One-Tap Authorisation to complete your first-time favourite transfer."), 0): Object Object Repository/Maya/New_Transfer/android.widget.TextView0 - You are required to authenticate in One-Tap Authorisation to complete your first-time favourite transfer. not found

2020-08-17 13:51:03 - [MESSAGE][WARNING] - Timeout '0' is invalid. Using default page load timeout: '10'

2020-08-17 13:51:15 - [MESSAGE][FAILED] - Object Object Repository/Maya/New_Transfer/android.widget.TextView0 - You are required to authenticate in One-Tap Authorisation to complete your first-time favourite transfer. not found
[[ATTACHMENT|C:\\Users\\LENOVO\\Git_new\\Maya\\Reports\\20200817_134427\\Maya UAT\\UAT Test Suite\\20200817_134427\\1597643473908.png]]

2020-08-17 13:51:15 - [TEST_STEP][PASSED] - getText(findTestObject("Maya/duitNowFav/android.widget.TextView0 - Test"), 0): Text of element 'Object Repository/Maya/duitNowFav/android.widget.TextView0 - Test' is: 'Test'

2020-08-17 13:51:15 - [MESSAGE][WARNING] - Timeout '0' is invalid. Using default page load timeout: '10'

2020-08-17 13:51:15 - [MESSAGE][PASSED] - Text of element 'Object Repository/Maya/duitNowFav/android.widget.TextView0 - Test' is: 'Test'

2020-08-17 13:51:15 - [TEST_STEP][PASSED] - verifyElementText(findTestObject("Maya/duitNowFav/android.widget.TextView0 - Test"), "Test"): Actual text and expected text of test object 'Object Repository/Maya/duitNowFav/android.widget.TextView0 - Test' are matched.

2020-08-17 13:51:15 - [MESSAGE][PASSED] - Actual text and expected text of test object 'Object Repository/Maya/duitNowFav/android.widget.TextView0 - Test' are matched.

2020-08-17 13:51:15 - [TEST_STEP][PASSED] - getText(findTestObject("Maya/duitNowFav/android.widget.TextView0 - RM 2.00"), 0): Text of element 'Object Repository/Maya/duitNowFav/android.widget.TextView0 - RM 2.00' is: 'Confirmation'

2020-08-17 13:51:15 - [MESSAGE][WARNING] - Timeout '0' is invalid. Using default page load timeout: '10'

2020-08-17 13:51:16 - [MESSAGE][PASSED] - Text of element 'Object Repository/Maya/duitNowFav/android.widget.TextView0 - RM 2.00' is: 'Confirmation'

2020-08-17 13:51:16 - [TEST_STEP][PASSED] - getText(findTestObject("Maya/duitNowFav/android.widget.TextView0 - 0109030162"), 0): Text of element 'Object Repository/Maya/duitNowFav/android.widget.TextView0 - 0109030162' is: '010 9030 162'

2020-08-17 13:51:16 - [MESSAGE][WARNING] - Timeout '0' is invalid. Using default page load timeout: '10'

2020-08-17 13:51:17 - [MESSAGE][PASSED] - Text of element 'Object Repository/Maya/duitNowFav/android.widget.TextView0 - 0109030162' is: '010 9030 162'

2020-08-17 13:51:17 - [TEST_STEP][PASSED] - verifyElementText(findTestObject("Maya/duitNowFav/android.widget.TextView0 - 0109030162"), "010 9030 162"): Actual text and expected text of test object 'Object Repository/Maya/duitNowFav/android.widget.TextView0 - 0109030162' are matched.

2020-08-17 13:51:17 - [MESSAGE][PASSED] - Actual text and expected text of test object 'Object Repository/Maya/duitNowFav/android.widget.TextView0 - 0109030162' are matched.

2020-08-17 13:51:17 - [TEST_STEP][PASSED] - delay(2, STOP_ON_FAILURE): Delayed 2 second(s)

2020-08-17 13:51:19 - [MESSAGE][PASSED] - Delayed 2 second(s)

2020-08-17 13:51:19 - [TEST_STEP][PASSED] - takeScreenshot("C:\Users\LENOVO\Screenshot\Third Party Fav\Duitnow_Fav_Tran_Conf.png", CONTINUE_ON_FAILURE): Screenshot is taken

2020-08-17 13:51:20 - [MESSAGE][PASSED] - Screenshot is taken
[[ATTACHMENT|C:\\Users\\LENOVO\\Screenshot\\Third Party Fav\\Duitnow_Fav_Tran_Conf.png]]

2020-08-17 13:51:20 - [TEST_STEP][PASSED] - tap(findTestObject("Maya/duitNowFav/android.widget.TextView0 - Transfer Now"), 0): Tapped on element 'Object Repository/Maya/duitNowFav/android.widget.TextView0 - Transfer Now'

2020-08-17 13:51:20 - [MESSAGE][WARNING] - Timeout '0' is invalid. Using default page load timeout: '10'

2020-08-17 13:51:22 - [MESSAGE][PASSED] - Tapped on element 'Object Repository/Maya/duitNowFav/android.widget.TextView0 - Transfer Now'

2020-08-17 13:51:22 - [TEST_STEP][PASSED] - delay(2, CONTINUE_ON_FAILURE): Delayed 2 second(s)

2020-08-17 13:51:24 - [MESSAGE][PASSED] - Delayed 2 second(s)

2020-08-17 13:51:24 - [TEST_STEP][FAILED] - if (verifyElementExist(findTestObject("Maya/drop4 CR/android.widget.TextView0 - Your TAC no. is 831555lATEST"), 3)): Element 'Object Repository/Maya/drop4 CR/android.widget.TextView0 - Your TAC no. is 831555lATEST' not found

2020-08-17 13:51:29 - [MESSAGE][FAILED] - Element 'Object Repository/Maya/drop4 CR/android.widget.TextView0 - Your TAC no. is 831555lATEST' not found
[[ATTACHMENT|C:\\Users\\LENOVO\\Git_new\\Maya\\Reports\\20200817_134427\\Maya UAT\\UAT Test Suite\\20200817_134427\\1597643488095.png]]

2020-08-17 13:51:29 - [TEST_STEP][FAILED] - if (verifyElementExist(findTestObject("Maya/New_Transfer/android.widget.TextView0 - Approve"), 0)): Element 'Object Repository/Maya/New_Transfer/android.widget.TextView0 - Approve' not found

2020-08-17 13:51:29 - [MESSAGE][WARNING] - Timeout '0' is invalid. Using default page load timeout: '10'

2020-08-17 13:51:40 - [MESSAGE][FAILED] - Element 'Object Repository/Maya/New_Transfer/android.widget.TextView0 - Approve' not found
[[ATTACHMENT|C:\\Users\\LENOVO\\Git_new\\Maya\\Reports\\20200817_134427\\Maya UAT\\UAT Test Suite\\20200817_134427\\1597643499614.png]]

2020-08-17 13:51:40 - [TEST_STEP][PASSED] - delay(2, CONTINUE_ON_FAILURE): Delayed 2 second(s)

2020-08-17 13:51:42 - [MESSAGE][PASSED] - Delayed 2 second(s)

2020-08-17 13:51:42 - [TEST_STEP][PASSED] - takeScreenshot("C:\Users\LENOVO\Screenshot\Third Party Fav\Schedule.png", STOP_ON_FAILURE): Screenshot is taken

2020-08-17 13:51:43 - [MESSAGE][PASSED] - Screenshot is taken
[[ATTACHMENT|C:\\Users\\LENOVO\\Screenshot\\Third Party Fav\\Schedule.png]]

2020-08-17 13:51:43 - [TEST_STEP][PASSED] - verifyElementText(findTestObject("Maya/New_Transfer/android.widget.TextView0 - Transfer scheduled"), "Transfer scheduled"): Actual text and expected text of test object 'Object Repository/Maya/New_Transfer/android.widget.TextView0 - Transfer scheduled' are matched.

2020-08-17 13:51:43 - [MESSAGE][PASSED] - Actual text and expected text of test object 'Object Repository/Maya/New_Transfer/android.widget.TextView0 - Transfer scheduled' are matched.

2020-08-17 13:51:43 - [TEST_STEP][PASSED] - getText(findTestObject("Maya/duitNowFav/android.widget.TextView0 - 179860600M"), 0): Text of element 'Object Repository/Maya/duitNowFav/android.widget.TextView0 - 179860600M' is: 'Transfer scheduled'

2020-08-17 13:51:43 - [MESSAGE][WARNING] - Timeout '0' is invalid. Using default page load timeout: '10'

2020-08-17 13:51:44 - [MESSAGE][PASSED] - Text of element 'Object Repository/Maya/duitNowFav/android.widget.TextView0 - 179860600M' is: 'Transfer scheduled'

2020-08-17 13:51:44 - [TEST_STEP][PASSED] - verifyElementExist(findTestObject("Maya/duitNowFav/android.widget.TextView0 - 179860600M"), 0, CONTINUE_ON_FAILURE): Element 'Object Repository/Maya/duitNowFav/android.widget.TextView0 - 179860600M' is exist

2020-08-17 13:51:44 - [MESSAGE][WARNING] - Timeout '0' is invalid. Using default page load timeout: '10'

2020-08-17 13:51:44 - [MESSAGE][PASSED] - Element 'Object Repository/Maya/duitNowFav/android.widget.TextView0 - 179860600M' is exist

2020-08-17 13:51:44 - [TEST_STEP][PASSED] - getText(findTestObject("Maya/duitNowFav/android.widget.TextView0 - 16 Apr 2020 0819 PM"), 0, CONTINUE_ON_FAILURE): Text of element 'Object Repository/Maya/duitNowFav/android.widget.TextView0 - 16 Apr 2020 0819 PM' is: 'Transfer scheduled'

2020-08-17 13:51:44 - [MESSAGE][WARNING] - Timeout '0' is invalid. Using default page load timeout: '10'

2020-08-17 13:51:45 - [MESSAGE][PASSED] - Text of element 'Object Repository/Maya/duitNowFav/android.widget.TextView0 - 16 Apr 2020 0819 PM' is: 'Transfer scheduled'

2020-08-17 13:51:45 - [TEST_STEP][PASSED] - verifyElementExist(findTestObject("Maya/duitNowFav/android.widget.TextView0 - 16 Apr 2020 0819 PM"), 0, CONTINUE_ON_FAILURE): Element 'Object Repository/Maya/duitNowFav/android.widget.TextView0 - 16 Apr 2020 0819 PM' is exist

2020-08-17 13:51:45 - [MESSAGE][WARNING] - Timeout '0' is invalid. Using default page load timeout: '10'

2020-08-17 13:51:45 - [MESSAGE][PASSED] - Element 'Object Repository/Maya/duitNowFav/android.widget.TextView0 - 16 Apr 2020 0819 PM' is exist

2020-08-17 13:51:45 - [TEST_STEP][PASSED] - delay(7, CONTINUE_ON_FAILURE): Delayed 7 second(s)

2020-08-17 13:51:52 - [MESSAGE][PASSED] - Delayed 7 second(s)

2020-08-17 13:51:52 - [TEST_STEP][PASSED] - takeScreenshot("C:\Users\LENOVO\Screenshot\Third Party Fav\Fav Done.png", CONTINUE_ON_FAILURE): Screenshot is taken

2020-08-17 13:51:53 - [MESSAGE][PASSED] - Screenshot is taken
[[ATTACHMENT|C:\\Users\\LENOVO\\Screenshot\\Third Party Fav\\Fav Done.png]]

2020-08-17 13:51:53 - [TEST_STEP][PASSED] - tap(findTestObject("Maya/New_Transfer/android.widget.TextView0 - Share Receipt"), 0): Tapped on element 'Object Repository/Maya/New_Transfer/android.widget.TextView0 - Share Receipt'

2020-08-17 13:51:53 - [MESSAGE][WARNING] - Timeout '0' is invalid. Using default page load timeout: '10'

2020-08-17 13:51:54 - [MESSAGE][PASSED] - Tapped on element 'Object Repository/Maya/New_Transfer/android.widget.TextView0 - Share Receipt'

2020-08-17 13:51:54 - [TEST_STEP][PASSED] - delay(7, CONTINUE_ON_FAILURE): Delayed 7 second(s)

2020-08-17 13:52:01 - [MESSAGE][PASSED] - Delayed 7 second(s)

2020-08-17 13:52:01 - [TEST_STEP][PASSED] - getText(findTestObject("Maya/New_Transfer/android.widget.TextView0 - Share Receipt (1)"), 0): Text of element 'Object Repository/Maya/New_Transfer/android.widget.TextView0 - Share Receipt (1)' is: 'Share Receipt'

2020-08-17 13:52:01 - [MESSAGE][WARNING] - Timeout '0' is invalid. Using default page load timeout: '10'

2020-08-17 13:52:02 - [MESSAGE][PASSED] - Text of element 'Object Repository/Maya/New_Transfer/android.widget.TextView0 - Share Receipt (1)' is: 'Share Receipt'

2020-08-17 13:52:02 - [TEST_STEP][PASSED] - verifyElementExist(findTestObject("Maya/New_Transfer/android.widget.TextView0 - Share Receipt (1)"), 0): Element 'Object Repository/Maya/New_Transfer/android.widget.TextView0 - Share Receipt (1)' is exist

2020-08-17 13:52:02 - [MESSAGE][WARNING] - Timeout '0' is invalid. Using default page load timeout: '10'

2020-08-17 13:52:02 - [MESSAGE][PASSED] - Element 'Object Repository/Maya/New_Transfer/android.widget.TextView0 - Share Receipt (1)' is exist

2020-08-17 13:52:02 - [TEST_STEP][PASSED] - getText(findTestObject("Maya/New_Transfer/android.view.View0 - 17180008563M"), 0): Text of element 'Object Repository/Maya/New_Transfer/android.view.View0 - 17180008563M' is: 'Transfer scheduled for'

2020-08-17 13:52:02 - [MESSAGE][WARNING] - Timeout '0' is invalid. Using default page load timeout: '10'

2020-08-17 13:52:03 - [MESSAGE][PASSED] - Text of element 'Object Repository/Maya/New_Transfer/android.view.View0 - 17180008563M' is: 'Transfer scheduled for'

2020-08-17 13:52:03 - [TEST_STEP][PASSED] - takeScreenshot("C:\Users\LENOVO\Screenshot\Third Party\Screenshot24", STOP_ON_FAILURE): Screenshot is taken

2020-08-17 13:52:04 - [MESSAGE][PASSED] - Screenshot is taken
[[ATTACHMENT|C:\\Users\\LENOVO\\Screenshot\\Third Party\\Screenshot24]]

2020-08-17 13:52:04 - [TEST_STEP][PASSED] - verifyElementExist(findTestObject("Maya/New_Transfer/android.view.View0 - 17180008563M"), 0): Element 'Object Repository/Maya/New_Transfer/android.view.View0 - 17180008563M' is exist

2020-08-17 13:52:04 - [MESSAGE][WARNING] - Timeout '0' is invalid. Using default page load timeout: '10'

2020-08-17 13:52:05 - [MESSAGE][PASSED] - Element 'Object Repository/Maya/New_Transfer/android.view.View0 - 17180008563M' is exist

2020-08-17 13:52:05 - [TEST_STEP][PASSED] - getText(findTestObject("Maya/New_Transfer/android.view.View0 - Beneficiary name"), 0): Text of element 'Object Repository/Maya/New_Transfer/android.view.View0 - Beneficiary name' is: 'Beneficiary name'

2020-08-17 13:52:05 - [MESSAGE][WARNING] - Timeout '0' is invalid. Using default page load timeout: '10'

2020-08-17 13:52:05 - [MESSAGE][PASSED] - Text of element 'Object Repository/Maya/New_Transfer/android.view.View0 - Beneficiary name' is: 'Beneficiary name'

2020-08-17 13:52:05 - [TEST_STEP][PASSED] - getText(findTestObject("Maya/spy/android.view.View0 - Beneficiary name"), 0): Text of element 'Object Repository/Maya/spy/android.view.View0 - Beneficiary name' is: 'Beneficiary name'

2020-08-17 13:52:05 - [MESSAGE][WARNING] - Timeout '0' is invalid. Using default page load timeout: '10'

2020-08-17 13:52:06 - [MESSAGE][PASSED] - Text of element 'Object Repository/Maya/spy/android.view.View0 - Beneficiary name' is: 'Beneficiary name'

2020-08-17 13:52:06 - [TEST_STEP][PASSED] - getText(findTestObject("Maya/spy/android.view.View0 - NURALILAH"), 0): Text of element 'Object Repository/Maya/spy/android.view.View0 - NURALILAH' is: 'NURALILAH'

2020-08-17 13:52:06 - [MESSAGE][WARNING] - Timeout '0' is invalid. Using default page load timeout: '10'

2020-08-17 13:52:06 - [MESSAGE][PASSED] - Text of element 'Object Repository/Maya/spy/android.view.View0 - NURALILAH' is: 'NURALILAH'

2020-08-17 13:52:06 - [TEST_STEP][PASSED] - getText(findTestObject("Maya/spy/android.view.View0 - DuitNow ID number"), 0): Text of element 'Object Repository/Maya/spy/android.view.View0 - DuitNow ID number' is: 'DuitNow ID number'

2020-08-17 13:52:06 - [MESSAGE][WARNING] - Timeout '0' is invalid. Using default page load timeout: '10'

2020-08-17 13:52:06 - [MESSAGE][PASSED] - Text of element 'Object Repository/Maya/spy/android.view.View0 - DuitNow ID number' is: 'DuitNow ID number'

2020-08-17 13:52:06 - [TEST_STEP][PASSED] - getText(findTestObject("Maya/spy/android.view.View0 - 010 9030 162"), 0): Text of element 'Object Repository/Maya/spy/android.view.View0 - 010 9030 162' is: '010 9030 162'

2020-08-17 13:52:07 - [MESSAGE][WARNING] - Timeout '0' is invalid. Using default page load timeout: '10'

2020-08-17 13:52:07 - [MESSAGE][PASSED] - Text of element 'Object Repository/Maya/spy/android.view.View0 - 010 9030 162' is: '010 9030 162'

2020-08-17 13:52:07 - [TEST_STEP][PASSED] - verifyElementExist(findTestObject("Maya/New_Transfer/android.view.View0 - Beneficiary name"), 0): Element 'Object Repository/Maya/New_Transfer/android.view.View0 - Beneficiary name' is exist

2020-08-17 13:52:07 - [MESSAGE][WARNING] - Timeout '0' is invalid. Using default page load timeout: '10'

2020-08-17 13:52:08 - [MESSAGE][PASSED] - Element 'Object Repository/Maya/New_Transfer/android.view.View0 - Beneficiary name' is exist

2020-08-17 13:52:08 - [TEST_STEP][PASSED] - verifyElementExist(findTestObject("Maya/New_Transfer/android.view.View0 - Amount"), 0): Element 'Object Repository/Maya/New_Transfer/android.view.View0 - Amount' is exist

2020-08-17 13:52:08 - [MESSAGE][WARNING] - Timeout '0' is invalid. Using default page load timeout: '10'

2020-08-17 13:52:08 - [MESSAGE][PASSED] - Element 'Object Repository/Maya/New_Transfer/android.view.View0 - Amount' is exist

2020-08-17 13:52:08 - [TEST_STEP][PASSED] - getText(findTestObject("Maya/New_Transfer/android.view.View0 - Recipient reference"), 0): Text of element 'Object Repository/Maya/New_Transfer/android.view.View0 - Recipient reference' is: 'Recipient reference'

2020-08-17 13:52:08 - [MESSAGE][WARNING] - Timeout '0' is invalid. Using default page load timeout: '10'

2020-08-17 13:52:09 - [MESSAGE][PASSED] - Text of element 'Object Repository/Maya/New_Transfer/android.view.View0 - Recipient reference' is: 'Recipient reference'

2020-08-17 13:52:09 - [TEST_STEP][PASSED] - getText(findTestObject("Maya/New_Transfer/android.view.View0 - Test"), 0): Text of element 'Object Repository/Maya/New_Transfer/android.view.View0 - Test' is: 'DuitNow ID type'

2020-08-17 13:52:09 - [MESSAGE][WARNING] - Timeout '0' is invalid. Using default page load timeout: '10'

2020-08-17 13:52:10 - [MESSAGE][PASSED] - Text of element 'Object Repository/Maya/New_Transfer/android.view.View0 - Test' is: 'DuitNow ID type'

2020-08-17 13:52:10 - [TEST_STEP][PASSED] - getText(findTestObject("Maya/New_Transfer/android.view.View0 - RM 2.00"), 0): Text of element 'Object Repository/Maya/New_Transfer/android.view.View0 - RM 2.00' is: 'DuitNow ID number'

2020-08-17 13:52:10 - [MESSAGE][WARNING] - Timeout '0' is invalid. Using default page load timeout: '10'

2020-08-17 13:52:10 - [MESSAGE][PASSED] - Text of element 'Object Repository/Maya/New_Transfer/android.view.View0 - RM 2.00' is: 'DuitNow ID number'

2020-08-17 13:52:10 - [TEST_STEP][PASSED] - verifyElementExist(findTestObject("Maya/New_Transfer/android.view.View0 - Recipient reference"), 0): Element 'Object Repository/Maya/New_Transfer/android.view.View0 - Recipient reference' is exist

2020-08-17 13:52:10 - [MESSAGE][WARNING] - Timeout '0' is invalid. Using default page load timeout: '10'

2020-08-17 13:52:11 - [MESSAGE][PASSED] - Element 'Object Repository/Maya/New_Transfer/android.view.View0 - Recipient reference' is exist

2020-08-17 13:52:11 - [TEST_STEP][PASSED] - verifyElementExist(findTestObject("Maya/New_Transfer/android.view.View0 - Test"), 0): Element 'Object Repository/Maya/New_Transfer/android.view.View0 - Test' is exist

2020-08-17 13:52:11 - [MESSAGE][WARNING] - Timeout '0' is invalid. Using default page load timeout: '10'

2020-08-17 13:52:11 - [MESSAGE][PASSED] - Element 'Object Repository/Maya/New_Transfer/android.view.View0 - Test' is exist

2020-08-17 13:52:11 - [TEST_STEP][PASSED] - verifyElementExist(findTestObject("Maya/New_Transfer/android.view.View0 - RM 2.00"), 0): Element 'Object Repository/Maya/New_Transfer/android.view.View0 - RM 2.00' is exist

2020-08-17 13:52:11 - [MESSAGE][WARNING] - Timeout '0' is invalid. Using default page load timeout: '10'

2020-08-17 13:52:11 - [MESSAGE][PASSED] - Element 'Object Repository/Maya/New_Transfer/android.view.View0 - RM 2.00' is exist

2020-08-17 13:52:11 - [TEST_STEP][PASSED] - swipe(831, 1382, 800, 100): Swiped from 831,1,382 to 800,100

2020-08-17 13:52:12 - [MESSAGE][PASSED] - Swiped from 831,1,382 to 800,100

2020-08-17 13:52:13 - [TEST_STEP][PASSED] - delay(5, STOP_ON_FAILURE): Delayed 5 second(s)

2020-08-17 13:52:18 - [MESSAGE][PASSED] - Delayed 5 second(s)

2020-08-17 13:52:18 - [TEST_STEP][PASSED] - getText(findTestObject("Maya/drop4 CR/android.view.View0 - RM 2.00"), 0): Text of element 'Object Repository/Maya/drop4 CR/android.view.View0 - RM 2.00' is: 'RM 2.00'

2020-08-17 13:52:18 - [MESSAGE][WARNING] - Timeout '0' is invalid. Using default page load timeout: '10'

2020-08-17 13:52:18 - [MESSAGE][PASSED] - Text of element 'Object Repository/Maya/drop4 CR/android.view.View0 - RM 2.00' is: 'RM 2.00'

2020-08-17 13:52:18 - [TEST_STEP][PASSED] - verifyElementExist(findTestObject("Maya/drop4 CR/android.view.View0 - RM 2.00"), 0): Element 'Object Repository/Maya/drop4 CR/android.view.View0 - RM 2.00' is exist

2020-08-17 13:52:18 - [MESSAGE][WARNING] - Timeout '0' is invalid. Using default page load timeout: '10'

2020-08-17 13:52:18 - [MESSAGE][PASSED] - Element 'Object Repository/Maya/drop4 CR/android.view.View0 - RM 2.00' is exist

2020-08-17 13:52:18 - [TEST_STEP][PASSED] - getText(findTestObject("Maya/New_Transfer/android.view.View0 - Beneficiary name"), 0): Text of element 'Object Repository/Maya/New_Transfer/android.view.View0 - Beneficiary name' is: 'Beneficiary name'

2020-08-17 13:52:18 - [MESSAGE][WARNING] - Timeout '0' is invalid. Using default page load timeout: '10'

2020-08-17 13:52:18 - [MESSAGE][PASSED] - Text of element 'Object Repository/Maya/New_Transfer/android.view.View0 - Beneficiary name' is: 'Beneficiary name'

2020-08-17 13:52:18 - [TEST_STEP][PASSED] - verifyElementExist(findTestObject("Maya/New_Transfer/android.view.View0 - Beneficiary name"), 0): Element 'Object Repository/Maya/New_Transfer/android.view.View0 - Beneficiary name' is exist

2020-08-17 13:52:18 - [MESSAGE][WARNING] - Timeout '0' is invalid. Using default page load timeout: '10'

2020-08-17 13:52:19 - [MESSAGE][PASSED] - Element 'Object Repository/Maya/New_Transfer/android.view.View0 - Beneficiary name' is exist

2020-08-17 13:52:19 - [TEST_STEP][PASSED] - getText(findTestObject("Maya/Third Party CA account/android.widget.TextView0 - Note This receipt is computer generated and no signature is required."), 0): Text of element 'Object Repository/Maya/Third Party CA account/android.widget.TextView0 - Note This receipt is computer generated and no signature is required.' is: 'Note: This receipt is computer generated and no signature is required.'

2020-08-17 13:52:19 - [MESSAGE][WARNING] - Timeout '0' is invalid. Using default page load timeout: '10'

2020-08-17 13:52:19 - [MESSAGE][PASSED] - Text of element 'Object Repository/Maya/Third Party CA account/android.widget.TextView0 - Note This receipt is computer generated and no signature is required.' is: 'Note: This receipt is computer generated and no signature is required.'

2020-08-17 13:52:19 - [TEST_STEP][PASSED] - getText(findTestObject("Maya/Third Party CA account/android.widget.TextView0 - Malayan Banking Berhad (Co. Reg.  196001000142)"), 0): Text of element 'Object Repository/Maya/Third Party CA account/android.widget.TextView0 - Malayan Banking Berhad (Co. Reg.  196001000142)' is: 'Malayan Banking Berhad (Co. Reg. : 196001000142)'

2020-08-17 13:52:20 - [MESSAGE][WARNING] - Timeout '0' is invalid. Using default page load timeout: '10'

2020-08-17 13:52:20 - [MESSAGE][PASSED] - Text of element 'Object Repository/Maya/Third Party CA account/android.widget.TextView0 - Malayan Banking Berhad (Co. Reg.  196001000142)' is: 'Malayan Banking Berhad (Co. Reg. : 196001000142)'

2020-08-17 13:52:20 - [TEST_STEP][PASSED] - getText(findTestObject("Maya/Third Party CA account/android.widget.TextView0 - Maybank Islamic Berhad (Co. Reg.  200701029411)"), 0): Text of element 'Object Repository/Maya/Third Party CA account/android.widget.TextView0 - Maybank Islamic Berhad (Co. Reg.  200701029411)' is: 'Maybank Islamic Berhad (Co. Reg. : 200701029411)'

2020-08-17 13:52:20 - [MESSAGE][WARNING] - Timeout '0' is invalid. Using default page load timeout: '10'

2020-08-17 13:52:20 - [MESSAGE][PASSED] - Text of element 'Object Repository/Maya/Third Party CA account/android.widget.TextView0 - Maybank Islamic Berhad (Co. Reg.  200701029411)' is: 'Maybank Islamic Berhad (Co. Reg. : 200701029411)'

2020-08-17 13:52:20 - [TEST_STEP][PASSED] - tap(findTestObject("Maya/New_Transfer/android.widget.ImageView0 (10)"), 0): Tapped on element 'Object Repository/Maya/New_Transfer/android.widget.ImageView0 (10)'

2020-08-17 13:52:20 - [MESSAGE][WARNING] - Timeout '0' is invalid. Using default page load timeout: '10'

2020-08-17 13:52:21 - [MESSAGE][PASSED] - Tapped on element 'Object Repository/Maya/New_Transfer/android.widget.ImageView0 (10)'

2020-08-17 13:52:21 - [TEST_STEP][PASSED] - tap(findTestObject("Maya/duitNowFav/android.widget.TextView0 - Done (1)"), 0): Tapped on element 'Object Repository/Maya/duitNowFav/android.widget.TextView0 - Done (1)'

2020-08-17 13:52:21 - [MESSAGE][WARNING] - Timeout '0' is invalid. Using default page load timeout: '10'

2020-08-17 13:52:33 - [MESSAGE][PASSED] - Tapped on element 'Object Repository/Maya/duitNowFav/android.widget.TextView0 - Done (1)'

2020-08-17 13:52:33 - [TEST_STEP][PASSED] - delay(5, CONTINUE_ON_FAILURE): Delayed 5 second(s)

2020-08-17 13:52:38 - [MESSAGE][PASSED] - Delayed 5 second(s)

2020-08-17 13:52:38 - [TEST_STEP][PASSED] - takeScreenshot("C:\Users\LENOVO\Screenshot\Third Party Fav\Fav transac", CONTINUE_ON_FAILURE): Screenshot is taken

2020-08-17 13:52:39 - [MESSAGE][PASSED] - Screenshot is taken
[[ATTACHMENT|C:\\Users\\LENOVO\\Screenshot\\Third Party Fav\\Fav transac]]

2020-08-17 13:52:39 - [TEST_STEP][PASSED] - tap(findTestObject("Maya/KLIA/android.widget.TextView0 - More (1)"), 0): Tapped on element 'Object Repository/Maya/KLIA/android.widget.TextView0 - More (1)'

2020-08-17 13:52:39 - [MESSAGE][WARNING] - Timeout '0' is invalid. Using default page load timeout: '10'

2020-08-17 13:53:27 - [MESSAGE][PASSED] - Tapped on element 'Object Repository/Maya/KLIA/android.widget.TextView0 - More (1)'

2020-08-17 13:53:27 - [TEST_STEP][PASSED] - tap(findTestObject("Maya/KLIA/android.widget.TextView0 - Notifications"), 0): Tapped on element 'Object Repository/Maya/KLIA/android.widget.TextView0 - Notifications'

2020-08-17 13:53:27 - [MESSAGE][WARNING] - Timeout '0' is invalid. Using default page load timeout: '10'

2020-08-17 13:53:30 - [MESSAGE][PASSED] - Tapped on element 'Object Repository/Maya/KLIA/android.widget.TextView0 - Notifications'

2020-08-17 13:53:30 - [TEST_STEP][PASSED] - getText(findTestObject("Maya/NRIC Passport/android.widget.TextView0 - Today"), 0): Text of element 'Object Repository/Maya/NRIC Passport/android.widget.TextView0 - Today' is: 'Today'

2020-08-17 13:53:30 - [MESSAGE][WARNING] - Timeout '0' is invalid. Using default page load timeout: '10'

2020-08-17 13:53:31 - [MESSAGE][PASSED] - Text of element 'Object Repository/Maya/NRIC Passport/android.widget.TextView0 - Today' is: 'Today'

2020-08-17 13:53:31 - [TEST_STEP][PASSED] - getText(findTestObject("Maya/NRIC Passport/android.widget.TextView0 - Maybank2u Transfer"), 0): Text of element 'Object Repository/Maya/NRIC Passport/android.widget.TextView0 - Maybank2u Transfer' is: 'Maybank2u: Transfer'

2020-08-17 13:53:31 - [MESSAGE][WARNING] - Timeout '0' is invalid. Using default page load timeout: '10'

2020-08-17 13:53:32 - [MESSAGE][PASSED] - Text of element 'Object Repository/Maya/NRIC Passport/android.widget.TextView0 - Maybank2u Transfer' is: 'Maybank2u: Transfer'

2020-08-17 13:53:32 - [TEST_STEP][PASSED] - getText(findTestObject("Maya/spy/android.widget.TextView0 - DuitNow of RM 2.00 to NURALILAH. Mobile Number  0162. REF 17180694077M (1)"), 0): Text of element 'Object Repository/Maya/spy/android.widget.TextView0 - DuitNow of RM 2.00 to NURALILAH. Mobile Number  0162. REF 17180694077M (1)' is: 'DuitNow of RM 2.00 to NURALILAH. Mobile Number : ****0162. REF: 17180746416M'

2020-08-17 13:53:32 - [MESSAGE][WARNING] - Timeout '0' is invalid. Using default page load timeout: '10'

2020-08-17 13:53:32 - [MESSAGE][PASSED] - Text of element 'Object Repository/Maya/spy/android.widget.TextView0 - DuitNow of RM 2.00 to NURALILAH. Mobile Number  0162. REF 17180694077M (1)' is: 'DuitNow of RM 2.00 to NURALILAH. Mobile Number : ****0162. REF: 17180746416M'

2020-08-17 13:53:32 - [TEST_STEP][PASSED] - takeScreenshot("C:\Users\LENOVO\Screenshot\DuitNow\Screen39.png", CONTINUE_ON_FAILURE): Screenshot is taken

2020-08-17 13:53:33 - [MESSAGE][PASSED] - Screenshot is taken
[[ATTACHMENT|C:\\Users\\LENOVO\\Screenshot\\DuitNow\\Screen39.png]]

2020-08-17 13:53:33 - [TEST_STEP][PASSED] - closeApplication(): Close app successfully

2020-08-17 13:53:35 - [MESSAGE][PASSED] - Close app successfully]]></system-out>
         <system-err><![CDATA[2020-08-17 13:44:31 - [TEST_CASE][FAILED] - Test Cases/JINU/DuItNow/duit now-Fav: Test Cases/JINU/DuItNow/duit now-Fav FAILED.
Reason:
com.kms.katalon.core.exception.StepFailedException: Object Object Repository/Maya/New_Transfer/android.widget.TextView0 - You are required to authenticate in One-Tap Authorisation to complete your first-time favourite transfer. not found
	at com.kms.katalon.core.keyword.internal.KeywordMain.stepFailed(KeywordMain.groovy:39)
	at com.kms.katalon.core.mobile.keyword.internal.MobileKeywordMain.stepFailed(MobileKeywordMain.groovy:40)
	at com.kms.katalon.core.mobile.keyword.builtin.GetTextKeyword$_getText_closure1.doCall(GetTextKeyword.groovy:74)
	at com.kms.katalon.core.mobile.keyword.builtin.GetTextKeyword$_getText_closure1.call(GetTextKeyword.groovy)
	at com.kms.katalon.core.mobile.keyword.internal.MobileKeywordMain.runKeyword(MobileKeywordMain.groovy:21)
	at com.kms.katalon.core.mobile.keyword.builtin.GetTextKeyword.getText(GetTextKeyword.groovy:80)
	at com.kms.katalon.core.mobile.keyword.builtin.GetTextKeyword.execute(GetTextKeyword.groovy:64)
	at com.kms.katalon.core.keyword.internal.KeywordExecutor.executeKeywordForPlatform(KeywordExecutor.groovy:72)
	at com.kms.katalon.core.mobile.keyword.MobileBuiltInKeywords.getText(MobileBuiltInKeywords.groovy:459)
	at com.kms.katalon.core.mobile.keyword.MobileBuiltInKeywords$getText$7.call(Unknown Source)
	at duit now-Fav.run(duit now-Fav:150)
	at com.kms.katalon.core.main.ScriptEngine.run(ScriptEngine.java:194)
	at com.kms.katalon.core.main.ScriptEngine.runScriptAsRawText(ScriptEngine.java:119)
	at com.kms.katalon.core.main.TestCaseExecutor.runScript(TestCaseExecutor.java:337)
	at com.kms.katalon.core.main.TestCaseExecutor.doExecute(TestCaseExecutor.java:328)
	at com.kms.katalon.core.main.TestCaseExecutor.processExecutionPhase(TestCaseExecutor.java:307)
	at com.kms.katalon.core.main.TestCaseExecutor.accessMainPhase(TestCaseExecutor.java:299)
	at com.kms.katalon.core.main.TestCaseExecutor.execute(TestCaseExecutor.java:233)
	at com.kms.katalon.core.main.TestSuiteExecutor.accessTestCaseMainPhase(TestSuiteExecutor.java:169)
	at com.kms.katalon.core.main.TestSuiteExecutor.accessTestSuiteMainPhase(TestSuiteExecutor.java:142)
	at com.kms.katalon.core.main.TestSuiteExecutor.execute(TestSuiteExecutor.java:91)
	at com.kms.katalon.core.main.TestCaseMain.startTestSuite(TestCaseMain.java:157)
	at com.kms.katalon.core.main.TestCaseMain$startTestSuite$0.call(Unknown Source)
	at TempTestSuite1597643067601.run(TempTestSuite1597643067601.groovy:36)]]></system-err>
      </testcase>
      <system-out><![CDATA[2020-08-17 13:44:30 - [TEST_SUITE][FAILED] - UAT Test Suite: Test Cases/JINU/DuItNow/duit now-Fav FAILED.
Reason:
com.kms.katalon.core.exception.StepFailedException: Object Object Repository/Maya/New_Transfer/android.widget.TextView0 - You are required to authenticate in One-Tap Authorisation to complete your first-time favourite transfer. not found
	at com.kms.katalon.core.keyword.internal.KeywordMain.stepFailed(KeywordMain.groovy:39)
	at com.kms.katalon.core.mobile.keyword.internal.MobileKeywordMain.stepFailed(MobileKeywordMain.groovy:40)
	at com.kms.katalon.core.mobile.keyword.builtin.GetTextKeyword$_getText_closure1.doCall(GetTextKeyword.groovy:74)
	at com.kms.katalon.core.mobile.keyword.builtin.GetTextKeyword$_getText_closure1.call(GetTextKeyword.groovy)
	at com.kms.katalon.core.mobile.keyword.internal.MobileKeywordMain.runKeyword(MobileKeywordMain.groovy:21)
	at com.kms.katalon.core.mobile.keyword.builtin.GetTextKeyword.getText(GetTextKeyword.groovy:80)
	at com.kms.katalon.core.mobile.keyword.builtin.GetTextKeyword.execute(GetTextKeyword.groovy:64)
	at com.kms.katalon.core.keyword.internal.KeywordExecutor.executeKeywordForPlatform(KeywordExecutor.groovy:72)
	at com.kms.katalon.core.mobile.keyword.MobileBuiltInKeywords.getText(MobileBuiltInKeywords.groovy:459)
	at com.kms.katalon.core.mobile.keyword.MobileBuiltInKeywords$getText$7.call(Unknown Source)
	at duit now-Fav.run(duit now-Fav:150)
	at com.kms.katalon.core.main.ScriptEngine.run(ScriptEngine.java:194)
	at com.kms.katalon.core.main.ScriptEngine.runScriptAsRawText(ScriptEngine.java:119)
	at com.kms.katalon.core.main.TestCaseExecutor.runScript(TestCaseExecutor.java:337)
	at com.kms.katalon.core.main.TestCaseExecutor.doExecute(TestCaseExecutor.java:328)
	at com.kms.katalon.core.main.TestCaseExecutor.processExecutionPhase(TestCaseExecutor.java:307)
	at com.kms.katalon.core.main.TestCaseExecutor.accessMainPhase(TestCaseExecutor.java:299)
	at com.kms.katalon.core.main.TestCaseExecutor.execute(TestCaseExecutor.java:233)
	at com.kms.katalon.core.main.TestSuiteExecutor.accessTestCaseMainPhase(TestSuiteExecutor.java:169)
	at com.kms.katalon.core.main.TestSuiteExecutor.accessTestSuiteMainPhase(TestSuiteExecutor.java:142)
	at com.kms.katalon.core.main.TestSuiteExecutor.execute(TestSuiteExecutor.java:91)
	at com.kms.katalon.core.main.TestCaseMain.startTestSuite(TestCaseMain.java:157)
	at com.kms.katalon.core.main.TestCaseMain$startTestSuite$0.call(Unknown Source)
	at TempTestSuite1597643067601.run(TempTestSuite1597643067601.groovy:36)]]></system-out>
      <system-err><![CDATA[2020-08-17 13:44:30 - [TEST_SUITE][FAILED] - UAT Test Suite: Test Cases/JINU/DuItNow/duit now-Fav FAILED.
Reason:
com.kms.katalon.core.exception.StepFailedException: Object Object Repository/Maya/New_Transfer/android.widget.TextView0 - You are required to authenticate in One-Tap Authorisation to complete your first-time favourite transfer. not found
	at com.kms.katalon.core.keyword.internal.KeywordMain.stepFailed(KeywordMain.groovy:39)
	at com.kms.katalon.core.mobile.keyword.internal.MobileKeywordMain.stepFailed(MobileKeywordMain.groovy:40)
	at com.kms.katalon.core.mobile.keyword.builtin.GetTextKeyword$_getText_closure1.doCall(GetTextKeyword.groovy:74)
	at com.kms.katalon.core.mobile.keyword.builtin.GetTextKeyword$_getText_closure1.call(GetTextKeyword.groovy)
	at com.kms.katalon.core.mobile.keyword.internal.MobileKeywordMain.runKeyword(MobileKeywordMain.groovy:21)
	at com.kms.katalon.core.mobile.keyword.builtin.GetTextKeyword.getText(GetTextKeyword.groovy:80)
	at com.kms.katalon.core.mobile.keyword.builtin.GetTextKeyword.execute(GetTextKeyword.groovy:64)
	at com.kms.katalon.core.keyword.internal.KeywordExecutor.executeKeywordForPlatform(KeywordExecutor.groovy:72)
	at com.kms.katalon.core.mobile.keyword.MobileBuiltInKeywords.getText(MobileBuiltInKeywords.groovy:459)
	at com.kms.katalon.core.mobile.keyword.MobileBuiltInKeywords$getText$7.call(Unknown Source)
	at duit now-Fav.run(duit now-Fav:150)
	at com.kms.katalon.core.main.ScriptEngine.run(ScriptEngine.java:194)
	at com.kms.katalon.core.main.ScriptEngine.runScriptAsRawText(ScriptEngine.java:119)
	at com.kms.katalon.core.main.TestCaseExecutor.runScript(TestCaseExecutor.java:337)
	at com.kms.katalon.core.main.TestCaseExecutor.doExecute(TestCaseExecutor.java:328)
	at com.kms.katalon.core.main.TestCaseExecutor.processExecutionPhase(TestCaseExecutor.java:307)
	at com.kms.katalon.core.main.TestCaseExecutor.accessMainPhase(TestCaseExecutor.java:299)
	at com.kms.katalon.core.main.TestCaseExecutor.execute(TestCaseExecutor.java:233)
	at com.kms.katalon.core.main.TestSuiteExecutor.accessTestCaseMainPhase(TestSuiteExecutor.java:169)
	at com.kms.katalon.core.main.TestSuiteExecutor.accessTestSuiteMainPhase(TestSuiteExecutor.java:142)
	at com.kms.katalon.core.main.TestSuiteExecutor.execute(TestSuiteExecutor.java:91)
	at com.kms.katalon.core.main.TestCaseMain.startTestSuite(TestCaseMain.java:157)
	at com.kms.katalon.core.main.TestCaseMain$startTestSuite$0.call(Unknown Source)
	at TempTestSuite1597643067601.run(TempTestSuite1597643067601.groovy:36)]]></system-err>
   </testsuite>
</testsuites>
