<?xml version="1.0" encoding="UTF-8"?>
<testsuites name="UAT Test Suite" time="309.623" tests="1" failures="1" errors="0">
   <testsuite name="UAT Test Suite" tests="1" failures="1" errors="0" time="309.623" timestamp="2020-08-05 14:02:06" hostname="LENOVO - DESKTOP-CP3TV4N" id="Test Suites/Maya UAT/UAT Test Suite">
      <properties>
         <property name="deviceName" value="Xiaomi Redmi Note 7S (Android 9)"/>
         <property name="devicePlatform" value=""/>
         <property name="logFolder" value="C:\\Users\\LENOVO\\Git_new\\Maya\\Reports\\20200805_140202\\Maya UAT\\UAT Test Suite\\20200805_140202"/>
         <property name="logFiles" value="C:\\Users\\LENOVO\\Git_new\\Maya\\Reports\\20200805_140202\\Maya UAT\\UAT Test Suite\\20200805_140202\\appium.log, C:\\Users\\LENOVO\\Git_new\\Maya\\Reports\\20200805_140202\\Maya UAT\\UAT Test Suite\\20200805_140202\\execution0.log"/>
         <property name="attachments" value="C:\\Users\\LENOVO\\Screenshot\\DuiNow Drop4\\Screenshot31, C:\\Users\\LENOVO\\Screenshot\\Third Party\\Screenshot4, C:\\Users\\LENOVO\\Screenshot\\DuitNowProxy\\Screen8.png, C:\\Users\\LENOVO\\Screenshot\\DuitNowProxy\\Screen9.png, C:\\Users\\LENOVO\\Screenshot\\DuitNowProxy\\Screen11.png, C:\\Users\\LENOVO\\Screenshot\\DuitNowProxy\\Screen10.png, C:\\Users\\LENOVO\\Screenshot\\DuitNowProxy\\Screen12.png, C:\\Users\\LENOVO\\Screenshot\\DuiNow Drop4\\Screenshot32, C:\\Users\\LENOVO\\Git_new\\Maya\\Reports\\20200805_140202\\Maya UAT\\UAT Test Suite\\20200805_140202\\1596607489326.png, C:\\Users\\LENOVO\\Screenshot\\Third Party Fav\\TransferSuccess.png, C:\\Users\\LENOVO\\Screenshot\\DuiNow Drop4\\Screenshot33, C:\\Users\\LENOVO\\Screenshot\\DuiNow Drop4\\Screenshot34, C:\\Users\\LENOVO\\Screenshot\\DuiNow Drop4\\Screenshot36, C:\\Users\\LENOVO\\Screenshot\\DuitNowProxy\\Screen16.png, C:\\Users\\LENOVO\\Screenshot\\Third Party\\Screenshot12, C:\\Users\\LENOVO\\Screenshot\\Third Party\\Screenshot15, C:\\Users\\LENOVO\\Git_new\\Maya\\Reports\\20200805_140202\\Maya UAT\\UAT Test Suite\\20200805_140202\\1596607625158.png, C:\\Users\\LENOVO\\Screenshot\\DuitNow\\Screen29.png"/>
         <property name="hostName" value="LENOVO - DESKTOP-CP3TV4N"/>
         <property name="os" value="Windows 10 64bit"/>
         <property name="appiumServerStatus" value="{\&quot;value\&quot;:{\&quot;build\&quot;:{\&quot;version\&quot;:\&quot;1.15.1\&quot;}},\&quot;sessionId\&quot;:null,\&quot;status\&quot;:0}"/>
         <property name="katalonVersion" value="7.2.7.1"/>
         <property name="deviceOS" value="Android"/>
         <property name="appiumVersion" value="1.15.1"/>
         <property name="deviceModel" value="Redmi Note 7S"/>
         <property name="hostAddress" value="192.168.43.112"/>
         <property name="deviceManufacturer" value="Xiaomi"/>
         <property name="deviceId" value="11cb9864"/>
         <property name="deviceName" value="Xiaomi Redmi Note 7S (Android 9)"/>
         <property name="deviceOSVersion" value="9"/>
      </properties>
      <testcase name="Test Cases/JINU/DuitNow Drop4/drop 4 masked id" time="307.176" classname="Test Cases/JINU/DuitNow Drop4/drop 4 masked id" status="FAILED">
         <failure type="FAILED" message="Test Cases/JINU/DuitNow Drop4/drop 4 masked id FAILED.
Reason:
com.kms.katalon.core.exception.StepFailedException: Element 'Object Repository/Maya/drop4 CR/android.widget.TextView0 - Your TAC no. is 831555lATEST' not found
	at com.kms.katalon.core.keyword.internal.KeywordMain.stepFailed(KeywordMain.groovy:39)
	at com.kms.katalon.core.mobile.keyword.internal.MobileKeywordMain.stepFailed(MobileKeywordMain.groovy:40)
	at com.kms.katalon.core.mobile.keyword.builtin.VerifyElementExistKeyword$_verifyElementExist_closure1.doCall(VerifyElementExistKeyword.groovy:77)
	at com.kms.katalon.core.mobile.keyword.builtin.VerifyElementExistKeyword$_verifyElementExist_closure1.call(VerifyElementExistKeyword.groovy)
	at com.kms.katalon.core.mobile.keyword.internal.MobileKeywordMain.runKeyword(MobileKeywordMain.groovy:21)
	at com.kms.katalon.core.mobile.keyword.builtin.VerifyElementExistKeyword.verifyElementExist(VerifyElementExistKeyword.groovy:80)
	at com.kms.katalon.core.mobile.keyword.builtin.VerifyElementExistKeyword.execute(VerifyElementExistKeyword.groovy:64)
	at com.kms.katalon.core.keyword.internal.KeywordExecutor.executeKeywordForPlatform(KeywordExecutor.groovy:72)
	at com.kms.katalon.core.mobile.keyword.MobileBuiltInKeywords.verifyElementExist(MobileBuiltInKeywords.groovy:809)
	at com.kms.katalon.core.mobile.keyword.MobileBuiltInKeywords$verifyElementExist$4.call(Unknown Source)
	at drop 4 masked id.run(drop 4 masked id:351)
	at com.kms.katalon.core.main.ScriptEngine.run(ScriptEngine.java:194)
	at com.kms.katalon.core.main.ScriptEngine.runScriptAsRawText(ScriptEngine.java:119)
	at com.kms.katalon.core.main.TestCaseExecutor.runScript(TestCaseExecutor.java:337)
	at com.kms.katalon.core.main.TestCaseExecutor.doExecute(TestCaseExecutor.java:328)
	at com.kms.katalon.core.main.TestCaseExecutor.processExecutionPhase(TestCaseExecutor.java:307)
	at com.kms.katalon.core.main.TestCaseExecutor.accessMainPhase(TestCaseExecutor.java:299)
	at com.kms.katalon.core.main.TestCaseExecutor.execute(TestCaseExecutor.java:233)
	at com.kms.katalon.core.main.TestSuiteExecutor.accessTestCaseMainPhase(TestSuiteExecutor.java:169)
	at com.kms.katalon.core.main.TestSuiteExecutor.accessTestSuiteMainPhase(TestSuiteExecutor.java:142)
	at com.kms.katalon.core.main.TestSuiteExecutor.execute(TestSuiteExecutor.java:91)
	at com.kms.katalon.core.main.TestCaseMain.startTestSuite(TestCaseMain.java:157)
	at com.kms.katalon.core.main.TestCaseMain$startTestSuite$0.call(Unknown Source)
	at TempTestSuite1596607322620.run(TempTestSuite1596607322620.groovy:36)
"/>
         <system-out><![CDATA[2020-08-05 14:02:06 - [TEST_CASE][FAILED] - Test Cases/JINU/DuitNow Drop4/drop 4 masked id: Test Cases/JINU/DuitNow Drop4/drop 4 masked id FAILED.
Reason:
com.kms.katalon.core.exception.StepFailedException: Element 'Object Repository/Maya/drop4 CR/android.widget.TextView0 - Your TAC no. is 831555lATEST' not found
	at com.kms.katalon.core.keyword.internal.KeywordMain.stepFailed(KeywordMain.groovy:39)
	at com.kms.katalon.core.mobile.keyword.internal.MobileKeywordMain.stepFailed(MobileKeywordMain.groovy:40)
	at com.kms.katalon.core.mobile.keyword.builtin.VerifyElementExistKeyword$_verifyElementExist_closure1.doCall(VerifyElementExistKeyword.groovy:77)
	at com.kms.katalon.core.mobile.keyword.builtin.VerifyElementExistKeyword$_verifyElementExist_closure1.call(VerifyElementExistKeyword.groovy)
	at com.kms.katalon.core.mobile.keyword.internal.MobileKeywordMain.runKeyword(MobileKeywordMain.groovy:21)
	at com.kms.katalon.core.mobile.keyword.builtin.VerifyElementExistKeyword.verifyElementExist(VerifyElementExistKeyword.groovy:80)
	at com.kms.katalon.core.mobile.keyword.builtin.VerifyElementExistKeyword.execute(VerifyElementExistKeyword.groovy:64)
	at com.kms.katalon.core.keyword.internal.KeywordExecutor.executeKeywordForPlatform(KeywordExecutor.groovy:72)
	at com.kms.katalon.core.mobile.keyword.MobileBuiltInKeywords.verifyElementExist(MobileBuiltInKeywords.groovy:809)
	at com.kms.katalon.core.mobile.keyword.MobileBuiltInKeywords$verifyElementExist$4.call(Unknown Source)
	at drop 4 masked id.run(drop 4 masked id:351)
	at com.kms.katalon.core.main.ScriptEngine.run(ScriptEngine.java:194)
	at com.kms.katalon.core.main.ScriptEngine.runScriptAsRawText(ScriptEngine.java:119)
	at com.kms.katalon.core.main.TestCaseExecutor.runScript(TestCaseExecutor.java:337)
	at com.kms.katalon.core.main.TestCaseExecutor.doExecute(TestCaseExecutor.java:328)
	at com.kms.katalon.core.main.TestCaseExecutor.processExecutionPhase(TestCaseExecutor.java:307)
	at com.kms.katalon.core.main.TestCaseExecutor.accessMainPhase(TestCaseExecutor.java:299)
	at com.kms.katalon.core.main.TestCaseExecutor.execute(TestCaseExecutor.java:233)
	at com.kms.katalon.core.main.TestSuiteExecutor.accessTestCaseMainPhase(TestSuiteExecutor.java:169)
	at com.kms.katalon.core.main.TestSuiteExecutor.accessTestSuiteMainPhase(TestSuiteExecutor.java:142)
	at com.kms.katalon.core.main.TestSuiteExecutor.execute(TestSuiteExecutor.java:91)
	at com.kms.katalon.core.main.TestCaseMain.startTestSuite(TestCaseMain.java:157)
	at com.kms.katalon.core.main.TestCaseMain$startTestSuite$0.call(Unknown Source)
	at TempTestSuite1596607322620.run(TempTestSuite1596607322620.groovy:36)


2020-08-05 14:02:07 - [TEST_STEP][PASSED] - startApplication("C:\Users\LENOVO\Katalon Studio\app-uat-universal-release.apk", false): Started app at: 'C:\Users\LENOVO\Katalon Studio\app-uat-universal-release.apk'

2020-08-05 14:02:08 - [MESSAGE][INFO] - User set preference: ['appWaitActivity', '*']

2020-08-05 14:02:08 - [MESSAGE][INFO] - User set preference: ['appWaitPackage', 'com.maybank2u.life.uat']

2020-08-05 14:02:08 - [MESSAGE][INFO] - User set preference: ['appWaitDuration', '50,000']

2020-08-05 14:02:08 - [MESSAGE][INFO] - User set preference: ['deviceId', '11cb9864']

2020-08-05 14:02:11 - [MESSAGE][INFO] - Appium server started on port 59,805

2020-08-05 14:02:35 - [MESSAGE][PASSED] - Started app at: 'C:\Users\LENOVO\Katalon Studio\app-uat-universal-release.apk'

2020-08-05 14:02:35 - [TEST_STEP][PASSED] - delay(8, CONTINUE_ON_FAILURE): Delayed 8 second(s)

2020-08-05 14:02:44 - [MESSAGE][PASSED] - Delayed 8 second(s)

2020-08-05 14:02:44 - [TEST_STEP][PASSED] - tap(findTestObject("Maya/DuitnowRegT/android.widget.ImageView0"), 0): Tapped on element 'Object Repository/Maya/DuitnowRegT/android.widget.ImageView0'

2020-08-05 14:02:44 - [MESSAGE][WARNING] - Timeout '0' is invalid. Using default page load timeout: '10'

2020-08-05 14:02:49 - [MESSAGE][PASSED] - Tapped on element 'Object Repository/Maya/DuitnowRegT/android.widget.ImageView0'

2020-08-05 14:02:49 - [TEST_STEP][PASSED] - tap(findTestObject("Maya/DuitnowRegT/android.widget.TextView0 - 2"), 0): Tapped on element 'Object Repository/Maya/DuitnowRegT/android.widget.TextView0 - 2'

2020-08-05 14:02:49 - [MESSAGE][WARNING] - Timeout '0' is invalid. Using default page load timeout: '10'

2020-08-05 14:02:53 - [MESSAGE][PASSED] - Tapped on element 'Object Repository/Maya/DuitnowRegT/android.widget.TextView0 - 2'

2020-08-05 14:02:53 - [TEST_STEP][PASSED] - tap(findTestObject("Maya/DuitnowRegT/android.widget.TextView0 - 3"), 0): Tapped on element 'Object Repository/Maya/DuitnowRegT/android.widget.TextView0 - 3'

2020-08-05 14:02:53 - [MESSAGE][WARNING] - Timeout '0' is invalid. Using default page load timeout: '10'

2020-08-05 14:02:56 - [MESSAGE][PASSED] - Tapped on element 'Object Repository/Maya/DuitnowRegT/android.widget.TextView0 - 3'

2020-08-05 14:02:56 - [TEST_STEP][PASSED] - tap(findTestObject("Maya/DuitnowRegT/android.widget.TextView0 - 0"), 0): Tapped on element 'Object Repository/Maya/DuitnowRegT/android.widget.TextView0 - 0'

2020-08-05 14:02:56 - [MESSAGE][WARNING] - Timeout '0' is invalid. Using default page load timeout: '10'

2020-08-05 14:02:58 - [MESSAGE][PASSED] - Tapped on element 'Object Repository/Maya/DuitnowRegT/android.widget.TextView0 - 0'

2020-08-05 14:02:58 - [TEST_STEP][PASSED] - tap(findTestObject("Maya/DuitnowRegT/android.widget.TextView0 - 9"), 0): Tapped on element 'Object Repository/Maya/DuitnowRegT/android.widget.TextView0 - 9'

2020-08-05 14:02:58 - [MESSAGE][WARNING] - Timeout '0' is invalid. Using default page load timeout: '10'

2020-08-05 14:03:01 - [MESSAGE][PASSED] - Tapped on element 'Object Repository/Maya/DuitnowRegT/android.widget.TextView0 - 9'

2020-08-05 14:03:01 - [TEST_STEP][PASSED] - tap(findTestObject("Maya/DuitnowRegT/android.widget.TextView0 - 8"), 0): Tapped on element 'Object Repository/Maya/DuitnowRegT/android.widget.TextView0 - 8'

2020-08-05 14:03:01 - [MESSAGE][WARNING] - Timeout '0' is invalid. Using default page load timeout: '10'

2020-08-05 14:03:05 - [MESSAGE][PASSED] - Tapped on element 'Object Repository/Maya/DuitnowRegT/android.widget.TextView0 - 8'

2020-08-05 14:03:05 - [TEST_STEP][PASSED] - tap(findTestObject("Maya/DuitnowRegT/android.widget.TextView0 - 3"), 0): Tapped on element 'Object Repository/Maya/DuitnowRegT/android.widget.TextView0 - 3'

2020-08-05 14:03:05 - [MESSAGE][WARNING] - Timeout '0' is invalid. Using default page load timeout: '10'

2020-08-05 14:03:06 - [MESSAGE][PASSED] - Tapped on element 'Object Repository/Maya/DuitnowRegT/android.widget.TextView0 - 3'

2020-08-05 14:03:06 - [TEST_STEP][PASSED] - tap(findTestObject("Maya/DuitnowRegT/android.widget.ImageView0 (1)"), 0): Tapped on element 'Object Repository/Maya/DuitnowRegT/android.widget.ImageView0 (1)'

2020-08-05 14:03:07 - [MESSAGE][WARNING] - Timeout '0' is invalid. Using default page load timeout: '10'

2020-08-05 14:03:09 - [MESSAGE][PASSED] - Tapped on element 'Object Repository/Maya/DuitnowRegT/android.widget.ImageView0 (1)'

2020-08-05 14:03:09 - [TEST_STEP][PASSED] - getText(findTestObject("Maya/drop4 CR/android.widget.TextView0 - RM 1171.85-Current balance"), 0): Text of element 'Object Repository/Maya/drop4 CR/android.widget.TextView0 - RM 1171.85-Current balance' is: 'RM 248.90'

2020-08-05 14:03:09 - [MESSAGE][WARNING] - Timeout '0' is invalid. Using default page load timeout: '10'

2020-08-05 14:03:12 - [MESSAGE][PASSED] - Text of element 'Object Repository/Maya/drop4 CR/android.widget.TextView0 - RM 1171.85-Current balance' is: 'RM 248.90'

2020-08-05 14:03:12 - [TEST_STEP][PASSED] - trx6 = 85-Current balance"), 0).substring(3): Text of element 'Object Repository/Maya/drop4 CR/android.widget.TextView0 - RM 1171.85-Current balance' is: 'RM 248.90'

2020-08-05 14:03:12 - [MESSAGE][WARNING] - Timeout '0' is invalid. Using default page load timeout: '10'

2020-08-05 14:03:13 - [MESSAGE][PASSED] - Text of element 'Object Repository/Maya/drop4 CR/android.widget.TextView0 - RM 1171.85-Current balance' is: 'RM 248.90'

2020-08-05 14:03:13 - [TEST_STEP][PASSED] - trx61 = trx6.replaceAll("[^a-zA-Z0-9]+", ""): null

2020-08-05 14:03:13 - [TEST_STEP][PASSED] - out.println(trx61): null

2020-08-05 14:03:13 - [TEST_STEP][PASSED] - trx611 = trx61: null

2020-08-05 14:03:13 - [TEST_STEP][PASSED] - out.println(trx611): null

2020-08-05 14:03:13 - [TEST_STEP][PASSED] - tap(findTestObject("Maya/DuitnowRegT/android.widget.TextView0 - Transfer"), 0): Tapped on element 'Object Repository/Maya/DuitnowRegT/android.widget.TextView0 - Transfer'

2020-08-05 14:03:13 - [MESSAGE][WARNING] - Timeout '0' is invalid. Using default page load timeout: '10'

2020-08-05 14:03:17 - [MESSAGE][PASSED] - Tapped on element 'Object Repository/Maya/DuitnowRegT/android.widget.TextView0 - Transfer'

2020-08-05 14:03:17 - [TEST_STEP][PASSED] - setText(findTestObject("Maya/DuitnowRegT/android.widget.EditText0"), "pass1234", 0): Text 'pass1234' has been set to element 'Object Repository/Maya/DuitnowRegT/android.widget.EditText0'

2020-08-05 14:03:17 - [MESSAGE][WARNING] - Timeout '0' is invalid. Using default page load timeout: '10'

2020-08-05 14:03:18 - [MESSAGE][PASSED] - Text 'pass1234' has been set to element 'Object Repository/Maya/DuitnowRegT/android.widget.EditText0'

2020-08-05 14:03:18 - [TEST_STEP][PASSED] - driver = getDriver(): null

2020-08-05 14:03:18 - [TEST_STEP][PASSED] - driver.pressKeyCode(ENTER): null

2020-08-05 14:03:19 - [TEST_STEP][PASSED] - delay(10, STOP_ON_FAILURE): Delayed 10 second(s)

2020-08-05 14:03:29 - [MESSAGE][PASSED] - Delayed 10 second(s)

2020-08-05 14:03:29 - [TEST_STEP][PASSED] - tapAndHoldAtPosition(627, 376, 2): Tapped and held at [627, 376] with duration 2

2020-08-05 14:03:33 - [MESSAGE][PASSED] - Tapped and held at [627, 376] with duration 2

2020-08-05 14:03:33 - [TEST_STEP][PASSED] - delay(2, STOP_ON_FAILURE): Delayed 2 second(s)

2020-08-05 14:03:35 - [MESSAGE][PASSED] - Delayed 2 second(s)

2020-08-05 14:03:35 - [TEST_STEP][PASSED] - tapAndHoldAtPosition(451, 727, 2): Tapped and held at [451, 727] with duration 2

2020-08-05 14:03:38 - [MESSAGE][PASSED] - Tapped and held at [451, 727] with duration 2

2020-08-05 14:03:38 - [TEST_STEP][PASSED] - delay(2, STOP_ON_FAILURE): Delayed 2 second(s)

2020-08-05 14:03:40 - [MESSAGE][PASSED] - Delayed 2 second(s)

2020-08-05 14:03:40 - [TEST_STEP][PASSED] - getText(findTestObject("duitnow/android.widget.TextView0 - ID type"), 0): Text of element 'Object Repository/duitnow/android.widget.TextView0 - ID type' is: 'ID type'

2020-08-05 14:03:40 - [MESSAGE][WARNING] - Timeout '0' is invalid. Using default page load timeout: '10'

2020-08-05 14:03:41 - [MESSAGE][PASSED] - Text of element 'Object Repository/duitnow/android.widget.TextView0 - ID type' is: 'ID type'

2020-08-05 14:03:41 - [TEST_STEP][PASSED] - verifyElementExist(findTestObject("duitnow/android.widget.TextView0 - ID type"), 0): Element 'Object Repository/duitnow/android.widget.TextView0 - ID type' is exist

2020-08-05 14:03:41 - [MESSAGE][WARNING] - Timeout '0' is invalid. Using default page load timeout: '10'

2020-08-05 14:03:41 - [MESSAGE][PASSED] - Element 'Object Repository/duitnow/android.widget.TextView0 - ID type' is exist

2020-08-05 14:03:41 - [TEST_STEP][PASSED] - delay(2, STOP_ON_FAILURE): Delayed 2 second(s)

2020-08-05 14:03:43 - [MESSAGE][PASSED] - Delayed 2 second(s)

2020-08-05 14:03:43 - [TEST_STEP][PASSED] - takeScreenshot("C:\Users\LENOVO\Screenshot\DuiNow Drop4\Screenshot31", STOP_ON_FAILURE): Screenshot is taken

2020-08-05 14:03:44 - [MESSAGE][PASSED] - Screenshot is taken
[[ATTACHMENT|C:\\Users\\LENOVO\\Screenshot\\DuiNow Drop4\\Screenshot31]]

2020-08-05 14:03:44 - [TEST_STEP][PASSED] - getText(findTestObject("duitnow/android.widget.TextView0 - Mobile Number"), 0): Text of element 'Object Repository/duitnow/android.widget.TextView0 - Mobile Number' is: 'Mobile Number'

2020-08-05 14:03:44 - [MESSAGE][WARNING] - Timeout '0' is invalid. Using default page load timeout: '10'

2020-08-05 14:03:45 - [MESSAGE][PASSED] - Text of element 'Object Repository/duitnow/android.widget.TextView0 - Mobile Number' is: 'Mobile Number'

2020-08-05 14:03:45 - [TEST_STEP][PASSED] - verifyElementExist(findTestObject("duitnow/android.widget.TextView0 - Mobile Number"), 0): Element 'Object Repository/duitnow/android.widget.TextView0 - Mobile Number' is exist

2020-08-05 14:03:45 - [MESSAGE][WARNING] - Timeout '0' is invalid. Using default page load timeout: '10'

2020-08-05 14:03:45 - [MESSAGE][PASSED] - Element 'Object Repository/duitnow/android.widget.TextView0 - Mobile Number' is exist

2020-08-05 14:03:45 - [TEST_STEP][PASSED] - takeScreenshot("C:\Users\LENOVO\Screenshot\Third Party\Screenshot4", STOP_ON_FAILURE): Screenshot is taken

2020-08-05 14:03:46 - [MESSAGE][PASSED] - Screenshot is taken
[[ATTACHMENT|C:\\Users\\LENOVO\\Screenshot\\Third Party\\Screenshot4]]

2020-08-05 14:03:46 - [TEST_STEP][PASSED] - tap(findTestObject("duitnow/android.widget.ImageView0"), 0): Tapped on element 'Object Repository/duitnow/android.widget.ImageView0'

2020-08-05 14:03:46 - [MESSAGE][WARNING] - Timeout '0' is invalid. Using default page load timeout: '10'

2020-08-05 14:03:47 - [MESSAGE][PASSED] - Tapped on element 'Object Repository/duitnow/android.widget.ImageView0'

2020-08-05 14:03:47 - [TEST_STEP][PASSED] - tap(findTestObject("Maya/drop4 CR/android.widget.TextView0 - Transfer on Us"), 0): Tapped on element 'Object Repository/Maya/drop4 CR/android.widget.TextView0 - Transfer on Us'

2020-08-05 14:03:47 - [MESSAGE][WARNING] - Timeout '0' is invalid. Using default page load timeout: '10'

2020-08-05 14:03:52 - [MESSAGE][PASSED] - Tapped on element 'Object Repository/Maya/drop4 CR/android.widget.TextView0 - Transfer on Us'

2020-08-05 14:03:52 - [TEST_STEP][NOT_RUN] - tap(findTestObject("Maya/drop4 CR/android.widget.TextView0 - Continue"), 0): NOT_RUN: tap(findTestObject("Maya/drop4 CR/android.widget.TextView0 - Continue"), 0)

2020-08-05 14:03:52 - [MESSAGE][NOT_RUN] - NOT_RUN: tap(findTestObject("Maya/drop4 CR/android.widget.TextView0 - Continue"), 0)

2020-08-05 14:03:52 - [TEST_STEP][PASSED] - getText(findTestObject("duitnow/android.widget.TextView0 - ID type"), 0): Text of element 'Object Repository/duitnow/android.widget.TextView0 - ID type' is: 'ID type'

2020-08-05 14:03:52 - [MESSAGE][WARNING] - Timeout '0' is invalid. Using default page load timeout: '10'

2020-08-05 14:03:52 - [MESSAGE][PASSED] - Text of element 'Object Repository/duitnow/android.widget.TextView0 - ID type' is: 'ID type'

2020-08-05 14:03:52 - [TEST_STEP][PASSED] - verifyElementExist(findTestObject("duitnow/android.widget.TextView0 - ID type"), 0): Element 'Object Repository/duitnow/android.widget.TextView0 - ID type' is exist

2020-08-05 14:03:52 - [MESSAGE][WARNING] - Timeout '0' is invalid. Using default page load timeout: '10'

2020-08-05 14:03:53 - [MESSAGE][PASSED] - Element 'Object Repository/duitnow/android.widget.TextView0 - ID type' is exist

2020-08-05 14:03:53 - [TEST_STEP][PASSED] - getText(findTestObject("duitnow/android.widget.TextView0 - Mobile Number"), 0): Text of element 'Object Repository/duitnow/android.widget.TextView0 - Mobile Number' is: 'Mobile Number'

2020-08-05 14:03:53 - [MESSAGE][WARNING] - Timeout '0' is invalid. Using default page load timeout: '10'

2020-08-05 14:03:53 - [MESSAGE][PASSED] - Text of element 'Object Repository/duitnow/android.widget.TextView0 - Mobile Number' is: 'Mobile Number'

2020-08-05 14:03:53 - [TEST_STEP][NOT_RUN] - tap(findTestObject("duitnow/android.widget.ImageView0"), 0): NOT_RUN: tap(findTestObject("duitnow/android.widget.ImageView0"), 0)

2020-08-05 14:03:53 - [MESSAGE][NOT_RUN] - NOT_RUN: tap(findTestObject("duitnow/android.widget.ImageView0"), 0)

2020-08-05 14:03:53 - [TEST_STEP][NOT_RUN] - tap(findTestObject("Maya/drop4 CR/android.widget.TextView0 - Transfer Off Us"), 0): NOT_RUN: tap(findTestObject("Maya/drop4 CR/android.widget.TextView0 - Transfer Off Us"), 0)

2020-08-05 14:03:53 - [MESSAGE][NOT_RUN] - NOT_RUN: tap(findTestObject("Maya/drop4 CR/android.widget.TextView0 - Transfer Off Us"), 0)

2020-08-05 14:03:53 - [TEST_STEP][PASSED] - tap(findTestObject("Maya/drop4 CR/android.widget.TextView0 - Continue"), 0): Tapped on element 'Object Repository/Maya/drop4 CR/android.widget.TextView0 - Continue'

2020-08-05 14:03:53 - [MESSAGE][WARNING] - Timeout '0' is invalid. Using default page load timeout: '10'

2020-08-05 14:03:55 - [MESSAGE][PASSED] - Tapped on element 'Object Repository/Maya/drop4 CR/android.widget.TextView0 - Continue'

2020-08-05 14:03:55 - [TEST_STEP][NOT_RUN] - tap(findTestObject("Maya/drop4 CR/android.widget.ImageView0"), 0): NOT_RUN: tap(findTestObject("Maya/drop4 CR/android.widget.ImageView0"), 0)

2020-08-05 14:03:55 - [MESSAGE][NOT_RUN] - NOT_RUN: tap(findTestObject("Maya/drop4 CR/android.widget.ImageView0"), 0)

2020-08-05 14:03:55 - [TEST_STEP][NOT_RUN] - tap(findTestObject("Maya/drop4 CR/android.widget.TextView0 - Transfer on Us"), 0): NOT_RUN: tap(findTestObject("Maya/drop4 CR/android.widget.TextView0 - Transfer on Us"), 0)

2020-08-05 14:03:55 - [MESSAGE][NOT_RUN] - NOT_RUN: tap(findTestObject("Maya/drop4 CR/android.widget.TextView0 - Transfer on Us"), 0)

2020-08-05 14:03:55 - [TEST_STEP][NOT_RUN] - tap(findTestObject("Maya/drop4 CR/android.widget.TextView0 - Continue"), 0): NOT_RUN: tap(findTestObject("Maya/drop4 CR/android.widget.TextView0 - Continue"), 0)

2020-08-05 14:03:55 - [MESSAGE][NOT_RUN] - NOT_RUN: tap(findTestObject("Maya/drop4 CR/android.widget.TextView0 - Continue"), 0)

2020-08-05 14:03:55 - [TEST_STEP][PASSED] - getText(findTestObject("Maya/drop4 CR/android.widget.TextView0 - The name of the recipient is now masked as you have maximised the daily number of retry to perform this transaction."), 0): Text of element 'Object Repository/Maya/drop4 CR/android.widget.TextView0 - The name of the recipient is now masked as you have maximised the daily number of retry to perform this transaction.' is: 'The name of the recipient is now masked as you have maximised the daily number of retry to perform this transaction. The name will be displayed in full if you try again tomorrow.'

2020-08-05 14:03:55 - [MESSAGE][WARNING] - Timeout '0' is invalid. Using default page load timeout: '10'

2020-08-05 14:03:57 - [MESSAGE][PASSED] - Text of element 'Object Repository/Maya/drop4 CR/android.widget.TextView0 - The name of the recipient is now masked as you have maximised the daily number of retry to perform this transaction.' is: 'The name of the recipient is now masked as you have maximised the daily number of retry to perform this transaction. The name will be displayed in full if you try again tomorrow.'

2020-08-05 14:03:57 - [TEST_STEP][PASSED] - takeScreenshot("C:\Users\LENOVO\Screenshot\DuitNowProxy\Screen8.png", CONTINUE_ON_FAILURE): Screenshot is taken

2020-08-05 14:03:58 - [MESSAGE][PASSED] - Screenshot is taken
[[ATTACHMENT|C:\\Users\\LENOVO\\Screenshot\\DuitNowProxy\\Screen8.png]]

2020-08-05 14:03:58 - [TEST_STEP][PASSED] - getText(findTestObject("Maya/drop4 CR/android.widget.TextView0 - 012 3743 890 (1)"), 0): Text of element 'Object Repository/Maya/drop4 CR/android.widget.TextView0 - 012 3743 890 (1)' is: '012 3743 890'

2020-08-05 14:03:58 - [MESSAGE][WARNING] - Timeout '0' is invalid. Using default page load timeout: '10'

2020-08-05 14:03:58 - [MESSAGE][PASSED] - Text of element 'Object Repository/Maya/drop4 CR/android.widget.TextView0 - 012 3743 890 (1)' is: '012 3743 890'

2020-08-05 14:03:58 - [TEST_STEP][PASSED] - verifyElementExist(findTestObject("Maya/drop4 CR/android.widget.TextView0 - 012 3743 890 (1)"), 0): Element 'Object Repository/Maya/drop4 CR/android.widget.TextView0 - 012 3743 890 (1)' is exist

2020-08-05 14:03:58 - [MESSAGE][WARNING] - Timeout '0' is invalid. Using default page load timeout: '10'

2020-08-05 14:03:58 - [MESSAGE][PASSED] - Element 'Object Repository/Maya/drop4 CR/android.widget.TextView0 - 012 3743 890 (1)' is exist

2020-08-05 14:03:58 - [TEST_STEP][PASSED] - getText(findTestObject("Maya/drop4 CR/android.widget.TextView0 - XXXXXXXXXX"), 0): Text of element 'Object Repository/Maya/drop4 CR/android.widget.TextView0 - XXXXXXXXXX' is: 'XXXXXXXXXX'

2020-08-05 14:03:58 - [MESSAGE][WARNING] - Timeout '0' is invalid. Using default page load timeout: '10'

2020-08-05 14:03:59 - [MESSAGE][PASSED] - Text of element 'Object Repository/Maya/drop4 CR/android.widget.TextView0 - XXXXXXXXXX' is: 'XXXXXXXXXX'

2020-08-05 14:03:59 - [TEST_STEP][PASSED] - verifyElementExist(findTestObject("Maya/drop4 CR/android.widget.TextView0 - XXXXXXXXXX"), 0): Element 'Object Repository/Maya/drop4 CR/android.widget.TextView0 - XXXXXXXXXX' is exist

2020-08-05 14:03:59 - [MESSAGE][WARNING] - Timeout '0' is invalid. Using default page load timeout: '10'

2020-08-05 14:03:59 - [MESSAGE][PASSED] - Element 'Object Repository/Maya/drop4 CR/android.widget.TextView0 - XXXXXXXXXX' is exist

2020-08-05 14:03:59 - [TEST_STEP][PASSED] - getText(findTestObject("Maya/drop4 CR/android.widget.TextView0 - Mobile Number (1)"), 0): Text of element 'Object Repository/Maya/drop4 CR/android.widget.TextView0 - Mobile Number (1)' is: 'Mobile Number'

2020-08-05 14:03:59 - [MESSAGE][WARNING] - Timeout '0' is invalid. Using default page load timeout: '10'

2020-08-05 14:03:59 - [MESSAGE][PASSED] - Text of element 'Object Repository/Maya/drop4 CR/android.widget.TextView0 - Mobile Number (1)' is: 'Mobile Number'

2020-08-05 14:03:59 - [TEST_STEP][PASSED] - verifyElementExist(findTestObject("Maya/drop4 CR/android.widget.TextView0 - Mobile Number (1)"), 0): Element 'Object Repository/Maya/drop4 CR/android.widget.TextView0 - Mobile Number (1)' is exist

2020-08-05 14:03:59 - [MESSAGE][WARNING] - Timeout '0' is invalid. Using default page load timeout: '10'

2020-08-05 14:04:00 - [MESSAGE][PASSED] - Element 'Object Repository/Maya/drop4 CR/android.widget.TextView0 - Mobile Number (1)' is exist

2020-08-05 14:04:00 - [TEST_STEP][PASSED] - getText(findTestObject("Maya/drop4 CR/android.widget.TextView0 - Enter amount"), 0): Text of element 'Object Repository/Maya/drop4 CR/android.widget.TextView0 - Enter amount' is: 'Enter amount'

2020-08-05 14:04:00 - [MESSAGE][WARNING] - Timeout '0' is invalid. Using default page load timeout: '10'

2020-08-05 14:04:01 - [MESSAGE][PASSED] - Text of element 'Object Repository/Maya/drop4 CR/android.widget.TextView0 - Enter amount' is: 'Enter amount'

2020-08-05 14:04:01 - [TEST_STEP][PASSED] - verifyElementExist(findTestObject("Maya/drop4 CR/android.widget.TextView0 - Enter amount"), 0): Element 'Object Repository/Maya/drop4 CR/android.widget.TextView0 - Enter amount' is exist

2020-08-05 14:04:01 - [MESSAGE][WARNING] - Timeout '0' is invalid. Using default page load timeout: '10'

2020-08-05 14:04:02 - [MESSAGE][PASSED] - Element 'Object Repository/Maya/drop4 CR/android.widget.TextView0 - Enter amount' is exist

2020-08-05 14:04:02 - [TEST_STEP][PASSED] - tap(findTestObject("Maya/drop4 CR/android.widget.TextView0 - 2"), 0): Tapped on element 'Object Repository/Maya/drop4 CR/android.widget.TextView0 - 2'

2020-08-05 14:04:02 - [MESSAGE][WARNING] - Timeout '0' is invalid. Using default page load timeout: '10'

2020-08-05 14:04:05 - [MESSAGE][PASSED] - Tapped on element 'Object Repository/Maya/drop4 CR/android.widget.TextView0 - 2'

2020-08-05 14:04:05 - [TEST_STEP][PASSED] - tap(findTestObject("Maya/drop4 CR/android.widget.TextView0 - 0"), 0): Tapped on element 'Object Repository/Maya/drop4 CR/android.widget.TextView0 - 0'

2020-08-05 14:04:05 - [MESSAGE][WARNING] - Timeout '0' is invalid. Using default page load timeout: '10'

2020-08-05 14:04:06 - [MESSAGE][PASSED] - Tapped on element 'Object Repository/Maya/drop4 CR/android.widget.TextView0 - 0'

2020-08-05 14:04:06 - [TEST_STEP][PASSED] - tap(findTestObject("Maya/drop4 CR/android.widget.TextView0 - 0"), 0): Tapped on element 'Object Repository/Maya/drop4 CR/android.widget.TextView0 - 0'

2020-08-05 14:04:06 - [MESSAGE][WARNING] - Timeout '0' is invalid. Using default page load timeout: '10'

2020-08-05 14:04:10 - [MESSAGE][PASSED] - Tapped on element 'Object Repository/Maya/drop4 CR/android.widget.TextView0 - 0'

2020-08-05 14:04:10 - [TEST_STEP][PASSED] - takeScreenshot("C:\Users\LENOVO\Screenshot\DuitNowProxy\Screen9.png", CONTINUE_ON_FAILURE): Screenshot is taken

2020-08-05 14:04:11 - [MESSAGE][PASSED] - Screenshot is taken
[[ATTACHMENT|C:\\Users\\LENOVO\\Screenshot\\DuitNowProxy\\Screen9.png]]

2020-08-05 14:04:11 - [TEST_STEP][PASSED] - tap(findTestObject("Maya/drop4 CR/android.widget.ImageView0 (1)"), 0): Tapped on element 'Object Repository/Maya/drop4 CR/android.widget.ImageView0 (1)'

2020-08-05 14:04:11 - [MESSAGE][WARNING] - Timeout '0' is invalid. Using default page load timeout: '10'

2020-08-05 14:04:12 - [MESSAGE][PASSED] - Tapped on element 'Object Repository/Maya/drop4 CR/android.widget.ImageView0 (1)'

2020-08-05 14:04:12 - [TEST_STEP][PASSED] - setText(findTestObject("Maya/drop4 CR/android.widget.EditText0"), "testestesetesetesetsetsetste", 0): Text 'testestesetesetesetsetsetste' has been set to element 'Object Repository/Maya/drop4 CR/android.widget.EditText0'

2020-08-05 14:04:12 - [MESSAGE][WARNING] - Timeout '0' is invalid. Using default page load timeout: '10'

2020-08-05 14:04:14 - [MESSAGE][PASSED] - Text 'testestesetesetesetsetsetste' has been set to element 'Object Repository/Maya/drop4 CR/android.widget.EditText0'

2020-08-05 14:04:14 - [TEST_STEP][PASSED] - takeScreenshot("C:\Users\LENOVO\Screenshot\DuitNowProxy\Screen11.png", CONTINUE_ON_FAILURE): Screenshot is taken

2020-08-05 14:04:14 - [MESSAGE][PASSED] - Screenshot is taken
[[ATTACHMENT|C:\\Users\\LENOVO\\Screenshot\\DuitNowProxy\\Screen11.png]]

2020-08-05 14:04:14 - [TEST_STEP][PASSED] - hideKeyboard(): Keyboard is hidden

2020-08-05 14:04:19 - [MESSAGE][PASSED] - Keyboard is hidden

2020-08-05 14:04:19 - [TEST_STEP][PASSED] - tap(findTestObject("Maya/drop4 CR/android.widget.TextView0 - Continue (1)"), 0): Tapped on element 'Object Repository/Maya/drop4 CR/android.widget.TextView0 - Continue (1)'

2020-08-05 14:04:19 - [MESSAGE][WARNING] - Timeout '0' is invalid. Using default page load timeout: '10'

2020-08-05 14:04:20 - [MESSAGE][PASSED] - Tapped on element 'Object Repository/Maya/drop4 CR/android.widget.TextView0 - Continue (1)'

2020-08-05 14:04:20 - [TEST_STEP][PASSED] - setText(findTestObject("Maya/drop4 CR/android.widget.EditText0 - Optional"), "testestesetesetesetesetestset", 0): Text 'testestesetesetesetesetestset' has been set to element 'Object Repository/Maya/drop4 CR/android.widget.EditText0 - Optional'

2020-08-05 14:04:20 - [MESSAGE][WARNING] - Timeout '0' is invalid. Using default page load timeout: '10'

2020-08-05 14:04:23 - [MESSAGE][PASSED] - Text 'testestesetesetesetesetestset' has been set to element 'Object Repository/Maya/drop4 CR/android.widget.EditText0 - Optional'

2020-08-05 14:04:23 - [TEST_STEP][PASSED] - takeScreenshot("C:\Users\LENOVO\Screenshot\DuitNowProxy\Screen10.png", CONTINUE_ON_FAILURE): Screenshot is taken

2020-08-05 14:04:24 - [MESSAGE][PASSED] - Screenshot is taken
[[ATTACHMENT|C:\\Users\\LENOVO\\Screenshot\\DuitNowProxy\\Screen10.png]]

2020-08-05 14:04:24 - [TEST_STEP][NOT_RUN] - tap(findTestObject("Maya/drop4 CR/android.widget.TextView0 - test"), 0): NOT_RUN: tap(findTestObject("Maya/drop4 CR/android.widget.TextView0 - test"), 0)

2020-08-05 14:04:24 - [MESSAGE][NOT_RUN] - NOT_RUN: tap(findTestObject("Maya/drop4 CR/android.widget.TextView0 - test"), 0)

2020-08-05 14:04:24 - [TEST_STEP][NOT_RUN] - setText(findTestObject("Maya/drop4 CR/android.widget.EditText0"), "testestesetesetesetsetsetste", 0): NOT_RUN: setText(findTestObject("Maya/drop4 CR/android.widget.EditText0"), "testestesetesetesetsetsetste", 0)

2020-08-05 14:04:24 - [MESSAGE][NOT_RUN] - NOT_RUN: setText(findTestObject("Maya/drop4 CR/android.widget.EditText0"), "testestesetesetesetsetsetste", 0)

2020-08-05 14:04:24 - [TEST_STEP][NOT_RUN] - tap(findTestObject("Maya/drop4 CR/android.widget.TextView0 - Continue (1)"), 0): NOT_RUN: tap(findTestObject("Maya/drop4 CR/android.widget.TextView0 - Continue (1)"), 0)

2020-08-05 14:04:24 - [MESSAGE][NOT_RUN] - NOT_RUN: tap(findTestObject("Maya/drop4 CR/android.widget.TextView0 - Continue (1)"), 0)

2020-08-05 14:04:24 - [TEST_STEP][PASSED] - getText(findTestObject("Maya/drop4 CR/android.widget.TextView0 - XXXXXXXXXX"), 0): Text of element 'Object Repository/Maya/drop4 CR/android.widget.TextView0 - XXXXXXXXXX' is: 'XXXXXXXXXX'

2020-08-05 14:04:24 - [MESSAGE][WARNING] - Timeout '0' is invalid. Using default page load timeout: '10'

2020-08-05 14:04:24 - [MESSAGE][PASSED] - Text of element 'Object Repository/Maya/drop4 CR/android.widget.TextView0 - XXXXXXXXXX' is: 'XXXXXXXXXX'

2020-08-05 14:04:24 - [TEST_STEP][PASSED] - verifyElementExist(findTestObject("Maya/drop4 CR/android.widget.TextView0 - XXXXXXXXXX"), 0): Element 'Object Repository/Maya/drop4 CR/android.widget.TextView0 - XXXXXXXXXX' is exist

2020-08-05 14:04:24 - [MESSAGE][WARNING] - Timeout '0' is invalid. Using default page load timeout: '10'

2020-08-05 14:04:24 - [MESSAGE][PASSED] - Element 'Object Repository/Maya/drop4 CR/android.widget.TextView0 - XXXXXXXXXX' is exist

2020-08-05 14:04:24 - [TEST_STEP][PASSED] - getText(findTestObject("Maya/drop4 CR/android.widget.TextView0 - 012 3743 890 (1)"), 0): Text of element 'Object Repository/Maya/drop4 CR/android.widget.TextView0 - 012 3743 890 (1)' is: '012 3743 890'

2020-08-05 14:04:24 - [MESSAGE][WARNING] - Timeout '0' is invalid. Using default page load timeout: '10'

2020-08-05 14:04:25 - [MESSAGE][PASSED] - Text of element 'Object Repository/Maya/drop4 CR/android.widget.TextView0 - 012 3743 890 (1)' is: '012 3743 890'

2020-08-05 14:04:25 - [TEST_STEP][PASSED] - takeScreenshot("C:\Users\LENOVO\Screenshot\DuitNowProxy\Screen12.png", CONTINUE_ON_FAILURE): Screenshot is taken

2020-08-05 14:04:26 - [MESSAGE][PASSED] - Screenshot is taken
[[ATTACHMENT|C:\\Users\\LENOVO\\Screenshot\\DuitNowProxy\\Screen12.png]]

2020-08-05 14:04:26 - [TEST_STEP][PASSED] - verifyElementExist(findTestObject("Maya/drop4 CR/android.widget.TextView0 - 012 3743 890 (1)"), 0): Element 'Object Repository/Maya/drop4 CR/android.widget.TextView0 - 012 3743 890 (1)' is exist

2020-08-05 14:04:26 - [MESSAGE][WARNING] - Timeout '0' is invalid. Using default page load timeout: '10'

2020-08-05 14:04:27 - [MESSAGE][PASSED] - Element 'Object Repository/Maya/drop4 CR/android.widget.TextView0 - 012 3743 890 (1)' is exist

2020-08-05 14:04:27 - [TEST_STEP][PASSED] - getText(findTestObject("Maya/drop4 CR/android.widget.TextView0 - Mobile Number (1)"), 0): Text of element 'Object Repository/Maya/drop4 CR/android.widget.TextView0 - Mobile Number (1)' is: 'Mobile Number'

2020-08-05 14:04:27 - [MESSAGE][WARNING] - Timeout '0' is invalid. Using default page load timeout: '10'

2020-08-05 14:04:27 - [MESSAGE][PASSED] - Text of element 'Object Repository/Maya/drop4 CR/android.widget.TextView0 - Mobile Number (1)' is: 'Mobile Number'

2020-08-05 14:04:27 - [TEST_STEP][PASSED] - verifyElementExist(findTestObject("Maya/drop4 CR/android.widget.TextView0 - Mobile Number (1)"), 0): Element 'Object Repository/Maya/drop4 CR/android.widget.TextView0 - Mobile Number (1)' is exist

2020-08-05 14:04:27 - [MESSAGE][WARNING] - Timeout '0' is invalid. Using default page load timeout: '10'

2020-08-05 14:04:29 - [MESSAGE][PASSED] - Element 'Object Repository/Maya/drop4 CR/android.widget.TextView0 - Mobile Number (1)' is exist

2020-08-05 14:04:29 - [TEST_STEP][NOT_RUN] - hideKeyboard(): NOT_RUN: hideKeyboard()

2020-08-05 14:04:29 - [MESSAGE][NOT_RUN] - NOT_RUN: hideKeyboard()

2020-08-05 14:04:29 - [TEST_STEP][NOT_RUN] - tap(findTestObject("Maya/drop4 CR/android.widget.TextView0 - Continue (2)"), 0): NOT_RUN: tap(findTestObject("Maya/drop4 CR/android.widget.TextView0 - Continue (2)"), 0)

2020-08-05 14:04:29 - [MESSAGE][NOT_RUN] - NOT_RUN: tap(findTestObject("Maya/drop4 CR/android.widget.TextView0 - Continue (2)"), 0)

2020-08-05 14:04:29 - [TEST_STEP][PASSED] - getText(findTestObject("Maya/drop4 CR/android.widget.TextView0 - XXXXXXXXXX (1)"), 0): Text of element 'Object Repository/Maya/drop4 CR/android.widget.TextView0 - XXXXXXXXXX (1)' is: 'XXXXXXXXXX'

2020-08-05 14:04:29 - [MESSAGE][WARNING] - Timeout '0' is invalid. Using default page load timeout: '10'

2020-08-05 14:04:29 - [MESSAGE][PASSED] - Text of element 'Object Repository/Maya/drop4 CR/android.widget.TextView0 - XXXXXXXXXX (1)' is: 'XXXXXXXXXX'

2020-08-05 14:04:29 - [TEST_STEP][PASSED] - verifyElementExist(findTestObject("Maya/drop4 CR/android.widget.TextView0 - XXXXXXXXXX (1)"), 0): Element 'Object Repository/Maya/drop4 CR/android.widget.TextView0 - XXXXXXXXXX (1)' is exist

2020-08-05 14:04:29 - [MESSAGE][WARNING] - Timeout '0' is invalid. Using default page load timeout: '10'

2020-08-05 14:04:29 - [MESSAGE][PASSED] - Element 'Object Repository/Maya/drop4 CR/android.widget.TextView0 - XXXXXXXXXX (1)' is exist

2020-08-05 14:04:29 - [TEST_STEP][PASSED] - delay(2, STOP_ON_FAILURE): Delayed 2 second(s)

2020-08-05 14:04:31 - [MESSAGE][PASSED] - Delayed 2 second(s)

2020-08-05 14:04:31 - [TEST_STEP][PASSED] - takeScreenshot("C:\Users\LENOVO\Screenshot\DuiNow Drop4\Screenshot32", STOP_ON_FAILURE): Screenshot is taken

2020-08-05 14:04:32 - [MESSAGE][PASSED] - Screenshot is taken
[[ATTACHMENT|C:\\Users\\LENOVO\\Screenshot\\DuiNow Drop4\\Screenshot32]]

2020-08-05 14:04:32 - [TEST_STEP][PASSED] - getText(findTestObject("Maya/drop4 CR/android.widget.TextView0 - 012 3743 890 (2)"), 0): Text of element 'Object Repository/Maya/drop4 CR/android.widget.TextView0 - 012 3743 890 (2)' is: '012 3743 890'

2020-08-05 14:04:32 - [MESSAGE][WARNING] - Timeout '0' is invalid. Using default page load timeout: '10'

2020-08-05 14:04:33 - [MESSAGE][PASSED] - Text of element 'Object Repository/Maya/drop4 CR/android.widget.TextView0 - 012 3743 890 (2)' is: '012 3743 890'

2020-08-05 14:04:33 - [TEST_STEP][PASSED] - verifyElementExist(findTestObject("Maya/drop4 CR/android.widget.TextView0 - 012 3743 890 (2)"), 0): Element 'Object Repository/Maya/drop4 CR/android.widget.TextView0 - 012 3743 890 (2)' is exist

2020-08-05 14:04:33 - [MESSAGE][WARNING] - Timeout '0' is invalid. Using default page load timeout: '10'

2020-08-05 14:04:33 - [MESSAGE][PASSED] - Element 'Object Repository/Maya/drop4 CR/android.widget.TextView0 - 012 3743 890 (2)' is exist

2020-08-05 14:04:33 - [TEST_STEP][PASSED] - getText(findTestObject("Maya/drop4 CR/android.widget.TextView0 - Confirmation"), 0): Text of element 'Object Repository/Maya/drop4 CR/android.widget.TextView0 - Confirmation' is: 'Confirmation'

2020-08-05 14:04:33 - [MESSAGE][WARNING] - Timeout '0' is invalid. Using default page load timeout: '10'

2020-08-05 14:04:34 - [MESSAGE][PASSED] - Text of element 'Object Repository/Maya/drop4 CR/android.widget.TextView0 - Confirmation' is: 'Confirmation'

2020-08-05 14:04:34 - [TEST_STEP][PASSED] - verifyElementExist(findTestObject("Maya/drop4 CR/android.widget.TextView0 - Confirmation"), 0): Element 'Object Repository/Maya/drop4 CR/android.widget.TextView0 - Confirmation' is exist

2020-08-05 14:04:34 - [MESSAGE][WARNING] - Timeout '0' is invalid. Using default page load timeout: '10'

2020-08-05 14:04:35 - [MESSAGE][PASSED] - Element 'Object Repository/Maya/drop4 CR/android.widget.TextView0 - Confirmation' is exist

2020-08-05 14:04:35 - [TEST_STEP][PASSED] - trx5 = 00-transfer amt"), 0).substring(3): Text of element 'Object Repository/Maya/drop4 CR/android.widget.TextView0 - RM 2.00-transfer amt' is: 'RM 2.00'

2020-08-05 14:04:35 - [MESSAGE][WARNING] - Timeout '0' is invalid. Using default page load timeout: '10'

2020-08-05 14:04:35 - [MESSAGE][PASSED] - Text of element 'Object Repository/Maya/drop4 CR/android.widget.TextView0 - RM 2.00-transfer amt' is: 'RM 2.00'

2020-08-05 14:04:35 - [TEST_STEP][PASSED] - trx51 = trx5.replaceAll("[^a-zA-Z0-9]+", ""): null

2020-08-05 14:04:35 - [TEST_STEP][PASSED] - out.println(trx51): null

2020-08-05 14:04:35 - [TEST_STEP][PASSED] - trx511 = trx51: null

2020-08-05 14:04:35 - [TEST_STEP][PASSED] - out.println(trx511): null

2020-08-05 14:04:35 - [TEST_STEP][PASSED] - tap(findTestObject("Maya/drop4 CR/android.widget.TextView0 - Transfer Now (1)"), 0): Tapped on element 'Object Repository/Maya/drop4 CR/android.widget.TextView0 - Transfer Now (1)'

2020-08-05 14:04:35 - [MESSAGE][WARNING] - Timeout '0' is invalid. Using default page load timeout: '10'

2020-08-05 14:04:37 - [MESSAGE][PASSED] - Tapped on element 'Object Repository/Maya/drop4 CR/android.widget.TextView0 - Transfer Now (1)'

2020-08-05 14:04:37 - [TEST_STEP][PASSED] - delay(2): Delayed 2 second(s)

2020-08-05 14:04:39 - [MESSAGE][PASSED] - Delayed 2 second(s)

2020-08-05 14:04:39 - [TEST_STEP][FAILED] - if (verifyElementExist(findTestObject("Maya/drop4 CR/android.widget.TextView0 - Your TAC no. is 831555lATEST"), 0)): Element 'Object Repository/Maya/drop4 CR/android.widget.TextView0 - Your TAC no. is 831555lATEST' not found

2020-08-05 14:04:39 - [MESSAGE][WARNING] - Timeout '0' is invalid. Using default page load timeout: '10'

2020-08-05 14:04:50 - [MESSAGE][FAILED] - Element 'Object Repository/Maya/drop4 CR/android.widget.TextView0 - Your TAC no. is 831555lATEST' not found
[[ATTACHMENT|C:\\Users\\LENOVO\\Git_new\\Maya\\Reports\\20200805_140202\\Maya UAT\\UAT Test Suite\\20200805_140202\\1596607489326.png]]

2020-08-05 14:04:50 - [TEST_STEP][PASSED] - if (verifyElementExist(findTestObject("Maya/KLIA/android.widget.TextView0 - Approve"), 4)): null

2020-08-05 14:04:50 - [MESSAGE][PASSED] - Element 'Object Repository/Maya/KLIA/android.widget.TextView0 - Approve' is exist

2020-08-05 14:04:50 - [TEST_STEP][PASSED] - tap(findTestObject("Maya/KLIA/android.widget.TextView0 - Approve"), 5): Tapped on element 'Object Repository/Maya/KLIA/android.widget.TextView0 - Approve'

2020-08-05 14:04:51 - [MESSAGE][PASSED] - Tapped on element 'Object Repository/Maya/KLIA/android.widget.TextView0 - Approve'

2020-08-05 14:04:51 - [TEST_STEP][PASSED] - delay(3, STOP_ON_FAILURE): Delayed 3 second(s)

2020-08-05 14:04:54 - [MESSAGE][PASSED] - Delayed 3 second(s)

2020-08-05 14:04:54 - [TEST_STEP][PASSED] - takeScreenshot("C:\Users\LENOVO\Screenshot\Third Party Fav\TransferSuccess.png", STOP_ON_FAILURE): Screenshot is taken

2020-08-05 14:04:55 - [MESSAGE][PASSED] - Screenshot is taken
[[ATTACHMENT|C:\\Users\\LENOVO\\Screenshot\\Third Party Fav\\TransferSuccess.png]]

2020-08-05 14:04:55 - [TEST_STEP][PASSED] - verifyElementText(findTestObject("Maya/duitNow Fav TAC/android.widget.TextView0 - Transfer successful"), "Transfer successful"): Actual text and expected text of test object 'Object Repository/Maya/duitNow Fav TAC/android.widget.TextView0 - Transfer successful' are matched.

2020-08-05 14:04:59 - [MESSAGE][PASSED] - Actual text and expected text of test object 'Object Repository/Maya/duitNow Fav TAC/android.widget.TextView0 - Transfer successful' are matched.

2020-08-05 14:04:59 - [TEST_STEP][PASSED] - getText(findTestObject("Maya/drop4 CR/android.widget.TextView0 - Reference ID"), 0): Text of element 'Object Repository/Maya/drop4 CR/android.widget.TextView0 - Reference ID' is: 'Reference ID'

2020-08-05 14:04:59 - [MESSAGE][WARNING] - Timeout '0' is invalid. Using default page load timeout: '10'

2020-08-05 14:04:59 - [MESSAGE][PASSED] - Text of element 'Object Repository/Maya/drop4 CR/android.widget.TextView0 - Reference ID' is: 'Reference ID'

2020-08-05 14:04:59 - [TEST_STEP][PASSED] - delay(2, STOP_ON_FAILURE): Delayed 2 second(s)

2020-08-05 14:05:01 - [MESSAGE][PASSED] - Delayed 2 second(s)

2020-08-05 14:05:01 - [TEST_STEP][PASSED] - takeScreenshot("C:\Users\LENOVO\Screenshot\DuiNow Drop4\Screenshot33", STOP_ON_FAILURE): Screenshot is taken

2020-08-05 14:05:02 - [MESSAGE][PASSED] - Screenshot is taken
[[ATTACHMENT|C:\\Users\\LENOVO\\Screenshot\\DuiNow Drop4\\Screenshot33]]

2020-08-05 14:05:02 - [TEST_STEP][PASSED] - verifyElementExist(findTestObject("Maya/drop4 CR/android.widget.TextView0 - Reference ID"), 0): Element 'Object Repository/Maya/drop4 CR/android.widget.TextView0 - Reference ID' is exist

2020-08-05 14:05:02 - [MESSAGE][WARNING] - Timeout '0' is invalid. Using default page load timeout: '10'

2020-08-05 14:05:02 - [MESSAGE][PASSED] - Element 'Object Repository/Maya/drop4 CR/android.widget.TextView0 - Reference ID' is exist

2020-08-05 14:05:02 - [TEST_STEP][PASSED] - getText(findTestObject("Maya/drop4 CR/android.widget.TextView0 - Date  time"), 0): Text of element 'Object Repository/Maya/drop4 CR/android.widget.TextView0 - Date  time' is: 'Date & time'

2020-08-05 14:05:02 - [MESSAGE][WARNING] - Timeout '0' is invalid. Using default page load timeout: '10'

2020-08-05 14:05:03 - [MESSAGE][PASSED] - Text of element 'Object Repository/Maya/drop4 CR/android.widget.TextView0 - Date  time' is: 'Date & time'

2020-08-05 14:05:03 - [TEST_STEP][PASSED] - verifyElementExist(findTestObject("Maya/drop4 CR/android.widget.TextView0 - Date  time"), 0): Element 'Object Repository/Maya/drop4 CR/android.widget.TextView0 - Date  time' is exist

2020-08-05 14:05:03 - [MESSAGE][WARNING] - Timeout '0' is invalid. Using default page load timeout: '10'

2020-08-05 14:05:03 - [MESSAGE][PASSED] - Element 'Object Repository/Maya/drop4 CR/android.widget.TextView0 - Date  time' is exist

2020-08-05 14:05:03 - [TEST_STEP][PASSED] - getText(findTestObject("Maya/drop4 CR/android.widget.TextView0 - 17180225875M"), 0): Text of element 'Object Repository/Maya/drop4 CR/android.widget.TextView0 - 17180225875M' is: '17180694643M'

2020-08-05 14:05:03 - [MESSAGE][WARNING] - Timeout '0' is invalid. Using default page load timeout: '10'

2020-08-05 14:05:04 - [MESSAGE][PASSED] - Text of element 'Object Repository/Maya/drop4 CR/android.widget.TextView0 - 17180225875M' is: '17180694643M'

2020-08-05 14:05:04 - [TEST_STEP][PASSED] - verifyElementExist(findTestObject("Maya/drop4 CR/android.widget.TextView0 - 17180225875M"), 0): Element 'Object Repository/Maya/drop4 CR/android.widget.TextView0 - 17180225875M' is exist

2020-08-05 14:05:04 - [MESSAGE][WARNING] - Timeout '0' is invalid. Using default page load timeout: '10'

2020-08-05 14:05:05 - [MESSAGE][PASSED] - Element 'Object Repository/Maya/drop4 CR/android.widget.TextView0 - 17180225875M' is exist

2020-08-05 14:05:05 - [TEST_STEP][PASSED] - getText(findTestObject("Maya/drop4 CR/android.widget.TextView0 - 23 Jul 2020 850 PM"), 0): Text of element 'Object Repository/Maya/drop4 CR/android.widget.TextView0 - 23 Jul 2020 850 PM' is: '05 Aug 2020, 2:04 PM'

2020-08-05 14:05:05 - [MESSAGE][WARNING] - Timeout '0' is invalid. Using default page load timeout: '10'

2020-08-05 14:05:06 - [MESSAGE][PASSED] - Text of element 'Object Repository/Maya/drop4 CR/android.widget.TextView0 - 23 Jul 2020 850 PM' is: '05 Aug 2020, 2:04 PM'

2020-08-05 14:05:06 - [TEST_STEP][PASSED] - verifyElementExist(findTestObject("Maya/drop4 CR/android.widget.TextView0 - 23 Jul 2020 850 PM"), 0): Element 'Object Repository/Maya/drop4 CR/android.widget.TextView0 - 23 Jul 2020 850 PM' is exist

2020-08-05 14:05:06 - [MESSAGE][WARNING] - Timeout '0' is invalid. Using default page load timeout: '10'

2020-08-05 14:05:06 - [MESSAGE][PASSED] - Element 'Object Repository/Maya/drop4 CR/android.widget.TextView0 - 23 Jul 2020 850 PM' is exist

2020-08-05 14:05:06 - [TEST_STEP][PASSED] - tap(findTestObject("Maya/drop4 CR/android.widget.TextView0 - Share Receipt"), 0): Tapped on element 'Object Repository/Maya/drop4 CR/android.widget.TextView0 - Share Receipt'

2020-08-05 14:05:06 - [MESSAGE][WARNING] - Timeout '0' is invalid. Using default page load timeout: '10'

2020-08-05 14:05:07 - [MESSAGE][PASSED] - Tapped on element 'Object Repository/Maya/drop4 CR/android.widget.TextView0 - Share Receipt'

2020-08-05 14:05:07 - [TEST_STEP][PASSED] - getText(findTestObject("Maya/drop4 CR/android.widget.TextView0 - Share Receipt (1)"), 0): Text of element 'Object Repository/Maya/drop4 CR/android.widget.TextView0 - Share Receipt (1)' is: 'Share Receipt'

2020-08-05 14:05:07 - [MESSAGE][WARNING] - Timeout '0' is invalid. Using default page load timeout: '10'

2020-08-05 14:05:09 - [MESSAGE][PASSED] - Text of element 'Object Repository/Maya/drop4 CR/android.widget.TextView0 - Share Receipt (1)' is: 'Share Receipt'

2020-08-05 14:05:09 - [TEST_STEP][PASSED] - verifyElementExist(findTestObject("Maya/drop4 CR/android.widget.TextView0 - Share Receipt (1)"), 0): Element 'Object Repository/Maya/drop4 CR/android.widget.TextView0 - Share Receipt (1)' is exist

2020-08-05 14:05:09 - [MESSAGE][WARNING] - Timeout '0' is invalid. Using default page load timeout: '10'

2020-08-05 14:05:09 - [MESSAGE][PASSED] - Element 'Object Repository/Maya/drop4 CR/android.widget.TextView0 - Share Receipt (1)' is exist

2020-08-05 14:05:09 - [TEST_STEP][PASSED] - getText(findTestObject("Maya/drop4 CR/android.view.View0 - DuitNow"), 0): Text of element 'Object Repository/Maya/drop4 CR/android.view.View0 - DuitNow' is: 'DuitNow'

2020-08-05 14:05:09 - [MESSAGE][WARNING] - Timeout '0' is invalid. Using default page load timeout: '10'

2020-08-05 14:05:13 - [MESSAGE][PASSED] - Text of element 'Object Repository/Maya/drop4 CR/android.view.View0 - DuitNow' is: 'DuitNow'

2020-08-05 14:05:13 - [TEST_STEP][PASSED] - verifyElementExist(findTestObject("Maya/drop4 CR/android.view.View0 - DuitNow"), 0): Element 'Object Repository/Maya/drop4 CR/android.view.View0 - DuitNow' is exist

2020-08-05 14:05:13 - [MESSAGE][WARNING] - Timeout '0' is invalid. Using default page load timeout: '10'

2020-08-05 14:05:13 - [MESSAGE][PASSED] - Element 'Object Repository/Maya/drop4 CR/android.view.View0 - DuitNow' is exist

2020-08-05 14:05:13 - [TEST_STEP][PASSED] - getText(findTestObject("Maya/drop4 CR/android.view.View0 - Successful"), 0): Text of element 'Object Repository/Maya/drop4 CR/android.view.View0 - Successful' is: 'Successful'

2020-08-05 14:05:14 - [MESSAGE][WARNING] - Timeout '0' is invalid. Using default page load timeout: '10'

2020-08-05 14:05:14 - [MESSAGE][PASSED] - Text of element 'Object Repository/Maya/drop4 CR/android.view.View0 - Successful' is: 'Successful'

2020-08-05 14:05:14 - [TEST_STEP][PASSED] - verifyElementExist(findTestObject("Maya/drop4 CR/android.view.View0 - Successful"), 0): Element 'Object Repository/Maya/drop4 CR/android.view.View0 - Successful' is exist

2020-08-05 14:05:14 - [MESSAGE][WARNING] - Timeout '0' is invalid. Using default page load timeout: '10'

2020-08-05 14:05:14 - [MESSAGE][PASSED] - Element 'Object Repository/Maya/drop4 CR/android.view.View0 - Successful' is exist

2020-08-05 14:05:14 - [TEST_STEP][PASSED] - getText(findTestObject("Maya/drop4 CR/android.view.View0 - Reference ID"), 0): Text of element 'Object Repository/Maya/drop4 CR/android.view.View0 - Reference ID' is: 'Reference ID'

2020-08-05 14:05:14 - [MESSAGE][WARNING] - Timeout '0' is invalid. Using default page load timeout: '10'

2020-08-05 14:05:14 - [MESSAGE][PASSED] - Text of element 'Object Repository/Maya/drop4 CR/android.view.View0 - Reference ID' is: 'Reference ID'

2020-08-05 14:05:14 - [TEST_STEP][PASSED] - verifyElementExist(findTestObject("Maya/drop4 CR/android.view.View0 - Reference ID"), 0): Element 'Object Repository/Maya/drop4 CR/android.view.View0 - Reference ID' is exist

2020-08-05 14:05:14 - [MESSAGE][WARNING] - Timeout '0' is invalid. Using default page load timeout: '10'

2020-08-05 14:05:15 - [MESSAGE][PASSED] - Element 'Object Repository/Maya/drop4 CR/android.view.View0 - Reference ID' is exist

2020-08-05 14:05:15 - [TEST_STEP][PASSED] - getText(findTestObject("Maya/drop4 CR/android.view.View0 - 17180225875M"), 0): Text of element 'Object Repository/Maya/drop4 CR/android.view.View0 - 17180225875M' is: '17180694643M'

2020-08-05 14:05:15 - [MESSAGE][WARNING] - Timeout '0' is invalid. Using default page load timeout: '10'

2020-08-05 14:05:16 - [MESSAGE][PASSED] - Text of element 'Object Repository/Maya/drop4 CR/android.view.View0 - 17180225875M' is: '17180694643M'

2020-08-05 14:05:16 - [TEST_STEP][PASSED] - verifyElementExist(findTestObject("Maya/drop4 CR/android.view.View0 - 17180225875M"), 0): Element 'Object Repository/Maya/drop4 CR/android.view.View0 - 17180225875M' is exist

2020-08-05 14:05:16 - [MESSAGE][WARNING] - Timeout '0' is invalid. Using default page load timeout: '10'

2020-08-05 14:05:16 - [MESSAGE][PASSED] - Element 'Object Repository/Maya/drop4 CR/android.view.View0 - 17180225875M' is exist

2020-08-05 14:05:16 - [TEST_STEP][PASSED] - getText(findTestObject("Maya/drop4 CR/android.view.View0 - 23 Jul 2020 850 PM"), 0): Text of element 'Object Repository/Maya/drop4 CR/android.view.View0 - 23 Jul 2020 850 PM' is: '05 Aug 2020, 2:04 PM'

2020-08-05 14:05:16 - [MESSAGE][WARNING] - Timeout '0' is invalid. Using default page load timeout: '10'

2020-08-05 14:05:16 - [MESSAGE][PASSED] - Text of element 'Object Repository/Maya/drop4 CR/android.view.View0 - 23 Jul 2020 850 PM' is: '05 Aug 2020, 2:04 PM'

2020-08-05 14:05:16 - [TEST_STEP][PASSED] - verifyElementExist(findTestObject("Maya/drop4 CR/android.view.View0 - 23 Jul 2020 850 PM"), 0): Element 'Object Repository/Maya/drop4 CR/android.view.View0 - 23 Jul 2020 850 PM' is exist

2020-08-05 14:05:16 - [MESSAGE][WARNING] - Timeout '0' is invalid. Using default page load timeout: '10'

2020-08-05 14:05:17 - [MESSAGE][PASSED] - Element 'Object Repository/Maya/drop4 CR/android.view.View0 - 23 Jul 2020 850 PM' is exist

2020-08-05 14:05:17 - [TEST_STEP][PASSED] - getText(findTestObject("Maya/drop4 CR/android.view.View0 - Beneficiary name"), 0): Text of element 'Object Repository/Maya/drop4 CR/android.view.View0 - Beneficiary name' is: 'Beneficiary name'

2020-08-05 14:05:17 - [MESSAGE][WARNING] - Timeout '0' is invalid. Using default page load timeout: '10'

2020-08-05 14:05:18 - [MESSAGE][PASSED] - Text of element 'Object Repository/Maya/drop4 CR/android.view.View0 - Beneficiary name' is: 'Beneficiary name'

2020-08-05 14:05:18 - [TEST_STEP][PASSED] - verifyElementExist(findTestObject("Maya/drop4 CR/android.view.View0 - Beneficiary name"), 0): Element 'Object Repository/Maya/drop4 CR/android.view.View0 - Beneficiary name' is exist

2020-08-05 14:05:18 - [MESSAGE][WARNING] - Timeout '0' is invalid. Using default page load timeout: '10'

2020-08-05 14:05:18 - [MESSAGE][PASSED] - Element 'Object Repository/Maya/drop4 CR/android.view.View0 - Beneficiary name' is exist

2020-08-05 14:05:18 - [TEST_STEP][PASSED] - delay(2, STOP_ON_FAILURE): Delayed 2 second(s)

2020-08-05 14:05:20 - [MESSAGE][PASSED] - Delayed 2 second(s)

2020-08-05 14:05:20 - [TEST_STEP][PASSED] - takeScreenshot("C:\Users\LENOVO\Screenshot\DuiNow Drop4\Screenshot34", STOP_ON_FAILURE): Screenshot is taken

2020-08-05 14:05:21 - [MESSAGE][PASSED] - Screenshot is taken
[[ATTACHMENT|C:\\Users\\LENOVO\\Screenshot\\DuiNow Drop4\\Screenshot34]]

2020-08-05 14:05:21 - [TEST_STEP][PASSED] - getText(findTestObject("Maya/drop4 CR/android.view.View0 - 3676FED98C"), 0): Text of element 'Object Repository/Maya/drop4 CR/android.view.View0 - 3676FED98C' is: '3676FED98C'

2020-08-05 14:05:21 - [MESSAGE][WARNING] - Timeout '0' is invalid. Using default page load timeout: '10'

2020-08-05 14:05:22 - [MESSAGE][PASSED] - Text of element 'Object Repository/Maya/drop4 CR/android.view.View0 - 3676FED98C' is: '3676FED98C'

2020-08-05 14:05:22 - [TEST_STEP][PASSED] - verifyElementExist(findTestObject("Maya/drop4 CR/android.view.View0 - 3676FED98C"), 0): Element 'Object Repository/Maya/drop4 CR/android.view.View0 - 3676FED98C' is exist

2020-08-05 14:05:23 - [MESSAGE][WARNING] - Timeout '0' is invalid. Using default page load timeout: '10'

2020-08-05 14:05:23 - [MESSAGE][PASSED] - Element 'Object Repository/Maya/drop4 CR/android.view.View0 - 3676FED98C' is exist

2020-08-05 14:05:23 - [TEST_STEP][PASSED] - getText(findTestObject("Maya/drop4 CR/android.view.View0 - DuitNow ID type"), 0): Text of element 'Object Repository/Maya/drop4 CR/android.view.View0 - DuitNow ID type' is: 'DuitNow ID type'

2020-08-05 14:05:23 - [MESSAGE][WARNING] - Timeout '0' is invalid. Using default page load timeout: '10'

2020-08-05 14:05:23 - [MESSAGE][PASSED] - Text of element 'Object Repository/Maya/drop4 CR/android.view.View0 - DuitNow ID type' is: 'DuitNow ID type'

2020-08-05 14:05:23 - [TEST_STEP][PASSED] - verifyElementExist(findTestObject("Maya/drop4 CR/android.view.View0 - DuitNow ID type"), 0): Element 'Object Repository/Maya/drop4 CR/android.view.View0 - DuitNow ID type' is exist

2020-08-05 14:05:23 - [MESSAGE][WARNING] - Timeout '0' is invalid. Using default page load timeout: '10'

2020-08-05 14:05:23 - [MESSAGE][PASSED] - Element 'Object Repository/Maya/drop4 CR/android.view.View0 - DuitNow ID type' is exist

2020-08-05 14:05:23 - [TEST_STEP][PASSED] - getText(findTestObject("Maya/drop4 CR/android.view.View0 - 3676FED98C"), 0): Text of element 'Object Repository/Maya/drop4 CR/android.view.View0 - 3676FED98C' is: '3676FED98C'

2020-08-05 14:05:23 - [MESSAGE][WARNING] - Timeout '0' is invalid. Using default page load timeout: '10'

2020-08-05 14:05:24 - [MESSAGE][PASSED] - Text of element 'Object Repository/Maya/drop4 CR/android.view.View0 - 3676FED98C' is: '3676FED98C'

2020-08-05 14:05:24 - [TEST_STEP][PASSED] - verifyElementExist(findTestObject("Maya/drop4 CR/android.view.View0 - 3676FED98C"), 0): Element 'Object Repository/Maya/drop4 CR/android.view.View0 - 3676FED98C' is exist

2020-08-05 14:05:24 - [MESSAGE][WARNING] - Timeout '0' is invalid. Using default page load timeout: '10'

2020-08-05 14:05:24 - [MESSAGE][PASSED] - Element 'Object Repository/Maya/drop4 CR/android.view.View0 - 3676FED98C' is exist

2020-08-05 14:05:24 - [TEST_STEP][PASSED] - getText(findTestObject("Maya/drop4 CR/android.view.View0 - DuitNow ID number"), 0): Text of element 'Object Repository/Maya/drop4 CR/android.view.View0 - DuitNow ID number' is: 'DuitNow ID number'

2020-08-05 14:05:24 - [MESSAGE][WARNING] - Timeout '0' is invalid. Using default page load timeout: '10'

2020-08-05 14:05:24 - [MESSAGE][PASSED] - Text of element 'Object Repository/Maya/drop4 CR/android.view.View0 - DuitNow ID number' is: 'DuitNow ID number'

2020-08-05 14:05:24 - [TEST_STEP][PASSED] - verifyElementExist(findTestObject("Maya/drop4 CR/android.view.View0 - DuitNow ID number"), 0): Element 'Object Repository/Maya/drop4 CR/android.view.View0 - DuitNow ID number' is exist

2020-08-05 14:05:24 - [MESSAGE][WARNING] - Timeout '0' is invalid. Using default page load timeout: '10'

2020-08-05 14:05:24 - [MESSAGE][PASSED] - Element 'Object Repository/Maya/drop4 CR/android.view.View0 - DuitNow ID number' is exist

2020-08-05 14:05:24 - [TEST_STEP][PASSED] - getText(findTestObject("Maya/drop4 CR/android.view.View0 - 012 3743 890"), 0): Text of element 'Object Repository/Maya/drop4 CR/android.view.View0 - 012 3743 890' is: '012 3743 890'

2020-08-05 14:05:25 - [MESSAGE][WARNING] - Timeout '0' is invalid. Using default page load timeout: '10'

2020-08-05 14:05:25 - [MESSAGE][PASSED] - Text of element 'Object Repository/Maya/drop4 CR/android.view.View0 - 012 3743 890' is: '012 3743 890'

2020-08-05 14:05:25 - [TEST_STEP][PASSED] - verifyElementExist(findTestObject("Maya/drop4 CR/android.view.View0 - 012 3743 890"), 0): Element 'Object Repository/Maya/drop4 CR/android.view.View0 - 012 3743 890' is exist

2020-08-05 14:05:25 - [MESSAGE][WARNING] - Timeout '0' is invalid. Using default page load timeout: '10'

2020-08-05 14:05:25 - [MESSAGE][PASSED] - Element 'Object Repository/Maya/drop4 CR/android.view.View0 - 012 3743 890' is exist

2020-08-05 14:05:25 - [TEST_STEP][PASSED] - getText(findTestObject("Maya/drop4 CR/android.view.View0 - Recipient reference"), 0): Text of element 'Object Repository/Maya/drop4 CR/android.view.View0 - Recipient reference' is: 'Recipient reference'

2020-08-05 14:05:25 - [MESSAGE][WARNING] - Timeout '0' is invalid. Using default page load timeout: '10'

2020-08-05 14:05:25 - [MESSAGE][PASSED] - Text of element 'Object Repository/Maya/drop4 CR/android.view.View0 - Recipient reference' is: 'Recipient reference'

2020-08-05 14:05:25 - [TEST_STEP][PASSED] - verifyElementExist(findTestObject("Maya/drop4 CR/android.view.View0 - Recipient reference"), 0): Element 'Object Repository/Maya/drop4 CR/android.view.View0 - Recipient reference' is exist

2020-08-05 14:05:25 - [MESSAGE][WARNING] - Timeout '0' is invalid. Using default page load timeout: '10'

2020-08-05 14:05:26 - [MESSAGE][PASSED] - Element 'Object Repository/Maya/drop4 CR/android.view.View0 - Recipient reference' is exist

2020-08-05 14:05:26 - [TEST_STEP][PASSED] - getText(findTestObject("Maya/drop4 CR/android.view.View0 - testestesetese"), 0): Text of element 'Object Repository/Maya/drop4 CR/android.view.View0 - testestesetese' is: 'testestesetese'

2020-08-05 14:05:26 - [MESSAGE][WARNING] - Timeout '0' is invalid. Using default page load timeout: '10'

2020-08-05 14:05:26 - [MESSAGE][PASSED] - Text of element 'Object Repository/Maya/drop4 CR/android.view.View0 - testestesetese' is: 'testestesetese'

2020-08-05 14:05:26 - [TEST_STEP][PASSED] - verifyElementExist(findTestObject("Maya/drop4 CR/android.view.View0 - testestesetese"), 0): Element 'Object Repository/Maya/drop4 CR/android.view.View0 - testestesetese' is exist

2020-08-05 14:05:26 - [MESSAGE][WARNING] - Timeout '0' is invalid. Using default page load timeout: '10'

2020-08-05 14:05:26 - [MESSAGE][PASSED] - Element 'Object Repository/Maya/drop4 CR/android.view.View0 - testestesetese' is exist

2020-08-05 14:05:26 - [TEST_STEP][PASSED] - getText(findTestObject("Maya/drop4 CR/android.view.View0 - Amount"), 0): Text of element 'Object Repository/Maya/drop4 CR/android.view.View0 - Amount' is: 'Amount'

2020-08-05 14:05:26 - [MESSAGE][WARNING] - Timeout '0' is invalid. Using default page load timeout: '10'

2020-08-05 14:05:26 - [MESSAGE][PASSED] - Text of element 'Object Repository/Maya/drop4 CR/android.view.View0 - Amount' is: 'Amount'

2020-08-05 14:05:26 - [TEST_STEP][PASSED] - verifyElementExist(findTestObject("Maya/drop4 CR/android.view.View0 - Amount"), 0): Element 'Object Repository/Maya/drop4 CR/android.view.View0 - Amount' is exist

2020-08-05 14:05:26 - [MESSAGE][WARNING] - Timeout '0' is invalid. Using default page load timeout: '10'

2020-08-05 14:05:27 - [MESSAGE][PASSED] - Element 'Object Repository/Maya/drop4 CR/android.view.View0 - Amount' is exist

2020-08-05 14:05:27 - [TEST_STEP][PASSED] - delay(5, STOP_ON_FAILURE): Delayed 5 second(s)

2020-08-05 14:05:32 - [MESSAGE][PASSED] - Delayed 5 second(s)

2020-08-05 14:05:32 - [TEST_STEP][PASSED] - swipe(831, 1382, 800, 100): Swiped from 831,1,382 to 800,100

2020-08-05 14:05:33 - [MESSAGE][PASSED] - Swiped from 831,1,382 to 800,100

2020-08-05 14:05:33 - [TEST_STEP][PASSED] - delay(5, STOP_ON_FAILURE): Delayed 5 second(s)

2020-08-05 14:05:38 - [MESSAGE][PASSED] - Delayed 5 second(s)

2020-08-05 14:05:38 - [TEST_STEP][PASSED] - getText(findTestObject("Maya/drop4 CR/android.view.View0 - RM 2.00"), 0): Text of element 'Object Repository/Maya/drop4 CR/android.view.View0 - RM 2.00' is: 'RM 2.00'

2020-08-05 14:05:38 - [MESSAGE][WARNING] - Timeout '0' is invalid. Using default page load timeout: '10'

2020-08-05 14:05:38 - [MESSAGE][PASSED] - Text of element 'Object Repository/Maya/drop4 CR/android.view.View0 - RM 2.00' is: 'RM 2.00'

2020-08-05 14:05:38 - [TEST_STEP][PASSED] - verifyElementExist(findTestObject("Maya/drop4 CR/android.view.View0 - RM 2.00"), 0): Element 'Object Repository/Maya/drop4 CR/android.view.View0 - RM 2.00' is exist

2020-08-05 14:05:38 - [MESSAGE][WARNING] - Timeout '0' is invalid. Using default page load timeout: '10'

2020-08-05 14:05:39 - [MESSAGE][PASSED] - Element 'Object Repository/Maya/drop4 CR/android.view.View0 - RM 2.00' is exist

2020-08-05 14:05:39 - [TEST_STEP][PASSED] - tap(findTestObject("Maya/drop4 CR/android.widget.ImageView0 (2)"), 0): Tapped on element 'Object Repository/Maya/drop4 CR/android.widget.ImageView0 (2)'

2020-08-05 14:05:39 - [MESSAGE][WARNING] - Timeout '0' is invalid. Using default page load timeout: '10'

2020-08-05 14:05:39 - [MESSAGE][PASSED] - Tapped on element 'Object Repository/Maya/drop4 CR/android.widget.ImageView0 (2)'

2020-08-05 14:05:39 - [TEST_STEP][PASSED] - tap(findTestObject("Maya/drop4 CR/android.widget.Button0 - Cancel"), 0): Tapped on element 'Object Repository/Maya/drop4 CR/android.widget.Button0 - Cancel'

2020-08-05 14:05:39 - [MESSAGE][WARNING] - Timeout '0' is invalid. Using default page load timeout: '10'

2020-08-05 14:05:44 - [MESSAGE][PASSED] - Tapped on element 'Object Repository/Maya/drop4 CR/android.widget.Button0 - Cancel'

2020-08-05 14:05:44 - [TEST_STEP][PASSED] - tap(findTestObject("Maya/drop4 CR/android.widget.ImageView0 (3)"), 0): Tapped on element 'Object Repository/Maya/drop4 CR/android.widget.ImageView0 (3)'

2020-08-05 14:05:44 - [MESSAGE][WARNING] - Timeout '0' is invalid. Using default page load timeout: '10'

2020-08-05 14:05:45 - [MESSAGE][PASSED] - Tapped on element 'Object Repository/Maya/drop4 CR/android.widget.ImageView0 (3)'

2020-08-05 14:05:45 - [TEST_STEP][PASSED] - tap(findTestObject("Maya/drop4 CR/android.widget.TextView0 - Add to Favourites"), 0): Tapped on element 'Object Repository/Maya/drop4 CR/android.widget.TextView0 - Add to Favourites'

2020-08-05 14:05:45 - [MESSAGE][WARNING] - Timeout '0' is invalid. Using default page load timeout: '10'

2020-08-05 14:05:48 - [MESSAGE][PASSED] - Tapped on element 'Object Repository/Maya/drop4 CR/android.widget.TextView0 - Add to Favourites'

2020-08-05 14:05:48 - [TEST_STEP][PASSED] - clearText(findTestObject("Maya/drop4 CR/android.widget.EditText0 - 3676FED98C"), 0): Element 'Object Repository/Maya/drop4 CR/android.widget.EditText0 - 3676FED98C' text is cleared

2020-08-05 14:05:48 - [MESSAGE][WARNING] - Timeout '0' is invalid. Using default page load timeout: '10'

2020-08-05 14:05:49 - [MESSAGE][PASSED] - Element 'Object Repository/Maya/drop4 CR/android.widget.EditText0 - 3676FED98C' text is cleared

2020-08-05 14:05:49 - [TEST_STEP][PASSED] - setText(findTestObject("Maya/drop4 CR/android.widget.EditText0 - Please Enter Name"), "cgkchkchkchkchkchkchkchkchk", 0): Text 'cgkchkchkchkchkchkchkchkchk' has been set to element 'Object Repository/Maya/drop4 CR/android.widget.EditText0 - Please Enter Name'

2020-08-05 14:05:49 - [MESSAGE][WARNING] - Timeout '0' is invalid. Using default page load timeout: '10'

2020-08-05 14:05:50 - [MESSAGE][PASSED] - Text 'cgkchkchkchkchkchkchkchkchk' has been set to element 'Object Repository/Maya/drop4 CR/android.widget.EditText0 - Please Enter Name'

2020-08-05 14:05:50 - [TEST_STEP][PASSED] - tap(findTestObject("Maya/drop4 CR/android.widget.ImageView0 (4)"), 0): Tapped on element 'Object Repository/Maya/drop4 CR/android.widget.ImageView0 (4)'

2020-08-05 14:05:51 - [MESSAGE][WARNING] - Timeout '0' is invalid. Using default page load timeout: '10'

2020-08-05 14:05:52 - [MESSAGE][PASSED] - Tapped on element 'Object Repository/Maya/drop4 CR/android.widget.ImageView0 (4)'

2020-08-05 14:05:52 - [TEST_STEP][PASSED] - delay(2, STOP_ON_FAILURE): Delayed 2 second(s)

2020-08-05 14:05:54 - [MESSAGE][PASSED] - Delayed 2 second(s)

2020-08-05 14:05:54 - [TEST_STEP][PASSED] - takeScreenshot("C:\Users\LENOVO\Screenshot\DuiNow Drop4\Screenshot36", STOP_ON_FAILURE): Screenshot is taken

2020-08-05 14:05:55 - [MESSAGE][PASSED] - Screenshot is taken
[[ATTACHMENT|C:\\Users\\LENOVO\\Screenshot\\DuiNow Drop4\\Screenshot36]]

2020-08-05 14:05:55 - [TEST_STEP][PASSED] - tap(findTestObject("Maya/drop4 CR/android.widget.TextView0 - Add to Favourites"), 0): Tapped on element 'Object Repository/Maya/drop4 CR/android.widget.TextView0 - Add to Favourites'

2020-08-05 14:05:55 - [MESSAGE][WARNING] - Timeout '0' is invalid. Using default page load timeout: '10'

2020-08-05 14:05:57 - [MESSAGE][PASSED] - Tapped on element 'Object Repository/Maya/drop4 CR/android.widget.TextView0 - Add to Favourites'

2020-08-05 14:05:57 - [TEST_STEP][PASSED] - getText(findTestObject("Maya/drop4 CR/android.widget.TextView0 - Registered name"), 0): Text of element 'Object Repository/Maya/drop4 CR/android.widget.TextView0 - Registered name' is: 'Registered name'

2020-08-05 14:05:57 - [MESSAGE][WARNING] - Timeout '0' is invalid. Using default page load timeout: '10'

2020-08-05 14:05:58 - [MESSAGE][PASSED] - Text of element 'Object Repository/Maya/drop4 CR/android.widget.TextView0 - Registered name' is: 'Registered name'

2020-08-05 14:05:58 - [TEST_STEP][PASSED] - verifyElementExist(findTestObject("Maya/drop4 CR/android.widget.TextView0 - Registered name"), 0): Element 'Object Repository/Maya/drop4 CR/android.widget.TextView0 - Registered name' is exist

2020-08-05 14:05:58 - [MESSAGE][WARNING] - Timeout '0' is invalid. Using default page load timeout: '10'

2020-08-05 14:05:58 - [MESSAGE][PASSED] - Element 'Object Repository/Maya/drop4 CR/android.widget.TextView0 - Registered name' is exist

2020-08-05 14:05:58 - [TEST_STEP][PASSED] - getText(findTestObject("Maya/drop4 CR/android.widget.TextView0 - 3676FED98C (1)"), 0): Text of element 'Object Repository/Maya/drop4 CR/android.widget.TextView0 - 3676FED98C (1)' is: '3676FED98C'

2020-08-05 14:05:58 - [MESSAGE][WARNING] - Timeout '0' is invalid. Using default page load timeout: '10'

2020-08-05 14:05:58 - [MESSAGE][PASSED] - Text of element 'Object Repository/Maya/drop4 CR/android.widget.TextView0 - 3676FED98C (1)' is: '3676FED98C'

2020-08-05 14:05:58 - [TEST_STEP][PASSED] - verifyElementExist(findTestObject("Maya/drop4 CR/android.widget.TextView0 - 3676FED98C (1)"), 0): Element 'Object Repository/Maya/drop4 CR/android.widget.TextView0 - 3676FED98C (1)' is exist

2020-08-05 14:05:58 - [MESSAGE][WARNING] - Timeout '0' is invalid. Using default page load timeout: '10'

2020-08-05 14:05:58 - [MESSAGE][PASSED] - Element 'Object Repository/Maya/drop4 CR/android.widget.TextView0 - 3676FED98C (1)' is exist

2020-08-05 14:05:58 - [TEST_STEP][PASSED] - getText(findTestObject("Maya/drop4 CR/android.widget.TextView0 - Proxy type"), 0): Text of element 'Object Repository/Maya/drop4 CR/android.widget.TextView0 - Proxy type' is: 'Proxy type'

2020-08-05 14:05:59 - [MESSAGE][WARNING] - Timeout '0' is invalid. Using default page load timeout: '10'

2020-08-05 14:05:59 - [MESSAGE][PASSED] - Text of element 'Object Repository/Maya/drop4 CR/android.widget.TextView0 - Proxy type' is: 'Proxy type'

2020-08-05 14:05:59 - [TEST_STEP][PASSED] - verifyElementExist(findTestObject("Maya/drop4 CR/android.widget.TextView0 - Proxy type"), 0): Element 'Object Repository/Maya/drop4 CR/android.widget.TextView0 - Proxy type' is exist

2020-08-05 14:05:59 - [MESSAGE][WARNING] - Timeout '0' is invalid. Using default page load timeout: '10'

2020-08-05 14:05:59 - [MESSAGE][PASSED] - Element 'Object Repository/Maya/drop4 CR/android.widget.TextView0 - Proxy type' is exist

2020-08-05 14:05:59 - [TEST_STEP][PASSED] - getText(findTestObject("Maya/drop4 CR/android.widget.TextView0 - Mobile Number (2)"), 0): Text of element 'Object Repository/Maya/drop4 CR/android.widget.TextView0 - Mobile Number (2)' is: 'Mobile Number'

2020-08-05 14:05:59 - [MESSAGE][WARNING] - Timeout '0' is invalid. Using default page load timeout: '10'

2020-08-05 14:05:59 - [MESSAGE][PASSED] - Text of element 'Object Repository/Maya/drop4 CR/android.widget.TextView0 - Mobile Number (2)' is: 'Mobile Number'

2020-08-05 14:05:59 - [TEST_STEP][PASSED] - verifyElementExist(findTestObject("Maya/drop4 CR/android.widget.TextView0 - Mobile Number (2)"), 0): Element 'Object Repository/Maya/drop4 CR/android.widget.TextView0 - Mobile Number (2)' is exist

2020-08-05 14:05:59 - [MESSAGE][WARNING] - Timeout '0' is invalid. Using default page load timeout: '10'

2020-08-05 14:05:59 - [MESSAGE][PASSED] - Element 'Object Repository/Maya/drop4 CR/android.widget.TextView0 - Mobile Number (2)' is exist

2020-08-05 14:05:59 - [TEST_STEP][PASSED] - getText(findTestObject("Maya/drop4 CR/android.widget.TextView0 - Proxy ID"), 0): Text of element 'Object Repository/Maya/drop4 CR/android.widget.TextView0 - Proxy ID' is: 'Proxy ID'

2020-08-05 14:06:00 - [MESSAGE][WARNING] - Timeout '0' is invalid. Using default page load timeout: '10'

2020-08-05 14:06:00 - [MESSAGE][PASSED] - Text of element 'Object Repository/Maya/drop4 CR/android.widget.TextView0 - Proxy ID' is: 'Proxy ID'

2020-08-05 14:06:00 - [TEST_STEP][PASSED] - verifyElementExist(findTestObject("Maya/drop4 CR/android.widget.TextView0 - Proxy ID"), 0): Element 'Object Repository/Maya/drop4 CR/android.widget.TextView0 - Proxy ID' is exist

2020-08-05 14:06:00 - [MESSAGE][WARNING] - Timeout '0' is invalid. Using default page load timeout: '10'

2020-08-05 14:06:00 - [MESSAGE][PASSED] - Element 'Object Repository/Maya/drop4 CR/android.widget.TextView0 - Proxy ID' is exist

2020-08-05 14:06:00 - [TEST_STEP][PASSED] - getText(findTestObject("Maya/drop4 CR/android.widget.TextView0 - 0123743890"), 0): Text of element 'Object Repository/Maya/drop4 CR/android.widget.TextView0 - 0123743890' is: '0123743890'

2020-08-05 14:06:00 - [MESSAGE][WARNING] - Timeout '0' is invalid. Using default page load timeout: '10'

2020-08-05 14:06:01 - [MESSAGE][PASSED] - Text of element 'Object Repository/Maya/drop4 CR/android.widget.TextView0 - 0123743890' is: '0123743890'

2020-08-05 14:06:01 - [TEST_STEP][PASSED] - verifyElementExist(findTestObject("Maya/drop4 CR/android.widget.TextView0 - 0123743890"), 0): Element 'Object Repository/Maya/drop4 CR/android.widget.TextView0 - 0123743890' is exist

2020-08-05 14:06:01 - [MESSAGE][WARNING] - Timeout '0' is invalid. Using default page load timeout: '10'

2020-08-05 14:06:02 - [MESSAGE][PASSED] - Element 'Object Repository/Maya/drop4 CR/android.widget.TextView0 - 0123743890' is exist

2020-08-05 14:06:02 - [TEST_STEP][PASSED] - tap(findTestObject("Maya/drop4 CR/android.widget.TextView0 - Add to Favourites"), 0): Tapped on element 'Object Repository/Maya/drop4 CR/android.widget.TextView0 - Add to Favourites'

2020-08-05 14:06:02 - [MESSAGE][WARNING] - Timeout '0' is invalid. Using default page load timeout: '10'

2020-08-05 14:06:05 - [MESSAGE][PASSED] - Tapped on element 'Object Repository/Maya/drop4 CR/android.widget.TextView0 - Add to Favourites'

2020-08-05 14:06:05 - [TEST_STEP][PASSED] - takeScreenshot("C:\Users\LENOVO\Screenshot\DuitNowProxy\Screen16.png", CONTINUE_ON_FAILURE): Screenshot is taken

2020-08-05 14:06:06 - [MESSAGE][PASSED] - Screenshot is taken
[[ATTACHMENT|C:\\Users\\LENOVO\\Screenshot\\DuitNowProxy\\Screen16.png]]

2020-08-05 14:06:06 - [TEST_STEP][PASSED] - delay(5, CONTINUE_ON_FAILURE): Delayed 5 second(s)

2020-08-05 14:06:11 - [MESSAGE][PASSED] - Delayed 5 second(s)

2020-08-05 14:06:11 - [TEST_STEP][PASSED] - tap(findTestObject("Maya/RegisterDuitNow/android.widget.TextView0 - Done (3)"), 0): Tapped on element 'Object Repository/Maya/RegisterDuitNow/android.widget.TextView0 - Done (3)'

2020-08-05 14:06:11 - [MESSAGE][WARNING] - Timeout '0' is invalid. Using default page load timeout: '10'

2020-08-05 14:06:13 - [MESSAGE][PASSED] - Tapped on element 'Object Repository/Maya/RegisterDuitNow/android.widget.TextView0 - Done (3)'

2020-08-05 14:06:13 - [TEST_STEP][PASSED] - tap(findTestObject("Maya/RegisterDuitNow/android.widget.TextView0 - Transfer"), 0): Tapped on element 'Object Repository/Maya/RegisterDuitNow/android.widget.TextView0 - Transfer'

2020-08-05 14:06:13 - [MESSAGE][WARNING] - Timeout '0' is invalid. Using default page load timeout: '10'

2020-08-05 14:06:24 - [MESSAGE][PASSED] - Tapped on element 'Object Repository/Maya/RegisterDuitNow/android.widget.TextView0 - Transfer'

2020-08-05 14:06:24 - [TEST_STEP][PASSED] - delay(5, STOP_ON_FAILURE): Delayed 5 second(s)

2020-08-05 14:06:29 - [MESSAGE][PASSED] - Delayed 5 second(s)

2020-08-05 14:06:29 - [TEST_STEP][PASSED] - tapAndHoldAtPosition(627, 376, 2): Tapped and held at [627, 376] with duration 2

2020-08-05 14:06:33 - [MESSAGE][PASSED] - Tapped and held at [627, 376] with duration 2

2020-08-05 14:06:33 - [TEST_STEP][PASSED] - delay(2, CONTINUE_ON_FAILURE): Delayed 2 second(s)

2020-08-05 14:06:35 - [MESSAGE][PASSED] - Delayed 2 second(s)

2020-08-05 14:06:35 - [TEST_STEP][PASSED] - takeScreenshot("C:\Users\LENOVO\Screenshot\Third Party\Screenshot12", STOP_ON_FAILURE): Screenshot is taken

2020-08-05 14:06:36 - [MESSAGE][PASSED] - Screenshot is taken
[[ATTACHMENT|C:\\Users\\LENOVO\\Screenshot\\Third Party\\Screenshot12]]

2020-08-05 14:06:36 - [TEST_STEP][PASSED] - delay(5, STOP_ON_FAILURE): Delayed 5 second(s)

2020-08-05 14:06:41 - [MESSAGE][PASSED] - Delayed 5 second(s)

2020-08-05 14:06:41 - [TEST_STEP][PASSED] - swipe(831, 1382, 800, 100): Swiped from 831,1,382 to 800,100

2020-08-05 14:06:42 - [MESSAGE][PASSED] - Swiped from 831,1,382 to 800,100

2020-08-05 14:06:42 - [TEST_STEP][PASSED] - delay(5, STOP_ON_FAILURE): Delayed 5 second(s)

2020-08-05 14:06:47 - [MESSAGE][PASSED] - Delayed 5 second(s)

2020-08-05 14:06:47 - [TEST_STEP][PASSED] - delay(2, CONTINUE_ON_FAILURE): Delayed 2 second(s)

2020-08-05 14:06:49 - [MESSAGE][PASSED] - Delayed 2 second(s)

2020-08-05 14:06:49 - [TEST_STEP][PASSED] - takeScreenshot("C:\Users\LENOVO\Screenshot\Third Party\Screenshot15", STOP_ON_FAILURE): Screenshot is taken

2020-08-05 14:06:50 - [MESSAGE][PASSED] - Screenshot is taken
[[ATTACHMENT|C:\\Users\\LENOVO\\Screenshot\\Third Party\\Screenshot15]]

2020-08-05 14:06:50 - [TEST_STEP][PASSED] - delay(2, CONTINUE_ON_FAILURE): Delayed 2 second(s)

2020-08-05 14:06:52 - [MESSAGE][PASSED] - Delayed 2 second(s)

2020-08-05 14:06:52 - [TEST_STEP][PASSED] - tapAndHoldAtPosition(97, 176, 1): Tapped and held at [97, 176] with duration 1

2020-08-05 14:06:54 - [MESSAGE][PASSED] - Tapped and held at [97, 176] with duration 1

2020-08-05 14:06:54 - [TEST_STEP][FAILED] - tap(findTestObject("Maya/New_Transfer/android.widget.TextView0 - Wallet"), 0): Object Object Repository/Maya/New_Transfer/android.widget.TextView0 - Wallet not found

2020-08-05 14:06:55 - [MESSAGE][WARNING] - Timeout '0' is invalid. Using default page load timeout: '10'

2020-08-05 14:07:06 - [MESSAGE][FAILED] - Object Object Repository/Maya/New_Transfer/android.widget.TextView0 - Wallet not found
[[ATTACHMENT|C:\\Users\\LENOVO\\Git_new\\Maya\\Reports\\20200805_140202\\Maya UAT\\UAT Test Suite\\20200805_140202\\1596607625158.png]]

2020-08-05 14:07:06 - [TEST_STEP][PASSED] - getText(findTestObject("Maya/drop4 CR/android.widget.TextView0 - RM 1169.85-Post transfer balance"), 0): Text of element 'Object Repository/Maya/drop4 CR/android.widget.TextView0 - RM 1169.85-Post transfer balance' is: 'RM 246.90'

2020-08-05 14:07:06 - [MESSAGE][WARNING] - Timeout '0' is invalid. Using default page load timeout: '10'

2020-08-05 14:07:07 - [MESSAGE][PASSED] - Text of element 'Object Repository/Maya/drop4 CR/android.widget.TextView0 - RM 1169.85-Post transfer balance' is: 'RM 246.90'

2020-08-05 14:07:07 - [TEST_STEP][PASSED] - trx4 = 85-Post transfer balance"), 0).substring(3): Text of element 'Object Repository/Maya/drop4 CR/android.widget.TextView0 - RM 1169.85-Post transfer balance' is: 'RM 246.90'

2020-08-05 14:07:07 - [MESSAGE][WARNING] - Timeout '0' is invalid. Using default page load timeout: '10'

2020-08-05 14:07:08 - [MESSAGE][PASSED] - Text of element 'Object Repository/Maya/drop4 CR/android.widget.TextView0 - RM 1169.85-Post transfer balance' is: 'RM 246.90'

2020-08-05 14:07:08 - [TEST_STEP][PASSED] - trx41 = trx4.replaceAll("[^a-zA-Z0-9]+", ""): null

2020-08-05 14:07:08 - [TEST_STEP][PASSED] - out.println(trx41): null

2020-08-05 14:07:08 - [TEST_STEP][PASSED] - trx411 = trx41: null

2020-08-05 14:07:08 - [TEST_STEP][PASSED] - out.println(trx411): null

2020-08-05 14:07:08 - [TEST_STEP][PASSED] - trx311 = trx611 - trx511: null

2020-08-05 14:07:08 - [TEST_STEP][PASSED] - if (trx311 == trx411): null

2020-08-05 14:07:08 - [TEST_STEP][PASSED] - out.println("Balance match"): null

2020-08-05 14:07:08 - [TEST_STEP][PASSED] - tap(findTestObject("Maya/New_Transfer/android.widget.TextView0 - View Transactions"), 0): Tapped on element 'Object Repository/Maya/New_Transfer/android.widget.TextView0 - View Transactions'

2020-08-05 14:07:08 - [MESSAGE][WARNING] - Timeout '0' is invalid. Using default page load timeout: '10'

2020-08-05 14:07:09 - [MESSAGE][PASSED] - Tapped on element 'Object Repository/Maya/New_Transfer/android.widget.TextView0 - View Transactions'

2020-08-05 14:07:09 - [TEST_STEP][PASSED] - delay(3, CONTINUE_ON_FAILURE): Delayed 3 second(s)

2020-08-05 14:07:12 - [MESSAGE][PASSED] - Delayed 3 second(s)

2020-08-05 14:07:12 - [TEST_STEP][PASSED] - takeScreenshot("C:\Users\LENOVO\Screenshot\DuitNow\Screen29.png", CONTINUE_ON_FAILURE): Screenshot is taken

2020-08-05 14:07:13 - [MESSAGE][PASSED] - Screenshot is taken
[[ATTACHMENT|C:\\Users\\LENOVO\\Screenshot\\DuitNow\\Screen29.png]]]]></system-out>
         <system-err><![CDATA[2020-08-05 14:02:06 - [TEST_CASE][FAILED] - Test Cases/JINU/DuitNow Drop4/drop 4 masked id: Test Cases/JINU/DuitNow Drop4/drop 4 masked id FAILED.
Reason:
com.kms.katalon.core.exception.StepFailedException: Element 'Object Repository/Maya/drop4 CR/android.widget.TextView0 - Your TAC no. is 831555lATEST' not found
	at com.kms.katalon.core.keyword.internal.KeywordMain.stepFailed(KeywordMain.groovy:39)
	at com.kms.katalon.core.mobile.keyword.internal.MobileKeywordMain.stepFailed(MobileKeywordMain.groovy:40)
	at com.kms.katalon.core.mobile.keyword.builtin.VerifyElementExistKeyword$_verifyElementExist_closure1.doCall(VerifyElementExistKeyword.groovy:77)
	at com.kms.katalon.core.mobile.keyword.builtin.VerifyElementExistKeyword$_verifyElementExist_closure1.call(VerifyElementExistKeyword.groovy)
	at com.kms.katalon.core.mobile.keyword.internal.MobileKeywordMain.runKeyword(MobileKeywordMain.groovy:21)
	at com.kms.katalon.core.mobile.keyword.builtin.VerifyElementExistKeyword.verifyElementExist(VerifyElementExistKeyword.groovy:80)
	at com.kms.katalon.core.mobile.keyword.builtin.VerifyElementExistKeyword.execute(VerifyElementExistKeyword.groovy:64)
	at com.kms.katalon.core.keyword.internal.KeywordExecutor.executeKeywordForPlatform(KeywordExecutor.groovy:72)
	at com.kms.katalon.core.mobile.keyword.MobileBuiltInKeywords.verifyElementExist(MobileBuiltInKeywords.groovy:809)
	at com.kms.katalon.core.mobile.keyword.MobileBuiltInKeywords$verifyElementExist$4.call(Unknown Source)
	at drop 4 masked id.run(drop 4 masked id:351)
	at com.kms.katalon.core.main.ScriptEngine.run(ScriptEngine.java:194)
	at com.kms.katalon.core.main.ScriptEngine.runScriptAsRawText(ScriptEngine.java:119)
	at com.kms.katalon.core.main.TestCaseExecutor.runScript(TestCaseExecutor.java:337)
	at com.kms.katalon.core.main.TestCaseExecutor.doExecute(TestCaseExecutor.java:328)
	at com.kms.katalon.core.main.TestCaseExecutor.processExecutionPhase(TestCaseExecutor.java:307)
	at com.kms.katalon.core.main.TestCaseExecutor.accessMainPhase(TestCaseExecutor.java:299)
	at com.kms.katalon.core.main.TestCaseExecutor.execute(TestCaseExecutor.java:233)
	at com.kms.katalon.core.main.TestSuiteExecutor.accessTestCaseMainPhase(TestSuiteExecutor.java:169)
	at com.kms.katalon.core.main.TestSuiteExecutor.accessTestSuiteMainPhase(TestSuiteExecutor.java:142)
	at com.kms.katalon.core.main.TestSuiteExecutor.execute(TestSuiteExecutor.java:91)
	at com.kms.katalon.core.main.TestCaseMain.startTestSuite(TestCaseMain.java:157)
	at com.kms.katalon.core.main.TestCaseMain$startTestSuite$0.call(Unknown Source)
	at TempTestSuite1596607322620.run(TempTestSuite1596607322620.groovy:36)]]></system-err>
      </testcase>
      <system-out><![CDATA[2020-08-05 14:02:06 - [TEST_SUITE][FAILED] - UAT Test Suite: Test Cases/JINU/DuitNow Drop4/drop 4 masked id FAILED.
Reason:
com.kms.katalon.core.exception.StepFailedException: Element 'Object Repository/Maya/drop4 CR/android.widget.TextView0 - Your TAC no. is 831555lATEST' not found
	at com.kms.katalon.core.keyword.internal.KeywordMain.stepFailed(KeywordMain.groovy:39)
	at com.kms.katalon.core.mobile.keyword.internal.MobileKeywordMain.stepFailed(MobileKeywordMain.groovy:40)
	at com.kms.katalon.core.mobile.keyword.builtin.VerifyElementExistKeyword$_verifyElementExist_closure1.doCall(VerifyElementExistKeyword.groovy:77)
	at com.kms.katalon.core.mobile.keyword.builtin.VerifyElementExistKeyword$_verifyElementExist_closure1.call(VerifyElementExistKeyword.groovy)
	at com.kms.katalon.core.mobile.keyword.internal.MobileKeywordMain.runKeyword(MobileKeywordMain.groovy:21)
	at com.kms.katalon.core.mobile.keyword.builtin.VerifyElementExistKeyword.verifyElementExist(VerifyElementExistKeyword.groovy:80)
	at com.kms.katalon.core.mobile.keyword.builtin.VerifyElementExistKeyword.execute(VerifyElementExistKeyword.groovy:64)
	at com.kms.katalon.core.keyword.internal.KeywordExecutor.executeKeywordForPlatform(KeywordExecutor.groovy:72)
	at com.kms.katalon.core.mobile.keyword.MobileBuiltInKeywords.verifyElementExist(MobileBuiltInKeywords.groovy:809)
	at com.kms.katalon.core.mobile.keyword.MobileBuiltInKeywords$verifyElementExist$4.call(Unknown Source)
	at drop 4 masked id.run(drop 4 masked id:351)
	at com.kms.katalon.core.main.ScriptEngine.run(ScriptEngine.java:194)
	at com.kms.katalon.core.main.ScriptEngine.runScriptAsRawText(ScriptEngine.java:119)
	at com.kms.katalon.core.main.TestCaseExecutor.runScript(TestCaseExecutor.java:337)
	at com.kms.katalon.core.main.TestCaseExecutor.doExecute(TestCaseExecutor.java:328)
	at com.kms.katalon.core.main.TestCaseExecutor.processExecutionPhase(TestCaseExecutor.java:307)
	at com.kms.katalon.core.main.TestCaseExecutor.accessMainPhase(TestCaseExecutor.java:299)
	at com.kms.katalon.core.main.TestCaseExecutor.execute(TestCaseExecutor.java:233)
	at com.kms.katalon.core.main.TestSuiteExecutor.accessTestCaseMainPhase(TestSuiteExecutor.java:169)
	at com.kms.katalon.core.main.TestSuiteExecutor.accessTestSuiteMainPhase(TestSuiteExecutor.java:142)
	at com.kms.katalon.core.main.TestSuiteExecutor.execute(TestSuiteExecutor.java:91)
	at com.kms.katalon.core.main.TestCaseMain.startTestSuite(TestCaseMain.java:157)
	at com.kms.katalon.core.main.TestCaseMain$startTestSuite$0.call(Unknown Source)
	at TempTestSuite1596607322620.run(TempTestSuite1596607322620.groovy:36)]]></system-out>
      <system-err><![CDATA[2020-08-05 14:02:06 - [TEST_SUITE][FAILED] - UAT Test Suite: Test Cases/JINU/DuitNow Drop4/drop 4 masked id FAILED.
Reason:
com.kms.katalon.core.exception.StepFailedException: Element 'Object Repository/Maya/drop4 CR/android.widget.TextView0 - Your TAC no. is 831555lATEST' not found
	at com.kms.katalon.core.keyword.internal.KeywordMain.stepFailed(KeywordMain.groovy:39)
	at com.kms.katalon.core.mobile.keyword.internal.MobileKeywordMain.stepFailed(MobileKeywordMain.groovy:40)
	at com.kms.katalon.core.mobile.keyword.builtin.VerifyElementExistKeyword$_verifyElementExist_closure1.doCall(VerifyElementExistKeyword.groovy:77)
	at com.kms.katalon.core.mobile.keyword.builtin.VerifyElementExistKeyword$_verifyElementExist_closure1.call(VerifyElementExistKeyword.groovy)
	at com.kms.katalon.core.mobile.keyword.internal.MobileKeywordMain.runKeyword(MobileKeywordMain.groovy:21)
	at com.kms.katalon.core.mobile.keyword.builtin.VerifyElementExistKeyword.verifyElementExist(VerifyElementExistKeyword.groovy:80)
	at com.kms.katalon.core.mobile.keyword.builtin.VerifyElementExistKeyword.execute(VerifyElementExistKeyword.groovy:64)
	at com.kms.katalon.core.keyword.internal.KeywordExecutor.executeKeywordForPlatform(KeywordExecutor.groovy:72)
	at com.kms.katalon.core.mobile.keyword.MobileBuiltInKeywords.verifyElementExist(MobileBuiltInKeywords.groovy:809)
	at com.kms.katalon.core.mobile.keyword.MobileBuiltInKeywords$verifyElementExist$4.call(Unknown Source)
	at drop 4 masked id.run(drop 4 masked id:351)
	at com.kms.katalon.core.main.ScriptEngine.run(ScriptEngine.java:194)
	at com.kms.katalon.core.main.ScriptEngine.runScriptAsRawText(ScriptEngine.java:119)
	at com.kms.katalon.core.main.TestCaseExecutor.runScript(TestCaseExecutor.java:337)
	at com.kms.katalon.core.main.TestCaseExecutor.doExecute(TestCaseExecutor.java:328)
	at com.kms.katalon.core.main.TestCaseExecutor.processExecutionPhase(TestCaseExecutor.java:307)
	at com.kms.katalon.core.main.TestCaseExecutor.accessMainPhase(TestCaseExecutor.java:299)
	at com.kms.katalon.core.main.TestCaseExecutor.execute(TestCaseExecutor.java:233)
	at com.kms.katalon.core.main.TestSuiteExecutor.accessTestCaseMainPhase(TestSuiteExecutor.java:169)
	at com.kms.katalon.core.main.TestSuiteExecutor.accessTestSuiteMainPhase(TestSuiteExecutor.java:142)
	at com.kms.katalon.core.main.TestSuiteExecutor.execute(TestSuiteExecutor.java:91)
	at com.kms.katalon.core.main.TestCaseMain.startTestSuite(TestCaseMain.java:157)
	at com.kms.katalon.core.main.TestCaseMain$startTestSuite$0.call(Unknown Source)
	at TempTestSuite1596607322620.run(TempTestSuite1596607322620.groovy:36)]]></system-err>
   </testsuite>
</testsuites>
