<?xml version="1.0" encoding="UTF-8"?>
<testsuites name="UAT Test Suite" time="732.9" tests="1" failures="1" errors="0">
   <testsuite name="UAT Test Suite" tests="1" failures="1" errors="0" time="732.9" timestamp="2020-08-06 22:59:20" hostname="LENOVO - DESKTOP-CP3TV4N" id="Test Suites/Maya UAT/UAT Test Suite">
      <properties>
         <property name="deviceName" value="Xiaomi Redmi Note 7S (Android 9)"/>
         <property name="devicePlatform" value=""/>
         <property name="logFolder" value="C:\\Users\\LENOVO\\Git_new\\Maya\\Reports\\20200806_225916\\Maya UAT\\UAT Test Suite\\20200806_225916"/>
         <property name="logFiles" value="C:\\Users\\LENOVO\\Git_new\\Maya\\Reports\\20200806_225916\\Maya UAT\\UAT Test Suite\\20200806_225916\\appium.log, C:\\Users\\LENOVO\\Git_new\\Maya\\Reports\\20200806_225916\\Maya UAT\\UAT Test Suite\\20200806_225916\\execution0.log"/>
         <property name="attachments" value="C:\\Users\\LENOVO\\Screenshot\\DuitNowProxy\\Screen1.png, C:\\Users\\LENOVO\\Screenshot\\DuitNowProxy\\Screen2.png, C:\\Users\\LENOVO\\Screenshot\\DuitNowProxy\\Screen3.png, C:\\Users\\LENOVO\\Git_new\\Maya\\Reports\\20200806_225916\\Maya UAT\\UAT Test Suite\\20200806_225916\\1596726300734.png, C:\\Users\\LENOVO\\Git_new\\Maya\\Reports\\20200806_225916\\Maya UAT\\UAT Test Suite\\20200806_225916\\1596726312159.png, C:\\Users\\LENOVO\\Git_new\\Maya\\Reports\\20200806_225916\\Maya UAT\\UAT Test Suite\\20200806_225916\\1596726324169.png, C:\\Users\\LENOVO\\Git_new\\Maya\\Reports\\20200806_225916\\Maya UAT\\UAT Test Suite\\20200806_225916\\1596726335998.png, C:\\Users\\LENOVO\\Git_new\\Maya\\Reports\\20200806_225916\\Maya UAT\\UAT Test Suite\\20200806_225916\\1596726347661.png, C:\\Users\\LENOVO\\Git_new\\Maya\\Reports\\20200806_225916\\Maya UAT\\UAT Test Suite\\20200806_225916\\1596726360297.png, C:\\Users\\LENOVO\\Git_new\\Maya\\Reports\\20200806_225916\\Maya UAT\\UAT Test Suite\\20200806_225916\\1596726372340.png, C:\\Users\\LENOVO\\Git_new\\Maya\\Reports\\20200806_225916\\Maya UAT\\UAT Test Suite\\20200806_225916\\1596726383998.png, C:\\Users\\LENOVO\\Screenshot\\DuitNowProxy\\Screen4.png, C:\\Users\\LENOVO\\Git_new\\Maya\\Reports\\20200806_225916\\Maya UAT\\UAT Test Suite\\20200806_225916\\1596726399618.png, C:\\Users\\LENOVO\\Git_new\\Maya\\Reports\\20200806_225916\\Maya UAT\\UAT Test Suite\\20200806_225916\\1596726411457.png, C:\\Users\\LENOVO\\Git_new\\Maya\\Reports\\20200806_225916\\Maya UAT\\UAT Test Suite\\20200806_225916\\1596726424615.png, C:\\Users\\LENOVO\\Git_new\\Maya\\Reports\\20200806_225916\\Maya UAT\\UAT Test Suite\\20200806_225916\\1596726435557.png, C:\\Users\\LENOVO\\Git_new\\Maya\\Reports\\20200806_225916\\Maya UAT\\UAT Test Suite\\20200806_225916\\1596726446460.png, C:\\Users\\LENOVO\\Git_new\\Maya\\Reports\\20200806_225916\\Maya UAT\\UAT Test Suite\\20200806_225916\\1596726458179.png, C:\\Users\\LENOVO\\Git_new\\Maya\\Reports\\20200806_225916\\Maya UAT\\UAT Test Suite\\20200806_225916\\1596726470447.png, C:\\Users\\LENOVO\\Screenshot\\DuitNowProxy\\Screen5.png, C:\\Users\\LENOVO\\Git_new\\Maya\\Reports\\20200806_225916\\Maya UAT\\UAT Test Suite\\20200806_225916\\1596726484503.png, C:\\Users\\LENOVO\\Git_new\\Maya\\Reports\\20200806_225916\\Maya UAT\\UAT Test Suite\\20200806_225916\\1596726495975.png, C:\\Users\\LENOVO\\Git_new\\Maya\\Reports\\20200806_225916\\Maya UAT\\UAT Test Suite\\20200806_225916\\1596726507275.png, C:\\Users\\LENOVO\\Git_new\\Maya\\Reports\\20200806_225916\\Maya UAT\\UAT Test Suite\\20200806_225916\\1596726518462.png, C:\\Users\\LENOVO\\Git_new\\Maya\\Reports\\20200806_225916\\Maya UAT\\UAT Test Suite\\20200806_225916\\1596726529647.png, C:\\Users\\LENOVO\\Git_new\\Maya\\Reports\\20200806_225916\\Maya UAT\\UAT Test Suite\\20200806_225916\\1596726540931.png, C:\\Users\\LENOVO\\Git_new\\Maya\\Reports\\20200806_225916\\Maya UAT\\UAT Test Suite\\20200806_225916\\1596726552314.png, C:\\Users\\LENOVO\\Git_new\\Maya\\Reports\\20200806_225916\\Maya UAT\\UAT Test Suite\\20200806_225916\\1596726563684.png, C:\\Users\\LENOVO\\Git_new\\Maya\\Reports\\20200806_225916\\Maya UAT\\UAT Test Suite\\20200806_225916\\1596726574986.png, C:\\Users\\LENOVO\\Git_new\\Maya\\Reports\\20200806_225916\\Maya UAT\\UAT Test Suite\\20200806_225916\\1596726586156.png, C:\\Users\\LENOVO\\Git_new\\Maya\\Reports\\20200806_225916\\Maya UAT\\UAT Test Suite\\20200806_225916\\1596726597286.png, C:\\Users\\LENOVO\\Git_new\\Maya\\Reports\\20200806_225916\\Maya UAT\\UAT Test Suite\\20200806_225916\\1596726608498.png, C:\\Users\\LENOVO\\Git_new\\Maya\\Reports\\20200806_225916\\Maya UAT\\UAT Test Suite\\20200806_225916\\1596726620170.png, C:\\Users\\LENOVO\\Git_new\\Maya\\Reports\\20200806_225916\\Maya UAT\\UAT Test Suite\\20200806_225916\\1596726631741.png, C:\\Users\\LENOVO\\Git_new\\Maya\\Reports\\20200806_225916\\Maya UAT\\UAT Test Suite\\20200806_225916\\1596726642882.png, C:\\Users\\LENOVO\\Screenshot\\DuitNowProxy\\Screen8.png, C:\\Users\\LENOVO\\Git_new\\Maya\\Reports\\20200806_225916\\Maya UAT\\UAT Test Suite\\20200806_225916\\1596726656956.png, C:\\Users\\LENOVO\\Screenshot\\DuitNowProxy\\Screen9.png, C:\\Users\\LENOVO\\Git_new\\Maya\\Reports\\20200806_225916\\Maya UAT\\UAT Test Suite\\20200806_225916\\1596726671016.png, C:\\Users\\LENOVO\\Git_new\\Maya\\Reports\\20200806_225916\\Maya UAT\\UAT Test Suite\\20200806_225916\\1596726682361.png"/>
         <property name="hostName" value="LENOVO - DESKTOP-CP3TV4N"/>
         <property name="os" value="Windows 10 64bit"/>
         <property name="appiumServerStatus" value="{\&quot;value\&quot;:{\&quot;build\&quot;:{\&quot;version\&quot;:\&quot;1.15.1\&quot;}},\&quot;sessionId\&quot;:null,\&quot;status\&quot;:0}"/>
         <property name="katalonVersion" value="7.2.7.1"/>
         <property name="deviceOS" value="Android"/>
         <property name="appiumVersion" value="1.15.1"/>
         <property name="deviceModel" value="Redmi Note 7S"/>
         <property name="hostAddress" value="192.168.0.100"/>
         <property name="deviceManufacturer" value="Xiaomi"/>
         <property name="deviceId" value="11cb9864"/>
         <property name="deviceName" value="Xiaomi Redmi Note 7S (Android 9)"/>
         <property name="deviceOSVersion" value="9"/>
      </properties>
      <testcase name="Test Cases/JINU/DuiTNow Drop 2/Mob Proxy" time="727.526" classname="Test Cases/JINU/DuiTNow Drop 2/Mob Proxy" status="FAILED">
         <failure type="FAILED" message="Test Cases/JINU/DuiTNow Drop 2/Mob Proxy FAILED.
Reason:
com.kms.katalon.core.exception.StepFailedException: Object Object Repository/Maya/Login/android.widget.TextView0 - Done setup not found
	at com.kms.katalon.core.keyword.internal.KeywordMain.stepFailed(KeywordMain.groovy:39)
	at com.kms.katalon.core.mobile.keyword.internal.MobileKeywordMain.stepFailed(MobileKeywordMain.groovy:40)
	at com.kms.katalon.core.mobile.keyword.builtin.TapKeyword$_tap_closure1.doCall(TapKeyword.groovy:79)
	at com.kms.katalon.core.mobile.keyword.builtin.TapKeyword$_tap_closure1.call(TapKeyword.groovy)
	at com.kms.katalon.core.mobile.keyword.internal.MobileKeywordMain.runKeyword(MobileKeywordMain.groovy:21)
	at com.kms.katalon.core.mobile.keyword.builtin.TapKeyword.tap(TapKeyword.groovy:86)
	at com.kms.katalon.core.mobile.keyword.builtin.TapKeyword.execute(TapKeyword.groovy:68)
	at com.kms.katalon.core.keyword.internal.KeywordExecutor.executeKeywordForPlatform(KeywordExecutor.groovy:72)
	at com.kms.katalon.core.mobile.keyword.MobileBuiltInKeywords.tap(MobileBuiltInKeywords.groovy:577)
	at com.kms.katalon.core.mobile.keyword.MobileBuiltInKeywords$tap$0.call(Unknown Source)
	at Mob Proxy.run(Mob Proxy:185)
	at com.kms.katalon.core.main.ScriptEngine.run(ScriptEngine.java:194)
	at com.kms.katalon.core.main.ScriptEngine.runScriptAsRawText(ScriptEngine.java:119)
	at com.kms.katalon.core.main.TestCaseExecutor.runScript(TestCaseExecutor.java:337)
	at com.kms.katalon.core.main.TestCaseExecutor.doExecute(TestCaseExecutor.java:328)
	at com.kms.katalon.core.main.TestCaseExecutor.processExecutionPhase(TestCaseExecutor.java:307)
	at com.kms.katalon.core.main.TestCaseExecutor.accessMainPhase(TestCaseExecutor.java:299)
	at com.kms.katalon.core.main.TestCaseExecutor.execute(TestCaseExecutor.java:233)
	at com.kms.katalon.core.main.TestSuiteExecutor.accessTestCaseMainPhase(TestSuiteExecutor.java:169)
	at com.kms.katalon.core.main.TestSuiteExecutor.accessTestSuiteMainPhase(TestSuiteExecutor.java:142)
	at com.kms.katalon.core.main.TestSuiteExecutor.execute(TestSuiteExecutor.java:91)
	at com.kms.katalon.core.main.TestCaseMain.startTestSuite(TestCaseMain.java:157)
	at com.kms.katalon.core.main.TestCaseMain$startTestSuite$0.call(Unknown Source)
	at TempTestSuite1596725956552.run(TempTestSuite1596725956552.groovy:36)
"/>
         <system-out><![CDATA[2020-08-06 22:59:20 - [TEST_CASE][FAILED] - Test Cases/JINU/DuiTNow Drop 2/Mob Proxy: Test Cases/JINU/DuiTNow Drop 2/Mob Proxy FAILED.
Reason:
com.kms.katalon.core.exception.StepFailedException: Object Object Repository/Maya/Login/android.widget.TextView0 - Done setup not found
	at com.kms.katalon.core.keyword.internal.KeywordMain.stepFailed(KeywordMain.groovy:39)
	at com.kms.katalon.core.mobile.keyword.internal.MobileKeywordMain.stepFailed(MobileKeywordMain.groovy:40)
	at com.kms.katalon.core.mobile.keyword.builtin.TapKeyword$_tap_closure1.doCall(TapKeyword.groovy:79)
	at com.kms.katalon.core.mobile.keyword.builtin.TapKeyword$_tap_closure1.call(TapKeyword.groovy)
	at com.kms.katalon.core.mobile.keyword.internal.MobileKeywordMain.runKeyword(MobileKeywordMain.groovy:21)
	at com.kms.katalon.core.mobile.keyword.builtin.TapKeyword.tap(TapKeyword.groovy:86)
	at com.kms.katalon.core.mobile.keyword.builtin.TapKeyword.execute(TapKeyword.groovy:68)
	at com.kms.katalon.core.keyword.internal.KeywordExecutor.executeKeywordForPlatform(KeywordExecutor.groovy:72)
	at com.kms.katalon.core.mobile.keyword.MobileBuiltInKeywords.tap(MobileBuiltInKeywords.groovy:577)
	at com.kms.katalon.core.mobile.keyword.MobileBuiltInKeywords$tap$0.call(Unknown Source)
	at Mob Proxy.run(Mob Proxy:185)
	at com.kms.katalon.core.main.ScriptEngine.run(ScriptEngine.java:194)
	at com.kms.katalon.core.main.ScriptEngine.runScriptAsRawText(ScriptEngine.java:119)
	at com.kms.katalon.core.main.TestCaseExecutor.runScript(TestCaseExecutor.java:337)
	at com.kms.katalon.core.main.TestCaseExecutor.doExecute(TestCaseExecutor.java:328)
	at com.kms.katalon.core.main.TestCaseExecutor.processExecutionPhase(TestCaseExecutor.java:307)
	at com.kms.katalon.core.main.TestCaseExecutor.accessMainPhase(TestCaseExecutor.java:299)
	at com.kms.katalon.core.main.TestCaseExecutor.execute(TestCaseExecutor.java:233)
	at com.kms.katalon.core.main.TestSuiteExecutor.accessTestCaseMainPhase(TestSuiteExecutor.java:169)
	at com.kms.katalon.core.main.TestSuiteExecutor.accessTestSuiteMainPhase(TestSuiteExecutor.java:142)
	at com.kms.katalon.core.main.TestSuiteExecutor.execute(TestSuiteExecutor.java:91)
	at com.kms.katalon.core.main.TestCaseMain.startTestSuite(TestCaseMain.java:157)
	at com.kms.katalon.core.main.TestCaseMain$startTestSuite$0.call(Unknown Source)
	at TempTestSuite1596725956552.run(TempTestSuite1596725956552.groovy:36)


2020-08-06 22:59:22 - [TEST_STEP][PASSED] - startApplication("C:\Users\LENOVO\Katalon Studio\app-uat-universal-release.apk", true): Started app at: 'C:\Users\LENOVO\Katalon Studio\app-uat-universal-release.apk'

2020-08-06 22:59:22 - [MESSAGE][INFO] - User set preference: ['appWaitActivity', '*']

2020-08-06 22:59:22 - [MESSAGE][INFO] - User set preference: ['appWaitPackage', 'com.maybank2u.life.uat']

2020-08-06 22:59:22 - [MESSAGE][INFO] - User set preference: ['appWaitDuration', '50,000']

2020-08-06 22:59:22 - [MESSAGE][INFO] - User set preference: ['deviceId', '11cb9864']

2020-08-06 22:59:25 - [MESSAGE][INFO] - Appium server started on port 51,936

2020-08-06 23:02:11 - [MESSAGE][PASSED] - Started app at: 'C:\Users\LENOVO\Katalon Studio\app-uat-universal-release.apk'

2020-08-06 23:02:11 - [TEST_STEP][PASSED] - delay(5, STOP_ON_FAILURE): Delayed 5 second(s)

2020-08-06 23:02:16 - [MESSAGE][PASSED] - Delayed 5 second(s)

2020-08-06 23:02:16 - [TEST_STEP][PASSED] - tap(findTestObject("Maya/login again/android.widget.TextView0 - Next"), 0): Tapped on element 'Object Repository/Maya/login again/android.widget.TextView0 - Next'

2020-08-06 23:02:17 - [MESSAGE][WARNING] - Timeout '0' is invalid. Using default page load timeout: '10'

2020-08-06 23:02:19 - [MESSAGE][PASSED] - Tapped on element 'Object Repository/Maya/login again/android.widget.TextView0 - Next'

2020-08-06 23:02:19 - [TEST_STEP][PASSED] - tap(findTestObject("Maya/login again/android.widget.TextView0 - Next"), 0): Tapped on element 'Object Repository/Maya/login again/android.widget.TextView0 - Next'

2020-08-06 23:02:19 - [MESSAGE][WARNING] - Timeout '0' is invalid. Using default page load timeout: '10'

2020-08-06 23:02:21 - [MESSAGE][PASSED] - Tapped on element 'Object Repository/Maya/login again/android.widget.TextView0 - Next'

2020-08-06 23:02:21 - [TEST_STEP][PASSED] - tap(findTestObject("Maya/login again/android.widget.TextView0 - Next"), 0): Tapped on element 'Object Repository/Maya/login again/android.widget.TextView0 - Next'

2020-08-06 23:02:21 - [MESSAGE][WARNING] - Timeout '0' is invalid. Using default page load timeout: '10'

2020-08-06 23:02:25 - [MESSAGE][PASSED] - Tapped on element 'Object Repository/Maya/login again/android.widget.TextView0 - Next'

2020-08-06 23:02:25 - [TEST_STEP][PASSED] - delay(2, STOP_ON_FAILURE): Delayed 2 second(s)

2020-08-06 23:02:27 - [MESSAGE][PASSED] - Delayed 2 second(s)

2020-08-06 23:02:27 - [TEST_STEP][PASSED] - takeScreenshot("C:\Users\LENOVO\Screenshot\DuitNowProxy\Screen1.png", CONTINUE_ON_FAILURE): Screenshot is taken

2020-08-06 23:02:29 - [MESSAGE][PASSED] - Screenshot is taken
[[ATTACHMENT|C:\\Users\\LENOVO\\Screenshot\\DuitNowProxy\\Screen1.png]]

2020-08-06 23:02:29 - [TEST_STEP][PASSED] - tap(findTestObject("Maya/Login/android.widget.Button0-Maybank2u"), 0): Tapped on element 'Object Repository/Maya/Login/android.widget.Button0-Maybank2u'

2020-08-06 23:02:29 - [MESSAGE][WARNING] - Timeout '0' is invalid. Using default page load timeout: '10'

2020-08-06 23:02:31 - [MESSAGE][PASSED] - Tapped on element 'Object Repository/Maya/Login/android.widget.Button0-Maybank2u'

2020-08-06 23:02:31 - [TEST_STEP][PASSED] - tap(findTestObject("Maya/Login/android.widget.TextView0 - Login to Maybank2u"), 0): Tapped on element 'Object Repository/Maya/Login/android.widget.TextView0 - Login to Maybank2u'

2020-08-06 23:02:32 - [MESSAGE][WARNING] - Timeout '0' is invalid. Using default page load timeout: '10'

2020-08-06 23:02:35 - [MESSAGE][PASSED] - Tapped on element 'Object Repository/Maya/Login/android.widget.TextView0 - Login to Maybank2u'

2020-08-06 23:02:35 - [TEST_STEP][PASSED] - tap(findTestObject("Maya/login again/android.widget.EditText0"), 0): Tapped on element 'Object Repository/Maya/login again/android.widget.EditText0'

2020-08-06 23:02:35 - [MESSAGE][WARNING] - Timeout '0' is invalid. Using default page load timeout: '10'

2020-08-06 23:02:38 - [MESSAGE][PASSED] - Tapped on element 'Object Repository/Maya/login again/android.widget.EditText0'

2020-08-06 23:02:38 - [TEST_STEP][PASSED] - setText(findTestObject("Maya/login again/android.widget.EditText0"), "rizaidi", 0): Text 'rizaidi' has been set to element 'Object Repository/Maya/login again/android.widget.EditText0'

2020-08-06 23:02:38 - [MESSAGE][WARNING] - Timeout '0' is invalid. Using default page load timeout: '10'

2020-08-06 23:02:40 - [MESSAGE][PASSED] - Text 'rizaidi' has been set to element 'Object Repository/Maya/login again/android.widget.EditText0'

2020-08-06 23:02:40 - [TEST_STEP][PASSED] - driver = getDriver(): null

2020-08-06 23:02:40 - [TEST_STEP][PASSED] - driver.pressKeyCode(ENTER): null

2020-08-06 23:02:41 - [TEST_STEP][PASSED] - tap(findTestObject("Maya/login again/android.widget.TextView0 - Yes Its Mine"), 0): Tapped on element 'Object Repository/Maya/login again/android.widget.TextView0 - Yes Its Mine'

2020-08-06 23:02:41 - [MESSAGE][WARNING] - Timeout '0' is invalid. Using default page load timeout: '10'

2020-08-06 23:02:51 - [MESSAGE][PASSED] - Tapped on element 'Object Repository/Maya/login again/android.widget.TextView0 - Yes Its Mine'

2020-08-06 23:02:51 - [TEST_STEP][PASSED] - tap(findTestObject("Maya/login again/android.widget.EditText0 (1)"), 0): Tapped on element 'Object Repository/Maya/login again/android.widget.EditText0 (1)'

2020-08-06 23:02:51 - [MESSAGE][WARNING] - Timeout '0' is invalid. Using default page load timeout: '10'

2020-08-06 23:02:54 - [MESSAGE][PASSED] - Tapped on element 'Object Repository/Maya/login again/android.widget.EditText0 (1)'

2020-08-06 23:02:54 - [TEST_STEP][PASSED] - setText(findTestObject("Maya/login again/android.widget.EditText0 (1)"), "pass1234", 0): Text 'pass1234' has been set to element 'Object Repository/Maya/login again/android.widget.EditText0 (1)'

2020-08-06 23:02:54 - [MESSAGE][WARNING] - Timeout '0' is invalid. Using default page load timeout: '10'

2020-08-06 23:02:55 - [MESSAGE][PASSED] - Text 'pass1234' has been set to element 'Object Repository/Maya/login again/android.widget.EditText0 (1)'

2020-08-06 23:02:55 - [TEST_STEP][PASSED] - driver.pressKeyCode(ENTER): null

2020-08-06 23:02:56 - [TEST_STEP][PASSED] - tap(findTestObject("Maya/login again/android.widget.TextView0 - 2"), 0): Tapped on element 'Object Repository/Maya/login again/android.widget.TextView0 - 2'

2020-08-06 23:02:56 - [MESSAGE][WARNING] - Timeout '0' is invalid. Using default page load timeout: '10'

2020-08-06 23:03:02 - [MESSAGE][PASSED] - Tapped on element 'Object Repository/Maya/login again/android.widget.TextView0 - 2'

2020-08-06 23:03:02 - [TEST_STEP][PASSED] - tap(findTestObject("Maya/login again/android.widget.TextView0 - 3"), 0): Tapped on element 'Object Repository/Maya/login again/android.widget.TextView0 - 3'

2020-08-06 23:03:02 - [MESSAGE][WARNING] - Timeout '0' is invalid. Using default page load timeout: '10'

2020-08-06 23:03:04 - [MESSAGE][PASSED] - Tapped on element 'Object Repository/Maya/login again/android.widget.TextView0 - 3'

2020-08-06 23:03:04 - [TEST_STEP][PASSED] - tap(findTestObject("Maya/login again/android.widget.TextView0 - 0"), 0): Tapped on element 'Object Repository/Maya/login again/android.widget.TextView0 - 0'

2020-08-06 23:03:04 - [MESSAGE][WARNING] - Timeout '0' is invalid. Using default page load timeout: '10'

2020-08-06 23:03:06 - [MESSAGE][PASSED] - Tapped on element 'Object Repository/Maya/login again/android.widget.TextView0 - 0'

2020-08-06 23:03:06 - [TEST_STEP][PASSED] - tap(findTestObject("Maya/login again/android.widget.TextView0 - 9"), 0): Tapped on element 'Object Repository/Maya/login again/android.widget.TextView0 - 9'

2020-08-06 23:03:06 - [MESSAGE][WARNING] - Timeout '0' is invalid. Using default page load timeout: '10'

2020-08-06 23:03:08 - [MESSAGE][PASSED] - Tapped on element 'Object Repository/Maya/login again/android.widget.TextView0 - 9'

2020-08-06 23:03:08 - [TEST_STEP][PASSED] - tap(findTestObject("Maya/login again/android.widget.TextView0 - 8"), 0): Tapped on element 'Object Repository/Maya/login again/android.widget.TextView0 - 8'

2020-08-06 23:03:08 - [MESSAGE][WARNING] - Timeout '0' is invalid. Using default page load timeout: '10'

2020-08-06 23:03:11 - [MESSAGE][PASSED] - Tapped on element 'Object Repository/Maya/login again/android.widget.TextView0 - 8'

2020-08-06 23:03:11 - [TEST_STEP][PASSED] - tap(findTestObject("Maya/login again/android.widget.TextView0 - 3"), 0): Tapped on element 'Object Repository/Maya/login again/android.widget.TextView0 - 3'

2020-08-06 23:03:11 - [MESSAGE][WARNING] - Timeout '0' is invalid. Using default page load timeout: '10'

2020-08-06 23:03:13 - [MESSAGE][PASSED] - Tapped on element 'Object Repository/Maya/login again/android.widget.TextView0 - 3'

2020-08-06 23:03:13 - [TEST_STEP][NOT_RUN] - tap(findTestObject("Maya/Login/android.widget.ImageView0"), 0): NOT_RUN: tap(findTestObject("Maya/Login/android.widget.ImageView0"), 0)

2020-08-06 23:03:13 - [MESSAGE][NOT_RUN] - NOT_RUN: tap(findTestObject("Maya/Login/android.widget.ImageView0"), 0)

2020-08-06 23:03:13 - [TEST_STEP][PASSED] - tap(findTestObject("Maya/One Tap Authorisation/android.widget.ImageView0 (8)"), 0): Tapped on element 'Object Repository/Maya/One Tap Authorisation/android.widget.ImageView0 (8)'

2020-08-06 23:03:13 - [MESSAGE][WARNING] - Timeout '0' is invalid. Using default page load timeout: '10'

2020-08-06 23:03:14 - [MESSAGE][PASSED] - Tapped on element 'Object Repository/Maya/One Tap Authorisation/android.widget.ImageView0 (8)'

2020-08-06 23:03:14 - [TEST_STEP][PASSED] - tap(findTestObject("Maya/login again/android.widget.TextView0 - 2"), 0): Tapped on element 'Object Repository/Maya/login again/android.widget.TextView0 - 2'

2020-08-06 23:03:14 - [MESSAGE][WARNING] - Timeout '0' is invalid. Using default page load timeout: '10'

2020-08-06 23:03:16 - [MESSAGE][PASSED] - Tapped on element 'Object Repository/Maya/login again/android.widget.TextView0 - 2'

2020-08-06 23:03:16 - [TEST_STEP][PASSED] - tap(findTestObject("Maya/login again/android.widget.TextView0 - 3"), 0): Tapped on element 'Object Repository/Maya/login again/android.widget.TextView0 - 3'

2020-08-06 23:03:16 - [MESSAGE][WARNING] - Timeout '0' is invalid. Using default page load timeout: '10'

2020-08-06 23:03:19 - [MESSAGE][PASSED] - Tapped on element 'Object Repository/Maya/login again/android.widget.TextView0 - 3'

2020-08-06 23:03:19 - [TEST_STEP][PASSED] - tap(findTestObject("Maya/login again/android.widget.TextView0 - 0"), 0): Tapped on element 'Object Repository/Maya/login again/android.widget.TextView0 - 0'

2020-08-06 23:03:19 - [MESSAGE][WARNING] - Timeout '0' is invalid. Using default page load timeout: '10'

2020-08-06 23:03:21 - [MESSAGE][PASSED] - Tapped on element 'Object Repository/Maya/login again/android.widget.TextView0 - 0'

2020-08-06 23:03:21 - [TEST_STEP][PASSED] - tap(findTestObject("Maya/login again/android.widget.TextView0 - 9"), 0): Tapped on element 'Object Repository/Maya/login again/android.widget.TextView0 - 9'

2020-08-06 23:03:21 - [MESSAGE][WARNING] - Timeout '0' is invalid. Using default page load timeout: '10'

2020-08-06 23:03:24 - [MESSAGE][PASSED] - Tapped on element 'Object Repository/Maya/login again/android.widget.TextView0 - 9'

2020-08-06 23:03:24 - [TEST_STEP][PASSED] - tap(findTestObject("Maya/login again/android.widget.TextView0 - 8"), 0): Tapped on element 'Object Repository/Maya/login again/android.widget.TextView0 - 8'

2020-08-06 23:03:24 - [MESSAGE][WARNING] - Timeout '0' is invalid. Using default page load timeout: '10'

2020-08-06 23:03:28 - [MESSAGE][PASSED] - Tapped on element 'Object Repository/Maya/login again/android.widget.TextView0 - 8'

2020-08-06 23:03:28 - [TEST_STEP][PASSED] - tap(findTestObject("Maya/login again/android.widget.TextView0 - 3"), 0): Tapped on element 'Object Repository/Maya/login again/android.widget.TextView0 - 3'

2020-08-06 23:03:28 - [MESSAGE][WARNING] - Timeout '0' is invalid. Using default page load timeout: '10'

2020-08-06 23:03:29 - [MESSAGE][PASSED] - Tapped on element 'Object Repository/Maya/login again/android.widget.TextView0 - 3'

2020-08-06 23:03:29 - [TEST_STEP][PASSED] - tap(findTestObject("Maya/One Tap Authorisation/android.widget.ImageView0 (8)"), 0): Tapped on element 'Object Repository/Maya/One Tap Authorisation/android.widget.ImageView0 (8)'

2020-08-06 23:03:29 - [MESSAGE][WARNING] - Timeout '0' is invalid. Using default page load timeout: '10'

2020-08-06 23:03:30 - [MESSAGE][PASSED] - Tapped on element 'Object Repository/Maya/One Tap Authorisation/android.widget.ImageView0 (8)'

2020-08-06 23:03:30 - [TEST_STEP][PASSED] - tap(findTestObject("Maya/login again/android.widget.TextView0 - Yes Proceeed"), 0): Tapped on element 'Object Repository/Maya/login again/android.widget.TextView0 - Yes Proceeed'

2020-08-06 23:03:30 - [MESSAGE][WARNING] - Timeout '0' is invalid. Using default page load timeout: '10'

2020-08-06 23:03:33 - [MESSAGE][PASSED] - Tapped on element 'Object Repository/Maya/login again/android.widget.TextView0 - Yes Proceeed'

2020-08-06 23:03:33 - [TEST_STEP][PASSED] - delay(2, STOP_ON_FAILURE): Delayed 2 second(s)

2020-08-06 23:03:35 - [MESSAGE][PASSED] - Delayed 2 second(s)

2020-08-06 23:03:35 - [TEST_STEP][PASSED] - takeScreenshot("C:\Users\LENOVO\Screenshot\DuitNowProxy\Screen2.png", CONTINUE_ON_FAILURE): Screenshot is taken

2020-08-06 23:03:36 - [MESSAGE][PASSED] - Screenshot is taken
[[ATTACHMENT|C:\\Users\\LENOVO\\Screenshot\\DuitNowProxy\\Screen2.png]]

2020-08-06 23:03:36 - [TEST_STEP][PASSED] - tap(findTestObject("Maya/Third Party CA account/android.widget.TextView0 - Your OTP no. is 460943"), 0): Tapped on element 'Object Repository/Maya/Third Party CA account/android.widget.TextView0 - Your OTP no. is 460943'

2020-08-06 23:03:37 - [MESSAGE][WARNING] - Timeout '0' is invalid. Using default page load timeout: '10'

2020-08-06 23:03:39 - [MESSAGE][PASSED] - Tapped on element 'Object Repository/Maya/Third Party CA account/android.widget.TextView0 - Your OTP no. is 460943'

2020-08-06 23:03:39 - [TEST_STEP][PASSED] - otpMessage = getText(findTestObject("Maya/Third Party CA account/android.widget.TextView0 - Your OTP no. is 460943"), 0): Text of element 'Object Repository/Maya/Third Party CA account/android.widget.TextView0 - Your OTP no. is 460943' is: 'Your OTP no. is 887486'

2020-08-06 23:03:39 - [MESSAGE][WARNING] - Timeout '0' is invalid. Using default page load timeout: '10'

2020-08-06 23:03:41 - [MESSAGE][PASSED] - Text of element 'Object Repository/Maya/Third Party CA account/android.widget.TextView0 - Your OTP no. is 460943' is: 'Your OTP no. is 887486'

2020-08-06 23:03:41 - [TEST_STEP][PASSED] - delay(2): Delayed 2 second(s)

2020-08-06 23:03:43 - [MESSAGE][PASSED] - Delayed 2 second(s)

2020-08-06 23:03:43 - [TEST_STEP][PASSED] - for ([i = 16, i <= 21, (i++)]): null

2020-08-06 23:03:43 - [TEST_STEP][PASSED] - delay(3, STOP_ON_FAILURE): Delayed 3 second(s)

2020-08-06 23:03:46 - [MESSAGE][PASSED] - Delayed 3 second(s)

2020-08-06 23:03:46 - [TEST_STEP][PASSED] - if (otpMessage[i] == "0"): null

2020-08-06 23:03:46 - [TEST_STEP][PASSED] - if (otpMessage[i] == "1"): null

2020-08-06 23:03:46 - [TEST_STEP][PASSED] - if (otpMessage[i] == "2"): null

2020-08-06 23:03:46 - [TEST_STEP][PASSED] - if (otpMessage[i] == "3"): null

2020-08-06 23:03:46 - [TEST_STEP][PASSED] - if (otpMessage[i] == "4"): null

2020-08-06 23:03:46 - [TEST_STEP][PASSED] - if (otpMessage[i] == "5"): null

2020-08-06 23:03:46 - [TEST_STEP][PASSED] - if (otpMessage[i] == "6"): null

2020-08-06 23:03:46 - [TEST_STEP][PASSED] - if (otpMessage[i] == "7"): null

2020-08-06 23:03:46 - [TEST_STEP][PASSED] - if (otpMessage[i] == "8"): Tapped on element 'Object Repository/Maya/login again/Spy - 8'

2020-08-06 23:03:46 - [TEST_STEP][PASSED] - delay(1, STOP_ON_FAILURE): Delayed 1 second(s)

2020-08-06 23:03:47 - [MESSAGE][PASSED] - Delayed 1 second(s)

2020-08-06 23:03:47 - [TEST_STEP][PASSED] - tap(findTestObject("Maya/login again/Spy - 8"), 0): Tapped on element 'Object Repository/Maya/login again/Spy - 8'

2020-08-06 23:03:48 - [MESSAGE][WARNING] - Timeout '0' is invalid. Using default page load timeout: '10'

2020-08-06 23:03:51 - [MESSAGE][PASSED] - Tapped on element 'Object Repository/Maya/login again/Spy - 8'

2020-08-06 23:03:51 - [TEST_STEP][PASSED] - if (otpMessage[i] == "9"): null

2020-08-06 23:03:51 - [TEST_STEP][PASSED] - delay(3, STOP_ON_FAILURE): Delayed 3 second(s)

2020-08-06 23:03:54 - [MESSAGE][PASSED] - Delayed 3 second(s)

2020-08-06 23:03:54 - [TEST_STEP][PASSED] - if (otpMessage[i] == "0"): null

2020-08-06 23:03:54 - [TEST_STEP][PASSED] - if (otpMessage[i] == "1"): null

2020-08-06 23:03:54 - [TEST_STEP][PASSED] - if (otpMessage[i] == "2"): null

2020-08-06 23:03:54 - [TEST_STEP][PASSED] - if (otpMessage[i] == "3"): null

2020-08-06 23:03:54 - [TEST_STEP][PASSED] - if (otpMessage[i] == "4"): null

2020-08-06 23:03:54 - [TEST_STEP][PASSED] - if (otpMessage[i] == "5"): null

2020-08-06 23:03:54 - [TEST_STEP][PASSED] - if (otpMessage[i] == "6"): null

2020-08-06 23:03:54 - [TEST_STEP][PASSED] - if (otpMessage[i] == "7"): null

2020-08-06 23:03:54 - [TEST_STEP][PASSED] - if (otpMessage[i] == "8"): Tapped on element 'Object Repository/Maya/login again/Spy - 8'

2020-08-06 23:03:54 - [TEST_STEP][PASSED] - delay(1, STOP_ON_FAILURE): Delayed 1 second(s)

2020-08-06 23:03:55 - [MESSAGE][PASSED] - Delayed 1 second(s)

2020-08-06 23:03:55 - [TEST_STEP][PASSED] - tap(findTestObject("Maya/login again/Spy - 8"), 0): Tapped on element 'Object Repository/Maya/login again/Spy - 8'

2020-08-06 23:03:55 - [MESSAGE][WARNING] - Timeout '0' is invalid. Using default page load timeout: '10'

2020-08-06 23:03:57 - [MESSAGE][PASSED] - Tapped on element 'Object Repository/Maya/login again/Spy - 8'

2020-08-06 23:03:57 - [TEST_STEP][PASSED] - if (otpMessage[i] == "9"): null

2020-08-06 23:03:57 - [TEST_STEP][PASSED] - delay(3, STOP_ON_FAILURE): Delayed 3 second(s)

2020-08-06 23:04:00 - [MESSAGE][PASSED] - Delayed 3 second(s)

2020-08-06 23:04:00 - [TEST_STEP][PASSED] - if (otpMessage[i] == "0"): null

2020-08-06 23:04:00 - [TEST_STEP][PASSED] - if (otpMessage[i] == "1"): null

2020-08-06 23:04:00 - [TEST_STEP][PASSED] - if (otpMessage[i] == "2"): null

2020-08-06 23:04:00 - [TEST_STEP][PASSED] - if (otpMessage[i] == "3"): null

2020-08-06 23:04:00 - [TEST_STEP][PASSED] - if (otpMessage[i] == "4"): null

2020-08-06 23:04:00 - [TEST_STEP][PASSED] - if (otpMessage[i] == "5"): null

2020-08-06 23:04:00 - [TEST_STEP][PASSED] - if (otpMessage[i] == "6"): null

2020-08-06 23:04:00 - [TEST_STEP][PASSED] - if (otpMessage[i] == "7"): Tapped on element 'Object Repository/Maya/login again/Spy - 7'

2020-08-06 23:04:00 - [TEST_STEP][PASSED] - delay(1, STOP_ON_FAILURE): Delayed 1 second(s)

2020-08-06 23:04:01 - [MESSAGE][PASSED] - Delayed 1 second(s)

2020-08-06 23:04:01 - [TEST_STEP][PASSED] - tap(findTestObject("Maya/login again/Spy - 7"), 0): Tapped on element 'Object Repository/Maya/login again/Spy - 7'

2020-08-06 23:04:01 - [MESSAGE][WARNING] - Timeout '0' is invalid. Using default page load timeout: '10'

2020-08-06 23:04:03 - [MESSAGE][PASSED] - Tapped on element 'Object Repository/Maya/login again/Spy - 7'

2020-08-06 23:04:03 - [TEST_STEP][PASSED] - if (otpMessage[i] == "8"): null

2020-08-06 23:04:03 - [TEST_STEP][PASSED] - if (otpMessage[i] == "9"): null

2020-08-06 23:04:03 - [TEST_STEP][PASSED] - delay(3, STOP_ON_FAILURE): Delayed 3 second(s)

2020-08-06 23:04:06 - [MESSAGE][PASSED] - Delayed 3 second(s)

2020-08-06 23:04:06 - [TEST_STEP][PASSED] - if (otpMessage[i] == "0"): null

2020-08-06 23:04:06 - [TEST_STEP][PASSED] - if (otpMessage[i] == "1"): null

2020-08-06 23:04:06 - [TEST_STEP][PASSED] - if (otpMessage[i] == "2"): null

2020-08-06 23:04:06 - [TEST_STEP][PASSED] - if (otpMessage[i] == "3"): null

2020-08-06 23:04:06 - [TEST_STEP][PASSED] - if (otpMessage[i] == "4"): Tapped on element 'Object Repository/Maya/login again/Spy - 4'

2020-08-06 23:04:06 - [TEST_STEP][PASSED] - delay(1, STOP_ON_FAILURE): Delayed 1 second(s)

2020-08-06 23:04:07 - [MESSAGE][PASSED] - Delayed 1 second(s)

2020-08-06 23:04:07 - [TEST_STEP][PASSED] - tap(findTestObject("Maya/login again/Spy - 4"), 0): Tapped on element 'Object Repository/Maya/login again/Spy - 4'

2020-08-06 23:04:08 - [MESSAGE][WARNING] - Timeout '0' is invalid. Using default page load timeout: '10'

2020-08-06 23:04:10 - [MESSAGE][PASSED] - Tapped on element 'Object Repository/Maya/login again/Spy - 4'

2020-08-06 23:04:10 - [TEST_STEP][PASSED] - if (otpMessage[i] == "5"): null

2020-08-06 23:04:10 - [TEST_STEP][PASSED] - if (otpMessage[i] == "6"): null

2020-08-06 23:04:10 - [TEST_STEP][PASSED] - if (otpMessage[i] == "7"): null

2020-08-06 23:04:10 - [TEST_STEP][PASSED] - if (otpMessage[i] == "8"): null

2020-08-06 23:04:10 - [TEST_STEP][PASSED] - if (otpMessage[i] == "9"): null

2020-08-06 23:04:10 - [TEST_STEP][PASSED] - delay(3, STOP_ON_FAILURE): Delayed 3 second(s)

2020-08-06 23:04:13 - [MESSAGE][PASSED] - Delayed 3 second(s)

2020-08-06 23:04:13 - [TEST_STEP][PASSED] - if (otpMessage[i] == "0"): null

2020-08-06 23:04:13 - [TEST_STEP][PASSED] - if (otpMessage[i] == "1"): null

2020-08-06 23:04:13 - [TEST_STEP][PASSED] - if (otpMessage[i] == "2"): null

2020-08-06 23:04:13 - [TEST_STEP][PASSED] - if (otpMessage[i] == "3"): null

2020-08-06 23:04:13 - [TEST_STEP][PASSED] - if (otpMessage[i] == "4"): null

2020-08-06 23:04:13 - [TEST_STEP][PASSED] - if (otpMessage[i] == "5"): null

2020-08-06 23:04:13 - [TEST_STEP][PASSED] - if (otpMessage[i] == "6"): null

2020-08-06 23:04:13 - [TEST_STEP][PASSED] - if (otpMessage[i] == "7"): null

2020-08-06 23:04:13 - [TEST_STEP][PASSED] - if (otpMessage[i] == "8"): Tapped on element 'Object Repository/Maya/login again/Spy - 8'

2020-08-06 23:04:13 - [TEST_STEP][PASSED] - delay(1, STOP_ON_FAILURE): Delayed 1 second(s)

2020-08-06 23:04:14 - [MESSAGE][PASSED] - Delayed 1 second(s)

2020-08-06 23:04:14 - [TEST_STEP][PASSED] - tap(findTestObject("Maya/login again/Spy - 8"), 0): Tapped on element 'Object Repository/Maya/login again/Spy - 8'

2020-08-06 23:04:14 - [MESSAGE][WARNING] - Timeout '0' is invalid. Using default page load timeout: '10'

2020-08-06 23:04:16 - [MESSAGE][PASSED] - Tapped on element 'Object Repository/Maya/login again/Spy - 8'

2020-08-06 23:04:16 - [TEST_STEP][PASSED] - if (otpMessage[i] == "9"): null

2020-08-06 23:04:16 - [TEST_STEP][PASSED] - delay(3, STOP_ON_FAILURE): Delayed 3 second(s)

2020-08-06 23:04:19 - [MESSAGE][PASSED] - Delayed 3 second(s)

2020-08-06 23:04:19 - [TEST_STEP][PASSED] - if (otpMessage[i] == "0"): null

2020-08-06 23:04:19 - [TEST_STEP][PASSED] - if (otpMessage[i] == "1"): null

2020-08-06 23:04:19 - [TEST_STEP][PASSED] - if (otpMessage[i] == "2"): null

2020-08-06 23:04:19 - [TEST_STEP][PASSED] - if (otpMessage[i] == "3"): null

2020-08-06 23:04:19 - [TEST_STEP][PASSED] - if (otpMessage[i] == "4"): null

2020-08-06 23:04:19 - [TEST_STEP][PASSED] - if (otpMessage[i] == "5"): null

2020-08-06 23:04:19 - [TEST_STEP][PASSED] - if (otpMessage[i] == "6"): Tapped on element 'Object Repository/Maya/login again/Spy- 6'

2020-08-06 23:04:19 - [TEST_STEP][PASSED] - delay(1, STOP_ON_FAILURE): Delayed 1 second(s)

2020-08-06 23:04:20 - [MESSAGE][PASSED] - Delayed 1 second(s)

2020-08-06 23:04:20 - [TEST_STEP][PASSED] - tap(findTestObject("Maya/login again/Spy- 6"), 0): Tapped on element 'Object Repository/Maya/login again/Spy- 6'

2020-08-06 23:04:20 - [MESSAGE][WARNING] - Timeout '0' is invalid. Using default page load timeout: '10'

2020-08-06 23:04:21 - [MESSAGE][PASSED] - Tapped on element 'Object Repository/Maya/login again/Spy- 6'

2020-08-06 23:04:21 - [TEST_STEP][PASSED] - if (otpMessage[i] == "7"): null

2020-08-06 23:04:21 - [TEST_STEP][PASSED] - if (otpMessage[i] == "8"): null

2020-08-06 23:04:21 - [TEST_STEP][PASSED] - if (otpMessage[i] == "9"): null

2020-08-06 23:04:21 - [TEST_STEP][PASSED] - delay(8, STOP_ON_FAILURE): Delayed 8 second(s)

2020-08-06 23:04:29 - [MESSAGE][PASSED] - Delayed 8 second(s)

2020-08-06 23:04:29 - [TEST_STEP][PASSED] - tap(findTestObject("Maya/Forgot Pin/android.widget.ImageView0 (7)"), 0): Tapped on element 'Object Repository/Maya/Forgot Pin/android.widget.ImageView0 (7)'

2020-08-06 23:04:30 - [MESSAGE][WARNING] - Timeout '0' is invalid. Using default page load timeout: '10'

2020-08-06 23:04:31 - [MESSAGE][PASSED] - Tapped on element 'Object Repository/Maya/Forgot Pin/android.widget.ImageView0 (7)'

2020-08-06 23:04:31 - [TEST_STEP][PASSED] - tap(findTestObject("Maya/Login/android.widget.EditText0 - Enter your name"), 0): Tapped on element 'Object Repository/Maya/Login/android.widget.EditText0 - Enter your name'

2020-08-06 23:04:31 - [MESSAGE][WARNING] - Timeout '0' is invalid. Using default page load timeout: '10'

2020-08-06 23:04:36 - [MESSAGE][PASSED] - Tapped on element 'Object Repository/Maya/Login/android.widget.EditText0 - Enter your name'

2020-08-06 23:04:36 - [TEST_STEP][PASSED] - setText(findTestObject("Maya/Login/android.widget.EditText0 - Enter your name"), "Test", 0): Text 'Test' has been set to element 'Object Repository/Maya/Login/android.widget.EditText0 - Enter your name'

2020-08-06 23:04:36 - [MESSAGE][WARNING] - Timeout '0' is invalid. Using default page load timeout: '10'

2020-08-06 23:04:39 - [MESSAGE][PASSED] - Text 'Test' has been set to element 'Object Repository/Maya/Login/android.widget.EditText0 - Enter your name'

2020-08-06 23:04:39 - [TEST_STEP][PASSED] - driver.pressKeyCode(ENTER): null

2020-08-06 23:04:40 - [TEST_STEP][PASSED] - delay(2, STOP_ON_FAILURE): Delayed 2 second(s)

2020-08-06 23:04:42 - [MESSAGE][PASSED] - Delayed 2 second(s)

2020-08-06 23:04:42 - [TEST_STEP][PASSED] - takeScreenshot("C:\Users\LENOVO\Screenshot\DuitNowProxy\Screen3.png", CONTINUE_ON_FAILURE): Screenshot is taken

2020-08-06 23:04:43 - [MESSAGE][PASSED] - Screenshot is taken
[[ATTACHMENT|C:\\Users\\LENOVO\\Screenshot\\DuitNowProxy\\Screen3.png]]

2020-08-06 23:04:43 - [TEST_STEP][PASSED] - tap(findTestObject("Maya/Login/android.widget.TextView0 - Continue"), 0): Tapped on element 'Object Repository/Maya/Login/android.widget.TextView0 - Continue'

2020-08-06 23:04:43 - [MESSAGE][WARNING] - Timeout '0' is invalid. Using default page load timeout: '10'

2020-08-06 23:04:45 - [MESSAGE][PASSED] - Tapped on element 'Object Repository/Maya/Login/android.widget.TextView0 - Continue'

2020-08-06 23:04:45 - [TEST_STEP][PASSED] - tap(findTestObject("Maya/RegisterDuitNow/android.widget.ImageView0-2 acct"), 0): Tapped on element 'Object Repository/Maya/RegisterDuitNow/android.widget.ImageView0-2 acct'

2020-08-06 23:04:46 - [MESSAGE][WARNING] - Timeout '0' is invalid. Using default page load timeout: '10'

2020-08-06 23:04:47 - [MESSAGE][PASSED] - Tapped on element 'Object Repository/Maya/RegisterDuitNow/android.widget.ImageView0-2 acct'

2020-08-06 23:04:47 - [TEST_STEP][PASSED] - tap(findTestObject("Maya/Login/android.widget.TextView0 - Continue"), 0): Tapped on element 'Object Repository/Maya/Login/android.widget.TextView0 - Continue'

2020-08-06 23:04:47 - [MESSAGE][WARNING] - Timeout '0' is invalid. Using default page load timeout: '10'

2020-08-06 23:04:50 - [MESSAGE][PASSED] - Tapped on element 'Object Repository/Maya/Login/android.widget.TextView0 - Continue'

2020-08-06 23:04:50 - [TEST_STEP][FAILED] - tap(findTestObject("Maya/Login/android.widget.TextView0 - Done setup"), 0): Object Object Repository/Maya/Login/android.widget.TextView0 - Done setup not found

2020-08-06 23:04:50 - [MESSAGE][WARNING] - Timeout '0' is invalid. Using default page load timeout: '10'

2020-08-06 23:05:01 - [MESSAGE][FAILED] - Object Object Repository/Maya/Login/android.widget.TextView0 - Done setup not found
[[ATTACHMENT|C:\\Users\\LENOVO\\Git_new\\Maya\\Reports\\20200806_225916\\Maya UAT\\UAT Test Suite\\20200806_225916\\1596726300734.png]]

2020-08-06 23:05:01 - [TEST_STEP][FAILED] - verifyElementText(findTestObject("Maya/Third Party Fav/android.widget.TextView0 - Test"), "Test", CONTINUE_ON_FAILURE): Element 'Object Repository/Maya/Third Party Fav/android.widget.TextView0 - Test' not found

2020-08-06 23:05:13 - [MESSAGE][FAILED] - Element 'Object Repository/Maya/Third Party Fav/android.widget.TextView0 - Test' not found
[[ATTACHMENT|C:\\Users\\LENOVO\\Git_new\\Maya\\Reports\\20200806_225916\\Maya UAT\\UAT Test Suite\\20200806_225916\\1596726312159.png]]

2020-08-06 23:05:13 - [TEST_STEP][FAILED] - tap(findTestObject("Maya/RegisterDuitNow/android.widget.TextView0 - More (1)"), 0): Object Object Repository/Maya/RegisterDuitNow/android.widget.TextView0 - More (1) not found

2020-08-06 23:05:13 - [MESSAGE][WARNING] - Timeout '0' is invalid. Using default page load timeout: '10'

2020-08-06 23:05:25 - [MESSAGE][FAILED] - Object Object Repository/Maya/RegisterDuitNow/android.widget.TextView0 - More (1) not found
[[ATTACHMENT|C:\\Users\\LENOVO\\Git_new\\Maya\\Reports\\20200806_225916\\Maya UAT\\UAT Test Suite\\20200806_225916\\1596726324169.png]]

2020-08-06 23:05:25 - [TEST_STEP][FAILED] - tap(findTestObject("Maya/RegisterDuitNow/android.widget.TextView0 - Settings (1)"), 0): Object Object Repository/Maya/RegisterDuitNow/android.widget.TextView0 - Settings (1) not found

2020-08-06 23:05:25 - [MESSAGE][WARNING] - Timeout '0' is invalid. Using default page load timeout: '10'

2020-08-06 23:05:37 - [MESSAGE][FAILED] - Object Object Repository/Maya/RegisterDuitNow/android.widget.TextView0 - Settings (1) not found
[[ATTACHMENT|C:\\Users\\LENOVO\\Git_new\\Maya\\Reports\\20200806_225916\\Maya UAT\\UAT Test Suite\\20200806_225916\\1596726335998.png]]

2020-08-06 23:05:37 - [TEST_STEP][FAILED] - tap(findTestObject("Maya/RegisterDuitNow/android.widget.TextView0 - Maybank2u (2)"), 0): Object Object Repository/Maya/RegisterDuitNow/android.widget.TextView0 - Maybank2u (2) not found

2020-08-06 23:05:37 - [MESSAGE][WARNING] - Timeout '0' is invalid. Using default page load timeout: '10'

2020-08-06 23:05:49 - [MESSAGE][FAILED] - Object Object Repository/Maya/RegisterDuitNow/android.widget.TextView0 - Maybank2u (2) not found
[[ATTACHMENT|C:\\Users\\LENOVO\\Git_new\\Maya\\Reports\\20200806_225916\\Maya UAT\\UAT Test Suite\\20200806_225916\\1596726347661.png]]

2020-08-06 23:05:49 - [TEST_STEP][FAILED] - tap(findTestObject("Maya/RegisterDuitNow/android.widget.TextView0 - DuitNow (6)"), 0): Object Object Repository/Maya/RegisterDuitNow/android.widget.TextView0 - DuitNow (6) not found

2020-08-06 23:05:49 - [MESSAGE][WARNING] - Timeout '0' is invalid. Using default page load timeout: '10'

2020-08-06 23:06:01 - [MESSAGE][FAILED] - Object Object Repository/Maya/RegisterDuitNow/android.widget.TextView0 - DuitNow (6) not found
[[ATTACHMENT|C:\\Users\\LENOVO\\Git_new\\Maya\\Reports\\20200806_225916\\Maya UAT\\UAT Test Suite\\20200806_225916\\1596726360297.png]]

2020-08-06 23:06:01 - [TEST_STEP][FAILED] - getText(findTestObject("Maya/RegisterDuitNow/android.widget.TextView0 - Link your Maybank account to an ID for DuitNow (1)"), 0): Object Object Repository/Maya/RegisterDuitNow/android.widget.TextView0 - Link your Maybank account to an ID for DuitNow (1) not found

2020-08-06 23:06:02 - [MESSAGE][WARNING] - Timeout '0' is invalid. Using default page load timeout: '10'

2020-08-06 23:06:13 - [MESSAGE][FAILED] - Object Object Repository/Maya/RegisterDuitNow/android.widget.TextView0 - Link your Maybank account to an ID for DuitNow (1) not found
[[ATTACHMENT|C:\\Users\\LENOVO\\Git_new\\Maya\\Reports\\20200806_225916\\Maya UAT\\UAT Test Suite\\20200806_225916\\1596726372340.png]]

2020-08-06 23:06:13 - [TEST_STEP][FAILED] - verifyElementExist(findTestObject("Maya/RegisterDuitNow/android.widget.TextView0 - Link your Maybank account to an ID for DuitNow (1)"), 0): Element 'Object Repository/Maya/RegisterDuitNow/android.widget.TextView0 - Link your Maybank account to an ID for DuitNow (1)' not found

2020-08-06 23:06:13 - [MESSAGE][WARNING] - Timeout '0' is invalid. Using default page load timeout: '10'

2020-08-06 23:06:25 - [MESSAGE][FAILED] - Element 'Object Repository/Maya/RegisterDuitNow/android.widget.TextView0 - Link your Maybank account to an ID for DuitNow (1)' not found
[[ATTACHMENT|C:\\Users\\LENOVO\\Git_new\\Maya\\Reports\\20200806_225916\\Maya UAT\\UAT Test Suite\\20200806_225916\\1596726383998.png]]

2020-08-06 23:06:25 - [TEST_STEP][PASSED] - delay(2, STOP_ON_FAILURE): Delayed 2 second(s)

2020-08-06 23:06:27 - [MESSAGE][PASSED] - Delayed 2 second(s)

2020-08-06 23:06:27 - [TEST_STEP][PASSED] - takeScreenshot("C:\Users\LENOVO\Screenshot\DuitNowProxy\Screen4.png", CONTINUE_ON_FAILURE): Screenshot is taken

2020-08-06 23:06:28 - [MESSAGE][PASSED] - Screenshot is taken
[[ATTACHMENT|C:\\Users\\LENOVO\\Screenshot\\DuitNowProxy\\Screen4.png]]

2020-08-06 23:06:28 - [TEST_STEP][FAILED] - getText(findTestObject("Maya/RegisterDuitNow/android.widget.TextView0 - Mobile Number"), 0): Object Object Repository/Maya/RegisterDuitNow/android.widget.TextView0 - Mobile Number not found

2020-08-06 23:06:29 - [MESSAGE][WARNING] - Timeout '0' is invalid. Using default page load timeout: '10'

2020-08-06 23:06:41 - [MESSAGE][FAILED] - Object Object Repository/Maya/RegisterDuitNow/android.widget.TextView0 - Mobile Number not found
[[ATTACHMENT|C:\\Users\\LENOVO\\Git_new\\Maya\\Reports\\20200806_225916\\Maya UAT\\UAT Test Suite\\20200806_225916\\1596726399618.png]]

2020-08-06 23:06:41 - [TEST_STEP][FAILED] - verifyElementExist(findTestObject("Maya/RegisterDuitNow/android.widget.TextView0 - Mobile Number"), 0): Element 'Object Repository/Maya/RegisterDuitNow/android.widget.TextView0 - Mobile Number' not found

2020-08-06 23:06:41 - [MESSAGE][WARNING] - Timeout '0' is invalid. Using default page load timeout: '10'

2020-08-06 23:06:52 - [MESSAGE][FAILED] - Element 'Object Repository/Maya/RegisterDuitNow/android.widget.TextView0 - Mobile Number' not found
[[ATTACHMENT|C:\\Users\\LENOVO\\Git_new\\Maya\\Reports\\20200806_225916\\Maya UAT\\UAT Test Suite\\20200806_225916\\1596726411457.png]]

2020-08-06 23:06:52 - [TEST_STEP][FAILED] - getText(findTestObject("Maya/RegisterDuitNow/android.widget.TextView0 - Maybank (2)"), 0): Object Object Repository/Maya/RegisterDuitNow/android.widget.TextView0 - Maybank (2) not found

2020-08-06 23:06:53 - [MESSAGE][WARNING] - Timeout '0' is invalid. Using default page load timeout: '10'

2020-08-06 23:07:05 - [MESSAGE][FAILED] - Object Object Repository/Maya/RegisterDuitNow/android.widget.TextView0 - Maybank (2) not found
[[ATTACHMENT|C:\\Users\\LENOVO\\Git_new\\Maya\\Reports\\20200806_225916\\Maya UAT\\UAT Test Suite\\20200806_225916\\1596726424615.png]]

2020-08-06 23:07:05 - [TEST_STEP][FAILED] - verifyElementExist(findTestObject("Maya/RegisterDuitNow/android.widget.TextView0 - Maybank (2)"), 0): Element 'Object Repository/Maya/RegisterDuitNow/android.widget.TextView0 - Maybank (2)' not found

2020-08-06 23:07:05 - [MESSAGE][WARNING] - Timeout '0' is invalid. Using default page load timeout: '10'

2020-08-06 23:07:16 - [MESSAGE][FAILED] - Element 'Object Repository/Maya/RegisterDuitNow/android.widget.TextView0 - Maybank (2)' not found
[[ATTACHMENT|C:\\Users\\LENOVO\\Git_new\\Maya\\Reports\\20200806_225916\\Maya UAT\\UAT Test Suite\\20200806_225916\\1596726435557.png]]

2020-08-06 23:07:16 - [TEST_STEP][FAILED] - getText(findTestObject("Maya/RegisterDuitNow/android.widget.TextView0 - 1028"), 0): Object Object Repository/Maya/RegisterDuitNow/android.widget.TextView0 - 1028 not found

2020-08-06 23:07:16 - [MESSAGE][WARNING] - Timeout '0' is invalid. Using default page load timeout: '10'

2020-08-06 23:07:27 - [MESSAGE][FAILED] - Object Object Repository/Maya/RegisterDuitNow/android.widget.TextView0 - 1028 not found
[[ATTACHMENT|C:\\Users\\LENOVO\\Git_new\\Maya\\Reports\\20200806_225916\\Maya UAT\\UAT Test Suite\\20200806_225916\\1596726446460.png]]

2020-08-06 23:07:27 - [TEST_STEP][FAILED] - verifyElementExist(findTestObject("Maya/RegisterDuitNow/android.widget.TextView0 - 1028"), 0): Element 'Object Repository/Maya/RegisterDuitNow/android.widget.TextView0 - 1028' not found

2020-08-06 23:07:28 - [MESSAGE][WARNING] - Timeout '0' is invalid. Using default page load timeout: '10'

2020-08-06 23:07:40 - [MESSAGE][FAILED] - Element 'Object Repository/Maya/RegisterDuitNow/android.widget.TextView0 - 1028' not found
[[ATTACHMENT|C:\\Users\\LENOVO\\Git_new\\Maya\\Reports\\20200806_225916\\Maya UAT\\UAT Test Suite\\20200806_225916\\1596726458179.png]]

2020-08-06 23:07:40 - [TEST_STEP][FAILED] - tap(findTestObject("Maya/RegisterDuitNow/android.widget.TextView0 - Mobile Number"), 0): Object Object Repository/Maya/RegisterDuitNow/android.widget.TextView0 - Mobile Number not found

2020-08-06 23:07:40 - [MESSAGE][WARNING] - Timeout '0' is invalid. Using default page load timeout: '10'

2020-08-06 23:07:51 - [MESSAGE][FAILED] - Object Object Repository/Maya/RegisterDuitNow/android.widget.TextView0 - Mobile Number not found
[[ATTACHMENT|C:\\Users\\LENOVO\\Git_new\\Maya\\Reports\\20200806_225916\\Maya UAT\\UAT Test Suite\\20200806_225916\\1596726470447.png]]

2020-08-06 23:07:51 - [TEST_STEP][PASSED] - delay(2, STOP_ON_FAILURE): Delayed 2 second(s)

2020-08-06 23:07:53 - [MESSAGE][PASSED] - Delayed 2 second(s)

2020-08-06 23:07:53 - [TEST_STEP][PASSED] - takeScreenshot("C:\Users\LENOVO\Screenshot\DuitNowProxy\Screen5.png", CONTINUE_ON_FAILURE): Screenshot is taken

2020-08-06 23:07:54 - [MESSAGE][PASSED] - Screenshot is taken
[[ATTACHMENT|C:\\Users\\LENOVO\\Screenshot\\DuitNowProxy\\Screen5.png]]

2020-08-06 23:07:54 - [TEST_STEP][FAILED] - getText(findTestObject("Maya/RegisterDuitNow/android.widget.TextView0 - Mobile Number (1)"), 0): Object Object Repository/Maya/RegisterDuitNow/android.widget.TextView0 - Mobile Number (1) not found

2020-08-06 23:07:54 - [MESSAGE][WARNING] - Timeout '0' is invalid. Using default page load timeout: '10'

2020-08-06 23:08:05 - [MESSAGE][FAILED] - Object Object Repository/Maya/RegisterDuitNow/android.widget.TextView0 - Mobile Number (1) not found
[[ATTACHMENT|C:\\Users\\LENOVO\\Git_new\\Maya\\Reports\\20200806_225916\\Maya UAT\\UAT Test Suite\\20200806_225916\\1596726484503.png]]

2020-08-06 23:08:05 - [TEST_STEP][FAILED] - verifyElementExist(findTestObject("Maya/RegisterDuitNow/android.widget.TextView0 - Mobile Number (1)"), 0): Element 'Object Repository/Maya/RegisterDuitNow/android.widget.TextView0 - Mobile Number (1)' not found

2020-08-06 23:08:05 - [MESSAGE][WARNING] - Timeout '0' is invalid. Using default page load timeout: '10'

2020-08-06 23:08:16 - [MESSAGE][FAILED] - Element 'Object Repository/Maya/RegisterDuitNow/android.widget.TextView0 - Mobile Number (1)' not found
[[ATTACHMENT|C:\\Users\\LENOVO\\Git_new\\Maya\\Reports\\20200806_225916\\Maya UAT\\UAT Test Suite\\20200806_225916\\1596726495975.png]]

2020-08-06 23:08:16 - [TEST_STEP][FAILED] - getText(findTestObject("Maya/RegisterDuitNow/android.widget.TextView0 - Status (1)"), 0): Object Object Repository/Maya/RegisterDuitNow/android.widget.TextView0 - Status (1) not found

2020-08-06 23:08:17 - [MESSAGE][WARNING] - Timeout '0' is invalid. Using default page load timeout: '10'

2020-08-06 23:08:28 - [MESSAGE][FAILED] - Object Object Repository/Maya/RegisterDuitNow/android.widget.TextView0 - Status (1) not found
[[ATTACHMENT|C:\\Users\\LENOVO\\Git_new\\Maya\\Reports\\20200806_225916\\Maya UAT\\UAT Test Suite\\20200806_225916\\1596726507275.png]]

2020-08-06 23:08:28 - [TEST_STEP][FAILED] - verifyElementExist(findTestObject("Maya/RegisterDuitNow/android.widget.TextView0 - Status (1)"), 0): Element 'Object Repository/Maya/RegisterDuitNow/android.widget.TextView0 - Status (1)' not found

2020-08-06 23:08:28 - [MESSAGE][WARNING] - Timeout '0' is invalid. Using default page load timeout: '10'

2020-08-06 23:08:39 - [MESSAGE][FAILED] - Element 'Object Repository/Maya/RegisterDuitNow/android.widget.TextView0 - Status (1)' not found
[[ATTACHMENT|C:\\Users\\LENOVO\\Git_new\\Maya\\Reports\\20200806_225916\\Maya UAT\\UAT Test Suite\\20200806_225916\\1596726518462.png]]

2020-08-06 23:08:39 - [TEST_STEP][FAILED] - getText(findTestObject("Maya/RegisterDuitNow/android.widget.TextView0 - ACTIVE (1)"), 0): Object Object Repository/Maya/RegisterDuitNow/android.widget.TextView0 - ACTIVE (1) not found

2020-08-06 23:08:39 - [MESSAGE][WARNING] - Timeout '0' is invalid. Using default page load timeout: '10'

2020-08-06 23:08:50 - [MESSAGE][FAILED] - Object Object Repository/Maya/RegisterDuitNow/android.widget.TextView0 - ACTIVE (1) not found
[[ATTACHMENT|C:\\Users\\LENOVO\\Git_new\\Maya\\Reports\\20200806_225916\\Maya UAT\\UAT Test Suite\\20200806_225916\\1596726529647.png]]

2020-08-06 23:08:50 - [TEST_STEP][FAILED] - verifyElementExist(findTestObject("Maya/RegisterDuitNow/android.widget.TextView0 - ACTIVE (1)"), 0): Element 'Object Repository/Maya/RegisterDuitNow/android.widget.TextView0 - ACTIVE (1)' not found

2020-08-06 23:08:50 - [MESSAGE][WARNING] - Timeout '0' is invalid. Using default page load timeout: '10'

2020-08-06 23:09:01 - [MESSAGE][FAILED] - Element 'Object Repository/Maya/RegisterDuitNow/android.widget.TextView0 - ACTIVE (1)' not found
[[ATTACHMENT|C:\\Users\\LENOVO\\Git_new\\Maya\\Reports\\20200806_225916\\Maya UAT\\UAT Test Suite\\20200806_225916\\1596726540931.png]]

2020-08-06 23:09:01 - [TEST_STEP][FAILED] - getText(findTestObject("Maya/RegisterDuitNow/android.widget.TextView0 - Receiving bank (1)"), 0): Object Object Repository/Maya/RegisterDuitNow/android.widget.TextView0 - Receiving bank (1) not found

2020-08-06 23:09:01 - [MESSAGE][WARNING] - Timeout '0' is invalid. Using default page load timeout: '10'

2020-08-06 23:09:13 - [MESSAGE][FAILED] - Object Object Repository/Maya/RegisterDuitNow/android.widget.TextView0 - Receiving bank (1) not found
[[ATTACHMENT|C:\\Users\\LENOVO\\Git_new\\Maya\\Reports\\20200806_225916\\Maya UAT\\UAT Test Suite\\20200806_225916\\1596726552314.png]]

2020-08-06 23:09:13 - [TEST_STEP][FAILED] - verifyElementExist(findTestObject("Maya/RegisterDuitNow/android.widget.TextView0 - Receiving bank (1)"), 0): Element 'Object Repository/Maya/RegisterDuitNow/android.widget.TextView0 - Receiving bank (1)' not found

2020-08-06 23:09:13 - [MESSAGE][WARNING] - Timeout '0' is invalid. Using default page load timeout: '10'

2020-08-06 23:09:24 - [MESSAGE][FAILED] - Element 'Object Repository/Maya/RegisterDuitNow/android.widget.TextView0 - Receiving bank (1)' not found
[[ATTACHMENT|C:\\Users\\LENOVO\\Git_new\\Maya\\Reports\\20200806_225916\\Maya UAT\\UAT Test Suite\\20200806_225916\\1596726563684.png]]

2020-08-06 23:09:24 - [TEST_STEP][FAILED] - getText(findTestObject("Maya/RegisterDuitNow/android.widget.TextView0 - Maybank (3)"), 0): Object Object Repository/Maya/RegisterDuitNow/android.widget.TextView0 - Maybank (3) not found

2020-08-06 23:09:24 - [MESSAGE][WARNING] - Timeout '0' is invalid. Using default page load timeout: '10'

2020-08-06 23:09:35 - [MESSAGE][FAILED] - Object Object Repository/Maya/RegisterDuitNow/android.widget.TextView0 - Maybank (3) not found
[[ATTACHMENT|C:\\Users\\LENOVO\\Git_new\\Maya\\Reports\\20200806_225916\\Maya UAT\\UAT Test Suite\\20200806_225916\\1596726574986.png]]

2020-08-06 23:09:35 - [TEST_STEP][FAILED] - verifyElementExist(findTestObject("Maya/RegisterDuitNow/android.widget.TextView0 - Maybank (3)"), 0): Element 'Object Repository/Maya/RegisterDuitNow/android.widget.TextView0 - Maybank (3)' not found

2020-08-06 23:09:36 - [MESSAGE][WARNING] - Timeout '0' is invalid. Using default page load timeout: '10'

2020-08-06 23:09:47 - [MESSAGE][FAILED] - Element 'Object Repository/Maya/RegisterDuitNow/android.widget.TextView0 - Maybank (3)' not found
[[ATTACHMENT|C:\\Users\\LENOVO\\Git_new\\Maya\\Reports\\20200806_225916\\Maya UAT\\UAT Test Suite\\20200806_225916\\1596726586156.png]]

2020-08-06 23:09:47 - [TEST_STEP][FAILED] - getText(findTestObject("Maya/RegisterDuitNow/android.widget.TextView0 - 1028 (1)"), 0): Object Object Repository/Maya/RegisterDuitNow/android.widget.TextView0 - 1028 (1) not found

2020-08-06 23:09:47 - [MESSAGE][WARNING] - Timeout '0' is invalid. Using default page load timeout: '10'

2020-08-06 23:09:58 - [MESSAGE][FAILED] - Object Object Repository/Maya/RegisterDuitNow/android.widget.TextView0 - 1028 (1) not found
[[ATTACHMENT|C:\\Users\\LENOVO\\Git_new\\Maya\\Reports\\20200806_225916\\Maya UAT\\UAT Test Suite\\20200806_225916\\1596726597286.png]]

2020-08-06 23:09:58 - [TEST_STEP][FAILED] - verifyElementExist(findTestObject("Maya/RegisterDuitNow/android.widget.TextView0 - 1028 (1)"), 0): Element 'Object Repository/Maya/RegisterDuitNow/android.widget.TextView0 - 1028 (1)' not found

2020-08-06 23:09:58 - [MESSAGE][WARNING] - Timeout '0' is invalid. Using default page load timeout: '10'

2020-08-06 23:10:09 - [MESSAGE][FAILED] - Element 'Object Repository/Maya/RegisterDuitNow/android.widget.TextView0 - 1028 (1)' not found
[[ATTACHMENT|C:\\Users\\LENOVO\\Git_new\\Maya\\Reports\\20200806_225916\\Maya UAT\\UAT Test Suite\\20200806_225916\\1596726608498.png]]

2020-08-06 23:10:09 - [TEST_STEP][FAILED] - getText(findTestObject("Maya/RegisterDuitNow/android.widget.TextView0 - 1075"), 0): Object Object Repository/Maya/RegisterDuitNow/android.widget.TextView0 - 1075 not found

2020-08-06 23:10:09 - [MESSAGE][WARNING] - Timeout '0' is invalid. Using default page load timeout: '10'

2020-08-06 23:10:21 - [MESSAGE][FAILED] - Object Object Repository/Maya/RegisterDuitNow/android.widget.TextView0 - 1075 not found
[[ATTACHMENT|C:\\Users\\LENOVO\\Git_new\\Maya\\Reports\\20200806_225916\\Maya UAT\\UAT Test Suite\\20200806_225916\\1596726620170.png]]

2020-08-06 23:10:21 - [TEST_STEP][FAILED] - verifyElementExist(findTestObject("Maya/RegisterDuitNow/android.widget.TextView0 - 1075"), 0): Element 'Object Repository/Maya/RegisterDuitNow/android.widget.TextView0 - 1075' not found

2020-08-06 23:10:21 - [MESSAGE][WARNING] - Timeout '0' is invalid. Using default page load timeout: '10'

2020-08-06 23:10:32 - [MESSAGE][FAILED] - Element 'Object Repository/Maya/RegisterDuitNow/android.widget.TextView0 - 1075' not found
[[ATTACHMENT|C:\\Users\\LENOVO\\Git_new\\Maya\\Reports\\20200806_225916\\Maya UAT\\UAT Test Suite\\20200806_225916\\1596726631741.png]]

2020-08-06 23:10:32 - [TEST_STEP][FAILED] - tap(findTestObject("Maya/RegisterDuitNow/android.widget.TextView0 - Deregister DuitNow"), 0): Object Object Repository/Maya/RegisterDuitNow/android.widget.TextView0 - Deregister DuitNow not found

2020-08-06 23:10:32 - [MESSAGE][WARNING] - Timeout '0' is invalid. Using default page load timeout: '10'

2020-08-06 23:10:43 - [MESSAGE][FAILED] - Object Object Repository/Maya/RegisterDuitNow/android.widget.TextView0 - Deregister DuitNow not found
[[ATTACHMENT|C:\\Users\\LENOVO\\Git_new\\Maya\\Reports\\20200806_225916\\Maya UAT\\UAT Test Suite\\20200806_225916\\1596726642882.png]]

2020-08-06 23:10:43 - [TEST_STEP][PASSED] - delay(2, STOP_ON_FAILURE): Delayed 2 second(s)

2020-08-06 23:10:45 - [MESSAGE][PASSED] - Delayed 2 second(s)

2020-08-06 23:10:45 - [TEST_STEP][PASSED] - takeScreenshot("C:\Users\LENOVO\Screenshot\DuitNowProxy\Screen8.png", CONTINUE_ON_FAILURE): Screenshot is taken

2020-08-06 23:10:46 - [MESSAGE][PASSED] - Screenshot is taken
[[ATTACHMENT|C:\\Users\\LENOVO\\Screenshot\\DuitNowProxy\\Screen8.png]]

2020-08-06 23:10:46 - [TEST_STEP][FAILED] - tap(findTestObject("Maya/RegisterDuitNow/android.widget.TextView0 - Confirm (2)"), 0): Object Object Repository/Maya/RegisterDuitNow/android.widget.TextView0 - Confirm (2) not found

2020-08-06 23:10:46 - [MESSAGE][WARNING] - Timeout '0' is invalid. Using default page load timeout: '10'

2020-08-06 23:10:57 - [MESSAGE][FAILED] - Object Object Repository/Maya/RegisterDuitNow/android.widget.TextView0 - Confirm (2) not found
[[ATTACHMENT|C:\\Users\\LENOVO\\Git_new\\Maya\\Reports\\20200806_225916\\Maya UAT\\UAT Test Suite\\20200806_225916\\1596726656956.png]]

2020-08-06 23:10:57 - [TEST_STEP][PASSED] - delay(2, STOP_ON_FAILURE): Delayed 2 second(s)

2020-08-06 23:10:59 - [MESSAGE][PASSED] - Delayed 2 second(s)

2020-08-06 23:10:59 - [TEST_STEP][PASSED] - takeScreenshot("C:\Users\LENOVO\Screenshot\DuitNowProxy\Screen9.png", CONTINUE_ON_FAILURE): Screenshot is taken

2020-08-06 23:11:00 - [MESSAGE][PASSED] - Screenshot is taken
[[ATTACHMENT|C:\\Users\\LENOVO\\Screenshot\\DuitNowProxy\\Screen9.png]]

2020-08-06 23:11:00 - [TEST_STEP][FAILED] - tap(findTestObject("Maya/RegisterDuitNow/android.widget.TextView0 - Confirm (1)"), 0): Object Object Repository/Maya/RegisterDuitNow/android.widget.TextView0 - Confirm (1) not found

2020-08-06 23:11:00 - [MESSAGE][WARNING] - Timeout '0' is invalid. Using default page load timeout: '10'

2020-08-06 23:11:11 - [MESSAGE][FAILED] - Object Object Repository/Maya/RegisterDuitNow/android.widget.TextView0 - Confirm (1) not found
[[ATTACHMENT|C:\\Users\\LENOVO\\Git_new\\Maya\\Reports\\20200806_225916\\Maya UAT\\UAT Test Suite\\20200806_225916\\1596726671016.png]]

2020-08-06 23:11:11 - [TEST_STEP][FAILED] - otp = getText(findTestObject("Maya/Third Party CA account/android.widget.TextView0 - Your OTP no. is 460943"), 0): Object Object Repository/Maya/Third Party CA account/android.widget.TextView0 - Your OTP no. is 460943 not found

2020-08-06 23:11:12 - [MESSAGE][WARNING] - Timeout '0' is invalid. Using default page load timeout: '10'

2020-08-06 23:11:23 - [MESSAGE][FAILED] - Object Object Repository/Maya/Third Party CA account/android.widget.TextView0 - Your OTP no. is 460943 not found
[[ATTACHMENT|C:\\Users\\LENOVO\\Git_new\\Maya\\Reports\\20200806_225916\\Maya UAT\\UAT Test Suite\\20200806_225916\\1596726682361.png]]

2020-08-06 23:11:23 - [TEST_STEP][PASSED] - delay(2): Delayed 2 second(s)

2020-08-06 23:11:25 - [MESSAGE][PASSED] - Delayed 2 second(s)

2020-08-06 23:11:25 - [TEST_STEP][PASSED] - for ([i = 16, i <= 21, (i++)]): null

2020-08-06 23:11:25 - [TEST_STEP][PASSED] - delay(3, STOP_ON_FAILURE): Delayed 3 second(s)

2020-08-06 23:11:28 - [MESSAGE][PASSED] - Delayed 3 second(s)

2020-08-06 23:11:28 - [TEST_STEP][PASSED] - if (otp[i] == "0"): null]]></system-out>
         <system-err><![CDATA[2020-08-06 22:59:20 - [TEST_CASE][FAILED] - Test Cases/JINU/DuiTNow Drop 2/Mob Proxy: Test Cases/JINU/DuiTNow Drop 2/Mob Proxy FAILED.
Reason:
com.kms.katalon.core.exception.StepFailedException: Object Object Repository/Maya/Login/android.widget.TextView0 - Done setup not found
	at com.kms.katalon.core.keyword.internal.KeywordMain.stepFailed(KeywordMain.groovy:39)
	at com.kms.katalon.core.mobile.keyword.internal.MobileKeywordMain.stepFailed(MobileKeywordMain.groovy:40)
	at com.kms.katalon.core.mobile.keyword.builtin.TapKeyword$_tap_closure1.doCall(TapKeyword.groovy:79)
	at com.kms.katalon.core.mobile.keyword.builtin.TapKeyword$_tap_closure1.call(TapKeyword.groovy)
	at com.kms.katalon.core.mobile.keyword.internal.MobileKeywordMain.runKeyword(MobileKeywordMain.groovy:21)
	at com.kms.katalon.core.mobile.keyword.builtin.TapKeyword.tap(TapKeyword.groovy:86)
	at com.kms.katalon.core.mobile.keyword.builtin.TapKeyword.execute(TapKeyword.groovy:68)
	at com.kms.katalon.core.keyword.internal.KeywordExecutor.executeKeywordForPlatform(KeywordExecutor.groovy:72)
	at com.kms.katalon.core.mobile.keyword.MobileBuiltInKeywords.tap(MobileBuiltInKeywords.groovy:577)
	at com.kms.katalon.core.mobile.keyword.MobileBuiltInKeywords$tap$0.call(Unknown Source)
	at Mob Proxy.run(Mob Proxy:185)
	at com.kms.katalon.core.main.ScriptEngine.run(ScriptEngine.java:194)
	at com.kms.katalon.core.main.ScriptEngine.runScriptAsRawText(ScriptEngine.java:119)
	at com.kms.katalon.core.main.TestCaseExecutor.runScript(TestCaseExecutor.java:337)
	at com.kms.katalon.core.main.TestCaseExecutor.doExecute(TestCaseExecutor.java:328)
	at com.kms.katalon.core.main.TestCaseExecutor.processExecutionPhase(TestCaseExecutor.java:307)
	at com.kms.katalon.core.main.TestCaseExecutor.accessMainPhase(TestCaseExecutor.java:299)
	at com.kms.katalon.core.main.TestCaseExecutor.execute(TestCaseExecutor.java:233)
	at com.kms.katalon.core.main.TestSuiteExecutor.accessTestCaseMainPhase(TestSuiteExecutor.java:169)
	at com.kms.katalon.core.main.TestSuiteExecutor.accessTestSuiteMainPhase(TestSuiteExecutor.java:142)
	at com.kms.katalon.core.main.TestSuiteExecutor.execute(TestSuiteExecutor.java:91)
	at com.kms.katalon.core.main.TestCaseMain.startTestSuite(TestCaseMain.java:157)
	at com.kms.katalon.core.main.TestCaseMain$startTestSuite$0.call(Unknown Source)
	at TempTestSuite1596725956552.run(TempTestSuite1596725956552.groovy:36)]]></system-err>
      </testcase>
      <system-out><![CDATA[2020-08-06 22:59:20 - [TEST_SUITE][FAILED] - UAT Test Suite: Test Cases/JINU/DuiTNow Drop 2/Mob Proxy FAILED.
Reason:
com.kms.katalon.core.exception.StepFailedException: Object Object Repository/Maya/Login/android.widget.TextView0 - Done setup not found
	at com.kms.katalon.core.keyword.internal.KeywordMain.stepFailed(KeywordMain.groovy:39)
	at com.kms.katalon.core.mobile.keyword.internal.MobileKeywordMain.stepFailed(MobileKeywordMain.groovy:40)
	at com.kms.katalon.core.mobile.keyword.builtin.TapKeyword$_tap_closure1.doCall(TapKeyword.groovy:79)
	at com.kms.katalon.core.mobile.keyword.builtin.TapKeyword$_tap_closure1.call(TapKeyword.groovy)
	at com.kms.katalon.core.mobile.keyword.internal.MobileKeywordMain.runKeyword(MobileKeywordMain.groovy:21)
	at com.kms.katalon.core.mobile.keyword.builtin.TapKeyword.tap(TapKeyword.groovy:86)
	at com.kms.katalon.core.mobile.keyword.builtin.TapKeyword.execute(TapKeyword.groovy:68)
	at com.kms.katalon.core.keyword.internal.KeywordExecutor.executeKeywordForPlatform(KeywordExecutor.groovy:72)
	at com.kms.katalon.core.mobile.keyword.MobileBuiltInKeywords.tap(MobileBuiltInKeywords.groovy:577)
	at com.kms.katalon.core.mobile.keyword.MobileBuiltInKeywords$tap$0.call(Unknown Source)
	at Mob Proxy.run(Mob Proxy:185)
	at com.kms.katalon.core.main.ScriptEngine.run(ScriptEngine.java:194)
	at com.kms.katalon.core.main.ScriptEngine.runScriptAsRawText(ScriptEngine.java:119)
	at com.kms.katalon.core.main.TestCaseExecutor.runScript(TestCaseExecutor.java:337)
	at com.kms.katalon.core.main.TestCaseExecutor.doExecute(TestCaseExecutor.java:328)
	at com.kms.katalon.core.main.TestCaseExecutor.processExecutionPhase(TestCaseExecutor.java:307)
	at com.kms.katalon.core.main.TestCaseExecutor.accessMainPhase(TestCaseExecutor.java:299)
	at com.kms.katalon.core.main.TestCaseExecutor.execute(TestCaseExecutor.java:233)
	at com.kms.katalon.core.main.TestSuiteExecutor.accessTestCaseMainPhase(TestSuiteExecutor.java:169)
	at com.kms.katalon.core.main.TestSuiteExecutor.accessTestSuiteMainPhase(TestSuiteExecutor.java:142)
	at com.kms.katalon.core.main.TestSuiteExecutor.execute(TestSuiteExecutor.java:91)
	at com.kms.katalon.core.main.TestCaseMain.startTestSuite(TestCaseMain.java:157)
	at com.kms.katalon.core.main.TestCaseMain$startTestSuite$0.call(Unknown Source)
	at TempTestSuite1596725956552.run(TempTestSuite1596725956552.groovy:36)]]></system-out>
      <system-err><![CDATA[2020-08-06 22:59:20 - [TEST_SUITE][FAILED] - UAT Test Suite: Test Cases/JINU/DuiTNow Drop 2/Mob Proxy FAILED.
Reason:
com.kms.katalon.core.exception.StepFailedException: Object Object Repository/Maya/Login/android.widget.TextView0 - Done setup not found
	at com.kms.katalon.core.keyword.internal.KeywordMain.stepFailed(KeywordMain.groovy:39)
	at com.kms.katalon.core.mobile.keyword.internal.MobileKeywordMain.stepFailed(MobileKeywordMain.groovy:40)
	at com.kms.katalon.core.mobile.keyword.builtin.TapKeyword$_tap_closure1.doCall(TapKeyword.groovy:79)
	at com.kms.katalon.core.mobile.keyword.builtin.TapKeyword$_tap_closure1.call(TapKeyword.groovy)
	at com.kms.katalon.core.mobile.keyword.internal.MobileKeywordMain.runKeyword(MobileKeywordMain.groovy:21)
	at com.kms.katalon.core.mobile.keyword.builtin.TapKeyword.tap(TapKeyword.groovy:86)
	at com.kms.katalon.core.mobile.keyword.builtin.TapKeyword.execute(TapKeyword.groovy:68)
	at com.kms.katalon.core.keyword.internal.KeywordExecutor.executeKeywordForPlatform(KeywordExecutor.groovy:72)
	at com.kms.katalon.core.mobile.keyword.MobileBuiltInKeywords.tap(MobileBuiltInKeywords.groovy:577)
	at com.kms.katalon.core.mobile.keyword.MobileBuiltInKeywords$tap$0.call(Unknown Source)
	at Mob Proxy.run(Mob Proxy:185)
	at com.kms.katalon.core.main.ScriptEngine.run(ScriptEngine.java:194)
	at com.kms.katalon.core.main.ScriptEngine.runScriptAsRawText(ScriptEngine.java:119)
	at com.kms.katalon.core.main.TestCaseExecutor.runScript(TestCaseExecutor.java:337)
	at com.kms.katalon.core.main.TestCaseExecutor.doExecute(TestCaseExecutor.java:328)
	at com.kms.katalon.core.main.TestCaseExecutor.processExecutionPhase(TestCaseExecutor.java:307)
	at com.kms.katalon.core.main.TestCaseExecutor.accessMainPhase(TestCaseExecutor.java:299)
	at com.kms.katalon.core.main.TestCaseExecutor.execute(TestCaseExecutor.java:233)
	at com.kms.katalon.core.main.TestSuiteExecutor.accessTestCaseMainPhase(TestSuiteExecutor.java:169)
	at com.kms.katalon.core.main.TestSuiteExecutor.accessTestSuiteMainPhase(TestSuiteExecutor.java:142)
	at com.kms.katalon.core.main.TestSuiteExecutor.execute(TestSuiteExecutor.java:91)
	at com.kms.katalon.core.main.TestCaseMain.startTestSuite(TestCaseMain.java:157)
	at com.kms.katalon.core.main.TestCaseMain$startTestSuite$0.call(Unknown Source)
	at TempTestSuite1596725956552.run(TempTestSuite1596725956552.groovy:36)]]></system-err>
   </testsuite>
</testsuites>
