<?xml version="1.0" encoding="UTF-8"?>
<testsuites name="UAT Test Suite" time="451.633" tests="1" failures="1" errors="0">
   <testsuite name="UAT Test Suite" tests="1" failures="1" errors="0" time="451.633" timestamp="2020-08-03 14:55:52" hostname="LENOVO - DESKTOP-CP3TV4N" id="Test Suites/Maya UAT/UAT Test Suite">
      <properties>
         <property name="deviceName" value="Xiaomi Redmi Note 7S (Android 9)"/>
         <property name="devicePlatform" value=""/>
         <property name="logFolder" value="C:\\Users\\LENOVO\\Git_new\\Maya\\Reports\\20200803_145550\\Maya UAT\\UAT Test Suite\\20200803_145550"/>
         <property name="logFiles" value="C:\\Users\\LENOVO\\Git_new\\Maya\\Reports\\20200803_145550\\Maya UAT\\UAT Test Suite\\20200803_145550\\appium.log, C:\\Users\\LENOVO\\Git_new\\Maya\\Reports\\20200803_145550\\Maya UAT\\UAT Test Suite\\20200803_145550\\execution0.log"/>
         <property name="attachments" value="C:\\Users\\LENOVO\\Screenshot\\NovieTicket\\Ticket1.png, C:\\Users\\LENOVO\\Screenshot\\KLIATicket\\Ticket1.png, C:\\Users\\LENOVO\\Screenshot\\NovieTicket\\Ticket2.png, C:\\Users\\LENOVO\\Screenshot\\NovieTicket\\Ticket3.png, C:\\Users\\LENOVO\\Git_new\\Maya\\Reports\\20200803_145550\\Maya UAT\\UAT Test Suite\\20200803_145550\\1596437892921.png, C:\\Users\\LENOVO\\Git_new\\Maya\\Reports\\20200803_145550\\Maya UAT\\UAT Test Suite\\20200803_145550\\1596437904815.png, C:\\Users\\LENOVO\\Screenshot\\NovieTicket\\Ticket12.png, C:\\Users\\LENOVO\\Screenshot\\NovieTicket\\Ticket14.png, C:\\Users\\LENOVO\\Screenshot\\NovieTicket\\Ticket4.png, C:\\Users\\LENOVO\\Screenshot\\NovieTicket\\Ticket18.png, C:\\Users\\LENOVO\\Screenshot\\NovieTicket\\Ticket5.png, C:\\Users\\LENOVO\\Git_new\\Maya\\Reports\\20200803_145550\\Maya UAT\\UAT Test Suite\\20200803_145550\\1596438029981.png, C:\\Users\\LENOVO\\Screenshot\\NovieTicket\\Ticket19.png, C:\\Users\\LENOVO\\Screenshot\\NovieTicket\\Ticket6.png, C:\\Users\\LENOVO\\Screenshot\\NovieTicket\\Ticket7.png, C:\\Users\\LENOVO\\Screenshot\\NovieTicket\\Ticket8.png, C:\\Users\\LENOVO\\Screenshot\\NovieTicket\\Ticket9.png, C:\\Users\\LENOVO\\Screenshot\\NovieTicket\\Ticket10.png, C:\\Users\\LENOVO\\Screenshot\\KLIATicket\\Ticket13.png, C:\\Users\\LENOVO\\Screenshot\\KLIATicket\\Ticket53.png, C:\\Users\\LENOVO\\Screenshot\\KLIATicket\\Ticket9.png, C:\\Users\\LENOVO\\Screenshot\\NovieTicket\\Ticket11.png, C:\\Users\\LENOVO\\Screenshot\\NovieTicket\\Ticket20.png"/>
         <property name="hostName" value="LENOVO - DESKTOP-CP3TV4N"/>
         <property name="os" value="Windows 10 64bit"/>
         <property name="appiumServerStatus" value="{\&quot;value\&quot;:{\&quot;build\&quot;:{\&quot;version\&quot;:\&quot;1.15.1\&quot;}},\&quot;sessionId\&quot;:null,\&quot;status\&quot;:0}"/>
         <property name="katalonVersion" value="7.2.7.1"/>
         <property name="deviceOS" value="Android"/>
         <property name="appiumVersion" value="1.15.1"/>
         <property name="deviceModel" value="Redmi Note 7S"/>
         <property name="hostAddress" value="192.168.43.112"/>
         <property name="deviceManufacturer" value="Xiaomi"/>
         <property name="deviceId" value="11cb9864"/>
         <property name="deviceName" value="Xiaomi Redmi Note 7S (Android 9)"/>
         <property name="deviceOSVersion" value="9"/>
      </properties>
      <testcase name="Test Cases/JINU/Movie Ticket/Movie Ticket" time="448.906" classname="Test Cases/JINU/Movie Ticket/Movie Ticket" status="FAILED">
         <failure type="FAILED" message="Test Cases/JINU/Movie Ticket/Movie Ticket FAILED.
Reason:
com.kms.katalon.core.exception.StepFailedException: Element 'Object Repository/Maya/Movie Ticket/android.widget.TextView0 - -' not found
	at com.kms.katalon.core.keyword.internal.KeywordMain.stepFailed(KeywordMain.groovy:39)
	at com.kms.katalon.core.mobile.keyword.internal.MobileKeywordMain.stepFailed(MobileKeywordMain.groovy:40)
	at com.kms.katalon.core.mobile.keyword.builtin.VerifyElementExistKeyword$_verifyElementExist_closure1.doCall(VerifyElementExistKeyword.groovy:77)
	at com.kms.katalon.core.mobile.keyword.builtin.VerifyElementExistKeyword$_verifyElementExist_closure1.call(VerifyElementExistKeyword.groovy)
	at com.kms.katalon.core.mobile.keyword.internal.MobileKeywordMain.runKeyword(MobileKeywordMain.groovy:21)
	at com.kms.katalon.core.mobile.keyword.builtin.VerifyElementExistKeyword.verifyElementExist(VerifyElementExistKeyword.groovy:80)
	at com.kms.katalon.core.mobile.keyword.builtin.VerifyElementExistKeyword.execute(VerifyElementExistKeyword.groovy:64)
	at com.kms.katalon.core.keyword.internal.KeywordExecutor.executeKeywordForPlatform(KeywordExecutor.groovy:72)
	at com.kms.katalon.core.mobile.keyword.MobileBuiltInKeywords.verifyElementExist(MobileBuiltInKeywords.groovy:809)
	at com.kms.katalon.core.mobile.keyword.MobileBuiltInKeywords$verifyElementExist$5.call(Unknown Source)
	at Movie Ticket.run(Movie Ticket:111)
	at com.kms.katalon.core.main.ScriptEngine.run(ScriptEngine.java:194)
	at com.kms.katalon.core.main.ScriptEngine.runScriptAsRawText(ScriptEngine.java:119)
	at com.kms.katalon.core.main.TestCaseExecutor.runScript(TestCaseExecutor.java:337)
	at com.kms.katalon.core.main.TestCaseExecutor.doExecute(TestCaseExecutor.java:328)
	at com.kms.katalon.core.main.TestCaseExecutor.processExecutionPhase(TestCaseExecutor.java:307)
	at com.kms.katalon.core.main.TestCaseExecutor.accessMainPhase(TestCaseExecutor.java:299)
	at com.kms.katalon.core.main.TestCaseExecutor.execute(TestCaseExecutor.java:233)
	at com.kms.katalon.core.main.TestSuiteExecutor.accessTestCaseMainPhase(TestSuiteExecutor.java:169)
	at com.kms.katalon.core.main.TestSuiteExecutor.accessTestSuiteMainPhase(TestSuiteExecutor.java:142)
	at com.kms.katalon.core.main.TestSuiteExecutor.execute(TestSuiteExecutor.java:91)
	at com.kms.katalon.core.main.TestCaseMain.startTestSuite(TestCaseMain.java:157)
	at com.kms.katalon.core.main.TestCaseMain$startTestSuite$0.call(Unknown Source)
	at TempTestSuite1596437750335.run(TempTestSuite1596437750335.groovy:36)
"/>
         <system-out><![CDATA[2020-08-03 14:55:53 - [TEST_CASE][FAILED] - Test Cases/JINU/Movie Ticket/Movie Ticket: Test Cases/JINU/Movie Ticket/Movie Ticket FAILED.
Reason:
com.kms.katalon.core.exception.StepFailedException: Element 'Object Repository/Maya/Movie Ticket/android.widget.TextView0 - -' not found
	at com.kms.katalon.core.keyword.internal.KeywordMain.stepFailed(KeywordMain.groovy:39)
	at com.kms.katalon.core.mobile.keyword.internal.MobileKeywordMain.stepFailed(MobileKeywordMain.groovy:40)
	at com.kms.katalon.core.mobile.keyword.builtin.VerifyElementExistKeyword$_verifyElementExist_closure1.doCall(VerifyElementExistKeyword.groovy:77)
	at com.kms.katalon.core.mobile.keyword.builtin.VerifyElementExistKeyword$_verifyElementExist_closure1.call(VerifyElementExistKeyword.groovy)
	at com.kms.katalon.core.mobile.keyword.internal.MobileKeywordMain.runKeyword(MobileKeywordMain.groovy:21)
	at com.kms.katalon.core.mobile.keyword.builtin.VerifyElementExistKeyword.verifyElementExist(VerifyElementExistKeyword.groovy:80)
	at com.kms.katalon.core.mobile.keyword.builtin.VerifyElementExistKeyword.execute(VerifyElementExistKeyword.groovy:64)
	at com.kms.katalon.core.keyword.internal.KeywordExecutor.executeKeywordForPlatform(KeywordExecutor.groovy:72)
	at com.kms.katalon.core.mobile.keyword.MobileBuiltInKeywords.verifyElementExist(MobileBuiltInKeywords.groovy:809)
	at com.kms.katalon.core.mobile.keyword.MobileBuiltInKeywords$verifyElementExist$5.call(Unknown Source)
	at Movie Ticket.run(Movie Ticket:111)
	at com.kms.katalon.core.main.ScriptEngine.run(ScriptEngine.java:194)
	at com.kms.katalon.core.main.ScriptEngine.runScriptAsRawText(ScriptEngine.java:119)
	at com.kms.katalon.core.main.TestCaseExecutor.runScript(TestCaseExecutor.java:337)
	at com.kms.katalon.core.main.TestCaseExecutor.doExecute(TestCaseExecutor.java:328)
	at com.kms.katalon.core.main.TestCaseExecutor.processExecutionPhase(TestCaseExecutor.java:307)
	at com.kms.katalon.core.main.TestCaseExecutor.accessMainPhase(TestCaseExecutor.java:299)
	at com.kms.katalon.core.main.TestCaseExecutor.execute(TestCaseExecutor.java:233)
	at com.kms.katalon.core.main.TestSuiteExecutor.accessTestCaseMainPhase(TestSuiteExecutor.java:169)
	at com.kms.katalon.core.main.TestSuiteExecutor.accessTestSuiteMainPhase(TestSuiteExecutor.java:142)
	at com.kms.katalon.core.main.TestSuiteExecutor.execute(TestSuiteExecutor.java:91)
	at com.kms.katalon.core.main.TestCaseMain.startTestSuite(TestCaseMain.java:157)
	at com.kms.katalon.core.main.TestCaseMain$startTestSuite$0.call(Unknown Source)
	at TempTestSuite1596437750335.run(TempTestSuite1596437750335.groovy:36)


2020-08-03 14:55:54 - [TEST_STEP][PASSED] - startApplication("C:\Users\LENOVO\Katalon Studio\app-uat-universal-release.apk", false): Started app at: 'C:\Users\LENOVO\Katalon Studio\app-uat-universal-release.apk'

2020-08-03 14:55:54 - [MESSAGE][INFO] - User set preference: ['appWaitActivity', '*']

2020-08-03 14:55:54 - [MESSAGE][INFO] - User set preference: ['appWaitPackage', 'com.maybank2u.life.uat']

2020-08-03 14:55:54 - [MESSAGE][INFO] - User set preference: ['appWaitDuration', '50,000']

2020-08-03 14:55:54 - [MESSAGE][INFO] - User set preference: ['deviceId', '11cb9864']

2020-08-03 14:55:56 - [MESSAGE][INFO] - Appium server started on port 63,621

2020-08-03 14:56:21 - [MESSAGE][PASSED] - Started app at: 'C:\Users\LENOVO\Katalon Studio\app-uat-universal-release.apk'

2020-08-03 14:56:21 - [TEST_STEP][PASSED] - delay(2, STOP_ON_FAILURE): Delayed 2 second(s)

2020-08-03 14:56:23 - [MESSAGE][PASSED] - Delayed 2 second(s)

2020-08-03 14:56:23 - [TEST_STEP][PASSED] - takeScreenshot("C:\Users\LENOVO\Screenshot\NovieTicket\Ticket1.png", STOP_ON_FAILURE): Screenshot is taken

2020-08-03 14:56:24 - [MESSAGE][PASSED] - Screenshot is taken
[[ATTACHMENT|C:\\Users\\LENOVO\\Screenshot\\NovieTicket\\Ticket1.png]]

2020-08-03 14:56:24 - [TEST_STEP][PASSED] - tap(findTestObject("Maya/DuitnowRegT/android.widget.ImageView0"), 0): Tapped on element 'Object Repository/Maya/DuitnowRegT/android.widget.ImageView0'

2020-08-03 14:56:25 - [MESSAGE][WARNING] - Timeout '0' is invalid. Using default page load timeout: '10'

2020-08-03 14:56:29 - [MESSAGE][PASSED] - Tapped on element 'Object Repository/Maya/DuitnowRegT/android.widget.ImageView0'

2020-08-03 14:56:29 - [TEST_STEP][PASSED] - tap(findTestObject("Maya/DuitnowRegT/android.widget.TextView0 - 2"), 0): Tapped on element 'Object Repository/Maya/DuitnowRegT/android.widget.TextView0 - 2'

2020-08-03 14:56:29 - [MESSAGE][WARNING] - Timeout '0' is invalid. Using default page load timeout: '10'

2020-08-03 14:56:35 - [MESSAGE][PASSED] - Tapped on element 'Object Repository/Maya/DuitnowRegT/android.widget.TextView0 - 2'

2020-08-03 14:56:35 - [TEST_STEP][PASSED] - tap(findTestObject("Maya/DuitnowRegT/android.widget.TextView0 - 3"), 0): Tapped on element 'Object Repository/Maya/DuitnowRegT/android.widget.TextView0 - 3'

2020-08-03 14:56:35 - [MESSAGE][WARNING] - Timeout '0' is invalid. Using default page load timeout: '10'

2020-08-03 14:56:37 - [MESSAGE][PASSED] - Tapped on element 'Object Repository/Maya/DuitnowRegT/android.widget.TextView0 - 3'

2020-08-03 14:56:37 - [TEST_STEP][PASSED] - tap(findTestObject("Maya/DuitnowRegT/android.widget.TextView0 - 0"), 0): Tapped on element 'Object Repository/Maya/DuitnowRegT/android.widget.TextView0 - 0'

2020-08-03 14:56:37 - [MESSAGE][WARNING] - Timeout '0' is invalid. Using default page load timeout: '10'

2020-08-03 14:56:39 - [MESSAGE][PASSED] - Tapped on element 'Object Repository/Maya/DuitnowRegT/android.widget.TextView0 - 0'

2020-08-03 14:56:39 - [TEST_STEP][PASSED] - tap(findTestObject("Maya/DuitnowRegT/android.widget.TextView0 - 9"), 0): Tapped on element 'Object Repository/Maya/DuitnowRegT/android.widget.TextView0 - 9'

2020-08-03 14:56:39 - [MESSAGE][WARNING] - Timeout '0' is invalid. Using default page load timeout: '10'

2020-08-03 14:56:43 - [MESSAGE][PASSED] - Tapped on element 'Object Repository/Maya/DuitnowRegT/android.widget.TextView0 - 9'

2020-08-03 14:56:43 - [TEST_STEP][PASSED] - tap(findTestObject("Maya/DuitnowRegT/android.widget.TextView0 - 8"), 0): Tapped on element 'Object Repository/Maya/DuitnowRegT/android.widget.TextView0 - 8'

2020-08-03 14:56:43 - [MESSAGE][WARNING] - Timeout '0' is invalid. Using default page load timeout: '10'

2020-08-03 14:56:45 - [MESSAGE][PASSED] - Tapped on element 'Object Repository/Maya/DuitnowRegT/android.widget.TextView0 - 8'

2020-08-03 14:56:45 - [TEST_STEP][PASSED] - tap(findTestObject("Maya/DuitnowRegT/android.widget.TextView0 - 3"), 0): Tapped on element 'Object Repository/Maya/DuitnowRegT/android.widget.TextView0 - 3'

2020-08-03 14:56:45 - [MESSAGE][WARNING] - Timeout '0' is invalid. Using default page load timeout: '10'

2020-08-03 14:56:46 - [MESSAGE][PASSED] - Tapped on element 'Object Repository/Maya/DuitnowRegT/android.widget.TextView0 - 3'

2020-08-03 14:56:46 - [TEST_STEP][PASSED] - tap(findTestObject("Maya/DuitnowRegT/android.widget.ImageView0 (1)"), 0): Tapped on element 'Object Repository/Maya/DuitnowRegT/android.widget.ImageView0 (1)'

2020-08-03 14:56:46 - [MESSAGE][WARNING] - Timeout '0' is invalid. Using default page load timeout: '10'

2020-08-03 14:56:50 - [MESSAGE][PASSED] - Tapped on element 'Object Repository/Maya/DuitnowRegT/android.widget.ImageView0 (1)'

2020-08-03 14:56:50 - [TEST_STEP][PASSED] - getText(findTestObject("Maya/drop4 CR/android.widget.TextView0 - RM 1171.85-Current balance"), 0): Text of element 'Object Repository/Maya/drop4 CR/android.widget.TextView0 - RM 1171.85-Current balance' is: 'RM 381.15'

2020-08-03 14:56:50 - [MESSAGE][WARNING] - Timeout '0' is invalid. Using default page load timeout: '10'

2020-08-03 14:56:52 - [MESSAGE][PASSED] - Text of element 'Object Repository/Maya/drop4 CR/android.widget.TextView0 - RM 1171.85-Current balance' is: 'RM 381.15'

2020-08-03 14:56:52 - [TEST_STEP][PASSED] - trx6 = 85-Current balance"), 0).substring(3): Text of element 'Object Repository/Maya/drop4 CR/android.widget.TextView0 - RM 1171.85-Current balance' is: 'RM 381.15'

2020-08-03 14:56:52 - [MESSAGE][WARNING] - Timeout '0' is invalid. Using default page load timeout: '10'

2020-08-03 14:56:53 - [MESSAGE][PASSED] - Text of element 'Object Repository/Maya/drop4 CR/android.widget.TextView0 - RM 1171.85-Current balance' is: 'RM 381.15'

2020-08-03 14:56:53 - [TEST_STEP][PASSED] - trx61 = trx6.replaceAll("[^a-zA-Z0-9]+", ""): null

2020-08-03 14:56:53 - [TEST_STEP][PASSED] - out.println(trx61): null

2020-08-03 14:56:53 - [TEST_STEP][PASSED] - trx611 = trx61: null

2020-08-03 14:56:53 - [TEST_STEP][PASSED] - out.println(trx611): null

2020-08-03 14:56:53 - [TEST_STEP][PASSED] - tap(findTestObject("Maya/KLIA/android.widget.ImageView0 (4)"), 0): Tapped on element 'Object Repository/Maya/KLIA/android.widget.ImageView0 (4)'

2020-08-03 14:56:53 - [MESSAGE][WARNING] - Timeout '0' is invalid. Using default page load timeout: '10'

2020-08-03 14:56:54 - [MESSAGE][PASSED] - Tapped on element 'Object Repository/Maya/KLIA/android.widget.ImageView0 (4)'

2020-08-03 14:56:54 - [TEST_STEP][PASSED] - tap(findTestObject("Maya/KLIA/android.widget.TextView0 - More"), 0): Tapped on element 'Object Repository/Maya/KLIA/android.widget.TextView0 - More'

2020-08-03 14:56:54 - [MESSAGE][WARNING] - Timeout '0' is invalid. Using default page load timeout: '10'

2020-08-03 14:57:06 - [MESSAGE][PASSED] - Tapped on element 'Object Repository/Maya/KLIA/android.widget.TextView0 - More'

2020-08-03 14:57:06 - [TEST_STEP][PASSED] - delay(2, STOP_ON_FAILURE): Delayed 2 second(s)

2020-08-03 14:57:08 - [MESSAGE][PASSED] - Delayed 2 second(s)

2020-08-03 14:57:08 - [TEST_STEP][PASSED] - takeScreenshot("C:\Users\LENOVO\Screenshot\KLIATicket\Ticket1.png", STOP_ON_FAILURE): Screenshot is taken

2020-08-03 14:57:09 - [MESSAGE][PASSED] - Screenshot is taken
[[ATTACHMENT|C:\\Users\\LENOVO\\Screenshot\\KLIATicket\\Ticket1.png]]

2020-08-03 14:57:09 - [TEST_STEP][PASSED] - tap(findTestObject("Maya/Movie Ticket/android.widget.TextView0 - Movie Tickets"), 0): Tapped on element 'Object Repository/Maya/Movie Ticket/android.widget.TextView0 - Movie Tickets'

2020-08-03 14:57:09 - [MESSAGE][WARNING] - Timeout '0' is invalid. Using default page load timeout: '10'

2020-08-03 14:57:11 - [MESSAGE][PASSED] - Tapped on element 'Object Repository/Maya/Movie Ticket/android.widget.TextView0 - Movie Tickets'

2020-08-03 14:57:11 - [TEST_STEP][PASSED] - tap(findTestObject("Maya/Movie Ticket/android.view.View0 - Movies"), 0): Tapped on element 'Object Repository/Maya/Movie Ticket/android.view.View0 - Movies'

2020-08-03 14:57:11 - [MESSAGE][WARNING] - Timeout '0' is invalid. Using default page load timeout: '10'

2020-08-03 14:57:24 - [MESSAGE][PASSED] - Tapped on element 'Object Repository/Maya/Movie Ticket/android.view.View0 - Movies'

2020-08-03 14:57:24 - [TEST_STEP][PASSED] - delay(2, STOP_ON_FAILURE): Delayed 2 second(s)

2020-08-03 14:57:26 - [MESSAGE][PASSED] - Delayed 2 second(s)

2020-08-03 14:57:26 - [TEST_STEP][PASSED] - takeScreenshot("C:\Users\LENOVO\Screenshot\NovieTicket\Ticket2.png", STOP_ON_FAILURE): Screenshot is taken

2020-08-03 14:57:28 - [MESSAGE][PASSED] - Screenshot is taken
[[ATTACHMENT|C:\\Users\\LENOVO\\Screenshot\\NovieTicket\\Ticket2.png]]

2020-08-03 14:57:28 - [TEST_STEP][PASSED] - tap(findTestObject("Maya/Movie Ticket/android.view.View0 - ANGEL HAS FALLEN"), 0, CONTINUE_ON_FAILURE): Tapped on element 'Object Repository/Maya/Movie Ticket/android.view.View0 - ANGEL HAS FALLEN'

2020-08-03 14:57:28 - [MESSAGE][WARNING] - Timeout '0' is invalid. Using default page load timeout: '10'

2020-08-03 14:57:29 - [MESSAGE][PASSED] - Tapped on element 'Object Repository/Maya/Movie Ticket/android.view.View0 - ANGEL HAS FALLEN'

2020-08-03 14:57:29 - [TEST_STEP][NOT_RUN] - tap(findTestObject("Maya/Movie Ticket/android.view.View0 - 10Jun"), 0): NOT_RUN: tap(findTestObject("Maya/Movie Ticket/android.view.View0 - 10Jun"), 0)

2020-08-03 14:57:29 - [MESSAGE][NOT_RUN] - NOT_RUN: tap(findTestObject("Maya/Movie Ticket/android.view.View0 - 10Jun"), 0)

2020-08-03 14:57:29 - [TEST_STEP][PASSED] - delay(2, STOP_ON_FAILURE): Delayed 2 second(s)

2020-08-03 14:57:31 - [MESSAGE][PASSED] - Delayed 2 second(s)

2020-08-03 14:57:31 - [TEST_STEP][PASSED] - takeScreenshot("C:\Users\LENOVO\Screenshot\NovieTicket\Ticket3.png", STOP_ON_FAILURE): Screenshot is taken

2020-08-03 14:57:32 - [MESSAGE][PASSED] - Screenshot is taken
[[ATTACHMENT|C:\\Users\\LENOVO\\Screenshot\\NovieTicket\\Ticket3.png]]

2020-08-03 14:57:32 - [TEST_STEP][NOT_RUN] - tap(findTestObject("Maya/Movie Ticket/android.view.View0"), 0): NOT_RUN: tap(findTestObject("Maya/Movie Ticket/android.view.View0"), 0)

2020-08-03 14:57:32 - [MESSAGE][NOT_RUN] - NOT_RUN: tap(findTestObject("Maya/Movie Ticket/android.view.View0"), 0)

2020-08-03 14:57:32 - [TEST_STEP][PASSED] - tap(findTestObject("Maya/Movie Ticket/android.view.View0 (2)"), 0): Tapped on element 'Object Repository/Maya/Movie Ticket/android.view.View0 (2)'

2020-08-03 14:57:32 - [MESSAGE][WARNING] - Timeout '0' is invalid. Using default page load timeout: '10'

2020-08-03 14:57:33 - [MESSAGE][PASSED] - Tapped on element 'Object Repository/Maya/Movie Ticket/android.view.View0 (2)'

2020-08-03 14:57:33 - [TEST_STEP][PASSED] - delay(4, STOP_ON_FAILURE): Delayed 4 second(s)

2020-08-03 14:57:37 - [MESSAGE][PASSED] - Delayed 4 second(s)

2020-08-03 14:57:37 - [TEST_STEP][NOT_RUN] - tap(findTestObject("Maya/spy/android.view.View0 - KECIL0155AM1200PMSTANDARD0200AM0200AM0205AM0210AM0220AM0225AM0230AM0230AM1155AM1155AM1200PM1205PM1215PM1220PM1225PM1225PM"), 0): NOT_RUN: tap(findTestObject("Maya/spy/android.view.View0 - KECIL0155AM1200PMSTANDARD0200AM0200AM0205AM0210AM0220AM0225AM0230AM0230AM1155AM1155AM1200PM1205PM1215PM1220PM1225PM1225PM"), 0)

2020-08-03 14:57:37 - [MESSAGE][NOT_RUN] - NOT_RUN: tap(findTestObject("Maya/spy/android.view.View0 - KECIL0155AM1200PMSTANDARD0200AM0200AM0205AM0210AM0220AM0225AM0230AM0230AM1155AM1155AM1200PM1205PM1215PM1220PM1225PM1225PM"), 0)

2020-08-03 14:57:37 - [TEST_STEP][PASSED] - tapAtPosition(546, 1544): Tapped at [546, 1,544]

2020-08-03 14:57:37 - [MESSAGE][PASSED] - Tapped at [546, 1,544]

2020-08-03 14:57:37 - [TEST_STEP][PASSED] - getText(findTestObject("Maya/Movie Ticket/android.widget.TextView0 - -"), 0): Text of element 'Object Repository/Maya/Movie Ticket/android.widget.TextView0 - -' is: '-'

2020-08-03 14:57:37 - [MESSAGE][WARNING] - Timeout '0' is invalid. Using default page load timeout: '10'

2020-08-03 14:57:43 - [MESSAGE][PASSED] - Text of element 'Object Repository/Maya/Movie Ticket/android.widget.TextView0 - -' is: '-'

2020-08-03 14:57:43 - [TEST_STEP][PASSED] - if (verifyElementExist(findTestObject("Maya/Movie Ticket/android.widget.TextView0 - -"), 0)): null

2020-08-03 14:57:43 - [MESSAGE][WARNING] - Timeout '0' is invalid. Using default page load timeout: '10'

2020-08-03 14:57:45 - [MESSAGE][PASSED] - Element 'Object Repository/Maya/Movie Ticket/android.widget.TextView0 - -' is exist

2020-08-03 14:57:45 - [TEST_STEP][PASSED] - delay(2, STOP_ON_FAILURE): Delayed 2 second(s)

2020-08-03 14:57:47 - [MESSAGE][PASSED] - Delayed 2 second(s)

2020-08-03 14:57:47 - [TEST_STEP][PASSED] - tapAtPosition(71, 1247): Tapped at [71, 1,247]

2020-08-03 14:57:47 - [MESSAGE][PASSED] - Tapped at [71, 1,247]

2020-08-03 14:57:47 - [TEST_STEP][PASSED] - if (verifyElementExist(findTestObject("Maya/Movie Ticket/android.widget.TextView0 - -"), 0)): null

2020-08-03 14:57:47 - [MESSAGE][WARNING] - Timeout '0' is invalid. Using default page load timeout: '10'

2020-08-03 14:57:49 - [MESSAGE][PASSED] - Element 'Object Repository/Maya/Movie Ticket/android.widget.TextView0 - -' is exist

2020-08-03 14:57:49 - [TEST_STEP][PASSED] - delay(2, STOP_ON_FAILURE): Delayed 2 second(s)

2020-08-03 14:57:51 - [MESSAGE][PASSED] - Delayed 2 second(s)

2020-08-03 14:57:51 - [TEST_STEP][PASSED] - tap(findTestObject("Maya/Movie Ticket/android.view.View0-Seat 1"), 0): Tapped on element 'Object Repository/Maya/Movie Ticket/android.view.View0-Seat 1'

2020-08-03 14:57:51 - [MESSAGE][WARNING] - Timeout '0' is invalid. Using default page load timeout: '10'

2020-08-03 14:57:55 - [MESSAGE][PASSED] - Tapped on element 'Object Repository/Maya/Movie Ticket/android.view.View0-Seat 1'

2020-08-03 14:57:55 - [TEST_STEP][PASSED] - if (verifyElementExist(findTestObject("Maya/Movie Ticket/android.widget.TextView0 - -"), 0)): null

2020-08-03 14:57:55 - [MESSAGE][WARNING] - Timeout '0' is invalid. Using default page load timeout: '10'

2020-08-03 14:57:56 - [MESSAGE][PASSED] - Element 'Object Repository/Maya/Movie Ticket/android.widget.TextView0 - -' is exist

2020-08-03 14:57:56 - [TEST_STEP][PASSED] - delay(2, STOP_ON_FAILURE): Delayed 2 second(s)

2020-08-03 14:57:58 - [MESSAGE][PASSED] - Delayed 2 second(s)

2020-08-03 14:57:58 - [TEST_STEP][PASSED] - tap(findTestObject("Maya/Movie Ticket/android.view.View0-Seat 3"), 0): Tapped on element 'Object Repository/Maya/Movie Ticket/android.view.View0-Seat 3'

2020-08-03 14:57:58 - [MESSAGE][WARNING] - Timeout '0' is invalid. Using default page load timeout: '10'

2020-08-03 14:58:02 - [MESSAGE][PASSED] - Tapped on element 'Object Repository/Maya/Movie Ticket/android.view.View0-Seat 3'

2020-08-03 14:58:02 - [TEST_STEP][FAILED] - if (verifyElementExist(findTestObject("Maya/Movie Ticket/android.widget.TextView0 - -"), 0)): Element 'Object Repository/Maya/Movie Ticket/android.widget.TextView0 - -' not found

2020-08-03 14:58:02 - [MESSAGE][WARNING] - Timeout '0' is invalid. Using default page load timeout: '10'

2020-08-03 14:58:13 - [MESSAGE][FAILED] - Element 'Object Repository/Maya/Movie Ticket/android.widget.TextView0 - -' not found
[[ATTACHMENT|C:\\Users\\LENOVO\\Git_new\\Maya\\Reports\\20200803_145550\\Maya UAT\\UAT Test Suite\\20200803_145550\\1596437892921.png]]

2020-08-03 14:58:13 - [TEST_STEP][FAILED] - if (verifyElementExist(findTestObject("Maya/Movie Ticket/android.widget.TextView0 - -"), 0)): Element 'Object Repository/Maya/Movie Ticket/android.widget.TextView0 - -' not found

2020-08-03 14:58:13 - [MESSAGE][WARNING] - Timeout '0' is invalid. Using default page load timeout: '10'

2020-08-03 14:58:25 - [MESSAGE][FAILED] - Element 'Object Repository/Maya/Movie Ticket/android.widget.TextView0 - -' not found
[[ATTACHMENT|C:\\Users\\LENOVO\\Git_new\\Maya\\Reports\\20200803_145550\\Maya UAT\\UAT Test Suite\\20200803_145550\\1596437904815.png]]

2020-08-03 14:58:25 - [TEST_STEP][PASSED] - getText(findTestObject("Maya/Movie Ticket/android.widget.TextView0 - C15"), 0): Text of element 'Object Repository/Maya/Movie Ticket/android.widget.TextView0 - C15' is: 'A2'

2020-08-03 14:58:25 - [MESSAGE][WARNING] - Timeout '0' is invalid. Using default page load timeout: '10'

2020-08-03 14:58:29 - [MESSAGE][PASSED] - Text of element 'Object Repository/Maya/Movie Ticket/android.widget.TextView0 - C15' is: 'A2'

2020-08-03 14:58:29 - [TEST_STEP][PASSED] - delay(2, STOP_ON_FAILURE): Delayed 2 second(s)

2020-08-03 14:58:31 - [MESSAGE][PASSED] - Delayed 2 second(s)

2020-08-03 14:58:31 - [TEST_STEP][PASSED] - takeScreenshot("C:\Users\LENOVO\Screenshot\NovieTicket\Ticket12.png", STOP_ON_FAILURE): Screenshot is taken

2020-08-03 14:58:32 - [MESSAGE][PASSED] - Screenshot is taken
[[ATTACHMENT|C:\\Users\\LENOVO\\Screenshot\\NovieTicket\\Ticket12.png]]

2020-08-03 14:58:32 - [TEST_STEP][NOT_RUN] - tap(findTestObject("Maya/Movie Ticket/android.view.View0 (4)"), 0): NOT_RUN: tap(findTestObject("Maya/Movie Ticket/android.view.View0 (4)"), 0)

2020-08-03 14:58:32 - [MESSAGE][NOT_RUN] - NOT_RUN: tap(findTestObject("Maya/Movie Ticket/android.view.View0 (4)"), 0)

2020-08-03 14:58:32 - [TEST_STEP][PASSED] - tap(findTestObject("Maya/Movie Ticket/android.widget.Button0 - CONTINUE (1)"), 0): Tapped on element 'Object Repository/Maya/Movie Ticket/android.widget.Button0 - CONTINUE (1)'

2020-08-03 14:58:32 - [MESSAGE][WARNING] - Timeout '0' is invalid. Using default page load timeout: '10'

2020-08-03 14:58:35 - [MESSAGE][PASSED] - Tapped on element 'Object Repository/Maya/Movie Ticket/android.widget.Button0 - CONTINUE (1)'

2020-08-03 14:58:35 - [TEST_STEP][PASSED] - getText(findTestObject("Maya/Movie Ticket/android.view.View0 - Promo Code  Voucher"), 0): Text of element 'Object Repository/Maya/Movie Ticket/android.view.View0 - Promo Code  Voucher' is: 'Promo Code / Voucher'

2020-08-03 14:58:35 - [MESSAGE][WARNING] - Timeout '0' is invalid. Using default page load timeout: '10'

2020-08-03 14:58:38 - [MESSAGE][PASSED] - Text of element 'Object Repository/Maya/Movie Ticket/android.view.View0 - Promo Code  Voucher' is: 'Promo Code / Voucher'

2020-08-03 14:58:38 - [TEST_STEP][PASSED] - verifyElementExist(findTestObject("Maya/Movie Ticket/android.view.View0 - Promo Code  Voucher"), 0): Element 'Object Repository/Maya/Movie Ticket/android.view.View0 - Promo Code  Voucher' is exist

2020-08-03 14:58:38 - [MESSAGE][WARNING] - Timeout '0' is invalid. Using default page load timeout: '10'

2020-08-03 14:58:39 - [MESSAGE][PASSED] - Element 'Object Repository/Maya/Movie Ticket/android.view.View0 - Promo Code  Voucher' is exist

2020-08-03 14:58:39 - [TEST_STEP][PASSED] - getText(findTestObject("Maya/Movie Ticket/android.widget.TextView0 - Movie Tickets (1)"), 0): Text of element 'Object Repository/Maya/Movie Ticket/android.widget.TextView0 - Movie Tickets (1)' is: 'Movie Tickets'

2020-08-03 14:58:39 - [MESSAGE][WARNING] - Timeout '0' is invalid. Using default page load timeout: '10'

2020-08-03 14:58:40 - [MESSAGE][PASSED] - Text of element 'Object Repository/Maya/Movie Ticket/android.widget.TextView0 - Movie Tickets (1)' is: 'Movie Tickets'

2020-08-03 14:58:40 - [TEST_STEP][PASSED] - verifyElementExist(findTestObject("Maya/Movie Ticket/android.widget.TextView0 - Movie Tickets (1)"), 0): Element 'Object Repository/Maya/Movie Ticket/android.widget.TextView0 - Movie Tickets (1)' is exist

2020-08-03 14:58:40 - [MESSAGE][WARNING] - Timeout '0' is invalid. Using default page load timeout: '10'

2020-08-03 14:58:41 - [MESSAGE][PASSED] - Element 'Object Repository/Maya/Movie Ticket/android.widget.TextView0 - Movie Tickets (1)' is exist

2020-08-03 14:58:41 - [TEST_STEP][PASSED] - getText(findTestObject("Maya/Movie Ticket/android.view.View0 - Seat Type"), 0): Text of element 'Object Repository/Maya/Movie Ticket/android.view.View0 - Seat Type' is: 'Seat Type'

2020-08-03 14:58:41 - [MESSAGE][WARNING] - Timeout '0' is invalid. Using default page load timeout: '10'

2020-08-03 14:58:42 - [MESSAGE][PASSED] - Text of element 'Object Repository/Maya/Movie Ticket/android.view.View0 - Seat Type' is: 'Seat Type'

2020-08-03 14:58:42 - [TEST_STEP][PASSED] - verifyElementExist(findTestObject("Maya/Movie Ticket/android.view.View0 - Seat Type"), 0): Element 'Object Repository/Maya/Movie Ticket/android.view.View0 - Seat Type' is exist

2020-08-03 14:58:42 - [MESSAGE][WARNING] - Timeout '0' is invalid. Using default page load timeout: '10'

2020-08-03 14:58:43 - [MESSAGE][PASSED] - Element 'Object Repository/Maya/Movie Ticket/android.view.View0 - Seat Type' is exist

2020-08-03 14:58:43 - [TEST_STEP][PASSED] - getText(findTestObject("Maya/Movie Ticket/android.view.View0 - Subtotal"), 0): Text of element 'Object Repository/Maya/Movie Ticket/android.view.View0 - Subtotal' is: 'Subtotal'

2020-08-03 14:58:43 - [MESSAGE][WARNING] - Timeout '0' is invalid. Using default page load timeout: '10'

2020-08-03 14:58:44 - [MESSAGE][PASSED] - Text of element 'Object Repository/Maya/Movie Ticket/android.view.View0 - Subtotal' is: 'Subtotal'

2020-08-03 14:58:44 - [TEST_STEP][PASSED] - verifyElementExist(findTestObject("Maya/Movie Ticket/android.view.View0 - Subtotal"), 0): Element 'Object Repository/Maya/Movie Ticket/android.view.View0 - Subtotal' is exist

2020-08-03 14:58:44 - [MESSAGE][WARNING] - Timeout '0' is invalid. Using default page load timeout: '10'

2020-08-03 14:58:45 - [MESSAGE][PASSED] - Element 'Object Repository/Maya/Movie Ticket/android.view.View0 - Subtotal' is exist

2020-08-03 14:58:45 - [TEST_STEP][PASSED] - getText(findTestObject("Maya/Movie Ticket/android.view.View0 - Booking Fees"), 0): Text of element 'Object Repository/Maya/Movie Ticket/android.view.View0 - Booking Fees' is: 'Booking Fees'

2020-08-03 14:58:45 - [MESSAGE][WARNING] - Timeout '0' is invalid. Using default page load timeout: '10'

2020-08-03 14:58:46 - [MESSAGE][PASSED] - Text of element 'Object Repository/Maya/Movie Ticket/android.view.View0 - Booking Fees' is: 'Booking Fees'

2020-08-03 14:58:46 - [TEST_STEP][PASSED] - verifyElementExist(findTestObject("Maya/Movie Ticket/android.view.View0 - Booking Fees"), 0): Element 'Object Repository/Maya/Movie Ticket/android.view.View0 - Booking Fees' is exist

2020-08-03 14:58:46 - [MESSAGE][WARNING] - Timeout '0' is invalid. Using default page load timeout: '10'

2020-08-03 14:58:47 - [MESSAGE][PASSED] - Element 'Object Repository/Maya/Movie Ticket/android.view.View0 - Booking Fees' is exist

2020-08-03 14:58:47 - [TEST_STEP][PASSED] - getText(findTestObject("Maya/Movie Ticket/android.view.View0 - Discount"), 0): Text of element 'Object Repository/Maya/Movie Ticket/android.view.View0 - Discount' is: 'Discount'

2020-08-03 14:58:47 - [MESSAGE][WARNING] - Timeout '0' is invalid. Using default page load timeout: '10'

2020-08-03 14:58:48 - [MESSAGE][PASSED] - Text of element 'Object Repository/Maya/Movie Ticket/android.view.View0 - Discount' is: 'Discount'

2020-08-03 14:58:48 - [TEST_STEP][PASSED] - verifyElementExist(findTestObject("Maya/Movie Ticket/android.view.View0 - Discount"), 0): Element 'Object Repository/Maya/Movie Ticket/android.view.View0 - Discount' is exist

2020-08-03 14:58:48 - [MESSAGE][WARNING] - Timeout '0' is invalid. Using default page load timeout: '10'

2020-08-03 14:58:49 - [MESSAGE][PASSED] - Element 'Object Repository/Maya/Movie Ticket/android.view.View0 - Discount' is exist

2020-08-03 14:58:49 - [TEST_STEP][PASSED] - getText(findTestObject("Maya/Movie Ticket/android.view.View0 - Total"), 0): Text of element 'Object Repository/Maya/Movie Ticket/android.view.View0 - Total' is: 'Total'

2020-08-03 14:58:49 - [MESSAGE][WARNING] - Timeout '0' is invalid. Using default page load timeout: '10'

2020-08-03 14:58:50 - [MESSAGE][PASSED] - Text of element 'Object Repository/Maya/Movie Ticket/android.view.View0 - Total' is: 'Total'

2020-08-03 14:58:50 - [TEST_STEP][PASSED] - delay(2, STOP_ON_FAILURE): Delayed 2 second(s)

2020-08-03 14:58:52 - [MESSAGE][PASSED] - Delayed 2 second(s)

2020-08-03 14:58:52 - [TEST_STEP][PASSED] - takeScreenshot("C:\Users\LENOVO\Screenshot\NovieTicket\Ticket14.png", STOP_ON_FAILURE): Screenshot is taken

2020-08-03 14:58:53 - [MESSAGE][PASSED] - Screenshot is taken
[[ATTACHMENT|C:\\Users\\LENOVO\\Screenshot\\NovieTicket\\Ticket14.png]]

2020-08-03 14:58:53 - [TEST_STEP][PASSED] - verifyElementExist(findTestObject("Maya/Movie Ticket/android.view.View0 - Total"), 0): Element 'Object Repository/Maya/Movie Ticket/android.view.View0 - Total' is exist

2020-08-03 14:58:53 - [MESSAGE][WARNING] - Timeout '0' is invalid. Using default page load timeout: '10'

2020-08-03 14:58:54 - [MESSAGE][PASSED] - Element 'Object Repository/Maya/Movie Ticket/android.view.View0 - Total' is exist

2020-08-03 14:58:54 - [TEST_STEP][PASSED] - tap(findTestObject("Maya/Movie Ticket/android.widget.Button0 - CONFIRM (0959)"), 0): Tapped on element 'Object Repository/Maya/Movie Ticket/android.widget.Button0 - CONFIRM (0959)'

2020-08-03 14:58:54 - [MESSAGE][WARNING] - Timeout '0' is invalid. Using default page load timeout: '10'

2020-08-03 14:58:55 - [MESSAGE][PASSED] - Tapped on element 'Object Repository/Maya/Movie Ticket/android.widget.Button0 - CONFIRM (0959)'

2020-08-03 14:58:55 - [TEST_STEP][PASSED] - getText(findTestObject("Maya/Movie Ticket/android.view.View0 - Time Remaining  892 seconds"), 0): Text of element 'Object Repository/Maya/Movie Ticket/android.view.View0 - Time Remaining  892 seconds' is: 'Time Remaining : 897 seconds'

2020-08-03 14:58:55 - [MESSAGE][WARNING] - Timeout '0' is invalid. Using default page load timeout: '10'

2020-08-03 14:58:59 - [MESSAGE][PASSED] - Text of element 'Object Repository/Maya/Movie Ticket/android.view.View0 - Time Remaining  892 seconds' is: 'Time Remaining : 897 seconds'

2020-08-03 14:58:59 - [TEST_STEP][PASSED] - verifyElementExist(findTestObject("Maya/Movie Ticket/android.view.View0 - Time Remaining  892 seconds"), 0): Element 'Object Repository/Maya/Movie Ticket/android.view.View0 - Time Remaining  892 seconds' is exist

2020-08-03 14:58:59 - [MESSAGE][WARNING] - Timeout '0' is invalid. Using default page load timeout: '10'

2020-08-03 14:59:01 - [MESSAGE][PASSED] - Element 'Object Repository/Maya/Movie Ticket/android.view.View0 - Time Remaining  892 seconds' is exist

2020-08-03 14:59:01 - [TEST_STEP][PASSED] - delay(2, STOP_ON_FAILURE): Delayed 2 second(s)

2020-08-03 14:59:03 - [MESSAGE][PASSED] - Delayed 2 second(s)

2020-08-03 14:59:03 - [TEST_STEP][PASSED] - takeScreenshot("C:\Users\LENOVO\Screenshot\NovieTicket\Ticket4.png", STOP_ON_FAILURE): Screenshot is taken

2020-08-03 14:59:04 - [MESSAGE][PASSED] - Screenshot is taken
[[ATTACHMENT|C:\\Users\\LENOVO\\Screenshot\\NovieTicket\\Ticket4.png]]

2020-08-03 14:59:04 - [TEST_STEP][PASSED] - getText(findTestObject("Maya/Movie Ticket/android.view.View0 - PAY NOW"), 0): Text of element 'Object Repository/Maya/Movie Ticket/android.view.View0 - PAY NOW' is: 'PAY NOW'

2020-08-03 14:59:04 - [MESSAGE][WARNING] - Timeout '0' is invalid. Using default page load timeout: '10'

2020-08-03 14:59:04 - [MESSAGE][PASSED] - Text of element 'Object Repository/Maya/Movie Ticket/android.view.View0 - PAY NOW' is: 'PAY NOW'

2020-08-03 14:59:04 - [TEST_STEP][PASSED] - verifyElementExist(findTestObject("Maya/Movie Ticket/android.view.View0 - PAY NOW"), 0): Element 'Object Repository/Maya/Movie Ticket/android.view.View0 - PAY NOW' is exist

2020-08-03 14:59:04 - [MESSAGE][WARNING] - Timeout '0' is invalid. Using default page load timeout: '10'

2020-08-03 14:59:05 - [MESSAGE][PASSED] - Element 'Object Repository/Maya/Movie Ticket/android.view.View0 - PAY NOW' is exist

2020-08-03 14:59:05 - [TEST_STEP][PASSED] - tap(findTestObject("Maya/Movie Ticket/android.view.View0 - PAY NOW"), 0): Tapped on element 'Object Repository/Maya/Movie Ticket/android.view.View0 - PAY NOW'

2020-08-03 14:59:05 - [MESSAGE][WARNING] - Timeout '0' is invalid. Using default page load timeout: '10'

2020-08-03 14:59:08 - [MESSAGE][PASSED] - Tapped on element 'Object Repository/Maya/Movie Ticket/android.view.View0 - PAY NOW'

2020-08-03 14:59:08 - [TEST_STEP][PASSED] - setText(findTestObject("Maya/Movie Ticket/android.widget.EditText0"), "pass1234", 0): Text 'pass1234' has been set to element 'Object Repository/Maya/Movie Ticket/android.widget.EditText0'

2020-08-03 14:59:09 - [MESSAGE][WARNING] - Timeout '0' is invalid. Using default page load timeout: '10'

2020-08-03 14:59:09 - [MESSAGE][PASSED] - Text 'pass1234' has been set to element 'Object Repository/Maya/Movie Ticket/android.widget.EditText0'

2020-08-03 14:59:09 - [TEST_STEP][PASSED] - driver = getDriver(): null

2020-08-03 14:59:09 - [TEST_STEP][PASSED] - driver.pressKeyCode(ENTER): null

2020-08-03 14:59:10 - [TEST_STEP][PASSED] - delay(5, STOP_ON_FAILURE): Delayed 5 second(s)

2020-08-03 14:59:15 - [MESSAGE][PASSED] - Delayed 5 second(s)

2020-08-03 14:59:15 - [TEST_STEP][PASSED] - getText(findTestObject("Maya/Movie Ticket/android.widget.TextView0 - Confirmation"), 0): Text of element 'Object Repository/Maya/Movie Ticket/android.widget.TextView0 - Confirmation' is: 'Confirmation'

2020-08-03 14:59:15 - [MESSAGE][WARNING] - Timeout '0' is invalid. Using default page load timeout: '10'

2020-08-03 14:59:16 - [MESSAGE][PASSED] - Text of element 'Object Repository/Maya/Movie Ticket/android.widget.TextView0 - Confirmation' is: 'Confirmation'

2020-08-03 14:59:16 - [TEST_STEP][PASSED] - verifyElementExist(findTestObject("Maya/Movie Ticket/android.widget.TextView0 - Confirmation"), 0): Element 'Object Repository/Maya/Movie Ticket/android.widget.TextView0 - Confirmation' is exist

2020-08-03 14:59:16 - [MESSAGE][WARNING] - Timeout '0' is invalid. Using default page load timeout: '10'

2020-08-03 14:59:17 - [MESSAGE][PASSED] - Element 'Object Repository/Maya/Movie Ticket/android.widget.TextView0 - Confirmation' is exist

2020-08-03 14:59:17 - [TEST_STEP][PASSED] - delay(2, STOP_ON_FAILURE): Delayed 2 second(s)

2020-08-03 14:59:19 - [MESSAGE][PASSED] - Delayed 2 second(s)

2020-08-03 14:59:19 - [TEST_STEP][PASSED] - takeScreenshot("C:\Users\LENOVO\Screenshot\NovieTicket\Ticket18.png", STOP_ON_FAILURE): Screenshot is taken

2020-08-03 14:59:20 - [MESSAGE][PASSED] - Screenshot is taken
[[ATTACHMENT|C:\\Users\\LENOVO\\Screenshot\\NovieTicket\\Ticket18.png]]

2020-08-03 14:59:20 - [TEST_STEP][PASSED] - getText(findTestObject("Maya/Movie Ticket/android.widget.TextView0 - RM 17.50"), 0): Text of element 'Object Repository/Maya/Movie Ticket/android.widget.TextView0 - RM 17.50' is: 'RM 17.50'

2020-08-03 14:59:20 - [MESSAGE][WARNING] - Timeout '0' is invalid. Using default page load timeout: '10'

2020-08-03 14:59:22 - [MESSAGE][PASSED] - Text of element 'Object Repository/Maya/Movie Ticket/android.widget.TextView0 - RM 17.50' is: 'RM 17.50'

2020-08-03 14:59:22 - [TEST_STEP][PASSED] - trx5 = 50"), 0).substring(3): Text of element 'Object Repository/Maya/Movie Ticket/android.widget.TextView0 - RM 17.50' is: 'RM 17.50'

2020-08-03 14:59:22 - [MESSAGE][WARNING] - Timeout '0' is invalid. Using default page load timeout: '10'

2020-08-03 14:59:23 - [MESSAGE][PASSED] - Text of element 'Object Repository/Maya/Movie Ticket/android.widget.TextView0 - RM 17.50' is: 'RM 17.50'

2020-08-03 14:59:23 - [TEST_STEP][PASSED] - trx51 = trx5.replaceAll("[^a-zA-Z0-9]+", ""): null

2020-08-03 14:59:23 - [TEST_STEP][PASSED] - out.println(trx51): null

2020-08-03 14:59:23 - [TEST_STEP][PASSED] - trx511 = trx51: null

2020-08-03 14:59:23 - [TEST_STEP][PASSED] - out.println(trx511): null

2020-08-03 14:59:23 - [TEST_STEP][PASSED] - tap(findTestObject("Maya/Movie Ticket/android.widget.TextView0 - Pay Now"), 0): Tapped on element 'Object Repository/Maya/Movie Ticket/android.widget.TextView0 - Pay Now'

2020-08-03 14:59:23 - [MESSAGE][WARNING] - Timeout '0' is invalid. Using default page load timeout: '10'

2020-08-03 14:59:24 - [MESSAGE][PASSED] - Tapped on element 'Object Repository/Maya/Movie Ticket/android.widget.TextView0 - Pay Now'

2020-08-03 14:59:24 - [TEST_STEP][PASSED] - delay(2, STOP_ON_FAILURE): Delayed 2 second(s)

2020-08-03 14:59:26 - [MESSAGE][PASSED] - Delayed 2 second(s)

2020-08-03 14:59:26 - [TEST_STEP][PASSED] - takeScreenshot("C:\Users\LENOVO\Screenshot\NovieTicket\Ticket5.png", STOP_ON_FAILURE): Screenshot is taken

2020-08-03 14:59:27 - [MESSAGE][PASSED] - Screenshot is taken
[[ATTACHMENT|C:\\Users\\LENOVO\\Screenshot\\NovieTicket\\Ticket5.png]]

2020-08-03 14:59:27 - [TEST_STEP][PASSED] - if (verifyElementExist(findTestObject("Maya/spy/android.widget.TextView0 - Your TAC no. is 822872v3"), 3)): null

2020-08-03 14:59:28 - [MESSAGE][PASSED] - Element 'Object Repository/Maya/spy/android.widget.TextView0 - Your TAC no. is 822872v3' is exist

2020-08-03 14:59:28 - [TEST_STEP][PASSED] - otpM = getText(findTestObject("Maya/spy/android.widget.TextView0 - Your TAC no. is 822872v3"), 0): Text of element 'Object Repository/Maya/spy/android.widget.TextView0 - Your TAC no. is 822872v3' is: 'Your TAC no. is 371107'

2020-08-03 14:59:28 - [MESSAGE][WARNING] - Timeout '0' is invalid. Using default page load timeout: '10'

2020-08-03 14:59:29 - [MESSAGE][PASSED] - Text of element 'Object Repository/Maya/spy/android.widget.TextView0 - Your TAC no. is 822872v3' is: 'Your TAC no. is 371107'

2020-08-03 14:59:29 - [TEST_STEP][PASSED] - for ([i = 16, i <= 21, (i++)]): null

2020-08-03 14:59:29 - [TEST_STEP][PASSED] - delay(3, STOP_ON_FAILURE): Delayed 3 second(s)

2020-08-03 14:59:32 - [MESSAGE][PASSED] - Delayed 3 second(s)

2020-08-03 14:59:32 - [TEST_STEP][PASSED] - if (otpM[i] == "0"): null

2020-08-03 14:59:32 - [TEST_STEP][PASSED] - if (otpM[i] == "1"): null

2020-08-03 14:59:32 - [TEST_STEP][PASSED] - if (otpM[i] == "2"): null

2020-08-03 14:59:32 - [TEST_STEP][PASSED] - if (otpM[i] == "3"): Tapped on element 'Object Repository/Maya/login again/Spy- 3'

2020-08-03 14:59:32 - [TEST_STEP][PASSED] - delay(1, STOP_ON_FAILURE): Delayed 1 second(s)

2020-08-03 14:59:33 - [MESSAGE][PASSED] - Delayed 1 second(s)

2020-08-03 14:59:33 - [TEST_STEP][NOT_RUN] - tap(findTestObject("MAYA SIT v118/spy/TAC - keypad 3"), 0): NOT_RUN: tap(findTestObject("MAYA SIT v118/spy/TAC - keypad 3"), 0)

2020-08-03 14:59:33 - [MESSAGE][NOT_RUN] - NOT_RUN: tap(findTestObject("MAYA SIT v118/spy/TAC - keypad 3"), 0)

2020-08-03 14:59:33 - [TEST_STEP][PASSED] - tap(findTestObject("Maya/login again/Spy- 3"), 0): Tapped on element 'Object Repository/Maya/login again/Spy- 3'

2020-08-03 14:59:33 - [MESSAGE][WARNING] - Timeout '0' is invalid. Using default page load timeout: '10'

2020-08-03 14:59:34 - [MESSAGE][PASSED] - Tapped on element 'Object Repository/Maya/login again/Spy- 3'

2020-08-03 14:59:34 - [TEST_STEP][PASSED] - if (otpM[i] == "4"): null

2020-08-03 14:59:34 - [TEST_STEP][PASSED] - if (otpM[i] == "5"): null

2020-08-03 14:59:34 - [TEST_STEP][PASSED] - if (otpM[i] == "6"): null

2020-08-03 14:59:34 - [TEST_STEP][PASSED] - if (otpM[i] == "7"): null

2020-08-03 14:59:34 - [TEST_STEP][PASSED] - if (otpM[i] == "8"): null

2020-08-03 14:59:34 - [TEST_STEP][PASSED] - if (otpM[i] == "9"): null

2020-08-03 14:59:34 - [TEST_STEP][PASSED] - delay(3, STOP_ON_FAILURE): Delayed 3 second(s)

2020-08-03 14:59:37 - [MESSAGE][PASSED] - Delayed 3 second(s)

2020-08-03 14:59:37 - [TEST_STEP][PASSED] - if (otpM[i] == "0"): null

2020-08-03 14:59:37 - [TEST_STEP][PASSED] - if (otpM[i] == "1"): null

2020-08-03 14:59:37 - [TEST_STEP][PASSED] - if (otpM[i] == "2"): null

2020-08-03 14:59:37 - [TEST_STEP][PASSED] - if (otpM[i] == "3"): null

2020-08-03 14:59:37 - [TEST_STEP][PASSED] - if (otpM[i] == "4"): null

2020-08-03 14:59:37 - [TEST_STEP][PASSED] - if (otpM[i] == "5"): null

2020-08-03 14:59:37 - [TEST_STEP][PASSED] - if (otpM[i] == "6"): null

2020-08-03 14:59:37 - [TEST_STEP][PASSED] - if (otpM[i] == "7"): Tapped on element 'Object Repository/Maya/login again/Spy - 7'

2020-08-03 14:59:37 - [TEST_STEP][PASSED] - delay(1, STOP_ON_FAILURE): Delayed 1 second(s)

2020-08-03 14:59:38 - [MESSAGE][PASSED] - Delayed 1 second(s)

2020-08-03 14:59:38 - [TEST_STEP][PASSED] - tap(findTestObject("Maya/login again/Spy - 7"), 0): Tapped on element 'Object Repository/Maya/login again/Spy - 7'

2020-08-03 14:59:38 - [MESSAGE][WARNING] - Timeout '0' is invalid. Using default page load timeout: '10'

2020-08-03 14:59:40 - [MESSAGE][PASSED] - Tapped on element 'Object Repository/Maya/login again/Spy - 7'

2020-08-03 14:59:40 - [TEST_STEP][PASSED] - if (otpM[i] == "8"): null

2020-08-03 14:59:40 - [TEST_STEP][PASSED] - if (otpM[i] == "9"): null

2020-08-03 14:59:40 - [TEST_STEP][PASSED] - delay(3, STOP_ON_FAILURE): Delayed 3 second(s)

2020-08-03 14:59:43 - [MESSAGE][PASSED] - Delayed 3 second(s)

2020-08-03 14:59:43 - [TEST_STEP][PASSED] - if (otpM[i] == "0"): null

2020-08-03 14:59:43 - [TEST_STEP][PASSED] - if (otpM[i] == "1"): Tapped on element 'Object Repository/Maya/login again/Spy - 1'

2020-08-03 14:59:43 - [TEST_STEP][PASSED] - delay(1, STOP_ON_FAILURE): Delayed 1 second(s)

2020-08-03 14:59:44 - [MESSAGE][PASSED] - Delayed 1 second(s)

2020-08-03 14:59:44 - [TEST_STEP][PASSED] - tap(findTestObject("Maya/login again/Spy - 1"), 0): Tapped on element 'Object Repository/Maya/login again/Spy - 1'

2020-08-03 14:59:44 - [MESSAGE][WARNING] - Timeout '0' is invalid. Using default page load timeout: '10'

2020-08-03 14:59:46 - [MESSAGE][PASSED] - Tapped on element 'Object Repository/Maya/login again/Spy - 1'

2020-08-03 14:59:46 - [TEST_STEP][PASSED] - if (otpM[i] == "2"): null

2020-08-03 14:59:46 - [TEST_STEP][PASSED] - if (otpM[i] == "3"): null

2020-08-03 14:59:46 - [TEST_STEP][PASSED] - if (otpM[i] == "4"): null

2020-08-03 14:59:46 - [TEST_STEP][PASSED] - if (otpM[i] == "5"): null

2020-08-03 14:59:46 - [TEST_STEP][PASSED] - if (otpM[i] == "6"): null

2020-08-03 14:59:46 - [TEST_STEP][PASSED] - if (otpM[i] == "7"): null

2020-08-03 14:59:46 - [TEST_STEP][PASSED] - if (otpM[i] == "8"): null

2020-08-03 14:59:46 - [TEST_STEP][PASSED] - if (otpM[i] == "9"): null

2020-08-03 14:59:46 - [TEST_STEP][PASSED] - delay(3, STOP_ON_FAILURE): Delayed 3 second(s)

2020-08-03 14:59:49 - [MESSAGE][PASSED] - Delayed 3 second(s)

2020-08-03 14:59:49 - [TEST_STEP][PASSED] - if (otpM[i] == "0"): null

2020-08-03 14:59:49 - [TEST_STEP][PASSED] - if (otpM[i] == "1"): Tapped on element 'Object Repository/Maya/login again/Spy - 1'

2020-08-03 14:59:49 - [TEST_STEP][PASSED] - delay(1, STOP_ON_FAILURE): Delayed 1 second(s)

2020-08-03 14:59:50 - [MESSAGE][PASSED] - Delayed 1 second(s)

2020-08-03 14:59:50 - [TEST_STEP][PASSED] - tap(findTestObject("Maya/login again/Spy - 1"), 0): Tapped on element 'Object Repository/Maya/login again/Spy - 1'

2020-08-03 14:59:50 - [MESSAGE][WARNING] - Timeout '0' is invalid. Using default page load timeout: '10'

2020-08-03 14:59:52 - [MESSAGE][PASSED] - Tapped on element 'Object Repository/Maya/login again/Spy - 1'

2020-08-03 14:59:52 - [TEST_STEP][PASSED] - if (otpM[i] == "2"): null

2020-08-03 14:59:52 - [TEST_STEP][PASSED] - if (otpM[i] == "3"): null

2020-08-03 14:59:52 - [TEST_STEP][PASSED] - if (otpM[i] == "4"): null

2020-08-03 14:59:52 - [TEST_STEP][PASSED] - if (otpM[i] == "5"): null

2020-08-03 14:59:52 - [TEST_STEP][PASSED] - if (otpM[i] == "6"): null

2020-08-03 14:59:52 - [TEST_STEP][PASSED] - if (otpM[i] == "7"): null

2020-08-03 14:59:52 - [TEST_STEP][PASSED] - if (otpM[i] == "8"): null

2020-08-03 14:59:52 - [TEST_STEP][PASSED] - if (otpM[i] == "9"): null

2020-08-03 14:59:52 - [TEST_STEP][PASSED] - delay(3, STOP_ON_FAILURE): Delayed 3 second(s)

2020-08-03 14:59:55 - [MESSAGE][PASSED] - Delayed 3 second(s)

2020-08-03 14:59:55 - [TEST_STEP][PASSED] - if (otpM[i] == "0"): Tapped on element 'Object Repository/Maya/login again/Spy-0'

2020-08-03 14:59:55 - [TEST_STEP][PASSED] - delay(1, STOP_ON_FAILURE): Delayed 1 second(s)

2020-08-03 14:59:56 - [MESSAGE][PASSED] - Delayed 1 second(s)

2020-08-03 14:59:56 - [TEST_STEP][PASSED] - tap(findTestObject("Maya/login again/Spy-0"), 0): Tapped on element 'Object Repository/Maya/login again/Spy-0'

2020-08-03 14:59:56 - [MESSAGE][WARNING] - Timeout '0' is invalid. Using default page load timeout: '10'

2020-08-03 15:00:01 - [MESSAGE][PASSED] - Tapped on element 'Object Repository/Maya/login again/Spy-0'

2020-08-03 15:00:01 - [TEST_STEP][PASSED] - if (otpM[i] == "1"): null

2020-08-03 15:00:01 - [TEST_STEP][PASSED] - if (otpM[i] == "2"): null

2020-08-03 15:00:01 - [TEST_STEP][PASSED] - if (otpM[i] == "3"): null

2020-08-03 15:00:01 - [TEST_STEP][PASSED] - if (otpM[i] == "4"): null

2020-08-03 15:00:01 - [TEST_STEP][PASSED] - if (otpM[i] == "5"): null

2020-08-03 15:00:01 - [TEST_STEP][PASSED] - if (otpM[i] == "6"): null

2020-08-03 15:00:01 - [TEST_STEP][PASSED] - if (otpM[i] == "7"): null

2020-08-03 15:00:01 - [TEST_STEP][PASSED] - if (otpM[i] == "8"): null

2020-08-03 15:00:01 - [TEST_STEP][PASSED] - if (otpM[i] == "9"): null

2020-08-03 15:00:01 - [TEST_STEP][PASSED] - delay(3, STOP_ON_FAILURE): Delayed 3 second(s)

2020-08-03 15:00:04 - [MESSAGE][PASSED] - Delayed 3 second(s)

2020-08-03 15:00:04 - [TEST_STEP][PASSED] - if (otpM[i] == "0"): null

2020-08-03 15:00:04 - [TEST_STEP][PASSED] - if (otpM[i] == "1"): null

2020-08-03 15:00:04 - [TEST_STEP][PASSED] - if (otpM[i] == "2"): null

2020-08-03 15:00:04 - [TEST_STEP][PASSED] - if (otpM[i] == "3"): null

2020-08-03 15:00:04 - [TEST_STEP][PASSED] - if (otpM[i] == "4"): null

2020-08-03 15:00:04 - [TEST_STEP][PASSED] - if (otpM[i] == "5"): null

2020-08-03 15:00:04 - [TEST_STEP][PASSED] - if (otpM[i] == "6"): null

2020-08-03 15:00:04 - [TEST_STEP][PASSED] - if (otpM[i] == "7"): Tapped on element 'Object Repository/Maya/login again/Spy - 7'

2020-08-03 15:00:04 - [TEST_STEP][PASSED] - delay(1, STOP_ON_FAILURE): Delayed 1 second(s)

2020-08-03 15:00:05 - [MESSAGE][PASSED] - Delayed 1 second(s)

2020-08-03 15:00:05 - [TEST_STEP][PASSED] - tap(findTestObject("Maya/login again/Spy - 7"), 0): Tapped on element 'Object Repository/Maya/login again/Spy - 7'

2020-08-03 15:00:05 - [MESSAGE][WARNING] - Timeout '0' is invalid. Using default page load timeout: '10'

2020-08-03 15:00:09 - [MESSAGE][PASSED] - Tapped on element 'Object Repository/Maya/login again/Spy - 7'

2020-08-03 15:00:09 - [TEST_STEP][PASSED] - if (otpM[i] == "8"): null

2020-08-03 15:00:09 - [TEST_STEP][PASSED] - if (otpM[i] == "9"): null

2020-08-03 15:00:09 - [TEST_STEP][PASSED] - delay(8, STOP_ON_FAILURE): Delayed 8 second(s)

2020-08-03 15:00:17 - [MESSAGE][PASSED] - Delayed 8 second(s)

2020-08-03 15:00:17 - [TEST_STEP][PASSED] - tapAtPosition(826, 2048): Tapped at [826, 2,048]

2020-08-03 15:00:19 - [MESSAGE][PASSED] - Tapped at [826, 2,048]

2020-08-03 15:00:19 - [TEST_STEP][FAILED] - if (verifyElementExist(findTestObject("Maya/KLIA/android.widget.TextView0 - Approve"), 0)): Element 'Object Repository/Maya/KLIA/android.widget.TextView0 - Approve' not found

2020-08-03 15:00:19 - [MESSAGE][WARNING] - Timeout '0' is invalid. Using default page load timeout: '10'

2020-08-03 15:00:31 - [MESSAGE][FAILED] - Element 'Object Repository/Maya/KLIA/android.widget.TextView0 - Approve' not found
[[ATTACHMENT|C:\\Users\\LENOVO\\Git_new\\Maya\\Reports\\20200803_145550\\Maya UAT\\UAT Test Suite\\20200803_145550\\1596438029981.png]]

2020-08-03 15:00:31 - [TEST_STEP][PASSED] - delay(3, STOP_ON_FAILURE): Delayed 3 second(s)

2020-08-03 15:00:34 - [MESSAGE][PASSED] - Delayed 3 second(s)

2020-08-03 15:00:34 - [TEST_STEP][PASSED] - getText(findTestObject("Maya/Movie Ticket/android.widget.TextView0 - Payment successful"), 0): Text of element 'Object Repository/Maya/Movie Ticket/android.widget.TextView0 - Payment successful' is: 'Payment successful'

2020-08-03 15:00:34 - [MESSAGE][WARNING] - Timeout '0' is invalid. Using default page load timeout: '10'

2020-08-03 15:00:34 - [MESSAGE][PASSED] - Text of element 'Object Repository/Maya/Movie Ticket/android.widget.TextView0 - Payment successful' is: 'Payment successful'

2020-08-03 15:00:34 - [TEST_STEP][PASSED] - verifyElementExist(findTestObject("Maya/Movie Ticket/android.widget.TextView0 - Payment successful"), 0): Element 'Object Repository/Maya/Movie Ticket/android.widget.TextView0 - Payment successful' is exist

2020-08-03 15:00:34 - [MESSAGE][WARNING] - Timeout '0' is invalid. Using default page load timeout: '10'

2020-08-03 15:00:34 - [MESSAGE][PASSED] - Element 'Object Repository/Maya/Movie Ticket/android.widget.TextView0 - Payment successful' is exist

2020-08-03 15:00:34 - [TEST_STEP][PASSED] - delay(2, STOP_ON_FAILURE): Delayed 2 second(s)

2020-08-03 15:00:36 - [MESSAGE][PASSED] - Delayed 2 second(s)

2020-08-03 15:00:36 - [TEST_STEP][PASSED] - takeScreenshot("C:\Users\LENOVO\Screenshot\NovieTicket\Ticket19.png", STOP_ON_FAILURE): Screenshot is taken

2020-08-03 15:00:37 - [MESSAGE][PASSED] - Screenshot is taken
[[ATTACHMENT|C:\\Users\\LENOVO\\Screenshot\\NovieTicket\\Ticket19.png]]

2020-08-03 15:00:37 - [TEST_STEP][PASSED] - getText(findTestObject("Maya/Movie Ticket/android.widget.TextView0 - Reference ID"), 0): Text of element 'Object Repository/Maya/Movie Ticket/android.widget.TextView0 - Reference ID' is: 'Reference ID'

2020-08-03 15:00:37 - [MESSAGE][WARNING] - Timeout '0' is invalid. Using default page load timeout: '10'

2020-08-03 15:00:37 - [MESSAGE][PASSED] - Text of element 'Object Repository/Maya/Movie Ticket/android.widget.TextView0 - Reference ID' is: 'Reference ID'

2020-08-03 15:00:37 - [TEST_STEP][PASSED] - verifyElementExist(findTestObject("Maya/Movie Ticket/android.widget.TextView0 - Reference ID"), 0): Element 'Object Repository/Maya/Movie Ticket/android.widget.TextView0 - Reference ID' is exist

2020-08-03 15:00:37 - [MESSAGE][WARNING] - Timeout '0' is invalid. Using default page load timeout: '10'

2020-08-03 15:00:38 - [MESSAGE][PASSED] - Element 'Object Repository/Maya/Movie Ticket/android.widget.TextView0 - Reference ID' is exist

2020-08-03 15:00:38 - [TEST_STEP][PASSED] - getText(findTestObject("Maya/Movie Ticket/android.widget.TextView0 - Date  time"), 0): Text of element 'Object Repository/Maya/Movie Ticket/android.widget.TextView0 - Date  time' is: 'Date & time'

2020-08-03 15:00:38 - [MESSAGE][WARNING] - Timeout '0' is invalid. Using default page load timeout: '10'

2020-08-03 15:00:38 - [MESSAGE][PASSED] - Text of element 'Object Repository/Maya/Movie Ticket/android.widget.TextView0 - Date  time' is: 'Date & time'

2020-08-03 15:00:38 - [TEST_STEP][PASSED] - verifyElementExist(findTestObject("Maya/Movie Ticket/android.widget.TextView0 - Date  time"), 0): Element 'Object Repository/Maya/Movie Ticket/android.widget.TextView0 - Date  time' is exist

2020-08-03 15:00:38 - [MESSAGE][WARNING] - Timeout '0' is invalid. Using default page load timeout: '10'

2020-08-03 15:00:38 - [MESSAGE][PASSED] - Element 'Object Repository/Maya/Movie Ticket/android.widget.TextView0 - Date  time' is exist

2020-08-03 15:00:38 - [TEST_STEP][PASSED] - delay(2, STOP_ON_FAILURE): Delayed 2 second(s)

2020-08-03 15:00:40 - [MESSAGE][PASSED] - Delayed 2 second(s)

2020-08-03 15:00:40 - [TEST_STEP][PASSED] - takeScreenshot("C:\Users\LENOVO\Screenshot\NovieTicket\Ticket6.png", STOP_ON_FAILURE): Screenshot is taken

2020-08-03 15:00:41 - [MESSAGE][PASSED] - Screenshot is taken
[[ATTACHMENT|C:\\Users\\LENOVO\\Screenshot\\NovieTicket\\Ticket6.png]]

2020-08-03 15:00:41 - [TEST_STEP][PASSED] - tap(findTestObject("Maya/Movie Ticket/android.widget.TextView0 - Share Receipt"), 0): Tapped on element 'Object Repository/Maya/Movie Ticket/android.widget.TextView0 - Share Receipt'

2020-08-03 15:00:41 - [MESSAGE][WARNING] - Timeout '0' is invalid. Using default page load timeout: '10'

2020-08-03 15:00:44 - [MESSAGE][PASSED] - Tapped on element 'Object Repository/Maya/Movie Ticket/android.widget.TextView0 - Share Receipt'

2020-08-03 15:00:44 - [TEST_STEP][PASSED] - delay(2, STOP_ON_FAILURE): Delayed 2 second(s)

2020-08-03 15:00:46 - [MESSAGE][PASSED] - Delayed 2 second(s)

2020-08-03 15:00:46 - [TEST_STEP][PASSED] - takeScreenshot("C:\Users\LENOVO\Screenshot\NovieTicket\Ticket7.png", STOP_ON_FAILURE): Screenshot is taken

2020-08-03 15:00:47 - [MESSAGE][PASSED] - Screenshot is taken
[[ATTACHMENT|C:\\Users\\LENOVO\\Screenshot\\NovieTicket\\Ticket7.png]]

2020-08-03 15:00:47 - [TEST_STEP][PASSED] - tap(findTestObject("Maya/Movie Ticket/android.widget.ImageView0"), 0): Tapped on element 'Object Repository/Maya/Movie Ticket/android.widget.ImageView0'

2020-08-03 15:00:47 - [MESSAGE][WARNING] - Timeout '0' is invalid. Using default page load timeout: '10'

2020-08-03 15:00:48 - [MESSAGE][PASSED] - Tapped on element 'Object Repository/Maya/Movie Ticket/android.widget.ImageView0'

2020-08-03 15:00:48 - [TEST_STEP][PASSED] - tap(findTestObject("Maya/Movie Ticket/android.widget.Button0 - Cancel"), 0): Tapped on element 'Object Repository/Maya/Movie Ticket/android.widget.Button0 - Cancel'

2020-08-03 15:00:48 - [MESSAGE][WARNING] - Timeout '0' is invalid. Using default page load timeout: '10'

2020-08-03 15:00:52 - [MESSAGE][PASSED] - Tapped on element 'Object Repository/Maya/Movie Ticket/android.widget.Button0 - Cancel'

2020-08-03 15:00:52 - [TEST_STEP][PASSED] - getText(findTestObject("Maya/Movie Ticket/android.view.View0 - Movie Tickets"), 0): Text of element 'Object Repository/Maya/Movie Ticket/android.view.View0 - Movie Tickets' is: 'Movie Tickets'

2020-08-03 15:00:52 - [MESSAGE][WARNING] - Timeout '0' is invalid. Using default page load timeout: '10'

2020-08-03 15:00:53 - [MESSAGE][PASSED] - Text of element 'Object Repository/Maya/Movie Ticket/android.view.View0 - Movie Tickets' is: 'Movie Tickets'

2020-08-03 15:00:53 - [TEST_STEP][PASSED] - getText(findTestObject("Maya/Movie Ticket/android.widget.TextView0 - Share Receipt"), 0): Text of element 'Object Repository/Maya/Movie Ticket/android.widget.TextView0 - Share Receipt' is: 'Share Receipt'

2020-08-03 15:00:53 - [MESSAGE][WARNING] - Timeout '0' is invalid. Using default page load timeout: '10'

2020-08-03 15:00:53 - [MESSAGE][PASSED] - Text of element 'Object Repository/Maya/Movie Ticket/android.widget.TextView0 - Share Receipt' is: 'Share Receipt'

2020-08-03 15:00:53 - [TEST_STEP][PASSED] - verifyElementExist(findTestObject("Maya/Movie Ticket/android.widget.TextView0 - Share Receipt"), 0): Element 'Object Repository/Maya/Movie Ticket/android.widget.TextView0 - Share Receipt' is exist

2020-08-03 15:00:53 - [MESSAGE][WARNING] - Timeout '0' is invalid. Using default page load timeout: '10'

2020-08-03 15:00:53 - [MESSAGE][PASSED] - Element 'Object Repository/Maya/Movie Ticket/android.widget.TextView0 - Share Receipt' is exist

2020-08-03 15:00:53 - [TEST_STEP][PASSED] - getText(findTestObject("Maya/Movie Ticket/android.view.View0 - Successful"), 0): Text of element 'Object Repository/Maya/Movie Ticket/android.view.View0 - Successful' is: 'Successful'

2020-08-03 15:00:53 - [MESSAGE][WARNING] - Timeout '0' is invalid. Using default page load timeout: '10'

2020-08-03 15:00:53 - [MESSAGE][PASSED] - Text of element 'Object Repository/Maya/Movie Ticket/android.view.View0 - Successful' is: 'Successful'

2020-08-03 15:00:53 - [TEST_STEP][PASSED] - verifyElementExist(findTestObject("Maya/Movie Ticket/android.view.View0 - Successful"), 0): Element 'Object Repository/Maya/Movie Ticket/android.view.View0 - Successful' is exist

2020-08-03 15:00:54 - [MESSAGE][WARNING] - Timeout '0' is invalid. Using default page load timeout: '10'

2020-08-03 15:00:54 - [MESSAGE][PASSED] - Element 'Object Repository/Maya/Movie Ticket/android.view.View0 - Successful' is exist

2020-08-03 15:00:54 - [TEST_STEP][PASSED] - getText(findTestObject("Maya/Movie Ticket/android.view.View0 - 30 Jul 2020 355 PM"), 0): Text of element 'Object Repository/Maya/Movie Ticket/android.view.View0 - 30 Jul 2020 355 PM' is: '03 Aug 2020, 3:00 PM'

2020-08-03 15:00:54 - [MESSAGE][WARNING] - Timeout '0' is invalid. Using default page load timeout: '10'

2020-08-03 15:00:54 - [MESSAGE][PASSED] - Text of element 'Object Repository/Maya/Movie Ticket/android.view.View0 - 30 Jul 2020 355 PM' is: '03 Aug 2020, 3:00 PM'

2020-08-03 15:00:54 - [TEST_STEP][PASSED] - verifyElementExist(findTestObject("Maya/Movie Ticket/android.view.View0 - 30 Jul 2020 355 PM"), 0): Element 'Object Repository/Maya/Movie Ticket/android.view.View0 - 30 Jul 2020 355 PM' is exist

2020-08-03 15:00:54 - [MESSAGE][WARNING] - Timeout '0' is invalid. Using default page load timeout: '10'

2020-08-03 15:00:54 - [MESSAGE][PASSED] - Element 'Object Repository/Maya/Movie Ticket/android.view.View0 - 30 Jul 2020 355 PM' is exist

2020-08-03 15:00:54 - [TEST_STEP][PASSED] - getText(findTestObject("Maya/Movie Ticket/android.view.View0 - 17180450574M"), 0): Text of element 'Object Repository/Maya/Movie Ticket/android.view.View0 - 17180450574M' is: '17180682036M'

2020-08-03 15:00:55 - [MESSAGE][WARNING] - Timeout '0' is invalid. Using default page load timeout: '10'

2020-08-03 15:00:55 - [MESSAGE][PASSED] - Text of element 'Object Repository/Maya/Movie Ticket/android.view.View0 - 17180450574M' is: '17180682036M'

2020-08-03 15:00:55 - [TEST_STEP][PASSED] - verifyElementVisible(findTestObject("Maya/Movie Ticket/android.view.View0 - 17180450574M"), 0): Element 'Object Repository/Maya/Movie Ticket/android.view.View0 - 17180450574M' is visible

2020-08-03 15:00:55 - [MESSAGE][WARNING] - Timeout '0' is invalid. Using default page load timeout: '10'

2020-08-03 15:00:56 - [MESSAGE][PASSED] - Element 'Object Repository/Maya/Movie Ticket/android.view.View0 - 17180450574M' is visible

2020-08-03 15:00:56 - [TEST_STEP][PASSED] - getText(findTestObject("Maya/Movie Ticket/android.view.View0 - WeTix"), 0): Text of element 'Object Repository/Maya/Movie Ticket/android.view.View0 - WeTix' is: 'WeTix'

2020-08-03 15:00:56 - [MESSAGE][WARNING] - Timeout '0' is invalid. Using default page load timeout: '10'

2020-08-03 15:00:58 - [MESSAGE][PASSED] - Text of element 'Object Repository/Maya/Movie Ticket/android.view.View0 - WeTix' is: 'WeTix'

2020-08-03 15:00:58 - [TEST_STEP][PASSED] - getText(findTestObject("Maya/Movie Ticket/android.view.View0 - Order number (1)"), 0): Text of element 'Object Repository/Maya/Movie Ticket/android.view.View0 - Order number (1)' is: 'Order number'

2020-08-03 15:00:58 - [MESSAGE][WARNING] - Timeout '0' is invalid. Using default page load timeout: '10'

2020-08-03 15:00:58 - [MESSAGE][PASSED] - Text of element 'Object Repository/Maya/Movie Ticket/android.view.View0 - Order number (1)' is: 'Order number'

2020-08-03 15:00:58 - [TEST_STEP][PASSED] - getText(findTestObject("Maya/Movie Ticket/android.view.View0 - 172463933L"), 0): Text of element 'Object Repository/Maya/Movie Ticket/android.view.View0 - 172463933L' is: '172464478L'

2020-08-03 15:00:58 - [MESSAGE][WARNING] - Timeout '0' is invalid. Using default page load timeout: '10'

2020-08-03 15:00:58 - [MESSAGE][PASSED] - Text of element 'Object Repository/Maya/Movie Ticket/android.view.View0 - 172463933L' is: '172464478L'

2020-08-03 15:00:58 - [TEST_STEP][PASSED] - verifyElementExist(findTestObject("Maya/Movie Ticket/android.view.View0 - 172463933L"), 0): Element 'Object Repository/Maya/Movie Ticket/android.view.View0 - 172463933L' is exist

2020-08-03 15:00:59 - [MESSAGE][WARNING] - Timeout '0' is invalid. Using default page load timeout: '10'

2020-08-03 15:00:59 - [MESSAGE][PASSED] - Element 'Object Repository/Maya/Movie Ticket/android.view.View0 - 172463933L' is exist

2020-08-03 15:00:59 - [TEST_STEP][PASSED] - getText(findTestObject("Maya/Movie Ticket/android.view.View0 - RM 17.50"), 0): Text of element 'Object Repository/Maya/Movie Ticket/android.view.View0 - RM 17.50' is: 'RM 17.50'

2020-08-03 15:00:59 - [MESSAGE][WARNING] - Timeout '0' is invalid. Using default page load timeout: '10'

2020-08-03 15:01:01 - [MESSAGE][PASSED] - Text of element 'Object Repository/Maya/Movie Ticket/android.view.View0 - RM 17.50' is: 'RM 17.50'

2020-08-03 15:01:01 - [TEST_STEP][PASSED] - verifyElementVisible(findTestObject("Maya/Movie Ticket/android.view.View0 - RM 17.50"), 0): Element 'Object Repository/Maya/Movie Ticket/android.view.View0 - RM 17.50' is visible

2020-08-03 15:01:01 - [MESSAGE][WARNING] - Timeout '0' is invalid. Using default page load timeout: '10'

2020-08-03 15:01:01 - [MESSAGE][PASSED] - Element 'Object Repository/Maya/Movie Ticket/android.view.View0 - RM 17.50' is visible

2020-08-03 15:01:01 - [TEST_STEP][PASSED] - getText(findTestObject("Maya/Movie Ticket/android.widget.TextView0 - Note This receipt is computer generated and no signature is required."), 0): Text of element 'Object Repository/Maya/Movie Ticket/android.widget.TextView0 - Note This receipt is computer generated and no signature is required.' is: 'Note: This receipt is computer generated and no signature is required.'

2020-08-03 15:01:01 - [MESSAGE][WARNING] - Timeout '0' is invalid. Using default page load timeout: '10'

2020-08-03 15:01:01 - [MESSAGE][PASSED] - Text of element 'Object Repository/Maya/Movie Ticket/android.widget.TextView0 - Note This receipt is computer generated and no signature is required.' is: 'Note: This receipt is computer generated and no signature is required.'

2020-08-03 15:01:01 - [TEST_STEP][PASSED] - getText(findTestObject("Maya/Movie Ticket/android.widget.TextView0 - Malayan Banking Berhad (Co. Reg.  196001000142)"), 0): Text of element 'Object Repository/Maya/Movie Ticket/android.widget.TextView0 - Malayan Banking Berhad (Co. Reg.  196001000142)' is: 'Malayan Banking Berhad (Co. Reg. : 196001000142)'

2020-08-03 15:01:02 - [MESSAGE][WARNING] - Timeout '0' is invalid. Using default page load timeout: '10'

2020-08-03 15:01:02 - [MESSAGE][PASSED] - Text of element 'Object Repository/Maya/Movie Ticket/android.widget.TextView0 - Malayan Banking Berhad (Co. Reg.  196001000142)' is: 'Malayan Banking Berhad (Co. Reg. : 196001000142)'

2020-08-03 15:01:02 - [TEST_STEP][PASSED] - getText(findTestObject("Maya/Movie Ticket/android.widget.TextView0 - Maybank Islamic Berhad (Co. Reg.  200701029411)"), 0): Text of element 'Object Repository/Maya/Movie Ticket/android.widget.TextView0 - Maybank Islamic Berhad (Co. Reg.  200701029411)' is: 'Maybank Islamic Berhad (Co. Reg. : 200701029411)'

2020-08-03 15:01:02 - [MESSAGE][WARNING] - Timeout '0' is invalid. Using default page load timeout: '10'

2020-08-03 15:01:02 - [MESSAGE][PASSED] - Text of element 'Object Repository/Maya/Movie Ticket/android.widget.TextView0 - Maybank Islamic Berhad (Co. Reg.  200701029411)' is: 'Maybank Islamic Berhad (Co. Reg. : 200701029411)'

2020-08-03 15:01:02 - [TEST_STEP][PASSED] - getText(findTestObject("Maya/Movie Ticket/android.view.View0 - Reference ID"), 0): Text of element 'Object Repository/Maya/Movie Ticket/android.view.View0 - Reference ID' is: 'Reference ID'

2020-08-03 15:01:02 - [MESSAGE][WARNING] - Timeout '0' is invalid. Using default page load timeout: '10'

2020-08-03 15:01:02 - [MESSAGE][PASSED] - Text of element 'Object Repository/Maya/Movie Ticket/android.view.View0 - Reference ID' is: 'Reference ID'

2020-08-03 15:01:02 - [TEST_STEP][PASSED] - verifyElementExist(findTestObject("Maya/Movie Ticket/android.view.View0 - Reference ID"), 0): Element 'Object Repository/Maya/Movie Ticket/android.view.View0 - Reference ID' is exist

2020-08-03 15:01:03 - [MESSAGE][WARNING] - Timeout '0' is invalid. Using default page load timeout: '10'

2020-08-03 15:01:03 - [MESSAGE][PASSED] - Element 'Object Repository/Maya/Movie Ticket/android.view.View0 - Reference ID' is exist

2020-08-03 15:01:03 - [TEST_STEP][PASSED] - getText(findTestObject("Maya/Movie Ticket/android.view.View0 - Amount"), 0): Text of element 'Object Repository/Maya/Movie Ticket/android.view.View0 - Amount' is: 'Amount'

2020-08-03 15:01:03 - [MESSAGE][WARNING] - Timeout '0' is invalid. Using default page load timeout: '10'

2020-08-03 15:01:03 - [MESSAGE][PASSED] - Text of element 'Object Repository/Maya/Movie Ticket/android.view.View0 - Amount' is: 'Amount'

2020-08-03 15:01:03 - [TEST_STEP][PASSED] - verifyElementExist(findTestObject("Maya/Movie Ticket/android.view.View0 - Amount"), 0): Element 'Object Repository/Maya/Movie Ticket/android.view.View0 - Amount' is exist

2020-08-03 15:01:03 - [MESSAGE][WARNING] - Timeout '0' is invalid. Using default page load timeout: '10'

2020-08-03 15:01:03 - [MESSAGE][PASSED] - Element 'Object Repository/Maya/Movie Ticket/android.view.View0 - Amount' is exist

2020-08-03 15:01:03 - [TEST_STEP][PASSED] - getText(findTestObject("Maya/Movie Ticket/android.view.View0 - Corporate name"), 0): Text of element 'Object Repository/Maya/Movie Ticket/android.view.View0 - Corporate name' is: 'Corporate name'

2020-08-03 15:01:03 - [MESSAGE][WARNING] - Timeout '0' is invalid. Using default page load timeout: '10'

2020-08-03 15:01:04 - [MESSAGE][PASSED] - Text of element 'Object Repository/Maya/Movie Ticket/android.view.View0 - Corporate name' is: 'Corporate name'

2020-08-03 15:01:04 - [TEST_STEP][PASSED] - verifyElementExist(findTestObject("Maya/Movie Ticket/android.view.View0 - Corporate name"), 0): Element 'Object Repository/Maya/Movie Ticket/android.view.View0 - Corporate name' is exist

2020-08-03 15:01:04 - [MESSAGE][WARNING] - Timeout '0' is invalid. Using default page load timeout: '10'

2020-08-03 15:01:04 - [MESSAGE][PASSED] - Element 'Object Repository/Maya/Movie Ticket/android.view.View0 - Corporate name' is exist

2020-08-03 15:01:04 - [TEST_STEP][PASSED] - delay(2, STOP_ON_FAILURE): Delayed 2 second(s)

2020-08-03 15:01:06 - [MESSAGE][PASSED] - Delayed 2 second(s)

2020-08-03 15:01:06 - [TEST_STEP][PASSED] - takeScreenshot("C:\Users\LENOVO\Screenshot\NovieTicket\Ticket8.png", STOP_ON_FAILURE): Screenshot is taken

2020-08-03 15:01:07 - [MESSAGE][PASSED] - Screenshot is taken
[[ATTACHMENT|C:\\Users\\LENOVO\\Screenshot\\NovieTicket\\Ticket8.png]]

2020-08-03 15:01:07 - [TEST_STEP][PASSED] - getText(findTestObject("Maya/Movie Ticket/android.view.View0 - Order number"), 0): Text of element 'Object Repository/Maya/Movie Ticket/android.view.View0 - Order number' is: 'Order number'

2020-08-03 15:01:07 - [MESSAGE][WARNING] - Timeout '0' is invalid. Using default page load timeout: '10'

2020-08-03 15:01:07 - [MESSAGE][PASSED] - Text of element 'Object Repository/Maya/Movie Ticket/android.view.View0 - Order number' is: 'Order number'

2020-08-03 15:01:07 - [TEST_STEP][PASSED] - verifyElementExist(findTestObject("Maya/Movie Ticket/android.view.View0 - Order number"), 0): Element 'Object Repository/Maya/Movie Ticket/android.view.View0 - Order number' is exist

2020-08-03 15:01:08 - [MESSAGE][WARNING] - Timeout '0' is invalid. Using default page load timeout: '10'

2020-08-03 15:01:08 - [MESSAGE][PASSED] - Element 'Object Repository/Maya/Movie Ticket/android.view.View0 - Order number' is exist

2020-08-03 15:01:08 - [TEST_STEP][PASSED] - tap(findTestObject("Maya/Movie Ticket/android.widget.ImageView0 (1)"), 0): Tapped on element 'Object Repository/Maya/Movie Ticket/android.widget.ImageView0 (1)'

2020-08-03 15:01:08 - [MESSAGE][WARNING] - Timeout '0' is invalid. Using default page load timeout: '10'

2020-08-03 15:01:08 - [MESSAGE][PASSED] - Tapped on element 'Object Repository/Maya/Movie Ticket/android.widget.ImageView0 (1)'

2020-08-03 15:01:08 - [TEST_STEP][PASSED] - tap(findTestObject("Maya/Movie Ticket/android.widget.TextView0 - Done"), 0): Tapped on element 'Object Repository/Maya/Movie Ticket/android.widget.TextView0 - Done'

2020-08-03 15:01:08 - [MESSAGE][WARNING] - Timeout '0' is invalid. Using default page load timeout: '10'

2020-08-03 15:01:11 - [MESSAGE][PASSED] - Tapped on element 'Object Repository/Maya/Movie Ticket/android.widget.TextView0 - Done'

2020-08-03 15:01:11 - [TEST_STEP][PASSED] - delay(10, CONTINUE_ON_FAILURE): Delayed 10 second(s)

2020-08-03 15:01:21 - [MESSAGE][PASSED] - Delayed 10 second(s)

2020-08-03 15:01:21 - [TEST_STEP][PASSED] - getText(findTestObject("Maya/Movie Ticket/android.view.View0 - Date"), 0): Text of element 'Object Repository/Maya/Movie Ticket/android.view.View0 - Date' is: 'Date'

2020-08-03 15:01:21 - [MESSAGE][WARNING] - Timeout '0' is invalid. Using default page load timeout: '10'

2020-08-03 15:01:27 - [MESSAGE][PASSED] - Text of element 'Object Repository/Maya/Movie Ticket/android.view.View0 - Date' is: 'Date'

2020-08-03 15:01:27 - [TEST_STEP][PASSED] - verifyElementExist(findTestObject("Maya/Movie Ticket/android.view.View0 - Date"), 0): Element 'Object Repository/Maya/Movie Ticket/android.view.View0 - Date' is exist

2020-08-03 15:01:27 - [MESSAGE][WARNING] - Timeout '0' is invalid. Using default page load timeout: '10'

2020-08-03 15:01:28 - [MESSAGE][PASSED] - Element 'Object Repository/Maya/Movie Ticket/android.view.View0 - Date' is exist

2020-08-03 15:01:28 - [TEST_STEP][PASSED] - getText(findTestObject("Maya/Movie Ticket/android.view.View0 - Time"), 0): Text of element 'Object Repository/Maya/Movie Ticket/android.view.View0 - Time' is: 'Time'

2020-08-03 15:01:28 - [MESSAGE][WARNING] - Timeout '0' is invalid. Using default page load timeout: '10'

2020-08-03 15:01:28 - [MESSAGE][PASSED] - Text of element 'Object Repository/Maya/Movie Ticket/android.view.View0 - Time' is: 'Time'

2020-08-03 15:01:28 - [TEST_STEP][PASSED] - verifyElementExist(findTestObject("Maya/Movie Ticket/android.view.View0 - Time"), 0): Element 'Object Repository/Maya/Movie Ticket/android.view.View0 - Time' is exist

2020-08-03 15:01:28 - [MESSAGE][WARNING] - Timeout '0' is invalid. Using default page load timeout: '10'

2020-08-03 15:01:29 - [MESSAGE][PASSED] - Element 'Object Repository/Maya/Movie Ticket/android.view.View0 - Time' is exist

2020-08-03 15:01:29 - [TEST_STEP][PASSED] - getText(findTestObject("Maya/Movie Ticket/android.view.View0 - Hall"), 0): Text of element 'Object Repository/Maya/Movie Ticket/android.view.View0 - Hall' is: 'Hall'

2020-08-03 15:01:29 - [MESSAGE][WARNING] - Timeout '0' is invalid. Using default page load timeout: '10'

2020-08-03 15:01:29 - [MESSAGE][PASSED] - Text of element 'Object Repository/Maya/Movie Ticket/android.view.View0 - Hall' is: 'Hall'

2020-08-03 15:01:29 - [TEST_STEP][PASSED] - verifyElementExist(findTestObject("Maya/Movie Ticket/android.view.View0 - Hall"), 0): Element 'Object Repository/Maya/Movie Ticket/android.view.View0 - Hall' is exist

2020-08-03 15:01:29 - [MESSAGE][WARNING] - Timeout '0' is invalid. Using default page load timeout: '10'

2020-08-03 15:01:29 - [MESSAGE][PASSED] - Element 'Object Repository/Maya/Movie Ticket/android.view.View0 - Hall' is exist

2020-08-03 15:01:29 - [TEST_STEP][PASSED] - delay(2, STOP_ON_FAILURE): Delayed 2 second(s)

2020-08-03 15:01:31 - [MESSAGE][PASSED] - Delayed 2 second(s)

2020-08-03 15:01:31 - [TEST_STEP][PASSED] - takeScreenshot("C:\Users\LENOVO\Screenshot\NovieTicket\Ticket9.png", STOP_ON_FAILURE): Screenshot is taken

2020-08-03 15:01:32 - [MESSAGE][PASSED] - Screenshot is taken
[[ATTACHMENT|C:\\Users\\LENOVO\\Screenshot\\NovieTicket\\Ticket9.png]]

2020-08-03 15:01:32 - [TEST_STEP][PASSED] - tap(findTestObject("Maya/Movie Ticket/android.view.View0 - e-Combo"), 0): Tapped on element 'Object Repository/Maya/Movie Ticket/android.view.View0 - e-Combo'

2020-08-03 15:01:32 - [MESSAGE][WARNING] - Timeout '0' is invalid. Using default page load timeout: '10'

2020-08-03 15:01:34 - [MESSAGE][PASSED] - Tapped on element 'Object Repository/Maya/Movie Ticket/android.view.View0 - e-Combo'

2020-08-03 15:01:34 - [TEST_STEP][PASSED] - tap(findTestObject("Maya/Movie Ticket/android.view.View0 - Transaction History"), 0): Tapped on element 'Object Repository/Maya/Movie Ticket/android.view.View0 - Transaction History'

2020-08-03 15:01:34 - [MESSAGE][WARNING] - Timeout '0' is invalid. Using default page load timeout: '10'

2020-08-03 15:01:37 - [MESSAGE][PASSED] - Tapped on element 'Object Repository/Maya/Movie Ticket/android.view.View0 - Transaction History'

2020-08-03 15:01:37 - [TEST_STEP][PASSED] - delay(2, STOP_ON_FAILURE): Delayed 2 second(s)

2020-08-03 15:01:39 - [MESSAGE][PASSED] - Delayed 2 second(s)

2020-08-03 15:01:39 - [TEST_STEP][PASSED] - takeScreenshot("C:\Users\LENOVO\Screenshot\NovieTicket\Ticket10.png", STOP_ON_FAILURE): Screenshot is taken

2020-08-03 15:01:40 - [MESSAGE][PASSED] - Screenshot is taken
[[ATTACHMENT|C:\\Users\\LENOVO\\Screenshot\\NovieTicket\\Ticket10.png]]

2020-08-03 15:01:40 - [TEST_STEP][PASSED] - tap(findTestObject("Maya/Movie Ticket/android.widget.ImageView0 (2)"), 0): Tapped on element 'Object Repository/Maya/Movie Ticket/android.widget.ImageView0 (2)'

2020-08-03 15:01:40 - [MESSAGE][WARNING] - Timeout '0' is invalid. Using default page load timeout: '10'

2020-08-03 15:01:41 - [MESSAGE][PASSED] - Tapped on element 'Object Repository/Maya/Movie Ticket/android.widget.ImageView0 (2)'

2020-08-03 15:01:41 - [TEST_STEP][PASSED] - tap(findTestObject("Maya/Movie Ticket/android.widget.ImageView0 (3)"), 0): Tapped on element 'Object Repository/Maya/Movie Ticket/android.widget.ImageView0 (3)'

2020-08-03 15:01:41 - [MESSAGE][WARNING] - Timeout '0' is invalid. Using default page load timeout: '10'

2020-08-03 15:01:43 - [MESSAGE][PASSED] - Tapped on element 'Object Repository/Maya/Movie Ticket/android.widget.ImageView0 (3)'

2020-08-03 15:01:43 - [TEST_STEP][PASSED] - tap(findTestObject("Maya/Movie Ticket/android.widget.TextView0 - Wallet"), 0): Tapped on element 'Object Repository/Maya/Movie Ticket/android.widget.TextView0 - Wallet'

2020-08-03 15:01:43 - [MESSAGE][WARNING] - Timeout '0' is invalid. Using default page load timeout: '10'

2020-08-03 15:01:48 - [MESSAGE][PASSED] - Tapped on element 'Object Repository/Maya/Movie Ticket/android.widget.TextView0 - Wallet'

2020-08-03 15:01:48 - [TEST_STEP][PASSED] - getText(findTestObject("Maya/KLIA/android.widget.TextView0 - RM 981.40"), 0): Text of element 'Object Repository/Maya/KLIA/android.widget.TextView0 - RM 981.40' is: 'RM 363.65'

2020-08-03 15:01:48 - [MESSAGE][WARNING] - Timeout '0' is invalid. Using default page load timeout: '10'

2020-08-03 15:01:49 - [MESSAGE][PASSED] - Text of element 'Object Repository/Maya/KLIA/android.widget.TextView0 - RM 981.40' is: 'RM 363.65'

2020-08-03 15:01:49 - [TEST_STEP][PASSED] - trx4 = 40"), 0).substring(3): Text of element 'Object Repository/Maya/KLIA/android.widget.TextView0 - RM 981.40' is: 'RM 363.65'

2020-08-03 15:01:49 - [MESSAGE][WARNING] - Timeout '0' is invalid. Using default page load timeout: '10'

2020-08-03 15:01:50 - [MESSAGE][PASSED] - Text of element 'Object Repository/Maya/KLIA/android.widget.TextView0 - RM 981.40' is: 'RM 363.65'

2020-08-03 15:01:50 - [TEST_STEP][PASSED] - trx41 = trx4.replaceAll("[^a-zA-Z0-9]+", ""): null

2020-08-03 15:01:50 - [TEST_STEP][PASSED] - out.println(trx41): null

2020-08-03 15:01:50 - [TEST_STEP][PASSED] - trx411 = trx41: null

2020-08-03 15:01:50 - [TEST_STEP][PASSED] - out.println(trx411): null

2020-08-03 15:01:50 - [TEST_STEP][PASSED] - trx311 = trx611 - trx511: null

2020-08-03 15:01:50 - [TEST_STEP][PASSED] - if (trx311 == trx411): null

2020-08-03 15:01:50 - [TEST_STEP][PASSED] - out.println("Balance match"): null

2020-08-03 15:01:50 - [TEST_STEP][PASSED] - tap(findTestObject("Maya/New_Transfer/android.widget.TextView0 - View Transactions"), 0): Tapped on element 'Object Repository/Maya/New_Transfer/android.widget.TextView0 - View Transactions'

2020-08-03 15:01:50 - [MESSAGE][WARNING] - Timeout '0' is invalid. Using default page load timeout: '10'

2020-08-03 15:01:53 - [MESSAGE][PASSED] - Tapped on element 'Object Repository/Maya/New_Transfer/android.widget.TextView0 - View Transactions'

2020-08-03 15:01:53 - [TEST_STEP][PASSED] - getText(findTestObject("Maya/KLIA/android.widget.TextView0 - Today"), 0): Text of element 'Object Repository/Maya/KLIA/android.widget.TextView0 - Today' is: 'Today'

2020-08-03 15:01:53 - [MESSAGE][WARNING] - Timeout '0' is invalid. Using default page load timeout: '10'

2020-08-03 15:01:55 - [MESSAGE][PASSED] - Text of element 'Object Repository/Maya/KLIA/android.widget.TextView0 - Today' is: 'Today'

2020-08-03 15:01:55 - [TEST_STEP][PASSED] - verifyElementExist(findTestObject("Maya/KLIA/android.widget.TextView0 - Today"), 0): Element 'Object Repository/Maya/KLIA/android.widget.TextView0 - Today' is exist

2020-08-03 15:01:55 - [MESSAGE][WARNING] - Timeout '0' is invalid. Using default page load timeout: '10'

2020-08-03 15:01:55 - [MESSAGE][PASSED] - Element 'Object Repository/Maya/KLIA/android.widget.TextView0 - Today' is exist

2020-08-03 15:01:55 - [TEST_STEP][PASSED] - delay(2, STOP_ON_FAILURE): Delayed 2 second(s)

2020-08-03 15:01:57 - [MESSAGE][PASSED] - Delayed 2 second(s)

2020-08-03 15:01:57 - [TEST_STEP][PASSED] - takeScreenshot("C:\Users\LENOVO\Screenshot\KLIATicket\Ticket13.png", STOP_ON_FAILURE): Screenshot is taken

2020-08-03 15:01:58 - [MESSAGE][PASSED] - Screenshot is taken
[[ATTACHMENT|C:\\Users\\LENOVO\\Screenshot\\KLIATicket\\Ticket13.png]]

2020-08-03 15:01:58 - [TEST_STEP][PASSED] - tap(findTestObject("Maya/KLIA/android.widget.TextView0 - Home"), 0): Tapped on element 'Object Repository/Maya/KLIA/android.widget.TextView0 - Home'

2020-08-03 15:01:58 - [MESSAGE][WARNING] - Timeout '0' is invalid. Using default page load timeout: '10'

2020-08-03 15:02:12 - [MESSAGE][PASSED] - Tapped on element 'Object Repository/Maya/KLIA/android.widget.TextView0 - Home'

2020-08-03 15:02:12 - [TEST_STEP][PASSED] - tap(findTestObject("Maya/KLIA/android.widget.TextView0 - More (1)"), 0): Tapped on element 'Object Repository/Maya/KLIA/android.widget.TextView0 - More (1)'

2020-08-03 15:02:12 - [MESSAGE][WARNING] - Timeout '0' is invalid. Using default page load timeout: '10'

2020-08-03 15:02:24 - [MESSAGE][PASSED] - Tapped on element 'Object Repository/Maya/KLIA/android.widget.TextView0 - More (1)'

2020-08-03 15:02:24 - [TEST_STEP][PASSED] - tap(findTestObject("Maya/KLIA/android.widget.TextView0 - Notifications"), 0): Tapped on element 'Object Repository/Maya/KLIA/android.widget.TextView0 - Notifications'

2020-08-03 15:02:24 - [MESSAGE][WARNING] - Timeout '0' is invalid. Using default page load timeout: '10'

2020-08-03 15:02:27 - [MESSAGE][PASSED] - Tapped on element 'Object Repository/Maya/KLIA/android.widget.TextView0 - Notifications'

2020-08-03 15:02:27 - [TEST_STEP][NOT_RUN] - tap(findTestObject("Maya/KLIA/android.widget.TextView0 - Got It"), 0): NOT_RUN: tap(findTestObject("Maya/KLIA/android.widget.TextView0 - Got It"), 0)

2020-08-03 15:02:27 - [MESSAGE][NOT_RUN] - NOT_RUN: tap(findTestObject("Maya/KLIA/android.widget.TextView0 - Got It"), 0)

2020-08-03 15:02:27 - [TEST_STEP][PASSED] - getText(findTestObject("Maya/KLIA/android.widget.TextView0 - Maybank2u Payments"), 0): Text of element 'Object Repository/Maya/KLIA/android.widget.TextView0 - Maybank2u Payments' is: 'Maybank2u: Payments'

2020-08-03 15:02:28 - [MESSAGE][WARNING] - Timeout '0' is invalid. Using default page load timeout: '10'

2020-08-03 15:02:29 - [MESSAGE][PASSED] - Text of element 'Object Repository/Maya/KLIA/android.widget.TextView0 - Maybank2u Payments' is: 'Maybank2u: Payments'

2020-08-03 15:02:29 - [TEST_STEP][PASSED] - getText(findTestObject("Maya/KLIA/android.widget.TextView0 - Today (1)"), 0): Text of element 'Object Repository/Maya/KLIA/android.widget.TextView0 - Today (1)' is: 'Today'

2020-08-03 15:02:29 - [MESSAGE][WARNING] - Timeout '0' is invalid. Using default page load timeout: '10'

2020-08-03 15:02:29 - [MESSAGE][PASSED] - Text of element 'Object Repository/Maya/KLIA/android.widget.TextView0 - Today (1)' is: 'Today'

2020-08-03 15:02:29 - [TEST_STEP][PASSED] - takeScreenshot("C:\Users\LENOVO\Screenshot\KLIATicket\Ticket53.png", STOP_ON_FAILURE): Screenshot is taken

2020-08-03 15:02:30 - [MESSAGE][PASSED] - Screenshot is taken
[[ATTACHMENT|C:\\Users\\LENOVO\\Screenshot\\KLIATicket\\Ticket53.png]]

2020-08-03 15:02:30 - [TEST_STEP][PASSED] - verifyElementVisible(findTestObject("Maya/KLIA/android.widget.TextView0 - Successful payment of RM 182.25 to KLIA. REF180446966M"), 0): Element 'Object Repository/Maya/KLIA/android.widget.TextView0 - Successful payment of RM 182.25 to KLIA. REF180446966M' is visible

2020-08-03 15:02:31 - [MESSAGE][WARNING] - Timeout '0' is invalid. Using default page load timeout: '10'

2020-08-03 15:02:31 - [MESSAGE][PASSED] - Element 'Object Repository/Maya/KLIA/android.widget.TextView0 - Successful payment of RM 182.25 to KLIA. REF180446966M' is visible

2020-08-03 15:02:31 - [TEST_STEP][PASSED] - verifyElementVisible(findTestObject("Maya/KLIA/android.widget.TextView0 - Successful payment of RM 182.25 to KLIA. REF180446966M - Copy"), 0): Element 'Object Repository/Maya/KLIA/android.widget.TextView0 - Successful payment of RM 182.25 to KLIA. REF180446966M - Copy' is visible

2020-08-03 15:02:31 - [MESSAGE][WARNING] - Timeout '0' is invalid. Using default page load timeout: '10'

2020-08-03 15:02:32 - [MESSAGE][PASSED] - Element 'Object Repository/Maya/KLIA/android.widget.TextView0 - Successful payment of RM 182.25 to KLIA. REF180446966M - Copy' is visible

2020-08-03 15:02:32 - [TEST_STEP][PASSED] - verifyElementVisible(findTestObject("Maya/Movie Ticket/android.widget.TextView0 - Successful payment of RM 182.25 to KLIA. REF180446966M - Copy (1) - Copy"), 0): Element 'Object Repository/Maya/Movie Ticket/android.widget.TextView0 - Successful payment of RM 182.25 to KLIA. REF180446966M - Copy (1) - Copy' is visible

2020-08-03 15:02:32 - [MESSAGE][WARNING] - Timeout '0' is invalid. Using default page load timeout: '10'

2020-08-03 15:02:33 - [MESSAGE][PASSED] - Element 'Object Repository/Maya/Movie Ticket/android.widget.TextView0 - Successful payment of RM 182.25 to KLIA. REF180446966M - Copy (1) - Copy' is visible

2020-08-03 15:02:33 - [TEST_STEP][PASSED] - tap(findTestObject("Maya/KLIA/android.widget.TextView0 - Home"), 0): Tapped on element 'Object Repository/Maya/KLIA/android.widget.TextView0 - Home'

2020-08-03 15:02:33 - [MESSAGE][WARNING] - Timeout '0' is invalid. Using default page load timeout: '10'

2020-08-03 15:02:47 - [MESSAGE][PASSED] - Tapped on element 'Object Repository/Maya/KLIA/android.widget.TextView0 - Home'

2020-08-03 15:02:47 - [TEST_STEP][PASSED] - if (verifyElementExist(findTestObject("Maya/Movie Ticket/android.widget.TextView0 - Movie Tickets (2)"), 0)): null

2020-08-03 15:02:47 - [MESSAGE][WARNING] - Timeout '0' is invalid. Using default page load timeout: '10'

2020-08-03 15:02:47 - [MESSAGE][PASSED] - Element 'Object Repository/Maya/Movie Ticket/android.widget.TextView0 - Movie Tickets (2)' is exist

2020-08-03 15:02:48 - [TEST_STEP][PASSED] - delay(2, STOP_ON_FAILURE): Delayed 2 second(s)

2020-08-03 15:02:50 - [MESSAGE][PASSED] - Delayed 2 second(s)

2020-08-03 15:02:50 - [TEST_STEP][PASSED] - takeScreenshot("C:\Users\LENOVO\Screenshot\KLIATicket\Ticket9.png", STOP_ON_FAILURE): Screenshot is taken

2020-08-03 15:02:51 - [MESSAGE][PASSED] - Screenshot is taken
[[ATTACHMENT|C:\\Users\\LENOVO\\Screenshot\\KLIATicket\\Ticket9.png]]

2020-08-03 15:02:51 - [TEST_STEP][PASSED] - tap(findTestObject("Maya/Movie Ticket/android.widget.TextView0 - Movie Tickets (2)"), 0): Tapped on element 'Object Repository/Maya/Movie Ticket/android.widget.TextView0 - Movie Tickets (2)'

2020-08-03 15:02:51 - [MESSAGE][WARNING] - Timeout '0' is invalid. Using default page load timeout: '10'

2020-08-03 15:02:54 - [MESSAGE][PASSED] - Tapped on element 'Object Repository/Maya/Movie Ticket/android.widget.TextView0 - Movie Tickets (2)'

2020-08-03 15:02:54 - [TEST_STEP][PASSED] - delay(2, STOP_ON_FAILURE): Delayed 2 second(s)

2020-08-03 15:02:56 - [MESSAGE][PASSED] - Delayed 2 second(s)

2020-08-03 15:02:56 - [TEST_STEP][PASSED] - takeScreenshot("C:\Users\LENOVO\Screenshot\NovieTicket\Ticket11.png", STOP_ON_FAILURE): Screenshot is taken

2020-08-03 15:02:59 - [MESSAGE][PASSED] - Screenshot is taken
[[ATTACHMENT|C:\\Users\\LENOVO\\Screenshot\\NovieTicket\\Ticket11.png]]

2020-08-03 15:02:59 - [TEST_STEP][NOT_RUN] - tap(findTestObject("Maya/KLIA/android.widget.TextView0 - Home"), 0): NOT_RUN: tap(findTestObject("Maya/KLIA/android.widget.TextView0 - Home"), 0)

2020-08-03 15:02:59 - [MESSAGE][NOT_RUN] - NOT_RUN: tap(findTestObject("Maya/KLIA/android.widget.TextView0 - Home"), 0)

2020-08-03 15:02:59 - [TEST_STEP][PASSED] - tap(findTestObject("Maya/Movie Ticket/android.widget.TextView0 - Movie Tickets (2)"), 0): Tapped on element 'Object Repository/Maya/Movie Ticket/android.widget.TextView0 - Movie Tickets (2)'

2020-08-03 15:02:59 - [MESSAGE][WARNING] - Timeout '0' is invalid. Using default page load timeout: '10'

2020-08-03 15:03:03 - [MESSAGE][PASSED] - Tapped on element 'Object Repository/Maya/Movie Ticket/android.widget.TextView0 - Movie Tickets (2)'

2020-08-03 15:03:03 - [TEST_STEP][PASSED] - tap(findTestObject("Maya/Movie Ticket/android.view.View0 - Profile"), 0): Tapped on element 'Object Repository/Maya/Movie Ticket/android.view.View0 - Profile'

2020-08-03 15:03:04 - [MESSAGE][WARNING] - Timeout '0' is invalid. Using default page load timeout: '10'

2020-08-03 15:03:16 - [MESSAGE][PASSED] - Tapped on element 'Object Repository/Maya/Movie Ticket/android.view.View0 - Profile'

2020-08-03 15:03:16 - [TEST_STEP][PASSED] - tap(findTestObject("Maya/Movie Ticket/android.view.View0 - My Tickets"), 0): Tapped on element 'Object Repository/Maya/Movie Ticket/android.view.View0 - My Tickets'

2020-08-03 15:03:16 - [MESSAGE][WARNING] - Timeout '0' is invalid. Using default page load timeout: '10'

2020-08-03 15:03:17 - [MESSAGE][PASSED] - Tapped on element 'Object Repository/Maya/Movie Ticket/android.view.View0 - My Tickets'

2020-08-03 15:03:17 - [TEST_STEP][PASSED] - getText(findTestObject("Maya/Movie Ticket/android.view.View0 - My Tickets (1)"), 0): Text of element 'Object Repository/Maya/Movie Ticket/android.view.View0 - My Tickets (1)' is: 'My Tickets'

2020-08-03 15:03:17 - [MESSAGE][WARNING] - Timeout '0' is invalid. Using default page load timeout: '10'

2020-08-03 15:03:18 - [MESSAGE][PASSED] - Text of element 'Object Repository/Maya/Movie Ticket/android.view.View0 - My Tickets (1)' is: 'My Tickets'

2020-08-03 15:03:18 - [TEST_STEP][PASSED] - delay(2, STOP_ON_FAILURE): Delayed 2 second(s)

2020-08-03 15:03:20 - [MESSAGE][PASSED] - Delayed 2 second(s)

2020-08-03 15:03:20 - [TEST_STEP][PASSED] - takeScreenshot("C:\Users\LENOVO\Screenshot\NovieTicket\Ticket20.png", STOP_ON_FAILURE): Screenshot is taken

2020-08-03 15:03:22 - [MESSAGE][PASSED] - Screenshot is taken
[[ATTACHMENT|C:\\Users\\LENOVO\\Screenshot\\NovieTicket\\Ticket20.png]]]]></system-out>
         <system-err><![CDATA[2020-08-03 14:55:53 - [TEST_CASE][FAILED] - Test Cases/JINU/Movie Ticket/Movie Ticket: Test Cases/JINU/Movie Ticket/Movie Ticket FAILED.
Reason:
com.kms.katalon.core.exception.StepFailedException: Element 'Object Repository/Maya/Movie Ticket/android.widget.TextView0 - -' not found
	at com.kms.katalon.core.keyword.internal.KeywordMain.stepFailed(KeywordMain.groovy:39)
	at com.kms.katalon.core.mobile.keyword.internal.MobileKeywordMain.stepFailed(MobileKeywordMain.groovy:40)
	at com.kms.katalon.core.mobile.keyword.builtin.VerifyElementExistKeyword$_verifyElementExist_closure1.doCall(VerifyElementExistKeyword.groovy:77)
	at com.kms.katalon.core.mobile.keyword.builtin.VerifyElementExistKeyword$_verifyElementExist_closure1.call(VerifyElementExistKeyword.groovy)
	at com.kms.katalon.core.mobile.keyword.internal.MobileKeywordMain.runKeyword(MobileKeywordMain.groovy:21)
	at com.kms.katalon.core.mobile.keyword.builtin.VerifyElementExistKeyword.verifyElementExist(VerifyElementExistKeyword.groovy:80)
	at com.kms.katalon.core.mobile.keyword.builtin.VerifyElementExistKeyword.execute(VerifyElementExistKeyword.groovy:64)
	at com.kms.katalon.core.keyword.internal.KeywordExecutor.executeKeywordForPlatform(KeywordExecutor.groovy:72)
	at com.kms.katalon.core.mobile.keyword.MobileBuiltInKeywords.verifyElementExist(MobileBuiltInKeywords.groovy:809)
	at com.kms.katalon.core.mobile.keyword.MobileBuiltInKeywords$verifyElementExist$5.call(Unknown Source)
	at Movie Ticket.run(Movie Ticket:111)
	at com.kms.katalon.core.main.ScriptEngine.run(ScriptEngine.java:194)
	at com.kms.katalon.core.main.ScriptEngine.runScriptAsRawText(ScriptEngine.java:119)
	at com.kms.katalon.core.main.TestCaseExecutor.runScript(TestCaseExecutor.java:337)
	at com.kms.katalon.core.main.TestCaseExecutor.doExecute(TestCaseExecutor.java:328)
	at com.kms.katalon.core.main.TestCaseExecutor.processExecutionPhase(TestCaseExecutor.java:307)
	at com.kms.katalon.core.main.TestCaseExecutor.accessMainPhase(TestCaseExecutor.java:299)
	at com.kms.katalon.core.main.TestCaseExecutor.execute(TestCaseExecutor.java:233)
	at com.kms.katalon.core.main.TestSuiteExecutor.accessTestCaseMainPhase(TestSuiteExecutor.java:169)
	at com.kms.katalon.core.main.TestSuiteExecutor.accessTestSuiteMainPhase(TestSuiteExecutor.java:142)
	at com.kms.katalon.core.main.TestSuiteExecutor.execute(TestSuiteExecutor.java:91)
	at com.kms.katalon.core.main.TestCaseMain.startTestSuite(TestCaseMain.java:157)
	at com.kms.katalon.core.main.TestCaseMain$startTestSuite$0.call(Unknown Source)
	at TempTestSuite1596437750335.run(TempTestSuite1596437750335.groovy:36)]]></system-err>
      </testcase>
      <system-out><![CDATA[2020-08-03 14:55:52 - [TEST_SUITE][FAILED] - UAT Test Suite: Test Cases/JINU/Movie Ticket/Movie Ticket FAILED.
Reason:
com.kms.katalon.core.exception.StepFailedException: Element 'Object Repository/Maya/Movie Ticket/android.widget.TextView0 - -' not found
	at com.kms.katalon.core.keyword.internal.KeywordMain.stepFailed(KeywordMain.groovy:39)
	at com.kms.katalon.core.mobile.keyword.internal.MobileKeywordMain.stepFailed(MobileKeywordMain.groovy:40)
	at com.kms.katalon.core.mobile.keyword.builtin.VerifyElementExistKeyword$_verifyElementExist_closure1.doCall(VerifyElementExistKeyword.groovy:77)
	at com.kms.katalon.core.mobile.keyword.builtin.VerifyElementExistKeyword$_verifyElementExist_closure1.call(VerifyElementExistKeyword.groovy)
	at com.kms.katalon.core.mobile.keyword.internal.MobileKeywordMain.runKeyword(MobileKeywordMain.groovy:21)
	at com.kms.katalon.core.mobile.keyword.builtin.VerifyElementExistKeyword.verifyElementExist(VerifyElementExistKeyword.groovy:80)
	at com.kms.katalon.core.mobile.keyword.builtin.VerifyElementExistKeyword.execute(VerifyElementExistKeyword.groovy:64)
	at com.kms.katalon.core.keyword.internal.KeywordExecutor.executeKeywordForPlatform(KeywordExecutor.groovy:72)
	at com.kms.katalon.core.mobile.keyword.MobileBuiltInKeywords.verifyElementExist(MobileBuiltInKeywords.groovy:809)
	at com.kms.katalon.core.mobile.keyword.MobileBuiltInKeywords$verifyElementExist$5.call(Unknown Source)
	at Movie Ticket.run(Movie Ticket:111)
	at com.kms.katalon.core.main.ScriptEngine.run(ScriptEngine.java:194)
	at com.kms.katalon.core.main.ScriptEngine.runScriptAsRawText(ScriptEngine.java:119)
	at com.kms.katalon.core.main.TestCaseExecutor.runScript(TestCaseExecutor.java:337)
	at com.kms.katalon.core.main.TestCaseExecutor.doExecute(TestCaseExecutor.java:328)
	at com.kms.katalon.core.main.TestCaseExecutor.processExecutionPhase(TestCaseExecutor.java:307)
	at com.kms.katalon.core.main.TestCaseExecutor.accessMainPhase(TestCaseExecutor.java:299)
	at com.kms.katalon.core.main.TestCaseExecutor.execute(TestCaseExecutor.java:233)
	at com.kms.katalon.core.main.TestSuiteExecutor.accessTestCaseMainPhase(TestSuiteExecutor.java:169)
	at com.kms.katalon.core.main.TestSuiteExecutor.accessTestSuiteMainPhase(TestSuiteExecutor.java:142)
	at com.kms.katalon.core.main.TestSuiteExecutor.execute(TestSuiteExecutor.java:91)
	at com.kms.katalon.core.main.TestCaseMain.startTestSuite(TestCaseMain.java:157)
	at com.kms.katalon.core.main.TestCaseMain$startTestSuite$0.call(Unknown Source)
	at TempTestSuite1596437750335.run(TempTestSuite1596437750335.groovy:36)]]></system-out>
      <system-err><![CDATA[2020-08-03 14:55:52 - [TEST_SUITE][FAILED] - UAT Test Suite: Test Cases/JINU/Movie Ticket/Movie Ticket FAILED.
Reason:
com.kms.katalon.core.exception.StepFailedException: Element 'Object Repository/Maya/Movie Ticket/android.widget.TextView0 - -' not found
	at com.kms.katalon.core.keyword.internal.KeywordMain.stepFailed(KeywordMain.groovy:39)
	at com.kms.katalon.core.mobile.keyword.internal.MobileKeywordMain.stepFailed(MobileKeywordMain.groovy:40)
	at com.kms.katalon.core.mobile.keyword.builtin.VerifyElementExistKeyword$_verifyElementExist_closure1.doCall(VerifyElementExistKeyword.groovy:77)
	at com.kms.katalon.core.mobile.keyword.builtin.VerifyElementExistKeyword$_verifyElementExist_closure1.call(VerifyElementExistKeyword.groovy)
	at com.kms.katalon.core.mobile.keyword.internal.MobileKeywordMain.runKeyword(MobileKeywordMain.groovy:21)
	at com.kms.katalon.core.mobile.keyword.builtin.VerifyElementExistKeyword.verifyElementExist(VerifyElementExistKeyword.groovy:80)
	at com.kms.katalon.core.mobile.keyword.builtin.VerifyElementExistKeyword.execute(VerifyElementExistKeyword.groovy:64)
	at com.kms.katalon.core.keyword.internal.KeywordExecutor.executeKeywordForPlatform(KeywordExecutor.groovy:72)
	at com.kms.katalon.core.mobile.keyword.MobileBuiltInKeywords.verifyElementExist(MobileBuiltInKeywords.groovy:809)
	at com.kms.katalon.core.mobile.keyword.MobileBuiltInKeywords$verifyElementExist$5.call(Unknown Source)
	at Movie Ticket.run(Movie Ticket:111)
	at com.kms.katalon.core.main.ScriptEngine.run(ScriptEngine.java:194)
	at com.kms.katalon.core.main.ScriptEngine.runScriptAsRawText(ScriptEngine.java:119)
	at com.kms.katalon.core.main.TestCaseExecutor.runScript(TestCaseExecutor.java:337)
	at com.kms.katalon.core.main.TestCaseExecutor.doExecute(TestCaseExecutor.java:328)
	at com.kms.katalon.core.main.TestCaseExecutor.processExecutionPhase(TestCaseExecutor.java:307)
	at com.kms.katalon.core.main.TestCaseExecutor.accessMainPhase(TestCaseExecutor.java:299)
	at com.kms.katalon.core.main.TestCaseExecutor.execute(TestCaseExecutor.java:233)
	at com.kms.katalon.core.main.TestSuiteExecutor.accessTestCaseMainPhase(TestSuiteExecutor.java:169)
	at com.kms.katalon.core.main.TestSuiteExecutor.accessTestSuiteMainPhase(TestSuiteExecutor.java:142)
	at com.kms.katalon.core.main.TestSuiteExecutor.execute(TestSuiteExecutor.java:91)
	at com.kms.katalon.core.main.TestCaseMain.startTestSuite(TestCaseMain.java:157)
	at com.kms.katalon.core.main.TestCaseMain$startTestSuite$0.call(Unknown Source)
	at TempTestSuite1596437750335.run(TempTestSuite1596437750335.groovy:36)]]></system-err>
   </testsuite>
</testsuites>
