<?xml version="1.0" encoding="UTF-8"?>
<testsuites name="UAT Test Suite" time="510.114" tests="1" failures="1" errors="0">
   <testsuite name="UAT Test Suite" tests="1" failures="1" errors="0" time="510.114" timestamp="2020-08-06 18:24:01" hostname="LENOVO - DESKTOP-CP3TV4N" id="Test Suites/Maya UAT/UAT Test Suite">
      <properties>
         <property name="deviceName" value="Xiaomi Redmi Note 7S (Android 9)"/>
         <property name="devicePlatform" value=""/>
         <property name="logFolder" value="C:\\Users\\LENOVO\\Git_new\\Maya\\Reports\\20200806_182358\\Maya UAT\\UAT Test Suite\\20200806_182358"/>
         <property name="logFiles" value="C:\\Users\\LENOVO\\Git_new\\Maya\\Reports\\20200806_182358\\Maya UAT\\UAT Test Suite\\20200806_182358\\appium.log, C:\\Users\\LENOVO\\Git_new\\Maya\\Reports\\20200806_182358\\Maya UAT\\UAT Test Suite\\20200806_182358\\execution0.log"/>
         <property name="attachments" value="C:\\Users\\LENOVO\\Screenshot\\BusTicket\\Ticket1.png, C:\\Users\\LENOVO\\Screenshot\\BusTicket\\Ticket2.png, C:\\Users\\LENOVO\\Screenshot\\BusTicket\\Ticket15.png, C:\\Users\\LENOVO\\Git_new\\Maya\\Reports\\20200806_182358\\Maya UAT\\UAT Test Suite\\20200806_182358\\1596709592982.png, C:\\Users\\LENOVO\\Screenshot\\BusTicket\\Ticket3.png, C:\\Users\\LENOVO\\Screenshot\\BusTicket\\Ticket4.png, C:\\Users\\LENOVO\\Screenshot\\BusTicket\\Ticket41.png, C:\\Users\\LENOVO\\Screenshot\\BusTicket\\Ticket5.png, C:\\Users\\LENOVO\\Screenshot\\BusTicket\\Ticket6.png, C:\\Users\\LENOVO\\Git_new\\Maya\\Reports\\20200806_182358\\Maya UAT\\UAT Test Suite\\20200806_182358\\1596709750965.png, C:\\Users\\LENOVO\\Screenshot\\BusTicket\\Ticket8.png, C:\\Users\\LENOVO\\Screenshot\\BusTicket\\Ticket9.png, C:\\Users\\LENOVO\\Git_new\\Maya\\Reports\\20200806_182358\\Maya UAT\\UAT Test Suite\\20200806_182358\\1596709816315.png, C:\\Users\\LENOVO\\Screenshot\\BusTicket\\Ticket12.png, C:\\Users\\LENOVO\\Git_new\\Maya\\Reports\\20200806_182358\\Maya UAT\\UAT Test Suite\\20200806_182358\\1596709830523.png, C:\\Users\\LENOVO\\Git_new\\Maya\\Reports\\20200806_182358\\Maya UAT\\UAT Test Suite\\20200806_182358\\1596709841761.png, C:\\Users\\LENOVO\\Git_new\\Maya\\Reports\\20200806_182358\\Maya UAT\\UAT Test Suite\\20200806_182358\\1596709859985.png, C:\\Users\\LENOVO\\Screenshot\\BusTicket\\Ticket11.png, C:\\Users\\LENOVO\\Screenshot\\BusTicket\\Ticket13.png, C:\\Users\\LENOVO\\Git_new\\Maya\\Reports\\20200806_182358\\Maya UAT\\UAT Test Suite\\20200806_182358\\1596709891203.png, C:\\Users\\LENOVO\\Git_new\\Maya\\Reports\\20200806_182358\\Maya UAT\\UAT Test Suite\\20200806_182358\\1596709902145.png, C:\\Users\\LENOVO\\Screenshot\\KLIATicket\\Ticket53.png, C:\\Users\\LENOVO\\Git_new\\Maya\\Reports\\20200806_182358\\Maya UAT\\UAT Test Suite\\20200806_182358\\1596709948906.png"/>
         <property name="hostName" value="LENOVO - DESKTOP-CP3TV4N"/>
         <property name="os" value="Windows 10 64bit"/>
         <property name="appiumServerStatus" value="{\&quot;value\&quot;:{\&quot;build\&quot;:{\&quot;version\&quot;:\&quot;1.15.1\&quot;}},\&quot;sessionId\&quot;:null,\&quot;status\&quot;:0}"/>
         <property name="katalonVersion" value="7.2.7.1"/>
         <property name="deviceOS" value="Android"/>
         <property name="appiumVersion" value="1.15.1"/>
         <property name="deviceModel" value="Redmi Note 7S"/>
         <property name="hostAddress" value="192.168.43.112"/>
         <property name="deviceManufacturer" value="Xiaomi"/>
         <property name="deviceId" value="11cb9864"/>
         <property name="deviceName" value="Xiaomi Redmi Note 7S (Android 9)"/>
         <property name="deviceOSVersion" value="9"/>
      </properties>
      <testcase name="Test Cases/JINU/Bus Ticket/Bus Ticket 2" time="507.679" classname="Test Cases/JINU/Bus Ticket/Bus Ticket 2" status="FAILED">
         <failure type="FAILED" message="Test Cases/JINU/Bus Ticket/Bus Ticket 2 FAILED.
Reason:
com.kms.katalon.core.exception.StepFailedException: Object Object Repository/Maya/Bus Ticket/android.view.View0 - 3C not found
	at com.kms.katalon.core.keyword.internal.KeywordMain.stepFailed(KeywordMain.groovy:39)
	at com.kms.katalon.core.mobile.keyword.internal.MobileKeywordMain.stepFailed(MobileKeywordMain.groovy:40)
	at com.kms.katalon.core.mobile.keyword.builtin.TapKeyword$_tap_closure1.doCall(TapKeyword.groovy:79)
	at com.kms.katalon.core.mobile.keyword.builtin.TapKeyword$_tap_closure1.call(TapKeyword.groovy)
	at com.kms.katalon.core.mobile.keyword.internal.MobileKeywordMain.runKeyword(MobileKeywordMain.groovy:21)
	at com.kms.katalon.core.mobile.keyword.builtin.TapKeyword.tap(TapKeyword.groovy:86)
	at com.kms.katalon.core.mobile.keyword.builtin.TapKeyword.execute(TapKeyword.groovy:68)
	at com.kms.katalon.core.keyword.internal.KeywordExecutor.executeKeywordForPlatform(KeywordExecutor.groovy:72)
	at com.kms.katalon.core.mobile.keyword.MobileBuiltInKeywords.tap(MobileBuiltInKeywords.groovy:577)
	at com.kms.katalon.core.mobile.keyword.MobileBuiltInKeywords$tap$0.call(Unknown Source)
	at Bus Ticket 2.run(Bus Ticket 2:148)
	at com.kms.katalon.core.main.ScriptEngine.run(ScriptEngine.java:194)
	at com.kms.katalon.core.main.ScriptEngine.runScriptAsRawText(ScriptEngine.java:119)
	at com.kms.katalon.core.main.TestCaseExecutor.runScript(TestCaseExecutor.java:337)
	at com.kms.katalon.core.main.TestCaseExecutor.doExecute(TestCaseExecutor.java:328)
	at com.kms.katalon.core.main.TestCaseExecutor.processExecutionPhase(TestCaseExecutor.java:307)
	at com.kms.katalon.core.main.TestCaseExecutor.accessMainPhase(TestCaseExecutor.java:299)
	at com.kms.katalon.core.main.TestCaseExecutor.execute(TestCaseExecutor.java:233)
	at com.kms.katalon.core.main.TestSuiteExecutor.accessTestCaseMainPhase(TestSuiteExecutor.java:169)
	at com.kms.katalon.core.main.TestSuiteExecutor.accessTestSuiteMainPhase(TestSuiteExecutor.java:142)
	at com.kms.katalon.core.main.TestSuiteExecutor.execute(TestSuiteExecutor.java:91)
	at com.kms.katalon.core.main.TestCaseMain.startTestSuite(TestCaseMain.java:157)
	at com.kms.katalon.core.main.TestCaseMain$startTestSuite$0.call(Unknown Source)
	at TempTestSuite1596709438886.run(TempTestSuite1596709438886.groovy:36)
"/>
         <system-out><![CDATA[2020-08-06 18:24:02 - [TEST_CASE][FAILED] - Test Cases/JINU/Bus Ticket/Bus Ticket 2: Test Cases/JINU/Bus Ticket/Bus Ticket 2 FAILED.
Reason:
com.kms.katalon.core.exception.StepFailedException: Object Object Repository/Maya/Bus Ticket/android.view.View0 - 3C not found
	at com.kms.katalon.core.keyword.internal.KeywordMain.stepFailed(KeywordMain.groovy:39)
	at com.kms.katalon.core.mobile.keyword.internal.MobileKeywordMain.stepFailed(MobileKeywordMain.groovy:40)
	at com.kms.katalon.core.mobile.keyword.builtin.TapKeyword$_tap_closure1.doCall(TapKeyword.groovy:79)
	at com.kms.katalon.core.mobile.keyword.builtin.TapKeyword$_tap_closure1.call(TapKeyword.groovy)
	at com.kms.katalon.core.mobile.keyword.internal.MobileKeywordMain.runKeyword(MobileKeywordMain.groovy:21)
	at com.kms.katalon.core.mobile.keyword.builtin.TapKeyword.tap(TapKeyword.groovy:86)
	at com.kms.katalon.core.mobile.keyword.builtin.TapKeyword.execute(TapKeyword.groovy:68)
	at com.kms.katalon.core.keyword.internal.KeywordExecutor.executeKeywordForPlatform(KeywordExecutor.groovy:72)
	at com.kms.katalon.core.mobile.keyword.MobileBuiltInKeywords.tap(MobileBuiltInKeywords.groovy:577)
	at com.kms.katalon.core.mobile.keyword.MobileBuiltInKeywords$tap$0.call(Unknown Source)
	at Bus Ticket 2.run(Bus Ticket 2:148)
	at com.kms.katalon.core.main.ScriptEngine.run(ScriptEngine.java:194)
	at com.kms.katalon.core.main.ScriptEngine.runScriptAsRawText(ScriptEngine.java:119)
	at com.kms.katalon.core.main.TestCaseExecutor.runScript(TestCaseExecutor.java:337)
	at com.kms.katalon.core.main.TestCaseExecutor.doExecute(TestCaseExecutor.java:328)
	at com.kms.katalon.core.main.TestCaseExecutor.processExecutionPhase(TestCaseExecutor.java:307)
	at com.kms.katalon.core.main.TestCaseExecutor.accessMainPhase(TestCaseExecutor.java:299)
	at com.kms.katalon.core.main.TestCaseExecutor.execute(TestCaseExecutor.java:233)
	at com.kms.katalon.core.main.TestSuiteExecutor.accessTestCaseMainPhase(TestSuiteExecutor.java:169)
	at com.kms.katalon.core.main.TestSuiteExecutor.accessTestSuiteMainPhase(TestSuiteExecutor.java:142)
	at com.kms.katalon.core.main.TestSuiteExecutor.execute(TestSuiteExecutor.java:91)
	at com.kms.katalon.core.main.TestCaseMain.startTestSuite(TestCaseMain.java:157)
	at com.kms.katalon.core.main.TestCaseMain$startTestSuite$0.call(Unknown Source)
	at TempTestSuite1596709438886.run(TempTestSuite1596709438886.groovy:36)


2020-08-06 18:24:03 - [TEST_STEP][PASSED] - startApplication("C:\Users\LENOVO\Katalon Studio\app-uat-universal-release.apk", false): Started app at: 'C:\Users\LENOVO\Katalon Studio\app-uat-universal-release.apk'

2020-08-06 18:24:03 - [MESSAGE][INFO] - User set preference: ['appWaitActivity', '*']

2020-08-06 18:24:03 - [MESSAGE][INFO] - User set preference: ['appWaitPackage', 'com.maybank2u.life.uat']

2020-08-06 18:24:03 - [MESSAGE][INFO] - User set preference: ['appWaitDuration', '50,000']

2020-08-06 18:24:03 - [MESSAGE][INFO] - User set preference: ['deviceId', '11cb9864']

2020-08-06 18:24:06 - [MESSAGE][INFO] - Appium server started on port 57,287

2020-08-06 18:24:28 - [MESSAGE][PASSED] - Started app at: 'C:\Users\LENOVO\Katalon Studio\app-uat-universal-release.apk'

2020-08-06 18:24:28 - [TEST_STEP][PASSED] - tap(findTestObject("Maya/DuitnowRegT/android.widget.ImageView0"), 0): Tapped on element 'Object Repository/Maya/DuitnowRegT/android.widget.ImageView0'

2020-08-06 18:24:28 - [MESSAGE][WARNING] - Timeout '0' is invalid. Using default page load timeout: '10'

2020-08-06 18:24:37 - [MESSAGE][PASSED] - Tapped on element 'Object Repository/Maya/DuitnowRegT/android.widget.ImageView0'

2020-08-06 18:24:37 - [TEST_STEP][PASSED] - delay(2, STOP_ON_FAILURE): Delayed 2 second(s)

2020-08-06 18:24:39 - [MESSAGE][PASSED] - Delayed 2 second(s)

2020-08-06 18:24:39 - [TEST_STEP][PASSED] - tap(findTestObject("Maya/DuitnowRegT/android.widget.TextView0 - 2"), 0): Tapped on element 'Object Repository/Maya/DuitnowRegT/android.widget.TextView0 - 2'

2020-08-06 18:24:40 - [MESSAGE][WARNING] - Timeout '0' is invalid. Using default page load timeout: '10'

2020-08-06 18:24:42 - [MESSAGE][PASSED] - Tapped on element 'Object Repository/Maya/DuitnowRegT/android.widget.TextView0 - 2'

2020-08-06 18:24:42 - [TEST_STEP][PASSED] - tap(findTestObject("Maya/DuitnowRegT/android.widget.TextView0 - 3"), 0): Tapped on element 'Object Repository/Maya/DuitnowRegT/android.widget.TextView0 - 3'

2020-08-06 18:24:42 - [MESSAGE][WARNING] - Timeout '0' is invalid. Using default page load timeout: '10'

2020-08-06 18:24:43 - [MESSAGE][PASSED] - Tapped on element 'Object Repository/Maya/DuitnowRegT/android.widget.TextView0 - 3'

2020-08-06 18:24:43 - [TEST_STEP][PASSED] - tap(findTestObject("Maya/DuitnowRegT/android.widget.TextView0 - 0"), 0): Tapped on element 'Object Repository/Maya/DuitnowRegT/android.widget.TextView0 - 0'

2020-08-06 18:24:43 - [MESSAGE][WARNING] - Timeout '0' is invalid. Using default page load timeout: '10'

2020-08-06 18:24:47 - [MESSAGE][PASSED] - Tapped on element 'Object Repository/Maya/DuitnowRegT/android.widget.TextView0 - 0'

2020-08-06 18:24:47 - [TEST_STEP][PASSED] - tap(findTestObject("Maya/DuitnowRegT/android.widget.TextView0 - 9"), 0): Tapped on element 'Object Repository/Maya/DuitnowRegT/android.widget.TextView0 - 9'

2020-08-06 18:24:47 - [MESSAGE][WARNING] - Timeout '0' is invalid. Using default page load timeout: '10'

2020-08-06 18:24:49 - [MESSAGE][PASSED] - Tapped on element 'Object Repository/Maya/DuitnowRegT/android.widget.TextView0 - 9'

2020-08-06 18:24:49 - [TEST_STEP][PASSED] - tap(findTestObject("Maya/DuitnowRegT/android.widget.TextView0 - 8"), 0): Tapped on element 'Object Repository/Maya/DuitnowRegT/android.widget.TextView0 - 8'

2020-08-06 18:24:49 - [MESSAGE][WARNING] - Timeout '0' is invalid. Using default page load timeout: '10'

2020-08-06 18:24:51 - [MESSAGE][PASSED] - Tapped on element 'Object Repository/Maya/DuitnowRegT/android.widget.TextView0 - 8'

2020-08-06 18:24:51 - [TEST_STEP][PASSED] - tap(findTestObject("Maya/DuitnowRegT/android.widget.TextView0 - 3"), 0): Tapped on element 'Object Repository/Maya/DuitnowRegT/android.widget.TextView0 - 3'

2020-08-06 18:24:51 - [MESSAGE][WARNING] - Timeout '0' is invalid. Using default page load timeout: '10'

2020-08-06 18:24:52 - [MESSAGE][PASSED] - Tapped on element 'Object Repository/Maya/DuitnowRegT/android.widget.TextView0 - 3'

2020-08-06 18:24:52 - [TEST_STEP][PASSED] - tap(findTestObject("Maya/DuitnowRegT/android.widget.ImageView0 (1)"), 0): Tapped on element 'Object Repository/Maya/DuitnowRegT/android.widget.ImageView0 (1)'

2020-08-06 18:24:52 - [MESSAGE][WARNING] - Timeout '0' is invalid. Using default page load timeout: '10'

2020-08-06 18:24:55 - [MESSAGE][PASSED] - Tapped on element 'Object Repository/Maya/DuitnowRegT/android.widget.ImageView0 (1)'

2020-08-06 18:24:55 - [TEST_STEP][PASSED] - tap(findTestObject("Maya/KLIA/android.widget.ImageView0 (4)"), 0): Tapped on element 'Object Repository/Maya/KLIA/android.widget.ImageView0 (4)'

2020-08-06 18:24:55 - [MESSAGE][WARNING] - Timeout '0' is invalid. Using default page load timeout: '10'

2020-08-06 18:24:57 - [MESSAGE][PASSED] - Tapped on element 'Object Repository/Maya/KLIA/android.widget.ImageView0 (4)'

2020-08-06 18:24:57 - [TEST_STEP][PASSED] - tap(findTestObject("Maya/KLIA/android.widget.TextView0 - More"), 0): Tapped on element 'Object Repository/Maya/KLIA/android.widget.TextView0 - More'

2020-08-06 18:24:57 - [MESSAGE][WARNING] - Timeout '0' is invalid. Using default page load timeout: '10'

2020-08-06 18:25:10 - [MESSAGE][PASSED] - Tapped on element 'Object Repository/Maya/KLIA/android.widget.TextView0 - More'

2020-08-06 18:25:10 - [TEST_STEP][PASSED] - delay(2, STOP_ON_FAILURE): Delayed 2 second(s)

2020-08-06 18:25:12 - [MESSAGE][PASSED] - Delayed 2 second(s)

2020-08-06 18:25:12 - [TEST_STEP][PASSED] - takeScreenshot("C:\Users\LENOVO\Screenshot\BusTicket\Ticket1.png", STOP_ON_FAILURE): Screenshot is taken

2020-08-06 18:25:13 - [MESSAGE][PASSED] - Screenshot is taken
[[ATTACHMENT|C:\\Users\\LENOVO\\Screenshot\\BusTicket\\Ticket1.png]]

2020-08-06 18:25:13 - [TEST_STEP][PASSED] - tap(findTestObject("Maya/Bus Ticket/android.widget.TextView0 - Bus Tickets (1)"), 0): Tapped on element 'Object Repository/Maya/Bus Ticket/android.widget.TextView0 - Bus Tickets (1)'

2020-08-06 18:25:13 - [MESSAGE][WARNING] - Timeout '0' is invalid. Using default page load timeout: '10'

2020-08-06 18:25:15 - [MESSAGE][PASSED] - Tapped on element 'Object Repository/Maya/Bus Ticket/android.widget.TextView0 - Bus Tickets (1)'

2020-08-06 18:25:15 - [TEST_STEP][PASSED] - delay(10, STOP_ON_FAILURE): Delayed 10 second(s)

2020-08-06 18:25:25 - [MESSAGE][PASSED] - Delayed 10 second(s)

2020-08-06 18:25:25 - [TEST_STEP][PASSED] - getText(findTestObject("Maya/Bus Ticket/android.view.View0 - From (1)"), 0): Text of element 'Object Repository/Maya/Bus Ticket/android.view.View0 - From (1)' is: 'From'

2020-08-06 18:25:25 - [MESSAGE][WARNING] - Timeout '0' is invalid. Using default page load timeout: '10'

2020-08-06 18:25:26 - [MESSAGE][PASSED] - Text of element 'Object Repository/Maya/Bus Ticket/android.view.View0 - From (1)' is: 'From'

2020-08-06 18:25:26 - [TEST_STEP][PASSED] - verifyElementExist(findTestObject("Maya/Bus Ticket/android.view.View0 - From (1)"), 0): Element 'Object Repository/Maya/Bus Ticket/android.view.View0 - From (1)' is exist

2020-08-06 18:25:26 - [MESSAGE][WARNING] - Timeout '0' is invalid. Using default page load timeout: '10'

2020-08-06 18:25:27 - [MESSAGE][PASSED] - Element 'Object Repository/Maya/Bus Ticket/android.view.View0 - From (1)' is exist

2020-08-06 18:25:27 - [TEST_STEP][PASSED] - getText(findTestObject("Maya/Bus Ticket/android.view.View0 - To (1)"), 0): Text of element 'Object Repository/Maya/Bus Ticket/android.view.View0 - To (1)' is: 'To'

2020-08-06 18:25:27 - [MESSAGE][WARNING] - Timeout '0' is invalid. Using default page load timeout: '10'

2020-08-06 18:25:27 - [MESSAGE][PASSED] - Text of element 'Object Repository/Maya/Bus Ticket/android.view.View0 - To (1)' is: 'To'

2020-08-06 18:25:27 - [TEST_STEP][PASSED] - verifyElementExist(findTestObject("Maya/Bus Ticket/android.view.View0 - To (1)"), 0): Element 'Object Repository/Maya/Bus Ticket/android.view.View0 - To (1)' is exist

2020-08-06 18:25:27 - [MESSAGE][WARNING] - Timeout '0' is invalid. Using default page load timeout: '10'

2020-08-06 18:25:28 - [MESSAGE][PASSED] - Element 'Object Repository/Maya/Bus Ticket/android.view.View0 - To (1)' is exist

2020-08-06 18:25:28 - [TEST_STEP][PASSED] - getText(findTestObject("Maya/Bus Ticket/android.view.View0 -  Depart (1)"), 0): Text of element 'Object Repository/Maya/Bus Ticket/android.view.View0 -  Depart (1)' is: ' Depart'

2020-08-06 18:25:28 - [MESSAGE][WARNING] - Timeout '0' is invalid. Using default page load timeout: '10'

2020-08-06 18:25:28 - [MESSAGE][PASSED] - Text of element 'Object Repository/Maya/Bus Ticket/android.view.View0 -  Depart (1)' is: ' Depart'

2020-08-06 18:25:28 - [TEST_STEP][PASSED] - verifyElementExist(findTestObject("Maya/Bus Ticket/android.view.View0 -  Depart (1)"), 0): Element 'Object Repository/Maya/Bus Ticket/android.view.View0 -  Depart (1)' is exist

2020-08-06 18:25:28 - [MESSAGE][WARNING] - Timeout '0' is invalid. Using default page load timeout: '10'

2020-08-06 18:25:29 - [MESSAGE][PASSED] - Element 'Object Repository/Maya/Bus Ticket/android.view.View0 -  Depart (1)' is exist

2020-08-06 18:25:29 - [TEST_STEP][PASSED] - tap(findTestObject("Maya/Bus Ticket/android.view.View0 - From (1)"), 0): Tapped on element 'Object Repository/Maya/Bus Ticket/android.view.View0 - From (1)'

2020-08-06 18:25:29 - [MESSAGE][WARNING] - Timeout '0' is invalid. Using default page load timeout: '10'

2020-08-06 18:25:31 - [MESSAGE][PASSED] - Tapped on element 'Object Repository/Maya/Bus Ticket/android.view.View0 - From (1)'

2020-08-06 18:25:31 - [TEST_STEP][PASSED] - tap(findTestObject("Maya/Bus Ticket/android.widget.EditText0 (4)"), 0): Tapped on element 'Object Repository/Maya/Bus Ticket/android.widget.EditText0 (4)'

2020-08-06 18:25:31 - [MESSAGE][WARNING] - Timeout '0' is invalid. Using default page load timeout: '10'

2020-08-06 18:25:34 - [MESSAGE][PASSED] - Tapped on element 'Object Repository/Maya/Bus Ticket/android.widget.EditText0 (4)'

2020-08-06 18:25:34 - [TEST_STEP][PASSED] - setText(findTestObject("Maya/Bus Ticket/android.widget.EditText0 (5)"), "Ipoh", 0): Text 'Ipoh' has been set to element 'Object Repository/Maya/Bus Ticket/android.widget.EditText0 (5)'

2020-08-06 18:25:34 - [MESSAGE][WARNING] - Timeout '0' is invalid. Using default page load timeout: '10'

2020-08-06 18:25:35 - [MESSAGE][PASSED] - Text 'Ipoh' has been set to element 'Object Repository/Maya/Bus Ticket/android.widget.EditText0 (5)'

2020-08-06 18:25:35 - [TEST_STEP][PASSED] - delay(2, STOP_ON_FAILURE): Delayed 2 second(s)

2020-08-06 18:25:37 - [MESSAGE][PASSED] - Delayed 2 second(s)

2020-08-06 18:25:37 - [TEST_STEP][PASSED] - tapAndHoldAtPosition(527, 659, 1): Tapped and held at [527, 659] with duration 1

2020-08-06 18:25:40 - [MESSAGE][PASSED] - Tapped and held at [527, 659] with duration 1

2020-08-06 18:25:40 - [TEST_STEP][PASSED] - delay(2, STOP_ON_FAILURE): Delayed 2 second(s)

2020-08-06 18:25:42 - [MESSAGE][PASSED] - Delayed 2 second(s)

2020-08-06 18:25:42 - [TEST_STEP][PASSED] - tapAndHoldAtPosition(72, 193, 1): Tapped and held at [72, 193] with duration 1

2020-08-06 18:25:45 - [MESSAGE][PASSED] - Tapped and held at [72, 193] with duration 1

2020-08-06 18:25:45 - [TEST_STEP][PASSED] - tap(findTestObject("Maya/Bus Ticket/android.view.View0 - To (1)"), 0): Tapped on element 'Object Repository/Maya/Bus Ticket/android.view.View0 - To (1)'

2020-08-06 18:25:45 - [MESSAGE][WARNING] - Timeout '0' is invalid. Using default page load timeout: '10'

2020-08-06 18:25:47 - [MESSAGE][PASSED] - Tapped on element 'Object Repository/Maya/Bus Ticket/android.view.View0 - To (1)'

2020-08-06 18:25:47 - [TEST_STEP][PASSED] - delay(2, STOP_ON_FAILURE): Delayed 2 second(s)

2020-08-06 18:25:49 - [MESSAGE][PASSED] - Delayed 2 second(s)

2020-08-06 18:25:49 - [TEST_STEP][PASSED] - tap(findTestObject("Maya/Bus Ticket/android.widget.EditText0 (4)"), 0): Tapped on element 'Object Repository/Maya/Bus Ticket/android.widget.EditText0 (4)'

2020-08-06 18:25:49 - [MESSAGE][WARNING] - Timeout '0' is invalid. Using default page load timeout: '10'

2020-08-06 18:25:52 - [MESSAGE][PASSED] - Tapped on element 'Object Repository/Maya/Bus Ticket/android.widget.EditText0 (4)'

2020-08-06 18:25:52 - [TEST_STEP][PASSED] - setText(findTestObject("Maya/Bus Ticket/android.widget.EditText0 (5)"), "Kuala Lumpur", 0): Text 'Kuala Lumpur' has been set to element 'Object Repository/Maya/Bus Ticket/android.widget.EditText0 (5)'

2020-08-06 18:25:52 - [MESSAGE][WARNING] - Timeout '0' is invalid. Using default page load timeout: '10'

2020-08-06 18:25:54 - [MESSAGE][PASSED] - Text 'Kuala Lumpur' has been set to element 'Object Repository/Maya/Bus Ticket/android.widget.EditText0 (5)'

2020-08-06 18:25:54 - [TEST_STEP][PASSED] - delay(4, STOP_ON_FAILURE): Delayed 4 second(s)

2020-08-06 18:25:58 - [MESSAGE][PASSED] - Delayed 4 second(s)

2020-08-06 18:25:58 - [TEST_STEP][PASSED] - tap(findTestObject("Maya/Bus Ticket/android.view.View0 - KLIA"), 0): Tapped on element 'Object Repository/Maya/Bus Ticket/android.view.View0 - KLIA'

2020-08-06 18:25:58 - [MESSAGE][WARNING] - Timeout '0' is invalid. Using default page load timeout: '10'

2020-08-06 18:26:00 - [MESSAGE][PASSED] - Tapped on element 'Object Repository/Maya/Bus Ticket/android.view.View0 - KLIA'

2020-08-06 18:26:00 - [TEST_STEP][PASSED] - tap(findTestObject("Maya/Bus Ticket/android.view.View0 -  Depart (2)"), 0): Tapped on element 'Object Repository/Maya/Bus Ticket/android.view.View0 -  Depart (2)'

2020-08-06 18:26:00 - [MESSAGE][WARNING] - Timeout '0' is invalid. Using default page load timeout: '10'

2020-08-06 18:26:03 - [MESSAGE][PASSED] - Tapped on element 'Object Repository/Maya/Bus Ticket/android.view.View0 -  Depart (2)'

2020-08-06 18:26:03 - [TEST_STEP][PASSED] - tap(findTestObject("Maya/Bus Ticket/android.view.View0 - 18"), 0): Tapped on element 'Object Repository/Maya/Bus Ticket/android.view.View0 - 18'

2020-08-06 18:26:03 - [MESSAGE][WARNING] - Timeout '0' is invalid. Using default page load timeout: '10'

2020-08-06 18:26:03 - [MESSAGE][PASSED] - Tapped on element 'Object Repository/Maya/Bus Ticket/android.view.View0 - 18'

2020-08-06 18:26:03 - [TEST_STEP][NOT_RUN] - tap(findTestObject("Maya/Bus Ticket/android.widget.ImageView0 (4)"), 0): NOT_RUN: tap(findTestObject("Maya/Bus Ticket/android.widget.ImageView0 (4)"), 0)

2020-08-06 18:26:03 - [MESSAGE][NOT_RUN] - NOT_RUN: tap(findTestObject("Maya/Bus Ticket/android.widget.ImageView0 (4)"), 0)

2020-08-06 18:26:03 - [TEST_STEP][NOT_RUN] - tap(findTestObject("Maya/Bus Ticket/android.view.View0 -  Depart (2)"), 0): NOT_RUN: tap(findTestObject("Maya/Bus Ticket/android.view.View0 -  Depart (2)"), 0)

2020-08-06 18:26:03 - [MESSAGE][NOT_RUN] - NOT_RUN: tap(findTestObject("Maya/Bus Ticket/android.view.View0 -  Depart (2)"), 0)

2020-08-06 18:26:03 - [TEST_STEP][NOT_RUN] - tap(findTestObject("Maya/Bus Ticket/android.view.View0 - 18"), 0): NOT_RUN: tap(findTestObject("Maya/Bus Ticket/android.view.View0 - 18"), 0)

2020-08-06 18:26:03 - [MESSAGE][NOT_RUN] - NOT_RUN: tap(findTestObject("Maya/Bus Ticket/android.view.View0 - 18"), 0)

2020-08-06 18:26:03 - [TEST_STEP][PASSED] - delay(2, STOP_ON_FAILURE): Delayed 2 second(s)

2020-08-06 18:26:05 - [MESSAGE][PASSED] - Delayed 2 second(s)

2020-08-06 18:26:05 - [TEST_STEP][PASSED] - takeScreenshot("C:\Users\LENOVO\Screenshot\BusTicket\Ticket2.png", STOP_ON_FAILURE): Screenshot is taken

2020-08-06 18:26:06 - [MESSAGE][PASSED] - Screenshot is taken
[[ATTACHMENT|C:\\Users\\LENOVO\\Screenshot\\BusTicket\\Ticket2.png]]

2020-08-06 18:26:06 - [TEST_STEP][PASSED] - tap(findTestObject("Maya/Bus Ticket/android.widget.Button0 - SEARCH (2)"), 0): Tapped on element 'Object Repository/Maya/Bus Ticket/android.widget.Button0 - SEARCH (2)'

2020-08-06 18:26:06 - [MESSAGE][WARNING] - Timeout '0' is invalid. Using default page load timeout: '10'

2020-08-06 18:26:09 - [MESSAGE][PASSED] - Tapped on element 'Object Repository/Maya/Bus Ticket/android.widget.Button0 - SEARCH (2)'

2020-08-06 18:26:09 - [TEST_STEP][NOT_RUN] - tapAndHoldAtPosition(72, 193, 1): NOT_RUN: tapAndHoldAtPosition(72, 193, 1)

2020-08-06 18:26:09 - [MESSAGE][NOT_RUN] - NOT_RUN: tapAndHoldAtPosition(72, 193, 1)

2020-08-06 18:26:09 - [TEST_STEP][NOT_RUN] - tap(findTestObject("Maya/Bus Ticket/android.widget.Button0 - SEARCH (2)"), 0): NOT_RUN: tap(findTestObject("Maya/Bus Ticket/android.widget.Button0 - SEARCH (2)"), 0)

2020-08-06 18:26:09 - [MESSAGE][NOT_RUN] - NOT_RUN: tap(findTestObject("Maya/Bus Ticket/android.widget.Button0 - SEARCH (2)"), 0)

2020-08-06 18:26:09 - [TEST_STEP][PASSED] - delay(2, STOP_ON_FAILURE): Delayed 2 second(s)

2020-08-06 18:26:11 - [MESSAGE][PASSED] - Delayed 2 second(s)

2020-08-06 18:26:11 - [TEST_STEP][PASSED] - delay(1, STOP_ON_FAILURE): Delayed 1 second(s)

2020-08-06 18:26:12 - [MESSAGE][PASSED] - Delayed 1 second(s)

2020-08-06 18:26:12 - [TEST_STEP][PASSED] - takeScreenshot("C:\Users\LENOVO\Screenshot\BusTicket\Ticket15.png", STOP_ON_FAILURE): Screenshot is taken

2020-08-06 18:26:13 - [MESSAGE][PASSED] - Screenshot is taken
[[ATTACHMENT|C:\\Users\\LENOVO\\Screenshot\\BusTicket\\Ticket15.png]]

2020-08-06 18:26:13 - [TEST_STEP][PASSED] - getText(findTestObject("Maya/Bus Ticket/android.view.View0 - Pick-Up Point (1)"), 0, CONTINUE_ON_FAILURE): Text of element 'Object Repository/Maya/Bus Ticket/android.view.View0 - Pick-Up Point (1)' is: 'Pick-Up Point'

2020-08-06 18:26:13 - [MESSAGE][WARNING] - Timeout '0' is invalid. Using default page load timeout: '10'

2020-08-06 18:26:18 - [MESSAGE][PASSED] - Text of element 'Object Repository/Maya/Bus Ticket/android.view.View0 - Pick-Up Point (1)' is: 'Pick-Up Point'

2020-08-06 18:26:18 - [TEST_STEP][PASSED] - verifyElementExist(findTestObject("Maya/Bus Ticket/android.view.View0 - Pick-Up Point (1)"), 0): Element 'Object Repository/Maya/Bus Ticket/android.view.View0 - Pick-Up Point (1)' is exist

2020-08-06 18:26:18 - [MESSAGE][WARNING] - Timeout '0' is invalid. Using default page load timeout: '10'

2020-08-06 18:26:18 - [MESSAGE][PASSED] - Element 'Object Repository/Maya/Bus Ticket/android.view.View0 - Pick-Up Point (1)' is exist

2020-08-06 18:26:18 - [TEST_STEP][PASSED] - getText(findTestObject("Maya/Bus Ticket/android.view.View0 - Drop-Off Point (1)"), 0): Text of element 'Object Repository/Maya/Bus Ticket/android.view.View0 - Drop-Off Point (1)' is: 'Drop-Off Point'

2020-08-06 18:26:18 - [MESSAGE][WARNING] - Timeout '0' is invalid. Using default page load timeout: '10'

2020-08-06 18:26:19 - [MESSAGE][PASSED] - Text of element 'Object Repository/Maya/Bus Ticket/android.view.View0 - Drop-Off Point (1)' is: 'Drop-Off Point'

2020-08-06 18:26:19 - [TEST_STEP][PASSED] - verifyElementExist(findTestObject("Maya/Bus Ticket/android.view.View0 - Drop-Off Point (1)"), 0): Element 'Object Repository/Maya/Bus Ticket/android.view.View0 - Drop-Off Point (1)' is exist

2020-08-06 18:26:19 - [MESSAGE][WARNING] - Timeout '0' is invalid. Using default page load timeout: '10'

2020-08-06 18:26:19 - [MESSAGE][PASSED] - Element 'Object Repository/Maya/Bus Ticket/android.view.View0 - Drop-Off Point (1)' is exist

2020-08-06 18:26:19 - [TEST_STEP][PASSED] - getText(findTestObject("Maya/Bus Ticket/android.view.View0 - 0 SEAT(S)"), 0): Text of element 'Object Repository/Maya/Bus Ticket/android.view.View0 - 0 SEAT(S)' is: '0 SEAT(S)'

2020-08-06 18:26:19 - [MESSAGE][WARNING] - Timeout '0' is invalid. Using default page load timeout: '10'

2020-08-06 18:26:20 - [MESSAGE][PASSED] - Text of element 'Object Repository/Maya/Bus Ticket/android.view.View0 - 0 SEAT(S)' is: '0 SEAT(S)'

2020-08-06 18:26:20 - [TEST_STEP][PASSED] - if (verifyElementExist(findTestObject("Maya/Bus Ticket/android.view.View0 - 0 SEAT(S)"), 0)): null

2020-08-06 18:26:20 - [MESSAGE][WARNING] - Timeout '0' is invalid. Using default page load timeout: '10'

2020-08-06 18:26:20 - [MESSAGE][PASSED] - Element 'Object Repository/Maya/Bus Ticket/android.view.View0 - 0 SEAT(S)' is exist

2020-08-06 18:26:20 - [TEST_STEP][PASSED] - delay(2, STOP_ON_FAILURE): Delayed 2 second(s)

2020-08-06 18:26:22 - [MESSAGE][PASSED] - Delayed 2 second(s)

2020-08-06 18:26:22 - [TEST_STEP][FAILED] - tap(findTestObject("Maya/Bus Ticket/android.view.View0 - 3C"), 0): Object Object Repository/Maya/Bus Ticket/android.view.View0 - 3C not found

2020-08-06 18:26:22 - [MESSAGE][WARNING] - Timeout '0' is invalid. Using default page load timeout: '10'

2020-08-06 18:26:33 - [MESSAGE][FAILED] - Object Object Repository/Maya/Bus Ticket/android.view.View0 - 3C not found
[[ATTACHMENT|C:\\Users\\LENOVO\\Git_new\\Maya\\Reports\\20200806_182358\\Maya UAT\\UAT Test Suite\\20200806_182358\\1596709592982.png]]

2020-08-06 18:26:33 - [TEST_STEP][NOT_RUN] - if (verifyElementExist(findTestObject("Maya/Bus Ticket/android.view.View0 - 0 SEAT(S)"), 0)): NOT_RUN: if (verifyElementExist(findTestObject("Maya/Bus Ticket/android.view.View0 - 0 SEAT(S)"), 0))

2020-08-06 18:26:33 - [MESSAGE][NOT_RUN] - NOT_RUN: if (verifyElementExist(findTestObject("Maya/Bus Ticket/android.view.View0 - 0 SEAT(S)"), 0))

2020-08-06 18:26:33 - [TEST_STEP][NOT_RUN] - getText(findTestObject("Maya/Bus Ticket/android.view.View0 - 1 SEAT(S)"), 0): NOT_RUN: getText(findTestObject("Maya/Bus Ticket/android.view.View0 - 1 SEAT(S)"), 0)

2020-08-06 18:26:33 - [MESSAGE][NOT_RUN] - NOT_RUN: getText(findTestObject("Maya/Bus Ticket/android.view.View0 - 1 SEAT(S)"), 0)

2020-08-06 18:26:33 - [TEST_STEP][NOT_RUN] - verifyElementExist(findTestObject("Maya/Bus Ticket/android.view.View0 - 1 SEAT(S)"), 0): NOT_RUN: verifyElementExist(findTestObject("Maya/Bus Ticket/android.view.View0 - 1 SEAT(S)"), 0)

2020-08-06 18:26:33 - [MESSAGE][NOT_RUN] - NOT_RUN: verifyElementExist(findTestObject("Maya/Bus Ticket/android.view.View0 - 1 SEAT(S)"), 0)

2020-08-06 18:26:33 - [TEST_STEP][PASSED] - delay(2, STOP_ON_FAILURE): Delayed 2 second(s)

2020-08-06 18:26:35 - [MESSAGE][PASSED] - Delayed 2 second(s)

2020-08-06 18:26:35 - [TEST_STEP][PASSED] - takeScreenshot("C:\Users\LENOVO\Screenshot\BusTicket\Ticket3.png", STOP_ON_FAILURE): Screenshot is taken

2020-08-06 18:26:36 - [MESSAGE][PASSED] - Screenshot is taken
[[ATTACHMENT|C:\\Users\\LENOVO\\Screenshot\\BusTicket\\Ticket3.png]]

2020-08-06 18:26:36 - [TEST_STEP][PASSED] - tap(findTestObject("Maya/Bus Ticket/android.widget.Button0 - CONTINUE DETAILS (1)"), 0): Tapped on element 'Object Repository/Maya/Bus Ticket/android.widget.Button0 - CONTINUE DETAILS (1)'

2020-08-06 18:26:36 - [MESSAGE][WARNING] - Timeout '0' is invalid. Using default page load timeout: '10'

2020-08-06 18:26:38 - [MESSAGE][PASSED] - Tapped on element 'Object Repository/Maya/Bus Ticket/android.widget.Button0 - CONTINUE DETAILS (1)'

2020-08-06 18:26:38 - [TEST_STEP][PASSED] - getText(findTestObject("Maya/Bus Ticket/android.view.View0 - Contact Details"), 0): Text of element 'Object Repository/Maya/Bus Ticket/android.view.View0 - Contact Details' is: 'Contact Details'

2020-08-06 18:26:38 - [MESSAGE][WARNING] - Timeout '0' is invalid. Using default page load timeout: '10'

2020-08-06 18:26:39 - [MESSAGE][PASSED] - Text of element 'Object Repository/Maya/Bus Ticket/android.view.View0 - Contact Details' is: 'Contact Details'

2020-08-06 18:26:39 - [TEST_STEP][PASSED] - verifyElementExist(findTestObject("Maya/Bus Ticket/android.view.View0 - Contact Details"), 0): Element 'Object Repository/Maya/Bus Ticket/android.view.View0 - Contact Details' is exist

2020-08-06 18:26:39 - [MESSAGE][WARNING] - Timeout '0' is invalid. Using default page load timeout: '10'

2020-08-06 18:26:39 - [MESSAGE][PASSED] - Element 'Object Repository/Maya/Bus Ticket/android.view.View0 - Contact Details' is exist

2020-08-06 18:26:39 - [TEST_STEP][PASSED] - tap(findTestObject("Maya/Bus Ticket/android.widget.EditText0 (6)"), 0): Tapped on element 'Object Repository/Maya/Bus Ticket/android.widget.EditText0 (6)'

2020-08-06 18:26:39 - [MESSAGE][WARNING] - Timeout '0' is invalid. Using default page load timeout: '10'

2020-08-06 18:26:40 - [MESSAGE][PASSED] - Tapped on element 'Object Repository/Maya/Bus Ticket/android.widget.EditText0 (6)'

2020-08-06 18:26:40 - [TEST_STEP][PASSED] - setText(findTestObject("Maya/Bus Ticket/android.widget.EditText0 (7)"), "TestBus Ticket", 0): Text 'TestBus Ticket' has been set to element 'Object Repository/Maya/Bus Ticket/android.widget.EditText0 (7)'

2020-08-06 18:26:40 - [MESSAGE][WARNING] - Timeout '0' is invalid. Using default page load timeout: '10'

2020-08-06 18:26:42 - [MESSAGE][PASSED] - Text 'TestBus Ticket' has been set to element 'Object Repository/Maya/Bus Ticket/android.widget.EditText0 (7)'

2020-08-06 18:26:42 - [TEST_STEP][PASSED] - setText(findTestObject("Maya/Bus Ticket/android.widget.EditText0 (8)"), "th23@gmail.com", 0): Text 'th23@gmail.com' has been set to element 'Object Repository/Maya/Bus Ticket/android.widget.EditText0 (8)'

2020-08-06 18:26:42 - [MESSAGE][WARNING] - Timeout '0' is invalid. Using default page load timeout: '10'

2020-08-06 18:26:44 - [MESSAGE][PASSED] - Text 'th23@gmail.com' has been set to element 'Object Repository/Maya/Bus Ticket/android.widget.EditText0 (8)'

2020-08-06 18:26:44 - [TEST_STEP][PASSED] - setText(findTestObject("Maya/Bus Ticket/android.widget.EditText0 (9)"), "1156754567", 0): Text '1156754567' has been set to element 'Object Repository/Maya/Bus Ticket/android.widget.EditText0 (9)'

2020-08-06 18:26:44 - [MESSAGE][WARNING] - Timeout '0' is invalid. Using default page load timeout: '10'

2020-08-06 18:26:45 - [MESSAGE][PASSED] - Text '1156754567' has been set to element 'Object Repository/Maya/Bus Ticket/android.widget.EditText0 (9)'

2020-08-06 18:26:45 - [TEST_STEP][PASSED] - tap(findTestObject("Maya/Bus Ticket/Person"), 0): Tapped on element 'Object Repository/Maya/Bus Ticket/Person'

2020-08-06 18:26:45 - [MESSAGE][WARNING] - Timeout '0' is invalid. Using default page load timeout: '10'

2020-08-06 18:26:47 - [MESSAGE][PASSED] - Tapped on element 'Object Repository/Maya/Bus Ticket/Person'

2020-08-06 18:26:47 - [TEST_STEP][PASSED] - delay(2, STOP_ON_FAILURE): Delayed 2 second(s)

2020-08-06 18:26:49 - [MESSAGE][PASSED] - Delayed 2 second(s)

2020-08-06 18:26:49 - [TEST_STEP][PASSED] - takeScreenshot("C:\Users\LENOVO\Screenshot\BusTicket\Ticket4.png", STOP_ON_FAILURE): Screenshot is taken

2020-08-06 18:26:50 - [MESSAGE][PASSED] - Screenshot is taken
[[ATTACHMENT|C:\\Users\\LENOVO\\Screenshot\\BusTicket\\Ticket4.png]]

2020-08-06 18:26:50 - [TEST_STEP][PASSED] - tap(findTestObject("Maya/Bus Ticket/android.widget.Button0 - CONTINUE BOOKING (1)"), 0): Tapped on element 'Object Repository/Maya/Bus Ticket/android.widget.Button0 - CONTINUE BOOKING (1)'

2020-08-06 18:26:50 - [MESSAGE][WARNING] - Timeout '0' is invalid. Using default page load timeout: '10'

2020-08-06 18:26:51 - [MESSAGE][PASSED] - Tapped on element 'Object Repository/Maya/Bus Ticket/android.widget.Button0 - CONTINUE BOOKING (1)'

2020-08-06 18:26:51 - [TEST_STEP][NOT_RUN] - getText(findTestObject("Maya/Bus Ticket/android.widget.TextView0 -  Selected seats (1)"), 0): NOT_RUN: getText(findTestObject("Maya/Bus Ticket/android.widget.TextView0 -  Selected seats (1)"), 0)

2020-08-06 18:26:51 - [MESSAGE][NOT_RUN] - NOT_RUN: getText(findTestObject("Maya/Bus Ticket/android.widget.TextView0 -  Selected seats (1)"), 0)

2020-08-06 18:26:51 - [TEST_STEP][PASSED] - takeScreenshot("C:\Users\LENOVO\Screenshot\BusTicket\Ticket41.png", STOP_ON_FAILURE): Screenshot is taken

2020-08-06 18:26:52 - [MESSAGE][PASSED] - Screenshot is taken
[[ATTACHMENT|C:\\Users\\LENOVO\\Screenshot\\BusTicket\\Ticket41.png]]

2020-08-06 18:26:52 - [TEST_STEP][PASSED] - verifyElementExist(findTestObject("Maya/Bus Ticket/android.widget.TextView0 -  Selected seats (1)"), 0, STOP_ON_FAILURE): Element 'Object Repository/Maya/Bus Ticket/android.widget.TextView0 -  Selected seats (1)' is exist

2020-08-06 18:26:52 - [MESSAGE][WARNING] - Timeout '0' is invalid. Using default page load timeout: '10'

2020-08-06 18:26:55 - [MESSAGE][PASSED] - Element 'Object Repository/Maya/Bus Ticket/android.widget.TextView0 -  Selected seats (1)' is exist

2020-08-06 18:26:55 - [TEST_STEP][NOT_RUN] - tap(findTestObject("Maya/Bus Ticket/android.view.View0 - 1Test213"), 0): NOT_RUN: tap(findTestObject("Maya/Bus Ticket/android.view.View0 - 1Test213"), 0)

2020-08-06 18:26:55 - [MESSAGE][NOT_RUN] - NOT_RUN: tap(findTestObject("Maya/Bus Ticket/android.view.View0 - 1Test213"), 0)

2020-08-06 18:26:55 - [TEST_STEP][PASSED] - delay(2, STOP_ON_FAILURE): Delayed 2 second(s)

2020-08-06 18:26:57 - [MESSAGE][PASSED] - Delayed 2 second(s)

2020-08-06 18:26:57 - [TEST_STEP][PASSED] - takeScreenshot("C:\Users\LENOVO\Screenshot\BusTicket\Ticket5.png", STOP_ON_FAILURE): Screenshot is taken

2020-08-06 18:26:58 - [MESSAGE][PASSED] - Screenshot is taken
[[ATTACHMENT|C:\\Users\\LENOVO\\Screenshot\\BusTicket\\Ticket5.png]]

2020-08-06 18:26:58 - [TEST_STEP][PASSED] - tap(findTestObject("Maya/Bus Ticket/android.widget.Button0 - CONTINUE PAYMENT (1)"), 0): Tapped on element 'Object Repository/Maya/Bus Ticket/android.widget.Button0 - CONTINUE PAYMENT (1)'

2020-08-06 18:26:58 - [MESSAGE][WARNING] - Timeout '0' is invalid. Using default page load timeout: '10'

2020-08-06 18:27:02 - [MESSAGE][PASSED] - Tapped on element 'Object Repository/Maya/Bus Ticket/android.widget.Button0 - CONTINUE PAYMENT (1)'

2020-08-06 18:27:02 - [TEST_STEP][PASSED] - delay(60, STOP_ON_FAILURE): Delayed 60 second(s)

2020-08-06 18:28:02 - [MESSAGE][PASSED] - Delayed 60 second(s)

2020-08-06 18:28:02 - [TEST_STEP][PASSED] - setText(findTestObject("Maya/Bus Ticket/android.widget.EditText0 (10)"), "pass1234", 0): Text 'pass1234' has been set to element 'Object Repository/Maya/Bus Ticket/android.widget.EditText0 (10)'

2020-08-06 18:28:02 - [MESSAGE][WARNING] - Timeout '0' is invalid. Using default page load timeout: '10'

2020-08-06 18:28:03 - [MESSAGE][PASSED] - Text 'pass1234' has been set to element 'Object Repository/Maya/Bus Ticket/android.widget.EditText0 (10)'

2020-08-06 18:28:03 - [TEST_STEP][PASSED] - driver = getDriver(): null

2020-08-06 18:28:03 - [TEST_STEP][PASSED] - driver.pressKeyCode(ENTER): null

2020-08-06 18:28:04 - [TEST_STEP][PASSED] - tap(findTestObject("Maya/Movie Ticket/android.widget.TextView0 - Pay Now"), 0): Tapped on element 'Object Repository/Maya/Movie Ticket/android.widget.TextView0 - Pay Now'

2020-08-06 18:28:04 - [MESSAGE][WARNING] - Timeout '0' is invalid. Using default page load timeout: '10'

2020-08-06 18:28:10 - [MESSAGE][PASSED] - Tapped on element 'Object Repository/Maya/Movie Ticket/android.widget.TextView0 - Pay Now'

2020-08-06 18:28:10 - [TEST_STEP][PASSED] - delay(2, STOP_ON_FAILURE): Delayed 2 second(s)

2020-08-06 18:28:12 - [MESSAGE][PASSED] - Delayed 2 second(s)

2020-08-06 18:28:12 - [TEST_STEP][PASSED] - takeScreenshot("C:\Users\LENOVO\Screenshot\BusTicket\Ticket6.png", STOP_ON_FAILURE): Screenshot is taken

2020-08-06 18:28:12 - [MESSAGE][PASSED] - Screenshot is taken
[[ATTACHMENT|C:\\Users\\LENOVO\\Screenshot\\BusTicket\\Ticket6.png]]

2020-08-06 18:28:12 - [TEST_STEP][PASSED] - if (verifyElementExist(findTestObject("Maya/spy/android.widget.TextView0 - Your TAC no. is 822872v3"), 7)): null

2020-08-06 18:28:17 - [MESSAGE][PASSED] - Element 'Object Repository/Maya/spy/android.widget.TextView0 - Your TAC no. is 822872v3' is exist

2020-08-06 18:28:17 - [TEST_STEP][PASSED] - otpM = getText(findTestObject("Maya/spy/android.widget.TextView0 - Your TAC no. is 822872v3"), 0): Text of element 'Object Repository/Maya/spy/android.widget.TextView0 - Your TAC no. is 822872v3' is: 'Your TAC no. is 553923'

2020-08-06 18:28:17 - [MESSAGE][WARNING] - Timeout '0' is invalid. Using default page load timeout: '10'

2020-08-06 18:28:18 - [MESSAGE][PASSED] - Text of element 'Object Repository/Maya/spy/android.widget.TextView0 - Your TAC no. is 822872v3' is: 'Your TAC no. is 553923'

2020-08-06 18:28:18 - [TEST_STEP][PASSED] - delay(2): Delayed 2 second(s)

2020-08-06 18:28:20 - [MESSAGE][PASSED] - Delayed 2 second(s)

2020-08-06 18:28:20 - [TEST_STEP][PASSED] - for ([i = 16, i <= 21, (i++)]): null

2020-08-06 18:28:20 - [TEST_STEP][PASSED] - delay(3, STOP_ON_FAILURE): Delayed 3 second(s)

2020-08-06 18:28:23 - [MESSAGE][PASSED] - Delayed 3 second(s)

2020-08-06 18:28:23 - [TEST_STEP][PASSED] - if (otpM[i] == "0"): null

2020-08-06 18:28:23 - [TEST_STEP][PASSED] - if (otpM[i] == "1"): null

2020-08-06 18:28:23 - [TEST_STEP][PASSED] - if (otpM[i] == "2"): null

2020-08-06 18:28:23 - [TEST_STEP][PASSED] - if (otpM[i] == "3"): null

2020-08-06 18:28:23 - [TEST_STEP][PASSED] - if (otpM[i] == "4"): null

2020-08-06 18:28:23 - [TEST_STEP][PASSED] - if (otpM[i] == "5"): Tapped on element 'Object Repository/Maya/login again/Spy- 5'

2020-08-06 18:28:23 - [TEST_STEP][PASSED] - delay(1, STOP_ON_FAILURE): Delayed 1 second(s)

2020-08-06 18:28:24 - [MESSAGE][PASSED] - Delayed 1 second(s)

2020-08-06 18:28:24 - [TEST_STEP][PASSED] - tap(findTestObject("Maya/login again/Spy- 5"), 0): Tapped on element 'Object Repository/Maya/login again/Spy- 5'

2020-08-06 18:28:24 - [MESSAGE][WARNING] - Timeout '0' is invalid. Using default page load timeout: '10'

2020-08-06 18:28:25 - [MESSAGE][PASSED] - Tapped on element 'Object Repository/Maya/login again/Spy- 5'

2020-08-06 18:28:25 - [TEST_STEP][PASSED] - if (otpM[i] == "6"): null

2020-08-06 18:28:25 - [TEST_STEP][PASSED] - if (otpM[i] == "7"): null

2020-08-06 18:28:25 - [TEST_STEP][PASSED] - if (otpM[i] == "8"): null

2020-08-06 18:28:25 - [TEST_STEP][PASSED] - if (otpM[i] == "9"): null

2020-08-06 18:28:25 - [TEST_STEP][PASSED] - delay(3, STOP_ON_FAILURE): Delayed 3 second(s)

2020-08-06 18:28:28 - [MESSAGE][PASSED] - Delayed 3 second(s)

2020-08-06 18:28:28 - [TEST_STEP][PASSED] - if (otpM[i] == "0"): null

2020-08-06 18:28:28 - [TEST_STEP][PASSED] - if (otpM[i] == "1"): null

2020-08-06 18:28:28 - [TEST_STEP][PASSED] - if (otpM[i] == "2"): null

2020-08-06 18:28:28 - [TEST_STEP][PASSED] - if (otpM[i] == "3"): null

2020-08-06 18:28:28 - [TEST_STEP][PASSED] - if (otpM[i] == "4"): null

2020-08-06 18:28:28 - [TEST_STEP][PASSED] - if (otpM[i] == "5"): Tapped on element 'Object Repository/Maya/login again/Spy- 5'

2020-08-06 18:28:28 - [TEST_STEP][PASSED] - delay(1, STOP_ON_FAILURE): Delayed 1 second(s)

2020-08-06 18:28:29 - [MESSAGE][PASSED] - Delayed 1 second(s)

2020-08-06 18:28:29 - [TEST_STEP][PASSED] - tap(findTestObject("Maya/login again/Spy- 5"), 0): Tapped on element 'Object Repository/Maya/login again/Spy- 5'

2020-08-06 18:28:29 - [MESSAGE][WARNING] - Timeout '0' is invalid. Using default page load timeout: '10'

2020-08-06 18:28:31 - [MESSAGE][PASSED] - Tapped on element 'Object Repository/Maya/login again/Spy- 5'

2020-08-06 18:28:31 - [TEST_STEP][PASSED] - if (otpM[i] == "6"): null

2020-08-06 18:28:31 - [TEST_STEP][PASSED] - if (otpM[i] == "7"): null

2020-08-06 18:28:31 - [TEST_STEP][PASSED] - if (otpM[i] == "8"): null

2020-08-06 18:28:31 - [TEST_STEP][PASSED] - if (otpM[i] == "9"): null

2020-08-06 18:28:31 - [TEST_STEP][PASSED] - delay(3, STOP_ON_FAILURE): Delayed 3 second(s)

2020-08-06 18:28:34 - [MESSAGE][PASSED] - Delayed 3 second(s)

2020-08-06 18:28:34 - [TEST_STEP][PASSED] - if (otpM[i] == "0"): null

2020-08-06 18:28:34 - [TEST_STEP][PASSED] - if (otpM[i] == "1"): null

2020-08-06 18:28:34 - [TEST_STEP][PASSED] - if (otpM[i] == "2"): null

2020-08-06 18:28:34 - [TEST_STEP][PASSED] - if (otpM[i] == "3"): Tapped on element 'Object Repository/Maya/login again/Spy- 3'

2020-08-06 18:28:34 - [TEST_STEP][PASSED] - delay(1, STOP_ON_FAILURE): Delayed 1 second(s)

2020-08-06 18:28:35 - [MESSAGE][PASSED] - Delayed 1 second(s)

2020-08-06 18:28:35 - [TEST_STEP][NOT_RUN] - tap(findTestObject("MAYA SIT v118/spy/TAC - keypad 3"), 0): NOT_RUN: tap(findTestObject("MAYA SIT v118/spy/TAC - keypad 3"), 0)

2020-08-06 18:28:35 - [MESSAGE][NOT_RUN] - NOT_RUN: tap(findTestObject("MAYA SIT v118/spy/TAC - keypad 3"), 0)

2020-08-06 18:28:35 - [TEST_STEP][PASSED] - tap(findTestObject("Maya/login again/Spy- 3"), 0): Tapped on element 'Object Repository/Maya/login again/Spy- 3'

2020-08-06 18:28:35 - [MESSAGE][WARNING] - Timeout '0' is invalid. Using default page load timeout: '10'

2020-08-06 18:28:36 - [MESSAGE][PASSED] - Tapped on element 'Object Repository/Maya/login again/Spy- 3'

2020-08-06 18:28:36 - [TEST_STEP][PASSED] - if (otpM[i] == "4"): null

2020-08-06 18:28:36 - [TEST_STEP][PASSED] - if (otpM[i] == "5"): null

2020-08-06 18:28:36 - [TEST_STEP][PASSED] - if (otpM[i] == "6"): null

2020-08-06 18:28:36 - [TEST_STEP][PASSED] - if (otpM[i] == "7"): null

2020-08-06 18:28:36 - [TEST_STEP][PASSED] - if (otpM[i] == "8"): null

2020-08-06 18:28:36 - [TEST_STEP][PASSED] - if (otpM[i] == "9"): null

2020-08-06 18:28:36 - [TEST_STEP][PASSED] - delay(3, STOP_ON_FAILURE): Delayed 3 second(s)

2020-08-06 18:28:39 - [MESSAGE][PASSED] - Delayed 3 second(s)

2020-08-06 18:28:39 - [TEST_STEP][PASSED] - if (otpM[i] == "0"): null

2020-08-06 18:28:39 - [TEST_STEP][PASSED] - if (otpM[i] == "1"): null

2020-08-06 18:28:39 - [TEST_STEP][PASSED] - if (otpM[i] == "2"): null

2020-08-06 18:28:39 - [TEST_STEP][PASSED] - if (otpM[i] == "3"): null

2020-08-06 18:28:39 - [TEST_STEP][PASSED] - if (otpM[i] == "4"): null

2020-08-06 18:28:39 - [TEST_STEP][PASSED] - if (otpM[i] == "5"): null

2020-08-06 18:28:39 - [TEST_STEP][PASSED] - if (otpM[i] == "6"): null

2020-08-06 18:28:39 - [TEST_STEP][PASSED] - if (otpM[i] == "7"): null

2020-08-06 18:28:39 - [TEST_STEP][PASSED] - if (otpM[i] == "8"): null

2020-08-06 18:28:39 - [TEST_STEP][PASSED] - if (otpM[i] == "9"): Tapped on element 'Object Repository/Maya/login again/Spy- 9'

2020-08-06 18:28:39 - [TEST_STEP][PASSED] - delay(1, STOP_ON_FAILURE): Delayed 1 second(s)

2020-08-06 18:28:40 - [MESSAGE][PASSED] - Delayed 1 second(s)

2020-08-06 18:28:40 - [TEST_STEP][PASSED] - tap(findTestObject("Maya/login again/Spy- 9"), 0): Tapped on element 'Object Repository/Maya/login again/Spy- 9'

2020-08-06 18:28:40 - [MESSAGE][WARNING] - Timeout '0' is invalid. Using default page load timeout: '10'

2020-08-06 18:28:41 - [MESSAGE][PASSED] - Tapped on element 'Object Repository/Maya/login again/Spy- 9'

2020-08-06 18:28:41 - [TEST_STEP][PASSED] - delay(3, STOP_ON_FAILURE): Delayed 3 second(s)

2020-08-06 18:28:44 - [MESSAGE][PASSED] - Delayed 3 second(s)

2020-08-06 18:28:44 - [TEST_STEP][PASSED] - if (otpM[i] == "0"): null

2020-08-06 18:28:44 - [TEST_STEP][PASSED] - if (otpM[i] == "1"): null

2020-08-06 18:28:44 - [TEST_STEP][PASSED] - if (otpM[i] == "2"): Tapped on element 'Object Repository/Maya/login again/Spy- 2'

2020-08-06 18:28:44 - [TEST_STEP][PASSED] - delay(1, STOP_ON_FAILURE): Delayed 1 second(s)

2020-08-06 18:28:45 - [MESSAGE][PASSED] - Delayed 1 second(s)

2020-08-06 18:28:45 - [TEST_STEP][PASSED] - tap(findTestObject("Maya/login again/Spy- 2"), 0): Tapped on element 'Object Repository/Maya/login again/Spy- 2'

2020-08-06 18:28:46 - [MESSAGE][WARNING] - Timeout '0' is invalid. Using default page load timeout: '10'

2020-08-06 18:28:47 - [MESSAGE][PASSED] - Tapped on element 'Object Repository/Maya/login again/Spy- 2'

2020-08-06 18:28:47 - [TEST_STEP][PASSED] - if (otpM[i] == "3"): null

2020-08-06 18:28:47 - [TEST_STEP][PASSED] - if (otpM[i] == "4"): null

2020-08-06 18:28:47 - [TEST_STEP][PASSED] - if (otpM[i] == "5"): null

2020-08-06 18:28:47 - [TEST_STEP][PASSED] - if (otpM[i] == "6"): null

2020-08-06 18:28:47 - [TEST_STEP][PASSED] - if (otpM[i] == "7"): null

2020-08-06 18:28:47 - [TEST_STEP][PASSED] - if (otpM[i] == "8"): null

2020-08-06 18:28:47 - [TEST_STEP][PASSED] - if (otpM[i] == "9"): null

2020-08-06 18:28:47 - [TEST_STEP][PASSED] - delay(3, STOP_ON_FAILURE): Delayed 3 second(s)

2020-08-06 18:28:50 - [MESSAGE][PASSED] - Delayed 3 second(s)

2020-08-06 18:28:50 - [TEST_STEP][PASSED] - if (otpM[i] == "0"): null

2020-08-06 18:28:50 - [TEST_STEP][PASSED] - if (otpM[i] == "1"): null

2020-08-06 18:28:50 - [TEST_STEP][PASSED] - if (otpM[i] == "2"): null

2020-08-06 18:28:50 - [TEST_STEP][PASSED] - if (otpM[i] == "3"): Tapped on element 'Object Repository/Maya/login again/Spy- 3'

2020-08-06 18:28:50 - [TEST_STEP][PASSED] - delay(1, STOP_ON_FAILURE): Delayed 1 second(s)

2020-08-06 18:28:51 - [MESSAGE][PASSED] - Delayed 1 second(s)

2020-08-06 18:28:51 - [TEST_STEP][NOT_RUN] - tap(findTestObject("MAYA SIT v118/spy/TAC - keypad 3"), 0): NOT_RUN: tap(findTestObject("MAYA SIT v118/spy/TAC - keypad 3"), 0)

2020-08-06 18:28:51 - [MESSAGE][NOT_RUN] - NOT_RUN: tap(findTestObject("MAYA SIT v118/spy/TAC - keypad 3"), 0)

2020-08-06 18:28:51 - [TEST_STEP][PASSED] - tap(findTestObject("Maya/login again/Spy- 3"), 0): Tapped on element 'Object Repository/Maya/login again/Spy- 3'

2020-08-06 18:28:51 - [MESSAGE][WARNING] - Timeout '0' is invalid. Using default page load timeout: '10'

2020-08-06 18:28:52 - [MESSAGE][PASSED] - Tapped on element 'Object Repository/Maya/login again/Spy- 3'

2020-08-06 18:28:52 - [TEST_STEP][PASSED] - if (otpM[i] == "4"): null

2020-08-06 18:28:52 - [TEST_STEP][PASSED] - if (otpM[i] == "5"): null

2020-08-06 18:28:52 - [TEST_STEP][PASSED] - if (otpM[i] == "6"): null

2020-08-06 18:28:52 - [TEST_STEP][PASSED] - if (otpM[i] == "7"): null

2020-08-06 18:28:52 - [TEST_STEP][PASSED] - if (otpM[i] == "8"): null

2020-08-06 18:28:52 - [TEST_STEP][PASSED] - if (otpM[i] == "9"): null

2020-08-06 18:28:52 - [TEST_STEP][PASSED] - delay(8, STOP_ON_FAILURE): Delayed 8 second(s)

2020-08-06 18:29:00 - [MESSAGE][PASSED] - Delayed 8 second(s)

2020-08-06 18:29:00 - [TEST_STEP][PASSED] - tapAtPosition(826, 2048): Tapped at [826, 2,048]

2020-08-06 18:29:00 - [MESSAGE][PASSED] - Tapped at [826, 2,048]

2020-08-06 18:29:00 - [TEST_STEP][FAILED] - if (verifyElementExist(findTestObject("Maya/KLIA/android.widget.TextView0 - Approve"), 0)): Element 'Object Repository/Maya/KLIA/android.widget.TextView0 - Approve' not found

2020-08-06 18:29:00 - [MESSAGE][WARNING] - Timeout '0' is invalid. Using default page load timeout: '10'

2020-08-06 18:29:11 - [MESSAGE][FAILED] - Element 'Object Repository/Maya/KLIA/android.widget.TextView0 - Approve' not found
[[ATTACHMENT|C:\\Users\\LENOVO\\Git_new\\Maya\\Reports\\20200806_182358\\Maya UAT\\UAT Test Suite\\20200806_182358\\1596709750965.png]]

2020-08-06 18:29:11 - [TEST_STEP][PASSED] - delay(3, STOP_ON_FAILURE): Delayed 3 second(s)

2020-08-06 18:29:14 - [MESSAGE][PASSED] - Delayed 3 second(s)

2020-08-06 18:29:14 - [TEST_STEP][PASSED] - getText(findTestObject("Maya/Bus Ticket/android.widget.TextView0 - Payment successful"), 0): Text of element 'Object Repository/Maya/Bus Ticket/android.widget.TextView0 - Payment successful' is: 'Payment successful'

2020-08-06 18:29:14 - [MESSAGE][WARNING] - Timeout '0' is invalid. Using default page load timeout: '10'

2020-08-06 18:29:15 - [MESSAGE][PASSED] - Text of element 'Object Repository/Maya/Bus Ticket/android.widget.TextView0 - Payment successful' is: 'Payment successful'

2020-08-06 18:29:15 - [TEST_STEP][PASSED] - verifyElementExist(findTestObject("Maya/Bus Ticket/android.widget.TextView0 - Payment successful"), 0): Element 'Object Repository/Maya/Bus Ticket/android.widget.TextView0 - Payment successful' is exist

2020-08-06 18:29:15 - [MESSAGE][WARNING] - Timeout '0' is invalid. Using default page load timeout: '10'

2020-08-06 18:29:15 - [MESSAGE][PASSED] - Element 'Object Repository/Maya/Bus Ticket/android.widget.TextView0 - Payment successful' is exist

2020-08-06 18:29:15 - [TEST_STEP][PASSED] - getText(findTestObject("Maya/Bus Ticket/android.widget.TextView0 - Reference ID"), 0): Text of element 'Object Repository/Maya/Bus Ticket/android.widget.TextView0 - Reference ID' is: 'Reference ID'

2020-08-06 18:29:15 - [MESSAGE][WARNING] - Timeout '0' is invalid. Using default page load timeout: '10'

2020-08-06 18:29:16 - [MESSAGE][PASSED] - Text of element 'Object Repository/Maya/Bus Ticket/android.widget.TextView0 - Reference ID' is: 'Reference ID'

2020-08-06 18:29:16 - [TEST_STEP][PASSED] - verifyElementExist(findTestObject("Maya/Bus Ticket/android.widget.TextView0 - Reference ID"), 0): Element 'Object Repository/Maya/Bus Ticket/android.widget.TextView0 - Reference ID' is exist

2020-08-06 18:29:16 - [MESSAGE][WARNING] - Timeout '0' is invalid. Using default page load timeout: '10'

2020-08-06 18:29:16 - [MESSAGE][PASSED] - Element 'Object Repository/Maya/Bus Ticket/android.widget.TextView0 - Reference ID' is exist

2020-08-06 18:29:16 - [TEST_STEP][PASSED] - getText(findTestObject("Maya/Bus Ticket/android.widget.TextView0 - Date  time"), 0): Text of element 'Object Repository/Maya/Bus Ticket/android.widget.TextView0 - Date  time' is: 'Date & time'

2020-08-06 18:29:16 - [MESSAGE][WARNING] - Timeout '0' is invalid. Using default page load timeout: '10'

2020-08-06 18:29:17 - [MESSAGE][PASSED] - Text of element 'Object Repository/Maya/Bus Ticket/android.widget.TextView0 - Date  time' is: 'Date & time'

2020-08-06 18:29:17 - [TEST_STEP][PASSED] - verifyElementExist(findTestObject("Maya/Bus Ticket/android.widget.TextView0 - Date  time"), 0): Element 'Object Repository/Maya/Bus Ticket/android.widget.TextView0 - Date  time' is exist

2020-08-06 18:29:17 - [MESSAGE][WARNING] - Timeout '0' is invalid. Using default page load timeout: '10'

2020-08-06 18:29:17 - [MESSAGE][PASSED] - Element 'Object Repository/Maya/Bus Ticket/android.widget.TextView0 - Date  time' is exist

2020-08-06 18:29:17 - [TEST_STEP][PASSED] - delay(2, STOP_ON_FAILURE): Delayed 2 second(s)

2020-08-06 18:29:19 - [MESSAGE][PASSED] - Delayed 2 second(s)

2020-08-06 18:29:19 - [TEST_STEP][PASSED] - takeScreenshot("C:\Users\LENOVO\Screenshot\BusTicket\Ticket8.png", STOP_ON_FAILURE): Screenshot is taken

2020-08-06 18:29:20 - [MESSAGE][PASSED] - Screenshot is taken
[[ATTACHMENT|C:\\Users\\LENOVO\\Screenshot\\BusTicket\\Ticket8.png]]

2020-08-06 18:29:20 - [TEST_STEP][PASSED] - tap(findTestObject("Maya/Bus Ticket/android.widget.TextView0 - Share Receipt"), 0): Tapped on element 'Object Repository/Maya/Bus Ticket/android.widget.TextView0 - Share Receipt'

2020-08-06 18:29:20 - [MESSAGE][WARNING] - Timeout '0' is invalid. Using default page load timeout: '10'

2020-08-06 18:29:22 - [MESSAGE][PASSED] - Tapped on element 'Object Repository/Maya/Bus Ticket/android.widget.TextView0 - Share Receipt'

2020-08-06 18:29:22 - [TEST_STEP][PASSED] - delay(10, STOP_ON_FAILURE): Delayed 10 second(s)

2020-08-06 18:29:32 - [MESSAGE][PASSED] - Delayed 10 second(s)

2020-08-06 18:29:32 - [TEST_STEP][PASSED] - getText(findTestObject("Maya/Movie Ticket/android.widget.TextView0 - Share Receipt"), 0): Text of element 'Object Repository/Maya/Movie Ticket/android.widget.TextView0 - Share Receipt' is: 'Share Receipt'

2020-08-06 18:29:32 - [MESSAGE][WARNING] - Timeout '0' is invalid. Using default page load timeout: '10'

2020-08-06 18:29:33 - [MESSAGE][PASSED] - Text of element 'Object Repository/Maya/Movie Ticket/android.widget.TextView0 - Share Receipt' is: 'Share Receipt'

2020-08-06 18:29:33 - [TEST_STEP][PASSED] - getText(findTestObject("Maya/Bus Ticket/android.view.View0 - Bus Tickets"), 0): Text of element 'Object Repository/Maya/Bus Ticket/android.view.View0 - Bus Tickets' is: 'Bus Tickets'

2020-08-06 18:29:33 - [MESSAGE][WARNING] - Timeout '0' is invalid. Using default page load timeout: '10'

2020-08-06 18:29:33 - [MESSAGE][PASSED] - Text of element 'Object Repository/Maya/Bus Ticket/android.view.View0 - Bus Tickets' is: 'Bus Tickets'

2020-08-06 18:29:33 - [TEST_STEP][PASSED] - verifyElementExist(findTestObject("Maya/Bus Ticket/android.view.View0 - Bus Tickets"), 0): Element 'Object Repository/Maya/Bus Ticket/android.view.View0 - Bus Tickets' is exist

2020-08-06 18:29:33 - [MESSAGE][WARNING] - Timeout '0' is invalid. Using default page load timeout: '10'

2020-08-06 18:29:34 - [MESSAGE][PASSED] - Element 'Object Repository/Maya/Bus Ticket/android.view.View0 - Bus Tickets' is exist

2020-08-06 18:29:34 - [TEST_STEP][PASSED] - getText(findTestObject("Maya/Bus Ticket/android.view.View0 - Order number"), 0): Text of element 'Object Repository/Maya/Bus Ticket/android.view.View0 - Order number' is: 'Order number'

2020-08-06 18:29:34 - [MESSAGE][WARNING] - Timeout '0' is invalid. Using default page load timeout: '10'

2020-08-06 18:29:34 - [MESSAGE][PASSED] - Text of element 'Object Repository/Maya/Bus Ticket/android.view.View0 - Order number' is: 'Order number'

2020-08-06 18:29:34 - [TEST_STEP][PASSED] - verifyElementExist(findTestObject("Maya/Bus Ticket/android.view.View0 - Order number"), 0): Element 'Object Repository/Maya/Bus Ticket/android.view.View0 - Order number' is exist

2020-08-06 18:29:34 - [MESSAGE][WARNING] - Timeout '0' is invalid. Using default page load timeout: '10'

2020-08-06 18:29:35 - [MESSAGE][PASSED] - Element 'Object Repository/Maya/Bus Ticket/android.view.View0 - Order number' is exist

2020-08-06 18:29:35 - [TEST_STEP][PASSED] - getText(findTestObject("Maya/Bus Ticket/android.view.View0 - Reference ID"), 0): Text of element 'Object Repository/Maya/Bus Ticket/android.view.View0 - Reference ID' is: 'Reference ID'

2020-08-06 18:29:35 - [MESSAGE][WARNING] - Timeout '0' is invalid. Using default page load timeout: '10'

2020-08-06 18:29:35 - [MESSAGE][PASSED] - Text of element 'Object Repository/Maya/Bus Ticket/android.view.View0 - Reference ID' is: 'Reference ID'

2020-08-06 18:29:35 - [TEST_STEP][PASSED] - verifyElementExist(findTestObject("Maya/Bus Ticket/android.view.View0 - Reference ID"), 0): Element 'Object Repository/Maya/Bus Ticket/android.view.View0 - Reference ID' is exist

2020-08-06 18:29:35 - [MESSAGE][WARNING] - Timeout '0' is invalid. Using default page load timeout: '10'

2020-08-06 18:29:35 - [MESSAGE][PASSED] - Element 'Object Repository/Maya/Bus Ticket/android.view.View0 - Reference ID' is exist

2020-08-06 18:29:35 - [TEST_STEP][PASSED] - delay(2, STOP_ON_FAILURE): Delayed 2 second(s)

2020-08-06 18:29:37 - [MESSAGE][PASSED] - Delayed 2 second(s)

2020-08-06 18:29:37 - [TEST_STEP][PASSED] - takeScreenshot("C:\Users\LENOVO\Screenshot\BusTicket\Ticket9.png", STOP_ON_FAILURE): Screenshot is taken

2020-08-06 18:29:38 - [MESSAGE][PASSED] - Screenshot is taken
[[ATTACHMENT|C:\\Users\\LENOVO\\Screenshot\\BusTicket\\Ticket9.png]]

2020-08-06 18:29:38 - [TEST_STEP][PASSED] - getText(findTestObject("Maya/Bus Ticket/android.view.View0 - Corporate name"), 0): Text of element 'Object Repository/Maya/Bus Ticket/android.view.View0 - Corporate name' is: 'Corporate name'

2020-08-06 18:29:38 - [MESSAGE][WARNING] - Timeout '0' is invalid. Using default page load timeout: '10'

2020-08-06 18:29:38 - [MESSAGE][PASSED] - Text of element 'Object Repository/Maya/Bus Ticket/android.view.View0 - Corporate name' is: 'Corporate name'

2020-08-06 18:29:38 - [TEST_STEP][PASSED] - verifyElementExist(findTestObject("Maya/Bus Ticket/android.view.View0 - Corporate name"), 0): Element 'Object Repository/Maya/Bus Ticket/android.view.View0 - Corporate name' is exist

2020-08-06 18:29:39 - [MESSAGE][WARNING] - Timeout '0' is invalid. Using default page load timeout: '10'

2020-08-06 18:29:39 - [MESSAGE][PASSED] - Element 'Object Repository/Maya/Bus Ticket/android.view.View0 - Corporate name' is exist

2020-08-06 18:29:39 - [TEST_STEP][PASSED] - getText(findTestObject("Maya/Bus Ticket/android.view.View0 - Amount"), 0): Text of element 'Object Repository/Maya/Bus Ticket/android.view.View0 - Amount' is: 'Amount'

2020-08-06 18:29:39 - [MESSAGE][WARNING] - Timeout '0' is invalid. Using default page load timeout: '10'

2020-08-06 18:29:39 - [MESSAGE][PASSED] - Text of element 'Object Repository/Maya/Bus Ticket/android.view.View0 - Amount' is: 'Amount'

2020-08-06 18:29:39 - [TEST_STEP][PASSED] - verifyElementExist(findTestObject("Maya/Bus Ticket/android.view.View0 - Amount"), 0): Element 'Object Repository/Maya/Bus Ticket/android.view.View0 - Amount' is exist

2020-08-06 18:29:39 - [MESSAGE][WARNING] - Timeout '0' is invalid. Using default page load timeout: '10'

2020-08-06 18:29:39 - [MESSAGE][PASSED] - Element 'Object Repository/Maya/Bus Ticket/android.view.View0 - Amount' is exist

2020-08-06 18:29:39 - [TEST_STEP][PASSED] - swipe(831, 1382, 800, 100): Swiped from 831,1,382 to 800,100

2020-08-06 18:29:41 - [MESSAGE][PASSED] - Swiped from 831,1,382 to 800,100

2020-08-06 18:29:41 - [TEST_STEP][PASSED] - delay(5, STOP_ON_FAILURE): Delayed 5 second(s)

2020-08-06 18:29:46 - [MESSAGE][PASSED] - Delayed 5 second(s)

2020-08-06 18:29:46 - [TEST_STEP][PASSED] - getText(findTestObject("Maya/KLIA/android.widget.TextView0 - Note This receipt is computer generated and no signature is required."), 0): Text of element 'Object Repository/Maya/KLIA/android.widget.TextView0 - Note This receipt is computer generated and no signature is required.' is: 'Note: This receipt is computer generated and no signature is required.'

2020-08-06 18:29:46 - [MESSAGE][WARNING] - Timeout '0' is invalid. Using default page load timeout: '10'

2020-08-06 18:29:46 - [MESSAGE][PASSED] - Text of element 'Object Repository/Maya/KLIA/android.widget.TextView0 - Note This receipt is computer generated and no signature is required.' is: 'Note: This receipt is computer generated and no signature is required.'

2020-08-06 18:29:46 - [TEST_STEP][PASSED] - getText(findTestObject("Maya/Third Party CA account/android.widget.TextView0 - Malayan Banking Berhad (Co. Reg.  196001000142)"), 0): Text of element 'Object Repository/Maya/Third Party CA account/android.widget.TextView0 - Malayan Banking Berhad (Co. Reg.  196001000142)' is: 'Malayan Banking Berhad (Co. Reg. : 196001000142)'

2020-08-06 18:29:46 - [MESSAGE][WARNING] - Timeout '0' is invalid. Using default page load timeout: '10'

2020-08-06 18:29:47 - [MESSAGE][PASSED] - Text of element 'Object Repository/Maya/Third Party CA account/android.widget.TextView0 - Malayan Banking Berhad (Co. Reg.  196001000142)' is: 'Malayan Banking Berhad (Co. Reg. : 196001000142)'

2020-08-06 18:29:47 - [TEST_STEP][PASSED] - getText(findTestObject("Maya/Third Party CA account/android.widget.TextView0 - Maybank Islamic Berhad (Co. Reg.  200701029411)"), 0): Text of element 'Object Repository/Maya/Third Party CA account/android.widget.TextView0 - Maybank Islamic Berhad (Co. Reg.  200701029411)' is: 'Maybank Islamic Berhad (Co. Reg. : 200701029411)'

2020-08-06 18:29:47 - [MESSAGE][WARNING] - Timeout '0' is invalid. Using default page load timeout: '10'

2020-08-06 18:29:47 - [MESSAGE][PASSED] - Text of element 'Object Repository/Maya/Third Party CA account/android.widget.TextView0 - Maybank Islamic Berhad (Co. Reg.  200701029411)' is: 'Maybank Islamic Berhad (Co. Reg. : 200701029411)'

2020-08-06 18:29:47 - [TEST_STEP][PASSED] - tap(findTestObject("Maya/Bus Ticket/android.widget.ImageView0 (1)"), 0): Tapped on element 'Object Repository/Maya/Bus Ticket/android.widget.ImageView0 (1)'

2020-08-06 18:29:47 - [MESSAGE][WARNING] - Timeout '0' is invalid. Using default page load timeout: '10'

2020-08-06 18:29:48 - [MESSAGE][PASSED] - Tapped on element 'Object Repository/Maya/Bus Ticket/android.widget.ImageView0 (1)'

2020-08-06 18:29:48 - [TEST_STEP][PASSED] - tap(findTestObject("Maya/Bus Ticket/android.widget.Button0 - Cancel"), 0): Tapped on element 'Object Repository/Maya/Bus Ticket/android.widget.Button0 - Cancel'

2020-08-06 18:29:48 - [MESSAGE][WARNING] - Timeout '0' is invalid. Using default page load timeout: '10'

2020-08-06 18:29:52 - [MESSAGE][PASSED] - Tapped on element 'Object Repository/Maya/Bus Ticket/android.widget.Button0 - Cancel'

2020-08-06 18:29:52 - [TEST_STEP][PASSED] - tap(findTestObject("Maya/Bus Ticket/android.widget.ImageView0"), 0): Tapped on element 'Object Repository/Maya/Bus Ticket/android.widget.ImageView0'

2020-08-06 18:29:52 - [MESSAGE][WARNING] - Timeout '0' is invalid. Using default page load timeout: '10'

2020-08-06 18:29:52 - [MESSAGE][PASSED] - Tapped on element 'Object Repository/Maya/Bus Ticket/android.widget.ImageView0'

2020-08-06 18:29:52 - [TEST_STEP][PASSED] - tap(findTestObject("Maya/Bus Ticket/android.widget.TextView0 - Done (1)"), 0): Tapped on element 'Object Repository/Maya/Bus Ticket/android.widget.TextView0 - Done (1)'

2020-08-06 18:29:53 - [MESSAGE][WARNING] - Timeout '0' is invalid. Using default page load timeout: '10'

2020-08-06 18:29:55 - [MESSAGE][PASSED] - Tapped on element 'Object Repository/Maya/Bus Ticket/android.widget.TextView0 - Done (1)'

2020-08-06 18:29:55 - [TEST_STEP][PASSED] - delay(10, STOP_ON_FAILURE): Delayed 10 second(s)

2020-08-06 18:30:05 - [MESSAGE][PASSED] - Delayed 10 second(s)

2020-08-06 18:30:05 - [TEST_STEP][FAILED] - getText(findTestObject("Maya/Bus Ticket/android.view.View0 - Your payment is successful"), 0): Object Object Repository/Maya/Bus Ticket/android.view.View0 - Your payment is successful not found

2020-08-06 18:30:05 - [MESSAGE][WARNING] - Timeout '0' is invalid. Using default page load timeout: '10'

2020-08-06 18:30:17 - [MESSAGE][FAILED] - Object Object Repository/Maya/Bus Ticket/android.view.View0 - Your payment is successful not found
[[ATTACHMENT|C:\\Users\\LENOVO\\Git_new\\Maya\\Reports\\20200806_182358\\Maya UAT\\UAT Test Suite\\20200806_182358\\1596709816315.png]]

2020-08-06 18:30:17 - [TEST_STEP][PASSED] - delay(2, STOP_ON_FAILURE): Delayed 2 second(s)

2020-08-06 18:30:19 - [MESSAGE][PASSED] - Delayed 2 second(s)

2020-08-06 18:30:19 - [TEST_STEP][PASSED] - takeScreenshot("C:\Users\LENOVO\Screenshot\BusTicket\Ticket12.png", STOP_ON_FAILURE): Screenshot is taken

2020-08-06 18:30:20 - [MESSAGE][PASSED] - Screenshot is taken
[[ATTACHMENT|C:\\Users\\LENOVO\\Screenshot\\BusTicket\\Ticket12.png]]

2020-08-06 18:30:20 - [TEST_STEP][FAILED] - verifyElementExist(findTestObject("Maya/Bus Ticket/android.view.View0 - Your payment is successful"), 0): Element 'Object Repository/Maya/Bus Ticket/android.view.View0 - Your payment is successful' not found

2020-08-06 18:30:20 - [MESSAGE][WARNING] - Timeout '0' is invalid. Using default page load timeout: '10'

2020-08-06 18:30:31 - [MESSAGE][FAILED] - Element 'Object Repository/Maya/Bus Ticket/android.view.View0 - Your payment is successful' not found
[[ATTACHMENT|C:\\Users\\LENOVO\\Git_new\\Maya\\Reports\\20200806_182358\\Maya UAT\\UAT Test Suite\\20200806_182358\\1596709830523.png]]

2020-08-06 18:30:31 - [TEST_STEP][FAILED] - getText(findTestObject("Maya/Bus Ticket/android.widget.TextView0 - Transaction No"), 0): Object Object Repository/Maya/Bus Ticket/android.widget.TextView0 - Transaction No not found

2020-08-06 18:30:31 - [MESSAGE][WARNING] - Timeout '0' is invalid. Using default page load timeout: '10'

2020-08-06 18:30:42 - [MESSAGE][FAILED] - Object Object Repository/Maya/Bus Ticket/android.widget.TextView0 - Transaction No not found
[[ATTACHMENT|C:\\Users\\LENOVO\\Git_new\\Maya\\Reports\\20200806_182358\\Maya UAT\\UAT Test Suite\\20200806_182358\\1596709841761.png]]

2020-08-06 18:30:42 - [TEST_STEP][FAILED] - verifyElementExist(findTestObject("Maya/Bus Ticket/android.widget.TextView0 - Transaction No"), 0): Element 'Object Repository/Maya/Bus Ticket/android.widget.TextView0 - Transaction No' not found

2020-08-06 18:30:42 - [MESSAGE][WARNING] - Timeout '0' is invalid. Using default page load timeout: '10'

2020-08-06 18:31:01 - [MESSAGE][FAILED] - Element 'Object Repository/Maya/Bus Ticket/android.widget.TextView0 - Transaction No' not found
[[ATTACHMENT|C:\\Users\\LENOVO\\Git_new\\Maya\\Reports\\20200806_182358\\Maya UAT\\UAT Test Suite\\20200806_182358\\1596709859985.png]]

2020-08-06 18:31:01 - [TEST_STEP][PASSED] - tap(findTestObject("Maya/Bus Ticket/android.widget.Button0 - TAKE ME TO MY E-TICKET"), 0): Tapped on element 'Object Repository/Maya/Bus Ticket/android.widget.Button0 - TAKE ME TO MY E-TICKET'

2020-08-06 18:31:01 - [MESSAGE][WARNING] - Timeout '0' is invalid. Using default page load timeout: '10'

2020-08-06 18:31:03 - [MESSAGE][PASSED] - Tapped on element 'Object Repository/Maya/Bus Ticket/android.widget.Button0 - TAKE ME TO MY E-TICKET'

2020-08-06 18:31:03 - [TEST_STEP][PASSED] - delay(2, STOP_ON_FAILURE): Delayed 2 second(s)

2020-08-06 18:31:05 - [MESSAGE][PASSED] - Delayed 2 second(s)

2020-08-06 18:31:05 - [TEST_STEP][PASSED] - takeScreenshot("C:\Users\LENOVO\Screenshot\BusTicket\Ticket11.png", STOP_ON_FAILURE): Screenshot is taken

2020-08-06 18:31:06 - [MESSAGE][PASSED] - Screenshot is taken
[[ATTACHMENT|C:\\Users\\LENOVO\\Screenshot\\BusTicket\\Ticket11.png]]

2020-08-06 18:31:06 - [TEST_STEP][PASSED] - tap(findTestObject("Maya/Bus Ticket/android.widget.ImageView0 (2)"), 0): Tapped on element 'Object Repository/Maya/Bus Ticket/android.widget.ImageView0 (2)'

2020-08-06 18:31:06 - [MESSAGE][WARNING] - Timeout '0' is invalid. Using default page load timeout: '10'

2020-08-06 18:31:07 - [MESSAGE][PASSED] - Tapped on element 'Object Repository/Maya/Bus Ticket/android.widget.ImageView0 (2)'

2020-08-06 18:31:07 - [TEST_STEP][PASSED] - tap(findTestObject("Maya/Bus Ticket/android.widget.ImageView0 (3)"), 0): Tapped on element 'Object Repository/Maya/Bus Ticket/android.widget.ImageView0 (3)'

2020-08-06 18:31:07 - [MESSAGE][WARNING] - Timeout '0' is invalid. Using default page load timeout: '10'

2020-08-06 18:31:09 - [MESSAGE][PASSED] - Tapped on element 'Object Repository/Maya/Bus Ticket/android.widget.ImageView0 (3)'

2020-08-06 18:31:09 - [TEST_STEP][PASSED] - tap(findTestObject("Maya/Bus Ticket/android.widget.TextView0 - Wallet"), 0): Tapped on element 'Object Repository/Maya/Bus Ticket/android.widget.TextView0 - Wallet'

2020-08-06 18:31:09 - [MESSAGE][WARNING] - Timeout '0' is invalid. Using default page load timeout: '10'

2020-08-06 18:31:13 - [MESSAGE][PASSED] - Tapped on element 'Object Repository/Maya/Bus Ticket/android.widget.TextView0 - Wallet'

2020-08-06 18:31:13 - [TEST_STEP][PASSED] - tap(findTestObject("Maya/Bus Ticket/android.widget.TextView0 - View Transactions"), 0): Tapped on element 'Object Repository/Maya/Bus Ticket/android.widget.TextView0 - View Transactions'

2020-08-06 18:31:13 - [MESSAGE][WARNING] - Timeout '0' is invalid. Using default page load timeout: '10'

2020-08-06 18:31:16 - [MESSAGE][PASSED] - Tapped on element 'Object Repository/Maya/Bus Ticket/android.widget.TextView0 - View Transactions'

2020-08-06 18:31:16 - [TEST_STEP][PASSED] - delay(2, STOP_ON_FAILURE): Delayed 2 second(s)

2020-08-06 18:31:18 - [MESSAGE][PASSED] - Delayed 2 second(s)

2020-08-06 18:31:18 - [TEST_STEP][PASSED] - takeScreenshot("C:\Users\LENOVO\Screenshot\BusTicket\Ticket13.png", STOP_ON_FAILURE): Screenshot is taken

2020-08-06 18:31:19 - [MESSAGE][PASSED] - Screenshot is taken
[[ATTACHMENT|C:\\Users\\LENOVO\\Screenshot\\BusTicket\\Ticket13.png]]

2020-08-06 18:31:19 - [TEST_STEP][PASSED] - getText(findTestObject("Maya/KLIA/android.widget.TextView0 - Today"), 0): Text of element 'Object Repository/Maya/KLIA/android.widget.TextView0 - Today' is: 'Today'

2020-08-06 18:31:19 - [MESSAGE][WARNING] - Timeout '0' is invalid. Using default page load timeout: '10'

2020-08-06 18:31:20 - [MESSAGE][PASSED] - Text of element 'Object Repository/Maya/KLIA/android.widget.TextView0 - Today' is: 'Today'

2020-08-06 18:31:20 - [TEST_STEP][PASSED] - verifyElementExist(findTestObject("Maya/KLIA/android.widget.TextView0 - Today"), 0): Element 'Object Repository/Maya/KLIA/android.widget.TextView0 - Today' is exist

2020-08-06 18:31:20 - [MESSAGE][WARNING] - Timeout '0' is invalid. Using default page load timeout: '10'

2020-08-06 18:31:21 - [MESSAGE][PASSED] - Element 'Object Repository/Maya/KLIA/android.widget.TextView0 - Today' is exist

2020-08-06 18:31:21 - [TEST_STEP][FAILED] - getText(findTestObject("Maya/Bus Ticket/android.widget.TextView0 - Bus Tickets - Copy"), 0): Object Object Repository/Maya/Bus Ticket/android.widget.TextView0 - Bus Tickets - Copy not found

2020-08-06 18:31:21 - [MESSAGE][WARNING] - Timeout '0' is invalid. Using default page load timeout: '10'

2020-08-06 18:31:32 - [MESSAGE][FAILED] - Object Object Repository/Maya/Bus Ticket/android.widget.TextView0 - Bus Tickets - Copy not found
[[ATTACHMENT|C:\\Users\\LENOVO\\Git_new\\Maya\\Reports\\20200806_182358\\Maya UAT\\UAT Test Suite\\20200806_182358\\1596709891203.png]]

2020-08-06 18:31:32 - [TEST_STEP][FAILED] - verifyElementExist(findTestObject("Maya/Bus Ticket/android.widget.TextView0 - Bus Tickets - Copy"), 0): Element 'Object Repository/Maya/Bus Ticket/android.widget.TextView0 - Bus Tickets - Copy' not found

2020-08-06 18:31:32 - [MESSAGE][WARNING] - Timeout '0' is invalid. Using default page load timeout: '10'

2020-08-06 18:31:43 - [MESSAGE][FAILED] - Element 'Object Repository/Maya/Bus Ticket/android.widget.TextView0 - Bus Tickets - Copy' not found
[[ATTACHMENT|C:\\Users\\LENOVO\\Git_new\\Maya\\Reports\\20200806_182358\\Maya UAT\\UAT Test Suite\\20200806_182358\\1596709902145.png]]

2020-08-06 18:31:43 - [TEST_STEP][PASSED] - tap(findTestObject("Maya/KLIA/android.widget.TextView0 - Home"), 0): Tapped on element 'Object Repository/Maya/KLIA/android.widget.TextView0 - Home'

2020-08-06 18:31:43 - [MESSAGE][WARNING] - Timeout '0' is invalid. Using default page load timeout: '10'

2020-08-06 18:31:55 - [MESSAGE][PASSED] - Tapped on element 'Object Repository/Maya/KLIA/android.widget.TextView0 - Home'

2020-08-06 18:31:55 - [TEST_STEP][PASSED] - tap(findTestObject("Maya/KLIA/android.widget.TextView0 - More (1)"), 0): Tapped on element 'Object Repository/Maya/KLIA/android.widget.TextView0 - More (1)'

2020-08-06 18:31:56 - [MESSAGE][WARNING] - Timeout '0' is invalid. Using default page load timeout: '10'

2020-08-06 18:32:08 - [MESSAGE][PASSED] - Tapped on element 'Object Repository/Maya/KLIA/android.widget.TextView0 - More (1)'

2020-08-06 18:32:08 - [TEST_STEP][PASSED] - tap(findTestObject("Maya/KLIA/android.widget.TextView0 - Notifications"), 0): Tapped on element 'Object Repository/Maya/KLIA/android.widget.TextView0 - Notifications'

2020-08-06 18:32:08 - [MESSAGE][WARNING] - Timeout '0' is invalid. Using default page load timeout: '10'

2020-08-06 18:32:11 - [MESSAGE][PASSED] - Tapped on element 'Object Repository/Maya/KLIA/android.widget.TextView0 - Notifications'

2020-08-06 18:32:11 - [TEST_STEP][NOT_RUN] - tap(findTestObject("Maya/KLIA/android.widget.TextView0 - Got It"), 0): NOT_RUN: tap(findTestObject("Maya/KLIA/android.widget.TextView0 - Got It"), 0)

2020-08-06 18:32:11 - [MESSAGE][NOT_RUN] - NOT_RUN: tap(findTestObject("Maya/KLIA/android.widget.TextView0 - Got It"), 0)

2020-08-06 18:32:11 - [TEST_STEP][PASSED] - getText(findTestObject("Maya/KLIA/android.widget.TextView0 - Maybank2u Payments"), 0): Text of element 'Object Repository/Maya/KLIA/android.widget.TextView0 - Maybank2u Payments' is: 'Maybank2u: Payments'

2020-08-06 18:32:11 - [MESSAGE][WARNING] - Timeout '0' is invalid. Using default page load timeout: '10'

2020-08-06 18:32:14 - [MESSAGE][PASSED] - Text of element 'Object Repository/Maya/KLIA/android.widget.TextView0 - Maybank2u Payments' is: 'Maybank2u: Payments'

2020-08-06 18:32:14 - [TEST_STEP][PASSED] - getText(findTestObject("Maya/KLIA/android.widget.TextView0 - Today (1)"), 0): Text of element 'Object Repository/Maya/KLIA/android.widget.TextView0 - Today (1)' is: 'Today'

2020-08-06 18:32:14 - [MESSAGE][WARNING] - Timeout '0' is invalid. Using default page load timeout: '10'

2020-08-06 18:32:15 - [MESSAGE][PASSED] - Text of element 'Object Repository/Maya/KLIA/android.widget.TextView0 - Today (1)' is: 'Today'

2020-08-06 18:32:15 - [TEST_STEP][PASSED] - takeScreenshot("C:\Users\LENOVO\Screenshot\KLIATicket\Ticket53.png", STOP_ON_FAILURE): Screenshot is taken

2020-08-06 18:32:16 - [MESSAGE][PASSED] - Screenshot is taken
[[ATTACHMENT|C:\\Users\\LENOVO\\Screenshot\\KLIATicket\\Ticket53.png]]

2020-08-06 18:32:16 - [TEST_STEP][PASSED] - verifyElementVisible(findTestObject("Maya/KLIA/android.widget.TextView0 - Successful payment of RM 182.25 to KLIA. REF180446966M"), 0): Element 'Object Repository/Maya/KLIA/android.widget.TextView0 - Successful payment of RM 182.25 to KLIA. REF180446966M' is visible

2020-08-06 18:32:16 - [MESSAGE][WARNING] - Timeout '0' is invalid. Using default page load timeout: '10'

2020-08-06 18:32:17 - [MESSAGE][PASSED] - Element 'Object Repository/Maya/KLIA/android.widget.TextView0 - Successful payment of RM 182.25 to KLIA. REF180446966M' is visible

2020-08-06 18:32:17 - [TEST_STEP][PASSED] - verifyElementVisible(findTestObject("Maya/KLIA/android.widget.TextView0 - Successful payment of RM 182.25 to KLIA. REF180446966M - Copy"), 0): Element 'Object Repository/Maya/KLIA/android.widget.TextView0 - Successful payment of RM 182.25 to KLIA. REF180446966M - Copy' is visible

2020-08-06 18:32:17 - [MESSAGE][WARNING] - Timeout '0' is invalid. Using default page load timeout: '10'

2020-08-06 18:32:18 - [MESSAGE][PASSED] - Element 'Object Repository/Maya/KLIA/android.widget.TextView0 - Successful payment of RM 182.25 to KLIA. REF180446966M - Copy' is visible

2020-08-06 18:32:18 - [TEST_STEP][FAILED] - verifyElementVisible(findTestObject("Maya/Bus Ticket/android.widget.TextView0 - Successful payment of RM 182.25 to KLIA. REF180446966M - Copy (1)"), 0): Element 'Object Repository/Maya/Bus Ticket/android.widget.TextView0 - Successful payment of RM 182.25 to KLIA. REF180446966M - Copy (1)' not found

2020-08-06 18:32:18 - [MESSAGE][WARNING] - Timeout '0' is invalid. Using default page load timeout: '10'

2020-08-06 18:32:29 - [MESSAGE][FAILED] - Element 'Object Repository/Maya/Bus Ticket/android.widget.TextView0 - Successful payment of RM 182.25 to KLIA. REF180446966M - Copy (1)' not found
[[ATTACHMENT|C:\\Users\\LENOVO\\Git_new\\Maya\\Reports\\20200806_182358\\Maya UAT\\UAT Test Suite\\20200806_182358\\1596709948906.png]]]]></system-out>
         <system-err><![CDATA[2020-08-06 18:24:02 - [TEST_CASE][FAILED] - Test Cases/JINU/Bus Ticket/Bus Ticket 2: Test Cases/JINU/Bus Ticket/Bus Ticket 2 FAILED.
Reason:
com.kms.katalon.core.exception.StepFailedException: Object Object Repository/Maya/Bus Ticket/android.view.View0 - 3C not found
	at com.kms.katalon.core.keyword.internal.KeywordMain.stepFailed(KeywordMain.groovy:39)
	at com.kms.katalon.core.mobile.keyword.internal.MobileKeywordMain.stepFailed(MobileKeywordMain.groovy:40)
	at com.kms.katalon.core.mobile.keyword.builtin.TapKeyword$_tap_closure1.doCall(TapKeyword.groovy:79)
	at com.kms.katalon.core.mobile.keyword.builtin.TapKeyword$_tap_closure1.call(TapKeyword.groovy)
	at com.kms.katalon.core.mobile.keyword.internal.MobileKeywordMain.runKeyword(MobileKeywordMain.groovy:21)
	at com.kms.katalon.core.mobile.keyword.builtin.TapKeyword.tap(TapKeyword.groovy:86)
	at com.kms.katalon.core.mobile.keyword.builtin.TapKeyword.execute(TapKeyword.groovy:68)
	at com.kms.katalon.core.keyword.internal.KeywordExecutor.executeKeywordForPlatform(KeywordExecutor.groovy:72)
	at com.kms.katalon.core.mobile.keyword.MobileBuiltInKeywords.tap(MobileBuiltInKeywords.groovy:577)
	at com.kms.katalon.core.mobile.keyword.MobileBuiltInKeywords$tap$0.call(Unknown Source)
	at Bus Ticket 2.run(Bus Ticket 2:148)
	at com.kms.katalon.core.main.ScriptEngine.run(ScriptEngine.java:194)
	at com.kms.katalon.core.main.ScriptEngine.runScriptAsRawText(ScriptEngine.java:119)
	at com.kms.katalon.core.main.TestCaseExecutor.runScript(TestCaseExecutor.java:337)
	at com.kms.katalon.core.main.TestCaseExecutor.doExecute(TestCaseExecutor.java:328)
	at com.kms.katalon.core.main.TestCaseExecutor.processExecutionPhase(TestCaseExecutor.java:307)
	at com.kms.katalon.core.main.TestCaseExecutor.accessMainPhase(TestCaseExecutor.java:299)
	at com.kms.katalon.core.main.TestCaseExecutor.execute(TestCaseExecutor.java:233)
	at com.kms.katalon.core.main.TestSuiteExecutor.accessTestCaseMainPhase(TestSuiteExecutor.java:169)
	at com.kms.katalon.core.main.TestSuiteExecutor.accessTestSuiteMainPhase(TestSuiteExecutor.java:142)
	at com.kms.katalon.core.main.TestSuiteExecutor.execute(TestSuiteExecutor.java:91)
	at com.kms.katalon.core.main.TestCaseMain.startTestSuite(TestCaseMain.java:157)
	at com.kms.katalon.core.main.TestCaseMain$startTestSuite$0.call(Unknown Source)
	at TempTestSuite1596709438886.run(TempTestSuite1596709438886.groovy:36)]]></system-err>
      </testcase>
      <system-out><![CDATA[2020-08-06 18:24:01 - [TEST_SUITE][FAILED] - UAT Test Suite: Test Cases/JINU/Bus Ticket/Bus Ticket 2 FAILED.
Reason:
com.kms.katalon.core.exception.StepFailedException: Object Object Repository/Maya/Bus Ticket/android.view.View0 - 3C not found
	at com.kms.katalon.core.keyword.internal.KeywordMain.stepFailed(KeywordMain.groovy:39)
	at com.kms.katalon.core.mobile.keyword.internal.MobileKeywordMain.stepFailed(MobileKeywordMain.groovy:40)
	at com.kms.katalon.core.mobile.keyword.builtin.TapKeyword$_tap_closure1.doCall(TapKeyword.groovy:79)
	at com.kms.katalon.core.mobile.keyword.builtin.TapKeyword$_tap_closure1.call(TapKeyword.groovy)
	at com.kms.katalon.core.mobile.keyword.internal.MobileKeywordMain.runKeyword(MobileKeywordMain.groovy:21)
	at com.kms.katalon.core.mobile.keyword.builtin.TapKeyword.tap(TapKeyword.groovy:86)
	at com.kms.katalon.core.mobile.keyword.builtin.TapKeyword.execute(TapKeyword.groovy:68)
	at com.kms.katalon.core.keyword.internal.KeywordExecutor.executeKeywordForPlatform(KeywordExecutor.groovy:72)
	at com.kms.katalon.core.mobile.keyword.MobileBuiltInKeywords.tap(MobileBuiltInKeywords.groovy:577)
	at com.kms.katalon.core.mobile.keyword.MobileBuiltInKeywords$tap$0.call(Unknown Source)
	at Bus Ticket 2.run(Bus Ticket 2:148)
	at com.kms.katalon.core.main.ScriptEngine.run(ScriptEngine.java:194)
	at com.kms.katalon.core.main.ScriptEngine.runScriptAsRawText(ScriptEngine.java:119)
	at com.kms.katalon.core.main.TestCaseExecutor.runScript(TestCaseExecutor.java:337)
	at com.kms.katalon.core.main.TestCaseExecutor.doExecute(TestCaseExecutor.java:328)
	at com.kms.katalon.core.main.TestCaseExecutor.processExecutionPhase(TestCaseExecutor.java:307)
	at com.kms.katalon.core.main.TestCaseExecutor.accessMainPhase(TestCaseExecutor.java:299)
	at com.kms.katalon.core.main.TestCaseExecutor.execute(TestCaseExecutor.java:233)
	at com.kms.katalon.core.main.TestSuiteExecutor.accessTestCaseMainPhase(TestSuiteExecutor.java:169)
	at com.kms.katalon.core.main.TestSuiteExecutor.accessTestSuiteMainPhase(TestSuiteExecutor.java:142)
	at com.kms.katalon.core.main.TestSuiteExecutor.execute(TestSuiteExecutor.java:91)
	at com.kms.katalon.core.main.TestCaseMain.startTestSuite(TestCaseMain.java:157)
	at com.kms.katalon.core.main.TestCaseMain$startTestSuite$0.call(Unknown Source)
	at TempTestSuite1596709438886.run(TempTestSuite1596709438886.groovy:36)]]></system-out>
      <system-err><![CDATA[2020-08-06 18:24:01 - [TEST_SUITE][FAILED] - UAT Test Suite: Test Cases/JINU/Bus Ticket/Bus Ticket 2 FAILED.
Reason:
com.kms.katalon.core.exception.StepFailedException: Object Object Repository/Maya/Bus Ticket/android.view.View0 - 3C not found
	at com.kms.katalon.core.keyword.internal.KeywordMain.stepFailed(KeywordMain.groovy:39)
	at com.kms.katalon.core.mobile.keyword.internal.MobileKeywordMain.stepFailed(MobileKeywordMain.groovy:40)
	at com.kms.katalon.core.mobile.keyword.builtin.TapKeyword$_tap_closure1.doCall(TapKeyword.groovy:79)
	at com.kms.katalon.core.mobile.keyword.builtin.TapKeyword$_tap_closure1.call(TapKeyword.groovy)
	at com.kms.katalon.core.mobile.keyword.internal.MobileKeywordMain.runKeyword(MobileKeywordMain.groovy:21)
	at com.kms.katalon.core.mobile.keyword.builtin.TapKeyword.tap(TapKeyword.groovy:86)
	at com.kms.katalon.core.mobile.keyword.builtin.TapKeyword.execute(TapKeyword.groovy:68)
	at com.kms.katalon.core.keyword.internal.KeywordExecutor.executeKeywordForPlatform(KeywordExecutor.groovy:72)
	at com.kms.katalon.core.mobile.keyword.MobileBuiltInKeywords.tap(MobileBuiltInKeywords.groovy:577)
	at com.kms.katalon.core.mobile.keyword.MobileBuiltInKeywords$tap$0.call(Unknown Source)
	at Bus Ticket 2.run(Bus Ticket 2:148)
	at com.kms.katalon.core.main.ScriptEngine.run(ScriptEngine.java:194)
	at com.kms.katalon.core.main.ScriptEngine.runScriptAsRawText(ScriptEngine.java:119)
	at com.kms.katalon.core.main.TestCaseExecutor.runScript(TestCaseExecutor.java:337)
	at com.kms.katalon.core.main.TestCaseExecutor.doExecute(TestCaseExecutor.java:328)
	at com.kms.katalon.core.main.TestCaseExecutor.processExecutionPhase(TestCaseExecutor.java:307)
	at com.kms.katalon.core.main.TestCaseExecutor.accessMainPhase(TestCaseExecutor.java:299)
	at com.kms.katalon.core.main.TestCaseExecutor.execute(TestCaseExecutor.java:233)
	at com.kms.katalon.core.main.TestSuiteExecutor.accessTestCaseMainPhase(TestSuiteExecutor.java:169)
	at com.kms.katalon.core.main.TestSuiteExecutor.accessTestSuiteMainPhase(TestSuiteExecutor.java:142)
	at com.kms.katalon.core.main.TestSuiteExecutor.execute(TestSuiteExecutor.java:91)
	at com.kms.katalon.core.main.TestCaseMain.startTestSuite(TestCaseMain.java:157)
	at com.kms.katalon.core.main.TestCaseMain$startTestSuite$0.call(Unknown Source)
	at TempTestSuite1596709438886.run(TempTestSuite1596709438886.groovy:36)]]></system-err>
   </testsuite>
</testsuites>
