<?xml version="1.0" encoding="UTF-8"?>
<testsuites name="UAT Test Suite" time="371.958" tests="1" failures="1" errors="0">
   <testsuite name="UAT Test Suite" tests="1" failures="1" errors="0" time="371.958" timestamp="2020-08-19 14:30:30" hostname="LENOVO - DESKTOP-CP3TV4N" id="Test Suites/Maya UAT/UAT Test Suite">
      <properties>
         <property name="deviceName" value="Xiaomi Redmi Note 7S (Android 9)"/>
         <property name="devicePlatform" value=""/>
         <property name="logFolder" value="C:\\Users\\LENOVO\\Git_new\\Maya\\Reports\\20200819_143026\\Maya UAT\\UAT Test Suite\\20200819_143026"/>
         <property name="logFiles" value="C:\\Users\\LENOVO\\Git_new\\Maya\\Reports\\20200819_143026\\Maya UAT\\UAT Test Suite\\20200819_143026\\appium.log, C:\\Users\\LENOVO\\Git_new\\Maya\\Reports\\20200819_143026\\Maya UAT\\UAT Test Suite\\20200819_143026\\execution0.log"/>
         <property name="attachments" value="C:\\Users\\LENOVO\\Git_new\\Maya\\Reports\\20200819_143026\\Maya UAT\\UAT Test Suite\\20200819_143026\\1597818697724.png, C:\\Users\\LENOVO\\Git_new\\Maya\\Reports\\20200819_143026\\Maya UAT\\UAT Test Suite\\20200819_143026\\1597818711982.png, C:\\Users\\LENOVO\\Screenshot\\KLIATicket\\Ticket1.png, C:\\Users\\LENOVO\\Screenshot\\KLIATicket\\Ticket2.png, C:\\Users\\LENOVO\\Screenshot\\KLIATicket\\Ticket3.png, C:\\Users\\LENOVO\\Screenshot\\KLIATicket\\Ticket4.png, C:\\Users\\LENOVO\\Screenshot\\KLIATicket\\Ticket5.png, C:\\Users\\LENOVO\\Screenshot\\KLIATicket\\Ticket6.png, C:\\Users\\LENOVO\\Screenshot\\KLIATicket\\Ticket7.png, C:\\Users\\LENOVO\\Screenshot\\KLIATicket\\Ticket8.png, C:\\Users\\LENOVO\\Git_new\\Maya\\Reports\\20200819_143026\\Maya UAT\\UAT Test Suite\\20200819_143026\\1597818818784.png, C:\\Users\\LENOVO\\Git_new\\Maya\\Reports\\20200819_143026\\Maya UAT\\UAT Test Suite\\20200819_143026\\1597818841487.png, C:\\Users\\LENOVO\\Screenshot\\KLIATicket\\Ticket10.png, C:\\Users\\LENOVO\\Screenshot\\KLIATicket\\Ticket11.png, C:\\Users\\LENOVO\\Screenshot\\KLIATicket\\Ticket13.png, C:\\Users\\LENOVO\\Screenshot\\KLIATicket\\Ticket53.png, C:\\Users\\LENOVO\\Screenshot\\KLIATicket\\Ticket9.png, C:\\Users\\LENOVO\\Screenshot\\KLIATicket\\Ticket14.png, C:\\Users\\LENOVO\\Screenshot\\KLIATicket\\Ticket15.png, C:\\Users\\LENOVO\\Screenshot\\KLIATicket\\Ticket16.png"/>
         <property name="hostName" value="LENOVO - DESKTOP-CP3TV4N"/>
         <property name="os" value="Windows 10 64bit"/>
         <property name="appiumServerStatus" value="{\&quot;value\&quot;:{\&quot;build\&quot;:{\&quot;version\&quot;:\&quot;1.15.1\&quot;}},\&quot;sessionId\&quot;:null,\&quot;status\&quot;:0}"/>
         <property name="katalonVersion" value="7.2.7.1"/>
         <property name="deviceOS" value="Android"/>
         <property name="appiumVersion" value="1.15.1"/>
         <property name="deviceModel" value="Redmi Note 7S"/>
         <property name="hostAddress" value="192.168.43.112"/>
         <property name="deviceManufacturer" value="Xiaomi"/>
         <property name="deviceId" value="11cb9864"/>
         <property name="deviceName" value="Xiaomi Redmi Note 7S (Android 9)"/>
         <property name="deviceOSVersion" value="9"/>
      </properties>
      <testcase name="Test Cases/JINU/KLIA Express/KLIA" time="367.396" classname="Test Cases/JINU/KLIA Express/KLIA" status="FAILED">
         <failure type="FAILED" message="Test Cases/JINU/KLIA Express/KLIA FAILED.
Reason:
com.kms.katalon.core.exception.StepFailedException: Object Object Repository/Maya/DuitnowRegT/android.widget.ImageView0 (1) not found
	at com.kms.katalon.core.keyword.internal.KeywordMain.stepFailed(KeywordMain.groovy:39)
	at com.kms.katalon.core.mobile.keyword.internal.MobileKeywordMain.stepFailed(MobileKeywordMain.groovy:40)
	at com.kms.katalon.core.mobile.keyword.builtin.TapKeyword$_tap_closure1.doCall(TapKeyword.groovy:79)
	at com.kms.katalon.core.mobile.keyword.builtin.TapKeyword$_tap_closure1.call(TapKeyword.groovy)
	at com.kms.katalon.core.mobile.keyword.internal.MobileKeywordMain.runKeyword(MobileKeywordMain.groovy:21)
	at com.kms.katalon.core.mobile.keyword.builtin.TapKeyword.tap(TapKeyword.groovy:86)
	at com.kms.katalon.core.mobile.keyword.builtin.TapKeyword.execute(TapKeyword.groovy:68)
	at com.kms.katalon.core.keyword.internal.KeywordExecutor.executeKeywordForPlatform(KeywordExecutor.groovy:72)
	at com.kms.katalon.core.mobile.keyword.MobileBuiltInKeywords.tap(MobileBuiltInKeywords.groovy:577)
	at com.kms.katalon.core.mobile.keyword.MobileBuiltInKeywords$tap$0.call(Unknown Source)
	at KLIA.run(KLIA:37)
	at com.kms.katalon.core.main.ScriptEngine.run(ScriptEngine.java:194)
	at com.kms.katalon.core.main.ScriptEngine.runScriptAsRawText(ScriptEngine.java:119)
	at com.kms.katalon.core.main.TestCaseExecutor.runScript(TestCaseExecutor.java:337)
	at com.kms.katalon.core.main.TestCaseExecutor.doExecute(TestCaseExecutor.java:328)
	at com.kms.katalon.core.main.TestCaseExecutor.processExecutionPhase(TestCaseExecutor.java:307)
	at com.kms.katalon.core.main.TestCaseExecutor.accessMainPhase(TestCaseExecutor.java:299)
	at com.kms.katalon.core.main.TestCaseExecutor.execute(TestCaseExecutor.java:233)
	at com.kms.katalon.core.main.TestSuiteExecutor.accessTestCaseMainPhase(TestSuiteExecutor.java:169)
	at com.kms.katalon.core.main.TestSuiteExecutor.accessTestSuiteMainPhase(TestSuiteExecutor.java:142)
	at com.kms.katalon.core.main.TestSuiteExecutor.execute(TestSuiteExecutor.java:91)
	at com.kms.katalon.core.main.TestCaseMain.startTestSuite(TestCaseMain.java:157)
	at com.kms.katalon.core.main.TestCaseMain$startTestSuite$0.call(Unknown Source)
	at TempTestSuite1597818626943.run(TempTestSuite1597818626943.groovy:36)
"/>
         <system-out><![CDATA[2020-08-19 14:30:30 - [TEST_CASE][FAILED] - Test Cases/JINU/KLIA Express/KLIA: Test Cases/JINU/KLIA Express/KLIA FAILED.
Reason:
com.kms.katalon.core.exception.StepFailedException: Object Object Repository/Maya/DuitnowRegT/android.widget.ImageView0 (1) not found
	at com.kms.katalon.core.keyword.internal.KeywordMain.stepFailed(KeywordMain.groovy:39)
	at com.kms.katalon.core.mobile.keyword.internal.MobileKeywordMain.stepFailed(MobileKeywordMain.groovy:40)
	at com.kms.katalon.core.mobile.keyword.builtin.TapKeyword$_tap_closure1.doCall(TapKeyword.groovy:79)
	at com.kms.katalon.core.mobile.keyword.builtin.TapKeyword$_tap_closure1.call(TapKeyword.groovy)
	at com.kms.katalon.core.mobile.keyword.internal.MobileKeywordMain.runKeyword(MobileKeywordMain.groovy:21)
	at com.kms.katalon.core.mobile.keyword.builtin.TapKeyword.tap(TapKeyword.groovy:86)
	at com.kms.katalon.core.mobile.keyword.builtin.TapKeyword.execute(TapKeyword.groovy:68)
	at com.kms.katalon.core.keyword.internal.KeywordExecutor.executeKeywordForPlatform(KeywordExecutor.groovy:72)
	at com.kms.katalon.core.mobile.keyword.MobileBuiltInKeywords.tap(MobileBuiltInKeywords.groovy:577)
	at com.kms.katalon.core.mobile.keyword.MobileBuiltInKeywords$tap$0.call(Unknown Source)
	at KLIA.run(KLIA:37)
	at com.kms.katalon.core.main.ScriptEngine.run(ScriptEngine.java:194)
	at com.kms.katalon.core.main.ScriptEngine.runScriptAsRawText(ScriptEngine.java:119)
	at com.kms.katalon.core.main.TestCaseExecutor.runScript(TestCaseExecutor.java:337)
	at com.kms.katalon.core.main.TestCaseExecutor.doExecute(TestCaseExecutor.java:328)
	at com.kms.katalon.core.main.TestCaseExecutor.processExecutionPhase(TestCaseExecutor.java:307)
	at com.kms.katalon.core.main.TestCaseExecutor.accessMainPhase(TestCaseExecutor.java:299)
	at com.kms.katalon.core.main.TestCaseExecutor.execute(TestCaseExecutor.java:233)
	at com.kms.katalon.core.main.TestSuiteExecutor.accessTestCaseMainPhase(TestSuiteExecutor.java:169)
	at com.kms.katalon.core.main.TestSuiteExecutor.accessTestSuiteMainPhase(TestSuiteExecutor.java:142)
	at com.kms.katalon.core.main.TestSuiteExecutor.execute(TestSuiteExecutor.java:91)
	at com.kms.katalon.core.main.TestCaseMain.startTestSuite(TestCaseMain.java:157)
	at com.kms.katalon.core.main.TestCaseMain$startTestSuite$0.call(Unknown Source)
	at TempTestSuite1597818626943.run(TempTestSuite1597818626943.groovy:36)


2020-08-19 14:30:32 - [TEST_STEP][PASSED] - startApplication("C:\Users\LENOVO\Katalon Studio\app-uat-universal-release.apk", false): Started app at: 'C:\Users\LENOVO\Katalon Studio\app-uat-universal-release.apk'

2020-08-19 14:30:32 - [MESSAGE][INFO] - User set preference: ['appWaitActivity', '*']

2020-08-19 14:30:32 - [MESSAGE][INFO] - User set preference: ['appWaitPackage', 'com.maybank2u.life.uat']

2020-08-19 14:30:32 - [MESSAGE][INFO] - User set preference: ['appWaitDuration', '50,000']

2020-08-19 14:30:32 - [MESSAGE][INFO] - User set preference: ['deviceId', '11cb9864']

2020-08-19 14:30:35 - [MESSAGE][INFO] - Appium server started on port 60,021

2020-08-19 14:30:59 - [MESSAGE][PASSED] - Started app at: 'C:\Users\LENOVO\Katalon Studio\app-uat-universal-release.apk'

2020-08-19 14:30:59 - [TEST_STEP][PASSED] - tap(findTestObject("Maya/DuitnowRegT/android.widget.ImageView0"), 0): Tapped on element 'Object Repository/Maya/DuitnowRegT/android.widget.ImageView0'

2020-08-19 14:30:59 - [MESSAGE][WARNING] - Timeout '0' is invalid. Using default page load timeout: '10'

2020-08-19 14:31:10 - [MESSAGE][PASSED] - Tapped on element 'Object Repository/Maya/DuitnowRegT/android.widget.ImageView0'

2020-08-19 14:31:10 - [TEST_STEP][PASSED] - tap(findTestObject("Maya/DuitnowRegT/android.widget.TextView0 - 2"), 0): Tapped on element 'Object Repository/Maya/DuitnowRegT/android.widget.TextView0 - 2'

2020-08-19 14:31:10 - [MESSAGE][WARNING] - Timeout '0' is invalid. Using default page load timeout: '10'

2020-08-19 14:31:14 - [MESSAGE][PASSED] - Tapped on element 'Object Repository/Maya/DuitnowRegT/android.widget.TextView0 - 2'

2020-08-19 14:31:14 - [TEST_STEP][PASSED] - tap(findTestObject("Maya/DuitnowRegT/android.widget.TextView0 - 3"), 0): Tapped on element 'Object Repository/Maya/DuitnowRegT/android.widget.TextView0 - 3'

2020-08-19 14:31:14 - [MESSAGE][WARNING] - Timeout '0' is invalid. Using default page load timeout: '10'

2020-08-19 14:31:17 - [MESSAGE][PASSED] - Tapped on element 'Object Repository/Maya/DuitnowRegT/android.widget.TextView0 - 3'

2020-08-19 14:31:17 - [TEST_STEP][PASSED] - tap(findTestObject("Maya/DuitnowRegT/android.widget.TextView0 - 0"), 0): Tapped on element 'Object Repository/Maya/DuitnowRegT/android.widget.TextView0 - 0'

2020-08-19 14:31:17 - [MESSAGE][WARNING] - Timeout '0' is invalid. Using default page load timeout: '10'

2020-08-19 14:31:19 - [MESSAGE][PASSED] - Tapped on element 'Object Repository/Maya/DuitnowRegT/android.widget.TextView0 - 0'

2020-08-19 14:31:19 - [TEST_STEP][PASSED] - tap(findTestObject("Maya/DuitnowRegT/android.widget.TextView0 - 9"), 0): Tapped on element 'Object Repository/Maya/DuitnowRegT/android.widget.TextView0 - 9'

2020-08-19 14:31:20 - [MESSAGE][WARNING] - Timeout '0' is invalid. Using default page load timeout: '10'

2020-08-19 14:31:22 - [MESSAGE][PASSED] - Tapped on element 'Object Repository/Maya/DuitnowRegT/android.widget.TextView0 - 9'

2020-08-19 14:31:22 - [TEST_STEP][PASSED] - tap(findTestObject("Maya/DuitnowRegT/android.widget.TextView0 - 8"), 0): Tapped on element 'Object Repository/Maya/DuitnowRegT/android.widget.TextView0 - 8'

2020-08-19 14:31:22 - [MESSAGE][WARNING] - Timeout '0' is invalid. Using default page load timeout: '10'

2020-08-19 14:31:25 - [MESSAGE][PASSED] - Tapped on element 'Object Repository/Maya/DuitnowRegT/android.widget.TextView0 - 8'

2020-08-19 14:31:25 - [TEST_STEP][PASSED] - tap(findTestObject("Maya/DuitnowRegT/android.widget.TextView0 - 3"), 0): Tapped on element 'Object Repository/Maya/DuitnowRegT/android.widget.TextView0 - 3'

2020-08-19 14:31:25 - [MESSAGE][WARNING] - Timeout '0' is invalid. Using default page load timeout: '10'

2020-08-19 14:31:27 - [MESSAGE][PASSED] - Tapped on element 'Object Repository/Maya/DuitnowRegT/android.widget.TextView0 - 3'

2020-08-19 14:31:27 - [TEST_STEP][FAILED] - tap(findTestObject("Maya/DuitnowRegT/android.widget.ImageView0 (1)"), 0): Object Object Repository/Maya/DuitnowRegT/android.widget.ImageView0 (1) not found

2020-08-19 14:31:27 - [MESSAGE][WARNING] - Timeout '0' is invalid. Using default page load timeout: '10'

2020-08-19 14:31:39 - [MESSAGE][FAILED] - Object Object Repository/Maya/DuitnowRegT/android.widget.ImageView0 (1) not found
[[ATTACHMENT|C:\\Users\\LENOVO\\Git_new\\Maya\\Reports\\20200819_143026\\Maya UAT\\UAT Test Suite\\20200819_143026\\1597818697724.png]]

2020-08-19 14:31:39 - [TEST_STEP][PASSED] - getText(findTestObject("Maya/drop4 CR/android.widget.TextView0 - RM 1171.85-Current balance"), 0): Text of element 'Object Repository/Maya/drop4 CR/android.widget.TextView0 - RM 1171.85-Current balance' is: 'RM 5,906.12'

2020-08-19 14:31:39 - [MESSAGE][WARNING] - Timeout '0' is invalid. Using default page load timeout: '10'

2020-08-19 14:31:40 - [MESSAGE][PASSED] - Text of element 'Object Repository/Maya/drop4 CR/android.widget.TextView0 - RM 1171.85-Current balance' is: 'RM 5,906.12'

2020-08-19 14:31:40 - [TEST_STEP][PASSED] - trx6 = 85-Current balance"), 0).substring(3): Text of element 'Object Repository/Maya/drop4 CR/android.widget.TextView0 - RM 1171.85-Current balance' is: 'RM 5,906.12'

2020-08-19 14:31:40 - [MESSAGE][WARNING] - Timeout '0' is invalid. Using default page load timeout: '10'

2020-08-19 14:31:41 - [MESSAGE][PASSED] - Text of element 'Object Repository/Maya/drop4 CR/android.widget.TextView0 - RM 1171.85-Current balance' is: 'RM 5,906.12'

2020-08-19 14:31:41 - [TEST_STEP][PASSED] - trx61 = trx6.replaceAll("[^a-zA-Z0-9]+", ""): null

2020-08-19 14:31:41 - [TEST_STEP][PASSED] - out.println(trx61): null

2020-08-19 14:31:41 - [TEST_STEP][PASSED] - trx611 = trx61: null

2020-08-19 14:31:41 - [TEST_STEP][PASSED] - out.println(trx611): null

2020-08-19 14:31:41 - [TEST_STEP][FAILED] - tap(findTestObject("Maya/KLIA/android.widget.ImageView0 (4)"), 0): Object Object Repository/Maya/KLIA/android.widget.ImageView0 (4) not found

2020-08-19 14:31:41 - [MESSAGE][WARNING] - Timeout '0' is invalid. Using default page load timeout: '10'

2020-08-19 14:31:53 - [MESSAGE][FAILED] - Object Object Repository/Maya/KLIA/android.widget.ImageView0 (4) not found
[[ATTACHMENT|C:\\Users\\LENOVO\\Git_new\\Maya\\Reports\\20200819_143026\\Maya UAT\\UAT Test Suite\\20200819_143026\\1597818711982.png]]

2020-08-19 14:31:53 - [TEST_STEP][PASSED] - tap(findTestObject("Maya/KLIA/android.widget.TextView0 - More"), 0): Tapped on element 'Object Repository/Maya/KLIA/android.widget.TextView0 - More'

2020-08-19 14:31:53 - [MESSAGE][WARNING] - Timeout '0' is invalid. Using default page load timeout: '10'

2020-08-19 14:32:07 - [MESSAGE][PASSED] - Tapped on element 'Object Repository/Maya/KLIA/android.widget.TextView0 - More'

2020-08-19 14:32:07 - [TEST_STEP][PASSED] - delay(2, STOP_ON_FAILURE): Delayed 2 second(s)

2020-08-19 14:32:09 - [MESSAGE][PASSED] - Delayed 2 second(s)

2020-08-19 14:32:09 - [TEST_STEP][PASSED] - takeScreenshot("C:\Users\LENOVO\Screenshot\KLIATicket\Ticket1.png", STOP_ON_FAILURE): Screenshot is taken

2020-08-19 14:32:10 - [MESSAGE][PASSED] - Screenshot is taken
[[ATTACHMENT|C:\\Users\\LENOVO\\Screenshot\\KLIATicket\\Ticket1.png]]

2020-08-19 14:32:10 - [TEST_STEP][PASSED] - tap(findTestObject("Maya/KLIA/android.widget.TextView0 - ERL Tickets"), 0): Tapped on element 'Object Repository/Maya/KLIA/android.widget.TextView0 - ERL Tickets'

2020-08-19 14:32:11 - [MESSAGE][WARNING] - Timeout '0' is invalid. Using default page load timeout: '10'

2020-08-19 14:32:13 - [MESSAGE][PASSED] - Tapped on element 'Object Repository/Maya/KLIA/android.widget.TextView0 - ERL Tickets'

2020-08-19 14:32:13 - [TEST_STEP][PASSED] - getText(findTestObject("Maya/KLIA/android.widget.TextView0 - KLIA Ekspres"), 0): Text of element 'Object Repository/Maya/KLIA/android.widget.TextView0 - KLIA Ekspres' is: 'KLIA Ekspres'

2020-08-19 14:32:13 - [MESSAGE][WARNING] - Timeout '0' is invalid. Using default page load timeout: '10'

2020-08-19 14:32:14 - [MESSAGE][PASSED] - Text of element 'Object Repository/Maya/KLIA/android.widget.TextView0 - KLIA Ekspres' is: 'KLIA Ekspres'

2020-08-19 14:32:14 - [TEST_STEP][PASSED] - delay(2, STOP_ON_FAILURE): Delayed 2 second(s)

2020-08-19 14:32:16 - [MESSAGE][PASSED] - Delayed 2 second(s)

2020-08-19 14:32:16 - [TEST_STEP][PASSED] - takeScreenshot("C:\Users\LENOVO\Screenshot\KLIATicket\Ticket2.png", STOP_ON_FAILURE): Screenshot is taken

2020-08-19 14:32:17 - [MESSAGE][PASSED] - Screenshot is taken
[[ATTACHMENT|C:\\Users\\LENOVO\\Screenshot\\KLIATicket\\Ticket2.png]]

2020-08-19 14:32:17 - [TEST_STEP][PASSED] - tap(findTestObject("Maya/KLIA/android.widget.TextView0 - Buy Tickets"), 0): Tapped on element 'Object Repository/Maya/KLIA/android.widget.TextView0 - Buy Tickets'

2020-08-19 14:32:18 - [MESSAGE][WARNING] - Timeout '0' is invalid. Using default page load timeout: '10'

2020-08-19 14:32:20 - [MESSAGE][PASSED] - Tapped on element 'Object Repository/Maya/KLIA/android.widget.TextView0 - Buy Tickets'

2020-08-19 14:32:20 - [TEST_STEP][PASSED] - getText(findTestObject("Maya/KLIA/android.widget.TextView0 - From"), 0): Text of element 'Object Repository/Maya/KLIA/android.widget.TextView0 - From' is: 'From'

2020-08-19 14:32:20 - [MESSAGE][WARNING] - Timeout '0' is invalid. Using default page load timeout: '10'

2020-08-19 14:32:20 - [MESSAGE][PASSED] - Text of element 'Object Repository/Maya/KLIA/android.widget.TextView0 - From' is: 'From'

2020-08-19 14:32:20 - [TEST_STEP][PASSED] - verifyElementExist(findTestObject("Maya/KLIA/android.widget.TextView0 - From"), 0): Element 'Object Repository/Maya/KLIA/android.widget.TextView0 - From' is exist

2020-08-19 14:32:21 - [MESSAGE][WARNING] - Timeout '0' is invalid. Using default page load timeout: '10'

2020-08-19 14:32:21 - [MESSAGE][PASSED] - Element 'Object Repository/Maya/KLIA/android.widget.TextView0 - From' is exist

2020-08-19 14:32:21 - [TEST_STEP][PASSED] - tap(findTestObject("Maya/KLIA/android.widget.ImageView0"), 0): Tapped on element 'Object Repository/Maya/KLIA/android.widget.ImageView0'

2020-08-19 14:32:21 - [MESSAGE][WARNING] - Timeout '0' is invalid. Using default page load timeout: '10'

2020-08-19 14:32:22 - [MESSAGE][PASSED] - Tapped on element 'Object Repository/Maya/KLIA/android.widget.ImageView0'

2020-08-19 14:32:22 - [TEST_STEP][PASSED] - tap(findTestObject("Maya/KLIA/android.widget.TextView0 - Done"), 0): Tapped on element 'Object Repository/Maya/KLIA/android.widget.TextView0 - Done'

2020-08-19 14:32:22 - [MESSAGE][WARNING] - Timeout '0' is invalid. Using default page load timeout: '10'

2020-08-19 14:32:24 - [MESSAGE][PASSED] - Tapped on element 'Object Repository/Maya/KLIA/android.widget.TextView0 - Done'

2020-08-19 14:32:24 - [TEST_STEP][PASSED] - getText(findTestObject("Maya/KLIA/android.widget.TextView0 - To"), 0): Text of element 'Object Repository/Maya/KLIA/android.widget.TextView0 - To' is: 'To'

2020-08-19 14:32:24 - [MESSAGE][WARNING] - Timeout '0' is invalid. Using default page load timeout: '10'

2020-08-19 14:32:25 - [MESSAGE][PASSED] - Text of element 'Object Repository/Maya/KLIA/android.widget.TextView0 - To' is: 'To'

2020-08-19 14:32:25 - [TEST_STEP][PASSED] - verifyElementExist(findTestObject("Maya/KLIA/android.widget.TextView0 - To"), 0): Element 'Object Repository/Maya/KLIA/android.widget.TextView0 - To' is exist

2020-08-19 14:32:25 - [MESSAGE][WARNING] - Timeout '0' is invalid. Using default page load timeout: '10'

2020-08-19 14:32:25 - [MESSAGE][PASSED] - Element 'Object Repository/Maya/KLIA/android.widget.TextView0 - To' is exist

2020-08-19 14:32:25 - [TEST_STEP][PASSED] - tap(findTestObject("Maya/KLIA/android.widget.ImageView0 (1)"), 0): Tapped on element 'Object Repository/Maya/KLIA/android.widget.ImageView0 (1)'

2020-08-19 14:32:25 - [MESSAGE][WARNING] - Timeout '0' is invalid. Using default page load timeout: '10'

2020-08-19 14:32:26 - [MESSAGE][PASSED] - Tapped on element 'Object Repository/Maya/KLIA/android.widget.ImageView0 (1)'

2020-08-19 14:32:26 - [TEST_STEP][PASSED] - delay(2, STOP_ON_FAILURE): Delayed 2 second(s)

2020-08-19 14:32:28 - [MESSAGE][PASSED] - Delayed 2 second(s)

2020-08-19 14:32:28 - [TEST_STEP][PASSED] - takeScreenshot("C:\Users\LENOVO\Screenshot\KLIATicket\Ticket3.png", STOP_ON_FAILURE): Screenshot is taken

2020-08-19 14:32:29 - [MESSAGE][PASSED] - Screenshot is taken
[[ATTACHMENT|C:\\Users\\LENOVO\\Screenshot\\KLIATicket\\Ticket3.png]]

2020-08-19 14:32:29 - [TEST_STEP][PASSED] - tap(findTestObject("Maya/KLIA/android.widget.TextView0 - Done"), 0): Tapped on element 'Object Repository/Maya/KLIA/android.widget.TextView0 - Done'

2020-08-19 14:32:29 - [MESSAGE][WARNING] - Timeout '0' is invalid. Using default page load timeout: '10'

2020-08-19 14:32:30 - [MESSAGE][PASSED] - Tapped on element 'Object Repository/Maya/KLIA/android.widget.TextView0 - Done'

2020-08-19 14:32:30 - [TEST_STEP][PASSED] - tap(findTestObject("Maya/KLIA/android.widget.TextView0 - Continue"), 0): Tapped on element 'Object Repository/Maya/KLIA/android.widget.TextView0 - Continue'

2020-08-19 14:32:31 - [MESSAGE][WARNING] - Timeout '0' is invalid. Using default page load timeout: '10'

2020-08-19 14:32:33 - [MESSAGE][PASSED] - Tapped on element 'Object Repository/Maya/KLIA/android.widget.TextView0 - Continue'

2020-08-19 14:32:33 - [TEST_STEP][PASSED] - getText(findTestObject("Maya/KLIA/android.widget.TextView0 - Select travel date"), 0): Text of element 'Object Repository/Maya/KLIA/android.widget.TextView0 - Select travel date' is: 'Select travel date'

2020-08-19 14:32:33 - [MESSAGE][WARNING] - Timeout '0' is invalid. Using default page load timeout: '10'

2020-08-19 14:32:34 - [MESSAGE][PASSED] - Text of element 'Object Repository/Maya/KLIA/android.widget.TextView0 - Select travel date' is: 'Select travel date'

2020-08-19 14:32:34 - [TEST_STEP][PASSED] - verifyElementExist(findTestObject("Maya/KLIA/android.widget.TextView0 - Select travel date"), 0): Element 'Object Repository/Maya/KLIA/android.widget.TextView0 - Select travel date' is exist

2020-08-19 14:32:34 - [MESSAGE][WARNING] - Timeout '0' is invalid. Using default page load timeout: '10'

2020-08-19 14:32:34 - [MESSAGE][PASSED] - Element 'Object Repository/Maya/KLIA/android.widget.TextView0 - Select travel date' is exist

2020-08-19 14:32:34 - [TEST_STEP][PASSED] - delay(2, STOP_ON_FAILURE): Delayed 2 second(s)

2020-08-19 14:32:36 - [MESSAGE][PASSED] - Delayed 2 second(s)

2020-08-19 14:32:36 - [TEST_STEP][PASSED] - takeScreenshot("C:\Users\LENOVO\Screenshot\KLIATicket\Ticket4.png", STOP_ON_FAILURE): Screenshot is taken

2020-08-19 14:32:38 - [MESSAGE][PASSED] - Screenshot is taken
[[ATTACHMENT|C:\\Users\\LENOVO\\Screenshot\\KLIATicket\\Ticket4.png]]

2020-08-19 14:32:38 - [TEST_STEP][PASSED] - tap(findTestObject("Maya/KLIA/android.widget.ImageView0 (2)"), 0): Tapped on element 'Object Repository/Maya/KLIA/android.widget.ImageView0 (2)'

2020-08-19 14:32:38 - [MESSAGE][WARNING] - Timeout '0' is invalid. Using default page load timeout: '10'

2020-08-19 14:32:38 - [MESSAGE][PASSED] - Tapped on element 'Object Repository/Maya/KLIA/android.widget.ImageView0 (2)'

2020-08-19 14:32:38 - [TEST_STEP][NOT_RUN] - tap(findTestObject("Maya/KLIA/android.view.ViewGroup0"), 0): NOT_RUN: tap(findTestObject("Maya/KLIA/android.view.ViewGroup0"), 0)

2020-08-19 14:32:38 - [MESSAGE][NOT_RUN] - NOT_RUN: tap(findTestObject("Maya/KLIA/android.view.ViewGroup0"), 0)

2020-08-19 14:32:38 - [TEST_STEP][PASSED] - tap(findTestObject("Maya/KLIA/android.widget.EditText0 - Enter date"), 0): Tapped on element 'Object Repository/Maya/KLIA/android.widget.EditText0 - Enter date'

2020-08-19 14:32:38 - [MESSAGE][WARNING] - Timeout '0' is invalid. Using default page load timeout: '10'

2020-08-19 14:32:41 - [MESSAGE][PASSED] - Tapped on element 'Object Repository/Maya/KLIA/android.widget.EditText0 - Enter date'

2020-08-19 14:32:41 - [TEST_STEP][PASSED] - tap(findTestObject("Maya/KLIA/android.widget.ImageView0nEXT mONTH"), 0): Tapped on element 'Object Repository/Maya/KLIA/android.widget.ImageView0nEXT mONTH'

2020-08-19 14:32:41 - [MESSAGE][WARNING] - Timeout '0' is invalid. Using default page load timeout: '10'

2020-08-19 14:32:43 - [MESSAGE][PASSED] - Tapped on element 'Object Repository/Maya/KLIA/android.widget.ImageView0nEXT mONTH'

2020-08-19 14:32:43 - [TEST_STEP][PASSED] - tap(findTestObject("Maya/KLIA/android.widget.TextView0 - 1"), 0): Tapped on element 'Object Repository/Maya/KLIA/android.widget.TextView0 - 1'

2020-08-19 14:32:43 - [MESSAGE][WARNING] - Timeout '0' is invalid. Using default page load timeout: '10'

2020-08-19 14:32:46 - [MESSAGE][PASSED] - Tapped on element 'Object Repository/Maya/KLIA/android.widget.TextView0 - 1'

2020-08-19 14:32:46 - [TEST_STEP][PASSED] - tap(findTestObject("Maya/KLIA/android.widget.TextView0 - Done (1)"), 0): Tapped on element 'Object Repository/Maya/KLIA/android.widget.TextView0 - Done (1)'

2020-08-19 14:32:46 - [MESSAGE][WARNING] - Timeout '0' is invalid. Using default page load timeout: '10'

2020-08-19 14:32:47 - [MESSAGE][PASSED] - Tapped on element 'Object Repository/Maya/KLIA/android.widget.TextView0 - Done (1)'

2020-08-19 14:32:47 - [TEST_STEP][PASSED] - delay(2, STOP_ON_FAILURE): Delayed 2 second(s)

2020-08-19 14:32:49 - [MESSAGE][PASSED] - Delayed 2 second(s)

2020-08-19 14:32:49 - [TEST_STEP][PASSED] - takeScreenshot("C:\Users\LENOVO\Screenshot\KLIATicket\Ticket5.png", STOP_ON_FAILURE): Screenshot is taken

2020-08-19 14:32:50 - [MESSAGE][PASSED] - Screenshot is taken
[[ATTACHMENT|C:\\Users\\LENOVO\\Screenshot\\KLIATicket\\Ticket5.png]]

2020-08-19 14:32:50 - [TEST_STEP][PASSED] - delay(5, STOP_ON_FAILURE): Delayed 5 second(s)

2020-08-19 14:32:55 - [MESSAGE][PASSED] - Delayed 5 second(s)

2020-08-19 14:32:55 - [TEST_STEP][PASSED] - swipe(823, 971, 802, 200): Swiped from 823,971 to 802,200

2020-08-19 14:32:58 - [MESSAGE][PASSED] - Swiped from 823,971 to 802,200

2020-08-19 14:32:58 - [TEST_STEP][PASSED] - tap(findTestObject("Maya/KLIA/android.widget.TextView0 - Single Trip"), 0): Tapped on element 'Object Repository/Maya/KLIA/android.widget.TextView0 - Single Trip'

2020-08-19 14:32:58 - [MESSAGE][WARNING] - Timeout '0' is invalid. Using default page load timeout: '10'

2020-08-19 14:32:59 - [MESSAGE][PASSED] - Tapped on element 'Object Repository/Maya/KLIA/android.widget.TextView0 - Single Trip'

2020-08-19 14:32:59 - [TEST_STEP][NOT_RUN] - tap(findTestObject("Maya/KLIA/android.widget.ImageView0 (2)"), 0): NOT_RUN: tap(findTestObject("Maya/KLIA/android.widget.ImageView0 (2)"), 0)

2020-08-19 14:32:59 - [MESSAGE][NOT_RUN] - NOT_RUN: tap(findTestObject("Maya/KLIA/android.widget.ImageView0 (2)"), 0)

2020-08-19 14:32:59 - [TEST_STEP][PASSED] - tap(findTestObject("Maya/KLIA/android.widget.TextView0 - Continue (1)"), 0): Tapped on element 'Object Repository/Maya/KLIA/android.widget.TextView0 - Continue (1)'

2020-08-19 14:32:59 - [MESSAGE][WARNING] - Timeout '0' is invalid. Using default page load timeout: '10'

2020-08-19 14:33:01 - [MESSAGE][PASSED] - Tapped on element 'Object Repository/Maya/KLIA/android.widget.TextView0 - Continue (1)'

2020-08-19 14:33:01 - [TEST_STEP][PASSED] - getText(findTestObject("Maya/KLIA/android.widget.TextView0 - Summary"), 0): Text of element 'Object Repository/Maya/KLIA/android.widget.TextView0 - Summary' is: 'Summary'

2020-08-19 14:33:01 - [MESSAGE][WARNING] - Timeout '0' is invalid. Using default page load timeout: '10'

2020-08-19 14:33:01 - [MESSAGE][PASSED] - Text of element 'Object Repository/Maya/KLIA/android.widget.TextView0 - Summary' is: 'Summary'

2020-08-19 14:33:01 - [TEST_STEP][PASSED] - verifyElementExist(findTestObject("Maya/KLIA/android.widget.TextView0 - Summary"), 0): Element 'Object Repository/Maya/KLIA/android.widget.TextView0 - Summary' is exist

2020-08-19 14:33:01 - [MESSAGE][WARNING] - Timeout '0' is invalid. Using default page load timeout: '10'

2020-08-19 14:33:01 - [MESSAGE][PASSED] - Element 'Object Repository/Maya/KLIA/android.widget.TextView0 - Summary' is exist

2020-08-19 14:33:01 - [TEST_STEP][PASSED] - getText(findTestObject("Maya/KLIA/android.widget.TextView0 - From (1)"), 0): Text of element 'Object Repository/Maya/KLIA/android.widget.TextView0 - From (1)' is: 'From'

2020-08-19 14:33:01 - [MESSAGE][WARNING] - Timeout '0' is invalid. Using default page load timeout: '10'

2020-08-19 14:33:02 - [MESSAGE][PASSED] - Text of element 'Object Repository/Maya/KLIA/android.widget.TextView0 - From (1)' is: 'From'

2020-08-19 14:33:02 - [TEST_STEP][PASSED] - verifyElementExist(findTestObject("Maya/KLIA/android.widget.TextView0 - From (1)"), 0): Element 'Object Repository/Maya/KLIA/android.widget.TextView0 - From (1)' is exist

2020-08-19 14:33:02 - [MESSAGE][WARNING] - Timeout '0' is invalid. Using default page load timeout: '10'

2020-08-19 14:33:03 - [MESSAGE][PASSED] - Element 'Object Repository/Maya/KLIA/android.widget.TextView0 - From (1)' is exist

2020-08-19 14:33:03 - [TEST_STEP][PASSED] - getText(findTestObject("Maya/KLIA/android.widget.TextView0 - To (1)"), 0): Text of element 'Object Repository/Maya/KLIA/android.widget.TextView0 - To (1)' is: 'To'

2020-08-19 14:33:03 - [MESSAGE][WARNING] - Timeout '0' is invalid. Using default page load timeout: '10'

2020-08-19 14:33:03 - [MESSAGE][PASSED] - Text of element 'Object Repository/Maya/KLIA/android.widget.TextView0 - To (1)' is: 'To'

2020-08-19 14:33:03 - [TEST_STEP][PASSED] - verifyElementExist(findTestObject("Maya/KLIA/android.widget.TextView0 - To (1)"), 0): Element 'Object Repository/Maya/KLIA/android.widget.TextView0 - To (1)' is exist

2020-08-19 14:33:03 - [MESSAGE][WARNING] - Timeout '0' is invalid. Using default page load timeout: '10'

2020-08-19 14:33:03 - [MESSAGE][PASSED] - Element 'Object Repository/Maya/KLIA/android.widget.TextView0 - To (1)' is exist

2020-08-19 14:33:03 - [TEST_STEP][PASSED] - getText(findTestObject("Maya/KLIA/android.widget.TextView0 - Date"), 0): Text of element 'Object Repository/Maya/KLIA/android.widget.TextView0 - Date' is: 'Date'

2020-08-19 14:33:03 - [MESSAGE][WARNING] - Timeout '0' is invalid. Using default page load timeout: '10'

2020-08-19 14:33:04 - [MESSAGE][PASSED] - Text of element 'Object Repository/Maya/KLIA/android.widget.TextView0 - Date' is: 'Date'

2020-08-19 14:33:04 - [TEST_STEP][PASSED] - verifyElementExist(findTestObject("Maya/KLIA/android.widget.TextView0 - Date"), 0): Element 'Object Repository/Maya/KLIA/android.widget.TextView0 - Date' is exist

2020-08-19 14:33:04 - [MESSAGE][WARNING] - Timeout '0' is invalid. Using default page load timeout: '10'

2020-08-19 14:33:04 - [MESSAGE][PASSED] - Element 'Object Repository/Maya/KLIA/android.widget.TextView0 - Date' is exist

2020-08-19 14:33:04 - [TEST_STEP][PASSED] - getText(findTestObject("Maya/KLIA/android.widget.TextView0 - TICKETS"), 0): Text of element 'Object Repository/Maya/KLIA/android.widget.TextView0 - TICKETS' is: 'TICKETS'

2020-08-19 14:33:04 - [MESSAGE][WARNING] - Timeout '0' is invalid. Using default page load timeout: '10'

2020-08-19 14:33:04 - [MESSAGE][PASSED] - Text of element 'Object Repository/Maya/KLIA/android.widget.TextView0 - TICKETS' is: 'TICKETS'

2020-08-19 14:33:04 - [TEST_STEP][PASSED] - verifyElementExist(findTestObject("Maya/KLIA/android.widget.TextView0 - TICKETS"), 0): Element 'Object Repository/Maya/KLIA/android.widget.TextView0 - TICKETS' is exist

2020-08-19 14:33:04 - [MESSAGE][WARNING] - Timeout '0' is invalid. Using default page load timeout: '10'

2020-08-19 14:33:05 - [MESSAGE][PASSED] - Element 'Object Repository/Maya/KLIA/android.widget.TextView0 - TICKETS' is exist

2020-08-19 14:33:05 - [TEST_STEP][PASSED] - getText(findTestObject("Maya/KLIA/android.widget.TextView0 - Trip"), 0): Text of element 'Object Repository/Maya/KLIA/android.widget.TextView0 - Trip' is: 'Trip'

2020-08-19 14:33:05 - [MESSAGE][WARNING] - Timeout '0' is invalid. Using default page load timeout: '10'

2020-08-19 14:33:05 - [MESSAGE][PASSED] - Text of element 'Object Repository/Maya/KLIA/android.widget.TextView0 - Trip' is: 'Trip'

2020-08-19 14:33:05 - [TEST_STEP][PASSED] - verifyElementExist(findTestObject("Maya/KLIA/android.widget.TextView0 - Trip"), 0): Element 'Object Repository/Maya/KLIA/android.widget.TextView0 - Trip' is exist

2020-08-19 14:33:05 - [MESSAGE][WARNING] - Timeout '0' is invalid. Using default page load timeout: '10'

2020-08-19 14:33:05 - [MESSAGE][PASSED] - Element 'Object Repository/Maya/KLIA/android.widget.TextView0 - Trip' is exist

2020-08-19 14:33:05 - [TEST_STEP][PASSED] - getText(findTestObject("Maya/KLIA/android.widget.TextView0 - Total amount"), 0): Text of element 'Object Repository/Maya/KLIA/android.widget.TextView0 - Total amount' is: 'Total amount'

2020-08-19 14:33:05 - [MESSAGE][WARNING] - Timeout '0' is invalid. Using default page load timeout: '10'

2020-08-19 14:33:06 - [MESSAGE][PASSED] - Text of element 'Object Repository/Maya/KLIA/android.widget.TextView0 - Total amount' is: 'Total amount'

2020-08-19 14:33:06 - [TEST_STEP][PASSED] - verifyElementExist(findTestObject("Maya/KLIA/android.widget.TextView0 - Total amount"), 0): Element 'Object Repository/Maya/KLIA/android.widget.TextView0 - Total amount' is exist

2020-08-19 14:33:06 - [MESSAGE][WARNING] - Timeout '0' is invalid. Using default page load timeout: '10'

2020-08-19 14:33:06 - [MESSAGE][PASSED] - Element 'Object Repository/Maya/KLIA/android.widget.TextView0 - Total amount' is exist

2020-08-19 14:33:06 - [TEST_STEP][PASSED] - delay(2, STOP_ON_FAILURE): Delayed 2 second(s)

2020-08-19 14:33:08 - [MESSAGE][PASSED] - Delayed 2 second(s)

2020-08-19 14:33:08 - [TEST_STEP][PASSED] - takeScreenshot("C:\Users\LENOVO\Screenshot\KLIATicket\Ticket6.png", STOP_ON_FAILURE): Screenshot is taken

2020-08-19 14:33:10 - [MESSAGE][PASSED] - Screenshot is taken
[[ATTACHMENT|C:\\Users\\LENOVO\\Screenshot\\KLIATicket\\Ticket6.png]]

2020-08-19 14:33:10 - [TEST_STEP][PASSED] - tap(findTestObject("Maya/KLIA/android.widget.TextView0 - Continue (2)"), 0): Tapped on element 'Object Repository/Maya/KLIA/android.widget.TextView0 - Continue (2)'

2020-08-19 14:33:10 - [MESSAGE][WARNING] - Timeout '0' is invalid. Using default page load timeout: '10'

2020-08-19 14:33:11 - [MESSAGE][PASSED] - Tapped on element 'Object Repository/Maya/KLIA/android.widget.TextView0 - Continue (2)'

2020-08-19 14:33:11 - [TEST_STEP][PASSED] - setText(findTestObject("Maya/Bus Ticket/android.widget.EditText0 (10)"), "pass1234", 0): Text 'pass1234' has been set to element 'Object Repository/Maya/Bus Ticket/android.widget.EditText0 (10)'

2020-08-19 14:33:12 - [MESSAGE][WARNING] - Timeout '0' is invalid. Using default page load timeout: '10'

2020-08-19 14:33:15 - [MESSAGE][PASSED] - Text 'pass1234' has been set to element 'Object Repository/Maya/Bus Ticket/android.widget.EditText0 (10)'

2020-08-19 14:33:15 - [TEST_STEP][PASSED] - delay(2, STOP_ON_FAILURE): Delayed 2 second(s)

2020-08-19 14:33:17 - [MESSAGE][PASSED] - Delayed 2 second(s)

2020-08-19 14:33:17 - [TEST_STEP][PASSED] - takeScreenshot("C:\Users\LENOVO\Screenshot\KLIATicket\Ticket7.png", STOP_ON_FAILURE): Screenshot is taken

2020-08-19 14:33:18 - [MESSAGE][PASSED] - Screenshot is taken
[[ATTACHMENT|C:\\Users\\LENOVO\\Screenshot\\KLIATicket\\Ticket7.png]]

2020-08-19 14:33:18 - [TEST_STEP][PASSED] - driver = getDriver(): null

2020-08-19 14:33:18 - [TEST_STEP][PASSED] - driver.pressKeyCode(ENTER): null

2020-08-19 14:33:19 - [TEST_STEP][PASSED] - getText(findTestObject("Maya/KLIA/android.widget.TextView0 - RM 60.75"), 0): Text of element 'Object Repository/Maya/KLIA/android.widget.TextView0 - RM 60.75' is: 'RM 60.75'

2020-08-19 14:33:19 - [MESSAGE][WARNING] - Timeout '0' is invalid. Using default page load timeout: '10'

2020-08-19 14:33:24 - [MESSAGE][PASSED] - Text of element 'Object Repository/Maya/KLIA/android.widget.TextView0 - RM 60.75' is: 'RM 60.75'

2020-08-19 14:33:24 - [TEST_STEP][PASSED] - trx5 = 75"), 0).substring(3): Text of element 'Object Repository/Maya/KLIA/android.widget.TextView0 - RM 60.75' is: 'RM 60.75'

2020-08-19 14:33:24 - [MESSAGE][WARNING] - Timeout '0' is invalid. Using default page load timeout: '10'

2020-08-19 14:33:24 - [MESSAGE][PASSED] - Text of element 'Object Repository/Maya/KLIA/android.widget.TextView0 - RM 60.75' is: 'RM 60.75'

2020-08-19 14:33:24 - [TEST_STEP][PASSED] - trx51 = trx5.replaceAll("[^a-zA-Z0-9]+", ""): null

2020-08-19 14:33:24 - [TEST_STEP][PASSED] - out.println(trx51): null

2020-08-19 14:33:24 - [TEST_STEP][PASSED] - trx511 = trx51: null

2020-08-19 14:33:24 - [TEST_STEP][PASSED] - out.println(trx511): null

2020-08-19 14:33:24 - [TEST_STEP][NOT_RUN] - getText(findTestObject("Maya/KLIA/android.widget.TextView0 - Summary"), 0): NOT_RUN: getText(findTestObject("Maya/KLIA/android.widget.TextView0 - Summary"), 0)

2020-08-19 14:33:24 - [MESSAGE][NOT_RUN] - NOT_RUN: getText(findTestObject("Maya/KLIA/android.widget.TextView0 - Summary"), 0)

2020-08-19 14:33:24 - [TEST_STEP][PASSED] - getText(findTestObject("Maya/KLIA/android.widget.TextView0 - Confirmation"), 0): Text of element 'Object Repository/Maya/KLIA/android.widget.TextView0 - Confirmation' is: 'Confirmation'

2020-08-19 14:33:24 - [MESSAGE][WARNING] - Timeout '0' is invalid. Using default page load timeout: '10'

2020-08-19 14:33:25 - [MESSAGE][PASSED] - Text of element 'Object Repository/Maya/KLIA/android.widget.TextView0 - Confirmation' is: 'Confirmation'

2020-08-19 14:33:25 - [TEST_STEP][PASSED] - verifyElementVisible(findTestObject("Maya/KLIA/android.widget.TextView0 - Confirmation"), 0): Element 'Object Repository/Maya/KLIA/android.widget.TextView0 - Confirmation' is visible

2020-08-19 14:33:25 - [MESSAGE][WARNING] - Timeout '0' is invalid. Using default page load timeout: '10'

2020-08-19 14:33:25 - [MESSAGE][PASSED] - Element 'Object Repository/Maya/KLIA/android.widget.TextView0 - Confirmation' is visible

2020-08-19 14:33:25 - [TEST_STEP][PASSED] - getText(findTestObject("Maya/KLIA/android.widget.TextView0 - KLIA Ekspres (1)"), 0): Text of element 'Object Repository/Maya/KLIA/android.widget.TextView0 - KLIA Ekspres (1)' is: 'KLIA Ekspres'

2020-08-19 14:33:25 - [MESSAGE][WARNING] - Timeout '0' is invalid. Using default page load timeout: '10'

2020-08-19 14:33:25 - [MESSAGE][PASSED] - Text of element 'Object Repository/Maya/KLIA/android.widget.TextView0 - KLIA Ekspres (1)' is: 'KLIA Ekspres'

2020-08-19 14:33:25 - [TEST_STEP][PASSED] - verifyElementVisible(findTestObject("Maya/KLIA/android.widget.TextView0 - KLIA Ekspres (1)"), 0): Element 'Object Repository/Maya/KLIA/android.widget.TextView0 - KLIA Ekspres (1)' is visible

2020-08-19 14:33:25 - [MESSAGE][WARNING] - Timeout '0' is invalid. Using default page load timeout: '10'

2020-08-19 14:33:26 - [MESSAGE][PASSED] - Element 'Object Repository/Maya/KLIA/android.widget.TextView0 - KLIA Ekspres (1)' is visible

2020-08-19 14:33:26 - [TEST_STEP][PASSED] - getText(findTestObject("Maya/KLIA/android.widget.TextView0 - 20 Jul 2020"), 0): Text of element 'Object Repository/Maya/KLIA/android.widget.TextView0 - 20 Jul 2020' is: '01 Sep 2020'

2020-08-19 14:33:26 - [MESSAGE][WARNING] - Timeout '0' is invalid. Using default page load timeout: '10'

2020-08-19 14:33:26 - [MESSAGE][PASSED] - Text of element 'Object Repository/Maya/KLIA/android.widget.TextView0 - 20 Jul 2020' is: '01 Sep 2020'

2020-08-19 14:33:26 - [TEST_STEP][PASSED] - verifyElementExist(findTestObject("Maya/KLIA/android.widget.TextView0 - 20 Jul 2020"), 0): Element 'Object Repository/Maya/KLIA/android.widget.TextView0 - 20 Jul 2020' is exist

2020-08-19 14:33:26 - [MESSAGE][WARNING] - Timeout '0' is invalid. Using default page load timeout: '10'

2020-08-19 14:33:27 - [MESSAGE][PASSED] - Element 'Object Repository/Maya/KLIA/android.widget.TextView0 - 20 Jul 2020' is exist

2020-08-19 14:33:27 - [TEST_STEP][PASSED] - getText(findTestObject("Maya/KLIA/android.widget.TextView0 - Pay from"), 0): Text of element 'Object Repository/Maya/KLIA/android.widget.TextView0 - Pay from' is: 'Pay from'

2020-08-19 14:33:27 - [MESSAGE][WARNING] - Timeout '0' is invalid. Using default page load timeout: '10'

2020-08-19 14:33:27 - [MESSAGE][PASSED] - Text of element 'Object Repository/Maya/KLIA/android.widget.TextView0 - Pay from' is: 'Pay from'

2020-08-19 14:33:27 - [TEST_STEP][PASSED] - verifyElementVisible(findTestObject("Maya/KLIA/android.widget.TextView0 - Pay from"), 0): Element 'Object Repository/Maya/KLIA/android.widget.TextView0 - Pay from' is visible

2020-08-19 14:33:27 - [MESSAGE][WARNING] - Timeout '0' is invalid. Using default page load timeout: '10'

2020-08-19 14:33:27 - [MESSAGE][PASSED] - Element 'Object Repository/Maya/KLIA/android.widget.TextView0 - Pay from' is visible

2020-08-19 14:33:27 - [TEST_STEP][PASSED] - getText(findTestObject("Maya/KLIA/android.widget.TextView0 - Date (1)"), 0): Text of element 'Object Repository/Maya/KLIA/android.widget.TextView0 - Date (1)' is: 'Date'

2020-08-19 14:33:28 - [MESSAGE][WARNING] - Timeout '0' is invalid. Using default page load timeout: '10'

2020-08-19 14:33:28 - [MESSAGE][PASSED] - Text of element 'Object Repository/Maya/KLIA/android.widget.TextView0 - Date (1)' is: 'Date'

2020-08-19 14:33:28 - [TEST_STEP][PASSED] - verifyElementVisible(findTestObject("Maya/KLIA/android.widget.TextView0 - Date (1)"), 0): Element 'Object Repository/Maya/KLIA/android.widget.TextView0 - Date (1)' is visible

2020-08-19 14:33:28 - [MESSAGE][WARNING] - Timeout '0' is invalid. Using default page load timeout: '10'

2020-08-19 14:33:29 - [MESSAGE][PASSED] - Element 'Object Repository/Maya/KLIA/android.widget.TextView0 - Date (1)' is visible

2020-08-19 14:33:29 - [TEST_STEP][PASSED] - delay(2, STOP_ON_FAILURE): Delayed 2 second(s)

2020-08-19 14:33:31 - [MESSAGE][PASSED] - Delayed 2 second(s)

2020-08-19 14:33:31 - [TEST_STEP][PASSED] - takeScreenshot("C:\Users\LENOVO\Screenshot\KLIATicket\Ticket8.png", STOP_ON_FAILURE): Screenshot is taken

2020-08-19 14:33:32 - [MESSAGE][PASSED] - Screenshot is taken
[[ATTACHMENT|C:\\Users\\LENOVO\\Screenshot\\KLIATicket\\Ticket8.png]]

2020-08-19 14:33:32 - [TEST_STEP][PASSED] - verifyElementExist(findTestObject("Maya/KLIA/android.widget.TextView0 - Date (1)"), 0): Element 'Object Repository/Maya/KLIA/android.widget.TextView0 - Date (1)' is exist

2020-08-19 14:33:32 - [MESSAGE][WARNING] - Timeout '0' is invalid. Using default page load timeout: '10'

2020-08-19 14:33:33 - [MESSAGE][PASSED] - Element 'Object Repository/Maya/KLIA/android.widget.TextView0 - Date (1)' is exist

2020-08-19 14:33:33 - [TEST_STEP][PASSED] - tap(findTestObject("Maya/Movie Ticket/android.widget.TextView0 - Pay Now"), 0): Tapped on element 'Object Repository/Maya/Movie Ticket/android.widget.TextView0 - Pay Now'

2020-08-19 14:33:33 - [MESSAGE][WARNING] - Timeout '0' is invalid. Using default page load timeout: '10'

2020-08-19 14:33:35 - [MESSAGE][PASSED] - Tapped on element 'Object Repository/Maya/Movie Ticket/android.widget.TextView0 - Pay Now'

2020-08-19 14:33:35 - [TEST_STEP][FAILED] - if (verifyElementExist(findTestObject("Maya/spy/android.widget.TextView0 - Your TAC no. is 822872v3"), 3)): Element 'Object Repository/Maya/spy/android.widget.TextView0 - Your TAC no. is 822872v3' not found

2020-08-19 14:33:40 - [MESSAGE][FAILED] - Element 'Object Repository/Maya/spy/android.widget.TextView0 - Your TAC no. is 822872v3' not found
[[ATTACHMENT|C:\\Users\\LENOVO\\Git_new\\Maya\\Reports\\20200819_143026\\Maya UAT\\UAT Test Suite\\20200819_143026\\1597818818784.png]]

2020-08-19 14:33:40 - [TEST_STEP][FAILED] - if (verifyElementExist(findTestObject("Maya/KLIA/android.widget.TextView0 - Approve"), 0)): Element 'Object Repository/Maya/KLIA/android.widget.TextView0 - Approve' not found

2020-08-19 14:33:40 - [MESSAGE][WARNING] - Timeout '0' is invalid. Using default page load timeout: '10'

2020-08-19 14:34:02 - [MESSAGE][FAILED] - Element 'Object Repository/Maya/KLIA/android.widget.TextView0 - Approve' not found
[[ATTACHMENT|C:\\Users\\LENOVO\\Git_new\\Maya\\Reports\\20200819_143026\\Maya UAT\\UAT Test Suite\\20200819_143026\\1597818841487.png]]

2020-08-19 14:34:02 - [TEST_STEP][PASSED] - delay(3, STOP_ON_FAILURE): Delayed 3 second(s)

2020-08-19 14:34:05 - [MESSAGE][PASSED] - Delayed 3 second(s)

2020-08-19 14:34:05 - [TEST_STEP][PASSED] - getText(findTestObject("Maya/Bus Ticket/android.widget.TextView0 - Payment successful"), 0): Text of element 'Object Repository/Maya/Bus Ticket/android.widget.TextView0 - Payment successful' is: 'Payment successful'

2020-08-19 14:34:05 - [MESSAGE][WARNING] - Timeout '0' is invalid. Using default page load timeout: '10'

2020-08-19 14:34:12 - [MESSAGE][PASSED] - Text of element 'Object Repository/Maya/Bus Ticket/android.widget.TextView0 - Payment successful' is: 'Payment successful'

2020-08-19 14:34:12 - [TEST_STEP][PASSED] - delay(2, STOP_ON_FAILURE): Delayed 2 second(s)

2020-08-19 14:34:14 - [MESSAGE][PASSED] - Delayed 2 second(s)

2020-08-19 14:34:14 - [TEST_STEP][PASSED] - takeScreenshot("C:\Users\LENOVO\Screenshot\KLIATicket\Ticket10.png", STOP_ON_FAILURE): Screenshot is taken

2020-08-19 14:34:15 - [MESSAGE][PASSED] - Screenshot is taken
[[ATTACHMENT|C:\\Users\\LENOVO\\Screenshot\\KLIATicket\\Ticket10.png]]

2020-08-19 14:34:15 - [TEST_STEP][PASSED] - verifyElementExist(findTestObject("Maya/Bus Ticket/android.widget.TextView0 - Payment successful"), 0): Element 'Object Repository/Maya/Bus Ticket/android.widget.TextView0 - Payment successful' is exist

2020-08-19 14:34:15 - [MESSAGE][WARNING] - Timeout '0' is invalid. Using default page load timeout: '10'

2020-08-19 14:34:16 - [MESSAGE][PASSED] - Element 'Object Repository/Maya/Bus Ticket/android.widget.TextView0 - Payment successful' is exist

2020-08-19 14:34:16 - [TEST_STEP][PASSED] - getText(findTestObject("Maya/KLIA/android.widget.TextView0 - Payment successful"), 0): Text of element 'Object Repository/Maya/KLIA/android.widget.TextView0 - Payment successful' is: 'Payment successful'

2020-08-19 14:34:16 - [MESSAGE][WARNING] - Timeout '0' is invalid. Using default page load timeout: '10'

2020-08-19 14:34:16 - [MESSAGE][PASSED] - Text of element 'Object Repository/Maya/KLIA/android.widget.TextView0 - Payment successful' is: 'Payment successful'

2020-08-19 14:34:16 - [TEST_STEP][PASSED] - verifyElementExist(findTestObject("Maya/KLIA/android.widget.TextView0 - Payment successful"), 0): Element 'Object Repository/Maya/KLIA/android.widget.TextView0 - Payment successful' is exist

2020-08-19 14:34:16 - [MESSAGE][WARNING] - Timeout '0' is invalid. Using default page load timeout: '10'

2020-08-19 14:34:17 - [MESSAGE][PASSED] - Element 'Object Repository/Maya/KLIA/android.widget.TextView0 - Payment successful' is exist

2020-08-19 14:34:17 - [TEST_STEP][PASSED] - getText(findTestObject("Maya/KLIA/android.widget.TextView0 - Reference ID"), 0): Text of element 'Object Repository/Maya/KLIA/android.widget.TextView0 - Reference ID' is: 'Reference ID'

2020-08-19 14:34:17 - [MESSAGE][WARNING] - Timeout '0' is invalid. Using default page load timeout: '10'

2020-08-19 14:34:17 - [MESSAGE][PASSED] - Text of element 'Object Repository/Maya/KLIA/android.widget.TextView0 - Reference ID' is: 'Reference ID'

2020-08-19 14:34:17 - [TEST_STEP][PASSED] - verifyElementExist(findTestObject("Maya/KLIA/android.widget.TextView0 - Reference ID"), 0): Element 'Object Repository/Maya/KLIA/android.widget.TextView0 - Reference ID' is exist

2020-08-19 14:34:17 - [MESSAGE][WARNING] - Timeout '0' is invalid. Using default page load timeout: '10'

2020-08-19 14:34:18 - [MESSAGE][PASSED] - Element 'Object Repository/Maya/KLIA/android.widget.TextView0 - Reference ID' is exist

2020-08-19 14:34:18 - [TEST_STEP][PASSED] - getText(findTestObject("Maya/KLIA/android.widget.TextView0 - Date  time"), 0): Text of element 'Object Repository/Maya/KLIA/android.widget.TextView0 - Date  time' is: 'Date & time'

2020-08-19 14:34:18 - [MESSAGE][WARNING] - Timeout '0' is invalid. Using default page load timeout: '10'

2020-08-19 14:34:18 - [MESSAGE][PASSED] - Text of element 'Object Repository/Maya/KLIA/android.widget.TextView0 - Date  time' is: 'Date & time'

2020-08-19 14:34:18 - [TEST_STEP][PASSED] - verifyElementExist(findTestObject("Maya/KLIA/android.widget.TextView0 - Date  time"), 0): Element 'Object Repository/Maya/KLIA/android.widget.TextView0 - Date  time' is exist

2020-08-19 14:34:18 - [MESSAGE][WARNING] - Timeout '0' is invalid. Using default page load timeout: '10'

2020-08-19 14:34:19 - [MESSAGE][PASSED] - Element 'Object Repository/Maya/KLIA/android.widget.TextView0 - Date  time' is exist

2020-08-19 14:34:19 - [TEST_STEP][PASSED] - tap(findTestObject("Maya/KLIA/android.widget.TextView0 - Share Receipt"), 0): Tapped on element 'Object Repository/Maya/KLIA/android.widget.TextView0 - Share Receipt'

2020-08-19 14:34:19 - [MESSAGE][WARNING] - Timeout '0' is invalid. Using default page load timeout: '10'

2020-08-19 14:34:21 - [MESSAGE][PASSED] - Tapped on element 'Object Repository/Maya/KLIA/android.widget.TextView0 - Share Receipt'

2020-08-19 14:34:21 - [TEST_STEP][PASSED] - tap(findTestObject("Maya/KLIA/android.widget.ImageView0 (3)"), 0): Tapped on element 'Object Repository/Maya/KLIA/android.widget.ImageView0 (3)'

2020-08-19 14:34:21 - [MESSAGE][WARNING] - Timeout '0' is invalid. Using default page load timeout: '10'

2020-08-19 14:34:25 - [MESSAGE][PASSED] - Tapped on element 'Object Repository/Maya/KLIA/android.widget.ImageView0 (3)'

2020-08-19 14:34:25 - [TEST_STEP][PASSED] - tap(findTestObject("Maya/KLIA/android.widget.Button0 - Cancel"), 0): Tapped on element 'Object Repository/Maya/KLIA/android.widget.Button0 - Cancel'

2020-08-19 14:34:25 - [MESSAGE][WARNING] - Timeout '0' is invalid. Using default page load timeout: '10'

2020-08-19 14:34:30 - [MESSAGE][PASSED] - Tapped on element 'Object Repository/Maya/KLIA/android.widget.Button0 - Cancel'

2020-08-19 14:34:30 - [TEST_STEP][PASSED] - getText(findTestObject("Maya/KLIA/android.view.View0 - Reference ID"), 0): Text of element 'Object Repository/Maya/KLIA/android.view.View0 - Reference ID' is: 'Reference ID'

2020-08-19 14:34:30 - [MESSAGE][WARNING] - Timeout '0' is invalid. Using default page load timeout: '10'

2020-08-19 14:34:31 - [MESSAGE][PASSED] - Text of element 'Object Repository/Maya/KLIA/android.view.View0 - Reference ID' is: 'Reference ID'

2020-08-19 14:34:31 - [TEST_STEP][PASSED] - verifyElementExist(findTestObject("Maya/KLIA/android.view.View0 - Reference ID"), 0): Element 'Object Repository/Maya/KLIA/android.view.View0 - Reference ID' is exist

2020-08-19 14:34:31 - [MESSAGE][WARNING] - Timeout '0' is invalid. Using default page load timeout: '10'

2020-08-19 14:34:31 - [MESSAGE][PASSED] - Element 'Object Repository/Maya/KLIA/android.view.View0 - Reference ID' is exist

2020-08-19 14:34:31 - [TEST_STEP][PASSED] - delay(2, STOP_ON_FAILURE): Delayed 2 second(s)

2020-08-19 14:34:33 - [MESSAGE][PASSED] - Delayed 2 second(s)

2020-08-19 14:34:33 - [TEST_STEP][PASSED] - takeScreenshot("C:\Users\LENOVO\Screenshot\KLIATicket\Ticket11.png", STOP_ON_FAILURE): Screenshot is taken

2020-08-19 14:34:35 - [MESSAGE][PASSED] - Screenshot is taken
[[ATTACHMENT|C:\\Users\\LENOVO\\Screenshot\\KLIATicket\\Ticket11.png]]

2020-08-19 14:34:35 - [TEST_STEP][PASSED] - getText(findTestObject("Maya/Movie Ticket/android.widget.TextView0 - Share Receipt"), 0): Text of element 'Object Repository/Maya/Movie Ticket/android.widget.TextView0 - Share Receipt' is: 'Share Receipt'

2020-08-19 14:34:35 - [MESSAGE][WARNING] - Timeout '0' is invalid. Using default page load timeout: '10'

2020-08-19 14:34:35 - [MESSAGE][PASSED] - Text of element 'Object Repository/Maya/Movie Ticket/android.widget.TextView0 - Share Receipt' is: 'Share Receipt'

2020-08-19 14:34:35 - [TEST_STEP][PASSED] - verifyElementExist(findTestObject("Maya/Movie Ticket/android.widget.TextView0 - Share Receipt"), 0): Element 'Object Repository/Maya/Movie Ticket/android.widget.TextView0 - Share Receipt' is exist

2020-08-19 14:34:35 - [MESSAGE][WARNING] - Timeout '0' is invalid. Using default page load timeout: '10'

2020-08-19 14:34:36 - [MESSAGE][PASSED] - Element 'Object Repository/Maya/Movie Ticket/android.widget.TextView0 - Share Receipt' is exist

2020-08-19 14:34:36 - [TEST_STEP][PASSED] - getText(findTestObject("Maya/KLIA/android.view.View0 - Corporate Name"), 0): Text of element 'Object Repository/Maya/KLIA/android.view.View0 - Corporate Name' is: 'Corporate Name'

2020-08-19 14:34:36 - [MESSAGE][WARNING] - Timeout '0' is invalid. Using default page load timeout: '10'

2020-08-19 14:34:36 - [MESSAGE][PASSED] - Text of element 'Object Repository/Maya/KLIA/android.view.View0 - Corporate Name' is: 'Corporate Name'

2020-08-19 14:34:36 - [TEST_STEP][PASSED] - verifyElementExist(findTestObject("Maya/KLIA/android.view.View0 - Corporate Name"), 0): Element 'Object Repository/Maya/KLIA/android.view.View0 - Corporate Name' is exist

2020-08-19 14:34:36 - [MESSAGE][WARNING] - Timeout '0' is invalid. Using default page load timeout: '10'

2020-08-19 14:34:36 - [MESSAGE][PASSED] - Element 'Object Repository/Maya/KLIA/android.view.View0 - Corporate Name' is exist

2020-08-19 14:34:36 - [TEST_STEP][PASSED] - getText(findTestObject("Maya/KLIA/android.view.View0 - Booking number"), 0): Text of element 'Object Repository/Maya/KLIA/android.view.View0 - Booking number' is: 'Booking number'

2020-08-19 14:34:36 - [MESSAGE][WARNING] - Timeout '0' is invalid. Using default page load timeout: '10'

2020-08-19 14:34:37 - [MESSAGE][PASSED] - Text of element 'Object Repository/Maya/KLIA/android.view.View0 - Booking number' is: 'Booking number'

2020-08-19 14:34:37 - [TEST_STEP][PASSED] - verifyElementExist(findTestObject("Maya/KLIA/android.view.View0 - Booking number"), 0): Element 'Object Repository/Maya/KLIA/android.view.View0 - Booking number' is exist

2020-08-19 14:34:37 - [MESSAGE][WARNING] - Timeout '0' is invalid. Using default page load timeout: '10'

2020-08-19 14:34:37 - [MESSAGE][PASSED] - Element 'Object Repository/Maya/KLIA/android.view.View0 - Booking number' is exist

2020-08-19 14:34:37 - [TEST_STEP][PASSED] - getText(findTestObject("Maya/KLIA/android.view.View0 - Amount"), 0): Text of element 'Object Repository/Maya/KLIA/android.view.View0 - Amount' is: 'Amount'

2020-08-19 14:34:37 - [MESSAGE][WARNING] - Timeout '0' is invalid. Using default page load timeout: '10'

2020-08-19 14:34:37 - [MESSAGE][PASSED] - Text of element 'Object Repository/Maya/KLIA/android.view.View0 - Amount' is: 'Amount'

2020-08-19 14:34:37 - [TEST_STEP][PASSED] - verifyElementExist(findTestObject("Maya/KLIA/android.view.View0 - Amount"), 0): Element 'Object Repository/Maya/KLIA/android.view.View0 - Amount' is exist

2020-08-19 14:34:37 - [MESSAGE][WARNING] - Timeout '0' is invalid. Using default page load timeout: '10'

2020-08-19 14:34:38 - [MESSAGE][PASSED] - Element 'Object Repository/Maya/KLIA/android.view.View0 - Amount' is exist

2020-08-19 14:34:38 - [TEST_STEP][PASSED] - getText(findTestObject("Maya/KLIA/android.view.View0 - Train Tickets"), 0): Text of element 'Object Repository/Maya/KLIA/android.view.View0 - Train Tickets' is: 'Train Tickets'

2020-08-19 14:34:38 - [MESSAGE][WARNING] - Timeout '0' is invalid. Using default page load timeout: '10'

2020-08-19 14:34:38 - [MESSAGE][PASSED] - Text of element 'Object Repository/Maya/KLIA/android.view.View0 - Train Tickets' is: 'Train Tickets'

2020-08-19 14:34:38 - [TEST_STEP][PASSED] - getText(findTestObject("Maya/KLIA/android.view.View0 - Successful"), 0): Text of element 'Object Repository/Maya/KLIA/android.view.View0 - Successful' is: 'Successful'

2020-08-19 14:34:38 - [MESSAGE][WARNING] - Timeout '0' is invalid. Using default page load timeout: '10'

2020-08-19 14:34:38 - [MESSAGE][PASSED] - Text of element 'Object Repository/Maya/KLIA/android.view.View0 - Successful' is: 'Successful'

2020-08-19 14:34:38 - [TEST_STEP][PASSED] - verifyElementVisible(findTestObject("Maya/KLIA/android.view.View0 - 17180447831M"), 0): Element 'Object Repository/Maya/KLIA/android.view.View0 - 17180447831M' is visible

2020-08-19 14:34:39 - [MESSAGE][WARNING] - Timeout '0' is invalid. Using default page load timeout: '10'

2020-08-19 14:34:39 - [MESSAGE][PASSED] - Element 'Object Repository/Maya/KLIA/android.view.View0 - 17180447831M' is visible

2020-08-19 14:34:39 - [TEST_STEP][PASSED] - getText(findTestObject("Maya/KLIA/android.view.View0 - KLIA Ekspres"), 0): Text of element 'Object Repository/Maya/KLIA/android.view.View0 - KLIA Ekspres' is: 'KLIA Ekspres'

2020-08-19 14:34:39 - [MESSAGE][WARNING] - Timeout '0' is invalid. Using default page load timeout: '10'

2020-08-19 14:34:39 - [MESSAGE][PASSED] - Text of element 'Object Repository/Maya/KLIA/android.view.View0 - KLIA Ekspres' is: 'KLIA Ekspres'

2020-08-19 14:34:39 - [TEST_STEP][NOT_RUN] - verifyElementVisible(findTestObject("Maya/KLIA/android.view.View0 - 17180447831M (1)"), 0): NOT_RUN: verifyElementVisible(findTestObject("Maya/KLIA/android.view.View0 - 17180447831M (1)"), 0)

2020-08-19 14:34:39 - [MESSAGE][NOT_RUN] - NOT_RUN: verifyElementVisible(findTestObject("Maya/KLIA/android.view.View0 - 17180447831M (1)"), 0)

2020-08-19 14:34:39 - [TEST_STEP][PASSED] - verifyElementVisible(findTestObject("Maya/KLIA/android.view.View0 - RM 60.75"), 0): Element 'Object Repository/Maya/KLIA/android.view.View0 - RM 60.75' is visible

2020-08-19 14:34:40 - [MESSAGE][WARNING] - Timeout '0' is invalid. Using default page load timeout: '10'

2020-08-19 14:34:40 - [MESSAGE][PASSED] - Element 'Object Repository/Maya/KLIA/android.view.View0 - RM 60.75' is visible

2020-08-19 14:34:40 - [TEST_STEP][PASSED] - swipe(831, 1382, 800, 100): Swiped from 831,1,382 to 800,100

2020-08-19 14:34:41 - [MESSAGE][PASSED] - Swiped from 831,1,382 to 800,100

2020-08-19 14:34:41 - [TEST_STEP][PASSED] - delay(5, STOP_ON_FAILURE): Delayed 5 second(s)

2020-08-19 14:34:46 - [MESSAGE][PASSED] - Delayed 5 second(s)

2020-08-19 14:34:46 - [TEST_STEP][PASSED] - getText(findTestObject("Maya/KLIA/android.widget.TextView0 - Note This receipt is computer generated and no signature is required."), 0): Text of element 'Object Repository/Maya/KLIA/android.widget.TextView0 - Note This receipt is computer generated and no signature is required.' is: 'Note: This receipt is computer generated and no signature is required.'

2020-08-19 14:34:46 - [MESSAGE][WARNING] - Timeout '0' is invalid. Using default page load timeout: '10'

2020-08-19 14:34:47 - [MESSAGE][PASSED] - Text of element 'Object Repository/Maya/KLIA/android.widget.TextView0 - Note This receipt is computer generated and no signature is required.' is: 'Note: This receipt is computer generated and no signature is required.'

2020-08-19 14:34:47 - [TEST_STEP][PASSED] - getText(findTestObject("Maya/Third Party CA account/android.widget.TextView0 - Malayan Banking Berhad (Co. Reg.  196001000142)"), 0): Text of element 'Object Repository/Maya/Third Party CA account/android.widget.TextView0 - Malayan Banking Berhad (Co. Reg.  196001000142)' is: 'Malayan Banking Berhad (Co. Reg. : 196001000142)'

2020-08-19 14:34:47 - [MESSAGE][WARNING] - Timeout '0' is invalid. Using default page load timeout: '10'

2020-08-19 14:34:47 - [MESSAGE][PASSED] - Text of element 'Object Repository/Maya/Third Party CA account/android.widget.TextView0 - Malayan Banking Berhad (Co. Reg.  196001000142)' is: 'Malayan Banking Berhad (Co. Reg. : 196001000142)'

2020-08-19 14:34:47 - [TEST_STEP][PASSED] - getText(findTestObject("Maya/Third Party CA account/android.widget.TextView0 - Maybank Islamic Berhad (Co. Reg.  200701029411)"), 0): Text of element 'Object Repository/Maya/Third Party CA account/android.widget.TextView0 - Maybank Islamic Berhad (Co. Reg.  200701029411)' is: 'Maybank Islamic Berhad (Co. Reg. : 200701029411)'

2020-08-19 14:34:47 - [MESSAGE][WARNING] - Timeout '0' is invalid. Using default page load timeout: '10'

2020-08-19 14:34:47 - [MESSAGE][PASSED] - Text of element 'Object Repository/Maya/Third Party CA account/android.widget.TextView0 - Maybank Islamic Berhad (Co. Reg.  200701029411)' is: 'Maybank Islamic Berhad (Co. Reg. : 200701029411)'

2020-08-19 14:34:47 - [TEST_STEP][PASSED] - tap(findTestObject("Maya/KLIA/android.widget.ImageView0 (4)"), 0): Tapped on element 'Object Repository/Maya/KLIA/android.widget.ImageView0 (4)'

2020-08-19 14:34:48 - [MESSAGE][WARNING] - Timeout '0' is invalid. Using default page load timeout: '10'

2020-08-19 14:34:48 - [MESSAGE][PASSED] - Tapped on element 'Object Repository/Maya/KLIA/android.widget.ImageView0 (4)'

2020-08-19 14:34:48 - [TEST_STEP][PASSED] - tap(findTestObject("Maya/KLIA/android.widget.TextView0 - Done (2)"), 0): Tapped on element 'Object Repository/Maya/KLIA/android.widget.TextView0 - Done (2)'

2020-08-19 14:34:49 - [MESSAGE][WARNING] - Timeout '0' is invalid. Using default page load timeout: '10'

2020-08-19 14:34:53 - [MESSAGE][PASSED] - Tapped on element 'Object Repository/Maya/KLIA/android.widget.TextView0 - Done (2)'

2020-08-19 14:34:53 - [TEST_STEP][PASSED] - tap(findTestObject("Maya/New_Transfer/android.widget.TextView0 - Wallet"), 0): Tapped on element 'Object Repository/Maya/New_Transfer/android.widget.TextView0 - Wallet'

2020-08-19 14:34:53 - [MESSAGE][WARNING] - Timeout '0' is invalid. Using default page load timeout: '10'

2020-08-19 14:34:56 - [MESSAGE][PASSED] - Tapped on element 'Object Repository/Maya/New_Transfer/android.widget.TextView0 - Wallet'

2020-08-19 14:34:56 - [TEST_STEP][PASSED] - getText(findTestObject("Maya/KLIA/android.widget.TextView0 - RM 981.40"), 0): Text of element 'Object Repository/Maya/KLIA/android.widget.TextView0 - RM 981.40' is: 'RM 2,351.36'

2020-08-19 14:34:56 - [MESSAGE][WARNING] - Timeout '0' is invalid. Using default page load timeout: '10'

2020-08-19 14:34:57 - [MESSAGE][PASSED] - Text of element 'Object Repository/Maya/KLIA/android.widget.TextView0 - RM 981.40' is: 'RM 2,351.36'

2020-08-19 14:34:57 - [TEST_STEP][PASSED] - trx4 = 40"), 0).substring(3): Text of element 'Object Repository/Maya/KLIA/android.widget.TextView0 - RM 981.40' is: 'RM 2,351.36'

2020-08-19 14:34:57 - [MESSAGE][WARNING] - Timeout '0' is invalid. Using default page load timeout: '10'

2020-08-19 14:34:58 - [MESSAGE][PASSED] - Text of element 'Object Repository/Maya/KLIA/android.widget.TextView0 - RM 981.40' is: 'RM 2,351.36'

2020-08-19 14:34:58 - [TEST_STEP][PASSED] - trx41 = trx4.replaceAll("[^a-zA-Z0-9]+", ""): null

2020-08-19 14:34:58 - [TEST_STEP][PASSED] - out.println(trx41): null

2020-08-19 14:34:58 - [TEST_STEP][PASSED] - trx411 = trx41: null

2020-08-19 14:34:58 - [TEST_STEP][PASSED] - out.println(trx411): null

2020-08-19 14:34:58 - [TEST_STEP][PASSED] - trx311 = trx611 - trx511: null

2020-08-19 14:34:58 - [TEST_STEP][PASSED] - if (trx311 == trx411): null

2020-08-19 14:34:58 - [TEST_STEP][PASSED] - else: null

2020-08-19 14:34:58 - [TEST_STEP][PASSED] - out.println("Balance not match"): null

2020-08-19 14:34:58 - [TEST_STEP][PASSED] - tap(findTestObject("Maya/New_Transfer/android.widget.TextView0 - View Transactions"), 0): Tapped on element 'Object Repository/Maya/New_Transfer/android.widget.TextView0 - View Transactions'

2020-08-19 14:34:58 - [MESSAGE][WARNING] - Timeout '0' is invalid. Using default page load timeout: '10'

2020-08-19 14:35:01 - [MESSAGE][PASSED] - Tapped on element 'Object Repository/Maya/New_Transfer/android.widget.TextView0 - View Transactions'

2020-08-19 14:35:01 - [TEST_STEP][PASSED] - getText(findTestObject("Maya/KLIA/android.widget.TextView0 - Today"), 0): Text of element 'Object Repository/Maya/KLIA/android.widget.TextView0 - Today' is: 'Today'

2020-08-19 14:35:01 - [MESSAGE][WARNING] - Timeout '0' is invalid. Using default page load timeout: '10'

2020-08-19 14:35:01 - [MESSAGE][PASSED] - Text of element 'Object Repository/Maya/KLIA/android.widget.TextView0 - Today' is: 'Today'

2020-08-19 14:35:01 - [TEST_STEP][PASSED] - verifyElementExist(findTestObject("Maya/KLIA/android.widget.TextView0 - Today"), 0): Element 'Object Repository/Maya/KLIA/android.widget.TextView0 - Today' is exist

2020-08-19 14:35:01 - [MESSAGE][WARNING] - Timeout '0' is invalid. Using default page load timeout: '10'

2020-08-19 14:35:02 - [MESSAGE][PASSED] - Element 'Object Repository/Maya/KLIA/android.widget.TextView0 - Today' is exist

2020-08-19 14:35:02 - [TEST_STEP][PASSED] - delay(2, STOP_ON_FAILURE): Delayed 2 second(s)

2020-08-19 14:35:04 - [MESSAGE][PASSED] - Delayed 2 second(s)

2020-08-19 14:35:04 - [TEST_STEP][PASSED] - takeScreenshot("C:\Users\LENOVO\Screenshot\KLIATicket\Ticket13.png", STOP_ON_FAILURE): Screenshot is taken

2020-08-19 14:35:05 - [MESSAGE][PASSED] - Screenshot is taken
[[ATTACHMENT|C:\\Users\\LENOVO\\Screenshot\\KLIATicket\\Ticket13.png]]

2020-08-19 14:35:05 - [TEST_STEP][PASSED] - tap(findTestObject("Maya/KLIA/android.widget.TextView0 - Home"), 0): Tapped on element 'Object Repository/Maya/KLIA/android.widget.TextView0 - Home'

2020-08-19 14:35:05 - [MESSAGE][WARNING] - Timeout '0' is invalid. Using default page load timeout: '10'

2020-08-19 14:35:18 - [MESSAGE][PASSED] - Tapped on element 'Object Repository/Maya/KLIA/android.widget.TextView0 - Home'

2020-08-19 14:35:18 - [TEST_STEP][PASSED] - tap(findTestObject("Maya/KLIA/android.widget.TextView0 - More (1)"), 0): Tapped on element 'Object Repository/Maya/KLIA/android.widget.TextView0 - More (1)'

2020-08-19 14:35:18 - [MESSAGE][WARNING] - Timeout '0' is invalid. Using default page load timeout: '10'

2020-08-19 14:35:31 - [MESSAGE][PASSED] - Tapped on element 'Object Repository/Maya/KLIA/android.widget.TextView0 - More (1)'

2020-08-19 14:35:31 - [TEST_STEP][PASSED] - tap(findTestObject("Maya/KLIA/android.widget.TextView0 - Notifications"), 0): Tapped on element 'Object Repository/Maya/KLIA/android.widget.TextView0 - Notifications'

2020-08-19 14:35:31 - [MESSAGE][WARNING] - Timeout '0' is invalid. Using default page load timeout: '10'

2020-08-19 14:35:33 - [MESSAGE][PASSED] - Tapped on element 'Object Repository/Maya/KLIA/android.widget.TextView0 - Notifications'

2020-08-19 14:35:33 - [TEST_STEP][NOT_RUN] - tap(findTestObject("Maya/KLIA/android.widget.TextView0 - Got It"), 0): NOT_RUN: tap(findTestObject("Maya/KLIA/android.widget.TextView0 - Got It"), 0)

2020-08-19 14:35:33 - [MESSAGE][NOT_RUN] - NOT_RUN: tap(findTestObject("Maya/KLIA/android.widget.TextView0 - Got It"), 0)

2020-08-19 14:35:33 - [TEST_STEP][PASSED] - getText(findTestObject("Maya/KLIA/android.widget.TextView0 - Maybank2u Payments"), 0): Text of element 'Object Repository/Maya/KLIA/android.widget.TextView0 - Maybank2u Payments' is: 'Maybank2u: Payments'

2020-08-19 14:35:34 - [MESSAGE][WARNING] - Timeout '0' is invalid. Using default page load timeout: '10'

2020-08-19 14:35:38 - [MESSAGE][PASSED] - Text of element 'Object Repository/Maya/KLIA/android.widget.TextView0 - Maybank2u Payments' is: 'Maybank2u: Payments'

2020-08-19 14:35:38 - [TEST_STEP][PASSED] - getText(findTestObject("Maya/KLIA/android.widget.TextView0 - Today (1)"), 0): Text of element 'Object Repository/Maya/KLIA/android.widget.TextView0 - Today (1)' is: 'Today'

2020-08-19 14:35:38 - [MESSAGE][WARNING] - Timeout '0' is invalid. Using default page load timeout: '10'

2020-08-19 14:35:39 - [MESSAGE][PASSED] - Text of element 'Object Repository/Maya/KLIA/android.widget.TextView0 - Today (1)' is: 'Today'

2020-08-19 14:35:39 - [TEST_STEP][PASSED] - takeScreenshot("C:\Users\LENOVO\Screenshot\KLIATicket\Ticket53.png", STOP_ON_FAILURE): Screenshot is taken

2020-08-19 14:35:40 - [MESSAGE][PASSED] - Screenshot is taken
[[ATTACHMENT|C:\\Users\\LENOVO\\Screenshot\\KLIATicket\\Ticket53.png]]

2020-08-19 14:35:40 - [TEST_STEP][PASSED] - verifyElementVisible(findTestObject("Maya/KLIA/android.widget.TextView0 - Successful payment of RM 182.25 to KLIA. REF180446966M"), 0): Element 'Object Repository/Maya/KLIA/android.widget.TextView0 - Successful payment of RM 182.25 to KLIA. REF180446966M' is visible

2020-08-19 14:35:41 - [MESSAGE][WARNING] - Timeout '0' is invalid. Using default page load timeout: '10'

2020-08-19 14:35:41 - [MESSAGE][PASSED] - Element 'Object Repository/Maya/KLIA/android.widget.TextView0 - Successful payment of RM 182.25 to KLIA. REF180446966M' is visible

2020-08-19 14:35:41 - [TEST_STEP][PASSED] - verifyElementVisible(findTestObject("Maya/KLIA/android.widget.TextView0 - Successful payment of RM 182.25 to KLIA. REF180446966M - Copy"), 0): Element 'Object Repository/Maya/KLIA/android.widget.TextView0 - Successful payment of RM 182.25 to KLIA. REF180446966M - Copy' is visible

2020-08-19 14:35:41 - [MESSAGE][WARNING] - Timeout '0' is invalid. Using default page load timeout: '10'

2020-08-19 14:35:42 - [MESSAGE][PASSED] - Element 'Object Repository/Maya/KLIA/android.widget.TextView0 - Successful payment of RM 182.25 to KLIA. REF180446966M - Copy' is visible

2020-08-19 14:35:42 - [TEST_STEP][PASSED] - verifyElementVisible(findTestObject("Maya/KLIA/android.widget.TextView0 - Successful payment of RM 182.25 to KLIA. REF180446966M - Copy (1)"), 0): Element 'Object Repository/Maya/KLIA/android.widget.TextView0 - Successful payment of RM 182.25 to KLIA. REF180446966M - Copy (1)' is visible

2020-08-19 14:35:42 - [MESSAGE][WARNING] - Timeout '0' is invalid. Using default page load timeout: '10'

2020-08-19 14:35:43 - [MESSAGE][PASSED] - Element 'Object Repository/Maya/KLIA/android.widget.TextView0 - Successful payment of RM 182.25 to KLIA. REF180446966M - Copy (1)' is visible

2020-08-19 14:35:43 - [TEST_STEP][PASSED] - tap(findTestObject("Maya/KLIA/android.widget.TextView0 - Home"), 0): Tapped on element 'Object Repository/Maya/KLIA/android.widget.TextView0 - Home'

2020-08-19 14:35:43 - [MESSAGE][WARNING] - Timeout '0' is invalid. Using default page load timeout: '10'

2020-08-19 14:35:56 - [MESSAGE][PASSED] - Tapped on element 'Object Repository/Maya/KLIA/android.widget.TextView0 - Home'

2020-08-19 14:35:56 - [TEST_STEP][PASSED] - if (verifyElementExist(findTestObject("Maya/KLIA/android.widget.TextView0 - ERL Tickets (1)"), 0)): null

2020-08-19 14:35:56 - [MESSAGE][WARNING] - Timeout '0' is invalid. Using default page load timeout: '10'

2020-08-19 14:35:56 - [MESSAGE][PASSED] - Element 'Object Repository/Maya/KLIA/android.widget.TextView0 - ERL Tickets (1)' is exist

2020-08-19 14:35:56 - [TEST_STEP][PASSED] - delay(2, STOP_ON_FAILURE): Delayed 2 second(s)

2020-08-19 14:35:58 - [MESSAGE][PASSED] - Delayed 2 second(s)

2020-08-19 14:35:58 - [TEST_STEP][PASSED] - takeScreenshot("C:\Users\LENOVO\Screenshot\KLIATicket\Ticket9.png", STOP_ON_FAILURE): Screenshot is taken

2020-08-19 14:36:00 - [MESSAGE][PASSED] - Screenshot is taken
[[ATTACHMENT|C:\\Users\\LENOVO\\Screenshot\\KLIATicket\\Ticket9.png]]

2020-08-19 14:36:00 - [TEST_STEP][PASSED] - tap(findTestObject("Maya/KLIA/android.widget.TextView0 - ERL Tickets (1)"), 0): Tapped on element 'Object Repository/Maya/KLIA/android.widget.TextView0 - ERL Tickets (1)'

2020-08-19 14:36:00 - [MESSAGE][WARNING] - Timeout '0' is invalid. Using default page load timeout: '10'

2020-08-19 14:36:04 - [MESSAGE][PASSED] - Tapped on element 'Object Repository/Maya/KLIA/android.widget.TextView0 - ERL Tickets (1)'

2020-08-19 14:36:04 - [TEST_STEP][PASSED] - tap(findTestObject("Maya/KLIA/android.widget.TextView0 - PAST"), 0): Tapped on element 'Object Repository/Maya/KLIA/android.widget.TextView0 - PAST'

2020-08-19 14:36:04 - [MESSAGE][WARNING] - Timeout '0' is invalid. Using default page load timeout: '10'

2020-08-19 14:36:07 - [MESSAGE][PASSED] - Tapped on element 'Object Repository/Maya/KLIA/android.widget.TextView0 - PAST'

2020-08-19 14:36:07 - [TEST_STEP][PASSED] - delay(2, STOP_ON_FAILURE): Delayed 2 second(s)

2020-08-19 14:36:09 - [MESSAGE][PASSED] - Delayed 2 second(s)

2020-08-19 14:36:09 - [TEST_STEP][PASSED] - swipe(895, 1046, 800, 50): Swiped from 895,1,046 to 800,50

2020-08-19 14:36:10 - [MESSAGE][PASSED] - Swiped from 895,1,046 to 800,50

2020-08-19 14:36:10 - [TEST_STEP][PASSED] - swipe(895, 1046, 800, 50): Swiped from 895,1,046 to 800,50

2020-08-19 14:36:12 - [MESSAGE][PASSED] - Swiped from 895,1,046 to 800,50

2020-08-19 14:36:12 - [TEST_STEP][PASSED] - swipe(895, 1046, 800, 50): Swiped from 895,1,046 to 800,50

2020-08-19 14:36:13 - [MESSAGE][PASSED] - Swiped from 895,1,046 to 800,50

2020-08-19 14:36:13 - [TEST_STEP][PASSED] - swipe(895, 1046, 800, 50): Swiped from 895,1,046 to 800,50

2020-08-19 14:36:15 - [MESSAGE][PASSED] - Swiped from 895,1,046 to 800,50

2020-08-19 14:36:15 - [TEST_STEP][PASSED] - swipe(895, 1046, 800, 50): Swiped from 895,1,046 to 800,50

2020-08-19 14:36:16 - [MESSAGE][PASSED] - Swiped from 895,1,046 to 800,50

2020-08-19 14:36:16 - [TEST_STEP][PASSED] - swipe(895, 1046, 800, 50): Swiped from 895,1,046 to 800,50

2020-08-19 14:36:18 - [MESSAGE][PASSED] - Swiped from 895,1,046 to 800,50

2020-08-19 14:36:18 - [TEST_STEP][PASSED] - swipe(895, 1046, 800, 50): Swiped from 895,1,046 to 800,50

2020-08-19 14:36:20 - [MESSAGE][PASSED] - Swiped from 895,1,046 to 800,50

2020-08-19 14:36:20 - [TEST_STEP][PASSED] - tap(findTestObject("Maya/KLIA/android.view.ViewGroup0 (1)"), 0): Tapped on element 'Object Repository/Maya/KLIA/android.view.ViewGroup0 (1)'

2020-08-19 14:36:20 - [MESSAGE][WARNING] - Timeout '0' is invalid. Using default page load timeout: '10'

2020-08-19 14:36:22 - [MESSAGE][PASSED] - Tapped on element 'Object Repository/Maya/KLIA/android.view.ViewGroup0 (1)'

2020-08-19 14:36:22 - [TEST_STEP][PASSED] - tap(findTestObject("Maya/KLIA/android.widget.ImageView0 (5)"), 0): Tapped on element 'Object Repository/Maya/KLIA/android.widget.ImageView0 (5)'

2020-08-19 14:36:22 - [MESSAGE][WARNING] - Timeout '0' is invalid. Using default page load timeout: '10'

2020-08-19 14:36:22 - [MESSAGE][PASSED] - Tapped on element 'Object Repository/Maya/KLIA/android.widget.ImageView0 (5)'

2020-08-19 14:36:22 - [TEST_STEP][PASSED] - tap(findTestObject("Maya/KLIA/android.widget.ImageView0 (6)"), 0): Tapped on element 'Object Repository/Maya/KLIA/android.widget.ImageView0 (6)'

2020-08-19 14:36:22 - [MESSAGE][WARNING] - Timeout '0' is invalid. Using default page load timeout: '10'

2020-08-19 14:36:23 - [MESSAGE][PASSED] - Tapped on element 'Object Repository/Maya/KLIA/android.widget.ImageView0 (6)'

2020-08-19 14:36:23 - [TEST_STEP][PASSED] - getText(findTestObject("Maya/KLIA/android.widget.TextView0 - Single Trip (2)"), 0): Text of element 'Object Repository/Maya/KLIA/android.widget.TextView0 - Single Trip (2)' is: 'Single Trip'

2020-08-19 14:36:23 - [MESSAGE][WARNING] - Timeout '0' is invalid. Using default page load timeout: '10'

2020-08-19 14:36:24 - [MESSAGE][PASSED] - Text of element 'Object Repository/Maya/KLIA/android.widget.TextView0 - Single Trip (2)' is: 'Single Trip'

2020-08-19 14:36:24 - [TEST_STEP][PASSED] - delay(2, STOP_ON_FAILURE): Delayed 2 second(s)

2020-08-19 14:36:26 - [MESSAGE][PASSED] - Delayed 2 second(s)

2020-08-19 14:36:26 - [TEST_STEP][PASSED] - takeScreenshot("C:\Users\LENOVO\Screenshot\KLIATicket\Ticket14.png", STOP_ON_FAILURE): Screenshot is taken

2020-08-19 14:36:28 - [MESSAGE][PASSED] - Screenshot is taken
[[ATTACHMENT|C:\\Users\\LENOVO\\Screenshot\\KLIATicket\\Ticket14.png]]

2020-08-19 14:36:28 - [TEST_STEP][NOT_RUN] - getText(findTestObject("Maya/KLIA/android.widget.TextView0 - Share Selected Ticket"), 0): NOT_RUN: getText(findTestObject("Maya/KLIA/android.widget.TextView0 - Share Selected Ticket"), 0)

2020-08-19 14:36:28 - [MESSAGE][NOT_RUN] - NOT_RUN: getText(findTestObject("Maya/KLIA/android.widget.TextView0 - Share Selected Ticket"), 0)

2020-08-19 14:36:28 - [TEST_STEP][PASSED] - tap(findTestObject("Maya/KLIA/android.widget.TextView0 - Share Selected Ticket"), 0): Tapped on element 'Object Repository/Maya/KLIA/android.widget.TextView0 - Share Selected Ticket'

2020-08-19 14:36:28 - [MESSAGE][WARNING] - Timeout '0' is invalid. Using default page load timeout: '10'

2020-08-19 14:36:29 - [MESSAGE][PASSED] - Tapped on element 'Object Repository/Maya/KLIA/android.widget.TextView0 - Share Selected Ticket'

2020-08-19 14:36:29 - [TEST_STEP][PASSED] - delay(2, STOP_ON_FAILURE): Delayed 2 second(s)

2020-08-19 14:36:31 - [MESSAGE][PASSED] - Delayed 2 second(s)

2020-08-19 14:36:31 - [TEST_STEP][NOT_RUN] - tap(findTestObject("Maya/Bus Ticket/android.widget.ImageView0 (1)"), 0): NOT_RUN: tap(findTestObject("Maya/Bus Ticket/android.widget.ImageView0 (1)"), 0)

2020-08-19 14:36:31 - [MESSAGE][NOT_RUN] - NOT_RUN: tap(findTestObject("Maya/Bus Ticket/android.widget.ImageView0 (1)"), 0)

2020-08-19 14:36:31 - [TEST_STEP][PASSED] - delay(2, STOP_ON_FAILURE): Delayed 2 second(s)

2020-08-19 14:36:33 - [MESSAGE][PASSED] - Delayed 2 second(s)

2020-08-19 14:36:33 - [TEST_STEP][PASSED] - takeScreenshot("C:\Users\LENOVO\Screenshot\KLIATicket\Ticket15.png", STOP_ON_FAILURE): Screenshot is taken

2020-08-19 14:36:34 - [MESSAGE][PASSED] - Screenshot is taken
[[ATTACHMENT|C:\\Users\\LENOVO\\Screenshot\\KLIATicket\\Ticket15.png]]

2020-08-19 14:36:34 - [TEST_STEP][NOT_RUN] - tap(findTestObject("Maya/KLIA/android.widget.Button0 - Cancel (1)"), 0): NOT_RUN: tap(findTestObject("Maya/KLIA/android.widget.Button0 - Cancel (1)"), 0)

2020-08-19 14:36:34 - [MESSAGE][NOT_RUN] - NOT_RUN: tap(findTestObject("Maya/KLIA/android.widget.Button0 - Cancel (1)"), 0)

2020-08-19 14:36:34 - [TEST_STEP][PASSED] - delay(2, STOP_ON_FAILURE): Delayed 2 second(s)

2020-08-19 14:36:36 - [MESSAGE][PASSED] - Delayed 2 second(s)

2020-08-19 14:36:36 - [TEST_STEP][PASSED] - takeScreenshot("C:\Users\LENOVO\Screenshot\KLIATicket\Ticket16.png", STOP_ON_FAILURE): Screenshot is taken

2020-08-19 14:36:37 - [MESSAGE][PASSED] - Screenshot is taken
[[ATTACHMENT|C:\\Users\\LENOVO\\Screenshot\\KLIATicket\\Ticket16.png]]

2020-08-19 14:36:37 - [TEST_STEP][NOT_RUN] - closeApplication(): NOT_RUN: closeApplication()

2020-08-19 14:36:37 - [MESSAGE][NOT_RUN] - NOT_RUN: closeApplication()]]></system-out>
         <system-err><![CDATA[2020-08-19 14:30:30 - [TEST_CASE][FAILED] - Test Cases/JINU/KLIA Express/KLIA: Test Cases/JINU/KLIA Express/KLIA FAILED.
Reason:
com.kms.katalon.core.exception.StepFailedException: Object Object Repository/Maya/DuitnowRegT/android.widget.ImageView0 (1) not found
	at com.kms.katalon.core.keyword.internal.KeywordMain.stepFailed(KeywordMain.groovy:39)
	at com.kms.katalon.core.mobile.keyword.internal.MobileKeywordMain.stepFailed(MobileKeywordMain.groovy:40)
	at com.kms.katalon.core.mobile.keyword.builtin.TapKeyword$_tap_closure1.doCall(TapKeyword.groovy:79)
	at com.kms.katalon.core.mobile.keyword.builtin.TapKeyword$_tap_closure1.call(TapKeyword.groovy)
	at com.kms.katalon.core.mobile.keyword.internal.MobileKeywordMain.runKeyword(MobileKeywordMain.groovy:21)
	at com.kms.katalon.core.mobile.keyword.builtin.TapKeyword.tap(TapKeyword.groovy:86)
	at com.kms.katalon.core.mobile.keyword.builtin.TapKeyword.execute(TapKeyword.groovy:68)
	at com.kms.katalon.core.keyword.internal.KeywordExecutor.executeKeywordForPlatform(KeywordExecutor.groovy:72)
	at com.kms.katalon.core.mobile.keyword.MobileBuiltInKeywords.tap(MobileBuiltInKeywords.groovy:577)
	at com.kms.katalon.core.mobile.keyword.MobileBuiltInKeywords$tap$0.call(Unknown Source)
	at KLIA.run(KLIA:37)
	at com.kms.katalon.core.main.ScriptEngine.run(ScriptEngine.java:194)
	at com.kms.katalon.core.main.ScriptEngine.runScriptAsRawText(ScriptEngine.java:119)
	at com.kms.katalon.core.main.TestCaseExecutor.runScript(TestCaseExecutor.java:337)
	at com.kms.katalon.core.main.TestCaseExecutor.doExecute(TestCaseExecutor.java:328)
	at com.kms.katalon.core.main.TestCaseExecutor.processExecutionPhase(TestCaseExecutor.java:307)
	at com.kms.katalon.core.main.TestCaseExecutor.accessMainPhase(TestCaseExecutor.java:299)
	at com.kms.katalon.core.main.TestCaseExecutor.execute(TestCaseExecutor.java:233)
	at com.kms.katalon.core.main.TestSuiteExecutor.accessTestCaseMainPhase(TestSuiteExecutor.java:169)
	at com.kms.katalon.core.main.TestSuiteExecutor.accessTestSuiteMainPhase(TestSuiteExecutor.java:142)
	at com.kms.katalon.core.main.TestSuiteExecutor.execute(TestSuiteExecutor.java:91)
	at com.kms.katalon.core.main.TestCaseMain.startTestSuite(TestCaseMain.java:157)
	at com.kms.katalon.core.main.TestCaseMain$startTestSuite$0.call(Unknown Source)
	at TempTestSuite1597818626943.run(TempTestSuite1597818626943.groovy:36)]]></system-err>
      </testcase>
      <system-out><![CDATA[2020-08-19 14:30:30 - [TEST_SUITE][FAILED] - UAT Test Suite: Test Cases/JINU/KLIA Express/KLIA FAILED.
Reason:
com.kms.katalon.core.exception.StepFailedException: Object Object Repository/Maya/DuitnowRegT/android.widget.ImageView0 (1) not found
	at com.kms.katalon.core.keyword.internal.KeywordMain.stepFailed(KeywordMain.groovy:39)
	at com.kms.katalon.core.mobile.keyword.internal.MobileKeywordMain.stepFailed(MobileKeywordMain.groovy:40)
	at com.kms.katalon.core.mobile.keyword.builtin.TapKeyword$_tap_closure1.doCall(TapKeyword.groovy:79)
	at com.kms.katalon.core.mobile.keyword.builtin.TapKeyword$_tap_closure1.call(TapKeyword.groovy)
	at com.kms.katalon.core.mobile.keyword.internal.MobileKeywordMain.runKeyword(MobileKeywordMain.groovy:21)
	at com.kms.katalon.core.mobile.keyword.builtin.TapKeyword.tap(TapKeyword.groovy:86)
	at com.kms.katalon.core.mobile.keyword.builtin.TapKeyword.execute(TapKeyword.groovy:68)
	at com.kms.katalon.core.keyword.internal.KeywordExecutor.executeKeywordForPlatform(KeywordExecutor.groovy:72)
	at com.kms.katalon.core.mobile.keyword.MobileBuiltInKeywords.tap(MobileBuiltInKeywords.groovy:577)
	at com.kms.katalon.core.mobile.keyword.MobileBuiltInKeywords$tap$0.call(Unknown Source)
	at KLIA.run(KLIA:37)
	at com.kms.katalon.core.main.ScriptEngine.run(ScriptEngine.java:194)
	at com.kms.katalon.core.main.ScriptEngine.runScriptAsRawText(ScriptEngine.java:119)
	at com.kms.katalon.core.main.TestCaseExecutor.runScript(TestCaseExecutor.java:337)
	at com.kms.katalon.core.main.TestCaseExecutor.doExecute(TestCaseExecutor.java:328)
	at com.kms.katalon.core.main.TestCaseExecutor.processExecutionPhase(TestCaseExecutor.java:307)
	at com.kms.katalon.core.main.TestCaseExecutor.accessMainPhase(TestCaseExecutor.java:299)
	at com.kms.katalon.core.main.TestCaseExecutor.execute(TestCaseExecutor.java:233)
	at com.kms.katalon.core.main.TestSuiteExecutor.accessTestCaseMainPhase(TestSuiteExecutor.java:169)
	at com.kms.katalon.core.main.TestSuiteExecutor.accessTestSuiteMainPhase(TestSuiteExecutor.java:142)
	at com.kms.katalon.core.main.TestSuiteExecutor.execute(TestSuiteExecutor.java:91)
	at com.kms.katalon.core.main.TestCaseMain.startTestSuite(TestCaseMain.java:157)
	at com.kms.katalon.core.main.TestCaseMain$startTestSuite$0.call(Unknown Source)
	at TempTestSuite1597818626943.run(TempTestSuite1597818626943.groovy:36)]]></system-out>
      <system-err><![CDATA[2020-08-19 14:30:30 - [TEST_SUITE][FAILED] - UAT Test Suite: Test Cases/JINU/KLIA Express/KLIA FAILED.
Reason:
com.kms.katalon.core.exception.StepFailedException: Object Object Repository/Maya/DuitnowRegT/android.widget.ImageView0 (1) not found
	at com.kms.katalon.core.keyword.internal.KeywordMain.stepFailed(KeywordMain.groovy:39)
	at com.kms.katalon.core.mobile.keyword.internal.MobileKeywordMain.stepFailed(MobileKeywordMain.groovy:40)
	at com.kms.katalon.core.mobile.keyword.builtin.TapKeyword$_tap_closure1.doCall(TapKeyword.groovy:79)
	at com.kms.katalon.core.mobile.keyword.builtin.TapKeyword$_tap_closure1.call(TapKeyword.groovy)
	at com.kms.katalon.core.mobile.keyword.internal.MobileKeywordMain.runKeyword(MobileKeywordMain.groovy:21)
	at com.kms.katalon.core.mobile.keyword.builtin.TapKeyword.tap(TapKeyword.groovy:86)
	at com.kms.katalon.core.mobile.keyword.builtin.TapKeyword.execute(TapKeyword.groovy:68)
	at com.kms.katalon.core.keyword.internal.KeywordExecutor.executeKeywordForPlatform(KeywordExecutor.groovy:72)
	at com.kms.katalon.core.mobile.keyword.MobileBuiltInKeywords.tap(MobileBuiltInKeywords.groovy:577)
	at com.kms.katalon.core.mobile.keyword.MobileBuiltInKeywords$tap$0.call(Unknown Source)
	at KLIA.run(KLIA:37)
	at com.kms.katalon.core.main.ScriptEngine.run(ScriptEngine.java:194)
	at com.kms.katalon.core.main.ScriptEngine.runScriptAsRawText(ScriptEngine.java:119)
	at com.kms.katalon.core.main.TestCaseExecutor.runScript(TestCaseExecutor.java:337)
	at com.kms.katalon.core.main.TestCaseExecutor.doExecute(TestCaseExecutor.java:328)
	at com.kms.katalon.core.main.TestCaseExecutor.processExecutionPhase(TestCaseExecutor.java:307)
	at com.kms.katalon.core.main.TestCaseExecutor.accessMainPhase(TestCaseExecutor.java:299)
	at com.kms.katalon.core.main.TestCaseExecutor.execute(TestCaseExecutor.java:233)
	at com.kms.katalon.core.main.TestSuiteExecutor.accessTestCaseMainPhase(TestSuiteExecutor.java:169)
	at com.kms.katalon.core.main.TestSuiteExecutor.accessTestSuiteMainPhase(TestSuiteExecutor.java:142)
	at com.kms.katalon.core.main.TestSuiteExecutor.execute(TestSuiteExecutor.java:91)
	at com.kms.katalon.core.main.TestCaseMain.startTestSuite(TestCaseMain.java:157)
	at com.kms.katalon.core.main.TestCaseMain$startTestSuite$0.call(Unknown Source)
	at TempTestSuite1597818626943.run(TempTestSuite1597818626943.groovy:36)]]></system-err>
   </testsuite>
</testsuites>
