<?xml version="1.0" encoding="UTF-8"?>
<testsuites name="UAT Test Suite" time="515.416" tests="1" failures="0" errors="0">
   <testsuite name="UAT Test Suite" tests="1" failures="0" errors="0" time="515.416" timestamp="2020-08-17 18:46:55" hostname="LENOVO - DESKTOP-CP3TV4N" id="Test Suites/Maya UAT/UAT Test Suite">
      <properties>
         <property name="deviceName" value="Xiaomi Redmi Note 7S (Android 9)"/>
         <property name="devicePlatform" value=""/>
         <property name="logFolder" value="C:\\Users\\LENOVO\\Git_new\\Maya\\Reports\\20200817_184652\\Maya UAT\\UAT Test Suite\\20200817_184652"/>
         <property name="logFiles" value="C:\\Users\\LENOVO\\Git_new\\Maya\\Reports\\20200817_184652\\Maya UAT\\UAT Test Suite\\20200817_184652\\appium.log, C:\\Users\\LENOVO\\Git_new\\Maya\\Reports\\20200817_184652\\Maya UAT\\UAT Test Suite\\20200817_184652\\execution0.log"/>
         <property name="attachments" value="C:\\Users\\LENOVO\\Screenshot\\Onboarding\\Screen1.png, C:\\Users\\LENOVO\\Screenshot\\Onboarding\\Screen2.png, C:\\Users\\LENOVO\\Screenshot\\Onboarding\\Screen3.png, C:\\Users\\LENOVO\\Screenshot\\Onboarding\\Screen4.png, C:\\Users\\LENOVO\\Screenshot\\Onboarding\\Screen5.png, C:\\Users\\LENOVO\\Screenshot\\Onboarding\\Screen6.png, C:\\Users\\LENOVO\\Screenshot\\Onboarding\\Screen7.png, C:\\Users\\LENOVO\\Screenshot\\Onboarding\\Screen10.png, C:\\Users\\LENOVO\\Screenshot\\Onboarding\\Screen11.png, C:\\Users\\LENOVO\\Screenshot\\Onboarding\\Screen13.png, C:\\Users\\LENOVO\\Screenshot\\Onboarding\\Screen45.png, C:\\Users\\LENOVO\\Screenshot\\Onboarding\\Screen14.png, C:\\Users\\LENOVO\\Screenshot\\Onboarding\\Screen15.png, C:\\Users\\LENOVO\\Screenshot\\Onboarding\\Screen16.png, C:\\Users\\LENOVO\\Screenshot\\Onboarding\\Screen17.png, C:\\Users\\LENOVO\\Screenshot\\Onboarding\\Screen19.png, C:\\Users\\LENOVO\\Screenshot\\Onboarding\\Screen20.png, C:\\Users\\LENOVO\\Screenshot\\Onboarding\\Screen22.png, C:\\Users\\LENOVO\\Screenshot\\Onboarding\\Screen21.png, C:\\Users\\LENOVO\\Screenshot\\Onboarding\\Screen23.png, C:\\Users\\LENOVO\\Screenshot\\Onboarding\\Screen24.png, C:\\Users\\LENOVO\\Screenshot\\Onboarding\\Screen25.png, C:\\Users\\LENOVO\\Screenshot\\Onboarding\\Screen27.png, C:\\Users\\LENOVO\\Screenshot\\Onboarding\\Screen28.png, C:\\Users\\LENOVO\\Screenshot\\Onboarding\\Screen29.png, C:\\Users\\LENOVO\\Screenshot\\Onboarding\\Screen30.png, C:\\Users\\LENOVO\\Screenshot\\Onboarding\\Screen31.png, C:\\Users\\LENOVO\\Screenshot\\Onboarding\\Screen32.png, C:\\Users\\LENOVO\\Screenshot\\Onboarding\\Screen34.png, C:\\Users\\LENOVO\\Screenshot\\Onboarding\\Screen35.png, C:\\Users\\LENOVO\\Screenshot\\Onboarding\\Screen37.png, C:\\Users\\LENOVO\\Screenshot\\Onboarding\\Screen39.png, C:\\Users\\LENOVO\\Screenshot\\Onboarding\\Screen40.png, C:\\Users\\LENOVO\\Screenshot\\Onboarding\\Screen44.png"/>
         <property name="hostName" value="LENOVO - DESKTOP-CP3TV4N"/>
         <property name="os" value="Windows 10 64bit"/>
         <property name="appiumServerStatus" value="{\&quot;value\&quot;:{\&quot;build\&quot;:{\&quot;version\&quot;:\&quot;1.15.1\&quot;}},\&quot;sessionId\&quot;:null,\&quot;status\&quot;:0}"/>
         <property name="katalonVersion" value="7.2.7.1"/>
         <property name="deviceOS" value="Android"/>
         <property name="appiumVersion" value="1.15.1"/>
         <property name="deviceModel" value="Redmi Note 7S"/>
         <property name="hostAddress" value="192.168.0.102"/>
         <property name="deviceManufacturer" value="Xiaomi"/>
         <property name="deviceId" value="11cb9864"/>
         <property name="deviceName" value="Xiaomi Redmi Note 7S (Android 9)"/>
         <property name="deviceOSVersion" value="9"/>
      </properties>
      <testcase name="Test Cases/JINU/Drop2 Onboarding-Moments/Onboarding-Dashboard Moments" time="507.114" classname="Test Cases/JINU/Drop2 Onboarding-Moments/Onboarding-Dashboard Moments" status="PASSED">
         <system-out><![CDATA[2020-08-17 18:46:56 - [TEST_CASE][PASSED] - Test Cases/JINU/Drop2 Onboarding-Moments/Onboarding-Dashboard Moments: Test Cases/JINU/Drop2 Onboarding-Moments/Onboarding-Dashboard Moments

2020-08-17 18:46:57 - [TEST_STEP][PASSED] - startApplication("C:\Users\LENOVO\Katalon Studio\app-uat-universal-release.apk", false): Started app at: 'C:\Users\LENOVO\Katalon Studio\app-uat-universal-release.apk'

2020-08-17 18:46:57 - [MESSAGE][INFO] - User set preference: ['appWaitActivity', '*']

2020-08-17 18:46:57 - [MESSAGE][INFO] - User set preference: ['appWaitPackage', 'com.maybank2u.life.uat']

2020-08-17 18:46:57 - [MESSAGE][INFO] - User set preference: ['appWaitDuration', '50,000']

2020-08-17 18:46:57 - [MESSAGE][INFO] - User set preference: ['deviceId', '11cb9864']

2020-08-17 18:47:00 - [MESSAGE][INFO] - Appium server started on port 56,621

2020-08-17 18:47:25 - [MESSAGE][PASSED] - Started app at: 'C:\Users\LENOVO\Katalon Studio\app-uat-universal-release.apk'

2020-08-17 18:47:25 - [TEST_STEP][PASSED] - delay(10, STOP_ON_FAILURE): Delayed 10 second(s)

2020-08-17 18:47:35 - [MESSAGE][PASSED] - Delayed 10 second(s)

2020-08-17 18:47:35 - [TEST_STEP][PASSED] - takeScreenshot("C:\Users\LENOVO\Screenshot\Onboarding\Screen1.png", CONTINUE_ON_FAILURE): Screenshot is taken

2020-08-17 18:47:36 - [MESSAGE][PASSED] - Screenshot is taken
[[ATTACHMENT|C:\\Users\\LENOVO\\Screenshot\\Onboarding\\Screen1.png]]

2020-08-17 18:47:36 - [TEST_STEP][PASSED] - swipe(598, 502, 40, 200): Swiped from 598,502 to 40,200

2020-08-17 18:47:37 - [MESSAGE][PASSED] - Swiped from 598,502 to 40,200

2020-08-17 18:47:37 - [TEST_STEP][PASSED] - delay(3, STOP_ON_FAILURE): Delayed 3 second(s)

2020-08-17 18:47:40 - [MESSAGE][PASSED] - Delayed 3 second(s)

2020-08-17 18:47:40 - [TEST_STEP][NOT_RUN] - getText(findTestObject("Maya/Onboarding Moments/android.widget.TextView0 - Hello Test your Wallet  Y"), 0): NOT_RUN: getText(findTestObject("Maya/Onboarding Moments/android.widget.TextView0 - Hello Test your Wallet  Y"), 0)

2020-08-17 18:47:40 - [MESSAGE][NOT_RUN] - NOT_RUN: getText(findTestObject("Maya/Onboarding Moments/android.widget.TextView0 - Hello Test your Wallet  Y"), 0)

2020-08-17 18:47:40 - [TEST_STEP][PASSED] - takeScreenshot("C:\Users\LENOVO\Screenshot\Onboarding\Screen2.png", CONTINUE_ON_FAILURE): Screenshot is taken

2020-08-17 18:47:42 - [MESSAGE][PASSED] - Screenshot is taken
[[ATTACHMENT|C:\\Users\\LENOVO\\Screenshot\\Onboarding\\Screen2.png]]

2020-08-17 18:47:42 - [TEST_STEP][PASSED] - delay(3, STOP_ON_FAILURE): Delayed 3 second(s)

2020-08-17 18:47:45 - [MESSAGE][PASSED] - Delayed 3 second(s)

2020-08-17 18:47:45 - [TEST_STEP][PASSED] - takeScreenshot("C:\Users\LENOVO\Screenshot\Onboarding\Screen3.png", CONTINUE_ON_FAILURE): Screenshot is taken

2020-08-17 18:47:46 - [MESSAGE][PASSED] - Screenshot is taken
[[ATTACHMENT|C:\\Users\\LENOVO\\Screenshot\\Onboarding\\Screen3.png]]

2020-08-17 18:47:46 - [TEST_STEP][PASSED] - swipe(598, 502, 40, 200): Swiped from 598,502 to 40,200

2020-08-17 18:47:47 - [MESSAGE][PASSED] - Swiped from 598,502 to 40,200

2020-08-17 18:47:47 - [TEST_STEP][PASSED] - delay(3, STOP_ON_FAILURE): Delayed 3 second(s)

2020-08-17 18:47:50 - [MESSAGE][PASSED] - Delayed 3 second(s)

2020-08-17 18:47:50 - [TEST_STEP][PASSED] - takeScreenshot("C:\Users\LENOVO\Screenshot\Onboarding\Screen4.png", CONTINUE_ON_FAILURE): Screenshot is taken

2020-08-17 18:47:51 - [MESSAGE][PASSED] - Screenshot is taken
[[ATTACHMENT|C:\\Users\\LENOVO\\Screenshot\\Onboarding\\Screen4.png]]

2020-08-17 18:47:51 - [TEST_STEP][NOT_RUN] - getText(findTestObject("Maya/Onboarding Moments/android.widget.TextView0 - Scan  Pay (QRPay)  Not setup"), 0): NOT_RUN: getText(findTestObject("Maya/Onboarding Moments/android.widget.TextView0 - Scan  Pay (QRPay)  Not setup"), 0)

2020-08-17 18:47:51 - [MESSAGE][NOT_RUN] - NOT_RUN: getText(findTestObject("Maya/Onboarding Moments/android.widget.TextView0 - Scan  Pay (QRPay)  Not setup"), 0)

2020-08-17 18:47:51 - [TEST_STEP][PASSED] - delay(5, STOP_ON_FAILURE): Delayed 5 second(s)

2020-08-17 18:47:56 - [MESSAGE][PASSED] - Delayed 5 second(s)

2020-08-17 18:47:56 - [TEST_STEP][PASSED] - swipe(598, 502, 40, 200): Swiped from 598,502 to 40,200

2020-08-17 18:47:58 - [MESSAGE][PASSED] - Swiped from 598,502 to 40,200

2020-08-17 18:47:58 - [TEST_STEP][PASSED] - takeScreenshot("C:\Users\LENOVO\Screenshot\Onboarding\Screen5.png", CONTINUE_ON_FAILURE): Screenshot is taken

2020-08-17 18:47:59 - [MESSAGE][PASSED] - Screenshot is taken
[[ATTACHMENT|C:\\Users\\LENOVO\\Screenshot\\Onboarding\\Screen5.png]]

2020-08-17 18:47:59 - [TEST_STEP][PASSED] - delay(3, STOP_ON_FAILURE): Delayed 3 second(s)

2020-08-17 18:48:02 - [MESSAGE][PASSED] - Delayed 3 second(s)

2020-08-17 18:48:02 - [TEST_STEP][PASSED] - delay(3, STOP_ON_FAILURE): Delayed 3 second(s)

2020-08-17 18:48:05 - [MESSAGE][PASSED] - Delayed 3 second(s)

2020-08-17 18:48:05 - [TEST_STEP][PASSED] - takeScreenshot("C:\Users\LENOVO\Screenshot\Onboarding\Screen6.png", CONTINUE_ON_FAILURE): Screenshot is taken

2020-08-17 18:48:06 - [MESSAGE][PASSED] - Screenshot is taken
[[ATTACHMENT|C:\\Users\\LENOVO\\Screenshot\\Onboarding\\Screen6.png]]

2020-08-17 18:48:06 - [TEST_STEP][NOT_RUN] - getText(findTestObject("Maya/Onboarding Moments/android.widget.TextView0 - User has MAE account  Y"), 0): NOT_RUN: getText(findTestObject("Maya/Onboarding Moments/android.widget.TextView0 - User has MAE account  Y"), 0)

2020-08-17 18:48:06 - [MESSAGE][NOT_RUN] - NOT_RUN: getText(findTestObject("Maya/Onboarding Moments/android.widget.TextView0 - User has MAE account  Y"), 0)

2020-08-17 18:48:06 - [TEST_STEP][PASSED] - delay(5, STOP_ON_FAILURE): Delayed 5 second(s)

2020-08-17 18:48:11 - [MESSAGE][PASSED] - Delayed 5 second(s)

2020-08-17 18:48:11 - [TEST_STEP][PASSED] - swipe(598, 502, 40, 200): Swiped from 598,502 to 40,200

2020-08-17 18:48:12 - [MESSAGE][PASSED] - Swiped from 598,502 to 40,200

2020-08-17 18:48:12 - [TEST_STEP][PASSED] - delay(3, STOP_ON_FAILURE): Delayed 3 second(s)

2020-08-17 18:48:15 - [MESSAGE][PASSED] - Delayed 3 second(s)

2020-08-17 18:48:15 - [TEST_STEP][PASSED] - takeScreenshot("C:\Users\LENOVO\Screenshot\Onboarding\Screen7.png", CONTINUE_ON_FAILURE): Screenshot is taken

2020-08-17 18:48:16 - [MESSAGE][PASSED] - Screenshot is taken
[[ATTACHMENT|C:\\Users\\LENOVO\\Screenshot\\Onboarding\\Screen7.png]]

2020-08-17 18:48:16 - [TEST_STEP][PASSED] - delay(5, STOP_ON_FAILURE): Delayed 5 second(s)

2020-08-17 18:48:21 - [MESSAGE][PASSED] - Delayed 5 second(s)

2020-08-17 18:48:21 - [TEST_STEP][PASSED] - swipe(598, 502, 40, 200): Swiped from 598,502 to 40,200

2020-08-17 18:48:23 - [MESSAGE][PASSED] - Swiped from 598,502 to 40,200

2020-08-17 18:48:23 - [TEST_STEP][PASSED] - delay(3, STOP_ON_FAILURE): Delayed 3 second(s)

2020-08-17 18:48:26 - [MESSAGE][PASSED] - Delayed 3 second(s)

2020-08-17 18:48:26 - [TEST_STEP][PASSED] - takeScreenshot("C:\Users\LENOVO\Screenshot\Onboarding\Screen10.png", CONTINUE_ON_FAILURE): Screenshot is taken

2020-08-17 18:48:27 - [MESSAGE][PASSED] - Screenshot is taken
[[ATTACHMENT|C:\\Users\\LENOVO\\Screenshot\\Onboarding\\Screen10.png]]

2020-08-17 18:48:27 - [TEST_STEP][PASSED] - getText(findTestObject("Maya/Onboarding Moments/android.widget.TextView0 - Test"), 0): Text of element 'Object Repository/Maya/Onboarding Moments/android.widget.TextView0 - Test' is: 'Test'

2020-08-17 18:48:27 - [MESSAGE][WARNING] - Timeout '0' is invalid. Using default page load timeout: '10'

2020-08-17 18:48:28 - [MESSAGE][PASSED] - Text of element 'Object Repository/Maya/Onboarding Moments/android.widget.TextView0 - Test' is: 'Test'

2020-08-17 18:48:28 - [TEST_STEP][PASSED] - verifyElementExist(findTestObject("Maya/Onboarding Moments/android.widget.TextView0 - Test"), 0): Element 'Object Repository/Maya/Onboarding Moments/android.widget.TextView0 - Test' is exist

2020-08-17 18:48:28 - [MESSAGE][WARNING] - Timeout '0' is invalid. Using default page load timeout: '10'

2020-08-17 18:48:28 - [MESSAGE][PASSED] - Element 'Object Repository/Maya/Onboarding Moments/android.widget.TextView0 - Test' is exist

2020-08-17 18:48:28 - [TEST_STEP][NOT_RUN] - verifyElementExist(findTestObject("Maya/Onboarding Moments/android.widget.TextView0 - Wallet"), 0): NOT_RUN: verifyElementExist(findTestObject("Maya/Onboarding Moments/android.widget.TextView0 - Wallet"), 0)

2020-08-17 18:48:28 - [MESSAGE][NOT_RUN] - NOT_RUN: verifyElementExist(findTestObject("Maya/Onboarding Moments/android.widget.TextView0 - Wallet"), 0)

2020-08-17 18:48:28 - [TEST_STEP][PASSED] - tap(findTestObject("Maya/Onboarding Moments/android.widget.TextView0 - Wallet"), 0): Tapped on element 'Object Repository/Maya/Onboarding Moments/android.widget.TextView0 - Wallet'

2020-08-17 18:48:29 - [MESSAGE][WARNING] - Timeout '0' is invalid. Using default page load timeout: '10'

2020-08-17 18:48:32 - [MESSAGE][PASSED] - Tapped on element 'Object Repository/Maya/Onboarding Moments/android.widget.TextView0 - Wallet'

2020-08-17 18:48:32 - [TEST_STEP][PASSED] - delay(3, STOP_ON_FAILURE): Delayed 3 second(s)

2020-08-17 18:48:35 - [MESSAGE][PASSED] - Delayed 3 second(s)

2020-08-17 18:48:35 - [TEST_STEP][PASSED] - takeScreenshot("C:\Users\LENOVO\Screenshot\Onboarding\Screen11.png", CONTINUE_ON_FAILURE): Screenshot is taken

2020-08-17 18:48:36 - [MESSAGE][PASSED] - Screenshot is taken
[[ATTACHMENT|C:\\Users\\LENOVO\\Screenshot\\Onboarding\\Screen11.png]]

2020-08-17 18:48:36 - [TEST_STEP][PASSED] - tap(findTestObject("Maya/Onboarding Moments/android.widget.TextView0 - 2 (1)"), 0): Tapped on element 'Object Repository/Maya/Onboarding Moments/android.widget.TextView0 - 2 (1)'

2020-08-17 18:48:36 - [MESSAGE][WARNING] - Timeout '0' is invalid. Using default page load timeout: '10'

2020-08-17 18:48:38 - [MESSAGE][PASSED] - Tapped on element 'Object Repository/Maya/Onboarding Moments/android.widget.TextView0 - 2 (1)'

2020-08-17 18:48:38 - [TEST_STEP][PASSED] - tap(findTestObject("Maya/Onboarding Moments/android.widget.TextView0 - 3 (1)"), 0): Tapped on element 'Object Repository/Maya/Onboarding Moments/android.widget.TextView0 - 3 (1)'

2020-08-17 18:48:38 - [MESSAGE][WARNING] - Timeout '0' is invalid. Using default page load timeout: '10'

2020-08-17 18:48:41 - [MESSAGE][PASSED] - Tapped on element 'Object Repository/Maya/Onboarding Moments/android.widget.TextView0 - 3 (1)'

2020-08-17 18:48:41 - [TEST_STEP][PASSED] - tap(findTestObject("Maya/Onboarding Moments/android.widget.TextView0 - 0 (1)"), 0): Tapped on element 'Object Repository/Maya/Onboarding Moments/android.widget.TextView0 - 0 (1)'

2020-08-17 18:48:41 - [MESSAGE][WARNING] - Timeout '0' is invalid. Using default page load timeout: '10'

2020-08-17 18:48:43 - [MESSAGE][PASSED] - Tapped on element 'Object Repository/Maya/Onboarding Moments/android.widget.TextView0 - 0 (1)'

2020-08-17 18:48:43 - [TEST_STEP][PASSED] - tap(findTestObject("Maya/Onboarding Moments/android.widget.TextView0 - 9 (1)"), 0): Tapped on element 'Object Repository/Maya/Onboarding Moments/android.widget.TextView0 - 9 (1)'

2020-08-17 18:48:43 - [MESSAGE][WARNING] - Timeout '0' is invalid. Using default page load timeout: '10'

2020-08-17 18:48:46 - [MESSAGE][PASSED] - Tapped on element 'Object Repository/Maya/Onboarding Moments/android.widget.TextView0 - 9 (1)'

2020-08-17 18:48:46 - [TEST_STEP][PASSED] - tap(findTestObject("Maya/Onboarding Moments/android.widget.TextView0 - 8 (1)"), 0): Tapped on element 'Object Repository/Maya/Onboarding Moments/android.widget.TextView0 - 8 (1)'

2020-08-17 18:48:46 - [MESSAGE][WARNING] - Timeout '0' is invalid. Using default page load timeout: '10'

2020-08-17 18:48:48 - [MESSAGE][PASSED] - Tapped on element 'Object Repository/Maya/Onboarding Moments/android.widget.TextView0 - 8 (1)'

2020-08-17 18:48:48 - [TEST_STEP][PASSED] - tap(findTestObject("Maya/Onboarding Moments/android.widget.TextView0 - 3 (1)"), 0): Tapped on element 'Object Repository/Maya/Onboarding Moments/android.widget.TextView0 - 3 (1)'

2020-08-17 18:48:48 - [MESSAGE][WARNING] - Timeout '0' is invalid. Using default page load timeout: '10'

2020-08-17 18:48:50 - [MESSAGE][PASSED] - Tapped on element 'Object Repository/Maya/Onboarding Moments/android.widget.TextView0 - 3 (1)'

2020-08-17 18:48:50 - [TEST_STEP][PASSED] - getText(findTestObject("Maya/Onboarding Moments/android.widget.TextView0 - Wallet (1)"), 0): Text of element 'Object Repository/Maya/Onboarding Moments/android.widget.TextView0 - Wallet (1)' is: 'Wallet'

2020-08-17 18:48:50 - [MESSAGE][WARNING] - Timeout '0' is invalid. Using default page load timeout: '10'

2020-08-17 18:48:52 - [MESSAGE][PASSED] - Text of element 'Object Repository/Maya/Onboarding Moments/android.widget.TextView0 - Wallet (1)' is: 'Wallet'

2020-08-17 18:48:52 - [TEST_STEP][PASSED] - verifyElementExist(findTestObject("Maya/Onboarding Moments/android.widget.TextView0 - Wallet (1)"), 0): Element 'Object Repository/Maya/Onboarding Moments/android.widget.TextView0 - Wallet (1)' is exist

2020-08-17 18:48:52 - [MESSAGE][WARNING] - Timeout '0' is invalid. Using default page load timeout: '10'

2020-08-17 18:48:52 - [MESSAGE][PASSED] - Element 'Object Repository/Maya/Onboarding Moments/android.widget.TextView0 - Wallet (1)' is exist

2020-08-17 18:48:52 - [TEST_STEP][PASSED] - getText(findTestObject("Maya/Onboarding Moments/android.widget.TextView0 - View Transactions"), 0): Text of element 'Object Repository/Maya/Onboarding Moments/android.widget.TextView0 - View Transactions' is: 'View Transactions'

2020-08-17 18:48:52 - [MESSAGE][WARNING] - Timeout '0' is invalid. Using default page load timeout: '10'

2020-08-17 18:48:52 - [MESSAGE][PASSED] - Text of element 'Object Repository/Maya/Onboarding Moments/android.widget.TextView0 - View Transactions' is: 'View Transactions'

2020-08-17 18:48:52 - [TEST_STEP][PASSED] - verifyElementExist(findTestObject("Maya/Onboarding Moments/android.widget.TextView0 - View Transactions"), 0): Element 'Object Repository/Maya/Onboarding Moments/android.widget.TextView0 - View Transactions' is exist

2020-08-17 18:48:53 - [MESSAGE][WARNING] - Timeout '0' is invalid. Using default page load timeout: '10'

2020-08-17 18:48:53 - [MESSAGE][PASSED] - Element 'Object Repository/Maya/Onboarding Moments/android.widget.TextView0 - View Transactions' is exist

2020-08-17 18:48:53 - [TEST_STEP][PASSED] - delay(3, STOP_ON_FAILURE): Delayed 3 second(s)

2020-08-17 18:48:56 - [MESSAGE][PASSED] - Delayed 3 second(s)

2020-08-17 18:48:56 - [TEST_STEP][PASSED] - takeScreenshot("C:\Users\LENOVO\Screenshot\Onboarding\Screen13.png", CONTINUE_ON_FAILURE): Screenshot is taken

2020-08-17 18:48:57 - [MESSAGE][PASSED] - Screenshot is taken
[[ATTACHMENT|C:\\Users\\LENOVO\\Screenshot\\Onboarding\\Screen13.png]]

2020-08-17 18:48:57 - [TEST_STEP][PASSED] - tap(findTestObject("Maya/Onboarding Moments/android.widget.TextView0 - View Transactions"), 0): Tapped on element 'Object Repository/Maya/Onboarding Moments/android.widget.TextView0 - View Transactions'

2020-08-17 18:48:57 - [MESSAGE][WARNING] - Timeout '0' is invalid. Using default page load timeout: '10'

2020-08-17 18:49:00 - [MESSAGE][PASSED] - Tapped on element 'Object Repository/Maya/Onboarding Moments/android.widget.TextView0 - View Transactions'

2020-08-17 18:49:00 - [TEST_STEP][PASSED] - tap(findTestObject("Maya/Onboarding Moments/android.widget.ImageView0 (2)"), 0): Tapped on element 'Object Repository/Maya/Onboarding Moments/android.widget.ImageView0 (2)'

2020-08-17 18:49:01 - [MESSAGE][WARNING] - Timeout '0' is invalid. Using default page load timeout: '10'

2020-08-17 18:49:02 - [MESSAGE][PASSED] - Tapped on element 'Object Repository/Maya/Onboarding Moments/android.widget.ImageView0 (2)'

2020-08-17 18:49:02 - [TEST_STEP][PASSED] - getText(findTestObject("Maya/Onboarding Moments/android.widget.TextView0 - Pay Bills"), 0): Text of element 'Object Repository/Maya/Onboarding Moments/android.widget.TextView0 - Pay Bills' is: 'Pay Bills'

2020-08-17 18:49:02 - [MESSAGE][WARNING] - Timeout '0' is invalid. Using default page load timeout: '10'

2020-08-17 18:49:04 - [MESSAGE][PASSED] - Text of element 'Object Repository/Maya/Onboarding Moments/android.widget.TextView0 - Pay Bills' is: 'Pay Bills'

2020-08-17 18:49:04 - [TEST_STEP][PASSED] - verifyElementExist(findTestObject("Maya/Onboarding Moments/android.widget.TextView0 - Pay Bills"), 0): Element 'Object Repository/Maya/Onboarding Moments/android.widget.TextView0 - Pay Bills' is exist

2020-08-17 18:49:04 - [MESSAGE][WARNING] - Timeout '0' is invalid. Using default page load timeout: '10'

2020-08-17 18:49:05 - [MESSAGE][PASSED] - Element 'Object Repository/Maya/Onboarding Moments/android.widget.TextView0 - Pay Bills' is exist

2020-08-17 18:49:05 - [TEST_STEP][PASSED] - getText(findTestObject("Maya/Onboarding Moments/android.widget.TextView0 - Reload"), 0): Text of element 'Object Repository/Maya/Onboarding Moments/android.widget.TextView0 - Reload' is: 'Reload'

2020-08-17 18:49:05 - [MESSAGE][WARNING] - Timeout '0' is invalid. Using default page load timeout: '10'

2020-08-17 18:49:05 - [MESSAGE][PASSED] - Text of element 'Object Repository/Maya/Onboarding Moments/android.widget.TextView0 - Reload' is: 'Reload'

2020-08-17 18:49:05 - [TEST_STEP][PASSED] - verifyElementExist(findTestObject("Maya/Onboarding Moments/android.widget.TextView0 - Reload"), 0): Element 'Object Repository/Maya/Onboarding Moments/android.widget.TextView0 - Reload' is exist

2020-08-17 18:49:05 - [MESSAGE][WARNING] - Timeout '0' is invalid. Using default page load timeout: '10'

2020-08-17 18:49:06 - [MESSAGE][PASSED] - Element 'Object Repository/Maya/Onboarding Moments/android.widget.TextView0 - Reload' is exist

2020-08-17 18:49:06 - [TEST_STEP][PASSED] - getText(findTestObject("Maya/Onboarding Moments/android.widget.TextView0 - Pay Cards"), 0): Text of element 'Object Repository/Maya/Onboarding Moments/android.widget.TextView0 - Pay Cards' is: 'Pay Cards'

2020-08-17 18:49:06 - [MESSAGE][WARNING] - Timeout '0' is invalid. Using default page load timeout: '10'

2020-08-17 18:49:06 - [MESSAGE][PASSED] - Text of element 'Object Repository/Maya/Onboarding Moments/android.widget.TextView0 - Pay Cards' is: 'Pay Cards'

2020-08-17 18:49:06 - [TEST_STEP][PASSED] - verifyElementExist(findTestObject("Maya/Onboarding Moments/android.widget.TextView0 - Pay Cards"), 0): Element 'Object Repository/Maya/Onboarding Moments/android.widget.TextView0 - Pay Cards' is exist

2020-08-17 18:49:06 - [MESSAGE][WARNING] - Timeout '0' is invalid. Using default page load timeout: '10'

2020-08-17 18:49:07 - [MESSAGE][PASSED] - Element 'Object Repository/Maya/Onboarding Moments/android.widget.TextView0 - Pay Cards' is exist

2020-08-17 18:49:07 - [TEST_STEP][PASSED] - getText(findTestObject("Maya/Onboarding Moments/android.widget.TextView0 - Split Bill"), 0): Text of element 'Object Repository/Maya/Onboarding Moments/android.widget.TextView0 - Split Bill' is: 'Split Bill'

2020-08-17 18:49:07 - [MESSAGE][WARNING] - Timeout '0' is invalid. Using default page load timeout: '10'

2020-08-17 18:49:08 - [MESSAGE][PASSED] - Text of element 'Object Repository/Maya/Onboarding Moments/android.widget.TextView0 - Split Bill' is: 'Split Bill'

2020-08-17 18:49:08 - [TEST_STEP][PASSED] - verifyElementExist(findTestObject("Maya/Onboarding Moments/android.widget.TextView0 - Split Bill"), 0): Element 'Object Repository/Maya/Onboarding Moments/android.widget.TextView0 - Split Bill' is exist

2020-08-17 18:49:08 - [MESSAGE][WARNING] - Timeout '0' is invalid. Using default page load timeout: '10'

2020-08-17 18:49:08 - [MESSAGE][PASSED] - Element 'Object Repository/Maya/Onboarding Moments/android.widget.TextView0 - Split Bill' is exist

2020-08-17 18:49:08 - [TEST_STEP][PASSED] - getText(findTestObject("Maya/Onboarding Moments/android.widget.TextView0 - Send  Request"), 0): Text of element 'Object Repository/Maya/Onboarding Moments/android.widget.TextView0 - Send  Request' is: 'Send & Request'

2020-08-17 18:49:08 - [MESSAGE][WARNING] - Timeout '0' is invalid. Using default page load timeout: '10'

2020-08-17 18:49:09 - [MESSAGE][PASSED] - Text of element 'Object Repository/Maya/Onboarding Moments/android.widget.TextView0 - Send  Request' is: 'Send & Request'

2020-08-17 18:49:09 - [TEST_STEP][PASSED] - verifyElementExist(findTestObject("Maya/Onboarding Moments/android.widget.TextView0 - Send  Request"), 0): Element 'Object Repository/Maya/Onboarding Moments/android.widget.TextView0 - Send  Request' is exist

2020-08-17 18:49:09 - [MESSAGE][WARNING] - Timeout '0' is invalid. Using default page load timeout: '10'

2020-08-17 18:49:10 - [MESSAGE][PASSED] - Element 'Object Repository/Maya/Onboarding Moments/android.widget.TextView0 - Send  Request' is exist

2020-08-17 18:49:10 - [TEST_STEP][PASSED] - getText(findTestObject("Maya/Onboarding Moments/android.widget.TextView0 - Scan  Pay"), 0): Text of element 'Object Repository/Maya/Onboarding Moments/android.widget.TextView0 - Scan  Pay' is: 'Scan & Pay'

2020-08-17 18:49:10 - [MESSAGE][WARNING] - Timeout '0' is invalid. Using default page load timeout: '10'

2020-08-17 18:49:10 - [MESSAGE][PASSED] - Text of element 'Object Repository/Maya/Onboarding Moments/android.widget.TextView0 - Scan  Pay' is: 'Scan & Pay'

2020-08-17 18:49:10 - [TEST_STEP][PASSED] - verifyElementExist(findTestObject("Maya/Onboarding Moments/android.widget.TextView0 - Scan  Pay"), 0): Element 'Object Repository/Maya/Onboarding Moments/android.widget.TextView0 - Scan  Pay' is exist

2020-08-17 18:49:10 - [MESSAGE][WARNING] - Timeout '0' is invalid. Using default page load timeout: '10'

2020-08-17 18:49:11 - [MESSAGE][PASSED] - Element 'Object Repository/Maya/Onboarding Moments/android.widget.TextView0 - Scan  Pay' is exist

2020-08-17 18:49:11 - [TEST_STEP][PASSED] - tap(findTestObject("Maya/Onboarding Moments/android.widget.TextView0 - Pay Bills"), 0): Tapped on element 'Object Repository/Maya/Onboarding Moments/android.widget.TextView0 - Pay Bills'

2020-08-17 18:49:11 - [MESSAGE][WARNING] - Timeout '0' is invalid. Using default page load timeout: '10'

2020-08-17 18:49:14 - [MESSAGE][PASSED] - Tapped on element 'Object Repository/Maya/Onboarding Moments/android.widget.TextView0 - Pay Bills'

2020-08-17 18:49:14 - [TEST_STEP][PASSED] - setText(findTestObject("Maya/Onboarding Moments/android.widget.EditText0 (1)"), "pass1234", 0): Text 'pass1234' has been set to element 'Object Repository/Maya/Onboarding Moments/android.widget.EditText0 (1)'

2020-08-17 18:49:14 - [MESSAGE][WARNING] - Timeout '0' is invalid. Using default page load timeout: '10'

2020-08-17 18:49:15 - [MESSAGE][PASSED] - Text 'pass1234' has been set to element 'Object Repository/Maya/Onboarding Moments/android.widget.EditText0 (1)'

2020-08-17 18:49:15 - [TEST_STEP][PASSED] - driver = getDriver(): null

2020-08-17 18:49:15 - [TEST_STEP][PASSED] - driver.pressKeyCode(ENTER): null

2020-08-17 18:49:15 - [TEST_STEP][PASSED] - getText(findTestObject("Maya/Onboarding Moments/android.widget.TextView0 - Pay Bills (1)"), 0): Text of element 'Object Repository/Maya/Onboarding Moments/android.widget.TextView0 - Pay Bills (1)' is: 'Pay Bills'

2020-08-17 18:49:16 - [MESSAGE][WARNING] - Timeout '0' is invalid. Using default page load timeout: '10'

2020-08-17 18:49:19 - [MESSAGE][PASSED] - Text of element 'Object Repository/Maya/Onboarding Moments/android.widget.TextView0 - Pay Bills (1)' is: 'Pay Bills'

2020-08-17 18:49:19 - [TEST_STEP][PASSED] - delay(3, STOP_ON_FAILURE): Delayed 3 second(s)

2020-08-17 18:49:22 - [MESSAGE][PASSED] - Delayed 3 second(s)

2020-08-17 18:49:22 - [TEST_STEP][PASSED] - takeScreenshot("C:\Users\LENOVO\Screenshot\Onboarding\Screen45.png", CONTINUE_ON_FAILURE): Screenshot is taken

2020-08-17 18:49:23 - [MESSAGE][PASSED] - Screenshot is taken
[[ATTACHMENT|C:\\Users\\LENOVO\\Screenshot\\Onboarding\\Screen45.png]]

2020-08-17 18:49:23 - [TEST_STEP][PASSED] - verifyElementExist(findTestObject("Maya/Onboarding Moments/android.widget.TextView0 - Pay Bills (1)"), 0): Element 'Object Repository/Maya/Onboarding Moments/android.widget.TextView0 - Pay Bills (1)' is exist

2020-08-17 18:49:23 - [MESSAGE][WARNING] - Timeout '0' is invalid. Using default page load timeout: '10'

2020-08-17 18:49:24 - [MESSAGE][PASSED] - Element 'Object Repository/Maya/Onboarding Moments/android.widget.TextView0 - Pay Bills (1)' is exist

2020-08-17 18:49:24 - [TEST_STEP][PASSED] - tap(findTestObject("Maya/Onboarding Moments/android.widget.ImageView0 (3)"), 0): Tapped on element 'Object Repository/Maya/Onboarding Moments/android.widget.ImageView0 (3)'

2020-08-17 18:49:24 - [MESSAGE][WARNING] - Timeout '0' is invalid. Using default page load timeout: '10'

2020-08-17 18:49:25 - [MESSAGE][PASSED] - Tapped on element 'Object Repository/Maya/Onboarding Moments/android.widget.ImageView0 (3)'

2020-08-17 18:49:25 - [TEST_STEP][PASSED] - tap(findTestObject("Maya/Onboarding Moments/android.widget.TextView0 - Reload"), 0): Tapped on element 'Object Repository/Maya/Onboarding Moments/android.widget.TextView0 - Reload'

2020-08-17 18:49:25 - [MESSAGE][WARNING] - Timeout '0' is invalid. Using default page load timeout: '10'

2020-08-17 18:49:29 - [MESSAGE][PASSED] - Tapped on element 'Object Repository/Maya/Onboarding Moments/android.widget.TextView0 - Reload'

2020-08-17 18:49:29 - [TEST_STEP][PASSED] - getText(findTestObject("Maya/Onboarding Moments/android.widget.TextView0 - Reload (1)"), 0): Text of element 'Object Repository/Maya/Onboarding Moments/android.widget.TextView0 - Reload (1)' is: 'Reload'

2020-08-17 18:49:29 - [MESSAGE][WARNING] - Timeout '0' is invalid. Using default page load timeout: '10'

2020-08-17 18:49:29 - [MESSAGE][PASSED] - Text of element 'Object Repository/Maya/Onboarding Moments/android.widget.TextView0 - Reload (1)' is: 'Reload'

2020-08-17 18:49:29 - [TEST_STEP][PASSED] - verifyElementExist(findTestObject("Maya/Onboarding Moments/android.widget.TextView0 - Reload (1)"), 0): Element 'Object Repository/Maya/Onboarding Moments/android.widget.TextView0 - Reload (1)' is exist

2020-08-17 18:49:29 - [MESSAGE][WARNING] - Timeout '0' is invalid. Using default page load timeout: '10'

2020-08-17 18:49:30 - [MESSAGE][PASSED] - Element 'Object Repository/Maya/Onboarding Moments/android.widget.TextView0 - Reload (1)' is exist

2020-08-17 18:49:30 - [TEST_STEP][PASSED] - delay(3, STOP_ON_FAILURE): Delayed 3 second(s)

2020-08-17 18:49:33 - [MESSAGE][PASSED] - Delayed 3 second(s)

2020-08-17 18:49:33 - [TEST_STEP][PASSED] - takeScreenshot("C:\Users\LENOVO\Screenshot\Onboarding\Screen14.png", CONTINUE_ON_FAILURE): Screenshot is taken

2020-08-17 18:49:34 - [MESSAGE][PASSED] - Screenshot is taken
[[ATTACHMENT|C:\\Users\\LENOVO\\Screenshot\\Onboarding\\Screen14.png]]

2020-08-17 18:49:34 - [TEST_STEP][PASSED] - tap(findTestObject("Maya/Onboarding Moments/android.widget.ImageView0 (4)"), 0): Tapped on element 'Object Repository/Maya/Onboarding Moments/android.widget.ImageView0 (4)'

2020-08-17 18:49:34 - [MESSAGE][WARNING] - Timeout '0' is invalid. Using default page load timeout: '10'

2020-08-17 18:49:35 - [MESSAGE][PASSED] - Tapped on element 'Object Repository/Maya/Onboarding Moments/android.widget.ImageView0 (4)'

2020-08-17 18:49:35 - [TEST_STEP][PASSED] - tap(findTestObject("Maya/Onboarding Moments/android.widget.TextView0 - Split Bill"), 0): Tapped on element 'Object Repository/Maya/Onboarding Moments/android.widget.TextView0 - Split Bill'

2020-08-17 18:49:35 - [MESSAGE][WARNING] - Timeout '0' is invalid. Using default page load timeout: '10'

2020-08-17 18:49:39 - [MESSAGE][PASSED] - Tapped on element 'Object Repository/Maya/Onboarding Moments/android.widget.TextView0 - Split Bill'

2020-08-17 18:49:39 - [TEST_STEP][PASSED] - getText(findTestObject("Maya/Onboarding Moments/android.widget.TextView0 - Split Bill (1)"), 0): Text of element 'Object Repository/Maya/Onboarding Moments/android.widget.TextView0 - Split Bill (1)' is: 'Split Bill'

2020-08-17 18:49:39 - [MESSAGE][WARNING] - Timeout '0' is invalid. Using default page load timeout: '10'

2020-08-17 18:49:39 - [MESSAGE][PASSED] - Text of element 'Object Repository/Maya/Onboarding Moments/android.widget.TextView0 - Split Bill (1)' is: 'Split Bill'

2020-08-17 18:49:39 - [TEST_STEP][PASSED] - verifyElementExist(findTestObject("Maya/Onboarding Moments/android.widget.TextView0 - Split Bill (1)"), 0): Element 'Object Repository/Maya/Onboarding Moments/android.widget.TextView0 - Split Bill (1)' is exist

2020-08-17 18:49:39 - [MESSAGE][WARNING] - Timeout '0' is invalid. Using default page load timeout: '10'

2020-08-17 18:49:40 - [MESSAGE][PASSED] - Element 'Object Repository/Maya/Onboarding Moments/android.widget.TextView0 - Split Bill (1)' is exist

2020-08-17 18:49:40 - [TEST_STEP][PASSED] - delay(3, STOP_ON_FAILURE): Delayed 3 second(s)

2020-08-17 18:49:43 - [MESSAGE][PASSED] - Delayed 3 second(s)

2020-08-17 18:49:43 - [TEST_STEP][PASSED] - takeScreenshot("C:\Users\LENOVO\Screenshot\Onboarding\Screen15.png", CONTINUE_ON_FAILURE): Screenshot is taken

2020-08-17 18:49:44 - [MESSAGE][PASSED] - Screenshot is taken
[[ATTACHMENT|C:\\Users\\LENOVO\\Screenshot\\Onboarding\\Screen15.png]]

2020-08-17 18:49:44 - [TEST_STEP][PASSED] - tap(findTestObject("Maya/Onboarding Moments/android.widget.ImageView0 (3)"), 0): Tapped on element 'Object Repository/Maya/Onboarding Moments/android.widget.ImageView0 (3)'

2020-08-17 18:49:44 - [MESSAGE][WARNING] - Timeout '0' is invalid. Using default page load timeout: '10'

2020-08-17 18:49:45 - [MESSAGE][PASSED] - Tapped on element 'Object Repository/Maya/Onboarding Moments/android.widget.ImageView0 (3)'

2020-08-17 18:49:45 - [TEST_STEP][PASSED] - tap(findTestObject("Maya/Onboarding Moments/android.widget.TextView0 - Send  Request"), 0): Tapped on element 'Object Repository/Maya/Onboarding Moments/android.widget.TextView0 - Send  Request'

2020-08-17 18:49:45 - [MESSAGE][WARNING] - Timeout '0' is invalid. Using default page load timeout: '10'

2020-08-17 18:49:49 - [MESSAGE][PASSED] - Tapped on element 'Object Repository/Maya/Onboarding Moments/android.widget.TextView0 - Send  Request'

2020-08-17 18:49:49 - [TEST_STEP][PASSED] - getText(findTestObject("Maya/Onboarding Moments/android.widget.TextView0 - SendMoney"), 0): Text of element 'Object Repository/Maya/Onboarding Moments/android.widget.TextView0 - SendMoney' is: 'Send
Money'

2020-08-17 18:49:49 - [MESSAGE][WARNING] - Timeout '0' is invalid. Using default page load timeout: '10'

2020-08-17 18:49:50 - [MESSAGE][PASSED] - Text of element 'Object Repository/Maya/Onboarding Moments/android.widget.TextView0 - SendMoney' is: 'Send
Money'

2020-08-17 18:49:50 - [TEST_STEP][PASSED] - verifyElementExist(findTestObject("Maya/Onboarding Moments/android.widget.TextView0 - SendMoney"), 0): Element 'Object Repository/Maya/Onboarding Moments/android.widget.TextView0 - SendMoney' is exist

2020-08-17 18:49:50 - [MESSAGE][WARNING] - Timeout '0' is invalid. Using default page load timeout: '10'

2020-08-17 18:49:50 - [MESSAGE][PASSED] - Element 'Object Repository/Maya/Onboarding Moments/android.widget.TextView0 - SendMoney' is exist

2020-08-17 18:49:50 - [TEST_STEP][PASSED] - getText(findTestObject("Maya/Onboarding Moments/android.widget.TextView0 - RequestMoney"), 0): Text of element 'Object Repository/Maya/Onboarding Moments/android.widget.TextView0 - RequestMoney' is: 'Request
Money'

2020-08-17 18:49:50 - [MESSAGE][WARNING] - Timeout '0' is invalid. Using default page load timeout: '10'

2020-08-17 18:49:50 - [MESSAGE][PASSED] - Text of element 'Object Repository/Maya/Onboarding Moments/android.widget.TextView0 - RequestMoney' is: 'Request
Money'

2020-08-17 18:49:50 - [TEST_STEP][PASSED] - verifyElementExist(findTestObject("Maya/Onboarding Moments/android.widget.TextView0 - RequestMoney"), 0): Element 'Object Repository/Maya/Onboarding Moments/android.widget.TextView0 - RequestMoney' is exist

2020-08-17 18:49:50 - [MESSAGE][WARNING] - Timeout '0' is invalid. Using default page load timeout: '10'

2020-08-17 18:49:51 - [MESSAGE][PASSED] - Element 'Object Repository/Maya/Onboarding Moments/android.widget.TextView0 - RequestMoney' is exist

2020-08-17 18:49:51 - [TEST_STEP][PASSED] - delay(3, STOP_ON_FAILURE): Delayed 3 second(s)

2020-08-17 18:49:54 - [MESSAGE][PASSED] - Delayed 3 second(s)

2020-08-17 18:49:54 - [TEST_STEP][PASSED] - takeScreenshot("C:\Users\LENOVO\Screenshot\Onboarding\Screen16.png", CONTINUE_ON_FAILURE): Screenshot is taken

2020-08-17 18:49:55 - [MESSAGE][PASSED] - Screenshot is taken
[[ATTACHMENT|C:\\Users\\LENOVO\\Screenshot\\Onboarding\\Screen16.png]]

2020-08-17 18:49:55 - [TEST_STEP][PASSED] - tap(findTestObject("Maya/Onboarding Moments/android.widget.ImageView0 (3)"), 0): Tapped on element 'Object Repository/Maya/Onboarding Moments/android.widget.ImageView0 (3)'

2020-08-17 18:49:55 - [MESSAGE][WARNING] - Timeout '0' is invalid. Using default page load timeout: '10'

2020-08-17 18:49:56 - [MESSAGE][PASSED] - Tapped on element 'Object Repository/Maya/Onboarding Moments/android.widget.ImageView0 (3)'

2020-08-17 18:49:56 - [TEST_STEP][PASSED] - tap(findTestObject("Maya/Onboarding Moments/android.widget.TextView0 - Scan  Pay (1)"), 0): Tapped on element 'Object Repository/Maya/Onboarding Moments/android.widget.TextView0 - Scan  Pay (1)'

2020-08-17 18:49:56 - [MESSAGE][WARNING] - Timeout '0' is invalid. Using default page load timeout: '10'

2020-08-17 18:50:00 - [MESSAGE][PASSED] - Tapped on element 'Object Repository/Maya/Onboarding Moments/android.widget.TextView0 - Scan  Pay (1)'

2020-08-17 18:50:00 - [TEST_STEP][PASSED] - getText(findTestObject("Maya/Onboarding Moments/android.widget.TextView0 - Scan  Pay (2)"), 0): Text of element 'Object Repository/Maya/Onboarding Moments/android.widget.TextView0 - Scan  Pay (2)' is: 'Scan & Pay'

2020-08-17 18:50:00 - [MESSAGE][WARNING] - Timeout '0' is invalid. Using default page load timeout: '10'

2020-08-17 18:50:01 - [MESSAGE][PASSED] - Text of element 'Object Repository/Maya/Onboarding Moments/android.widget.TextView0 - Scan  Pay (2)' is: 'Scan & Pay'

2020-08-17 18:50:01 - [TEST_STEP][PASSED] - verifyElementExist(findTestObject("Maya/Onboarding Moments/android.widget.TextView0 - Scan  Pay (2)"), 0): Element 'Object Repository/Maya/Onboarding Moments/android.widget.TextView0 - Scan  Pay (2)' is exist

2020-08-17 18:50:01 - [MESSAGE][WARNING] - Timeout '0' is invalid. Using default page load timeout: '10'

2020-08-17 18:50:01 - [MESSAGE][PASSED] - Element 'Object Repository/Maya/Onboarding Moments/android.widget.TextView0 - Scan  Pay (2)' is exist

2020-08-17 18:50:01 - [TEST_STEP][PASSED] - delay(3, STOP_ON_FAILURE): Delayed 3 second(s)

2020-08-17 18:50:04 - [MESSAGE][PASSED] - Delayed 3 second(s)

2020-08-17 18:50:04 - [TEST_STEP][PASSED] - takeScreenshot("C:\Users\LENOVO\Screenshot\Onboarding\Screen17.png", CONTINUE_ON_FAILURE): Screenshot is taken

2020-08-17 18:50:06 - [MESSAGE][PASSED] - Screenshot is taken
[[ATTACHMENT|C:\\Users\\LENOVO\\Screenshot\\Onboarding\\Screen17.png]]

2020-08-17 18:50:06 - [TEST_STEP][PASSED] - tap(findTestObject("Maya/Onboarding Moments/android.widget.ImageView0 (5)"), 0): Tapped on element 'Object Repository/Maya/Onboarding Moments/android.widget.ImageView0 (5)'

2020-08-17 18:50:06 - [MESSAGE][WARNING] - Timeout '0' is invalid. Using default page load timeout: '10'

2020-08-17 18:50:07 - [MESSAGE][PASSED] - Tapped on element 'Object Repository/Maya/Onboarding Moments/android.widget.ImageView0 (5)'

2020-08-17 18:50:07 - [TEST_STEP][PASSED] - tap(findTestObject("Maya/Onboarding Moments/android.widget.TextView0 - Wallet (2)"), 0): Tapped on element 'Object Repository/Maya/Onboarding Moments/android.widget.TextView0 - Wallet (2)'

2020-08-17 18:50:07 - [MESSAGE][WARNING] - Timeout '0' is invalid. Using default page load timeout: '10'

2020-08-17 18:50:10 - [MESSAGE][PASSED] - Tapped on element 'Object Repository/Maya/Onboarding Moments/android.widget.TextView0 - Wallet (2)'

2020-08-17 18:50:10 - [TEST_STEP][PASSED] - getText(findTestObject("Maya/Onboarding Moments/android.widget.TextView0 - Transfer"), 0): Text of element 'Object Repository/Maya/Onboarding Moments/android.widget.TextView0 - Transfer' is: 'Transfer'

2020-08-17 18:50:10 - [MESSAGE][WARNING] - Timeout '0' is invalid. Using default page load timeout: '10'

2020-08-17 18:50:11 - [MESSAGE][PASSED] - Text of element 'Object Repository/Maya/Onboarding Moments/android.widget.TextView0 - Transfer' is: 'Transfer'

2020-08-17 18:50:11 - [TEST_STEP][PASSED] - verifyElementExist(findTestObject("Maya/Onboarding Moments/android.widget.TextView0 - Transfer"), 0): Element 'Object Repository/Maya/Onboarding Moments/android.widget.TextView0 - Transfer' is exist

2020-08-17 18:50:11 - [MESSAGE][WARNING] - Timeout '0' is invalid. Using default page load timeout: '10'

2020-08-17 18:50:11 - [MESSAGE][PASSED] - Element 'Object Repository/Maya/Onboarding Moments/android.widget.TextView0 - Transfer' is exist

2020-08-17 18:50:11 - [TEST_STEP][PASSED] - delay(3, STOP_ON_FAILURE): Delayed 3 second(s)

2020-08-17 18:50:14 - [MESSAGE][PASSED] - Delayed 3 second(s)

2020-08-17 18:50:14 - [TEST_STEP][PASSED] - takeScreenshot("C:\Users\LENOVO\Screenshot\Onboarding\Screen19.png", CONTINUE_ON_FAILURE): Screenshot is taken

2020-08-17 18:50:16 - [MESSAGE][PASSED] - Screenshot is taken
[[ATTACHMENT|C:\\Users\\LENOVO\\Screenshot\\Onboarding\\Screen19.png]]

2020-08-17 18:50:16 - [TEST_STEP][PASSED] - tap(findTestObject("Maya/Onboarding Moments/android.widget.TextView0 - Maybank2u"), 0): Tapped on element 'Object Repository/Maya/Onboarding Moments/android.widget.TextView0 - Maybank2u'

2020-08-17 18:50:16 - [MESSAGE][WARNING] - Timeout '0' is invalid. Using default page load timeout: '10'

2020-08-17 18:50:28 - [MESSAGE][PASSED] - Tapped on element 'Object Repository/Maya/Onboarding Moments/android.widget.TextView0 - Maybank2u'

2020-08-17 18:50:28 - [TEST_STEP][PASSED] - getText(findTestObject("Maya/Onboarding Moments/android.widget.TextView0 - ACCOUNTS"), 0): Text of element 'Object Repository/Maya/Onboarding Moments/android.widget.TextView0 - ACCOUNTS' is: 'ACCOUNTS'

2020-08-17 18:50:28 - [MESSAGE][WARNING] - Timeout '0' is invalid. Using default page load timeout: '10'

2020-08-17 18:50:29 - [MESSAGE][PASSED] - Text of element 'Object Repository/Maya/Onboarding Moments/android.widget.TextView0 - ACCOUNTS' is: 'ACCOUNTS'

2020-08-17 18:50:29 - [TEST_STEP][PASSED] - verifyElementExist(findTestObject("Maya/Onboarding Moments/android.widget.TextView0 - ACCOUNTS"), 0): Element 'Object Repository/Maya/Onboarding Moments/android.widget.TextView0 - ACCOUNTS' is exist

2020-08-17 18:50:29 - [MESSAGE][WARNING] - Timeout '0' is invalid. Using default page load timeout: '10'

2020-08-17 18:50:29 - [MESSAGE][PASSED] - Element 'Object Repository/Maya/Onboarding Moments/android.widget.TextView0 - ACCOUNTS' is exist

2020-08-17 18:50:29 - [TEST_STEP][PASSED] - delay(3, STOP_ON_FAILURE): Delayed 3 second(s)

2020-08-17 18:50:32 - [MESSAGE][PASSED] - Delayed 3 second(s)

2020-08-17 18:50:32 - [TEST_STEP][PASSED] - takeScreenshot("C:\Users\LENOVO\Screenshot\Onboarding\Screen20.png", CONTINUE_ON_FAILURE): Screenshot is taken

2020-08-17 18:50:33 - [MESSAGE][PASSED] - Screenshot is taken
[[ATTACHMENT|C:\\Users\\LENOVO\\Screenshot\\Onboarding\\Screen20.png]]

2020-08-17 18:50:33 - [TEST_STEP][PASSED] - getText(findTestObject("Maya/Onboarding Moments/android.widget.TextView0 - CARDS"), 0): Text of element 'Object Repository/Maya/Onboarding Moments/android.widget.TextView0 - CARDS' is: 'CARDS'

2020-08-17 18:50:33 - [MESSAGE][WARNING] - Timeout '0' is invalid. Using default page load timeout: '10'

2020-08-17 18:50:34 - [MESSAGE][PASSED] - Text of element 'Object Repository/Maya/Onboarding Moments/android.widget.TextView0 - CARDS' is: 'CARDS'

2020-08-17 18:50:34 - [TEST_STEP][PASSED] - verifyElementExist(findTestObject("Maya/Onboarding Moments/android.widget.TextView0 - CARDS"), 0): Element 'Object Repository/Maya/Onboarding Moments/android.widget.TextView0 - CARDS' is exist

2020-08-17 18:50:34 - [MESSAGE][WARNING] - Timeout '0' is invalid. Using default page load timeout: '10'

2020-08-17 18:50:34 - [MESSAGE][PASSED] - Element 'Object Repository/Maya/Onboarding Moments/android.widget.TextView0 - CARDS' is exist

2020-08-17 18:50:34 - [TEST_STEP][PASSED] - getText(findTestObject("Maya/Onboarding Moments/android.widget.TextView0 - Maybank2u (1)"), 0): Text of element 'Object Repository/Maya/Onboarding Moments/android.widget.TextView0 - Maybank2u (1)' is: 'Maybank2u'

2020-08-17 18:50:34 - [MESSAGE][WARNING] - Timeout '0' is invalid. Using default page load timeout: '10'

2020-08-17 18:50:35 - [MESSAGE][PASSED] - Text of element 'Object Repository/Maya/Onboarding Moments/android.widget.TextView0 - Maybank2u (1)' is: 'Maybank2u'

2020-08-17 18:50:35 - [TEST_STEP][PASSED] - verifyElementExist(findTestObject("Maya/Onboarding Moments/android.widget.TextView0 - Maybank2u (1)"), 0): Element 'Object Repository/Maya/Onboarding Moments/android.widget.TextView0 - Maybank2u (1)' is exist

2020-08-17 18:50:35 - [MESSAGE][WARNING] - Timeout '0' is invalid. Using default page load timeout: '10'

2020-08-17 18:50:35 - [MESSAGE][PASSED] - Element 'Object Repository/Maya/Onboarding Moments/android.widget.TextView0 - Maybank2u (1)' is exist

2020-08-17 18:50:35 - [TEST_STEP][PASSED] - delay(3, STOP_ON_FAILURE): Delayed 3 second(s)

2020-08-17 18:50:38 - [MESSAGE][PASSED] - Delayed 3 second(s)

2020-08-17 18:50:38 - [TEST_STEP][PASSED] - takeScreenshot("C:\Users\LENOVO\Screenshot\Onboarding\Screen22.png", CONTINUE_ON_FAILURE): Screenshot is taken

2020-08-17 18:50:39 - [MESSAGE][PASSED] - Screenshot is taken
[[ATTACHMENT|C:\\Users\\LENOVO\\Screenshot\\Onboarding\\Screen22.png]]

2020-08-17 18:50:39 - [TEST_STEP][PASSED] - tap(findTestObject("Maya/Onboarding Moments/android.widget.TextView0 - CARDS"), 0): Tapped on element 'Object Repository/Maya/Onboarding Moments/android.widget.TextView0 - CARDS'

2020-08-17 18:50:39 - [MESSAGE][WARNING] - Timeout '0' is invalid. Using default page load timeout: '10'

2020-08-17 18:50:41 - [MESSAGE][PASSED] - Tapped on element 'Object Repository/Maya/Onboarding Moments/android.widget.TextView0 - CARDS'

2020-08-17 18:50:41 - [TEST_STEP][PASSED] - delay(3, STOP_ON_FAILURE): Delayed 3 second(s)

2020-08-17 18:50:44 - [MESSAGE][PASSED] - Delayed 3 second(s)

2020-08-17 18:50:44 - [TEST_STEP][PASSED] - takeScreenshot("C:\Users\LENOVO\Screenshot\Onboarding\Screen21.png", CONTINUE_ON_FAILURE): Screenshot is taken

2020-08-17 18:50:45 - [MESSAGE][PASSED] - Screenshot is taken
[[ATTACHMENT|C:\\Users\\LENOVO\\Screenshot\\Onboarding\\Screen21.png]]

2020-08-17 18:50:45 - [TEST_STEP][PASSED] - getText(findTestObject("Maya/Onboarding Moments/android.widget.TextView0 - FIXED DEPOSITS"), 0): Text of element 'Object Repository/Maya/Onboarding Moments/android.widget.TextView0 - FIXED DEPOSITS' is: 'FIXED DEPOSITS'

2020-08-17 18:50:45 - [MESSAGE][WARNING] - Timeout '0' is invalid. Using default page load timeout: '10'

2020-08-17 18:50:45 - [MESSAGE][PASSED] - Text of element 'Object Repository/Maya/Onboarding Moments/android.widget.TextView0 - FIXED DEPOSITS' is: 'FIXED DEPOSITS'

2020-08-17 18:50:45 - [TEST_STEP][PASSED] - verifyElementExist(findTestObject("Maya/Onboarding Moments/android.widget.TextView0 - FIXED DEPOSITS"), 0): Element 'Object Repository/Maya/Onboarding Moments/android.widget.TextView0 - FIXED DEPOSITS' is exist

2020-08-17 18:50:45 - [MESSAGE][WARNING] - Timeout '0' is invalid. Using default page load timeout: '10'

2020-08-17 18:50:46 - [MESSAGE][PASSED] - Element 'Object Repository/Maya/Onboarding Moments/android.widget.TextView0 - FIXED DEPOSITS' is exist

2020-08-17 18:50:46 - [TEST_STEP][PASSED] - tap(findTestObject("Maya/Onboarding Moments/android.widget.TextView0 - FIXED DEPOSITS"), 0): Tapped on element 'Object Repository/Maya/Onboarding Moments/android.widget.TextView0 - FIXED DEPOSITS'

2020-08-17 18:50:46 - [MESSAGE][WARNING] - Timeout '0' is invalid. Using default page load timeout: '10'

2020-08-17 18:50:49 - [MESSAGE][PASSED] - Tapped on element 'Object Repository/Maya/Onboarding Moments/android.widget.TextView0 - FIXED DEPOSITS'

2020-08-17 18:50:49 - [TEST_STEP][PASSED] - delay(3, STOP_ON_FAILURE): Delayed 3 second(s)

2020-08-17 18:50:52 - [MESSAGE][PASSED] - Delayed 3 second(s)

2020-08-17 18:50:52 - [TEST_STEP][PASSED] - takeScreenshot("C:\Users\LENOVO\Screenshot\Onboarding\Screen23.png", CONTINUE_ON_FAILURE): Screenshot is taken

2020-08-17 18:50:53 - [MESSAGE][PASSED] - Screenshot is taken
[[ATTACHMENT|C:\\Users\\LENOVO\\Screenshot\\Onboarding\\Screen23.png]]

2020-08-17 18:50:53 - [TEST_STEP][PASSED] - verifyElementExist(findTestObject("Maya/Onboarding Moments/android.widget.TextView0 - LOANS"), 0): Element 'Object Repository/Maya/Onboarding Moments/android.widget.TextView0 - LOANS' is exist

2020-08-17 18:50:53 - [MESSAGE][WARNING] - Timeout '0' is invalid. Using default page load timeout: '10'

2020-08-17 18:50:54 - [MESSAGE][PASSED] - Element 'Object Repository/Maya/Onboarding Moments/android.widget.TextView0 - LOANS' is exist

2020-08-17 18:50:54 - [TEST_STEP][PASSED] - tap(findTestObject("Maya/Onboarding Moments/android.widget.TextView0 - LOANS"), 0): Tapped on element 'Object Repository/Maya/Onboarding Moments/android.widget.TextView0 - LOANS'

2020-08-17 18:50:54 - [MESSAGE][WARNING] - Timeout '0' is invalid. Using default page load timeout: '10'

2020-08-17 18:50:56 - [MESSAGE][PASSED] - Tapped on element 'Object Repository/Maya/Onboarding Moments/android.widget.TextView0 - LOANS'

2020-08-17 18:50:56 - [TEST_STEP][PASSED] - delay(3, STOP_ON_FAILURE): Delayed 3 second(s)

2020-08-17 18:50:59 - [MESSAGE][PASSED] - Delayed 3 second(s)

2020-08-17 18:50:59 - [TEST_STEP][PASSED] - takeScreenshot("C:\Users\LENOVO\Screenshot\Onboarding\Screen24.png", CONTINUE_ON_FAILURE): Screenshot is taken

2020-08-17 18:51:00 - [MESSAGE][PASSED] - Screenshot is taken
[[ATTACHMENT|C:\\Users\\LENOVO\\Screenshot\\Onboarding\\Screen24.png]]

2020-08-17 18:51:00 - [TEST_STEP][PASSED] - verifyElementExist(findTestObject("Maya/Onboarding Moments/android.widget.TextView0 - INVESTMENTS"), 0): Element 'Object Repository/Maya/Onboarding Moments/android.widget.TextView0 - INVESTMENTS' is exist

2020-08-17 18:51:01 - [MESSAGE][WARNING] - Timeout '0' is invalid. Using default page load timeout: '10'

2020-08-17 18:51:01 - [MESSAGE][PASSED] - Element 'Object Repository/Maya/Onboarding Moments/android.widget.TextView0 - INVESTMENTS' is exist

2020-08-17 18:51:01 - [TEST_STEP][PASSED] - tap(findTestObject("Maya/Onboarding Moments/android.widget.TextView0 - INVESTMENTS"), 0): Tapped on element 'Object Repository/Maya/Onboarding Moments/android.widget.TextView0 - INVESTMENTS'

2020-08-17 18:51:01 - [MESSAGE][WARNING] - Timeout '0' is invalid. Using default page load timeout: '10'

2020-08-17 18:51:07 - [MESSAGE][PASSED] - Tapped on element 'Object Repository/Maya/Onboarding Moments/android.widget.TextView0 - INVESTMENTS'

2020-08-17 18:51:07 - [TEST_STEP][PASSED] - delay(3, STOP_ON_FAILURE): Delayed 3 second(s)

2020-08-17 18:51:10 - [MESSAGE][PASSED] - Delayed 3 second(s)

2020-08-17 18:51:10 - [TEST_STEP][PASSED] - takeScreenshot("C:\Users\LENOVO\Screenshot\Onboarding\Screen25.png", CONTINUE_ON_FAILURE): Screenshot is taken

2020-08-17 18:51:12 - [MESSAGE][PASSED] - Screenshot is taken
[[ATTACHMENT|C:\\Users\\LENOVO\\Screenshot\\Onboarding\\Screen25.png]]

2020-08-17 18:51:12 - [TEST_STEP][PASSED] - verifyElementExist(findTestObject("Maya/Onboarding Moments/android.widget.TextView0 - Total Investments"), 0): Element 'Object Repository/Maya/Onboarding Moments/android.widget.TextView0 - Total Investments' is exist

2020-08-17 18:51:12 - [MESSAGE][WARNING] - Timeout '0' is invalid. Using default page load timeout: '10'

2020-08-17 18:51:12 - [MESSAGE][PASSED] - Element 'Object Repository/Maya/Onboarding Moments/android.widget.TextView0 - Total Investments' is exist

2020-08-17 18:51:12 - [TEST_STEP][PASSED] - getText(findTestObject("Maya/Onboarding Moments/android.widget.TextView0 - Total Investments"), 0): Text of element 'Object Repository/Maya/Onboarding Moments/android.widget.TextView0 - Total Investments' is: 'Total Investments'

2020-08-17 18:51:12 - [MESSAGE][WARNING] - Timeout '0' is invalid. Using default page load timeout: '10'

2020-08-17 18:51:13 - [MESSAGE][PASSED] - Text of element 'Object Repository/Maya/Onboarding Moments/android.widget.TextView0 - Total Investments' is: 'Total Investments'

2020-08-17 18:51:13 - [TEST_STEP][NOT_RUN] - tap(findTestObject("Maya/Onboarding Moments/android.widget.TextView0 - Expenses (1)"), 0): NOT_RUN: tap(findTestObject("Maya/Onboarding Moments/android.widget.TextView0 - Expenses (1)"), 0)

2020-08-17 18:51:13 - [MESSAGE][NOT_RUN] - NOT_RUN: tap(findTestObject("Maya/Onboarding Moments/android.widget.TextView0 - Expenses (1)"), 0)

2020-08-17 18:51:13 - [TEST_STEP][PASSED] - verifyElementExist(findTestObject("Maya/Onboarding Moments/android.widget.TextView0 - Expenses"), 0): Element 'Object Repository/Maya/Onboarding Moments/android.widget.TextView0 - Expenses' is exist

2020-08-17 18:51:13 - [MESSAGE][WARNING] - Timeout '0' is invalid. Using default page load timeout: '10'

2020-08-17 18:51:23 - [MESSAGE][PASSED] - Element 'Object Repository/Maya/Onboarding Moments/android.widget.TextView0 - Expenses' is exist

2020-08-17 18:51:23 - [TEST_STEP][PASSED] - tap(findTestObject("Maya/Onboarding Moments/android.widget.TextView0 - Expenses"), 0): Tapped on element 'Object Repository/Maya/Onboarding Moments/android.widget.TextView0 - Expenses'

2020-08-17 18:51:23 - [MESSAGE][WARNING] - Timeout '0' is invalid. Using default page load timeout: '10'

2020-08-17 18:51:36 - [MESSAGE][PASSED] - Tapped on element 'Object Repository/Maya/Onboarding Moments/android.widget.TextView0 - Expenses'

2020-08-17 18:51:36 - [TEST_STEP][PASSED] - delay(3, STOP_ON_FAILURE): Delayed 3 second(s)

2020-08-17 18:51:39 - [MESSAGE][PASSED] - Delayed 3 second(s)

2020-08-17 18:51:39 - [TEST_STEP][PASSED] - takeScreenshot("C:\Users\LENOVO\Screenshot\Onboarding\Screen27.png", CONTINUE_ON_FAILURE): Screenshot is taken

2020-08-17 18:51:40 - [MESSAGE][PASSED] - Screenshot is taken
[[ATTACHMENT|C:\\Users\\LENOVO\\Screenshot\\Onboarding\\Screen27.png]]

2020-08-17 18:51:40 - [TEST_STEP][PASSED] - tap(findTestObject("Maya/Onboarding Moments/android.widget.TextView0 - Add Now"), 0): Tapped on element 'Object Repository/Maya/Onboarding Moments/android.widget.TextView0 - Add Now'

2020-08-17 18:51:40 - [MESSAGE][WARNING] - Timeout '0' is invalid. Using default page load timeout: '10'

2020-08-17 18:51:44 - [MESSAGE][PASSED] - Tapped on element 'Object Repository/Maya/Onboarding Moments/android.widget.TextView0 - Add Now'

2020-08-17 18:51:44 - [TEST_STEP][PASSED] - tap(findTestObject("Maya/Onboarding Moments/android.widget.TextView0 - Set Category"), 0): Tapped on element 'Object Repository/Maya/Onboarding Moments/android.widget.TextView0 - Set Category'

2020-08-17 18:51:44 - [MESSAGE][WARNING] - Timeout '0' is invalid. Using default page load timeout: '10'

2020-08-17 18:51:46 - [MESSAGE][PASSED] - Tapped on element 'Object Repository/Maya/Onboarding Moments/android.widget.TextView0 - Set Category'

2020-08-17 18:51:46 - [TEST_STEP][PASSED] - tap(findTestObject("Maya/Onboarding Moments/android.widget.TextView0 - Entertainment"), 0): Tapped on element 'Object Repository/Maya/Onboarding Moments/android.widget.TextView0 - Entertainment'

2020-08-17 18:51:46 - [MESSAGE][WARNING] - Timeout '0' is invalid. Using default page load timeout: '10'

2020-08-17 18:51:48 - [MESSAGE][PASSED] - Tapped on element 'Object Repository/Maya/Onboarding Moments/android.widget.TextView0 - Entertainment'

2020-08-17 18:51:48 - [TEST_STEP][PASSED] - tap(findTestObject("Maya/Onboarding Moments/android.widget.TextView0 - Art  craft store"), 0): Tapped on element 'Object Repository/Maya/Onboarding Moments/android.widget.TextView0 - Art  craft store'

2020-08-17 18:51:48 - [MESSAGE][WARNING] - Timeout '0' is invalid. Using default page load timeout: '10'

2020-08-17 18:51:50 - [MESSAGE][PASSED] - Tapped on element 'Object Repository/Maya/Onboarding Moments/android.widget.TextView0 - Art  craft store'

2020-08-17 18:51:50 - [TEST_STEP][PASSED] - tap(findTestObject("Maya/Onboarding Moments/android.widget.TextView0 - Done"), 0): Tapped on element 'Object Repository/Maya/Onboarding Moments/android.widget.TextView0 - Done'

2020-08-17 18:51:50 - [MESSAGE][WARNING] - Timeout '0' is invalid. Using default page load timeout: '10'

2020-08-17 18:51:52 - [MESSAGE][PASSED] - Tapped on element 'Object Repository/Maya/Onboarding Moments/android.widget.TextView0 - Done'

2020-08-17 18:51:52 - [TEST_STEP][PASSED] - tap(findTestObject("Maya/Onboarding Moments/android.widget.TextView0 - -RM  0.00"), 0): Tapped on element 'Object Repository/Maya/Onboarding Moments/android.widget.TextView0 - -RM  0.00'

2020-08-17 18:51:52 - [MESSAGE][WARNING] - Timeout '0' is invalid. Using default page load timeout: '10'

2020-08-17 18:51:54 - [MESSAGE][PASSED] - Tapped on element 'Object Repository/Maya/Onboarding Moments/android.widget.TextView0 - -RM  0.00'

2020-08-17 18:51:54 - [TEST_STEP][PASSED] - tap(findTestObject("Maya/Onboarding Moments/android.widget.TextView0 - 2 (2)"), 0): Tapped on element 'Object Repository/Maya/Onboarding Moments/android.widget.TextView0 - 2 (2)'

2020-08-17 18:51:54 - [MESSAGE][WARNING] - Timeout '0' is invalid. Using default page load timeout: '10'

2020-08-17 18:51:55 - [MESSAGE][PASSED] - Tapped on element 'Object Repository/Maya/Onboarding Moments/android.widget.TextView0 - 2 (2)'

2020-08-17 18:51:55 - [TEST_STEP][PASSED] - tap(findTestObject("Maya/Onboarding Moments/android.widget.TextView0 - 3 (2)"), 0): Tapped on element 'Object Repository/Maya/Onboarding Moments/android.widget.TextView0 - 3 (2)'

2020-08-17 18:51:55 - [MESSAGE][WARNING] - Timeout '0' is invalid. Using default page load timeout: '10'

2020-08-17 18:51:56 - [MESSAGE][PASSED] - Tapped on element 'Object Repository/Maya/Onboarding Moments/android.widget.TextView0 - 3 (2)'

2020-08-17 18:51:56 - [TEST_STEP][PASSED] - tap(findTestObject("Maya/Onboarding Moments/android.widget.ImageView0 (7)"), 0): Tapped on element 'Object Repository/Maya/Onboarding Moments/android.widget.ImageView0 (7)'

2020-08-17 18:51:56 - [MESSAGE][WARNING] - Timeout '0' is invalid. Using default page load timeout: '10'

2020-08-17 18:51:57 - [MESSAGE][PASSED] - Tapped on element 'Object Repository/Maya/Onboarding Moments/android.widget.ImageView0 (7)'

2020-08-17 18:51:57 - [TEST_STEP][PASSED] - tap(findTestObject("Maya/Onboarding Moments/android.widget.TextView0 - Add Expense"), 0): Tapped on element 'Object Repository/Maya/Onboarding Moments/android.widget.TextView0 - Add Expense'

2020-08-17 18:51:58 - [MESSAGE][WARNING] - Timeout '0' is invalid. Using default page load timeout: '10'

2020-08-17 18:52:01 - [MESSAGE][PASSED] - Tapped on element 'Object Repository/Maya/Onboarding Moments/android.widget.TextView0 - Add Expense'

2020-08-17 18:52:01 - [TEST_STEP][PASSED] - getText(findTestObject("Maya/Onboarding Moments/android.widget.TextView0 - Latest"), 0): Text of element 'Object Repository/Maya/Onboarding Moments/android.widget.TextView0 - Latest' is: 'Latest'

2020-08-17 18:52:01 - [MESSAGE][WARNING] - Timeout '0' is invalid. Using default page load timeout: '10'

2020-08-17 18:52:02 - [MESSAGE][PASSED] - Text of element 'Object Repository/Maya/Onboarding Moments/android.widget.TextView0 - Latest' is: 'Latest'

2020-08-17 18:52:02 - [TEST_STEP][PASSED] - verifyElementExist(findTestObject("Maya/Onboarding Moments/android.widget.TextView0 - Latest"), 0): Element 'Object Repository/Maya/Onboarding Moments/android.widget.TextView0 - Latest' is exist

2020-08-17 18:52:02 - [MESSAGE][WARNING] - Timeout '0' is invalid. Using default page load timeout: '10'

2020-08-17 18:52:03 - [MESSAGE][PASSED] - Element 'Object Repository/Maya/Onboarding Moments/android.widget.TextView0 - Latest' is exist

2020-08-17 18:52:03 - [TEST_STEP][PASSED] - delay(3, STOP_ON_FAILURE): Delayed 3 second(s)

2020-08-17 18:52:06 - [MESSAGE][PASSED] - Delayed 3 second(s)

2020-08-17 18:52:06 - [TEST_STEP][PASSED] - takeScreenshot("C:\Users\LENOVO\Screenshot\Onboarding\Screen28.png", CONTINUE_ON_FAILURE): Screenshot is taken

2020-08-17 18:52:07 - [MESSAGE][PASSED] - Screenshot is taken
[[ATTACHMENT|C:\\Users\\LENOVO\\Screenshot\\Onboarding\\Screen28.png]]

2020-08-17 18:52:07 - [TEST_STEP][PASSED] - getText(findTestObject("Maya/Onboarding Moments/android.widget.TextView0 - Categories"), 0): Text of element 'Object Repository/Maya/Onboarding Moments/android.widget.TextView0 - Categories' is: 'Categories'

2020-08-17 18:52:07 - [MESSAGE][WARNING] - Timeout '0' is invalid. Using default page load timeout: '10'

2020-08-17 18:52:07 - [MESSAGE][PASSED] - Text of element 'Object Repository/Maya/Onboarding Moments/android.widget.TextView0 - Categories' is: 'Categories'

2020-08-17 18:52:07 - [TEST_STEP][PASSED] - verifyElementExist(findTestObject("Maya/Onboarding Moments/android.widget.TextView0 - Categories"), 0): Element 'Object Repository/Maya/Onboarding Moments/android.widget.TextView0 - Categories' is exist

2020-08-17 18:52:07 - [MESSAGE][WARNING] - Timeout '0' is invalid. Using default page load timeout: '10'

2020-08-17 18:52:08 - [MESSAGE][PASSED] - Element 'Object Repository/Maya/Onboarding Moments/android.widget.TextView0 - Categories' is exist

2020-08-17 18:52:08 - [TEST_STEP][PASSED] - getText(findTestObject("Maya/Onboarding Moments/android.widget.TextView0 - Merchants"), 0): Text of element 'Object Repository/Maya/Onboarding Moments/android.widget.TextView0 - Merchants' is: 'Merchants'

2020-08-17 18:52:08 - [MESSAGE][WARNING] - Timeout '0' is invalid. Using default page load timeout: '10'

2020-08-17 18:52:09 - [MESSAGE][PASSED] - Text of element 'Object Repository/Maya/Onboarding Moments/android.widget.TextView0 - Merchants' is: 'Merchants'

2020-08-17 18:52:09 - [TEST_STEP][PASSED] - verifyElementExist(findTestObject("Maya/Onboarding Moments/android.widget.TextView0 - Merchants"), 0): Element 'Object Repository/Maya/Onboarding Moments/android.widget.TextView0 - Merchants' is exist

2020-08-17 18:52:09 - [MESSAGE][WARNING] - Timeout '0' is invalid. Using default page load timeout: '10'

2020-08-17 18:52:09 - [MESSAGE][PASSED] - Element 'Object Repository/Maya/Onboarding Moments/android.widget.TextView0 - Merchants' is exist

2020-08-17 18:52:09 - [TEST_STEP][PASSED] - tap(findTestObject("Maya/Onboarding Moments/android.view.ViewGroup0"), 0): Tapped on element 'Object Repository/Maya/Onboarding Moments/android.view.ViewGroup0'

2020-08-17 18:52:09 - [MESSAGE][WARNING] - Timeout '0' is invalid. Using default page load timeout: '10'

2020-08-17 18:52:10 - [MESSAGE][PASSED] - Tapped on element 'Object Repository/Maya/Onboarding Moments/android.view.ViewGroup0'

2020-08-17 18:52:10 - [TEST_STEP][PASSED] - tap(findTestObject("Maya/Onboarding Moments/android.widget.ImageView0 (8)"), 0): Tapped on element 'Object Repository/Maya/Onboarding Moments/android.widget.ImageView0 (8)'

2020-08-17 18:52:10 - [MESSAGE][WARNING] - Timeout '0' is invalid. Using default page load timeout: '10'

2020-08-17 18:52:12 - [MESSAGE][PASSED] - Tapped on element 'Object Repository/Maya/Onboarding Moments/android.widget.ImageView0 (8)'

2020-08-17 18:52:12 - [TEST_STEP][PASSED] - tap(findTestObject("Maya/Onboarding Moments/android.widget.TextView0 - Yes"), 0): Tapped on element 'Object Repository/Maya/Onboarding Moments/android.widget.TextView0 - Yes'

2020-08-17 18:52:13 - [MESSAGE][WARNING] - Timeout '0' is invalid. Using default page load timeout: '10'

2020-08-17 18:52:16 - [MESSAGE][PASSED] - Tapped on element 'Object Repository/Maya/Onboarding Moments/android.widget.TextView0 - Yes'

2020-08-17 18:52:16 - [TEST_STEP][PASSED] - tap(findTestObject("Maya/Onboarding Moments/android.widget.TextView0 - More"), 0): Tapped on element 'Object Repository/Maya/Onboarding Moments/android.widget.TextView0 - More'

2020-08-17 18:52:16 - [MESSAGE][WARNING] - Timeout '0' is invalid. Using default page load timeout: '10'

2020-08-17 18:52:28 - [MESSAGE][PASSED] - Tapped on element 'Object Repository/Maya/Onboarding Moments/android.widget.TextView0 - More'

2020-08-17 18:52:28 - [TEST_STEP][PASSED] - delay(3, STOP_ON_FAILURE): Delayed 3 second(s)

2020-08-17 18:52:31 - [MESSAGE][PASSED] - Delayed 3 second(s)

2020-08-17 18:52:31 - [TEST_STEP][PASSED] - takeScreenshot("C:\Users\LENOVO\Screenshot\Onboarding\Screen29.png", CONTINUE_ON_FAILURE): Screenshot is taken

2020-08-17 18:52:33 - [MESSAGE][PASSED] - Screenshot is taken
[[ATTACHMENT|C:\\Users\\LENOVO\\Screenshot\\Onboarding\\Screen29.png]]

2020-08-17 18:52:33 - [TEST_STEP][PASSED] - tap(findTestObject("Maya/Onboarding Moments/android.widget.TextView0 - Loyalty"), 0): Tapped on element 'Object Repository/Maya/Onboarding Moments/android.widget.TextView0 - Loyalty'

2020-08-17 18:52:33 - [MESSAGE][WARNING] - Timeout '0' is invalid. Using default page load timeout: '10'

2020-08-17 18:52:35 - [MESSAGE][PASSED] - Tapped on element 'Object Repository/Maya/Onboarding Moments/android.widget.TextView0 - Loyalty'

2020-08-17 18:52:35 - [TEST_STEP][PASSED] - getText(findTestObject("Maya/Onboarding Moments/android.widget.TextView0 - Loyalty (1)"), 0): Text of element 'Object Repository/Maya/Onboarding Moments/android.widget.TextView0 - Loyalty (1)' is: 'Loyalty'

2020-08-17 18:52:36 - [MESSAGE][WARNING] - Timeout '0' is invalid. Using default page load timeout: '10'

2020-08-17 18:52:36 - [MESSAGE][PASSED] - Text of element 'Object Repository/Maya/Onboarding Moments/android.widget.TextView0 - Loyalty (1)' is: 'Loyalty'

2020-08-17 18:52:36 - [TEST_STEP][PASSED] - verifyElementExist(findTestObject("Maya/Onboarding Moments/android.widget.TextView0 - Loyalty (1)"), 0): Element 'Object Repository/Maya/Onboarding Moments/android.widget.TextView0 - Loyalty (1)' is exist

2020-08-17 18:52:36 - [MESSAGE][WARNING] - Timeout '0' is invalid. Using default page load timeout: '10'

2020-08-17 18:52:37 - [MESSAGE][PASSED] - Element 'Object Repository/Maya/Onboarding Moments/android.widget.TextView0 - Loyalty (1)' is exist

2020-08-17 18:52:37 - [TEST_STEP][PASSED] - delay(3, STOP_ON_FAILURE): Delayed 3 second(s)

2020-08-17 18:52:40 - [MESSAGE][PASSED] - Delayed 3 second(s)

2020-08-17 18:52:40 - [TEST_STEP][PASSED] - takeScreenshot("C:\Users\LENOVO\Screenshot\Onboarding\Screen30.png", CONTINUE_ON_FAILURE): Screenshot is taken

2020-08-17 18:52:41 - [MESSAGE][PASSED] - Screenshot is taken
[[ATTACHMENT|C:\\Users\\LENOVO\\Screenshot\\Onboarding\\Screen30.png]]

2020-08-17 18:52:41 - [TEST_STEP][PASSED] - delay(3, STOP_ON_FAILURE): Delayed 3 second(s)

2020-08-17 18:52:44 - [MESSAGE][PASSED] - Delayed 3 second(s)

2020-08-17 18:52:44 - [TEST_STEP][PASSED] - tapAndHoldAtPosition(97, 175, 1): Tapped and held at [97, 175] with duration 1

2020-08-17 18:52:46 - [MESSAGE][PASSED] - Tapped and held at [97, 175] with duration 1

2020-08-17 18:52:46 - [TEST_STEP][PASSED] - tap(findTestObject("Maya/Onboarding Moments/android.widget.TextView0 - Food"), 0): Tapped on element 'Object Repository/Maya/Onboarding Moments/android.widget.TextView0 - Food'

2020-08-17 18:52:46 - [MESSAGE][WARNING] - Timeout '0' is invalid. Using default page load timeout: '10'

2020-08-17 18:52:49 - [MESSAGE][PASSED] - Tapped on element 'Object Repository/Maya/Onboarding Moments/android.widget.TextView0 - Food'

2020-08-17 18:52:49 - [TEST_STEP][PASSED] - delay(3, STOP_ON_FAILURE): Delayed 3 second(s)

2020-08-17 18:52:52 - [MESSAGE][PASSED] - Delayed 3 second(s)

2020-08-17 18:52:53 - [TEST_STEP][PASSED] - takeScreenshot("C:\Users\LENOVO\Screenshot\Onboarding\Screen31.png", CONTINUE_ON_FAILURE): Screenshot is taken

2020-08-17 18:52:54 - [MESSAGE][PASSED] - Screenshot is taken
[[ATTACHMENT|C:\\Users\\LENOVO\\Screenshot\\Onboarding\\Screen31.png]]

2020-08-17 18:52:54 - [TEST_STEP][PASSED] - getText(findTestObject("Maya/Onboarding Moments/android.widget.TextView0 - DISCOVER"), 0): Text of element 'Object Repository/Maya/Onboarding Moments/android.widget.TextView0 - DISCOVER' is: 'DISCOVER'

2020-08-17 18:52:55 - [MESSAGE][WARNING] - Timeout '0' is invalid. Using default page load timeout: '10'

2020-08-17 18:52:55 - [MESSAGE][PASSED] - Text of element 'Object Repository/Maya/Onboarding Moments/android.widget.TextView0 - DISCOVER' is: 'DISCOVER'

2020-08-17 18:52:55 - [TEST_STEP][PASSED] - verifyElementExist(findTestObject("Maya/Onboarding Moments/android.widget.TextView0 - DISCOVER"), 0): Element 'Object Repository/Maya/Onboarding Moments/android.widget.TextView0 - DISCOVER' is exist

2020-08-17 18:52:55 - [MESSAGE][WARNING] - Timeout '0' is invalid. Using default page load timeout: '10'

2020-08-17 18:52:56 - [MESSAGE][PASSED] - Element 'Object Repository/Maya/Onboarding Moments/android.widget.TextView0 - DISCOVER' is exist

2020-08-17 18:52:56 - [TEST_STEP][PASSED] - delay(3, STOP_ON_FAILURE): Delayed 3 second(s)

2020-08-17 18:52:59 - [MESSAGE][PASSED] - Delayed 3 second(s)

2020-08-17 18:52:59 - [TEST_STEP][PASSED] - tapAndHoldAtPosition(97, 175, 1): Tapped and held at [97, 175] with duration 1

2020-08-17 18:53:01 - [MESSAGE][PASSED] - Tapped and held at [97, 175] with duration 1

2020-08-17 18:53:01 - [TEST_STEP][PASSED] - tap(findTestObject("Maya/Onboarding Moments/android.widget.TextView0 - Promotions"), 0): Tapped on element 'Object Repository/Maya/Onboarding Moments/android.widget.TextView0 - Promotions'

2020-08-17 18:53:01 - [MESSAGE][WARNING] - Timeout '0' is invalid. Using default page load timeout: '10'

2020-08-17 18:53:04 - [MESSAGE][PASSED] - Tapped on element 'Object Repository/Maya/Onboarding Moments/android.widget.TextView0 - Promotions'

2020-08-17 18:53:04 - [TEST_STEP][PASSED] - delay(3, STOP_ON_FAILURE): Delayed 3 second(s)

2020-08-17 18:53:07 - [MESSAGE][PASSED] - Delayed 3 second(s)

2020-08-17 18:53:07 - [TEST_STEP][PASSED] - takeScreenshot("C:\Users\LENOVO\Screenshot\Onboarding\Screen32.png", CONTINUE_ON_FAILURE): Screenshot is taken

2020-08-17 18:53:09 - [MESSAGE][PASSED] - Screenshot is taken
[[ATTACHMENT|C:\\Users\\LENOVO\\Screenshot\\Onboarding\\Screen32.png]]

2020-08-17 18:53:09 - [TEST_STEP][PASSED] - getText(findTestObject("Maya/Onboarding Moments/android.widget.TextView0 - Promotions (1)"), 0): Text of element 'Object Repository/Maya/Onboarding Moments/android.widget.TextView0 - Promotions (1)' is: 'Promotions'

2020-08-17 18:53:09 - [MESSAGE][WARNING] - Timeout '0' is invalid. Using default page load timeout: '10'

2020-08-17 18:53:09 - [MESSAGE][PASSED] - Text of element 'Object Repository/Maya/Onboarding Moments/android.widget.TextView0 - Promotions (1)' is: 'Promotions'

2020-08-17 18:53:09 - [TEST_STEP][PASSED] - verifyElementExist(findTestObject("Maya/Onboarding Moments/android.widget.TextView0 - Promotions (1)"), 0): Element 'Object Repository/Maya/Onboarding Moments/android.widget.TextView0 - Promotions (1)' is exist

2020-08-17 18:53:09 - [MESSAGE][WARNING] - Timeout '0' is invalid. Using default page load timeout: '10'

2020-08-17 18:53:09 - [MESSAGE][PASSED] - Element 'Object Repository/Maya/Onboarding Moments/android.widget.TextView0 - Promotions (1)' is exist

2020-08-17 18:53:09 - [TEST_STEP][PASSED] - delay(3, STOP_ON_FAILURE): Delayed 3 second(s)

2020-08-17 18:53:12 - [MESSAGE][PASSED] - Delayed 3 second(s)

2020-08-17 18:53:12 - [TEST_STEP][PASSED] - tapAndHoldAtPosition(97, 175, 1): Tapped and held at [97, 175] with duration 1

2020-08-17 18:53:15 - [MESSAGE][PASSED] - Tapped and held at [97, 175] with duration 1

2020-08-17 18:53:15 - [TEST_STEP][PASSED] - tap(findTestObject("Maya/Onboarding Moments/android.widget.TextView0 - Wallet (3)"), 0): Tapped on element 'Object Repository/Maya/Onboarding Moments/android.widget.TextView0 - Wallet (3)'

2020-08-17 18:53:15 - [MESSAGE][WARNING] - Timeout '0' is invalid. Using default page load timeout: '10'

2020-08-17 18:53:18 - [MESSAGE][PASSED] - Tapped on element 'Object Repository/Maya/Onboarding Moments/android.widget.TextView0 - Wallet (3)'

2020-08-17 18:53:18 - [TEST_STEP][PASSED] - getText(findTestObject("Maya/Onboarding Moments/android.widget.TextView0 - Wallet (4)"), 0): Text of element 'Object Repository/Maya/Onboarding Moments/android.widget.TextView0 - Wallet (4)' is: 'Wallet'

2020-08-17 18:53:18 - [MESSAGE][WARNING] - Timeout '0' is invalid. Using default page load timeout: '10'

2020-08-17 18:53:19 - [MESSAGE][PASSED] - Text of element 'Object Repository/Maya/Onboarding Moments/android.widget.TextView0 - Wallet (4)' is: 'Wallet'

2020-08-17 18:53:19 - [TEST_STEP][PASSED] - delay(3, STOP_ON_FAILURE): Delayed 3 second(s)

2020-08-17 18:53:22 - [MESSAGE][PASSED] - Delayed 3 second(s)

2020-08-17 18:53:22 - [TEST_STEP][PASSED] - tapAndHoldAtPosition(97, 175, 1): Tapped and held at [97, 175] with duration 1

2020-08-17 18:53:24 - [MESSAGE][PASSED] - Tapped and held at [97, 175] with duration 1

2020-08-17 18:53:24 - [TEST_STEP][PASSED] - delay(3, STOP_ON_FAILURE): Delayed 3 second(s)

2020-08-17 18:53:27 - [MESSAGE][PASSED] - Delayed 3 second(s)

2020-08-17 18:53:27 - [TEST_STEP][PASSED] - tap(findTestObject("Maya/Onboarding Moments/android.widget.TextView0 - Tabung"), 0): Tapped on element 'Object Repository/Maya/Onboarding Moments/android.widget.TextView0 - Tabung'

2020-08-17 18:53:28 - [MESSAGE][WARNING] - Timeout '0' is invalid. Using default page load timeout: '10'

2020-08-17 18:53:30 - [MESSAGE][PASSED] - Tapped on element 'Object Repository/Maya/Onboarding Moments/android.widget.TextView0 - Tabung'

2020-08-17 18:53:30 - [TEST_STEP][PASSED] - takeScreenshot("C:\Users\LENOVO\Screenshot\Onboarding\Screen34.png", CONTINUE_ON_FAILURE): Screenshot is taken

2020-08-17 18:53:32 - [MESSAGE][PASSED] - Screenshot is taken
[[ATTACHMENT|C:\\Users\\LENOVO\\Screenshot\\Onboarding\\Screen34.png]]

2020-08-17 18:53:32 - [TEST_STEP][PASSED] - getText(findTestObject("Maya/Onboarding Moments/android.widget.TextView0 - TABUNG (1)"), 0): Text of element 'Object Repository/Maya/Onboarding Moments/android.widget.TextView0 - TABUNG (1)' is: 'TABUNG'

2020-08-17 18:53:32 - [MESSAGE][WARNING] - Timeout '0' is invalid. Using default page load timeout: '10'

2020-08-17 18:53:32 - [MESSAGE][PASSED] - Text of element 'Object Repository/Maya/Onboarding Moments/android.widget.TextView0 - TABUNG (1)' is: 'TABUNG'

2020-08-17 18:53:32 - [TEST_STEP][PASSED] - verifyElementExist(findTestObject("Maya/Onboarding Moments/android.widget.TextView0 - TABUNG (1)"), 0): Element 'Object Repository/Maya/Onboarding Moments/android.widget.TextView0 - TABUNG (1)' is exist

2020-08-17 18:53:32 - [MESSAGE][WARNING] - Timeout '0' is invalid. Using default page load timeout: '10'

2020-08-17 18:53:33 - [MESSAGE][PASSED] - Element 'Object Repository/Maya/Onboarding Moments/android.widget.TextView0 - TABUNG (1)' is exist

2020-08-17 18:53:33 - [TEST_STEP][PASSED] - getText(findTestObject("Maya/Onboarding Moments/android.widget.TextView0 - BOOSTERS"), 0): Text of element 'Object Repository/Maya/Onboarding Moments/android.widget.TextView0 - BOOSTERS' is: 'BOOSTERS'

2020-08-17 18:53:33 - [MESSAGE][WARNING] - Timeout '0' is invalid. Using default page load timeout: '10'

2020-08-17 18:53:33 - [MESSAGE][PASSED] - Text of element 'Object Repository/Maya/Onboarding Moments/android.widget.TextView0 - BOOSTERS' is: 'BOOSTERS'

2020-08-17 18:53:33 - [TEST_STEP][PASSED] - verifyElementExist(findTestObject("Maya/Onboarding Moments/android.widget.TextView0 - BOOSTERS"), 0): Element 'Object Repository/Maya/Onboarding Moments/android.widget.TextView0 - BOOSTERS' is exist

2020-08-17 18:53:33 - [MESSAGE][WARNING] - Timeout '0' is invalid. Using default page load timeout: '10'

2020-08-17 18:53:34 - [MESSAGE][PASSED] - Element 'Object Repository/Maya/Onboarding Moments/android.widget.TextView0 - BOOSTERS' is exist

2020-08-17 18:53:34 - [TEST_STEP][PASSED] - delay(3, STOP_ON_FAILURE): Delayed 3 second(s)

2020-08-17 18:53:37 - [MESSAGE][PASSED] - Delayed 3 second(s)

2020-08-17 18:53:37 - [TEST_STEP][PASSED] - tapAndHoldAtPosition(97, 175, 1): Tapped and held at [97, 175] with duration 1

2020-08-17 18:53:39 - [MESSAGE][PASSED] - Tapped and held at [97, 175] with duration 1

2020-08-17 18:53:39 - [TEST_STEP][PASSED] - tap(findTestObject("Maya/Onboarding Moments/android.widget.TextView0 - Movie Tickets"), 0): Tapped on element 'Object Repository/Maya/Onboarding Moments/android.widget.TextView0 - Movie Tickets'

2020-08-17 18:53:40 - [MESSAGE][WARNING] - Timeout '0' is invalid. Using default page load timeout: '10'

2020-08-17 18:53:42 - [MESSAGE][PASSED] - Tapped on element 'Object Repository/Maya/Onboarding Moments/android.widget.TextView0 - Movie Tickets'

2020-08-17 18:53:42 - [TEST_STEP][PASSED] - delay(8, STOP_ON_FAILURE): Delayed 8 second(s)

2020-08-17 18:53:50 - [MESSAGE][PASSED] - Delayed 8 second(s)

2020-08-17 18:53:50 - [TEST_STEP][PASSED] - takeScreenshot("C:\Users\LENOVO\Screenshot\Onboarding\Screen35.png", CONTINUE_ON_FAILURE): Screenshot is taken

2020-08-17 18:53:53 - [MESSAGE][PASSED] - Screenshot is taken
[[ATTACHMENT|C:\\Users\\LENOVO\\Screenshot\\Onboarding\\Screen35.png]]

2020-08-17 18:53:53 - [TEST_STEP][PASSED] - getText(findTestObject("Maya/Onboarding Moments/android.widget.TextView0 - Movie Tickets (1)"), 0): Text of element 'Object Repository/Maya/Onboarding Moments/android.widget.TextView0 - Movie Tickets (1)' is: 'Movie Tickets'

2020-08-17 18:53:53 - [MESSAGE][WARNING] - Timeout '0' is invalid. Using default page load timeout: '10'

2020-08-17 18:53:54 - [MESSAGE][PASSED] - Text of element 'Object Repository/Maya/Onboarding Moments/android.widget.TextView0 - Movie Tickets (1)' is: 'Movie Tickets'

2020-08-17 18:53:54 - [TEST_STEP][PASSED] - verifyElementExist(findTestObject("Maya/Onboarding Moments/android.widget.TextView0 - Movie Tickets (1)"), 0): Element 'Object Repository/Maya/Onboarding Moments/android.widget.TextView0 - Movie Tickets (1)' is exist

2020-08-17 18:53:54 - [MESSAGE][WARNING] - Timeout '0' is invalid. Using default page load timeout: '10'

2020-08-17 18:53:55 - [MESSAGE][PASSED] - Element 'Object Repository/Maya/Onboarding Moments/android.widget.TextView0 - Movie Tickets (1)' is exist

2020-08-17 18:53:55 - [TEST_STEP][PASSED] - delay(3, STOP_ON_FAILURE): Delayed 3 second(s)

2020-08-17 18:53:58 - [MESSAGE][PASSED] - Delayed 3 second(s)

2020-08-17 18:53:58 - [TEST_STEP][PASSED] - tapAndHoldAtPosition(97, 175, 1): Tapped and held at [97, 175] with duration 1

2020-08-17 18:54:00 - [MESSAGE][PASSED] - Tapped and held at [97, 175] with duration 1

2020-08-17 18:54:00 - [TEST_STEP][PASSED] - tap(findTestObject("Maya/Onboarding Moments/android.widget.TextView0 - Flight Tickets"), 0): Tapped on element 'Object Repository/Maya/Onboarding Moments/android.widget.TextView0 - Flight Tickets'

2020-08-17 18:54:01 - [MESSAGE][WARNING] - Timeout '0' is invalid. Using default page load timeout: '10'

2020-08-17 18:54:03 - [MESSAGE][PASSED] - Tapped on element 'Object Repository/Maya/Onboarding Moments/android.widget.TextView0 - Flight Tickets'

2020-08-17 18:54:03 - [TEST_STEP][PASSED] - delay(8, STOP_ON_FAILURE): Delayed 8 second(s)

2020-08-17 18:54:11 - [MESSAGE][PASSED] - Delayed 8 second(s)

2020-08-17 18:54:11 - [TEST_STEP][PASSED] - takeScreenshot("C:\Users\LENOVO\Screenshot\Onboarding\Screen37.png", CONTINUE_ON_FAILURE): Screenshot is taken

2020-08-17 18:54:13 - [MESSAGE][PASSED] - Screenshot is taken
[[ATTACHMENT|C:\\Users\\LENOVO\\Screenshot\\Onboarding\\Screen37.png]]

2020-08-17 18:54:13 - [TEST_STEP][PASSED] - getText(findTestObject("Maya/Onboarding Moments/android.widget.TextView0 - Flight Tickets (1)"), 0): Text of element 'Object Repository/Maya/Onboarding Moments/android.widget.TextView0 - Flight Tickets (1)' is: 'Flight Tickets'

2020-08-17 18:54:13 - [MESSAGE][WARNING] - Timeout '0' is invalid. Using default page load timeout: '10'

2020-08-17 18:54:14 - [MESSAGE][PASSED] - Text of element 'Object Repository/Maya/Onboarding Moments/android.widget.TextView0 - Flight Tickets (1)' is: 'Flight Tickets'

2020-08-17 18:54:14 - [TEST_STEP][PASSED] - verifyElementExist(findTestObject("Maya/Onboarding Moments/android.widget.TextView0 - Flight Tickets (1)"), 0): Element 'Object Repository/Maya/Onboarding Moments/android.widget.TextView0 - Flight Tickets (1)' is exist

2020-08-17 18:54:15 - [MESSAGE][WARNING] - Timeout '0' is invalid. Using default page load timeout: '10'

2020-08-17 18:54:15 - [MESSAGE][PASSED] - Element 'Object Repository/Maya/Onboarding Moments/android.widget.TextView0 - Flight Tickets (1)' is exist

2020-08-17 18:54:15 - [TEST_STEP][PASSED] - tap(findTestObject("Maya/Onboarding Moments/android.widget.ImageView0 (14)"), 0): Tapped on element 'Object Repository/Maya/Onboarding Moments/android.widget.ImageView0 (14)'

2020-08-17 18:54:16 - [MESSAGE][WARNING] - Timeout '0' is invalid. Using default page load timeout: '10'

2020-08-17 18:54:17 - [MESSAGE][PASSED] - Tapped on element 'Object Repository/Maya/Onboarding Moments/android.widget.ImageView0 (14)'

2020-08-17 18:54:17 - [TEST_STEP][PASSED] - tap(findTestObject("Maya/Onboarding Moments/android.widget.TextView0 - Bus Tickets"), 0): Tapped on element 'Object Repository/Maya/Onboarding Moments/android.widget.TextView0 - Bus Tickets'

2020-08-17 18:54:17 - [MESSAGE][WARNING] - Timeout '0' is invalid. Using default page load timeout: '10'

2020-08-17 18:54:20 - [MESSAGE][PASSED] - Tapped on element 'Object Repository/Maya/Onboarding Moments/android.widget.TextView0 - Bus Tickets'

2020-08-17 18:54:20 - [TEST_STEP][PASSED] - delay(8, STOP_ON_FAILURE): Delayed 8 second(s)

2020-08-17 18:54:28 - [MESSAGE][PASSED] - Delayed 8 second(s)

2020-08-17 18:54:28 - [TEST_STEP][PASSED] - takeScreenshot("C:\Users\LENOVO\Screenshot\Onboarding\Screen39.png", CONTINUE_ON_FAILURE): Screenshot is taken

2020-08-17 18:54:29 - [MESSAGE][PASSED] - Screenshot is taken
[[ATTACHMENT|C:\\Users\\LENOVO\\Screenshot\\Onboarding\\Screen39.png]]

2020-08-17 18:54:29 - [TEST_STEP][PASSED] - getText(findTestObject("Maya/Onboarding Moments/android.widget.TextView0 - Bus Tickets (1)"), 0): Text of element 'Object Repository/Maya/Onboarding Moments/android.widget.TextView0 - Bus Tickets (1)' is: 'Bus Tickets'

2020-08-17 18:54:29 - [MESSAGE][WARNING] - Timeout '0' is invalid. Using default page load timeout: '10'

2020-08-17 18:54:30 - [MESSAGE][PASSED] - Text of element 'Object Repository/Maya/Onboarding Moments/android.widget.TextView0 - Bus Tickets (1)' is: 'Bus Tickets'

2020-08-17 18:54:30 - [TEST_STEP][PASSED] - verifyElementExist(findTestObject("Maya/Onboarding Moments/android.widget.TextView0 - Bus Tickets (1)"), 0): Element 'Object Repository/Maya/Onboarding Moments/android.widget.TextView0 - Bus Tickets (1)' is exist

2020-08-17 18:54:30 - [MESSAGE][WARNING] - Timeout '0' is invalid. Using default page load timeout: '10'

2020-08-17 18:54:30 - [MESSAGE][PASSED] - Element 'Object Repository/Maya/Onboarding Moments/android.widget.TextView0 - Bus Tickets (1)' is exist

2020-08-17 18:54:30 - [TEST_STEP][PASSED] - delay(3, STOP_ON_FAILURE): Delayed 3 second(s)

2020-08-17 18:54:33 - [MESSAGE][PASSED] - Delayed 3 second(s)

2020-08-17 18:54:33 - [TEST_STEP][PASSED] - tapAndHoldAtPosition(97, 175, 1): Tapped and held at [97, 175] with duration 1

2020-08-17 18:54:36 - [MESSAGE][PASSED] - Tapped and held at [97, 175] with duration 1

2020-08-17 18:54:36 - [TEST_STEP][PASSED] - tap(findTestObject("Maya/Onboarding Moments/android.widget.TextView0 - ERL Tickets"), 0): Tapped on element 'Object Repository/Maya/Onboarding Moments/android.widget.TextView0 - ERL Tickets'

2020-08-17 18:54:37 - [MESSAGE][WARNING] - Timeout '0' is invalid. Using default page load timeout: '10'

2020-08-17 18:54:39 - [MESSAGE][PASSED] - Tapped on element 'Object Repository/Maya/Onboarding Moments/android.widget.TextView0 - ERL Tickets'

2020-08-17 18:54:39 - [TEST_STEP][PASSED] - delay(8, STOP_ON_FAILURE): Delayed 8 second(s)

2020-08-17 18:54:47 - [MESSAGE][PASSED] - Delayed 8 second(s)

2020-08-17 18:54:47 - [TEST_STEP][PASSED] - takeScreenshot("C:\Users\LENOVO\Screenshot\Onboarding\Screen40.png", CONTINUE_ON_FAILURE): Screenshot is taken

2020-08-17 18:54:49 - [MESSAGE][PASSED] - Screenshot is taken
[[ATTACHMENT|C:\\Users\\LENOVO\\Screenshot\\Onboarding\\Screen40.png]]

2020-08-17 18:54:49 - [TEST_STEP][PASSED] - delay(3, STOP_ON_FAILURE): Delayed 3 second(s)

2020-08-17 18:54:52 - [MESSAGE][PASSED] - Delayed 3 second(s)

2020-08-17 18:54:52 - [TEST_STEP][PASSED] - tapAndHoldAtPosition(97, 175, 1): Tapped and held at [97, 175] with duration 1

2020-08-17 18:54:55 - [MESSAGE][PASSED] - Tapped and held at [97, 175] with duration 1

2020-08-17 18:54:55 - [TEST_STEP][PASSED] - tap(findTestObject("Maya/Onboarding Moments/android.widget.TextView0 - Home"), 0): Tapped on element 'Object Repository/Maya/Onboarding Moments/android.widget.TextView0 - Home'

2020-08-17 18:54:55 - [MESSAGE][WARNING] - Timeout '0' is invalid. Using default page load timeout: '10'

2020-08-17 18:55:08 - [MESSAGE][PASSED] - Tapped on element 'Object Repository/Maya/Onboarding Moments/android.widget.TextView0 - Home'

2020-08-17 18:55:08 - [TEST_STEP][PASSED] - delay(3, STOP_ON_FAILURE): Delayed 3 second(s)

2020-08-17 18:55:11 - [MESSAGE][PASSED] - Delayed 3 second(s)

2020-08-17 18:55:11 - [TEST_STEP][PASSED] - swipe(833, 1354, 100, 700): Swiped from 833,1,354 to 100,700

2020-08-17 18:55:12 - [MESSAGE][PASSED] - Swiped from 833,1,354 to 100,700

2020-08-17 18:55:12 - [TEST_STEP][PASSED] - swipe(833, 1354, 100, 700): Swiped from 833,1,354 to 100,700

2020-08-17 18:55:14 - [MESSAGE][PASSED] - Swiped from 833,1,354 to 100,700

2020-08-17 18:55:14 - [TEST_STEP][PASSED] - swipe(833, 1354, 100, 700): Swiped from 833,1,354 to 100,700

2020-08-17 18:55:15 - [MESSAGE][PASSED] - Swiped from 833,1,354 to 100,700

2020-08-17 18:55:15 - [TEST_STEP][PASSED] - swipe(833, 1354, 100, 700): Swiped from 833,1,354 to 100,700

2020-08-17 18:55:16 - [MESSAGE][PASSED] - Swiped from 833,1,354 to 100,700

2020-08-17 18:55:16 - [TEST_STEP][PASSED] - getText(findTestObject("Maya/Onboarding Moments/android.widget.TextView0 - Top Reads"), 0): Text of element 'Object Repository/Maya/Onboarding Moments/android.widget.TextView0 - Top Reads' is: 'Top Reads'

2020-08-17 18:55:16 - [MESSAGE][WARNING] - Timeout '0' is invalid. Using default page load timeout: '10'

2020-08-17 18:55:17 - [MESSAGE][PASSED] - Text of element 'Object Repository/Maya/Onboarding Moments/android.widget.TextView0 - Top Reads' is: 'Top Reads'

2020-08-17 18:55:17 - [TEST_STEP][PASSED] - verifyElementExist(findTestObject("Maya/Onboarding Moments/android.widget.TextView0 - Top Reads"), 0): Element 'Object Repository/Maya/Onboarding Moments/android.widget.TextView0 - Top Reads' is exist

2020-08-17 18:55:17 - [MESSAGE][WARNING] - Timeout '0' is invalid. Using default page load timeout: '10'

2020-08-17 18:55:17 - [MESSAGE][PASSED] - Element 'Object Repository/Maya/Onboarding Moments/android.widget.TextView0 - Top Reads' is exist

2020-08-17 18:55:17 - [TEST_STEP][PASSED] - delay(3, STOP_ON_FAILURE): Delayed 3 second(s)

2020-08-17 18:55:20 - [MESSAGE][PASSED] - Delayed 3 second(s)

2020-08-17 18:55:20 - [TEST_STEP][PASSED] - takeScreenshot("C:\Users\LENOVO\Screenshot\Onboarding\Screen44.png", CONTINUE_ON_FAILURE): Screenshot is taken

2020-08-17 18:55:23 - [MESSAGE][PASSED] - Screenshot is taken
[[ATTACHMENT|C:\\Users\\LENOVO\\Screenshot\\Onboarding\\Screen44.png]]]]></system-out>
         <system-err><![CDATA[]]></system-err>
      </testcase>
      <system-out><![CDATA[2020-08-17 18:46:55 - [TEST_SUITE][PASSED] - UAT Test Suite: Test Cases/JINU/Drop2 Onboarding-Moments/Onboarding-Dashboard Moments]]></system-out>
      <system-err><![CDATA[]]></system-err>
   </testsuite>
</testsuites>
