<?xml version="1.0" encoding="UTF-8"?>
<testsuites name="UAT Test Suite" time="27.178" tests="1" failures="1" errors="0">
   <testsuite name="UAT Test Suite" tests="1" failures="1" errors="0" time="27.178" timestamp="2020-08-07 17:44:26" hostname="LENOVO - DESKTOP-CP3TV4N" id="Test Suites/Maya UAT/UAT Test Suite">
      <properties>
         <property name="deviceName" value="Xiaomi Redmi Note 7S (Android 9)"/>
         <property name="devicePlatform" value=""/>
         <property name="logFolder" value="C:\\Users\\LENOVO\\Git_new\\Maya\\Reports\\20200807_174422\\Maya UAT\\UAT Test Suite\\20200807_174422"/>
         <property name="logFiles" value="C:\\Users\\LENOVO\\Git_new\\Maya\\Reports\\20200807_174422\\Maya UAT\\UAT Test Suite\\20200807_174422\\appium.log, C:\\Users\\LENOVO\\Git_new\\Maya\\Reports\\20200807_174422\\Maya UAT\\UAT Test Suite\\20200807_174422\\execution0.log"/>
         <property name="attachments" value=""/>
         <property name="hostName" value="LENOVO - DESKTOP-CP3TV4N"/>
         <property name="os" value="Windows 10 64bit"/>
         <property name="katalonVersion" value="7.2.7.1"/>
         <property name="deviceOS" value="Android"/>
         <property name="deviceModel" value="Redmi Note 7S"/>
         <property name="hostAddress" value="192.168.43.112"/>
         <property name="deviceManufacturer" value="Xiaomi"/>
         <property name="deviceId" value="11cb9864"/>
         <property name="deviceName" value="Xiaomi Redmi Note 7S (Android 9)"/>
         <property name="deviceOSVersion" value="9"/>
      </properties>
      <testcase name="Test Cases/JINU/DuiTNow Drop 2/Passport" time="25.985" classname="Test Cases/JINU/DuiTNow Drop 2/Passport" status="FAILED">
         <failure type="FAILED" message="Test Cases/JINU/DuiTNow Drop 2/Passport FAILED.
Reason:
com.kms.katalon.core.exception.StepFailedException: Unable to start app at: 'C:\Users\LENOVO\Katalon Studio\app-uat-universal-release.apk' (Root cause: org.openqa.selenium.SessionNotCreatedException: Unable to create a new remote session. Please check the server log for more details. Original error: An unknown server-side error occurred while processing the command. Original error: Error executing adbExec. Original error: 'Command 'C:\\Users\\LENOVO\\.katalon\\tools\\android_sdk\\platform-tools\\adb.exe -P 5037 -s 11cb9864 shell pm install -r -g /data/local/tmp/appium_cache/b429377d0e5f877b92357c12f6388201a2d5021f.apk' exited with code 255'; Stderr: 'Exception occurred while executing:
android.os.ParcelableException: java.io.IOException: Requested internal only, but not enough space
	at android.util.ExceptionUtils.wrap(ExceptionUtils.java:34)
	at com.android.server.pm.PackageInstallerService.createSession(PackageInstallerService.java:419)
	at com.android.server.pm.PackageManagerShellCommand.doCreateSession(PackageManagerShellCommand.java:2418)
	at com.android.server.pm.PackageManagerShellCommand.runInstall(PackageManagerShellCommand.java:907)
	at com.android.server.pm.PackageManagerShellCommand.onCommand(PackageManagerShellCommand.java:158)
	at android.os.ShellCommand.exec(ShellCommand.java:103)
	at com.android.server.pm.PackageManagerService.onShellCommand(PackageManagerService.java:21933)
	at android.os.Binder.shellCommand(Binder.java:634)
	at android.os.Binder.onTransact(Binder.java:532)
	at android.content.pm.IPackageManager$Stub.onTransact(IPackageManager.java:2809)
	at com.android.server.pm.PackageManagerService.onTransact(PackageManagerService.java:4023)
	at android.os.Binder.execTransact(Binder.java:735)
Caused by: java.io.IOException: Requested internal only, but not enough space
	at com.android.internal.content.PackageHelper.resolveInstallVolume(PackageHelper.java:232)
	at com.android.internal.content.PackageHelper.resolveInstallVolume(PackageHelper.java:148)
	at com.android.internal.content.PackageHelper.resolveInstallVolume(PackageHelper.java:163)
	at com.android.server.pm.PackageInstallerService.createSessionInternal(PackageInstallerService.java:516)
	at com.android.server.pm.PackageInstallerService.createSession(PackageInstallerService.java:417)
	... 10 more'; Code: '255'
Build info: version: '3.141.59', revision: 'e82be7d358', time: '2018-11-14T08:25:53'
System info: host: 'DESKTOP-CP3TV4N', ip: '192.168.43.112', os.name: 'Windows 10', os.arch: 'amd64', os.version: '10.0', java.version: '1.8.0_181'
Driver info: driver.version: SwipeableAndroidDriver
remote stacktrace: UnknownError: An unknown server-side error occurred while processing the command. Original error: Error executing adbExec. Original error: 'Command 'C:\\Users\\LENOVO\\.katalon\\tools\\android_sdk\\platform-tools\\adb.exe -P 5037 -s 11cb9864 shell pm install -r -g /data/local/tmp/appium_cache/b429377d0e5f877b92357c12f6388201a2d5021f.apk' exited with code 255'; Stderr: 'Exception occurred while executing:
android.os.ParcelableException: java.io.IOException: Requested internal only, but not enough space
	at android.util.ExceptionUtils.wrap(ExceptionUtils.java:34)
	at com.android.server.pm.PackageInstallerService.createSession(PackageInstallerService.java:419)
	at com.android.server.pm.PackageManagerShellCommand.doCreateSession(PackageManagerShellCommand.java:2418)
	at com.android.server.pm.PackageManagerShellCommand.runInstall(PackageManagerShellCommand.java:907)
	at com.android.server.pm.PackageManagerShellCommand.onCommand(PackageManagerShellCommand.java:158)
	at android.os.ShellCommand.exec(ShellCommand.java:103)
	at com.android.server.pm.PackageManagerService.onShellCommand(PackageManagerService.java:21933)
	at android.os.Binder.shellCommand(Binder.java:634)
	at android.os.Binder.onTransact(Binder.java:532)
	at android.content.pm.IPackageManager$Stub.onTransact(IPackageManager.java:2809)
	at com.android.server.pm.PackageManagerService.onTransact(PackageManagerService.java:4023)
	at android.os.Binder.execTransact(Binder.java:735)
Caused by: java.io.IOException: Requested internal only, but not enough space
	at com.android.internal.content.PackageHelper.resolveInstallVolume(PackageHelper.java:232)
	at com.android.internal.content.PackageHelper.resolveInstallVolume(PackageHelper.java:148)
	at com.android.internal.content.PackageHelper.resolveInstallVolume(PackageHelper.java:163)
	at com.android.server.pm.PackageInstallerService.createSessionInternal(PackageInstallerService.java:516)
	at com.android.server.pm.PackageInstallerService.createSession(PackageInstallerService.java:417)
	... 10 more'; Code: '255'
    at getResponseForW3CError (C:\Users\LENOVO\AppData\Roaming\npm\node_modules\appium\node_modules\appium-base-driver\lib\protocol\errors.js:804:9)
    at asyncHandler (C:\Users\LENOVO\AppData\Roaming\npm\node_modules\appium\node_modules\appium-base-driver\lib\protocol\protocol.js:388:37)
Build info: version: '3.141.59', revision: 'e82be7d358', time: '2018-11-14T08:25:53'
System info: host: 'DESKTOP-CP3TV4N', ip: '192.168.43.112', os.name: 'Windows 10', os.arch: 'amd64', os.version: '10.0', java.version: '1.8.0_181'
Driver info: driver.version: SwipeableAndroidDriver
	at io.appium.java_client.remote.AppiumCommandExecutor$1.createSession(AppiumCommandExecutor.java:208)
	at io.appium.java_client.remote.AppiumCommandExecutor.createSession(AppiumCommandExecutor.java:217)
	at io.appium.java_client.remote.AppiumCommandExecutor.execute(AppiumCommandExecutor.java:239)
	at org.openqa.selenium.remote.RemoteWebDriver.execute(RemoteWebDriver.java:552)
	at io.appium.java_client.DefaultGenericMobileDriver.execute(DefaultGenericMobileDriver.java:42)
	at io.appium.java_client.AppiumDriver.execute(AppiumDriver.java:1)
	at io.appium.java_client.android.AndroidDriver.execute(AndroidDriver.java:1)
	at com.kms.katalon.core.appium.driver.SwipeableAndroidDriver.execute(SwipeableAndroidDriver.java:1)
	at org.openqa.selenium.remote.RemoteWebDriver.startSession(RemoteWebDriver.java:213)
	at org.openqa.selenium.remote.RemoteWebDriver.&lt;init>(RemoteWebDriver.java:131)
	at io.appium.java_client.DefaultGenericMobileDriver.&lt;init>(DefaultGenericMobileDriver.java:38)
	at io.appium.java_client.AppiumDriver.&lt;init>(AppiumDriver.java:84)
	at io.appium.java_client.android.AndroidDriver.&lt;init>(AndroidDriver.java:85)
	at com.kms.katalon.core.appium.driver.SwipeableAndroidDriver.&lt;init>(SwipeableAndroidDriver.java:24)
	at com.kms.katalon.core.appium.driver.AppiumDriverManager.createMobileDriver(AppiumDriverManager.java:497)
	at com.kms.katalon.core.appium.driver.AppiumDriverManager.createMobileDriver(AppiumDriverManager.java:479)
	at com.kms.katalon.core.mobile.keyword.internal.MobileDriverFactory.startLocalMobileDriver(MobileDriverFactory.java:458)
	at com.kms.katalon.core.mobile.keyword.internal.MobileDriverFactory.startMobileDriver(MobileDriverFactory.java:372)
	at com.kms.katalon.core.mobile.keyword.builtin.StartApplicationKeyword$_startApplication_closure1.doCall(StartApplicationKeyword.groovy:49)
	at com.kms.katalon.core.mobile.keyword.builtin.StartApplicationKeyword$_startApplication_closure1.call(StartApplicationKeyword.groovy)
	at com.kms.katalon.core.mobile.keyword.internal.MobileKeywordMain.runKeyword(MobileKeywordMain.groovy:21)
	at com.kms.katalon.core.mobile.keyword.builtin.StartApplicationKeyword.startApplication(StartApplicationKeyword.groovy:51)
	at com.kms.katalon.core.mobile.keyword.builtin.StartApplicationKeyword.execute(StartApplicationKeyword.groovy:40)
	at com.kms.katalon.core.keyword.internal.KeywordExecutor.executeKeywordForPlatform(KeywordExecutor.groovy:72)
	at com.kms.katalon.core.mobile.keyword.MobileBuiltInKeywords.startApplication(MobileBuiltInKeywords.groovy:75)
	at com.kms.katalon.core.mobile.keyword.MobileBuiltInKeywords$startApplication.call(Unknown Source)
	at Passport.run(Passport:21)
	at com.kms.katalon.core.main.ScriptEngine.run(ScriptEngine.java:194)
	at com.kms.katalon.core.main.ScriptEngine.runScriptAsRawText(ScriptEngine.java:119)
	at com.kms.katalon.core.main.TestCaseExecutor.runScript(TestCaseExecutor.java:337)
	at com.kms.katalon.core.main.TestCaseExecutor.doExecute(TestCaseExecutor.java:328)
	at com.kms.katalon.core.main.TestCaseExecutor.processExecutionPhase(TestCaseExecutor.java:307)
	at com.kms.katalon.core.main.TestCaseExecutor.accessMainPhase(TestCaseExecutor.java:299)
	at com.kms.katalon.core.main.TestCaseExecutor.execute(TestCaseExecutor.java:233)
	at com.kms.katalon.core.main.TestSuiteExecutor.accessTestCaseMainPhase(TestSuiteExecutor.java:169)
	at com.kms.katalon.core.main.TestSuiteExecutor.accessTestSuiteMainPhase(TestSuiteExecutor.java:142)
	at com.kms.katalon.core.main.TestSuiteExecutor.execute(TestSuiteExecutor.java:91)
	at com.kms.katalon.core.main.TestCaseMain.startTestSuite(TestCaseMain.java:157)
	at com.kms.katalon.core.main.TestCaseMain$startTestSuite$0.call(Unknown Source)
	at TempTestSuite1596793462502.run(TempTestSuite1596793462502.groovy:36)
Caused by: java.lang.reflect.InvocationTargetException
	at io.appium.java_client.remote.AppiumCommandExecutor$1.createSession(AppiumCommandExecutor.java:186)
	at io.appium.java_client.remote.AppiumCommandExecutor.createSession(AppiumCommandExecutor.java:217)
	at io.appium.java_client.remote.AppiumCommandExecutor.execute(AppiumCommandExecutor.java:239)
	at org.openqa.selenium.remote.RemoteWebDriver.execute(RemoteWebDriver.java:552)
	at io.appium.java_client.DefaultGenericMobileDriver.execute(DefaultGenericMobileDriver.java:42)
	at io.appium.java_client.AppiumDriver.execute(AppiumDriver.java:1)
	at io.appium.java_client.android.AndroidDriver.execute(AndroidDriver.java:1)
	at com.kms.katalon.core.appium.driver.SwipeableAndroidDriver.execute(SwipeableAndroidDriver.java:1)
	at org.openqa.selenium.remote.RemoteWebDriver.startSession(RemoteWebDriver.java:213)
	at org.openqa.selenium.remote.RemoteWebDriver.&lt;init>(RemoteWebDriver.java:131)
	at io.appium.java_client.DefaultGenericMobileDriver.&lt;init>(DefaultGenericMobileDriver.java:38)
	at io.appium.java_client.AppiumDriver.&lt;init>(AppiumDriver.java:84)
	at io.appium.java_client.android.AndroidDriver.&lt;init>(AndroidDriver.java:85)
	at com.kms.katalon.core.appium.driver.SwipeableAndroidDriver.&lt;init>(SwipeableAndroidDriver.java:24)
	at com.kms.katalon.core.appium.driver.AppiumDriverManager.createMobileDriver(AppiumDriverManager.java:497)
	at com.kms.katalon.core.appium.driver.AppiumDriverManager.createMobileDriver(AppiumDriverManager.java:479)
	at com.kms.katalon.core.mobile.keyword.internal.MobileDriverFactory.startLocalMobileDriver(MobileDriverFactory.java:458)
	at com.kms.katalon.core.mobile.keyword.internal.MobileDriverFactory.startMobileDriver(MobileDriverFactory.java:372)
	at com.kms.katalon.core.mobile.keyword.builtin.StartApplicationKeyword$_startApplication_closure1.doCall(StartApplicationKeyword.groovy:49)
	at com.kms.katalon.core.mobile.keyword.builtin.StartApplicationKeyword$_startApplication_closure1.call(StartApplicationKeyword.groovy)
	at com.kms.katalon.core.mobile.keyword.internal.MobileKeywordMain.runKeyword(MobileKeywordMain.groovy:21)
	at com.kms.katalon.core.mobile.keyword.builtin.StartApplicationKeyword.startApplication(StartApplicationKeyword.groovy:51)
	at com.kms.katalon.core.mobile.keyword.builtin.StartApplicationKeyword.execute(StartApplicationKeyword.groovy:40)
	at com.kms.katalon.core.keyword.internal.KeywordExecutor.executeKeywordForPlatform(KeywordExecutor.groovy:72)
	at com.kms.katalon.core.mobile.keyword.MobileBuiltInKeywords.startApplication(MobileBuiltInKeywords.groovy:75)
	at com.kms.katalon.core.mobile.keyword.MobileBuiltInKeywords$startApplication.call(Unknown Source)
	at Script1592810895079.run(Script1592810895079.groovy:21)
	... 13 more
Caused by: org.openqa.selenium.WebDriverException: An unknown server-side error occurred while processing the command. Original error: Error executing adbExec. Original error: 'Command 'C:\\Users\\LENOVO\\.katalon\\tools\\android_sdk\\platform-tools\\adb.exe -P 5037 -s 11cb9864 shell pm install -r -g /data/local/tmp/appium_cache/b429377d0e5f877b92357c12f6388201a2d5021f.apk' exited with code 255'; Stderr: 'Exception occurred while executing:
android.os.ParcelableException: java.io.IOException: Requested internal only, but not enough space
	at android.util.ExceptionUtils.wrap(ExceptionUtils.java:34)
	at com.android.server.pm.PackageInstallerService.createSession(PackageInstallerService.java:419)
	at com.android.server.pm.PackageManagerShellCommand.doCreateSession(PackageManagerShellCommand.java:2418)
	at com.android.server.pm.PackageManagerShellCommand.runInstall(PackageManagerShellCommand.java:907)
	at com.android.server.pm.PackageManagerShellCommand.onCommand(PackageManagerShellCommand.java:158)
	at android.os.ShellCommand.exec(ShellCommand.java:103)
	at com.android.server.pm.PackageManagerService.onShellCommand(PackageManagerService.java:21933)
	at android.os.Binder.shellCommand(Binder.java:634)
	at android.os.Binder.onTransact(Binder.java:532)
	at android.content.pm.IPackageManager$Stub.onTransact(IPackageManager.java:2809)
	at com.android.server.pm.PackageManagerService.onTransact(PackageManagerService.java:4023)
	at android.os.Binder.execTransact(Binder.java:735)
Caused by: java.io.IOException: Requested internal only, but not enough space
	at com.android.internal.content.PackageHelper.resolveInstallVolume(PackageHelper.java:232)
	at com.android.internal.content.PackageHelper.resolveInstallVolume(PackageHelper.java:148)
	at com.android.internal.content.PackageHelper.resolveInstallVolume(PackageHelper.java:163)
	at com.android.server.pm.PackageInstallerService.createSessionInternal(PackageInstallerService.java:516)
	at com.android.server.pm.PackageInstallerService.createSession(PackageInstallerService.java:417)
	... 10 more'; Code: '255'
Build info: version: '3.141.59', revision: 'e82be7d358', time: '2018-11-14T08:25:53'
System info: host: 'DESKTOP-CP3TV4N', ip: '192.168.43.112', os.name: 'Windows 10', os.arch: 'amd64', os.version: '10.0', java.version: '1.8.0_181'
Driver info: driver.version: SwipeableAndroidDriver
remote stacktrace: UnknownError: An unknown server-side error occurred while processing the command. Original error: Error executing adbExec. Original error: 'Command 'C:\\Users\\LENOVO\\.katalon\\tools\\android_sdk\\platform-tools\\adb.exe -P 5037 -s 11cb9864 shell pm install -r -g /data/local/tmp/appium_cache/b429377d0e5f877b92357c12f6388201a2d5021f.apk' exited with code 255'; Stderr: 'Exception occurred while executing:
android.os.ParcelableException: java.io.IOException: Requested internal only, but not enough space
	at android.util.ExceptionUtils.wrap(ExceptionUtils.java:34)
	at com.android.server.pm.PackageInstallerService.createSession(PackageInstallerService.java:419)
	at com.android.server.pm.PackageManagerShellCommand.doCreateSession(PackageManagerShellCommand.java:2418)
	at com.android.server.pm.PackageManagerShellCommand.runInstall(PackageManagerShellCommand.java:907)
	at com.android.server.pm.PackageManagerShellCommand.onCommand(PackageManagerShellCommand.java:158)
	at android.os.ShellCommand.exec(ShellCommand.java:103)
	at com.android.server.pm.PackageManagerService.onShellCommand(PackageManagerService.java:21933)
	at android.os.Binder.shellCommand(Binder.java:634)
	at android.os.Binder.onTransact(Binder.java:532)
	at android.content.pm.IPackageManager$Stub.onTransact(IPackageManager.java:2809)
	at com.android.server.pm.PackageManagerService.onTransact(PackageManagerService.java:4023)
	at android.os.Binder.execTransact(Binder.java:735)
Caused by: java.io.IOException: Requested internal only, but not enough space
	at com.android.internal.content.PackageHelper.resolveInstallVolume(PackageHelper.java:232)
	at com.android.internal.content.PackageHelper.resolveInstallVolume(PackageHelper.java:148)
	at com.android.internal.content.PackageHelper.resolveInstallVolume(PackageHelper.java:163)
	at com.android.server.pm.PackageInstallerService.createSessionInternal(PackageInstallerService.java:516)
	at com.android.server.pm.PackageInstallerService.createSession(PackageInstallerService.java:417)
	... 10 more'; Code: '255'
    at getResponseForW3CError (C:\Users\LENOVO\AppData\Roaming\npm\node_modules\appium\node_modules\appium-base-driver\lib\protocol\errors.js:804:9)
    at asyncHandler (C:\Users\LENOVO\AppData\Roaming\npm\node_modules\appium\node_modules\appium-base-driver\lib\protocol\protocol.js:388:37)
	at org.openqa.selenium.remote.W3CHandshakeResponse.lambda$errorHandler$0(W3CHandshakeResponse.java:62)
	at org.openqa.selenium.remote.HandshakeResponse.lambda$getResponseFunction$0(HandshakeResponse.java:30)
	at org.openqa.selenium.remote.ProtocolHandshake.lambda$createSession$0(ProtocolHandshake.java:126)
	at org.openqa.selenium.remote.ProtocolHandshake.createSession(ProtocolHandshake.java:128)
	... 40 more
)
	at com.kms.katalon.core.keyword.internal.KeywordMain.stepFailed(KeywordMain.groovy:39)
	at com.kms.katalon.core.mobile.keyword.internal.MobileKeywordMain.stepFailed(MobileKeywordMain.groovy:40)
	at com.kms.katalon.core.mobile.keyword.internal.MobileKeywordMain.runKeyword(MobileKeywordMain.groovy:23)
	at com.kms.katalon.core.mobile.keyword.builtin.StartApplicationKeyword.startApplication(StartApplicationKeyword.groovy:51)
	at com.kms.katalon.core.mobile.keyword.builtin.StartApplicationKeyword.execute(StartApplicationKeyword.groovy:40)
	at com.kms.katalon.core.keyword.internal.KeywordExecutor.executeKeywordForPlatform(KeywordExecutor.groovy:72)
	at com.kms.katalon.core.mobile.keyword.MobileBuiltInKeywords.startApplication(MobileBuiltInKeywords.groovy:75)
	at com.kms.katalon.core.mobile.keyword.MobileBuiltInKeywords$startApplication.call(Unknown Source)
	at Passport.run(Passport:21)
	at com.kms.katalon.core.main.ScriptEngine.run(ScriptEngine.java:194)
	at com.kms.katalon.core.main.ScriptEngine.runScriptAsRawText(ScriptEngine.java:119)
	at com.kms.katalon.core.main.TestCaseExecutor.runScript(TestCaseExecutor.java:337)
	at com.kms.katalon.core.main.TestCaseExecutor.doExecute(TestCaseExecutor.java:328)
	at com.kms.katalon.core.main.TestCaseExecutor.processExecutionPhase(TestCaseExecutor.java:307)
	at com.kms.katalon.core.main.TestCaseExecutor.accessMainPhase(TestCaseExecutor.java:299)
	at com.kms.katalon.core.main.TestCaseExecutor.execute(TestCaseExecutor.java:233)
	at com.kms.katalon.core.main.TestSuiteExecutor.accessTestCaseMainPhase(TestSuiteExecutor.java:169)
	at com.kms.katalon.core.main.TestSuiteExecutor.accessTestSuiteMainPhase(TestSuiteExecutor.java:142)
	at com.kms.katalon.core.main.TestSuiteExecutor.execute(TestSuiteExecutor.java:91)
	at com.kms.katalon.core.main.TestCaseMain.startTestSuite(TestCaseMain.java:157)
	at com.kms.katalon.core.main.TestCaseMain$startTestSuite$0.call(Unknown Source)
	at TempTestSuite1596793462502.run(TempTestSuite1596793462502.groovy:36)
Caused by: org.openqa.selenium.SessionNotCreatedException: Unable to create a new remote session. Please check the server log for more details. Original error: An unknown server-side error occurred while processing the command. Original error: Error executing adbExec. Original error: 'Command 'C:\\Users\\LENOVO\\.katalon\\tools\\android_sdk\\platform-tools\\adb.exe -P 5037 -s 11cb9864 shell pm install -r -g /data/local/tmp/appium_cache/b429377d0e5f877b92357c12f6388201a2d5021f.apk' exited with code 255'; Stderr: 'Exception occurred while executing:
android.os.ParcelableException: java.io.IOException: Requested internal only, but not enough space
	at android.util.ExceptionUtils.wrap(ExceptionUtils.java:34)
	at com.android.server.pm.PackageInstallerService.createSession(PackageInstallerService.java:419)
	at com.android.server.pm.PackageManagerShellCommand.doCreateSession(PackageManagerShellCommand.java:2418)
	at com.android.server.pm.PackageManagerShellCommand.runInstall(PackageManagerShellCommand.java:907)
	at com.android.server.pm.PackageManagerShellCommand.onCommand(PackageManagerShellCommand.java:158)
	at android.os.ShellCommand.exec(ShellCommand.java:103)
	at com.android.server.pm.PackageManagerService.onShellCommand(PackageManagerService.java:21933)
	at android.os.Binder.shellCommand(Binder.java:634)
	at android.os.Binder.onTransact(Binder.java:532)
	at android.content.pm.IPackageManager$Stub.onTransact(IPackageManager.java:2809)
	at com.android.server.pm.PackageManagerService.onTransact(PackageManagerService.java:4023)
	at android.os.Binder.execTransact(Binder.java:735)
Caused by: java.io.IOException: Requested internal only, but not enough space
	at com.android.internal.content.PackageHelper.resolveInstallVolume(PackageHelper.java:232)
	at com.android.internal.content.PackageHelper.resolveInstallVolume(PackageHelper.java:148)
	at com.android.internal.content.PackageHelper.resolveInstallVolume(PackageHelper.java:163)
	at com.android.server.pm.PackageInstallerService.createSessionInternal(PackageInstallerService.java:516)
	at com.android.server.pm.PackageInstallerService.createSession(PackageInstallerService.java:417)
	... 10 more'; Code: '255'
Build info: version: '3.141.59', revision: 'e82be7d358', time: '2018-11-14T08:25:53'
System info: host: 'DESKTOP-CP3TV4N', ip: '192.168.43.112', os.name: 'Windows 10', os.arch: 'amd64', os.version: '10.0', java.version: '1.8.0_181'
Driver info: driver.version: SwipeableAndroidDriver
remote stacktrace: UnknownError: An unknown server-side error occurred while processing the command. Original error: Error executing adbExec. Original error: 'Command 'C:\\Users\\LENOVO\\.katalon\\tools\\android_sdk\\platform-tools\\adb.exe -P 5037 -s 11cb9864 shell pm install -r -g /data/local/tmp/appium_cache/b429377d0e5f877b92357c12f6388201a2d5021f.apk' exited with code 255'; Stderr: 'Exception occurred while executing:
android.os.ParcelableException: java.io.IOException: Requested internal only, but not enough space
	at android.util.ExceptionUtils.wrap(ExceptionUtils.java:34)
	at com.android.server.pm.PackageInstallerService.createSession(PackageInstallerService.java:419)
	at com.android.server.pm.PackageManagerShellCommand.doCreateSession(PackageManagerShellCommand.java:2418)
	at com.android.server.pm.PackageManagerShellCommand.runInstall(PackageManagerShellCommand.java:907)
	at com.android.server.pm.PackageManagerShellCommand.onCommand(PackageManagerShellCommand.java:158)
	at android.os.ShellCommand.exec(ShellCommand.java:103)
	at com.android.server.pm.PackageManagerService.onShellCommand(PackageManagerService.java:21933)
	at android.os.Binder.shellCommand(Binder.java:634)
	at android.os.Binder.onTransact(Binder.java:532)
	at android.content.pm.IPackageManager$Stub.onTransact(IPackageManager.java:2809)
	at com.android.server.pm.PackageManagerService.onTransact(PackageManagerService.java:4023)
	at android.os.Binder.execTransact(Binder.java:735)
Caused by: java.io.IOException: Requested internal only, but not enough space
	at com.android.internal.content.PackageHelper.resolveInstallVolume(PackageHelper.java:232)
	at com.android.internal.content.PackageHelper.resolveInstallVolume(PackageHelper.java:148)
	at com.android.internal.content.PackageHelper.resolveInstallVolume(PackageHelper.java:163)
	at com.android.server.pm.PackageInstallerService.createSessionInternal(PackageInstallerService.java:516)
	at com.android.server.pm.PackageInstallerService.createSession(PackageInstallerService.java:417)
	... 10 more'; Code: '255'
    at getResponseForW3CError (C:\Users\LENOVO\AppData\Roaming\npm\node_modules\appium\node_modules\appium-base-driver\lib\protocol\errors.js:804:9)
    at asyncHandler (C:\Users\LENOVO\AppData\Roaming\npm\node_modules\appium\node_modules\appium-base-driver\lib\protocol\protocol.js:388:37)
Build info: version: '3.141.59', revision: 'e82be7d358', time: '2018-11-14T08:25:53'
System info: host: 'DESKTOP-CP3TV4N', ip: '192.168.43.112', os.name: 'Windows 10', os.arch: 'amd64', os.version: '10.0', java.version: '1.8.0_181'
Driver info: driver.version: SwipeableAndroidDriver
	at io.appium.java_client.remote.AppiumCommandExecutor$1.createSession(AppiumCommandExecutor.java:208)
	at io.appium.java_client.remote.AppiumCommandExecutor.createSession(AppiumCommandExecutor.java:217)
	at io.appium.java_client.remote.AppiumCommandExecutor.execute(AppiumCommandExecutor.java:239)
	at org.openqa.selenium.remote.RemoteWebDriver.execute(RemoteWebDriver.java:552)
	at io.appium.java_client.DefaultGenericMobileDriver.execute(DefaultGenericMobileDriver.java:42)
	at io.appium.java_client.AppiumDriver.execute(AppiumDriver.java:1)
	at io.appium.java_client.android.AndroidDriver.execute(AndroidDriver.java:1)
	at com.kms.katalon.core.appium.driver.SwipeableAndroidDriver.execute(SwipeableAndroidDriver.java:1)
	at org.openqa.selenium.remote.RemoteWebDriver.startSession(RemoteWebDriver.java:213)
	at org.openqa.selenium.remote.RemoteWebDriver.&lt;init>(RemoteWebDriver.java:131)
	at io.appium.java_client.DefaultGenericMobileDriver.&lt;init>(DefaultGenericMobileDriver.java:38)
	at io.appium.java_client.AppiumDriver.&lt;init>(AppiumDriver.java:84)
	at io.appium.java_client.android.AndroidDriver.&lt;init>(AndroidDriver.java:85)
	at com.kms.katalon.core.appium.driver.SwipeableAndroidDriver.&lt;init>(SwipeableAndroidDriver.java:24)
	at com.kms.katalon.core.appium.driver.AppiumDriverManager.createMobileDriver(AppiumDriverManager.java:497)
	at com.kms.katalon.core.appium.driver.AppiumDriverManager.createMobileDriver(AppiumDriverManager.java:479)
	at com.kms.katalon.core.mobile.keyword.internal.MobileDriverFactory.startLocalMobileDriver(MobileDriverFactory.java:458)
	at com.kms.katalon.core.mobile.keyword.internal.MobileDriverFactory.startMobileDriver(MobileDriverFactory.java:372)
	at com.kms.katalon.core.mobile.keyword.builtin.StartApplicationKeyword$_startApplication_closure1.doCall(StartApplicationKeyword.groovy:49)
	at com.kms.katalon.core.mobile.keyword.builtin.StartApplicationKeyword$_startApplication_closure1.call(StartApplicationKeyword.groovy)
	at com.kms.katalon.core.mobile.keyword.internal.MobileKeywordMain.runKeyword(MobileKeywordMain.groovy:21)
	... 19 more
Caused by: java.lang.reflect.InvocationTargetException
	at io.appium.java_client.remote.AppiumCommandExecutor$1.createSession(AppiumCommandExecutor.java:186)
	at io.appium.java_client.remote.AppiumCommandExecutor.createSession(AppiumCommandExecutor.java:217)
	at io.appium.java_client.remote.AppiumCommandExecutor.execute(AppiumCommandExecutor.java:239)
	at org.openqa.selenium.remote.RemoteWebDriver.execute(RemoteWebDriver.java:552)
	at io.appium.java_client.DefaultGenericMobileDriver.execute(DefaultGenericMobileDriver.java:42)
	at io.appium.java_client.AppiumDriver.execute(AppiumDriver.java:1)
	at io.appium.java_client.android.AndroidDriver.execute(AndroidDriver.java:1)
	at com.kms.katalon.core.appium.driver.SwipeableAndroidDriver.execute(SwipeableAndroidDriver.java:1)
	at org.openqa.selenium.remote.RemoteWebDriver.startSession(RemoteWebDriver.java:213)
	at org.openqa.selenium.remote.RemoteWebDriver.&lt;init>(RemoteWebDriver.java:131)
	at io.appium.java_client.DefaultGenericMobileDriver.&lt;init>(DefaultGenericMobileDriver.java:38)
	at io.appium.java_client.AppiumDriver.&lt;init>(AppiumDriver.java:84)
	at io.appium.java_client.android.AndroidDriver.&lt;init>(AndroidDriver.java:85)
	at com.kms.katalon.core.appium.driver.SwipeableAndroidDriver.&lt;init>(SwipeableAndroidDriver.java:24)
	at com.kms.katalon.core.appium.driver.AppiumDriverManager.createMobileDriver(AppiumDriverManager.java:497)
	at com.kms.katalon.core.appium.driver.AppiumDriverManager.createMobileDriver(AppiumDriverManager.java:479)
	at com.kms.katalon.core.mobile.keyword.internal.MobileDriverFactory.startLocalMobileDriver(MobileDriverFactory.java:458)
	at com.kms.katalon.core.mobile.keyword.internal.MobileDriverFactory.startMobileDriver(MobileDriverFactory.java:372)
	at com.kms.katalon.core.mobile.keyword.builtin.StartApplicationKeyword$_startApplication_closure1.doCall(StartApplicationKeyword.groovy:49)
	at com.kms.katalon.core.mobile.keyword.builtin.StartApplicationKeyword$_startApplication_closure1.call(StartApplicationKeyword.groovy)
	at com.kms.katalon.core.mobile.keyword.internal.MobileKeywordMain.runKeyword(MobileKeywordMain.groovy:21)
	at com.kms.katalon.core.mobile.keyword.builtin.StartApplicationKeyword.startApplication(StartApplicationKeyword.groovy:51)
	at com.kms.katalon.core.mobile.keyword.builtin.StartApplicationKeyword.execute(StartApplicationKeyword.groovy:40)
	at com.kms.katalon.core.keyword.internal.KeywordExecutor.executeKeywordForPlatform(KeywordExecutor.groovy:72)
	at com.kms.katalon.core.mobile.keyword.MobileBuiltInKeywords.startApplication(MobileBuiltInKeywords.groovy:75)
	at com.kms.katalon.core.mobile.keyword.MobileBuiltInKeywords$startApplication.call(Unknown Source)
	at Script1592810895079.run(Script1592810895079.groovy:21)
	... 13 more
Caused by: org.openqa.selenium.WebDriverException: An unknown server-side error occurred while processing the command. Original error: Error executing adbExec. Original error: 'Command 'C:\\Users\\LENOVO\\.katalon\\tools\\android_sdk\\platform-tools\\adb.exe -P 5037 -s 11cb9864 shell pm install -r -g /data/local/tmp/appium_cache/b429377d0e5f877b92357c12f6388201a2d5021f.apk' exited with code 255'; Stderr: 'Exception occurred while executing:
android.os.ParcelableException: java.io.IOException: Requested internal only, but not enough space
	at android.util.ExceptionUtils.wrap(ExceptionUtils.java:34)
	at com.android.server.pm.PackageInstallerService.createSession(PackageInstallerService.java:419)
	at com.android.server.pm.PackageManagerShellCommand.doCreateSession(PackageManagerShellCommand.java:2418)
	at com.android.server.pm.PackageManagerShellCommand.runInstall(PackageManagerShellCommand.java:907)
	at com.android.server.pm.PackageManagerShellCommand.onCommand(PackageManagerShellCommand.java:158)
	at android.os.ShellCommand.exec(ShellCommand.java:103)
	at com.android.server.pm.PackageManagerService.onShellCommand(PackageManagerService.java:21933)
	at android.os.Binder.shellCommand(Binder.java:634)
	at android.os.Binder.onTransact(Binder.java:532)
	at android.content.pm.IPackageManager$Stub.onTransact(IPackageManager.java:2809)
	at com.android.server.pm.PackageManagerService.onTransact(PackageManagerService.java:4023)
	at android.os.Binder.execTransact(Binder.java:735)
Caused by: java.io.IOException: Requested internal only, but not enough space
	at com.android.internal.content.PackageHelper.resolveInstallVolume(PackageHelper.java:232)
	at com.android.internal.content.PackageHelper.resolveInstallVolume(PackageHelper.java:148)
	at com.android.internal.content.PackageHelper.resolveInstallVolume(PackageHelper.java:163)
	at com.android.server.pm.PackageInstallerService.createSessionInternal(PackageInstallerService.java:516)
	at com.android.server.pm.PackageInstallerService.createSession(PackageInstallerService.java:417)
	... 10 more'; Code: '255'
Build info: version: '3.141.59', revision: 'e82be7d358', time: '2018-11-14T08:25:53'
System info: host: 'DESKTOP-CP3TV4N', ip: '192.168.43.112', os.name: 'Windows 10', os.arch: 'amd64', os.version: '10.0', java.version: '1.8.0_181'
Driver info: driver.version: SwipeableAndroidDriver
remote stacktrace: UnknownError: An unknown server-side error occurred while processing the command. Original error: Error executing adbExec. Original error: 'Command 'C:\\Users\\LENOVO\\.katalon\\tools\\android_sdk\\platform-tools\\adb.exe -P 5037 -s 11cb9864 shell pm install -r -g /data/local/tmp/appium_cache/b429377d0e5f877b92357c12f6388201a2d5021f.apk' exited with code 255'; Stderr: 'Exception occurred while executing:
android.os.ParcelableException: java.io.IOException: Requested internal only, but not enough space
	at android.util.ExceptionUtils.wrap(ExceptionUtils.java:34)
	at com.android.server.pm.PackageInstallerService.createSession(PackageInstallerService.java:419)
	at com.android.server.pm.PackageManagerShellCommand.doCreateSession(PackageManagerShellCommand.java:2418)
	at com.android.server.pm.PackageManagerShellCommand.runInstall(PackageManagerShellCommand.java:907)
	at com.android.server.pm.PackageManagerShellCommand.onCommand(PackageManagerShellCommand.java:158)
	at android.os.ShellCommand.exec(ShellCommand.java:103)
	at com.android.server.pm.PackageManagerService.onShellCommand(PackageManagerService.java:21933)
	at android.os.Binder.shellCommand(Binder.java:634)
	at android.os.Binder.onTransact(Binder.java:532)
	at android.content.pm.IPackageManager$Stub.onTransact(IPackageManager.java:2809)
	at com.android.server.pm.PackageManagerService.onTransact(PackageManagerService.java:4023)
	at android.os.Binder.execTransact(Binder.java:735)
Caused by: java.io.IOException: Requested internal only, but not enough space
	at com.android.internal.content.PackageHelper.resolveInstallVolume(PackageHelper.java:232)
	at com.android.internal.content.PackageHelper.resolveInstallVolume(PackageHelper.java:148)
	at com.android.internal.content.PackageHelper.resolveInstallVolume(PackageHelper.java:163)
	at com.android.server.pm.PackageInstallerService.createSessionInternal(PackageInstallerService.java:516)
	at com.android.server.pm.PackageInstallerService.createSession(PackageInstallerService.java:417)
	... 10 more'; Code: '255'
    at getResponseForW3CError (C:\Users\LENOVO\AppData\Roaming\npm\node_modules\appium\node_modules\appium-base-driver\lib\protocol\errors.js:804:9)
    at asyncHandler (C:\Users\LENOVO\AppData\Roaming\npm\node_modules\appium\node_modules\appium-base-driver\lib\protocol\protocol.js:388:37)
	at org.openqa.selenium.remote.W3CHandshakeResponse.lambda$errorHandler$0(W3CHandshakeResponse.java:62)
	at org.openqa.selenium.remote.HandshakeResponse.lambda$getResponseFunction$0(HandshakeResponse.java:30)
	at org.openqa.selenium.remote.ProtocolHandshake.lambda$createSession$0(ProtocolHandshake.java:126)
	at org.openqa.selenium.remote.ProtocolHandshake.createSession(ProtocolHandshake.java:128)
	at io.appium.java_client.remote.AppiumCommandExecutor$1.createSession(AppiumCommandExecutor.java:186)
	at io.appium.java_client.remote.AppiumCommandExecutor.createSession(AppiumCommandExecutor.java:217)
	at io.appium.java_client.remote.AppiumCommandExecutor.execute(AppiumCommandExecutor.java:239)
	at org.openqa.selenium.remote.RemoteWebDriver.execute(RemoteWebDriver.java:552)
	at io.appium.java_client.DefaultGenericMobileDriver.execute(DefaultGenericMobileDriver.java:42)
	at io.appium.java_client.AppiumDriver.execute(AppiumDriver.java:1)
	at io.appium.java_client.android.AndroidDriver.execute(AndroidDriver.java:1)
	at com.kms.katalon.core.appium.driver.SwipeableAndroidDriver.execute(SwipeableAndroidDriver.java:1)
	at org.openqa.selenium.remote.RemoteWebDriver.startSession(RemoteWebDriver.java:213)
	at org.openqa.selenium.remote.RemoteWebDriver.&lt;init>(RemoteWebDriver.java:131)
	at io.appium.java_client.DefaultGenericMobileDriver.&lt;init>(DefaultGenericMobileDriver.java:38)
	at io.appium.java_client.AppiumDriver.&lt;init>(AppiumDriver.java:84)
	at io.appium.java_client.android.AndroidDriver.&lt;init>(AndroidDriver.java:85)
	at com.kms.katalon.core.appium.driver.SwipeableAndroidDriver.&lt;init>(SwipeableAndroidDriver.java:24)
	at com.kms.katalon.core.appium.driver.AppiumDriverManager.createMobileDriver(AppiumDriverManager.java:497)
	at com.kms.katalon.core.appium.driver.AppiumDriverManager.createMobileDriver(AppiumDriverManager.java:479)
	at com.kms.katalon.core.mobile.keyword.internal.MobileDriverFactory.startLocalMobileDriver(MobileDriverFactory.java:458)
	at com.kms.katalon.core.mobile.keyword.internal.MobileDriverFactory.startMobileDriver(MobileDriverFactory.java:372)
	at com.kms.katalon.core.mobile.keyword.builtin.StartApplicationKeyword$_startApplication_closure1.doCall(StartApplicationKeyword.groovy:49)
	at com.kms.katalon.core.mobile.keyword.builtin.StartApplicationKeyword$_startApplication_closure1.call(StartApplicationKeyword.groovy)
	at com.kms.katalon.core.mobile.keyword.internal.MobileKeywordMain.runKeyword(MobileKeywordMain.groovy:21)
	at com.kms.katalon.core.mobile.keyword.builtin.StartApplicationKeyword.startApplication(StartApplicationKeyword.groovy:51)
	at com.kms.katalon.core.mobile.keyword.builtin.StartApplicationKeyword.execute(StartApplicationKeyword.groovy:40)
	at com.kms.katalon.core.keyword.internal.KeywordExecutor.executeKeywordForPlatform(KeywordExecutor.groovy:72)
	at com.kms.katalon.core.mobile.keyword.MobileBuiltInKeywords.startApplication(MobileBuiltInKeywords.groovy:75)
	at com.kms.katalon.core.mobile.keyword.MobileBuiltInKeywords$startApplication.call(Unknown Source)
	at Passport.run(Passport:21)
	... 13 more
"/>
         <system-out><![CDATA[2020-08-07 17:44:27 - [TEST_CASE][FAILED] - Test Cases/JINU/DuiTNow Drop 2/Passport: Test Cases/JINU/DuiTNow Drop 2/Passport FAILED.
Reason:
com.kms.katalon.core.exception.StepFailedException: Unable to start app at: 'C:\Users\LENOVO\Katalon Studio\app-uat-universal-release.apk' (Root cause: org.openqa.selenium.SessionNotCreatedException: Unable to create a new remote session. Please check the server log for more details. Original error: An unknown server-side error occurred while processing the command. Original error: Error executing adbExec. Original error: 'Command 'C:\\Users\\LENOVO\\.katalon\\tools\\android_sdk\\platform-tools\\adb.exe -P 5037 -s 11cb9864 shell pm install -r -g /data/local/tmp/appium_cache/b429377d0e5f877b92357c12f6388201a2d5021f.apk' exited with code 255'; Stderr: 'Exception occurred while executing:
android.os.ParcelableException: java.io.IOException: Requested internal only, but not enough space
	at android.util.ExceptionUtils.wrap(ExceptionUtils.java:34)
	at com.android.server.pm.PackageInstallerService.createSession(PackageInstallerService.java:419)
	at com.android.server.pm.PackageManagerShellCommand.doCreateSession(PackageManagerShellCommand.java:2418)
	at com.android.server.pm.PackageManagerShellCommand.runInstall(PackageManagerShellCommand.java:907)
	at com.android.server.pm.PackageManagerShellCommand.onCommand(PackageManagerShellCommand.java:158)
	at android.os.ShellCommand.exec(ShellCommand.java:103)
	at com.android.server.pm.PackageManagerService.onShellCommand(PackageManagerService.java:21933)
	at android.os.Binder.shellCommand(Binder.java:634)
	at android.os.Binder.onTransact(Binder.java:532)
	at android.content.pm.IPackageManager$Stub.onTransact(IPackageManager.java:2809)
	at com.android.server.pm.PackageManagerService.onTransact(PackageManagerService.java:4023)
	at android.os.Binder.execTransact(Binder.java:735)
Caused by: java.io.IOException: Requested internal only, but not enough space
	at com.android.internal.content.PackageHelper.resolveInstallVolume(PackageHelper.java:232)
	at com.android.internal.content.PackageHelper.resolveInstallVolume(PackageHelper.java:148)
	at com.android.internal.content.PackageHelper.resolveInstallVolume(PackageHelper.java:163)
	at com.android.server.pm.PackageInstallerService.createSessionInternal(PackageInstallerService.java:516)
	at com.android.server.pm.PackageInstallerService.createSession(PackageInstallerService.java:417)
	... 10 more'; Code: '255'
Build info: version: '3.141.59', revision: 'e82be7d358', time: '2018-11-14T08:25:53'
System info: host: 'DESKTOP-CP3TV4N', ip: '192.168.43.112', os.name: 'Windows 10', os.arch: 'amd64', os.version: '10.0', java.version: '1.8.0_181'
Driver info: driver.version: SwipeableAndroidDriver
remote stacktrace: UnknownError: An unknown server-side error occurred while processing the command. Original error: Error executing adbExec. Original error: 'Command 'C:\\Users\\LENOVO\\.katalon\\tools\\android_sdk\\platform-tools\\adb.exe -P 5037 -s 11cb9864 shell pm install -r -g /data/local/tmp/appium_cache/b429377d0e5f877b92357c12f6388201a2d5021f.apk' exited with code 255'; Stderr: 'Exception occurred while executing:
android.os.ParcelableException: java.io.IOException: Requested internal only, but not enough space
	at android.util.ExceptionUtils.wrap(ExceptionUtils.java:34)
	at com.android.server.pm.PackageInstallerService.createSession(PackageInstallerService.java:419)
	at com.android.server.pm.PackageManagerShellCommand.doCreateSession(PackageManagerShellCommand.java:2418)
	at com.android.server.pm.PackageManagerShellCommand.runInstall(PackageManagerShellCommand.java:907)
	at com.android.server.pm.PackageManagerShellCommand.onCommand(PackageManagerShellCommand.java:158)
	at android.os.ShellCommand.exec(ShellCommand.java:103)
	at com.android.server.pm.PackageManagerService.onShellCommand(PackageManagerService.java:21933)
	at android.os.Binder.shellCommand(Binder.java:634)
	at android.os.Binder.onTransact(Binder.java:532)
	at android.content.pm.IPackageManager$Stub.onTransact(IPackageManager.java:2809)
	at com.android.server.pm.PackageManagerService.onTransact(PackageManagerService.java:4023)
	at android.os.Binder.execTransact(Binder.java:735)
Caused by: java.io.IOException: Requested internal only, but not enough space
	at com.android.internal.content.PackageHelper.resolveInstallVolume(PackageHelper.java:232)
	at com.android.internal.content.PackageHelper.resolveInstallVolume(PackageHelper.java:148)
	at com.android.internal.content.PackageHelper.resolveInstallVolume(PackageHelper.java:163)
	at com.android.server.pm.PackageInstallerService.createSessionInternal(PackageInstallerService.java:516)
	at com.android.server.pm.PackageInstallerService.createSession(PackageInstallerService.java:417)
	... 10 more'; Code: '255'
    at getResponseForW3CError (C:\Users\LENOVO\AppData\Roaming\npm\node_modules\appium\node_modules\appium-base-driver\lib\protocol\errors.js:804:9)
    at asyncHandler (C:\Users\LENOVO\AppData\Roaming\npm\node_modules\appium\node_modules\appium-base-driver\lib\protocol\protocol.js:388:37)
Build info: version: '3.141.59', revision: 'e82be7d358', time: '2018-11-14T08:25:53'
System info: host: 'DESKTOP-CP3TV4N', ip: '192.168.43.112', os.name: 'Windows 10', os.arch: 'amd64', os.version: '10.0', java.version: '1.8.0_181'
Driver info: driver.version: SwipeableAndroidDriver
	at io.appium.java_client.remote.AppiumCommandExecutor$1.createSession(AppiumCommandExecutor.java:208)
	at io.appium.java_client.remote.AppiumCommandExecutor.createSession(AppiumCommandExecutor.java:217)
	at io.appium.java_client.remote.AppiumCommandExecutor.execute(AppiumCommandExecutor.java:239)
	at org.openqa.selenium.remote.RemoteWebDriver.execute(RemoteWebDriver.java:552)
	at io.appium.java_client.DefaultGenericMobileDriver.execute(DefaultGenericMobileDriver.java:42)
	at io.appium.java_client.AppiumDriver.execute(AppiumDriver.java:1)
	at io.appium.java_client.android.AndroidDriver.execute(AndroidDriver.java:1)
	at com.kms.katalon.core.appium.driver.SwipeableAndroidDriver.execute(SwipeableAndroidDriver.java:1)
	at org.openqa.selenium.remote.RemoteWebDriver.startSession(RemoteWebDriver.java:213)
	at org.openqa.selenium.remote.RemoteWebDriver.<init>(RemoteWebDriver.java:131)
	at io.appium.java_client.DefaultGenericMobileDriver.<init>(DefaultGenericMobileDriver.java:38)
	at io.appium.java_client.AppiumDriver.<init>(AppiumDriver.java:84)
	at io.appium.java_client.android.AndroidDriver.<init>(AndroidDriver.java:85)
	at com.kms.katalon.core.appium.driver.SwipeableAndroidDriver.<init>(SwipeableAndroidDriver.java:24)
	at com.kms.katalon.core.appium.driver.AppiumDriverManager.createMobileDriver(AppiumDriverManager.java:497)
	at com.kms.katalon.core.appium.driver.AppiumDriverManager.createMobileDriver(AppiumDriverManager.java:479)
	at com.kms.katalon.core.mobile.keyword.internal.MobileDriverFactory.startLocalMobileDriver(MobileDriverFactory.java:458)
	at com.kms.katalon.core.mobile.keyword.internal.MobileDriverFactory.startMobileDriver(MobileDriverFactory.java:372)
	at com.kms.katalon.core.mobile.keyword.builtin.StartApplicationKeyword$_startApplication_closure1.doCall(StartApplicationKeyword.groovy:49)
	at com.kms.katalon.core.mobile.keyword.builtin.StartApplicationKeyword$_startApplication_closure1.call(StartApplicationKeyword.groovy)
	at com.kms.katalon.core.mobile.keyword.internal.MobileKeywordMain.runKeyword(MobileKeywordMain.groovy:21)
	at com.kms.katalon.core.mobile.keyword.builtin.StartApplicationKeyword.startApplication(StartApplicationKeyword.groovy:51)
	at com.kms.katalon.core.mobile.keyword.builtin.StartApplicationKeyword.execute(StartApplicationKeyword.groovy:40)
	at com.kms.katalon.core.keyword.internal.KeywordExecutor.executeKeywordForPlatform(KeywordExecutor.groovy:72)
	at com.kms.katalon.core.mobile.keyword.MobileBuiltInKeywords.startApplication(MobileBuiltInKeywords.groovy:75)
	at com.kms.katalon.core.mobile.keyword.MobileBuiltInKeywords$startApplication.call(Unknown Source)
	at Passport.run(Passport:21)
	at com.kms.katalon.core.main.ScriptEngine.run(ScriptEngine.java:194)
	at com.kms.katalon.core.main.ScriptEngine.runScriptAsRawText(ScriptEngine.java:119)
	at com.kms.katalon.core.main.TestCaseExecutor.runScript(TestCaseExecutor.java:337)
	at com.kms.katalon.core.main.TestCaseExecutor.doExecute(TestCaseExecutor.java:328)
	at com.kms.katalon.core.main.TestCaseExecutor.processExecutionPhase(TestCaseExecutor.java:307)
	at com.kms.katalon.core.main.TestCaseExecutor.accessMainPhase(TestCaseExecutor.java:299)
	at com.kms.katalon.core.main.TestCaseExecutor.execute(TestCaseExecutor.java:233)
	at com.kms.katalon.core.main.TestSuiteExecutor.accessTestCaseMainPhase(TestSuiteExecutor.java:169)
	at com.kms.katalon.core.main.TestSuiteExecutor.accessTestSuiteMainPhase(TestSuiteExecutor.java:142)
	at com.kms.katalon.core.main.TestSuiteExecutor.execute(TestSuiteExecutor.java:91)
	at com.kms.katalon.core.main.TestCaseMain.startTestSuite(TestCaseMain.java:157)
	at com.kms.katalon.core.main.TestCaseMain$startTestSuite$0.call(Unknown Source)
	at TempTestSuite1596793462502.run(TempTestSuite1596793462502.groovy:36)
Caused by: java.lang.reflect.InvocationTargetException
	at io.appium.java_client.remote.AppiumCommandExecutor$1.createSession(AppiumCommandExecutor.java:186)
	at io.appium.java_client.remote.AppiumCommandExecutor.createSession(AppiumCommandExecutor.java:217)
	at io.appium.java_client.remote.AppiumCommandExecutor.execute(AppiumCommandExecutor.java:239)
	at org.openqa.selenium.remote.RemoteWebDriver.execute(RemoteWebDriver.java:552)
	at io.appium.java_client.DefaultGenericMobileDriver.execute(DefaultGenericMobileDriver.java:42)
	at io.appium.java_client.AppiumDriver.execute(AppiumDriver.java:1)
	at io.appium.java_client.android.AndroidDriver.execute(AndroidDriver.java:1)
	at com.kms.katalon.core.appium.driver.SwipeableAndroidDriver.execute(SwipeableAndroidDriver.java:1)
	at org.openqa.selenium.remote.RemoteWebDriver.startSession(RemoteWebDriver.java:213)
	at org.openqa.selenium.remote.RemoteWebDriver.<init>(RemoteWebDriver.java:131)
	at io.appium.java_client.DefaultGenericMobileDriver.<init>(DefaultGenericMobileDriver.java:38)
	at io.appium.java_client.AppiumDriver.<init>(AppiumDriver.java:84)
	at io.appium.java_client.android.AndroidDriver.<init>(AndroidDriver.java:85)
	at com.kms.katalon.core.appium.driver.SwipeableAndroidDriver.<init>(SwipeableAndroidDriver.java:24)
	at com.kms.katalon.core.appium.driver.AppiumDriverManager.createMobileDriver(AppiumDriverManager.java:497)
	at com.kms.katalon.core.appium.driver.AppiumDriverManager.createMobileDriver(AppiumDriverManager.java:479)
	at com.kms.katalon.core.mobile.keyword.internal.MobileDriverFactory.startLocalMobileDriver(MobileDriverFactory.java:458)
	at com.kms.katalon.core.mobile.keyword.internal.MobileDriverFactory.startMobileDriver(MobileDriverFactory.java:372)
	at com.kms.katalon.core.mobile.keyword.builtin.StartApplicationKeyword$_startApplication_closure1.doCall(StartApplicationKeyword.groovy:49)
	at com.kms.katalon.core.mobile.keyword.builtin.StartApplicationKeyword$_startApplication_closure1.call(StartApplicationKeyword.groovy)
	at com.kms.katalon.core.mobile.keyword.internal.MobileKeywordMain.runKeyword(MobileKeywordMain.groovy:21)
	at com.kms.katalon.core.mobile.keyword.builtin.StartApplicationKeyword.startApplication(StartApplicationKeyword.groovy:51)
	at com.kms.katalon.core.mobile.keyword.builtin.StartApplicationKeyword.execute(StartApplicationKeyword.groovy:40)
	at com.kms.katalon.core.keyword.internal.KeywordExecutor.executeKeywordForPlatform(KeywordExecutor.groovy:72)
	at com.kms.katalon.core.mobile.keyword.MobileBuiltInKeywords.startApplication(MobileBuiltInKeywords.groovy:75)
	at com.kms.katalon.core.mobile.keyword.MobileBuiltInKeywords$startApplication.call(Unknown Source)
	at Script1592810895079.run(Script1592810895079.groovy:21)
	... 13 more
Caused by: org.openqa.selenium.WebDriverException: An unknown server-side error occurred while processing the command. Original error: Error executing adbExec. Original error: 'Command 'C:\\Users\\LENOVO\\.katalon\\tools\\android_sdk\\platform-tools\\adb.exe -P 5037 -s 11cb9864 shell pm install -r -g /data/local/tmp/appium_cache/b429377d0e5f877b92357c12f6388201a2d5021f.apk' exited with code 255'; Stderr: 'Exception occurred while executing:
android.os.ParcelableException: java.io.IOException: Requested internal only, but not enough space
	at android.util.ExceptionUtils.wrap(ExceptionUtils.java:34)
	at com.android.server.pm.PackageInstallerService.createSession(PackageInstallerService.java:419)
	at com.android.server.pm.PackageManagerShellCommand.doCreateSession(PackageManagerShellCommand.java:2418)
	at com.android.server.pm.PackageManagerShellCommand.runInstall(PackageManagerShellCommand.java:907)
	at com.android.server.pm.PackageManagerShellCommand.onCommand(PackageManagerShellCommand.java:158)
	at android.os.ShellCommand.exec(ShellCommand.java:103)
	at com.android.server.pm.PackageManagerService.onShellCommand(PackageManagerService.java:21933)
	at android.os.Binder.shellCommand(Binder.java:634)
	at android.os.Binder.onTransact(Binder.java:532)
	at android.content.pm.IPackageManager$Stub.onTransact(IPackageManager.java:2809)
	at com.android.server.pm.PackageManagerService.onTransact(PackageManagerService.java:4023)
	at android.os.Binder.execTransact(Binder.java:735)
Caused by: java.io.IOException: Requested internal only, but not enough space
	at com.android.internal.content.PackageHelper.resolveInstallVolume(PackageHelper.java:232)
	at com.android.internal.content.PackageHelper.resolveInstallVolume(PackageHelper.java:148)
	at com.android.internal.content.PackageHelper.resolveInstallVolume(PackageHelper.java:163)
	at com.android.server.pm.PackageInstallerService.createSessionInternal(PackageInstallerService.java:516)
	at com.android.server.pm.PackageInstallerService.createSession(PackageInstallerService.java:417)
	... 10 more'; Code: '255'
Build info: version: '3.141.59', revision: 'e82be7d358', time: '2018-11-14T08:25:53'
System info: host: 'DESKTOP-CP3TV4N', ip: '192.168.43.112', os.name: 'Windows 10', os.arch: 'amd64', os.version: '10.0', java.version: '1.8.0_181'
Driver info: driver.version: SwipeableAndroidDriver
remote stacktrace: UnknownError: An unknown server-side error occurred while processing the command. Original error: Error executing adbExec. Original error: 'Command 'C:\\Users\\LENOVO\\.katalon\\tools\\android_sdk\\platform-tools\\adb.exe -P 5037 -s 11cb9864 shell pm install -r -g /data/local/tmp/appium_cache/b429377d0e5f877b92357c12f6388201a2d5021f.apk' exited with code 255'; Stderr: 'Exception occurred while executing:
android.os.ParcelableException: java.io.IOException: Requested internal only, but not enough space
	at android.util.ExceptionUtils.wrap(ExceptionUtils.java:34)
	at com.android.server.pm.PackageInstallerService.createSession(PackageInstallerService.java:419)
	at com.android.server.pm.PackageManagerShellCommand.doCreateSession(PackageManagerShellCommand.java:2418)
	at com.android.server.pm.PackageManagerShellCommand.runInstall(PackageManagerShellCommand.java:907)
	at com.android.server.pm.PackageManagerShellCommand.onCommand(PackageManagerShellCommand.java:158)
	at android.os.ShellCommand.exec(ShellCommand.java:103)
	at com.android.server.pm.PackageManagerService.onShellCommand(PackageManagerService.java:21933)
	at android.os.Binder.shellCommand(Binder.java:634)
	at android.os.Binder.onTransact(Binder.java:532)
	at android.content.pm.IPackageManager$Stub.onTransact(IPackageManager.java:2809)
	at com.android.server.pm.PackageManagerService.onTransact(PackageManagerService.java:4023)
	at android.os.Binder.execTransact(Binder.java:735)
Caused by: java.io.IOException: Requested internal only, but not enough space
	at com.android.internal.content.PackageHelper.resolveInstallVolume(PackageHelper.java:232)
	at com.android.internal.content.PackageHelper.resolveInstallVolume(PackageHelper.java:148)
	at com.android.internal.content.PackageHelper.resolveInstallVolume(PackageHelper.java:163)
	at com.android.server.pm.PackageInstallerService.createSessionInternal(PackageInstallerService.java:516)
	at com.android.server.pm.PackageInstallerService.createSession(PackageInstallerService.java:417)
	... 10 more'; Code: '255'
    at getResponseForW3CError (C:\Users\LENOVO\AppData\Roaming\npm\node_modules\appium\node_modules\appium-base-driver\lib\protocol\errors.js:804:9)
    at asyncHandler (C:\Users\LENOVO\AppData\Roaming\npm\node_modules\appium\node_modules\appium-base-driver\lib\protocol\protocol.js:388:37)
	at org.openqa.selenium.remote.W3CHandshakeResponse.lambda$errorHandler$0(W3CHandshakeResponse.java:62)
	at org.openqa.selenium.remote.HandshakeResponse.lambda$getResponseFunction$0(HandshakeResponse.java:30)
	at org.openqa.selenium.remote.ProtocolHandshake.lambda$createSession$0(ProtocolHandshake.java:126)
	at org.openqa.selenium.remote.ProtocolHandshake.createSession(ProtocolHandshake.java:128)
	... 40 more
)
	at com.kms.katalon.core.keyword.internal.KeywordMain.stepFailed(KeywordMain.groovy:39)
	at com.kms.katalon.core.mobile.keyword.internal.MobileKeywordMain.stepFailed(MobileKeywordMain.groovy:40)
	at com.kms.katalon.core.mobile.keyword.internal.MobileKeywordMain.runKeyword(MobileKeywordMain.groovy:23)
	at com.kms.katalon.core.mobile.keyword.builtin.StartApplicationKeyword.startApplication(StartApplicationKeyword.groovy:51)
	at com.kms.katalon.core.mobile.keyword.builtin.StartApplicationKeyword.execute(StartApplicationKeyword.groovy:40)
	at com.kms.katalon.core.keyword.internal.KeywordExecutor.executeKeywordForPlatform(KeywordExecutor.groovy:72)
	at com.kms.katalon.core.mobile.keyword.MobileBuiltInKeywords.startApplication(MobileBuiltInKeywords.groovy:75)
	at com.kms.katalon.core.mobile.keyword.MobileBuiltInKeywords$startApplication.call(Unknown Source)
	at Passport.run(Passport:21)
	at com.kms.katalon.core.main.ScriptEngine.run(ScriptEngine.java:194)
	at com.kms.katalon.core.main.ScriptEngine.runScriptAsRawText(ScriptEngine.java:119)
	at com.kms.katalon.core.main.TestCaseExecutor.runScript(TestCaseExecutor.java:337)
	at com.kms.katalon.core.main.TestCaseExecutor.doExecute(TestCaseExecutor.java:328)
	at com.kms.katalon.core.main.TestCaseExecutor.processExecutionPhase(TestCaseExecutor.java:307)
	at com.kms.katalon.core.main.TestCaseExecutor.accessMainPhase(TestCaseExecutor.java:299)
	at com.kms.katalon.core.main.TestCaseExecutor.execute(TestCaseExecutor.java:233)
	at com.kms.katalon.core.main.TestSuiteExecutor.accessTestCaseMainPhase(TestSuiteExecutor.java:169)
	at com.kms.katalon.core.main.TestSuiteExecutor.accessTestSuiteMainPhase(TestSuiteExecutor.java:142)
	at com.kms.katalon.core.main.TestSuiteExecutor.execute(TestSuiteExecutor.java:91)
	at com.kms.katalon.core.main.TestCaseMain.startTestSuite(TestCaseMain.java:157)
	at com.kms.katalon.core.main.TestCaseMain$startTestSuite$0.call(Unknown Source)
	at TempTestSuite1596793462502.run(TempTestSuite1596793462502.groovy:36)
Caused by: org.openqa.selenium.SessionNotCreatedException: Unable to create a new remote session. Please check the server log for more details. Original error: An unknown server-side error occurred while processing the command. Original error: Error executing adbExec. Original error: 'Command 'C:\\Users\\LENOVO\\.katalon\\tools\\android_sdk\\platform-tools\\adb.exe -P 5037 -s 11cb9864 shell pm install -r -g /data/local/tmp/appium_cache/b429377d0e5f877b92357c12f6388201a2d5021f.apk' exited with code 255'; Stderr: 'Exception occurred while executing:
android.os.ParcelableException: java.io.IOException: Requested internal only, but not enough space
	at android.util.ExceptionUtils.wrap(ExceptionUtils.java:34)
	at com.android.server.pm.PackageInstallerService.createSession(PackageInstallerService.java:419)
	at com.android.server.pm.PackageManagerShellCommand.doCreateSession(PackageManagerShellCommand.java:2418)
	at com.android.server.pm.PackageManagerShellCommand.runInstall(PackageManagerShellCommand.java:907)
	at com.android.server.pm.PackageManagerShellCommand.onCommand(PackageManagerShellCommand.java:158)
	at android.os.ShellCommand.exec(ShellCommand.java:103)
	at com.android.server.pm.PackageManagerService.onShellCommand(PackageManagerService.java:21933)
	at android.os.Binder.shellCommand(Binder.java:634)
	at android.os.Binder.onTransact(Binder.java:532)
	at android.content.pm.IPackageManager$Stub.onTransact(IPackageManager.java:2809)
	at com.android.server.pm.PackageManagerService.onTransact(PackageManagerService.java:4023)
	at android.os.Binder.execTransact(Binder.java:735)
Caused by: java.io.IOException: Requested internal only, but not enough space
	at com.android.internal.content.PackageHelper.resolveInstallVolume(PackageHelper.java:232)
	at com.android.internal.content.PackageHelper.resolveInstallVolume(PackageHelper.java:148)
	at com.android.internal.content.PackageHelper.resolveInstallVolume(PackageHelper.java:163)
	at com.android.server.pm.PackageInstallerService.createSessionInternal(PackageInstallerService.java:516)
	at com.android.server.pm.PackageInstallerService.createSession(PackageInstallerService.java:417)
	... 10 more'; Code: '255'
Build info: version: '3.141.59', revision: 'e82be7d358', time: '2018-11-14T08:25:53'
System info: host: 'DESKTOP-CP3TV4N', ip: '192.168.43.112', os.name: 'Windows 10', os.arch: 'amd64', os.version: '10.0', java.version: '1.8.0_181'
Driver info: driver.version: SwipeableAndroidDriver
remote stacktrace: UnknownError: An unknown server-side error occurred while processing the command. Original error: Error executing adbExec. Original error: 'Command 'C:\\Users\\LENOVO\\.katalon\\tools\\android_sdk\\platform-tools\\adb.exe -P 5037 -s 11cb9864 shell pm install -r -g /data/local/tmp/appium_cache/b429377d0e5f877b92357c12f6388201a2d5021f.apk' exited with code 255'; Stderr: 'Exception occurred while executing:
android.os.ParcelableException: java.io.IOException: Requested internal only, but not enough space
	at android.util.ExceptionUtils.wrap(ExceptionUtils.java:34)
	at com.android.server.pm.PackageInstallerService.createSession(PackageInstallerService.java:419)
	at com.android.server.pm.PackageManagerShellCommand.doCreateSession(PackageManagerShellCommand.java:2418)
	at com.android.server.pm.PackageManagerShellCommand.runInstall(PackageManagerShellCommand.java:907)
	at com.android.server.pm.PackageManagerShellCommand.onCommand(PackageManagerShellCommand.java:158)
	at android.os.ShellCommand.exec(ShellCommand.java:103)
	at com.android.server.pm.PackageManagerService.onShellCommand(PackageManagerService.java:21933)
	at android.os.Binder.shellCommand(Binder.java:634)
	at android.os.Binder.onTransact(Binder.java:532)
	at android.content.pm.IPackageManager$Stub.onTransact(IPackageManager.java:2809)
	at com.android.server.pm.PackageManagerService.onTransact(PackageManagerService.java:4023)
	at android.os.Binder.execTransact(Binder.java:735)
Caused by: java.io.IOException: Requested internal only, but not enough space
	at com.android.internal.content.PackageHelper.resolveInstallVolume(PackageHelper.java:232)
	at com.android.internal.content.PackageHelper.resolveInstallVolume(PackageHelper.java:148)
	at com.android.internal.content.PackageHelper.resolveInstallVolume(PackageHelper.java:163)
	at com.android.server.pm.PackageInstallerService.createSessionInternal(PackageInstallerService.java:516)
	at com.android.server.pm.PackageInstallerService.createSession(PackageInstallerService.java:417)
	... 10 more'; Code: '255'
    at getResponseForW3CError (C:\Users\LENOVO\AppData\Roaming\npm\node_modules\appium\node_modules\appium-base-driver\lib\protocol\errors.js:804:9)
    at asyncHandler (C:\Users\LENOVO\AppData\Roaming\npm\node_modules\appium\node_modules\appium-base-driver\lib\protocol\protocol.js:388:37)
Build info: version: '3.141.59', revision: 'e82be7d358', time: '2018-11-14T08:25:53'
System info: host: 'DESKTOP-CP3TV4N', ip: '192.168.43.112', os.name: 'Windows 10', os.arch: 'amd64', os.version: '10.0', java.version: '1.8.0_181'
Driver info: driver.version: SwipeableAndroidDriver
	at io.appium.java_client.remote.AppiumCommandExecutor$1.createSession(AppiumCommandExecutor.java:208)
	at io.appium.java_client.remote.AppiumCommandExecutor.createSession(AppiumCommandExecutor.java:217)
	at io.appium.java_client.remote.AppiumCommandExecutor.execute(AppiumCommandExecutor.java:239)
	at org.openqa.selenium.remote.RemoteWebDriver.execute(RemoteWebDriver.java:552)
	at io.appium.java_client.DefaultGenericMobileDriver.execute(DefaultGenericMobileDriver.java:42)
	at io.appium.java_client.AppiumDriver.execute(AppiumDriver.java:1)
	at io.appium.java_client.android.AndroidDriver.execute(AndroidDriver.java:1)
	at com.kms.katalon.core.appium.driver.SwipeableAndroidDriver.execute(SwipeableAndroidDriver.java:1)
	at org.openqa.selenium.remote.RemoteWebDriver.startSession(RemoteWebDriver.java:213)
	at org.openqa.selenium.remote.RemoteWebDriver.<init>(RemoteWebDriver.java:131)
	at io.appium.java_client.DefaultGenericMobileDriver.<init>(DefaultGenericMobileDriver.java:38)
	at io.appium.java_client.AppiumDriver.<init>(AppiumDriver.java:84)
	at io.appium.java_client.android.AndroidDriver.<init>(AndroidDriver.java:85)
	at com.kms.katalon.core.appium.driver.SwipeableAndroidDriver.<init>(SwipeableAndroidDriver.java:24)
	at com.kms.katalon.core.appium.driver.AppiumDriverManager.createMobileDriver(AppiumDriverManager.java:497)
	at com.kms.katalon.core.appium.driver.AppiumDriverManager.createMobileDriver(AppiumDriverManager.java:479)
	at com.kms.katalon.core.mobile.keyword.internal.MobileDriverFactory.startLocalMobileDriver(MobileDriverFactory.java:458)
	at com.kms.katalon.core.mobile.keyword.internal.MobileDriverFactory.startMobileDriver(MobileDriverFactory.java:372)
	at com.kms.katalon.core.mobile.keyword.builtin.StartApplicationKeyword$_startApplication_closure1.doCall(StartApplicationKeyword.groovy:49)
	at com.kms.katalon.core.mobile.keyword.builtin.StartApplicationKeyword$_startApplication_closure1.call(StartApplicationKeyword.groovy)
	at com.kms.katalon.core.mobile.keyword.internal.MobileKeywordMain.runKeyword(MobileKeywordMain.groovy:21)
	... 19 more
Caused by: java.lang.reflect.InvocationTargetException
	at io.appium.java_client.remote.AppiumCommandExecutor$1.createSession(AppiumCommandExecutor.java:186)
	at io.appium.java_client.remote.AppiumCommandExecutor.createSession(AppiumCommandExecutor.java:217)
	at io.appium.java_client.remote.AppiumCommandExecutor.execute(AppiumCommandExecutor.java:239)
	at org.openqa.selenium.remote.RemoteWebDriver.execute(RemoteWebDriver.java:552)
	at io.appium.java_client.DefaultGenericMobileDriver.execute(DefaultGenericMobileDriver.java:42)
	at io.appium.java_client.AppiumDriver.execute(AppiumDriver.java:1)
	at io.appium.java_client.android.AndroidDriver.execute(AndroidDriver.java:1)
	at com.kms.katalon.core.appium.driver.SwipeableAndroidDriver.execute(SwipeableAndroidDriver.java:1)
	at org.openqa.selenium.remote.RemoteWebDriver.startSession(RemoteWebDriver.java:213)
	at org.openqa.selenium.remote.RemoteWebDriver.<init>(RemoteWebDriver.java:131)
	at io.appium.java_client.DefaultGenericMobileDriver.<init>(DefaultGenericMobileDriver.java:38)
	at io.appium.java_client.AppiumDriver.<init>(AppiumDriver.java:84)
	at io.appium.java_client.android.AndroidDriver.<init>(AndroidDriver.java:85)
	at com.kms.katalon.core.appium.driver.SwipeableAndroidDriver.<init>(SwipeableAndroidDriver.java:24)
	at com.kms.katalon.core.appium.driver.AppiumDriverManager.createMobileDriver(AppiumDriverManager.java:497)
	at com.kms.katalon.core.appium.driver.AppiumDriverManager.createMobileDriver(AppiumDriverManager.java:479)
	at com.kms.katalon.core.mobile.keyword.internal.MobileDriverFactory.startLocalMobileDriver(MobileDriverFactory.java:458)
	at com.kms.katalon.core.mobile.keyword.internal.MobileDriverFactory.startMobileDriver(MobileDriverFactory.java:372)
	at com.kms.katalon.core.mobile.keyword.builtin.StartApplicationKeyword$_startApplication_closure1.doCall(StartApplicationKeyword.groovy:49)
	at com.kms.katalon.core.mobile.keyword.builtin.StartApplicationKeyword$_startApplication_closure1.call(StartApplicationKeyword.groovy)
	at com.kms.katalon.core.mobile.keyword.internal.MobileKeywordMain.runKeyword(MobileKeywordMain.groovy:21)
	at com.kms.katalon.core.mobile.keyword.builtin.StartApplicationKeyword.startApplication(StartApplicationKeyword.groovy:51)
	at com.kms.katalon.core.mobile.keyword.builtin.StartApplicationKeyword.execute(StartApplicationKeyword.groovy:40)
	at com.kms.katalon.core.keyword.internal.KeywordExecutor.executeKeywordForPlatform(KeywordExecutor.groovy:72)
	at com.kms.katalon.core.mobile.keyword.MobileBuiltInKeywords.startApplication(MobileBuiltInKeywords.groovy:75)
	at com.kms.katalon.core.mobile.keyword.MobileBuiltInKeywords$startApplication.call(Unknown Source)
	at Script1592810895079.run(Script1592810895079.groovy:21)
	... 13 more
Caused by: org.openqa.selenium.WebDriverException: An unknown server-side error occurred while processing the command. Original error: Error executing adbExec. Original error: 'Command 'C:\\Users\\LENOVO\\.katalon\\tools\\android_sdk\\platform-tools\\adb.exe -P 5037 -s 11cb9864 shell pm install -r -g /data/local/tmp/appium_cache/b429377d0e5f877b92357c12f6388201a2d5021f.apk' exited with code 255'; Stderr: 'Exception occurred while executing:
android.os.ParcelableException: java.io.IOException: Requested internal only, but not enough space
	at android.util.ExceptionUtils.wrap(ExceptionUtils.java:34)
	at com.android.server.pm.PackageInstallerService.createSession(PackageInstallerService.java:419)
	at com.android.server.pm.PackageManagerShellCommand.doCreateSession(PackageManagerShellCommand.java:2418)
	at com.android.server.pm.PackageManagerShellCommand.runInstall(PackageManagerShellCommand.java:907)
	at com.android.server.pm.PackageManagerShellCommand.onCommand(PackageManagerShellCommand.java:158)
	at android.os.ShellCommand.exec(ShellCommand.java:103)
	at com.android.server.pm.PackageManagerService.onShellCommand(PackageManagerService.java:21933)
	at android.os.Binder.shellCommand(Binder.java:634)
	at android.os.Binder.onTransact(Binder.java:532)
	at android.content.pm.IPackageManager$Stub.onTransact(IPackageManager.java:2809)
	at com.android.server.pm.PackageManagerService.onTransact(PackageManagerService.java:4023)
	at android.os.Binder.execTransact(Binder.java:735)
Caused by: java.io.IOException: Requested internal only, but not enough space
	at com.android.internal.content.PackageHelper.resolveInstallVolume(PackageHelper.java:232)
	at com.android.internal.content.PackageHelper.resolveInstallVolume(PackageHelper.java:148)
	at com.android.internal.content.PackageHelper.resolveInstallVolume(PackageHelper.java:163)
	at com.android.server.pm.PackageInstallerService.createSessionInternal(PackageInstallerService.java:516)
	at com.android.server.pm.PackageInstallerService.createSession(PackageInstallerService.java:417)
	... 10 more'; Code: '255'
Build info: version: '3.141.59', revision: 'e82be7d358', time: '2018-11-14T08:25:53'
System info: host: 'DESKTOP-CP3TV4N', ip: '192.168.43.112', os.name: 'Windows 10', os.arch: 'amd64', os.version: '10.0', java.version: '1.8.0_181'
Driver info: driver.version: SwipeableAndroidDriver
remote stacktrace: UnknownError: An unknown server-side error occurred while processing the command. Original error: Error executing adbExec. Original error: 'Command 'C:\\Users\\LENOVO\\.katalon\\tools\\android_sdk\\platform-tools\\adb.exe -P 5037 -s 11cb9864 shell pm install -r -g /data/local/tmp/appium_cache/b429377d0e5f877b92357c12f6388201a2d5021f.apk' exited with code 255'; Stderr: 'Exception occurred while executing:
android.os.ParcelableException: java.io.IOException: Requested internal only, but not enough space
	at android.util.ExceptionUtils.wrap(ExceptionUtils.java:34)
	at com.android.server.pm.PackageInstallerService.createSession(PackageInstallerService.java:419)
	at com.android.server.pm.PackageManagerShellCommand.doCreateSession(PackageManagerShellCommand.java:2418)
	at com.android.server.pm.PackageManagerShellCommand.runInstall(PackageManagerShellCommand.java:907)
	at com.android.server.pm.PackageManagerShellCommand.onCommand(PackageManagerShellCommand.java:158)
	at android.os.ShellCommand.exec(ShellCommand.java:103)
	at com.android.server.pm.PackageManagerService.onShellCommand(PackageManagerService.java:21933)
	at android.os.Binder.shellCommand(Binder.java:634)
	at android.os.Binder.onTransact(Binder.java:532)
	at android.content.pm.IPackageManager$Stub.onTransact(IPackageManager.java:2809)
	at com.android.server.pm.PackageManagerService.onTransact(PackageManagerService.java:4023)
	at android.os.Binder.execTransact(Binder.java:735)
Caused by: java.io.IOException: Requested internal only, but not enough space
	at com.android.internal.content.PackageHelper.resolveInstallVolume(PackageHelper.java:232)
	at com.android.internal.content.PackageHelper.resolveInstallVolume(PackageHelper.java:148)
	at com.android.internal.content.PackageHelper.resolveInstallVolume(PackageHelper.java:163)
	at com.android.server.pm.PackageInstallerService.createSessionInternal(PackageInstallerService.java:516)
	at com.android.server.pm.PackageInstallerService.createSession(PackageInstallerService.java:417)
	... 10 more'; Code: '255'
    at getResponseForW3CError (C:\Users\LENOVO\AppData\Roaming\npm\node_modules\appium\node_modules\appium-base-driver\lib\protocol\errors.js:804:9)
    at asyncHandler (C:\Users\LENOVO\AppData\Roaming\npm\node_modules\appium\node_modules\appium-base-driver\lib\protocol\protocol.js:388:37)
	at org.openqa.selenium.remote.W3CHandshakeResponse.lambda$errorHandler$0(W3CHandshakeResponse.java:62)
	at org.openqa.selenium.remote.HandshakeResponse.lambda$getResponseFunction$0(HandshakeResponse.java:30)
	at org.openqa.selenium.remote.ProtocolHandshake.lambda$createSession$0(ProtocolHandshake.java:126)
	at org.openqa.selenium.remote.ProtocolHandshake.createSession(ProtocolHandshake.java:128)
	at io.appium.java_client.remote.AppiumCommandExecutor$1.createSession(AppiumCommandExecutor.java:186)
	at io.appium.java_client.remote.AppiumCommandExecutor.createSession(AppiumCommandExecutor.java:217)
	at io.appium.java_client.remote.AppiumCommandExecutor.execute(AppiumCommandExecutor.java:239)
	at org.openqa.selenium.remote.RemoteWebDriver.execute(RemoteWebDriver.java:552)
	at io.appium.java_client.DefaultGenericMobileDriver.execute(DefaultGenericMobileDriver.java:42)
	at io.appium.java_client.AppiumDriver.execute(AppiumDriver.java:1)
	at io.appium.java_client.android.AndroidDriver.execute(AndroidDriver.java:1)
	at com.kms.katalon.core.appium.driver.SwipeableAndroidDriver.execute(SwipeableAndroidDriver.java:1)
	at org.openqa.selenium.remote.RemoteWebDriver.startSession(RemoteWebDriver.java:213)
	at org.openqa.selenium.remote.RemoteWebDriver.<init>(RemoteWebDriver.java:131)
	at io.appium.java_client.DefaultGenericMobileDriver.<init>(DefaultGenericMobileDriver.java:38)
	at io.appium.java_client.AppiumDriver.<init>(AppiumDriver.java:84)
	at io.appium.java_client.android.AndroidDriver.<init>(AndroidDriver.java:85)
	at com.kms.katalon.core.appium.driver.SwipeableAndroidDriver.<init>(SwipeableAndroidDriver.java:24)
	at com.kms.katalon.core.appium.driver.AppiumDriverManager.createMobileDriver(AppiumDriverManager.java:497)
	at com.kms.katalon.core.appium.driver.AppiumDriverManager.createMobileDriver(AppiumDriverManager.java:479)
	at com.kms.katalon.core.mobile.keyword.internal.MobileDriverFactory.startLocalMobileDriver(MobileDriverFactory.java:458)
	at com.kms.katalon.core.mobile.keyword.internal.MobileDriverFactory.startMobileDriver(MobileDriverFactory.java:372)
	at com.kms.katalon.core.mobile.keyword.builtin.StartApplicationKeyword$_startApplication_closure1.doCall(StartApplicationKeyword.groovy:49)
	at com.kms.katalon.core.mobile.keyword.builtin.StartApplicationKeyword$_startApplication_closure1.call(StartApplicationKeyword.groovy)
	at com.kms.katalon.core.mobile.keyword.internal.MobileKeywordMain.runKeyword(MobileKeywordMain.groovy:21)
	at com.kms.katalon.core.mobile.keyword.builtin.StartApplicationKeyword.startApplication(StartApplicationKeyword.groovy:51)
	at com.kms.katalon.core.mobile.keyword.builtin.StartApplicationKeyword.execute(StartApplicationKeyword.groovy:40)
	at com.kms.katalon.core.keyword.internal.KeywordExecutor.executeKeywordForPlatform(KeywordExecutor.groovy:72)
	at com.kms.katalon.core.mobile.keyword.MobileBuiltInKeywords.startApplication(MobileBuiltInKeywords.groovy:75)
	at com.kms.katalon.core.mobile.keyword.MobileBuiltInKeywords$startApplication.call(Unknown Source)
	at Passport.run(Passport:21)
	... 13 more


2020-08-07 17:44:28 - [TEST_STEP][FAILED] - startApplication("C:\Users\LENOVO\Katalon Studio\app-uat-universal-release.apk", true): Unable to start app at: 'C:\Users\LENOVO\Katalon Studio\app-uat-universal-release.apk' (Root cause: org.openqa.selenium.SessionNotCreatedException: Unable to create a new remote session. Please check the server log for more details. Original error: An unknown server-side error occurred while processing the command. Original error: Error executing adbExec. Original error: 'Command 'C:\\Users\\LENOVO\\.katalon\\tools\\android_sdk\\platform-tools\\adb.exe -P 5037 -s 11cb9864 shell pm install -r -g /data/local/tmp/appium_cache/b429377d0e5f877b92357c12f6388201a2d5021f.apk' exited with code 255'; Stderr: 'Exception occurred while executing:
android.os.ParcelableException: java.io.IOException: Requested internal only, but not enough space
	at android.util.ExceptionUtils.wrap(ExceptionUtils.java:34)
	at com.android.server.pm.PackageInstallerService.createSession(PackageInstallerService.java:419)
	at com.android.server.pm.PackageManagerShellCommand.doCreateSession(PackageManagerShellCommand.java:2418)
	at com.android.server.pm.PackageManagerShellCommand.runInstall(PackageManagerShellCommand.java:907)
	at com.android.server.pm.PackageManagerShellCommand.onCommand(PackageManagerShellCommand.java:158)
	at android.os.ShellCommand.exec(ShellCommand.java:103)
	at com.android.server.pm.PackageManagerService.onShellCommand(PackageManagerService.java:21933)
	at android.os.Binder.shellCommand(Binder.java:634)
	at android.os.Binder.onTransact(Binder.java:532)
	at android.content.pm.IPackageManager$Stub.onTransact(IPackageManager.java:2809)
	at com.android.server.pm.PackageManagerService.onTransact(PackageManagerService.java:4023)
	at android.os.Binder.execTransact(Binder.java:735)
Caused by: java.io.IOException: Requested internal only, but not enough space
	at com.android.internal.content.PackageHelper.resolveInstallVolume(PackageHelper.java:232)
	at com.android.internal.content.PackageHelper.resolveInstallVolume(PackageHelper.java:148)
	at com.android.internal.content.PackageHelper.resolveInstallVolume(PackageHelper.java:163)
	at com.android.server.pm.PackageInstallerService.createSessionInternal(PackageInstallerService.java:516)
	at com.android.server.pm.PackageInstallerService.createSession(PackageInstallerService.java:417)
	... 10 more'; Code: '255'
Build info: version: '3.141.59', revision: 'e82be7d358', time: '2018-11-14T08:25:53'
System info: host: 'DESKTOP-CP3TV4N', ip: '192.168.43.112', os.name: 'Windows 10', os.arch: 'amd64', os.version: '10.0', java.version: '1.8.0_181'
Driver info: driver.version: SwipeableAndroidDriver
remote stacktrace: UnknownError: An unknown server-side error occurred while processing the command. Original error: Error executing adbExec. Original error: 'Command 'C:\\Users\\LENOVO\\.katalon\\tools\\android_sdk\\platform-tools\\adb.exe -P 5037 -s 11cb9864 shell pm install -r -g /data/local/tmp/appium_cache/b429377d0e5f877b92357c12f6388201a2d5021f.apk' exited with code 255'; Stderr: 'Exception occurred while executing:
android.os.ParcelableException: java.io.IOException: Requested internal only, but not enough space
	at android.util.ExceptionUtils.wrap(ExceptionUtils.java:34)
	at com.android.server.pm.PackageInstallerService.createSession(PackageInstallerService.java:419)
	at com.android.server.pm.PackageManagerShellCommand.doCreateSession(PackageManagerShellCommand.java:2418)
	at com.android.server.pm.PackageManagerShellCommand.runInstall(PackageManagerShellCommand.java:907)
	at com.android.server.pm.PackageManagerShellCommand.onCommand(PackageManagerShellCommand.java:158)
	at android.os.ShellCommand.exec(ShellCommand.java:103)
	at com.android.server.pm.PackageManagerService.onShellCommand(PackageManagerService.java:21933)
	at android.os.Binder.shellCommand(Binder.java:634)
	at android.os.Binder.onTransact(Binder.java:532)
	at android.content.pm.IPackageManager$Stub.onTransact(IPackageManager.java:2809)
	at com.android.server.pm.PackageManagerService.onTransact(PackageManagerService.java:4023)
	at android.os.Binder.execTransact(Binder.java:735)
Caused by: java.io.IOException: Requested internal only, but not enough space
	at com.android.internal.content.PackageHelper.resolveInstallVolume(PackageHelper.java:232)
	at com.android.internal.content.PackageHelper.resolveInstallVolume(PackageHelper.java:148)
	at com.android.internal.content.PackageHelper.resolveInstallVolume(PackageHelper.java:163)
	at com.android.server.pm.PackageInstallerService.createSessionInternal(PackageInstallerService.java:516)
	at com.android.server.pm.PackageInstallerService.createSession(PackageInstallerService.java:417)
	... 10 more'; Code: '255'
    at getResponseForW3CError (C:\Users\LENOVO\AppData\Roaming\npm\node_modules\appium\node_modules\appium-base-driver\lib\protocol\errors.js:804:9)
    at asyncHandler (C:\Users\LENOVO\AppData\Roaming\npm\node_modules\appium\node_modules\appium-base-driver\lib\protocol\protocol.js:388:37)
Build info: version: '3.141.59', revision: 'e82be7d358', time: '2018-11-14T08:25:53'
System info: host: 'DESKTOP-CP3TV4N', ip: '192.168.43.112', os.name: 'Windows 10', os.arch: 'amd64', os.version: '10.0', java.version: '1.8.0_181'
Driver info: driver.version: SwipeableAndroidDriver
	at io.appium.java_client.remote.AppiumCommandExecutor$1.createSession(AppiumCommandExecutor.java:208)
	at io.appium.java_client.remote.AppiumCommandExecutor.createSession(AppiumCommandExecutor.java:217)
	at io.appium.java_client.remote.AppiumCommandExecutor.execute(AppiumCommandExecutor.java:239)
	at org.openqa.selenium.remote.RemoteWebDriver.execute(RemoteWebDriver.java:552)
	at io.appium.java_client.DefaultGenericMobileDriver.execute(DefaultGenericMobileDriver.java:42)
	at io.appium.java_client.AppiumDriver.execute(AppiumDriver.java:1)
	at io.appium.java_client.android.AndroidDriver.execute(AndroidDriver.java:1)
	at com.kms.katalon.core.appium.driver.SwipeableAndroidDriver.execute(SwipeableAndroidDriver.java:1)
	at org.openqa.selenium.remote.RemoteWebDriver.startSession(RemoteWebDriver.java:213)
	at org.openqa.selenium.remote.RemoteWebDriver.<init>(RemoteWebDriver.java:131)
	at io.appium.java_client.DefaultGenericMobileDriver.<init>(DefaultGenericMobileDriver.java:38)
	at io.appium.java_client.AppiumDriver.<init>(AppiumDriver.java:84)
	at io.appium.java_client.android.AndroidDriver.<init>(AndroidDriver.java:85)
	at com.kms.katalon.core.appium.driver.SwipeableAndroidDriver.<init>(SwipeableAndroidDriver.java:24)
	at com.kms.katalon.core.appium.driver.AppiumDriverManager.createMobileDriver(AppiumDriverManager.java:497)
	at com.kms.katalon.core.appium.driver.AppiumDriverManager.createMobileDriver(AppiumDriverManager.java:479)
	at com.kms.katalon.core.mobile.keyword.internal.MobileDriverFactory.startLocalMobileDriver(MobileDriverFactory.java:458)
	at com.kms.katalon.core.mobile.keyword.internal.MobileDriverFactory.startMobileDriver(MobileDriverFactory.java:372)
	at com.kms.katalon.core.mobile.keyword.builtin.StartApplicationKeyword$_startApplication_closure1.doCall(StartApplicationKeyword.groovy:49)
	at com.kms.katalon.core.mobile.keyword.builtin.StartApplicationKeyword$_startApplication_closure1.call(StartApplicationKeyword.groovy)
	at com.kms.katalon.core.mobile.keyword.internal.MobileKeywordMain.runKeyword(MobileKeywordMain.groovy:21)
	at com.kms.katalon.core.mobile.keyword.builtin.StartApplicationKeyword.startApplication(StartApplicationKeyword.groovy:51)
	at com.kms.katalon.core.mobile.keyword.builtin.StartApplicationKeyword.execute(StartApplicationKeyword.groovy:40)
	at com.kms.katalon.core.keyword.internal.KeywordExecutor.executeKeywordForPlatform(KeywordExecutor.groovy:72)
	at com.kms.katalon.core.mobile.keyword.MobileBuiltInKeywords.startApplication(MobileBuiltInKeywords.groovy:75)
	at com.kms.katalon.core.mobile.keyword.MobileBuiltInKeywords$startApplication.call(Unknown Source)
	at Passport.run(Passport:21)
	at com.kms.katalon.core.main.ScriptEngine.run(ScriptEngine.java:194)
	at com.kms.katalon.core.main.ScriptEngine.runScriptAsRawText(ScriptEngine.java:119)
	at com.kms.katalon.core.main.TestCaseExecutor.runScript(TestCaseExecutor.java:337)
	at com.kms.katalon.core.main.TestCaseExecutor.doExecute(TestCaseExecutor.java:328)
	at com.kms.katalon.core.main.TestCaseExecutor.processExecutionPhase(TestCaseExecutor.java:307)
	at com.kms.katalon.core.main.TestCaseExecutor.accessMainPhase(TestCaseExecutor.java:299)
	at com.kms.katalon.core.main.TestCaseExecutor.execute(TestCaseExecutor.java:233)
	at com.kms.katalon.core.main.TestSuiteExecutor.accessTestCaseMainPhase(TestSuiteExecutor.java:169)
	at com.kms.katalon.core.main.TestSuiteExecutor.accessTestSuiteMainPhase(TestSuiteExecutor.java:142)
	at com.kms.katalon.core.main.TestSuiteExecutor.execute(TestSuiteExecutor.java:91)
	at com.kms.katalon.core.main.TestCaseMain.startTestSuite(TestCaseMain.java:157)
	at com.kms.katalon.core.main.TestCaseMain$startTestSuite$0.call(Unknown Source)
	at TempTestSuite1596793462502.run(TempTestSuite1596793462502.groovy:36)
Caused by: java.lang.reflect.InvocationTargetException
	at io.appium.java_client.remote.AppiumCommandExecutor$1.createSession(AppiumCommandExecutor.java:186)
	at io.appium.java_client.remote.AppiumCommandExecutor.createSession(AppiumCommandExecutor.java:217)
	at io.appium.java_client.remote.AppiumCommandExecutor.execute(AppiumCommandExecutor.java:239)
	at org.openqa.selenium.remote.RemoteWebDriver.execute(RemoteWebDriver.java:552)
	at io.appium.java_client.DefaultGenericMobileDriver.execute(DefaultGenericMobileDriver.java:42)
	at io.appium.java_client.AppiumDriver.execute(AppiumDriver.java:1)
	at io.appium.java_client.android.AndroidDriver.execute(AndroidDriver.java:1)
	at com.kms.katalon.core.appium.driver.SwipeableAndroidDriver.execute(SwipeableAndroidDriver.java:1)
	at org.openqa.selenium.remote.RemoteWebDriver.startSession(RemoteWebDriver.java:213)
	at org.openqa.selenium.remote.RemoteWebDriver.<init>(RemoteWebDriver.java:131)
	at io.appium.java_client.DefaultGenericMobileDriver.<init>(DefaultGenericMobileDriver.java:38)
	at io.appium.java_client.AppiumDriver.<init>(AppiumDriver.java:84)
	at io.appium.java_client.android.AndroidDriver.<init>(AndroidDriver.java:85)
	at com.kms.katalon.core.appium.driver.SwipeableAndroidDriver.<init>(SwipeableAndroidDriver.java:24)
	at com.kms.katalon.core.appium.driver.AppiumDriverManager.createMobileDriver(AppiumDriverManager.java:497)
	at com.kms.katalon.core.appium.driver.AppiumDriverManager.createMobileDriver(AppiumDriverManager.java:479)
	at com.kms.katalon.core.mobile.keyword.internal.MobileDriverFactory.startLocalMobileDriver(MobileDriverFactory.java:458)
	at com.kms.katalon.core.mobile.keyword.internal.MobileDriverFactory.startMobileDriver(MobileDriverFactory.java:372)
	at com.kms.katalon.core.mobile.keyword.builtin.StartApplicationKeyword$_startApplication_closure1.doCall(StartApplicationKeyword.groovy:49)
	at com.kms.katalon.core.mobile.keyword.builtin.StartApplicationKeyword$_startApplication_closure1.call(StartApplicationKeyword.groovy)
	at com.kms.katalon.core.mobile.keyword.internal.MobileKeywordMain.runKeyword(MobileKeywordMain.groovy:21)
	at com.kms.katalon.core.mobile.keyword.builtin.StartApplicationKeyword.startApplication(StartApplicationKeyword.groovy:51)
	at com.kms.katalon.core.mobile.keyword.builtin.StartApplicationKeyword.execute(StartApplicationKeyword.groovy:40)
	at com.kms.katalon.core.keyword.internal.KeywordExecutor.executeKeywordForPlatform(KeywordExecutor.groovy:72)
	at com.kms.katalon.core.mobile.keyword.MobileBuiltInKeywords.startApplication(MobileBuiltInKeywords.groovy:75)
	at com.kms.katalon.core.mobile.keyword.MobileBuiltInKeywords$startApplication.call(Unknown Source)
	at Script1592810895079.run(Script1592810895079.groovy:21)
	... 13 more
Caused by: org.openqa.selenium.WebDriverException: An unknown server-side error occurred while processing the command. Original error: Error executing adbExec. Original error: 'Command 'C:\\Users\\LENOVO\\.katalon\\tools\\android_sdk\\platform-tools\\adb.exe -P 5037 -s 11cb9864 shell pm install -r -g /data/local/tmp/appium_cache/b429377d0e5f877b92357c12f6388201a2d5021f.apk' exited with code 255'; Stderr: 'Exception occurred while executing:
android.os.ParcelableException: java.io.IOException: Requested internal only, but not enough space
	at android.util.ExceptionUtils.wrap(ExceptionUtils.java:34)
	at com.android.server.pm.PackageInstallerService.createSession(PackageInstallerService.java:419)
	at com.android.server.pm.PackageManagerShellCommand.doCreateSession(PackageManagerShellCommand.java:2418)
	at com.android.server.pm.PackageManagerShellCommand.runInstall(PackageManagerShellCommand.java:907)
	at com.android.server.pm.PackageManagerShellCommand.onCommand(PackageManagerShellCommand.java:158)
	at android.os.ShellCommand.exec(ShellCommand.java:103)
	at com.android.server.pm.PackageManagerService.onShellCommand(PackageManagerService.java:21933)
	at android.os.Binder.shellCommand(Binder.java:634)
	at android.os.Binder.onTransact(Binder.java:532)
	at android.content.pm.IPackageManager$Stub.onTransact(IPackageManager.java:2809)
	at com.android.server.pm.PackageManagerService.onTransact(PackageManagerService.java:4023)
	at android.os.Binder.execTransact(Binder.java:735)
Caused by: java.io.IOException: Requested internal only, but not enough space
	at com.android.internal.content.PackageHelper.resolveInstallVolume(PackageHelper.java:232)
	at com.android.internal.content.PackageHelper.resolveInstallVolume(PackageHelper.java:148)
	at com.android.internal.content.PackageHelper.resolveInstallVolume(PackageHelper.java:163)
	at com.android.server.pm.PackageInstallerService.createSessionInternal(PackageInstallerService.java:516)
	at com.android.server.pm.PackageInstallerService.createSession(PackageInstallerService.java:417)
	... 10 more'; Code: '255'
Build info: version: '3.141.59', revision: 'e82be7d358', time: '2018-11-14T08:25:53'
System info: host: 'DESKTOP-CP3TV4N', ip: '192.168.43.112', os.name: 'Windows 10', os.arch: 'amd64', os.version: '10.0', java.version: '1.8.0_181'
Driver info: driver.version: SwipeableAndroidDriver
remote stacktrace: UnknownError: An unknown server-side error occurred while processing the command. Original error: Error executing adbExec. Original error: 'Command 'C:\\Users\\LENOVO\\.katalon\\tools\\android_sdk\\platform-tools\\adb.exe -P 5037 -s 11cb9864 shell pm install -r -g /data/local/tmp/appium_cache/b429377d0e5f877b92357c12f6388201a2d5021f.apk' exited with code 255'; Stderr: 'Exception occurred while executing:
android.os.ParcelableException: java.io.IOException: Requested internal only, but not enough space
	at android.util.ExceptionUtils.wrap(ExceptionUtils.java:34)
	at com.android.server.pm.PackageInstallerService.createSession(PackageInstallerService.java:419)
	at com.android.server.pm.PackageManagerShellCommand.doCreateSession(PackageManagerShellCommand.java:2418)
	at com.android.server.pm.PackageManagerShellCommand.runInstall(PackageManagerShellCommand.java:907)
	at com.android.server.pm.PackageManagerShellCommand.onCommand(PackageManagerShellCommand.java:158)
	at android.os.ShellCommand.exec(ShellCommand.java:103)
	at com.android.server.pm.PackageManagerService.onShellCommand(PackageManagerService.java:21933)
	at android.os.Binder.shellCommand(Binder.java:634)
	at android.os.Binder.onTransact(Binder.java:532)
	at android.content.pm.IPackageManager$Stub.onTransact(IPackageManager.java:2809)
	at com.android.server.pm.PackageManagerService.onTransact(PackageManagerService.java:4023)
	at android.os.Binder.execTransact(Binder.java:735)
Caused by: java.io.IOException: Requested internal only, but not enough space
	at com.android.internal.content.PackageHelper.resolveInstallVolume(PackageHelper.java:232)
	at com.android.internal.content.PackageHelper.resolveInstallVolume(PackageHelper.java:148)
	at com.android.internal.content.PackageHelper.resolveInstallVolume(PackageHelper.java:163)
	at com.android.server.pm.PackageInstallerService.createSessionInternal(PackageInstallerService.java:516)
	at com.android.server.pm.PackageInstallerService.createSession(PackageInstallerService.java:417)
	... 10 more'; Code: '255'
    at getResponseForW3CError (C:\Users\LENOVO\AppData\Roaming\npm\node_modules\appium\node_modules\appium-base-driver\lib\protocol\errors.js:804:9)
    at asyncHandler (C:\Users\LENOVO\AppData\Roaming\npm\node_modules\appium\node_modules\appium-base-driver\lib\protocol\protocol.js:388:37)
	at org.openqa.selenium.remote.W3CHandshakeResponse.lambda$errorHandler$0(W3CHandshakeResponse.java:62)
	at org.openqa.selenium.remote.HandshakeResponse.lambda$getResponseFunction$0(HandshakeResponse.java:30)
	at org.openqa.selenium.remote.ProtocolHandshake.lambda$createSession$0(ProtocolHandshake.java:126)
	at org.openqa.selenium.remote.ProtocolHandshake.createSession(ProtocolHandshake.java:128)
	... 40 more
)

2020-08-07 17:44:29 - [MESSAGE][INFO] - User set preference: ['appWaitActivity', '*']

2020-08-07 17:44:29 - [MESSAGE][INFO] - User set preference: ['appWaitPackage', 'com.maybank2u.life.uat']

2020-08-07 17:44:29 - [MESSAGE][INFO] - User set preference: ['appWaitDuration', '50,000']

2020-08-07 17:44:29 - [MESSAGE][INFO] - User set preference: ['deviceId', '11cb9864']

2020-08-07 17:44:32 - [MESSAGE][INFO] - Appium server started on port 58,359

2020-08-07 17:44:47 - [MESSAGE][FAILED] - Unable to start app at: 'C:\Users\LENOVO\Katalon Studio\app-uat-universal-release.apk' (Root cause: org.openqa.selenium.SessionNotCreatedException: Unable to create a new remote session. Please check the server log for more details. Original error: An unknown server-side error occurred while processing the command. Original error: Error executing adbExec. Original error: 'Command 'C:\\Users\\LENOVO\\.katalon\\tools\\android_sdk\\platform-tools\\adb.exe -P 5037 -s 11cb9864 shell pm install -r -g /data/local/tmp/appium_cache/b429377d0e5f877b92357c12f6388201a2d5021f.apk' exited with code 255'; Stderr: 'Exception occurred while executing:
android.os.ParcelableException: java.io.IOException: Requested internal only, but not enough space
	at android.util.ExceptionUtils.wrap(ExceptionUtils.java:34)
	at com.android.server.pm.PackageInstallerService.createSession(PackageInstallerService.java:419)
	at com.android.server.pm.PackageManagerShellCommand.doCreateSession(PackageManagerShellCommand.java:2418)
	at com.android.server.pm.PackageManagerShellCommand.runInstall(PackageManagerShellCommand.java:907)
	at com.android.server.pm.PackageManagerShellCommand.onCommand(PackageManagerShellCommand.java:158)
	at android.os.ShellCommand.exec(ShellCommand.java:103)
	at com.android.server.pm.PackageManagerService.onShellCommand(PackageManagerService.java:21933)
	at android.os.Binder.shellCommand(Binder.java:634)
	at android.os.Binder.onTransact(Binder.java:532)
	at android.content.pm.IPackageManager$Stub.onTransact(IPackageManager.java:2809)
	at com.android.server.pm.PackageManagerService.onTransact(PackageManagerService.java:4023)
	at android.os.Binder.execTransact(Binder.java:735)
Caused by: java.io.IOException: Requested internal only, but not enough space
	at com.android.internal.content.PackageHelper.resolveInstallVolume(PackageHelper.java:232)
	at com.android.internal.content.PackageHelper.resolveInstallVolume(PackageHelper.java:148)
	at com.android.internal.content.PackageHelper.resolveInstallVolume(PackageHelper.java:163)
	at com.android.server.pm.PackageInstallerService.createSessionInternal(PackageInstallerService.java:516)
	at com.android.server.pm.PackageInstallerService.createSession(PackageInstallerService.java:417)
	... 10 more'; Code: '255'
Build info: version: '3.141.59', revision: 'e82be7d358', time: '2018-11-14T08:25:53'
System info: host: 'DESKTOP-CP3TV4N', ip: '192.168.43.112', os.name: 'Windows 10', os.arch: 'amd64', os.version: '10.0', java.version: '1.8.0_181'
Driver info: driver.version: SwipeableAndroidDriver
remote stacktrace: UnknownError: An unknown server-side error occurred while processing the command. Original error: Error executing adbExec. Original error: 'Command 'C:\\Users\\LENOVO\\.katalon\\tools\\android_sdk\\platform-tools\\adb.exe -P 5037 -s 11cb9864 shell pm install -r -g /data/local/tmp/appium_cache/b429377d0e5f877b92357c12f6388201a2d5021f.apk' exited with code 255'; Stderr: 'Exception occurred while executing:
android.os.ParcelableException: java.io.IOException: Requested internal only, but not enough space
	at android.util.ExceptionUtils.wrap(ExceptionUtils.java:34)
	at com.android.server.pm.PackageInstallerService.createSession(PackageInstallerService.java:419)
	at com.android.server.pm.PackageManagerShellCommand.doCreateSession(PackageManagerShellCommand.java:2418)
	at com.android.server.pm.PackageManagerShellCommand.runInstall(PackageManagerShellCommand.java:907)
	at com.android.server.pm.PackageManagerShellCommand.onCommand(PackageManagerShellCommand.java:158)
	at android.os.ShellCommand.exec(ShellCommand.java:103)
	at com.android.server.pm.PackageManagerService.onShellCommand(PackageManagerService.java:21933)
	at android.os.Binder.shellCommand(Binder.java:634)
	at android.os.Binder.onTransact(Binder.java:532)
	at android.content.pm.IPackageManager$Stub.onTransact(IPackageManager.java:2809)
	at com.android.server.pm.PackageManagerService.onTransact(PackageManagerService.java:4023)
	at android.os.Binder.execTransact(Binder.java:735)
Caused by: java.io.IOException: Requested internal only, but not enough space
	at com.android.internal.content.PackageHelper.resolveInstallVolume(PackageHelper.java:232)
	at com.android.internal.content.PackageHelper.resolveInstallVolume(PackageHelper.java:148)
	at com.android.internal.content.PackageHelper.resolveInstallVolume(PackageHelper.java:163)
	at com.android.server.pm.PackageInstallerService.createSessionInternal(PackageInstallerService.java:516)
	at com.android.server.pm.PackageInstallerService.createSession(PackageInstallerService.java:417)
	... 10 more'; Code: '255'
    at getResponseForW3CError (C:\Users\LENOVO\AppData\Roaming\npm\node_modules\appium\node_modules\appium-base-driver\lib\protocol\errors.js:804:9)
    at asyncHandler (C:\Users\LENOVO\AppData\Roaming\npm\node_modules\appium\node_modules\appium-base-driver\lib\protocol\protocol.js:388:37)
Build info: version: '3.141.59', revision: 'e82be7d358', time: '2018-11-14T08:25:53'
System info: host: 'DESKTOP-CP3TV4N', ip: '192.168.43.112', os.name: 'Windows 10', os.arch: 'amd64', os.version: '10.0', java.version: '1.8.0_181'
Driver info: driver.version: SwipeableAndroidDriver
	at io.appium.java_client.remote.AppiumCommandExecutor$1.createSession(AppiumCommandExecutor.java:208)
	at io.appium.java_client.remote.AppiumCommandExecutor.createSession(AppiumCommandExecutor.java:217)
	at io.appium.java_client.remote.AppiumCommandExecutor.execute(AppiumCommandExecutor.java:239)
	at org.openqa.selenium.remote.RemoteWebDriver.execute(RemoteWebDriver.java:552)
	at io.appium.java_client.DefaultGenericMobileDriver.execute(DefaultGenericMobileDriver.java:42)
	at io.appium.java_client.AppiumDriver.execute(AppiumDriver.java:1)
	at io.appium.java_client.android.AndroidDriver.execute(AndroidDriver.java:1)
	at com.kms.katalon.core.appium.driver.SwipeableAndroidDriver.execute(SwipeableAndroidDriver.java:1)
	at org.openqa.selenium.remote.RemoteWebDriver.startSession(RemoteWebDriver.java:213)
	at org.openqa.selenium.remote.RemoteWebDriver.<init>(RemoteWebDriver.java:131)
	at io.appium.java_client.DefaultGenericMobileDriver.<init>(DefaultGenericMobileDriver.java:38)
	at io.appium.java_client.AppiumDriver.<init>(AppiumDriver.java:84)
	at io.appium.java_client.android.AndroidDriver.<init>(AndroidDriver.java:85)
	at com.kms.katalon.core.appium.driver.SwipeableAndroidDriver.<init>(SwipeableAndroidDriver.java:24)
	at com.kms.katalon.core.appium.driver.AppiumDriverManager.createMobileDriver(AppiumDriverManager.java:497)
	at com.kms.katalon.core.appium.driver.AppiumDriverManager.createMobileDriver(AppiumDriverManager.java:479)
	at com.kms.katalon.core.mobile.keyword.internal.MobileDriverFactory.startLocalMobileDriver(MobileDriverFactory.java:458)
	at com.kms.katalon.core.mobile.keyword.internal.MobileDriverFactory.startMobileDriver(MobileDriverFactory.java:372)
	at com.kms.katalon.core.mobile.keyword.builtin.StartApplicationKeyword$_startApplication_closure1.doCall(StartApplicationKeyword.groovy:49)
	at com.kms.katalon.core.mobile.keyword.builtin.StartApplicationKeyword$_startApplication_closure1.call(StartApplicationKeyword.groovy)
	at com.kms.katalon.core.mobile.keyword.internal.MobileKeywordMain.runKeyword(MobileKeywordMain.groovy:21)
	at com.kms.katalon.core.mobile.keyword.builtin.StartApplicationKeyword.startApplication(StartApplicationKeyword.groovy:51)
	at com.kms.katalon.core.mobile.keyword.builtin.StartApplicationKeyword.execute(StartApplicationKeyword.groovy:40)
	at com.kms.katalon.core.keyword.internal.KeywordExecutor.executeKeywordForPlatform(KeywordExecutor.groovy:72)
	at com.kms.katalon.core.mobile.keyword.MobileBuiltInKeywords.startApplication(MobileBuiltInKeywords.groovy:75)
	at com.kms.katalon.core.mobile.keyword.MobileBuiltInKeywords$startApplication.call(Unknown Source)
	at Passport.run(Passport:21)
	at com.kms.katalon.core.main.ScriptEngine.run(ScriptEngine.java:194)
	at com.kms.katalon.core.main.ScriptEngine.runScriptAsRawText(ScriptEngine.java:119)
	at com.kms.katalon.core.main.TestCaseExecutor.runScript(TestCaseExecutor.java:337)
	at com.kms.katalon.core.main.TestCaseExecutor.doExecute(TestCaseExecutor.java:328)
	at com.kms.katalon.core.main.TestCaseExecutor.processExecutionPhase(TestCaseExecutor.java:307)
	at com.kms.katalon.core.main.TestCaseExecutor.accessMainPhase(TestCaseExecutor.java:299)
	at com.kms.katalon.core.main.TestCaseExecutor.execute(TestCaseExecutor.java:233)
	at com.kms.katalon.core.main.TestSuiteExecutor.accessTestCaseMainPhase(TestSuiteExecutor.java:169)
	at com.kms.katalon.core.main.TestSuiteExecutor.accessTestSuiteMainPhase(TestSuiteExecutor.java:142)
	at com.kms.katalon.core.main.TestSuiteExecutor.execute(TestSuiteExecutor.java:91)
	at com.kms.katalon.core.main.TestCaseMain.startTestSuite(TestCaseMain.java:157)
	at com.kms.katalon.core.main.TestCaseMain$startTestSuite$0.call(Unknown Source)
	at TempTestSuite1596793462502.run(TempTestSuite1596793462502.groovy:36)
Caused by: java.lang.reflect.InvocationTargetException
	at io.appium.java_client.remote.AppiumCommandExecutor$1.createSession(AppiumCommandExecutor.java:186)
	at io.appium.java_client.remote.AppiumCommandExecutor.createSession(AppiumCommandExecutor.java:217)
	at io.appium.java_client.remote.AppiumCommandExecutor.execute(AppiumCommandExecutor.java:239)
	at org.openqa.selenium.remote.RemoteWebDriver.execute(RemoteWebDriver.java:552)
	at io.appium.java_client.DefaultGenericMobileDriver.execute(DefaultGenericMobileDriver.java:42)
	at io.appium.java_client.AppiumDriver.execute(AppiumDriver.java:1)
	at io.appium.java_client.android.AndroidDriver.execute(AndroidDriver.java:1)
	at com.kms.katalon.core.appium.driver.SwipeableAndroidDriver.execute(SwipeableAndroidDriver.java:1)
	at org.openqa.selenium.remote.RemoteWebDriver.startSession(RemoteWebDriver.java:213)
	at org.openqa.selenium.remote.RemoteWebDriver.<init>(RemoteWebDriver.java:131)
	at io.appium.java_client.DefaultGenericMobileDriver.<init>(DefaultGenericMobileDriver.java:38)
	at io.appium.java_client.AppiumDriver.<init>(AppiumDriver.java:84)
	at io.appium.java_client.android.AndroidDriver.<init>(AndroidDriver.java:85)
	at com.kms.katalon.core.appium.driver.SwipeableAndroidDriver.<init>(SwipeableAndroidDriver.java:24)
	at com.kms.katalon.core.appium.driver.AppiumDriverManager.createMobileDriver(AppiumDriverManager.java:497)
	at com.kms.katalon.core.appium.driver.AppiumDriverManager.createMobileDriver(AppiumDriverManager.java:479)
	at com.kms.katalon.core.mobile.keyword.internal.MobileDriverFactory.startLocalMobileDriver(MobileDriverFactory.java:458)
	at com.kms.katalon.core.mobile.keyword.internal.MobileDriverFactory.startMobileDriver(MobileDriverFactory.java:372)
	at com.kms.katalon.core.mobile.keyword.builtin.StartApplicationKeyword$_startApplication_closure1.doCall(StartApplicationKeyword.groovy:49)
	at com.kms.katalon.core.mobile.keyword.builtin.StartApplicationKeyword$_startApplication_closure1.call(StartApplicationKeyword.groovy)
	at com.kms.katalon.core.mobile.keyword.internal.MobileKeywordMain.runKeyword(MobileKeywordMain.groovy:21)
	at com.kms.katalon.core.mobile.keyword.builtin.StartApplicationKeyword.startApplication(StartApplicationKeyword.groovy:51)
	at com.kms.katalon.core.mobile.keyword.builtin.StartApplicationKeyword.execute(StartApplicationKeyword.groovy:40)
	at com.kms.katalon.core.keyword.internal.KeywordExecutor.executeKeywordForPlatform(KeywordExecutor.groovy:72)
	at com.kms.katalon.core.mobile.keyword.MobileBuiltInKeywords.startApplication(MobileBuiltInKeywords.groovy:75)
	at com.kms.katalon.core.mobile.keyword.MobileBuiltInKeywords$startApplication.call(Unknown Source)
	at Script1592810895079.run(Script1592810895079.groovy:21)
	... 13 more
Caused by: org.openqa.selenium.WebDriverException: An unknown server-side error occurred while processing the command. Original error: Error executing adbExec. Original error: 'Command 'C:\\Users\\LENOVO\\.katalon\\tools\\android_sdk\\platform-tools\\adb.exe -P 5037 -s 11cb9864 shell pm install -r -g /data/local/tmp/appium_cache/b429377d0e5f877b92357c12f6388201a2d5021f.apk' exited with code 255'; Stderr: 'Exception occurred while executing:
android.os.ParcelableException: java.io.IOException: Requested internal only, but not enough space
	at android.util.ExceptionUtils.wrap(ExceptionUtils.java:34)
	at com.android.server.pm.PackageInstallerService.createSession(PackageInstallerService.java:419)
	at com.android.server.pm.PackageManagerShellCommand.doCreateSession(PackageManagerShellCommand.java:2418)
	at com.android.server.pm.PackageManagerShellCommand.runInstall(PackageManagerShellCommand.java:907)
	at com.android.server.pm.PackageManagerShellCommand.onCommand(PackageManagerShellCommand.java:158)
	at android.os.ShellCommand.exec(ShellCommand.java:103)
	at com.android.server.pm.PackageManagerService.onShellCommand(PackageManagerService.java:21933)
	at android.os.Binder.shellCommand(Binder.java:634)
	at android.os.Binder.onTransact(Binder.java:532)
	at android.content.pm.IPackageManager$Stub.onTransact(IPackageManager.java:2809)
	at com.android.server.pm.PackageManagerService.onTransact(PackageManagerService.java:4023)
	at android.os.Binder.execTransact(Binder.java:735)
Caused by: java.io.IOException: Requested internal only, but not enough space
	at com.android.internal.content.PackageHelper.resolveInstallVolume(PackageHelper.java:232)
	at com.android.internal.content.PackageHelper.resolveInstallVolume(PackageHelper.java:148)
	at com.android.internal.content.PackageHelper.resolveInstallVolume(PackageHelper.java:163)
	at com.android.server.pm.PackageInstallerService.createSessionInternal(PackageInstallerService.java:516)
	at com.android.server.pm.PackageInstallerService.createSession(PackageInstallerService.java:417)
	... 10 more'; Code: '255'
Build info: version: '3.141.59', revision: 'e82be7d358', time: '2018-11-14T08:25:53'
System info: host: 'DESKTOP-CP3TV4N', ip: '192.168.43.112', os.name: 'Windows 10', os.arch: 'amd64', os.version: '10.0', java.version: '1.8.0_181'
Driver info: driver.version: SwipeableAndroidDriver
remote stacktrace: UnknownError: An unknown server-side error occurred while processing the command. Original error: Error executing adbExec. Original error: 'Command 'C:\\Users\\LENOVO\\.katalon\\tools\\android_sdk\\platform-tools\\adb.exe -P 5037 -s 11cb9864 shell pm install -r -g /data/local/tmp/appium_cache/b429377d0e5f877b92357c12f6388201a2d5021f.apk' exited with code 255'; Stderr: 'Exception occurred while executing:
android.os.ParcelableException: java.io.IOException: Requested internal only, but not enough space
	at android.util.ExceptionUtils.wrap(ExceptionUtils.java:34)
	at com.android.server.pm.PackageInstallerService.createSession(PackageInstallerService.java:419)
	at com.android.server.pm.PackageManagerShellCommand.doCreateSession(PackageManagerShellCommand.java:2418)
	at com.android.server.pm.PackageManagerShellCommand.runInstall(PackageManagerShellCommand.java:907)
	at com.android.server.pm.PackageManagerShellCommand.onCommand(PackageManagerShellCommand.java:158)
	at android.os.ShellCommand.exec(ShellCommand.java:103)
	at com.android.server.pm.PackageManagerService.onShellCommand(PackageManagerService.java:21933)
	at android.os.Binder.shellCommand(Binder.java:634)
	at android.os.Binder.onTransact(Binder.java:532)
	at android.content.pm.IPackageManager$Stub.onTransact(IPackageManager.java:2809)
	at com.android.server.pm.PackageManagerService.onTransact(PackageManagerService.java:4023)
	at android.os.Binder.execTransact(Binder.java:735)
Caused by: java.io.IOException: Requested internal only, but not enough space
	at com.android.internal.content.PackageHelper.resolveInstallVolume(PackageHelper.java:232)
	at com.android.internal.content.PackageHelper.resolveInstallVolume(PackageHelper.java:148)
	at com.android.internal.content.PackageHelper.resolveInstallVolume(PackageHelper.java:163)
	at com.android.server.pm.PackageInstallerService.createSessionInternal(PackageInstallerService.java:516)
	at com.android.server.pm.PackageInstallerService.createSession(PackageInstallerService.java:417)
	... 10 more'; Code: '255'
    at getResponseForW3CError (C:\Users\LENOVO\AppData\Roaming\npm\node_modules\appium\node_modules\appium-base-driver\lib\protocol\errors.js:804:9)
    at asyncHandler (C:\Users\LENOVO\AppData\Roaming\npm\node_modules\appium\node_modules\appium-base-driver\lib\protocol\protocol.js:388:37)
	at org.openqa.selenium.remote.W3CHandshakeResponse.lambda$errorHandler$0(W3CHandshakeResponse.java:62)
	at org.openqa.selenium.remote.HandshakeResponse.lambda$getResponseFunction$0(HandshakeResponse.java:30)
	at org.openqa.selenium.remote.ProtocolHandshake.lambda$createSession$0(ProtocolHandshake.java:126)
	at org.openqa.selenium.remote.ProtocolHandshake.createSession(ProtocolHandshake.java:128)
	... 40 more
)

2020-08-07 17:44:47 - [TEST_STEP][PASSED] - delay(5, STOP_ON_FAILURE): Delayed 5 second(s)

2020-08-07 17:44:52 - [MESSAGE][PASSED] - Delayed 5 second(s)

2020-08-07 17:44:52 - [TEST_STEP][PASSED] - tap(findTestObject("Maya/login again/android.widget.TextView0 - Next"), 0): Timeout '0' is invalid. Using default page load timeout: '10'

2020-08-07 17:44:52 - [MESSAGE][WARNING] - Timeout '0' is invalid. Using default page load timeout: '10']]></system-out>
         <system-err><![CDATA[2020-08-07 17:44:27 - [TEST_CASE][FAILED] - Test Cases/JINU/DuiTNow Drop 2/Passport: Test Cases/JINU/DuiTNow Drop 2/Passport FAILED.
Reason:
com.kms.katalon.core.exception.StepFailedException: Unable to start app at: 'C:\Users\LENOVO\Katalon Studio\app-uat-universal-release.apk' (Root cause: org.openqa.selenium.SessionNotCreatedException: Unable to create a new remote session. Please check the server log for more details. Original error: An unknown server-side error occurred while processing the command. Original error: Error executing adbExec. Original error: 'Command 'C:\\Users\\LENOVO\\.katalon\\tools\\android_sdk\\platform-tools\\adb.exe -P 5037 -s 11cb9864 shell pm install -r -g /data/local/tmp/appium_cache/b429377d0e5f877b92357c12f6388201a2d5021f.apk' exited with code 255'; Stderr: 'Exception occurred while executing:
android.os.ParcelableException: java.io.IOException: Requested internal only, but not enough space
	at android.util.ExceptionUtils.wrap(ExceptionUtils.java:34)
	at com.android.server.pm.PackageInstallerService.createSession(PackageInstallerService.java:419)
	at com.android.server.pm.PackageManagerShellCommand.doCreateSession(PackageManagerShellCommand.java:2418)
	at com.android.server.pm.PackageManagerShellCommand.runInstall(PackageManagerShellCommand.java:907)
	at com.android.server.pm.PackageManagerShellCommand.onCommand(PackageManagerShellCommand.java:158)
	at android.os.ShellCommand.exec(ShellCommand.java:103)
	at com.android.server.pm.PackageManagerService.onShellCommand(PackageManagerService.java:21933)
	at android.os.Binder.shellCommand(Binder.java:634)
	at android.os.Binder.onTransact(Binder.java:532)
	at android.content.pm.IPackageManager$Stub.onTransact(IPackageManager.java:2809)
	at com.android.server.pm.PackageManagerService.onTransact(PackageManagerService.java:4023)
	at android.os.Binder.execTransact(Binder.java:735)
Caused by: java.io.IOException: Requested internal only, but not enough space
	at com.android.internal.content.PackageHelper.resolveInstallVolume(PackageHelper.java:232)
	at com.android.internal.content.PackageHelper.resolveInstallVolume(PackageHelper.java:148)
	at com.android.internal.content.PackageHelper.resolveInstallVolume(PackageHelper.java:163)
	at com.android.server.pm.PackageInstallerService.createSessionInternal(PackageInstallerService.java:516)
	at com.android.server.pm.PackageInstallerService.createSession(PackageInstallerService.java:417)
	... 10 more'; Code: '255'
Build info: version: '3.141.59', revision: 'e82be7d358', time: '2018-11-14T08:25:53'
System info: host: 'DESKTOP-CP3TV4N', ip: '192.168.43.112', os.name: 'Windows 10', os.arch: 'amd64', os.version: '10.0', java.version: '1.8.0_181'
Driver info: driver.version: SwipeableAndroidDriver
remote stacktrace: UnknownError: An unknown server-side error occurred while processing the command. Original error: Error executing adbExec. Original error: 'Command 'C:\\Users\\LENOVO\\.katalon\\tools\\android_sdk\\platform-tools\\adb.exe -P 5037 -s 11cb9864 shell pm install -r -g /data/local/tmp/appium_cache/b429377d0e5f877b92357c12f6388201a2d5021f.apk' exited with code 255'; Stderr: 'Exception occurred while executing:
android.os.ParcelableException: java.io.IOException: Requested internal only, but not enough space
	at android.util.ExceptionUtils.wrap(ExceptionUtils.java:34)
	at com.android.server.pm.PackageInstallerService.createSession(PackageInstallerService.java:419)
	at com.android.server.pm.PackageManagerShellCommand.doCreateSession(PackageManagerShellCommand.java:2418)
	at com.android.server.pm.PackageManagerShellCommand.runInstall(PackageManagerShellCommand.java:907)
	at com.android.server.pm.PackageManagerShellCommand.onCommand(PackageManagerShellCommand.java:158)
	at android.os.ShellCommand.exec(ShellCommand.java:103)
	at com.android.server.pm.PackageManagerService.onShellCommand(PackageManagerService.java:21933)
	at android.os.Binder.shellCommand(Binder.java:634)
	at android.os.Binder.onTransact(Binder.java:532)
	at android.content.pm.IPackageManager$Stub.onTransact(IPackageManager.java:2809)
	at com.android.server.pm.PackageManagerService.onTransact(PackageManagerService.java:4023)
	at android.os.Binder.execTransact(Binder.java:735)
Caused by: java.io.IOException: Requested internal only, but not enough space
	at com.android.internal.content.PackageHelper.resolveInstallVolume(PackageHelper.java:232)
	at com.android.internal.content.PackageHelper.resolveInstallVolume(PackageHelper.java:148)
	at com.android.internal.content.PackageHelper.resolveInstallVolume(PackageHelper.java:163)
	at com.android.server.pm.PackageInstallerService.createSessionInternal(PackageInstallerService.java:516)
	at com.android.server.pm.PackageInstallerService.createSession(PackageInstallerService.java:417)
	... 10 more'; Code: '255'
    at getResponseForW3CError (C:\Users\LENOVO\AppData\Roaming\npm\node_modules\appium\node_modules\appium-base-driver\lib\protocol\errors.js:804:9)
    at asyncHandler (C:\Users\LENOVO\AppData\Roaming\npm\node_modules\appium\node_modules\appium-base-driver\lib\protocol\protocol.js:388:37)
Build info: version: '3.141.59', revision: 'e82be7d358', time: '2018-11-14T08:25:53'
System info: host: 'DESKTOP-CP3TV4N', ip: '192.168.43.112', os.name: 'Windows 10', os.arch: 'amd64', os.version: '10.0', java.version: '1.8.0_181'
Driver info: driver.version: SwipeableAndroidDriver
	at io.appium.java_client.remote.AppiumCommandExecutor$1.createSession(AppiumCommandExecutor.java:208)
	at io.appium.java_client.remote.AppiumCommandExecutor.createSession(AppiumCommandExecutor.java:217)
	at io.appium.java_client.remote.AppiumCommandExecutor.execute(AppiumCommandExecutor.java:239)
	at org.openqa.selenium.remote.RemoteWebDriver.execute(RemoteWebDriver.java:552)
	at io.appium.java_client.DefaultGenericMobileDriver.execute(DefaultGenericMobileDriver.java:42)
	at io.appium.java_client.AppiumDriver.execute(AppiumDriver.java:1)
	at io.appium.java_client.android.AndroidDriver.execute(AndroidDriver.java:1)
	at com.kms.katalon.core.appium.driver.SwipeableAndroidDriver.execute(SwipeableAndroidDriver.java:1)
	at org.openqa.selenium.remote.RemoteWebDriver.startSession(RemoteWebDriver.java:213)
	at org.openqa.selenium.remote.RemoteWebDriver.<init>(RemoteWebDriver.java:131)
	at io.appium.java_client.DefaultGenericMobileDriver.<init>(DefaultGenericMobileDriver.java:38)
	at io.appium.java_client.AppiumDriver.<init>(AppiumDriver.java:84)
	at io.appium.java_client.android.AndroidDriver.<init>(AndroidDriver.java:85)
	at com.kms.katalon.core.appium.driver.SwipeableAndroidDriver.<init>(SwipeableAndroidDriver.java:24)
	at com.kms.katalon.core.appium.driver.AppiumDriverManager.createMobileDriver(AppiumDriverManager.java:497)
	at com.kms.katalon.core.appium.driver.AppiumDriverManager.createMobileDriver(AppiumDriverManager.java:479)
	at com.kms.katalon.core.mobile.keyword.internal.MobileDriverFactory.startLocalMobileDriver(MobileDriverFactory.java:458)
	at com.kms.katalon.core.mobile.keyword.internal.MobileDriverFactory.startMobileDriver(MobileDriverFactory.java:372)
	at com.kms.katalon.core.mobile.keyword.builtin.StartApplicationKeyword$_startApplication_closure1.doCall(StartApplicationKeyword.groovy:49)
	at com.kms.katalon.core.mobile.keyword.builtin.StartApplicationKeyword$_startApplication_closure1.call(StartApplicationKeyword.groovy)
	at com.kms.katalon.core.mobile.keyword.internal.MobileKeywordMain.runKeyword(MobileKeywordMain.groovy:21)
	at com.kms.katalon.core.mobile.keyword.builtin.StartApplicationKeyword.startApplication(StartApplicationKeyword.groovy:51)
	at com.kms.katalon.core.mobile.keyword.builtin.StartApplicationKeyword.execute(StartApplicationKeyword.groovy:40)
	at com.kms.katalon.core.keyword.internal.KeywordExecutor.executeKeywordForPlatform(KeywordExecutor.groovy:72)
	at com.kms.katalon.core.mobile.keyword.MobileBuiltInKeywords.startApplication(MobileBuiltInKeywords.groovy:75)
	at com.kms.katalon.core.mobile.keyword.MobileBuiltInKeywords$startApplication.call(Unknown Source)
	at Passport.run(Passport:21)
	at com.kms.katalon.core.main.ScriptEngine.run(ScriptEngine.java:194)
	at com.kms.katalon.core.main.ScriptEngine.runScriptAsRawText(ScriptEngine.java:119)
	at com.kms.katalon.core.main.TestCaseExecutor.runScript(TestCaseExecutor.java:337)
	at com.kms.katalon.core.main.TestCaseExecutor.doExecute(TestCaseExecutor.java:328)
	at com.kms.katalon.core.main.TestCaseExecutor.processExecutionPhase(TestCaseExecutor.java:307)
	at com.kms.katalon.core.main.TestCaseExecutor.accessMainPhase(TestCaseExecutor.java:299)
	at com.kms.katalon.core.main.TestCaseExecutor.execute(TestCaseExecutor.java:233)
	at com.kms.katalon.core.main.TestSuiteExecutor.accessTestCaseMainPhase(TestSuiteExecutor.java:169)
	at com.kms.katalon.core.main.TestSuiteExecutor.accessTestSuiteMainPhase(TestSuiteExecutor.java:142)
	at com.kms.katalon.core.main.TestSuiteExecutor.execute(TestSuiteExecutor.java:91)
	at com.kms.katalon.core.main.TestCaseMain.startTestSuite(TestCaseMain.java:157)
	at com.kms.katalon.core.main.TestCaseMain$startTestSuite$0.call(Unknown Source)
	at TempTestSuite1596793462502.run(TempTestSuite1596793462502.groovy:36)
Caused by: java.lang.reflect.InvocationTargetException
	at io.appium.java_client.remote.AppiumCommandExecutor$1.createSession(AppiumCommandExecutor.java:186)
	at io.appium.java_client.remote.AppiumCommandExecutor.createSession(AppiumCommandExecutor.java:217)
	at io.appium.java_client.remote.AppiumCommandExecutor.execute(AppiumCommandExecutor.java:239)
	at org.openqa.selenium.remote.RemoteWebDriver.execute(RemoteWebDriver.java:552)
	at io.appium.java_client.DefaultGenericMobileDriver.execute(DefaultGenericMobileDriver.java:42)
	at io.appium.java_client.AppiumDriver.execute(AppiumDriver.java:1)
	at io.appium.java_client.android.AndroidDriver.execute(AndroidDriver.java:1)
	at com.kms.katalon.core.appium.driver.SwipeableAndroidDriver.execute(SwipeableAndroidDriver.java:1)
	at org.openqa.selenium.remote.RemoteWebDriver.startSession(RemoteWebDriver.java:213)
	at org.openqa.selenium.remote.RemoteWebDriver.<init>(RemoteWebDriver.java:131)
	at io.appium.java_client.DefaultGenericMobileDriver.<init>(DefaultGenericMobileDriver.java:38)
	at io.appium.java_client.AppiumDriver.<init>(AppiumDriver.java:84)
	at io.appium.java_client.android.AndroidDriver.<init>(AndroidDriver.java:85)
	at com.kms.katalon.core.appium.driver.SwipeableAndroidDriver.<init>(SwipeableAndroidDriver.java:24)
	at com.kms.katalon.core.appium.driver.AppiumDriverManager.createMobileDriver(AppiumDriverManager.java:497)
	at com.kms.katalon.core.appium.driver.AppiumDriverManager.createMobileDriver(AppiumDriverManager.java:479)
	at com.kms.katalon.core.mobile.keyword.internal.MobileDriverFactory.startLocalMobileDriver(MobileDriverFactory.java:458)
	at com.kms.katalon.core.mobile.keyword.internal.MobileDriverFactory.startMobileDriver(MobileDriverFactory.java:372)
	at com.kms.katalon.core.mobile.keyword.builtin.StartApplicationKeyword$_startApplication_closure1.doCall(StartApplicationKeyword.groovy:49)
	at com.kms.katalon.core.mobile.keyword.builtin.StartApplicationKeyword$_startApplication_closure1.call(StartApplicationKeyword.groovy)
	at com.kms.katalon.core.mobile.keyword.internal.MobileKeywordMain.runKeyword(MobileKeywordMain.groovy:21)
	at com.kms.katalon.core.mobile.keyword.builtin.StartApplicationKeyword.startApplication(StartApplicationKeyword.groovy:51)
	at com.kms.katalon.core.mobile.keyword.builtin.StartApplicationKeyword.execute(StartApplicationKeyword.groovy:40)
	at com.kms.katalon.core.keyword.internal.KeywordExecutor.executeKeywordForPlatform(KeywordExecutor.groovy:72)
	at com.kms.katalon.core.mobile.keyword.MobileBuiltInKeywords.startApplication(MobileBuiltInKeywords.groovy:75)
	at com.kms.katalon.core.mobile.keyword.MobileBuiltInKeywords$startApplication.call(Unknown Source)
	at Script1592810895079.run(Script1592810895079.groovy:21)
	... 13 more
Caused by: org.openqa.selenium.WebDriverException: An unknown server-side error occurred while processing the command. Original error: Error executing adbExec. Original error: 'Command 'C:\\Users\\LENOVO\\.katalon\\tools\\android_sdk\\platform-tools\\adb.exe -P 5037 -s 11cb9864 shell pm install -r -g /data/local/tmp/appium_cache/b429377d0e5f877b92357c12f6388201a2d5021f.apk' exited with code 255'; Stderr: 'Exception occurred while executing:
android.os.ParcelableException: java.io.IOException: Requested internal only, but not enough space
	at android.util.ExceptionUtils.wrap(ExceptionUtils.java:34)
	at com.android.server.pm.PackageInstallerService.createSession(PackageInstallerService.java:419)
	at com.android.server.pm.PackageManagerShellCommand.doCreateSession(PackageManagerShellCommand.java:2418)
	at com.android.server.pm.PackageManagerShellCommand.runInstall(PackageManagerShellCommand.java:907)
	at com.android.server.pm.PackageManagerShellCommand.onCommand(PackageManagerShellCommand.java:158)
	at android.os.ShellCommand.exec(ShellCommand.java:103)
	at com.android.server.pm.PackageManagerService.onShellCommand(PackageManagerService.java:21933)
	at android.os.Binder.shellCommand(Binder.java:634)
	at android.os.Binder.onTransact(Binder.java:532)
	at android.content.pm.IPackageManager$Stub.onTransact(IPackageManager.java:2809)
	at com.android.server.pm.PackageManagerService.onTransact(PackageManagerService.java:4023)
	at android.os.Binder.execTransact(Binder.java:735)
Caused by: java.io.IOException: Requested internal only, but not enough space
	at com.android.internal.content.PackageHelper.resolveInstallVolume(PackageHelper.java:232)
	at com.android.internal.content.PackageHelper.resolveInstallVolume(PackageHelper.java:148)
	at com.android.internal.content.PackageHelper.resolveInstallVolume(PackageHelper.java:163)
	at com.android.server.pm.PackageInstallerService.createSessionInternal(PackageInstallerService.java:516)
	at com.android.server.pm.PackageInstallerService.createSession(PackageInstallerService.java:417)
	... 10 more'; Code: '255'
Build info: version: '3.141.59', revision: 'e82be7d358', time: '2018-11-14T08:25:53'
System info: host: 'DESKTOP-CP3TV4N', ip: '192.168.43.112', os.name: 'Windows 10', os.arch: 'amd64', os.version: '10.0', java.version: '1.8.0_181'
Driver info: driver.version: SwipeableAndroidDriver
remote stacktrace: UnknownError: An unknown server-side error occurred while processing the command. Original error: Error executing adbExec. Original error: 'Command 'C:\\Users\\LENOVO\\.katalon\\tools\\android_sdk\\platform-tools\\adb.exe -P 5037 -s 11cb9864 shell pm install -r -g /data/local/tmp/appium_cache/b429377d0e5f877b92357c12f6388201a2d5021f.apk' exited with code 255'; Stderr: 'Exception occurred while executing:
android.os.ParcelableException: java.io.IOException: Requested internal only, but not enough space
	at android.util.ExceptionUtils.wrap(ExceptionUtils.java:34)
	at com.android.server.pm.PackageInstallerService.createSession(PackageInstallerService.java:419)
	at com.android.server.pm.PackageManagerShellCommand.doCreateSession(PackageManagerShellCommand.java:2418)
	at com.android.server.pm.PackageManagerShellCommand.runInstall(PackageManagerShellCommand.java:907)
	at com.android.server.pm.PackageManagerShellCommand.onCommand(PackageManagerShellCommand.java:158)
	at android.os.ShellCommand.exec(ShellCommand.java:103)
	at com.android.server.pm.PackageManagerService.onShellCommand(PackageManagerService.java:21933)
	at android.os.Binder.shellCommand(Binder.java:634)
	at android.os.Binder.onTransact(Binder.java:532)
	at android.content.pm.IPackageManager$Stub.onTransact(IPackageManager.java:2809)
	at com.android.server.pm.PackageManagerService.onTransact(PackageManagerService.java:4023)
	at android.os.Binder.execTransact(Binder.java:735)
Caused by: java.io.IOException: Requested internal only, but not enough space
	at com.android.internal.content.PackageHelper.resolveInstallVolume(PackageHelper.java:232)
	at com.android.internal.content.PackageHelper.resolveInstallVolume(PackageHelper.java:148)
	at com.android.internal.content.PackageHelper.resolveInstallVolume(PackageHelper.java:163)
	at com.android.server.pm.PackageInstallerService.createSessionInternal(PackageInstallerService.java:516)
	at com.android.server.pm.PackageInstallerService.createSession(PackageInstallerService.java:417)
	... 10 more'; Code: '255'
    at getResponseForW3CError (C:\Users\LENOVO\AppData\Roaming\npm\node_modules\appium\node_modules\appium-base-driver\lib\protocol\errors.js:804:9)
    at asyncHandler (C:\Users\LENOVO\AppData\Roaming\npm\node_modules\appium\node_modules\appium-base-driver\lib\protocol\protocol.js:388:37)
	at org.openqa.selenium.remote.W3CHandshakeResponse.lambda$errorHandler$0(W3CHandshakeResponse.java:62)
	at org.openqa.selenium.remote.HandshakeResponse.lambda$getResponseFunction$0(HandshakeResponse.java:30)
	at org.openqa.selenium.remote.ProtocolHandshake.lambda$createSession$0(ProtocolHandshake.java:126)
	at org.openqa.selenium.remote.ProtocolHandshake.createSession(ProtocolHandshake.java:128)
	... 40 more
)
	at com.kms.katalon.core.keyword.internal.KeywordMain.stepFailed(KeywordMain.groovy:39)
	at com.kms.katalon.core.mobile.keyword.internal.MobileKeywordMain.stepFailed(MobileKeywordMain.groovy:40)
	at com.kms.katalon.core.mobile.keyword.internal.MobileKeywordMain.runKeyword(MobileKeywordMain.groovy:23)
	at com.kms.katalon.core.mobile.keyword.builtin.StartApplicationKeyword.startApplication(StartApplicationKeyword.groovy:51)
	at com.kms.katalon.core.mobile.keyword.builtin.StartApplicationKeyword.execute(StartApplicationKeyword.groovy:40)
	at com.kms.katalon.core.keyword.internal.KeywordExecutor.executeKeywordForPlatform(KeywordExecutor.groovy:72)
	at com.kms.katalon.core.mobile.keyword.MobileBuiltInKeywords.startApplication(MobileBuiltInKeywords.groovy:75)
	at com.kms.katalon.core.mobile.keyword.MobileBuiltInKeywords$startApplication.call(Unknown Source)
	at Passport.run(Passport:21)
	at com.kms.katalon.core.main.ScriptEngine.run(ScriptEngine.java:194)
	at com.kms.katalon.core.main.ScriptEngine.runScriptAsRawText(ScriptEngine.java:119)
	at com.kms.katalon.core.main.TestCaseExecutor.runScript(TestCaseExecutor.java:337)
	at com.kms.katalon.core.main.TestCaseExecutor.doExecute(TestCaseExecutor.java:328)
	at com.kms.katalon.core.main.TestCaseExecutor.processExecutionPhase(TestCaseExecutor.java:307)
	at com.kms.katalon.core.main.TestCaseExecutor.accessMainPhase(TestCaseExecutor.java:299)
	at com.kms.katalon.core.main.TestCaseExecutor.execute(TestCaseExecutor.java:233)
	at com.kms.katalon.core.main.TestSuiteExecutor.accessTestCaseMainPhase(TestSuiteExecutor.java:169)
	at com.kms.katalon.core.main.TestSuiteExecutor.accessTestSuiteMainPhase(TestSuiteExecutor.java:142)
	at com.kms.katalon.core.main.TestSuiteExecutor.execute(TestSuiteExecutor.java:91)
	at com.kms.katalon.core.main.TestCaseMain.startTestSuite(TestCaseMain.java:157)
	at com.kms.katalon.core.main.TestCaseMain$startTestSuite$0.call(Unknown Source)
	at TempTestSuite1596793462502.run(TempTestSuite1596793462502.groovy:36)
Caused by: org.openqa.selenium.SessionNotCreatedException: Unable to create a new remote session. Please check the server log for more details. Original error: An unknown server-side error occurred while processing the command. Original error: Error executing adbExec. Original error: 'Command 'C:\\Users\\LENOVO\\.katalon\\tools\\android_sdk\\platform-tools\\adb.exe -P 5037 -s 11cb9864 shell pm install -r -g /data/local/tmp/appium_cache/b429377d0e5f877b92357c12f6388201a2d5021f.apk' exited with code 255'; Stderr: 'Exception occurred while executing:
android.os.ParcelableException: java.io.IOException: Requested internal only, but not enough space
	at android.util.ExceptionUtils.wrap(ExceptionUtils.java:34)
	at com.android.server.pm.PackageInstallerService.createSession(PackageInstallerService.java:419)
	at com.android.server.pm.PackageManagerShellCommand.doCreateSession(PackageManagerShellCommand.java:2418)
	at com.android.server.pm.PackageManagerShellCommand.runInstall(PackageManagerShellCommand.java:907)
	at com.android.server.pm.PackageManagerShellCommand.onCommand(PackageManagerShellCommand.java:158)
	at android.os.ShellCommand.exec(ShellCommand.java:103)
	at com.android.server.pm.PackageManagerService.onShellCommand(PackageManagerService.java:21933)
	at android.os.Binder.shellCommand(Binder.java:634)
	at android.os.Binder.onTransact(Binder.java:532)
	at android.content.pm.IPackageManager$Stub.onTransact(IPackageManager.java:2809)
	at com.android.server.pm.PackageManagerService.onTransact(PackageManagerService.java:4023)
	at android.os.Binder.execTransact(Binder.java:735)
Caused by: java.io.IOException: Requested internal only, but not enough space
	at com.android.internal.content.PackageHelper.resolveInstallVolume(PackageHelper.java:232)
	at com.android.internal.content.PackageHelper.resolveInstallVolume(PackageHelper.java:148)
	at com.android.internal.content.PackageHelper.resolveInstallVolume(PackageHelper.java:163)
	at com.android.server.pm.PackageInstallerService.createSessionInternal(PackageInstallerService.java:516)
	at com.android.server.pm.PackageInstallerService.createSession(PackageInstallerService.java:417)
	... 10 more'; Code: '255'
Build info: version: '3.141.59', revision: 'e82be7d358', time: '2018-11-14T08:25:53'
System info: host: 'DESKTOP-CP3TV4N', ip: '192.168.43.112', os.name: 'Windows 10', os.arch: 'amd64', os.version: '10.0', java.version: '1.8.0_181'
Driver info: driver.version: SwipeableAndroidDriver
remote stacktrace: UnknownError: An unknown server-side error occurred while processing the command. Original error: Error executing adbExec. Original error: 'Command 'C:\\Users\\LENOVO\\.katalon\\tools\\android_sdk\\platform-tools\\adb.exe -P 5037 -s 11cb9864 shell pm install -r -g /data/local/tmp/appium_cache/b429377d0e5f877b92357c12f6388201a2d5021f.apk' exited with code 255'; Stderr: 'Exception occurred while executing:
android.os.ParcelableException: java.io.IOException: Requested internal only, but not enough space
	at android.util.ExceptionUtils.wrap(ExceptionUtils.java:34)
	at com.android.server.pm.PackageInstallerService.createSession(PackageInstallerService.java:419)
	at com.android.server.pm.PackageManagerShellCommand.doCreateSession(PackageManagerShellCommand.java:2418)
	at com.android.server.pm.PackageManagerShellCommand.runInstall(PackageManagerShellCommand.java:907)
	at com.android.server.pm.PackageManagerShellCommand.onCommand(PackageManagerShellCommand.java:158)
	at android.os.ShellCommand.exec(ShellCommand.java:103)
	at com.android.server.pm.PackageManagerService.onShellCommand(PackageManagerService.java:21933)
	at android.os.Binder.shellCommand(Binder.java:634)
	at android.os.Binder.onTransact(Binder.java:532)
	at android.content.pm.IPackageManager$Stub.onTransact(IPackageManager.java:2809)
	at com.android.server.pm.PackageManagerService.onTransact(PackageManagerService.java:4023)
	at android.os.Binder.execTransact(Binder.java:735)
Caused by: java.io.IOException: Requested internal only, but not enough space
	at com.android.internal.content.PackageHelper.resolveInstallVolume(PackageHelper.java:232)
	at com.android.internal.content.PackageHelper.resolveInstallVolume(PackageHelper.java:148)
	at com.android.internal.content.PackageHelper.resolveInstallVolume(PackageHelper.java:163)
	at com.android.server.pm.PackageInstallerService.createSessionInternal(PackageInstallerService.java:516)
	at com.android.server.pm.PackageInstallerService.createSession(PackageInstallerService.java:417)
	... 10 more'; Code: '255'
    at getResponseForW3CError (C:\Users\LENOVO\AppData\Roaming\npm\node_modules\appium\node_modules\appium-base-driver\lib\protocol\errors.js:804:9)
    at asyncHandler (C:\Users\LENOVO\AppData\Roaming\npm\node_modules\appium\node_modules\appium-base-driver\lib\protocol\protocol.js:388:37)
Build info: version: '3.141.59', revision: 'e82be7d358', time: '2018-11-14T08:25:53'
System info: host: 'DESKTOP-CP3TV4N', ip: '192.168.43.112', os.name: 'Windows 10', os.arch: 'amd64', os.version: '10.0', java.version: '1.8.0_181'
Driver info: driver.version: SwipeableAndroidDriver
	at io.appium.java_client.remote.AppiumCommandExecutor$1.createSession(AppiumCommandExecutor.java:208)
	at io.appium.java_client.remote.AppiumCommandExecutor.createSession(AppiumCommandExecutor.java:217)
	at io.appium.java_client.remote.AppiumCommandExecutor.execute(AppiumCommandExecutor.java:239)
	at org.openqa.selenium.remote.RemoteWebDriver.execute(RemoteWebDriver.java:552)
	at io.appium.java_client.DefaultGenericMobileDriver.execute(DefaultGenericMobileDriver.java:42)
	at io.appium.java_client.AppiumDriver.execute(AppiumDriver.java:1)
	at io.appium.java_client.android.AndroidDriver.execute(AndroidDriver.java:1)
	at com.kms.katalon.core.appium.driver.SwipeableAndroidDriver.execute(SwipeableAndroidDriver.java:1)
	at org.openqa.selenium.remote.RemoteWebDriver.startSession(RemoteWebDriver.java:213)
	at org.openqa.selenium.remote.RemoteWebDriver.<init>(RemoteWebDriver.java:131)
	at io.appium.java_client.DefaultGenericMobileDriver.<init>(DefaultGenericMobileDriver.java:38)
	at io.appium.java_client.AppiumDriver.<init>(AppiumDriver.java:84)
	at io.appium.java_client.android.AndroidDriver.<init>(AndroidDriver.java:85)
	at com.kms.katalon.core.appium.driver.SwipeableAndroidDriver.<init>(SwipeableAndroidDriver.java:24)
	at com.kms.katalon.core.appium.driver.AppiumDriverManager.createMobileDriver(AppiumDriverManager.java:497)
	at com.kms.katalon.core.appium.driver.AppiumDriverManager.createMobileDriver(AppiumDriverManager.java:479)
	at com.kms.katalon.core.mobile.keyword.internal.MobileDriverFactory.startLocalMobileDriver(MobileDriverFactory.java:458)
	at com.kms.katalon.core.mobile.keyword.internal.MobileDriverFactory.startMobileDriver(MobileDriverFactory.java:372)
	at com.kms.katalon.core.mobile.keyword.builtin.StartApplicationKeyword$_startApplication_closure1.doCall(StartApplicationKeyword.groovy:49)
	at com.kms.katalon.core.mobile.keyword.builtin.StartApplicationKeyword$_startApplication_closure1.call(StartApplicationKeyword.groovy)
	at com.kms.katalon.core.mobile.keyword.internal.MobileKeywordMain.runKeyword(MobileKeywordMain.groovy:21)
	... 19 more
Caused by: java.lang.reflect.InvocationTargetException
	at io.appium.java_client.remote.AppiumCommandExecutor$1.createSession(AppiumCommandExecutor.java:186)
	at io.appium.java_client.remote.AppiumCommandExecutor.createSession(AppiumCommandExecutor.java:217)
	at io.appium.java_client.remote.AppiumCommandExecutor.execute(AppiumCommandExecutor.java:239)
	at org.openqa.selenium.remote.RemoteWebDriver.execute(RemoteWebDriver.java:552)
	at io.appium.java_client.DefaultGenericMobileDriver.execute(DefaultGenericMobileDriver.java:42)
	at io.appium.java_client.AppiumDriver.execute(AppiumDriver.java:1)
	at io.appium.java_client.android.AndroidDriver.execute(AndroidDriver.java:1)
	at com.kms.katalon.core.appium.driver.SwipeableAndroidDriver.execute(SwipeableAndroidDriver.java:1)
	at org.openqa.selenium.remote.RemoteWebDriver.startSession(RemoteWebDriver.java:213)
	at org.openqa.selenium.remote.RemoteWebDriver.<init>(RemoteWebDriver.java:131)
	at io.appium.java_client.DefaultGenericMobileDriver.<init>(DefaultGenericMobileDriver.java:38)
	at io.appium.java_client.AppiumDriver.<init>(AppiumDriver.java:84)
	at io.appium.java_client.android.AndroidDriver.<init>(AndroidDriver.java:85)
	at com.kms.katalon.core.appium.driver.SwipeableAndroidDriver.<init>(SwipeableAndroidDriver.java:24)
	at com.kms.katalon.core.appium.driver.AppiumDriverManager.createMobileDriver(AppiumDriverManager.java:497)
	at com.kms.katalon.core.appium.driver.AppiumDriverManager.createMobileDriver(AppiumDriverManager.java:479)
	at com.kms.katalon.core.mobile.keyword.internal.MobileDriverFactory.startLocalMobileDriver(MobileDriverFactory.java:458)
	at com.kms.katalon.core.mobile.keyword.internal.MobileDriverFactory.startMobileDriver(MobileDriverFactory.java:372)
	at com.kms.katalon.core.mobile.keyword.builtin.StartApplicationKeyword$_startApplication_closure1.doCall(StartApplicationKeyword.groovy:49)
	at com.kms.katalon.core.mobile.keyword.builtin.StartApplicationKeyword$_startApplication_closure1.call(StartApplicationKeyword.groovy)
	at com.kms.katalon.core.mobile.keyword.internal.MobileKeywordMain.runKeyword(MobileKeywordMain.groovy:21)
	at com.kms.katalon.core.mobile.keyword.builtin.StartApplicationKeyword.startApplication(StartApplicationKeyword.groovy:51)
	at com.kms.katalon.core.mobile.keyword.builtin.StartApplicationKeyword.execute(StartApplicationKeyword.groovy:40)
	at com.kms.katalon.core.keyword.internal.KeywordExecutor.executeKeywordForPlatform(KeywordExecutor.groovy:72)
	at com.kms.katalon.core.mobile.keyword.MobileBuiltInKeywords.startApplication(MobileBuiltInKeywords.groovy:75)
	at com.kms.katalon.core.mobile.keyword.MobileBuiltInKeywords$startApplication.call(Unknown Source)
	at Script1592810895079.run(Script1592810895079.groovy:21)
	... 13 more
Caused by: org.openqa.selenium.WebDriverException: An unknown server-side error occurred while processing the command. Original error: Error executing adbExec. Original error: 'Command 'C:\\Users\\LENOVO\\.katalon\\tools\\android_sdk\\platform-tools\\adb.exe -P 5037 -s 11cb9864 shell pm install -r -g /data/local/tmp/appium_cache/b429377d0e5f877b92357c12f6388201a2d5021f.apk' exited with code 255'; Stderr: 'Exception occurred while executing:
android.os.ParcelableException: java.io.IOException: Requested internal only, but not enough space
	at android.util.ExceptionUtils.wrap(ExceptionUtils.java:34)
	at com.android.server.pm.PackageInstallerService.createSession(PackageInstallerService.java:419)
	at com.android.server.pm.PackageManagerShellCommand.doCreateSession(PackageManagerShellCommand.java:2418)
	at com.android.server.pm.PackageManagerShellCommand.runInstall(PackageManagerShellCommand.java:907)
	at com.android.server.pm.PackageManagerShellCommand.onCommand(PackageManagerShellCommand.java:158)
	at android.os.ShellCommand.exec(ShellCommand.java:103)
	at com.android.server.pm.PackageManagerService.onShellCommand(PackageManagerService.java:21933)
	at android.os.Binder.shellCommand(Binder.java:634)
	at android.os.Binder.onTransact(Binder.java:532)
	at android.content.pm.IPackageManager$Stub.onTransact(IPackageManager.java:2809)
	at com.android.server.pm.PackageManagerService.onTransact(PackageManagerService.java:4023)
	at android.os.Binder.execTransact(Binder.java:735)
Caused by: java.io.IOException: Requested internal only, but not enough space
	at com.android.internal.content.PackageHelper.resolveInstallVolume(PackageHelper.java:232)
	at com.android.internal.content.PackageHelper.resolveInstallVolume(PackageHelper.java:148)
	at com.android.internal.content.PackageHelper.resolveInstallVolume(PackageHelper.java:163)
	at com.android.server.pm.PackageInstallerService.createSessionInternal(PackageInstallerService.java:516)
	at com.android.server.pm.PackageInstallerService.createSession(PackageInstallerService.java:417)
	... 10 more'; Code: '255'
Build info: version: '3.141.59', revision: 'e82be7d358', time: '2018-11-14T08:25:53'
System info: host: 'DESKTOP-CP3TV4N', ip: '192.168.43.112', os.name: 'Windows 10', os.arch: 'amd64', os.version: '10.0', java.version: '1.8.0_181'
Driver info: driver.version: SwipeableAndroidDriver
remote stacktrace: UnknownError: An unknown server-side error occurred while processing the command. Original error: Error executing adbExec. Original error: 'Command 'C:\\Users\\LENOVO\\.katalon\\tools\\android_sdk\\platform-tools\\adb.exe -P 5037 -s 11cb9864 shell pm install -r -g /data/local/tmp/appium_cache/b429377d0e5f877b92357c12f6388201a2d5021f.apk' exited with code 255'; Stderr: 'Exception occurred while executing:
android.os.ParcelableException: java.io.IOException: Requested internal only, but not enough space
	at android.util.ExceptionUtils.wrap(ExceptionUtils.java:34)
	at com.android.server.pm.PackageInstallerService.createSession(PackageInstallerService.java:419)
	at com.android.server.pm.PackageManagerShellCommand.doCreateSession(PackageManagerShellCommand.java:2418)
	at com.android.server.pm.PackageManagerShellCommand.runInstall(PackageManagerShellCommand.java:907)
	at com.android.server.pm.PackageManagerShellCommand.onCommand(PackageManagerShellCommand.java:158)
	at android.os.ShellCommand.exec(ShellCommand.java:103)
	at com.android.server.pm.PackageManagerService.onShellCommand(PackageManagerService.java:21933)
	at android.os.Binder.shellCommand(Binder.java:634)
	at android.os.Binder.onTransact(Binder.java:532)
	at android.content.pm.IPackageManager$Stub.onTransact(IPackageManager.java:2809)
	at com.android.server.pm.PackageManagerService.onTransact(PackageManagerService.java:4023)
	at android.os.Binder.execTransact(Binder.java:735)
Caused by: java.io.IOException: Requested internal only, but not enough space
	at com.android.internal.content.PackageHelper.resolveInstallVolume(PackageHelper.java:232)
	at com.android.internal.content.PackageHelper.resolveInstallVolume(PackageHelper.java:148)
	at com.android.internal.content.PackageHelper.resolveInstallVolume(PackageHelper.java:163)
	at com.android.server.pm.PackageInstallerService.createSessionInternal(PackageInstallerService.java:516)
	at com.android.server.pm.PackageInstallerService.createSession(PackageInstallerService.java:417)
	... 10 more'; Code: '255'
    at getResponseForW3CError (C:\Users\LENOVO\AppData\Roaming\npm\node_modules\appium\node_modules\appium-base-driver\lib\protocol\errors.js:804:9)
    at asyncHandler (C:\Users\LENOVO\AppData\Roaming\npm\node_modules\appium\node_modules\appium-base-driver\lib\protocol\protocol.js:388:37)
	at org.openqa.selenium.remote.W3CHandshakeResponse.lambda$errorHandler$0(W3CHandshakeResponse.java:62)
	at org.openqa.selenium.remote.HandshakeResponse.lambda$getResponseFunction$0(HandshakeResponse.java:30)
	at org.openqa.selenium.remote.ProtocolHandshake.lambda$createSession$0(ProtocolHandshake.java:126)
	at org.openqa.selenium.remote.ProtocolHandshake.createSession(ProtocolHandshake.java:128)
	at io.appium.java_client.remote.AppiumCommandExecutor$1.createSession(AppiumCommandExecutor.java:186)
	at io.appium.java_client.remote.AppiumCommandExecutor.createSession(AppiumCommandExecutor.java:217)
	at io.appium.java_client.remote.AppiumCommandExecutor.execute(AppiumCommandExecutor.java:239)
	at org.openqa.selenium.remote.RemoteWebDriver.execute(RemoteWebDriver.java:552)
	at io.appium.java_client.DefaultGenericMobileDriver.execute(DefaultGenericMobileDriver.java:42)
	at io.appium.java_client.AppiumDriver.execute(AppiumDriver.java:1)
	at io.appium.java_client.android.AndroidDriver.execute(AndroidDriver.java:1)
	at com.kms.katalon.core.appium.driver.SwipeableAndroidDriver.execute(SwipeableAndroidDriver.java:1)
	at org.openqa.selenium.remote.RemoteWebDriver.startSession(RemoteWebDriver.java:213)
	at org.openqa.selenium.remote.RemoteWebDriver.<init>(RemoteWebDriver.java:131)
	at io.appium.java_client.DefaultGenericMobileDriver.<init>(DefaultGenericMobileDriver.java:38)
	at io.appium.java_client.AppiumDriver.<init>(AppiumDriver.java:84)
	at io.appium.java_client.android.AndroidDriver.<init>(AndroidDriver.java:85)
	at com.kms.katalon.core.appium.driver.SwipeableAndroidDriver.<init>(SwipeableAndroidDriver.java:24)
	at com.kms.katalon.core.appium.driver.AppiumDriverManager.createMobileDriver(AppiumDriverManager.java:497)
	at com.kms.katalon.core.appium.driver.AppiumDriverManager.createMobileDriver(AppiumDriverManager.java:479)
	at com.kms.katalon.core.mobile.keyword.internal.MobileDriverFactory.startLocalMobileDriver(MobileDriverFactory.java:458)
	at com.kms.katalon.core.mobile.keyword.internal.MobileDriverFactory.startMobileDriver(MobileDriverFactory.java:372)
	at com.kms.katalon.core.mobile.keyword.builtin.StartApplicationKeyword$_startApplication_closure1.doCall(StartApplicationKeyword.groovy:49)
	at com.kms.katalon.core.mobile.keyword.builtin.StartApplicationKeyword$_startApplication_closure1.call(StartApplicationKeyword.groovy)
	at com.kms.katalon.core.mobile.keyword.internal.MobileKeywordMain.runKeyword(MobileKeywordMain.groovy:21)
	at com.kms.katalon.core.mobile.keyword.builtin.StartApplicationKeyword.startApplication(StartApplicationKeyword.groovy:51)
	at com.kms.katalon.core.mobile.keyword.builtin.StartApplicationKeyword.execute(StartApplicationKeyword.groovy:40)
	at com.kms.katalon.core.keyword.internal.KeywordExecutor.executeKeywordForPlatform(KeywordExecutor.groovy:72)
	at com.kms.katalon.core.mobile.keyword.MobileBuiltInKeywords.startApplication(MobileBuiltInKeywords.groovy:75)
	at com.kms.katalon.core.mobile.keyword.MobileBuiltInKeywords$startApplication.call(Unknown Source)
	at Passport.run(Passport:21)
	... 13 more]]></system-err>
      </testcase>
      <system-out><![CDATA[2020-08-07 17:44:26 - [TEST_SUITE][FAILED] - UAT Test Suite: Test Cases/JINU/DuiTNow Drop 2/Passport FAILED.
Reason:
com.kms.katalon.core.exception.StepFailedException: Unable to start app at: 'C:\Users\LENOVO\Katalon Studio\app-uat-universal-release.apk' (Root cause: org.openqa.selenium.SessionNotCreatedException: Unable to create a new remote session. Please check the server log for more details. Original error: An unknown server-side error occurred while processing the command. Original error: Error executing adbExec. Original error: 'Command 'C:\\Users\\LENOVO\\.katalon\\tools\\android_sdk\\platform-tools\\adb.exe -P 5037 -s 11cb9864 shell pm install -r -g /data/local/tmp/appium_cache/b429377d0e5f877b92357c12f6388201a2d5021f.apk' exited with code 255'; Stderr: 'Exception occurred while executing:
android.os.ParcelableException: java.io.IOException: Requested internal only, but not enough space
	at android.util.ExceptionUtils.wrap(ExceptionUtils.java:34)
	at com.android.server.pm.PackageInstallerService.createSession(PackageInstallerService.java:419)
	at com.android.server.pm.PackageManagerShellCommand.doCreateSession(PackageManagerShellCommand.java:2418)
	at com.android.server.pm.PackageManagerShellCommand.runInstall(PackageManagerShellCommand.java:907)
	at com.android.server.pm.PackageManagerShellCommand.onCommand(PackageManagerShellCommand.java:158)
	at android.os.ShellCommand.exec(ShellCommand.java:103)
	at com.android.server.pm.PackageManagerService.onShellCommand(PackageManagerService.java:21933)
	at android.os.Binder.shellCommand(Binder.java:634)
	at android.os.Binder.onTransact(Binder.java:532)
	at android.content.pm.IPackageManager$Stub.onTransact(IPackageManager.java:2809)
	at com.android.server.pm.PackageManagerService.onTransact(PackageManagerService.java:4023)
	at android.os.Binder.execTransact(Binder.java:735)
Caused by: java.io.IOException: Requested internal only, but not enough space
	at com.android.internal.content.PackageHelper.resolveInstallVolume(PackageHelper.java:232)
	at com.android.internal.content.PackageHelper.resolveInstallVolume(PackageHelper.java:148)
	at com.android.internal.content.PackageHelper.resolveInstallVolume(PackageHelper.java:163)
	at com.android.server.pm.PackageInstallerService.createSessionInternal(PackageInstallerService.java:516)
	at com.android.server.pm.PackageInstallerService.createSession(PackageInstallerService.java:417)
	... 10 more'; Code: '255'
Build info: version: '3.141.59', revision: 'e82be7d358', time: '2018-11-14T08:25:53'
System info: host: 'DESKTOP-CP3TV4N', ip: '192.168.43.112', os.name: 'Windows 10', os.arch: 'amd64', os.version: '10.0', java.version: '1.8.0_181'
Driver info: driver.version: SwipeableAndroidDriver
remote stacktrace: UnknownError: An unknown server-side error occurred while processing the command. Original error: Error executing adbExec. Original error: 'Command 'C:\\Users\\LENOVO\\.katalon\\tools\\android_sdk\\platform-tools\\adb.exe -P 5037 -s 11cb9864 shell pm install -r -g /data/local/tmp/appium_cache/b429377d0e5f877b92357c12f6388201a2d5021f.apk' exited with code 255'; Stderr: 'Exception occurred while executing:
android.os.ParcelableException: java.io.IOException: Requested internal only, but not enough space
	at android.util.ExceptionUtils.wrap(ExceptionUtils.java:34)
	at com.android.server.pm.PackageInstallerService.createSession(PackageInstallerService.java:419)
	at com.android.server.pm.PackageManagerShellCommand.doCreateSession(PackageManagerShellCommand.java:2418)
	at com.android.server.pm.PackageManagerShellCommand.runInstall(PackageManagerShellCommand.java:907)
	at com.android.server.pm.PackageManagerShellCommand.onCommand(PackageManagerShellCommand.java:158)
	at android.os.ShellCommand.exec(ShellCommand.java:103)
	at com.android.server.pm.PackageManagerService.onShellCommand(PackageManagerService.java:21933)
	at android.os.Binder.shellCommand(Binder.java:634)
	at android.os.Binder.onTransact(Binder.java:532)
	at android.content.pm.IPackageManager$Stub.onTransact(IPackageManager.java:2809)
	at com.android.server.pm.PackageManagerService.onTransact(PackageManagerService.java:4023)
	at android.os.Binder.execTransact(Binder.java:735)
Caused by: java.io.IOException: Requested internal only, but not enough space
	at com.android.internal.content.PackageHelper.resolveInstallVolume(PackageHelper.java:232)
	at com.android.internal.content.PackageHelper.resolveInstallVolume(PackageHelper.java:148)
	at com.android.internal.content.PackageHelper.resolveInstallVolume(PackageHelper.java:163)
	at com.android.server.pm.PackageInstallerService.createSessionInternal(PackageInstallerService.java:516)
	at com.android.server.pm.PackageInstallerService.createSession(PackageInstallerService.java:417)
	... 10 more'; Code: '255'
    at getResponseForW3CError (C:\Users\LENOVO\AppData\Roaming\npm\node_modules\appium\node_modules\appium-base-driver\lib\protocol\errors.js:804:9)
    at asyncHandler (C:\Users\LENOVO\AppData\Roaming\npm\node_modules\appium\node_modules\appium-base-driver\lib\protocol\protocol.js:388:37)
Build info: version: '3.141.59', revision: 'e82be7d358', time: '2018-11-14T08:25:53'
System info: host: 'DESKTOP-CP3TV4N', ip: '192.168.43.112', os.name: 'Windows 10', os.arch: 'amd64', os.version: '10.0', java.version: '1.8.0_181'
Driver info: driver.version: SwipeableAndroidDriver
	at io.appium.java_client.remote.AppiumCommandExecutor$1.createSession(AppiumCommandExecutor.java:208)
	at io.appium.java_client.remote.AppiumCommandExecutor.createSession(AppiumCommandExecutor.java:217)
	at io.appium.java_client.remote.AppiumCommandExecutor.execute(AppiumCommandExecutor.java:239)
	at org.openqa.selenium.remote.RemoteWebDriver.execute(RemoteWebDriver.java:552)
	at io.appium.java_client.DefaultGenericMobileDriver.execute(DefaultGenericMobileDriver.java:42)
	at io.appium.java_client.AppiumDriver.execute(AppiumDriver.java:1)
	at io.appium.java_client.android.AndroidDriver.execute(AndroidDriver.java:1)
	at com.kms.katalon.core.appium.driver.SwipeableAndroidDriver.execute(SwipeableAndroidDriver.java:1)
	at org.openqa.selenium.remote.RemoteWebDriver.startSession(RemoteWebDriver.java:213)
	at org.openqa.selenium.remote.RemoteWebDriver.<init>(RemoteWebDriver.java:131)
	at io.appium.java_client.DefaultGenericMobileDriver.<init>(DefaultGenericMobileDriver.java:38)
	at io.appium.java_client.AppiumDriver.<init>(AppiumDriver.java:84)
	at io.appium.java_client.android.AndroidDriver.<init>(AndroidDriver.java:85)
	at com.kms.katalon.core.appium.driver.SwipeableAndroidDriver.<init>(SwipeableAndroidDriver.java:24)
	at com.kms.katalon.core.appium.driver.AppiumDriverManager.createMobileDriver(AppiumDriverManager.java:497)
	at com.kms.katalon.core.appium.driver.AppiumDriverManager.createMobileDriver(AppiumDriverManager.java:479)
	at com.kms.katalon.core.mobile.keyword.internal.MobileDriverFactory.startLocalMobileDriver(MobileDriverFactory.java:458)
	at com.kms.katalon.core.mobile.keyword.internal.MobileDriverFactory.startMobileDriver(MobileDriverFactory.java:372)
	at com.kms.katalon.core.mobile.keyword.builtin.StartApplicationKeyword$_startApplication_closure1.doCall(StartApplicationKeyword.groovy:49)
	at com.kms.katalon.core.mobile.keyword.builtin.StartApplicationKeyword$_startApplication_closure1.call(StartApplicationKeyword.groovy)
	at com.kms.katalon.core.mobile.keyword.internal.MobileKeywordMain.runKeyword(MobileKeywordMain.groovy:21)
	at com.kms.katalon.core.mobile.keyword.builtin.StartApplicationKeyword.startApplication(StartApplicationKeyword.groovy:51)
	at com.kms.katalon.core.mobile.keyword.builtin.StartApplicationKeyword.execute(StartApplicationKeyword.groovy:40)
	at com.kms.katalon.core.keyword.internal.KeywordExecutor.executeKeywordForPlatform(KeywordExecutor.groovy:72)
	at com.kms.katalon.core.mobile.keyword.MobileBuiltInKeywords.startApplication(MobileBuiltInKeywords.groovy:75)
	at com.kms.katalon.core.mobile.keyword.MobileBuiltInKeywords$startApplication.call(Unknown Source)
	at Passport.run(Passport:21)
	at com.kms.katalon.core.main.ScriptEngine.run(ScriptEngine.java:194)
	at com.kms.katalon.core.main.ScriptEngine.runScriptAsRawText(ScriptEngine.java:119)
	at com.kms.katalon.core.main.TestCaseExecutor.runScript(TestCaseExecutor.java:337)
	at com.kms.katalon.core.main.TestCaseExecutor.doExecute(TestCaseExecutor.java:328)
	at com.kms.katalon.core.main.TestCaseExecutor.processExecutionPhase(TestCaseExecutor.java:307)
	at com.kms.katalon.core.main.TestCaseExecutor.accessMainPhase(TestCaseExecutor.java:299)
	at com.kms.katalon.core.main.TestCaseExecutor.execute(TestCaseExecutor.java:233)
	at com.kms.katalon.core.main.TestSuiteExecutor.accessTestCaseMainPhase(TestSuiteExecutor.java:169)
	at com.kms.katalon.core.main.TestSuiteExecutor.accessTestSuiteMainPhase(TestSuiteExecutor.java:142)
	at com.kms.katalon.core.main.TestSuiteExecutor.execute(TestSuiteExecutor.java:91)
	at com.kms.katalon.core.main.TestCaseMain.startTestSuite(TestCaseMain.java:157)
	at com.kms.katalon.core.main.TestCaseMain$startTestSuite$0.call(Unknown Source)
	at TempTestSuite1596793462502.run(TempTestSuite1596793462502.groovy:36)
Caused by: java.lang.reflect.InvocationTargetException
	at io.appium.java_client.remote.AppiumCommandExecutor$1.createSession(AppiumCommandExecutor.java:186)
	at io.appium.java_client.remote.AppiumCommandExecutor.createSession(AppiumCommandExecutor.java:217)
	at io.appium.java_client.remote.AppiumCommandExecutor.execute(AppiumCommandExecutor.java:239)
	at org.openqa.selenium.remote.RemoteWebDriver.execute(RemoteWebDriver.java:552)
	at io.appium.java_client.DefaultGenericMobileDriver.execute(DefaultGenericMobileDriver.java:42)
	at io.appium.java_client.AppiumDriver.execute(AppiumDriver.java:1)
	at io.appium.java_client.android.AndroidDriver.execute(AndroidDriver.java:1)
	at com.kms.katalon.core.appium.driver.SwipeableAndroidDriver.execute(SwipeableAndroidDriver.java:1)
	at org.openqa.selenium.remote.RemoteWebDriver.startSession(RemoteWebDriver.java:213)
	at org.openqa.selenium.remote.RemoteWebDriver.<init>(RemoteWebDriver.java:131)
	at io.appium.java_client.DefaultGenericMobileDriver.<init>(DefaultGenericMobileDriver.java:38)
	at io.appium.java_client.AppiumDriver.<init>(AppiumDriver.java:84)
	at io.appium.java_client.android.AndroidDriver.<init>(AndroidDriver.java:85)
	at com.kms.katalon.core.appium.driver.SwipeableAndroidDriver.<init>(SwipeableAndroidDriver.java:24)
	at com.kms.katalon.core.appium.driver.AppiumDriverManager.createMobileDriver(AppiumDriverManager.java:497)
	at com.kms.katalon.core.appium.driver.AppiumDriverManager.createMobileDriver(AppiumDriverManager.java:479)
	at com.kms.katalon.core.mobile.keyword.internal.MobileDriverFactory.startLocalMobileDriver(MobileDriverFactory.java:458)
	at com.kms.katalon.core.mobile.keyword.internal.MobileDriverFactory.startMobileDriver(MobileDriverFactory.java:372)
	at com.kms.katalon.core.mobile.keyword.builtin.StartApplicationKeyword$_startApplication_closure1.doCall(StartApplicationKeyword.groovy:49)
	at com.kms.katalon.core.mobile.keyword.builtin.StartApplicationKeyword$_startApplication_closure1.call(StartApplicationKeyword.groovy)
	at com.kms.katalon.core.mobile.keyword.internal.MobileKeywordMain.runKeyword(MobileKeywordMain.groovy:21)
	at com.kms.katalon.core.mobile.keyword.builtin.StartApplicationKeyword.startApplication(StartApplicationKeyword.groovy:51)
	at com.kms.katalon.core.mobile.keyword.builtin.StartApplicationKeyword.execute(StartApplicationKeyword.groovy:40)
	at com.kms.katalon.core.keyword.internal.KeywordExecutor.executeKeywordForPlatform(KeywordExecutor.groovy:72)
	at com.kms.katalon.core.mobile.keyword.MobileBuiltInKeywords.startApplication(MobileBuiltInKeywords.groovy:75)
	at com.kms.katalon.core.mobile.keyword.MobileBuiltInKeywords$startApplication.call(Unknown Source)
	at Script1592810895079.run(Script1592810895079.groovy:21)
	... 13 more
Caused by: org.openqa.selenium.WebDriverException: An unknown server-side error occurred while processing the command. Original error: Error executing adbExec. Original error: 'Command 'C:\\Users\\LENOVO\\.katalon\\tools\\android_sdk\\platform-tools\\adb.exe -P 5037 -s 11cb9864 shell pm install -r -g /data/local/tmp/appium_cache/b429377d0e5f877b92357c12f6388201a2d5021f.apk' exited with code 255'; Stderr: 'Exception occurred while executing:
android.os.ParcelableException: java.io.IOException: Requested internal only, but not enough space
	at android.util.ExceptionUtils.wrap(ExceptionUtils.java:34)
	at com.android.server.pm.PackageInstallerService.createSession(PackageInstallerService.java:419)
	at com.android.server.pm.PackageManagerShellCommand.doCreateSession(PackageManagerShellCommand.java:2418)
	at com.android.server.pm.PackageManagerShellCommand.runInstall(PackageManagerShellCommand.java:907)
	at com.android.server.pm.PackageManagerShellCommand.onCommand(PackageManagerShellCommand.java:158)
	at android.os.ShellCommand.exec(ShellCommand.java:103)
	at com.android.server.pm.PackageManagerService.onShellCommand(PackageManagerService.java:21933)
	at android.os.Binder.shellCommand(Binder.java:634)
	at android.os.Binder.onTransact(Binder.java:532)
	at android.content.pm.IPackageManager$Stub.onTransact(IPackageManager.java:2809)
	at com.android.server.pm.PackageManagerService.onTransact(PackageManagerService.java:4023)
	at android.os.Binder.execTransact(Binder.java:735)
Caused by: java.io.IOException: Requested internal only, but not enough space
	at com.android.internal.content.PackageHelper.resolveInstallVolume(PackageHelper.java:232)
	at com.android.internal.content.PackageHelper.resolveInstallVolume(PackageHelper.java:148)
	at com.android.internal.content.PackageHelper.resolveInstallVolume(PackageHelper.java:163)
	at com.android.server.pm.PackageInstallerService.createSessionInternal(PackageInstallerService.java:516)
	at com.android.server.pm.PackageInstallerService.createSession(PackageInstallerService.java:417)
	... 10 more'; Code: '255'
Build info: version: '3.141.59', revision: 'e82be7d358', time: '2018-11-14T08:25:53'
System info: host: 'DESKTOP-CP3TV4N', ip: '192.168.43.112', os.name: 'Windows 10', os.arch: 'amd64', os.version: '10.0', java.version: '1.8.0_181'
Driver info: driver.version: SwipeableAndroidDriver
remote stacktrace: UnknownError: An unknown server-side error occurred while processing the command. Original error: Error executing adbExec. Original error: 'Command 'C:\\Users\\LENOVO\\.katalon\\tools\\android_sdk\\platform-tools\\adb.exe -P 5037 -s 11cb9864 shell pm install -r -g /data/local/tmp/appium_cache/b429377d0e5f877b92357c12f6388201a2d5021f.apk' exited with code 255'; Stderr: 'Exception occurred while executing:
android.os.ParcelableException: java.io.IOException: Requested internal only, but not enough space
	at android.util.ExceptionUtils.wrap(ExceptionUtils.java:34)
	at com.android.server.pm.PackageInstallerService.createSession(PackageInstallerService.java:419)
	at com.android.server.pm.PackageManagerShellCommand.doCreateSession(PackageManagerShellCommand.java:2418)
	at com.android.server.pm.PackageManagerShellCommand.runInstall(PackageManagerShellCommand.java:907)
	at com.android.server.pm.PackageManagerShellCommand.onCommand(PackageManagerShellCommand.java:158)
	at android.os.ShellCommand.exec(ShellCommand.java:103)
	at com.android.server.pm.PackageManagerService.onShellCommand(PackageManagerService.java:21933)
	at android.os.Binder.shellCommand(Binder.java:634)
	at android.os.Binder.onTransact(Binder.java:532)
	at android.content.pm.IPackageManager$Stub.onTransact(IPackageManager.java:2809)
	at com.android.server.pm.PackageManagerService.onTransact(PackageManagerService.java:4023)
	at android.os.Binder.execTransact(Binder.java:735)
Caused by: java.io.IOException: Requested internal only, but not enough space
	at com.android.internal.content.PackageHelper.resolveInstallVolume(PackageHelper.java:232)
	at com.android.internal.content.PackageHelper.resolveInstallVolume(PackageHelper.java:148)
	at com.android.internal.content.PackageHelper.resolveInstallVolume(PackageHelper.java:163)
	at com.android.server.pm.PackageInstallerService.createSessionInternal(PackageInstallerService.java:516)
	at com.android.server.pm.PackageInstallerService.createSession(PackageInstallerService.java:417)
	... 10 more'; Code: '255'
    at getResponseForW3CError (C:\Users\LENOVO\AppData\Roaming\npm\node_modules\appium\node_modules\appium-base-driver\lib\protocol\errors.js:804:9)
    at asyncHandler (C:\Users\LENOVO\AppData\Roaming\npm\node_modules\appium\node_modules\appium-base-driver\lib\protocol\protocol.js:388:37)
	at org.openqa.selenium.remote.W3CHandshakeResponse.lambda$errorHandler$0(W3CHandshakeResponse.java:62)
	at org.openqa.selenium.remote.HandshakeResponse.lambda$getResponseFunction$0(HandshakeResponse.java:30)
	at org.openqa.selenium.remote.ProtocolHandshake.lambda$createSession$0(ProtocolHandshake.java:126)
	at org.openqa.selenium.remote.ProtocolHandshake.createSession(ProtocolHandshake.java:128)
	... 40 more
)
	at com.kms.katalon.core.keyword.internal.KeywordMain.stepFailed(KeywordMain.groovy:39)
	at com.kms.katalon.core.mobile.keyword.internal.MobileKeywordMain.stepFailed(MobileKeywordMain.groovy:40)
	at com.kms.katalon.core.mobile.keyword.internal.MobileKeywordMain.runKeyword(MobileKeywordMain.groovy:23)
	at com.kms.katalon.core.mobile.keyword.builtin.StartApplicationKeyword.startApplication(StartApplicationKeyword.groovy:51)
	at com.kms.katalon.core.mobile.keyword.builtin.StartApplicationKeyword.execute(StartApplicationKeyword.groovy:40)
	at com.kms.katalon.core.keyword.internal.KeywordExecutor.executeKeywordForPlatform(KeywordExecutor.groovy:72)
	at com.kms.katalon.core.mobile.keyword.MobileBuiltInKeywords.startApplication(MobileBuiltInKeywords.groovy:75)
	at com.kms.katalon.core.mobile.keyword.MobileBuiltInKeywords$startApplication.call(Unknown Source)
	at Passport.run(Passport:21)
	at com.kms.katalon.core.main.ScriptEngine.run(ScriptEngine.java:194)
	at com.kms.katalon.core.main.ScriptEngine.runScriptAsRawText(ScriptEngine.java:119)
	at com.kms.katalon.core.main.TestCaseExecutor.runScript(TestCaseExecutor.java:337)
	at com.kms.katalon.core.main.TestCaseExecutor.doExecute(TestCaseExecutor.java:328)
	at com.kms.katalon.core.main.TestCaseExecutor.processExecutionPhase(TestCaseExecutor.java:307)
	at com.kms.katalon.core.main.TestCaseExecutor.accessMainPhase(TestCaseExecutor.java:299)
	at com.kms.katalon.core.main.TestCaseExecutor.execute(TestCaseExecutor.java:233)
	at com.kms.katalon.core.main.TestSuiteExecutor.accessTestCaseMainPhase(TestSuiteExecutor.java:169)
	at com.kms.katalon.core.main.TestSuiteExecutor.accessTestSuiteMainPhase(TestSuiteExecutor.java:142)
	at com.kms.katalon.core.main.TestSuiteExecutor.execute(TestSuiteExecutor.java:91)
	at com.kms.katalon.core.main.TestCaseMain.startTestSuite(TestCaseMain.java:157)
	at com.kms.katalon.core.main.TestCaseMain$startTestSuite$0.call(Unknown Source)
	at TempTestSuite1596793462502.run(TempTestSuite1596793462502.groovy:36)
Caused by: org.openqa.selenium.SessionNotCreatedException: Unable to create a new remote session. Please check the server log for more details. Original error: An unknown server-side error occurred while processing the command. Original error: Error executing adbExec. Original error: 'Command 'C:\\Users\\LENOVO\\.katalon\\tools\\android_sdk\\platform-tools\\adb.exe -P 5037 -s 11cb9864 shell pm install -r -g /data/local/tmp/appium_cache/b429377d0e5f877b92357c12f6388201a2d5021f.apk' exited with code 255'; Stderr: 'Exception occurred while executing:
android.os.ParcelableException: java.io.IOException: Requested internal only, but not enough space
	at android.util.ExceptionUtils.wrap(ExceptionUtils.java:34)
	at com.android.server.pm.PackageInstallerService.createSession(PackageInstallerService.java:419)
	at com.android.server.pm.PackageManagerShellCommand.doCreateSession(PackageManagerShellCommand.java:2418)
	at com.android.server.pm.PackageManagerShellCommand.runInstall(PackageManagerShellCommand.java:907)
	at com.android.server.pm.PackageManagerShellCommand.onCommand(PackageManagerShellCommand.java:158)
	at android.os.ShellCommand.exec(ShellCommand.java:103)
	at com.android.server.pm.PackageManagerService.onShellCommand(PackageManagerService.java:21933)
	at android.os.Binder.shellCommand(Binder.java:634)
	at android.os.Binder.onTransact(Binder.java:532)
	at android.content.pm.IPackageManager$Stub.onTransact(IPackageManager.java:2809)
	at com.android.server.pm.PackageManagerService.onTransact(PackageManagerService.java:4023)
	at android.os.Binder.execTransact(Binder.java:735)
Caused by: java.io.IOException: Requested internal only, but not enough space
	at com.android.internal.content.PackageHelper.resolveInstallVolume(PackageHelper.java:232)
	at com.android.internal.content.PackageHelper.resolveInstallVolume(PackageHelper.java:148)
	at com.android.internal.content.PackageHelper.resolveInstallVolume(PackageHelper.java:163)
	at com.android.server.pm.PackageInstallerService.createSessionInternal(PackageInstallerService.java:516)
	at com.android.server.pm.PackageInstallerService.createSession(PackageInstallerService.java:417)
	... 10 more'; Code: '255'
Build info: version: '3.141.59', revision: 'e82be7d358', time: '2018-11-14T08:25:53'
System info: host: 'DESKTOP-CP3TV4N', ip: '192.168.43.112', os.name: 'Windows 10', os.arch: 'amd64', os.version: '10.0', java.version: '1.8.0_181'
Driver info: driver.version: SwipeableAndroidDriver
remote stacktrace: UnknownError: An unknown server-side error occurred while processing the command. Original error: Error executing adbExec. Original error: 'Command 'C:\\Users\\LENOVO\\.katalon\\tools\\android_sdk\\platform-tools\\adb.exe -P 5037 -s 11cb9864 shell pm install -r -g /data/local/tmp/appium_cache/b429377d0e5f877b92357c12f6388201a2d5021f.apk' exited with code 255'; Stderr: 'Exception occurred while executing:
android.os.ParcelableException: java.io.IOException: Requested internal only, but not enough space
	at android.util.ExceptionUtils.wrap(ExceptionUtils.java:34)
	at com.android.server.pm.PackageInstallerService.createSession(PackageInstallerService.java:419)
	at com.android.server.pm.PackageManagerShellCommand.doCreateSession(PackageManagerShellCommand.java:2418)
	at com.android.server.pm.PackageManagerShellCommand.runInstall(PackageManagerShellCommand.java:907)
	at com.android.server.pm.PackageManagerShellCommand.onCommand(PackageManagerShellCommand.java:158)
	at android.os.ShellCommand.exec(ShellCommand.java:103)
	at com.android.server.pm.PackageManagerService.onShellCommand(PackageManagerService.java:21933)
	at android.os.Binder.shellCommand(Binder.java:634)
	at android.os.Binder.onTransact(Binder.java:532)
	at android.content.pm.IPackageManager$Stub.onTransact(IPackageManager.java:2809)
	at com.android.server.pm.PackageManagerService.onTransact(PackageManagerService.java:4023)
	at android.os.Binder.execTransact(Binder.java:735)
Caused by: java.io.IOException: Requested internal only, but not enough space
	at com.android.internal.content.PackageHelper.resolveInstallVolume(PackageHelper.java:232)
	at com.android.internal.content.PackageHelper.resolveInstallVolume(PackageHelper.java:148)
	at com.android.internal.content.PackageHelper.resolveInstallVolume(PackageHelper.java:163)
	at com.android.server.pm.PackageInstallerService.createSessionInternal(PackageInstallerService.java:516)
	at com.android.server.pm.PackageInstallerService.createSession(PackageInstallerService.java:417)
	... 10 more'; Code: '255'
    at getResponseForW3CError (C:\Users\LENOVO\AppData\Roaming\npm\node_modules\appium\node_modules\appium-base-driver\lib\protocol\errors.js:804:9)
    at asyncHandler (C:\Users\LENOVO\AppData\Roaming\npm\node_modules\appium\node_modules\appium-base-driver\lib\protocol\protocol.js:388:37)
Build info: version: '3.141.59', revision: 'e82be7d358', time: '2018-11-14T08:25:53'
System info: host: 'DESKTOP-CP3TV4N', ip: '192.168.43.112', os.name: 'Windows 10', os.arch: 'amd64', os.version: '10.0', java.version: '1.8.0_181'
Driver info: driver.version: SwipeableAndroidDriver
	at io.appium.java_client.remote.AppiumCommandExecutor$1.createSession(AppiumCommandExecutor.java:208)
	at io.appium.java_client.remote.AppiumCommandExecutor.createSession(AppiumCommandExecutor.java:217)
	at io.appium.java_client.remote.AppiumCommandExecutor.execute(AppiumCommandExecutor.java:239)
	at org.openqa.selenium.remote.RemoteWebDriver.execute(RemoteWebDriver.java:552)
	at io.appium.java_client.DefaultGenericMobileDriver.execute(DefaultGenericMobileDriver.java:42)
	at io.appium.java_client.AppiumDriver.execute(AppiumDriver.java:1)
	at io.appium.java_client.android.AndroidDriver.execute(AndroidDriver.java:1)
	at com.kms.katalon.core.appium.driver.SwipeableAndroidDriver.execute(SwipeableAndroidDriver.java:1)
	at org.openqa.selenium.remote.RemoteWebDriver.startSession(RemoteWebDriver.java:213)
	at org.openqa.selenium.remote.RemoteWebDriver.<init>(RemoteWebDriver.java:131)
	at io.appium.java_client.DefaultGenericMobileDriver.<init>(DefaultGenericMobileDriver.java:38)
	at io.appium.java_client.AppiumDriver.<init>(AppiumDriver.java:84)
	at io.appium.java_client.android.AndroidDriver.<init>(AndroidDriver.java:85)
	at com.kms.katalon.core.appium.driver.SwipeableAndroidDriver.<init>(SwipeableAndroidDriver.java:24)
	at com.kms.katalon.core.appium.driver.AppiumDriverManager.createMobileDriver(AppiumDriverManager.java:497)
	at com.kms.katalon.core.appium.driver.AppiumDriverManager.createMobileDriver(AppiumDriverManager.java:479)
	at com.kms.katalon.core.mobile.keyword.internal.MobileDriverFactory.startLocalMobileDriver(MobileDriverFactory.java:458)
	at com.kms.katalon.core.mobile.keyword.internal.MobileDriverFactory.startMobileDriver(MobileDriverFactory.java:372)
	at com.kms.katalon.core.mobile.keyword.builtin.StartApplicationKeyword$_startApplication_closure1.doCall(StartApplicationKeyword.groovy:49)
	at com.kms.katalon.core.mobile.keyword.builtin.StartApplicationKeyword$_startApplication_closure1.call(StartApplicationKeyword.groovy)
	at com.kms.katalon.core.mobile.keyword.internal.MobileKeywordMain.runKeyword(MobileKeywordMain.groovy:21)
	... 19 more
Caused by: java.lang.reflect.InvocationTargetException
	at io.appium.java_client.remote.AppiumCommandExecutor$1.createSession(AppiumCommandExecutor.java:186)
	at io.appium.java_client.remote.AppiumCommandExecutor.createSession(AppiumCommandExecutor.java:217)
	at io.appium.java_client.remote.AppiumCommandExecutor.execute(AppiumCommandExecutor.java:239)
	at org.openqa.selenium.remote.RemoteWebDriver.execute(RemoteWebDriver.java:552)
	at io.appium.java_client.DefaultGenericMobileDriver.execute(DefaultGenericMobileDriver.java:42)
	at io.appium.java_client.AppiumDriver.execute(AppiumDriver.java:1)
	at io.appium.java_client.android.AndroidDriver.execute(AndroidDriver.java:1)
	at com.kms.katalon.core.appium.driver.SwipeableAndroidDriver.execute(SwipeableAndroidDriver.java:1)
	at org.openqa.selenium.remote.RemoteWebDriver.startSession(RemoteWebDriver.java:213)
	at org.openqa.selenium.remote.RemoteWebDriver.<init>(RemoteWebDriver.java:131)
	at io.appium.java_client.DefaultGenericMobileDriver.<init>(DefaultGenericMobileDriver.java:38)
	at io.appium.java_client.AppiumDriver.<init>(AppiumDriver.java:84)
	at io.appium.java_client.android.AndroidDriver.<init>(AndroidDriver.java:85)
	at com.kms.katalon.core.appium.driver.SwipeableAndroidDriver.<init>(SwipeableAndroidDriver.java:24)
	at com.kms.katalon.core.appium.driver.AppiumDriverManager.createMobileDriver(AppiumDriverManager.java:497)
	at com.kms.katalon.core.appium.driver.AppiumDriverManager.createMobileDriver(AppiumDriverManager.java:479)
	at com.kms.katalon.core.mobile.keyword.internal.MobileDriverFactory.startLocalMobileDriver(MobileDriverFactory.java:458)
	at com.kms.katalon.core.mobile.keyword.internal.MobileDriverFactory.startMobileDriver(MobileDriverFactory.java:372)
	at com.kms.katalon.core.mobile.keyword.builtin.StartApplicationKeyword$_startApplication_closure1.doCall(StartApplicationKeyword.groovy:49)
	at com.kms.katalon.core.mobile.keyword.builtin.StartApplicationKeyword$_startApplication_closure1.call(StartApplicationKeyword.groovy)
	at com.kms.katalon.core.mobile.keyword.internal.MobileKeywordMain.runKeyword(MobileKeywordMain.groovy:21)
	at com.kms.katalon.core.mobile.keyword.builtin.StartApplicationKeyword.startApplication(StartApplicationKeyword.groovy:51)
	at com.kms.katalon.core.mobile.keyword.builtin.StartApplicationKeyword.execute(StartApplicationKeyword.groovy:40)
	at com.kms.katalon.core.keyword.internal.KeywordExecutor.executeKeywordForPlatform(KeywordExecutor.groovy:72)
	at com.kms.katalon.core.mobile.keyword.MobileBuiltInKeywords.startApplication(MobileBuiltInKeywords.groovy:75)
	at com.kms.katalon.core.mobile.keyword.MobileBuiltInKeywords$startApplication.call(Unknown Source)
	at Script1592810895079.run(Script1592810895079.groovy:21)
	... 13 more
Caused by: org.openqa.selenium.WebDriverException: An unknown server-side error occurred while processing the command. Original error: Error executing adbExec. Original error: 'Command 'C:\\Users\\LENOVO\\.katalon\\tools\\android_sdk\\platform-tools\\adb.exe -P 5037 -s 11cb9864 shell pm install -r -g /data/local/tmp/appium_cache/b429377d0e5f877b92357c12f6388201a2d5021f.apk' exited with code 255'; Stderr: 'Exception occurred while executing:
android.os.ParcelableException: java.io.IOException: Requested internal only, but not enough space
	at android.util.ExceptionUtils.wrap(ExceptionUtils.java:34)
	at com.android.server.pm.PackageInstallerService.createSession(PackageInstallerService.java:419)
	at com.android.server.pm.PackageManagerShellCommand.doCreateSession(PackageManagerShellCommand.java:2418)
	at com.android.server.pm.PackageManagerShellCommand.runInstall(PackageManagerShellCommand.java:907)
	at com.android.server.pm.PackageManagerShellCommand.onCommand(PackageManagerShellCommand.java:158)
	at android.os.ShellCommand.exec(ShellCommand.java:103)
	at com.android.server.pm.PackageManagerService.onShellCommand(PackageManagerService.java:21933)
	at android.os.Binder.shellCommand(Binder.java:634)
	at android.os.Binder.onTransact(Binder.java:532)
	at android.content.pm.IPackageManager$Stub.onTransact(IPackageManager.java:2809)
	at com.android.server.pm.PackageManagerService.onTransact(PackageManagerService.java:4023)
	at android.os.Binder.execTransact(Binder.java:735)
Caused by: java.io.IOException: Requested internal only, but not enough space
	at com.android.internal.content.PackageHelper.resolveInstallVolume(PackageHelper.java:232)
	at com.android.internal.content.PackageHelper.resolveInstallVolume(PackageHelper.java:148)
	at com.android.internal.content.PackageHelper.resolveInstallVolume(PackageHelper.java:163)
	at com.android.server.pm.PackageInstallerService.createSessionInternal(PackageInstallerService.java:516)
	at com.android.server.pm.PackageInstallerService.createSession(PackageInstallerService.java:417)
	... 10 more'; Code: '255'
Build info: version: '3.141.59', revision: 'e82be7d358', time: '2018-11-14T08:25:53'
System info: host: 'DESKTOP-CP3TV4N', ip: '192.168.43.112', os.name: 'Windows 10', os.arch: 'amd64', os.version: '10.0', java.version: '1.8.0_181'
Driver info: driver.version: SwipeableAndroidDriver
remote stacktrace: UnknownError: An unknown server-side error occurred while processing the command. Original error: Error executing adbExec. Original error: 'Command 'C:\\Users\\LENOVO\\.katalon\\tools\\android_sdk\\platform-tools\\adb.exe -P 5037 -s 11cb9864 shell pm install -r -g /data/local/tmp/appium_cache/b429377d0e5f877b92357c12f6388201a2d5021f.apk' exited with code 255'; Stderr: 'Exception occurred while executing:
android.os.ParcelableException: java.io.IOException: Requested internal only, but not enough space
	at android.util.ExceptionUtils.wrap(ExceptionUtils.java:34)
	at com.android.server.pm.PackageInstallerService.createSession(PackageInstallerService.java:419)
	at com.android.server.pm.PackageManagerShellCommand.doCreateSession(PackageManagerShellCommand.java:2418)
	at com.android.server.pm.PackageManagerShellCommand.runInstall(PackageManagerShellCommand.java:907)
	at com.android.server.pm.PackageManagerShellCommand.onCommand(PackageManagerShellCommand.java:158)
	at android.os.ShellCommand.exec(ShellCommand.java:103)
	at com.android.server.pm.PackageManagerService.onShellCommand(PackageManagerService.java:21933)
	at android.os.Binder.shellCommand(Binder.java:634)
	at android.os.Binder.onTransact(Binder.java:532)
	at android.content.pm.IPackageManager$Stub.onTransact(IPackageManager.java:2809)
	at com.android.server.pm.PackageManagerService.onTransact(PackageManagerService.java:4023)
	at android.os.Binder.execTransact(Binder.java:735)
Caused by: java.io.IOException: Requested internal only, but not enough space
	at com.android.internal.content.PackageHelper.resolveInstallVolume(PackageHelper.java:232)
	at com.android.internal.content.PackageHelper.resolveInstallVolume(PackageHelper.java:148)
	at com.android.internal.content.PackageHelper.resolveInstallVolume(PackageHelper.java:163)
	at com.android.server.pm.PackageInstallerService.createSessionInternal(PackageInstallerService.java:516)
	at com.android.server.pm.PackageInstallerService.createSession(PackageInstallerService.java:417)
	... 10 more'; Code: '255'
    at getResponseForW3CError (C:\Users\LENOVO\AppData\Roaming\npm\node_modules\appium\node_modules\appium-base-driver\lib\protocol\errors.js:804:9)
    at asyncHandler (C:\Users\LENOVO\AppData\Roaming\npm\node_modules\appium\node_modules\appium-base-driver\lib\protocol\protocol.js:388:37)
	at org.openqa.selenium.remote.W3CHandshakeResponse.lambda$errorHandler$0(W3CHandshakeResponse.java:62)
	at org.openqa.selenium.remote.HandshakeResponse.lambda$getResponseFunction$0(HandshakeResponse.java:30)
	at org.openqa.selenium.remote.ProtocolHandshake.lambda$createSession$0(ProtocolHandshake.java:126)
	at org.openqa.selenium.remote.ProtocolHandshake.createSession(ProtocolHandshake.java:128)
	at io.appium.java_client.remote.AppiumCommandExecutor$1.createSession(AppiumCommandExecutor.java:186)
	at io.appium.java_client.remote.AppiumCommandExecutor.createSession(AppiumCommandExecutor.java:217)
	at io.appium.java_client.remote.AppiumCommandExecutor.execute(AppiumCommandExecutor.java:239)
	at org.openqa.selenium.remote.RemoteWebDriver.execute(RemoteWebDriver.java:552)
	at io.appium.java_client.DefaultGenericMobileDriver.execute(DefaultGenericMobileDriver.java:42)
	at io.appium.java_client.AppiumDriver.execute(AppiumDriver.java:1)
	at io.appium.java_client.android.AndroidDriver.execute(AndroidDriver.java:1)
	at com.kms.katalon.core.appium.driver.SwipeableAndroidDriver.execute(SwipeableAndroidDriver.java:1)
	at org.openqa.selenium.remote.RemoteWebDriver.startSession(RemoteWebDriver.java:213)
	at org.openqa.selenium.remote.RemoteWebDriver.<init>(RemoteWebDriver.java:131)
	at io.appium.java_client.DefaultGenericMobileDriver.<init>(DefaultGenericMobileDriver.java:38)
	at io.appium.java_client.AppiumDriver.<init>(AppiumDriver.java:84)
	at io.appium.java_client.android.AndroidDriver.<init>(AndroidDriver.java:85)
	at com.kms.katalon.core.appium.driver.SwipeableAndroidDriver.<init>(SwipeableAndroidDriver.java:24)
	at com.kms.katalon.core.appium.driver.AppiumDriverManager.createMobileDriver(AppiumDriverManager.java:497)
	at com.kms.katalon.core.appium.driver.AppiumDriverManager.createMobileDriver(AppiumDriverManager.java:479)
	at com.kms.katalon.core.mobile.keyword.internal.MobileDriverFactory.startLocalMobileDriver(MobileDriverFactory.java:458)
	at com.kms.katalon.core.mobile.keyword.internal.MobileDriverFactory.startMobileDriver(MobileDriverFactory.java:372)
	at com.kms.katalon.core.mobile.keyword.builtin.StartApplicationKeyword$_startApplication_closure1.doCall(StartApplicationKeyword.groovy:49)
	at com.kms.katalon.core.mobile.keyword.builtin.StartApplicationKeyword$_startApplication_closure1.call(StartApplicationKeyword.groovy)
	at com.kms.katalon.core.mobile.keyword.internal.MobileKeywordMain.runKeyword(MobileKeywordMain.groovy:21)
	at com.kms.katalon.core.mobile.keyword.builtin.StartApplicationKeyword.startApplication(StartApplicationKeyword.groovy:51)
	at com.kms.katalon.core.mobile.keyword.builtin.StartApplicationKeyword.execute(StartApplicationKeyword.groovy:40)
	at com.kms.katalon.core.keyword.internal.KeywordExecutor.executeKeywordForPlatform(KeywordExecutor.groovy:72)
	at com.kms.katalon.core.mobile.keyword.MobileBuiltInKeywords.startApplication(MobileBuiltInKeywords.groovy:75)
	at com.kms.katalon.core.mobile.keyword.MobileBuiltInKeywords$startApplication.call(Unknown Source)
	at Passport.run(Passport:21)
	... 13 more]]></system-out>
      <system-err><![CDATA[2020-08-07 17:44:26 - [TEST_SUITE][FAILED] - UAT Test Suite: Test Cases/JINU/DuiTNow Drop 2/Passport FAILED.
Reason:
com.kms.katalon.core.exception.StepFailedException: Unable to start app at: 'C:\Users\LENOVO\Katalon Studio\app-uat-universal-release.apk' (Root cause: org.openqa.selenium.SessionNotCreatedException: Unable to create a new remote session. Please check the server log for more details. Original error: An unknown server-side error occurred while processing the command. Original error: Error executing adbExec. Original error: 'Command 'C:\\Users\\LENOVO\\.katalon\\tools\\android_sdk\\platform-tools\\adb.exe -P 5037 -s 11cb9864 shell pm install -r -g /data/local/tmp/appium_cache/b429377d0e5f877b92357c12f6388201a2d5021f.apk' exited with code 255'; Stderr: 'Exception occurred while executing:
android.os.ParcelableException: java.io.IOException: Requested internal only, but not enough space
	at android.util.ExceptionUtils.wrap(ExceptionUtils.java:34)
	at com.android.server.pm.PackageInstallerService.createSession(PackageInstallerService.java:419)
	at com.android.server.pm.PackageManagerShellCommand.doCreateSession(PackageManagerShellCommand.java:2418)
	at com.android.server.pm.PackageManagerShellCommand.runInstall(PackageManagerShellCommand.java:907)
	at com.android.server.pm.PackageManagerShellCommand.onCommand(PackageManagerShellCommand.java:158)
	at android.os.ShellCommand.exec(ShellCommand.java:103)
	at com.android.server.pm.PackageManagerService.onShellCommand(PackageManagerService.java:21933)
	at android.os.Binder.shellCommand(Binder.java:634)
	at android.os.Binder.onTransact(Binder.java:532)
	at android.content.pm.IPackageManager$Stub.onTransact(IPackageManager.java:2809)
	at com.android.server.pm.PackageManagerService.onTransact(PackageManagerService.java:4023)
	at android.os.Binder.execTransact(Binder.java:735)
Caused by: java.io.IOException: Requested internal only, but not enough space
	at com.android.internal.content.PackageHelper.resolveInstallVolume(PackageHelper.java:232)
	at com.android.internal.content.PackageHelper.resolveInstallVolume(PackageHelper.java:148)
	at com.android.internal.content.PackageHelper.resolveInstallVolume(PackageHelper.java:163)
	at com.android.server.pm.PackageInstallerService.createSessionInternal(PackageInstallerService.java:516)
	at com.android.server.pm.PackageInstallerService.createSession(PackageInstallerService.java:417)
	... 10 more'; Code: '255'
Build info: version: '3.141.59', revision: 'e82be7d358', time: '2018-11-14T08:25:53'
System info: host: 'DESKTOP-CP3TV4N', ip: '192.168.43.112', os.name: 'Windows 10', os.arch: 'amd64', os.version: '10.0', java.version: '1.8.0_181'
Driver info: driver.version: SwipeableAndroidDriver
remote stacktrace: UnknownError: An unknown server-side error occurred while processing the command. Original error: Error executing adbExec. Original error: 'Command 'C:\\Users\\LENOVO\\.katalon\\tools\\android_sdk\\platform-tools\\adb.exe -P 5037 -s 11cb9864 shell pm install -r -g /data/local/tmp/appium_cache/b429377d0e5f877b92357c12f6388201a2d5021f.apk' exited with code 255'; Stderr: 'Exception occurred while executing:
android.os.ParcelableException: java.io.IOException: Requested internal only, but not enough space
	at android.util.ExceptionUtils.wrap(ExceptionUtils.java:34)
	at com.android.server.pm.PackageInstallerService.createSession(PackageInstallerService.java:419)
	at com.android.server.pm.PackageManagerShellCommand.doCreateSession(PackageManagerShellCommand.java:2418)
	at com.android.server.pm.PackageManagerShellCommand.runInstall(PackageManagerShellCommand.java:907)
	at com.android.server.pm.PackageManagerShellCommand.onCommand(PackageManagerShellCommand.java:158)
	at android.os.ShellCommand.exec(ShellCommand.java:103)
	at com.android.server.pm.PackageManagerService.onShellCommand(PackageManagerService.java:21933)
	at android.os.Binder.shellCommand(Binder.java:634)
	at android.os.Binder.onTransact(Binder.java:532)
	at android.content.pm.IPackageManager$Stub.onTransact(IPackageManager.java:2809)
	at com.android.server.pm.PackageManagerService.onTransact(PackageManagerService.java:4023)
	at android.os.Binder.execTransact(Binder.java:735)
Caused by: java.io.IOException: Requested internal only, but not enough space
	at com.android.internal.content.PackageHelper.resolveInstallVolume(PackageHelper.java:232)
	at com.android.internal.content.PackageHelper.resolveInstallVolume(PackageHelper.java:148)
	at com.android.internal.content.PackageHelper.resolveInstallVolume(PackageHelper.java:163)
	at com.android.server.pm.PackageInstallerService.createSessionInternal(PackageInstallerService.java:516)
	at com.android.server.pm.PackageInstallerService.createSession(PackageInstallerService.java:417)
	... 10 more'; Code: '255'
    at getResponseForW3CError (C:\Users\LENOVO\AppData\Roaming\npm\node_modules\appium\node_modules\appium-base-driver\lib\protocol\errors.js:804:9)
    at asyncHandler (C:\Users\LENOVO\AppData\Roaming\npm\node_modules\appium\node_modules\appium-base-driver\lib\protocol\protocol.js:388:37)
Build info: version: '3.141.59', revision: 'e82be7d358', time: '2018-11-14T08:25:53'
System info: host: 'DESKTOP-CP3TV4N', ip: '192.168.43.112', os.name: 'Windows 10', os.arch: 'amd64', os.version: '10.0', java.version: '1.8.0_181'
Driver info: driver.version: SwipeableAndroidDriver
	at io.appium.java_client.remote.AppiumCommandExecutor$1.createSession(AppiumCommandExecutor.java:208)
	at io.appium.java_client.remote.AppiumCommandExecutor.createSession(AppiumCommandExecutor.java:217)
	at io.appium.java_client.remote.AppiumCommandExecutor.execute(AppiumCommandExecutor.java:239)
	at org.openqa.selenium.remote.RemoteWebDriver.execute(RemoteWebDriver.java:552)
	at io.appium.java_client.DefaultGenericMobileDriver.execute(DefaultGenericMobileDriver.java:42)
	at io.appium.java_client.AppiumDriver.execute(AppiumDriver.java:1)
	at io.appium.java_client.android.AndroidDriver.execute(AndroidDriver.java:1)
	at com.kms.katalon.core.appium.driver.SwipeableAndroidDriver.execute(SwipeableAndroidDriver.java:1)
	at org.openqa.selenium.remote.RemoteWebDriver.startSession(RemoteWebDriver.java:213)
	at org.openqa.selenium.remote.RemoteWebDriver.<init>(RemoteWebDriver.java:131)
	at io.appium.java_client.DefaultGenericMobileDriver.<init>(DefaultGenericMobileDriver.java:38)
	at io.appium.java_client.AppiumDriver.<init>(AppiumDriver.java:84)
	at io.appium.java_client.android.AndroidDriver.<init>(AndroidDriver.java:85)
	at com.kms.katalon.core.appium.driver.SwipeableAndroidDriver.<init>(SwipeableAndroidDriver.java:24)
	at com.kms.katalon.core.appium.driver.AppiumDriverManager.createMobileDriver(AppiumDriverManager.java:497)
	at com.kms.katalon.core.appium.driver.AppiumDriverManager.createMobileDriver(AppiumDriverManager.java:479)
	at com.kms.katalon.core.mobile.keyword.internal.MobileDriverFactory.startLocalMobileDriver(MobileDriverFactory.java:458)
	at com.kms.katalon.core.mobile.keyword.internal.MobileDriverFactory.startMobileDriver(MobileDriverFactory.java:372)
	at com.kms.katalon.core.mobile.keyword.builtin.StartApplicationKeyword$_startApplication_closure1.doCall(StartApplicationKeyword.groovy:49)
	at com.kms.katalon.core.mobile.keyword.builtin.StartApplicationKeyword$_startApplication_closure1.call(StartApplicationKeyword.groovy)
	at com.kms.katalon.core.mobile.keyword.internal.MobileKeywordMain.runKeyword(MobileKeywordMain.groovy:21)
	at com.kms.katalon.core.mobile.keyword.builtin.StartApplicationKeyword.startApplication(StartApplicationKeyword.groovy:51)
	at com.kms.katalon.core.mobile.keyword.builtin.StartApplicationKeyword.execute(StartApplicationKeyword.groovy:40)
	at com.kms.katalon.core.keyword.internal.KeywordExecutor.executeKeywordForPlatform(KeywordExecutor.groovy:72)
	at com.kms.katalon.core.mobile.keyword.MobileBuiltInKeywords.startApplication(MobileBuiltInKeywords.groovy:75)
	at com.kms.katalon.core.mobile.keyword.MobileBuiltInKeywords$startApplication.call(Unknown Source)
	at Passport.run(Passport:21)
	at com.kms.katalon.core.main.ScriptEngine.run(ScriptEngine.java:194)
	at com.kms.katalon.core.main.ScriptEngine.runScriptAsRawText(ScriptEngine.java:119)
	at com.kms.katalon.core.main.TestCaseExecutor.runScript(TestCaseExecutor.java:337)
	at com.kms.katalon.core.main.TestCaseExecutor.doExecute(TestCaseExecutor.java:328)
	at com.kms.katalon.core.main.TestCaseExecutor.processExecutionPhase(TestCaseExecutor.java:307)
	at com.kms.katalon.core.main.TestCaseExecutor.accessMainPhase(TestCaseExecutor.java:299)
	at com.kms.katalon.core.main.TestCaseExecutor.execute(TestCaseExecutor.java:233)
	at com.kms.katalon.core.main.TestSuiteExecutor.accessTestCaseMainPhase(TestSuiteExecutor.java:169)
	at com.kms.katalon.core.main.TestSuiteExecutor.accessTestSuiteMainPhase(TestSuiteExecutor.java:142)
	at com.kms.katalon.core.main.TestSuiteExecutor.execute(TestSuiteExecutor.java:91)
	at com.kms.katalon.core.main.TestCaseMain.startTestSuite(TestCaseMain.java:157)
	at com.kms.katalon.core.main.TestCaseMain$startTestSuite$0.call(Unknown Source)
	at TempTestSuite1596793462502.run(TempTestSuite1596793462502.groovy:36)
Caused by: java.lang.reflect.InvocationTargetException
	at io.appium.java_client.remote.AppiumCommandExecutor$1.createSession(AppiumCommandExecutor.java:186)
	at io.appium.java_client.remote.AppiumCommandExecutor.createSession(AppiumCommandExecutor.java:217)
	at io.appium.java_client.remote.AppiumCommandExecutor.execute(AppiumCommandExecutor.java:239)
	at org.openqa.selenium.remote.RemoteWebDriver.execute(RemoteWebDriver.java:552)
	at io.appium.java_client.DefaultGenericMobileDriver.execute(DefaultGenericMobileDriver.java:42)
	at io.appium.java_client.AppiumDriver.execute(AppiumDriver.java:1)
	at io.appium.java_client.android.AndroidDriver.execute(AndroidDriver.java:1)
	at com.kms.katalon.core.appium.driver.SwipeableAndroidDriver.execute(SwipeableAndroidDriver.java:1)
	at org.openqa.selenium.remote.RemoteWebDriver.startSession(RemoteWebDriver.java:213)
	at org.openqa.selenium.remote.RemoteWebDriver.<init>(RemoteWebDriver.java:131)
	at io.appium.java_client.DefaultGenericMobileDriver.<init>(DefaultGenericMobileDriver.java:38)
	at io.appium.java_client.AppiumDriver.<init>(AppiumDriver.java:84)
	at io.appium.java_client.android.AndroidDriver.<init>(AndroidDriver.java:85)
	at com.kms.katalon.core.appium.driver.SwipeableAndroidDriver.<init>(SwipeableAndroidDriver.java:24)
	at com.kms.katalon.core.appium.driver.AppiumDriverManager.createMobileDriver(AppiumDriverManager.java:497)
	at com.kms.katalon.core.appium.driver.AppiumDriverManager.createMobileDriver(AppiumDriverManager.java:479)
	at com.kms.katalon.core.mobile.keyword.internal.MobileDriverFactory.startLocalMobileDriver(MobileDriverFactory.java:458)
	at com.kms.katalon.core.mobile.keyword.internal.MobileDriverFactory.startMobileDriver(MobileDriverFactory.java:372)
	at com.kms.katalon.core.mobile.keyword.builtin.StartApplicationKeyword$_startApplication_closure1.doCall(StartApplicationKeyword.groovy:49)
	at com.kms.katalon.core.mobile.keyword.builtin.StartApplicationKeyword$_startApplication_closure1.call(StartApplicationKeyword.groovy)
	at com.kms.katalon.core.mobile.keyword.internal.MobileKeywordMain.runKeyword(MobileKeywordMain.groovy:21)
	at com.kms.katalon.core.mobile.keyword.builtin.StartApplicationKeyword.startApplication(StartApplicationKeyword.groovy:51)
	at com.kms.katalon.core.mobile.keyword.builtin.StartApplicationKeyword.execute(StartApplicationKeyword.groovy:40)
	at com.kms.katalon.core.keyword.internal.KeywordExecutor.executeKeywordForPlatform(KeywordExecutor.groovy:72)
	at com.kms.katalon.core.mobile.keyword.MobileBuiltInKeywords.startApplication(MobileBuiltInKeywords.groovy:75)
	at com.kms.katalon.core.mobile.keyword.MobileBuiltInKeywords$startApplication.call(Unknown Source)
	at Script1592810895079.run(Script1592810895079.groovy:21)
	... 13 more
Caused by: org.openqa.selenium.WebDriverException: An unknown server-side error occurred while processing the command. Original error: Error executing adbExec. Original error: 'Command 'C:\\Users\\LENOVO\\.katalon\\tools\\android_sdk\\platform-tools\\adb.exe -P 5037 -s 11cb9864 shell pm install -r -g /data/local/tmp/appium_cache/b429377d0e5f877b92357c12f6388201a2d5021f.apk' exited with code 255'; Stderr: 'Exception occurred while executing:
android.os.ParcelableException: java.io.IOException: Requested internal only, but not enough space
	at android.util.ExceptionUtils.wrap(ExceptionUtils.java:34)
	at com.android.server.pm.PackageInstallerService.createSession(PackageInstallerService.java:419)
	at com.android.server.pm.PackageManagerShellCommand.doCreateSession(PackageManagerShellCommand.java:2418)
	at com.android.server.pm.PackageManagerShellCommand.runInstall(PackageManagerShellCommand.java:907)
	at com.android.server.pm.PackageManagerShellCommand.onCommand(PackageManagerShellCommand.java:158)
	at android.os.ShellCommand.exec(ShellCommand.java:103)
	at com.android.server.pm.PackageManagerService.onShellCommand(PackageManagerService.java:21933)
	at android.os.Binder.shellCommand(Binder.java:634)
	at android.os.Binder.onTransact(Binder.java:532)
	at android.content.pm.IPackageManager$Stub.onTransact(IPackageManager.java:2809)
	at com.android.server.pm.PackageManagerService.onTransact(PackageManagerService.java:4023)
	at android.os.Binder.execTransact(Binder.java:735)
Caused by: java.io.IOException: Requested internal only, but not enough space
	at com.android.internal.content.PackageHelper.resolveInstallVolume(PackageHelper.java:232)
	at com.android.internal.content.PackageHelper.resolveInstallVolume(PackageHelper.java:148)
	at com.android.internal.content.PackageHelper.resolveInstallVolume(PackageHelper.java:163)
	at com.android.server.pm.PackageInstallerService.createSessionInternal(PackageInstallerService.java:516)
	at com.android.server.pm.PackageInstallerService.createSession(PackageInstallerService.java:417)
	... 10 more'; Code: '255'
Build info: version: '3.141.59', revision: 'e82be7d358', time: '2018-11-14T08:25:53'
System info: host: 'DESKTOP-CP3TV4N', ip: '192.168.43.112', os.name: 'Windows 10', os.arch: 'amd64', os.version: '10.0', java.version: '1.8.0_181'
Driver info: driver.version: SwipeableAndroidDriver
remote stacktrace: UnknownError: An unknown server-side error occurred while processing the command. Original error: Error executing adbExec. Original error: 'Command 'C:\\Users\\LENOVO\\.katalon\\tools\\android_sdk\\platform-tools\\adb.exe -P 5037 -s 11cb9864 shell pm install -r -g /data/local/tmp/appium_cache/b429377d0e5f877b92357c12f6388201a2d5021f.apk' exited with code 255'; Stderr: 'Exception occurred while executing:
android.os.ParcelableException: java.io.IOException: Requested internal only, but not enough space
	at android.util.ExceptionUtils.wrap(ExceptionUtils.java:34)
	at com.android.server.pm.PackageInstallerService.createSession(PackageInstallerService.java:419)
	at com.android.server.pm.PackageManagerShellCommand.doCreateSession(PackageManagerShellCommand.java:2418)
	at com.android.server.pm.PackageManagerShellCommand.runInstall(PackageManagerShellCommand.java:907)
	at com.android.server.pm.PackageManagerShellCommand.onCommand(PackageManagerShellCommand.java:158)
	at android.os.ShellCommand.exec(ShellCommand.java:103)
	at com.android.server.pm.PackageManagerService.onShellCommand(PackageManagerService.java:21933)
	at android.os.Binder.shellCommand(Binder.java:634)
	at android.os.Binder.onTransact(Binder.java:532)
	at android.content.pm.IPackageManager$Stub.onTransact(IPackageManager.java:2809)
	at com.android.server.pm.PackageManagerService.onTransact(PackageManagerService.java:4023)
	at android.os.Binder.execTransact(Binder.java:735)
Caused by: java.io.IOException: Requested internal only, but not enough space
	at com.android.internal.content.PackageHelper.resolveInstallVolume(PackageHelper.java:232)
	at com.android.internal.content.PackageHelper.resolveInstallVolume(PackageHelper.java:148)
	at com.android.internal.content.PackageHelper.resolveInstallVolume(PackageHelper.java:163)
	at com.android.server.pm.PackageInstallerService.createSessionInternal(PackageInstallerService.java:516)
	at com.android.server.pm.PackageInstallerService.createSession(PackageInstallerService.java:417)
	... 10 more'; Code: '255'
    at getResponseForW3CError (C:\Users\LENOVO\AppData\Roaming\npm\node_modules\appium\node_modules\appium-base-driver\lib\protocol\errors.js:804:9)
    at asyncHandler (C:\Users\LENOVO\AppData\Roaming\npm\node_modules\appium\node_modules\appium-base-driver\lib\protocol\protocol.js:388:37)
	at org.openqa.selenium.remote.W3CHandshakeResponse.lambda$errorHandler$0(W3CHandshakeResponse.java:62)
	at org.openqa.selenium.remote.HandshakeResponse.lambda$getResponseFunction$0(HandshakeResponse.java:30)
	at org.openqa.selenium.remote.ProtocolHandshake.lambda$createSession$0(ProtocolHandshake.java:126)
	at org.openqa.selenium.remote.ProtocolHandshake.createSession(ProtocolHandshake.java:128)
	... 40 more
)
	at com.kms.katalon.core.keyword.internal.KeywordMain.stepFailed(KeywordMain.groovy:39)
	at com.kms.katalon.core.mobile.keyword.internal.MobileKeywordMain.stepFailed(MobileKeywordMain.groovy:40)
	at com.kms.katalon.core.mobile.keyword.internal.MobileKeywordMain.runKeyword(MobileKeywordMain.groovy:23)
	at com.kms.katalon.core.mobile.keyword.builtin.StartApplicationKeyword.startApplication(StartApplicationKeyword.groovy:51)
	at com.kms.katalon.core.mobile.keyword.builtin.StartApplicationKeyword.execute(StartApplicationKeyword.groovy:40)
	at com.kms.katalon.core.keyword.internal.KeywordExecutor.executeKeywordForPlatform(KeywordExecutor.groovy:72)
	at com.kms.katalon.core.mobile.keyword.MobileBuiltInKeywords.startApplication(MobileBuiltInKeywords.groovy:75)
	at com.kms.katalon.core.mobile.keyword.MobileBuiltInKeywords$startApplication.call(Unknown Source)
	at Passport.run(Passport:21)
	at com.kms.katalon.core.main.ScriptEngine.run(ScriptEngine.java:194)
	at com.kms.katalon.core.main.ScriptEngine.runScriptAsRawText(ScriptEngine.java:119)
	at com.kms.katalon.core.main.TestCaseExecutor.runScript(TestCaseExecutor.java:337)
	at com.kms.katalon.core.main.TestCaseExecutor.doExecute(TestCaseExecutor.java:328)
	at com.kms.katalon.core.main.TestCaseExecutor.processExecutionPhase(TestCaseExecutor.java:307)
	at com.kms.katalon.core.main.TestCaseExecutor.accessMainPhase(TestCaseExecutor.java:299)
	at com.kms.katalon.core.main.TestCaseExecutor.execute(TestCaseExecutor.java:233)
	at com.kms.katalon.core.main.TestSuiteExecutor.accessTestCaseMainPhase(TestSuiteExecutor.java:169)
	at com.kms.katalon.core.main.TestSuiteExecutor.accessTestSuiteMainPhase(TestSuiteExecutor.java:142)
	at com.kms.katalon.core.main.TestSuiteExecutor.execute(TestSuiteExecutor.java:91)
	at com.kms.katalon.core.main.TestCaseMain.startTestSuite(TestCaseMain.java:157)
	at com.kms.katalon.core.main.TestCaseMain$startTestSuite$0.call(Unknown Source)
	at TempTestSuite1596793462502.run(TempTestSuite1596793462502.groovy:36)
Caused by: org.openqa.selenium.SessionNotCreatedException: Unable to create a new remote session. Please check the server log for more details. Original error: An unknown server-side error occurred while processing the command. Original error: Error executing adbExec. Original error: 'Command 'C:\\Users\\LENOVO\\.katalon\\tools\\android_sdk\\platform-tools\\adb.exe -P 5037 -s 11cb9864 shell pm install -r -g /data/local/tmp/appium_cache/b429377d0e5f877b92357c12f6388201a2d5021f.apk' exited with code 255'; Stderr: 'Exception occurred while executing:
android.os.ParcelableException: java.io.IOException: Requested internal only, but not enough space
	at android.util.ExceptionUtils.wrap(ExceptionUtils.java:34)
	at com.android.server.pm.PackageInstallerService.createSession(PackageInstallerService.java:419)
	at com.android.server.pm.PackageManagerShellCommand.doCreateSession(PackageManagerShellCommand.java:2418)
	at com.android.server.pm.PackageManagerShellCommand.runInstall(PackageManagerShellCommand.java:907)
	at com.android.server.pm.PackageManagerShellCommand.onCommand(PackageManagerShellCommand.java:158)
	at android.os.ShellCommand.exec(ShellCommand.java:103)
	at com.android.server.pm.PackageManagerService.onShellCommand(PackageManagerService.java:21933)
	at android.os.Binder.shellCommand(Binder.java:634)
	at android.os.Binder.onTransact(Binder.java:532)
	at android.content.pm.IPackageManager$Stub.onTransact(IPackageManager.java:2809)
	at com.android.server.pm.PackageManagerService.onTransact(PackageManagerService.java:4023)
	at android.os.Binder.execTransact(Binder.java:735)
Caused by: java.io.IOException: Requested internal only, but not enough space
	at com.android.internal.content.PackageHelper.resolveInstallVolume(PackageHelper.java:232)
	at com.android.internal.content.PackageHelper.resolveInstallVolume(PackageHelper.java:148)
	at com.android.internal.content.PackageHelper.resolveInstallVolume(PackageHelper.java:163)
	at com.android.server.pm.PackageInstallerService.createSessionInternal(PackageInstallerService.java:516)
	at com.android.server.pm.PackageInstallerService.createSession(PackageInstallerService.java:417)
	... 10 more'; Code: '255'
Build info: version: '3.141.59', revision: 'e82be7d358', time: '2018-11-14T08:25:53'
System info: host: 'DESKTOP-CP3TV4N', ip: '192.168.43.112', os.name: 'Windows 10', os.arch: 'amd64', os.version: '10.0', java.version: '1.8.0_181'
Driver info: driver.version: SwipeableAndroidDriver
remote stacktrace: UnknownError: An unknown server-side error occurred while processing the command. Original error: Error executing adbExec. Original error: 'Command 'C:\\Users\\LENOVO\\.katalon\\tools\\android_sdk\\platform-tools\\adb.exe -P 5037 -s 11cb9864 shell pm install -r -g /data/local/tmp/appium_cache/b429377d0e5f877b92357c12f6388201a2d5021f.apk' exited with code 255'; Stderr: 'Exception occurred while executing:
android.os.ParcelableException: java.io.IOException: Requested internal only, but not enough space
	at android.util.ExceptionUtils.wrap(ExceptionUtils.java:34)
	at com.android.server.pm.PackageInstallerService.createSession(PackageInstallerService.java:419)
	at com.android.server.pm.PackageManagerShellCommand.doCreateSession(PackageManagerShellCommand.java:2418)
	at com.android.server.pm.PackageManagerShellCommand.runInstall(PackageManagerShellCommand.java:907)
	at com.android.server.pm.PackageManagerShellCommand.onCommand(PackageManagerShellCommand.java:158)
	at android.os.ShellCommand.exec(ShellCommand.java:103)
	at com.android.server.pm.PackageManagerService.onShellCommand(PackageManagerService.java:21933)
	at android.os.Binder.shellCommand(Binder.java:634)
	at android.os.Binder.onTransact(Binder.java:532)
	at android.content.pm.IPackageManager$Stub.onTransact(IPackageManager.java:2809)
	at com.android.server.pm.PackageManagerService.onTransact(PackageManagerService.java:4023)
	at android.os.Binder.execTransact(Binder.java:735)
Caused by: java.io.IOException: Requested internal only, but not enough space
	at com.android.internal.content.PackageHelper.resolveInstallVolume(PackageHelper.java:232)
	at com.android.internal.content.PackageHelper.resolveInstallVolume(PackageHelper.java:148)
	at com.android.internal.content.PackageHelper.resolveInstallVolume(PackageHelper.java:163)
	at com.android.server.pm.PackageInstallerService.createSessionInternal(PackageInstallerService.java:516)
	at com.android.server.pm.PackageInstallerService.createSession(PackageInstallerService.java:417)
	... 10 more'; Code: '255'
    at getResponseForW3CError (C:\Users\LENOVO\AppData\Roaming\npm\node_modules\appium\node_modules\appium-base-driver\lib\protocol\errors.js:804:9)
    at asyncHandler (C:\Users\LENOVO\AppData\Roaming\npm\node_modules\appium\node_modules\appium-base-driver\lib\protocol\protocol.js:388:37)
Build info: version: '3.141.59', revision: 'e82be7d358', time: '2018-11-14T08:25:53'
System info: host: 'DESKTOP-CP3TV4N', ip: '192.168.43.112', os.name: 'Windows 10', os.arch: 'amd64', os.version: '10.0', java.version: '1.8.0_181'
Driver info: driver.version: SwipeableAndroidDriver
	at io.appium.java_client.remote.AppiumCommandExecutor$1.createSession(AppiumCommandExecutor.java:208)
	at io.appium.java_client.remote.AppiumCommandExecutor.createSession(AppiumCommandExecutor.java:217)
	at io.appium.java_client.remote.AppiumCommandExecutor.execute(AppiumCommandExecutor.java:239)
	at org.openqa.selenium.remote.RemoteWebDriver.execute(RemoteWebDriver.java:552)
	at io.appium.java_client.DefaultGenericMobileDriver.execute(DefaultGenericMobileDriver.java:42)
	at io.appium.java_client.AppiumDriver.execute(AppiumDriver.java:1)
	at io.appium.java_client.android.AndroidDriver.execute(AndroidDriver.java:1)
	at com.kms.katalon.core.appium.driver.SwipeableAndroidDriver.execute(SwipeableAndroidDriver.java:1)
	at org.openqa.selenium.remote.RemoteWebDriver.startSession(RemoteWebDriver.java:213)
	at org.openqa.selenium.remote.RemoteWebDriver.<init>(RemoteWebDriver.java:131)
	at io.appium.java_client.DefaultGenericMobileDriver.<init>(DefaultGenericMobileDriver.java:38)
	at io.appium.java_client.AppiumDriver.<init>(AppiumDriver.java:84)
	at io.appium.java_client.android.AndroidDriver.<init>(AndroidDriver.java:85)
	at com.kms.katalon.core.appium.driver.SwipeableAndroidDriver.<init>(SwipeableAndroidDriver.java:24)
	at com.kms.katalon.core.appium.driver.AppiumDriverManager.createMobileDriver(AppiumDriverManager.java:497)
	at com.kms.katalon.core.appium.driver.AppiumDriverManager.createMobileDriver(AppiumDriverManager.java:479)
	at com.kms.katalon.core.mobile.keyword.internal.MobileDriverFactory.startLocalMobileDriver(MobileDriverFactory.java:458)
	at com.kms.katalon.core.mobile.keyword.internal.MobileDriverFactory.startMobileDriver(MobileDriverFactory.java:372)
	at com.kms.katalon.core.mobile.keyword.builtin.StartApplicationKeyword$_startApplication_closure1.doCall(StartApplicationKeyword.groovy:49)
	at com.kms.katalon.core.mobile.keyword.builtin.StartApplicationKeyword$_startApplication_closure1.call(StartApplicationKeyword.groovy)
	at com.kms.katalon.core.mobile.keyword.internal.MobileKeywordMain.runKeyword(MobileKeywordMain.groovy:21)
	... 19 more
Caused by: java.lang.reflect.InvocationTargetException
	at io.appium.java_client.remote.AppiumCommandExecutor$1.createSession(AppiumCommandExecutor.java:186)
	at io.appium.java_client.remote.AppiumCommandExecutor.createSession(AppiumCommandExecutor.java:217)
	at io.appium.java_client.remote.AppiumCommandExecutor.execute(AppiumCommandExecutor.java:239)
	at org.openqa.selenium.remote.RemoteWebDriver.execute(RemoteWebDriver.java:552)
	at io.appium.java_client.DefaultGenericMobileDriver.execute(DefaultGenericMobileDriver.java:42)
	at io.appium.java_client.AppiumDriver.execute(AppiumDriver.java:1)
	at io.appium.java_client.android.AndroidDriver.execute(AndroidDriver.java:1)
	at com.kms.katalon.core.appium.driver.SwipeableAndroidDriver.execute(SwipeableAndroidDriver.java:1)
	at org.openqa.selenium.remote.RemoteWebDriver.startSession(RemoteWebDriver.java:213)
	at org.openqa.selenium.remote.RemoteWebDriver.<init>(RemoteWebDriver.java:131)
	at io.appium.java_client.DefaultGenericMobileDriver.<init>(DefaultGenericMobileDriver.java:38)
	at io.appium.java_client.AppiumDriver.<init>(AppiumDriver.java:84)
	at io.appium.java_client.android.AndroidDriver.<init>(AndroidDriver.java:85)
	at com.kms.katalon.core.appium.driver.SwipeableAndroidDriver.<init>(SwipeableAndroidDriver.java:24)
	at com.kms.katalon.core.appium.driver.AppiumDriverManager.createMobileDriver(AppiumDriverManager.java:497)
	at com.kms.katalon.core.appium.driver.AppiumDriverManager.createMobileDriver(AppiumDriverManager.java:479)
	at com.kms.katalon.core.mobile.keyword.internal.MobileDriverFactory.startLocalMobileDriver(MobileDriverFactory.java:458)
	at com.kms.katalon.core.mobile.keyword.internal.MobileDriverFactory.startMobileDriver(MobileDriverFactory.java:372)
	at com.kms.katalon.core.mobile.keyword.builtin.StartApplicationKeyword$_startApplication_closure1.doCall(StartApplicationKeyword.groovy:49)
	at com.kms.katalon.core.mobile.keyword.builtin.StartApplicationKeyword$_startApplication_closure1.call(StartApplicationKeyword.groovy)
	at com.kms.katalon.core.mobile.keyword.internal.MobileKeywordMain.runKeyword(MobileKeywordMain.groovy:21)
	at com.kms.katalon.core.mobile.keyword.builtin.StartApplicationKeyword.startApplication(StartApplicationKeyword.groovy:51)
	at com.kms.katalon.core.mobile.keyword.builtin.StartApplicationKeyword.execute(StartApplicationKeyword.groovy:40)
	at com.kms.katalon.core.keyword.internal.KeywordExecutor.executeKeywordForPlatform(KeywordExecutor.groovy:72)
	at com.kms.katalon.core.mobile.keyword.MobileBuiltInKeywords.startApplication(MobileBuiltInKeywords.groovy:75)
	at com.kms.katalon.core.mobile.keyword.MobileBuiltInKeywords$startApplication.call(Unknown Source)
	at Script1592810895079.run(Script1592810895079.groovy:21)
	... 13 more
Caused by: org.openqa.selenium.WebDriverException: An unknown server-side error occurred while processing the command. Original error: Error executing adbExec. Original error: 'Command 'C:\\Users\\LENOVO\\.katalon\\tools\\android_sdk\\platform-tools\\adb.exe -P 5037 -s 11cb9864 shell pm install -r -g /data/local/tmp/appium_cache/b429377d0e5f877b92357c12f6388201a2d5021f.apk' exited with code 255'; Stderr: 'Exception occurred while executing:
android.os.ParcelableException: java.io.IOException: Requested internal only, but not enough space
	at android.util.ExceptionUtils.wrap(ExceptionUtils.java:34)
	at com.android.server.pm.PackageInstallerService.createSession(PackageInstallerService.java:419)
	at com.android.server.pm.PackageManagerShellCommand.doCreateSession(PackageManagerShellCommand.java:2418)
	at com.android.server.pm.PackageManagerShellCommand.runInstall(PackageManagerShellCommand.java:907)
	at com.android.server.pm.PackageManagerShellCommand.onCommand(PackageManagerShellCommand.java:158)
	at android.os.ShellCommand.exec(ShellCommand.java:103)
	at com.android.server.pm.PackageManagerService.onShellCommand(PackageManagerService.java:21933)
	at android.os.Binder.shellCommand(Binder.java:634)
	at android.os.Binder.onTransact(Binder.java:532)
	at android.content.pm.IPackageManager$Stub.onTransact(IPackageManager.java:2809)
	at com.android.server.pm.PackageManagerService.onTransact(PackageManagerService.java:4023)
	at android.os.Binder.execTransact(Binder.java:735)
Caused by: java.io.IOException: Requested internal only, but not enough space
	at com.android.internal.content.PackageHelper.resolveInstallVolume(PackageHelper.java:232)
	at com.android.internal.content.PackageHelper.resolveInstallVolume(PackageHelper.java:148)
	at com.android.internal.content.PackageHelper.resolveInstallVolume(PackageHelper.java:163)
	at com.android.server.pm.PackageInstallerService.createSessionInternal(PackageInstallerService.java:516)
	at com.android.server.pm.PackageInstallerService.createSession(PackageInstallerService.java:417)
	... 10 more'; Code: '255'
Build info: version: '3.141.59', revision: 'e82be7d358', time: '2018-11-14T08:25:53'
System info: host: 'DESKTOP-CP3TV4N', ip: '192.168.43.112', os.name: 'Windows 10', os.arch: 'amd64', os.version: '10.0', java.version: '1.8.0_181'
Driver info: driver.version: SwipeableAndroidDriver
remote stacktrace: UnknownError: An unknown server-side error occurred while processing the command. Original error: Error executing adbExec. Original error: 'Command 'C:\\Users\\LENOVO\\.katalon\\tools\\android_sdk\\platform-tools\\adb.exe -P 5037 -s 11cb9864 shell pm install -r -g /data/local/tmp/appium_cache/b429377d0e5f877b92357c12f6388201a2d5021f.apk' exited with code 255'; Stderr: 'Exception occurred while executing:
android.os.ParcelableException: java.io.IOException: Requested internal only, but not enough space
	at android.util.ExceptionUtils.wrap(ExceptionUtils.java:34)
	at com.android.server.pm.PackageInstallerService.createSession(PackageInstallerService.java:419)
	at com.android.server.pm.PackageManagerShellCommand.doCreateSession(PackageManagerShellCommand.java:2418)
	at com.android.server.pm.PackageManagerShellCommand.runInstall(PackageManagerShellCommand.java:907)
	at com.android.server.pm.PackageManagerShellCommand.onCommand(PackageManagerShellCommand.java:158)
	at android.os.ShellCommand.exec(ShellCommand.java:103)
	at com.android.server.pm.PackageManagerService.onShellCommand(PackageManagerService.java:21933)
	at android.os.Binder.shellCommand(Binder.java:634)
	at android.os.Binder.onTransact(Binder.java:532)
	at android.content.pm.IPackageManager$Stub.onTransact(IPackageManager.java:2809)
	at com.android.server.pm.PackageManagerService.onTransact(PackageManagerService.java:4023)
	at android.os.Binder.execTransact(Binder.java:735)
Caused by: java.io.IOException: Requested internal only, but not enough space
	at com.android.internal.content.PackageHelper.resolveInstallVolume(PackageHelper.java:232)
	at com.android.internal.content.PackageHelper.resolveInstallVolume(PackageHelper.java:148)
	at com.android.internal.content.PackageHelper.resolveInstallVolume(PackageHelper.java:163)
	at com.android.server.pm.PackageInstallerService.createSessionInternal(PackageInstallerService.java:516)
	at com.android.server.pm.PackageInstallerService.createSession(PackageInstallerService.java:417)
	... 10 more'; Code: '255'
    at getResponseForW3CError (C:\Users\LENOVO\AppData\Roaming\npm\node_modules\appium\node_modules\appium-base-driver\lib\protocol\errors.js:804:9)
    at asyncHandler (C:\Users\LENOVO\AppData\Roaming\npm\node_modules\appium\node_modules\appium-base-driver\lib\protocol\protocol.js:388:37)
	at org.openqa.selenium.remote.W3CHandshakeResponse.lambda$errorHandler$0(W3CHandshakeResponse.java:62)
	at org.openqa.selenium.remote.HandshakeResponse.lambda$getResponseFunction$0(HandshakeResponse.java:30)
	at org.openqa.selenium.remote.ProtocolHandshake.lambda$createSession$0(ProtocolHandshake.java:126)
	at org.openqa.selenium.remote.ProtocolHandshake.createSession(ProtocolHandshake.java:128)
	at io.appium.java_client.remote.AppiumCommandExecutor$1.createSession(AppiumCommandExecutor.java:186)
	at io.appium.java_client.remote.AppiumCommandExecutor.createSession(AppiumCommandExecutor.java:217)
	at io.appium.java_client.remote.AppiumCommandExecutor.execute(AppiumCommandExecutor.java:239)
	at org.openqa.selenium.remote.RemoteWebDriver.execute(RemoteWebDriver.java:552)
	at io.appium.java_client.DefaultGenericMobileDriver.execute(DefaultGenericMobileDriver.java:42)
	at io.appium.java_client.AppiumDriver.execute(AppiumDriver.java:1)
	at io.appium.java_client.android.AndroidDriver.execute(AndroidDriver.java:1)
	at com.kms.katalon.core.appium.driver.SwipeableAndroidDriver.execute(SwipeableAndroidDriver.java:1)
	at org.openqa.selenium.remote.RemoteWebDriver.startSession(RemoteWebDriver.java:213)
	at org.openqa.selenium.remote.RemoteWebDriver.<init>(RemoteWebDriver.java:131)
	at io.appium.java_client.DefaultGenericMobileDriver.<init>(DefaultGenericMobileDriver.java:38)
	at io.appium.java_client.AppiumDriver.<init>(AppiumDriver.java:84)
	at io.appium.java_client.android.AndroidDriver.<init>(AndroidDriver.java:85)
	at com.kms.katalon.core.appium.driver.SwipeableAndroidDriver.<init>(SwipeableAndroidDriver.java:24)
	at com.kms.katalon.core.appium.driver.AppiumDriverManager.createMobileDriver(AppiumDriverManager.java:497)
	at com.kms.katalon.core.appium.driver.AppiumDriverManager.createMobileDriver(AppiumDriverManager.java:479)
	at com.kms.katalon.core.mobile.keyword.internal.MobileDriverFactory.startLocalMobileDriver(MobileDriverFactory.java:458)
	at com.kms.katalon.core.mobile.keyword.internal.MobileDriverFactory.startMobileDriver(MobileDriverFactory.java:372)
	at com.kms.katalon.core.mobile.keyword.builtin.StartApplicationKeyword$_startApplication_closure1.doCall(StartApplicationKeyword.groovy:49)
	at com.kms.katalon.core.mobile.keyword.builtin.StartApplicationKeyword$_startApplication_closure1.call(StartApplicationKeyword.groovy)
	at com.kms.katalon.core.mobile.keyword.internal.MobileKeywordMain.runKeyword(MobileKeywordMain.groovy:21)
	at com.kms.katalon.core.mobile.keyword.builtin.StartApplicationKeyword.startApplication(StartApplicationKeyword.groovy:51)
	at com.kms.katalon.core.mobile.keyword.builtin.StartApplicationKeyword.execute(StartApplicationKeyword.groovy:40)
	at com.kms.katalon.core.keyword.internal.KeywordExecutor.executeKeywordForPlatform(KeywordExecutor.groovy:72)
	at com.kms.katalon.core.mobile.keyword.MobileBuiltInKeywords.startApplication(MobileBuiltInKeywords.groovy:75)
	at com.kms.katalon.core.mobile.keyword.MobileBuiltInKeywords$startApplication.call(Unknown Source)
	at Passport.run(Passport:21)
	... 13 more]]></system-err>
   </testsuite>
</testsuites>
