<?xml version="1.0" encoding="UTF-8"?>
<testsuites name="UAT Test Suite" time="831.381" tests="1" failures="1" errors="0">
   <testsuite name="UAT Test Suite" tests="1" failures="1" errors="0" time="831.381" timestamp="2020-08-18 13:25:02" hostname="LENOVO - DESKTOP-CP3TV4N" id="Test Suites/Maya UAT/UAT Test Suite">
      <properties>
         <property name="deviceName" value="Xiaomi Redmi Note 7S (Android 9)"/>
         <property name="devicePlatform" value=""/>
         <property name="logFolder" value="C:\\Users\\LENOVO\\Git_new\\Maya\\Reports\\20200818_132459\\Maya UAT\\UAT Test Suite\\20200818_132459"/>
         <property name="logFiles" value="C:\\Users\\LENOVO\\Git_new\\Maya\\Reports\\20200818_132459\\Maya UAT\\UAT Test Suite\\20200818_132459\\appium.log, C:\\Users\\LENOVO\\Git_new\\Maya\\Reports\\20200818_132459\\Maya UAT\\UAT Test Suite\\20200818_132459\\execution0.log"/>
         <property name="attachments" value="C:\\Users\\LENOVO\\Screenshot\\Third Party\\Screenshot1, C:\\Users\\LENOVO\\Screenshot\\Third Party\\Screenshot2, C:\\Users\\LENOVO\\Screenshot\\Third Party\\Screenshot3, C:\\Users\\LENOVO\\Screenshot\\Third Party\\Screenshot4, C:\\Users\\LENOVO\\Screenshot\\Third Party\\Screenshot5, C:\\Users\\LENOVO\\Screenshot\\Third Party\\Screenshot6, C:\\Users\\LENOVO\\Screenshot\\Third Party\\Screenshot7, C:\\Users\\LENOVO\\Screenshot\\Third Party\\Screenshot8, C:\\Users\\LENOVO\\Screenshot\\Third Party\\Screenshot9, C:\\Users\\LENOVO\\Screenshot\\Third Party\\Screenshot10, C:\\Users\\LENOVO\\Screenshot\\Third Party\\Screenshot11, C:\\Users\\LENOVO\\Screenshot\\Third Party\\Screenshot12, C:\\Users\\LENOVO\\Screenshot\\Third Party\\Screenshot13, C:\\Users\\LENOVO\\Screenshot\\Third Party\\Screenshot19, C:\\Users\\LENOVO\\Git_new\\Maya\\Reports\\20200818_132459\\Maya UAT\\UAT Test Suite\\20200818_132459\\1597728504502.png, C:\\Users\\LENOVO\\Git_new\\Maya\\Reports\\20200818_132459\\Maya UAT\\UAT Test Suite\\20200818_132459\\1597728515563.png, C:\\Users\\LENOVO\\Screenshot\\Third Party\\Screenshot15, C:\\Users\\LENOVO\\Git_new\\Maya\\Reports\\20200818_132459\\Maya UAT\\UAT Test Suite\\20200818_132459\\1597728530900.png, C:\\Users\\LENOVO\\Git_new\\Maya\\Reports\\20200818_132459\\Maya UAT\\UAT Test Suite\\20200818_132459\\1597728541967.png, C:\\Users\\LENOVO\\Screenshot\\Third Party\\Screenshot2, C:\\Users\\LENOVO\\Screenshot\\Third Party\\Screenshot3, C:\\Users\\LENOVO\\Screenshot\\Third Party\\Screenshot4, C:\\Users\\LENOVO\\Screenshot\\Third Party\\Screenshot16, C:\\Users\\LENOVO\\Screenshot\\Third Party\\Screenshot18, C:\\Users\\LENOVO\\Screenshot\\Third Party Fav\\ConfDuitNow.png, C:\\Users\\LENOVO\\Screenshot\\Third Party\\Screenshot19, C:\\Users\\LENOVO\\Git_new\\Maya\\Reports\\20200818_132459\\Maya UAT\\UAT Test Suite\\20200818_132459\\1597728666560.png, C:\\Users\\LENOVO\\Git_new\\Maya\\Reports\\20200818_132459\\Maya UAT\\UAT Test Suite\\20200818_132459\\1597728692015.png, C:\\Users\\LENOVO\\Screenshot\\Third Party Fav\\TransferSuccess.png, C:\\Users\\LENOVO\\Git_new\\Maya\\Reports\\20200818_132459\\Maya UAT\\UAT Test Suite\\20200818_132459\\1597728706002.png, C:\\Users\\LENOVO\\Git_new\\Maya\\Reports\\20200818_132459\\Maya UAT\\UAT Test Suite\\20200818_132459\\1597728725571.png, C:\\Users\\LENOVO\\Git_new\\Maya\\Reports\\20200818_132459\\Maya UAT\\UAT Test Suite\\20200818_132459\\1597728736960.png, C:\\Users\\LENOVO\\Git_new\\Maya\\Reports\\20200818_132459\\Maya UAT\\UAT Test Suite\\20200818_132459\\1597728748018.png, C:\\Users\\LENOVO\\Screenshot\\Third Party\\Screenshot24, C:\\Users\\LENOVO\\Git_new\\Maya\\Reports\\20200818_132459\\Maya UAT\\UAT Test Suite\\20200818_132459\\1597728759936.png, C:\\Users\\LENOVO\\Git_new\\Maya\\Reports\\20200818_132459\\Maya UAT\\UAT Test Suite\\20200818_132459\\1597728771204.png, C:\\Users\\LENOVO\\Git_new\\Maya\\Reports\\20200818_132459\\Maya UAT\\UAT Test Suite\\20200818_132459\\1597728782769.png, C:\\Users\\LENOVO\\Git_new\\Maya\\Reports\\20200818_132459\\Maya UAT\\UAT Test Suite\\20200818_132459\\1597728793959.png, C:\\Users\\LENOVO\\Git_new\\Maya\\Reports\\20200818_132459\\Maya UAT\\UAT Test Suite\\20200818_132459\\1597728805172.png, C:\\Users\\LENOVO\\Git_new\\Maya\\Reports\\20200818_132459\\Maya UAT\\UAT Test Suite\\20200818_132459\\1597728816337.png, C:\\Users\\LENOVO\\Git_new\\Maya\\Reports\\20200818_132459\\Maya UAT\\UAT Test Suite\\20200818_132459\\1597728827355.png, C:\\Users\\LENOVO\\Git_new\\Maya\\Reports\\20200818_132459\\Maya UAT\\UAT Test Suite\\20200818_132459\\1597728838684.png, C:\\Users\\LENOVO\\Git_new\\Maya\\Reports\\20200818_132459\\Maya UAT\\UAT Test Suite\\20200818_132459\\1597728849809.png, C:\\Users\\LENOVO\\Git_new\\Maya\\Reports\\20200818_132459\\Maya UAT\\UAT Test Suite\\20200818_132459\\1597728861249.png, C:\\Users\\LENOVO\\Git_new\\Maya\\Reports\\20200818_132459\\Maya UAT\\UAT Test Suite\\20200818_132459\\1597728872470.png, C:\\Users\\LENOVO\\Git_new\\Maya\\Reports\\20200818_132459\\Maya UAT\\UAT Test Suite\\20200818_132459\\1597728883593.png, C:\\Users\\LENOVO\\Git_new\\Maya\\Reports\\20200818_132459\\Maya UAT\\UAT Test Suite\\20200818_132459\\1597728894488.png, C:\\Users\\LENOVO\\Git_new\\Maya\\Reports\\20200818_132459\\Maya UAT\\UAT Test Suite\\20200818_132459\\1597728905674.png, C:\\Users\\LENOVO\\Git_new\\Maya\\Reports\\20200818_132459\\Maya UAT\\UAT Test Suite\\20200818_132459\\1597728916863.png, C:\\Users\\LENOVO\\Git_new\\Maya\\Reports\\20200818_132459\\Maya UAT\\UAT Test Suite\\20200818_132459\\1597728934758.png, C:\\Users\\LENOVO\\Git_new\\Maya\\Reports\\20200818_132459\\Maya UAT\\UAT Test Suite\\20200818_132459\\1597728945943.png, C:\\Users\\LENOVO\\Git_new\\Maya\\Reports\\20200818_132459\\Maya UAT\\UAT Test Suite\\20200818_132459\\1597728957541.png, C:\\Users\\LENOVO\\Git_new\\Maya\\Reports\\20200818_132459\\Maya UAT\\UAT Test Suite\\20200818_132459\\1597728969100.png, C:\\Users\\LENOVO\\Git_new\\Maya\\Reports\\20200818_132459\\Maya UAT\\UAT Test Suite\\20200818_132459\\1597728980340.png, C:\\Users\\LENOVO\\Git_new\\Maya\\Reports\\20200818_132459\\Maya UAT\\UAT Test Suite\\20200818_132459\\1597728991712.png, C:\\Users\\LENOVO\\Git_new\\Maya\\Reports\\20200818_132459\\Maya UAT\\UAT Test Suite\\20200818_132459\\1597729003786.png, C:\\Users\\LENOVO\\Git_new\\Maya\\Reports\\20200818_132459\\Maya UAT\\UAT Test Suite\\20200818_132459\\1597729014866.png, C:\\Users\\LENOVO\\Screenshot\\Third Party\\Screenshot26, C:\\Users\\LENOVO\\Screenshot\\DuitNowProxy\\Screen4.png, C:\\Users\\LENOVO\\Git_new\\Maya\\Reports\\20200818_132459\\Maya UAT\\UAT Test Suite\\20200818_132459\\1597729054591.png, C:\\Users\\LENOVO\\Screenshot\\Third Party\\Screenshot20, C:\\Users\\LENOVO\\Git_new\\Maya\\Reports\\20200818_132459\\Maya UAT\\UAT Test Suite\\20200818_132459\\1597729114526.png, C:\\Users\\LENOVO\\Git_new\\Maya\\Reports\\20200818_132459\\Maya UAT\\UAT Test Suite\\20200818_132459\\1597729126131.png, C:\\Users\\LENOVO\\Screenshot\\DuitNow\\Screen39.png"/>
         <property name="hostName" value="LENOVO - DESKTOP-CP3TV4N"/>
         <property name="os" value="Windows 10 64bit"/>
         <property name="appiumServerStatus" value="{\&quot;value\&quot;:{\&quot;build\&quot;:{\&quot;version\&quot;:\&quot;1.15.1\&quot;}},\&quot;sessionId\&quot;:null,\&quot;status\&quot;:0}"/>
         <property name="katalonVersion" value="7.2.7.1"/>
         <property name="deviceOS" value="Android"/>
         <property name="appiumVersion" value="1.15.1"/>
         <property name="deviceModel" value="Redmi Note 7S"/>
         <property name="hostAddress" value="127.0.0.1"/>
         <property name="deviceManufacturer" value="Xiaomi"/>
         <property name="deviceId" value="11cb9864"/>
         <property name="deviceName" value="Xiaomi Redmi Note 7S (Android 9)"/>
         <property name="deviceOSVersion" value="9"/>
      </properties>
      <testcase name="Test Cases/JINU/DuItNow/Transfer DuITNow NRIC" time="826.399" classname="Test Cases/JINU/DuItNow/Transfer DuITNow NRIC" status="FAILED">
         <failure type="FAILED" message="Test Cases/JINU/DuItNow/Transfer DuITNow NRIC FAILED.
Reason:
com.kms.katalon.core.exception.StepFailedException: Element 'Object Repository/Maya/spy/android.widget.TextView0 - Your TAC no. is 822872v3' not found
	at com.kms.katalon.core.keyword.internal.KeywordMain.stepFailed(KeywordMain.groovy:39)
	at com.kms.katalon.core.mobile.keyword.internal.MobileKeywordMain.stepFailed(MobileKeywordMain.groovy:40)
	at com.kms.katalon.core.mobile.keyword.builtin.VerifyElementExistKeyword$_verifyElementExist_closure1.doCall(VerifyElementExistKeyword.groovy:77)
	at com.kms.katalon.core.mobile.keyword.builtin.VerifyElementExistKeyword$_verifyElementExist_closure1.call(VerifyElementExistKeyword.groovy)
	at com.kms.katalon.core.mobile.keyword.internal.MobileKeywordMain.runKeyword(MobileKeywordMain.groovy:21)
	at com.kms.katalon.core.mobile.keyword.builtin.VerifyElementExistKeyword.verifyElementExist(VerifyElementExistKeyword.groovy:80)
	at com.kms.katalon.core.mobile.keyword.builtin.VerifyElementExistKeyword.execute(VerifyElementExistKeyword.groovy:64)
	at com.kms.katalon.core.keyword.internal.KeywordExecutor.executeKeywordForPlatform(KeywordExecutor.groovy:72)
	at com.kms.katalon.core.mobile.keyword.MobileBuiltInKeywords.verifyElementExist(MobileBuiltInKeywords.groovy:809)
	at com.kms.katalon.core.mobile.keyword.MobileBuiltInKeywords$verifyElementExist$5.call(Unknown Source)
	at Transfer DuITNow NRIC.run(Transfer DuITNow NRIC:253)
	at com.kms.katalon.core.main.ScriptEngine.run(ScriptEngine.java:194)
	at com.kms.katalon.core.main.ScriptEngine.runScriptAsRawText(ScriptEngine.java:119)
	at com.kms.katalon.core.main.TestCaseExecutor.runScript(TestCaseExecutor.java:337)
	at com.kms.katalon.core.main.TestCaseExecutor.doExecute(TestCaseExecutor.java:328)
	at com.kms.katalon.core.main.TestCaseExecutor.processExecutionPhase(TestCaseExecutor.java:307)
	at com.kms.katalon.core.main.TestCaseExecutor.accessMainPhase(TestCaseExecutor.java:299)
	at com.kms.katalon.core.main.TestCaseExecutor.execute(TestCaseExecutor.java:233)
	at com.kms.katalon.core.main.TestSuiteExecutor.accessTestCaseMainPhase(TestSuiteExecutor.java:169)
	at com.kms.katalon.core.main.TestSuiteExecutor.accessTestSuiteMainPhase(TestSuiteExecutor.java:142)
	at com.kms.katalon.core.main.TestSuiteExecutor.execute(TestSuiteExecutor.java:91)
	at com.kms.katalon.core.main.TestCaseMain.startTestSuite(TestCaseMain.java:157)
	at com.kms.katalon.core.main.TestCaseMain$startTestSuite$0.call(Unknown Source)
	at TempTestSuite1597728299241.run(TempTestSuite1597728299241.groovy:36)
"/>
         <system-out><![CDATA[2020-08-18 13:25:02 - [TEST_CASE][FAILED] - Test Cases/JINU/DuItNow/Transfer DuITNow NRIC: Test Cases/JINU/DuItNow/Transfer DuITNow NRIC FAILED.
Reason:
com.kms.katalon.core.exception.StepFailedException: Element 'Object Repository/Maya/spy/android.widget.TextView0 - Your TAC no. is 822872v3' not found
	at com.kms.katalon.core.keyword.internal.KeywordMain.stepFailed(KeywordMain.groovy:39)
	at com.kms.katalon.core.mobile.keyword.internal.MobileKeywordMain.stepFailed(MobileKeywordMain.groovy:40)
	at com.kms.katalon.core.mobile.keyword.builtin.VerifyElementExistKeyword$_verifyElementExist_closure1.doCall(VerifyElementExistKeyword.groovy:77)
	at com.kms.katalon.core.mobile.keyword.builtin.VerifyElementExistKeyword$_verifyElementExist_closure1.call(VerifyElementExistKeyword.groovy)
	at com.kms.katalon.core.mobile.keyword.internal.MobileKeywordMain.runKeyword(MobileKeywordMain.groovy:21)
	at com.kms.katalon.core.mobile.keyword.builtin.VerifyElementExistKeyword.verifyElementExist(VerifyElementExistKeyword.groovy:80)
	at com.kms.katalon.core.mobile.keyword.builtin.VerifyElementExistKeyword.execute(VerifyElementExistKeyword.groovy:64)
	at com.kms.katalon.core.keyword.internal.KeywordExecutor.executeKeywordForPlatform(KeywordExecutor.groovy:72)
	at com.kms.katalon.core.mobile.keyword.MobileBuiltInKeywords.verifyElementExist(MobileBuiltInKeywords.groovy:809)
	at com.kms.katalon.core.mobile.keyword.MobileBuiltInKeywords$verifyElementExist$5.call(Unknown Source)
	at Transfer DuITNow NRIC.run(Transfer DuITNow NRIC:253)
	at com.kms.katalon.core.main.ScriptEngine.run(ScriptEngine.java:194)
	at com.kms.katalon.core.main.ScriptEngine.runScriptAsRawText(ScriptEngine.java:119)
	at com.kms.katalon.core.main.TestCaseExecutor.runScript(TestCaseExecutor.java:337)
	at com.kms.katalon.core.main.TestCaseExecutor.doExecute(TestCaseExecutor.java:328)
	at com.kms.katalon.core.main.TestCaseExecutor.processExecutionPhase(TestCaseExecutor.java:307)
	at com.kms.katalon.core.main.TestCaseExecutor.accessMainPhase(TestCaseExecutor.java:299)
	at com.kms.katalon.core.main.TestCaseExecutor.execute(TestCaseExecutor.java:233)
	at com.kms.katalon.core.main.TestSuiteExecutor.accessTestCaseMainPhase(TestSuiteExecutor.java:169)
	at com.kms.katalon.core.main.TestSuiteExecutor.accessTestSuiteMainPhase(TestSuiteExecutor.java:142)
	at com.kms.katalon.core.main.TestSuiteExecutor.execute(TestSuiteExecutor.java:91)
	at com.kms.katalon.core.main.TestCaseMain.startTestSuite(TestCaseMain.java:157)
	at com.kms.katalon.core.main.TestCaseMain$startTestSuite$0.call(Unknown Source)
	at TempTestSuite1597728299241.run(TempTestSuite1597728299241.groovy:36)


2020-08-18 13:25:03 - [TEST_STEP][PASSED] - startApplication("C:\Users\LENOVO\Katalon Studio\app-uat-universal-release.apk", false): Started app at: 'C:\Users\LENOVO\Katalon Studio\app-uat-universal-release.apk'

2020-08-18 13:25:04 - [MESSAGE][INFO] - User set preference: ['appWaitActivity', '*']

2020-08-18 13:25:04 - [MESSAGE][INFO] - User set preference: ['appWaitPackage', 'com.maybank2u.life.uat']

2020-08-18 13:25:04 - [MESSAGE][INFO] - User set preference: ['appWaitDuration', '50,000']

2020-08-18 13:25:04 - [MESSAGE][INFO] - User set preference: ['deviceId', '11cb9864']

2020-08-18 13:25:07 - [MESSAGE][INFO] - Appium server started on port 65,021

2020-08-18 13:25:35 - [MESSAGE][PASSED] - Started app at: 'C:\Users\LENOVO\Katalon Studio\app-uat-universal-release.apk'

2020-08-18 13:25:35 - [TEST_STEP][PASSED] - delay(10, CONTINUE_ON_FAILURE): Delayed 10 second(s)

2020-08-18 13:25:45 - [MESSAGE][PASSED] - Delayed 10 second(s)

2020-08-18 13:25:45 - [TEST_STEP][PASSED] - tap(findTestObject("Maya/RegisterDuitNow/android.widget.TextView0 - Transfer (1)"), 5): Tapped on element 'Object Repository/Maya/RegisterDuitNow/android.widget.TextView0 - Transfer (1)'

2020-08-18 13:25:50 - [MESSAGE][PASSED] - Tapped on element 'Object Repository/Maya/RegisterDuitNow/android.widget.TextView0 - Transfer (1)'

2020-08-18 13:25:50 - [TEST_STEP][PASSED] - delay(2, CONTINUE_ON_FAILURE): Delayed 2 second(s)

2020-08-18 13:25:52 - [MESSAGE][PASSED] - Delayed 2 second(s)

2020-08-18 13:25:52 - [TEST_STEP][PASSED] - takeScreenshot("C:\Users\LENOVO\Screenshot\Third Party\Screenshot1", STOP_ON_FAILURE): Screenshot is taken

2020-08-18 13:25:54 - [MESSAGE][PASSED] - Screenshot is taken
[[ATTACHMENT|C:\\Users\\LENOVO\\Screenshot\\Third Party\\Screenshot1]]

2020-08-18 13:25:54 - [TEST_STEP][PASSED] - setText(findTestObject("Maya/RegisterDuitNow/android.widget.EditText0 (3)"), "pass1234", 0): Text 'pass1234' has been set to element 'Object Repository/Maya/RegisterDuitNow/android.widget.EditText0 (3)'

2020-08-18 13:25:54 - [MESSAGE][WARNING] - Timeout '0' is invalid. Using default page load timeout: '10'

2020-08-18 13:25:55 - [MESSAGE][PASSED] - Text 'pass1234' has been set to element 'Object Repository/Maya/RegisterDuitNow/android.widget.EditText0 (3)'

2020-08-18 13:25:55 - [TEST_STEP][PASSED] - driver = getDriver(): null

2020-08-18 13:25:55 - [TEST_STEP][PASSED] - driver.pressKeyCode(ENTER): null

2020-08-18 13:25:56 - [TEST_STEP][PASSED] - delay(5, STOP_ON_FAILURE): Delayed 5 second(s)

2020-08-18 13:26:01 - [MESSAGE][PASSED] - Delayed 5 second(s)

2020-08-18 13:26:01 - [TEST_STEP][PASSED] - tapAndHoldAtPosition(627, 376, 2): Tapped and held at [627, 376] with duration 2

2020-08-18 13:26:05 - [MESSAGE][PASSED] - Tapped and held at [627, 376] with duration 2

2020-08-18 13:26:05 - [TEST_STEP][PASSED] - delay(2, CONTINUE_ON_FAILURE): Delayed 2 second(s)

2020-08-18 13:26:07 - [MESSAGE][PASSED] - Delayed 2 second(s)

2020-08-18 13:26:07 - [TEST_STEP][PASSED] - takeScreenshot("C:\Users\LENOVO\Screenshot\Third Party\Screenshot2", STOP_ON_FAILURE): Screenshot is taken

2020-08-18 13:26:08 - [MESSAGE][PASSED] - Screenshot is taken
[[ATTACHMENT|C:\\Users\\LENOVO\\Screenshot\\Third Party\\Screenshot2]]

2020-08-18 13:26:08 - [TEST_STEP][PASSED] - delay(2, STOP_ON_FAILURE): Delayed 2 second(s)

2020-08-18 13:26:10 - [MESSAGE][PASSED] - Delayed 2 second(s)

2020-08-18 13:26:10 - [TEST_STEP][PASSED] - tapAndHoldAtPosition(451, 727, 2): Tapped and held at [451, 727] with duration 2

2020-08-18 13:26:13 - [MESSAGE][PASSED] - Tapped and held at [451, 727] with duration 2

2020-08-18 13:26:13 - [TEST_STEP][PASSED] - getText(findTestObject("Maya/RegisterDuitNow/android.widget.TextView0 - DuitNow (2)"), 0): Text of element 'Object Repository/Maya/RegisterDuitNow/android.widget.TextView0 - DuitNow (2)' is: 'DuitNow'

2020-08-18 13:26:13 - [MESSAGE][WARNING] - Timeout '0' is invalid. Using default page load timeout: '10'

2020-08-18 13:26:14 - [MESSAGE][PASSED] - Text of element 'Object Repository/Maya/RegisterDuitNow/android.widget.TextView0 - DuitNow (2)' is: 'DuitNow'

2020-08-18 13:26:14 - [TEST_STEP][PASSED] - verifyElementExist(findTestObject("Maya/RegisterDuitNow/android.widget.TextView0 - DuitNow (2)"), 0): Element 'Object Repository/Maya/RegisterDuitNow/android.widget.TextView0 - DuitNow (2)' is exist

2020-08-18 13:26:14 - [MESSAGE][WARNING] - Timeout '0' is invalid. Using default page load timeout: '10'

2020-08-18 13:26:14 - [MESSAGE][PASSED] - Element 'Object Repository/Maya/RegisterDuitNow/android.widget.TextView0 - DuitNow (2)' is exist

2020-08-18 13:26:14 - [TEST_STEP][PASSED] - delay(2, CONTINUE_ON_FAILURE): Delayed 2 second(s)

2020-08-18 13:26:16 - [MESSAGE][PASSED] - Delayed 2 second(s)

2020-08-18 13:26:16 - [TEST_STEP][PASSED] - takeScreenshot("C:\Users\LENOVO\Screenshot\Third Party\Screenshot3", STOP_ON_FAILURE): Screenshot is taken

2020-08-18 13:26:17 - [MESSAGE][PASSED] - Screenshot is taken
[[ATTACHMENT|C:\\Users\\LENOVO\\Screenshot\\Third Party\\Screenshot3]]

2020-08-18 13:26:17 - [TEST_STEP][PASSED] - getText(findTestObject("Maya/RegisterDuitNow/android.widget.TextView0 - ID type"), 0): Text of element 'Object Repository/Maya/RegisterDuitNow/android.widget.TextView0 - ID type' is: 'ID type'

2020-08-18 13:26:17 - [MESSAGE][WARNING] - Timeout '0' is invalid. Using default page load timeout: '10'

2020-08-18 13:26:18 - [MESSAGE][PASSED] - Text of element 'Object Repository/Maya/RegisterDuitNow/android.widget.TextView0 - ID type' is: 'ID type'

2020-08-18 13:26:18 - [TEST_STEP][PASSED] - verifyElementExist(findTestObject("Maya/RegisterDuitNow/android.widget.TextView0 - ID type"), 0): Element 'Object Repository/Maya/RegisterDuitNow/android.widget.TextView0 - ID type' is exist

2020-08-18 13:26:18 - [MESSAGE][WARNING] - Timeout '0' is invalid. Using default page load timeout: '10'

2020-08-18 13:26:18 - [MESSAGE][PASSED] - Element 'Object Repository/Maya/RegisterDuitNow/android.widget.TextView0 - ID type' is exist

2020-08-18 13:26:18 - [TEST_STEP][PASSED] - tap(findTestObject("Maya/RegisterDuitNow/android.widget.ImageView0 (2)"), 0): Tapped on element 'Object Repository/Maya/RegisterDuitNow/android.widget.ImageView0 (2)'

2020-08-18 13:26:18 - [MESSAGE][WARNING] - Timeout '0' is invalid. Using default page load timeout: '10'

2020-08-18 13:26:19 - [MESSAGE][PASSED] - Tapped on element 'Object Repository/Maya/RegisterDuitNow/android.widget.ImageView0 (2)'

2020-08-18 13:26:19 - [TEST_STEP][PASSED] - delay(5): Delayed 5 second(s)

2020-08-18 13:26:24 - [MESSAGE][PASSED] - Delayed 5 second(s)

2020-08-18 13:26:24 - [TEST_STEP][PASSED] - swipe(592, 1887, 550, 1754): Swiped from 592,1,887 to 550,1,754

2020-08-18 13:26:26 - [MESSAGE][PASSED] - Swiped from 592,1,887 to 550,1,754

2020-08-18 13:26:26 - [TEST_STEP][PASSED] - delay(2, STOP_ON_FAILURE): Delayed 2 second(s)

2020-08-18 13:26:28 - [MESSAGE][PASSED] - Delayed 2 second(s)

2020-08-18 13:26:28 - [TEST_STEP][PASSED] - delay(2, CONTINUE_ON_FAILURE): Delayed 2 second(s)

2020-08-18 13:26:30 - [MESSAGE][PASSED] - Delayed 2 second(s)

2020-08-18 13:26:30 - [TEST_STEP][PASSED] - takeScreenshot("C:\Users\LENOVO\Screenshot\Third Party\Screenshot4", STOP_ON_FAILURE): Screenshot is taken

2020-08-18 13:26:31 - [MESSAGE][PASSED] - Screenshot is taken
[[ATTACHMENT|C:\\Users\\LENOVO\\Screenshot\\Third Party\\Screenshot4]]

2020-08-18 13:26:31 - [TEST_STEP][PASSED] - delay(3, CONTINUE_ON_FAILURE): Delayed 3 second(s)

2020-08-18 13:26:34 - [MESSAGE][PASSED] - Delayed 3 second(s)

2020-08-18 13:26:34 - [TEST_STEP][PASSED] - tap(findTestObject("Maya/RegisterDuitNow/android.widget.TextView0 - Done (1)"), 0): Tapped on element 'Object Repository/Maya/RegisterDuitNow/android.widget.TextView0 - Done (1)'

2020-08-18 13:26:34 - [MESSAGE][WARNING] - Timeout '0' is invalid. Using default page load timeout: '10'

2020-08-18 13:26:35 - [MESSAGE][PASSED] - Tapped on element 'Object Repository/Maya/RegisterDuitNow/android.widget.TextView0 - Done (1)'

2020-08-18 13:26:35 - [TEST_STEP][PASSED] - setText(findTestObject("Maya/RegisterDuitNow/android.widget.EditText0 - Enter NRIC number"), "@#$%%%", 0): Text '@#$%%%' has been set to element 'Object Repository/Maya/RegisterDuitNow/android.widget.EditText0 - Enter NRIC number'

2020-08-18 13:26:35 - [MESSAGE][WARNING] - Timeout '0' is invalid. Using default page load timeout: '10'

2020-08-18 13:26:37 - [MESSAGE][PASSED] - Text '@#$%%%' has been set to element 'Object Repository/Maya/RegisterDuitNow/android.widget.EditText0 - Enter NRIC number'

2020-08-18 13:26:37 - [TEST_STEP][PASSED] - setText(findTestObject("Maya/RegisterDuitNow/android.widget.EditText0 - Enter NRIC number"), "adsgsjd", 0): Text 'adsgsjd' has been set to element 'Object Repository/Maya/RegisterDuitNow/android.widget.EditText0 - Enter NRIC number'

2020-08-18 13:26:37 - [MESSAGE][WARNING] - Timeout '0' is invalid. Using default page load timeout: '10'

2020-08-18 13:26:39 - [MESSAGE][PASSED] - Text 'adsgsjd' has been set to element 'Object Repository/Maya/RegisterDuitNow/android.widget.EditText0 - Enter NRIC number'

2020-08-18 13:26:39 - [TEST_STEP][PASSED] - setText(findTestObject("Maya/RegisterDuitNow/android.widget.EditText0 - Enter NRIC number"), "123456", 0): Text '123456' has been set to element 'Object Repository/Maya/RegisterDuitNow/android.widget.EditText0 - Enter NRIC number'

2020-08-18 13:26:39 - [MESSAGE][WARNING] - Timeout '0' is invalid. Using default page load timeout: '10'

2020-08-18 13:26:42 - [MESSAGE][PASSED] - Text '123456' has been set to element 'Object Repository/Maya/RegisterDuitNow/android.widget.EditText0 - Enter NRIC number'

2020-08-18 13:26:42 - [TEST_STEP][PASSED] - tap(findTestObject("Maya/RegisterDuitNow/android.widget.TextView0 - Continue (3)"), 0): Tapped on element 'Object Repository/Maya/RegisterDuitNow/android.widget.TextView0 - Continue (3)'

2020-08-18 13:26:42 - [MESSAGE][WARNING] - Timeout '0' is invalid. Using default page load timeout: '10'

2020-08-18 13:26:45 - [MESSAGE][PASSED] - Tapped on element 'Object Repository/Maya/RegisterDuitNow/android.widget.TextView0 - Continue (3)'

2020-08-18 13:26:45 - [TEST_STEP][PASSED] - getText(findTestObject("Maya/RegisterDuitNow/android.widget.TextView0 - Please input valid transfer details. (1)"), 0): Text of element 'Object Repository/Maya/RegisterDuitNow/android.widget.TextView0 - Please input valid transfer details. (1)' is: 'Please input valid transfer details.'

2020-08-18 13:26:45 - [MESSAGE][WARNING] - Timeout '0' is invalid. Using default page load timeout: '10'

2020-08-18 13:26:45 - [MESSAGE][PASSED] - Text of element 'Object Repository/Maya/RegisterDuitNow/android.widget.TextView0 - Please input valid transfer details. (1)' is: 'Please input valid transfer details.'

2020-08-18 13:26:45 - [TEST_STEP][PASSED] - takeScreenshot("C:\Users\LENOVO\Screenshot\Third Party\Screenshot5", STOP_ON_FAILURE): Screenshot is taken

2020-08-18 13:26:47 - [MESSAGE][PASSED] - Screenshot is taken
[[ATTACHMENT|C:\\Users\\LENOVO\\Screenshot\\Third Party\\Screenshot5]]

2020-08-18 13:26:47 - [TEST_STEP][PASSED] - verifyElementExist(findTestObject("Maya/RegisterDuitNow/android.widget.TextView0 - Please input valid transfer details. (1)"), 0): Element 'Object Repository/Maya/RegisterDuitNow/android.widget.TextView0 - Please input valid transfer details. (1)' is exist

2020-08-18 13:26:47 - [MESSAGE][WARNING] - Timeout '0' is invalid. Using default page load timeout: '10'

2020-08-18 13:26:47 - [MESSAGE][PASSED] - Element 'Object Repository/Maya/RegisterDuitNow/android.widget.TextView0 - Please input valid transfer details. (1)' is exist

2020-08-18 13:26:47 - [TEST_STEP][PASSED] - clearText(findTestObject("Maya/RegisterDuitNow/android.widget.EditText0 - 123456"), 0): Element 'Object Repository/Maya/RegisterDuitNow/android.widget.EditText0 - 123456' text is cleared

2020-08-18 13:26:47 - [MESSAGE][WARNING] - Timeout '0' is invalid. Using default page load timeout: '10'

2020-08-18 13:26:47 - [MESSAGE][PASSED] - Element 'Object Repository/Maya/RegisterDuitNow/android.widget.EditText0 - 123456' text is cleared

2020-08-18 13:26:47 - [TEST_STEP][PASSED] - getText(findTestObject("Maya/RegisterDuitNow/android.widget.TextView0 - ID type (1)"), 0): Text of element 'Object Repository/Maya/RegisterDuitNow/android.widget.TextView0 - ID type (1)' is: 'ID type'

2020-08-18 13:26:47 - [MESSAGE][WARNING] - Timeout '0' is invalid. Using default page load timeout: '10'

2020-08-18 13:26:48 - [MESSAGE][PASSED] - Text of element 'Object Repository/Maya/RegisterDuitNow/android.widget.TextView0 - ID type (1)' is: 'ID type'

2020-08-18 13:26:48 - [TEST_STEP][PASSED] - verifyElementExist(findTestObject("Maya/RegisterDuitNow/android.widget.TextView0 - ID type (1)"), 0): Element 'Object Repository/Maya/RegisterDuitNow/android.widget.TextView0 - ID type (1)' is exist

2020-08-18 13:26:48 - [MESSAGE][WARNING] - Timeout '0' is invalid. Using default page load timeout: '10'

2020-08-18 13:26:49 - [MESSAGE][PASSED] - Element 'Object Repository/Maya/RegisterDuitNow/android.widget.TextView0 - ID type (1)' is exist

2020-08-18 13:26:49 - [TEST_STEP][PASSED] - takeScreenshot("C:\Users\LENOVO\Screenshot\Third Party\Screenshot6", STOP_ON_FAILURE): Screenshot is taken

2020-08-18 13:26:50 - [MESSAGE][PASSED] - Screenshot is taken
[[ATTACHMENT|C:\\Users\\LENOVO\\Screenshot\\Third Party\\Screenshot6]]

2020-08-18 13:26:50 - [TEST_STEP][PASSED] - getText(findTestObject("Maya/RegisterDuitNow/android.widget.TextView0 - NRIC Number"), 0): Text of element 'Object Repository/Maya/RegisterDuitNow/android.widget.TextView0 - NRIC Number' is: 'NRIC Number'

2020-08-18 13:26:50 - [MESSAGE][WARNING] - Timeout '0' is invalid. Using default page load timeout: '10'

2020-08-18 13:26:50 - [MESSAGE][PASSED] - Text of element 'Object Repository/Maya/RegisterDuitNow/android.widget.TextView0 - NRIC Number' is: 'NRIC Number'

2020-08-18 13:26:50 - [TEST_STEP][PASSED] - verifyElementExist(findTestObject("Maya/RegisterDuitNow/android.widget.TextView0 - NRIC Number"), 0): Element 'Object Repository/Maya/RegisterDuitNow/android.widget.TextView0 - NRIC Number' is exist

2020-08-18 13:26:50 - [MESSAGE][WARNING] - Timeout '0' is invalid. Using default page load timeout: '10'

2020-08-18 13:26:51 - [MESSAGE][PASSED] - Element 'Object Repository/Maya/RegisterDuitNow/android.widget.TextView0 - NRIC Number' is exist

2020-08-18 13:26:51 - [TEST_STEP][PASSED] - getText(findTestObject("Maya/RegisterDuitNow/android.widget.TextView0 - DuitNow (3)"), 0): Text of element 'Object Repository/Maya/RegisterDuitNow/android.widget.TextView0 - DuitNow (3)' is: 'DuitNow'

2020-08-18 13:26:51 - [MESSAGE][WARNING] - Timeout '0' is invalid. Using default page load timeout: '10'

2020-08-18 13:26:51 - [MESSAGE][PASSED] - Text of element 'Object Repository/Maya/RegisterDuitNow/android.widget.TextView0 - DuitNow (3)' is: 'DuitNow'

2020-08-18 13:26:51 - [TEST_STEP][PASSED] - verifyElementExist(findTestObject("Maya/RegisterDuitNow/android.widget.TextView0 - DuitNow (3)"), 0): Element 'Object Repository/Maya/RegisterDuitNow/android.widget.TextView0 - DuitNow (3)' is exist

2020-08-18 13:26:51 - [MESSAGE][WARNING] - Timeout '0' is invalid. Using default page load timeout: '10'

2020-08-18 13:26:51 - [MESSAGE][PASSED] - Element 'Object Repository/Maya/RegisterDuitNow/android.widget.TextView0 - DuitNow (3)' is exist

2020-08-18 13:26:51 - [TEST_STEP][PASSED] - setText(findTestObject("Maya/RegisterDuitNow/android.widget.EditText0 - Enter NRIC number"), "940812115156", 0): Text '940812115156' has been set to element 'Object Repository/Maya/RegisterDuitNow/android.widget.EditText0 - Enter NRIC number'

2020-08-18 13:26:51 - [MESSAGE][WARNING] - Timeout '0' is invalid. Using default page load timeout: '10'

2020-08-18 13:26:53 - [MESSAGE][PASSED] - Text '940812115156' has been set to element 'Object Repository/Maya/RegisterDuitNow/android.widget.EditText0 - Enter NRIC number'

2020-08-18 13:26:53 - [TEST_STEP][PASSED] - tap(findTestObject("Maya/RegisterDuitNow/android.widget.TextView0 - Continue (3)"), 0): Tapped on element 'Object Repository/Maya/RegisterDuitNow/android.widget.TextView0 - Continue (3)'

2020-08-18 13:26:53 - [MESSAGE][WARNING] - Timeout '0' is invalid. Using default page load timeout: '10'

2020-08-18 13:26:55 - [MESSAGE][PASSED] - Tapped on element 'Object Repository/Maya/RegisterDuitNow/android.widget.TextView0 - Continue (3)'

2020-08-18 13:26:55 - [TEST_STEP][PASSED] - getText(findTestObject("Maya/RegisterDuitNow/android.widget.TextView0 - The DuitNow ID entered is inactive."), 0): Text of element 'Object Repository/Maya/RegisterDuitNow/android.widget.TextView0 - The DuitNow ID entered is inactive.' is: 'The DuitNow ID entered is inactive.'

2020-08-18 13:26:55 - [MESSAGE][WARNING] - Timeout '0' is invalid. Using default page load timeout: '10'

2020-08-18 13:26:56 - [MESSAGE][PASSED] - Text of element 'Object Repository/Maya/RegisterDuitNow/android.widget.TextView0 - The DuitNow ID entered is inactive.' is: 'The DuitNow ID entered is inactive.'

2020-08-18 13:26:56 - [TEST_STEP][PASSED] - takeScreenshot("C:\Users\LENOVO\Screenshot\Third Party\Screenshot7", STOP_ON_FAILURE): Screenshot is taken

2020-08-18 13:26:57 - [MESSAGE][PASSED] - Screenshot is taken
[[ATTACHMENT|C:\\Users\\LENOVO\\Screenshot\\Third Party\\Screenshot7]]

2020-08-18 13:26:57 - [TEST_STEP][PASSED] - verifyElementExist(findTestObject("Maya/RegisterDuitNow/android.widget.TextView0 - The DuitNow ID entered is inactive."), 0): Element 'Object Repository/Maya/RegisterDuitNow/android.widget.TextView0 - The DuitNow ID entered is inactive.' is exist

2020-08-18 13:26:57 - [MESSAGE][WARNING] - Timeout '0' is invalid. Using default page load timeout: '10'

2020-08-18 13:26:57 - [MESSAGE][PASSED] - Element 'Object Repository/Maya/RegisterDuitNow/android.widget.TextView0 - The DuitNow ID entered is inactive.' is exist

2020-08-18 13:26:57 - [TEST_STEP][PASSED] - delay(4, STOP_ON_FAILURE): Delayed 4 second(s)

2020-08-18 13:27:01 - [MESSAGE][PASSED] - Delayed 4 second(s)

2020-08-18 13:27:01 - [TEST_STEP][PASSED] - clearText(findTestObject("Maya/RegisterDuitNow/android.widget.EditText0 - 940812 11 5156"), 0): Element 'Object Repository/Maya/RegisterDuitNow/android.widget.EditText0 - 940812 11 5156' text is cleared

2020-08-18 13:27:01 - [MESSAGE][WARNING] - Timeout '0' is invalid. Using default page load timeout: '10'

2020-08-18 13:27:02 - [MESSAGE][PASSED] - Element 'Object Repository/Maya/RegisterDuitNow/android.widget.EditText0 - 940812 11 5156' text is cleared

2020-08-18 13:27:02 - [TEST_STEP][PASSED] - setText(findTestObject("Maya/RegisterDuitNow/android.widget.EditText0 - Enter NRIC number"), "910224010663", 0): Text '910224010663' has been set to element 'Object Repository/Maya/RegisterDuitNow/android.widget.EditText0 - Enter NRIC number'

2020-08-18 13:27:02 - [MESSAGE][WARNING] - Timeout '0' is invalid. Using default page load timeout: '10'

2020-08-18 13:27:04 - [MESSAGE][PASSED] - Text '910224010663' has been set to element 'Object Repository/Maya/RegisterDuitNow/android.widget.EditText0 - Enter NRIC number'

2020-08-18 13:27:04 - [TEST_STEP][PASSED] - tap(findTestObject("Maya/RegisterDuitNow/android.widget.TextView0 - Continue (3)"), 0): Tapped on element 'Object Repository/Maya/RegisterDuitNow/android.widget.TextView0 - Continue (3)'

2020-08-18 13:27:04 - [MESSAGE][WARNING] - Timeout '0' is invalid. Using default page load timeout: '10'

2020-08-18 13:27:05 - [MESSAGE][PASSED] - Tapped on element 'Object Repository/Maya/RegisterDuitNow/android.widget.TextView0 - Continue (3)'

2020-08-18 13:27:05 - [TEST_STEP][PASSED] - getText(findTestObject("Maya/RegisterDuitNow/android.widget.TextView0 - 910224 01 0663"), 0): Text of element 'Object Repository/Maya/RegisterDuitNow/android.widget.TextView0 - 910224 01 0663' is: '910224 01 0663'

2020-08-18 13:27:05 - [MESSAGE][WARNING] - Timeout '0' is invalid. Using default page load timeout: '10'

2020-08-18 13:27:07 - [MESSAGE][PASSED] - Text of element 'Object Repository/Maya/RegisterDuitNow/android.widget.TextView0 - 910224 01 0663' is: '910224 01 0663'

2020-08-18 13:27:07 - [TEST_STEP][PASSED] - delay(2, CONTINUE_ON_FAILURE): Delayed 2 second(s)

2020-08-18 13:27:09 - [MESSAGE][PASSED] - Delayed 2 second(s)

2020-08-18 13:27:09 - [TEST_STEP][PASSED] - takeScreenshot("C:\Users\LENOVO\Screenshot\Third Party\Screenshot8", STOP_ON_FAILURE): Screenshot is taken

2020-08-18 13:27:10 - [MESSAGE][PASSED] - Screenshot is taken
[[ATTACHMENT|C:\\Users\\LENOVO\\Screenshot\\Third Party\\Screenshot8]]

2020-08-18 13:27:10 - [TEST_STEP][PASSED] - verifyElementExist(findTestObject("Maya/RegisterDuitNow/android.widget.TextView0 - 910224 01 0663"), 0): Element 'Object Repository/Maya/RegisterDuitNow/android.widget.TextView0 - 910224 01 0663' is exist

2020-08-18 13:27:10 - [MESSAGE][WARNING] - Timeout '0' is invalid. Using default page load timeout: '10'

2020-08-18 13:27:10 - [MESSAGE][PASSED] - Element 'Object Repository/Maya/RegisterDuitNow/android.widget.TextView0 - 910224 01 0663' is exist

2020-08-18 13:27:10 - [TEST_STEP][PASSED] - getText(findTestObject("Maya/RegisterDuitNow/android.widget.TextView0 - NRIC Number (1)"), 0): Text of element 'Object Repository/Maya/RegisterDuitNow/android.widget.TextView0 - NRIC Number (1)' is: 'NRIC Number'

2020-08-18 13:27:11 - [MESSAGE][WARNING] - Timeout '0' is invalid. Using default page load timeout: '10'

2020-08-18 13:27:11 - [MESSAGE][PASSED] - Text of element 'Object Repository/Maya/RegisterDuitNow/android.widget.TextView0 - NRIC Number (1)' is: 'NRIC Number'

2020-08-18 13:27:11 - [TEST_STEP][PASSED] - verifyElementExist(findTestObject("Maya/RegisterDuitNow/android.widget.TextView0 - NRIC Number (1)"), 0): Element 'Object Repository/Maya/RegisterDuitNow/android.widget.TextView0 - NRIC Number (1)' is exist

2020-08-18 13:27:11 - [MESSAGE][WARNING] - Timeout '0' is invalid. Using default page load timeout: '10'

2020-08-18 13:27:11 - [MESSAGE][PASSED] - Element 'Object Repository/Maya/RegisterDuitNow/android.widget.TextView0 - NRIC Number (1)' is exist

2020-08-18 13:27:11 - [TEST_STEP][PASSED] - getText(findTestObject("Maya/RegisterDuitNow/android.widget.TextView0 - Enter amount (1)"), 0): Text of element 'Object Repository/Maya/RegisterDuitNow/android.widget.TextView0 - Enter amount (1)' is: 'Enter amount'

2020-08-18 13:27:12 - [MESSAGE][WARNING] - Timeout '0' is invalid. Using default page load timeout: '10'

2020-08-18 13:27:12 - [MESSAGE][PASSED] - Text of element 'Object Repository/Maya/RegisterDuitNow/android.widget.TextView0 - Enter amount (1)' is: 'Enter amount'

2020-08-18 13:27:12 - [TEST_STEP][PASSED] - verifyElementExist(findTestObject("Maya/RegisterDuitNow/android.widget.TextView0 - Enter amount (1)"), 0): Element 'Object Repository/Maya/RegisterDuitNow/android.widget.TextView0 - Enter amount (1)' is exist

2020-08-18 13:27:12 - [MESSAGE][WARNING] - Timeout '0' is invalid. Using default page load timeout: '10'

2020-08-18 13:27:13 - [MESSAGE][PASSED] - Element 'Object Repository/Maya/RegisterDuitNow/android.widget.TextView0 - Enter amount (1)' is exist

2020-08-18 13:27:13 - [TEST_STEP][PASSED] - tap(findTestObject("Maya/RegisterDuitNow/android.widget.ImageView0 (5)"), 0): Tapped on element 'Object Repository/Maya/RegisterDuitNow/android.widget.ImageView0 (5)'

2020-08-18 13:27:13 - [MESSAGE][WARNING] - Timeout '0' is invalid. Using default page load timeout: '10'

2020-08-18 13:27:13 - [MESSAGE][PASSED] - Tapped on element 'Object Repository/Maya/RegisterDuitNow/android.widget.ImageView0 (5)'

2020-08-18 13:27:13 - [TEST_STEP][PASSED] - getText(findTestObject("Maya/RegisterDuitNow/android.widget.TextView0 - Amount needs to be at least RM 0.01. (1)"), 0): Text of element 'Object Repository/Maya/RegisterDuitNow/android.widget.TextView0 - Amount needs to be at least RM 0.01. (1)' is: 'Amount needs to be at least RM 0.01.'

2020-08-18 13:27:13 - [MESSAGE][WARNING] - Timeout '0' is invalid. Using default page load timeout: '10'

2020-08-18 13:27:14 - [MESSAGE][PASSED] - Text of element 'Object Repository/Maya/RegisterDuitNow/android.widget.TextView0 - Amount needs to be at least RM 0.01. (1)' is: 'Amount needs to be at least RM 0.01.'

2020-08-18 13:27:14 - [TEST_STEP][PASSED] - takeScreenshot("C:\Users\LENOVO\Screenshot\Third Party\Screenshot9", STOP_ON_FAILURE): Screenshot is taken

2020-08-18 13:27:15 - [MESSAGE][PASSED] - Screenshot is taken
[[ATTACHMENT|C:\\Users\\LENOVO\\Screenshot\\Third Party\\Screenshot9]]

2020-08-18 13:27:15 - [TEST_STEP][PASSED] - verifyElementExist(findTestObject("Maya/RegisterDuitNow/android.widget.TextView0 - Amount needs to be at least RM 0.01. (1)"), 0): Element 'Object Repository/Maya/RegisterDuitNow/android.widget.TextView0 - Amount needs to be at least RM 0.01. (1)' is exist

2020-08-18 13:27:15 - [MESSAGE][WARNING] - Timeout '0' is invalid. Using default page load timeout: '10'

2020-08-18 13:27:16 - [MESSAGE][PASSED] - Element 'Object Repository/Maya/RegisterDuitNow/android.widget.TextView0 - Amount needs to be at least RM 0.01. (1)' is exist

2020-08-18 13:27:16 - [TEST_STEP][PASSED] - tap(findTestObject("Maya/RegisterDuitNow/android.widget.TextView0 - 2 (2)"), 0): Tapped on element 'Object Repository/Maya/RegisterDuitNow/android.widget.TextView0 - 2 (2)'

2020-08-18 13:27:16 - [MESSAGE][WARNING] - Timeout '0' is invalid. Using default page load timeout: '10'

2020-08-18 13:27:18 - [MESSAGE][PASSED] - Tapped on element 'Object Repository/Maya/RegisterDuitNow/android.widget.TextView0 - 2 (2)'

2020-08-18 13:27:18 - [TEST_STEP][PASSED] - tap(findTestObject("Maya/RegisterDuitNow/android.widget.TextView0 - 0 (2)"), 0): Tapped on element 'Object Repository/Maya/RegisterDuitNow/android.widget.TextView0 - 0 (2)'

2020-08-18 13:27:18 - [MESSAGE][WARNING] - Timeout '0' is invalid. Using default page load timeout: '10'

2020-08-18 13:27:19 - [MESSAGE][PASSED] - Tapped on element 'Object Repository/Maya/RegisterDuitNow/android.widget.TextView0 - 0 (2)'

2020-08-18 13:27:19 - [TEST_STEP][PASSED] - tap(findTestObject("Maya/RegisterDuitNow/android.widget.TextView0 - 0 (2)"), 0): Tapped on element 'Object Repository/Maya/RegisterDuitNow/android.widget.TextView0 - 0 (2)'

2020-08-18 13:27:19 - [MESSAGE][WARNING] - Timeout '0' is invalid. Using default page load timeout: '10'

2020-08-18 13:27:23 - [MESSAGE][PASSED] - Tapped on element 'Object Repository/Maya/RegisterDuitNow/android.widget.TextView0 - 0 (2)'

2020-08-18 13:27:23 - [TEST_STEP][PASSED] - tap(findTestObject("Maya/RegisterDuitNow/android.widget.TextView0 - 0 (2)"), 0): Tapped on element 'Object Repository/Maya/RegisterDuitNow/android.widget.TextView0 - 0 (2)'

2020-08-18 13:27:23 - [MESSAGE][WARNING] - Timeout '0' is invalid. Using default page load timeout: '10'

2020-08-18 13:27:26 - [MESSAGE][PASSED] - Tapped on element 'Object Repository/Maya/RegisterDuitNow/android.widget.TextView0 - 0 (2)'

2020-08-18 13:27:26 - [TEST_STEP][PASSED] - tap(findTestObject("Maya/RegisterDuitNow/android.widget.TextView0 - 0 (2)"), 0): Tapped on element 'Object Repository/Maya/RegisterDuitNow/android.widget.TextView0 - 0 (2)'

2020-08-18 13:27:26 - [MESSAGE][WARNING] - Timeout '0' is invalid. Using default page load timeout: '10'

2020-08-18 13:27:30 - [MESSAGE][PASSED] - Tapped on element 'Object Repository/Maya/RegisterDuitNow/android.widget.TextView0 - 0 (2)'

2020-08-18 13:27:30 - [TEST_STEP][PASSED] - tap(findTestObject("Maya/RegisterDuitNow/android.widget.TextView0 - 0 (2)"), 0): Tapped on element 'Object Repository/Maya/RegisterDuitNow/android.widget.TextView0 - 0 (2)'

2020-08-18 13:27:30 - [MESSAGE][WARNING] - Timeout '0' is invalid. Using default page load timeout: '10'

2020-08-18 13:27:31 - [MESSAGE][PASSED] - Tapped on element 'Object Repository/Maya/RegisterDuitNow/android.widget.TextView0 - 0 (2)'

2020-08-18 13:27:31 - [TEST_STEP][PASSED] - tap(findTestObject("Maya/RegisterDuitNow/android.widget.TextView0 - 0 (2)"), 0): Tapped on element 'Object Repository/Maya/RegisterDuitNow/android.widget.TextView0 - 0 (2)'

2020-08-18 13:27:31 - [MESSAGE][WARNING] - Timeout '0' is invalid. Using default page load timeout: '10'

2020-08-18 13:27:33 - [MESSAGE][PASSED] - Tapped on element 'Object Repository/Maya/RegisterDuitNow/android.widget.TextView0 - 0 (2)'

2020-08-18 13:27:33 - [TEST_STEP][PASSED] - tap(findTestObject("Maya/RegisterDuitNow/android.widget.ImageView0 (5)"), 0): Tapped on element 'Object Repository/Maya/RegisterDuitNow/android.widget.ImageView0 (5)'

2020-08-18 13:27:33 - [MESSAGE][WARNING] - Timeout '0' is invalid. Using default page load timeout: '10'

2020-08-18 13:27:34 - [MESSAGE][PASSED] - Tapped on element 'Object Repository/Maya/RegisterDuitNow/android.widget.ImageView0 (5)'

2020-08-18 13:27:34 - [TEST_STEP][PASSED] - getText(findTestObject("Maya/RegisterDuitNow/android.widget.TextView0 - 910224 01 0663 (1)"), 0): Text of element 'Object Repository/Maya/RegisterDuitNow/android.widget.TextView0 - 910224 01 0663 (1)' is: '910224 01 0663'

2020-08-18 13:27:34 - [MESSAGE][WARNING] - Timeout '0' is invalid. Using default page load timeout: '10'

2020-08-18 13:27:36 - [MESSAGE][PASSED] - Text of element 'Object Repository/Maya/RegisterDuitNow/android.widget.TextView0 - 910224 01 0663 (1)' is: '910224 01 0663'

2020-08-18 13:27:36 - [TEST_STEP][PASSED] - delay(2, CONTINUE_ON_FAILURE): Delayed 2 second(s)

2020-08-18 13:27:38 - [MESSAGE][PASSED] - Delayed 2 second(s)

2020-08-18 13:27:38 - [TEST_STEP][PASSED] - takeScreenshot("C:\Users\LENOVO\Screenshot\Third Party\Screenshot10", STOP_ON_FAILURE): Screenshot is taken

2020-08-18 13:27:39 - [MESSAGE][PASSED] - Screenshot is taken
[[ATTACHMENT|C:\\Users\\LENOVO\\Screenshot\\Third Party\\Screenshot10]]

2020-08-18 13:27:39 - [TEST_STEP][PASSED] - verifyElementExist(findTestObject("Maya/RegisterDuitNow/android.widget.TextView0 - 910224 01 0663 (1)"), 0): Element 'Object Repository/Maya/RegisterDuitNow/android.widget.TextView0 - 910224 01 0663 (1)' is exist

2020-08-18 13:27:39 - [MESSAGE][WARNING] - Timeout '0' is invalid. Using default page load timeout: '10'

2020-08-18 13:27:40 - [MESSAGE][PASSED] - Element 'Object Repository/Maya/RegisterDuitNow/android.widget.TextView0 - 910224 01 0663 (1)' is exist

2020-08-18 13:27:40 - [TEST_STEP][PASSED] - getText(findTestObject("Maya/RegisterDuitNow/android.widget.TextView0 - NRIC Number (2)"), 0): Text of element 'Object Repository/Maya/RegisterDuitNow/android.widget.TextView0 - NRIC Number (2)' is: 'NRIC Number'

2020-08-18 13:27:40 - [MESSAGE][WARNING] - Timeout '0' is invalid. Using default page load timeout: '10'

2020-08-18 13:27:40 - [MESSAGE][PASSED] - Text of element 'Object Repository/Maya/RegisterDuitNow/android.widget.TextView0 - NRIC Number (2)' is: 'NRIC Number'

2020-08-18 13:27:40 - [TEST_STEP][PASSED] - verifyElementExist(findTestObject("Maya/RegisterDuitNow/android.widget.TextView0 - NRIC Number (2)"), 0): Element 'Object Repository/Maya/RegisterDuitNow/android.widget.TextView0 - NRIC Number (2)' is exist

2020-08-18 13:27:40 - [MESSAGE][WARNING] - Timeout '0' is invalid. Using default page load timeout: '10'

2020-08-18 13:27:40 - [MESSAGE][PASSED] - Element 'Object Repository/Maya/RegisterDuitNow/android.widget.TextView0 - NRIC Number (2)' is exist

2020-08-18 13:27:40 - [TEST_STEP][PASSED] - getText(findTestObject("Maya/RegisterDuitNow/android.widget.TextView0 - XXXXX XXXX XXXXXXX XX"), 0): Text of element 'Object Repository/Maya/RegisterDuitNow/android.widget.TextView0 - XXXXX XXXX XXXXXXX XX' is: 'BIMBB TEST DUITNOW ID'

2020-08-18 13:27:40 - [MESSAGE][WARNING] - Timeout '0' is invalid. Using default page load timeout: '10'

2020-08-18 13:27:41 - [MESSAGE][PASSED] - Text of element 'Object Repository/Maya/RegisterDuitNow/android.widget.TextView0 - XXXXX XXXX XXXXXXX XX' is: 'BIMBB TEST DUITNOW ID'

2020-08-18 13:27:41 - [TEST_STEP][PASSED] - verifyElementExist(findTestObject("Maya/RegisterDuitNow/android.widget.TextView0 - XXXXX XXXX XXXXXXX XX"), 0): Element 'Object Repository/Maya/RegisterDuitNow/android.widget.TextView0 - XXXXX XXXX XXXXXXX XX' is exist

2020-08-18 13:27:41 - [MESSAGE][WARNING] - Timeout '0' is invalid. Using default page load timeout: '10'

2020-08-18 13:27:42 - [MESSAGE][PASSED] - Element 'Object Repository/Maya/RegisterDuitNow/android.widget.TextView0 - XXXXX XXXX XXXXXXX XX' is exist

2020-08-18 13:27:42 - [TEST_STEP][PASSED] - tap(findTestObject("Maya/RegisterDuitNow/android.widget.ImageView0 (6)"), 0): Tapped on element 'Object Repository/Maya/RegisterDuitNow/android.widget.ImageView0 (6)'

2020-08-18 13:27:42 - [MESSAGE][WARNING] - Timeout '0' is invalid. Using default page load timeout: '10'

2020-08-18 13:27:43 - [MESSAGE][PASSED] - Tapped on element 'Object Repository/Maya/RegisterDuitNow/android.widget.ImageView0 (6)'

2020-08-18 13:27:43 - [TEST_STEP][PASSED] - getText(findTestObject("Maya/RegisterDuitNow/android.widget.TextView0 - Enter amount (1)"), 0): Text of element 'Object Repository/Maya/RegisterDuitNow/android.widget.TextView0 - Enter amount (1)' is: 'Enter amount'

2020-08-18 13:27:43 - [MESSAGE][WARNING] - Timeout '0' is invalid. Using default page load timeout: '10'

2020-08-18 13:27:44 - [MESSAGE][PASSED] - Text of element 'Object Repository/Maya/RegisterDuitNow/android.widget.TextView0 - Enter amount (1)' is: 'Enter amount'

2020-08-18 13:27:44 - [TEST_STEP][PASSED] - verifyElementExist(findTestObject("Maya/RegisterDuitNow/android.widget.TextView0 - Enter amount (1)"), 0): Element 'Object Repository/Maya/RegisterDuitNow/android.widget.TextView0 - Enter amount (1)' is exist

2020-08-18 13:27:44 - [MESSAGE][WARNING] - Timeout '0' is invalid. Using default page load timeout: '10'

2020-08-18 13:27:44 - [MESSAGE][PASSED] - Element 'Object Repository/Maya/RegisterDuitNow/android.widget.TextView0 - Enter amount (1)' is exist

2020-08-18 13:27:44 - [TEST_STEP][PASSED] - delay(2, CONTINUE_ON_FAILURE): Delayed 2 second(s)

2020-08-18 13:27:46 - [MESSAGE][PASSED] - Delayed 2 second(s)

2020-08-18 13:27:46 - [TEST_STEP][PASSED] - takeScreenshot("C:\Users\LENOVO\Screenshot\Third Party\Screenshot11", STOP_ON_FAILURE): Screenshot is taken

2020-08-18 13:27:47 - [MESSAGE][PASSED] - Screenshot is taken
[[ATTACHMENT|C:\\Users\\LENOVO\\Screenshot\\Third Party\\Screenshot11]]

2020-08-18 13:27:47 - [TEST_STEP][PASSED] - getText(findTestObject("Maya/RegisterDuitNow/android.widget.TextView0 - XXXXX XXXX XXXXXXX XX (1)"), 0): Text of element 'Object Repository/Maya/RegisterDuitNow/android.widget.TextView0 - XXXXX XXXX XXXXXXX XX (1)' is: 'BIMBB TEST DUITNOW ID'

2020-08-18 13:27:47 - [MESSAGE][WARNING] - Timeout '0' is invalid. Using default page load timeout: '10'

2020-08-18 13:27:48 - [MESSAGE][PASSED] - Text of element 'Object Repository/Maya/RegisterDuitNow/android.widget.TextView0 - XXXXX XXXX XXXXXXX XX (1)' is: 'BIMBB TEST DUITNOW ID'

2020-08-18 13:27:48 - [TEST_STEP][PASSED] - verifyElementExist(findTestObject("Maya/RegisterDuitNow/android.widget.TextView0 - XXXXX XXXX XXXXXXX XX (1)"), 0): Element 'Object Repository/Maya/RegisterDuitNow/android.widget.TextView0 - XXXXX XXXX XXXXXXX XX (1)' is exist

2020-08-18 13:27:49 - [MESSAGE][WARNING] - Timeout '0' is invalid. Using default page load timeout: '10'

2020-08-18 13:27:49 - [MESSAGE][PASSED] - Element 'Object Repository/Maya/RegisterDuitNow/android.widget.TextView0 - XXXXX XXXX XXXXXXX XX (1)' is exist

2020-08-18 13:27:49 - [TEST_STEP][PASSED] - tap(findTestObject("Maya/RegisterDuitNow/android.widget.ImageView0 (5)"), 0): Tapped on element 'Object Repository/Maya/RegisterDuitNow/android.widget.ImageView0 (5)'

2020-08-18 13:27:49 - [MESSAGE][WARNING] - Timeout '0' is invalid. Using default page load timeout: '10'

2020-08-18 13:27:50 - [MESSAGE][PASSED] - Tapped on element 'Object Repository/Maya/RegisterDuitNow/android.widget.ImageView0 (5)'

2020-08-18 13:27:50 - [TEST_STEP][PASSED] - getText(findTestObject("Maya/RegisterDuitNow/android.widget.TextView0 - Enter recipient reference (1)"), 0): Text of element 'Object Repository/Maya/RegisterDuitNow/android.widget.TextView0 - Enter recipient reference (1)' is: 'Enter recipient reference'

2020-08-18 13:27:50 - [MESSAGE][WARNING] - Timeout '0' is invalid. Using default page load timeout: '10'

2020-08-18 13:27:52 - [MESSAGE][PASSED] - Text of element 'Object Repository/Maya/RegisterDuitNow/android.widget.TextView0 - Enter recipient reference (1)' is: 'Enter recipient reference'

2020-08-18 13:27:52 - [TEST_STEP][PASSED] - verifyElementExist(findTestObject("Maya/RegisterDuitNow/android.widget.TextView0 - Enter recipient reference (1)"), 0): Element 'Object Repository/Maya/RegisterDuitNow/android.widget.TextView0 - Enter recipient reference (1)' is exist

2020-08-18 13:27:52 - [MESSAGE][WARNING] - Timeout '0' is invalid. Using default page load timeout: '10'

2020-08-18 13:27:52 - [MESSAGE][PASSED] - Element 'Object Repository/Maya/RegisterDuitNow/android.widget.TextView0 - Enter recipient reference (1)' is exist

2020-08-18 13:27:52 - [TEST_STEP][PASSED] - delay(2, CONTINUE_ON_FAILURE): Delayed 2 second(s)

2020-08-18 13:27:54 - [MESSAGE][PASSED] - Delayed 2 second(s)

2020-08-18 13:27:54 - [TEST_STEP][PASSED] - takeScreenshot("C:\Users\LENOVO\Screenshot\Third Party\Screenshot12", STOP_ON_FAILURE): Screenshot is taken

2020-08-18 13:27:55 - [MESSAGE][PASSED] - Screenshot is taken
[[ATTACHMENT|C:\\Users\\LENOVO\\Screenshot\\Third Party\\Screenshot12]]

2020-08-18 13:27:55 - [TEST_STEP][PASSED] - setText(findTestObject("Maya/RegisterDuitNow/android.widget.EditText0 (4)"), "chk", 0): Text 'chk' has been set to element 'Object Repository/Maya/RegisterDuitNow/android.widget.EditText0 (4)'

2020-08-18 13:27:56 - [MESSAGE][WARNING] - Timeout '0' is invalid. Using default page load timeout: '10'

2020-08-18 13:27:57 - [MESSAGE][PASSED] - Text 'chk' has been set to element 'Object Repository/Maya/RegisterDuitNow/android.widget.EditText0 (4)'

2020-08-18 13:27:57 - [TEST_STEP][PASSED] - hideKeyboard(): Keyboard is hidden

2020-08-18 13:28:01 - [MESSAGE][PASSED] - Keyboard is hidden

2020-08-18 13:28:01 - [TEST_STEP][PASSED] - delay(4, STOP_ON_FAILURE): Delayed 4 second(s)

2020-08-18 13:28:05 - [MESSAGE][PASSED] - Delayed 4 second(s)

2020-08-18 13:28:05 - [TEST_STEP][PASSED] - tap(findTestObject("Maya/RegisterDuitNow/android.widget.TextView0 - Continue (4)"), 0): Tapped on element 'Object Repository/Maya/RegisterDuitNow/android.widget.TextView0 - Continue (4)'

2020-08-18 13:28:05 - [MESSAGE][WARNING] - Timeout '0' is invalid. Using default page load timeout: '10'

2020-08-18 13:28:07 - [MESSAGE][PASSED] - Tapped on element 'Object Repository/Maya/RegisterDuitNow/android.widget.TextView0 - Continue (4)'

2020-08-18 13:28:07 - [TEST_STEP][NOT_RUN] - getText(findTestObject("Maya/RegisterDuitNow/android.widget.TextView0 - DuitNow (3)"), 0): NOT_RUN: getText(findTestObject("Maya/RegisterDuitNow/android.widget.TextView0 - DuitNow (3)"), 0)

2020-08-18 13:28:07 - [MESSAGE][NOT_RUN] - NOT_RUN: getText(findTestObject("Maya/RegisterDuitNow/android.widget.TextView0 - DuitNow (3)"), 0)

2020-08-18 13:28:07 - [TEST_STEP][PASSED] - tap(findTestObject("Maya/RegisterDuitNow/android.widget.TextView0 - Today"), 0): Tapped on element 'Object Repository/Maya/RegisterDuitNow/android.widget.TextView0 - Today'

2020-08-18 13:28:07 - [MESSAGE][WARNING] - Timeout '0' is invalid. Using default page load timeout: '10'

2020-08-18 13:28:10 - [MESSAGE][PASSED] - Tapped on element 'Object Repository/Maya/RegisterDuitNow/android.widget.TextView0 - Today'

2020-08-18 13:28:10 - [TEST_STEP][PASSED] - tap(findTestObject("Maya/RegisterDuitNow/android.widget.TextView0 - Done (4)"), 0): Tapped on element 'Object Repository/Maya/RegisterDuitNow/android.widget.TextView0 - Done (4)'

2020-08-18 13:28:10 - [MESSAGE][WARNING] - Timeout '0' is invalid. Using default page load timeout: '10'

2020-08-18 13:28:11 - [MESSAGE][PASSED] - Tapped on element 'Object Repository/Maya/RegisterDuitNow/android.widget.TextView0 - Done (4)'

2020-08-18 13:28:11 - [TEST_STEP][PASSED] - getText(findTestObject("Maya/RegisterDuitNow/android.widget.TextView0 - Date (1)"), 0): Text of element 'Object Repository/Maya/RegisterDuitNow/android.widget.TextView0 - Date (1)' is: 'Date'

2020-08-18 13:28:11 - [MESSAGE][WARNING] - Timeout '0' is invalid. Using default page load timeout: '10'

2020-08-18 13:28:11 - [MESSAGE][PASSED] - Text of element 'Object Repository/Maya/RegisterDuitNow/android.widget.TextView0 - Date (1)' is: 'Date'

2020-08-18 13:28:11 - [TEST_STEP][PASSED] - verifyElementExist(findTestObject("Maya/RegisterDuitNow/android.widget.TextView0 - Date (1)"), 0): Element 'Object Repository/Maya/RegisterDuitNow/android.widget.TextView0 - Date (1)' is exist

2020-08-18 13:28:12 - [MESSAGE][WARNING] - Timeout '0' is invalid. Using default page load timeout: '10'

2020-08-18 13:28:12 - [MESSAGE][PASSED] - Element 'Object Repository/Maya/RegisterDuitNow/android.widget.TextView0 - Date (1)' is exist

2020-08-18 13:28:12 - [TEST_STEP][PASSED] - getText(findTestObject("Maya/RegisterDuitNow/android.widget.TextView0 - Transfer type (1)"), 0): Text of element 'Object Repository/Maya/RegisterDuitNow/android.widget.TextView0 - Transfer type (1)' is: 'Transfer type'

2020-08-18 13:28:12 - [MESSAGE][WARNING] - Timeout '0' is invalid. Using default page load timeout: '10'

2020-08-18 13:28:13 - [MESSAGE][PASSED] - Text of element 'Object Repository/Maya/RegisterDuitNow/android.widget.TextView0 - Transfer type (1)' is: 'Transfer type'

2020-08-18 13:28:13 - [TEST_STEP][PASSED] - verifyElementExist(findTestObject("Maya/RegisterDuitNow/android.widget.TextView0 - Transfer type (1)"), 0): Element 'Object Repository/Maya/RegisterDuitNow/android.widget.TextView0 - Transfer type (1)' is exist

2020-08-18 13:28:13 - [MESSAGE][WARNING] - Timeout '0' is invalid. Using default page load timeout: '10'

2020-08-18 13:28:13 - [MESSAGE][PASSED] - Element 'Object Repository/Maya/RegisterDuitNow/android.widget.TextView0 - Transfer type (1)' is exist

2020-08-18 13:28:13 - [TEST_STEP][PASSED] - getText(findTestObject("Maya/RegisterDuitNow/android.widget.TextView0 - ID type (2)"), 0): Text of element 'Object Repository/Maya/RegisterDuitNow/android.widget.TextView0 - ID type (2)' is: 'ID type'

2020-08-18 13:28:13 - [MESSAGE][WARNING] - Timeout '0' is invalid. Using default page load timeout: '10'

2020-08-18 13:28:14 - [MESSAGE][PASSED] - Text of element 'Object Repository/Maya/RegisterDuitNow/android.widget.TextView0 - ID type (2)' is: 'ID type'

2020-08-18 13:28:14 - [TEST_STEP][PASSED] - verifyElementExist(findTestObject("Maya/RegisterDuitNow/android.widget.TextView0 - ID type (2)"), 0): Element 'Object Repository/Maya/RegisterDuitNow/android.widget.TextView0 - ID type (2)' is exist

2020-08-18 13:28:14 - [MESSAGE][WARNING] - Timeout '0' is invalid. Using default page load timeout: '10'

2020-08-18 13:28:14 - [MESSAGE][PASSED] - Element 'Object Repository/Maya/RegisterDuitNow/android.widget.TextView0 - ID type (2)' is exist

2020-08-18 13:28:14 - [TEST_STEP][PASSED] - getText(findTestObject("Maya/RegisterDuitNow/android.widget.TextView0 - NRIC Number (3)"), 0): Text of element 'Object Repository/Maya/RegisterDuitNow/android.widget.TextView0 - NRIC Number (3)' is: 'NRIC Number'

2020-08-18 13:28:14 - [MESSAGE][WARNING] - Timeout '0' is invalid. Using default page load timeout: '10'

2020-08-18 13:28:14 - [MESSAGE][PASSED] - Text of element 'Object Repository/Maya/RegisterDuitNow/android.widget.TextView0 - NRIC Number (3)' is: 'NRIC Number'

2020-08-18 13:28:14 - [TEST_STEP][PASSED] - verifyElementExist(findTestObject("Maya/RegisterDuitNow/android.widget.TextView0 - NRIC Number (3)"), 0): Element 'Object Repository/Maya/RegisterDuitNow/android.widget.TextView0 - NRIC Number (3)' is exist

2020-08-18 13:28:15 - [MESSAGE][WARNING] - Timeout '0' is invalid. Using default page load timeout: '10'

2020-08-18 13:28:15 - [MESSAGE][PASSED] - Element 'Object Repository/Maya/RegisterDuitNow/android.widget.TextView0 - NRIC Number (3)' is exist

2020-08-18 13:28:15 - [TEST_STEP][PASSED] - getText(findTestObject("Maya/RegisterDuitNow/android.widget.TextView0 - Recipient reference (1)"), 0): Text of element 'Object Repository/Maya/RegisterDuitNow/android.widget.TextView0 - Recipient reference (1)' is: 'Recipient reference'

2020-08-18 13:28:15 - [MESSAGE][WARNING] - Timeout '0' is invalid. Using default page load timeout: '10'

2020-08-18 13:28:15 - [MESSAGE][PASSED] - Text of element 'Object Repository/Maya/RegisterDuitNow/android.widget.TextView0 - Recipient reference (1)' is: 'Recipient reference'

2020-08-18 13:28:15 - [TEST_STEP][PASSED] - verifyElementExist(findTestObject("Maya/RegisterDuitNow/android.widget.TextView0 - Recipient reference (1)"), 0): Element 'Object Repository/Maya/RegisterDuitNow/android.widget.TextView0 - Recipient reference (1)' is exist

2020-08-18 13:28:15 - [MESSAGE][WARNING] - Timeout '0' is invalid. Using default page load timeout: '10'

2020-08-18 13:28:15 - [MESSAGE][PASSED] - Element 'Object Repository/Maya/RegisterDuitNow/android.widget.TextView0 - Recipient reference (1)' is exist

2020-08-18 13:28:15 - [TEST_STEP][PASSED] - delay(2, CONTINUE_ON_FAILURE): Delayed 2 second(s)

2020-08-18 13:28:17 - [MESSAGE][PASSED] - Delayed 2 second(s)

2020-08-18 13:28:17 - [TEST_STEP][PASSED] - takeScreenshot("C:\Users\LENOVO\Screenshot\Third Party\Screenshot13", STOP_ON_FAILURE): Screenshot is taken

2020-08-18 13:28:18 - [MESSAGE][PASSED] - Screenshot is taken
[[ATTACHMENT|C:\\Users\\LENOVO\\Screenshot\\Third Party\\Screenshot13]]

2020-08-18 13:28:18 - [TEST_STEP][PASSED] - tap(findTestObject("Maya/RegisterDuitNow/android.widget.TextView0 - Transfer Now (1)"), 0): Tapped on element 'Object Repository/Maya/RegisterDuitNow/android.widget.TextView0 - Transfer Now (1)'

2020-08-18 13:28:18 - [MESSAGE][WARNING] - Timeout '0' is invalid. Using default page load timeout: '10'

2020-08-18 13:28:20 - [MESSAGE][PASSED] - Tapped on element 'Object Repository/Maya/RegisterDuitNow/android.widget.TextView0 - Transfer Now (1)'

2020-08-18 13:28:20 - [TEST_STEP][PASSED] - takeScreenshot("C:\Users\LENOVO\Screenshot\Third Party\Screenshot19", STOP_ON_FAILURE): Screenshot is taken

2020-08-18 13:28:21 - [MESSAGE][PASSED] - Screenshot is taken
[[ATTACHMENT|C:\\Users\\LENOVO\\Screenshot\\Third Party\\Screenshot19]]

2020-08-18 13:28:21 - [TEST_STEP][FAILED] - if (verifyElementExist(findTestObject("Maya/spy/android.widget.TextView0 - Your TAC no. is 822872v3"), 3)): Element 'Object Repository/Maya/spy/android.widget.TextView0 - Your TAC no. is 822872v3' not found

2020-08-18 13:28:25 - [MESSAGE][FAILED] - Element 'Object Repository/Maya/spy/android.widget.TextView0 - Your TAC no. is 822872v3' not found
[[ATTACHMENT|C:\\Users\\LENOVO\\Git_new\\Maya\\Reports\\20200818_132459\\Maya UAT\\UAT Test Suite\\20200818_132459\\1597728504502.png]]

2020-08-18 13:28:25 - [TEST_STEP][FAILED] - if (verifyElementExist(findTestObject("Maya/KLIA/android.widget.TextView0 - Approve"), 0)): Element 'Object Repository/Maya/KLIA/android.widget.TextView0 - Approve' not found

2020-08-18 13:28:25 - [MESSAGE][WARNING] - Timeout '0' is invalid. Using default page load timeout: '10'

2020-08-18 13:28:36 - [MESSAGE][FAILED] - Element 'Object Repository/Maya/KLIA/android.widget.TextView0 - Approve' not found
[[ATTACHMENT|C:\\Users\\LENOVO\\Git_new\\Maya\\Reports\\20200818_132459\\Maya UAT\\UAT Test Suite\\20200818_132459\\1597728515563.png]]

2020-08-18 13:28:36 - [TEST_STEP][PASSED] - getText(findTestObject("Maya/RegisterDuitNow/android.widget.TextView0 - Transfer failed"), 0): Text of element 'Object Repository/Maya/RegisterDuitNow/android.widget.TextView0 - Transfer failed' is: 'Transfer failed'

2020-08-18 13:28:36 - [MESSAGE][WARNING] - Timeout '0' is invalid. Using default page load timeout: '10'

2020-08-18 13:28:36 - [MESSAGE][PASSED] - Text of element 'Object Repository/Maya/RegisterDuitNow/android.widget.TextView0 - Transfer failed' is: 'Transfer failed'

2020-08-18 13:28:36 - [TEST_STEP][PASSED] - delay(2, CONTINUE_ON_FAILURE): Delayed 2 second(s)

2020-08-18 13:28:38 - [MESSAGE][PASSED] - Delayed 2 second(s)

2020-08-18 13:28:38 - [TEST_STEP][PASSED] - takeScreenshot("C:\Users\LENOVO\Screenshot\Third Party\Screenshot15", STOP_ON_FAILURE): Screenshot is taken

2020-08-18 13:28:39 - [MESSAGE][PASSED] - Screenshot is taken
[[ATTACHMENT|C:\\Users\\LENOVO\\Screenshot\\Third Party\\Screenshot15]]

2020-08-18 13:28:39 - [TEST_STEP][PASSED] - verifyElementExist(findTestObject("Maya/RegisterDuitNow/android.widget.TextView0 - Transfer failed"), 0): Element 'Object Repository/Maya/RegisterDuitNow/android.widget.TextView0 - Transfer failed' is exist

2020-08-18 13:28:39 - [MESSAGE][WARNING] - Timeout '0' is invalid. Using default page load timeout: '10'

2020-08-18 13:28:39 - [MESSAGE][PASSED] - Element 'Object Repository/Maya/RegisterDuitNow/android.widget.TextView0 - Transfer failed' is exist

2020-08-18 13:28:39 - [TEST_STEP][FAILED] - getText(findTestObject("Maya/RegisterDuitNow/android.widget.TextView0 - You have insufficient balance in your account."), 0): Object Object Repository/Maya/RegisterDuitNow/android.widget.TextView0 - You have insufficient balance in your account. not found

2020-08-18 13:28:40 - [MESSAGE][WARNING] - Timeout '0' is invalid. Using default page load timeout: '10'

2020-08-18 13:28:51 - [MESSAGE][FAILED] - Object Object Repository/Maya/RegisterDuitNow/android.widget.TextView0 - You have insufficient balance in your account. not found
[[ATTACHMENT|C:\\Users\\LENOVO\\Git_new\\Maya\\Reports\\20200818_132459\\Maya UAT\\UAT Test Suite\\20200818_132459\\1597728530900.png]]

2020-08-18 13:28:51 - [TEST_STEP][FAILED] - verifyElementExist(findTestObject("Maya/RegisterDuitNow/android.widget.TextView0 - You have insufficient balance in your account."), 0): Element 'Object Repository/Maya/RegisterDuitNow/android.widget.TextView0 - You have insufficient balance in your account.' not found

2020-08-18 13:28:51 - [MESSAGE][WARNING] - Timeout '0' is invalid. Using default page load timeout: '10'

2020-08-18 13:29:02 - [MESSAGE][FAILED] - Element 'Object Repository/Maya/RegisterDuitNow/android.widget.TextView0 - You have insufficient balance in your account.' not found
[[ATTACHMENT|C:\\Users\\LENOVO\\Git_new\\Maya\\Reports\\20200818_132459\\Maya UAT\\UAT Test Suite\\20200818_132459\\1597728541967.png]]

2020-08-18 13:29:02 - [TEST_STEP][PASSED] - getText(findTestObject("Maya/RegisterDuitNow/android.widget.TextView0 - Reference ID (1)"), 0): Text of element 'Object Repository/Maya/RegisterDuitNow/android.widget.TextView0 - Reference ID (1)' is: 'Reference ID'

2020-08-18 13:29:02 - [MESSAGE][WARNING] - Timeout '0' is invalid. Using default page load timeout: '10'

2020-08-18 13:29:03 - [MESSAGE][PASSED] - Text of element 'Object Repository/Maya/RegisterDuitNow/android.widget.TextView0 - Reference ID (1)' is: 'Reference ID'

2020-08-18 13:29:03 - [TEST_STEP][PASSED] - verifyElementExist(findTestObject("Maya/RegisterDuitNow/android.widget.TextView0 - Reference ID (1)"), 0): Element 'Object Repository/Maya/RegisterDuitNow/android.widget.TextView0 - Reference ID (1)' is exist

2020-08-18 13:29:03 - [MESSAGE][WARNING] - Timeout '0' is invalid. Using default page load timeout: '10'

2020-08-18 13:29:03 - [MESSAGE][PASSED] - Element 'Object Repository/Maya/RegisterDuitNow/android.widget.TextView0 - Reference ID (1)' is exist

2020-08-18 13:29:03 - [TEST_STEP][PASSED] - tap(findTestObject("Maya/RegisterDuitNow/android.widget.TextView0 - Done (5)"), 0): Tapped on element 'Object Repository/Maya/RegisterDuitNow/android.widget.TextView0 - Done (5)'

2020-08-18 13:29:03 - [MESSAGE][WARNING] - Timeout '0' is invalid. Using default page load timeout: '10'

2020-08-18 13:29:06 - [MESSAGE][PASSED] - Tapped on element 'Object Repository/Maya/RegisterDuitNow/android.widget.TextView0 - Done (5)'

2020-08-18 13:29:06 - [TEST_STEP][PASSED] - tap(findTestObject("Maya/RegisterDuitNow/android.widget.TextView0 - Transfer (1)"), 0): Tapped on element 'Object Repository/Maya/RegisterDuitNow/android.widget.TextView0 - Transfer (1)'

2020-08-18 13:29:06 - [MESSAGE][WARNING] - Timeout '0' is invalid. Using default page load timeout: '10'

2020-08-18 13:29:17 - [MESSAGE][PASSED] - Tapped on element 'Object Repository/Maya/RegisterDuitNow/android.widget.TextView0 - Transfer (1)'

2020-08-18 13:29:17 - [TEST_STEP][PASSED] - delay(5, STOP_ON_FAILURE): Delayed 5 second(s)

2020-08-18 13:29:22 - [MESSAGE][PASSED] - Delayed 5 second(s)

2020-08-18 13:29:22 - [TEST_STEP][PASSED] - tapAndHoldAtPosition(627, 376, 2): Tapped and held at [627, 376] with duration 2

2020-08-18 13:29:26 - [MESSAGE][PASSED] - Tapped and held at [627, 376] with duration 2

2020-08-18 13:29:26 - [TEST_STEP][PASSED] - delay(2, CONTINUE_ON_FAILURE): Delayed 2 second(s)

2020-08-18 13:29:28 - [MESSAGE][PASSED] - Delayed 2 second(s)

2020-08-18 13:29:28 - [TEST_STEP][PASSED] - takeScreenshot("C:\Users\LENOVO\Screenshot\Third Party\Screenshot2", STOP_ON_FAILURE): Screenshot is taken

2020-08-18 13:29:29 - [MESSAGE][PASSED] - Screenshot is taken
[[ATTACHMENT|C:\\Users\\LENOVO\\Screenshot\\Third Party\\Screenshot2]]

2020-08-18 13:29:29 - [TEST_STEP][PASSED] - delay(2, STOP_ON_FAILURE): Delayed 2 second(s)

2020-08-18 13:29:31 - [MESSAGE][PASSED] - Delayed 2 second(s)

2020-08-18 13:29:31 - [TEST_STEP][PASSED] - tapAndHoldAtPosition(451, 727, 2): Tapped and held at [451, 727] with duration 2

2020-08-18 13:29:34 - [MESSAGE][PASSED] - Tapped and held at [451, 727] with duration 2

2020-08-18 13:29:34 - [TEST_STEP][PASSED] - getText(findTestObject("Maya/RegisterDuitNow/android.widget.TextView0 - DuitNow (2)"), 0): Text of element 'Object Repository/Maya/RegisterDuitNow/android.widget.TextView0 - DuitNow (2)' is: 'DuitNow'

2020-08-18 13:29:34 - [MESSAGE][WARNING] - Timeout '0' is invalid. Using default page load timeout: '10'

2020-08-18 13:29:35 - [MESSAGE][PASSED] - Text of element 'Object Repository/Maya/RegisterDuitNow/android.widget.TextView0 - DuitNow (2)' is: 'DuitNow'

2020-08-18 13:29:35 - [TEST_STEP][PASSED] - verifyElementExist(findTestObject("Maya/RegisterDuitNow/android.widget.TextView0 - DuitNow (2)"), 0): Element 'Object Repository/Maya/RegisterDuitNow/android.widget.TextView0 - DuitNow (2)' is exist

2020-08-18 13:29:35 - [MESSAGE][WARNING] - Timeout '0' is invalid. Using default page load timeout: '10'

2020-08-18 13:29:35 - [MESSAGE][PASSED] - Element 'Object Repository/Maya/RegisterDuitNow/android.widget.TextView0 - DuitNow (2)' is exist

2020-08-18 13:29:35 - [TEST_STEP][PASSED] - delay(2, CONTINUE_ON_FAILURE): Delayed 2 second(s)

2020-08-18 13:29:37 - [MESSAGE][PASSED] - Delayed 2 second(s)

2020-08-18 13:29:37 - [TEST_STEP][PASSED] - takeScreenshot("C:\Users\LENOVO\Screenshot\Third Party\Screenshot3", STOP_ON_FAILURE): Screenshot is taken

2020-08-18 13:29:38 - [MESSAGE][PASSED] - Screenshot is taken
[[ATTACHMENT|C:\\Users\\LENOVO\\Screenshot\\Third Party\\Screenshot3]]

2020-08-18 13:29:38 - [TEST_STEP][PASSED] - getText(findTestObject("Maya/RegisterDuitNow/android.widget.TextView0 - ID type"), 0): Text of element 'Object Repository/Maya/RegisterDuitNow/android.widget.TextView0 - ID type' is: 'ID type'

2020-08-18 13:29:38 - [MESSAGE][WARNING] - Timeout '0' is invalid. Using default page load timeout: '10'

2020-08-18 13:29:38 - [MESSAGE][PASSED] - Text of element 'Object Repository/Maya/RegisterDuitNow/android.widget.TextView0 - ID type' is: 'ID type'

2020-08-18 13:29:38 - [TEST_STEP][PASSED] - verifyElementExist(findTestObject("Maya/RegisterDuitNow/android.widget.TextView0 - ID type"), 0): Element 'Object Repository/Maya/RegisterDuitNow/android.widget.TextView0 - ID type' is exist

2020-08-18 13:29:38 - [MESSAGE][WARNING] - Timeout '0' is invalid. Using default page load timeout: '10'

2020-08-18 13:29:39 - [MESSAGE][PASSED] - Element 'Object Repository/Maya/RegisterDuitNow/android.widget.TextView0 - ID type' is exist

2020-08-18 13:29:39 - [TEST_STEP][PASSED] - tap(findTestObject("Maya/RegisterDuitNow/android.widget.ImageView0 (2)"), 0): Tapped on element 'Object Repository/Maya/RegisterDuitNow/android.widget.ImageView0 (2)'

2020-08-18 13:29:39 - [MESSAGE][WARNING] - Timeout '0' is invalid. Using default page load timeout: '10'

2020-08-18 13:29:39 - [MESSAGE][PASSED] - Tapped on element 'Object Repository/Maya/RegisterDuitNow/android.widget.ImageView0 (2)'

2020-08-18 13:29:39 - [TEST_STEP][PASSED] - delay(5): Delayed 5 second(s)

2020-08-18 13:29:44 - [MESSAGE][PASSED] - Delayed 5 second(s)

2020-08-18 13:29:44 - [TEST_STEP][PASSED] - swipe(592, 1887, 550, 1754): Swiped from 592,1,887 to 550,1,754

2020-08-18 13:29:45 - [MESSAGE][PASSED] - Swiped from 592,1,887 to 550,1,754

2020-08-18 13:29:45 - [TEST_STEP][PASSED] - delay(2, STOP_ON_FAILURE): Delayed 2 second(s)

2020-08-18 13:29:47 - [MESSAGE][PASSED] - Delayed 2 second(s)

2020-08-18 13:29:47 - [TEST_STEP][PASSED] - delay(2, CONTINUE_ON_FAILURE): Delayed 2 second(s)

2020-08-18 13:29:49 - [MESSAGE][PASSED] - Delayed 2 second(s)

2020-08-18 13:29:49 - [TEST_STEP][PASSED] - takeScreenshot("C:\Users\LENOVO\Screenshot\Third Party\Screenshot4", STOP_ON_FAILURE): Screenshot is taken

2020-08-18 13:29:50 - [MESSAGE][PASSED] - Screenshot is taken
[[ATTACHMENT|C:\\Users\\LENOVO\\Screenshot\\Third Party\\Screenshot4]]

2020-08-18 13:29:50 - [TEST_STEP][PASSED] - delay(3, CONTINUE_ON_FAILURE): Delayed 3 second(s)

2020-08-18 13:29:53 - [MESSAGE][PASSED] - Delayed 3 second(s)

2020-08-18 13:29:53 - [TEST_STEP][PASSED] - tap(findTestObject("Maya/RegisterDuitNow/android.widget.TextView0 - Done (1)"), 0): Tapped on element 'Object Repository/Maya/RegisterDuitNow/android.widget.TextView0 - Done (1)'

2020-08-18 13:29:53 - [MESSAGE][WARNING] - Timeout '0' is invalid. Using default page load timeout: '10'

2020-08-18 13:29:55 - [MESSAGE][PASSED] - Tapped on element 'Object Repository/Maya/RegisterDuitNow/android.widget.TextView0 - Done (1)'

2020-08-18 13:29:55 - [TEST_STEP][PASSED] - getText(findTestObject("Maya/RegisterDuitNow/android.widget.TextView0 - NRIC Number (4)"), 0): Text of element 'Object Repository/Maya/RegisterDuitNow/android.widget.TextView0 - NRIC Number (4)' is: 'NRIC Number'

2020-08-18 13:29:55 - [MESSAGE][WARNING] - Timeout '0' is invalid. Using default page load timeout: '10'

2020-08-18 13:29:55 - [MESSAGE][PASSED] - Text of element 'Object Repository/Maya/RegisterDuitNow/android.widget.TextView0 - NRIC Number (4)' is: 'NRIC Number'

2020-08-18 13:29:55 - [TEST_STEP][PASSED] - verifyElementExist(findTestObject("Maya/RegisterDuitNow/android.widget.TextView0 - NRIC Number (4)"), 0): Element 'Object Repository/Maya/RegisterDuitNow/android.widget.TextView0 - NRIC Number (4)' is exist

2020-08-18 13:29:55 - [MESSAGE][WARNING] - Timeout '0' is invalid. Using default page load timeout: '10'

2020-08-18 13:29:56 - [MESSAGE][PASSED] - Element 'Object Repository/Maya/RegisterDuitNow/android.widget.TextView0 - NRIC Number (4)' is exist

2020-08-18 13:29:56 - [TEST_STEP][PASSED] - delay(2, CONTINUE_ON_FAILURE): Delayed 2 second(s)

2020-08-18 13:29:58 - [MESSAGE][PASSED] - Delayed 2 second(s)

2020-08-18 13:29:58 - [TEST_STEP][PASSED] - takeScreenshot("C:\Users\LENOVO\Screenshot\Third Party\Screenshot16", STOP_ON_FAILURE): Screenshot is taken

2020-08-18 13:29:59 - [MESSAGE][PASSED] - Screenshot is taken
[[ATTACHMENT|C:\\Users\\LENOVO\\Screenshot\\Third Party\\Screenshot16]]

2020-08-18 13:29:59 - [TEST_STEP][PASSED] - setText(findTestObject("Maya/RegisterDuitNow/android.widget.EditText0 - Enter NRIC number"), "940224010663", 0): Text '940224010663' has been set to element 'Object Repository/Maya/RegisterDuitNow/android.widget.EditText0 - Enter NRIC number'

2020-08-18 13:29:59 - [MESSAGE][WARNING] - Timeout '0' is invalid. Using default page load timeout: '10'

2020-08-18 13:30:01 - [MESSAGE][PASSED] - Text '940224010663' has been set to element 'Object Repository/Maya/RegisterDuitNow/android.widget.EditText0 - Enter NRIC number'

2020-08-18 13:30:01 - [TEST_STEP][PASSED] - tap(findTestObject("Maya/RegisterDuitNow/android.widget.TextView0 - Continue (3)"), 0): Tapped on element 'Object Repository/Maya/RegisterDuitNow/android.widget.TextView0 - Continue (3)'

2020-08-18 13:30:01 - [MESSAGE][WARNING] - Timeout '0' is invalid. Using default page load timeout: '10'

2020-08-18 13:30:02 - [MESSAGE][PASSED] - Tapped on element 'Object Repository/Maya/RegisterDuitNow/android.widget.TextView0 - Continue (3)'

2020-08-18 13:30:02 - [TEST_STEP][PASSED] - verifyElementExist(findTestObject("Maya/duitnow Mobile/android.widget.TextView0 - The DuitNow ID entered is not valid."), 0): Element 'Object Repository/Maya/duitnow Mobile/android.widget.TextView0 - The DuitNow ID entered is not valid.' is exist

2020-08-18 13:30:02 - [MESSAGE][WARNING] - Timeout '0' is invalid. Using default page load timeout: '10'

2020-08-18 13:30:04 - [MESSAGE][PASSED] - Element 'Object Repository/Maya/duitnow Mobile/android.widget.TextView0 - The DuitNow ID entered is not valid.' is exist

2020-08-18 13:30:04 - [TEST_STEP][PASSED] - delay(4, STOP_ON_FAILURE): Delayed 4 second(s)

2020-08-18 13:30:08 - [MESSAGE][PASSED] - Delayed 4 second(s)

2020-08-18 13:30:08 - [TEST_STEP][PASSED] - clearText(findTestObject("Maya/RegisterDuitNow/android.widget.EditText0 - 940224 01 0663"), 0): Element 'Object Repository/Maya/RegisterDuitNow/android.widget.EditText0 - 940224 01 0663' text is cleared

2020-08-18 13:30:08 - [MESSAGE][WARNING] - Timeout '0' is invalid. Using default page load timeout: '10'

2020-08-18 13:30:08 - [MESSAGE][PASSED] - Element 'Object Repository/Maya/RegisterDuitNow/android.widget.EditText0 - 940224 01 0663' text is cleared

2020-08-18 13:30:08 - [TEST_STEP][PASSED] - setText(findTestObject("Maya/RegisterDuitNow/android.widget.EditText0 - Enter NRIC number"), "910224010663", 0): Text '910224010663' has been set to element 'Object Repository/Maya/RegisterDuitNow/android.widget.EditText0 - Enter NRIC number'

2020-08-18 13:30:08 - [MESSAGE][WARNING] - Timeout '0' is invalid. Using default page load timeout: '10'

2020-08-18 13:30:11 - [MESSAGE][PASSED] - Text '910224010663' has been set to element 'Object Repository/Maya/RegisterDuitNow/android.widget.EditText0 - Enter NRIC number'

2020-08-18 13:30:11 - [TEST_STEP][PASSED] - tap(findTestObject("Maya/RegisterDuitNow/android.widget.TextView0 - Continue (3)"), 0): Tapped on element 'Object Repository/Maya/RegisterDuitNow/android.widget.TextView0 - Continue (3)'

2020-08-18 13:30:11 - [MESSAGE][WARNING] - Timeout '0' is invalid. Using default page load timeout: '10'

2020-08-18 13:30:12 - [MESSAGE][PASSED] - Tapped on element 'Object Repository/Maya/RegisterDuitNow/android.widget.TextView0 - Continue (3)'

2020-08-18 13:30:12 - [TEST_STEP][PASSED] - getText(findTestObject("Maya/RegisterDuitNow/android.widget.TextView0 - Enter amount (1)"), 0): Text of element 'Object Repository/Maya/RegisterDuitNow/android.widget.TextView0 - Enter amount (1)' is: 'Enter amount'

2020-08-18 13:30:12 - [MESSAGE][WARNING] - Timeout '0' is invalid. Using default page load timeout: '10'

2020-08-18 13:30:14 - [MESSAGE][PASSED] - Text of element 'Object Repository/Maya/RegisterDuitNow/android.widget.TextView0 - Enter amount (1)' is: 'Enter amount'

2020-08-18 13:30:14 - [TEST_STEP][PASSED] - verifyElementExist(findTestObject("Maya/RegisterDuitNow/android.widget.TextView0 - Enter amount (1)"), 0): Element 'Object Repository/Maya/RegisterDuitNow/android.widget.TextView0 - Enter amount (1)' is exist

2020-08-18 13:30:15 - [MESSAGE][WARNING] - Timeout '0' is invalid. Using default page load timeout: '10'

2020-08-18 13:30:15 - [MESSAGE][PASSED] - Element 'Object Repository/Maya/RegisterDuitNow/android.widget.TextView0 - Enter amount (1)' is exist

2020-08-18 13:30:15 - [TEST_STEP][PASSED] - delay(2, STOP_ON_FAILURE): Delayed 2 second(s)

2020-08-18 13:30:17 - [MESSAGE][PASSED] - Delayed 2 second(s)

2020-08-18 13:30:17 - [TEST_STEP][PASSED] - tap(findTestObject("Maya/duitnow/android.widget.TextView0 - 2 (1)"), 0): Tapped on element 'Object Repository/Maya/duitnow/android.widget.TextView0 - 2 (1)'

2020-08-18 13:30:17 - [MESSAGE][WARNING] - Timeout '0' is invalid. Using default page load timeout: '10'

2020-08-18 13:30:19 - [MESSAGE][PASSED] - Tapped on element 'Object Repository/Maya/duitnow/android.widget.TextView0 - 2 (1)'

2020-08-18 13:30:19 - [TEST_STEP][PASSED] - tap(findTestObject("Maya/duitnow/android.widget.TextView0 - 0 (1)"), 0): Tapped on element 'Object Repository/Maya/duitnow/android.widget.TextView0 - 0 (1)'

2020-08-18 13:30:19 - [MESSAGE][WARNING] - Timeout '0' is invalid. Using default page load timeout: '10'

2020-08-18 13:30:21 - [MESSAGE][PASSED] - Tapped on element 'Object Repository/Maya/duitnow/android.widget.TextView0 - 0 (1)'

2020-08-18 13:30:21 - [TEST_STEP][PASSED] - tap(findTestObject("Maya/duitnow/android.widget.TextView0 - 0 (1)"), 0): Tapped on element 'Object Repository/Maya/duitnow/android.widget.TextView0 - 0 (1)'

2020-08-18 13:30:21 - [MESSAGE][WARNING] - Timeout '0' is invalid. Using default page load timeout: '10'

2020-08-18 13:30:25 - [MESSAGE][PASSED] - Tapped on element 'Object Repository/Maya/duitnow/android.widget.TextView0 - 0 (1)'

2020-08-18 13:30:25 - [TEST_STEP][PASSED] - tap(findTestObject("Maya/RegisterDuitNow/android.widget.ImageView0 (5)"), 0): Tapped on element 'Object Repository/Maya/RegisterDuitNow/android.widget.ImageView0 (5)'

2020-08-18 13:30:25 - [MESSAGE][WARNING] - Timeout '0' is invalid. Using default page load timeout: '10'

2020-08-18 13:30:26 - [MESSAGE][PASSED] - Tapped on element 'Object Repository/Maya/RegisterDuitNow/android.widget.ImageView0 (5)'

2020-08-18 13:30:26 - [TEST_STEP][PASSED] - delay(2, CONTINUE_ON_FAILURE): Delayed 2 second(s)

2020-08-18 13:30:28 - [MESSAGE][PASSED] - Delayed 2 second(s)

2020-08-18 13:30:28 - [TEST_STEP][PASSED] - takeScreenshot("C:\Users\LENOVO\Screenshot\Third Party\Screenshot18", STOP_ON_FAILURE): Screenshot is taken

2020-08-18 13:30:29 - [MESSAGE][PASSED] - Screenshot is taken
[[ATTACHMENT|C:\\Users\\LENOVO\\Screenshot\\Third Party\\Screenshot18]]

2020-08-18 13:30:29 - [TEST_STEP][PASSED] - getText(findTestObject("Maya/RegisterDuitNow/android.widget.TextView0 - Enter recipient reference (1)"), 0): Text of element 'Object Repository/Maya/RegisterDuitNow/android.widget.TextView0 - Enter recipient reference (1)' is: 'Enter recipient reference'

2020-08-18 13:30:29 - [MESSAGE][WARNING] - Timeout '0' is invalid. Using default page load timeout: '10'

2020-08-18 13:30:29 - [MESSAGE][PASSED] - Text of element 'Object Repository/Maya/RegisterDuitNow/android.widget.TextView0 - Enter recipient reference (1)' is: 'Enter recipient reference'

2020-08-18 13:30:29 - [TEST_STEP][PASSED] - verifyElementExist(findTestObject("Maya/RegisterDuitNow/android.widget.TextView0 - Enter recipient reference (1)"), 0): Element 'Object Repository/Maya/RegisterDuitNow/android.widget.TextView0 - Enter recipient reference (1)' is exist

2020-08-18 13:30:30 - [MESSAGE][WARNING] - Timeout '0' is invalid. Using default page load timeout: '10'

2020-08-18 13:30:30 - [MESSAGE][PASSED] - Element 'Object Repository/Maya/RegisterDuitNow/android.widget.TextView0 - Enter recipient reference (1)' is exist

2020-08-18 13:30:30 - [TEST_STEP][PASSED] - setText(findTestObject("Maya/duitnow/android.widget.EditText0 (1)"), "Test", 0): Text 'Test' has been set to element 'Object Repository/Maya/duitnow/android.widget.EditText0 (1)'

2020-08-18 13:30:30 - [MESSAGE][WARNING] - Timeout '0' is invalid. Using default page load timeout: '10'

2020-08-18 13:30:31 - [MESSAGE][PASSED] - Text 'Test' has been set to element 'Object Repository/Maya/duitnow/android.widget.EditText0 (1)'

2020-08-18 13:30:31 - [TEST_STEP][PASSED] - hideKeyboard(): Keyboard is hidden

2020-08-18 13:30:35 - [MESSAGE][PASSED] - Keyboard is hidden

2020-08-18 13:30:35 - [TEST_STEP][PASSED] - delay(4, STOP_ON_FAILURE): Delayed 4 second(s)

2020-08-18 13:30:39 - [MESSAGE][PASSED] - Delayed 4 second(s)

2020-08-18 13:30:39 - [TEST_STEP][PASSED] - tap(findTestObject("Maya/RegisterDuitNow/android.widget.TextView0 - Continue (3)"), 0): Tapped on element 'Object Repository/Maya/RegisterDuitNow/android.widget.TextView0 - Continue (3)'

2020-08-18 13:30:39 - [MESSAGE][WARNING] - Timeout '0' is invalid. Using default page load timeout: '10'

2020-08-18 13:30:40 - [MESSAGE][PASSED] - Tapped on element 'Object Repository/Maya/RegisterDuitNow/android.widget.TextView0 - Continue (3)'

2020-08-18 13:30:40 - [TEST_STEP][PASSED] - getText(findTestObject("Maya/duitnow/android.widget.TextView0 - RM 2.00 (1)"), 0): Text of element 'Object Repository/Maya/duitnow/android.widget.TextView0 - RM 2.00 (1)' is: 'RM 2.00'

2020-08-18 13:30:40 - [MESSAGE][WARNING] - Timeout '0' is invalid. Using default page load timeout: '10'

2020-08-18 13:30:41 - [MESSAGE][PASSED] - Text of element 'Object Repository/Maya/duitnow/android.widget.TextView0 - RM 2.00 (1)' is: 'RM 2.00'

2020-08-18 13:30:41 - [TEST_STEP][PASSED] - verifyElementExist(findTestObject("Maya/NRICduitnow/Verify DuitNow NRIC Number"), 0): Element 'Object Repository/Maya/NRICduitnow/Verify DuitNow NRIC Number' is exist

2020-08-18 13:30:41 - [MESSAGE][WARNING] - Timeout '0' is invalid. Using default page load timeout: '10'

2020-08-18 13:30:42 - [MESSAGE][PASSED] - Element 'Object Repository/Maya/NRICduitnow/Verify DuitNow NRIC Number' is exist

2020-08-18 13:30:42 - [TEST_STEP][PASSED] - tap(findTestObject("Maya/duitnow/android.widget.TextView0 - Today (1)"), 0): Tapped on element 'Object Repository/Maya/duitnow/android.widget.TextView0 - Today (1)'

2020-08-18 13:30:42 - [MESSAGE][WARNING] - Timeout '0' is invalid. Using default page load timeout: '10'

2020-08-18 13:30:45 - [MESSAGE][PASSED] - Tapped on element 'Object Repository/Maya/duitnow/android.widget.TextView0 - Today (1)'

2020-08-18 13:30:45 - [TEST_STEP][PASSED] - tap(findTestObject("Maya/duitnow/android.view.ViewGroup0 (1)"), 0): Tapped on element 'Object Repository/Maya/duitnow/android.view.ViewGroup0 (1)'

2020-08-18 13:30:45 - [MESSAGE][WARNING] - Timeout '0' is invalid. Using default page load timeout: '10'

2020-08-18 13:30:53 - [MESSAGE][PASSED] - Tapped on element 'Object Repository/Maya/duitnow/android.view.ViewGroup0 (1)'

2020-08-18 13:30:53 - [TEST_STEP][PASSED] - tap(findTestObject("Maya/duitnow/android.widget.TextView0 - Done (1)"), 0): Tapped on element 'Object Repository/Maya/duitnow/android.widget.TextView0 - Done (1)'

2020-08-18 13:30:53 - [MESSAGE][WARNING] - Timeout '0' is invalid. Using default page load timeout: '10'

2020-08-18 13:30:54 - [MESSAGE][PASSED] - Tapped on element 'Object Repository/Maya/duitnow/android.widget.TextView0 - Done (1)'

2020-08-18 13:30:54 - [TEST_STEP][PASSED] - getText(findTestObject("Maya/duitnow/android.widget.TextView0 - Test"), 0): Text of element 'Object Repository/Maya/duitnow/android.widget.TextView0 - Test' is: 'Confirmation'

2020-08-18 13:30:54 - [MESSAGE][WARNING] - Timeout '0' is invalid. Using default page load timeout: '10'

2020-08-18 13:30:55 - [MESSAGE][PASSED] - Text of element 'Object Repository/Maya/duitnow/android.widget.TextView0 - Test' is: 'Confirmation'

2020-08-18 13:30:55 - [TEST_STEP][PASSED] - verifyElementExist(findTestObject("Maya/duitnow/android.widget.TextView0 - Test"), 0): Element 'Object Repository/Maya/duitnow/android.widget.TextView0 - Test' is exist

2020-08-18 13:30:55 - [MESSAGE][WARNING] - Timeout '0' is invalid. Using default page load timeout: '10'

2020-08-18 13:30:56 - [MESSAGE][PASSED] - Element 'Object Repository/Maya/duitnow/android.widget.TextView0 - Test' is exist

2020-08-18 13:30:56 - [TEST_STEP][PASSED] - takeScreenshot("C:\Users\LENOVO\Screenshot\Third Party Fav\ConfDuitNow.png", STOP_ON_FAILURE): Screenshot is taken

2020-08-18 13:30:57 - [MESSAGE][PASSED] - Screenshot is taken
[[ATTACHMENT|C:\\Users\\LENOVO\\Screenshot\\Third Party Fav\\ConfDuitNow.png]]

2020-08-18 13:30:57 - [TEST_STEP][PASSED] - tap(findTestObject("Maya/duitnow/android.widget.TextView0 - Transfer Now (1)"), 0, CONTINUE_ON_FAILURE): Tapped on element 'Object Repository/Maya/duitnow/android.widget.TextView0 - Transfer Now (1)'

2020-08-18 13:30:57 - [MESSAGE][WARNING] - Timeout '0' is invalid. Using default page load timeout: '10'

2020-08-18 13:30:59 - [MESSAGE][PASSED] - Tapped on element 'Object Repository/Maya/duitnow/android.widget.TextView0 - Transfer Now (1)'

2020-08-18 13:30:59 - [TEST_STEP][PASSED] - delay(3, CONTINUE_ON_FAILURE): Delayed 3 second(s)

2020-08-18 13:31:02 - [MESSAGE][PASSED] - Delayed 3 second(s)

2020-08-18 13:31:02 - [TEST_STEP][PASSED] - takeScreenshot("C:\Users\LENOVO\Screenshot\Third Party\Screenshot19", STOP_ON_FAILURE): Screenshot is taken

2020-08-18 13:31:03 - [MESSAGE][PASSED] - Screenshot is taken
[[ATTACHMENT|C:\\Users\\LENOVO\\Screenshot\\Third Party\\Screenshot19]]

2020-08-18 13:31:03 - [TEST_STEP][FAILED] - if (verifyElementExist(findTestObject("Maya/spy/android.widget.TextView0 - Your TAC no. is 822872v3"), 3)): Element 'Object Repository/Maya/spy/android.widget.TextView0 - Your TAC no. is 822872v3' not found

2020-08-18 13:31:07 - [MESSAGE][FAILED] - Element 'Object Repository/Maya/spy/android.widget.TextView0 - Your TAC no. is 822872v3' not found
[[ATTACHMENT|C:\\Users\\LENOVO\\Git_new\\Maya\\Reports\\20200818_132459\\Maya UAT\\UAT Test Suite\\20200818_132459\\1597728666560.png]]

2020-08-18 13:31:07 - [TEST_STEP][PASSED] - if (verifyElementExist(findTestObject("Maya/KLIA/android.widget.TextView0 - Approve"), 0)): null

2020-08-18 13:31:07 - [MESSAGE][WARNING] - Timeout '0' is invalid. Using default page load timeout: '10'

2020-08-18 13:31:08 - [MESSAGE][PASSED] - Element 'Object Repository/Maya/KLIA/android.widget.TextView0 - Approve' is exist

2020-08-18 13:31:08 - [TEST_STEP][PASSED] - delay(2, STOP_ON_FAILURE): Delayed 2 second(s)

2020-08-18 13:31:10 - [MESSAGE][PASSED] - Delayed 2 second(s)

2020-08-18 13:31:10 - [TEST_STEP][PASSED] - tap(findTestObject("Maya/KLIA/android.widget.TextView0 - Approve"), 0): Tapped on element 'Object Repository/Maya/KLIA/android.widget.TextView0 - Approve'

2020-08-18 13:31:10 - [MESSAGE][WARNING] - Timeout '0' is invalid. Using default page load timeout: '10'

2020-08-18 13:31:11 - [MESSAGE][PASSED] - Tapped on element 'Object Repository/Maya/KLIA/android.widget.TextView0 - Approve'

2020-08-18 13:31:11 - [TEST_STEP][PASSED] - delay(10, CONTINUE_ON_FAILURE): Delayed 10 second(s)

2020-08-18 13:31:21 - [MESSAGE][PASSED] - Delayed 10 second(s)

2020-08-18 13:31:21 - [TEST_STEP][FAILED] - verifyElementText(findTestObject("Maya/duitNow Fav TAC/android.widget.TextView0 - Transfer successful"), "Transfer successful"): Element 'Object Repository/Maya/duitNow Fav TAC/android.widget.TextView0 - Transfer successful' not found

2020-08-18 13:31:32 - [MESSAGE][FAILED] - Element 'Object Repository/Maya/duitNow Fav TAC/android.widget.TextView0 - Transfer successful' not found
[[ATTACHMENT|C:\\Users\\LENOVO\\Git_new\\Maya\\Reports\\20200818_132459\\Maya UAT\\UAT Test Suite\\20200818_132459\\1597728692015.png]]

2020-08-18 13:31:32 - [TEST_STEP][PASSED] - takeScreenshot("C:\Users\LENOVO\Screenshot\Third Party Fav\TransferSuccess.png", STOP_ON_FAILURE): Screenshot is taken

2020-08-18 13:31:33 - [MESSAGE][PASSED] - Screenshot is taken
[[ATTACHMENT|C:\\Users\\LENOVO\\Screenshot\\Third Party Fav\\TransferSuccess.png]]

2020-08-18 13:31:33 - [TEST_STEP][PASSED] - verifyElementExist(findTestObject("Maya/duitnow/android.widget.TextView0 - 179857250M"), 0): Element 'Object Repository/Maya/duitnow/android.widget.TextView0 - 179857250M' is exist

2020-08-18 13:31:33 - [MESSAGE][WARNING] - Timeout '0' is invalid. Using default page load timeout: '10'

2020-08-18 13:31:34 - [MESSAGE][PASSED] - Element 'Object Repository/Maya/duitnow/android.widget.TextView0 - 179857250M' is exist

2020-08-18 13:31:34 - [TEST_STEP][PASSED] - verifyElementExist(findTestObject("Maya/duitnow/android.widget.TextView0 - 16 Apr 2020 0546 pm"), 0): Element 'Object Repository/Maya/duitnow/android.widget.TextView0 - 16 Apr 2020 0546 pm' is exist

2020-08-18 13:31:34 - [MESSAGE][WARNING] - Timeout '0' is invalid. Using default page load timeout: '10'

2020-08-18 13:31:35 - [MESSAGE][PASSED] - Element 'Object Repository/Maya/duitnow/android.widget.TextView0 - 16 Apr 2020 0546 pm' is exist

2020-08-18 13:31:35 - [TEST_STEP][FAILED] - tap(findTestObject("Maya/New_Transfer/android.widget.TextView0 - Share Receipt"), 0): Object Object Repository/Maya/New_Transfer/android.widget.TextView0 - Share Receipt not found

2020-08-18 13:31:35 - [MESSAGE][WARNING] - Timeout '0' is invalid. Using default page load timeout: '10'

2020-08-18 13:31:46 - [MESSAGE][FAILED] - Object Object Repository/Maya/New_Transfer/android.widget.TextView0 - Share Receipt not found
[[ATTACHMENT|C:\\Users\\LENOVO\\Git_new\\Maya\\Reports\\20200818_132459\\Maya UAT\\UAT Test Suite\\20200818_132459\\1597728706002.png]]

2020-08-18 13:31:46 - [TEST_STEP][PASSED] - delay(8, CONTINUE_ON_FAILURE): Delayed 8 second(s)

2020-08-18 13:31:54 - [MESSAGE][PASSED] - Delayed 8 second(s)

2020-08-18 13:31:54 - [TEST_STEP][NOT_RUN] - tap(findTestObject("Maya/New_Transfer/android.widget.ImageView0 (9)"), 0): NOT_RUN: tap(findTestObject("Maya/New_Transfer/android.widget.ImageView0 (9)"), 0)

2020-08-18 13:31:54 - [MESSAGE][NOT_RUN] - NOT_RUN: tap(findTestObject("Maya/New_Transfer/android.widget.ImageView0 (9)"), 0)

2020-08-18 13:31:54 - [TEST_STEP][NOT_RUN] - tap(findTestObject("Maya/New_Transfer/android.widget.Button0 - Cancel (1)"), 0): NOT_RUN: tap(findTestObject("Maya/New_Transfer/android.widget.Button0 - Cancel (1)"), 0)

2020-08-18 13:31:54 - [MESSAGE][NOT_RUN] - NOT_RUN: tap(findTestObject("Maya/New_Transfer/android.widget.Button0 - Cancel (1)"), 0)

2020-08-18 13:31:54 - [TEST_STEP][FAILED] - getText(findTestObject("Maya/New_Transfer/android.widget.TextView0 - Share Receipt (1)"), 0): Object Object Repository/Maya/New_Transfer/android.widget.TextView0 - Share Receipt (1) not found

2020-08-18 13:31:54 - [MESSAGE][WARNING] - Timeout '0' is invalid. Using default page load timeout: '10'

2020-08-18 13:32:06 - [MESSAGE][FAILED] - Object Object Repository/Maya/New_Transfer/android.widget.TextView0 - Share Receipt (1) not found
[[ATTACHMENT|C:\\Users\\LENOVO\\Git_new\\Maya\\Reports\\20200818_132459\\Maya UAT\\UAT Test Suite\\20200818_132459\\1597728725571.png]]

2020-08-18 13:32:06 - [TEST_STEP][FAILED] - verifyElementExist(findTestObject("Maya/New_Transfer/android.widget.TextView0 - Share Receipt (1)"), 0): Element 'Object Repository/Maya/New_Transfer/android.widget.TextView0 - Share Receipt (1)' not found

2020-08-18 13:32:06 - [MESSAGE][WARNING] - Timeout '0' is invalid. Using default page load timeout: '10'

2020-08-18 13:32:17 - [MESSAGE][FAILED] - Element 'Object Repository/Maya/New_Transfer/android.widget.TextView0 - Share Receipt (1)' not found
[[ATTACHMENT|C:\\Users\\LENOVO\\Git_new\\Maya\\Reports\\20200818_132459\\Maya UAT\\UAT Test Suite\\20200818_132459\\1597728736960.png]]

2020-08-18 13:32:17 - [TEST_STEP][NOT_RUN] - tap(findTestObject("Maya/New_Transfer/android.widget.ImageView0 (10)"), 0): NOT_RUN: tap(findTestObject("Maya/New_Transfer/android.widget.ImageView0 (10)"), 0)

2020-08-18 13:32:17 - [MESSAGE][NOT_RUN] - NOT_RUN: tap(findTestObject("Maya/New_Transfer/android.widget.ImageView0 (10)"), 0)

2020-08-18 13:32:17 - [TEST_STEP][NOT_RUN] - tap(findTestObject("Maya/New_Transfer/android.widget.TextView0 - Share Receipt"), 0): NOT_RUN: tap(findTestObject("Maya/New_Transfer/android.widget.TextView0 - Share Receipt"), 0)

2020-08-18 13:32:17 - [MESSAGE][NOT_RUN] - NOT_RUN: tap(findTestObject("Maya/New_Transfer/android.widget.TextView0 - Share Receipt"), 0)

2020-08-18 13:32:17 - [TEST_STEP][FAILED] - getText(findTestObject("Maya/New_Transfer/android.view.View0 - 17180008563M"), 0): Object Object Repository/Maya/New_Transfer/android.view.View0 - 17180008563M not found

2020-08-18 13:32:17 - [MESSAGE][WARNING] - Timeout '0' is invalid. Using default page load timeout: '10'

2020-08-18 13:32:28 - [MESSAGE][FAILED] - Object Object Repository/Maya/New_Transfer/android.view.View0 - 17180008563M not found
[[ATTACHMENT|C:\\Users\\LENOVO\\Git_new\\Maya\\Reports\\20200818_132459\\Maya UAT\\UAT Test Suite\\20200818_132459\\1597728748018.png]]

2020-08-18 13:32:28 - [TEST_STEP][PASSED] - takeScreenshot("C:\Users\LENOVO\Screenshot\Third Party\Screenshot24", STOP_ON_FAILURE): Screenshot is taken

2020-08-18 13:32:29 - [MESSAGE][PASSED] - Screenshot is taken
[[ATTACHMENT|C:\\Users\\LENOVO\\Screenshot\\Third Party\\Screenshot24]]

2020-08-18 13:32:29 - [TEST_STEP][FAILED] - verifyElementExist(findTestObject("Maya/New_Transfer/android.view.View0 - 17180008563M"), 0): Element 'Object Repository/Maya/New_Transfer/android.view.View0 - 17180008563M' not found

2020-08-18 13:32:29 - [MESSAGE][WARNING] - Timeout '0' is invalid. Using default page load timeout: '10'

2020-08-18 13:32:40 - [MESSAGE][FAILED] - Element 'Object Repository/Maya/New_Transfer/android.view.View0 - 17180008563M' not found
[[ATTACHMENT|C:\\Users\\LENOVO\\Git_new\\Maya\\Reports\\20200818_132459\\Maya UAT\\UAT Test Suite\\20200818_132459\\1597728759936.png]]

2020-08-18 13:32:40 - [TEST_STEP][FAILED] - getText(findTestObject("Maya/New_Transfer/android.view.View0 - Beneficiary name"), 0): Object Object Repository/Maya/New_Transfer/android.view.View0 - Beneficiary name not found

2020-08-18 13:32:40 - [MESSAGE][WARNING] - Timeout '0' is invalid. Using default page load timeout: '10'

2020-08-18 13:32:52 - [MESSAGE][FAILED] - Object Object Repository/Maya/New_Transfer/android.view.View0 - Beneficiary name not found
[[ATTACHMENT|C:\\Users\\LENOVO\\Git_new\\Maya\\Reports\\20200818_132459\\Maya UAT\\UAT Test Suite\\20200818_132459\\1597728771204.png]]

2020-08-18 13:32:52 - [TEST_STEP][FAILED] - verifyElementExist(findTestObject("Maya/New_Transfer/android.view.View0 - Beneficiary name"), 0): Element 'Object Repository/Maya/New_Transfer/android.view.View0 - Beneficiary name' not found

2020-08-18 13:32:52 - [MESSAGE][WARNING] - Timeout '0' is invalid. Using default page load timeout: '10'

2020-08-18 13:33:03 - [MESSAGE][FAILED] - Element 'Object Repository/Maya/New_Transfer/android.view.View0 - Beneficiary name' not found
[[ATTACHMENT|C:\\Users\\LENOVO\\Git_new\\Maya\\Reports\\20200818_132459\\Maya UAT\\UAT Test Suite\\20200818_132459\\1597728782769.png]]

2020-08-18 13:33:03 - [TEST_STEP][FAILED] - getText(findTestObject("Maya/New_Transfer/android.view.View0 - Amount"), 0): Object Object Repository/Maya/New_Transfer/android.view.View0 - Amount not found

2020-08-18 13:33:03 - [MESSAGE][WARNING] - Timeout '0' is invalid. Using default page load timeout: '10'

2020-08-18 13:33:14 - [MESSAGE][FAILED] - Object Object Repository/Maya/New_Transfer/android.view.View0 - Amount not found
[[ATTACHMENT|C:\\Users\\LENOVO\\Git_new\\Maya\\Reports\\20200818_132459\\Maya UAT\\UAT Test Suite\\20200818_132459\\1597728793959.png]]

2020-08-18 13:33:14 - [TEST_STEP][FAILED] - verifyElementExist(findTestObject("Maya/New_Transfer/android.view.View0 - Amount"), 0): Element 'Object Repository/Maya/New_Transfer/android.view.View0 - Amount' not found

2020-08-18 13:33:14 - [MESSAGE][WARNING] - Timeout '0' is invalid. Using default page load timeout: '10'

2020-08-18 13:33:26 - [MESSAGE][FAILED] - Element 'Object Repository/Maya/New_Transfer/android.view.View0 - Amount' not found
[[ATTACHMENT|C:\\Users\\LENOVO\\Git_new\\Maya\\Reports\\20200818_132459\\Maya UAT\\UAT Test Suite\\20200818_132459\\1597728805172.png]]

2020-08-18 13:33:26 - [TEST_STEP][FAILED] - getText(findTestObject("Maya/New_Transfer/android.view.View0 - Recipient reference"), 0): Object Object Repository/Maya/New_Transfer/android.view.View0 - Recipient reference not found

2020-08-18 13:33:26 - [MESSAGE][WARNING] - Timeout '0' is invalid. Using default page load timeout: '10'

2020-08-18 13:33:37 - [MESSAGE][FAILED] - Object Object Repository/Maya/New_Transfer/android.view.View0 - Recipient reference not found
[[ATTACHMENT|C:\\Users\\LENOVO\\Git_new\\Maya\\Reports\\20200818_132459\\Maya UAT\\UAT Test Suite\\20200818_132459\\1597728816337.png]]

2020-08-18 13:33:37 - [TEST_STEP][FAILED] - getText(findTestObject("Maya/New_Transfer/android.view.View0 - Test"), 0): Object Object Repository/Maya/New_Transfer/android.view.View0 - Test not found

2020-08-18 13:33:37 - [MESSAGE][WARNING] - Timeout '0' is invalid. Using default page load timeout: '10'

2020-08-18 13:33:48 - [MESSAGE][FAILED] - Object Object Repository/Maya/New_Transfer/android.view.View0 - Test not found
[[ATTACHMENT|C:\\Users\\LENOVO\\Git_new\\Maya\\Reports\\20200818_132459\\Maya UAT\\UAT Test Suite\\20200818_132459\\1597728827355.png]]

2020-08-18 13:33:48 - [TEST_STEP][FAILED] - getText(findTestObject("Maya/NRICduitnow/android.view.View0 - Beneficiary name"), 0): Object Object Repository/Maya/NRICduitnow/android.view.View0 - Beneficiary name not found

2020-08-18 13:33:48 - [MESSAGE][WARNING] - Timeout '0' is invalid. Using default page load timeout: '10'

2020-08-18 13:33:59 - [MESSAGE][FAILED] - Object Object Repository/Maya/NRICduitnow/android.view.View0 - Beneficiary name not found
[[ATTACHMENT|C:\\Users\\LENOVO\\Git_new\\Maya\\Reports\\20200818_132459\\Maya UAT\\UAT Test Suite\\20200818_132459\\1597728838684.png]]

2020-08-18 13:33:59 - [TEST_STEP][FAILED] - getText(findTestObject("Maya/NRICduitnow/android.view.View0 - BIMBB TEST DUITNOW ID"), 0): Object Object Repository/Maya/NRICduitnow/android.view.View0 - BIMBB TEST DUITNOW ID not found

2020-08-18 13:33:59 - [MESSAGE][WARNING] - Timeout '0' is invalid. Using default page load timeout: '10'

2020-08-18 13:34:10 - [MESSAGE][FAILED] - Object Object Repository/Maya/NRICduitnow/android.view.View0 - BIMBB TEST DUITNOW ID not found
[[ATTACHMENT|C:\\Users\\LENOVO\\Git_new\\Maya\\Reports\\20200818_132459\\Maya UAT\\UAT Test Suite\\20200818_132459\\1597728849809.png]]

2020-08-18 13:34:10 - [TEST_STEP][FAILED] - getText(findTestObject("Maya/NRICduitnow/android.view.View0 - DuitNow ID type"), 0): Object Object Repository/Maya/NRICduitnow/android.view.View0 - DuitNow ID type not found

2020-08-18 13:34:10 - [MESSAGE][WARNING] - Timeout '0' is invalid. Using default page load timeout: '10'

2020-08-18 13:34:22 - [MESSAGE][FAILED] - Object Object Repository/Maya/NRICduitnow/android.view.View0 - DuitNow ID type not found
[[ATTACHMENT|C:\\Users\\LENOVO\\Git_new\\Maya\\Reports\\20200818_132459\\Maya UAT\\UAT Test Suite\\20200818_132459\\1597728861249.png]]

2020-08-18 13:34:22 - [TEST_STEP][FAILED] - getText(findTestObject("Maya/NRICduitnow/android.view.View0 - NRIC Number"), 0): Object Object Repository/Maya/NRICduitnow/android.view.View0 - NRIC Number not found

2020-08-18 13:34:22 - [MESSAGE][WARNING] - Timeout '0' is invalid. Using default page load timeout: '10'

2020-08-18 13:34:33 - [MESSAGE][FAILED] - Object Object Repository/Maya/NRICduitnow/android.view.View0 - NRIC Number not found
[[ATTACHMENT|C:\\Users\\LENOVO\\Git_new\\Maya\\Reports\\20200818_132459\\Maya UAT\\UAT Test Suite\\20200818_132459\\1597728872470.png]]

2020-08-18 13:34:33 - [TEST_STEP][FAILED] - verifyElementExist(findTestObject("Maya/New_Transfer/android.view.View0 - RM 2.00"), 0): Element 'Object Repository/Maya/New_Transfer/android.view.View0 - RM 2.00' not found

2020-08-18 13:34:33 - [MESSAGE][WARNING] - Timeout '0' is invalid. Using default page load timeout: '10'

2020-08-18 13:34:44 - [MESSAGE][FAILED] - Element 'Object Repository/Maya/New_Transfer/android.view.View0 - RM 2.00' not found
[[ATTACHMENT|C:\\Users\\LENOVO\\Git_new\\Maya\\Reports\\20200818_132459\\Maya UAT\\UAT Test Suite\\20200818_132459\\1597728883593.png]]

2020-08-18 13:34:44 - [TEST_STEP][FAILED] - verifyElementExist(findTestObject("Maya/New_Transfer/android.view.View0 - Test"), 0): Element 'Object Repository/Maya/New_Transfer/android.view.View0 - Test' not found

2020-08-18 13:34:44 - [MESSAGE][WARNING] - Timeout '0' is invalid. Using default page load timeout: '10'

2020-08-18 13:34:55 - [MESSAGE][FAILED] - Element 'Object Repository/Maya/New_Transfer/android.view.View0 - Test' not found
[[ATTACHMENT|C:\\Users\\LENOVO\\Git_new\\Maya\\Reports\\20200818_132459\\Maya UAT\\UAT Test Suite\\20200818_132459\\1597728894488.png]]

2020-08-18 13:34:55 - [TEST_STEP][FAILED] - verifyElementExist(findTestObject("Maya/New_Transfer/android.view.View0 - Recipient reference"), 0): Element 'Object Repository/Maya/New_Transfer/android.view.View0 - Recipient reference' not found

2020-08-18 13:34:55 - [MESSAGE][WARNING] - Timeout '0' is invalid. Using default page load timeout: '10'

2020-08-18 13:35:06 - [MESSAGE][FAILED] - Element 'Object Repository/Maya/New_Transfer/android.view.View0 - Recipient reference' not found
[[ATTACHMENT|C:\\Users\\LENOVO\\Git_new\\Maya\\Reports\\20200818_132459\\Maya UAT\\UAT Test Suite\\20200818_132459\\1597728905674.png]]

2020-08-18 13:35:06 - [TEST_STEP][FAILED] - verifyElementExist(findTestObject("Maya/New_Transfer/android.view.View0 - Test"), 0): Element 'Object Repository/Maya/New_Transfer/android.view.View0 - Test' not found

2020-08-18 13:35:06 - [MESSAGE][WARNING] - Timeout '0' is invalid. Using default page load timeout: '10'

2020-08-18 13:35:17 - [MESSAGE][FAILED] - Element 'Object Repository/Maya/New_Transfer/android.view.View0 - Test' not found
[[ATTACHMENT|C:\\Users\\LENOVO\\Git_new\\Maya\\Reports\\20200818_132459\\Maya UAT\\UAT Test Suite\\20200818_132459\\1597728916863.png]]

2020-08-18 13:35:17 - [TEST_STEP][PASSED] - swipe(831, 1382, 800, 100): Swiped from 831,1,382 to 800,100

2020-08-18 13:35:18 - [MESSAGE][PASSED] - Swiped from 831,1,382 to 800,100

2020-08-18 13:35:18 - [TEST_STEP][PASSED] - delay(5, STOP_ON_FAILURE): Delayed 5 second(s)

2020-08-18 13:35:23 - [MESSAGE][PASSED] - Delayed 5 second(s)

2020-08-18 13:35:23 - [TEST_STEP][FAILED] - getText(findTestObject("Maya/drop4 CR/android.view.View0 - RM 2.00"), 0): Object Object Repository/Maya/drop4 CR/android.view.View0 - RM 2.00 not found

2020-08-18 13:35:24 - [MESSAGE][WARNING] - Timeout '0' is invalid. Using default page load timeout: '10'

2020-08-18 13:35:35 - [MESSAGE][FAILED] - Object Object Repository/Maya/drop4 CR/android.view.View0 - RM 2.00 not found
[[ATTACHMENT|C:\\Users\\LENOVO\\Git_new\\Maya\\Reports\\20200818_132459\\Maya UAT\\UAT Test Suite\\20200818_132459\\1597728934758.png]]

2020-08-18 13:35:35 - [TEST_STEP][FAILED] - verifyElementExist(findTestObject("Maya/drop4 CR/android.view.View0 - RM 2.00"), 0): Element 'Object Repository/Maya/drop4 CR/android.view.View0 - RM 2.00' not found

2020-08-18 13:35:35 - [MESSAGE][WARNING] - Timeout '0' is invalid. Using default page load timeout: '10'

2020-08-18 13:35:46 - [MESSAGE][FAILED] - Element 'Object Repository/Maya/drop4 CR/android.view.View0 - RM 2.00' not found
[[ATTACHMENT|C:\\Users\\LENOVO\\Git_new\\Maya\\Reports\\20200818_132459\\Maya UAT\\UAT Test Suite\\20200818_132459\\1597728945943.png]]

2020-08-18 13:35:46 - [TEST_STEP][FAILED] - getText(findTestObject("Maya/New_Transfer/android.view.View0 - Beneficiary name"), 0): Object Object Repository/Maya/New_Transfer/android.view.View0 - Beneficiary name not found

2020-08-18 13:35:47 - [MESSAGE][WARNING] - Timeout '0' is invalid. Using default page load timeout: '10'

2020-08-18 13:35:58 - [MESSAGE][FAILED] - Object Object Repository/Maya/New_Transfer/android.view.View0 - Beneficiary name not found
[[ATTACHMENT|C:\\Users\\LENOVO\\Git_new\\Maya\\Reports\\20200818_132459\\Maya UAT\\UAT Test Suite\\20200818_132459\\1597728957541.png]]

2020-08-18 13:35:58 - [TEST_STEP][FAILED] - verifyElementExist(findTestObject("Maya/New_Transfer/android.view.View0 - Beneficiary name"), 0): Element 'Object Repository/Maya/New_Transfer/android.view.View0 - Beneficiary name' not found

2020-08-18 13:35:58 - [MESSAGE][WARNING] - Timeout '0' is invalid. Using default page load timeout: '10'

2020-08-18 13:36:10 - [MESSAGE][FAILED] - Element 'Object Repository/Maya/New_Transfer/android.view.View0 - Beneficiary name' not found
[[ATTACHMENT|C:\\Users\\LENOVO\\Git_new\\Maya\\Reports\\20200818_132459\\Maya UAT\\UAT Test Suite\\20200818_132459\\1597728969100.png]]

2020-08-18 13:36:10 - [TEST_STEP][FAILED] - getText(findTestObject("Maya/Third Party CA account/android.widget.TextView0 - Note This receipt is computer generated and no signature is required."), 0): Object Object Repository/Maya/Third Party CA account/android.widget.TextView0 - Note This receipt is computer generated and no signature is required. not found

2020-08-18 13:36:10 - [MESSAGE][WARNING] - Timeout '0' is invalid. Using default page load timeout: '10'

2020-08-18 13:36:21 - [MESSAGE][FAILED] - Object Object Repository/Maya/Third Party CA account/android.widget.TextView0 - Note This receipt is computer generated and no signature is required. not found
[[ATTACHMENT|C:\\Users\\LENOVO\\Git_new\\Maya\\Reports\\20200818_132459\\Maya UAT\\UAT Test Suite\\20200818_132459\\1597728980340.png]]

2020-08-18 13:36:21 - [TEST_STEP][FAILED] - getText(findTestObject("Maya/Third Party CA account/android.widget.TextView0 - Malayan Banking Berhad (Co. Reg.  196001000142)"), 0): Object Object Repository/Maya/Third Party CA account/android.widget.TextView0 - Malayan Banking Berhad (Co. Reg.  196001000142) not found

2020-08-18 13:36:21 - [MESSAGE][WARNING] - Timeout '0' is invalid. Using default page load timeout: '10'

2020-08-18 13:36:32 - [MESSAGE][FAILED] - Object Object Repository/Maya/Third Party CA account/android.widget.TextView0 - Malayan Banking Berhad (Co. Reg.  196001000142) not found
[[ATTACHMENT|C:\\Users\\LENOVO\\Git_new\\Maya\\Reports\\20200818_132459\\Maya UAT\\UAT Test Suite\\20200818_132459\\1597728991712.png]]

2020-08-18 13:36:32 - [TEST_STEP][FAILED] - getText(findTestObject("Maya/Third Party CA account/android.widget.TextView0 - Maybank Islamic Berhad (Co. Reg.  200701029411)"), 0): Object Object Repository/Maya/Third Party CA account/android.widget.TextView0 - Maybank Islamic Berhad (Co. Reg.  200701029411) not found

2020-08-18 13:36:32 - [MESSAGE][WARNING] - Timeout '0' is invalid. Using default page load timeout: '10'

2020-08-18 13:36:44 - [MESSAGE][FAILED] - Object Object Repository/Maya/Third Party CA account/android.widget.TextView0 - Maybank Islamic Berhad (Co. Reg.  200701029411) not found
[[ATTACHMENT|C:\\Users\\LENOVO\\Git_new\\Maya\\Reports\\20200818_132459\\Maya UAT\\UAT Test Suite\\20200818_132459\\1597729003786.png]]

2020-08-18 13:36:44 - [TEST_STEP][FAILED] - tap(findTestObject("Maya/New_Transfer/android.widget.ImageView0 (10)"), 0): Object Object Repository/Maya/New_Transfer/android.widget.ImageView0 (10) not found

2020-08-18 13:36:44 - [MESSAGE][WARNING] - Timeout '0' is invalid. Using default page load timeout: '10'

2020-08-18 13:36:55 - [MESSAGE][FAILED] - Object Object Repository/Maya/New_Transfer/android.widget.ImageView0 (10) not found
[[ATTACHMENT|C:\\Users\\LENOVO\\Git_new\\Maya\\Reports\\20200818_132459\\Maya UAT\\UAT Test Suite\\20200818_132459\\1597729014866.png]]

2020-08-18 13:36:55 - [TEST_STEP][PASSED] - delay(5, CONTINUE_ON_FAILURE): Delayed 5 second(s)

2020-08-18 13:37:00 - [MESSAGE][PASSED] - Delayed 5 second(s)

2020-08-18 13:37:00 - [TEST_STEP][PASSED] - tap(findTestObject("Maya/New_Transfer/android.widget.TextView0 - Done (1)"), 0): Tapped on element 'Object Repository/Maya/New_Transfer/android.widget.TextView0 - Done (1)'

2020-08-18 13:37:00 - [MESSAGE][WARNING] - Timeout '0' is invalid. Using default page load timeout: '10'

2020-08-18 13:37:04 - [MESSAGE][PASSED] - Tapped on element 'Object Repository/Maya/New_Transfer/android.widget.TextView0 - Done (1)'

2020-08-18 13:37:04 - [TEST_STEP][PASSED] - delay(3, CONTINUE_ON_FAILURE): Delayed 3 second(s)

2020-08-18 13:37:07 - [MESSAGE][PASSED] - Delayed 3 second(s)

2020-08-18 13:37:07 - [TEST_STEP][PASSED] - takeScreenshot("C:\Users\LENOVO\Screenshot\Third Party\Screenshot26", STOP_ON_FAILURE): Screenshot is taken

2020-08-18 13:37:08 - [MESSAGE][PASSED] - Screenshot is taken
[[ATTACHMENT|C:\\Users\\LENOVO\\Screenshot\\Third Party\\Screenshot26]]

2020-08-18 13:37:08 - [TEST_STEP][NOT_RUN] - tap(findTestObject("Maya/New_Transfer/android.widget.ImageView0 (11)"), 0): NOT_RUN: tap(findTestObject("Maya/New_Transfer/android.widget.ImageView0 (11)"), 0)

2020-08-18 13:37:08 - [MESSAGE][NOT_RUN] - NOT_RUN: tap(findTestObject("Maya/New_Transfer/android.widget.ImageView0 (11)"), 0)

2020-08-18 13:37:08 - [TEST_STEP][PASSED] - tap(findTestObject("Maya/New_Transfer/android.widget.TextView0 - Wallet"), 0): Tapped on element 'Object Repository/Maya/New_Transfer/android.widget.TextView0 - Wallet'

2020-08-18 13:37:08 - [MESSAGE][WARNING] - Timeout '0' is invalid. Using default page load timeout: '10'

2020-08-18 13:37:11 - [MESSAGE][PASSED] - Tapped on element 'Object Repository/Maya/New_Transfer/android.widget.TextView0 - Wallet'

2020-08-18 13:37:11 - [TEST_STEP][PASSED] - tap(findTestObject("Maya/New_Transfer/android.widget.TextView0 - View Transactions"), 0): Tapped on element 'Object Repository/Maya/New_Transfer/android.widget.TextView0 - View Transactions'

2020-08-18 13:37:11 - [MESSAGE][WARNING] - Timeout '0' is invalid. Using default page load timeout: '10'

2020-08-18 13:37:13 - [MESSAGE][PASSED] - Tapped on element 'Object Repository/Maya/New_Transfer/android.widget.TextView0 - View Transactions'

2020-08-18 13:37:13 - [TEST_STEP][NOT_RUN] - tap(findTestObject("Maya/RegisterDuitNow/android.widget.ImageView0 (2)"), 0): NOT_RUN: tap(findTestObject("Maya/RegisterDuitNow/android.widget.ImageView0 (2)"), 0)

2020-08-18 13:37:13 - [MESSAGE][NOT_RUN] - NOT_RUN: tap(findTestObject("Maya/RegisterDuitNow/android.widget.ImageView0 (2)"), 0)

2020-08-18 13:37:13 - [TEST_STEP][PASSED] - delay(2, STOP_ON_FAILURE): Delayed 2 second(s)

2020-08-18 13:37:15 - [MESSAGE][PASSED] - Delayed 2 second(s)

2020-08-18 13:37:15 - [TEST_STEP][PASSED] - takeScreenshot("C:\Users\LENOVO\Screenshot\DuitNowProxy\Screen4.png", CONTINUE_ON_FAILURE): Screenshot is taken

2020-08-18 13:37:16 - [MESSAGE][PASSED] - Screenshot is taken
[[ATTACHMENT|C:\\Users\\LENOVO\\Screenshot\\DuitNowProxy\\Screen4.png]]

2020-08-18 13:37:16 - [TEST_STEP][PASSED] - delay(3, CONTINUE_ON_FAILURE): Delayed 3 second(s)

2020-08-18 13:37:19 - [MESSAGE][PASSED] - Delayed 3 second(s)

2020-08-18 13:37:19 - [TEST_STEP][PASSED] - swipe(592, 1887, 629, 1390): Swiped from 592,1,887 to 629,1,390

2020-08-18 13:37:20 - [MESSAGE][PASSED] - Swiped from 592,1,887 to 629,1,390

2020-08-18 13:37:20 - [TEST_STEP][PASSED] - delay(2, STOP_ON_FAILURE): Delayed 2 second(s)

2020-08-18 13:37:22 - [MESSAGE][PASSED] - Delayed 2 second(s)

2020-08-18 13:37:22 - [TEST_STEP][NOT_RUN] - tap(findTestObject("Maya/RegisterDuitNow/android.widget.TextView0 - Done (1)"), 0): NOT_RUN: tap(findTestObject("Maya/RegisterDuitNow/android.widget.TextView0 - Done (1)"), 0)

2020-08-18 13:37:22 - [MESSAGE][NOT_RUN] - NOT_RUN: tap(findTestObject("Maya/RegisterDuitNow/android.widget.TextView0 - Done (1)"), 0)

2020-08-18 13:37:22 - [TEST_STEP][PASSED] - delay(2, STOP_ON_FAILURE): Delayed 2 second(s)

2020-08-18 13:37:24 - [MESSAGE][PASSED] - Delayed 2 second(s)

2020-08-18 13:37:24 - [TEST_STEP][FAILED] - getText(findTestObject("Maya/spy/android.widget.TextView0 - DuitNow Open - BIMBB TEST DUITNOW ID"), 0): Object Object Repository/Maya/spy/android.widget.TextView0 - DuitNow Open - BIMBB TEST DUITNOW ID not found

2020-08-18 13:37:24 - [MESSAGE][WARNING] - Timeout '0' is invalid. Using default page load timeout: '10'

2020-08-18 13:37:35 - [MESSAGE][FAILED] - Object Object Repository/Maya/spy/android.widget.TextView0 - DuitNow Open - BIMBB TEST DUITNOW ID not found
[[ATTACHMENT|C:\\Users\\LENOVO\\Git_new\\Maya\\Reports\\20200818_132459\\Maya UAT\\UAT Test Suite\\20200818_132459\\1597729054591.png]]

2020-08-18 13:37:35 - [TEST_STEP][PASSED] - getText(findTestObject("Maya/spy/android.widget.TextView0 - -RM 2.00"), 0): Text of element 'Object Repository/Maya/spy/android.widget.TextView0 - -RM 2.00' is: '-RM 2.00'

2020-08-18 13:37:35 - [MESSAGE][WARNING] - Timeout '0' is invalid. Using default page load timeout: '10'

2020-08-18 13:37:36 - [MESSAGE][PASSED] - Text of element 'Object Repository/Maya/spy/android.widget.TextView0 - -RM 2.00' is: '-RM 2.00'

2020-08-18 13:37:36 - [TEST_STEP][PASSED] - delay(3, CONTINUE_ON_FAILURE): Delayed 3 second(s)

2020-08-18 13:37:39 - [MESSAGE][PASSED] - Delayed 3 second(s)

2020-08-18 13:37:39 - [TEST_STEP][PASSED] - delay(3, CONTINUE_ON_FAILURE): Delayed 3 second(s)

2020-08-18 13:37:42 - [MESSAGE][PASSED] - Delayed 3 second(s)

2020-08-18 13:37:42 - [TEST_STEP][PASSED] - takeScreenshot("C:\Users\LENOVO\Screenshot\Third Party\Screenshot20", STOP_ON_FAILURE): Screenshot is taken

2020-08-18 13:37:43 - [MESSAGE][PASSED] - Screenshot is taken
[[ATTACHMENT|C:\\Users\\LENOVO\\Screenshot\\Third Party\\Screenshot20]]

2020-08-18 13:37:43 - [TEST_STEP][PASSED] - tap(findTestObject("Maya/KLIA/android.widget.TextView0 - Home"), 0): Tapped on element 'Object Repository/Maya/KLIA/android.widget.TextView0 - Home'

2020-08-18 13:37:43 - [MESSAGE][WARNING] - Timeout '0' is invalid. Using default page load timeout: '10'

2020-08-18 13:37:57 - [MESSAGE][PASSED] - Tapped on element 'Object Repository/Maya/KLIA/android.widget.TextView0 - Home'

2020-08-18 13:37:57 - [TEST_STEP][PASSED] - tap(findTestObject("Maya/KLIA/android.widget.TextView0 - More (1)"), 0): Tapped on element 'Object Repository/Maya/KLIA/android.widget.TextView0 - More (1)'

2020-08-18 13:37:57 - [MESSAGE][WARNING] - Timeout '0' is invalid. Using default page load timeout: '10'

2020-08-18 13:38:10 - [MESSAGE][PASSED] - Tapped on element 'Object Repository/Maya/KLIA/android.widget.TextView0 - More (1)'

2020-08-18 13:38:10 - [TEST_STEP][PASSED] - tap(findTestObject("Maya/KLIA/android.widget.TextView0 - Notifications"), 0): Tapped on element 'Object Repository/Maya/KLIA/android.widget.TextView0 - Notifications'

2020-08-18 13:38:10 - [MESSAGE][WARNING] - Timeout '0' is invalid. Using default page load timeout: '10'

2020-08-18 13:38:12 - [MESSAGE][PASSED] - Tapped on element 'Object Repository/Maya/KLIA/android.widget.TextView0 - Notifications'

2020-08-18 13:38:12 - [TEST_STEP][PASSED] - getText(findTestObject("Maya/NRIC Passport/android.widget.TextView0 - Today"), 0): Text of element 'Object Repository/Maya/NRIC Passport/android.widget.TextView0 - Today' is: 'Today'

2020-08-18 13:38:12 - [MESSAGE][WARNING] - Timeout '0' is invalid. Using default page load timeout: '10'

2020-08-18 13:38:23 - [MESSAGE][PASSED] - Text of element 'Object Repository/Maya/NRIC Passport/android.widget.TextView0 - Today' is: 'Today'

2020-08-18 13:38:23 - [TEST_STEP][PASSED] - getText(findTestObject("Maya/NRIC Passport/android.widget.TextView0 - Maybank2u Transfer"), 0): Text of element 'Object Repository/Maya/NRIC Passport/android.widget.TextView0 - Maybank2u Transfer' is: 'Maybank2u: Transfer'

2020-08-18 13:38:23 - [MESSAGE][WARNING] - Timeout '0' is invalid. Using default page load timeout: '10'

2020-08-18 13:38:24 - [MESSAGE][PASSED] - Text of element 'Object Repository/Maya/NRIC Passport/android.widget.TextView0 - Maybank2u Transfer' is: 'Maybank2u: Transfer'

2020-08-18 13:38:24 - [TEST_STEP][FAILED] - verifyElementVisible(findTestObject("Maya/NRIC Passport/android.widget.TextView0 - DuitNow of RM 2.00 to DEADPOOL. Passport Number  ABRA. REF 17180689639M"), 0): Element 'Object Repository/Maya/NRIC Passport/android.widget.TextView0 - DuitNow of RM 2.00 to DEADPOOL. Passport Number  ABRA. REF 17180689639M' not found

2020-08-18 13:38:24 - [MESSAGE][WARNING] - Timeout '0' is invalid. Using default page load timeout: '10'

2020-08-18 13:38:35 - [MESSAGE][FAILED] - Element 'Object Repository/Maya/NRIC Passport/android.widget.TextView0 - DuitNow of RM 2.00 to DEADPOOL. Passport Number  ABRA. REF 17180689639M' not found
[[ATTACHMENT|C:\\Users\\LENOVO\\Git_new\\Maya\\Reports\\20200818_132459\\Maya UAT\\UAT Test Suite\\20200818_132459\\1597729114526.png]]

2020-08-18 13:38:35 - [TEST_STEP][FAILED] - getText(findTestObject("Maya/spy/android.widget.TextView0 - DuitNow of RM 2.00 to BIMBB TEST DUITNOW ID. NRIC Number  0663. REF 17180690432M"), 0): Object Object Repository/Maya/spy/android.widget.TextView0 - DuitNow of RM 2.00 to BIMBB TEST DUITNOW ID. NRIC Number  0663. REF 17180690432M not found

2020-08-18 13:38:36 - [MESSAGE][WARNING] - Timeout '0' is invalid. Using default page load timeout: '10'

2020-08-18 13:38:47 - [MESSAGE][FAILED] - Object Object Repository/Maya/spy/android.widget.TextView0 - DuitNow of RM 2.00 to BIMBB TEST DUITNOW ID. NRIC Number  0663. REF 17180690432M not found
[[ATTACHMENT|C:\\Users\\LENOVO\\Git_new\\Maya\\Reports\\20200818_132459\\Maya UAT\\UAT Test Suite\\20200818_132459\\1597729126131.png]]

2020-08-18 13:38:47 - [TEST_STEP][PASSED] - takeScreenshot("C:\Users\LENOVO\Screenshot\DuitNow\Screen39.png", CONTINUE_ON_FAILURE): Screenshot is taken

2020-08-18 13:38:48 - [MESSAGE][PASSED] - Screenshot is taken
[[ATTACHMENT|C:\\Users\\LENOVO\\Screenshot\\DuitNow\\Screen39.png]]]]></system-out>
         <system-err><![CDATA[2020-08-18 13:25:02 - [TEST_CASE][FAILED] - Test Cases/JINU/DuItNow/Transfer DuITNow NRIC: Test Cases/JINU/DuItNow/Transfer DuITNow NRIC FAILED.
Reason:
com.kms.katalon.core.exception.StepFailedException: Element 'Object Repository/Maya/spy/android.widget.TextView0 - Your TAC no. is 822872v3' not found
	at com.kms.katalon.core.keyword.internal.KeywordMain.stepFailed(KeywordMain.groovy:39)
	at com.kms.katalon.core.mobile.keyword.internal.MobileKeywordMain.stepFailed(MobileKeywordMain.groovy:40)
	at com.kms.katalon.core.mobile.keyword.builtin.VerifyElementExistKeyword$_verifyElementExist_closure1.doCall(VerifyElementExistKeyword.groovy:77)
	at com.kms.katalon.core.mobile.keyword.builtin.VerifyElementExistKeyword$_verifyElementExist_closure1.call(VerifyElementExistKeyword.groovy)
	at com.kms.katalon.core.mobile.keyword.internal.MobileKeywordMain.runKeyword(MobileKeywordMain.groovy:21)
	at com.kms.katalon.core.mobile.keyword.builtin.VerifyElementExistKeyword.verifyElementExist(VerifyElementExistKeyword.groovy:80)
	at com.kms.katalon.core.mobile.keyword.builtin.VerifyElementExistKeyword.execute(VerifyElementExistKeyword.groovy:64)
	at com.kms.katalon.core.keyword.internal.KeywordExecutor.executeKeywordForPlatform(KeywordExecutor.groovy:72)
	at com.kms.katalon.core.mobile.keyword.MobileBuiltInKeywords.verifyElementExist(MobileBuiltInKeywords.groovy:809)
	at com.kms.katalon.core.mobile.keyword.MobileBuiltInKeywords$verifyElementExist$5.call(Unknown Source)
	at Transfer DuITNow NRIC.run(Transfer DuITNow NRIC:253)
	at com.kms.katalon.core.main.ScriptEngine.run(ScriptEngine.java:194)
	at com.kms.katalon.core.main.ScriptEngine.runScriptAsRawText(ScriptEngine.java:119)
	at com.kms.katalon.core.main.TestCaseExecutor.runScript(TestCaseExecutor.java:337)
	at com.kms.katalon.core.main.TestCaseExecutor.doExecute(TestCaseExecutor.java:328)
	at com.kms.katalon.core.main.TestCaseExecutor.processExecutionPhase(TestCaseExecutor.java:307)
	at com.kms.katalon.core.main.TestCaseExecutor.accessMainPhase(TestCaseExecutor.java:299)
	at com.kms.katalon.core.main.TestCaseExecutor.execute(TestCaseExecutor.java:233)
	at com.kms.katalon.core.main.TestSuiteExecutor.accessTestCaseMainPhase(TestSuiteExecutor.java:169)
	at com.kms.katalon.core.main.TestSuiteExecutor.accessTestSuiteMainPhase(TestSuiteExecutor.java:142)
	at com.kms.katalon.core.main.TestSuiteExecutor.execute(TestSuiteExecutor.java:91)
	at com.kms.katalon.core.main.TestCaseMain.startTestSuite(TestCaseMain.java:157)
	at com.kms.katalon.core.main.TestCaseMain$startTestSuite$0.call(Unknown Source)
	at TempTestSuite1597728299241.run(TempTestSuite1597728299241.groovy:36)]]></system-err>
      </testcase>
      <system-out><![CDATA[2020-08-18 13:25:02 - [TEST_SUITE][FAILED] - UAT Test Suite: Test Cases/JINU/DuItNow/Transfer DuITNow NRIC FAILED.
Reason:
com.kms.katalon.core.exception.StepFailedException: Element 'Object Repository/Maya/spy/android.widget.TextView0 - Your TAC no. is 822872v3' not found
	at com.kms.katalon.core.keyword.internal.KeywordMain.stepFailed(KeywordMain.groovy:39)
	at com.kms.katalon.core.mobile.keyword.internal.MobileKeywordMain.stepFailed(MobileKeywordMain.groovy:40)
	at com.kms.katalon.core.mobile.keyword.builtin.VerifyElementExistKeyword$_verifyElementExist_closure1.doCall(VerifyElementExistKeyword.groovy:77)
	at com.kms.katalon.core.mobile.keyword.builtin.VerifyElementExistKeyword$_verifyElementExist_closure1.call(VerifyElementExistKeyword.groovy)
	at com.kms.katalon.core.mobile.keyword.internal.MobileKeywordMain.runKeyword(MobileKeywordMain.groovy:21)
	at com.kms.katalon.core.mobile.keyword.builtin.VerifyElementExistKeyword.verifyElementExist(VerifyElementExistKeyword.groovy:80)
	at com.kms.katalon.core.mobile.keyword.builtin.VerifyElementExistKeyword.execute(VerifyElementExistKeyword.groovy:64)
	at com.kms.katalon.core.keyword.internal.KeywordExecutor.executeKeywordForPlatform(KeywordExecutor.groovy:72)
	at com.kms.katalon.core.mobile.keyword.MobileBuiltInKeywords.verifyElementExist(MobileBuiltInKeywords.groovy:809)
	at com.kms.katalon.core.mobile.keyword.MobileBuiltInKeywords$verifyElementExist$5.call(Unknown Source)
	at Transfer DuITNow NRIC.run(Transfer DuITNow NRIC:253)
	at com.kms.katalon.core.main.ScriptEngine.run(ScriptEngine.java:194)
	at com.kms.katalon.core.main.ScriptEngine.runScriptAsRawText(ScriptEngine.java:119)
	at com.kms.katalon.core.main.TestCaseExecutor.runScript(TestCaseExecutor.java:337)
	at com.kms.katalon.core.main.TestCaseExecutor.doExecute(TestCaseExecutor.java:328)
	at com.kms.katalon.core.main.TestCaseExecutor.processExecutionPhase(TestCaseExecutor.java:307)
	at com.kms.katalon.core.main.TestCaseExecutor.accessMainPhase(TestCaseExecutor.java:299)
	at com.kms.katalon.core.main.TestCaseExecutor.execute(TestCaseExecutor.java:233)
	at com.kms.katalon.core.main.TestSuiteExecutor.accessTestCaseMainPhase(TestSuiteExecutor.java:169)
	at com.kms.katalon.core.main.TestSuiteExecutor.accessTestSuiteMainPhase(TestSuiteExecutor.java:142)
	at com.kms.katalon.core.main.TestSuiteExecutor.execute(TestSuiteExecutor.java:91)
	at com.kms.katalon.core.main.TestCaseMain.startTestSuite(TestCaseMain.java:157)
	at com.kms.katalon.core.main.TestCaseMain$startTestSuite$0.call(Unknown Source)
	at TempTestSuite1597728299241.run(TempTestSuite1597728299241.groovy:36)]]></system-out>
      <system-err><![CDATA[2020-08-18 13:25:02 - [TEST_SUITE][FAILED] - UAT Test Suite: Test Cases/JINU/DuItNow/Transfer DuITNow NRIC FAILED.
Reason:
com.kms.katalon.core.exception.StepFailedException: Element 'Object Repository/Maya/spy/android.widget.TextView0 - Your TAC no. is 822872v3' not found
	at com.kms.katalon.core.keyword.internal.KeywordMain.stepFailed(KeywordMain.groovy:39)
	at com.kms.katalon.core.mobile.keyword.internal.MobileKeywordMain.stepFailed(MobileKeywordMain.groovy:40)
	at com.kms.katalon.core.mobile.keyword.builtin.VerifyElementExistKeyword$_verifyElementExist_closure1.doCall(VerifyElementExistKeyword.groovy:77)
	at com.kms.katalon.core.mobile.keyword.builtin.VerifyElementExistKeyword$_verifyElementExist_closure1.call(VerifyElementExistKeyword.groovy)
	at com.kms.katalon.core.mobile.keyword.internal.MobileKeywordMain.runKeyword(MobileKeywordMain.groovy:21)
	at com.kms.katalon.core.mobile.keyword.builtin.VerifyElementExistKeyword.verifyElementExist(VerifyElementExistKeyword.groovy:80)
	at com.kms.katalon.core.mobile.keyword.builtin.VerifyElementExistKeyword.execute(VerifyElementExistKeyword.groovy:64)
	at com.kms.katalon.core.keyword.internal.KeywordExecutor.executeKeywordForPlatform(KeywordExecutor.groovy:72)
	at com.kms.katalon.core.mobile.keyword.MobileBuiltInKeywords.verifyElementExist(MobileBuiltInKeywords.groovy:809)
	at com.kms.katalon.core.mobile.keyword.MobileBuiltInKeywords$verifyElementExist$5.call(Unknown Source)
	at Transfer DuITNow NRIC.run(Transfer DuITNow NRIC:253)
	at com.kms.katalon.core.main.ScriptEngine.run(ScriptEngine.java:194)
	at com.kms.katalon.core.main.ScriptEngine.runScriptAsRawText(ScriptEngine.java:119)
	at com.kms.katalon.core.main.TestCaseExecutor.runScript(TestCaseExecutor.java:337)
	at com.kms.katalon.core.main.TestCaseExecutor.doExecute(TestCaseExecutor.java:328)
	at com.kms.katalon.core.main.TestCaseExecutor.processExecutionPhase(TestCaseExecutor.java:307)
	at com.kms.katalon.core.main.TestCaseExecutor.accessMainPhase(TestCaseExecutor.java:299)
	at com.kms.katalon.core.main.TestCaseExecutor.execute(TestCaseExecutor.java:233)
	at com.kms.katalon.core.main.TestSuiteExecutor.accessTestCaseMainPhase(TestSuiteExecutor.java:169)
	at com.kms.katalon.core.main.TestSuiteExecutor.accessTestSuiteMainPhase(TestSuiteExecutor.java:142)
	at com.kms.katalon.core.main.TestSuiteExecutor.execute(TestSuiteExecutor.java:91)
	at com.kms.katalon.core.main.TestCaseMain.startTestSuite(TestCaseMain.java:157)
	at com.kms.katalon.core.main.TestCaseMain$startTestSuite$0.call(Unknown Source)
	at TempTestSuite1597728299241.run(TempTestSuite1597728299241.groovy:36)]]></system-err>
   </testsuite>
</testsuites>
