<?xml version="1.0" encoding="UTF-8"?>
<testsuites name="UAT Test Suite" time="457.403" tests="1" failures="1" errors="0">
   <testsuite name="UAT Test Suite" tests="1" failures="1" errors="0" time="457.403" timestamp="2020-08-06 22:47:55" hostname="LENOVO - DESKTOP-CP3TV4N" id="Test Suites/Maya UAT/UAT Test Suite">
      <properties>
         <property name="deviceName" value="Xiaomi Redmi Note 7S (Android 9)"/>
         <property name="devicePlatform" value=""/>
         <property name="logFolder" value="C:\\Users\\LENOVO\\Git_new\\Maya\\Reports\\20200806_224752\\Maya UAT\\UAT Test Suite\\20200806_224752"/>
         <property name="logFiles" value="C:\\Users\\LENOVO\\Git_new\\Maya\\Reports\\20200806_224752\\Maya UAT\\UAT Test Suite\\20200806_224752\\appium.log, C:\\Users\\LENOVO\\Git_new\\Maya\\Reports\\20200806_224752\\Maya UAT\\UAT Test Suite\\20200806_224752\\execution0.log"/>
         <property name="attachments" value="C:\\Users\\LENOVO\\Screenshot\\BusTicket\\Ticket1.png, C:\\Users\\LENOVO\\Screenshot\\BusTicket\\Ticket2.png, C:\\Users\\LENOVO\\Screenshot\\BusTicket\\Ticket15.png, C:\\Users\\LENOVO\\Screenshot\\BusTicket\\Ticket3.png, C:\\Users\\LENOVO\\Screenshot\\BusTicket\\Ticket4.png, C:\\Users\\LENOVO\\Screenshot\\BusTicket\\Ticket41.png, C:\\Users\\LENOVO\\Screenshot\\BusTicket\\Ticket5.png, C:\\Users\\LENOVO\\Screenshot\\BusTicket\\Ticket6.png, C:\\Users\\LENOVO\\Git_new\\Maya\\Reports\\20200806_224752\\Maya UAT\\UAT Test Suite\\20200806_224752\\1596725554535.png, C:\\Users\\LENOVO\\Screenshot\\BusTicket\\Ticket8.png, C:\\Users\\LENOVO\\Screenshot\\BusTicket\\Ticket9.png, C:\\Users\\LENOVO\\Screenshot\\BusTicket\\Ticket12.png, C:\\Users\\LENOVO\\Screenshot\\BusTicket\\Ticket11.png, C:\\Users\\LENOVO\\Screenshot\\BusTicket\\Ticket13.png, C:\\Users\\LENOVO\\Screenshot\\KLIATicket\\Ticket53.png"/>
         <property name="hostName" value="LENOVO - DESKTOP-CP3TV4N"/>
         <property name="os" value="Windows 10 64bit"/>
         <property name="appiumServerStatus" value="{\&quot;value\&quot;:{\&quot;build\&quot;:{\&quot;version\&quot;:\&quot;1.15.1\&quot;}},\&quot;sessionId\&quot;:null,\&quot;status\&quot;:0}"/>
         <property name="katalonVersion" value="7.2.7.1"/>
         <property name="deviceOS" value="Android"/>
         <property name="appiumVersion" value="1.15.1"/>
         <property name="deviceModel" value="Redmi Note 7S"/>
         <property name="hostAddress" value="192.168.0.100"/>
         <property name="deviceManufacturer" value="Xiaomi"/>
         <property name="deviceId" value="11cb9864"/>
         <property name="deviceName" value="Xiaomi Redmi Note 7S (Android 9)"/>
         <property name="deviceOSVersion" value="9"/>
      </properties>
      <testcase name="Test Cases/JINU/Bus Ticket/Bus Ticket 2" time="454.151" classname="Test Cases/JINU/Bus Ticket/Bus Ticket 2" status="FAILED">
         <failure type="FAILED" message="Test Cases/JINU/Bus Ticket/Bus Ticket 2 FAILED.
Reason:
com.kms.katalon.core.exception.StepFailedException: Element 'Object Repository/Maya/KLIA/android.widget.TextView0 - Approve' not found
	at com.kms.katalon.core.keyword.internal.KeywordMain.stepFailed(KeywordMain.groovy:39)
	at com.kms.katalon.core.mobile.keyword.internal.MobileKeywordMain.stepFailed(MobileKeywordMain.groovy:40)
	at com.kms.katalon.core.mobile.keyword.builtin.VerifyElementExistKeyword$_verifyElementExist_closure1.doCall(VerifyElementExistKeyword.groovy:77)
	at com.kms.katalon.core.mobile.keyword.builtin.VerifyElementExistKeyword$_verifyElementExist_closure1.call(VerifyElementExistKeyword.groovy)
	at com.kms.katalon.core.mobile.keyword.internal.MobileKeywordMain.runKeyword(MobileKeywordMain.groovy:21)
	at com.kms.katalon.core.mobile.keyword.builtin.VerifyElementExistKeyword.verifyElementExist(VerifyElementExistKeyword.groovy:80)
	at com.kms.katalon.core.mobile.keyword.builtin.VerifyElementExistKeyword.execute(VerifyElementExistKeyword.groovy:64)
	at com.kms.katalon.core.keyword.internal.KeywordExecutor.executeKeywordForPlatform(KeywordExecutor.groovy:72)
	at com.kms.katalon.core.mobile.keyword.MobileBuiltInKeywords.verifyElementExist(MobileBuiltInKeywords.groovy:809)
	at com.kms.katalon.core.mobile.keyword.MobileBuiltInKeywords$verifyElementExist$3.call(Unknown Source)
	at Bus Ticket 2.run(Bus Ticket 2:310)
	at com.kms.katalon.core.main.ScriptEngine.run(ScriptEngine.java:194)
	at com.kms.katalon.core.main.ScriptEngine.runScriptAsRawText(ScriptEngine.java:119)
	at com.kms.katalon.core.main.TestCaseExecutor.runScript(TestCaseExecutor.java:337)
	at com.kms.katalon.core.main.TestCaseExecutor.doExecute(TestCaseExecutor.java:328)
	at com.kms.katalon.core.main.TestCaseExecutor.processExecutionPhase(TestCaseExecutor.java:307)
	at com.kms.katalon.core.main.TestCaseExecutor.accessMainPhase(TestCaseExecutor.java:299)
	at com.kms.katalon.core.main.TestCaseExecutor.execute(TestCaseExecutor.java:233)
	at com.kms.katalon.core.main.TestSuiteExecutor.accessTestCaseMainPhase(TestSuiteExecutor.java:169)
	at com.kms.katalon.core.main.TestSuiteExecutor.accessTestSuiteMainPhase(TestSuiteExecutor.java:142)
	at com.kms.katalon.core.main.TestSuiteExecutor.execute(TestSuiteExecutor.java:91)
	at com.kms.katalon.core.main.TestCaseMain.startTestSuite(TestCaseMain.java:157)
	at com.kms.katalon.core.main.TestCaseMain$startTestSuite$0.call(Unknown Source)
	at TempTestSuite1596725272495.run(TempTestSuite1596725272495.groovy:36)
"/>
         <system-out><![CDATA[2020-08-06 22:47:56 - [TEST_CASE][FAILED] - Test Cases/JINU/Bus Ticket/Bus Ticket 2: Test Cases/JINU/Bus Ticket/Bus Ticket 2 FAILED.
Reason:
com.kms.katalon.core.exception.StepFailedException: Element 'Object Repository/Maya/KLIA/android.widget.TextView0 - Approve' not found
	at com.kms.katalon.core.keyword.internal.KeywordMain.stepFailed(KeywordMain.groovy:39)
	at com.kms.katalon.core.mobile.keyword.internal.MobileKeywordMain.stepFailed(MobileKeywordMain.groovy:40)
	at com.kms.katalon.core.mobile.keyword.builtin.VerifyElementExistKeyword$_verifyElementExist_closure1.doCall(VerifyElementExistKeyword.groovy:77)
	at com.kms.katalon.core.mobile.keyword.builtin.VerifyElementExistKeyword$_verifyElementExist_closure1.call(VerifyElementExistKeyword.groovy)
	at com.kms.katalon.core.mobile.keyword.internal.MobileKeywordMain.runKeyword(MobileKeywordMain.groovy:21)
	at com.kms.katalon.core.mobile.keyword.builtin.VerifyElementExistKeyword.verifyElementExist(VerifyElementExistKeyword.groovy:80)
	at com.kms.katalon.core.mobile.keyword.builtin.VerifyElementExistKeyword.execute(VerifyElementExistKeyword.groovy:64)
	at com.kms.katalon.core.keyword.internal.KeywordExecutor.executeKeywordForPlatform(KeywordExecutor.groovy:72)
	at com.kms.katalon.core.mobile.keyword.MobileBuiltInKeywords.verifyElementExist(MobileBuiltInKeywords.groovy:809)
	at com.kms.katalon.core.mobile.keyword.MobileBuiltInKeywords$verifyElementExist$3.call(Unknown Source)
	at Bus Ticket 2.run(Bus Ticket 2:310)
	at com.kms.katalon.core.main.ScriptEngine.run(ScriptEngine.java:194)
	at com.kms.katalon.core.main.ScriptEngine.runScriptAsRawText(ScriptEngine.java:119)
	at com.kms.katalon.core.main.TestCaseExecutor.runScript(TestCaseExecutor.java:337)
	at com.kms.katalon.core.main.TestCaseExecutor.doExecute(TestCaseExecutor.java:328)
	at com.kms.katalon.core.main.TestCaseExecutor.processExecutionPhase(TestCaseExecutor.java:307)
	at com.kms.katalon.core.main.TestCaseExecutor.accessMainPhase(TestCaseExecutor.java:299)
	at com.kms.katalon.core.main.TestCaseExecutor.execute(TestCaseExecutor.java:233)
	at com.kms.katalon.core.main.TestSuiteExecutor.accessTestCaseMainPhase(TestSuiteExecutor.java:169)
	at com.kms.katalon.core.main.TestSuiteExecutor.accessTestSuiteMainPhase(TestSuiteExecutor.java:142)
	at com.kms.katalon.core.main.TestSuiteExecutor.execute(TestSuiteExecutor.java:91)
	at com.kms.katalon.core.main.TestCaseMain.startTestSuite(TestCaseMain.java:157)
	at com.kms.katalon.core.main.TestCaseMain$startTestSuite$0.call(Unknown Source)
	at TempTestSuite1596725272495.run(TempTestSuite1596725272495.groovy:36)


2020-08-06 22:47:57 - [TEST_STEP][PASSED] - startApplication("C:\Users\LENOVO\Katalon Studio\app-uat-universal-release.apk", false): Started app at: 'C:\Users\LENOVO\Katalon Studio\app-uat-universal-release.apk'

2020-08-06 22:47:57 - [MESSAGE][INFO] - User set preference: ['appWaitActivity', '*']

2020-08-06 22:47:57 - [MESSAGE][INFO] - User set preference: ['appWaitPackage', 'com.maybank2u.life.uat']

2020-08-06 22:47:57 - [MESSAGE][INFO] - User set preference: ['appWaitDuration', '50,000']

2020-08-06 22:47:57 - [MESSAGE][INFO] - User set preference: ['deviceId', '11cb9864']

2020-08-06 22:48:00 - [MESSAGE][INFO] - Appium server started on port 50,640

2020-08-06 22:48:26 - [MESSAGE][PASSED] - Started app at: 'C:\Users\LENOVO\Katalon Studio\app-uat-universal-release.apk'

2020-08-06 22:48:26 - [TEST_STEP][PASSED] - tap(findTestObject("Maya/DuitnowRegT/android.widget.ImageView0"), 0): Tapped on element 'Object Repository/Maya/DuitnowRegT/android.widget.ImageView0'

2020-08-06 22:48:26 - [MESSAGE][WARNING] - Timeout '0' is invalid. Using default page load timeout: '10'

2020-08-06 22:48:38 - [MESSAGE][PASSED] - Tapped on element 'Object Repository/Maya/DuitnowRegT/android.widget.ImageView0'

2020-08-06 22:48:38 - [TEST_STEP][PASSED] - tap(findTestObject("Maya/DuitnowRegT/android.widget.TextView0 - 2"), 0): Tapped on element 'Object Repository/Maya/DuitnowRegT/android.widget.TextView0 - 2'

2020-08-06 22:48:38 - [MESSAGE][WARNING] - Timeout '0' is invalid. Using default page load timeout: '10'

2020-08-06 22:48:41 - [MESSAGE][PASSED] - Tapped on element 'Object Repository/Maya/DuitnowRegT/android.widget.TextView0 - 2'

2020-08-06 22:48:41 - [TEST_STEP][PASSED] - tap(findTestObject("Maya/DuitnowRegT/android.widget.TextView0 - 3"), 0): Tapped on element 'Object Repository/Maya/DuitnowRegT/android.widget.TextView0 - 3'

2020-08-06 22:48:41 - [MESSAGE][WARNING] - Timeout '0' is invalid. Using default page load timeout: '10'

2020-08-06 22:48:44 - [MESSAGE][PASSED] - Tapped on element 'Object Repository/Maya/DuitnowRegT/android.widget.TextView0 - 3'

2020-08-06 22:48:44 - [TEST_STEP][PASSED] - tap(findTestObject("Maya/DuitnowRegT/android.widget.TextView0 - 0"), 0): Tapped on element 'Object Repository/Maya/DuitnowRegT/android.widget.TextView0 - 0'

2020-08-06 22:48:44 - [MESSAGE][WARNING] - Timeout '0' is invalid. Using default page load timeout: '10'

2020-08-06 22:48:46 - [MESSAGE][PASSED] - Tapped on element 'Object Repository/Maya/DuitnowRegT/android.widget.TextView0 - 0'

2020-08-06 22:48:46 - [TEST_STEP][PASSED] - tap(findTestObject("Maya/DuitnowRegT/android.widget.TextView0 - 9"), 0): Tapped on element 'Object Repository/Maya/DuitnowRegT/android.widget.TextView0 - 9'

2020-08-06 22:48:46 - [MESSAGE][WARNING] - Timeout '0' is invalid. Using default page load timeout: '10'

2020-08-06 22:48:50 - [MESSAGE][PASSED] - Tapped on element 'Object Repository/Maya/DuitnowRegT/android.widget.TextView0 - 9'

2020-08-06 22:48:50 - [TEST_STEP][PASSED] - tap(findTestObject("Maya/DuitnowRegT/android.widget.TextView0 - 8"), 0): Tapped on element 'Object Repository/Maya/DuitnowRegT/android.widget.TextView0 - 8'

2020-08-06 22:48:50 - [MESSAGE][WARNING] - Timeout '0' is invalid. Using default page load timeout: '10'

2020-08-06 22:48:54 - [MESSAGE][PASSED] - Tapped on element 'Object Repository/Maya/DuitnowRegT/android.widget.TextView0 - 8'

2020-08-06 22:48:54 - [TEST_STEP][PASSED] - tap(findTestObject("Maya/DuitnowRegT/android.widget.TextView0 - 3"), 0): Tapped on element 'Object Repository/Maya/DuitnowRegT/android.widget.TextView0 - 3'

2020-08-06 22:48:54 - [MESSAGE][WARNING] - Timeout '0' is invalid. Using default page load timeout: '10'

2020-08-06 22:48:55 - [MESSAGE][PASSED] - Tapped on element 'Object Repository/Maya/DuitnowRegT/android.widget.TextView0 - 3'

2020-08-06 22:48:55 - [TEST_STEP][PASSED] - tap(findTestObject("Maya/DuitnowRegT/android.widget.ImageView0 (1)"), 0): Tapped on element 'Object Repository/Maya/DuitnowRegT/android.widget.ImageView0 (1)'

2020-08-06 22:48:55 - [MESSAGE][WARNING] - Timeout '0' is invalid. Using default page load timeout: '10'

2020-08-06 22:48:57 - [MESSAGE][PASSED] - Tapped on element 'Object Repository/Maya/DuitnowRegT/android.widget.ImageView0 (1)'

2020-08-06 22:48:57 - [TEST_STEP][PASSED] - tap(findTestObject("Maya/KLIA/android.widget.ImageView0 (4)"), 0): Tapped on element 'Object Repository/Maya/KLIA/android.widget.ImageView0 (4)'

2020-08-06 22:48:58 - [MESSAGE][WARNING] - Timeout '0' is invalid. Using default page load timeout: '10'

2020-08-06 22:49:00 - [MESSAGE][PASSED] - Tapped on element 'Object Repository/Maya/KLIA/android.widget.ImageView0 (4)'

2020-08-06 22:49:00 - [TEST_STEP][PASSED] - tap(findTestObject("Maya/KLIA/android.widget.TextView0 - More"), 0): Tapped on element 'Object Repository/Maya/KLIA/android.widget.TextView0 - More'

2020-08-06 22:49:00 - [MESSAGE][WARNING] - Timeout '0' is invalid. Using default page load timeout: '10'

2020-08-06 22:49:12 - [MESSAGE][PASSED] - Tapped on element 'Object Repository/Maya/KLIA/android.widget.TextView0 - More'

2020-08-06 22:49:12 - [TEST_STEP][PASSED] - delay(2, STOP_ON_FAILURE): Delayed 2 second(s)

2020-08-06 22:49:14 - [MESSAGE][PASSED] - Delayed 2 second(s)

2020-08-06 22:49:14 - [TEST_STEP][PASSED] - takeScreenshot("C:\Users\LENOVO\Screenshot\BusTicket\Ticket1.png", STOP_ON_FAILURE): Screenshot is taken

2020-08-06 22:49:16 - [MESSAGE][PASSED] - Screenshot is taken
[[ATTACHMENT|C:\\Users\\LENOVO\\Screenshot\\BusTicket\\Ticket1.png]]

2020-08-06 22:49:16 - [TEST_STEP][PASSED] - tap(findTestObject("Maya/Bus Ticket/android.widget.TextView0 - Bus Tickets (1)"), 0): Tapped on element 'Object Repository/Maya/Bus Ticket/android.widget.TextView0 - Bus Tickets (1)'

2020-08-06 22:49:16 - [MESSAGE][WARNING] - Timeout '0' is invalid. Using default page load timeout: '10'

2020-08-06 22:49:18 - [MESSAGE][PASSED] - Tapped on element 'Object Repository/Maya/Bus Ticket/android.widget.TextView0 - Bus Tickets (1)'

2020-08-06 22:49:18 - [TEST_STEP][PASSED] - delay(10, STOP_ON_FAILURE): Delayed 10 second(s)

2020-08-06 22:49:28 - [MESSAGE][PASSED] - Delayed 10 second(s)

2020-08-06 22:49:28 - [TEST_STEP][PASSED] - getText(findTestObject("Maya/Bus Ticket/android.view.View0 - From (1)"), 0): Text of element 'Object Repository/Maya/Bus Ticket/android.view.View0 - From (1)' is: 'From'

2020-08-06 22:49:29 - [MESSAGE][WARNING] - Timeout '0' is invalid. Using default page load timeout: '10'

2020-08-06 22:49:30 - [MESSAGE][PASSED] - Text of element 'Object Repository/Maya/Bus Ticket/android.view.View0 - From (1)' is: 'From'

2020-08-06 22:49:30 - [TEST_STEP][PASSED] - verifyElementExist(findTestObject("Maya/Bus Ticket/android.view.View0 - From (1)"), 0): Element 'Object Repository/Maya/Bus Ticket/android.view.View0 - From (1)' is exist

2020-08-06 22:49:30 - [MESSAGE][WARNING] - Timeout '0' is invalid. Using default page load timeout: '10'

2020-08-06 22:49:30 - [MESSAGE][PASSED] - Element 'Object Repository/Maya/Bus Ticket/android.view.View0 - From (1)' is exist

2020-08-06 22:49:30 - [TEST_STEP][PASSED] - getText(findTestObject("Maya/Bus Ticket/android.view.View0 - To (1)"), 0): Text of element 'Object Repository/Maya/Bus Ticket/android.view.View0 - To (1)' is: 'To'

2020-08-06 22:49:30 - [MESSAGE][WARNING] - Timeout '0' is invalid. Using default page load timeout: '10'

2020-08-06 22:49:31 - [MESSAGE][PASSED] - Text of element 'Object Repository/Maya/Bus Ticket/android.view.View0 - To (1)' is: 'To'

2020-08-06 22:49:31 - [TEST_STEP][PASSED] - verifyElementExist(findTestObject("Maya/Bus Ticket/android.view.View0 - To (1)"), 0): Element 'Object Repository/Maya/Bus Ticket/android.view.View0 - To (1)' is exist

2020-08-06 22:49:31 - [MESSAGE][WARNING] - Timeout '0' is invalid. Using default page load timeout: '10'

2020-08-06 22:49:31 - [MESSAGE][PASSED] - Element 'Object Repository/Maya/Bus Ticket/android.view.View0 - To (1)' is exist

2020-08-06 22:49:31 - [TEST_STEP][PASSED] - getText(findTestObject("Maya/Bus Ticket/android.view.View0 -  Depart (1)"), 0): Text of element 'Object Repository/Maya/Bus Ticket/android.view.View0 -  Depart (1)' is: ' Depart'

2020-08-06 22:49:32 - [MESSAGE][WARNING] - Timeout '0' is invalid. Using default page load timeout: '10'

2020-08-06 22:49:32 - [MESSAGE][PASSED] - Text of element 'Object Repository/Maya/Bus Ticket/android.view.View0 -  Depart (1)' is: ' Depart'

2020-08-06 22:49:32 - [TEST_STEP][PASSED] - verifyElementExist(findTestObject("Maya/Bus Ticket/android.view.View0 -  Depart (1)"), 0): Element 'Object Repository/Maya/Bus Ticket/android.view.View0 -  Depart (1)' is exist

2020-08-06 22:49:32 - [MESSAGE][WARNING] - Timeout '0' is invalid. Using default page load timeout: '10'

2020-08-06 22:49:32 - [MESSAGE][PASSED] - Element 'Object Repository/Maya/Bus Ticket/android.view.View0 -  Depart (1)' is exist

2020-08-06 22:49:32 - [TEST_STEP][PASSED] - tap(findTestObject("Maya/Bus Ticket/android.view.View0 - From (1)"), 0): Tapped on element 'Object Repository/Maya/Bus Ticket/android.view.View0 - From (1)'

2020-08-06 22:49:32 - [MESSAGE][WARNING] - Timeout '0' is invalid. Using default page load timeout: '10'

2020-08-06 22:49:34 - [MESSAGE][PASSED] - Tapped on element 'Object Repository/Maya/Bus Ticket/android.view.View0 - From (1)'

2020-08-06 22:49:34 - [TEST_STEP][PASSED] - tap(findTestObject("Maya/Bus Ticket/android.widget.EditText0 (4)"), 0): Tapped on element 'Object Repository/Maya/Bus Ticket/android.widget.EditText0 (4)'

2020-08-06 22:49:35 - [MESSAGE][WARNING] - Timeout '0' is invalid. Using default page load timeout: '10'

2020-08-06 22:49:37 - [MESSAGE][PASSED] - Tapped on element 'Object Repository/Maya/Bus Ticket/android.widget.EditText0 (4)'

2020-08-06 22:49:37 - [TEST_STEP][PASSED] - setText(findTestObject("Maya/Bus Ticket/android.widget.EditText0 (5)"), "Ipoh", 0): Text 'Ipoh' has been set to element 'Object Repository/Maya/Bus Ticket/android.widget.EditText0 (5)'

2020-08-06 22:49:37 - [MESSAGE][WARNING] - Timeout '0' is invalid. Using default page load timeout: '10'

2020-08-06 22:49:38 - [MESSAGE][PASSED] - Text 'Ipoh' has been set to element 'Object Repository/Maya/Bus Ticket/android.widget.EditText0 (5)'

2020-08-06 22:49:38 - [TEST_STEP][PASSED] - delay(2, STOP_ON_FAILURE): Delayed 2 second(s)

2020-08-06 22:49:40 - [MESSAGE][PASSED] - Delayed 2 second(s)

2020-08-06 22:49:40 - [TEST_STEP][PASSED] - tapAndHoldAtPosition(527, 659, 1): Tapped and held at [527, 659] with duration 1

2020-08-06 22:49:43 - [MESSAGE][PASSED] - Tapped and held at [527, 659] with duration 1

2020-08-06 22:49:43 - [TEST_STEP][PASSED] - delay(2, STOP_ON_FAILURE): Delayed 2 second(s)

2020-08-06 22:49:45 - [MESSAGE][PASSED] - Delayed 2 second(s)

2020-08-06 22:49:45 - [TEST_STEP][PASSED] - tapAndHoldAtPosition(72, 193, 1): Tapped and held at [72, 193] with duration 1

2020-08-06 22:49:47 - [MESSAGE][PASSED] - Tapped and held at [72, 193] with duration 1

2020-08-06 22:49:47 - [TEST_STEP][PASSED] - tap(findTestObject("Maya/Bus Ticket/android.view.View0 - To (1)"), 0): Tapped on element 'Object Repository/Maya/Bus Ticket/android.view.View0 - To (1)'

2020-08-06 22:49:47 - [MESSAGE][WARNING] - Timeout '0' is invalid. Using default page load timeout: '10'

2020-08-06 22:49:50 - [MESSAGE][PASSED] - Tapped on element 'Object Repository/Maya/Bus Ticket/android.view.View0 - To (1)'

2020-08-06 22:49:50 - [TEST_STEP][PASSED] - delay(2, STOP_ON_FAILURE): Delayed 2 second(s)

2020-08-06 22:49:52 - [MESSAGE][PASSED] - Delayed 2 second(s)

2020-08-06 22:49:52 - [TEST_STEP][PASSED] - tap(findTestObject("Maya/Bus Ticket/android.widget.EditText0 (4)"), 0): Tapped on element 'Object Repository/Maya/Bus Ticket/android.widget.EditText0 (4)'

2020-08-06 22:49:52 - [MESSAGE][WARNING] - Timeout '0' is invalid. Using default page load timeout: '10'

2020-08-06 22:49:55 - [MESSAGE][PASSED] - Tapped on element 'Object Repository/Maya/Bus Ticket/android.widget.EditText0 (4)'

2020-08-06 22:49:55 - [TEST_STEP][PASSED] - setText(findTestObject("Maya/Bus Ticket/android.widget.EditText0 (5)"), "Kuala Lumpur", 0): Text 'Kuala Lumpur' has been set to element 'Object Repository/Maya/Bus Ticket/android.widget.EditText0 (5)'

2020-08-06 22:49:55 - [MESSAGE][WARNING] - Timeout '0' is invalid. Using default page load timeout: '10'

2020-08-06 22:49:57 - [MESSAGE][PASSED] - Text 'Kuala Lumpur' has been set to element 'Object Repository/Maya/Bus Ticket/android.widget.EditText0 (5)'

2020-08-06 22:49:57 - [TEST_STEP][PASSED] - delay(4, STOP_ON_FAILURE): Delayed 4 second(s)

2020-08-06 22:50:01 - [MESSAGE][PASSED] - Delayed 4 second(s)

2020-08-06 22:50:01 - [TEST_STEP][PASSED] - tap(findTestObject("Maya/Bus Ticket/android.view.View0 - KLIA"), 0): Tapped on element 'Object Repository/Maya/Bus Ticket/android.view.View0 - KLIA'

2020-08-06 22:50:01 - [MESSAGE][WARNING] - Timeout '0' is invalid. Using default page load timeout: '10'

2020-08-06 22:50:03 - [MESSAGE][PASSED] - Tapped on element 'Object Repository/Maya/Bus Ticket/android.view.View0 - KLIA'

2020-08-06 22:50:03 - [TEST_STEP][PASSED] - tap(findTestObject("Maya/Bus Ticket/android.view.View0 -  Depart (2)"), 0): Tapped on element 'Object Repository/Maya/Bus Ticket/android.view.View0 -  Depart (2)'

2020-08-06 22:50:03 - [MESSAGE][WARNING] - Timeout '0' is invalid. Using default page load timeout: '10'

2020-08-06 22:50:05 - [MESSAGE][PASSED] - Tapped on element 'Object Repository/Maya/Bus Ticket/android.view.View0 -  Depart (2)'

2020-08-06 22:50:05 - [TEST_STEP][PASSED] - tap(findTestObject("Maya/Bus Ticket/android.view.View0 - 18"), 0): Tapped on element 'Object Repository/Maya/Bus Ticket/android.view.View0 - 18'

2020-08-06 22:50:05 - [MESSAGE][WARNING] - Timeout '0' is invalid. Using default page load timeout: '10'

2020-08-06 22:50:07 - [MESSAGE][PASSED] - Tapped on element 'Object Repository/Maya/Bus Ticket/android.view.View0 - 18'

2020-08-06 22:50:07 - [TEST_STEP][NOT_RUN] - tap(findTestObject("Maya/Bus Ticket/android.widget.ImageView0 (4)"), 0): NOT_RUN: tap(findTestObject("Maya/Bus Ticket/android.widget.ImageView0 (4)"), 0)

2020-08-06 22:50:07 - [MESSAGE][NOT_RUN] - NOT_RUN: tap(findTestObject("Maya/Bus Ticket/android.widget.ImageView0 (4)"), 0)

2020-08-06 22:50:07 - [TEST_STEP][NOT_RUN] - tap(findTestObject("Maya/Bus Ticket/android.view.View0 -  Depart (2)"), 0): NOT_RUN: tap(findTestObject("Maya/Bus Ticket/android.view.View0 -  Depart (2)"), 0)

2020-08-06 22:50:07 - [MESSAGE][NOT_RUN] - NOT_RUN: tap(findTestObject("Maya/Bus Ticket/android.view.View0 -  Depart (2)"), 0)

2020-08-06 22:50:07 - [TEST_STEP][NOT_RUN] - tap(findTestObject("Maya/Bus Ticket/android.view.View0 - 18"), 0): NOT_RUN: tap(findTestObject("Maya/Bus Ticket/android.view.View0 - 18"), 0)

2020-08-06 22:50:07 - [MESSAGE][NOT_RUN] - NOT_RUN: tap(findTestObject("Maya/Bus Ticket/android.view.View0 - 18"), 0)

2020-08-06 22:50:07 - [TEST_STEP][PASSED] - delay(2, STOP_ON_FAILURE): Delayed 2 second(s)

2020-08-06 22:50:09 - [MESSAGE][PASSED] - Delayed 2 second(s)

2020-08-06 22:50:09 - [TEST_STEP][PASSED] - takeScreenshot("C:\Users\LENOVO\Screenshot\BusTicket\Ticket2.png", STOP_ON_FAILURE): Screenshot is taken

2020-08-06 22:50:10 - [MESSAGE][PASSED] - Screenshot is taken
[[ATTACHMENT|C:\\Users\\LENOVO\\Screenshot\\BusTicket\\Ticket2.png]]

2020-08-06 22:50:10 - [TEST_STEP][PASSED] - tap(findTestObject("Maya/Bus Ticket/android.widget.Button0 - SEARCH (2)"), 0): Tapped on element 'Object Repository/Maya/Bus Ticket/android.widget.Button0 - SEARCH (2)'

2020-08-06 22:50:10 - [MESSAGE][WARNING] - Timeout '0' is invalid. Using default page load timeout: '10'

2020-08-06 22:50:12 - [MESSAGE][PASSED] - Tapped on element 'Object Repository/Maya/Bus Ticket/android.widget.Button0 - SEARCH (2)'

2020-08-06 22:50:12 - [TEST_STEP][NOT_RUN] - tapAndHoldAtPosition(72, 193, 1): NOT_RUN: tapAndHoldAtPosition(72, 193, 1)

2020-08-06 22:50:12 - [MESSAGE][NOT_RUN] - NOT_RUN: tapAndHoldAtPosition(72, 193, 1)

2020-08-06 22:50:12 - [TEST_STEP][NOT_RUN] - tap(findTestObject("Maya/Bus Ticket/android.widget.Button0 - SEARCH (2)"), 0): NOT_RUN: tap(findTestObject("Maya/Bus Ticket/android.widget.Button0 - SEARCH (2)"), 0)

2020-08-06 22:50:12 - [MESSAGE][NOT_RUN] - NOT_RUN: tap(findTestObject("Maya/Bus Ticket/android.widget.Button0 - SEARCH (2)"), 0)

2020-08-06 22:50:12 - [TEST_STEP][PASSED] - delay(2, STOP_ON_FAILURE): Delayed 2 second(s)

2020-08-06 22:50:14 - [MESSAGE][PASSED] - Delayed 2 second(s)

2020-08-06 22:50:14 - [TEST_STEP][PASSED] - delay(1, STOP_ON_FAILURE): Delayed 1 second(s)

2020-08-06 22:50:15 - [MESSAGE][PASSED] - Delayed 1 second(s)

2020-08-06 22:50:15 - [TEST_STEP][PASSED] - takeScreenshot("C:\Users\LENOVO\Screenshot\BusTicket\Ticket15.png", STOP_ON_FAILURE): Screenshot is taken

2020-08-06 22:50:16 - [MESSAGE][PASSED] - Screenshot is taken
[[ATTACHMENT|C:\\Users\\LENOVO\\Screenshot\\BusTicket\\Ticket15.png]]

2020-08-06 22:50:16 - [TEST_STEP][PASSED] - getText(findTestObject("Maya/Bus Ticket/android.view.View0 - Pick-Up Point (1)"), 0, CONTINUE_ON_FAILURE): Text of element 'Object Repository/Maya/Bus Ticket/android.view.View0 - Pick-Up Point (1)' is: 'Pick-Up Point'

2020-08-06 22:50:16 - [MESSAGE][WARNING] - Timeout '0' is invalid. Using default page load timeout: '10'

2020-08-06 22:50:21 - [MESSAGE][PASSED] - Text of element 'Object Repository/Maya/Bus Ticket/android.view.View0 - Pick-Up Point (1)' is: 'Pick-Up Point'

2020-08-06 22:50:21 - [TEST_STEP][PASSED] - verifyElementExist(findTestObject("Maya/Bus Ticket/android.view.View0 - Pick-Up Point (1)"), 0): Element 'Object Repository/Maya/Bus Ticket/android.view.View0 - Pick-Up Point (1)' is exist

2020-08-06 22:50:21 - [MESSAGE][WARNING] - Timeout '0' is invalid. Using default page load timeout: '10'

2020-08-06 22:50:22 - [MESSAGE][PASSED] - Element 'Object Repository/Maya/Bus Ticket/android.view.View0 - Pick-Up Point (1)' is exist

2020-08-06 22:50:22 - [TEST_STEP][PASSED] - getText(findTestObject("Maya/Bus Ticket/android.view.View0 - Drop-Off Point (1)"), 0): Text of element 'Object Repository/Maya/Bus Ticket/android.view.View0 - Drop-Off Point (1)' is: 'Drop-Off Point'

2020-08-06 22:50:22 - [MESSAGE][WARNING] - Timeout '0' is invalid. Using default page load timeout: '10'

2020-08-06 22:50:23 - [MESSAGE][PASSED] - Text of element 'Object Repository/Maya/Bus Ticket/android.view.View0 - Drop-Off Point (1)' is: 'Drop-Off Point'

2020-08-06 22:50:23 - [TEST_STEP][PASSED] - verifyElementExist(findTestObject("Maya/Bus Ticket/android.view.View0 - Drop-Off Point (1)"), 0): Element 'Object Repository/Maya/Bus Ticket/android.view.View0 - Drop-Off Point (1)' is exist

2020-08-06 22:50:23 - [MESSAGE][WARNING] - Timeout '0' is invalid. Using default page load timeout: '10'

2020-08-06 22:50:23 - [MESSAGE][PASSED] - Element 'Object Repository/Maya/Bus Ticket/android.view.View0 - Drop-Off Point (1)' is exist

2020-08-06 22:50:23 - [TEST_STEP][PASSED] - swipe(895, 1046, 800, 50): Swiped from 895,1,046 to 800,50

2020-08-06 22:50:24 - [MESSAGE][PASSED] - Swiped from 895,1,046 to 800,50

2020-08-06 22:50:24 - [TEST_STEP][PASSED] - getText(findTestObject("Maya/Bus Ticket/android.view.View0 - 0 SEAT(S)"), 0): Text of element 'Object Repository/Maya/Bus Ticket/android.view.View0 - 0 SEAT(S)' is: '0 SEAT(S)'

2020-08-06 22:50:25 - [MESSAGE][WARNING] - Timeout '0' is invalid. Using default page load timeout: '10'

2020-08-06 22:50:25 - [MESSAGE][PASSED] - Text of element 'Object Repository/Maya/Bus Ticket/android.view.View0 - 0 SEAT(S)' is: '0 SEAT(S)'

2020-08-06 22:50:25 - [TEST_STEP][PASSED] - if (verifyElementExist(findTestObject("Maya/Bus Ticket/android.view.View0 - 0 SEAT(S)"), 0)): null

2020-08-06 22:50:25 - [MESSAGE][WARNING] - Timeout '0' is invalid. Using default page load timeout: '10'

2020-08-06 22:50:26 - [MESSAGE][PASSED] - Element 'Object Repository/Maya/Bus Ticket/android.view.View0 - 0 SEAT(S)' is exist

2020-08-06 22:50:26 - [TEST_STEP][PASSED] - delay(2, STOP_ON_FAILURE): Delayed 2 second(s)

2020-08-06 22:50:28 - [MESSAGE][PASSED] - Delayed 2 second(s)

2020-08-06 22:50:28 - [TEST_STEP][PASSED] - tap(findTestObject("Maya/Bus Ticket/android.view.View0 - 3C"), 0): Tapped on element 'Object Repository/Maya/Bus Ticket/android.view.View0 - 3C'

2020-08-06 22:50:28 - [MESSAGE][WARNING] - Timeout '0' is invalid. Using default page load timeout: '10'

2020-08-06 22:50:30 - [MESSAGE][PASSED] - Tapped on element 'Object Repository/Maya/Bus Ticket/android.view.View0 - 3C'

2020-08-06 22:50:30 - [TEST_STEP][PASSED] - if (verifyElementExist(findTestObject("Maya/Bus Ticket/android.view.View0 - 0 SEAT(S)"), 0)): null

2020-08-06 22:50:30 - [MESSAGE][WARNING] - Timeout '0' is invalid. Using default page load timeout: '10'

2020-08-06 22:50:30 - [MESSAGE][PASSED] - Element 'Object Repository/Maya/Bus Ticket/android.view.View0 - 0 SEAT(S)' is exist

2020-08-06 22:50:30 - [TEST_STEP][PASSED] - delay(2, STOP_ON_FAILURE): Delayed 2 second(s)

2020-08-06 22:50:32 - [MESSAGE][PASSED] - Delayed 2 second(s)

2020-08-06 22:50:32 - [TEST_STEP][PASSED] - tap(findTestObject("Maya/Bus Ticket/android.view.View0 - 5A"), 0): Tapped on element 'Object Repository/Maya/Bus Ticket/android.view.View0 - 5A'

2020-08-06 22:50:32 - [MESSAGE][WARNING] - Timeout '0' is invalid. Using default page load timeout: '10'

2020-08-06 22:50:34 - [MESSAGE][PASSED] - Tapped on element 'Object Repository/Maya/Bus Ticket/android.view.View0 - 5A'

2020-08-06 22:50:34 - [TEST_STEP][NOT_RUN] - getText(findTestObject("Maya/Bus Ticket/android.view.View0 - 1 SEAT(S)"), 0): NOT_RUN: getText(findTestObject("Maya/Bus Ticket/android.view.View0 - 1 SEAT(S)"), 0)

2020-08-06 22:50:34 - [MESSAGE][NOT_RUN] - NOT_RUN: getText(findTestObject("Maya/Bus Ticket/android.view.View0 - 1 SEAT(S)"), 0)

2020-08-06 22:50:34 - [TEST_STEP][NOT_RUN] - verifyElementExist(findTestObject("Maya/Bus Ticket/android.view.View0 - 1 SEAT(S)"), 0): NOT_RUN: verifyElementExist(findTestObject("Maya/Bus Ticket/android.view.View0 - 1 SEAT(S)"), 0)

2020-08-06 22:50:34 - [MESSAGE][NOT_RUN] - NOT_RUN: verifyElementExist(findTestObject("Maya/Bus Ticket/android.view.View0 - 1 SEAT(S)"), 0)

2020-08-06 22:50:34 - [TEST_STEP][PASSED] - delay(2, STOP_ON_FAILURE): Delayed 2 second(s)

2020-08-06 22:50:36 - [MESSAGE][PASSED] - Delayed 2 second(s)

2020-08-06 22:50:36 - [TEST_STEP][PASSED] - takeScreenshot("C:\Users\LENOVO\Screenshot\BusTicket\Ticket3.png", STOP_ON_FAILURE): Screenshot is taken

2020-08-06 22:50:37 - [MESSAGE][PASSED] - Screenshot is taken
[[ATTACHMENT|C:\\Users\\LENOVO\\Screenshot\\BusTicket\\Ticket3.png]]

2020-08-06 22:50:37 - [TEST_STEP][PASSED] - tap(findTestObject("Maya/Bus Ticket/android.widget.Button0 - CONTINUE DETAILS (1)"), 0): Tapped on element 'Object Repository/Maya/Bus Ticket/android.widget.Button0 - CONTINUE DETAILS (1)'

2020-08-06 22:50:37 - [MESSAGE][WARNING] - Timeout '0' is invalid. Using default page load timeout: '10'

2020-08-06 22:50:39 - [MESSAGE][PASSED] - Tapped on element 'Object Repository/Maya/Bus Ticket/android.widget.Button0 - CONTINUE DETAILS (1)'

2020-08-06 22:50:39 - [TEST_STEP][PASSED] - getText(findTestObject("Maya/Bus Ticket/android.view.View0 - Contact Details"), 0): Text of element 'Object Repository/Maya/Bus Ticket/android.view.View0 - Contact Details' is: 'Contact Details'

2020-08-06 22:50:39 - [MESSAGE][WARNING] - Timeout '0' is invalid. Using default page load timeout: '10'

2020-08-06 22:50:39 - [MESSAGE][PASSED] - Text of element 'Object Repository/Maya/Bus Ticket/android.view.View0 - Contact Details' is: 'Contact Details'

2020-08-06 22:50:39 - [TEST_STEP][PASSED] - verifyElementExist(findTestObject("Maya/Bus Ticket/android.view.View0 - Contact Details"), 0): Element 'Object Repository/Maya/Bus Ticket/android.view.View0 - Contact Details' is exist

2020-08-06 22:50:39 - [MESSAGE][WARNING] - Timeout '0' is invalid. Using default page load timeout: '10'

2020-08-06 22:50:40 - [MESSAGE][PASSED] - Element 'Object Repository/Maya/Bus Ticket/android.view.View0 - Contact Details' is exist

2020-08-06 22:50:40 - [TEST_STEP][PASSED] - tap(findTestObject("Maya/Bus Ticket/android.widget.EditText0 (6)"), 0): Tapped on element 'Object Repository/Maya/Bus Ticket/android.widget.EditText0 (6)'

2020-08-06 22:50:40 - [MESSAGE][WARNING] - Timeout '0' is invalid. Using default page load timeout: '10'

2020-08-06 22:50:41 - [MESSAGE][PASSED] - Tapped on element 'Object Repository/Maya/Bus Ticket/android.widget.EditText0 (6)'

2020-08-06 22:50:41 - [TEST_STEP][PASSED] - setText(findTestObject("Maya/Bus Ticket/android.widget.EditText0 (7)"), "TestBus Ticket", 0): Text 'TestBus Ticket' has been set to element 'Object Repository/Maya/Bus Ticket/android.widget.EditText0 (7)'

2020-08-06 22:50:41 - [MESSAGE][WARNING] - Timeout '0' is invalid. Using default page load timeout: '10'

2020-08-06 22:50:43 - [MESSAGE][PASSED] - Text 'TestBus Ticket' has been set to element 'Object Repository/Maya/Bus Ticket/android.widget.EditText0 (7)'

2020-08-06 22:50:43 - [TEST_STEP][PASSED] - setText(findTestObject("Maya/Bus Ticket/android.widget.EditText0 (8)"), "th23@gmail.com", 0): Text 'th23@gmail.com' has been set to element 'Object Repository/Maya/Bus Ticket/android.widget.EditText0 (8)'

2020-08-06 22:50:43 - [MESSAGE][WARNING] - Timeout '0' is invalid. Using default page load timeout: '10'

2020-08-06 22:50:44 - [MESSAGE][PASSED] - Text 'th23@gmail.com' has been set to element 'Object Repository/Maya/Bus Ticket/android.widget.EditText0 (8)'

2020-08-06 22:50:44 - [TEST_STEP][PASSED] - setText(findTestObject("Maya/Bus Ticket/android.widget.EditText0 (9)"), "1156754567", 0): Text '1156754567' has been set to element 'Object Repository/Maya/Bus Ticket/android.widget.EditText0 (9)'

2020-08-06 22:50:44 - [MESSAGE][WARNING] - Timeout '0' is invalid. Using default page load timeout: '10'

2020-08-06 22:50:47 - [MESSAGE][PASSED] - Text '1156754567' has been set to element 'Object Repository/Maya/Bus Ticket/android.widget.EditText0 (9)'

2020-08-06 22:50:47 - [TEST_STEP][PASSED] - tap(findTestObject("Maya/Bus Ticket/Person"), 0): Tapped on element 'Object Repository/Maya/Bus Ticket/Person'

2020-08-06 22:50:47 - [MESSAGE][WARNING] - Timeout '0' is invalid. Using default page load timeout: '10'

2020-08-06 22:50:49 - [MESSAGE][PASSED] - Tapped on element 'Object Repository/Maya/Bus Ticket/Person'

2020-08-06 22:50:49 - [TEST_STEP][PASSED] - delay(2, STOP_ON_FAILURE): Delayed 2 second(s)

2020-08-06 22:50:51 - [MESSAGE][PASSED] - Delayed 2 second(s)

2020-08-06 22:50:51 - [TEST_STEP][PASSED] - takeScreenshot("C:\Users\LENOVO\Screenshot\BusTicket\Ticket4.png", STOP_ON_FAILURE): Screenshot is taken

2020-08-06 22:50:52 - [MESSAGE][PASSED] - Screenshot is taken
[[ATTACHMENT|C:\\Users\\LENOVO\\Screenshot\\BusTicket\\Ticket4.png]]

2020-08-06 22:50:52 - [TEST_STEP][PASSED] - tap(findTestObject("Maya/Bus Ticket/android.widget.Button0 - CONTINUE BOOKING (1)"), 0): Tapped on element 'Object Repository/Maya/Bus Ticket/android.widget.Button0 - CONTINUE BOOKING (1)'

2020-08-06 22:50:52 - [MESSAGE][WARNING] - Timeout '0' is invalid. Using default page load timeout: '10'

2020-08-06 22:50:54 - [MESSAGE][PASSED] - Tapped on element 'Object Repository/Maya/Bus Ticket/android.widget.Button0 - CONTINUE BOOKING (1)'

2020-08-06 22:50:54 - [TEST_STEP][NOT_RUN] - getText(findTestObject("Maya/Bus Ticket/android.widget.TextView0 -  Selected seats (1)"), 0): NOT_RUN: getText(findTestObject("Maya/Bus Ticket/android.widget.TextView0 -  Selected seats (1)"), 0)

2020-08-06 22:50:54 - [MESSAGE][NOT_RUN] - NOT_RUN: getText(findTestObject("Maya/Bus Ticket/android.widget.TextView0 -  Selected seats (1)"), 0)

2020-08-06 22:50:54 - [TEST_STEP][PASSED] - takeScreenshot("C:\Users\LENOVO\Screenshot\BusTicket\Ticket41.png", STOP_ON_FAILURE): Screenshot is taken

2020-08-06 22:50:55 - [MESSAGE][PASSED] - Screenshot is taken
[[ATTACHMENT|C:\\Users\\LENOVO\\Screenshot\\BusTicket\\Ticket41.png]]

2020-08-06 22:50:55 - [TEST_STEP][PASSED] - verifyElementExist(findTestObject("Maya/Bus Ticket/android.widget.TextView0 -  Selected seats (1)"), 0, STOP_ON_FAILURE): Element 'Object Repository/Maya/Bus Ticket/android.widget.TextView0 -  Selected seats (1)' is exist

2020-08-06 22:50:55 - [MESSAGE][WARNING] - Timeout '0' is invalid. Using default page load timeout: '10'

2020-08-06 22:50:56 - [MESSAGE][PASSED] - Element 'Object Repository/Maya/Bus Ticket/android.widget.TextView0 -  Selected seats (1)' is exist

2020-08-06 22:50:56 - [TEST_STEP][NOT_RUN] - tap(findTestObject("Maya/Bus Ticket/android.view.View0 - 1Test213"), 0): NOT_RUN: tap(findTestObject("Maya/Bus Ticket/android.view.View0 - 1Test213"), 0)

2020-08-06 22:50:56 - [MESSAGE][NOT_RUN] - NOT_RUN: tap(findTestObject("Maya/Bus Ticket/android.view.View0 - 1Test213"), 0)

2020-08-06 22:50:56 - [TEST_STEP][PASSED] - delay(2, STOP_ON_FAILURE): Delayed 2 second(s)

2020-08-06 22:50:58 - [MESSAGE][PASSED] - Delayed 2 second(s)

2020-08-06 22:50:58 - [TEST_STEP][PASSED] - takeScreenshot("C:\Users\LENOVO\Screenshot\BusTicket\Ticket5.png", STOP_ON_FAILURE): Screenshot is taken

2020-08-06 22:50:59 - [MESSAGE][PASSED] - Screenshot is taken
[[ATTACHMENT|C:\\Users\\LENOVO\\Screenshot\\BusTicket\\Ticket5.png]]

2020-08-06 22:50:59 - [TEST_STEP][PASSED] - tap(findTestObject("Maya/Bus Ticket/android.widget.Button0 - CONTINUE PAYMENT (1)"), 0): Tapped on element 'Object Repository/Maya/Bus Ticket/android.widget.Button0 - CONTINUE PAYMENT (1)'

2020-08-06 22:50:59 - [MESSAGE][WARNING] - Timeout '0' is invalid. Using default page load timeout: '10'

2020-08-06 22:51:03 - [MESSAGE][PASSED] - Tapped on element 'Object Repository/Maya/Bus Ticket/android.widget.Button0 - CONTINUE PAYMENT (1)'

2020-08-06 22:51:03 - [TEST_STEP][PASSED] - delay(20, STOP_ON_FAILURE): Delayed 20 second(s)

2020-08-06 22:51:23 - [MESSAGE][PASSED] - Delayed 20 second(s)

2020-08-06 22:51:23 - [TEST_STEP][PASSED] - setText(findTestObject("Maya/Bus Ticket/android.widget.EditText0 (10)"), "pass1234", 0): Text 'pass1234' has been set to element 'Object Repository/Maya/Bus Ticket/android.widget.EditText0 (10)'

2020-08-06 22:51:23 - [MESSAGE][WARNING] - Timeout '0' is invalid. Using default page load timeout: '10'

2020-08-06 22:51:25 - [MESSAGE][PASSED] - Text 'pass1234' has been set to element 'Object Repository/Maya/Bus Ticket/android.widget.EditText0 (10)'

2020-08-06 22:51:25 - [TEST_STEP][PASSED] - driver = getDriver(): null

2020-08-06 22:51:25 - [TEST_STEP][PASSED] - driver.pressKeyCode(ENTER): null

2020-08-06 22:51:25 - [TEST_STEP][PASSED] - tap(findTestObject("Maya/Movie Ticket/android.widget.TextView0 - Pay Now"), 0): Tapped on element 'Object Repository/Maya/Movie Ticket/android.widget.TextView0 - Pay Now'

2020-08-06 22:51:25 - [MESSAGE][WARNING] - Timeout '0' is invalid. Using default page load timeout: '10'

2020-08-06 22:51:31 - [MESSAGE][PASSED] - Tapped on element 'Object Repository/Maya/Movie Ticket/android.widget.TextView0 - Pay Now'

2020-08-06 22:51:31 - [TEST_STEP][PASSED] - delay(2, STOP_ON_FAILURE): Delayed 2 second(s)

2020-08-06 22:51:33 - [MESSAGE][PASSED] - Delayed 2 second(s)

2020-08-06 22:51:33 - [TEST_STEP][PASSED] - takeScreenshot("C:\Users\LENOVO\Screenshot\BusTicket\Ticket6.png", STOP_ON_FAILURE): Screenshot is taken

2020-08-06 22:51:34 - [MESSAGE][PASSED] - Screenshot is taken
[[ATTACHMENT|C:\\Users\\LENOVO\\Screenshot\\BusTicket\\Ticket6.png]]

2020-08-06 22:51:34 - [TEST_STEP][PASSED] - if (verifyElementExist(findTestObject("Maya/spy/android.widget.TextView0 - Your TAC no. is 822872v3"), 7)): null

2020-08-06 22:51:37 - [MESSAGE][PASSED] - Element 'Object Repository/Maya/spy/android.widget.TextView0 - Your TAC no. is 822872v3' is exist

2020-08-06 22:51:37 - [TEST_STEP][PASSED] - otpM = getText(findTestObject("Maya/spy/android.widget.TextView0 - Your TAC no. is 822872v3"), 0): Text of element 'Object Repository/Maya/spy/android.widget.TextView0 - Your TAC no. is 822872v3' is: 'Your TAC no. is 127166'

2020-08-06 22:51:37 - [MESSAGE][WARNING] - Timeout '0' is invalid. Using default page load timeout: '10'

2020-08-06 22:51:39 - [MESSAGE][PASSED] - Text of element 'Object Repository/Maya/spy/android.widget.TextView0 - Your TAC no. is 822872v3' is: 'Your TAC no. is 127166'

2020-08-06 22:51:39 - [TEST_STEP][PASSED] - delay(2): Delayed 2 second(s)

2020-08-06 22:51:41 - [MESSAGE][PASSED] - Delayed 2 second(s)

2020-08-06 22:51:41 - [TEST_STEP][PASSED] - for ([i = 16, i <= 21, (i++)]): null

2020-08-06 22:51:41 - [TEST_STEP][PASSED] - delay(3, STOP_ON_FAILURE): Delayed 3 second(s)

2020-08-06 22:51:44 - [MESSAGE][PASSED] - Delayed 3 second(s)

2020-08-06 22:51:44 - [TEST_STEP][PASSED] - if (otpM[i] == "0"): null

2020-08-06 22:51:44 - [TEST_STEP][PASSED] - if (otpM[i] == "1"): Tapped on element 'Object Repository/Maya/login again/Spy - 1'

2020-08-06 22:51:44 - [TEST_STEP][PASSED] - delay(1, STOP_ON_FAILURE): Delayed 1 second(s)

2020-08-06 22:51:45 - [MESSAGE][PASSED] - Delayed 1 second(s)

2020-08-06 22:51:45 - [TEST_STEP][PASSED] - tap(findTestObject("Maya/login again/Spy - 1"), 0): Tapped on element 'Object Repository/Maya/login again/Spy - 1'

2020-08-06 22:51:45 - [MESSAGE][WARNING] - Timeout '0' is invalid. Using default page load timeout: '10'

2020-08-06 22:51:48 - [MESSAGE][PASSED] - Tapped on element 'Object Repository/Maya/login again/Spy - 1'

2020-08-06 22:51:48 - [TEST_STEP][PASSED] - if (otpM[i] == "2"): null

2020-08-06 22:51:48 - [TEST_STEP][PASSED] - if (otpM[i] == "3"): null

2020-08-06 22:51:48 - [TEST_STEP][PASSED] - if (otpM[i] == "4"): null

2020-08-06 22:51:48 - [TEST_STEP][PASSED] - if (otpM[i] == "5"): null

2020-08-06 22:51:48 - [TEST_STEP][PASSED] - if (otpM[i] == "6"): null

2020-08-06 22:51:48 - [TEST_STEP][PASSED] - if (otpM[i] == "7"): null

2020-08-06 22:51:48 - [TEST_STEP][PASSED] - if (otpM[i] == "8"): null

2020-08-06 22:51:48 - [TEST_STEP][PASSED] - if (otpM[i] == "9"): null

2020-08-06 22:51:48 - [TEST_STEP][PASSED] - delay(3, STOP_ON_FAILURE): Delayed 3 second(s)

2020-08-06 22:51:51 - [MESSAGE][PASSED] - Delayed 3 second(s)

2020-08-06 22:51:51 - [TEST_STEP][PASSED] - if (otpM[i] == "0"): null

2020-08-06 22:51:51 - [TEST_STEP][PASSED] - if (otpM[i] == "1"): null

2020-08-06 22:51:51 - [TEST_STEP][PASSED] - if (otpM[i] == "2"): Tapped on element 'Object Repository/Maya/login again/Spy- 2'

2020-08-06 22:51:51 - [TEST_STEP][PASSED] - delay(1, STOP_ON_FAILURE): Delayed 1 second(s)

2020-08-06 22:51:52 - [MESSAGE][PASSED] - Delayed 1 second(s)

2020-08-06 22:51:52 - [TEST_STEP][PASSED] - tap(findTestObject("Maya/login again/Spy- 2"), 0): Tapped on element 'Object Repository/Maya/login again/Spy- 2'

2020-08-06 22:51:52 - [MESSAGE][WARNING] - Timeout '0' is invalid. Using default page load timeout: '10'

2020-08-06 22:51:53 - [MESSAGE][PASSED] - Tapped on element 'Object Repository/Maya/login again/Spy- 2'

2020-08-06 22:51:53 - [TEST_STEP][PASSED] - if (otpM[i] == "3"): null

2020-08-06 22:51:53 - [TEST_STEP][PASSED] - if (otpM[i] == "4"): null

2020-08-06 22:51:53 - [TEST_STEP][PASSED] - if (otpM[i] == "5"): null

2020-08-06 22:51:53 - [TEST_STEP][PASSED] - if (otpM[i] == "6"): null

2020-08-06 22:51:53 - [TEST_STEP][PASSED] - if (otpM[i] == "7"): null

2020-08-06 22:51:53 - [TEST_STEP][PASSED] - if (otpM[i] == "8"): null

2020-08-06 22:51:53 - [TEST_STEP][PASSED] - if (otpM[i] == "9"): null

2020-08-06 22:51:53 - [TEST_STEP][PASSED] - delay(3, STOP_ON_FAILURE): Delayed 3 second(s)

2020-08-06 22:51:56 - [MESSAGE][PASSED] - Delayed 3 second(s)

2020-08-06 22:51:56 - [TEST_STEP][PASSED] - if (otpM[i] == "0"): null

2020-08-06 22:51:56 - [TEST_STEP][PASSED] - if (otpM[i] == "1"): null

2020-08-06 22:51:56 - [TEST_STEP][PASSED] - if (otpM[i] == "2"): null

2020-08-06 22:51:56 - [TEST_STEP][PASSED] - if (otpM[i] == "3"): null

2020-08-06 22:51:56 - [TEST_STEP][PASSED] - if (otpM[i] == "4"): null

2020-08-06 22:51:56 - [TEST_STEP][PASSED] - if (otpM[i] == "5"): null

2020-08-06 22:51:56 - [TEST_STEP][PASSED] - if (otpM[i] == "6"): null

2020-08-06 22:51:56 - [TEST_STEP][PASSED] - if (otpM[i] == "7"): Tapped on element 'Object Repository/Maya/login again/Spy - 7'

2020-08-06 22:51:56 - [TEST_STEP][PASSED] - delay(1, STOP_ON_FAILURE): Delayed 1 second(s)

2020-08-06 22:51:57 - [MESSAGE][PASSED] - Delayed 1 second(s)

2020-08-06 22:51:57 - [TEST_STEP][PASSED] - tap(findTestObject("Maya/login again/Spy - 7"), 0): Tapped on element 'Object Repository/Maya/login again/Spy - 7'

2020-08-06 22:51:57 - [MESSAGE][WARNING] - Timeout '0' is invalid. Using default page load timeout: '10'

2020-08-06 22:51:59 - [MESSAGE][PASSED] - Tapped on element 'Object Repository/Maya/login again/Spy - 7'

2020-08-06 22:51:59 - [TEST_STEP][PASSED] - if (otpM[i] == "8"): null

2020-08-06 22:51:59 - [TEST_STEP][PASSED] - if (otpM[i] == "9"): null

2020-08-06 22:51:59 - [TEST_STEP][PASSED] - delay(3, STOP_ON_FAILURE): Delayed 3 second(s)

2020-08-06 22:52:02 - [MESSAGE][PASSED] - Delayed 3 second(s)

2020-08-06 22:52:02 - [TEST_STEP][PASSED] - if (otpM[i] == "0"): null

2020-08-06 22:52:02 - [TEST_STEP][PASSED] - if (otpM[i] == "1"): Tapped on element 'Object Repository/Maya/login again/Spy - 1'

2020-08-06 22:52:02 - [TEST_STEP][PASSED] - delay(1, STOP_ON_FAILURE): Delayed 1 second(s)

2020-08-06 22:52:03 - [MESSAGE][PASSED] - Delayed 1 second(s)

2020-08-06 22:52:03 - [TEST_STEP][PASSED] - tap(findTestObject("Maya/login again/Spy - 1"), 0): Tapped on element 'Object Repository/Maya/login again/Spy - 1'

2020-08-06 22:52:03 - [MESSAGE][WARNING] - Timeout '0' is invalid. Using default page load timeout: '10'

2020-08-06 22:52:04 - [MESSAGE][PASSED] - Tapped on element 'Object Repository/Maya/login again/Spy - 1'

2020-08-06 22:52:04 - [TEST_STEP][PASSED] - if (otpM[i] == "2"): null

2020-08-06 22:52:04 - [TEST_STEP][PASSED] - if (otpM[i] == "3"): null

2020-08-06 22:52:04 - [TEST_STEP][PASSED] - if (otpM[i] == "4"): null

2020-08-06 22:52:04 - [TEST_STEP][PASSED] - if (otpM[i] == "5"): null

2020-08-06 22:52:04 - [TEST_STEP][PASSED] - if (otpM[i] == "6"): null

2020-08-06 22:52:04 - [TEST_STEP][PASSED] - if (otpM[i] == "7"): null

2020-08-06 22:52:04 - [TEST_STEP][PASSED] - if (otpM[i] == "8"): null

2020-08-06 22:52:04 - [TEST_STEP][PASSED] - if (otpM[i] == "9"): null

2020-08-06 22:52:04 - [TEST_STEP][PASSED] - delay(3, STOP_ON_FAILURE): Delayed 3 second(s)

2020-08-06 22:52:07 - [MESSAGE][PASSED] - Delayed 3 second(s)

2020-08-06 22:52:07 - [TEST_STEP][PASSED] - if (otpM[i] == "0"): null

2020-08-06 22:52:07 - [TEST_STEP][PASSED] - if (otpM[i] == "1"): null

2020-08-06 22:52:07 - [TEST_STEP][PASSED] - if (otpM[i] == "2"): null

2020-08-06 22:52:07 - [TEST_STEP][PASSED] - if (otpM[i] == "3"): null

2020-08-06 22:52:07 - [TEST_STEP][PASSED] - if (otpM[i] == "4"): null

2020-08-06 22:52:07 - [TEST_STEP][PASSED] - if (otpM[i] == "5"): null

2020-08-06 22:52:07 - [TEST_STEP][PASSED] - if (otpM[i] == "6"): Tapped on element 'Object Repository/Maya/login again/Spy- 6'

2020-08-06 22:52:07 - [TEST_STEP][PASSED] - delay(1, STOP_ON_FAILURE): Delayed 1 second(s)

2020-08-06 22:52:08 - [MESSAGE][PASSED] - Delayed 1 second(s)

2020-08-06 22:52:08 - [TEST_STEP][PASSED] - tap(findTestObject("Maya/login again/Spy- 6"), 0): Tapped on element 'Object Repository/Maya/login again/Spy- 6'

2020-08-06 22:52:08 - [MESSAGE][WARNING] - Timeout '0' is invalid. Using default page load timeout: '10'

2020-08-06 22:52:10 - [MESSAGE][PASSED] - Tapped on element 'Object Repository/Maya/login again/Spy- 6'

2020-08-06 22:52:10 - [TEST_STEP][PASSED] - if (otpM[i] == "7"): null

2020-08-06 22:52:10 - [TEST_STEP][PASSED] - if (otpM[i] == "8"): null

2020-08-06 22:52:10 - [TEST_STEP][PASSED] - if (otpM[i] == "9"): null

2020-08-06 22:52:10 - [TEST_STEP][PASSED] - delay(3, STOP_ON_FAILURE): Delayed 3 second(s)

2020-08-06 22:52:13 - [MESSAGE][PASSED] - Delayed 3 second(s)

2020-08-06 22:52:13 - [TEST_STEP][PASSED] - if (otpM[i] == "0"): null

2020-08-06 22:52:13 - [TEST_STEP][PASSED] - if (otpM[i] == "1"): null

2020-08-06 22:52:13 - [TEST_STEP][PASSED] - if (otpM[i] == "2"): null

2020-08-06 22:52:13 - [TEST_STEP][PASSED] - if (otpM[i] == "3"): null

2020-08-06 22:52:13 - [TEST_STEP][PASSED] - if (otpM[i] == "4"): null

2020-08-06 22:52:13 - [TEST_STEP][PASSED] - if (otpM[i] == "5"): null

2020-08-06 22:52:13 - [TEST_STEP][PASSED] - if (otpM[i] == "6"): Tapped on element 'Object Repository/Maya/login again/Spy- 6'

2020-08-06 22:52:13 - [TEST_STEP][PASSED] - delay(1, STOP_ON_FAILURE): Delayed 1 second(s)

2020-08-06 22:52:14 - [MESSAGE][PASSED] - Delayed 1 second(s)

2020-08-06 22:52:14 - [TEST_STEP][PASSED] - tap(findTestObject("Maya/login again/Spy- 6"), 0): Tapped on element 'Object Repository/Maya/login again/Spy- 6'

2020-08-06 22:52:14 - [MESSAGE][WARNING] - Timeout '0' is invalid. Using default page load timeout: '10'

2020-08-06 22:52:15 - [MESSAGE][PASSED] - Tapped on element 'Object Repository/Maya/login again/Spy- 6'

2020-08-06 22:52:15 - [TEST_STEP][PASSED] - if (otpM[i] == "7"): null

2020-08-06 22:52:15 - [TEST_STEP][PASSED] - if (otpM[i] == "8"): null

2020-08-06 22:52:15 - [TEST_STEP][PASSED] - if (otpM[i] == "9"): null

2020-08-06 22:52:15 - [TEST_STEP][PASSED] - delay(8, STOP_ON_FAILURE): Delayed 8 second(s)

2020-08-06 22:52:23 - [MESSAGE][PASSED] - Delayed 8 second(s)

2020-08-06 22:52:23 - [TEST_STEP][PASSED] - tapAtPosition(826, 2048): Tapped at [826, 2,048]

2020-08-06 22:52:23 - [MESSAGE][PASSED] - Tapped at [826, 2,048]

2020-08-06 22:52:23 - [TEST_STEP][FAILED] - if (verifyElementExist(findTestObject("Maya/KLIA/android.widget.TextView0 - Approve"), 0)): Element 'Object Repository/Maya/KLIA/android.widget.TextView0 - Approve' not found

2020-08-06 22:52:24 - [MESSAGE][WARNING] - Timeout '0' is invalid. Using default page load timeout: '10'

2020-08-06 22:52:35 - [MESSAGE][FAILED] - Element 'Object Repository/Maya/KLIA/android.widget.TextView0 - Approve' not found
[[ATTACHMENT|C:\\Users\\LENOVO\\Git_new\\Maya\\Reports\\20200806_224752\\Maya UAT\\UAT Test Suite\\20200806_224752\\1596725554535.png]]

2020-08-06 22:52:35 - [TEST_STEP][PASSED] - delay(3, STOP_ON_FAILURE): Delayed 3 second(s)

2020-08-06 22:52:38 - [MESSAGE][PASSED] - Delayed 3 second(s)

2020-08-06 22:52:38 - [TEST_STEP][PASSED] - getText(findTestObject("Maya/Bus Ticket/android.widget.TextView0 - Payment successful"), 0): Text of element 'Object Repository/Maya/Bus Ticket/android.widget.TextView0 - Payment successful' is: 'Payment successful'

2020-08-06 22:52:38 - [MESSAGE][WARNING] - Timeout '0' is invalid. Using default page load timeout: '10'

2020-08-06 22:52:39 - [MESSAGE][PASSED] - Text of element 'Object Repository/Maya/Bus Ticket/android.widget.TextView0 - Payment successful' is: 'Payment successful'

2020-08-06 22:52:39 - [TEST_STEP][PASSED] - verifyElementExist(findTestObject("Maya/Bus Ticket/android.widget.TextView0 - Payment successful"), 0): Element 'Object Repository/Maya/Bus Ticket/android.widget.TextView0 - Payment successful' is exist

2020-08-06 22:52:39 - [MESSAGE][WARNING] - Timeout '0' is invalid. Using default page load timeout: '10'

2020-08-06 22:52:39 - [MESSAGE][PASSED] - Element 'Object Repository/Maya/Bus Ticket/android.widget.TextView0 - Payment successful' is exist

2020-08-06 22:52:39 - [TEST_STEP][PASSED] - getText(findTestObject("Maya/Bus Ticket/android.widget.TextView0 - Reference ID"), 0): Text of element 'Object Repository/Maya/Bus Ticket/android.widget.TextView0 - Reference ID' is: 'Reference ID'

2020-08-06 22:52:39 - [MESSAGE][WARNING] - Timeout '0' is invalid. Using default page load timeout: '10'

2020-08-06 22:52:40 - [MESSAGE][PASSED] - Text of element 'Object Repository/Maya/Bus Ticket/android.widget.TextView0 - Reference ID' is: 'Reference ID'

2020-08-06 22:52:40 - [TEST_STEP][PASSED] - verifyElementExist(findTestObject("Maya/Bus Ticket/android.widget.TextView0 - Reference ID"), 0): Element 'Object Repository/Maya/Bus Ticket/android.widget.TextView0 - Reference ID' is exist

2020-08-06 22:52:40 - [MESSAGE][WARNING] - Timeout '0' is invalid. Using default page load timeout: '10'

2020-08-06 22:52:40 - [MESSAGE][PASSED] - Element 'Object Repository/Maya/Bus Ticket/android.widget.TextView0 - Reference ID' is exist

2020-08-06 22:52:40 - [TEST_STEP][PASSED] - getText(findTestObject("Maya/Bus Ticket/android.widget.TextView0 - Date  time"), 0): Text of element 'Object Repository/Maya/Bus Ticket/android.widget.TextView0 - Date  time' is: 'Date & time'

2020-08-06 22:52:40 - [MESSAGE][WARNING] - Timeout '0' is invalid. Using default page load timeout: '10'

2020-08-06 22:52:41 - [MESSAGE][PASSED] - Text of element 'Object Repository/Maya/Bus Ticket/android.widget.TextView0 - Date  time' is: 'Date & time'

2020-08-06 22:52:41 - [TEST_STEP][PASSED] - verifyElementExist(findTestObject("Maya/Bus Ticket/android.widget.TextView0 - Date  time"), 0): Element 'Object Repository/Maya/Bus Ticket/android.widget.TextView0 - Date  time' is exist

2020-08-06 22:52:41 - [MESSAGE][WARNING] - Timeout '0' is invalid. Using default page load timeout: '10'

2020-08-06 22:52:42 - [MESSAGE][PASSED] - Element 'Object Repository/Maya/Bus Ticket/android.widget.TextView0 - Date  time' is exist

2020-08-06 22:52:42 - [TEST_STEP][PASSED] - delay(2, STOP_ON_FAILURE): Delayed 2 second(s)

2020-08-06 22:52:44 - [MESSAGE][PASSED] - Delayed 2 second(s)

2020-08-06 22:52:44 - [TEST_STEP][PASSED] - takeScreenshot("C:\Users\LENOVO\Screenshot\BusTicket\Ticket8.png", STOP_ON_FAILURE): Screenshot is taken

2020-08-06 22:52:45 - [MESSAGE][PASSED] - Screenshot is taken
[[ATTACHMENT|C:\\Users\\LENOVO\\Screenshot\\BusTicket\\Ticket8.png]]

2020-08-06 22:52:45 - [TEST_STEP][PASSED] - tap(findTestObject("Maya/Bus Ticket/android.widget.TextView0 - Share Receipt"), 0): Tapped on element 'Object Repository/Maya/Bus Ticket/android.widget.TextView0 - Share Receipt'

2020-08-06 22:52:45 - [MESSAGE][WARNING] - Timeout '0' is invalid. Using default page load timeout: '10'

2020-08-06 22:52:46 - [MESSAGE][PASSED] - Tapped on element 'Object Repository/Maya/Bus Ticket/android.widget.TextView0 - Share Receipt'

2020-08-06 22:52:46 - [TEST_STEP][PASSED] - delay(10, STOP_ON_FAILURE): Delayed 10 second(s)

2020-08-06 22:52:56 - [MESSAGE][PASSED] - Delayed 10 second(s)

2020-08-06 22:52:56 - [TEST_STEP][PASSED] - getText(findTestObject("Maya/Movie Ticket/android.widget.TextView0 - Share Receipt"), 0): Text of element 'Object Repository/Maya/Movie Ticket/android.widget.TextView0 - Share Receipt' is: 'Share Receipt'

2020-08-06 22:52:56 - [MESSAGE][WARNING] - Timeout '0' is invalid. Using default page load timeout: '10'

2020-08-06 22:52:57 - [MESSAGE][PASSED] - Text of element 'Object Repository/Maya/Movie Ticket/android.widget.TextView0 - Share Receipt' is: 'Share Receipt'

2020-08-06 22:52:57 - [TEST_STEP][PASSED] - getText(findTestObject("Maya/Bus Ticket/android.view.View0 - Bus Tickets"), 0): Text of element 'Object Repository/Maya/Bus Ticket/android.view.View0 - Bus Tickets' is: 'Bus Tickets'

2020-08-06 22:52:57 - [MESSAGE][WARNING] - Timeout '0' is invalid. Using default page load timeout: '10'

2020-08-06 22:52:57 - [MESSAGE][PASSED] - Text of element 'Object Repository/Maya/Bus Ticket/android.view.View0 - Bus Tickets' is: 'Bus Tickets'

2020-08-06 22:52:57 - [TEST_STEP][PASSED] - verifyElementExist(findTestObject("Maya/Bus Ticket/android.view.View0 - Bus Tickets"), 0): Element 'Object Repository/Maya/Bus Ticket/android.view.View0 - Bus Tickets' is exist

2020-08-06 22:52:57 - [MESSAGE][WARNING] - Timeout '0' is invalid. Using default page load timeout: '10'

2020-08-06 22:52:58 - [MESSAGE][PASSED] - Element 'Object Repository/Maya/Bus Ticket/android.view.View0 - Bus Tickets' is exist

2020-08-06 22:52:58 - [TEST_STEP][PASSED] - getText(findTestObject("Maya/Bus Ticket/android.view.View0 - Order number"), 0): Text of element 'Object Repository/Maya/Bus Ticket/android.view.View0 - Order number' is: 'Order number'

2020-08-06 22:52:58 - [MESSAGE][WARNING] - Timeout '0' is invalid. Using default page load timeout: '10'

2020-08-06 22:52:59 - [MESSAGE][PASSED] - Text of element 'Object Repository/Maya/Bus Ticket/android.view.View0 - Order number' is: 'Order number'

2020-08-06 22:52:59 - [TEST_STEP][PASSED] - verifyElementExist(findTestObject("Maya/Bus Ticket/android.view.View0 - Order number"), 0): Element 'Object Repository/Maya/Bus Ticket/android.view.View0 - Order number' is exist

2020-08-06 22:52:59 - [MESSAGE][WARNING] - Timeout '0' is invalid. Using default page load timeout: '10'

2020-08-06 22:52:59 - [MESSAGE][PASSED] - Element 'Object Repository/Maya/Bus Ticket/android.view.View0 - Order number' is exist

2020-08-06 22:52:59 - [TEST_STEP][PASSED] - getText(findTestObject("Maya/Bus Ticket/android.view.View0 - Reference ID"), 0): Text of element 'Object Repository/Maya/Bus Ticket/android.view.View0 - Reference ID' is: 'Reference ID'

2020-08-06 22:52:59 - [MESSAGE][WARNING] - Timeout '0' is invalid. Using default page load timeout: '10'

2020-08-06 22:52:59 - [MESSAGE][PASSED] - Text of element 'Object Repository/Maya/Bus Ticket/android.view.View0 - Reference ID' is: 'Reference ID'

2020-08-06 22:52:59 - [TEST_STEP][PASSED] - verifyElementExist(findTestObject("Maya/Bus Ticket/android.view.View0 - Reference ID"), 0): Element 'Object Repository/Maya/Bus Ticket/android.view.View0 - Reference ID' is exist

2020-08-06 22:52:59 - [MESSAGE][WARNING] - Timeout '0' is invalid. Using default page load timeout: '10'

2020-08-06 22:53:00 - [MESSAGE][PASSED] - Element 'Object Repository/Maya/Bus Ticket/android.view.View0 - Reference ID' is exist

2020-08-06 22:53:00 - [TEST_STEP][PASSED] - delay(2, STOP_ON_FAILURE): Delayed 2 second(s)

2020-08-06 22:53:02 - [MESSAGE][PASSED] - Delayed 2 second(s)

2020-08-06 22:53:02 - [TEST_STEP][PASSED] - takeScreenshot("C:\Users\LENOVO\Screenshot\BusTicket\Ticket9.png", STOP_ON_FAILURE): Screenshot is taken

2020-08-06 22:53:03 - [MESSAGE][PASSED] - Screenshot is taken
[[ATTACHMENT|C:\\Users\\LENOVO\\Screenshot\\BusTicket\\Ticket9.png]]

2020-08-06 22:53:03 - [TEST_STEP][PASSED] - getText(findTestObject("Maya/Bus Ticket/android.view.View0 - Corporate name"), 0): Text of element 'Object Repository/Maya/Bus Ticket/android.view.View0 - Corporate name' is: 'Corporate name'

2020-08-06 22:53:03 - [MESSAGE][WARNING] - Timeout '0' is invalid. Using default page load timeout: '10'

2020-08-06 22:53:04 - [MESSAGE][PASSED] - Text of element 'Object Repository/Maya/Bus Ticket/android.view.View0 - Corporate name' is: 'Corporate name'

2020-08-06 22:53:04 - [TEST_STEP][PASSED] - verifyElementExist(findTestObject("Maya/Bus Ticket/android.view.View0 - Corporate name"), 0): Element 'Object Repository/Maya/Bus Ticket/android.view.View0 - Corporate name' is exist

2020-08-06 22:53:04 - [MESSAGE][WARNING] - Timeout '0' is invalid. Using default page load timeout: '10'

2020-08-06 22:53:04 - [MESSAGE][PASSED] - Element 'Object Repository/Maya/Bus Ticket/android.view.View0 - Corporate name' is exist

2020-08-06 22:53:04 - [TEST_STEP][PASSED] - getText(findTestObject("Maya/Bus Ticket/android.view.View0 - Amount"), 0): Text of element 'Object Repository/Maya/Bus Ticket/android.view.View0 - Amount' is: 'Amount'

2020-08-06 22:53:04 - [MESSAGE][WARNING] - Timeout '0' is invalid. Using default page load timeout: '10'

2020-08-06 22:53:05 - [MESSAGE][PASSED] - Text of element 'Object Repository/Maya/Bus Ticket/android.view.View0 - Amount' is: 'Amount'

2020-08-06 22:53:05 - [TEST_STEP][PASSED] - verifyElementExist(findTestObject("Maya/Bus Ticket/android.view.View0 - Amount"), 0): Element 'Object Repository/Maya/Bus Ticket/android.view.View0 - Amount' is exist

2020-08-06 22:53:05 - [MESSAGE][WARNING] - Timeout '0' is invalid. Using default page load timeout: '10'

2020-08-06 22:53:05 - [MESSAGE][PASSED] - Element 'Object Repository/Maya/Bus Ticket/android.view.View0 - Amount' is exist

2020-08-06 22:53:05 - [TEST_STEP][PASSED] - swipe(831, 1382, 800, 100): Swiped from 831,1,382 to 800,100

2020-08-06 22:53:06 - [MESSAGE][PASSED] - Swiped from 831,1,382 to 800,100

2020-08-06 22:53:06 - [TEST_STEP][PASSED] - delay(5, STOP_ON_FAILURE): Delayed 5 second(s)

2020-08-06 22:53:11 - [MESSAGE][PASSED] - Delayed 5 second(s)

2020-08-06 22:53:11 - [TEST_STEP][PASSED] - getText(findTestObject("Maya/KLIA/android.widget.TextView0 - Note This receipt is computer generated and no signature is required."), 0): Text of element 'Object Repository/Maya/KLIA/android.widget.TextView0 - Note This receipt is computer generated and no signature is required.' is: 'Note: This receipt is computer generated and no signature is required.'

2020-08-06 22:53:11 - [MESSAGE][WARNING] - Timeout '0' is invalid. Using default page load timeout: '10'

2020-08-06 22:53:12 - [MESSAGE][PASSED] - Text of element 'Object Repository/Maya/KLIA/android.widget.TextView0 - Note This receipt is computer generated and no signature is required.' is: 'Note: This receipt is computer generated and no signature is required.'

2020-08-06 22:53:12 - [TEST_STEP][PASSED] - getText(findTestObject("Maya/Third Party CA account/android.widget.TextView0 - Malayan Banking Berhad (Co. Reg.  196001000142)"), 0): Text of element 'Object Repository/Maya/Third Party CA account/android.widget.TextView0 - Malayan Banking Berhad (Co. Reg.  196001000142)' is: 'Malayan Banking Berhad (Co. Reg. : 196001000142)'

2020-08-06 22:53:12 - [MESSAGE][WARNING] - Timeout '0' is invalid. Using default page load timeout: '10'

2020-08-06 22:53:12 - [MESSAGE][PASSED] - Text of element 'Object Repository/Maya/Third Party CA account/android.widget.TextView0 - Malayan Banking Berhad (Co. Reg.  196001000142)' is: 'Malayan Banking Berhad (Co. Reg. : 196001000142)'

2020-08-06 22:53:12 - [TEST_STEP][PASSED] - getText(findTestObject("Maya/Third Party CA account/android.widget.TextView0 - Maybank Islamic Berhad (Co. Reg.  200701029411)"), 0): Text of element 'Object Repository/Maya/Third Party CA account/android.widget.TextView0 - Maybank Islamic Berhad (Co. Reg.  200701029411)' is: 'Maybank Islamic Berhad (Co. Reg. : 200701029411)'

2020-08-06 22:53:12 - [MESSAGE][WARNING] - Timeout '0' is invalid. Using default page load timeout: '10'

2020-08-06 22:53:13 - [MESSAGE][PASSED] - Text of element 'Object Repository/Maya/Third Party CA account/android.widget.TextView0 - Maybank Islamic Berhad (Co. Reg.  200701029411)' is: 'Maybank Islamic Berhad (Co. Reg. : 200701029411)'

2020-08-06 22:53:13 - [TEST_STEP][PASSED] - tap(findTestObject("Maya/Bus Ticket/android.widget.ImageView0 (1)"), 0): Tapped on element 'Object Repository/Maya/Bus Ticket/android.widget.ImageView0 (1)'

2020-08-06 22:53:13 - [MESSAGE][WARNING] - Timeout '0' is invalid. Using default page load timeout: '10'

2020-08-06 22:53:13 - [MESSAGE][PASSED] - Tapped on element 'Object Repository/Maya/Bus Ticket/android.widget.ImageView0 (1)'

2020-08-06 22:53:13 - [TEST_STEP][PASSED] - tap(findTestObject("Maya/Bus Ticket/android.widget.Button0 - Cancel"), 0): Tapped on element 'Object Repository/Maya/Bus Ticket/android.widget.Button0 - Cancel'

2020-08-06 22:53:13 - [MESSAGE][WARNING] - Timeout '0' is invalid. Using default page load timeout: '10'

2020-08-06 22:53:17 - [MESSAGE][PASSED] - Tapped on element 'Object Repository/Maya/Bus Ticket/android.widget.Button0 - Cancel'

2020-08-06 22:53:17 - [TEST_STEP][PASSED] - tap(findTestObject("Maya/Bus Ticket/android.widget.ImageView0"), 0): Tapped on element 'Object Repository/Maya/Bus Ticket/android.widget.ImageView0'

2020-08-06 22:53:17 - [MESSAGE][WARNING] - Timeout '0' is invalid. Using default page load timeout: '10'

2020-08-06 22:53:18 - [MESSAGE][PASSED] - Tapped on element 'Object Repository/Maya/Bus Ticket/android.widget.ImageView0'

2020-08-06 22:53:18 - [TEST_STEP][PASSED] - tap(findTestObject("Maya/Bus Ticket/android.widget.TextView0 - Done (1)"), 0): Tapped on element 'Object Repository/Maya/Bus Ticket/android.widget.TextView0 - Done (1)'

2020-08-06 22:53:18 - [MESSAGE][WARNING] - Timeout '0' is invalid. Using default page load timeout: '10'

2020-08-06 22:53:21 - [MESSAGE][PASSED] - Tapped on element 'Object Repository/Maya/Bus Ticket/android.widget.TextView0 - Done (1)'

2020-08-06 22:53:21 - [TEST_STEP][PASSED] - delay(40, STOP_ON_FAILURE): Delayed 40 second(s)

2020-08-06 22:54:01 - [MESSAGE][PASSED] - Delayed 40 second(s)

2020-08-06 22:54:01 - [TEST_STEP][PASSED] - getText(findTestObject("Maya/Bus Ticket/android.view.View0 - Your payment is successful"), 0): Text of element 'Object Repository/Maya/Bus Ticket/android.view.View0 - Your payment is successful' is: 'Your payment is successful!'

2020-08-06 22:54:01 - [MESSAGE][WARNING] - Timeout '0' is invalid. Using default page load timeout: '10'

2020-08-06 22:54:02 - [MESSAGE][PASSED] - Text of element 'Object Repository/Maya/Bus Ticket/android.view.View0 - Your payment is successful' is: 'Your payment is successful!'

2020-08-06 22:54:02 - [TEST_STEP][PASSED] - delay(2, STOP_ON_FAILURE): Delayed 2 second(s)

2020-08-06 22:54:04 - [MESSAGE][PASSED] - Delayed 2 second(s)

2020-08-06 22:54:04 - [TEST_STEP][PASSED] - takeScreenshot("C:\Users\LENOVO\Screenshot\BusTicket\Ticket12.png", STOP_ON_FAILURE): Screenshot is taken

2020-08-06 22:54:05 - [MESSAGE][PASSED] - Screenshot is taken
[[ATTACHMENT|C:\\Users\\LENOVO\\Screenshot\\BusTicket\\Ticket12.png]]

2020-08-06 22:54:05 - [TEST_STEP][PASSED] - verifyElementExist(findTestObject("Maya/Bus Ticket/android.view.View0 - Your payment is successful"), 0): Element 'Object Repository/Maya/Bus Ticket/android.view.View0 - Your payment is successful' is exist

2020-08-06 22:54:06 - [MESSAGE][WARNING] - Timeout '0' is invalid. Using default page load timeout: '10'

2020-08-06 22:54:06 - [MESSAGE][PASSED] - Element 'Object Repository/Maya/Bus Ticket/android.view.View0 - Your payment is successful' is exist

2020-08-06 22:54:06 - [TEST_STEP][PASSED] - getText(findTestObject("Maya/Bus Ticket/android.widget.TextView0 - Transaction No"), 0): Text of element 'Object Repository/Maya/Bus Ticket/android.widget.TextView0 - Transaction No' is: 'Transaction No'

2020-08-06 22:54:06 - [MESSAGE][WARNING] - Timeout '0' is invalid. Using default page load timeout: '10'

2020-08-06 22:54:07 - [MESSAGE][PASSED] - Text of element 'Object Repository/Maya/Bus Ticket/android.widget.TextView0 - Transaction No' is: 'Transaction No'

2020-08-06 22:54:07 - [TEST_STEP][PASSED] - verifyElementExist(findTestObject("Maya/Bus Ticket/android.widget.TextView0 - Transaction No"), 0): Element 'Object Repository/Maya/Bus Ticket/android.widget.TextView0 - Transaction No' is exist

2020-08-06 22:54:07 - [MESSAGE][WARNING] - Timeout '0' is invalid. Using default page load timeout: '10'

2020-08-06 22:54:08 - [MESSAGE][PASSED] - Element 'Object Repository/Maya/Bus Ticket/android.widget.TextView0 - Transaction No' is exist

2020-08-06 22:54:08 - [TEST_STEP][PASSED] - tap(findTestObject("Maya/Bus Ticket/android.widget.Button0 - TAKE ME TO MY E-TICKET"), 0): Tapped on element 'Object Repository/Maya/Bus Ticket/android.widget.Button0 - TAKE ME TO MY E-TICKET'

2020-08-06 22:54:08 - [MESSAGE][WARNING] - Timeout '0' is invalid. Using default page load timeout: '10'

2020-08-06 22:54:09 - [MESSAGE][PASSED] - Tapped on element 'Object Repository/Maya/Bus Ticket/android.widget.Button0 - TAKE ME TO MY E-TICKET'

2020-08-06 22:54:09 - [TEST_STEP][PASSED] - delay(30, STOP_ON_FAILURE): Delayed 30 second(s)

2020-08-06 22:54:39 - [MESSAGE][PASSED] - Delayed 30 second(s)

2020-08-06 22:54:39 - [TEST_STEP][PASSED] - takeScreenshot("C:\Users\LENOVO\Screenshot\BusTicket\Ticket11.png", STOP_ON_FAILURE): Screenshot is taken

2020-08-06 22:54:41 - [MESSAGE][PASSED] - Screenshot is taken
[[ATTACHMENT|C:\\Users\\LENOVO\\Screenshot\\BusTicket\\Ticket11.png]]

2020-08-06 22:54:41 - [TEST_STEP][PASSED] - tap(findTestObject("Maya/Bus Ticket/android.widget.ImageView0 (2)"), 0): Tapped on element 'Object Repository/Maya/Bus Ticket/android.widget.ImageView0 (2)'

2020-08-06 22:54:41 - [MESSAGE][WARNING] - Timeout '0' is invalid. Using default page load timeout: '10'

2020-08-06 22:54:41 - [MESSAGE][PASSED] - Tapped on element 'Object Repository/Maya/Bus Ticket/android.widget.ImageView0 (2)'

2020-08-06 22:54:41 - [TEST_STEP][PASSED] - tap(findTestObject("Maya/Bus Ticket/android.widget.ImageView0 (3)"), 0): Tapped on element 'Object Repository/Maya/Bus Ticket/android.widget.ImageView0 (3)'

2020-08-06 22:54:41 - [MESSAGE][WARNING] - Timeout '0' is invalid. Using default page load timeout: '10'

2020-08-06 22:54:43 - [MESSAGE][PASSED] - Tapped on element 'Object Repository/Maya/Bus Ticket/android.widget.ImageView0 (3)'

2020-08-06 22:54:43 - [TEST_STEP][PASSED] - tap(findTestObject("Maya/Bus Ticket/android.widget.TextView0 - Wallet"), 0): Tapped on element 'Object Repository/Maya/Bus Ticket/android.widget.TextView0 - Wallet'

2020-08-06 22:54:43 - [MESSAGE][WARNING] - Timeout '0' is invalid. Using default page load timeout: '10'

2020-08-06 22:54:48 - [MESSAGE][PASSED] - Tapped on element 'Object Repository/Maya/Bus Ticket/android.widget.TextView0 - Wallet'

2020-08-06 22:54:48 - [TEST_STEP][PASSED] - tap(findTestObject("Maya/Bus Ticket/android.widget.TextView0 - View Transactions"), 0): Tapped on element 'Object Repository/Maya/Bus Ticket/android.widget.TextView0 - View Transactions'

2020-08-06 22:54:49 - [MESSAGE][WARNING] - Timeout '0' is invalid. Using default page load timeout: '10'

2020-08-06 22:54:51 - [MESSAGE][PASSED] - Tapped on element 'Object Repository/Maya/Bus Ticket/android.widget.TextView0 - View Transactions'

2020-08-06 22:54:51 - [TEST_STEP][PASSED] - delay(2, STOP_ON_FAILURE): Delayed 2 second(s)

2020-08-06 22:54:53 - [MESSAGE][PASSED] - Delayed 2 second(s)

2020-08-06 22:54:53 - [TEST_STEP][PASSED] - takeScreenshot("C:\Users\LENOVO\Screenshot\BusTicket\Ticket13.png", STOP_ON_FAILURE): Screenshot is taken

2020-08-06 22:54:54 - [MESSAGE][PASSED] - Screenshot is taken
[[ATTACHMENT|C:\\Users\\LENOVO\\Screenshot\\BusTicket\\Ticket13.png]]

2020-08-06 22:54:55 - [TEST_STEP][PASSED] - getText(findTestObject("Maya/KLIA/android.widget.TextView0 - Today"), 0): Text of element 'Object Repository/Maya/KLIA/android.widget.TextView0 - Today' is: 'Today'

2020-08-06 22:54:55 - [MESSAGE][WARNING] - Timeout '0' is invalid. Using default page load timeout: '10'

2020-08-06 22:54:55 - [MESSAGE][PASSED] - Text of element 'Object Repository/Maya/KLIA/android.widget.TextView0 - Today' is: 'Today'

2020-08-06 22:54:55 - [TEST_STEP][PASSED] - verifyElementExist(findTestObject("Maya/KLIA/android.widget.TextView0 - Today"), 0): Element 'Object Repository/Maya/KLIA/android.widget.TextView0 - Today' is exist

2020-08-06 22:54:55 - [MESSAGE][WARNING] - Timeout '0' is invalid. Using default page load timeout: '10'

2020-08-06 22:54:55 - [MESSAGE][PASSED] - Element 'Object Repository/Maya/KLIA/android.widget.TextView0 - Today' is exist

2020-08-06 22:54:55 - [TEST_STEP][PASSED] - verifyElementVisible(findTestObject("Maya/Bus Ticket/android.widget.TextView0 - CATCH THAT BUS  MB111111171724"), 0): Element 'Object Repository/Maya/Bus Ticket/android.widget.TextView0 - CATCH THAT BUS  MB111111171724' is visible

2020-08-06 22:54:56 - [MESSAGE][WARNING] - Timeout '0' is invalid. Using default page load timeout: '10'

2020-08-06 22:54:57 - [MESSAGE][PASSED] - Element 'Object Repository/Maya/Bus Ticket/android.widget.TextView0 - CATCH THAT BUS  MB111111171724' is visible

2020-08-06 22:54:57 - [TEST_STEP][PASSED] - verifyElementExist(findTestObject("Maya/Bus Ticket/android.widget.TextView0 - -RM 27.30"), 0): Element 'Object Repository/Maya/Bus Ticket/android.widget.TextView0 - -RM 27.30' is exist

2020-08-06 22:54:57 - [MESSAGE][WARNING] - Timeout '0' is invalid. Using default page load timeout: '10'

2020-08-06 22:54:57 - [MESSAGE][PASSED] - Element 'Object Repository/Maya/Bus Ticket/android.widget.TextView0 - -RM 27.30' is exist

2020-08-06 22:54:57 - [TEST_STEP][PASSED] - tap(findTestObject("Maya/KLIA/android.widget.TextView0 - Home"), 0): Tapped on element 'Object Repository/Maya/KLIA/android.widget.TextView0 - Home'

2020-08-06 22:54:58 - [MESSAGE][WARNING] - Timeout '0' is invalid. Using default page load timeout: '10'

2020-08-06 22:55:10 - [MESSAGE][PASSED] - Tapped on element 'Object Repository/Maya/KLIA/android.widget.TextView0 - Home'

2020-08-06 22:55:10 - [TEST_STEP][PASSED] - tap(findTestObject("Maya/KLIA/android.widget.TextView0 - More (1)"), 0): Tapped on element 'Object Repository/Maya/KLIA/android.widget.TextView0 - More (1)'

2020-08-06 22:55:11 - [MESSAGE][WARNING] - Timeout '0' is invalid. Using default page load timeout: '10'

2020-08-06 22:55:23 - [MESSAGE][PASSED] - Tapped on element 'Object Repository/Maya/KLIA/android.widget.TextView0 - More (1)'

2020-08-06 22:55:23 - [TEST_STEP][PASSED] - tap(findTestObject("Maya/KLIA/android.widget.TextView0 - Notifications"), 0): Tapped on element 'Object Repository/Maya/KLIA/android.widget.TextView0 - Notifications'

2020-08-06 22:55:24 - [MESSAGE][WARNING] - Timeout '0' is invalid. Using default page load timeout: '10'

2020-08-06 22:55:26 - [MESSAGE][PASSED] - Tapped on element 'Object Repository/Maya/KLIA/android.widget.TextView0 - Notifications'

2020-08-06 22:55:26 - [TEST_STEP][NOT_RUN] - tap(findTestObject("Maya/KLIA/android.widget.TextView0 - Got It"), 0): NOT_RUN: tap(findTestObject("Maya/KLIA/android.widget.TextView0 - Got It"), 0)

2020-08-06 22:55:26 - [MESSAGE][NOT_RUN] - NOT_RUN: tap(findTestObject("Maya/KLIA/android.widget.TextView0 - Got It"), 0)

2020-08-06 22:55:26 - [TEST_STEP][PASSED] - getText(findTestObject("Maya/KLIA/android.widget.TextView0 - Maybank2u Payments"), 0): Text of element 'Object Repository/Maya/KLIA/android.widget.TextView0 - Maybank2u Payments' is: 'Maybank2u: Payments'

2020-08-06 22:55:26 - [MESSAGE][WARNING] - Timeout '0' is invalid. Using default page load timeout: '10'

2020-08-06 22:55:27 - [MESSAGE][PASSED] - Text of element 'Object Repository/Maya/KLIA/android.widget.TextView0 - Maybank2u Payments' is: 'Maybank2u: Payments'

2020-08-06 22:55:27 - [TEST_STEP][PASSED] - getText(findTestObject("Maya/KLIA/android.widget.TextView0 - Today (1)"), 0): Text of element 'Object Repository/Maya/KLIA/android.widget.TextView0 - Today (1)' is: 'Today'

2020-08-06 22:55:27 - [MESSAGE][WARNING] - Timeout '0' is invalid. Using default page load timeout: '10'

2020-08-06 22:55:28 - [MESSAGE][PASSED] - Text of element 'Object Repository/Maya/KLIA/android.widget.TextView0 - Today (1)' is: 'Today'

2020-08-06 22:55:28 - [TEST_STEP][PASSED] - takeScreenshot("C:\Users\LENOVO\Screenshot\KLIATicket\Ticket53.png", STOP_ON_FAILURE): Screenshot is taken

2020-08-06 22:55:29 - [MESSAGE][PASSED] - Screenshot is taken
[[ATTACHMENT|C:\\Users\\LENOVO\\Screenshot\\KLIATicket\\Ticket53.png]]

2020-08-06 22:55:29 - [TEST_STEP][PASSED] - verifyElementVisible(findTestObject("Maya/Bus Ticket/android.widget.TextView0 - Successful payment of RM 27.30 to CatchThatBus. REF180704890M"), 0): Element 'Object Repository/Maya/Bus Ticket/android.widget.TextView0 - Successful payment of RM 27.30 to CatchThatBus. REF180704890M' is visible

2020-08-06 22:55:29 - [MESSAGE][WARNING] - Timeout '0' is invalid. Using default page load timeout: '10'

2020-08-06 22:55:30 - [MESSAGE][PASSED] - Element 'Object Repository/Maya/Bus Ticket/android.widget.TextView0 - Successful payment of RM 27.30 to CatchThatBus. REF180704890M' is visible]]></system-out>
         <system-err><![CDATA[2020-08-06 22:47:56 - [TEST_CASE][FAILED] - Test Cases/JINU/Bus Ticket/Bus Ticket 2: Test Cases/JINU/Bus Ticket/Bus Ticket 2 FAILED.
Reason:
com.kms.katalon.core.exception.StepFailedException: Element 'Object Repository/Maya/KLIA/android.widget.TextView0 - Approve' not found
	at com.kms.katalon.core.keyword.internal.KeywordMain.stepFailed(KeywordMain.groovy:39)
	at com.kms.katalon.core.mobile.keyword.internal.MobileKeywordMain.stepFailed(MobileKeywordMain.groovy:40)
	at com.kms.katalon.core.mobile.keyword.builtin.VerifyElementExistKeyword$_verifyElementExist_closure1.doCall(VerifyElementExistKeyword.groovy:77)
	at com.kms.katalon.core.mobile.keyword.builtin.VerifyElementExistKeyword$_verifyElementExist_closure1.call(VerifyElementExistKeyword.groovy)
	at com.kms.katalon.core.mobile.keyword.internal.MobileKeywordMain.runKeyword(MobileKeywordMain.groovy:21)
	at com.kms.katalon.core.mobile.keyword.builtin.VerifyElementExistKeyword.verifyElementExist(VerifyElementExistKeyword.groovy:80)
	at com.kms.katalon.core.mobile.keyword.builtin.VerifyElementExistKeyword.execute(VerifyElementExistKeyword.groovy:64)
	at com.kms.katalon.core.keyword.internal.KeywordExecutor.executeKeywordForPlatform(KeywordExecutor.groovy:72)
	at com.kms.katalon.core.mobile.keyword.MobileBuiltInKeywords.verifyElementExist(MobileBuiltInKeywords.groovy:809)
	at com.kms.katalon.core.mobile.keyword.MobileBuiltInKeywords$verifyElementExist$3.call(Unknown Source)
	at Bus Ticket 2.run(Bus Ticket 2:310)
	at com.kms.katalon.core.main.ScriptEngine.run(ScriptEngine.java:194)
	at com.kms.katalon.core.main.ScriptEngine.runScriptAsRawText(ScriptEngine.java:119)
	at com.kms.katalon.core.main.TestCaseExecutor.runScript(TestCaseExecutor.java:337)
	at com.kms.katalon.core.main.TestCaseExecutor.doExecute(TestCaseExecutor.java:328)
	at com.kms.katalon.core.main.TestCaseExecutor.processExecutionPhase(TestCaseExecutor.java:307)
	at com.kms.katalon.core.main.TestCaseExecutor.accessMainPhase(TestCaseExecutor.java:299)
	at com.kms.katalon.core.main.TestCaseExecutor.execute(TestCaseExecutor.java:233)
	at com.kms.katalon.core.main.TestSuiteExecutor.accessTestCaseMainPhase(TestSuiteExecutor.java:169)
	at com.kms.katalon.core.main.TestSuiteExecutor.accessTestSuiteMainPhase(TestSuiteExecutor.java:142)
	at com.kms.katalon.core.main.TestSuiteExecutor.execute(TestSuiteExecutor.java:91)
	at com.kms.katalon.core.main.TestCaseMain.startTestSuite(TestCaseMain.java:157)
	at com.kms.katalon.core.main.TestCaseMain$startTestSuite$0.call(Unknown Source)
	at TempTestSuite1596725272495.run(TempTestSuite1596725272495.groovy:36)]]></system-err>
      </testcase>
      <system-out><![CDATA[2020-08-06 22:47:55 - [TEST_SUITE][FAILED] - UAT Test Suite: Test Cases/JINU/Bus Ticket/Bus Ticket 2 FAILED.
Reason:
com.kms.katalon.core.exception.StepFailedException: Element 'Object Repository/Maya/KLIA/android.widget.TextView0 - Approve' not found
	at com.kms.katalon.core.keyword.internal.KeywordMain.stepFailed(KeywordMain.groovy:39)
	at com.kms.katalon.core.mobile.keyword.internal.MobileKeywordMain.stepFailed(MobileKeywordMain.groovy:40)
	at com.kms.katalon.core.mobile.keyword.builtin.VerifyElementExistKeyword$_verifyElementExist_closure1.doCall(VerifyElementExistKeyword.groovy:77)
	at com.kms.katalon.core.mobile.keyword.builtin.VerifyElementExistKeyword$_verifyElementExist_closure1.call(VerifyElementExistKeyword.groovy)
	at com.kms.katalon.core.mobile.keyword.internal.MobileKeywordMain.runKeyword(MobileKeywordMain.groovy:21)
	at com.kms.katalon.core.mobile.keyword.builtin.VerifyElementExistKeyword.verifyElementExist(VerifyElementExistKeyword.groovy:80)
	at com.kms.katalon.core.mobile.keyword.builtin.VerifyElementExistKeyword.execute(VerifyElementExistKeyword.groovy:64)
	at com.kms.katalon.core.keyword.internal.KeywordExecutor.executeKeywordForPlatform(KeywordExecutor.groovy:72)
	at com.kms.katalon.core.mobile.keyword.MobileBuiltInKeywords.verifyElementExist(MobileBuiltInKeywords.groovy:809)
	at com.kms.katalon.core.mobile.keyword.MobileBuiltInKeywords$verifyElementExist$3.call(Unknown Source)
	at Bus Ticket 2.run(Bus Ticket 2:310)
	at com.kms.katalon.core.main.ScriptEngine.run(ScriptEngine.java:194)
	at com.kms.katalon.core.main.ScriptEngine.runScriptAsRawText(ScriptEngine.java:119)
	at com.kms.katalon.core.main.TestCaseExecutor.runScript(TestCaseExecutor.java:337)
	at com.kms.katalon.core.main.TestCaseExecutor.doExecute(TestCaseExecutor.java:328)
	at com.kms.katalon.core.main.TestCaseExecutor.processExecutionPhase(TestCaseExecutor.java:307)
	at com.kms.katalon.core.main.TestCaseExecutor.accessMainPhase(TestCaseExecutor.java:299)
	at com.kms.katalon.core.main.TestCaseExecutor.execute(TestCaseExecutor.java:233)
	at com.kms.katalon.core.main.TestSuiteExecutor.accessTestCaseMainPhase(TestSuiteExecutor.java:169)
	at com.kms.katalon.core.main.TestSuiteExecutor.accessTestSuiteMainPhase(TestSuiteExecutor.java:142)
	at com.kms.katalon.core.main.TestSuiteExecutor.execute(TestSuiteExecutor.java:91)
	at com.kms.katalon.core.main.TestCaseMain.startTestSuite(TestCaseMain.java:157)
	at com.kms.katalon.core.main.TestCaseMain$startTestSuite$0.call(Unknown Source)
	at TempTestSuite1596725272495.run(TempTestSuite1596725272495.groovy:36)]]></system-out>
      <system-err><![CDATA[2020-08-06 22:47:55 - [TEST_SUITE][FAILED] - UAT Test Suite: Test Cases/JINU/Bus Ticket/Bus Ticket 2 FAILED.
Reason:
com.kms.katalon.core.exception.StepFailedException: Element 'Object Repository/Maya/KLIA/android.widget.TextView0 - Approve' not found
	at com.kms.katalon.core.keyword.internal.KeywordMain.stepFailed(KeywordMain.groovy:39)
	at com.kms.katalon.core.mobile.keyword.internal.MobileKeywordMain.stepFailed(MobileKeywordMain.groovy:40)
	at com.kms.katalon.core.mobile.keyword.builtin.VerifyElementExistKeyword$_verifyElementExist_closure1.doCall(VerifyElementExistKeyword.groovy:77)
	at com.kms.katalon.core.mobile.keyword.builtin.VerifyElementExistKeyword$_verifyElementExist_closure1.call(VerifyElementExistKeyword.groovy)
	at com.kms.katalon.core.mobile.keyword.internal.MobileKeywordMain.runKeyword(MobileKeywordMain.groovy:21)
	at com.kms.katalon.core.mobile.keyword.builtin.VerifyElementExistKeyword.verifyElementExist(VerifyElementExistKeyword.groovy:80)
	at com.kms.katalon.core.mobile.keyword.builtin.VerifyElementExistKeyword.execute(VerifyElementExistKeyword.groovy:64)
	at com.kms.katalon.core.keyword.internal.KeywordExecutor.executeKeywordForPlatform(KeywordExecutor.groovy:72)
	at com.kms.katalon.core.mobile.keyword.MobileBuiltInKeywords.verifyElementExist(MobileBuiltInKeywords.groovy:809)
	at com.kms.katalon.core.mobile.keyword.MobileBuiltInKeywords$verifyElementExist$3.call(Unknown Source)
	at Bus Ticket 2.run(Bus Ticket 2:310)
	at com.kms.katalon.core.main.ScriptEngine.run(ScriptEngine.java:194)
	at com.kms.katalon.core.main.ScriptEngine.runScriptAsRawText(ScriptEngine.java:119)
	at com.kms.katalon.core.main.TestCaseExecutor.runScript(TestCaseExecutor.java:337)
	at com.kms.katalon.core.main.TestCaseExecutor.doExecute(TestCaseExecutor.java:328)
	at com.kms.katalon.core.main.TestCaseExecutor.processExecutionPhase(TestCaseExecutor.java:307)
	at com.kms.katalon.core.main.TestCaseExecutor.accessMainPhase(TestCaseExecutor.java:299)
	at com.kms.katalon.core.main.TestCaseExecutor.execute(TestCaseExecutor.java:233)
	at com.kms.katalon.core.main.TestSuiteExecutor.accessTestCaseMainPhase(TestSuiteExecutor.java:169)
	at com.kms.katalon.core.main.TestSuiteExecutor.accessTestSuiteMainPhase(TestSuiteExecutor.java:142)
	at com.kms.katalon.core.main.TestSuiteExecutor.execute(TestSuiteExecutor.java:91)
	at com.kms.katalon.core.main.TestCaseMain.startTestSuite(TestCaseMain.java:157)
	at com.kms.katalon.core.main.TestCaseMain$startTestSuite$0.call(Unknown Source)
	at TempTestSuite1596725272495.run(TempTestSuite1596725272495.groovy:36)]]></system-err>
   </testsuite>
</testsuites>
