<?xml version="1.0" encoding="UTF-8"?>
<testsuites name="UAT Test Suite" time="543.074" tests="1" failures="0" errors="0">
   <testsuite name="UAT Test Suite" tests="1" failures="0" errors="0" time="543.074" timestamp="2020-08-05 20:09:40" hostname="LENOVO - DESKTOP-CP3TV4N" id="Test Suites/Maya UAT/UAT Test Suite">
      <properties>
         <property name="deviceName" value="Xiaomi Redmi Note 7S (Android 9)"/>
         <property name="devicePlatform" value=""/>
         <property name="logFolder" value="C:\\Users\\LENOVO\\Git_new\\Maya\\Reports\\20200805_200937\\Maya UAT\\UAT Test Suite\\20200805_200937"/>
         <property name="logFiles" value="C:\\Users\\LENOVO\\Git_new\\Maya\\Reports\\20200805_200937\\Maya UAT\\UAT Test Suite\\20200805_200937\\appium.log, C:\\Users\\LENOVO\\Git_new\\Maya\\Reports\\20200805_200937\\Maya UAT\\UAT Test Suite\\20200805_200937\\execution0.log"/>
         <property name="attachments" value="C:\\Users\\LENOVO\\Screenshot\\Loyalty\\Ticket1.png, C:\\Users\\LENOVO\\Screenshot\\Loyalty\\Ticket2.png, C:\\Users\\LENOVO\\Screenshot\\Loyalty\\Ticket3.png, C:\\Users\\LENOVO\\Screenshot\\Loyalty\\Ticket4.png, C:\\Users\\LENOVO\\Screenshot\\Loyalty\\Ticket5.png, C:\\Users\\LENOVO\\Screenshot\\Loyalty\\Ticket6.png, C:\\Users\\LENOVO\\Screenshot\\Loyalty\\Ticket7.png, C:\\Users\\LENOVO\\Screenshot\\Loyalty\\Ticket8.png, C:\\Users\\LENOVO\\Screenshot\\Loyalty\\Ticket9.png, C:\\Users\\LENOVO\\Screenshot\\Loyalty\\Ticket10.png, C:\\Users\\LENOVO\\Screenshot\\Loyalty\\Ticket11.png, C:\\Users\\LENOVO\\Screenshot\\Loyalty\\Ticket13.png, C:\\Users\\LENOVO\\Screenshot\\Loyalty\\Ticket14.png, C:\\Users\\LENOVO\\Screenshot\\Loyalty\\Ticket12.png, C:\\Users\\LENOVO\\Screenshot\\Loyalty\\Ticket15.png, C:\\Users\\LENOVO\\Screenshot\\Loyalty\\Ticket16.png, C:\\Users\\LENOVO\\Screenshot\\Loyalty\\Ticket17.png, C:\\Users\\LENOVO\\Screenshot\\Loyalty\\Ticket18.png, C:\\Users\\LENOVO\\Screenshot\\Loyalty\\Ticket19.png, C:\\Users\\LENOVO\\Screenshot\\Loyalty\\Ticket20.png"/>
         <property name="hostName" value="LENOVO - DESKTOP-CP3TV4N"/>
         <property name="os" value="Windows 10 64bit"/>
         <property name="appiumServerStatus" value="{\&quot;value\&quot;:{\&quot;build\&quot;:{\&quot;version\&quot;:\&quot;1.15.1\&quot;}},\&quot;sessionId\&quot;:null,\&quot;status\&quot;:0}"/>
         <property name="katalonVersion" value="7.2.7.1"/>
         <property name="deviceOS" value="Android"/>
         <property name="appiumVersion" value="1.15.1"/>
         <property name="deviceModel" value="Redmi Note 7S"/>
         <property name="hostAddress" value="192.168.0.100"/>
         <property name="deviceManufacturer" value="Xiaomi"/>
         <property name="deviceId" value="11cb9864"/>
         <property name="deviceName" value="Xiaomi Redmi Note 7S (Android 9)"/>
         <property name="deviceOSVersion" value="9"/>
      </properties>
      <testcase name="Test Cases/JINU/Drop2 Loyalty/Loyalty Cards" time="539.288" classname="Test Cases/JINU/Drop2 Loyalty/Loyalty Cards" status="PASSED">
         <system-out><![CDATA[2020-08-05 20:09:40 - [TEST_CASE][PASSED] - Test Cases/JINU/Drop2 Loyalty/Loyalty Cards: Test Cases/JINU/Drop2 Loyalty/Loyalty Cards

2020-08-05 20:09:41 - [TEST_STEP][PASSED] - startApplication("C:\Users\LENOVO\Katalon Studio\app-uat-universal-release.apk", false): Started app at: 'C:\Users\LENOVO\Katalon Studio\app-uat-universal-release.apk'

2020-08-05 20:09:42 - [MESSAGE][INFO] - User set preference: ['appWaitActivity', '*']

2020-08-05 20:09:42 - [MESSAGE][INFO] - User set preference: ['appWaitPackage', 'com.maybank2u.life.uat']

2020-08-05 20:09:42 - [MESSAGE][INFO] - User set preference: ['appWaitDuration', '50,000']

2020-08-05 20:09:42 - [MESSAGE][INFO] - User set preference: ['deviceId', '11cb9864']

2020-08-05 20:09:44 - [MESSAGE][INFO] - Appium server started on port 65,530

2020-08-05 20:10:06 - [MESSAGE][PASSED] - Started app at: 'C:\Users\LENOVO\Katalon Studio\app-uat-universal-release.apk'

2020-08-05 20:10:06 - [TEST_STEP][PASSED] - delay(10, STOP_ON_FAILURE): Delayed 10 second(s)

2020-08-05 20:10:17 - [MESSAGE][PASSED] - Delayed 10 second(s)

2020-08-05 20:10:17 - [TEST_STEP][PASSED] - tap(findTestObject("Maya/Loyalty Cards/android.widget.TextView0 - More"), 0): Tapped on element 'Object Repository/Maya/Loyalty Cards/android.widget.TextView0 - More'

2020-08-05 20:10:17 - [MESSAGE][WARNING] - Timeout '0' is invalid. Using default page load timeout: '10'

2020-08-05 20:10:30 - [MESSAGE][PASSED] - Tapped on element 'Object Repository/Maya/Loyalty Cards/android.widget.TextView0 - More'

2020-08-05 20:10:30 - [TEST_STEP][PASSED] - delay(10, STOP_ON_FAILURE): Delayed 10 second(s)

2020-08-05 20:10:40 - [MESSAGE][PASSED] - Delayed 10 second(s)

2020-08-05 20:10:40 - [TEST_STEP][PASSED] - takeScreenshot("C:\Users\LENOVO\Screenshot\Loyalty\Ticket1.png", STOP_ON_FAILURE): Screenshot is taken

2020-08-05 20:10:42 - [MESSAGE][PASSED] - Screenshot is taken
[[ATTACHMENT|C:\\Users\\LENOVO\\Screenshot\\Loyalty\\Ticket1.png]]

2020-08-05 20:10:42 - [TEST_STEP][PASSED] - tap(findTestObject("Maya/Loyalty Cards/android.widget.TextView0 - Loyalty"), 0): Tapped on element 'Object Repository/Maya/Loyalty Cards/android.widget.TextView0 - Loyalty'

2020-08-05 20:10:42 - [MESSAGE][WARNING] - Timeout '0' is invalid. Using default page load timeout: '10'

2020-08-05 20:10:45 - [MESSAGE][PASSED] - Tapped on element 'Object Repository/Maya/Loyalty Cards/android.widget.TextView0 - Loyalty'

2020-08-05 20:10:45 - [TEST_STEP][PASSED] - getText(findTestObject("Maya/Loyalty Cards/android.widget.TextView0 - Loyalty (1)"), 0): Text of element 'Object Repository/Maya/Loyalty Cards/android.widget.TextView0 - Loyalty (1)' is: 'Loyalty'

2020-08-05 20:10:45 - [MESSAGE][WARNING] - Timeout '0' is invalid. Using default page load timeout: '10'

2020-08-05 20:10:46 - [MESSAGE][PASSED] - Text of element 'Object Repository/Maya/Loyalty Cards/android.widget.TextView0 - Loyalty (1)' is: 'Loyalty'

2020-08-05 20:10:46 - [TEST_STEP][PASSED] - delay(2, STOP_ON_FAILURE): Delayed 2 second(s)

2020-08-05 20:10:48 - [MESSAGE][PASSED] - Delayed 2 second(s)

2020-08-05 20:10:48 - [TEST_STEP][PASSED] - takeScreenshot("C:\Users\LENOVO\Screenshot\Loyalty\Ticket2.png", STOP_ON_FAILURE): Screenshot is taken

2020-08-05 20:10:49 - [MESSAGE][PASSED] - Screenshot is taken
[[ATTACHMENT|C:\\Users\\LENOVO\\Screenshot\\Loyalty\\Ticket2.png]]

2020-08-05 20:10:49 - [TEST_STEP][PASSED] - tap(findTestObject("Maya/Loyalty Cards/android.widget.TextView0 - Add Cards"), 0): Tapped on element 'Object Repository/Maya/Loyalty Cards/android.widget.TextView0 - Add Cards'

2020-08-05 20:10:49 - [MESSAGE][WARNING] - Timeout '0' is invalid. Using default page load timeout: '10'

2020-08-05 20:10:51 - [MESSAGE][PASSED] - Tapped on element 'Object Repository/Maya/Loyalty Cards/android.widget.TextView0 - Add Cards'

2020-08-05 20:10:51 - [TEST_STEP][PASSED] - getText(findTestObject("Maya/Loyalty Cards/android.widget.TextView0 - Add Loyalty Card"), 0): Text of element 'Object Repository/Maya/Loyalty Cards/android.widget.TextView0 - Add Loyalty Card' is: 'Add Loyalty Card'

2020-08-05 20:10:51 - [MESSAGE][WARNING] - Timeout '0' is invalid. Using default page load timeout: '10'

2020-08-05 20:10:51 - [MESSAGE][PASSED] - Text of element 'Object Repository/Maya/Loyalty Cards/android.widget.TextView0 - Add Loyalty Card' is: 'Add Loyalty Card'

2020-08-05 20:10:51 - [TEST_STEP][PASSED] - tap(findTestObject("Maya/Loyalty Cards/android.widget.ImageView0"), 0): Tapped on element 'Object Repository/Maya/Loyalty Cards/android.widget.ImageView0'

2020-08-05 20:10:52 - [MESSAGE][WARNING] - Timeout '0' is invalid. Using default page load timeout: '10'

2020-08-05 20:10:53 - [MESSAGE][PASSED] - Tapped on element 'Object Repository/Maya/Loyalty Cards/android.widget.ImageView0'

2020-08-05 20:10:53 - [TEST_STEP][PASSED] - tap(findTestObject("Maya/Loyalty Cards/android.widget.TextView0 - Add Cards"), 0): Tapped on element 'Object Repository/Maya/Loyalty Cards/android.widget.TextView0 - Add Cards'

2020-08-05 20:10:53 - [MESSAGE][WARNING] - Timeout '0' is invalid. Using default page load timeout: '10'

2020-08-05 20:10:56 - [MESSAGE][PASSED] - Tapped on element 'Object Repository/Maya/Loyalty Cards/android.widget.TextView0 - Add Cards'

2020-08-05 20:10:56 - [TEST_STEP][PASSED] - getText(findTestObject("Maya/Loyalty Cards/android.widget.TextView0 - Card name"), 0): Text of element 'Object Repository/Maya/Loyalty Cards/android.widget.TextView0 - Card name' is: 'Card name'

2020-08-05 20:10:56 - [MESSAGE][WARNING] - Timeout '0' is invalid. Using default page load timeout: '10'

2020-08-05 20:10:57 - [MESSAGE][PASSED] - Text of element 'Object Repository/Maya/Loyalty Cards/android.widget.TextView0 - Card name' is: 'Card name'

2020-08-05 20:10:57 - [TEST_STEP][PASSED] - delay(2, STOP_ON_FAILURE): Delayed 2 second(s)

2020-08-05 20:10:59 - [MESSAGE][PASSED] - Delayed 2 second(s)

2020-08-05 20:10:59 - [TEST_STEP][PASSED] - takeScreenshot("C:\Users\LENOVO\Screenshot\Loyalty\Ticket3.png", STOP_ON_FAILURE): Screenshot is taken

2020-08-05 20:11:00 - [MESSAGE][PASSED] - Screenshot is taken
[[ATTACHMENT|C:\\Users\\LENOVO\\Screenshot\\Loyalty\\Ticket3.png]]

2020-08-05 20:11:00 - [TEST_STEP][PASSED] - verifyElementExist(findTestObject("Maya/Loyalty Cards/android.widget.TextView0 - Card name"), 0): Element 'Object Repository/Maya/Loyalty Cards/android.widget.TextView0 - Card name' is exist

2020-08-05 20:11:00 - [MESSAGE][WARNING] - Timeout '0' is invalid. Using default page load timeout: '10'

2020-08-05 20:11:00 - [MESSAGE][PASSED] - Element 'Object Repository/Maya/Loyalty Cards/android.widget.TextView0 - Card name' is exist

2020-08-05 20:11:00 - [TEST_STEP][PASSED] - getText(findTestObject("Maya/Loyalty Cards/android.widget.TextView0 - Card number"), 0): Text of element 'Object Repository/Maya/Loyalty Cards/android.widget.TextView0 - Card number' is: 'Card number'

2020-08-05 20:11:00 - [MESSAGE][WARNING] - Timeout '0' is invalid. Using default page load timeout: '10'

2020-08-05 20:11:01 - [MESSAGE][PASSED] - Text of element 'Object Repository/Maya/Loyalty Cards/android.widget.TextView0 - Card number' is: 'Card number'

2020-08-05 20:11:01 - [TEST_STEP][PASSED] - verifyElementExist(findTestObject("Maya/Loyalty Cards/android.widget.TextView0 - Card number"), 0): Element 'Object Repository/Maya/Loyalty Cards/android.widget.TextView0 - Card number' is exist

2020-08-05 20:11:01 - [MESSAGE][WARNING] - Timeout '0' is invalid. Using default page load timeout: '10'

2020-08-05 20:11:01 - [MESSAGE][PASSED] - Element 'Object Repository/Maya/Loyalty Cards/android.widget.TextView0 - Card number' is exist

2020-08-05 20:11:01 - [TEST_STEP][PASSED] - getText(findTestObject("Maya/Loyalty Cards/android.widget.TextView0 - Expiry date"), 0): Text of element 'Object Repository/Maya/Loyalty Cards/android.widget.TextView0 - Expiry date' is: 'Expiry date'

2020-08-05 20:11:01 - [MESSAGE][WARNING] - Timeout '0' is invalid. Using default page load timeout: '10'

2020-08-05 20:11:01 - [MESSAGE][PASSED] - Text of element 'Object Repository/Maya/Loyalty Cards/android.widget.TextView0 - Expiry date' is: 'Expiry date'

2020-08-05 20:11:01 - [TEST_STEP][PASSED] - verifyElementExist(findTestObject("Maya/Loyalty Cards/android.widget.TextView0 - Expiry date"), 0): Element 'Object Repository/Maya/Loyalty Cards/android.widget.TextView0 - Expiry date' is exist

2020-08-05 20:11:01 - [MESSAGE][WARNING] - Timeout '0' is invalid. Using default page load timeout: '10'

2020-08-05 20:11:02 - [MESSAGE][PASSED] - Element 'Object Repository/Maya/Loyalty Cards/android.widget.TextView0 - Expiry date' is exist

2020-08-05 20:11:02 - [TEST_STEP][PASSED] - getText(findTestObject("Maya/Loyalty Cards/android.widget.TextView0 - Card colour"), 0): Text of element 'Object Repository/Maya/Loyalty Cards/android.widget.TextView0 - Card colour' is: 'Card colour'

2020-08-05 20:11:02 - [MESSAGE][WARNING] - Timeout '0' is invalid. Using default page load timeout: '10'

2020-08-05 20:11:02 - [MESSAGE][PASSED] - Text of element 'Object Repository/Maya/Loyalty Cards/android.widget.TextView0 - Card colour' is: 'Card colour'

2020-08-05 20:11:02 - [TEST_STEP][PASSED] - verifyElementExist(findTestObject("Maya/Loyalty Cards/android.widget.TextView0 - Card colour"), 0): Element 'Object Repository/Maya/Loyalty Cards/android.widget.TextView0 - Card colour' is exist

2020-08-05 20:11:02 - [MESSAGE][WARNING] - Timeout '0' is invalid. Using default page load timeout: '10'

2020-08-05 20:11:02 - [MESSAGE][PASSED] - Element 'Object Repository/Maya/Loyalty Cards/android.widget.TextView0 - Card colour' is exist

2020-08-05 20:11:02 - [TEST_STEP][PASSED] - getText(findTestObject("Maya/Loyalty Cards/android.widget.TextView0 - Description"), 0): Text of element 'Object Repository/Maya/Loyalty Cards/android.widget.TextView0 - Description' is: 'Description'

2020-08-05 20:11:02 - [MESSAGE][WARNING] - Timeout '0' is invalid. Using default page load timeout: '10'

2020-08-05 20:11:03 - [MESSAGE][PASSED] - Text of element 'Object Repository/Maya/Loyalty Cards/android.widget.TextView0 - Description' is: 'Description'

2020-08-05 20:11:03 - [TEST_STEP][PASSED] - verifyElementExist(findTestObject("Maya/Loyalty Cards/android.widget.TextView0 - Description"), 0): Element 'Object Repository/Maya/Loyalty Cards/android.widget.TextView0 - Description' is exist

2020-08-05 20:11:03 - [MESSAGE][WARNING] - Timeout '0' is invalid. Using default page load timeout: '10'

2020-08-05 20:11:03 - [MESSAGE][PASSED] - Element 'Object Repository/Maya/Loyalty Cards/android.widget.TextView0 - Description' is exist

2020-08-05 20:11:03 - [TEST_STEP][PASSED] - getText(findTestObject("Maya/Loyalty Cards/android.widget.TextView0 - Card photo"), 0): Text of element 'Object Repository/Maya/Loyalty Cards/android.widget.TextView0 - Card photo' is: 'Card photo'

2020-08-05 20:11:03 - [MESSAGE][WARNING] - Timeout '0' is invalid. Using default page load timeout: '10'

2020-08-05 20:11:03 - [MESSAGE][PASSED] - Text of element 'Object Repository/Maya/Loyalty Cards/android.widget.TextView0 - Card photo' is: 'Card photo'

2020-08-05 20:11:03 - [TEST_STEP][PASSED] - verifyElementExist(findTestObject("Maya/Loyalty Cards/android.widget.TextView0 - Card photo"), 0): Element 'Object Repository/Maya/Loyalty Cards/android.widget.TextView0 - Card photo' is exist

2020-08-05 20:11:03 - [MESSAGE][WARNING] - Timeout '0' is invalid. Using default page load timeout: '10'

2020-08-05 20:11:04 - [MESSAGE][PASSED] - Element 'Object Repository/Maya/Loyalty Cards/android.widget.TextView0 - Card photo' is exist

2020-08-05 20:11:04 - [TEST_STEP][PASSED] - setText(findTestObject("Maya/Loyalty Cards/android.widget.EditText0 - Enter card name"), "ab", 0): Text 'ab' has been set to element 'Object Repository/Maya/Loyalty Cards/android.widget.EditText0 - Enter card name'

2020-08-05 20:11:04 - [MESSAGE][WARNING] - Timeout '0' is invalid. Using default page load timeout: '10'

2020-08-05 20:11:05 - [MESSAGE][PASSED] - Text 'ab' has been set to element 'Object Repository/Maya/Loyalty Cards/android.widget.EditText0 - Enter card name'

2020-08-05 20:11:05 - [TEST_STEP][PASSED] - driver = getDriver(): null

2020-08-05 20:11:05 - [TEST_STEP][PASSED] - driver.pressKeyCode(ENTER): null

2020-08-05 20:11:06 - [TEST_STEP][PASSED] - setText(findTestObject("Maya/Loyalty Cards/android.widget.EditText0 - 0000000000000"), "wer", 0): Text 'wer' has been set to element 'Object Repository/Maya/Loyalty Cards/android.widget.EditText0 - 0000000000000'

2020-08-05 20:11:06 - [MESSAGE][WARNING] - Timeout '0' is invalid. Using default page load timeout: '10'

2020-08-05 20:11:08 - [MESSAGE][PASSED] - Text 'wer' has been set to element 'Object Repository/Maya/Loyalty Cards/android.widget.EditText0 - 0000000000000'

2020-08-05 20:11:08 - [TEST_STEP][PASSED] - driver.pressKeyCode(ENTER): null

2020-08-05 20:11:09 - [TEST_STEP][PASSED] - setText(findTestObject("Maya/Loyalty Cards/android.widget.EditText0 - MMYY"), "01/03", 0): Text '01/03' has been set to element 'Object Repository/Maya/Loyalty Cards/android.widget.EditText0 - MMYY'

2020-08-05 20:11:09 - [MESSAGE][WARNING] - Timeout '0' is invalid. Using default page load timeout: '10'

2020-08-05 20:11:10 - [MESSAGE][PASSED] - Text '01/03' has been set to element 'Object Repository/Maya/Loyalty Cards/android.widget.EditText0 - MMYY'

2020-08-05 20:11:10 - [TEST_STEP][PASSED] - driver.pressKeyCode(ENTER): null

2020-08-05 20:11:11 - [TEST_STEP][PASSED] - tap(findTestObject("Maya/Loyalty Cards/android.view.ViewGroup0"), 0): Tapped on element 'Object Repository/Maya/Loyalty Cards/android.view.ViewGroup0'

2020-08-05 20:11:11 - [MESSAGE][WARNING] - Timeout '0' is invalid. Using default page load timeout: '10'

2020-08-05 20:11:11 - [MESSAGE][PASSED] - Tapped on element 'Object Repository/Maya/Loyalty Cards/android.view.ViewGroup0'

2020-08-05 20:11:11 - [TEST_STEP][PASSED] - tap(findTestObject("Maya/Loyalty Cards/android.view.ViewGroup0 (1)"), 0): Tapped on element 'Object Repository/Maya/Loyalty Cards/android.view.ViewGroup0 (1)'

2020-08-05 20:11:11 - [MESSAGE][WARNING] - Timeout '0' is invalid. Using default page load timeout: '10'

2020-08-05 20:11:13 - [MESSAGE][PASSED] - Tapped on element 'Object Repository/Maya/Loyalty Cards/android.view.ViewGroup0 (1)'

2020-08-05 20:11:13 - [TEST_STEP][PASSED] - delay(2, STOP_ON_FAILURE): Delayed 2 second(s)

2020-08-05 20:11:15 - [MESSAGE][PASSED] - Delayed 2 second(s)

2020-08-05 20:11:15 - [TEST_STEP][PASSED] - takeScreenshot("C:\Users\LENOVO\Screenshot\Loyalty\Ticket4.png", STOP_ON_FAILURE): Screenshot is taken

2020-08-05 20:11:16 - [MESSAGE][PASSED] - Screenshot is taken
[[ATTACHMENT|C:\\Users\\LENOVO\\Screenshot\\Loyalty\\Ticket4.png]]

2020-08-05 20:11:16 - [TEST_STEP][PASSED] - tap(findTestObject("Maya/Loyalty Cards/android.widget.TextView0 - Done"), 0): Tapped on element 'Object Repository/Maya/Loyalty Cards/android.widget.TextView0 - Done'

2020-08-05 20:11:16 - [MESSAGE][WARNING] - Timeout '0' is invalid. Using default page load timeout: '10'

2020-08-05 20:11:18 - [MESSAGE][PASSED] - Tapped on element 'Object Repository/Maya/Loyalty Cards/android.widget.TextView0 - Done'

2020-08-05 20:11:18 - [TEST_STEP][PASSED] - setText(findTestObject("Maya/Loyalty Cards/android.widget.EditText0 - Optional"), "test", 0): Text 'test' has been set to element 'Object Repository/Maya/Loyalty Cards/android.widget.EditText0 - Optional'

2020-08-05 20:11:18 - [MESSAGE][WARNING] - Timeout '0' is invalid. Using default page load timeout: '10'

2020-08-05 20:11:20 - [MESSAGE][PASSED] - Text 'test' has been set to element 'Object Repository/Maya/Loyalty Cards/android.widget.EditText0 - Optional'

2020-08-05 20:11:20 - [TEST_STEP][PASSED] - driver.pressKeyCode(ENTER): null

2020-08-05 20:11:20 - [TEST_STEP][PASSED] - delay(2, STOP_ON_FAILURE): Delayed 2 second(s)

2020-08-05 20:11:22 - [MESSAGE][PASSED] - Delayed 2 second(s)

2020-08-05 20:11:22 - [TEST_STEP][PASSED] - takeScreenshot("C:\Users\LENOVO\Screenshot\Loyalty\Ticket5.png", STOP_ON_FAILURE): Screenshot is taken

2020-08-05 20:11:23 - [MESSAGE][PASSED] - Screenshot is taken
[[ATTACHMENT|C:\\Users\\LENOVO\\Screenshot\\Loyalty\\Ticket5.png]]

2020-08-05 20:11:23 - [TEST_STEP][PASSED] - tap(findTestObject("Maya/Loyalty Cards/android.widget.ImageView0 (1)"), 0): Tapped on element 'Object Repository/Maya/Loyalty Cards/android.widget.ImageView0 (1)'

2020-08-05 20:11:23 - [MESSAGE][WARNING] - Timeout '0' is invalid. Using default page load timeout: '10'

2020-08-05 20:11:24 - [MESSAGE][PASSED] - Tapped on element 'Object Repository/Maya/Loyalty Cards/android.widget.ImageView0 (1)'

2020-08-05 20:11:24 - [TEST_STEP][PASSED] - getText(findTestObject("Maya/Loyalty Cards/android.widget.TextView0 - Front"), 0): Text of element 'Object Repository/Maya/Loyalty Cards/android.widget.TextView0 - Front' is: 'Front'

2020-08-05 20:11:24 - [MESSAGE][WARNING] - Timeout '0' is invalid. Using default page load timeout: '10'

2020-08-05 20:11:25 - [MESSAGE][PASSED] - Text of element 'Object Repository/Maya/Loyalty Cards/android.widget.TextView0 - Front' is: 'Front'

2020-08-05 20:11:25 - [TEST_STEP][PASSED] - verifyElementExist(findTestObject("Maya/Loyalty Cards/android.widget.TextView0 - Front"), 0): Element 'Object Repository/Maya/Loyalty Cards/android.widget.TextView0 - Front' is exist

2020-08-05 20:11:25 - [MESSAGE][WARNING] - Timeout '0' is invalid. Using default page load timeout: '10'

2020-08-05 20:11:25 - [MESSAGE][PASSED] - Element 'Object Repository/Maya/Loyalty Cards/android.widget.TextView0 - Front' is exist

2020-08-05 20:11:25 - [TEST_STEP][PASSED] - delay(2, STOP_ON_FAILURE): Delayed 2 second(s)

2020-08-05 20:11:27 - [MESSAGE][PASSED] - Delayed 2 second(s)

2020-08-05 20:11:27 - [TEST_STEP][PASSED] - takeScreenshot("C:\Users\LENOVO\Screenshot\Loyalty\Ticket6.png", STOP_ON_FAILURE): Screenshot is taken

2020-08-05 20:11:28 - [MESSAGE][PASSED] - Screenshot is taken
[[ATTACHMENT|C:\\Users\\LENOVO\\Screenshot\\Loyalty\\Ticket6.png]]

2020-08-05 20:11:28 - [TEST_STEP][PASSED] - getText(findTestObject("Maya/Loyalty Cards/android.widget.TextView0 - Back"), 0): Text of element 'Object Repository/Maya/Loyalty Cards/android.widget.TextView0 - Back' is: 'Back'

2020-08-05 20:11:28 - [MESSAGE][WARNING] - Timeout '0' is invalid. Using default page load timeout: '10'

2020-08-05 20:11:29 - [MESSAGE][PASSED] - Text of element 'Object Repository/Maya/Loyalty Cards/android.widget.TextView0 - Back' is: 'Back'

2020-08-05 20:11:29 - [TEST_STEP][PASSED] - verifyElementExist(findTestObject("Maya/Loyalty Cards/android.widget.TextView0 - Back"), 0): Element 'Object Repository/Maya/Loyalty Cards/android.widget.TextView0 - Back' is exist

2020-08-05 20:11:29 - [MESSAGE][WARNING] - Timeout '0' is invalid. Using default page load timeout: '10'

2020-08-05 20:11:29 - [MESSAGE][PASSED] - Element 'Object Repository/Maya/Loyalty Cards/android.widget.TextView0 - Back' is exist

2020-08-05 20:11:29 - [TEST_STEP][PASSED] - tap(findTestObject("Maya/Loyalty Cards/android.widget.TextView0 - Front"), 0): Tapped on element 'Object Repository/Maya/Loyalty Cards/android.widget.TextView0 - Front'

2020-08-05 20:11:29 - [MESSAGE][WARNING] - Timeout '0' is invalid. Using default page load timeout: '10'

2020-08-05 20:11:30 - [MESSAGE][PASSED] - Tapped on element 'Object Repository/Maya/Loyalty Cards/android.widget.TextView0 - Front'

2020-08-05 20:11:30 - [TEST_STEP][PASSED] - delay(5, STOP_ON_FAILURE): Delayed 5 second(s)

2020-08-05 20:11:35 - [MESSAGE][PASSED] - Delayed 5 second(s)

2020-08-05 20:11:35 - [TEST_STEP][PASSED] - tap(findTestObject("Maya/Loyalty Cards/android.widget.ImageView0 (5)"), 0): Tapped on element 'Object Repository/Maya/Loyalty Cards/android.widget.ImageView0 (5)'

2020-08-05 20:11:35 - [MESSAGE][WARNING] - Timeout '0' is invalid. Using default page load timeout: '10'

2020-08-05 20:11:37 - [MESSAGE][PASSED] - Tapped on element 'Object Repository/Maya/Loyalty Cards/android.widget.ImageView0 (5)'

2020-08-05 20:11:37 - [TEST_STEP][PASSED] - delay(5, STOP_ON_FAILURE): Delayed 5 second(s)

2020-08-05 20:11:42 - [MESSAGE][PASSED] - Delayed 5 second(s)

2020-08-05 20:11:42 - [TEST_STEP][PASSED] - tap(findTestObject("Maya/Loyalty Cards/android.widget.TextView0 - Back (1)"), 0): Tapped on element 'Object Repository/Maya/Loyalty Cards/android.widget.TextView0 - Back (1)'

2020-08-05 20:11:42 - [MESSAGE][WARNING] - Timeout '0' is invalid. Using default page load timeout: '10'

2020-08-05 20:11:45 - [MESSAGE][PASSED] - Tapped on element 'Object Repository/Maya/Loyalty Cards/android.widget.TextView0 - Back (1)'

2020-08-05 20:11:45 - [TEST_STEP][PASSED] - delay(5, STOP_ON_FAILURE): Delayed 5 second(s)

2020-08-05 20:11:50 - [MESSAGE][PASSED] - Delayed 5 second(s)

2020-08-05 20:11:50 - [TEST_STEP][PASSED] - tap(findTestObject("Maya/Loyalty Cards/android.widget.ImageView0 (5)"), 0): Tapped on element 'Object Repository/Maya/Loyalty Cards/android.widget.ImageView0 (5)'

2020-08-05 20:11:50 - [MESSAGE][WARNING] - Timeout '0' is invalid. Using default page load timeout: '10'

2020-08-05 20:11:51 - [MESSAGE][PASSED] - Tapped on element 'Object Repository/Maya/Loyalty Cards/android.widget.ImageView0 (5)'

2020-08-05 20:11:51 - [TEST_STEP][PASSED] - delay(5, STOP_ON_FAILURE): Delayed 5 second(s)

2020-08-05 20:11:56 - [MESSAGE][PASSED] - Delayed 5 second(s)

2020-08-05 20:11:56 - [TEST_STEP][PASSED] - tap(findTestObject("Maya/Loyalty Cards/android.widget.TextView0 - Done (1)"), 0): Tapped on element 'Object Repository/Maya/Loyalty Cards/android.widget.TextView0 - Done (1)'

2020-08-05 20:11:56 - [MESSAGE][WARNING] - Timeout '0' is invalid. Using default page load timeout: '10'

2020-08-05 20:11:58 - [MESSAGE][PASSED] - Tapped on element 'Object Repository/Maya/Loyalty Cards/android.widget.TextView0 - Done (1)'

2020-08-05 20:11:58 - [TEST_STEP][NOT_RUN] - tap(findTestObject("Maya/Loyalty Cards/android.widget.ImageView0 (2)"), 0): NOT_RUN: tap(findTestObject("Maya/Loyalty Cards/android.widget.ImageView0 (2)"), 0)

2020-08-05 20:11:58 - [MESSAGE][NOT_RUN] - NOT_RUN: tap(findTestObject("Maya/Loyalty Cards/android.widget.ImageView0 (2)"), 0)

2020-08-05 20:11:58 - [TEST_STEP][PASSED] - tap(findTestObject("Maya/Loyalty Cards/android.widget.TextView0 - Continue"), 0): Tapped on element 'Object Repository/Maya/Loyalty Cards/android.widget.TextView0 - Continue'

2020-08-05 20:11:58 - [MESSAGE][WARNING] - Timeout '0' is invalid. Using default page load timeout: '10'

2020-08-05 20:11:59 - [MESSAGE][PASSED] - Tapped on element 'Object Repository/Maya/Loyalty Cards/android.widget.TextView0 - Continue'

2020-08-05 20:11:59 - [TEST_STEP][PASSED] - getText(findTestObject("Maya/Loyalty Cards/android.widget.TextView0 - Loyalty card name must be more than 3 characters"), 0): Text of element 'Object Repository/Maya/Loyalty Cards/android.widget.TextView0 - Loyalty card name must be more than 3 characters' is: 'Loyalty card name must be more than 3 characters'

2020-08-05 20:11:59 - [MESSAGE][WARNING] - Timeout '0' is invalid. Using default page load timeout: '10'

2020-08-05 20:11:59 - [MESSAGE][PASSED] - Text of element 'Object Repository/Maya/Loyalty Cards/android.widget.TextView0 - Loyalty card name must be more than 3 characters' is: 'Loyalty card name must be more than 3 characters'

2020-08-05 20:11:59 - [TEST_STEP][PASSED] - delay(2, STOP_ON_FAILURE): Delayed 2 second(s)

2020-08-05 20:12:01 - [MESSAGE][PASSED] - Delayed 2 second(s)

2020-08-05 20:12:01 - [TEST_STEP][PASSED] - takeScreenshot("C:\Users\LENOVO\Screenshot\Loyalty\Ticket7.png", STOP_ON_FAILURE): Screenshot is taken

2020-08-05 20:12:03 - [MESSAGE][PASSED] - Screenshot is taken
[[ATTACHMENT|C:\\Users\\LENOVO\\Screenshot\\Loyalty\\Ticket7.png]]

2020-08-05 20:12:03 - [TEST_STEP][PASSED] - verifyElementExist(findTestObject("Maya/Loyalty Cards/android.widget.TextView0 - Loyalty card name must be more than 3 characters"), 0): Element 'Object Repository/Maya/Loyalty Cards/android.widget.TextView0 - Loyalty card name must be more than 3 characters' is exist

2020-08-05 20:12:03 - [MESSAGE][WARNING] - Timeout '0' is invalid. Using default page load timeout: '10'

2020-08-05 20:12:03 - [MESSAGE][PASSED] - Element 'Object Repository/Maya/Loyalty Cards/android.widget.TextView0 - Loyalty card name must be more than 3 characters' is exist

2020-08-05 20:12:03 - [TEST_STEP][PASSED] - clearText(findTestObject("Maya/Loyalty Cards/android.widget.EditText0 - ab"), 0, CONTINUE_ON_FAILURE): Element 'Object Repository/Maya/Loyalty Cards/android.widget.EditText0 - ab' text is cleared

2020-08-05 20:12:03 - [MESSAGE][WARNING] - Timeout '0' is invalid. Using default page load timeout: '10'

2020-08-05 20:12:03 - [MESSAGE][PASSED] - Element 'Object Repository/Maya/Loyalty Cards/android.widget.EditText0 - ab' text is cleared

2020-08-05 20:12:03 - [TEST_STEP][PASSED] - setText(findTestObject("Maya/Loyalty Cards/android.widget.EditText0 - Enter card name"), "Check", 0): Text 'Check' has been set to element 'Object Repository/Maya/Loyalty Cards/android.widget.EditText0 - Enter card name'

2020-08-05 20:12:04 - [MESSAGE][WARNING] - Timeout '0' is invalid. Using default page load timeout: '10'

2020-08-05 20:12:07 - [MESSAGE][PASSED] - Text 'Check' has been set to element 'Object Repository/Maya/Loyalty Cards/android.widget.EditText0 - Enter card name'

2020-08-05 20:12:07 - [TEST_STEP][PASSED] - driver.pressKeyCode(ENTER): null

2020-08-05 20:12:08 - [TEST_STEP][NOT_RUN] - setText(findTestObject("Maya/Loyalty Cards/android.widget.EditText0 - Chk"), "Check", 0): NOT_RUN: setText(findTestObject("Maya/Loyalty Cards/android.widget.EditText0 - Chk"), "Check", 0)

2020-08-05 20:12:08 - [MESSAGE][NOT_RUN] - NOT_RUN: setText(findTestObject("Maya/Loyalty Cards/android.widget.EditText0 - Chk"), "Check", 0)

2020-08-05 20:12:08 - [TEST_STEP][NOT_RUN] - driver.pressKeyCode(ENTER): NOT_RUN: driver.pressKeyCode(ENTER)

2020-08-05 20:12:08 - [MESSAGE][NOT_RUN] - NOT_RUN: driver.pressKeyCode(ENTER)

2020-08-05 20:12:08 - [TEST_STEP][PASSED] - delay(2, STOP_ON_FAILURE): Delayed 2 second(s)

2020-08-05 20:12:10 - [MESSAGE][PASSED] - Delayed 2 second(s)

2020-08-05 20:12:10 - [TEST_STEP][PASSED] - takeScreenshot("C:\Users\LENOVO\Screenshot\Loyalty\Ticket8.png", STOP_ON_FAILURE): Screenshot is taken

2020-08-05 20:12:11 - [MESSAGE][PASSED] - Screenshot is taken
[[ATTACHMENT|C:\\Users\\LENOVO\\Screenshot\\Loyalty\\Ticket8.png]]

2020-08-05 20:12:11 - [TEST_STEP][PASSED] - tap(findTestObject("Maya/Loyalty Cards/android.widget.TextView0 - Continue"), 0): Tapped on element 'Object Repository/Maya/Loyalty Cards/android.widget.TextView0 - Continue'

2020-08-05 20:12:11 - [MESSAGE][WARNING] - Timeout '0' is invalid. Using default page load timeout: '10'

2020-08-05 20:12:12 - [MESSAGE][PASSED] - Tapped on element 'Object Repository/Maya/Loyalty Cards/android.widget.TextView0 - Continue'

2020-08-05 20:12:12 - [TEST_STEP][PASSED] - getText(findTestObject("Maya/Loyalty Cards/android.widget.TextView0 - Loyalty card number must be more than 3 characters"), 0): Text of element 'Object Repository/Maya/Loyalty Cards/android.widget.TextView0 - Loyalty card number must be more than 3 characters' is: 'Loyalty card number must be more than 3 characters'

2020-08-05 20:12:12 - [MESSAGE][WARNING] - Timeout '0' is invalid. Using default page load timeout: '10'

2020-08-05 20:12:13 - [MESSAGE][PASSED] - Text of element 'Object Repository/Maya/Loyalty Cards/android.widget.TextView0 - Loyalty card number must be more than 3 characters' is: 'Loyalty card number must be more than 3 characters'

2020-08-05 20:12:13 - [TEST_STEP][PASSED] - delay(2, STOP_ON_FAILURE): Delayed 2 second(s)

2020-08-05 20:12:15 - [MESSAGE][PASSED] - Delayed 2 second(s)

2020-08-05 20:12:15 - [TEST_STEP][PASSED] - takeScreenshot("C:\Users\LENOVO\Screenshot\Loyalty\Ticket9.png", STOP_ON_FAILURE): Screenshot is taken

2020-08-05 20:12:16 - [MESSAGE][PASSED] - Screenshot is taken
[[ATTACHMENT|C:\\Users\\LENOVO\\Screenshot\\Loyalty\\Ticket9.png]]

2020-08-05 20:12:16 - [TEST_STEP][PASSED] - verifyElementExist(findTestObject("Maya/Loyalty Cards/android.widget.TextView0 - Loyalty card number must be more than 3 characters"), 0): Element 'Object Repository/Maya/Loyalty Cards/android.widget.TextView0 - Loyalty card number must be more than 3 characters' is exist

2020-08-05 20:12:16 - [MESSAGE][WARNING] - Timeout '0' is invalid. Using default page load timeout: '10'

2020-08-05 20:12:17 - [MESSAGE][PASSED] - Element 'Object Repository/Maya/Loyalty Cards/android.widget.TextView0 - Loyalty card number must be more than 3 characters' is exist

2020-08-05 20:12:17 - [TEST_STEP][PASSED] - clearText(findTestObject("Maya/Loyalty Cards/android.widget.EditText0 - wer"), 0, CONTINUE_ON_FAILURE): Element 'Object Repository/Maya/Loyalty Cards/android.widget.EditText0 - wer' text is cleared

2020-08-05 20:12:17 - [MESSAGE][WARNING] - Timeout '0' is invalid. Using default page load timeout: '10'

2020-08-05 20:12:18 - [MESSAGE][PASSED] - Element 'Object Repository/Maya/Loyalty Cards/android.widget.EditText0 - wer' text is cleared

2020-08-05 20:12:18 - [TEST_STEP][PASSED] - setText(findTestObject("Maya/Loyalty Cards/android.widget.EditText0 - 0000000000000"), "number", 0): Text 'number' has been set to element 'Object Repository/Maya/Loyalty Cards/android.widget.EditText0 - 0000000000000'

2020-08-05 20:12:18 - [MESSAGE][WARNING] - Timeout '0' is invalid. Using default page load timeout: '10'

2020-08-05 20:12:20 - [MESSAGE][PASSED] - Text 'number' has been set to element 'Object Repository/Maya/Loyalty Cards/android.widget.EditText0 - 0000000000000'

2020-08-05 20:12:20 - [TEST_STEP][PASSED] - driver.pressKeyCode(ENTER): null

2020-08-05 20:12:21 - [TEST_STEP][PASSED] - tap(findTestObject("Maya/Loyalty Cards/android.widget.TextView0 - Continue"), 0): Tapped on element 'Object Repository/Maya/Loyalty Cards/android.widget.TextView0 - Continue'

2020-08-05 20:12:21 - [MESSAGE][WARNING] - Timeout '0' is invalid. Using default page load timeout: '10'

2020-08-05 20:12:22 - [MESSAGE][PASSED] - Tapped on element 'Object Repository/Maya/Loyalty Cards/android.widget.TextView0 - Continue'

2020-08-05 20:12:22 - [TEST_STEP][PASSED] - getText(findTestObject("Maya/Loyalty Cards/android.widget.TextView0 - Invalid expiry date"), 0): Text of element 'Object Repository/Maya/Loyalty Cards/android.widget.TextView0 - Invalid expiry date' is: 'Invalid expiry date'

2020-08-05 20:12:23 - [MESSAGE][WARNING] - Timeout '0' is invalid. Using default page load timeout: '10'

2020-08-05 20:12:23 - [MESSAGE][PASSED] - Text of element 'Object Repository/Maya/Loyalty Cards/android.widget.TextView0 - Invalid expiry date' is: 'Invalid expiry date'

2020-08-05 20:12:23 - [TEST_STEP][PASSED] - delay(2, STOP_ON_FAILURE): Delayed 2 second(s)

2020-08-05 20:12:25 - [MESSAGE][PASSED] - Delayed 2 second(s)

2020-08-05 20:12:25 - [TEST_STEP][PASSED] - takeScreenshot("C:\Users\LENOVO\Screenshot\Loyalty\Ticket10.png", STOP_ON_FAILURE): Screenshot is taken

2020-08-05 20:12:26 - [MESSAGE][PASSED] - Screenshot is taken
[[ATTACHMENT|C:\\Users\\LENOVO\\Screenshot\\Loyalty\\Ticket10.png]]

2020-08-05 20:12:26 - [TEST_STEP][PASSED] - verifyElementExist(findTestObject("Maya/Loyalty Cards/android.widget.TextView0 - Invalid expiry date"), 0): Element 'Object Repository/Maya/Loyalty Cards/android.widget.TextView0 - Invalid expiry date' is exist

2020-08-05 20:12:26 - [MESSAGE][WARNING] - Timeout '0' is invalid. Using default page load timeout: '10'

2020-08-05 20:12:26 - [MESSAGE][PASSED] - Element 'Object Repository/Maya/Loyalty Cards/android.widget.TextView0 - Invalid expiry date' is exist

2020-08-05 20:12:26 - [TEST_STEP][PASSED] - clearText(findTestObject("Maya/Loyalty Cards/android.widget.EditText0 - 0103"), 0, CONTINUE_ON_FAILURE): Element 'Object Repository/Maya/Loyalty Cards/android.widget.EditText0 - 0103' text is cleared

2020-08-05 20:12:26 - [MESSAGE][WARNING] - Timeout '0' is invalid. Using default page load timeout: '10'

2020-08-05 20:12:27 - [MESSAGE][PASSED] - Element 'Object Repository/Maya/Loyalty Cards/android.widget.EditText0 - 0103' text is cleared

2020-08-05 20:12:27 - [TEST_STEP][PASSED] - setText(findTestObject("Maya/Loyalty Cards/android.widget.EditText0 - MMYY"), "12/26", 0): Text '12/26' has been set to element 'Object Repository/Maya/Loyalty Cards/android.widget.EditText0 - MMYY'

2020-08-05 20:12:27 - [MESSAGE][WARNING] - Timeout '0' is invalid. Using default page load timeout: '10'

2020-08-05 20:12:29 - [MESSAGE][PASSED] - Text '12/26' has been set to element 'Object Repository/Maya/Loyalty Cards/android.widget.EditText0 - MMYY'

2020-08-05 20:12:29 - [TEST_STEP][PASSED] - driver.pressKeyCode(ENTER): null

2020-08-05 20:12:29 - [TEST_STEP][PASSED] - delay(2, STOP_ON_FAILURE): Delayed 2 second(s)

2020-08-05 20:12:31 - [MESSAGE][PASSED] - Delayed 2 second(s)

2020-08-05 20:12:31 - [TEST_STEP][PASSED] - takeScreenshot("C:\Users\LENOVO\Screenshot\Loyalty\Ticket11.png", STOP_ON_FAILURE): Screenshot is taken

2020-08-05 20:12:32 - [MESSAGE][PASSED] - Screenshot is taken
[[ATTACHMENT|C:\\Users\\LENOVO\\Screenshot\\Loyalty\\Ticket11.png]]

2020-08-05 20:12:32 - [TEST_STEP][PASSED] - tap(findTestObject("Maya/Loyalty Cards/android.widget.TextView0 - Continue"), 0): Tapped on element 'Object Repository/Maya/Loyalty Cards/android.widget.TextView0 - Continue'

2020-08-05 20:12:32 - [MESSAGE][WARNING] - Timeout '0' is invalid. Using default page load timeout: '10'

2020-08-05 20:12:34 - [MESSAGE][PASSED] - Tapped on element 'Object Repository/Maya/Loyalty Cards/android.widget.TextView0 - Continue'

2020-08-05 20:12:34 - [TEST_STEP][PASSED] - tapAtPosition(93, 184): Tapped at [93, 184]

2020-08-05 20:12:35 - [MESSAGE][PASSED] - Tapped at [93, 184]

2020-08-05 20:12:35 - [TEST_STEP][PASSED] - clearText(findTestObject("Maya/Loyalty Cards/android.widget.EditText0 - number"), 0, CONTINUE_ON_FAILURE): Element 'Object Repository/Maya/Loyalty Cards/android.widget.EditText0 - number' text is cleared

2020-08-05 20:12:35 - [MESSAGE][WARNING] - Timeout '0' is invalid. Using default page load timeout: '10'

2020-08-05 20:12:36 - [MESSAGE][PASSED] - Element 'Object Repository/Maya/Loyalty Cards/android.widget.EditText0 - number' text is cleared

2020-08-05 20:12:36 - [TEST_STEP][PASSED] - setText(findTestObject("Maya/Loyalty Cards/android.widget.EditText0 - 0000000000000"), "123456", 0): Text '123456' has been set to element 'Object Repository/Maya/Loyalty Cards/android.widget.EditText0 - 0000000000000'

2020-08-05 20:12:36 - [MESSAGE][WARNING] - Timeout '0' is invalid. Using default page load timeout: '10'

2020-08-05 20:12:39 - [MESSAGE][PASSED] - Text '123456' has been set to element 'Object Repository/Maya/Loyalty Cards/android.widget.EditText0 - 0000000000000'

2020-08-05 20:12:39 - [TEST_STEP][PASSED] - driver.pressKeyCode(ENTER): null

2020-08-05 20:12:40 - [TEST_STEP][PASSED] - delay(2, STOP_ON_FAILURE): Delayed 2 second(s)

2020-08-05 20:12:42 - [MESSAGE][PASSED] - Delayed 2 second(s)

2020-08-05 20:12:42 - [TEST_STEP][PASSED] - takeScreenshot("C:\Users\LENOVO\Screenshot\Loyalty\Ticket13.png", STOP_ON_FAILURE): Screenshot is taken

2020-08-05 20:12:43 - [MESSAGE][PASSED] - Screenshot is taken
[[ATTACHMENT|C:\\Users\\LENOVO\\Screenshot\\Loyalty\\Ticket13.png]]

2020-08-05 20:12:43 - [TEST_STEP][PASSED] - tap(findTestObject("Maya/Loyalty Cards/android.widget.TextView0 - Continue"), 0): Tapped on element 'Object Repository/Maya/Loyalty Cards/android.widget.TextView0 - Continue'

2020-08-05 20:12:43 - [MESSAGE][WARNING] - Timeout '0' is invalid. Using default page load timeout: '10'

2020-08-05 20:12:44 - [MESSAGE][PASSED] - Tapped on element 'Object Repository/Maya/Loyalty Cards/android.widget.TextView0 - Continue'

2020-08-05 20:12:44 - [TEST_STEP][PASSED] - takeScreenshot("C:\Users\LENOVO\Screenshot\Loyalty\Ticket14.png", STOP_ON_FAILURE): Screenshot is taken

2020-08-05 20:12:45 - [MESSAGE][PASSED] - Screenshot is taken
[[ATTACHMENT|C:\\Users\\LENOVO\\Screenshot\\Loyalty\\Ticket14.png]]

2020-08-05 20:12:45 - [TEST_STEP][PASSED] - tap(findTestObject("Maya/Loyalty Cards/android.widget.TextView0 - Confirm"), 0): Tapped on element 'Object Repository/Maya/Loyalty Cards/android.widget.TextView0 - Confirm'

2020-08-05 20:12:45 - [MESSAGE][WARNING] - Timeout '0' is invalid. Using default page load timeout: '10'

2020-08-05 20:12:47 - [MESSAGE][PASSED] - Tapped on element 'Object Repository/Maya/Loyalty Cards/android.widget.TextView0 - Confirm'

2020-08-05 20:12:47 - [TEST_STEP][PASSED] - delay(120, CONTINUE_ON_FAILURE): Delayed 120 second(s)

2020-08-05 20:14:47 - [MESSAGE][PASSED] - Delayed 120 second(s)

2020-08-05 20:14:47 - [TEST_STEP][PASSED] - tap(findTestObject("Maya/Loyalty Cards/android.widget.TextView0 - Check"), 0): Tapped on element 'Object Repository/Maya/Loyalty Cards/android.widget.TextView0 - Check'

2020-08-05 20:14:47 - [MESSAGE][WARNING] - Timeout '0' is invalid. Using default page load timeout: '10'

2020-08-05 20:14:50 - [MESSAGE][PASSED] - Tapped on element 'Object Repository/Maya/Loyalty Cards/android.widget.TextView0 - Check'

2020-08-05 20:14:50 - [TEST_STEP][PASSED] - delay(2, STOP_ON_FAILURE): Delayed 2 second(s)

2020-08-05 20:14:52 - [MESSAGE][PASSED] - Delayed 2 second(s)

2020-08-05 20:14:52 - [TEST_STEP][PASSED] - takeScreenshot("C:\Users\LENOVO\Screenshot\Loyalty\Ticket12.png", STOP_ON_FAILURE): Screenshot is taken

2020-08-05 20:14:54 - [MESSAGE][PASSED] - Screenshot is taken
[[ATTACHMENT|C:\\Users\\LENOVO\\Screenshot\\Loyalty\\Ticket12.png]]

2020-08-05 20:14:54 - [TEST_STEP][PASSED] - getText(findTestObject("Maya/Loyalty Cards/android.widget.TextView0 - View Card Photo"), 0): Text of element 'Object Repository/Maya/Loyalty Cards/android.widget.TextView0 - View Card Photo' is: 'View Card Photo'

2020-08-05 20:14:54 - [MESSAGE][WARNING] - Timeout '0' is invalid. Using default page load timeout: '10'

2020-08-05 20:14:54 - [MESSAGE][PASSED] - Text of element 'Object Repository/Maya/Loyalty Cards/android.widget.TextView0 - View Card Photo' is: 'View Card Photo'

2020-08-05 20:14:54 - [TEST_STEP][PASSED] - tap(findTestObject("Maya/Loyalty Cards/android.widget.TextView0 - View Card Photo"), 0): Tapped on element 'Object Repository/Maya/Loyalty Cards/android.widget.TextView0 - View Card Photo'

2020-08-05 20:14:54 - [MESSAGE][WARNING] - Timeout '0' is invalid. Using default page load timeout: '10'

2020-08-05 20:14:56 - [MESSAGE][PASSED] - Tapped on element 'Object Repository/Maya/Loyalty Cards/android.widget.TextView0 - View Card Photo'

2020-08-05 20:14:56 - [TEST_STEP][PASSED] - tap(findTestObject("Maya/Loyalty Cards/android.widget.ImageView0 (6)"), 0): Tapped on element 'Object Repository/Maya/Loyalty Cards/android.widget.ImageView0 (6)'

2020-08-05 20:14:56 - [MESSAGE][WARNING] - Timeout '0' is invalid. Using default page load timeout: '10'

2020-08-05 20:14:57 - [MESSAGE][PASSED] - Tapped on element 'Object Repository/Maya/Loyalty Cards/android.widget.ImageView0 (6)'

2020-08-05 20:14:57 - [TEST_STEP][PASSED] - getText(findTestObject("Maya/Loyalty Cards/android.widget.EditText0 - test"), 0): Text of element 'Object Repository/Maya/Loyalty Cards/android.widget.EditText0 - test' is: 'test'

2020-08-05 20:14:57 - [MESSAGE][WARNING] - Timeout '0' is invalid. Using default page load timeout: '10'

2020-08-05 20:14:59 - [MESSAGE][PASSED] - Text of element 'Object Repository/Maya/Loyalty Cards/android.widget.EditText0 - test' is: 'test'

2020-08-05 20:14:59 - [TEST_STEP][PASSED] - verifyElementExist(findTestObject("Maya/Loyalty Cards/android.widget.EditText0 - test"), 0): Element 'Object Repository/Maya/Loyalty Cards/android.widget.EditText0 - test' is exist

2020-08-05 20:14:59 - [MESSAGE][WARNING] - Timeout '0' is invalid. Using default page load timeout: '10'

2020-08-05 20:14:59 - [MESSAGE][PASSED] - Element 'Object Repository/Maya/Loyalty Cards/android.widget.EditText0 - test' is exist

2020-08-05 20:14:59 - [TEST_STEP][PASSED] - getText(findTestObject("Maya/Loyalty Cards/android.widget.TextView0 - Check"), 0): Text of element 'Object Repository/Maya/Loyalty Cards/android.widget.TextView0 - Check' is: 'Check'

2020-08-05 20:14:59 - [MESSAGE][WARNING] - Timeout '0' is invalid. Using default page load timeout: '10'

2020-08-05 20:14:59 - [MESSAGE][PASSED] - Text of element 'Object Repository/Maya/Loyalty Cards/android.widget.TextView0 - Check' is: 'Check'

2020-08-05 20:14:59 - [TEST_STEP][PASSED] - verifyElementExist(findTestObject("Maya/Loyalty Cards/android.widget.TextView0 - Check"), 0): Element 'Object Repository/Maya/Loyalty Cards/android.widget.TextView0 - Check' is exist

2020-08-05 20:14:59 - [MESSAGE][WARNING] - Timeout '0' is invalid. Using default page load timeout: '10'

2020-08-05 20:15:00 - [MESSAGE][PASSED] - Element 'Object Repository/Maya/Loyalty Cards/android.widget.TextView0 - Check' is exist

2020-08-05 20:15:00 - [TEST_STEP][PASSED] - getText(findTestObject("Maya/Loyalty Cards/android.widget.TextView0 - Expiry Date 1226"), 0): Text of element 'Object Repository/Maya/Loyalty Cards/android.widget.TextView0 - Expiry Date 1226' is: 'Expiry Date 12/26'

2020-08-05 20:15:00 - [MESSAGE][WARNING] - Timeout '0' is invalid. Using default page load timeout: '10'

2020-08-05 20:15:00 - [MESSAGE][PASSED] - Text of element 'Object Repository/Maya/Loyalty Cards/android.widget.TextView0 - Expiry Date 1226' is: 'Expiry Date 12/26'

2020-08-05 20:15:00 - [TEST_STEP][PASSED] - verifyElementExist(findTestObject("Maya/Loyalty Cards/android.widget.TextView0 - Expiry Date 1226"), 0): Element 'Object Repository/Maya/Loyalty Cards/android.widget.TextView0 - Expiry Date 1226' is exist

2020-08-05 20:15:00 - [MESSAGE][WARNING] - Timeout '0' is invalid. Using default page load timeout: '10'

2020-08-05 20:15:00 - [MESSAGE][PASSED] - Element 'Object Repository/Maya/Loyalty Cards/android.widget.TextView0 - Expiry Date 1226' is exist

2020-08-05 20:15:00 - [TEST_STEP][PASSED] - getText(findTestObject("Maya/Loyalty Cards/android.widget.TextView0 - 123456"), 0): Text of element 'Object Repository/Maya/Loyalty Cards/android.widget.TextView0 - 123456' is: '123456'

2020-08-05 20:15:00 - [MESSAGE][WARNING] - Timeout '0' is invalid. Using default page load timeout: '10'

2020-08-05 20:15:01 - [MESSAGE][PASSED] - Text of element 'Object Repository/Maya/Loyalty Cards/android.widget.TextView0 - 123456' is: '123456'

2020-08-05 20:15:01 - [TEST_STEP][PASSED] - delay(2, STOP_ON_FAILURE): Delayed 2 second(s)

2020-08-05 20:15:03 - [MESSAGE][PASSED] - Delayed 2 second(s)

2020-08-05 20:15:03 - [TEST_STEP][PASSED] - takeScreenshot("C:\Users\LENOVO\Screenshot\Loyalty\Ticket15.png", STOP_ON_FAILURE): Screenshot is taken

2020-08-05 20:15:04 - [MESSAGE][PASSED] - Screenshot is taken
[[ATTACHMENT|C:\\Users\\LENOVO\\Screenshot\\Loyalty\\Ticket15.png]]

2020-08-05 20:15:04 - [TEST_STEP][PASSED] - verifyElementExist(findTestObject("Maya/Loyalty Cards/android.widget.TextView0 - 123456"), 0): Element 'Object Repository/Maya/Loyalty Cards/android.widget.TextView0 - 123456' is exist

2020-08-05 20:15:04 - [MESSAGE][WARNING] - Timeout '0' is invalid. Using default page load timeout: '10'

2020-08-05 20:15:04 - [MESSAGE][PASSED] - Element 'Object Repository/Maya/Loyalty Cards/android.widget.TextView0 - 123456' is exist

2020-08-05 20:15:04 - [TEST_STEP][PASSED] - getText(findTestObject("Maya/Loyalty Cards/android.widget.TextView0 - 123456 (1)"), 0): Text of element 'Object Repository/Maya/Loyalty Cards/android.widget.TextView0 - 123456 (1)' is: '123456'

2020-08-05 20:15:04 - [MESSAGE][WARNING] - Timeout '0' is invalid. Using default page load timeout: '10'

2020-08-05 20:15:04 - [MESSAGE][PASSED] - Text of element 'Object Repository/Maya/Loyalty Cards/android.widget.TextView0 - 123456 (1)' is: '123456'

2020-08-05 20:15:04 - [TEST_STEP][PASSED] - verifyElementExist(findTestObject("Maya/Loyalty Cards/android.widget.TextView0 - 123456 (1)"), 0): Element 'Object Repository/Maya/Loyalty Cards/android.widget.TextView0 - 123456 (1)' is exist

2020-08-05 20:15:04 - [MESSAGE][WARNING] - Timeout '0' is invalid. Using default page load timeout: '10'

2020-08-05 20:15:05 - [MESSAGE][PASSED] - Element 'Object Repository/Maya/Loyalty Cards/android.widget.TextView0 - 123456 (1)' is exist

2020-08-05 20:15:05 - [TEST_STEP][NOT_RUN] - tap(findTestObject("Maya/Loyalty Cards/android.widget.ImageView0 (3)"), 0): NOT_RUN: tap(findTestObject("Maya/Loyalty Cards/android.widget.ImageView0 (3)"), 0)

2020-08-05 20:15:05 - [MESSAGE][NOT_RUN] - NOT_RUN: tap(findTestObject("Maya/Loyalty Cards/android.widget.ImageView0 (3)"), 0)

2020-08-05 20:15:05 - [TEST_STEP][PASSED] - tap(findTestObject("Maya/Loyalty Cards/android.widget.TextView0 - Check"), 0): Tapped on element 'Object Repository/Maya/Loyalty Cards/android.widget.TextView0 - Check'

2020-08-05 20:15:05 - [MESSAGE][WARNING] - Timeout '0' is invalid. Using default page load timeout: '10'

2020-08-05 20:15:07 - [MESSAGE][PASSED] - Tapped on element 'Object Repository/Maya/Loyalty Cards/android.widget.TextView0 - Check'

2020-08-05 20:15:07 - [TEST_STEP][PASSED] - delay(5, CONTINUE_ON_FAILURE): Delayed 5 second(s)

2020-08-05 20:15:12 - [MESSAGE][PASSED] - Delayed 5 second(s)

2020-08-05 20:15:12 - [TEST_STEP][PASSED] - tapAndHoldAtPosition(975, 177, 1): Tapped and held at [975, 177] with duration 1

2020-08-05 20:15:15 - [MESSAGE][PASSED] - Tapped and held at [975, 177] with duration 1

2020-08-05 20:15:15 - [TEST_STEP][PASSED] - tap(findTestObject("Maya/Loyalty Cards/android.widget.TextView0 - Edit Card"), 0): Tapped on element 'Object Repository/Maya/Loyalty Cards/android.widget.TextView0 - Edit Card'

2020-08-05 20:15:15 - [MESSAGE][WARNING] - Timeout '0' is invalid. Using default page load timeout: '10'

2020-08-05 20:15:17 - [MESSAGE][PASSED] - Tapped on element 'Object Repository/Maya/Loyalty Cards/android.widget.TextView0 - Edit Card'

2020-08-05 20:15:17 - [TEST_STEP][PASSED] - delay(2, STOP_ON_FAILURE): Delayed 2 second(s)

2020-08-05 20:15:19 - [MESSAGE][PASSED] - Delayed 2 second(s)

2020-08-05 20:15:19 - [TEST_STEP][PASSED] - takeScreenshot("C:\Users\LENOVO\Screenshot\Loyalty\Ticket16.png", STOP_ON_FAILURE): Screenshot is taken

2020-08-05 20:15:20 - [MESSAGE][PASSED] - Screenshot is taken
[[ATTACHMENT|C:\\Users\\LENOVO\\Screenshot\\Loyalty\\Ticket16.png]]

2020-08-05 20:15:20 - [TEST_STEP][PASSED] - clearText(findTestObject("Maya/Loyalty Cards/android.widget.EditText0 - 1226"), 0, CONTINUE_ON_FAILURE): Element 'Object Repository/Maya/Loyalty Cards/android.widget.EditText0 - 1226' text is cleared

2020-08-05 20:15:20 - [MESSAGE][WARNING] - Timeout '0' is invalid. Using default page load timeout: '10'

2020-08-05 20:15:20 - [MESSAGE][PASSED] - Element 'Object Repository/Maya/Loyalty Cards/android.widget.EditText0 - 1226' text is cleared

2020-08-05 20:15:20 - [TEST_STEP][PASSED] - setText(findTestObject("Maya/Loyalty Cards/android.widget.EditText0 - MMYY"), "12/29", 0): Text '12/29' has been set to element 'Object Repository/Maya/Loyalty Cards/android.widget.EditText0 - MMYY'

2020-08-05 20:15:21 - [MESSAGE][WARNING] - Timeout '0' is invalid. Using default page load timeout: '10'

2020-08-05 20:15:22 - [MESSAGE][PASSED] - Text '12/29' has been set to element 'Object Repository/Maya/Loyalty Cards/android.widget.EditText0 - MMYY'

2020-08-05 20:15:22 - [TEST_STEP][PASSED] - driver.pressKeyCode(ENTER): null

2020-08-05 20:15:23 - [TEST_STEP][PASSED] - tap(findTestObject("Maya/Loyalty Cards/android.widget.TextView0 - Confirm"), 0): Tapped on element 'Object Repository/Maya/Loyalty Cards/android.widget.TextView0 - Confirm'

2020-08-05 20:15:23 - [MESSAGE][WARNING] - Timeout '0' is invalid. Using default page load timeout: '10'

2020-08-05 20:15:25 - [MESSAGE][PASSED] - Tapped on element 'Object Repository/Maya/Loyalty Cards/android.widget.TextView0 - Confirm'

2020-08-05 20:15:25 - [TEST_STEP][PASSED] - delay(120, CONTINUE_ON_FAILURE): Delayed 120 second(s)

2020-08-05 20:17:25 - [MESSAGE][PASSED] - Delayed 120 second(s)

2020-08-05 20:17:25 - [TEST_STEP][NOT_RUN] - tap(findTestObject("Maya/Loyalty Cards/android.view.ViewGroup0 (2)"), 0): NOT_RUN: tap(findTestObject("Maya/Loyalty Cards/android.view.ViewGroup0 (2)"), 0)

2020-08-05 20:17:25 - [MESSAGE][NOT_RUN] - NOT_RUN: tap(findTestObject("Maya/Loyalty Cards/android.view.ViewGroup0 (2)"), 0)

2020-08-05 20:17:25 - [TEST_STEP][PASSED] - tap(findTestObject("Maya/Loyalty Cards/android.widget.TextView0 - Check"), 0): Tapped on element 'Object Repository/Maya/Loyalty Cards/android.widget.TextView0 - Check'

2020-08-05 20:17:25 - [MESSAGE][WARNING] - Timeout '0' is invalid. Using default page load timeout: '10'

2020-08-05 20:17:28 - [MESSAGE][PASSED] - Tapped on element 'Object Repository/Maya/Loyalty Cards/android.widget.TextView0 - Check'

2020-08-05 20:17:28 - [TEST_STEP][PASSED] - getText(findTestObject("Maya/Loyalty Cards/android.widget.TextView0 - Expiry Date 1229"), 0): Text of element 'Object Repository/Maya/Loyalty Cards/android.widget.TextView0 - Expiry Date 1229' is: 'Expiry Date 12/29'

2020-08-05 20:17:28 - [MESSAGE][WARNING] - Timeout '0' is invalid. Using default page load timeout: '10'

2020-08-05 20:17:28 - [MESSAGE][PASSED] - Text of element 'Object Repository/Maya/Loyalty Cards/android.widget.TextView0 - Expiry Date 1229' is: 'Expiry Date 12/29'

2020-08-05 20:17:28 - [TEST_STEP][PASSED] - verifyElementExist(findTestObject("Maya/Loyalty Cards/android.widget.TextView0 - Expiry Date 1229"), 0): Element 'Object Repository/Maya/Loyalty Cards/android.widget.TextView0 - Expiry Date 1229' is exist

2020-08-05 20:17:28 - [MESSAGE][WARNING] - Timeout '0' is invalid. Using default page load timeout: '10'

2020-08-05 20:17:28 - [MESSAGE][PASSED] - Element 'Object Repository/Maya/Loyalty Cards/android.widget.TextView0 - Expiry Date 1229' is exist

2020-08-05 20:17:28 - [TEST_STEP][PASSED] - delay(2, STOP_ON_FAILURE): Delayed 2 second(s)

2020-08-05 20:17:30 - [MESSAGE][PASSED] - Delayed 2 second(s)

2020-08-05 20:17:30 - [TEST_STEP][PASSED] - takeScreenshot("C:\Users\LENOVO\Screenshot\Loyalty\Ticket17.png", STOP_ON_FAILURE): Screenshot is taken

2020-08-05 20:17:32 - [MESSAGE][PASSED] - Screenshot is taken
[[ATTACHMENT|C:\\Users\\LENOVO\\Screenshot\\Loyalty\\Ticket17.png]]

2020-08-05 20:17:32 - [TEST_STEP][NOT_RUN] - tap(findTestObject("Maya/Loyalty Cards/android.widget.ImageView0 (3)"), 0): NOT_RUN: tap(findTestObject("Maya/Loyalty Cards/android.widget.ImageView0 (3)"), 0)

2020-08-05 20:17:32 - [MESSAGE][NOT_RUN] - NOT_RUN: tap(findTestObject("Maya/Loyalty Cards/android.widget.ImageView0 (3)"), 0)

2020-08-05 20:17:32 - [TEST_STEP][PASSED] - tap(findTestObject("Maya/Loyalty Cards/android.widget.TextView0 - Check"), 0): Tapped on element 'Object Repository/Maya/Loyalty Cards/android.widget.TextView0 - Check'

2020-08-05 20:17:32 - [MESSAGE][WARNING] - Timeout '0' is invalid. Using default page load timeout: '10'

2020-08-05 20:17:33 - [MESSAGE][PASSED] - Tapped on element 'Object Repository/Maya/Loyalty Cards/android.widget.TextView0 - Check'

2020-08-05 20:17:33 - [TEST_STEP][PASSED] - delay(5, CONTINUE_ON_FAILURE): Delayed 5 second(s)

2020-08-05 20:17:38 - [MESSAGE][PASSED] - Delayed 5 second(s)

2020-08-05 20:17:38 - [TEST_STEP][PASSED] - tapAndHoldAtPosition(975, 177, 1): Tapped and held at [975, 177] with duration 1

2020-08-05 20:17:41 - [MESSAGE][PASSED] - Tapped and held at [975, 177] with duration 1

2020-08-05 20:17:41 - [TEST_STEP][PASSED] - tap(findTestObject("Maya/Loyalty Cards/android.widget.TextView0 - Remove Card"), 0): Tapped on element 'Object Repository/Maya/Loyalty Cards/android.widget.TextView0 - Remove Card'

2020-08-05 20:17:41 - [MESSAGE][WARNING] - Timeout '0' is invalid. Using default page load timeout: '10'

2020-08-05 20:17:43 - [MESSAGE][PASSED] - Tapped on element 'Object Repository/Maya/Loyalty Cards/android.widget.TextView0 - Remove Card'

2020-08-05 20:17:43 - [TEST_STEP][PASSED] - delay(2, STOP_ON_FAILURE): Delayed 2 second(s)

2020-08-05 20:17:45 - [MESSAGE][PASSED] - Delayed 2 second(s)

2020-08-05 20:17:45 - [TEST_STEP][PASSED] - takeScreenshot("C:\Users\LENOVO\Screenshot\Loyalty\Ticket18.png", STOP_ON_FAILURE): Screenshot is taken

2020-08-05 20:17:46 - [MESSAGE][PASSED] - Screenshot is taken
[[ATTACHMENT|C:\\Users\\LENOVO\\Screenshot\\Loyalty\\Ticket18.png]]

2020-08-05 20:17:46 - [TEST_STEP][PASSED] - tap(findTestObject("Maya/Loyalty Cards/android.widget.TextView0 - Cancel"), 0): Tapped on element 'Object Repository/Maya/Loyalty Cards/android.widget.TextView0 - Cancel'

2020-08-05 20:17:46 - [MESSAGE][WARNING] - Timeout '0' is invalid. Using default page load timeout: '10'

2020-08-05 20:17:47 - [MESSAGE][PASSED] - Tapped on element 'Object Repository/Maya/Loyalty Cards/android.widget.TextView0 - Cancel'

2020-08-05 20:17:47 - [TEST_STEP][NOT_RUN] - tap(findTestObject("Maya/Loyalty Cards/android.widget.ImageView0 (3)"), 0): NOT_RUN: tap(findTestObject("Maya/Loyalty Cards/android.widget.ImageView0 (3)"), 0)

2020-08-05 20:17:47 - [MESSAGE][NOT_RUN] - NOT_RUN: tap(findTestObject("Maya/Loyalty Cards/android.widget.ImageView0 (3)"), 0)

2020-08-05 20:17:47 - [TEST_STEP][PASSED] - tap(findTestObject("Maya/Loyalty Cards/android.widget.TextView0 - Check"), 0): Tapped on element 'Object Repository/Maya/Loyalty Cards/android.widget.TextView0 - Check'

2020-08-05 20:17:47 - [MESSAGE][WARNING] - Timeout '0' is invalid. Using default page load timeout: '10'

2020-08-05 20:17:49 - [MESSAGE][PASSED] - Tapped on element 'Object Repository/Maya/Loyalty Cards/android.widget.TextView0 - Check'

2020-08-05 20:17:49 - [TEST_STEP][PASSED] - delay(5, CONTINUE_ON_FAILURE): Delayed 5 second(s)

2020-08-05 20:17:54 - [MESSAGE][PASSED] - Delayed 5 second(s)

2020-08-05 20:17:54 - [TEST_STEP][PASSED] - tapAndHoldAtPosition(975, 177, 1): Tapped and held at [975, 177] with duration 1

2020-08-05 20:17:57 - [MESSAGE][PASSED] - Tapped and held at [975, 177] with duration 1

2020-08-05 20:17:57 - [TEST_STEP][PASSED] - tap(findTestObject("Maya/Loyalty Cards/android.widget.TextView0 - Remove Card"), 0): Tapped on element 'Object Repository/Maya/Loyalty Cards/android.widget.TextView0 - Remove Card'

2020-08-05 20:17:57 - [MESSAGE][WARNING] - Timeout '0' is invalid. Using default page load timeout: '10'

2020-08-05 20:17:58 - [MESSAGE][PASSED] - Tapped on element 'Object Repository/Maya/Loyalty Cards/android.widget.TextView0 - Remove Card'

2020-08-05 20:17:58 - [TEST_STEP][PASSED] - tap(findTestObject("Maya/Loyalty Cards/android.widget.TextView0 - Confirm (1)"), 0): Tapped on element 'Object Repository/Maya/Loyalty Cards/android.widget.TextView0 - Confirm (1)'

2020-08-05 20:17:58 - [MESSAGE][WARNING] - Timeout '0' is invalid. Using default page load timeout: '10'

2020-08-05 20:18:01 - [MESSAGE][PASSED] - Tapped on element 'Object Repository/Maya/Loyalty Cards/android.widget.TextView0 - Confirm (1)'

2020-08-05 20:18:01 - [TEST_STEP][PASSED] - getText(findTestObject("Maya/Loyalty Cards/android.widget.TextView0 - Youve successfully removed your loyalty card."), 0): Text of element 'Object Repository/Maya/Loyalty Cards/android.widget.TextView0 - Youve successfully removed your loyalty card.' is: 'You've successfully removed your loyalty card.'

2020-08-05 20:18:01 - [MESSAGE][WARNING] - Timeout '0' is invalid. Using default page load timeout: '10'

2020-08-05 20:18:02 - [MESSAGE][PASSED] - Text of element 'Object Repository/Maya/Loyalty Cards/android.widget.TextView0 - Youve successfully removed your loyalty card.' is: 'You've successfully removed your loyalty card.'

2020-08-05 20:18:02 - [TEST_STEP][PASSED] - takeScreenshot("C:\Users\LENOVO\Screenshot\Loyalty\Ticket19.png", STOP_ON_FAILURE): Screenshot is taken

2020-08-05 20:18:03 - [MESSAGE][PASSED] - Screenshot is taken
[[ATTACHMENT|C:\\Users\\LENOVO\\Screenshot\\Loyalty\\Ticket19.png]]

2020-08-05 20:18:03 - [TEST_STEP][PASSED] - verifyElementExist(findTestObject("Maya/Loyalty Cards/android.widget.TextView0 - Youve successfully removed your loyalty card."), 0): Element 'Object Repository/Maya/Loyalty Cards/android.widget.TextView0 - Youve successfully removed your loyalty card.' is exist

2020-08-05 20:18:03 - [MESSAGE][WARNING] - Timeout '0' is invalid. Using default page load timeout: '10'

2020-08-05 20:18:03 - [MESSAGE][PASSED] - Element 'Object Repository/Maya/Loyalty Cards/android.widget.TextView0 - Youve successfully removed your loyalty card.' is exist

2020-08-05 20:18:03 - [TEST_STEP][PASSED] - delay(2, STOP_ON_FAILURE): Delayed 2 second(s)

2020-08-05 20:18:05 - [MESSAGE][PASSED] - Delayed 2 second(s)

2020-08-05 20:18:05 - [TEST_STEP][PASSED] - takeScreenshot("C:\Users\LENOVO\Screenshot\Loyalty\Ticket20.png", STOP_ON_FAILURE): Screenshot is taken

2020-08-05 20:18:06 - [MESSAGE][PASSED] - Screenshot is taken
[[ATTACHMENT|C:\\Users\\LENOVO\\Screenshot\\Loyalty\\Ticket20.png]]

2020-08-05 20:18:06 - [TEST_STEP][PASSED] - tapAndHoldAtPosition(119, 187, 1): Tapped and held at [119, 187] with duration 1

2020-08-05 20:18:09 - [MESSAGE][PASSED] - Tapped and held at [119, 187] with duration 1

2020-08-05 20:18:09 - [TEST_STEP][PASSED] - tap(findTestObject("Maya/Loyalty Cards/android.widget.TextView0 - Loyalty"), 0): Tapped on element 'Object Repository/Maya/Loyalty Cards/android.widget.TextView0 - Loyalty'

2020-08-05 20:18:09 - [MESSAGE][WARNING] - Timeout '0' is invalid. Using default page load timeout: '10'

2020-08-05 20:18:11 - [MESSAGE][PASSED] - Tapped on element 'Object Repository/Maya/Loyalty Cards/android.widget.TextView0 - Loyalty'

2020-08-05 20:18:11 - [TEST_STEP][PASSED] - tap(findTestObject("Maya/KLIA/android.widget.TextView0 - Home"), 0): Tapped on element 'Object Repository/Maya/KLIA/android.widget.TextView0 - Home'

2020-08-05 20:18:11 - [MESSAGE][WARNING] - Timeout '0' is invalid. Using default page load timeout: '10'

2020-08-05 20:18:24 - [MESSAGE][PASSED] - Tapped on element 'Object Repository/Maya/KLIA/android.widget.TextView0 - Home'

2020-08-05 20:18:24 - [TEST_STEP][PASSED] - tap(findTestObject("Maya/KLIA/android.widget.TextView0 - More (1)"), 0): Tapped on element 'Object Repository/Maya/KLIA/android.widget.TextView0 - More (1)'

2020-08-05 20:18:24 - [MESSAGE][WARNING] - Timeout '0' is invalid. Using default page load timeout: '10'

2020-08-05 20:18:37 - [MESSAGE][PASSED] - Tapped on element 'Object Repository/Maya/KLIA/android.widget.TextView0 - More (1)'

2020-08-05 20:18:37 - [TEST_STEP][PASSED] - tap(findTestObject("Maya/KLIA/android.widget.TextView0 - Notifications"), 0): Tapped on element 'Object Repository/Maya/KLIA/android.widget.TextView0 - Notifications'

2020-08-05 20:18:37 - [MESSAGE][WARNING] - Timeout '0' is invalid. Using default page load timeout: '10'

2020-08-05 20:18:40 - [MESSAGE][PASSED] - Tapped on element 'Object Repository/Maya/KLIA/android.widget.TextView0 - Notifications'

2020-08-05 20:18:40 - [TEST_STEP][NOT_RUN] - tap(findTestObject("Maya/KLIA/android.widget.TextView0 - Got It"), 0): NOT_RUN: tap(findTestObject("Maya/KLIA/android.widget.TextView0 - Got It"), 0)

2020-08-05 20:18:40 - [MESSAGE][NOT_RUN] - NOT_RUN: tap(findTestObject("Maya/KLIA/android.widget.TextView0 - Got It"), 0)

2020-08-05 20:18:40 - [TEST_STEP][NOT_RUN] - getText(findTestObject("Maya/KLIA/android.widget.TextView0 - Today (1)"), 0): NOT_RUN: getText(findTestObject("Maya/KLIA/android.widget.TextView0 - Today (1)"), 0)

2020-08-05 20:18:40 - [MESSAGE][NOT_RUN] - NOT_RUN: getText(findTestObject("Maya/KLIA/android.widget.TextView0 - Today (1)"), 0)

2020-08-05 20:18:40 - [TEST_STEP][NOT_RUN] - verifyElementVisible(findTestObject("Maya/Loyalty Cards/android.widget.TextView0 - Youve transfered RM 2.00 to heys MAYBANK account ending 8863. REF 17180685548M"), 0): NOT_RUN: verifyElementVisible(findTestObject("Maya/Loyalty Cards/android.widget.TextView0 - Youve transfered RM 2.00 to heys MAYBANK account ending 8863. REF 17180685548M"), 0)

2020-08-05 20:18:40 - [MESSAGE][NOT_RUN] - NOT_RUN: verifyElementVisible(findTestObject("Maya/Loyalty Cards/android.widget.TextView0 - Youve transfered RM 2.00 to heys MAYBANK account ending 8863. REF 17180685548M"), 0)]]></system-out>
         <system-err><![CDATA[]]></system-err>
      </testcase>
      <system-out><![CDATA[2020-08-05 20:09:40 - [TEST_SUITE][PASSED] - UAT Test Suite: Test Cases/JINU/Drop2 Loyalty/Loyalty Cards]]></system-out>
      <system-err><![CDATA[]]></system-err>
   </testsuite>
</testsuites>
