<?xml version="1.0" encoding="UTF-8"?>
<testsuites name="UAT Test Suite" time="351.941" tests="1" failures="0" errors="0">
   <testsuite name="UAT Test Suite" tests="1" failures="0" errors="0" time="351.941" timestamp="2020-08-17 13:35:59" hostname="LENOVO - DESKTOP-CP3TV4N" id="Test Suites/Maya UAT/UAT Test Suite">
      <properties>
         <property name="deviceName" value="Xiaomi Redmi Note 7S (Android 9)"/>
         <property name="devicePlatform" value=""/>
         <property name="logFolder" value="C:\\Users\\LENOVO\\Git_new\\Maya\\Reports\\20200817_133556\\Maya UAT\\UAT Test Suite\\20200817_133556"/>
         <property name="logFiles" value="C:\\Users\\LENOVO\\Git_new\\Maya\\Reports\\20200817_133556\\Maya UAT\\UAT Test Suite\\20200817_133556\\appium.log, C:\\Users\\LENOVO\\Git_new\\Maya\\Reports\\20200817_133556\\Maya UAT\\UAT Test Suite\\20200817_133556\\execution0.log"/>
         <property name="attachments" value="C:\\Users\\LENOVO\\Screenshot\\UpdateProfile\\Settings1.png, C:\\Users\\LENOVO\\Screenshot\\UpdateProfile\\Settings.png, C:\\Users\\LENOVO\\Screenshot\\UpdateProfile\\Profile.png, C:\\Users\\LENOVO\\Screenshot\\UpdateProfile\\Settings4.png, C:\\Users\\LENOVO\\Screenshot\\UpdateProfile\\Mobile.png, C:\\Users\\LENOVO\\Screenshot\\UpdateProfile\\Mobile2.png, C:\\Users\\LENOVO\\Screenshot\\UpdateProfile\\Settings5.png, C:\\Users\\LENOVO\\Screenshot\\UpdateProfile\\MobileUpdate.png, C:\\Users\\LENOVO\\Screenshot\\UpdateProfile\\Mobile.png, C:\\Users\\LENOVO\\Screenshot\\UpdateProfile\\Email_update.png, C:\\Users\\LENOVO\\Screenshot\\UpdateProfile\\Settings9.png, C:\\Users\\LENOVO\\Screenshot\\UpdateProfile\\Profile_update2.png, C:\\Users\\LENOVO\\Screenshot\\UpdateProfile\\Profile_update.png"/>
         <property name="hostName" value="LENOVO - DESKTOP-CP3TV4N"/>
         <property name="os" value="Windows 10 64bit"/>
         <property name="appiumServerStatus" value="{\&quot;value\&quot;:{\&quot;build\&quot;:{\&quot;version\&quot;:\&quot;1.15.1\&quot;}},\&quot;sessionId\&quot;:null,\&quot;status\&quot;:0}"/>
         <property name="katalonVersion" value="7.2.7.1"/>
         <property name="deviceOS" value="Android"/>
         <property name="appiumVersion" value="1.15.1"/>
         <property name="deviceModel" value="Redmi Note 7S"/>
         <property name="hostAddress" value="192.168.0.102"/>
         <property name="deviceManufacturer" value="Xiaomi"/>
         <property name="deviceId" value="11cb9864"/>
         <property name="deviceName" value="Xiaomi Redmi Note 7S (Android 9)"/>
         <property name="deviceOSVersion" value="9"/>
      </properties>
      <testcase name="Test Cases/JINU/Drop 2 Update Profile/Update Profile" time="350.603" classname="Test Cases/JINU/Drop 2 Update Profile/Update Profile" status="PASSED">
         <system-out><![CDATA[2020-08-17 13:36:00 - [TEST_CASE][PASSED] - Test Cases/JINU/Drop 2 Update Profile/Update Profile: Test Cases/JINU/Drop 2 Update Profile/Update Profile

2020-08-17 13:36:01 - [TEST_STEP][PASSED] - startApplication("C:\Users\LENOVO\Katalon Studio\app-uat-universal-release.apk", false): Started app at: 'C:\Users\LENOVO\Katalon Studio\app-uat-universal-release.apk'

2020-08-17 13:36:01 - [MESSAGE][INFO] - User set preference: ['appWaitActivity', '*']

2020-08-17 13:36:01 - [MESSAGE][INFO] - User set preference: ['appWaitPackage', 'com.maybank2u.life.uat']

2020-08-17 13:36:01 - [MESSAGE][INFO] - User set preference: ['appWaitDuration', '50,000']

2020-08-17 13:36:01 - [MESSAGE][INFO] - User set preference: ['deviceId', '11cb9864']

2020-08-17 13:36:09 - [MESSAGE][INFO] - Appium server started on port 58,409

2020-08-17 13:36:42 - [MESSAGE][PASSED] - Started app at: 'C:\Users\LENOVO\Katalon Studio\app-uat-universal-release.apk'

2020-08-17 13:36:42 - [TEST_STEP][PASSED] - tap(findTestObject("Maya/update Profile/android.widget.TextView0 - More"), 0): Tapped on element 'Object Repository/Maya/update Profile/android.widget.TextView0 - More'

2020-08-17 13:36:43 - [MESSAGE][WARNING] - Timeout '0' is invalid. Using default page load timeout: '10'

2020-08-17 13:37:53 - [MESSAGE][PASSED] - Tapped on element 'Object Repository/Maya/update Profile/android.widget.TextView0 - More'

2020-08-17 13:37:53 - [TEST_STEP][PASSED] - tap(findTestObject("Maya/update Profile/android.widget.TextView0 - Settings"), 0): Tapped on element 'Object Repository/Maya/update Profile/android.widget.TextView0 - Settings'

2020-08-17 13:37:53 - [MESSAGE][WARNING] - Timeout '0' is invalid. Using default page load timeout: '10'

2020-08-17 13:37:56 - [MESSAGE][PASSED] - Tapped on element 'Object Repository/Maya/update Profile/android.widget.TextView0 - Settings'

2020-08-17 13:37:56 - [TEST_STEP][PASSED] - takeScreenshot("C:\Users\LENOVO\Screenshot\UpdateProfile\Settings1.png", STOP_ON_FAILURE): Screenshot is taken

2020-08-17 13:37:57 - [MESSAGE][PASSED] - Screenshot is taken
[[ATTACHMENT|C:\\Users\\LENOVO\\Screenshot\\UpdateProfile\\Settings1.png]]

2020-08-17 13:37:57 - [TEST_STEP][PASSED] - tap(findTestObject("Maya/update Profile/android.widget.TextView0 - Manage account details"), 0): Tapped on element 'Object Repository/Maya/update Profile/android.widget.TextView0 - Manage account details'

2020-08-17 13:37:58 - [MESSAGE][WARNING] - Timeout '0' is invalid. Using default page load timeout: '10'

2020-08-17 13:38:00 - [MESSAGE][PASSED] - Tapped on element 'Object Repository/Maya/update Profile/android.widget.TextView0 - Manage account details'

2020-08-17 13:38:00 - [TEST_STEP][PASSED] - delay(2, STOP_ON_FAILURE): Delayed 2 second(s)

2020-08-17 13:38:02 - [MESSAGE][PASSED] - Delayed 2 second(s)

2020-08-17 13:38:02 - [TEST_STEP][PASSED] - takeScreenshot("C:\Users\LENOVO\Screenshot\UpdateProfile\Settings.png", STOP_ON_FAILURE): Screenshot is taken

2020-08-17 13:38:03 - [MESSAGE][PASSED] - Screenshot is taken
[[ATTACHMENT|C:\\Users\\LENOVO\\Screenshot\\UpdateProfile\\Settings.png]]

2020-08-17 13:38:03 - [TEST_STEP][PASSED] - tap(findTestObject("Maya/update Profile/android.widget.TextView0 - 2"), 0): Tapped on element 'Object Repository/Maya/update Profile/android.widget.TextView0 - 2'

2020-08-17 13:38:03 - [MESSAGE][WARNING] - Timeout '0' is invalid. Using default page load timeout: '10'

2020-08-17 13:38:06 - [MESSAGE][PASSED] - Tapped on element 'Object Repository/Maya/update Profile/android.widget.TextView0 - 2'

2020-08-17 13:38:06 - [TEST_STEP][PASSED] - tap(findTestObject("Maya/update Profile/android.widget.TextView0 - 3"), 0): Tapped on element 'Object Repository/Maya/update Profile/android.widget.TextView0 - 3'

2020-08-17 13:38:06 - [MESSAGE][WARNING] - Timeout '0' is invalid. Using default page load timeout: '10'

2020-08-17 13:38:08 - [MESSAGE][PASSED] - Tapped on element 'Object Repository/Maya/update Profile/android.widget.TextView0 - 3'

2020-08-17 13:38:08 - [TEST_STEP][PASSED] - tap(findTestObject("Maya/update Profile/android.widget.TextView0 - 0"), 0): Tapped on element 'Object Repository/Maya/update Profile/android.widget.TextView0 - 0'

2020-08-17 13:38:08 - [MESSAGE][WARNING] - Timeout '0' is invalid. Using default page load timeout: '10'

2020-08-17 13:38:10 - [MESSAGE][PASSED] - Tapped on element 'Object Repository/Maya/update Profile/android.widget.TextView0 - 0'

2020-08-17 13:38:10 - [TEST_STEP][PASSED] - tap(findTestObject("Maya/update Profile/android.widget.TextView0 - 9"), 0): Tapped on element 'Object Repository/Maya/update Profile/android.widget.TextView0 - 9'

2020-08-17 13:38:10 - [MESSAGE][WARNING] - Timeout '0' is invalid. Using default page load timeout: '10'

2020-08-17 13:38:13 - [MESSAGE][PASSED] - Tapped on element 'Object Repository/Maya/update Profile/android.widget.TextView0 - 9'

2020-08-17 13:38:13 - [TEST_STEP][PASSED] - tap(findTestObject("Maya/update Profile/android.widget.TextView0 - 8"), 0): Tapped on element 'Object Repository/Maya/update Profile/android.widget.TextView0 - 8'

2020-08-17 13:38:13 - [MESSAGE][WARNING] - Timeout '0' is invalid. Using default page load timeout: '10'

2020-08-17 13:38:15 - [MESSAGE][PASSED] - Tapped on element 'Object Repository/Maya/update Profile/android.widget.TextView0 - 8'

2020-08-17 13:38:15 - [TEST_STEP][PASSED] - tap(findTestObject("Maya/update Profile/android.widget.TextView0 - 3"), 0): Tapped on element 'Object Repository/Maya/update Profile/android.widget.TextView0 - 3'

2020-08-17 13:38:15 - [MESSAGE][WARNING] - Timeout '0' is invalid. Using default page load timeout: '10'

2020-08-17 13:38:16 - [MESSAGE][PASSED] - Tapped on element 'Object Repository/Maya/update Profile/android.widget.TextView0 - 3'

2020-08-17 13:38:16 - [TEST_STEP][PASSED] - tap(findTestObject("Maya/update Profile/android.widget.ImageView0"), 0): Tapped on element 'Object Repository/Maya/update Profile/android.widget.ImageView0'

2020-08-17 13:38:16 - [MESSAGE][WARNING] - Timeout '0' is invalid. Using default page load timeout: '10'

2020-08-17 13:38:19 - [MESSAGE][PASSED] - Tapped on element 'Object Repository/Maya/update Profile/android.widget.ImageView0'

2020-08-17 13:38:19 - [TEST_STEP][PASSED] - tap(findTestObject("Maya/update Profile/android.widget.TextView0 - Profile"), 0): Tapped on element 'Object Repository/Maya/update Profile/android.widget.TextView0 - Profile'

2020-08-17 13:38:19 - [MESSAGE][WARNING] - Timeout '0' is invalid. Using default page load timeout: '10'

2020-08-17 13:38:21 - [MESSAGE][PASSED] - Tapped on element 'Object Repository/Maya/update Profile/android.widget.TextView0 - Profile'

2020-08-17 13:38:21 - [TEST_STEP][PASSED] - getText(findTestObject("Maya/update Profile/android.widget.TextView0 - Last successful login"), 0): Text of element 'Object Repository/Maya/update Profile/android.widget.TextView0 - Last successful login' is: 'Last successful login'

2020-08-17 13:38:22 - [MESSAGE][WARNING] - Timeout '0' is invalid. Using default page load timeout: '10'

2020-08-17 13:38:22 - [MESSAGE][PASSED] - Text of element 'Object Repository/Maya/update Profile/android.widget.TextView0 - Last successful login' is: 'Last successful login'

2020-08-17 13:38:22 - [TEST_STEP][PASSED] - verifyElementExist(findTestObject("Maya/update Profile/android.widget.TextView0 - Last successful login"), 0): Element 'Object Repository/Maya/update Profile/android.widget.TextView0 - Last successful login' is exist

2020-08-17 13:38:22 - [MESSAGE][WARNING] - Timeout '0' is invalid. Using default page load timeout: '10'

2020-08-17 13:38:22 - [MESSAGE][PASSED] - Element 'Object Repository/Maya/update Profile/android.widget.TextView0 - Last successful login' is exist

2020-08-17 13:38:22 - [TEST_STEP][PASSED] - delay(2, STOP_ON_FAILURE): Delayed 2 second(s)

2020-08-17 13:38:24 - [MESSAGE][PASSED] - Delayed 2 second(s)

2020-08-17 13:38:24 - [TEST_STEP][PASSED] - takeScreenshot("C:\Users\LENOVO\Screenshot\UpdateProfile\Profile.png", STOP_ON_FAILURE): Screenshot is taken

2020-08-17 13:38:26 - [MESSAGE][PASSED] - Screenshot is taken
[[ATTACHMENT|C:\\Users\\LENOVO\\Screenshot\\UpdateProfile\\Profile.png]]

2020-08-17 13:38:26 - [TEST_STEP][PASSED] - getText(findTestObject("Maya/update Profile/android.widget.TextView0 - Update Profile"), 0): Text of element 'Object Repository/Maya/update Profile/android.widget.TextView0 - Update Profile' is: 'Update Profile'

2020-08-17 13:38:26 - [MESSAGE][WARNING] - Timeout '0' is invalid. Using default page load timeout: '10'

2020-08-17 13:38:26 - [MESSAGE][PASSED] - Text of element 'Object Repository/Maya/update Profile/android.widget.TextView0 - Update Profile' is: 'Update Profile'

2020-08-17 13:38:26 - [TEST_STEP][PASSED] - verifyElementExist(findTestObject("Maya/update Profile/android.widget.TextView0 - Update Profile"), 0): Element 'Object Repository/Maya/update Profile/android.widget.TextView0 - Update Profile' is exist

2020-08-17 13:38:26 - [MESSAGE][WARNING] - Timeout '0' is invalid. Using default page load timeout: '10'

2020-08-17 13:38:27 - [MESSAGE][PASSED] - Element 'Object Repository/Maya/update Profile/android.widget.TextView0 - Update Profile' is exist

2020-08-17 13:38:27 - [TEST_STEP][PASSED] - getText(findTestObject("Maya/update Profile/android.widget.TextView0 - Name"), 0): Text of element 'Object Repository/Maya/update Profile/android.widget.TextView0 - Name' is: 'Name'

2020-08-17 13:38:27 - [MESSAGE][WARNING] - Timeout '0' is invalid. Using default page load timeout: '10'

2020-08-17 13:38:27 - [MESSAGE][PASSED] - Text of element 'Object Repository/Maya/update Profile/android.widget.TextView0 - Name' is: 'Name'

2020-08-17 13:38:27 - [TEST_STEP][PASSED] - verifyElementExist(findTestObject("Maya/update Profile/android.widget.TextView0 - Name"), 0): Element 'Object Repository/Maya/update Profile/android.widget.TextView0 - Name' is exist

2020-08-17 13:38:27 - [MESSAGE][WARNING] - Timeout '0' is invalid. Using default page load timeout: '10'

2020-08-17 13:38:27 - [MESSAGE][PASSED] - Element 'Object Repository/Maya/update Profile/android.widget.TextView0 - Name' is exist

2020-08-17 13:38:27 - [TEST_STEP][PASSED] - getText(findTestObject("Maya/update Profile/android.widget.TextView0 - Mobile number"), 0): Text of element 'Object Repository/Maya/update Profile/android.widget.TextView0 - Mobile number' is: 'Mobile number'

2020-08-17 13:38:27 - [MESSAGE][WARNING] - Timeout '0' is invalid. Using default page load timeout: '10'

2020-08-17 13:38:28 - [MESSAGE][PASSED] - Text of element 'Object Repository/Maya/update Profile/android.widget.TextView0 - Mobile number' is: 'Mobile number'

2020-08-17 13:38:28 - [TEST_STEP][PASSED] - verifyElementExist(findTestObject("Maya/update Profile/android.widget.TextView0 - Mobile number"), 0): Element 'Object Repository/Maya/update Profile/android.widget.TextView0 - Mobile number' is exist

2020-08-17 13:38:28 - [MESSAGE][WARNING] - Timeout '0' is invalid. Using default page load timeout: '10'

2020-08-17 13:38:28 - [MESSAGE][PASSED] - Element 'Object Repository/Maya/update Profile/android.widget.TextView0 - Mobile number' is exist

2020-08-17 13:38:28 - [TEST_STEP][PASSED] - getText(findTestObject("Maya/update Profile/android.widget.TextView0 - Email address"), 0): Text of element 'Object Repository/Maya/update Profile/android.widget.TextView0 - Email address' is: 'Email address'

2020-08-17 13:38:28 - [MESSAGE][WARNING] - Timeout '0' is invalid. Using default page load timeout: '10'

2020-08-17 13:38:28 - [MESSAGE][PASSED] - Text of element 'Object Repository/Maya/update Profile/android.widget.TextView0 - Email address' is: 'Email address'

2020-08-17 13:38:28 - [TEST_STEP][PASSED] - verifyElementExist(findTestObject("Maya/update Profile/android.widget.TextView0 - Email address"), 0): Element 'Object Repository/Maya/update Profile/android.widget.TextView0 - Email address' is exist

2020-08-17 13:38:28 - [MESSAGE][WARNING] - Timeout '0' is invalid. Using default page load timeout: '10'

2020-08-17 13:38:29 - [MESSAGE][PASSED] - Element 'Object Repository/Maya/update Profile/android.widget.TextView0 - Email address' is exist

2020-08-17 13:38:29 - [TEST_STEP][PASSED] - setText(findTestObject("Maya/update Profile/android.widget.EditText0 - check"), "ch", 0): Text 'ch' has been set to element 'Object Repository/Maya/update Profile/android.widget.EditText0 - check'

2020-08-17 13:38:29 - [MESSAGE][WARNING] - Timeout '0' is invalid. Using default page load timeout: '10'

2020-08-17 13:38:30 - [MESSAGE][PASSED] - Text 'ch' has been set to element 'Object Repository/Maya/update Profile/android.widget.EditText0 - check'

2020-08-17 13:38:30 - [TEST_STEP][PASSED] - driver = getDriver(): null

2020-08-17 13:38:30 - [TEST_STEP][PASSED] - driver.pressKeyCode(ENTER): null

2020-08-17 13:38:31 - [TEST_STEP][PASSED] - tap(findTestObject("Maya/update Profile/android.widget.TextView0 - Save Changes"), 0): Tapped on element 'Object Repository/Maya/update Profile/android.widget.TextView0 - Save Changes'

2020-08-17 13:38:31 - [MESSAGE][WARNING] - Timeout '0' is invalid. Using default page load timeout: '10'

2020-08-17 13:38:33 - [MESSAGE][PASSED] - Tapped on element 'Object Repository/Maya/update Profile/android.widget.TextView0 - Save Changes'

2020-08-17 13:38:33 - [TEST_STEP][PASSED] - takeScreenshot("C:\Users\LENOVO\Screenshot\UpdateProfile\Settings4.png", STOP_ON_FAILURE): Screenshot is taken

2020-08-17 13:38:34 - [MESSAGE][PASSED] - Screenshot is taken
[[ATTACHMENT|C:\\Users\\LENOVO\\Screenshot\\UpdateProfile\\Settings4.png]]

2020-08-17 13:38:34 - [TEST_STEP][PASSED] - verifyElementExist(findTestObject("Maya/update Profile/android.widget.TextView0 - Name must contain at least 3 alphabetical characters and space(s) only."), 0, CONTINUE_ON_FAILURE): Element 'Object Repository/Maya/update Profile/android.widget.TextView0 - Name must contain at least 3 alphabetical characters and space(s) only.' is exist

2020-08-17 13:38:34 - [MESSAGE][WARNING] - Timeout '0' is invalid. Using default page load timeout: '10'

2020-08-17 13:38:34 - [MESSAGE][PASSED] - Element 'Object Repository/Maya/update Profile/android.widget.TextView0 - Name must contain at least 3 alphabetical characters and space(s) only.' is exist

2020-08-17 13:38:34 - [TEST_STEP][PASSED] - setText(findTestObject("Maya/update Profile/android.widget.EditText0 - ch"), "Test", 0): Text 'Test' has been set to element 'Object Repository/Maya/update Profile/android.widget.EditText0 - ch'

2020-08-17 13:38:34 - [MESSAGE][WARNING] - Timeout '0' is invalid. Using default page load timeout: '10'

2020-08-17 13:38:36 - [MESSAGE][PASSED] - Text 'Test' has been set to element 'Object Repository/Maya/update Profile/android.widget.EditText0 - ch'

2020-08-17 13:38:36 - [TEST_STEP][PASSED] - driver.pressKeyCode(ENTER): null

2020-08-17 13:38:37 - [TEST_STEP][PASSED] - tap(findTestObject("Maya/update Profile/android.widget.TextView0 - 6019  028"), 0): Tapped on element 'Object Repository/Maya/update Profile/android.widget.TextView0 - 6019  028'

2020-08-17 13:38:37 - [MESSAGE][WARNING] - Timeout '0' is invalid. Using default page load timeout: '10'

2020-08-17 13:38:40 - [MESSAGE][PASSED] - Tapped on element 'Object Repository/Maya/update Profile/android.widget.TextView0 - 6019  028'

2020-08-17 13:38:40 - [TEST_STEP][PASSED] - tap(findTestObject("Maya/update Profile/android.widget.TextView0 - 2 (1)"), 0): Tapped on element 'Object Repository/Maya/update Profile/android.widget.TextView0 - 2 (1)'

2020-08-17 13:38:40 - [MESSAGE][WARNING] - Timeout '0' is invalid. Using default page load timeout: '10'

2020-08-17 13:38:44 - [MESSAGE][PASSED] - Tapped on element 'Object Repository/Maya/update Profile/android.widget.TextView0 - 2 (1)'

2020-08-17 13:38:44 - [TEST_STEP][PASSED] - tap(findTestObject("Maya/update Profile/android.widget.TextView0 - 3 (1)"), 0): Tapped on element 'Object Repository/Maya/update Profile/android.widget.TextView0 - 3 (1)'

2020-08-17 13:38:44 - [MESSAGE][WARNING] - Timeout '0' is invalid. Using default page load timeout: '10'

2020-08-17 13:38:45 - [MESSAGE][PASSED] - Tapped on element 'Object Repository/Maya/update Profile/android.widget.TextView0 - 3 (1)'

2020-08-17 13:38:45 - [TEST_STEP][PASSED] - tap(findTestObject("Maya/update Profile/android.widget.ImageView0 (1)"), 0): Tapped on element 'Object Repository/Maya/update Profile/android.widget.ImageView0 (1)'

2020-08-17 13:38:45 - [MESSAGE][WARNING] - Timeout '0' is invalid. Using default page load timeout: '10'

2020-08-17 13:38:46 - [MESSAGE][PASSED] - Tapped on element 'Object Repository/Maya/update Profile/android.widget.ImageView0 (1)'

2020-08-17 13:38:46 - [TEST_STEP][PASSED] - getText(findTestObject("Maya/update Profile/android.widget.TextView0 - Please enter a valid mobile number in order to continue."), 0): Text of element 'Object Repository/Maya/update Profile/android.widget.TextView0 - Please enter a valid mobile number in order to continue.' is: 'Please enter a valid mobile number in order to continue.'

2020-08-17 13:38:46 - [MESSAGE][WARNING] - Timeout '0' is invalid. Using default page load timeout: '10'

2020-08-17 13:38:47 - [MESSAGE][PASSED] - Text of element 'Object Repository/Maya/update Profile/android.widget.TextView0 - Please enter a valid mobile number in order to continue.' is: 'Please enter a valid mobile number in order to continue.'

2020-08-17 13:38:47 - [TEST_STEP][PASSED] - delay(2, STOP_ON_FAILURE): Delayed 2 second(s)

2020-08-17 13:38:49 - [MESSAGE][PASSED] - Delayed 2 second(s)

2020-08-17 13:38:49 - [TEST_STEP][PASSED] - takeScreenshot("C:\Users\LENOVO\Screenshot\UpdateProfile\Mobile.png", STOP_ON_FAILURE): Screenshot is taken

2020-08-17 13:38:50 - [MESSAGE][PASSED] - Screenshot is taken
[[ATTACHMENT|C:\\Users\\LENOVO\\Screenshot\\UpdateProfile\\Mobile.png]]

2020-08-17 13:38:50 - [TEST_STEP][PASSED] - tap(findTestObject("Maya/update Profile/android.widget.TextView0 - 1"), 0): Tapped on element 'Object Repository/Maya/update Profile/android.widget.TextView0 - 1'

2020-08-17 13:38:50 - [MESSAGE][WARNING] - Timeout '0' is invalid. Using default page load timeout: '10'

2020-08-17 13:38:51 - [MESSAGE][PASSED] - Tapped on element 'Object Repository/Maya/update Profile/android.widget.TextView0 - 1'

2020-08-17 13:38:51 - [TEST_STEP][PASSED] - tap(findTestObject("Maya/update Profile/android.widget.TextView0 - 6"), 0): Tapped on element 'Object Repository/Maya/update Profile/android.widget.TextView0 - 6'

2020-08-17 13:38:51 - [MESSAGE][WARNING] - Timeout '0' is invalid. Using default page load timeout: '10'

2020-08-17 13:38:55 - [MESSAGE][PASSED] - Tapped on element 'Object Repository/Maya/update Profile/android.widget.TextView0 - 6'

2020-08-17 13:38:55 - [TEST_STEP][PASSED] - tap(findTestObject("Maya/update Profile/android.widget.TextView0 - 4"), 0): Tapped on element 'Object Repository/Maya/update Profile/android.widget.TextView0 - 4'

2020-08-17 13:38:55 - [MESSAGE][WARNING] - Timeout '0' is invalid. Using default page load timeout: '10'

2020-08-17 13:38:59 - [MESSAGE][PASSED] - Tapped on element 'Object Repository/Maya/update Profile/android.widget.TextView0 - 4'

2020-08-17 13:38:59 - [TEST_STEP][PASSED] - tap(findTestObject("Maya/update Profile/android.widget.TextView0 - 3 (1)"), 0): Tapped on element 'Object Repository/Maya/update Profile/android.widget.TextView0 - 3 (1)'

2020-08-17 13:38:59 - [MESSAGE][WARNING] - Timeout '0' is invalid. Using default page load timeout: '10'

2020-08-17 13:39:02 - [MESSAGE][PASSED] - Tapped on element 'Object Repository/Maya/update Profile/android.widget.TextView0 - 3 (1)'

2020-08-17 13:39:02 - [TEST_STEP][PASSED] - tap(findTestObject("Maya/update Profile/android.widget.TextView0 - 7"), 0): Tapped on element 'Object Repository/Maya/update Profile/android.widget.TextView0 - 7'

2020-08-17 13:39:02 - [MESSAGE][WARNING] - Timeout '0' is invalid. Using default page load timeout: '10'

2020-08-17 13:39:05 - [MESSAGE][PASSED] - Tapped on element 'Object Repository/Maya/update Profile/android.widget.TextView0 - 7'

2020-08-17 13:39:05 - [TEST_STEP][PASSED] - tap(findTestObject("Maya/update Profile/android.widget.ImageView0 (2)"), 0): Tapped on element 'Object Repository/Maya/update Profile/android.widget.ImageView0 (2)'

2020-08-17 13:39:05 - [MESSAGE][WARNING] - Timeout '0' is invalid. Using default page load timeout: '10'

2020-08-17 13:39:06 - [MESSAGE][PASSED] - Tapped on element 'Object Repository/Maya/update Profile/android.widget.ImageView0 (2)'

2020-08-17 13:39:06 - [TEST_STEP][PASSED] - tap(findTestObject("Maya/update Profile/android.widget.EditText0 - Test"), 0): Tapped on element 'Object Repository/Maya/update Profile/android.widget.EditText0 - Test'

2020-08-17 13:39:06 - [MESSAGE][WARNING] - Timeout '0' is invalid. Using default page load timeout: '10'

2020-08-17 13:39:09 - [MESSAGE][PASSED] - Tapped on element 'Object Repository/Maya/update Profile/android.widget.EditText0 - Test'

2020-08-17 13:39:09 - [TEST_STEP][PASSED] - tap(findTestObject("Maya/update Profile/android.widget.TextView0 - 6019  028"), 0): Tapped on element 'Object Repository/Maya/update Profile/android.widget.TextView0 - 6019  028'

2020-08-17 13:39:09 - [MESSAGE][WARNING] - Timeout '0' is invalid. Using default page load timeout: '10'

2020-08-17 13:39:09 - [MESSAGE][PASSED] - Tapped on element 'Object Repository/Maya/update Profile/android.widget.TextView0 - 6019  028'

2020-08-17 13:39:09 - [TEST_STEP][PASSED] - tap(findTestObject("Maya/update Profile/android.widget.TextView0 - 6019  028"), 0): Tapped on element 'Object Repository/Maya/update Profile/android.widget.TextView0 - 6019  028'

2020-08-17 13:39:09 - [MESSAGE][WARNING] - Timeout '0' is invalid. Using default page load timeout: '10'

2020-08-17 13:39:10 - [MESSAGE][PASSED] - Tapped on element 'Object Repository/Maya/update Profile/android.widget.TextView0 - 6019  028'

2020-08-17 13:39:10 - [TEST_STEP][PASSED] - tap(findTestObject("Maya/update Profile/android.widget.TextView0 - 1"), 0): Tapped on element 'Object Repository/Maya/update Profile/android.widget.TextView0 - 1'

2020-08-17 13:39:10 - [MESSAGE][WARNING] - Timeout '0' is invalid. Using default page load timeout: '10'

2020-08-17 13:39:14 - [MESSAGE][PASSED] - Tapped on element 'Object Repository/Maya/update Profile/android.widget.TextView0 - 1'

2020-08-17 13:39:14 - [TEST_STEP][PASSED] - getText(findTestObject("Maya/update Profile/android.widget.TextView0 - Whats your mobile number"), 0): Text of element 'Object Repository/Maya/update Profile/android.widget.TextView0 - Whats your mobile number' is: 'What's your mobile number?'

2020-08-17 13:39:14 - [MESSAGE][WARNING] - Timeout '0' is invalid. Using default page load timeout: '10'

2020-08-17 13:39:14 - [MESSAGE][PASSED] - Text of element 'Object Repository/Maya/update Profile/android.widget.TextView0 - Whats your mobile number' is: 'What's your mobile number?'

2020-08-17 13:39:14 - [TEST_STEP][PASSED] - tap(findTestObject("Maya/update Profile/android.widget.TextView0 - 6"), 0): Tapped on element 'Object Repository/Maya/update Profile/android.widget.TextView0 - 6'

2020-08-17 13:39:14 - [MESSAGE][WARNING] - Timeout '0' is invalid. Using default page load timeout: '10'

2020-08-17 13:39:17 - [MESSAGE][PASSED] - Tapped on element 'Object Repository/Maya/update Profile/android.widget.TextView0 - 6'

2020-08-17 13:39:17 - [TEST_STEP][PASSED] - delay(2, STOP_ON_FAILURE): Delayed 2 second(s)

2020-08-17 13:39:19 - [MESSAGE][PASSED] - Delayed 2 second(s)

2020-08-17 13:39:19 - [TEST_STEP][PASSED] - takeScreenshot("C:\Users\LENOVO\Screenshot\UpdateProfile\Mobile2.png", STOP_ON_FAILURE): Screenshot is taken

2020-08-17 13:39:20 - [MESSAGE][PASSED] - Screenshot is taken
[[ATTACHMENT|C:\\Users\\LENOVO\\Screenshot\\UpdateProfile\\Mobile2.png]]

2020-08-17 13:39:20 - [TEST_STEP][PASSED] - tap(findTestObject("Maya/update Profile/android.widget.TextView0 - 4"), 0): Tapped on element 'Object Repository/Maya/update Profile/android.widget.TextView0 - 4'

2020-08-17 13:39:20 - [MESSAGE][WARNING] - Timeout '0' is invalid. Using default page load timeout: '10'

2020-08-17 13:39:23 - [MESSAGE][PASSED] - Tapped on element 'Object Repository/Maya/update Profile/android.widget.TextView0 - 4'

2020-08-17 13:39:23 - [TEST_STEP][PASSED] - tap(findTestObject("Maya/update Profile/android.widget.TextView0 - 3 (1)"), 0): Tapped on element 'Object Repository/Maya/update Profile/android.widget.TextView0 - 3 (1)'

2020-08-17 13:39:23 - [MESSAGE][WARNING] - Timeout '0' is invalid. Using default page load timeout: '10'

2020-08-17 13:39:25 - [MESSAGE][PASSED] - Tapped on element 'Object Repository/Maya/update Profile/android.widget.TextView0 - 3 (1)'

2020-08-17 13:39:25 - [TEST_STEP][PASSED] - tap(findTestObject("Maya/update Profile/android.widget.TextView0 - 7"), 0): Tapped on element 'Object Repository/Maya/update Profile/android.widget.TextView0 - 7'

2020-08-17 13:39:25 - [MESSAGE][WARNING] - Timeout '0' is invalid. Using default page load timeout: '10'

2020-08-17 13:39:26 - [MESSAGE][PASSED] - Tapped on element 'Object Repository/Maya/update Profile/android.widget.TextView0 - 7'

2020-08-17 13:39:26 - [TEST_STEP][PASSED] - tap(findTestObject("Maya/update Profile/android.widget.TextView0 - 2"), 0): Tapped on element 'Object Repository/Maya/update Profile/android.widget.TextView0 - 2'

2020-08-17 13:39:26 - [MESSAGE][WARNING] - Timeout '0' is invalid. Using default page load timeout: '10'

2020-08-17 13:39:30 - [MESSAGE][PASSED] - Tapped on element 'Object Repository/Maya/update Profile/android.widget.TextView0 - 2'

2020-08-17 13:39:30 - [TEST_STEP][PASSED] - tap(findTestObject("Maya/update Profile/android.widget.TextView0 - 7"), 0): Tapped on element 'Object Repository/Maya/update Profile/android.widget.TextView0 - 7'

2020-08-17 13:39:30 - [MESSAGE][WARNING] - Timeout '0' is invalid. Using default page load timeout: '10'

2020-08-17 13:39:34 - [MESSAGE][PASSED] - Tapped on element 'Object Repository/Maya/update Profile/android.widget.TextView0 - 7'

2020-08-17 13:39:34 - [TEST_STEP][PASSED] - tap(findTestObject("Maya/update Profile/android.widget.TextView0 - 1"), 0): Tapped on element 'Object Repository/Maya/update Profile/android.widget.TextView0 - 1'

2020-08-17 13:39:34 - [MESSAGE][WARNING] - Timeout '0' is invalid. Using default page load timeout: '10'

2020-08-17 13:39:36 - [MESSAGE][PASSED] - Tapped on element 'Object Repository/Maya/update Profile/android.widget.TextView0 - 1'

2020-08-17 13:39:36 - [TEST_STEP][PASSED] - tap(findTestObject("Maya/update Profile/android.widget.TextView0 - 7"), 0): Tapped on element 'Object Repository/Maya/update Profile/android.widget.TextView0 - 7'

2020-08-17 13:39:36 - [MESSAGE][WARNING] - Timeout '0' is invalid. Using default page load timeout: '10'

2020-08-17 13:39:37 - [MESSAGE][PASSED] - Tapped on element 'Object Repository/Maya/update Profile/android.widget.TextView0 - 7'

2020-08-17 13:39:37 - [TEST_STEP][PASSED] - takeScreenshot("C:\Users\LENOVO\Screenshot\UpdateProfile\Settings5.png", STOP_ON_FAILURE): Screenshot is taken

2020-08-17 13:39:38 - [MESSAGE][PASSED] - Screenshot is taken
[[ATTACHMENT|C:\\Users\\LENOVO\\Screenshot\\UpdateProfile\\Settings5.png]]

2020-08-17 13:39:38 - [TEST_STEP][PASSED] - tap(findTestObject("Maya/update Profile/android.widget.ImageView0 (1)"), 0): Tapped on element 'Object Repository/Maya/update Profile/android.widget.ImageView0 (1)'

2020-08-17 13:39:38 - [MESSAGE][WARNING] - Timeout '0' is invalid. Using default page load timeout: '10'

2020-08-17 13:39:39 - [MESSAGE][PASSED] - Tapped on element 'Object Repository/Maya/update Profile/android.widget.ImageView0 (1)'

2020-08-17 13:39:39 - [TEST_STEP][PASSED] - tap(findTestObject("Maya/update Profile/android.widget.TextView0 - Confirm"), 0): Tapped on element 'Object Repository/Maya/update Profile/android.widget.TextView0 - Confirm'

2020-08-17 13:39:39 - [MESSAGE][WARNING] - Timeout '0' is invalid. Using default page load timeout: '10'

2020-08-17 13:39:43 - [MESSAGE][PASSED] - Tapped on element 'Object Repository/Maya/update Profile/android.widget.TextView0 - Confirm'

2020-08-17 13:39:43 - [TEST_STEP][PASSED] - tap(findTestObject("Maya/Third Party CA account/android.widget.TextView0 - Your OTP no. is 460943"), 0): Tapped on element 'Object Repository/Maya/Third Party CA account/android.widget.TextView0 - Your OTP no. is 460943'

2020-08-17 13:39:43 - [MESSAGE][WARNING] - Timeout '0' is invalid. Using default page load timeout: '10'

2020-08-17 13:39:46 - [MESSAGE][PASSED] - Tapped on element 'Object Repository/Maya/Third Party CA account/android.widget.TextView0 - Your OTP no. is 460943'

2020-08-17 13:39:46 - [TEST_STEP][PASSED] - otpMessage = getText(findTestObject("Maya/Third Party CA account/android.widget.TextView0 - Your OTP no. is 460943"), 0): Text of element 'Object Repository/Maya/Third Party CA account/android.widget.TextView0 - Your OTP no. is 460943' is: 'Your OTP no. is 694308'

2020-08-17 13:39:46 - [MESSAGE][WARNING] - Timeout '0' is invalid. Using default page load timeout: '10'

2020-08-17 13:39:47 - [MESSAGE][PASSED] - Text of element 'Object Repository/Maya/Third Party CA account/android.widget.TextView0 - Your OTP no. is 460943' is: 'Your OTP no. is 694308'

2020-08-17 13:39:47 - [TEST_STEP][NOT_RUN] - verifyEqual(otpMessage[20], "Y"): NOT_RUN: verifyEqual(otpMessage[20], "Y")

2020-08-17 13:39:47 - [MESSAGE][NOT_RUN] - NOT_RUN: verifyEqual(otpMessage[20], "Y")

2020-08-17 13:39:47 - [TEST_STEP][PASSED] - delay(2): Delayed 2 second(s)

2020-08-17 13:39:49 - [MESSAGE][PASSED] - Delayed 2 second(s)

2020-08-17 13:39:49 - [TEST_STEP][PASSED] - for ([i = 16, i <= 21, (i++)]): null

2020-08-17 13:39:49 - [TEST_STEP][PASSED] - delay(3, STOP_ON_FAILURE): Delayed 3 second(s)

2020-08-17 13:39:52 - [MESSAGE][PASSED] - Delayed 3 second(s)

2020-08-17 13:39:52 - [TEST_STEP][PASSED] - if (otpMessage[i] == "0"): null

2020-08-17 13:39:52 - [TEST_STEP][PASSED] - if (otpMessage[i] == "1"): null

2020-08-17 13:39:52 - [TEST_STEP][PASSED] - if (otpMessage[i] == "2"): null

2020-08-17 13:39:52 - [TEST_STEP][PASSED] - if (otpMessage[i] == "3"): null

2020-08-17 13:39:52 - [TEST_STEP][PASSED] - if (otpMessage[i] == "4"): null

2020-08-17 13:39:52 - [TEST_STEP][PASSED] - if (otpMessage[i] == "5"): null

2020-08-17 13:39:52 - [TEST_STEP][PASSED] - if (otpMessage[i] == "6"): Tapped on element 'Object Repository/Maya/login again/Spy- 6'

2020-08-17 13:39:52 - [TEST_STEP][PASSED] - delay(1, STOP_ON_FAILURE): Delayed 1 second(s)

2020-08-17 13:39:53 - [MESSAGE][PASSED] - Delayed 1 second(s)

2020-08-17 13:39:53 - [TEST_STEP][PASSED] - tap(findTestObject("Maya/login again/Spy- 6"), 0): Tapped on element 'Object Repository/Maya/login again/Spy- 6'

2020-08-17 13:39:53 - [MESSAGE][WARNING] - Timeout '0' is invalid. Using default page load timeout: '10'

2020-08-17 13:39:56 - [MESSAGE][PASSED] - Tapped on element 'Object Repository/Maya/login again/Spy- 6'

2020-08-17 13:39:56 - [TEST_STEP][PASSED] - if (otpMessage[i] == "7"): null

2020-08-17 13:39:56 - [TEST_STEP][PASSED] - if (otpMessage[i] == "8"): null

2020-08-17 13:39:56 - [TEST_STEP][PASSED] - if (otpMessage[i] == "9"): null

2020-08-17 13:39:56 - [TEST_STEP][PASSED] - delay(3, STOP_ON_FAILURE): Delayed 3 second(s)

2020-08-17 13:39:59 - [MESSAGE][PASSED] - Delayed 3 second(s)

2020-08-17 13:39:59 - [TEST_STEP][PASSED] - if (otpMessage[i] == "0"): null

2020-08-17 13:39:59 - [TEST_STEP][PASSED] - if (otpMessage[i] == "1"): null

2020-08-17 13:39:59 - [TEST_STEP][PASSED] - if (otpMessage[i] == "2"): null

2020-08-17 13:39:59 - [TEST_STEP][PASSED] - if (otpMessage[i] == "3"): null

2020-08-17 13:39:59 - [TEST_STEP][PASSED] - if (otpMessage[i] == "4"): null

2020-08-17 13:39:59 - [TEST_STEP][PASSED] - if (otpMessage[i] == "5"): null

2020-08-17 13:39:59 - [TEST_STEP][PASSED] - if (otpMessage[i] == "6"): null

2020-08-17 13:39:59 - [TEST_STEP][PASSED] - if (otpMessage[i] == "7"): null

2020-08-17 13:39:59 - [TEST_STEP][PASSED] - if (otpMessage[i] == "8"): null

2020-08-17 13:39:59 - [TEST_STEP][PASSED] - if (otpMessage[i] == "9"): Tapped on element 'Object Repository/Maya/login again/Spy- 9'

2020-08-17 13:39:59 - [TEST_STEP][PASSED] - delay(1, STOP_ON_FAILURE): Delayed 1 second(s)

2020-08-17 13:40:00 - [MESSAGE][PASSED] - Delayed 1 second(s)

2020-08-17 13:40:00 - [TEST_STEP][PASSED] - tap(findTestObject("Maya/login again/Spy- 9"), 0): Tapped on element 'Object Repository/Maya/login again/Spy- 9'

2020-08-17 13:40:00 - [MESSAGE][WARNING] - Timeout '0' is invalid. Using default page load timeout: '10'

2020-08-17 13:40:04 - [MESSAGE][PASSED] - Tapped on element 'Object Repository/Maya/login again/Spy- 9'

2020-08-17 13:40:04 - [TEST_STEP][PASSED] - delay(3, STOP_ON_FAILURE): Delayed 3 second(s)

2020-08-17 13:40:07 - [MESSAGE][PASSED] - Delayed 3 second(s)

2020-08-17 13:40:07 - [TEST_STEP][PASSED] - if (otpMessage[i] == "0"): null

2020-08-17 13:40:07 - [TEST_STEP][PASSED] - if (otpMessage[i] == "1"): null

2020-08-17 13:40:07 - [TEST_STEP][PASSED] - if (otpMessage[i] == "2"): null

2020-08-17 13:40:07 - [TEST_STEP][PASSED] - if (otpMessage[i] == "3"): null

2020-08-17 13:40:07 - [TEST_STEP][PASSED] - if (otpMessage[i] == "4"): Tapped on element 'Object Repository/Maya/login again/Spy - 4'

2020-08-17 13:40:07 - [TEST_STEP][PASSED] - delay(1, STOP_ON_FAILURE): Delayed 1 second(s)

2020-08-17 13:40:08 - [MESSAGE][PASSED] - Delayed 1 second(s)

2020-08-17 13:40:08 - [TEST_STEP][PASSED] - tap(findTestObject("Maya/login again/Spy - 4"), 0): Tapped on element 'Object Repository/Maya/login again/Spy - 4'

2020-08-17 13:40:08 - [MESSAGE][WARNING] - Timeout '0' is invalid. Using default page load timeout: '10'

2020-08-17 13:40:11 - [MESSAGE][PASSED] - Tapped on element 'Object Repository/Maya/login again/Spy - 4'

2020-08-17 13:40:11 - [TEST_STEP][PASSED] - if (otpMessage[i] == "5"): null

2020-08-17 13:40:11 - [TEST_STEP][PASSED] - if (otpMessage[i] == "6"): null

2020-08-17 13:40:11 - [TEST_STEP][PASSED] - if (otpMessage[i] == "7"): null

2020-08-17 13:40:11 - [TEST_STEP][PASSED] - if (otpMessage[i] == "8"): null

2020-08-17 13:40:11 - [TEST_STEP][PASSED] - if (otpMessage[i] == "9"): null

2020-08-17 13:40:11 - [TEST_STEP][PASSED] - delay(3, STOP_ON_FAILURE): Delayed 3 second(s)

2020-08-17 13:40:14 - [MESSAGE][PASSED] - Delayed 3 second(s)

2020-08-17 13:40:14 - [TEST_STEP][PASSED] - if (otpMessage[i] == "0"): null

2020-08-17 13:40:14 - [TEST_STEP][PASSED] - if (otpMessage[i] == "1"): null

2020-08-17 13:40:14 - [TEST_STEP][PASSED] - if (otpMessage[i] == "2"): null

2020-08-17 13:40:14 - [TEST_STEP][PASSED] - if (otpMessage[i] == "3"): Tapped on element 'Object Repository/Maya/login again/Spy- 3'

2020-08-17 13:40:14 - [TEST_STEP][PASSED] - delay(1, STOP_ON_FAILURE): Delayed 1 second(s)

2020-08-17 13:40:15 - [MESSAGE][PASSED] - Delayed 1 second(s)

2020-08-17 13:40:15 - [TEST_STEP][NOT_RUN] - tap(findTestObject("MAYA SIT v118/spy/TAC - keypad 3"), 0): NOT_RUN: tap(findTestObject("MAYA SIT v118/spy/TAC - keypad 3"), 0)

2020-08-17 13:40:15 - [MESSAGE][NOT_RUN] - NOT_RUN: tap(findTestObject("MAYA SIT v118/spy/TAC - keypad 3"), 0)

2020-08-17 13:40:15 - [TEST_STEP][PASSED] - tap(findTestObject("Maya/login again/Spy- 3"), 0): Tapped on element 'Object Repository/Maya/login again/Spy- 3'

2020-08-17 13:40:15 - [MESSAGE][WARNING] - Timeout '0' is invalid. Using default page load timeout: '10'

2020-08-17 13:40:17 - [MESSAGE][PASSED] - Tapped on element 'Object Repository/Maya/login again/Spy- 3'

2020-08-17 13:40:17 - [TEST_STEP][PASSED] - if (otpMessage[i] == "4"): null

2020-08-17 13:40:17 - [TEST_STEP][PASSED] - if (otpMessage[i] == "5"): null

2020-08-17 13:40:17 - [TEST_STEP][PASSED] - if (otpMessage[i] == "6"): null

2020-08-17 13:40:17 - [TEST_STEP][PASSED] - if (otpMessage[i] == "7"): null

2020-08-17 13:40:17 - [TEST_STEP][PASSED] - if (otpMessage[i] == "8"): null

2020-08-17 13:40:17 - [TEST_STEP][PASSED] - if (otpMessage[i] == "9"): null

2020-08-17 13:40:17 - [TEST_STEP][PASSED] - delay(3, STOP_ON_FAILURE): Delayed 3 second(s)

2020-08-17 13:40:20 - [MESSAGE][PASSED] - Delayed 3 second(s)

2020-08-17 13:40:20 - [TEST_STEP][PASSED] - if (otpMessage[i] == "0"): Tapped on element 'Object Repository/Maya/login again/Spy-0'

2020-08-17 13:40:20 - [TEST_STEP][PASSED] - delay(1, STOP_ON_FAILURE): Delayed 1 second(s)

2020-08-17 13:40:21 - [MESSAGE][PASSED] - Delayed 1 second(s)

2020-08-17 13:40:21 - [TEST_STEP][PASSED] - tap(findTestObject("Maya/login again/Spy-0"), 0): Tapped on element 'Object Repository/Maya/login again/Spy-0'

2020-08-17 13:40:22 - [MESSAGE][WARNING] - Timeout '0' is invalid. Using default page load timeout: '10'

2020-08-17 13:40:24 - [MESSAGE][PASSED] - Tapped on element 'Object Repository/Maya/login again/Spy-0'

2020-08-17 13:40:24 - [TEST_STEP][PASSED] - if (otpMessage[i] == "1"): null

2020-08-17 13:40:24 - [TEST_STEP][PASSED] - if (otpMessage[i] == "2"): null

2020-08-17 13:40:24 - [TEST_STEP][PASSED] - if (otpMessage[i] == "3"): null

2020-08-17 13:40:24 - [TEST_STEP][PASSED] - if (otpMessage[i] == "4"): null

2020-08-17 13:40:24 - [TEST_STEP][PASSED] - if (otpMessage[i] == "5"): null

2020-08-17 13:40:24 - [TEST_STEP][PASSED] - if (otpMessage[i] == "6"): null

2020-08-17 13:40:24 - [TEST_STEP][PASSED] - if (otpMessage[i] == "7"): null

2020-08-17 13:40:24 - [TEST_STEP][PASSED] - if (otpMessage[i] == "8"): null

2020-08-17 13:40:24 - [TEST_STEP][PASSED] - if (otpMessage[i] == "9"): null

2020-08-17 13:40:24 - [TEST_STEP][PASSED] - delay(3, STOP_ON_FAILURE): Delayed 3 second(s)

2020-08-17 13:40:27 - [MESSAGE][PASSED] - Delayed 3 second(s)

2020-08-17 13:40:27 - [TEST_STEP][PASSED] - if (otpMessage[i] == "0"): null

2020-08-17 13:40:27 - [TEST_STEP][PASSED] - if (otpMessage[i] == "1"): null

2020-08-17 13:40:27 - [TEST_STEP][PASSED] - if (otpMessage[i] == "2"): null

2020-08-17 13:40:27 - [TEST_STEP][PASSED] - if (otpMessage[i] == "3"): null

2020-08-17 13:40:27 - [TEST_STEP][PASSED] - if (otpMessage[i] == "4"): null

2020-08-17 13:40:27 - [TEST_STEP][PASSED] - if (otpMessage[i] == "5"): null

2020-08-17 13:40:27 - [TEST_STEP][PASSED] - if (otpMessage[i] == "6"): null

2020-08-17 13:40:27 - [TEST_STEP][PASSED] - if (otpMessage[i] == "7"): null

2020-08-17 13:40:27 - [TEST_STEP][PASSED] - if (otpMessage[i] == "8"): Tapped on element 'Object Repository/Maya/login again/Spy - 8'

2020-08-17 13:40:27 - [TEST_STEP][PASSED] - delay(1, STOP_ON_FAILURE): Delayed 1 second(s)

2020-08-17 13:40:28 - [MESSAGE][PASSED] - Delayed 1 second(s)

2020-08-17 13:40:28 - [TEST_STEP][PASSED] - tap(findTestObject("Maya/login again/Spy - 8"), 0): Tapped on element 'Object Repository/Maya/login again/Spy - 8'

2020-08-17 13:40:28 - [MESSAGE][WARNING] - Timeout '0' is invalid. Using default page load timeout: '10'

2020-08-17 13:40:31 - [MESSAGE][PASSED] - Tapped on element 'Object Repository/Maya/login again/Spy - 8'

2020-08-17 13:40:31 - [TEST_STEP][PASSED] - if (otpMessage[i] == "9"): null

2020-08-17 13:40:31 - [TEST_STEP][PASSED] - delay(8, STOP_ON_FAILURE): Delayed 8 second(s)

2020-08-17 13:40:39 - [MESSAGE][PASSED] - Delayed 8 second(s)

2020-08-17 13:40:39 - [TEST_STEP][PASSED] - takeScreenshot("C:\Users\LENOVO\Screenshot\UpdateProfile\MobileUpdate.png", STOP_ON_FAILURE): Screenshot is taken

2020-08-17 13:40:40 - [MESSAGE][PASSED] - Screenshot is taken
[[ATTACHMENT|C:\\Users\\LENOVO\\Screenshot\\UpdateProfile\\MobileUpdate.png]]

2020-08-17 13:40:40 - [TEST_STEP][PASSED] - tap(findTestObject("Maya/Forgot Pin/android.widget.ImageView0 (7)"), 0): Tapped on element 'Object Repository/Maya/Forgot Pin/android.widget.ImageView0 (7)'

2020-08-17 13:40:40 - [MESSAGE][WARNING] - Timeout '0' is invalid. Using default page load timeout: '10'

2020-08-17 13:40:41 - [MESSAGE][PASSED] - Tapped on element 'Object Repository/Maya/Forgot Pin/android.widget.ImageView0 (7)'

2020-08-17 13:40:41 - [TEST_STEP][PASSED] - getText(findTestObject("Maya/update Profile/android.widget.TextView0 - 6016 XXXX 717"), 0): Text of element 'Object Repository/Maya/update Profile/android.widget.TextView0 - 6016 XXXX 717' is: '+6016 XXXX 717'

2020-08-17 13:40:41 - [MESSAGE][WARNING] - Timeout '0' is invalid. Using default page load timeout: '10'

2020-08-17 13:40:44 - [MESSAGE][PASSED] - Text of element 'Object Repository/Maya/update Profile/android.widget.TextView0 - 6016 XXXX 717' is: '+6016 XXXX 717'

2020-08-17 13:40:44 - [TEST_STEP][NOT_RUN] - tap(findTestObject("Maya/update Profile/android.widget.ImageView0 (1)"), 0): NOT_RUN: tap(findTestObject("Maya/update Profile/android.widget.ImageView0 (1)"), 0)

2020-08-17 13:40:44 - [MESSAGE][NOT_RUN] - NOT_RUN: tap(findTestObject("Maya/update Profile/android.widget.ImageView0 (1)"), 0)

2020-08-17 13:40:44 - [TEST_STEP][NOT_RUN] - tap(findTestObject("Maya/update Profile/android.widget.EditText0 - thgmail.com"), 0): NOT_RUN: tap(findTestObject("Maya/update Profile/android.widget.EditText0 - thgmail.com"), 0)

2020-08-17 13:40:44 - [MESSAGE][NOT_RUN] - NOT_RUN: tap(findTestObject("Maya/update Profile/android.widget.EditText0 - thgmail.com"), 0)

2020-08-17 13:40:44 - [TEST_STEP][PASSED] - setText(findTestObject("Maya/update Profile/android.widget.EditText0 - thgmail.com (1)"), "th", 0): Text 'th' has been set to element 'Object Repository/Maya/update Profile/android.widget.EditText0 - thgmail.com (1)'

2020-08-17 13:40:44 - [MESSAGE][WARNING] - Timeout '0' is invalid. Using default page load timeout: '10'

2020-08-17 13:40:46 - [MESSAGE][PASSED] - Text 'th' has been set to element 'Object Repository/Maya/update Profile/android.widget.EditText0 - thgmail.com (1)'

2020-08-17 13:40:46 - [TEST_STEP][PASSED] - driver.pressKeyCode(ENTER): null

2020-08-17 13:40:47 - [TEST_STEP][PASSED] - tap(findTestObject("Maya/update Profile/android.widget.TextView0 - Save Changes"), 0): Tapped on element 'Object Repository/Maya/update Profile/android.widget.TextView0 - Save Changes'

2020-08-17 13:40:47 - [MESSAGE][WARNING] - Timeout '0' is invalid. Using default page load timeout: '10'

2020-08-17 13:40:51 - [MESSAGE][PASSED] - Tapped on element 'Object Repository/Maya/update Profile/android.widget.TextView0 - Save Changes'

2020-08-17 13:40:51 - [TEST_STEP][NOT_RUN] - verifyElementExist(findTestObject("Maya/update Profile/android.widget.TextView0 - Please enter a valid email address."), 0, CONTINUE_ON_FAILURE): NOT_RUN: verifyElementExist(findTestObject("Maya/update Profile/android.widget.TextView0 - Please enter a valid email address."), 0, CONTINUE_ON_FAILURE)

2020-08-17 13:40:51 - [MESSAGE][NOT_RUN] - NOT_RUN: verifyElementExist(findTestObject("Maya/update Profile/android.widget.TextView0 - Please enter a valid email address."), 0, CONTINUE_ON_FAILURE)

2020-08-17 13:40:51 - [TEST_STEP][PASSED] - delay(2, STOP_ON_FAILURE): Delayed 2 second(s)

2020-08-17 13:40:53 - [MESSAGE][PASSED] - Delayed 2 second(s)

2020-08-17 13:40:53 - [TEST_STEP][PASSED] - takeScreenshot("C:\Users\LENOVO\Screenshot\UpdateProfile\Mobile.png", STOP_ON_FAILURE): Screenshot is taken

2020-08-17 13:40:53 - [MESSAGE][PASSED] - Screenshot is taken
[[ATTACHMENT|C:\\Users\\LENOVO\\Screenshot\\UpdateProfile\\Mobile.png]]

2020-08-17 13:40:53 - [TEST_STEP][PASSED] - setText(findTestObject("Maya/update Profile/android.widget.EditText0 - th"), "th@gmail.com", 0): Text 'th@gmail.com' has been set to element 'Object Repository/Maya/update Profile/android.widget.EditText0 - th'

2020-08-17 13:40:54 - [MESSAGE][WARNING] - Timeout '0' is invalid. Using default page load timeout: '10'

2020-08-17 13:40:55 - [MESSAGE][PASSED] - Text 'th@gmail.com' has been set to element 'Object Repository/Maya/update Profile/android.widget.EditText0 - th'

2020-08-17 13:40:55 - [TEST_STEP][PASSED] - driver.pressKeyCode(ENTER): null

2020-08-17 13:40:56 - [TEST_STEP][PASSED] - delay(2, STOP_ON_FAILURE): Delayed 2 second(s)

2020-08-17 13:40:58 - [MESSAGE][PASSED] - Delayed 2 second(s)

2020-08-17 13:40:58 - [TEST_STEP][PASSED] - takeScreenshot("C:\Users\LENOVO\Screenshot\UpdateProfile\Email_update.png", STOP_ON_FAILURE): Screenshot is taken

2020-08-17 13:40:59 - [MESSAGE][PASSED] - Screenshot is taken
[[ATTACHMENT|C:\\Users\\LENOVO\\Screenshot\\UpdateProfile\\Email_update.png]]

2020-08-17 13:40:59 - [TEST_STEP][PASSED] - tap(findTestObject("Maya/update Profile/android.widget.ImageView0 (3)"), 0, CONTINUE_ON_FAILURE): Tapped on element 'Object Repository/Maya/update Profile/android.widget.ImageView0 (3)'

2020-08-17 13:40:59 - [MESSAGE][WARNING] - Timeout '0' is invalid. Using default page load timeout: '10'

2020-08-17 13:41:01 - [MESSAGE][PASSED] - Tapped on element 'Object Repository/Maya/update Profile/android.widget.ImageView0 (3)'

2020-08-17 13:41:01 - [TEST_STEP][PASSED] - tap(findTestObject("Maya/update Profile/android.widget.TextView0 - Take a photo"), 0): Tapped on element 'Object Repository/Maya/update Profile/android.widget.TextView0 - Take a photo'

2020-08-17 13:41:01 - [MESSAGE][WARNING] - Timeout '0' is invalid. Using default page load timeout: '10'

2020-08-17 13:41:03 - [MESSAGE][PASSED] - Tapped on element 'Object Repository/Maya/update Profile/android.widget.TextView0 - Take a photo'

2020-08-17 13:41:03 - [TEST_STEP][PASSED] - takeScreenshot("C:\Users\LENOVO\Screenshot\UpdateProfile\Settings9.png", STOP_ON_FAILURE): Screenshot is taken

2020-08-17 13:41:03 - [MESSAGE][PASSED] - Screenshot is taken
[[ATTACHMENT|C:\\Users\\LENOVO\\Screenshot\\UpdateProfile\\Settings9.png]]

2020-08-17 13:41:04 - [TEST_STEP][PASSED] - tap(findTestObject("Maya/update Profile/android.widget.ImageView0 (4)"), 0): Tapped on element 'Object Repository/Maya/update Profile/android.widget.ImageView0 (4)'

2020-08-17 13:41:04 - [MESSAGE][WARNING] - Timeout '0' is invalid. Using default page load timeout: '10'

2020-08-17 13:41:05 - [MESSAGE][PASSED] - Tapped on element 'Object Repository/Maya/update Profile/android.widget.ImageView0 (4)'

2020-08-17 13:41:05 - [TEST_STEP][PASSED] - tap(findTestObject("Maya/update Profile/android.widget.ImageView0 (3)"), 0): Tapped on element 'Object Repository/Maya/update Profile/android.widget.ImageView0 (3)'

2020-08-17 13:41:05 - [MESSAGE][WARNING] - Timeout '0' is invalid. Using default page load timeout: '10'

2020-08-17 13:41:12 - [MESSAGE][PASSED] - Tapped on element 'Object Repository/Maya/update Profile/android.widget.ImageView0 (3)'

2020-08-17 13:41:12 - [TEST_STEP][PASSED] - tap(findTestObject("Maya/update Profile/android.widget.TextView0 - Take a photo"), 0): Tapped on element 'Object Repository/Maya/update Profile/android.widget.TextView0 - Take a photo'

2020-08-17 13:41:12 - [MESSAGE][WARNING] - Timeout '0' is invalid. Using default page load timeout: '10'

2020-08-17 13:41:14 - [MESSAGE][PASSED] - Tapped on element 'Object Repository/Maya/update Profile/android.widget.TextView0 - Take a photo'

2020-08-17 13:41:14 - [TEST_STEP][PASSED] - tap(findTestObject("Maya/update Profile/android.widget.ImageView0 (5)"), 0): Tapped on element 'Object Repository/Maya/update Profile/android.widget.ImageView0 (5)'

2020-08-17 13:41:14 - [MESSAGE][WARNING] - Timeout '0' is invalid. Using default page load timeout: '10'

2020-08-17 13:41:15 - [MESSAGE][PASSED] - Tapped on element 'Object Repository/Maya/update Profile/android.widget.ImageView0 (5)'

2020-08-17 13:41:15 - [TEST_STEP][PASSED] - tap(findTestObject("Maya/update Profile/android.widget.ImageView0 (3)"), 0): Tapped on element 'Object Repository/Maya/update Profile/android.widget.ImageView0 (3)'

2020-08-17 13:41:15 - [MESSAGE][WARNING] - Timeout '0' is invalid. Using default page load timeout: '10'

2020-08-17 13:41:17 - [MESSAGE][PASSED] - Tapped on element 'Object Repository/Maya/update Profile/android.widget.ImageView0 (3)'

2020-08-17 13:41:17 - [TEST_STEP][PASSED] - tap(findTestObject("Maya/update Profile/android.widget.TextView0 - Cancel"), 0): Tapped on element 'Object Repository/Maya/update Profile/android.widget.TextView0 - Cancel'

2020-08-17 13:41:18 - [MESSAGE][WARNING] - Timeout '0' is invalid. Using default page load timeout: '10'

2020-08-17 13:41:21 - [MESSAGE][PASSED] - Tapped on element 'Object Repository/Maya/update Profile/android.widget.TextView0 - Cancel'

2020-08-17 13:41:21 - [TEST_STEP][NOT_RUN] - tap(findTestObject("Maya/update Profile/android.widget.ImageView0 (3)"), 0): NOT_RUN: tap(findTestObject("Maya/update Profile/android.widget.ImageView0 (3)"), 0)

2020-08-17 13:41:21 - [MESSAGE][NOT_RUN] - NOT_RUN: tap(findTestObject("Maya/update Profile/android.widget.ImageView0 (3)"), 0)

2020-08-17 13:41:21 - [TEST_STEP][NOT_RUN] - tap(findTestObject("Maya/update Profile/android.widget.TextView0 - Choose from library"), 0): NOT_RUN: tap(findTestObject("Maya/update Profile/android.widget.TextView0 - Choose from library"), 0)

2020-08-17 13:41:21 - [MESSAGE][NOT_RUN] - NOT_RUN: tap(findTestObject("Maya/update Profile/android.widget.TextView0 - Choose from library"), 0)

2020-08-17 13:41:21 - [TEST_STEP][NOT_RUN] - tap(findTestObject("Maya/update Profile/android.widget.ImageView0 (6)"), 0): NOT_RUN: tap(findTestObject("Maya/update Profile/android.widget.ImageView0 (6)"), 0)

2020-08-17 13:41:21 - [MESSAGE][NOT_RUN] - NOT_RUN: tap(findTestObject("Maya/update Profile/android.widget.ImageView0 (6)"), 0)

2020-08-17 13:41:21 - [TEST_STEP][NOT_RUN] - tap(findTestObject("Maya/update Profile/android.widget.TextView0"), 0): NOT_RUN: tap(findTestObject("Maya/update Profile/android.widget.TextView0"), 0)

2020-08-17 13:41:21 - [MESSAGE][NOT_RUN] - NOT_RUN: tap(findTestObject("Maya/update Profile/android.widget.TextView0"), 0)

2020-08-17 13:41:21 - [TEST_STEP][PASSED] - takeScreenshot("C:\Users\LENOVO\Screenshot\UpdateProfile\Profile_update2.png", STOP_ON_FAILURE): Screenshot is taken

2020-08-17 13:41:22 - [MESSAGE][PASSED] - Screenshot is taken
[[ATTACHMENT|C:\\Users\\LENOVO\\Screenshot\\UpdateProfile\\Profile_update2.png]]

2020-08-17 13:41:22 - [TEST_STEP][PASSED] - delay(8, STOP_ON_FAILURE): Delayed 8 second(s)

2020-08-17 13:41:30 - [MESSAGE][PASSED] - Delayed 8 second(s)

2020-08-17 13:41:30 - [TEST_STEP][PASSED] - setText(findTestObject("Maya/update Profile/android.widget.EditText0 - th"), "thhij@gmail.com", 0): Text 'thhij@gmail.com' has been set to element 'Object Repository/Maya/update Profile/android.widget.EditText0 - th'

2020-08-17 13:41:30 - [MESSAGE][WARNING] - Timeout '0' is invalid. Using default page load timeout: '10'

2020-08-17 13:41:31 - [MESSAGE][PASSED] - Text 'thhij@gmail.com' has been set to element 'Object Repository/Maya/update Profile/android.widget.EditText0 - th'

2020-08-17 13:41:31 - [TEST_STEP][PASSED] - tap(findTestObject("Maya/update Profile/android.widget.TextView0 - Save Changes"), 0): Tapped on element 'Object Repository/Maya/update Profile/android.widget.TextView0 - Save Changes'

2020-08-17 13:41:31 - [MESSAGE][WARNING] - Timeout '0' is invalid. Using default page load timeout: '10'

2020-08-17 13:41:33 - [MESSAGE][PASSED] - Tapped on element 'Object Repository/Maya/update Profile/android.widget.TextView0 - Save Changes'

2020-08-17 13:41:33 - [TEST_STEP][PASSED] - verifyElementExist(findTestObject("Maya/update Profile/android.widget.TextView0 - Profile successfully updated."), 0, CONTINUE_ON_FAILURE): Element 'Object Repository/Maya/update Profile/android.widget.TextView0 - Profile successfully updated.' is exist

2020-08-17 13:41:33 - [MESSAGE][WARNING] - Timeout '0' is invalid. Using default page load timeout: '10'

2020-08-17 13:41:44 - [MESSAGE][PASSED] - Element 'Object Repository/Maya/update Profile/android.widget.TextView0 - Profile successfully updated.' is exist

2020-08-17 13:41:44 - [TEST_STEP][PASSED] - delay(2, STOP_ON_FAILURE): Delayed 2 second(s)

2020-08-17 13:41:46 - [MESSAGE][PASSED] - Delayed 2 second(s)

2020-08-17 13:41:46 - [TEST_STEP][PASSED] - takeScreenshot("C:\Users\LENOVO\Screenshot\UpdateProfile\Profile_update.png", STOP_ON_FAILURE): Screenshot is taken

2020-08-17 13:41:47 - [MESSAGE][PASSED] - Screenshot is taken
[[ATTACHMENT|C:\\Users\\LENOVO\\Screenshot\\UpdateProfile\\Profile_update.png]]

2020-08-17 13:41:47 - [TEST_STEP][PASSED] - closeApplication(): Close app successfully

2020-08-17 13:41:51 - [MESSAGE][PASSED] - Close app successfully

2020-08-17 13:41:51 - [TEST_STEP][NOT_RUN] - closeApplication(): NOT_RUN: closeApplication()

2020-08-17 13:41:51 - [MESSAGE][NOT_RUN] - NOT_RUN: closeApplication()]]></system-out>
         <system-err><![CDATA[]]></system-err>
      </testcase>
      <system-out><![CDATA[2020-08-17 13:35:59 - [TEST_SUITE][PASSED] - UAT Test Suite: Test Cases/JINU/Drop 2 Update Profile/Update Profile]]></system-out>
      <system-err><![CDATA[]]></system-err>
   </testsuite>
</testsuites>
