<?xml version="1.0" encoding="UTF-8"?>
<testsuites name="UAT Test Suite" time="707.932" tests="1" failures="0" errors="0">
   <testsuite name="UAT Test Suite" tests="1" failures="0" errors="0" time="707.932" timestamp="2020-08-17 14:03:18" hostname="LENOVO - DESKTOP-CP3TV4N" id="Test Suites/Maya UAT/UAT Test Suite">
      <properties>
         <property name="deviceName" value="Xiaomi Redmi Note 7S (Android 9)"/>
         <property name="devicePlatform" value=""/>
         <property name="logFolder" value="C:\\Users\\LENOVO\\Git_new\\Maya\\Reports\\20200817_140314\\Maya UAT\\UAT Test Suite\\20200817_140314"/>
         <property name="logFiles" value="C:\\Users\\LENOVO\\Git_new\\Maya\\Reports\\20200817_140314\\Maya UAT\\UAT Test Suite\\20200817_140314\\appium.log, C:\\Users\\LENOVO\\Git_new\\Maya\\Reports\\20200817_140314\\Maya UAT\\UAT Test Suite\\20200817_140314\\execution0.log"/>
         <property name="attachments" value="C:\\Users\\LENOVO\\Screenshot\\Forgot_Pin3\\Screen1.png, C:\\Users\\LENOVO\\Screenshot\\Forgot_Pin\\Screen1.png, C:\\Users\\LENOVO\\Screenshot\\UpdateProfile\\Profile_update.png, C:\\Users\\LENOVO\\Screenshot\\Forgot_Pin\\Screen2.png, C:\\Users\\LENOVO\\Screenshot\\Forgot_Pin3\\Screen4.png, C:\\Users\\LENOVO\\Screenshot\\Forgot_Pin\\Screen3.png, C:\\Users\\LENOVO\\Screenshot\\Forgot_Pin\\Screen4.png, C:\\Users\\LENOVO\\Screenshot\\Forgot_Pin\\Screen5.png, C:\\Users\\LENOVO\\Screenshot\\Forgot_Pin3\\Screen6.png, C:\\Users\\LENOVO\\Screenshot\\Forgot_Pin3\\Screen20.png, C:\\Users\\LENOVO\\Screenshot\\Forgot_Pin3\\Screen8.png, C:\\Users\\LENOVO\\Screenshot\\Forgot_Pin3\\Screen9.png, C:\\Users\\LENOVO\\Screenshot\\Forgot_Pin\\Confirm.png"/>
         <property name="hostName" value="LENOVO - DESKTOP-CP3TV4N"/>
         <property name="os" value="Windows 10 64bit"/>
         <property name="appiumServerStatus" value="{\&quot;value\&quot;:{\&quot;build\&quot;:{\&quot;version\&quot;:\&quot;1.15.1\&quot;}},\&quot;sessionId\&quot;:null,\&quot;status\&quot;:0}"/>
         <property name="katalonVersion" value="7.2.7.1"/>
         <property name="deviceOS" value="Android"/>
         <property name="appiumVersion" value="1.15.1"/>
         <property name="deviceModel" value="Redmi Note 7S"/>
         <property name="hostAddress" value="192.168.0.102"/>
         <property name="deviceManufacturer" value="Xiaomi"/>
         <property name="deviceId" value="11cb9864"/>
         <property name="deviceName" value="Xiaomi Redmi Note 7S (Android 9)"/>
         <property name="deviceOSVersion" value="9"/>
      </properties>
      <testcase name="Test Cases/JINU/Maya Forgot Pin/Maya Forgot Pin" time="706.3" classname="Test Cases/JINU/Maya Forgot Pin/Maya Forgot Pin" status="PASSED">
         <system-out><![CDATA[2020-08-17 14:03:18 - [TEST_CASE][PASSED] - Test Cases/JINU/Maya Forgot Pin/Maya Forgot Pin: Test Cases/JINU/Maya Forgot Pin/Maya Forgot Pin

2020-08-17 14:03:19 - [TEST_STEP][PASSED] - startApplication("C:\Users\LENOVO\Katalon Studio\app-uat-universal-release.apk", false): Started app at: 'C:\Users\LENOVO\Katalon Studio\app-uat-universal-release.apk'

2020-08-17 14:03:20 - [MESSAGE][INFO] - User set preference: ['appWaitActivity', '*']

2020-08-17 14:03:20 - [MESSAGE][INFO] - User set preference: ['appWaitPackage', 'com.maybank2u.life.uat']

2020-08-17 14:03:20 - [MESSAGE][INFO] - User set preference: ['appWaitDuration', '50,000']

2020-08-17 14:03:20 - [MESSAGE][INFO] - User set preference: ['deviceId', '11cb9864']

2020-08-17 14:03:23 - [MESSAGE][INFO] - Appium server started on port 55,988

2020-08-17 14:03:46 - [MESSAGE][PASSED] - Started app at: 'C:\Users\LENOVO\Katalon Studio\app-uat-universal-release.apk'

2020-08-17 14:03:46 - [TEST_STEP][PASSED] - tap(findTestObject("Maya/Forgot Pin/android.widget.TextView0 - Hello"), 0): Tapped on element 'Object Repository/Maya/Forgot Pin/android.widget.TextView0 - Hello'

2020-08-17 14:03:46 - [MESSAGE][WARNING] - Timeout '0' is invalid. Using default page load timeout: '10'

2020-08-17 14:04:59 - [MESSAGE][PASSED] - Tapped on element 'Object Repository/Maya/Forgot Pin/android.widget.TextView0 - Hello'

2020-08-17 14:04:59 - [TEST_STEP][PASSED] - takeScreenshot("C:\Users\LENOVO\Screenshot\Forgot_Pin3\Screen1.png", CONTINUE_ON_FAILURE): Screenshot is taken

2020-08-17 14:05:01 - [MESSAGE][PASSED] - Screenshot is taken
[[ATTACHMENT|C:\\Users\\LENOVO\\Screenshot\\Forgot_Pin3\\Screen1.png]]

2020-08-17 14:05:01 - [TEST_STEP][PASSED] - tap(findTestObject("Maya/Forgot Pin/android.widget.TextView0 - Forgot PIN"), 0): Tapped on element 'Object Repository/Maya/Forgot Pin/android.widget.TextView0 - Forgot PIN'

2020-08-17 14:05:01 - [MESSAGE][WARNING] - Timeout '0' is invalid. Using default page load timeout: '10'

2020-08-17 14:05:03 - [MESSAGE][PASSED] - Tapped on element 'Object Repository/Maya/Forgot Pin/android.widget.TextView0 - Forgot PIN'

2020-08-17 14:05:03 - [TEST_STEP][PASSED] - tap(findTestObject("Maya/Forgot Pin/android.widget.ImageView0"), 0): Tapped on element 'Object Repository/Maya/Forgot Pin/android.widget.ImageView0'

2020-08-17 14:05:03 - [MESSAGE][WARNING] - Timeout '0' is invalid. Using default page load timeout: '10'

2020-08-17 14:05:04 - [MESSAGE][PASSED] - Tapped on element 'Object Repository/Maya/Forgot Pin/android.widget.ImageView0'

2020-08-17 14:05:04 - [TEST_STEP][PASSED] - tap(findTestObject("Maya/Forgot Pin/android.widget.TextView0 - Hello"), 0): Tapped on element 'Object Repository/Maya/Forgot Pin/android.widget.TextView0 - Hello'

2020-08-17 14:05:04 - [MESSAGE][WARNING] - Timeout '0' is invalid. Using default page load timeout: '10'

2020-08-17 14:06:04 - [MESSAGE][PASSED] - Tapped on element 'Object Repository/Maya/Forgot Pin/android.widget.TextView0 - Hello'

2020-08-17 14:06:04 - [TEST_STEP][PASSED] - tap(findTestObject("Maya/Forgot Pin/android.widget.ImageView0 (1)"), 0): Tapped on element 'Object Repository/Maya/Forgot Pin/android.widget.ImageView0 (1)'

2020-08-17 14:06:05 - [MESSAGE][WARNING] - Timeout '0' is invalid. Using default page load timeout: '10'

2020-08-17 14:06:06 - [MESSAGE][PASSED] - Tapped on element 'Object Repository/Maya/Forgot Pin/android.widget.ImageView0 (1)'

2020-08-17 14:06:06 - [TEST_STEP][PASSED] - tap(findTestObject("Maya/Forgot Pin/android.widget.TextView0 - Hello"), 0): Tapped on element 'Object Repository/Maya/Forgot Pin/android.widget.TextView0 - Hello'

2020-08-17 14:06:06 - [MESSAGE][WARNING] - Timeout '0' is invalid. Using default page load timeout: '10'

2020-08-17 14:07:08 - [MESSAGE][PASSED] - Tapped on element 'Object Repository/Maya/Forgot Pin/android.widget.TextView0 - Hello'

2020-08-17 14:07:08 - [TEST_STEP][PASSED] - tap(findTestObject("Maya/Forgot Pin/android.widget.TextView0 - Forgot PIN"), 0): Tapped on element 'Object Repository/Maya/Forgot Pin/android.widget.TextView0 - Forgot PIN'

2020-08-17 14:07:08 - [MESSAGE][WARNING] - Timeout '0' is invalid. Using default page load timeout: '10'

2020-08-17 14:07:11 - [MESSAGE][PASSED] - Tapped on element 'Object Repository/Maya/Forgot Pin/android.widget.TextView0 - Forgot PIN'

2020-08-17 14:07:11 - [TEST_STEP][PASSED] - delay(2, STOP_ON_FAILURE): Delayed 2 second(s)

2020-08-17 14:07:13 - [MESSAGE][PASSED] - Delayed 2 second(s)

2020-08-17 14:07:13 - [TEST_STEP][PASSED] - takeScreenshot("C:\Users\LENOVO\Screenshot\Forgot_Pin\Screen1.png", CONTINUE_ON_FAILURE): Screenshot is taken

2020-08-17 14:07:14 - [MESSAGE][PASSED] - Screenshot is taken
[[ATTACHMENT|C:\\Users\\LENOVO\\Screenshot\\Forgot_Pin\\Screen1.png]]

2020-08-17 14:07:14 - [TEST_STEP][PASSED] - tap(findTestObject("Maya/Forgot Pin/android.widget.ImageView0 (2)"), 0): Tapped on element 'Object Repository/Maya/Forgot Pin/android.widget.ImageView0 (2)'

2020-08-17 14:07:14 - [MESSAGE][WARNING] - Timeout '0' is invalid. Using default page load timeout: '10'

2020-08-17 14:07:15 - [MESSAGE][PASSED] - Tapped on element 'Object Repository/Maya/Forgot Pin/android.widget.ImageView0 (2)'

2020-08-17 14:07:15 - [TEST_STEP][PASSED] - tap(findTestObject("Maya/Forgot Pin/android.widget.TextView0 - Hello"), 0): Tapped on element 'Object Repository/Maya/Forgot Pin/android.widget.TextView0 - Hello'

2020-08-17 14:07:15 - [MESSAGE][WARNING] - Timeout '0' is invalid. Using default page load timeout: '10'

2020-08-17 14:08:12 - [MESSAGE][PASSED] - Tapped on element 'Object Repository/Maya/Forgot Pin/android.widget.TextView0 - Hello'

2020-08-17 14:08:12 - [TEST_STEP][PASSED] - tap(findTestObject("Maya/Forgot Pin/android.widget.TextView0 - Forgot PIN"), 0): Tapped on element 'Object Repository/Maya/Forgot Pin/android.widget.TextView0 - Forgot PIN'

2020-08-17 14:08:12 - [MESSAGE][WARNING] - Timeout '0' is invalid. Using default page load timeout: '10'

2020-08-17 14:08:14 - [MESSAGE][PASSED] - Tapped on element 'Object Repository/Maya/Forgot Pin/android.widget.TextView0 - Forgot PIN'

2020-08-17 14:08:14 - [TEST_STEP][PASSED] - getText(findTestObject("Maya/Forgot Pin/android.widget.TextView0 - 6-digit PIN"), 0): Text of element 'Object Repository/Maya/Forgot Pin/android.widget.TextView0 - 6-digit PIN' is: '6-digit PIN'

2020-08-17 14:08:14 - [MESSAGE][WARNING] - Timeout '0' is invalid. Using default page load timeout: '10'

2020-08-17 14:08:15 - [MESSAGE][PASSED] - Text of element 'Object Repository/Maya/Forgot Pin/android.widget.TextView0 - 6-digit PIN' is: '6-digit PIN'

2020-08-17 14:08:15 - [TEST_STEP][PASSED] - verifyElementExist(findTestObject("Maya/Forgot Pin/android.widget.TextView0 - 6-digit PIN"), 0): Element 'Object Repository/Maya/Forgot Pin/android.widget.TextView0 - 6-digit PIN' is exist

2020-08-17 14:08:15 - [MESSAGE][WARNING] - Timeout '0' is invalid. Using default page load timeout: '10'

2020-08-17 14:08:15 - [MESSAGE][PASSED] - Element 'Object Repository/Maya/Forgot Pin/android.widget.TextView0 - 6-digit PIN' is exist

2020-08-17 14:08:15 - [TEST_STEP][PASSED] - takeScreenshot("C:\Users\LENOVO\Screenshot\UpdateProfile\Profile_update.png", STOP_ON_FAILURE): Screenshot is taken

2020-08-17 14:08:16 - [MESSAGE][PASSED] - Screenshot is taken
[[ATTACHMENT|C:\\Users\\LENOVO\\Screenshot\\UpdateProfile\\Profile_update.png]]

2020-08-17 14:08:16 - [TEST_STEP][PASSED] - delay(2, STOP_ON_FAILURE): Delayed 2 second(s)

2020-08-17 14:08:18 - [MESSAGE][PASSED] - Delayed 2 second(s)

2020-08-17 14:08:18 - [TEST_STEP][PASSED] - takeScreenshot("C:\Users\LENOVO\Screenshot\Forgot_Pin\Screen2.png", CONTINUE_ON_FAILURE): Screenshot is taken

2020-08-17 14:08:19 - [MESSAGE][PASSED] - Screenshot is taken
[[ATTACHMENT|C:\\Users\\LENOVO\\Screenshot\\Forgot_Pin\\Screen2.png]]

2020-08-17 14:08:19 - [TEST_STEP][PASSED] - getText(findTestObject("Maya/Forgot Pin/android.widget.TextView0 - This 6-digit PIN will be used each time you access your Wallet or as backup to your biometric login."), 0): Text of element 'Object Repository/Maya/Forgot Pin/android.widget.TextView0 - This 6-digit PIN will be used each time you access your Wallet or as backup to your biometric login.' is: 'This 6-digit PIN will be used each time you access your Wallet or as backup to your biometric login.'

2020-08-17 14:08:19 - [MESSAGE][WARNING] - Timeout '0' is invalid. Using default page load timeout: '10'

2020-08-17 14:08:20 - [MESSAGE][PASSED] - Text of element 'Object Repository/Maya/Forgot Pin/android.widget.TextView0 - This 6-digit PIN will be used each time you access your Wallet or as backup to your biometric login.' is: 'This 6-digit PIN will be used each time you access your Wallet or as backup to your biometric login.'

2020-08-17 14:08:20 - [TEST_STEP][PASSED] - verifyElementExist(findTestObject("Maya/Forgot Pin/android.widget.TextView0 - This 6-digit PIN will be used each time you access your Wallet or as backup to your biometric login."), 0): Element 'Object Repository/Maya/Forgot Pin/android.widget.TextView0 - This 6-digit PIN will be used each time you access your Wallet or as backup to your biometric login.' is exist

2020-08-17 14:08:20 - [MESSAGE][WARNING] - Timeout '0' is invalid. Using default page load timeout: '10'

2020-08-17 14:08:21 - [MESSAGE][PASSED] - Element 'Object Repository/Maya/Forgot Pin/android.widget.TextView0 - This 6-digit PIN will be used each time you access your Wallet or as backup to your biometric login.' is exist

2020-08-17 14:08:21 - [TEST_STEP][PASSED] - takeScreenshot("C:\Users\LENOVO\Screenshot\Forgot_Pin3\Screen4.png", CONTINUE_ON_FAILURE): Screenshot is taken

2020-08-17 14:08:22 - [MESSAGE][PASSED] - Screenshot is taken
[[ATTACHMENT|C:\\Users\\LENOVO\\Screenshot\\Forgot_Pin3\\Screen4.png]]

2020-08-17 14:08:22 - [TEST_STEP][PASSED] - getText(findTestObject("Maya/Forgot Pin/android.widget.TextView0 - Create your PIN for the app"), 0): Text of element 'Object Repository/Maya/Forgot Pin/android.widget.TextView0 - Create your PIN for the app' is: 'Create your PIN for the app'

2020-08-17 14:08:22 - [MESSAGE][WARNING] - Timeout '0' is invalid. Using default page load timeout: '10'

2020-08-17 14:08:22 - [MESSAGE][PASSED] - Text of element 'Object Repository/Maya/Forgot Pin/android.widget.TextView0 - Create your PIN for the app' is: 'Create your PIN for the app'

2020-08-17 14:08:22 - [TEST_STEP][PASSED] - tap(findTestObject("Maya/Forgot Pin/android.widget.TextView0 - 1"), 0): Tapped on element 'Object Repository/Maya/Forgot Pin/android.widget.TextView0 - 1'

2020-08-17 14:08:22 - [MESSAGE][WARNING] - Timeout '0' is invalid. Using default page load timeout: '10'

2020-08-17 14:08:25 - [MESSAGE][PASSED] - Tapped on element 'Object Repository/Maya/Forgot Pin/android.widget.TextView0 - 1'

2020-08-17 14:08:25 - [TEST_STEP][PASSED] - tap(findTestObject("Maya/Forgot Pin/android.widget.ImageView0 (3)"), 0): Tapped on element 'Object Repository/Maya/Forgot Pin/android.widget.ImageView0 (3)'

2020-08-17 14:08:25 - [MESSAGE][WARNING] - Timeout '0' is invalid. Using default page load timeout: '10'

2020-08-17 14:08:26 - [MESSAGE][PASSED] - Tapped on element 'Object Repository/Maya/Forgot Pin/android.widget.ImageView0 (3)'

2020-08-17 14:08:26 - [TEST_STEP][PASSED] - tap(findTestObject("Maya/Forgot Pin/android.widget.TextView0 - 1"), 0): Tapped on element 'Object Repository/Maya/Forgot Pin/android.widget.TextView0 - 1'

2020-08-17 14:08:26 - [MESSAGE][WARNING] - Timeout '0' is invalid. Using default page load timeout: '10'

2020-08-17 14:08:29 - [MESSAGE][PASSED] - Tapped on element 'Object Repository/Maya/Forgot Pin/android.widget.TextView0 - 1'

2020-08-17 14:08:29 - [TEST_STEP][PASSED] - tap(findTestObject("Maya/Forgot Pin/android.widget.TextView0 - 2"), 0): Tapped on element 'Object Repository/Maya/Forgot Pin/android.widget.TextView0 - 2'

2020-08-17 14:08:29 - [MESSAGE][WARNING] - Timeout '0' is invalid. Using default page load timeout: '10'

2020-08-17 14:08:31 - [MESSAGE][PASSED] - Tapped on element 'Object Repository/Maya/Forgot Pin/android.widget.TextView0 - 2'

2020-08-17 14:08:31 - [TEST_STEP][PASSED] - tap(findTestObject("Maya/Forgot Pin/android.widget.ImageView0 (4)"), 0): Tapped on element 'Object Repository/Maya/Forgot Pin/android.widget.ImageView0 (4)'

2020-08-17 14:08:31 - [MESSAGE][WARNING] - Timeout '0' is invalid. Using default page load timeout: '10'

2020-08-17 14:08:32 - [MESSAGE][PASSED] - Tapped on element 'Object Repository/Maya/Forgot Pin/android.widget.ImageView0 (4)'

2020-08-17 14:08:32 - [TEST_STEP][PASSED] - verifyElementExist(findTestObject("Maya/Forgot Pin/android.widget.TextView0 - PIN must consist of at least 6 digits."), 0, CONTINUE_ON_FAILURE): Element 'Object Repository/Maya/Forgot Pin/android.widget.TextView0 - PIN must consist of at least 6 digits.' is exist

2020-08-17 14:08:32 - [MESSAGE][WARNING] - Timeout '0' is invalid. Using default page load timeout: '10'

2020-08-17 14:08:33 - [MESSAGE][PASSED] - Element 'Object Repository/Maya/Forgot Pin/android.widget.TextView0 - PIN must consist of at least 6 digits.' is exist

2020-08-17 14:08:33 - [TEST_STEP][PASSED] - delay(2, STOP_ON_FAILURE): Delayed 2 second(s)

2020-08-17 14:08:35 - [MESSAGE][PASSED] - Delayed 2 second(s)

2020-08-17 14:08:35 - [TEST_STEP][PASSED] - takeScreenshot("C:\Users\LENOVO\Screenshot\Forgot_Pin\Screen3.png", CONTINUE_ON_FAILURE): Screenshot is taken

2020-08-17 14:08:36 - [MESSAGE][PASSED] - Screenshot is taken
[[ATTACHMENT|C:\\Users\\LENOVO\\Screenshot\\Forgot_Pin\\Screen3.png]]

2020-08-17 14:08:36 - [TEST_STEP][PASSED] - tap(findTestObject("Maya/Forgot Pin/android.widget.TextView0 - 2"), 0): Tapped on element 'Object Repository/Maya/Forgot Pin/android.widget.TextView0 - 2'

2020-08-17 14:08:36 - [MESSAGE][WARNING] - Timeout '0' is invalid. Using default page load timeout: '10'

2020-08-17 14:08:39 - [MESSAGE][PASSED] - Tapped on element 'Object Repository/Maya/Forgot Pin/android.widget.TextView0 - 2'

2020-08-17 14:08:39 - [TEST_STEP][PASSED] - tap(findTestObject("Maya/Forgot Pin/android.widget.TextView0 - 3"), 0): Tapped on element 'Object Repository/Maya/Forgot Pin/android.widget.TextView0 - 3'

2020-08-17 14:08:39 - [MESSAGE][WARNING] - Timeout '0' is invalid. Using default page load timeout: '10'

2020-08-17 14:08:41 - [MESSAGE][PASSED] - Tapped on element 'Object Repository/Maya/Forgot Pin/android.widget.TextView0 - 3'

2020-08-17 14:08:41 - [TEST_STEP][PASSED] - tap(findTestObject("Maya/Forgot Pin/android.widget.TextView0 - 0"), 0): Tapped on element 'Object Repository/Maya/Forgot Pin/android.widget.TextView0 - 0'

2020-08-17 14:08:41 - [MESSAGE][WARNING] - Timeout '0' is invalid. Using default page load timeout: '10'

2020-08-17 14:08:43 - [MESSAGE][PASSED] - Tapped on element 'Object Repository/Maya/Forgot Pin/android.widget.TextView0 - 0'

2020-08-17 14:08:43 - [TEST_STEP][PASSED] - tap(findTestObject("Maya/Forgot Pin/android.widget.TextView0 - 9"), 0): Tapped on element 'Object Repository/Maya/Forgot Pin/android.widget.TextView0 - 9'

2020-08-17 14:08:43 - [MESSAGE][WARNING] - Timeout '0' is invalid. Using default page load timeout: '10'

2020-08-17 14:08:46 - [MESSAGE][PASSED] - Tapped on element 'Object Repository/Maya/Forgot Pin/android.widget.TextView0 - 9'

2020-08-17 14:08:46 - [TEST_STEP][PASSED] - tap(findTestObject("Maya/Forgot Pin/android.widget.TextView0 - 8"), 0): Tapped on element 'Object Repository/Maya/Forgot Pin/android.widget.TextView0 - 8'

2020-08-17 14:08:46 - [MESSAGE][WARNING] - Timeout '0' is invalid. Using default page load timeout: '10'

2020-08-17 14:08:48 - [MESSAGE][PASSED] - Tapped on element 'Object Repository/Maya/Forgot Pin/android.widget.TextView0 - 8'

2020-08-17 14:08:48 - [TEST_STEP][PASSED] - tap(findTestObject("Maya/Forgot Pin/android.widget.TextView0 - 3"), 0): Tapped on element 'Object Repository/Maya/Forgot Pin/android.widget.TextView0 - 3'

2020-08-17 14:08:48 - [MESSAGE][WARNING] - Timeout '0' is invalid. Using default page load timeout: '10'

2020-08-17 14:08:51 - [MESSAGE][PASSED] - Tapped on element 'Object Repository/Maya/Forgot Pin/android.widget.TextView0 - 3'

2020-08-17 14:08:51 - [TEST_STEP][PASSED] - tap(findTestObject("Maya/Forgot Pin/android.widget.ImageView0 (4)"), 0): Tapped on element 'Object Repository/Maya/Forgot Pin/android.widget.ImageView0 (4)'

2020-08-17 14:08:51 - [MESSAGE][WARNING] - Timeout '0' is invalid. Using default page load timeout: '10'

2020-08-17 14:08:52 - [MESSAGE][PASSED] - Tapped on element 'Object Repository/Maya/Forgot Pin/android.widget.ImageView0 (4)'

2020-08-17 14:08:52 - [TEST_STEP][PASSED] - tap(findTestObject("Maya/Forgot Pin/android.widget.ImageView0"), 0): Tapped on element 'Object Repository/Maya/Forgot Pin/android.widget.ImageView0'

2020-08-17 14:08:52 - [MESSAGE][WARNING] - Timeout '0' is invalid. Using default page load timeout: '10'

2020-08-17 14:08:53 - [MESSAGE][PASSED] - Tapped on element 'Object Repository/Maya/Forgot Pin/android.widget.ImageView0'

2020-08-17 14:08:53 - [TEST_STEP][PASSED] - tap(findTestObject("Maya/Forgot Pin/android.widget.TextView0 - Test"), 0): Tapped on element 'Object Repository/Maya/Forgot Pin/android.widget.TextView0 - Test'

2020-08-17 14:08:53 - [MESSAGE][WARNING] - Timeout '0' is invalid. Using default page load timeout: '10'

2020-08-17 14:09:16 - [MESSAGE][PASSED] - Tapped on element 'Object Repository/Maya/Forgot Pin/android.widget.TextView0 - Test'

2020-08-17 14:09:16 - [TEST_STEP][PASSED] - tap(findTestObject("Maya/Forgot Pin/android.widget.TextView0 - Forgot PIN"), 0): Tapped on element 'Object Repository/Maya/Forgot Pin/android.widget.TextView0 - Forgot PIN'

2020-08-17 14:09:16 - [MESSAGE][WARNING] - Timeout '0' is invalid. Using default page load timeout: '10'

2020-08-17 14:09:18 - [MESSAGE][PASSED] - Tapped on element 'Object Repository/Maya/Forgot Pin/android.widget.TextView0 - Forgot PIN'

2020-08-17 14:09:18 - [TEST_STEP][PASSED] - tap(findTestObject("Maya/Forgot Pin/android.widget.TextView0 - 2"), 0): Tapped on element 'Object Repository/Maya/Forgot Pin/android.widget.TextView0 - 2'

2020-08-17 14:09:18 - [MESSAGE][WARNING] - Timeout '0' is invalid. Using default page load timeout: '10'

2020-08-17 14:09:20 - [MESSAGE][PASSED] - Tapped on element 'Object Repository/Maya/Forgot Pin/android.widget.TextView0 - 2'

2020-08-17 14:09:20 - [TEST_STEP][PASSED] - tap(findTestObject("Maya/Forgot Pin/android.widget.TextView0 - 3"), 0): Tapped on element 'Object Repository/Maya/Forgot Pin/android.widget.TextView0 - 3'

2020-08-17 14:09:20 - [MESSAGE][WARNING] - Timeout '0' is invalid. Using default page load timeout: '10'

2020-08-17 14:09:22 - [MESSAGE][PASSED] - Tapped on element 'Object Repository/Maya/Forgot Pin/android.widget.TextView0 - 3'

2020-08-17 14:09:22 - [TEST_STEP][PASSED] - tap(findTestObject("Maya/Forgot Pin/android.widget.TextView0 - 0"), 0): Tapped on element 'Object Repository/Maya/Forgot Pin/android.widget.TextView0 - 0'

2020-08-17 14:09:22 - [MESSAGE][WARNING] - Timeout '0' is invalid. Using default page load timeout: '10'

2020-08-17 14:09:25 - [MESSAGE][PASSED] - Tapped on element 'Object Repository/Maya/Forgot Pin/android.widget.TextView0 - 0'

2020-08-17 14:09:25 - [TEST_STEP][PASSED] - tap(findTestObject("Maya/Forgot Pin/android.widget.TextView0 - 9"), 0): Tapped on element 'Object Repository/Maya/Forgot Pin/android.widget.TextView0 - 9'

2020-08-17 14:09:25 - [MESSAGE][WARNING] - Timeout '0' is invalid. Using default page load timeout: '10'

2020-08-17 14:09:27 - [MESSAGE][PASSED] - Tapped on element 'Object Repository/Maya/Forgot Pin/android.widget.TextView0 - 9'

2020-08-17 14:09:27 - [TEST_STEP][PASSED] - tap(findTestObject("Maya/Forgot Pin/android.widget.TextView0 - 8"), 0): Tapped on element 'Object Repository/Maya/Forgot Pin/android.widget.TextView0 - 8'

2020-08-17 14:09:27 - [MESSAGE][WARNING] - Timeout '0' is invalid. Using default page load timeout: '10'

2020-08-17 14:09:29 - [MESSAGE][PASSED] - Tapped on element 'Object Repository/Maya/Forgot Pin/android.widget.TextView0 - 8'

2020-08-17 14:09:29 - [TEST_STEP][PASSED] - tap(findTestObject("Maya/Forgot Pin/android.widget.TextView0 - 3"), 0): Tapped on element 'Object Repository/Maya/Forgot Pin/android.widget.TextView0 - 3'

2020-08-17 14:09:29 - [MESSAGE][WARNING] - Timeout '0' is invalid. Using default page load timeout: '10'

2020-08-17 14:09:32 - [MESSAGE][PASSED] - Tapped on element 'Object Repository/Maya/Forgot Pin/android.widget.TextView0 - 3'

2020-08-17 14:09:32 - [TEST_STEP][PASSED] - tap(findTestObject("Maya/Forgot Pin/android.widget.ImageView0 (4)"), 0): Tapped on element 'Object Repository/Maya/Forgot Pin/android.widget.ImageView0 (4)'

2020-08-17 14:09:32 - [MESSAGE][WARNING] - Timeout '0' is invalid. Using default page load timeout: '10'

2020-08-17 14:09:33 - [MESSAGE][PASSED] - Tapped on element 'Object Repository/Maya/Forgot Pin/android.widget.ImageView0 (4)'

2020-08-17 14:09:33 - [TEST_STEP][PASSED] - getText(findTestObject("Maya/Forgot Pin/android.widget.TextView0 - Confirm your new 6-digit PIN"), 0): Text of element 'Object Repository/Maya/Forgot Pin/android.widget.TextView0 - Confirm your new 6-digit PIN' is: 'Confirm your new 6-digit PIN'

2020-08-17 14:09:33 - [MESSAGE][WARNING] - Timeout '0' is invalid. Using default page load timeout: '10'

2020-08-17 14:09:34 - [MESSAGE][PASSED] - Text of element 'Object Repository/Maya/Forgot Pin/android.widget.TextView0 - Confirm your new 6-digit PIN' is: 'Confirm your new 6-digit PIN'

2020-08-17 14:09:34 - [TEST_STEP][PASSED] - verifyElementExist(findTestObject("Maya/Forgot Pin/android.widget.TextView0 - Confirm your new 6-digit PIN"), 0): Element 'Object Repository/Maya/Forgot Pin/android.widget.TextView0 - Confirm your new 6-digit PIN' is exist

2020-08-17 14:09:34 - [MESSAGE][WARNING] - Timeout '0' is invalid. Using default page load timeout: '10'

2020-08-17 14:09:35 - [MESSAGE][PASSED] - Element 'Object Repository/Maya/Forgot Pin/android.widget.TextView0 - Confirm your new 6-digit PIN' is exist

2020-08-17 14:09:35 - [TEST_STEP][PASSED] - delay(2, STOP_ON_FAILURE): Delayed 2 second(s)

2020-08-17 14:09:37 - [MESSAGE][PASSED] - Delayed 2 second(s)

2020-08-17 14:09:37 - [TEST_STEP][PASSED] - takeScreenshot("C:\Users\LENOVO\Screenshot\Forgot_Pin\Screen4.png", CONTINUE_ON_FAILURE): Screenshot is taken

2020-08-17 14:09:38 - [MESSAGE][PASSED] - Screenshot is taken
[[ATTACHMENT|C:\\Users\\LENOVO\\Screenshot\\Forgot_Pin\\Screen4.png]]

2020-08-17 14:09:38 - [TEST_STEP][PASSED] - tap(findTestObject("Maya/Forgot Pin/android.widget.TextView0 - 1"), 0): Tapped on element 'Object Repository/Maya/Forgot Pin/android.widget.TextView0 - 1'

2020-08-17 14:09:38 - [MESSAGE][WARNING] - Timeout '0' is invalid. Using default page load timeout: '10'

2020-08-17 14:09:40 - [MESSAGE][PASSED] - Tapped on element 'Object Repository/Maya/Forgot Pin/android.widget.TextView0 - 1'

2020-08-17 14:09:40 - [TEST_STEP][PASSED] - tap(findTestObject("Maya/Forgot Pin/android.widget.TextView0 - 2"), 0): Tapped on element 'Object Repository/Maya/Forgot Pin/android.widget.TextView0 - 2'

2020-08-17 14:09:40 - [MESSAGE][WARNING] - Timeout '0' is invalid. Using default page load timeout: '10'

2020-08-17 14:09:42 - [MESSAGE][PASSED] - Tapped on element 'Object Repository/Maya/Forgot Pin/android.widget.TextView0 - 2'

2020-08-17 14:09:42 - [TEST_STEP][PASSED] - tap(findTestObject("Maya/Forgot Pin/android.widget.TextView0 - 3"), 0): Tapped on element 'Object Repository/Maya/Forgot Pin/android.widget.TextView0 - 3'

2020-08-17 14:09:42 - [MESSAGE][WARNING] - Timeout '0' is invalid. Using default page load timeout: '10'

2020-08-17 14:09:44 - [MESSAGE][PASSED] - Tapped on element 'Object Repository/Maya/Forgot Pin/android.widget.TextView0 - 3'

2020-08-17 14:09:44 - [TEST_STEP][PASSED] - tap(findTestObject("Maya/Forgot Pin/android.widget.TextView0 - 4"), 0): Tapped on element 'Object Repository/Maya/Forgot Pin/android.widget.TextView0 - 4'

2020-08-17 14:09:44 - [MESSAGE][WARNING] - Timeout '0' is invalid. Using default page load timeout: '10'

2020-08-17 14:09:46 - [MESSAGE][PASSED] - Tapped on element 'Object Repository/Maya/Forgot Pin/android.widget.TextView0 - 4'

2020-08-17 14:09:46 - [TEST_STEP][PASSED] - tap(findTestObject("Maya/Forgot Pin/android.widget.TextView0 - 5"), 0): Tapped on element 'Object Repository/Maya/Forgot Pin/android.widget.TextView0 - 5'

2020-08-17 14:09:46 - [MESSAGE][WARNING] - Timeout '0' is invalid. Using default page load timeout: '10'

2020-08-17 14:09:48 - [MESSAGE][PASSED] - Tapped on element 'Object Repository/Maya/Forgot Pin/android.widget.TextView0 - 5'

2020-08-17 14:09:48 - [TEST_STEP][PASSED] - tap(findTestObject("Maya/Forgot Pin/android.widget.TextView0 - 6"), 0): Tapped on element 'Object Repository/Maya/Forgot Pin/android.widget.TextView0 - 6'

2020-08-17 14:09:48 - [MESSAGE][WARNING] - Timeout '0' is invalid. Using default page load timeout: '10'

2020-08-17 14:09:51 - [MESSAGE][PASSED] - Tapped on element 'Object Repository/Maya/Forgot Pin/android.widget.TextView0 - 6'

2020-08-17 14:09:51 - [TEST_STEP][PASSED] - tap(findTestObject("Maya/Forgot Pin/android.widget.ImageView0 (4)"), 0): Tapped on element 'Object Repository/Maya/Forgot Pin/android.widget.ImageView0 (4)'

2020-08-17 14:09:51 - [MESSAGE][WARNING] - Timeout '0' is invalid. Using default page load timeout: '10'

2020-08-17 14:09:52 - [MESSAGE][PASSED] - Tapped on element 'Object Repository/Maya/Forgot Pin/android.widget.ImageView0 (4)'

2020-08-17 14:09:52 - [TEST_STEP][PASSED] - verifyElementExist(findTestObject("Maya/Forgot Pin/android.widget.TextView0 - PIN number entered is not same. Please enter again"), 0): Element 'Object Repository/Maya/Forgot Pin/android.widget.TextView0 - PIN number entered is not same. Please enter again' is exist

2020-08-17 14:09:52 - [MESSAGE][WARNING] - Timeout '0' is invalid. Using default page load timeout: '10'

2020-08-17 14:09:53 - [MESSAGE][PASSED] - Element 'Object Repository/Maya/Forgot Pin/android.widget.TextView0 - PIN number entered is not same. Please enter again' is exist

2020-08-17 14:09:53 - [TEST_STEP][PASSED] - delay(2, STOP_ON_FAILURE): Delayed 2 second(s)

2020-08-17 14:09:55 - [MESSAGE][PASSED] - Delayed 2 second(s)

2020-08-17 14:09:55 - [TEST_STEP][PASSED] - takeScreenshot("C:\Users\LENOVO\Screenshot\Forgot_Pin\Screen5.png", CONTINUE_ON_FAILURE): Screenshot is taken

2020-08-17 14:09:56 - [MESSAGE][PASSED] - Screenshot is taken
[[ATTACHMENT|C:\\Users\\LENOVO\\Screenshot\\Forgot_Pin\\Screen5.png]]

2020-08-17 14:09:56 - [TEST_STEP][PASSED] - tap(findTestObject("Maya/Forgot Pin/android.widget.ImageView0 (8)"), 0): Tapped on element 'Object Repository/Maya/Forgot Pin/android.widget.ImageView0 (8)'

2020-08-17 14:09:56 - [MESSAGE][WARNING] - Timeout '0' is invalid. Using default page load timeout: '10'

2020-08-17 14:09:57 - [MESSAGE][PASSED] - Tapped on element 'Object Repository/Maya/Forgot Pin/android.widget.ImageView0 (8)'

2020-08-17 14:09:57 - [TEST_STEP][PASSED] - tap(findTestObject("Maya/Forgot Pin/android.widget.ImageView0 (8)"), 0): Tapped on element 'Object Repository/Maya/Forgot Pin/android.widget.ImageView0 (8)'

2020-08-17 14:09:57 - [MESSAGE][WARNING] - Timeout '0' is invalid. Using default page load timeout: '10'

2020-08-17 14:09:58 - [MESSAGE][PASSED] - Tapped on element 'Object Repository/Maya/Forgot Pin/android.widget.ImageView0 (8)'

2020-08-17 14:09:58 - [TEST_STEP][PASSED] - tap(findTestObject("Maya/Forgot Pin/android.widget.ImageView0 (8)"), 0): Tapped on element 'Object Repository/Maya/Forgot Pin/android.widget.ImageView0 (8)'

2020-08-17 14:09:58 - [MESSAGE][WARNING] - Timeout '0' is invalid. Using default page load timeout: '10'

2020-08-17 14:09:59 - [MESSAGE][PASSED] - Tapped on element 'Object Repository/Maya/Forgot Pin/android.widget.ImageView0 (8)'

2020-08-17 14:09:59 - [TEST_STEP][PASSED] - tap(findTestObject("Maya/Forgot Pin/android.widget.ImageView0 (8)"), 0): Tapped on element 'Object Repository/Maya/Forgot Pin/android.widget.ImageView0 (8)'

2020-08-17 14:09:59 - [MESSAGE][WARNING] - Timeout '0' is invalid. Using default page load timeout: '10'

2020-08-17 14:10:01 - [MESSAGE][PASSED] - Tapped on element 'Object Repository/Maya/Forgot Pin/android.widget.ImageView0 (8)'

2020-08-17 14:10:01 - [TEST_STEP][PASSED] - tap(findTestObject("Maya/Forgot Pin/android.widget.ImageView0 (8)"), 0): Tapped on element 'Object Repository/Maya/Forgot Pin/android.widget.ImageView0 (8)'

2020-08-17 14:10:01 - [MESSAGE][WARNING] - Timeout '0' is invalid. Using default page load timeout: '10'

2020-08-17 14:10:02 - [MESSAGE][PASSED] - Tapped on element 'Object Repository/Maya/Forgot Pin/android.widget.ImageView0 (8)'

2020-08-17 14:10:02 - [TEST_STEP][PASSED] - tap(findTestObject("Maya/Forgot Pin/android.widget.ImageView0 (8)"), 0): Tapped on element 'Object Repository/Maya/Forgot Pin/android.widget.ImageView0 (8)'

2020-08-17 14:10:02 - [MESSAGE][WARNING] - Timeout '0' is invalid. Using default page load timeout: '10'

2020-08-17 14:10:04 - [MESSAGE][PASSED] - Tapped on element 'Object Repository/Maya/Forgot Pin/android.widget.ImageView0 (8)'

2020-08-17 14:10:04 - [TEST_STEP][PASSED] - tap(findTestObject("Maya/Forgot Pin/android.widget.ImageView0 (8)"), 0): Tapped on element 'Object Repository/Maya/Forgot Pin/android.widget.ImageView0 (8)'

2020-08-17 14:10:04 - [MESSAGE][WARNING] - Timeout '0' is invalid. Using default page load timeout: '10'

2020-08-17 14:10:05 - [MESSAGE][PASSED] - Tapped on element 'Object Repository/Maya/Forgot Pin/android.widget.ImageView0 (8)'

2020-08-17 14:10:05 - [TEST_STEP][PASSED] - tap(findTestObject("Maya/Forgot Pin/android.widget.ImageView0 (8)"), 0): Tapped on element 'Object Repository/Maya/Forgot Pin/android.widget.ImageView0 (8)'

2020-08-17 14:10:05 - [MESSAGE][WARNING] - Timeout '0' is invalid. Using default page load timeout: '10'

2020-08-17 14:10:06 - [MESSAGE][PASSED] - Tapped on element 'Object Repository/Maya/Forgot Pin/android.widget.ImageView0 (8)'

2020-08-17 14:10:06 - [TEST_STEP][PASSED] - tap(findTestObject("Maya/Forgot Pin/android.widget.TextView0 - 2"), 0): Tapped on element 'Object Repository/Maya/Forgot Pin/android.widget.TextView0 - 2'

2020-08-17 14:10:06 - [MESSAGE][WARNING] - Timeout '0' is invalid. Using default page load timeout: '10'

2020-08-17 14:10:08 - [MESSAGE][PASSED] - Tapped on element 'Object Repository/Maya/Forgot Pin/android.widget.TextView0 - 2'

2020-08-17 14:10:08 - [TEST_STEP][PASSED] - tap(findTestObject("Maya/Forgot Pin/android.widget.TextView0 - 3"), 0): Tapped on element 'Object Repository/Maya/Forgot Pin/android.widget.TextView0 - 3'

2020-08-17 14:10:08 - [MESSAGE][WARNING] - Timeout '0' is invalid. Using default page load timeout: '10'

2020-08-17 14:10:10 - [MESSAGE][PASSED] - Tapped on element 'Object Repository/Maya/Forgot Pin/android.widget.TextView0 - 3'

2020-08-17 14:10:10 - [TEST_STEP][PASSED] - tap(findTestObject("Maya/Forgot Pin/android.widget.TextView0 - 0"), 0): Tapped on element 'Object Repository/Maya/Forgot Pin/android.widget.TextView0 - 0'

2020-08-17 14:10:10 - [MESSAGE][WARNING] - Timeout '0' is invalid. Using default page load timeout: '10'

2020-08-17 14:10:12 - [MESSAGE][PASSED] - Tapped on element 'Object Repository/Maya/Forgot Pin/android.widget.TextView0 - 0'

2020-08-17 14:10:12 - [TEST_STEP][PASSED] - tap(findTestObject("Maya/Forgot Pin/android.widget.TextView0 - 9"), 0): Tapped on element 'Object Repository/Maya/Forgot Pin/android.widget.TextView0 - 9'

2020-08-17 14:10:12 - [MESSAGE][WARNING] - Timeout '0' is invalid. Using default page load timeout: '10'

2020-08-17 14:10:14 - [MESSAGE][PASSED] - Tapped on element 'Object Repository/Maya/Forgot Pin/android.widget.TextView0 - 9'

2020-08-17 14:10:14 - [TEST_STEP][PASSED] - tap(findTestObject("Maya/Forgot Pin/android.widget.TextView0 - 8"), 0): Tapped on element 'Object Repository/Maya/Forgot Pin/android.widget.TextView0 - 8'

2020-08-17 14:10:14 - [MESSAGE][WARNING] - Timeout '0' is invalid. Using default page load timeout: '10'

2020-08-17 14:10:16 - [MESSAGE][PASSED] - Tapped on element 'Object Repository/Maya/Forgot Pin/android.widget.TextView0 - 8'

2020-08-17 14:10:16 - [TEST_STEP][PASSED] - tap(findTestObject("Maya/Forgot Pin/android.widget.TextView0 - 3"), 0): Tapped on element 'Object Repository/Maya/Forgot Pin/android.widget.TextView0 - 3'

2020-08-17 14:10:16 - [MESSAGE][WARNING] - Timeout '0' is invalid. Using default page load timeout: '10'

2020-08-17 14:10:18 - [MESSAGE][PASSED] - Tapped on element 'Object Repository/Maya/Forgot Pin/android.widget.TextView0 - 3'

2020-08-17 14:10:18 - [TEST_STEP][PASSED] - tap(findTestObject("Maya/Forgot Pin/android.widget.ImageView0 (4)"), 0): Tapped on element 'Object Repository/Maya/Forgot Pin/android.widget.ImageView0 (4)'

2020-08-17 14:10:19 - [MESSAGE][WARNING] - Timeout '0' is invalid. Using default page load timeout: '10'

2020-08-17 14:10:19 - [MESSAGE][PASSED] - Tapped on element 'Object Repository/Maya/Forgot Pin/android.widget.ImageView0 (4)'

2020-08-17 14:10:19 - [TEST_STEP][NOT_RUN] - tap(findTestObject("Maya/Forgot Pin/android.widget.TextView0 - Confirm"), 0): NOT_RUN: tap(findTestObject("Maya/Forgot Pin/android.widget.TextView0 - Confirm"), 0)

2020-08-17 14:10:19 - [MESSAGE][NOT_RUN] - NOT_RUN: tap(findTestObject("Maya/Forgot Pin/android.widget.TextView0 - Confirm"), 0)

2020-08-17 14:10:19 - [TEST_STEP][NOT_RUN] - tap(findTestObject("Maya/Forgot Pin/android.widget.ImageView0 (5)"), 0): NOT_RUN: tap(findTestObject("Maya/Forgot Pin/android.widget.ImageView0 (5)"), 0)

2020-08-17 14:10:19 - [MESSAGE][NOT_RUN] - NOT_RUN: tap(findTestObject("Maya/Forgot Pin/android.widget.ImageView0 (5)"), 0)

2020-08-17 14:10:19 - [TEST_STEP][NOT_RUN] - tap(findTestObject("Maya/Forgot Pin/android.widget.ImageView0"), 0): NOT_RUN: tap(findTestObject("Maya/Forgot Pin/android.widget.ImageView0"), 0)

2020-08-17 14:10:19 - [MESSAGE][NOT_RUN] - NOT_RUN: tap(findTestObject("Maya/Forgot Pin/android.widget.ImageView0"), 0)

2020-08-17 14:10:19 - [TEST_STEP][PASSED] - tap(findTestObject("Maya/Forgot Pin/android.widget.TextView0 - Not Mine"), 0): Tapped on element 'Object Repository/Maya/Forgot Pin/android.widget.TextView0 - Not Mine'

2020-08-17 14:10:19 - [MESSAGE][WARNING] - Timeout '0' is invalid. Using default page load timeout: '10'

2020-08-17 14:10:22 - [MESSAGE][PASSED] - Tapped on element 'Object Repository/Maya/Forgot Pin/android.widget.TextView0 - Not Mine'

2020-08-17 14:10:22 - [TEST_STEP][PASSED] - getText(findTestObject("Maya/Forgot Pin/android.widget.TextView0 - Contact Bank"), 0): Text of element 'Object Repository/Maya/Forgot Pin/android.widget.TextView0 - Contact Bank' is: 'Contact Bank'

2020-08-17 14:10:22 - [MESSAGE][WARNING] - Timeout '0' is invalid. Using default page load timeout: '10'

2020-08-17 14:10:22 - [MESSAGE][PASSED] - Text of element 'Object Repository/Maya/Forgot Pin/android.widget.TextView0 - Contact Bank' is: 'Contact Bank'

2020-08-17 14:10:22 - [TEST_STEP][PASSED] - takeScreenshot("C:\Users\LENOVO\Screenshot\Forgot_Pin3\Screen6.png", CONTINUE_ON_FAILURE): Screenshot is taken

2020-08-17 14:10:23 - [MESSAGE][PASSED] - Screenshot is taken
[[ATTACHMENT|C:\\Users\\LENOVO\\Screenshot\\Forgot_Pin3\\Screen6.png]]

2020-08-17 14:10:23 - [TEST_STEP][PASSED] - getText(findTestObject("Maya/Forgot Pin/android.widget.TextView0 - For any enquiries regarding your account please call the Customer Care Hotline at 1 300 88 6688."), 0): Text of element 'Object Repository/Maya/Forgot Pin/android.widget.TextView0 - For any enquiries regarding your account please call the Customer Care Hotline at 1 300 88 6688.' is: 'For any enquiries regarding your account, please call the Customer Care Hotline at 1 300 88 6688.'

2020-08-17 14:10:23 - [MESSAGE][WARNING] - Timeout '0' is invalid. Using default page load timeout: '10'

2020-08-17 14:10:23 - [MESSAGE][PASSED] - Text of element 'Object Repository/Maya/Forgot Pin/android.widget.TextView0 - For any enquiries regarding your account please call the Customer Care Hotline at 1 300 88 6688.' is: 'For any enquiries regarding your account, please call the Customer Care Hotline at 1 300 88 6688.'

2020-08-17 14:10:23 - [TEST_STEP][PASSED] - tap(findTestObject("Maya/Forgot Pin/android.widget.ImageView0 (6)"), 0): Tapped on element 'Object Repository/Maya/Forgot Pin/android.widget.ImageView0 (6)'

2020-08-17 14:10:23 - [MESSAGE][WARNING] - Timeout '0' is invalid. Using default page load timeout: '10'

2020-08-17 14:10:24 - [MESSAGE][PASSED] - Tapped on element 'Object Repository/Maya/Forgot Pin/android.widget.ImageView0 (6)'

2020-08-17 14:10:24 - [TEST_STEP][PASSED] - tap(findTestObject("Maya/Forgot Pin/android.widget.TextView0 - Not Mine"), 0): Tapped on element 'Object Repository/Maya/Forgot Pin/android.widget.TextView0 - Not Mine'

2020-08-17 14:10:24 - [MESSAGE][WARNING] - Timeout '0' is invalid. Using default page load timeout: '10'

2020-08-17 14:10:26 - [MESSAGE][PASSED] - Tapped on element 'Object Repository/Maya/Forgot Pin/android.widget.TextView0 - Not Mine'

2020-08-17 14:10:26 - [TEST_STEP][PASSED] - tap(findTestObject("Maya/Forgot Pin/android.widget.TextView0 - Call Now"), 0): Tapped on element 'Object Repository/Maya/Forgot Pin/android.widget.TextView0 - Call Now'

2020-08-17 14:10:27 - [MESSAGE][WARNING] - Timeout '0' is invalid. Using default page load timeout: '10'

2020-08-17 14:10:28 - [MESSAGE][PASSED] - Tapped on element 'Object Repository/Maya/Forgot Pin/android.widget.TextView0 - Call Now'

2020-08-17 14:10:28 - [TEST_STEP][PASSED] - tap(findTestObject("Maya/Forgot Pin/android.widget.Button0 - CANCEL"), 0): Tapped on element 'Object Repository/Maya/Forgot Pin/android.widget.Button0 - CANCEL'

2020-08-17 14:10:28 - [MESSAGE][WARNING] - Timeout '0' is invalid. Using default page load timeout: '10'

2020-08-17 14:10:29 - [MESSAGE][PASSED] - Tapped on element 'Object Repository/Maya/Forgot Pin/android.widget.Button0 - CANCEL'

2020-08-17 14:10:29 - [TEST_STEP][PASSED] - tap(findTestObject("Maya/Forgot Pin/android.widget.TextView0 - Not Mine"), 0): Tapped on element 'Object Repository/Maya/Forgot Pin/android.widget.TextView0 - Not Mine'

2020-08-17 14:10:29 - [MESSAGE][WARNING] - Timeout '0' is invalid. Using default page load timeout: '10'

2020-08-17 14:10:31 - [MESSAGE][PASSED] - Tapped on element 'Object Repository/Maya/Forgot Pin/android.widget.TextView0 - Not Mine'

2020-08-17 14:10:31 - [TEST_STEP][PASSED] - tap(findTestObject("Maya/Forgot Pin/android.widget.TextView0 - Call Now"), 0): Tapped on element 'Object Repository/Maya/Forgot Pin/android.widget.TextView0 - Call Now'

2020-08-17 14:10:31 - [MESSAGE][WARNING] - Timeout '0' is invalid. Using default page load timeout: '10'

2020-08-17 14:10:32 - [MESSAGE][PASSED] - Tapped on element 'Object Repository/Maya/Forgot Pin/android.widget.TextView0 - Call Now'

2020-08-17 14:10:32 - [TEST_STEP][PASSED] - getText(findTestObject("Maya/Forgot Pin/android.widget.TextView0 - 1300886688"), 0): Text of element 'Object Repository/Maya/Forgot Pin/android.widget.TextView0 - 1300886688' is: '1300886688'

2020-08-17 14:10:32 - [MESSAGE][WARNING] - Timeout '0' is invalid. Using default page load timeout: '10'

2020-08-17 14:10:32 - [MESSAGE][PASSED] - Text of element 'Object Repository/Maya/Forgot Pin/android.widget.TextView0 - 1300886688' is: '1300886688'

2020-08-17 14:10:32 - [TEST_STEP][PASSED] - verifyElementExist(findTestObject("Maya/Forgot Pin/android.widget.Button0 - CALL"), 0): Element 'Object Repository/Maya/Forgot Pin/android.widget.Button0 - CALL' is exist

2020-08-17 14:10:33 - [MESSAGE][WARNING] - Timeout '0' is invalid. Using default page load timeout: '10'

2020-08-17 14:10:33 - [MESSAGE][PASSED] - Element 'Object Repository/Maya/Forgot Pin/android.widget.Button0 - CALL' is exist

2020-08-17 14:10:33 - [TEST_STEP][PASSED] - tap(findTestObject("Maya/Forgot Pin/android.widget.Button0 - CANCEL"), 0): Tapped on element 'Object Repository/Maya/Forgot Pin/android.widget.Button0 - CANCEL'

2020-08-17 14:10:34 - [MESSAGE][WARNING] - Timeout '0' is invalid. Using default page load timeout: '10'

2020-08-17 14:10:35 - [MESSAGE][PASSED] - Tapped on element 'Object Repository/Maya/Forgot Pin/android.widget.Button0 - CANCEL'

2020-08-17 14:10:35 - [TEST_STEP][PASSED] - tap(findTestObject("Maya/Forgot Pin/android.widget.TextView0 - Confirm"), 0): Tapped on element 'Object Repository/Maya/Forgot Pin/android.widget.TextView0 - Confirm'

2020-08-17 14:10:35 - [MESSAGE][WARNING] - Timeout '0' is invalid. Using default page load timeout: '10'

2020-08-17 14:10:38 - [MESSAGE][PASSED] - Tapped on element 'Object Repository/Maya/Forgot Pin/android.widget.TextView0 - Confirm'

2020-08-17 14:10:38 - [TEST_STEP][PASSED] - tap(findTestObject("Maya/Forgot Pin/android.widget.TextView0 - Resend OTP in"), 0): Tapped on element 'Object Repository/Maya/Forgot Pin/android.widget.TextView0 - Resend OTP in'

2020-08-17 14:10:38 - [MESSAGE][WARNING] - Timeout '0' is invalid. Using default page load timeout: '10'

2020-08-17 14:10:40 - [MESSAGE][PASSED] - Tapped on element 'Object Repository/Maya/Forgot Pin/android.widget.TextView0 - Resend OTP in'

2020-08-17 14:10:40 - [TEST_STEP][PASSED] - delay(120, CONTINUE_ON_FAILURE): Delayed 120 second(s)

2020-08-17 14:12:40 - [MESSAGE][PASSED] - Delayed 120 second(s)

2020-08-17 14:12:40 - [TEST_STEP][PASSED] - takeScreenshot("C:\Users\LENOVO\Screenshot\Forgot_Pin3\Screen20.png", CONTINUE_ON_FAILURE): Screenshot is taken

2020-08-17 14:12:41 - [MESSAGE][PASSED] - Screenshot is taken
[[ATTACHMENT|C:\\Users\\LENOVO\\Screenshot\\Forgot_Pin3\\Screen20.png]]

2020-08-17 14:12:41 - [TEST_STEP][PASSED] - tap(findTestObject("Maya/Forgot Pin/android.widget.TextView0 - OTP timeout. Resend OTP"), 0): Tapped on element 'Object Repository/Maya/Forgot Pin/android.widget.TextView0 - OTP timeout. Resend OTP'

2020-08-17 14:12:41 - [MESSAGE][WARNING] - Timeout '0' is invalid. Using default page load timeout: '10'

2020-08-17 14:12:44 - [MESSAGE][PASSED] - Tapped on element 'Object Repository/Maya/Forgot Pin/android.widget.TextView0 - OTP timeout. Resend OTP'

2020-08-17 14:12:44 - [TEST_STEP][PASSED] - otpMessage = getText(findTestObject("Maya/Third Party CA account/android.widget.TextView0 - Your OTP no. is 460943"), 0): Text of element 'Object Repository/Maya/Third Party CA account/android.widget.TextView0 - Your OTP no. is 460943' is: 'Your OTP no. is 539501'

2020-08-17 14:12:44 - [MESSAGE][WARNING] - Timeout '0' is invalid. Using default page load timeout: '10'

2020-08-17 14:12:45 - [MESSAGE][PASSED] - Text of element 'Object Repository/Maya/Third Party CA account/android.widget.TextView0 - Your OTP no. is 460943' is: 'Your OTP no. is 539501'

2020-08-17 14:12:45 - [TEST_STEP][NOT_RUN] - verifyEqual(otpMessage[20], "Y"): NOT_RUN: verifyEqual(otpMessage[20], "Y")

2020-08-17 14:12:45 - [MESSAGE][NOT_RUN] - NOT_RUN: verifyEqual(otpMessage[20], "Y")

2020-08-17 14:12:45 - [TEST_STEP][PASSED] - delay(2): Delayed 2 second(s)

2020-08-17 14:12:47 - [MESSAGE][PASSED] - Delayed 2 second(s)

2020-08-17 14:12:47 - [TEST_STEP][PASSED] - takeScreenshot("C:\Users\LENOVO\Screenshot\Forgot_Pin3\Screen8.png", CONTINUE_ON_FAILURE): Screenshot is taken

2020-08-17 14:12:48 - [MESSAGE][PASSED] - Screenshot is taken
[[ATTACHMENT|C:\\Users\\LENOVO\\Screenshot\\Forgot_Pin3\\Screen8.png]]

2020-08-17 14:12:48 - [TEST_STEP][PASSED] - for ([i = 16, i <= 21, (i++)]): null

2020-08-17 14:12:48 - [TEST_STEP][PASSED] - delay(3, STOP_ON_FAILURE): Delayed 3 second(s)

2020-08-17 14:12:51 - [MESSAGE][PASSED] - Delayed 3 second(s)

2020-08-17 14:12:51 - [TEST_STEP][PASSED] - if (otpMessage[i] == "0"): null

2020-08-17 14:12:51 - [TEST_STEP][PASSED] - if (otpMessage[i] == "1"): null

2020-08-17 14:12:51 - [TEST_STEP][PASSED] - if (otpMessage[i] == "2"): null

2020-08-17 14:12:51 - [TEST_STEP][PASSED] - if (otpMessage[i] == "3"): null

2020-08-17 14:12:51 - [TEST_STEP][PASSED] - if (otpMessage[i] == "4"): null

2020-08-17 14:12:51 - [TEST_STEP][PASSED] - if (otpMessage[i] == "5"): Tapped on element 'Object Repository/Maya/login again/Spy- 5'

2020-08-17 14:12:51 - [TEST_STEP][PASSED] - delay(1, STOP_ON_FAILURE): Delayed 1 second(s)

2020-08-17 14:12:52 - [MESSAGE][PASSED] - Delayed 1 second(s)

2020-08-17 14:12:52 - [TEST_STEP][PASSED] - tap(findTestObject("Maya/login again/Spy- 5"), 0): Tapped on element 'Object Repository/Maya/login again/Spy- 5'

2020-08-17 14:12:52 - [MESSAGE][WARNING] - Timeout '0' is invalid. Using default page load timeout: '10'

2020-08-17 14:12:57 - [MESSAGE][PASSED] - Tapped on element 'Object Repository/Maya/login again/Spy- 5'

2020-08-17 14:12:57 - [TEST_STEP][PASSED] - if (otpMessage[i] == "6"): null

2020-08-17 14:12:57 - [TEST_STEP][PASSED] - if (otpMessage[i] == "7"): null

2020-08-17 14:12:57 - [TEST_STEP][PASSED] - if (otpMessage[i] == "8"): null

2020-08-17 14:12:57 - [TEST_STEP][PASSED] - if (otpMessage[i] == "9"): null

2020-08-17 14:12:57 - [TEST_STEP][PASSED] - delay(3, STOP_ON_FAILURE): Delayed 3 second(s)

2020-08-17 14:13:00 - [MESSAGE][PASSED] - Delayed 3 second(s)

2020-08-17 14:13:00 - [TEST_STEP][PASSED] - if (otpMessage[i] == "0"): null

2020-08-17 14:13:00 - [TEST_STEP][PASSED] - if (otpMessage[i] == "1"): null

2020-08-17 14:13:00 - [TEST_STEP][PASSED] - if (otpMessage[i] == "2"): null

2020-08-17 14:13:00 - [TEST_STEP][PASSED] - if (otpMessage[i] == "3"): Tapped on element 'Object Repository/Maya/login again/Spy- 3'

2020-08-17 14:13:00 - [TEST_STEP][PASSED] - delay(1, STOP_ON_FAILURE): Delayed 1 second(s)

2020-08-17 14:13:01 - [MESSAGE][PASSED] - Delayed 1 second(s)

2020-08-17 14:13:01 - [TEST_STEP][NOT_RUN] - tap(findTestObject("MAYA SIT v118/spy/TAC - keypad 3"), 0): NOT_RUN: tap(findTestObject("MAYA SIT v118/spy/TAC - keypad 3"), 0)

2020-08-17 14:13:01 - [MESSAGE][NOT_RUN] - NOT_RUN: tap(findTestObject("MAYA SIT v118/spy/TAC - keypad 3"), 0)

2020-08-17 14:13:01 - [TEST_STEP][PASSED] - tap(findTestObject("Maya/login again/Spy- 3"), 0): Tapped on element 'Object Repository/Maya/login again/Spy- 3'

2020-08-17 14:13:01 - [MESSAGE][WARNING] - Timeout '0' is invalid. Using default page load timeout: '10'

2020-08-17 14:13:04 - [MESSAGE][PASSED] - Tapped on element 'Object Repository/Maya/login again/Spy- 3'

2020-08-17 14:13:04 - [TEST_STEP][PASSED] - if (otpMessage[i] == "4"): null

2020-08-17 14:13:04 - [TEST_STEP][PASSED] - if (otpMessage[i] == "5"): null

2020-08-17 14:13:04 - [TEST_STEP][PASSED] - if (otpMessage[i] == "6"): null

2020-08-17 14:13:04 - [TEST_STEP][PASSED] - if (otpMessage[i] == "7"): null

2020-08-17 14:13:04 - [TEST_STEP][PASSED] - if (otpMessage[i] == "8"): null

2020-08-17 14:13:04 - [TEST_STEP][PASSED] - if (otpMessage[i] == "9"): null

2020-08-17 14:13:04 - [TEST_STEP][PASSED] - delay(3, STOP_ON_FAILURE): Delayed 3 second(s)

2020-08-17 14:13:07 - [MESSAGE][PASSED] - Delayed 3 second(s)

2020-08-17 14:13:07 - [TEST_STEP][PASSED] - if (otpMessage[i] == "0"): null

2020-08-17 14:13:07 - [TEST_STEP][PASSED] - if (otpMessage[i] == "1"): null

2020-08-17 14:13:07 - [TEST_STEP][PASSED] - if (otpMessage[i] == "2"): null

2020-08-17 14:13:07 - [TEST_STEP][PASSED] - if (otpMessage[i] == "3"): null

2020-08-17 14:13:07 - [TEST_STEP][PASSED] - if (otpMessage[i] == "4"): null

2020-08-17 14:13:07 - [TEST_STEP][PASSED] - if (otpMessage[i] == "5"): null

2020-08-17 14:13:07 - [TEST_STEP][PASSED] - if (otpMessage[i] == "6"): null

2020-08-17 14:13:07 - [TEST_STEP][PASSED] - if (otpMessage[i] == "7"): null

2020-08-17 14:13:07 - [TEST_STEP][PASSED] - if (otpMessage[i] == "8"): null

2020-08-17 14:13:07 - [TEST_STEP][PASSED] - if (otpMessage[i] == "9"): Tapped on element 'Object Repository/Maya/login again/Spy- 9'

2020-08-17 14:13:07 - [TEST_STEP][PASSED] - delay(1, STOP_ON_FAILURE): Delayed 1 second(s)

2020-08-17 14:13:08 - [MESSAGE][PASSED] - Delayed 1 second(s)

2020-08-17 14:13:08 - [TEST_STEP][PASSED] - tap(findTestObject("Maya/login again/Spy- 9"), 0): Tapped on element 'Object Repository/Maya/login again/Spy- 9'

2020-08-17 14:13:08 - [MESSAGE][WARNING] - Timeout '0' is invalid. Using default page load timeout: '10'

2020-08-17 14:13:11 - [MESSAGE][PASSED] - Tapped on element 'Object Repository/Maya/login again/Spy- 9'

2020-08-17 14:13:11 - [TEST_STEP][PASSED] - delay(3, STOP_ON_FAILURE): Delayed 3 second(s)

2020-08-17 14:13:14 - [MESSAGE][PASSED] - Delayed 3 second(s)

2020-08-17 14:13:14 - [TEST_STEP][PASSED] - if (otpMessage[i] == "0"): null

2020-08-17 14:13:14 - [TEST_STEP][PASSED] - if (otpMessage[i] == "1"): null

2020-08-17 14:13:14 - [TEST_STEP][PASSED] - if (otpMessage[i] == "2"): null

2020-08-17 14:13:14 - [TEST_STEP][PASSED] - if (otpMessage[i] == "3"): null

2020-08-17 14:13:14 - [TEST_STEP][PASSED] - if (otpMessage[i] == "4"): null

2020-08-17 14:13:14 - [TEST_STEP][PASSED] - if (otpMessage[i] == "5"): Tapped on element 'Object Repository/Maya/login again/Spy- 5'

2020-08-17 14:13:14 - [TEST_STEP][PASSED] - delay(1, STOP_ON_FAILURE): Delayed 1 second(s)

2020-08-17 14:13:15 - [MESSAGE][PASSED] - Delayed 1 second(s)

2020-08-17 14:13:15 - [TEST_STEP][PASSED] - tap(findTestObject("Maya/login again/Spy- 5"), 0): Tapped on element 'Object Repository/Maya/login again/Spy- 5'

2020-08-17 14:13:15 - [MESSAGE][WARNING] - Timeout '0' is invalid. Using default page load timeout: '10'

2020-08-17 14:13:18 - [MESSAGE][PASSED] - Tapped on element 'Object Repository/Maya/login again/Spy- 5'

2020-08-17 14:13:18 - [TEST_STEP][PASSED] - if (otpMessage[i] == "6"): null

2020-08-17 14:13:18 - [TEST_STEP][PASSED] - if (otpMessage[i] == "7"): null

2020-08-17 14:13:18 - [TEST_STEP][PASSED] - if (otpMessage[i] == "8"): null

2020-08-17 14:13:18 - [TEST_STEP][PASSED] - if (otpMessage[i] == "9"): null

2020-08-17 14:13:18 - [TEST_STEP][PASSED] - delay(3, STOP_ON_FAILURE): Delayed 3 second(s)

2020-08-17 14:13:21 - [MESSAGE][PASSED] - Delayed 3 second(s)

2020-08-17 14:13:21 - [TEST_STEP][PASSED] - if (otpMessage[i] == "0"): Tapped on element 'Object Repository/Maya/login again/Spy-0'

2020-08-17 14:13:21 - [TEST_STEP][PASSED] - delay(1, STOP_ON_FAILURE): Delayed 1 second(s)

2020-08-17 14:13:22 - [MESSAGE][PASSED] - Delayed 1 second(s)

2020-08-17 14:13:22 - [TEST_STEP][PASSED] - tap(findTestObject("Maya/login again/Spy-0"), 0): Tapped on element 'Object Repository/Maya/login again/Spy-0'

2020-08-17 14:13:22 - [MESSAGE][WARNING] - Timeout '0' is invalid. Using default page load timeout: '10'

2020-08-17 14:13:24 - [MESSAGE][PASSED] - Tapped on element 'Object Repository/Maya/login again/Spy-0'

2020-08-17 14:13:24 - [TEST_STEP][PASSED] - if (otpMessage[i] == "1"): null

2020-08-17 14:13:24 - [TEST_STEP][PASSED] - if (otpMessage[i] == "2"): null

2020-08-17 14:13:24 - [TEST_STEP][PASSED] - if (otpMessage[i] == "3"): null

2020-08-17 14:13:24 - [TEST_STEP][PASSED] - if (otpMessage[i] == "4"): null

2020-08-17 14:13:24 - [TEST_STEP][PASSED] - if (otpMessage[i] == "5"): null

2020-08-17 14:13:24 - [TEST_STEP][PASSED] - if (otpMessage[i] == "6"): null

2020-08-17 14:13:24 - [TEST_STEP][PASSED] - if (otpMessage[i] == "7"): null

2020-08-17 14:13:24 - [TEST_STEP][PASSED] - if (otpMessage[i] == "8"): null

2020-08-17 14:13:24 - [TEST_STEP][PASSED] - if (otpMessage[i] == "9"): null

2020-08-17 14:13:24 - [TEST_STEP][PASSED] - delay(3, STOP_ON_FAILURE): Delayed 3 second(s)

2020-08-17 14:13:27 - [MESSAGE][PASSED] - Delayed 3 second(s)

2020-08-17 14:13:27 - [TEST_STEP][PASSED] - if (otpMessage[i] == "0"): null

2020-08-17 14:13:27 - [TEST_STEP][PASSED] - if (otpMessage[i] == "1"): Tapped on element 'Object Repository/Maya/login again/Spy - 1'

2020-08-17 14:13:27 - [TEST_STEP][PASSED] - delay(1, STOP_ON_FAILURE): Delayed 1 second(s)

2020-08-17 14:13:28 - [MESSAGE][PASSED] - Delayed 1 second(s)

2020-08-17 14:13:28 - [TEST_STEP][PASSED] - tap(findTestObject("Maya/login again/Spy - 1"), 0): Tapped on element 'Object Repository/Maya/login again/Spy - 1'

2020-08-17 14:13:28 - [MESSAGE][WARNING] - Timeout '0' is invalid. Using default page load timeout: '10'

2020-08-17 14:13:31 - [MESSAGE][PASSED] - Tapped on element 'Object Repository/Maya/login again/Spy - 1'

2020-08-17 14:13:31 - [TEST_STEP][PASSED] - if (otpMessage[i] == "2"): null

2020-08-17 14:13:31 - [TEST_STEP][PASSED] - if (otpMessage[i] == "3"): null

2020-08-17 14:13:31 - [TEST_STEP][PASSED] - if (otpMessage[i] == "4"): null

2020-08-17 14:13:31 - [TEST_STEP][PASSED] - if (otpMessage[i] == "5"): null

2020-08-17 14:13:31 - [TEST_STEP][PASSED] - if (otpMessage[i] == "6"): null

2020-08-17 14:13:31 - [TEST_STEP][PASSED] - if (otpMessage[i] == "7"): null

2020-08-17 14:13:31 - [TEST_STEP][PASSED] - if (otpMessage[i] == "8"): null

2020-08-17 14:13:31 - [TEST_STEP][PASSED] - if (otpMessage[i] == "9"): null

2020-08-17 14:13:31 - [TEST_STEP][PASSED] - delay(8, STOP_ON_FAILURE): Delayed 8 second(s)

2020-08-17 14:13:39 - [MESSAGE][PASSED] - Delayed 8 second(s)

2020-08-17 14:13:39 - [TEST_STEP][PASSED] - takeScreenshot("C:\Users\LENOVO\Screenshot\Forgot_Pin3\Screen9.png", CONTINUE_ON_FAILURE): Screenshot is taken

2020-08-17 14:13:40 - [MESSAGE][PASSED] - Screenshot is taken
[[ATTACHMENT|C:\\Users\\LENOVO\\Screenshot\\Forgot_Pin3\\Screen9.png]]

2020-08-17 14:13:40 - [TEST_STEP][PASSED] - tap(findTestObject("Maya/Forgot Pin/android.widget.ImageView0 (7)"), 0, CONTINUE_ON_FAILURE): Tapped on element 'Object Repository/Maya/Forgot Pin/android.widget.ImageView0 (7)'

2020-08-17 14:13:40 - [MESSAGE][WARNING] - Timeout '0' is invalid. Using default page load timeout: '10'

2020-08-17 14:13:41 - [MESSAGE][PASSED] - Tapped on element 'Object Repository/Maya/Forgot Pin/android.widget.ImageView0 (7)'

2020-08-17 14:13:41 - [TEST_STEP][PASSED] - delay(3, STOP_ON_FAILURE): Delayed 3 second(s)

2020-08-17 14:13:44 - [MESSAGE][PASSED] - Delayed 3 second(s)

2020-08-17 14:13:44 - [TEST_STEP][PASSED] - takeScreenshot("C:\Users\LENOVO\Screenshot\Forgot_Pin\Confirm.png", CONTINUE_ON_FAILURE): Screenshot is taken

2020-08-17 14:13:45 - [MESSAGE][PASSED] - Screenshot is taken
[[ATTACHMENT|C:\\Users\\LENOVO\\Screenshot\\Forgot_Pin\\Confirm.png]]

2020-08-17 14:13:45 - [TEST_STEP][PASSED] - tap(findTestObject("Maya/Forgot Pin/android.widget.TextView0 - Wallet"), 0): Tapped on element 'Object Repository/Maya/Forgot Pin/android.widget.TextView0 - Wallet'

2020-08-17 14:13:45 - [MESSAGE][WARNING] - Timeout '0' is invalid. Using default page load timeout: '10'

2020-08-17 14:14:45 - [MESSAGE][PASSED] - Tapped on element 'Object Repository/Maya/Forgot Pin/android.widget.TextView0 - Wallet'

2020-08-17 14:14:45 - [TEST_STEP][PASSED] - tap(findTestObject("Maya/update Profile/android.widget.TextView0 - 2 (2)"), 0): Tapped on element 'Object Repository/Maya/update Profile/android.widget.TextView0 - 2 (2)'

2020-08-17 14:14:45 - [MESSAGE][WARNING] - Timeout '0' is invalid. Using default page load timeout: '10'

2020-08-17 14:14:47 - [MESSAGE][PASSED] - Tapped on element 'Object Repository/Maya/update Profile/android.widget.TextView0 - 2 (2)'

2020-08-17 14:14:47 - [TEST_STEP][PASSED] - tap(findTestObject("Maya/update Profile/android.widget.TextView0 - 3 (2)"), 0): Tapped on element 'Object Repository/Maya/update Profile/android.widget.TextView0 - 3 (2)'

2020-08-17 14:14:47 - [MESSAGE][WARNING] - Timeout '0' is invalid. Using default page load timeout: '10'

2020-08-17 14:14:49 - [MESSAGE][PASSED] - Tapped on element 'Object Repository/Maya/update Profile/android.widget.TextView0 - 3 (2)'

2020-08-17 14:14:49 - [TEST_STEP][PASSED] - tap(findTestObject("Maya/update Profile/android.widget.TextView0 - 0 (1)"), 0): Tapped on element 'Object Repository/Maya/update Profile/android.widget.TextView0 - 0 (1)'

2020-08-17 14:14:50 - [MESSAGE][WARNING] - Timeout '0' is invalid. Using default page load timeout: '10'

2020-08-17 14:14:52 - [MESSAGE][PASSED] - Tapped on element 'Object Repository/Maya/update Profile/android.widget.TextView0 - 0 (1)'

2020-08-17 14:14:52 - [TEST_STEP][PASSED] - tap(findTestObject("Maya/update Profile/android.widget.TextView0 - 9 (1)"), 0): Tapped on element 'Object Repository/Maya/update Profile/android.widget.TextView0 - 9 (1)'

2020-08-17 14:14:52 - [MESSAGE][WARNING] - Timeout '0' is invalid. Using default page load timeout: '10'

2020-08-17 14:14:54 - [MESSAGE][PASSED] - Tapped on element 'Object Repository/Maya/update Profile/android.widget.TextView0 - 9 (1)'

2020-08-17 14:14:54 - [TEST_STEP][PASSED] - tap(findTestObject("Maya/Forgot Pin/android.widget.TextView0 - 8"), 0): Tapped on element 'Object Repository/Maya/Forgot Pin/android.widget.TextView0 - 8'

2020-08-17 14:14:54 - [MESSAGE][WARNING] - Timeout '0' is invalid. Using default page load timeout: '10'

2020-08-17 14:14:56 - [MESSAGE][PASSED] - Tapped on element 'Object Repository/Maya/Forgot Pin/android.widget.TextView0 - 8'

2020-08-17 14:14:56 - [TEST_STEP][PASSED] - tap(findTestObject("Maya/Forgot Pin/android.widget.TextView0 - 3"), 0): Tapped on element 'Object Repository/Maya/Forgot Pin/android.widget.TextView0 - 3'

2020-08-17 14:14:56 - [MESSAGE][WARNING] - Timeout '0' is invalid. Using default page load timeout: '10'

2020-08-17 14:14:57 - [MESSAGE][PASSED] - Tapped on element 'Object Repository/Maya/Forgot Pin/android.widget.TextView0 - 3'

2020-08-17 14:14:57 - [TEST_STEP][PASSED] - getText(findTestObject("Maya/update Profile/android.widget.TextView0 - View Transactions"), 0): Text of element 'Object Repository/Maya/update Profile/android.widget.TextView0 - View Transactions' is: 'View Transactions'

2020-08-17 14:14:57 - [MESSAGE][WARNING] - Timeout '0' is invalid. Using default page load timeout: '10'

2020-08-17 14:15:00 - [MESSAGE][PASSED] - Text of element 'Object Repository/Maya/update Profile/android.widget.TextView0 - View Transactions' is: 'View Transactions'

2020-08-17 14:15:00 - [TEST_STEP][PASSED] - closeApplication(): Close app successfully

2020-08-17 14:15:04 - [MESSAGE][PASSED] - Close app successfully]]></system-out>
         <system-err><![CDATA[]]></system-err>
      </testcase>
      <system-out><![CDATA[2020-08-17 14:03:18 - [TEST_SUITE][PASSED] - UAT Test Suite: Test Cases/JINU/Maya Forgot Pin/Maya Forgot Pin]]></system-out>
      <system-err><![CDATA[]]></system-err>
   </testsuite>
</testsuites>
