<?xml version="1.0" encoding="UTF-8"?>
<testsuites name="UAT Test Suite" time="445.445" tests="1" failures="0" errors="0">
   <testsuite name="UAT Test Suite" tests="1" failures="0" errors="0" time="445.445" timestamp="2020-08-17 18:02:15" hostname="LENOVO - DESKTOP-CP3TV4N" id="Test Suites/Maya UAT/UAT Test Suite">
      <properties>
         <property name="deviceName" value="Xiaomi Redmi Note 7S (Android 9)"/>
         <property name="devicePlatform" value=""/>
         <property name="logFolder" value="C:\\Users\\LENOVO\\Git_new\\Maya\\Reports\\20200817_180211\\Maya UAT\\UAT Test Suite\\20200817_180211"/>
         <property name="logFiles" value="C:\\Users\\LENOVO\\Git_new\\Maya\\Reports\\20200817_180211\\Maya UAT\\UAT Test Suite\\20200817_180211\\appium.log, C:\\Users\\LENOVO\\Git_new\\Maya\\Reports\\20200817_180211\\Maya UAT\\UAT Test Suite\\20200817_180211\\execution0.log"/>
         <property name="attachments" value="C:\\Users\\LENOVO\\Screenshot\\DuitNowProxy\\Screen3.png, C:\\Users\\LENOVO\\Screenshot\\DuitNowProxy\\Screen4.png, C:\\Users\\LENOVO\\Screenshot\\DuitNowProxy\\Screen5.png, C:\\Users\\LENOVO\\Screenshot\\DuitNowProxy\\Screen6.png, C:\\Users\\LENOVO\\Screenshot\\DuitNowProxy\\Screen15.png, C:\\Users\\LENOVO\\Screenshot\\DuitNowProxy\\Screen6.png, C:\\Users\\LENOVO\\Screenshot\\DuitNowProxy\\Screen7.png, C:\\Users\\LENOVO\\Screenshot\\DuitNowProxy\\Screen4.png, C:\\Users\\LENOVO\\Screenshot\\DuitNowProxy\\Screen75.png, C:\\Users\\LENOVO\\Screenshot\\DuitNowProxy\\Screen56.png, C:\\Users\\LENOVO\\Screenshot\\DuitNowProxy\\Screen15.png, C:\\Users\\LENOVO\\Screenshot\\DuitNowProxy\\Screen8.png, C:\\Users\\LENOVO\\Screenshot\\DuitNowProxy\\Screen9.png, C:\\Users\\LENOVO\\Screenshot\\DuitNowProxy\\Screen10.png, C:\\Users\\LENOVO\\Screenshot\\DuitNowProxy\\Screen8.png, C:\\Users\\LENOVO\\Screenshot\\DuitNowProxy\\Screen12.png, C:\\Users\\LENOVO\\Screenshot\\DuitNowProxy\\Screen13.png, C:\\Users\\LENOVO\\Screenshot\\DuitNowProxy\\Screen14.png"/>
         <property name="hostName" value="LENOVO - DESKTOP-CP3TV4N"/>
         <property name="os" value="Windows 10 64bit"/>
         <property name="appiumServerStatus" value="{\&quot;value\&quot;:{\&quot;build\&quot;:{\&quot;version\&quot;:\&quot;1.15.1\&quot;}},\&quot;sessionId\&quot;:null,\&quot;status\&quot;:0}"/>
         <property name="katalonVersion" value="7.2.7.1"/>
         <property name="deviceOS" value="Android"/>
         <property name="appiumVersion" value="1.15.1"/>
         <property name="deviceModel" value="Redmi Note 7S"/>
         <property name="hostAddress" value="192.168.0.102"/>
         <property name="deviceManufacturer" value="Xiaomi"/>
         <property name="deviceId" value="11cb9864"/>
         <property name="deviceName" value="Xiaomi Redmi Note 7S (Android 9)"/>
         <property name="deviceOSVersion" value="9"/>
      </properties>
      <testcase name="Test Cases/JINU/DuiTNow Drop 2/Nric Proxy" time="442.661" classname="Test Cases/JINU/DuiTNow Drop 2/Nric Proxy" status="PASSED">
         <system-out><![CDATA[2020-08-17 18:02:15 - [TEST_CASE][PASSED] - Test Cases/JINU/DuiTNow Drop 2/Nric Proxy: Test Cases/JINU/DuiTNow Drop 2/Nric Proxy

2020-08-17 18:02:17 - [TEST_STEP][PASSED] - startApplication("C:\Users\LENOVO\Katalon Studio\app-uat-universal-release.apk", false): Started app at: 'C:\Users\LENOVO\Katalon Studio\app-uat-universal-release.apk'

2020-08-17 18:02:17 - [MESSAGE][INFO] - User set preference: ['appWaitActivity', '*']

2020-08-17 18:02:17 - [MESSAGE][INFO] - User set preference: ['appWaitPackage', 'com.maybank2u.life.uat']

2020-08-17 18:02:17 - [MESSAGE][INFO] - User set preference: ['appWaitDuration', '50,000']

2020-08-17 18:02:17 - [MESSAGE][INFO] - User set preference: ['deviceId', '11cb9864']

2020-08-17 18:02:20 - [MESSAGE][INFO] - Appium server started on port 50,990

2020-08-17 18:02:44 - [MESSAGE][PASSED] - Started app at: 'C:\Users\LENOVO\Katalon Studio\app-uat-universal-release.apk'

2020-08-17 18:02:44 - [TEST_STEP][PASSED] - delay(5, STOP_ON_FAILURE): Delayed 5 second(s)

2020-08-17 18:02:49 - [MESSAGE][PASSED] - Delayed 5 second(s)

2020-08-17 18:02:49 - [TEST_STEP][PASSED] - delay(2, STOP_ON_FAILURE): Delayed 2 second(s)

2020-08-17 18:02:51 - [MESSAGE][PASSED] - Delayed 2 second(s)

2020-08-17 18:02:51 - [TEST_STEP][PASSED] - takeScreenshot("C:\Users\LENOVO\Screenshot\DuitNowProxy\Screen3.png", CONTINUE_ON_FAILURE): Screenshot is taken

2020-08-17 18:02:53 - [MESSAGE][PASSED] - Screenshot is taken
[[ATTACHMENT|C:\\Users\\LENOVO\\Screenshot\\DuitNowProxy\\Screen3.png]]

2020-08-17 18:02:53 - [TEST_STEP][PASSED] - tap(findTestObject("Maya/RegisterDuitNow/android.widget.TextView0 - More (1)"), 0): Tapped on element 'Object Repository/Maya/RegisterDuitNow/android.widget.TextView0 - More (1)'

2020-08-17 18:02:53 - [MESSAGE][WARNING] - Timeout '0' is invalid. Using default page load timeout: '10'

2020-08-17 18:03:05 - [MESSAGE][PASSED] - Tapped on element 'Object Repository/Maya/RegisterDuitNow/android.widget.TextView0 - More (1)'

2020-08-17 18:03:05 - [TEST_STEP][PASSED] - tap(findTestObject("Maya/RegisterDuitNow/android.widget.TextView0 - Settings (1)"), 0): Tapped on element 'Object Repository/Maya/RegisterDuitNow/android.widget.TextView0 - Settings (1)'

2020-08-17 18:03:05 - [MESSAGE][WARNING] - Timeout '0' is invalid. Using default page load timeout: '10'

2020-08-17 18:03:07 - [MESSAGE][PASSED] - Tapped on element 'Object Repository/Maya/RegisterDuitNow/android.widget.TextView0 - Settings (1)'

2020-08-17 18:03:07 - [TEST_STEP][PASSED] - tap(findTestObject("Maya/RegisterDuitNow/android.widget.TextView0 - Maybank2u (2)"), 0): Tapped on element 'Object Repository/Maya/RegisterDuitNow/android.widget.TextView0 - Maybank2u (2)'

2020-08-17 18:03:07 - [MESSAGE][WARNING] - Timeout '0' is invalid. Using default page load timeout: '10'

2020-08-17 18:03:10 - [MESSAGE][PASSED] - Tapped on element 'Object Repository/Maya/RegisterDuitNow/android.widget.TextView0 - Maybank2u (2)'

2020-08-17 18:03:10 - [TEST_STEP][PASSED] - tap(findTestObject("Maya/RegisterDuitNow/android.widget.TextView0 - DuitNow (6)"), 0): Tapped on element 'Object Repository/Maya/RegisterDuitNow/android.widget.TextView0 - DuitNow (6)'

2020-08-17 18:03:10 - [MESSAGE][WARNING] - Timeout '0' is invalid. Using default page load timeout: '10'

2020-08-17 18:03:19 - [MESSAGE][PASSED] - Tapped on element 'Object Repository/Maya/RegisterDuitNow/android.widget.TextView0 - DuitNow (6)'

2020-08-17 18:03:19 - [TEST_STEP][PASSED] - getText(findTestObject("Maya/RegisterDuitNow/android.widget.TextView0 - Link your Maybank account to an ID for DuitNow (1)"), 0): Text of element 'Object Repository/Maya/RegisterDuitNow/android.widget.TextView0 - Link your Maybank account to an ID for DuitNow (1)' is: 'Link your Maybank account to an ID for DuitNow'

2020-08-17 18:03:19 - [MESSAGE][WARNING] - Timeout '0' is invalid. Using default page load timeout: '10'

2020-08-17 18:03:20 - [MESSAGE][PASSED] - Text of element 'Object Repository/Maya/RegisterDuitNow/android.widget.TextView0 - Link your Maybank account to an ID for DuitNow (1)' is: 'Link your Maybank account to an ID for DuitNow'

2020-08-17 18:03:20 - [TEST_STEP][PASSED] - verifyElementExist(findTestObject("Maya/RegisterDuitNow/android.widget.TextView0 - Link your Maybank account to an ID for DuitNow (1)"), 0): Element 'Object Repository/Maya/RegisterDuitNow/android.widget.TextView0 - Link your Maybank account to an ID for DuitNow (1)' is exist

2020-08-17 18:03:20 - [MESSAGE][WARNING] - Timeout '0' is invalid. Using default page load timeout: '10'

2020-08-17 18:03:20 - [MESSAGE][PASSED] - Element 'Object Repository/Maya/RegisterDuitNow/android.widget.TextView0 - Link your Maybank account to an ID for DuitNow (1)' is exist

2020-08-17 18:03:20 - [TEST_STEP][PASSED] - delay(2, STOP_ON_FAILURE): Delayed 2 second(s)

2020-08-17 18:03:22 - [MESSAGE][PASSED] - Delayed 2 second(s)

2020-08-17 18:03:22 - [TEST_STEP][PASSED] - takeScreenshot("C:\Users\LENOVO\Screenshot\DuitNowProxy\Screen4.png", CONTINUE_ON_FAILURE): Screenshot is taken

2020-08-17 18:03:23 - [MESSAGE][PASSED] - Screenshot is taken
[[ATTACHMENT|C:\\Users\\LENOVO\\Screenshot\\DuitNowProxy\\Screen4.png]]

2020-08-17 18:03:23 - [TEST_STEP][PASSED] - getText(findTestObject("Maya/RegisterDuitNow/android.widget.TextView0 - NRIC Number (5)"), 0): Text of element 'Object Repository/Maya/RegisterDuitNow/android.widget.TextView0 - NRIC Number (5)' is: 'ID Number'

2020-08-17 18:03:23 - [MESSAGE][WARNING] - Timeout '0' is invalid. Using default page load timeout: '10'

2020-08-17 18:03:24 - [MESSAGE][PASSED] - Text of element 'Object Repository/Maya/RegisterDuitNow/android.widget.TextView0 - NRIC Number (5)' is: 'ID Number'

2020-08-17 18:03:24 - [TEST_STEP][PASSED] - verifyElementExist(findTestObject("Maya/RegisterDuitNow/android.widget.TextView0 - NRIC Number (5)"), 0): Element 'Object Repository/Maya/RegisterDuitNow/android.widget.TextView0 - NRIC Number (5)' is exist

2020-08-17 18:03:24 - [MESSAGE][WARNING] - Timeout '0' is invalid. Using default page load timeout: '10'

2020-08-17 18:03:24 - [MESSAGE][PASSED] - Element 'Object Repository/Maya/RegisterDuitNow/android.widget.TextView0 - NRIC Number (5)' is exist

2020-08-17 18:03:24 - [TEST_STEP][PASSED] - getText(findTestObject("Maya/RegisterDuitNow/android.widget.TextView0 - 5263"), 0): Text of element 'Object Repository/Maya/RegisterDuitNow/android.widget.TextView0 - 5263' is: '********1028'

2020-08-17 18:03:24 - [MESSAGE][WARNING] - Timeout '0' is invalid. Using default page load timeout: '10'

2020-08-17 18:03:25 - [MESSAGE][PASSED] - Text of element 'Object Repository/Maya/RegisterDuitNow/android.widget.TextView0 - 5263' is: '********1028'

2020-08-17 18:03:25 - [TEST_STEP][PASSED] - verifyElementExist(findTestObject("Maya/RegisterDuitNow/android.widget.TextView0 - 5263"), 0): Element 'Object Repository/Maya/RegisterDuitNow/android.widget.TextView0 - 5263' is exist

2020-08-17 18:03:25 - [MESSAGE][WARNING] - Timeout '0' is invalid. Using default page load timeout: '10'

2020-08-17 18:03:25 - [MESSAGE][PASSED] - Element 'Object Repository/Maya/RegisterDuitNow/android.widget.TextView0 - 5263' is exist

2020-08-17 18:03:25 - [TEST_STEP][PASSED] - getText(findTestObject("Maya/RegisterDuitNow/android.widget.TextView0 - Maybank (4)"), 0): Text of element 'Object Repository/Maya/RegisterDuitNow/android.widget.TextView0 - Maybank (4)' is: 'Maybank'

2020-08-17 18:03:25 - [MESSAGE][WARNING] - Timeout '0' is invalid. Using default page load timeout: '10'

2020-08-17 18:03:26 - [MESSAGE][PASSED] - Text of element 'Object Repository/Maya/RegisterDuitNow/android.widget.TextView0 - Maybank (4)' is: 'Maybank'

2020-08-17 18:03:26 - [TEST_STEP][PASSED] - delay(2, STOP_ON_FAILURE): Delayed 2 second(s)

2020-08-17 18:03:28 - [MESSAGE][PASSED] - Delayed 2 second(s)

2020-08-17 18:03:28 - [TEST_STEP][PASSED] - takeScreenshot("C:\Users\LENOVO\Screenshot\DuitNowProxy\Screen5.png", CONTINUE_ON_FAILURE): Screenshot is taken

2020-08-17 18:03:29 - [MESSAGE][PASSED] - Screenshot is taken
[[ATTACHMENT|C:\\Users\\LENOVO\\Screenshot\\DuitNowProxy\\Screen5.png]]

2020-08-17 18:03:29 - [TEST_STEP][PASSED] - verifyElementExist(findTestObject("Maya/RegisterDuitNow/android.widget.TextView0 - Maybank (4)"), 0): Element 'Object Repository/Maya/RegisterDuitNow/android.widget.TextView0 - Maybank (4)' is exist

2020-08-17 18:03:29 - [MESSAGE][WARNING] - Timeout '0' is invalid. Using default page load timeout: '10'

2020-08-17 18:03:29 - [MESSAGE][PASSED] - Element 'Object Repository/Maya/RegisterDuitNow/android.widget.TextView0 - Maybank (4)' is exist

2020-08-17 18:03:29 - [TEST_STEP][PASSED] - tap(findTestObject("Maya/RegisterDuitNow/android.widget.TextView0 - NRIC Number (5)"), 0): Tapped on element 'Object Repository/Maya/RegisterDuitNow/android.widget.TextView0 - NRIC Number (5)'

2020-08-17 18:03:29 - [MESSAGE][WARNING] - Timeout '0' is invalid. Using default page load timeout: '10'

2020-08-17 18:03:31 - [MESSAGE][PASSED] - Tapped on element 'Object Repository/Maya/RegisterDuitNow/android.widget.TextView0 - NRIC Number (5)'

2020-08-17 18:03:31 - [TEST_STEP][PASSED] - getText(findTestObject("Maya/RegisterDuitNow/android.widget.TextView0 - NRIC Number (6)"), 0): Text of element 'Object Repository/Maya/RegisterDuitNow/android.widget.TextView0 - NRIC Number (6)' is: 'NRIC Number'

2020-08-17 18:03:31 - [MESSAGE][WARNING] - Timeout '0' is invalid. Using default page load timeout: '10'

2020-08-17 18:03:31 - [MESSAGE][PASSED] - Text of element 'Object Repository/Maya/RegisterDuitNow/android.widget.TextView0 - NRIC Number (6)' is: 'NRIC Number'

2020-08-17 18:03:31 - [TEST_STEP][PASSED] - verifyElementExist(findTestObject("Maya/RegisterDuitNow/android.widget.TextView0 - NRIC Number (6)"), 0): Element 'Object Repository/Maya/RegisterDuitNow/android.widget.TextView0 - NRIC Number (6)' is exist

2020-08-17 18:03:31 - [MESSAGE][WARNING] - Timeout '0' is invalid. Using default page load timeout: '10'

2020-08-17 18:03:32 - [MESSAGE][PASSED] - Element 'Object Repository/Maya/RegisterDuitNow/android.widget.TextView0 - NRIC Number (6)' is exist

2020-08-17 18:03:32 - [TEST_STEP][PASSED] - getText(findTestObject("Maya/RegisterDuitNow/android.widget.TextView0 - 5263 (1)"), 0): Text of element 'Object Repository/Maya/RegisterDuitNow/android.widget.TextView0 - 5263 (1)' is: '********5263'

2020-08-17 18:03:32 - [MESSAGE][WARNING] - Timeout '0' is invalid. Using default page load timeout: '10'

2020-08-17 18:03:32 - [MESSAGE][PASSED] - Text of element 'Object Repository/Maya/RegisterDuitNow/android.widget.TextView0 - 5263 (1)' is: '********5263'

2020-08-17 18:03:32 - [TEST_STEP][PASSED] - verifyElementExist(findTestObject("Maya/RegisterDuitNow/android.widget.TextView0 - 5263 (1)"), 0): Element 'Object Repository/Maya/RegisterDuitNow/android.widget.TextView0 - 5263 (1)' is exist

2020-08-17 18:03:32 - [MESSAGE][WARNING] - Timeout '0' is invalid. Using default page load timeout: '10'

2020-08-17 18:03:33 - [MESSAGE][PASSED] - Element 'Object Repository/Maya/RegisterDuitNow/android.widget.TextView0 - 5263 (1)' is exist

2020-08-17 18:03:33 - [TEST_STEP][PASSED] - getText(findTestObject("Maya/RegisterDuitNow/android.widget.TextView0 - Status (2)"), 0): Text of element 'Object Repository/Maya/RegisterDuitNow/android.widget.TextView0 - Status (2)' is: 'Status'

2020-08-17 18:03:33 - [MESSAGE][WARNING] - Timeout '0' is invalid. Using default page load timeout: '10'

2020-08-17 18:03:33 - [MESSAGE][PASSED] - Text of element 'Object Repository/Maya/RegisterDuitNow/android.widget.TextView0 - Status (2)' is: 'Status'

2020-08-17 18:03:33 - [TEST_STEP][PASSED] - verifyElementExist(findTestObject("Maya/RegisterDuitNow/android.widget.TextView0 - Status (2)"), 0): Element 'Object Repository/Maya/RegisterDuitNow/android.widget.TextView0 - Status (2)' is exist

2020-08-17 18:03:33 - [MESSAGE][WARNING] - Timeout '0' is invalid. Using default page load timeout: '10'

2020-08-17 18:03:33 - [MESSAGE][PASSED] - Element 'Object Repository/Maya/RegisterDuitNow/android.widget.TextView0 - Status (2)' is exist

2020-08-17 18:03:33 - [TEST_STEP][PASSED] - getText(findTestObject("Maya/RegisterDuitNow/android.widget.TextView0 - Status (1)"), 0): Text of element 'Object Repository/Maya/RegisterDuitNow/android.widget.TextView0 - Status (1)' is: 'Status'

2020-08-17 18:03:33 - [MESSAGE][WARNING] - Timeout '0' is invalid. Using default page load timeout: '10'

2020-08-17 18:03:34 - [MESSAGE][PASSED] - Text of element 'Object Repository/Maya/RegisterDuitNow/android.widget.TextView0 - Status (1)' is: 'Status'

2020-08-17 18:03:34 - [TEST_STEP][PASSED] - verifyElementExist(findTestObject("Maya/RegisterDuitNow/android.widget.TextView0 - Status (1)"), 0): Element 'Object Repository/Maya/RegisterDuitNow/android.widget.TextView0 - Status (1)' is exist

2020-08-17 18:03:34 - [MESSAGE][WARNING] - Timeout '0' is invalid. Using default page load timeout: '10'

2020-08-17 18:03:34 - [MESSAGE][PASSED] - Element 'Object Repository/Maya/RegisterDuitNow/android.widget.TextView0 - Status (1)' is exist

2020-08-17 18:03:34 - [TEST_STEP][PASSED] - getText(findTestObject("Maya/RegisterDuitNow/android.widget.TextView0 - ACTIVE (1)"), 0): Text of element 'Object Repository/Maya/RegisterDuitNow/android.widget.TextView0 - ACTIVE (1)' is: 'ACTIVE'

2020-08-17 18:03:34 - [MESSAGE][WARNING] - Timeout '0' is invalid. Using default page load timeout: '10'

2020-08-17 18:03:34 - [MESSAGE][PASSED] - Text of element 'Object Repository/Maya/RegisterDuitNow/android.widget.TextView0 - ACTIVE (1)' is: 'ACTIVE'

2020-08-17 18:03:34 - [TEST_STEP][PASSED] - verifyElementExist(findTestObject("Maya/RegisterDuitNow/android.widget.TextView0 - ACTIVE (1)"), 0): Element 'Object Repository/Maya/RegisterDuitNow/android.widget.TextView0 - ACTIVE (1)' is exist

2020-08-17 18:03:34 - [MESSAGE][WARNING] - Timeout '0' is invalid. Using default page load timeout: '10'

2020-08-17 18:03:35 - [MESSAGE][PASSED] - Element 'Object Repository/Maya/RegisterDuitNow/android.widget.TextView0 - ACTIVE (1)' is exist

2020-08-17 18:03:35 - [TEST_STEP][PASSED] - getText(findTestObject("Maya/RegisterDuitNow/android.widget.TextView0 - Receiving bank (1)"), 0): Text of element 'Object Repository/Maya/RegisterDuitNow/android.widget.TextView0 - Receiving bank (1)' is: 'Receiving bank'

2020-08-17 18:03:35 - [MESSAGE][WARNING] - Timeout '0' is invalid. Using default page load timeout: '10'

2020-08-17 18:03:35 - [MESSAGE][PASSED] - Text of element 'Object Repository/Maya/RegisterDuitNow/android.widget.TextView0 - Receiving bank (1)' is: 'Receiving bank'

2020-08-17 18:03:35 - [TEST_STEP][PASSED] - verifyElementExist(findTestObject("Maya/RegisterDuitNow/android.widget.TextView0 - Receiving bank (1)"), 0): Element 'Object Repository/Maya/RegisterDuitNow/android.widget.TextView0 - Receiving bank (1)' is exist

2020-08-17 18:03:35 - [MESSAGE][WARNING] - Timeout '0' is invalid. Using default page load timeout: '10'

2020-08-17 18:03:35 - [MESSAGE][PASSED] - Element 'Object Repository/Maya/RegisterDuitNow/android.widget.TextView0 - Receiving bank (1)' is exist

2020-08-17 18:03:35 - [TEST_STEP][PASSED] - getText(findTestObject("Maya/RegisterDuitNow/android.widget.TextView0 - Maybank (3)"), 0): Text of element 'Object Repository/Maya/RegisterDuitNow/android.widget.TextView0 - Maybank (3)' is: 'Maybank'

2020-08-17 18:03:35 - [MESSAGE][WARNING] - Timeout '0' is invalid. Using default page load timeout: '10'

2020-08-17 18:03:36 - [MESSAGE][PASSED] - Text of element 'Object Repository/Maya/RegisterDuitNow/android.widget.TextView0 - Maybank (3)' is: 'Maybank'

2020-08-17 18:03:36 - [TEST_STEP][PASSED] - takeScreenshot("C:\Users\LENOVO\Screenshot\DuitNowProxy\Screen6.png", CONTINUE_ON_FAILURE): Screenshot is taken

2020-08-17 18:03:36 - [MESSAGE][PASSED] - Screenshot is taken
[[ATTACHMENT|C:\\Users\\LENOVO\\Screenshot\\DuitNowProxy\\Screen6.png]]

2020-08-17 18:03:36 - [TEST_STEP][PASSED] - verifyElementExist(findTestObject("Maya/RegisterDuitNow/android.widget.TextView0 - Receiving Account (1)"), 0): Element 'Object Repository/Maya/RegisterDuitNow/android.widget.TextView0 - Receiving Account (1)' is exist

2020-08-17 18:03:37 - [MESSAGE][WARNING] - Timeout '0' is invalid. Using default page load timeout: '10'

2020-08-17 18:03:37 - [MESSAGE][PASSED] - Element 'Object Repository/Maya/RegisterDuitNow/android.widget.TextView0 - Receiving Account (1)' is exist

2020-08-17 18:03:37 - [TEST_STEP][NOT_RUN] - closeApplication(): NOT_RUN: closeApplication()

2020-08-17 18:03:37 - [MESSAGE][NOT_RUN] - NOT_RUN: closeApplication()

2020-08-17 18:03:37 - [TEST_STEP][PASSED] - delay(2, STOP_ON_FAILURE): Delayed 2 second(s)

2020-08-17 18:03:39 - [MESSAGE][PASSED] - Delayed 2 second(s)

2020-08-17 18:03:39 - [TEST_STEP][PASSED] - takeScreenshot("C:\Users\LENOVO\Screenshot\DuitNowProxy\Screen15.png", CONTINUE_ON_FAILURE): Screenshot is taken

2020-08-17 18:03:40 - [MESSAGE][PASSED] - Screenshot is taken
[[ATTACHMENT|C:\\Users\\LENOVO\\Screenshot\\DuitNowProxy\\Screen15.png]]

2020-08-17 18:03:40 - [TEST_STEP][PASSED] - tap(findTestObject("Maya/RegisterDuitNow/android.widget.TextView0 - Switch account (1)"), 0): Tapped on element 'Object Repository/Maya/RegisterDuitNow/android.widget.TextView0 - Switch account (1)'

2020-08-17 18:03:40 - [MESSAGE][WARNING] - Timeout '0' is invalid. Using default page load timeout: '10'

2020-08-17 18:03:42 - [MESSAGE][PASSED] - Tapped on element 'Object Repository/Maya/RegisterDuitNow/android.widget.TextView0 - Switch account (1)'

2020-08-17 18:03:42 - [TEST_STEP][PASSED] - tapAndHoldAtPosition(540, 773, 1): Tapped and held at [540, 773] with duration 1

2020-08-17 18:03:45 - [MESSAGE][PASSED] - Tapped and held at [540, 773] with duration 1

2020-08-17 18:03:45 - [TEST_STEP][PASSED] - tap(findTestObject("Maya/RegisterDuitNow/android.widget.TextView0 - Continue (7)"), 0): Tapped on element 'Object Repository/Maya/RegisterDuitNow/android.widget.TextView0 - Continue (7)'

2020-08-17 18:03:45 - [MESSAGE][WARNING] - Timeout '0' is invalid. Using default page load timeout: '10'

2020-08-17 18:03:47 - [MESSAGE][PASSED] - Tapped on element 'Object Repository/Maya/RegisterDuitNow/android.widget.TextView0 - Continue (7)'

2020-08-17 18:03:47 - [TEST_STEP][PASSED] - getText(findTestObject("Maya/RegisterDuitNow/android.widget.TextView0 - Please confirm your DuitNow details (1)"), 0): Text of element 'Object Repository/Maya/RegisterDuitNow/android.widget.TextView0 - Please confirm your DuitNow details (1)' is: 'Please confirm your DuitNow details'

2020-08-17 18:03:47 - [MESSAGE][WARNING] - Timeout '0' is invalid. Using default page load timeout: '10'

2020-08-17 18:03:47 - [MESSAGE][PASSED] - Text of element 'Object Repository/Maya/RegisterDuitNow/android.widget.TextView0 - Please confirm your DuitNow details (1)' is: 'Please confirm your DuitNow details'

2020-08-17 18:03:47 - [TEST_STEP][PASSED] - verifyElementExist(findTestObject("Maya/RegisterDuitNow/android.widget.TextView0 - Please confirm your DuitNow details (1)"), 0): Element 'Object Repository/Maya/RegisterDuitNow/android.widget.TextView0 - Please confirm your DuitNow details (1)' is exist

2020-08-17 18:03:47 - [MESSAGE][WARNING] - Timeout '0' is invalid. Using default page load timeout: '10'

2020-08-17 18:03:47 - [MESSAGE][PASSED] - Element 'Object Repository/Maya/RegisterDuitNow/android.widget.TextView0 - Please confirm your DuitNow details (1)' is exist

2020-08-17 18:03:47 - [TEST_STEP][PASSED] - tap(findTestObject("Maya/RegisterDuitNow/android.widget.TextView0 - Agree and Confirm (1)"), 0): Tapped on element 'Object Repository/Maya/RegisterDuitNow/android.widget.TextView0 - Agree and Confirm (1)'

2020-08-17 18:03:47 - [MESSAGE][WARNING] - Timeout '0' is invalid. Using default page load timeout: '10'

2020-08-17 18:03:49 - [MESSAGE][PASSED] - Tapped on element 'Object Repository/Maya/RegisterDuitNow/android.widget.TextView0 - Agree and Confirm (1)'

2020-08-17 18:03:49 - [TEST_STEP][PASSED] - delay(2, STOP_ON_FAILURE): Delayed 2 second(s)

2020-08-17 18:03:51 - [MESSAGE][PASSED] - Delayed 2 second(s)

2020-08-17 18:03:51 - [TEST_STEP][PASSED] - takeScreenshot("C:\Users\LENOVO\Screenshot\DuitNowProxy\Screen6.png", CONTINUE_ON_FAILURE): Screenshot is taken

2020-08-17 18:03:52 - [MESSAGE][PASSED] - Screenshot is taken
[[ATTACHMENT|C:\\Users\\LENOVO\\Screenshot\\DuitNowProxy\\Screen6.png]]

2020-08-17 18:03:52 - [TEST_STEP][PASSED] - tap(findTestObject("Maya/RegisterDuitNow/android.widget.TextView0 - Confirm (1)"), 0): Tapped on element 'Object Repository/Maya/RegisterDuitNow/android.widget.TextView0 - Confirm (1)'

2020-08-17 18:03:52 - [MESSAGE][WARNING] - Timeout '0' is invalid. Using default page load timeout: '10'

2020-08-17 18:03:53 - [MESSAGE][PASSED] - Tapped on element 'Object Repository/Maya/RegisterDuitNow/android.widget.TextView0 - Confirm (1)'

2020-08-17 18:03:53 - [TEST_STEP][PASSED] - otpMess = getText(findTestObject("Maya/Third Party CA account/android.widget.TextView0 - Your OTP no. is 460943"), 0): Text of element 'Object Repository/Maya/Third Party CA account/android.widget.TextView0 - Your OTP no. is 460943' is: 'Your OTP no. is 029375'

2020-08-17 18:03:53 - [MESSAGE][WARNING] - Timeout '0' is invalid. Using default page load timeout: '10'

2020-08-17 18:03:56 - [MESSAGE][PASSED] - Text of element 'Object Repository/Maya/Third Party CA account/android.widget.TextView0 - Your OTP no. is 460943' is: 'Your OTP no. is 029375'

2020-08-17 18:03:56 - [TEST_STEP][PASSED] - delay(2): Delayed 2 second(s)

2020-08-17 18:03:58 - [MESSAGE][PASSED] - Delayed 2 second(s)

2020-08-17 18:03:58 - [TEST_STEP][PASSED] - for ([i = 16, i <= 21, (i++)]): null

2020-08-17 18:03:58 - [TEST_STEP][PASSED] - delay(3, STOP_ON_FAILURE): Delayed 3 second(s)

2020-08-17 18:04:01 - [MESSAGE][PASSED] - Delayed 3 second(s)

2020-08-17 18:04:01 - [TEST_STEP][PASSED] - if (otpMess[i] == "0"): Tapped on element 'Object Repository/Maya/login again/Spy-0'

2020-08-17 18:04:01 - [TEST_STEP][PASSED] - delay(1, STOP_ON_FAILURE): Delayed 1 second(s)

2020-08-17 18:04:02 - [MESSAGE][PASSED] - Delayed 1 second(s)

2020-08-17 18:04:02 - [TEST_STEP][PASSED] - tap(findTestObject("Maya/login again/Spy-0"), 0): Tapped on element 'Object Repository/Maya/login again/Spy-0'

2020-08-17 18:04:02 - [MESSAGE][WARNING] - Timeout '0' is invalid. Using default page load timeout: '10'

2020-08-17 18:04:04 - [MESSAGE][PASSED] - Tapped on element 'Object Repository/Maya/login again/Spy-0'

2020-08-17 18:04:04 - [TEST_STEP][PASSED] - if (otpMess[i] == "1"): null

2020-08-17 18:04:04 - [TEST_STEP][PASSED] - if (otpMess[i] == "2"): null

2020-08-17 18:04:04 - [TEST_STEP][PASSED] - if (otpMess[i] == "3"): null

2020-08-17 18:04:04 - [TEST_STEP][PASSED] - if (otpMess[i] == "4"): null

2020-08-17 18:04:04 - [TEST_STEP][PASSED] - if (otpMess[i] == "5"): null

2020-08-17 18:04:04 - [TEST_STEP][PASSED] - if (otpMess[i] == "6"): null

2020-08-17 18:04:04 - [TEST_STEP][PASSED] - if (otpMess[i] == "7"): null

2020-08-17 18:04:04 - [TEST_STEP][PASSED] - if (otpMess[i] == "8"): null

2020-08-17 18:04:04 - [TEST_STEP][PASSED] - if (otpMess[i] == "9"): null

2020-08-17 18:04:04 - [TEST_STEP][PASSED] - delay(3, STOP_ON_FAILURE): Delayed 3 second(s)

2020-08-17 18:04:07 - [MESSAGE][PASSED] - Delayed 3 second(s)

2020-08-17 18:04:07 - [TEST_STEP][PASSED] - if (otpMess[i] == "0"): null

2020-08-17 18:04:07 - [TEST_STEP][PASSED] - if (otpMess[i] == "1"): null

2020-08-17 18:04:07 - [TEST_STEP][PASSED] - if (otpMess[i] == "2"): Tapped on element 'Object Repository/Maya/login again/Spy- 2'

2020-08-17 18:04:07 - [TEST_STEP][PASSED] - delay(1, STOP_ON_FAILURE): Delayed 1 second(s)

2020-08-17 18:04:08 - [MESSAGE][PASSED] - Delayed 1 second(s)

2020-08-17 18:04:08 - [TEST_STEP][PASSED] - tap(findTestObject("Maya/login again/Spy- 2"), 0): Tapped on element 'Object Repository/Maya/login again/Spy- 2'

2020-08-17 18:04:08 - [MESSAGE][WARNING] - Timeout '0' is invalid. Using default page load timeout: '10'

2020-08-17 18:04:11 - [MESSAGE][PASSED] - Tapped on element 'Object Repository/Maya/login again/Spy- 2'

2020-08-17 18:04:11 - [TEST_STEP][PASSED] - if (otpMess[i] == "3"): null

2020-08-17 18:04:11 - [TEST_STEP][PASSED] - if (otpMess[i] == "4"): null

2020-08-17 18:04:11 - [TEST_STEP][PASSED] - if (otpMess[i] == "5"): null

2020-08-17 18:04:11 - [TEST_STEP][PASSED] - if (otpMess[i] == "6"): null

2020-08-17 18:04:11 - [TEST_STEP][PASSED] - if (otpMess[i] == "7"): null

2020-08-17 18:04:11 - [TEST_STEP][PASSED] - if (otpMess[i] == "8"): null

2020-08-17 18:04:11 - [TEST_STEP][PASSED] - if (otpMess[i] == "9"): null

2020-08-17 18:04:11 - [TEST_STEP][PASSED] - delay(3, STOP_ON_FAILURE): Delayed 3 second(s)

2020-08-17 18:04:14 - [MESSAGE][PASSED] - Delayed 3 second(s)

2020-08-17 18:04:14 - [TEST_STEP][PASSED] - if (otpMess[i] == "0"): null

2020-08-17 18:04:14 - [TEST_STEP][PASSED] - if (otpMess[i] == "1"): null

2020-08-17 18:04:14 - [TEST_STEP][PASSED] - if (otpMess[i] == "2"): null

2020-08-17 18:04:14 - [TEST_STEP][PASSED] - if (otpMess[i] == "3"): null

2020-08-17 18:04:14 - [TEST_STEP][PASSED] - if (otpMess[i] == "4"): null

2020-08-17 18:04:14 - [TEST_STEP][PASSED] - if (otpMess[i] == "5"): null

2020-08-17 18:04:14 - [TEST_STEP][PASSED] - if (otpMess[i] == "6"): null

2020-08-17 18:04:14 - [TEST_STEP][PASSED] - if (otpMess[i] == "7"): null

2020-08-17 18:04:14 - [TEST_STEP][PASSED] - if (otpMess[i] == "8"): null

2020-08-17 18:04:14 - [TEST_STEP][PASSED] - if (otpMess[i] == "9"): Tapped on element 'Object Repository/Maya/login again/Spy- 9'

2020-08-17 18:04:14 - [TEST_STEP][PASSED] - delay(1, STOP_ON_FAILURE): Delayed 1 second(s)

2020-08-17 18:04:15 - [MESSAGE][PASSED] - Delayed 1 second(s)

2020-08-17 18:04:15 - [TEST_STEP][PASSED] - tap(findTestObject("Maya/login again/Spy- 9"), 0): Tapped on element 'Object Repository/Maya/login again/Spy- 9'

2020-08-17 18:04:15 - [MESSAGE][WARNING] - Timeout '0' is invalid. Using default page load timeout: '10'

2020-08-17 18:04:17 - [MESSAGE][PASSED] - Tapped on element 'Object Repository/Maya/login again/Spy- 9'

2020-08-17 18:04:17 - [TEST_STEP][PASSED] - delay(3, STOP_ON_FAILURE): Delayed 3 second(s)

2020-08-17 18:04:20 - [MESSAGE][PASSED] - Delayed 3 second(s)

2020-08-17 18:04:20 - [TEST_STEP][PASSED] - if (otpMess[i] == "0"): null

2020-08-17 18:04:20 - [TEST_STEP][PASSED] - if (otpMess[i] == "1"): null

2020-08-17 18:04:20 - [TEST_STEP][PASSED] - if (otpMess[i] == "2"): null

2020-08-17 18:04:20 - [TEST_STEP][PASSED] - if (otpMess[i] == "3"): Tapped on element 'Object Repository/Maya/login again/Spy- 3'

2020-08-17 18:04:20 - [TEST_STEP][PASSED] - delay(1, STOP_ON_FAILURE): Delayed 1 second(s)

2020-08-17 18:04:21 - [MESSAGE][PASSED] - Delayed 1 second(s)

2020-08-17 18:04:21 - [TEST_STEP][NOT_RUN] - tap(findTestObject("MAYA SIT v118/spy/TAC - keypad 3"), 0): NOT_RUN: tap(findTestObject("MAYA SIT v118/spy/TAC - keypad 3"), 0)

2020-08-17 18:04:21 - [MESSAGE][NOT_RUN] - NOT_RUN: tap(findTestObject("MAYA SIT v118/spy/TAC - keypad 3"), 0)

2020-08-17 18:04:21 - [TEST_STEP][PASSED] - tap(findTestObject("Maya/login again/Spy- 3"), 0): Tapped on element 'Object Repository/Maya/login again/Spy- 3'

2020-08-17 18:04:21 - [MESSAGE][WARNING] - Timeout '0' is invalid. Using default page load timeout: '10'

2020-08-17 18:04:24 - [MESSAGE][PASSED] - Tapped on element 'Object Repository/Maya/login again/Spy- 3'

2020-08-17 18:04:24 - [TEST_STEP][PASSED] - if (otpMess[i] == "4"): null

2020-08-17 18:04:24 - [TEST_STEP][PASSED] - if (otpMess[i] == "5"): null

2020-08-17 18:04:24 - [TEST_STEP][PASSED] - if (otpMess[i] == "6"): null

2020-08-17 18:04:24 - [TEST_STEP][PASSED] - if (otpMess[i] == "7"): null

2020-08-17 18:04:24 - [TEST_STEP][PASSED] - if (otpMess[i] == "8"): null

2020-08-17 18:04:24 - [TEST_STEP][PASSED] - if (otpMess[i] == "9"): null

2020-08-17 18:04:24 - [TEST_STEP][PASSED] - delay(3, STOP_ON_FAILURE): Delayed 3 second(s)

2020-08-17 18:04:27 - [MESSAGE][PASSED] - Delayed 3 second(s)

2020-08-17 18:04:27 - [TEST_STEP][PASSED] - if (otpMess[i] == "0"): null

2020-08-17 18:04:27 - [TEST_STEP][PASSED] - if (otpMess[i] == "1"): null

2020-08-17 18:04:27 - [TEST_STEP][PASSED] - if (otpMess[i] == "2"): null

2020-08-17 18:04:27 - [TEST_STEP][PASSED] - if (otpMess[i] == "3"): null

2020-08-17 18:04:27 - [TEST_STEP][PASSED] - if (otpMess[i] == "4"): null

2020-08-17 18:04:27 - [TEST_STEP][PASSED] - if (otpMess[i] == "5"): null

2020-08-17 18:04:27 - [TEST_STEP][PASSED] - if (otpMess[i] == "6"): null

2020-08-17 18:04:27 - [TEST_STEP][PASSED] - if (otpMess[i] == "7"): Tapped on element 'Object Repository/Maya/login again/Spy - 7'

2020-08-17 18:04:27 - [TEST_STEP][PASSED] - delay(1, STOP_ON_FAILURE): Delayed 1 second(s)

2020-08-17 18:04:28 - [MESSAGE][PASSED] - Delayed 1 second(s)

2020-08-17 18:04:28 - [TEST_STEP][PASSED] - tap(findTestObject("Maya/login again/Spy - 7"), 0): Tapped on element 'Object Repository/Maya/login again/Spy - 7'

2020-08-17 18:04:28 - [MESSAGE][WARNING] - Timeout '0' is invalid. Using default page load timeout: '10'

2020-08-17 18:04:31 - [MESSAGE][PASSED] - Tapped on element 'Object Repository/Maya/login again/Spy - 7'

2020-08-17 18:04:31 - [TEST_STEP][PASSED] - if (otpMess[i] == "8"): null

2020-08-17 18:04:31 - [TEST_STEP][PASSED] - if (otpMess[i] == "9"): null

2020-08-17 18:04:31 - [TEST_STEP][PASSED] - delay(3, STOP_ON_FAILURE): Delayed 3 second(s)

2020-08-17 18:04:34 - [MESSAGE][PASSED] - Delayed 3 second(s)

2020-08-17 18:04:34 - [TEST_STEP][PASSED] - if (otpMess[i] == "0"): null

2020-08-17 18:04:34 - [TEST_STEP][PASSED] - if (otpMess[i] == "1"): null

2020-08-17 18:04:34 - [TEST_STEP][PASSED] - if (otpMess[i] == "2"): null

2020-08-17 18:04:34 - [TEST_STEP][PASSED] - if (otpMess[i] == "3"): null

2020-08-17 18:04:34 - [TEST_STEP][PASSED] - if (otpMess[i] == "4"): null

2020-08-17 18:04:34 - [TEST_STEP][PASSED] - if (otpMess[i] == "5"): Tapped on element 'Object Repository/Maya/login again/Spy- 5'

2020-08-17 18:04:34 - [TEST_STEP][PASSED] - delay(1, STOP_ON_FAILURE): Delayed 1 second(s)

2020-08-17 18:04:35 - [MESSAGE][PASSED] - Delayed 1 second(s)

2020-08-17 18:04:35 - [TEST_STEP][PASSED] - tap(findTestObject("Maya/login again/Spy- 5"), 0): Tapped on element 'Object Repository/Maya/login again/Spy- 5'

2020-08-17 18:04:35 - [MESSAGE][WARNING] - Timeout '0' is invalid. Using default page load timeout: '10'

2020-08-17 18:04:37 - [MESSAGE][PASSED] - Tapped on element 'Object Repository/Maya/login again/Spy- 5'

2020-08-17 18:04:37 - [TEST_STEP][PASSED] - if (otpMess[i] == "6"): null

2020-08-17 18:04:37 - [TEST_STEP][PASSED] - if (otpMess[i] == "7"): null

2020-08-17 18:04:37 - [TEST_STEP][PASSED] - if (otpMess[i] == "8"): null

2020-08-17 18:04:37 - [TEST_STEP][PASSED] - if (otpMess[i] == "9"): null

2020-08-17 18:04:37 - [TEST_STEP][PASSED] - delay(8, STOP_ON_FAILURE): Delayed 8 second(s)

2020-08-17 18:04:45 - [MESSAGE][PASSED] - Delayed 8 second(s)

2020-08-17 18:04:45 - [TEST_STEP][PASSED] - tap(findTestObject("Maya/Forgot Pin/android.widget.ImageView0 (7)"), 0): Tapped on element 'Object Repository/Maya/Forgot Pin/android.widget.ImageView0 (7)'

2020-08-17 18:04:46 - [MESSAGE][WARNING] - Timeout '0' is invalid. Using default page load timeout: '10'

2020-08-17 18:04:47 - [MESSAGE][PASSED] - Tapped on element 'Object Repository/Maya/Forgot Pin/android.widget.ImageView0 (7)'

2020-08-17 18:04:47 - [TEST_STEP][PASSED] - getText(findTestObject("Maya/RegisterDuitNow/android.widget.TextView0 - Youve successfully linked your account to DuitNow (1)"), 0, STOP_ON_FAILURE): Text of element 'Object Repository/Maya/RegisterDuitNow/android.widget.TextView0 - Youve successfully linked your account to DuitNow (1)' is: 'You’ve successfully linked your account to DuitNow'

2020-08-17 18:04:47 - [MESSAGE][WARNING] - Timeout '0' is invalid. Using default page load timeout: '10'

2020-08-17 18:04:49 - [MESSAGE][PASSED] - Text of element 'Object Repository/Maya/RegisterDuitNow/android.widget.TextView0 - Youve successfully linked your account to DuitNow (1)' is: 'You’ve successfully linked your account to DuitNow'

2020-08-17 18:04:49 - [TEST_STEP][PASSED] - verifyElementExist(findTestObject("Maya/RegisterDuitNow/android.widget.TextView0 - Youve successfully linked your account to DuitNow (1)"), 0): Element 'Object Repository/Maya/RegisterDuitNow/android.widget.TextView0 - Youve successfully linked your account to DuitNow (1)' is exist

2020-08-17 18:04:49 - [MESSAGE][WARNING] - Timeout '0' is invalid. Using default page load timeout: '10'

2020-08-17 18:04:50 - [MESSAGE][PASSED] - Element 'Object Repository/Maya/RegisterDuitNow/android.widget.TextView0 - Youve successfully linked your account to DuitNow (1)' is exist

2020-08-17 18:04:50 - [TEST_STEP][PASSED] - delay(2, STOP_ON_FAILURE): Delayed 2 second(s)

2020-08-17 18:04:52 - [MESSAGE][PASSED] - Delayed 2 second(s)

2020-08-17 18:04:52 - [TEST_STEP][PASSED] - takeScreenshot("C:\Users\LENOVO\Screenshot\DuitNowProxy\Screen7.png", CONTINUE_ON_FAILURE): Screenshot is taken

2020-08-17 18:04:53 - [MESSAGE][PASSED] - Screenshot is taken
[[ATTACHMENT|C:\\Users\\LENOVO\\Screenshot\\DuitNowProxy\\Screen7.png]]

2020-08-17 18:04:53 - [TEST_STEP][PASSED] - tap(findTestObject("Maya/RegisterDuitNow/android.widget.TextView0 - Done (10)"), 0): Tapped on element 'Object Repository/Maya/RegisterDuitNow/android.widget.TextView0 - Done (10)'

2020-08-17 18:04:53 - [MESSAGE][WARNING] - Timeout '0' is invalid. Using default page load timeout: '10'

2020-08-17 18:04:55 - [MESSAGE][PASSED] - Tapped on element 'Object Repository/Maya/RegisterDuitNow/android.widget.TextView0 - Done (10)'

2020-08-17 18:04:55 - [TEST_STEP][PASSED] - tap(findTestObject("Maya/RegisterDuitNow/android.widget.TextView0 - DuitNow (6)"), 0): Tapped on element 'Object Repository/Maya/RegisterDuitNow/android.widget.TextView0 - DuitNow (6)'

2020-08-17 18:04:55 - [MESSAGE][WARNING] - Timeout '0' is invalid. Using default page load timeout: '10'

2020-08-17 18:04:57 - [MESSAGE][PASSED] - Tapped on element 'Object Repository/Maya/RegisterDuitNow/android.widget.TextView0 - DuitNow (6)'

2020-08-17 18:04:57 - [TEST_STEP][PASSED] - getText(findTestObject("Maya/RegisterDuitNow/android.widget.TextView0 - Link your Maybank account to an ID for DuitNow (1)"), 0): Text of element 'Object Repository/Maya/RegisterDuitNow/android.widget.TextView0 - Link your Maybank account to an ID for DuitNow (1)' is: 'Link your Maybank account to an ID for DuitNow'

2020-08-17 18:04:57 - [MESSAGE][WARNING] - Timeout '0' is invalid. Using default page load timeout: '10'

2020-08-17 18:04:57 - [MESSAGE][PASSED] - Text of element 'Object Repository/Maya/RegisterDuitNow/android.widget.TextView0 - Link your Maybank account to an ID for DuitNow (1)' is: 'Link your Maybank account to an ID for DuitNow'

2020-08-17 18:04:57 - [TEST_STEP][PASSED] - verifyElementExist(findTestObject("Maya/RegisterDuitNow/android.widget.TextView0 - Link your Maybank account to an ID for DuitNow (1)"), 0): Element 'Object Repository/Maya/RegisterDuitNow/android.widget.TextView0 - Link your Maybank account to an ID for DuitNow (1)' is exist

2020-08-17 18:04:57 - [MESSAGE][WARNING] - Timeout '0' is invalid. Using default page load timeout: '10'

2020-08-17 18:04:58 - [MESSAGE][PASSED] - Element 'Object Repository/Maya/RegisterDuitNow/android.widget.TextView0 - Link your Maybank account to an ID for DuitNow (1)' is exist

2020-08-17 18:04:58 - [TEST_STEP][PASSED] - delay(2, STOP_ON_FAILURE): Delayed 2 second(s)

2020-08-17 18:05:00 - [MESSAGE][PASSED] - Delayed 2 second(s)

2020-08-17 18:05:00 - [TEST_STEP][PASSED] - takeScreenshot("C:\Users\LENOVO\Screenshot\DuitNowProxy\Screen4.png", CONTINUE_ON_FAILURE): Screenshot is taken

2020-08-17 18:05:01 - [MESSAGE][PASSED] - Screenshot is taken
[[ATTACHMENT|C:\\Users\\LENOVO\\Screenshot\\DuitNowProxy\\Screen4.png]]

2020-08-17 18:05:01 - [TEST_STEP][PASSED] - getText(findTestObject("Maya/RegisterDuitNow/android.widget.TextView0 - NRIC Number (5)"), 0): Text of element 'Object Repository/Maya/RegisterDuitNow/android.widget.TextView0 - NRIC Number (5)' is: 'ID Number'

2020-08-17 18:05:01 - [MESSAGE][WARNING] - Timeout '0' is invalid. Using default page load timeout: '10'

2020-08-17 18:05:01 - [MESSAGE][PASSED] - Text of element 'Object Repository/Maya/RegisterDuitNow/android.widget.TextView0 - NRIC Number (5)' is: 'ID Number'

2020-08-17 18:05:01 - [TEST_STEP][PASSED] - verifyElementExist(findTestObject("Maya/RegisterDuitNow/android.widget.TextView0 - NRIC Number (5)"), 0): Element 'Object Repository/Maya/RegisterDuitNow/android.widget.TextView0 - NRIC Number (5)' is exist

2020-08-17 18:05:01 - [MESSAGE][WARNING] - Timeout '0' is invalid. Using default page load timeout: '10'

2020-08-17 18:05:01 - [MESSAGE][PASSED] - Element 'Object Repository/Maya/RegisterDuitNow/android.widget.TextView0 - NRIC Number (5)' is exist

2020-08-17 18:05:01 - [TEST_STEP][PASSED] - getText(findTestObject("Maya/RegisterDuitNow/android.widget.TextView0 - 5263"), 0): Text of element 'Object Repository/Maya/RegisterDuitNow/android.widget.TextView0 - 5263' is: '********1028'

2020-08-17 18:05:01 - [MESSAGE][WARNING] - Timeout '0' is invalid. Using default page load timeout: '10'

2020-08-17 18:05:02 - [MESSAGE][PASSED] - Text of element 'Object Repository/Maya/RegisterDuitNow/android.widget.TextView0 - 5263' is: '********1028'

2020-08-17 18:05:02 - [TEST_STEP][PASSED] - verifyElementExist(findTestObject("Maya/RegisterDuitNow/android.widget.TextView0 - 5263"), 0): Element 'Object Repository/Maya/RegisterDuitNow/android.widget.TextView0 - 5263' is exist

2020-08-17 18:05:02 - [MESSAGE][WARNING] - Timeout '0' is invalid. Using default page load timeout: '10'

2020-08-17 18:05:02 - [MESSAGE][PASSED] - Element 'Object Repository/Maya/RegisterDuitNow/android.widget.TextView0 - 5263' is exist

2020-08-17 18:05:02 - [TEST_STEP][PASSED] - getText(findTestObject("Maya/RegisterDuitNow/android.widget.TextView0 - Maybank (4)"), 0): Text of element 'Object Repository/Maya/RegisterDuitNow/android.widget.TextView0 - Maybank (4)' is: 'Maybank'

2020-08-17 18:05:02 - [MESSAGE][WARNING] - Timeout '0' is invalid. Using default page load timeout: '10'

2020-08-17 18:05:02 - [MESSAGE][PASSED] - Text of element 'Object Repository/Maya/RegisterDuitNow/android.widget.TextView0 - Maybank (4)' is: 'Maybank'

2020-08-17 18:05:02 - [TEST_STEP][PASSED] - delay(2, STOP_ON_FAILURE): Delayed 2 second(s)

2020-08-17 18:05:04 - [MESSAGE][PASSED] - Delayed 2 second(s)

2020-08-17 18:05:04 - [TEST_STEP][PASSED] - takeScreenshot("C:\Users\LENOVO\Screenshot\DuitNowProxy\Screen75.png", CONTINUE_ON_FAILURE): Screenshot is taken

2020-08-17 18:05:05 - [MESSAGE][PASSED] - Screenshot is taken
[[ATTACHMENT|C:\\Users\\LENOVO\\Screenshot\\DuitNowProxy\\Screen75.png]]

2020-08-17 18:05:05 - [TEST_STEP][PASSED] - verifyElementExist(findTestObject("Maya/RegisterDuitNow/android.widget.TextView0 - Maybank (4)"), 0): Element 'Object Repository/Maya/RegisterDuitNow/android.widget.TextView0 - Maybank (4)' is exist

2020-08-17 18:05:05 - [MESSAGE][WARNING] - Timeout '0' is invalid. Using default page load timeout: '10'

2020-08-17 18:05:06 - [MESSAGE][PASSED] - Element 'Object Repository/Maya/RegisterDuitNow/android.widget.TextView0 - Maybank (4)' is exist

2020-08-17 18:05:06 - [TEST_STEP][PASSED] - tap(findTestObject("Maya/RegisterDuitNow/android.widget.TextView0 - NRIC Number (5)"), 0): Tapped on element 'Object Repository/Maya/RegisterDuitNow/android.widget.TextView0 - NRIC Number (5)'

2020-08-17 18:05:06 - [MESSAGE][WARNING] - Timeout '0' is invalid. Using default page load timeout: '10'

2020-08-17 18:05:07 - [MESSAGE][PASSED] - Tapped on element 'Object Repository/Maya/RegisterDuitNow/android.widget.TextView0 - NRIC Number (5)'

2020-08-17 18:05:07 - [TEST_STEP][PASSED] - getText(findTestObject("Maya/RegisterDuitNow/android.widget.TextView0 - NRIC Number (6)"), 0): Text of element 'Object Repository/Maya/RegisterDuitNow/android.widget.TextView0 - NRIC Number (6)' is: 'NRIC Number'

2020-08-17 18:05:07 - [MESSAGE][WARNING] - Timeout '0' is invalid. Using default page load timeout: '10'

2020-08-17 18:05:08 - [MESSAGE][PASSED] - Text of element 'Object Repository/Maya/RegisterDuitNow/android.widget.TextView0 - NRIC Number (6)' is: 'NRIC Number'

2020-08-17 18:05:08 - [TEST_STEP][PASSED] - verifyElementExist(findTestObject("Maya/RegisterDuitNow/android.widget.TextView0 - NRIC Number (6)"), 0): Element 'Object Repository/Maya/RegisterDuitNow/android.widget.TextView0 - NRIC Number (6)' is exist

2020-08-17 18:05:08 - [MESSAGE][WARNING] - Timeout '0' is invalid. Using default page load timeout: '10'

2020-08-17 18:05:08 - [MESSAGE][PASSED] - Element 'Object Repository/Maya/RegisterDuitNow/android.widget.TextView0 - NRIC Number (6)' is exist

2020-08-17 18:05:08 - [TEST_STEP][PASSED] - getText(findTestObject("Maya/RegisterDuitNow/android.widget.TextView0 - 5263 (1)"), 0): Text of element 'Object Repository/Maya/RegisterDuitNow/android.widget.TextView0 - 5263 (1)' is: '********5263'

2020-08-17 18:05:08 - [MESSAGE][WARNING] - Timeout '0' is invalid. Using default page load timeout: '10'

2020-08-17 18:05:08 - [MESSAGE][PASSED] - Text of element 'Object Repository/Maya/RegisterDuitNow/android.widget.TextView0 - 5263 (1)' is: '********5263'

2020-08-17 18:05:08 - [TEST_STEP][PASSED] - verifyElementExist(findTestObject("Maya/RegisterDuitNow/android.widget.TextView0 - 5263 (1)"), 0): Element 'Object Repository/Maya/RegisterDuitNow/android.widget.TextView0 - 5263 (1)' is exist

2020-08-17 18:05:08 - [MESSAGE][WARNING] - Timeout '0' is invalid. Using default page load timeout: '10'

2020-08-17 18:05:09 - [MESSAGE][PASSED] - Element 'Object Repository/Maya/RegisterDuitNow/android.widget.TextView0 - 5263 (1)' is exist

2020-08-17 18:05:09 - [TEST_STEP][PASSED] - getText(findTestObject("Maya/RegisterDuitNow/android.widget.TextView0 - Status (2)"), 0): Text of element 'Object Repository/Maya/RegisterDuitNow/android.widget.TextView0 - Status (2)' is: 'Status'

2020-08-17 18:05:09 - [MESSAGE][WARNING] - Timeout '0' is invalid. Using default page load timeout: '10'

2020-08-17 18:05:09 - [MESSAGE][PASSED] - Text of element 'Object Repository/Maya/RegisterDuitNow/android.widget.TextView0 - Status (2)' is: 'Status'

2020-08-17 18:05:09 - [TEST_STEP][PASSED] - verifyElementExist(findTestObject("Maya/RegisterDuitNow/android.widget.TextView0 - Status (2)"), 0): Element 'Object Repository/Maya/RegisterDuitNow/android.widget.TextView0 - Status (2)' is exist

2020-08-17 18:05:09 - [MESSAGE][WARNING] - Timeout '0' is invalid. Using default page load timeout: '10'

2020-08-17 18:05:09 - [MESSAGE][PASSED] - Element 'Object Repository/Maya/RegisterDuitNow/android.widget.TextView0 - Status (2)' is exist

2020-08-17 18:05:09 - [TEST_STEP][PASSED] - getText(findTestObject("Maya/RegisterDuitNow/android.widget.TextView0 - Status (1)"), 0): Text of element 'Object Repository/Maya/RegisterDuitNow/android.widget.TextView0 - Status (1)' is: 'Status'

2020-08-17 18:05:09 - [MESSAGE][WARNING] - Timeout '0' is invalid. Using default page load timeout: '10'

2020-08-17 18:05:09 - [MESSAGE][PASSED] - Text of element 'Object Repository/Maya/RegisterDuitNow/android.widget.TextView0 - Status (1)' is: 'Status'

2020-08-17 18:05:09 - [TEST_STEP][PASSED] - verifyElementExist(findTestObject("Maya/RegisterDuitNow/android.widget.TextView0 - Status (1)"), 0): Element 'Object Repository/Maya/RegisterDuitNow/android.widget.TextView0 - Status (1)' is exist

2020-08-17 18:05:09 - [MESSAGE][WARNING] - Timeout '0' is invalid. Using default page load timeout: '10'

2020-08-17 18:05:10 - [MESSAGE][PASSED] - Element 'Object Repository/Maya/RegisterDuitNow/android.widget.TextView0 - Status (1)' is exist

2020-08-17 18:05:10 - [TEST_STEP][PASSED] - getText(findTestObject("Maya/RegisterDuitNow/android.widget.TextView0 - ACTIVE (1)"), 0): Text of element 'Object Repository/Maya/RegisterDuitNow/android.widget.TextView0 - ACTIVE (1)' is: 'ACTIVE'

2020-08-17 18:05:10 - [MESSAGE][WARNING] - Timeout '0' is invalid. Using default page load timeout: '10'

2020-08-17 18:05:10 - [MESSAGE][PASSED] - Text of element 'Object Repository/Maya/RegisterDuitNow/android.widget.TextView0 - ACTIVE (1)' is: 'ACTIVE'

2020-08-17 18:05:10 - [TEST_STEP][PASSED] - verifyElementExist(findTestObject("Maya/RegisterDuitNow/android.widget.TextView0 - ACTIVE (1)"), 0): Element 'Object Repository/Maya/RegisterDuitNow/android.widget.TextView0 - ACTIVE (1)' is exist

2020-08-17 18:05:10 - [MESSAGE][WARNING] - Timeout '0' is invalid. Using default page load timeout: '10'

2020-08-17 18:05:10 - [MESSAGE][PASSED] - Element 'Object Repository/Maya/RegisterDuitNow/android.widget.TextView0 - ACTIVE (1)' is exist

2020-08-17 18:05:10 - [TEST_STEP][PASSED] - getText(findTestObject("Maya/RegisterDuitNow/android.widget.TextView0 - Receiving bank (1)"), 0): Text of element 'Object Repository/Maya/RegisterDuitNow/android.widget.TextView0 - Receiving bank (1)' is: 'Receiving bank'

2020-08-17 18:05:10 - [MESSAGE][WARNING] - Timeout '0' is invalid. Using default page load timeout: '10'

2020-08-17 18:05:11 - [MESSAGE][PASSED] - Text of element 'Object Repository/Maya/RegisterDuitNow/android.widget.TextView0 - Receiving bank (1)' is: 'Receiving bank'

2020-08-17 18:05:11 - [TEST_STEP][PASSED] - verifyElementExist(findTestObject("Maya/RegisterDuitNow/android.widget.TextView0 - Receiving bank (1)"), 0): Element 'Object Repository/Maya/RegisterDuitNow/android.widget.TextView0 - Receiving bank (1)' is exist

2020-08-17 18:05:11 - [MESSAGE][WARNING] - Timeout '0' is invalid. Using default page load timeout: '10'

2020-08-17 18:05:11 - [MESSAGE][PASSED] - Element 'Object Repository/Maya/RegisterDuitNow/android.widget.TextView0 - Receiving bank (1)' is exist

2020-08-17 18:05:11 - [TEST_STEP][PASSED] - getText(findTestObject("Maya/RegisterDuitNow/android.widget.TextView0 - Maybank (3)"), 0): Text of element 'Object Repository/Maya/RegisterDuitNow/android.widget.TextView0 - Maybank (3)' is: 'Maybank'

2020-08-17 18:05:11 - [MESSAGE][WARNING] - Timeout '0' is invalid. Using default page load timeout: '10'

2020-08-17 18:05:11 - [MESSAGE][PASSED] - Text of element 'Object Repository/Maya/RegisterDuitNow/android.widget.TextView0 - Maybank (3)' is: 'Maybank'

2020-08-17 18:05:11 - [TEST_STEP][PASSED] - takeScreenshot("C:\Users\LENOVO\Screenshot\DuitNowProxy\Screen56.png", CONTINUE_ON_FAILURE): Screenshot is taken

2020-08-17 18:05:12 - [MESSAGE][PASSED] - Screenshot is taken
[[ATTACHMENT|C:\\Users\\LENOVO\\Screenshot\\DuitNowProxy\\Screen56.png]]

2020-08-17 18:05:12 - [TEST_STEP][PASSED] - verifyElementExist(findTestObject("Maya/RegisterDuitNow/android.widget.TextView0 - Receiving Account (1)"), 0): Element 'Object Repository/Maya/RegisterDuitNow/android.widget.TextView0 - Receiving Account (1)' is exist

2020-08-17 18:05:12 - [MESSAGE][WARNING] - Timeout '0' is invalid. Using default page load timeout: '10'

2020-08-17 18:05:12 - [MESSAGE][PASSED] - Element 'Object Repository/Maya/RegisterDuitNow/android.widget.TextView0 - Receiving Account (1)' is exist

2020-08-17 18:05:12 - [TEST_STEP][NOT_RUN] - closeApplication(): NOT_RUN: closeApplication()

2020-08-17 18:05:12 - [MESSAGE][NOT_RUN] - NOT_RUN: closeApplication()

2020-08-17 18:05:12 - [TEST_STEP][PASSED] - delay(2, STOP_ON_FAILURE): Delayed 2 second(s)

2020-08-17 18:05:14 - [MESSAGE][PASSED] - Delayed 2 second(s)

2020-08-17 18:05:14 - [TEST_STEP][PASSED] - takeScreenshot("C:\Users\LENOVO\Screenshot\DuitNowProxy\Screen15.png", CONTINUE_ON_FAILURE): Screenshot is taken

2020-08-17 18:05:15 - [MESSAGE][PASSED] - Screenshot is taken
[[ATTACHMENT|C:\\Users\\LENOVO\\Screenshot\\DuitNowProxy\\Screen15.png]]

2020-08-17 18:05:15 - [TEST_STEP][PASSED] - tap(findTestObject("Maya/RegisterDuitNow/android.widget.TextView0 - Deregister DuitNow"), 0): Tapped on element 'Object Repository/Maya/RegisterDuitNow/android.widget.TextView0 - Deregister DuitNow'

2020-08-17 18:05:15 - [MESSAGE][WARNING] - Timeout '0' is invalid. Using default page load timeout: '10'

2020-08-17 18:05:17 - [MESSAGE][PASSED] - Tapped on element 'Object Repository/Maya/RegisterDuitNow/android.widget.TextView0 - Deregister DuitNow'

2020-08-17 18:05:17 - [TEST_STEP][PASSED] - delay(2, STOP_ON_FAILURE): Delayed 2 second(s)

2020-08-17 18:05:19 - [MESSAGE][PASSED] - Delayed 2 second(s)

2020-08-17 18:05:19 - [TEST_STEP][PASSED] - takeScreenshot("C:\Users\LENOVO\Screenshot\DuitNowProxy\Screen8.png", CONTINUE_ON_FAILURE): Screenshot is taken

2020-08-17 18:05:20 - [MESSAGE][PASSED] - Screenshot is taken
[[ATTACHMENT|C:\\Users\\LENOVO\\Screenshot\\DuitNowProxy\\Screen8.png]]

2020-08-17 18:05:20 - [TEST_STEP][PASSED] - tap(findTestObject("Maya/RegisterDuitNow/android.widget.TextView0 - Confirm (2)"), 0): Tapped on element 'Object Repository/Maya/RegisterDuitNow/android.widget.TextView0 - Confirm (2)'

2020-08-17 18:05:20 - [MESSAGE][WARNING] - Timeout '0' is invalid. Using default page load timeout: '10'

2020-08-17 18:05:22 - [MESSAGE][PASSED] - Tapped on element 'Object Repository/Maya/RegisterDuitNow/android.widget.TextView0 - Confirm (2)'

2020-08-17 18:05:22 - [TEST_STEP][PASSED] - delay(2, STOP_ON_FAILURE): Delayed 2 second(s)

2020-08-17 18:05:24 - [MESSAGE][PASSED] - Delayed 2 second(s)

2020-08-17 18:05:24 - [TEST_STEP][PASSED] - takeScreenshot("C:\Users\LENOVO\Screenshot\DuitNowProxy\Screen9.png", CONTINUE_ON_FAILURE): Screenshot is taken

2020-08-17 18:05:25 - [MESSAGE][PASSED] - Screenshot is taken
[[ATTACHMENT|C:\\Users\\LENOVO\\Screenshot\\DuitNowProxy\\Screen9.png]]

2020-08-17 18:05:25 - [TEST_STEP][PASSED] - tap(findTestObject("Maya/RegisterDuitNow/android.widget.TextView0 - Confirm (1)"), 0): Tapped on element 'Object Repository/Maya/RegisterDuitNow/android.widget.TextView0 - Confirm (1)'

2020-08-17 18:05:25 - [MESSAGE][WARNING] - Timeout '0' is invalid. Using default page load timeout: '10'

2020-08-17 18:05:26 - [MESSAGE][PASSED] - Tapped on element 'Object Repository/Maya/RegisterDuitNow/android.widget.TextView0 - Confirm (1)'

2020-08-17 18:05:26 - [TEST_STEP][PASSED] - otp = getText(findTestObject("Maya/Third Party CA account/android.widget.TextView0 - Your OTP no. is 460943"), 0): Text of element 'Object Repository/Maya/Third Party CA account/android.widget.TextView0 - Your OTP no. is 460943' is: 'Your OTP no. is 425414'

2020-08-17 18:05:26 - [MESSAGE][WARNING] - Timeout '0' is invalid. Using default page load timeout: '10'

2020-08-17 18:05:29 - [MESSAGE][PASSED] - Text of element 'Object Repository/Maya/Third Party CA account/android.widget.TextView0 - Your OTP no. is 460943' is: 'Your OTP no. is 425414'

2020-08-17 18:05:29 - [TEST_STEP][PASSED] - delay(2): Delayed 2 second(s)

2020-08-17 18:05:31 - [MESSAGE][PASSED] - Delayed 2 second(s)

2020-08-17 18:05:31 - [TEST_STEP][PASSED] - for ([i = 16, i <= 21, (i++)]): null

2020-08-17 18:05:31 - [TEST_STEP][PASSED] - delay(3, STOP_ON_FAILURE): Delayed 3 second(s)

2020-08-17 18:05:34 - [MESSAGE][PASSED] - Delayed 3 second(s)

2020-08-17 18:05:34 - [TEST_STEP][PASSED] - if (otp[i] == "0"): null

2020-08-17 18:05:34 - [TEST_STEP][PASSED] - if (otp[i] == "1"): null

2020-08-17 18:05:34 - [TEST_STEP][PASSED] - if (otp[i] == "2"): null

2020-08-17 18:05:34 - [TEST_STEP][PASSED] - if (otp[i] == "3"): null

2020-08-17 18:05:34 - [TEST_STEP][PASSED] - if (otp[i] == "4"): Tapped on element 'Object Repository/Maya/login again/Spy - 4'

2020-08-17 18:05:34 - [TEST_STEP][PASSED] - delay(1, STOP_ON_FAILURE): Delayed 1 second(s)

2020-08-17 18:05:35 - [MESSAGE][PASSED] - Delayed 1 second(s)

2020-08-17 18:05:35 - [TEST_STEP][PASSED] - tap(findTestObject("Maya/login again/Spy - 4"), 0): Tapped on element 'Object Repository/Maya/login again/Spy - 4'

2020-08-17 18:05:35 - [MESSAGE][WARNING] - Timeout '0' is invalid. Using default page load timeout: '10'

2020-08-17 18:05:37 - [MESSAGE][PASSED] - Tapped on element 'Object Repository/Maya/login again/Spy - 4'

2020-08-17 18:05:37 - [TEST_STEP][PASSED] - if (otp[i] == "5"): null

2020-08-17 18:05:37 - [TEST_STEP][PASSED] - if (otp[i] == "6"): null

2020-08-17 18:05:37 - [TEST_STEP][PASSED] - if (otp[i] == "7"): null

2020-08-17 18:05:37 - [TEST_STEP][PASSED] - if (otp[i] == "8"): null

2020-08-17 18:05:37 - [TEST_STEP][PASSED] - if (otp[i] == "9"): null

2020-08-17 18:05:37 - [TEST_STEP][PASSED] - delay(3, STOP_ON_FAILURE): Delayed 3 second(s)

2020-08-17 18:05:40 - [MESSAGE][PASSED] - Delayed 3 second(s)

2020-08-17 18:05:40 - [TEST_STEP][PASSED] - if (otp[i] == "0"): null

2020-08-17 18:05:40 - [TEST_STEP][PASSED] - if (otp[i] == "1"): null

2020-08-17 18:05:40 - [TEST_STEP][PASSED] - if (otp[i] == "2"): Tapped on element 'Object Repository/Maya/login again/Spy- 2'

2020-08-17 18:05:40 - [TEST_STEP][PASSED] - delay(1, STOP_ON_FAILURE): Delayed 1 second(s)

2020-08-17 18:05:41 - [MESSAGE][PASSED] - Delayed 1 second(s)

2020-08-17 18:05:41 - [TEST_STEP][PASSED] - tap(findTestObject("Maya/login again/Spy- 2"), 0): Tapped on element 'Object Repository/Maya/login again/Spy- 2'

2020-08-17 18:05:41 - [MESSAGE][WARNING] - Timeout '0' is invalid. Using default page load timeout: '10'

2020-08-17 18:05:44 - [MESSAGE][PASSED] - Tapped on element 'Object Repository/Maya/login again/Spy- 2'

2020-08-17 18:05:44 - [TEST_STEP][PASSED] - if (otp[i] == "3"): null

2020-08-17 18:05:44 - [TEST_STEP][PASSED] - if (otp[i] == "4"): null

2020-08-17 18:05:44 - [TEST_STEP][PASSED] - if (otp[i] == "5"): null

2020-08-17 18:05:44 - [TEST_STEP][PASSED] - if (otp[i] == "6"): null

2020-08-17 18:05:44 - [TEST_STEP][PASSED] - if (otp[i] == "7"): null

2020-08-17 18:05:44 - [TEST_STEP][PASSED] - if (otp[i] == "8"): null

2020-08-17 18:05:44 - [TEST_STEP][PASSED] - if (otp[i] == "9"): null

2020-08-17 18:05:44 - [TEST_STEP][PASSED] - delay(3, STOP_ON_FAILURE): Delayed 3 second(s)

2020-08-17 18:05:47 - [MESSAGE][PASSED] - Delayed 3 second(s)

2020-08-17 18:05:47 - [TEST_STEP][PASSED] - if (otp[i] == "0"): null

2020-08-17 18:05:47 - [TEST_STEP][PASSED] - if (otp[i] == "1"): null

2020-08-17 18:05:47 - [TEST_STEP][PASSED] - if (otp[i] == "2"): null

2020-08-17 18:05:47 - [TEST_STEP][PASSED] - if (otp[i] == "3"): null

2020-08-17 18:05:47 - [TEST_STEP][PASSED] - if (otp[i] == "4"): null

2020-08-17 18:05:47 - [TEST_STEP][PASSED] - if (otp[i] == "5"): Tapped on element 'Object Repository/Maya/login again/Spy- 5'

2020-08-17 18:05:47 - [TEST_STEP][PASSED] - delay(1, STOP_ON_FAILURE): Delayed 1 second(s)

2020-08-17 18:05:48 - [MESSAGE][PASSED] - Delayed 1 second(s)

2020-08-17 18:05:48 - [TEST_STEP][PASSED] - tap(findTestObject("Maya/login again/Spy- 5"), 0): Tapped on element 'Object Repository/Maya/login again/Spy- 5'

2020-08-17 18:05:48 - [MESSAGE][WARNING] - Timeout '0' is invalid. Using default page load timeout: '10'

2020-08-17 18:05:51 - [MESSAGE][PASSED] - Tapped on element 'Object Repository/Maya/login again/Spy- 5'

2020-08-17 18:05:51 - [TEST_STEP][PASSED] - if (otp[i] == "6"): null

2020-08-17 18:05:51 - [TEST_STEP][PASSED] - if (otp[i] == "7"): null

2020-08-17 18:05:51 - [TEST_STEP][PASSED] - if (otp[i] == "8"): null

2020-08-17 18:05:51 - [TEST_STEP][PASSED] - if (otp[i] == "9"): null

2020-08-17 18:05:51 - [TEST_STEP][PASSED] - delay(3, STOP_ON_FAILURE): Delayed 3 second(s)

2020-08-17 18:05:54 - [MESSAGE][PASSED] - Delayed 3 second(s)

2020-08-17 18:05:54 - [TEST_STEP][PASSED] - if (otp[i] == "0"): null

2020-08-17 18:05:54 - [TEST_STEP][PASSED] - if (otp[i] == "1"): null

2020-08-17 18:05:54 - [TEST_STEP][PASSED] - if (otp[i] == "2"): null

2020-08-17 18:05:54 - [TEST_STEP][PASSED] - if (otp[i] == "3"): null

2020-08-17 18:05:54 - [TEST_STEP][PASSED] - if (otp[i] == "4"): Tapped on element 'Object Repository/Maya/login again/Spy - 4'

2020-08-17 18:05:54 - [TEST_STEP][PASSED] - delay(1, STOP_ON_FAILURE): Delayed 1 second(s)

2020-08-17 18:05:55 - [MESSAGE][PASSED] - Delayed 1 second(s)

2020-08-17 18:05:55 - [TEST_STEP][PASSED] - tap(findTestObject("Maya/login again/Spy - 4"), 0): Tapped on element 'Object Repository/Maya/login again/Spy - 4'

2020-08-17 18:05:55 - [MESSAGE][WARNING] - Timeout '0' is invalid. Using default page load timeout: '10'

2020-08-17 18:05:57 - [MESSAGE][PASSED] - Tapped on element 'Object Repository/Maya/login again/Spy - 4'

2020-08-17 18:05:58 - [TEST_STEP][PASSED] - if (otp[i] == "5"): null

2020-08-17 18:05:58 - [TEST_STEP][PASSED] - if (otp[i] == "6"): null

2020-08-17 18:05:58 - [TEST_STEP][PASSED] - if (otp[i] == "7"): null

2020-08-17 18:05:58 - [TEST_STEP][PASSED] - if (otp[i] == "8"): null

2020-08-17 18:05:58 - [TEST_STEP][PASSED] - if (otp[i] == "9"): null

2020-08-17 18:05:58 - [TEST_STEP][PASSED] - delay(3, STOP_ON_FAILURE): Delayed 3 second(s)

2020-08-17 18:06:01 - [MESSAGE][PASSED] - Delayed 3 second(s)

2020-08-17 18:06:01 - [TEST_STEP][PASSED] - if (otp[i] == "0"): null

2020-08-17 18:06:01 - [TEST_STEP][PASSED] - if (otp[i] == "1"): Tapped on element 'Object Repository/Maya/login again/Spy - 1'

2020-08-17 18:06:01 - [TEST_STEP][PASSED] - delay(1, STOP_ON_FAILURE): Delayed 1 second(s)

2020-08-17 18:06:02 - [MESSAGE][PASSED] - Delayed 1 second(s)

2020-08-17 18:06:02 - [TEST_STEP][PASSED] - tap(findTestObject("Maya/login again/Spy - 1"), 0): Tapped on element 'Object Repository/Maya/login again/Spy - 1'

2020-08-17 18:06:02 - [MESSAGE][WARNING] - Timeout '0' is invalid. Using default page load timeout: '10'

2020-08-17 18:06:04 - [MESSAGE][PASSED] - Tapped on element 'Object Repository/Maya/login again/Spy - 1'

2020-08-17 18:06:04 - [TEST_STEP][PASSED] - if (otp[i] == "2"): null

2020-08-17 18:06:04 - [TEST_STEP][PASSED] - if (otp[i] == "3"): null

2020-08-17 18:06:04 - [TEST_STEP][PASSED] - if (otp[i] == "4"): null

2020-08-17 18:06:04 - [TEST_STEP][PASSED] - if (otp[i] == "5"): null

2020-08-17 18:06:04 - [TEST_STEP][PASSED] - if (otp[i] == "6"): null

2020-08-17 18:06:04 - [TEST_STEP][PASSED] - if (otp[i] == "7"): null

2020-08-17 18:06:04 - [TEST_STEP][PASSED] - if (otp[i] == "8"): null

2020-08-17 18:06:04 - [TEST_STEP][PASSED] - if (otp[i] == "9"): null

2020-08-17 18:06:04 - [TEST_STEP][PASSED] - delay(3, STOP_ON_FAILURE): Delayed 3 second(s)

2020-08-17 18:06:07 - [MESSAGE][PASSED] - Delayed 3 second(s)

2020-08-17 18:06:07 - [TEST_STEP][PASSED] - if (otp[i] == "0"): null

2020-08-17 18:06:07 - [TEST_STEP][PASSED] - if (otp[i] == "1"): null

2020-08-17 18:06:07 - [TEST_STEP][PASSED] - if (otp[i] == "2"): null

2020-08-17 18:06:07 - [TEST_STEP][PASSED] - if (otp[i] == "3"): null

2020-08-17 18:06:07 - [TEST_STEP][PASSED] - if (otp[i] == "4"): Tapped on element 'Object Repository/Maya/login again/Spy - 4'

2020-08-17 18:06:07 - [TEST_STEP][PASSED] - delay(1, STOP_ON_FAILURE): Delayed 1 second(s)

2020-08-17 18:06:08 - [MESSAGE][PASSED] - Delayed 1 second(s)

2020-08-17 18:06:08 - [TEST_STEP][PASSED] - tap(findTestObject("Maya/login again/Spy - 4"), 0): Tapped on element 'Object Repository/Maya/login again/Spy - 4'

2020-08-17 18:06:08 - [MESSAGE][WARNING] - Timeout '0' is invalid. Using default page load timeout: '10'

2020-08-17 18:06:10 - [MESSAGE][PASSED] - Tapped on element 'Object Repository/Maya/login again/Spy - 4'

2020-08-17 18:06:10 - [TEST_STEP][PASSED] - if (otp[i] == "5"): null

2020-08-17 18:06:10 - [TEST_STEP][PASSED] - if (otp[i] == "6"): null

2020-08-17 18:06:10 - [TEST_STEP][PASSED] - if (otp[i] == "7"): null

2020-08-17 18:06:10 - [TEST_STEP][PASSED] - if (otp[i] == "8"): null

2020-08-17 18:06:10 - [TEST_STEP][PASSED] - if (otp[i] == "9"): null

2020-08-17 18:06:10 - [TEST_STEP][PASSED] - delay(8, STOP_ON_FAILURE): Delayed 8 second(s)

2020-08-17 18:06:18 - [MESSAGE][PASSED] - Delayed 8 second(s)

2020-08-17 18:06:18 - [TEST_STEP][PASSED] - tap(findTestObject("Maya/Forgot Pin/android.widget.ImageView0 (7)"), 0): Tapped on element 'Object Repository/Maya/Forgot Pin/android.widget.ImageView0 (7)'

2020-08-17 18:06:19 - [MESSAGE][WARNING] - Timeout '0' is invalid. Using default page load timeout: '10'

2020-08-17 18:06:20 - [MESSAGE][PASSED] - Tapped on element 'Object Repository/Maya/Forgot Pin/android.widget.ImageView0 (7)'

2020-08-17 18:06:20 - [TEST_STEP][PASSED] - verifyElementExist(findTestObject("Maya/RegisterDuitNow/android.widget.TextView0 - DuitNow successfully deregistered."), 0): Element 'Object Repository/Maya/RegisterDuitNow/android.widget.TextView0 - DuitNow successfully deregistered.' is exist

2020-08-17 18:06:20 - [MESSAGE][WARNING] - Timeout '0' is invalid. Using default page load timeout: '10'

2020-08-17 18:06:22 - [MESSAGE][PASSED] - Element 'Object Repository/Maya/RegisterDuitNow/android.widget.TextView0 - DuitNow successfully deregistered.' is exist

2020-08-17 18:06:22 - [TEST_STEP][PASSED] - delay(2, STOP_ON_FAILURE): Delayed 2 second(s)

2020-08-17 18:06:24 - [MESSAGE][PASSED] - Delayed 2 second(s)

2020-08-17 18:06:24 - [TEST_STEP][PASSED] - takeScreenshot("C:\Users\LENOVO\Screenshot\DuitNowProxy\Screen10.png", CONTINUE_ON_FAILURE): Screenshot is taken

2020-08-17 18:06:25 - [MESSAGE][PASSED] - Screenshot is taken
[[ATTACHMENT|C:\\Users\\LENOVO\\Screenshot\\DuitNowProxy\\Screen10.png]]

2020-08-17 18:06:25 - [TEST_STEP][PASSED] - tap(findTestObject("Maya/RegisterDuitNow/android.widget.TextView0 - DuitNow (6)"), 0): Tapped on element 'Object Repository/Maya/RegisterDuitNow/android.widget.TextView0 - DuitNow (6)'

2020-08-17 18:06:25 - [MESSAGE][WARNING] - Timeout '0' is invalid. Using default page load timeout: '10'

2020-08-17 18:06:27 - [MESSAGE][PASSED] - Tapped on element 'Object Repository/Maya/RegisterDuitNow/android.widget.TextView0 - DuitNow (6)'

2020-08-17 18:06:27 - [TEST_STEP][PASSED] - getText(findTestObject("Maya/RegisterDuitNow/android.widget.TextView0 - Link your Maybank account to an ID for DuitNow (2)"), 0): Text of element 'Object Repository/Maya/RegisterDuitNow/android.widget.TextView0 - Link your Maybank account to an ID for DuitNow (2)' is: 'Link your Maybank account to an ID for DuitNow'

2020-08-17 18:06:27 - [MESSAGE][WARNING] - Timeout '0' is invalid. Using default page load timeout: '10'

2020-08-17 18:06:28 - [MESSAGE][PASSED] - Text of element 'Object Repository/Maya/RegisterDuitNow/android.widget.TextView0 - Link your Maybank account to an ID for DuitNow (2)' is: 'Link your Maybank account to an ID for DuitNow'

2020-08-17 18:06:28 - [TEST_STEP][PASSED] - verifyElementExist(findTestObject("Maya/RegisterDuitNow/android.widget.TextView0 - Link your Maybank account to an ID for DuitNow (2)"), 0): Element 'Object Repository/Maya/RegisterDuitNow/android.widget.TextView0 - Link your Maybank account to an ID for DuitNow (2)' is exist

2020-08-17 18:06:28 - [MESSAGE][WARNING] - Timeout '0' is invalid. Using default page load timeout: '10'

2020-08-17 18:06:28 - [MESSAGE][PASSED] - Element 'Object Repository/Maya/RegisterDuitNow/android.widget.TextView0 - Link your Maybank account to an ID for DuitNow (2)' is exist

2020-08-17 18:06:28 - [TEST_STEP][PASSED] - getText(findTestObject("Maya/RegisterDuitNow/android.widget.TextView0 - Select account"), 0): Text of element 'Object Repository/Maya/RegisterDuitNow/android.widget.TextView0 - Select account' is: 'Select account'

2020-08-17 18:06:28 - [MESSAGE][WARNING] - Timeout '0' is invalid. Using default page load timeout: '10'

2020-08-17 18:06:29 - [MESSAGE][PASSED] - Text of element 'Object Repository/Maya/RegisterDuitNow/android.widget.TextView0 - Select account' is: 'Select account'

2020-08-17 18:06:29 - [TEST_STEP][PASSED] - getText(findTestObject("Maya/RegisterDuitNow/android.widget.TextView0 - Not registered"), 0): Text of element 'Object Repository/Maya/RegisterDuitNow/android.widget.TextView0 - Not registered' is: 'Not registered'

2020-08-17 18:06:29 - [MESSAGE][WARNING] - Timeout '0' is invalid. Using default page load timeout: '10'

2020-08-17 18:06:29 - [MESSAGE][PASSED] - Text of element 'Object Repository/Maya/RegisterDuitNow/android.widget.TextView0 - Not registered' is: 'Not registered'

2020-08-17 18:06:29 - [TEST_STEP][PASSED] - delay(2, STOP_ON_FAILURE): Delayed 2 second(s)

2020-08-17 18:06:31 - [MESSAGE][PASSED] - Delayed 2 second(s)

2020-08-17 18:06:31 - [TEST_STEP][PASSED] - takeScreenshot("C:\Users\LENOVO\Screenshot\DuitNowProxy\Screen8.png", CONTINUE_ON_FAILURE): Screenshot is taken

2020-08-17 18:06:32 - [MESSAGE][PASSED] - Screenshot is taken
[[ATTACHMENT|C:\\Users\\LENOVO\\Screenshot\\DuitNowProxy\\Screen8.png]]

2020-08-17 18:06:32 - [TEST_STEP][NOT_RUN] - tap(findTestObject("Maya/RegisterDuitNow/android.view.ViewGroup0"), 0): NOT_RUN: tap(findTestObject("Maya/RegisterDuitNow/android.view.ViewGroup0"), 0)

2020-08-17 18:06:32 - [MESSAGE][NOT_RUN] - NOT_RUN: tap(findTestObject("Maya/RegisterDuitNow/android.view.ViewGroup0"), 0)

2020-08-17 18:06:32 - [TEST_STEP][PASSED] - tap(findTestObject("Maya/RegisterDuitNow/android.widget.TextView0 - NRIC Number (5)"), 0): Tapped on element 'Object Repository/Maya/RegisterDuitNow/android.widget.TextView0 - NRIC Number (5)'

2020-08-17 18:06:32 - [MESSAGE][WARNING] - Timeout '0' is invalid. Using default page load timeout: '10'

2020-08-17 18:06:34 - [MESSAGE][PASSED] - Tapped on element 'Object Repository/Maya/RegisterDuitNow/android.widget.TextView0 - NRIC Number (5)'

2020-08-17 18:06:34 - [TEST_STEP][PASSED] - tapAndHoldAtPosition(540, 773, 1): Tapped and held at [540, 773] with duration 1

2020-08-17 18:06:37 - [MESSAGE][PASSED] - Tapped and held at [540, 773] with duration 1

2020-08-17 18:06:37 - [TEST_STEP][PASSED] - tap(findTestObject("Maya/RegisterDuitNow/android.widget.TextView0 - Continue (7)"), 0): Tapped on element 'Object Repository/Maya/RegisterDuitNow/android.widget.TextView0 - Continue (7)'

2020-08-17 18:06:37 - [MESSAGE][WARNING] - Timeout '0' is invalid. Using default page load timeout: '10'

2020-08-17 18:06:39 - [MESSAGE][PASSED] - Tapped on element 'Object Repository/Maya/RegisterDuitNow/android.widget.TextView0 - Continue (7)'

2020-08-17 18:06:39 - [TEST_STEP][PASSED] - getText(findTestObject("Maya/RegisterDuitNow/android.widget.TextView0 - Please confirm your DuitNow details (1)"), 0): Text of element 'Object Repository/Maya/RegisterDuitNow/android.widget.TextView0 - Please confirm your DuitNow details (1)' is: 'Please confirm your DuitNow details'

2020-08-17 18:06:39 - [MESSAGE][WARNING] - Timeout '0' is invalid. Using default page load timeout: '10'

2020-08-17 18:06:39 - [MESSAGE][PASSED] - Text of element 'Object Repository/Maya/RegisterDuitNow/android.widget.TextView0 - Please confirm your DuitNow details (1)' is: 'Please confirm your DuitNow details'

2020-08-17 18:06:39 - [TEST_STEP][PASSED] - verifyElementExist(findTestObject("Maya/RegisterDuitNow/android.widget.TextView0 - Please confirm your DuitNow details (1)"), 0): Element 'Object Repository/Maya/RegisterDuitNow/android.widget.TextView0 - Please confirm your DuitNow details (1)' is exist

2020-08-17 18:06:39 - [MESSAGE][WARNING] - Timeout '0' is invalid. Using default page load timeout: '10'

2020-08-17 18:06:39 - [MESSAGE][PASSED] - Element 'Object Repository/Maya/RegisterDuitNow/android.widget.TextView0 - Please confirm your DuitNow details (1)' is exist

2020-08-17 18:06:39 - [TEST_STEP][PASSED] - tap(findTestObject("Maya/RegisterDuitNow/android.widget.TextView0 - Agree and Confirm (1)"), 0): Tapped on element 'Object Repository/Maya/RegisterDuitNow/android.widget.TextView0 - Agree and Confirm (1)'

2020-08-17 18:06:39 - [MESSAGE][WARNING] - Timeout '0' is invalid. Using default page load timeout: '10'

2020-08-17 18:06:41 - [MESSAGE][PASSED] - Tapped on element 'Object Repository/Maya/RegisterDuitNow/android.widget.TextView0 - Agree and Confirm (1)'

2020-08-17 18:06:41 - [TEST_STEP][PASSED] - getText(findTestObject("Maya/RegisterDuitNow/android.widget.TextView0 - Youve successfully linked your account to DuitNow (1)"), 0): Text of element 'Object Repository/Maya/RegisterDuitNow/android.widget.TextView0 - Youve successfully linked your account to DuitNow (1)' is: 'You’ve successfully linked your account to DuitNow'

2020-08-17 18:06:41 - [MESSAGE][WARNING] - Timeout '0' is invalid. Using default page load timeout: '10'

2020-08-17 18:06:42 - [MESSAGE][PASSED] - Text of element 'Object Repository/Maya/RegisterDuitNow/android.widget.TextView0 - Youve successfully linked your account to DuitNow (1)' is: 'You’ve successfully linked your account to DuitNow'

2020-08-17 18:06:42 - [TEST_STEP][PASSED] - verifyElementExist(findTestObject("Maya/RegisterDuitNow/android.widget.TextView0 - Youve successfully linked your account to DuitNow (1)"), 0): Element 'Object Repository/Maya/RegisterDuitNow/android.widget.TextView0 - Youve successfully linked your account to DuitNow (1)' is exist

2020-08-17 18:06:42 - [MESSAGE][WARNING] - Timeout '0' is invalid. Using default page load timeout: '10'

2020-08-17 18:06:42 - [MESSAGE][PASSED] - Element 'Object Repository/Maya/RegisterDuitNow/android.widget.TextView0 - Youve successfully linked your account to DuitNow (1)' is exist

2020-08-17 18:06:42 - [TEST_STEP][PASSED] - delay(2, STOP_ON_FAILURE): Delayed 2 second(s)

2020-08-17 18:06:44 - [MESSAGE][PASSED] - Delayed 2 second(s)

2020-08-17 18:06:44 - [TEST_STEP][PASSED] - takeScreenshot("C:\Users\LENOVO\Screenshot\DuitNowProxy\Screen12.png", CONTINUE_ON_FAILURE): Screenshot is taken

2020-08-17 18:06:45 - [MESSAGE][PASSED] - Screenshot is taken
[[ATTACHMENT|C:\\Users\\LENOVO\\Screenshot\\DuitNowProxy\\Screen12.png]]

2020-08-17 18:06:45 - [TEST_STEP][PASSED] - tap(findTestObject("Maya/RegisterDuitNow/android.widget.TextView0 - Done (10)"), 0): Tapped on element 'Object Repository/Maya/RegisterDuitNow/android.widget.TextView0 - Done (10)'

2020-08-17 18:06:45 - [MESSAGE][WARNING] - Timeout '0' is invalid. Using default page load timeout: '10'

2020-08-17 18:06:47 - [MESSAGE][PASSED] - Tapped on element 'Object Repository/Maya/RegisterDuitNow/android.widget.TextView0 - Done (10)'

2020-08-17 18:06:47 - [TEST_STEP][PASSED] - tap(findTestObject("Maya/RegisterDuitNow/android.widget.TextView0 - DuitNow (6)"), 0): Tapped on element 'Object Repository/Maya/RegisterDuitNow/android.widget.TextView0 - DuitNow (6)'

2020-08-17 18:06:47 - [MESSAGE][WARNING] - Timeout '0' is invalid. Using default page load timeout: '10'

2020-08-17 18:06:49 - [MESSAGE][PASSED] - Tapped on element 'Object Repository/Maya/RegisterDuitNow/android.widget.TextView0 - DuitNow (6)'

2020-08-17 18:06:49 - [TEST_STEP][PASSED] - tap(findTestObject("Maya/RegisterDuitNow/android.widget.TextView0 - NRIC Number (5)"), 0): Tapped on element 'Object Repository/Maya/RegisterDuitNow/android.widget.TextView0 - NRIC Number (5)'

2020-08-17 18:06:49 - [MESSAGE][WARNING] - Timeout '0' is invalid. Using default page load timeout: '10'

2020-08-17 18:06:52 - [MESSAGE][PASSED] - Tapped on element 'Object Repository/Maya/RegisterDuitNow/android.widget.TextView0 - NRIC Number (5)'

2020-08-17 18:06:52 - [TEST_STEP][PASSED] - tap(findTestObject("Maya/RegisterDuitNow/android.widget.TextView0 - Disable Temporarily"), 0): Tapped on element 'Object Repository/Maya/RegisterDuitNow/android.widget.TextView0 - Disable Temporarily'

2020-08-17 18:06:52 - [MESSAGE][WARNING] - Timeout '0' is invalid. Using default page load timeout: '10'

2020-08-17 18:06:53 - [MESSAGE][PASSED] - Tapped on element 'Object Repository/Maya/RegisterDuitNow/android.widget.TextView0 - Disable Temporarily'

2020-08-17 18:06:53 - [TEST_STEP][PASSED] - tap(findTestObject("Maya/RegisterDuitNow/android.widget.TextView0 - Confirm (2)"), 0): Tapped on element 'Object Repository/Maya/RegisterDuitNow/android.widget.TextView0 - Confirm (2)'

2020-08-17 18:06:53 - [MESSAGE][WARNING] - Timeout '0' is invalid. Using default page load timeout: '10'

2020-08-17 18:06:55 - [MESSAGE][PASSED] - Tapped on element 'Object Repository/Maya/RegisterDuitNow/android.widget.TextView0 - Confirm (2)'

2020-08-17 18:06:55 - [TEST_STEP][PASSED] - tap(findTestObject("Maya/RegisterDuitNow/android.widget.TextView0 - Confirm (1)"), 0): Tapped on element 'Object Repository/Maya/RegisterDuitNow/android.widget.TextView0 - Confirm (1)'

2020-08-17 18:06:55 - [MESSAGE][WARNING] - Timeout '0' is invalid. Using default page load timeout: '10'

2020-08-17 18:06:56 - [MESSAGE][PASSED] - Tapped on element 'Object Repository/Maya/RegisterDuitNow/android.widget.TextView0 - Confirm (1)'

2020-08-17 18:06:56 - [TEST_STEP][PASSED] - otpM = getText(findTestObject("Maya/Third Party CA account/android.widget.TextView0 - Your OTP no. is 460943"), 0): Text of element 'Object Repository/Maya/Third Party CA account/android.widget.TextView0 - Your OTP no. is 460943' is: 'Your OTP no. is 302302'

2020-08-17 18:06:56 - [MESSAGE][WARNING] - Timeout '0' is invalid. Using default page load timeout: '10'

2020-08-17 18:06:58 - [MESSAGE][PASSED] - Text of element 'Object Repository/Maya/Third Party CA account/android.widget.TextView0 - Your OTP no. is 460943' is: 'Your OTP no. is 302302'

2020-08-17 18:06:58 - [TEST_STEP][PASSED] - delay(2): Delayed 2 second(s)

2020-08-17 18:07:00 - [MESSAGE][PASSED] - Delayed 2 second(s)

2020-08-17 18:07:00 - [TEST_STEP][PASSED] - for ([i = 16, i <= 21, (i++)]): null

2020-08-17 18:07:00 - [TEST_STEP][PASSED] - delay(3, STOP_ON_FAILURE): Delayed 3 second(s)

2020-08-17 18:07:03 - [MESSAGE][PASSED] - Delayed 3 second(s)

2020-08-17 18:07:03 - [TEST_STEP][PASSED] - if (otpM[i] == "0"): null

2020-08-17 18:07:03 - [TEST_STEP][PASSED] - if (otpM[i] == "1"): null

2020-08-17 18:07:03 - [TEST_STEP][PASSED] - if (otpM[i] == "2"): null

2020-08-17 18:07:03 - [TEST_STEP][PASSED] - if (otpM[i] == "3"): Tapped on element 'Object Repository/Maya/login again/Spy- 3'

2020-08-17 18:07:03 - [TEST_STEP][PASSED] - delay(1, STOP_ON_FAILURE): Delayed 1 second(s)

2020-08-17 18:07:04 - [MESSAGE][PASSED] - Delayed 1 second(s)

2020-08-17 18:07:04 - [TEST_STEP][NOT_RUN] - tap(findTestObject("MAYA SIT v118/spy/TAC - keypad 3"), 0): NOT_RUN: tap(findTestObject("MAYA SIT v118/spy/TAC - keypad 3"), 0)

2020-08-17 18:07:04 - [MESSAGE][NOT_RUN] - NOT_RUN: tap(findTestObject("MAYA SIT v118/spy/TAC - keypad 3"), 0)

2020-08-17 18:07:04 - [TEST_STEP][PASSED] - tap(findTestObject("Maya/login again/Spy- 3"), 0): Tapped on element 'Object Repository/Maya/login again/Spy- 3'

2020-08-17 18:07:04 - [MESSAGE][WARNING] - Timeout '0' is invalid. Using default page load timeout: '10'

2020-08-17 18:07:07 - [MESSAGE][PASSED] - Tapped on element 'Object Repository/Maya/login again/Spy- 3'

2020-08-17 18:07:07 - [TEST_STEP][PASSED] - if (otpM[i] == "4"): null

2020-08-17 18:07:07 - [TEST_STEP][PASSED] - if (otpM[i] == "5"): null

2020-08-17 18:07:07 - [TEST_STEP][PASSED] - if (otpM[i] == "6"): null

2020-08-17 18:07:07 - [TEST_STEP][PASSED] - if (otpM[i] == "7"): null

2020-08-17 18:07:07 - [TEST_STEP][PASSED] - if (otpM[i] == "8"): null

2020-08-17 18:07:07 - [TEST_STEP][PASSED] - if (otpM[i] == "9"): null

2020-08-17 18:07:07 - [TEST_STEP][PASSED] - delay(3, STOP_ON_FAILURE): Delayed 3 second(s)

2020-08-17 18:07:10 - [MESSAGE][PASSED] - Delayed 3 second(s)

2020-08-17 18:07:10 - [TEST_STEP][PASSED] - if (otpM[i] == "0"): Tapped on element 'Object Repository/Maya/login again/Spy-0'

2020-08-17 18:07:10 - [TEST_STEP][PASSED] - delay(1, STOP_ON_FAILURE): Delayed 1 second(s)

2020-08-17 18:07:11 - [MESSAGE][PASSED] - Delayed 1 second(s)

2020-08-17 18:07:11 - [TEST_STEP][PASSED] - tap(findTestObject("Maya/login again/Spy-0"), 0): Tapped on element 'Object Repository/Maya/login again/Spy-0'

2020-08-17 18:07:11 - [MESSAGE][WARNING] - Timeout '0' is invalid. Using default page load timeout: '10'

2020-08-17 18:07:13 - [MESSAGE][PASSED] - Tapped on element 'Object Repository/Maya/login again/Spy-0'

2020-08-17 18:07:13 - [TEST_STEP][PASSED] - if (otpM[i] == "1"): null

2020-08-17 18:07:13 - [TEST_STEP][PASSED] - if (otpM[i] == "2"): null

2020-08-17 18:07:13 - [TEST_STEP][PASSED] - if (otpM[i] == "3"): null

2020-08-17 18:07:13 - [TEST_STEP][PASSED] - if (otpM[i] == "4"): null

2020-08-17 18:07:13 - [TEST_STEP][PASSED] - if (otpM[i] == "5"): null

2020-08-17 18:07:13 - [TEST_STEP][PASSED] - if (otpM[i] == "6"): null

2020-08-17 18:07:13 - [TEST_STEP][PASSED] - if (otpM[i] == "7"): null

2020-08-17 18:07:13 - [TEST_STEP][PASSED] - if (otpM[i] == "8"): null

2020-08-17 18:07:13 - [TEST_STEP][PASSED] - if (otpM[i] == "9"): null

2020-08-17 18:07:13 - [TEST_STEP][PASSED] - delay(3, STOP_ON_FAILURE): Delayed 3 second(s)

2020-08-17 18:07:16 - [MESSAGE][PASSED] - Delayed 3 second(s)

2020-08-17 18:07:16 - [TEST_STEP][PASSED] - if (otpM[i] == "0"): null

2020-08-17 18:07:16 - [TEST_STEP][PASSED] - if (otpM[i] == "1"): null

2020-08-17 18:07:16 - [TEST_STEP][PASSED] - if (otpM[i] == "2"): Tapped on element 'Object Repository/Maya/login again/Spy- 2'

2020-08-17 18:07:16 - [TEST_STEP][PASSED] - delay(1, STOP_ON_FAILURE): Delayed 1 second(s)

2020-08-17 18:07:17 - [MESSAGE][PASSED] - Delayed 1 second(s)

2020-08-17 18:07:17 - [TEST_STEP][PASSED] - tap(findTestObject("Maya/login again/Spy- 2"), 0): Tapped on element 'Object Repository/Maya/login again/Spy- 2'

2020-08-17 18:07:17 - [MESSAGE][WARNING] - Timeout '0' is invalid. Using default page load timeout: '10'

2020-08-17 18:07:19 - [MESSAGE][PASSED] - Tapped on element 'Object Repository/Maya/login again/Spy- 2'

2020-08-17 18:07:19 - [TEST_STEP][PASSED] - if (otpM[i] == "3"): null

2020-08-17 18:07:19 - [TEST_STEP][PASSED] - if (otpM[i] == "4"): null

2020-08-17 18:07:19 - [TEST_STEP][PASSED] - if (otpM[i] == "5"): null

2020-08-17 18:07:19 - [TEST_STEP][PASSED] - if (otpM[i] == "6"): null

2020-08-17 18:07:19 - [TEST_STEP][PASSED] - if (otpM[i] == "7"): null

2020-08-17 18:07:19 - [TEST_STEP][PASSED] - if (otpM[i] == "8"): null

2020-08-17 18:07:19 - [TEST_STEP][PASSED] - if (otpM[i] == "9"): null

2020-08-17 18:07:19 - [TEST_STEP][PASSED] - delay(3, STOP_ON_FAILURE): Delayed 3 second(s)

2020-08-17 18:07:22 - [MESSAGE][PASSED] - Delayed 3 second(s)

2020-08-17 18:07:22 - [TEST_STEP][PASSED] - if (otpM[i] == "0"): null

2020-08-17 18:07:22 - [TEST_STEP][PASSED] - if (otpM[i] == "1"): null

2020-08-17 18:07:22 - [TEST_STEP][PASSED] - if (otpM[i] == "2"): null

2020-08-17 18:07:22 - [TEST_STEP][PASSED] - if (otpM[i] == "3"): Tapped on element 'Object Repository/Maya/login again/Spy- 3'

2020-08-17 18:07:22 - [TEST_STEP][PASSED] - delay(1, STOP_ON_FAILURE): Delayed 1 second(s)

2020-08-17 18:07:23 - [MESSAGE][PASSED] - Delayed 1 second(s)

2020-08-17 18:07:23 - [TEST_STEP][NOT_RUN] - tap(findTestObject("MAYA SIT v118/spy/TAC - keypad 3"), 0): NOT_RUN: tap(findTestObject("MAYA SIT v118/spy/TAC - keypad 3"), 0)

2020-08-17 18:07:23 - [MESSAGE][NOT_RUN] - NOT_RUN: tap(findTestObject("MAYA SIT v118/spy/TAC - keypad 3"), 0)

2020-08-17 18:07:23 - [TEST_STEP][PASSED] - tap(findTestObject("Maya/login again/Spy- 3"), 0): Tapped on element 'Object Repository/Maya/login again/Spy- 3'

2020-08-17 18:07:23 - [MESSAGE][WARNING] - Timeout '0' is invalid. Using default page load timeout: '10'

2020-08-17 18:07:26 - [MESSAGE][PASSED] - Tapped on element 'Object Repository/Maya/login again/Spy- 3'

2020-08-17 18:07:26 - [TEST_STEP][PASSED] - if (otpM[i] == "4"): null

2020-08-17 18:07:26 - [TEST_STEP][PASSED] - if (otpM[i] == "5"): null

2020-08-17 18:07:26 - [TEST_STEP][PASSED] - if (otpM[i] == "6"): null

2020-08-17 18:07:26 - [TEST_STEP][PASSED] - if (otpM[i] == "7"): null

2020-08-17 18:07:26 - [TEST_STEP][PASSED] - if (otpM[i] == "8"): null

2020-08-17 18:07:26 - [TEST_STEP][PASSED] - if (otpM[i] == "9"): null

2020-08-17 18:07:26 - [TEST_STEP][PASSED] - delay(3, STOP_ON_FAILURE): Delayed 3 second(s)

2020-08-17 18:07:29 - [MESSAGE][PASSED] - Delayed 3 second(s)

2020-08-17 18:07:29 - [TEST_STEP][PASSED] - if (otpM[i] == "0"): Tapped on element 'Object Repository/Maya/login again/Spy-0'

2020-08-17 18:07:29 - [TEST_STEP][PASSED] - delay(1, STOP_ON_FAILURE): Delayed 1 second(s)

2020-08-17 18:07:30 - [MESSAGE][PASSED] - Delayed 1 second(s)

2020-08-17 18:07:30 - [TEST_STEP][PASSED] - tap(findTestObject("Maya/login again/Spy-0"), 0): Tapped on element 'Object Repository/Maya/login again/Spy-0'

2020-08-17 18:07:30 - [MESSAGE][WARNING] - Timeout '0' is invalid. Using default page load timeout: '10'

2020-08-17 18:07:32 - [MESSAGE][PASSED] - Tapped on element 'Object Repository/Maya/login again/Spy-0'

2020-08-17 18:07:32 - [TEST_STEP][PASSED] - if (otpM[i] == "1"): null

2020-08-17 18:07:32 - [TEST_STEP][PASSED] - if (otpM[i] == "2"): null

2020-08-17 18:07:32 - [TEST_STEP][PASSED] - if (otpM[i] == "3"): null

2020-08-17 18:07:32 - [TEST_STEP][PASSED] - if (otpM[i] == "4"): null

2020-08-17 18:07:32 - [TEST_STEP][PASSED] - if (otpM[i] == "5"): null

2020-08-17 18:07:32 - [TEST_STEP][PASSED] - if (otpM[i] == "6"): null

2020-08-17 18:07:32 - [TEST_STEP][PASSED] - if (otpM[i] == "7"): null

2020-08-17 18:07:32 - [TEST_STEP][PASSED] - if (otpM[i] == "8"): null

2020-08-17 18:07:32 - [TEST_STEP][PASSED] - if (otpM[i] == "9"): null

2020-08-17 18:07:32 - [TEST_STEP][PASSED] - delay(3, STOP_ON_FAILURE): Delayed 3 second(s)

2020-08-17 18:07:35 - [MESSAGE][PASSED] - Delayed 3 second(s)

2020-08-17 18:07:35 - [TEST_STEP][PASSED] - if (otpM[i] == "0"): null

2020-08-17 18:07:35 - [TEST_STEP][PASSED] - if (otpM[i] == "1"): null

2020-08-17 18:07:35 - [TEST_STEP][PASSED] - if (otpM[i] == "2"): Tapped on element 'Object Repository/Maya/login again/Spy- 2'

2020-08-17 18:07:35 - [TEST_STEP][PASSED] - delay(1, STOP_ON_FAILURE): Delayed 1 second(s)

2020-08-17 18:07:36 - [MESSAGE][PASSED] - Delayed 1 second(s)

2020-08-17 18:07:36 - [TEST_STEP][PASSED] - tap(findTestObject("Maya/login again/Spy- 2"), 0): Tapped on element 'Object Repository/Maya/login again/Spy- 2'

2020-08-17 18:07:37 - [MESSAGE][WARNING] - Timeout '0' is invalid. Using default page load timeout: '10'

2020-08-17 18:07:39 - [MESSAGE][PASSED] - Tapped on element 'Object Repository/Maya/login again/Spy- 2'

2020-08-17 18:07:39 - [TEST_STEP][PASSED] - if (otpM[i] == "3"): null

2020-08-17 18:07:39 - [TEST_STEP][PASSED] - if (otpM[i] == "4"): null

2020-08-17 18:07:39 - [TEST_STEP][PASSED] - if (otpM[i] == "5"): null

2020-08-17 18:07:39 - [TEST_STEP][PASSED] - if (otpM[i] == "6"): null

2020-08-17 18:07:39 - [TEST_STEP][PASSED] - if (otpM[i] == "7"): null

2020-08-17 18:07:39 - [TEST_STEP][PASSED] - if (otpM[i] == "8"): null

2020-08-17 18:07:39 - [TEST_STEP][PASSED] - if (otpM[i] == "9"): null

2020-08-17 18:07:39 - [TEST_STEP][PASSED] - delay(8, STOP_ON_FAILURE): Delayed 8 second(s)

2020-08-17 18:07:47 - [MESSAGE][PASSED] - Delayed 8 second(s)

2020-08-17 18:07:47 - [TEST_STEP][PASSED] - tap(findTestObject("Maya/Forgot Pin/android.widget.ImageView0 (7)"), 0): Tapped on element 'Object Repository/Maya/Forgot Pin/android.widget.ImageView0 (7)'

2020-08-17 18:07:48 - [MESSAGE][WARNING] - Timeout '0' is invalid. Using default page load timeout: '10'

2020-08-17 18:07:49 - [MESSAGE][PASSED] - Tapped on element 'Object Repository/Maya/Forgot Pin/android.widget.ImageView0 (7)'

2020-08-17 18:07:49 - [TEST_STEP][PASSED] - verifyElementExist(findTestObject("Maya/RegisterDuitNow/android.widget.TextView0 - DuitNow successfully disabled."), 0): Element 'Object Repository/Maya/RegisterDuitNow/android.widget.TextView0 - DuitNow successfully disabled.' is exist

2020-08-17 18:07:49 - [MESSAGE][WARNING] - Timeout '0' is invalid. Using default page load timeout: '10'

2020-08-17 18:07:51 - [MESSAGE][PASSED] - Element 'Object Repository/Maya/RegisterDuitNow/android.widget.TextView0 - DuitNow successfully disabled.' is exist

2020-08-17 18:07:51 - [TEST_STEP][PASSED] - tap(findTestObject("Maya/RegisterDuitNow/android.widget.TextView0 - DuitNow (6)"), 0): Tapped on element 'Object Repository/Maya/RegisterDuitNow/android.widget.TextView0 - DuitNow (6)'

2020-08-17 18:07:51 - [MESSAGE][WARNING] - Timeout '0' is invalid. Using default page load timeout: '10'

2020-08-17 18:07:53 - [MESSAGE][PASSED] - Tapped on element 'Object Repository/Maya/RegisterDuitNow/android.widget.TextView0 - DuitNow (6)'

2020-08-17 18:07:53 - [TEST_STEP][PASSED] - getText(findTestObject("Maya/RegisterDuitNow/android.widget.TextView0 - Link your Maybank account to an ID for DuitNow (1)"), 0): Text of element 'Object Repository/Maya/RegisterDuitNow/android.widget.TextView0 - Link your Maybank account to an ID for DuitNow (1)' is: 'Link your Maybank account to an ID for DuitNow'

2020-08-17 18:07:53 - [MESSAGE][WARNING] - Timeout '0' is invalid. Using default page load timeout: '10'

2020-08-17 18:07:53 - [MESSAGE][PASSED] - Text of element 'Object Repository/Maya/RegisterDuitNow/android.widget.TextView0 - Link your Maybank account to an ID for DuitNow (1)' is: 'Link your Maybank account to an ID for DuitNow'

2020-08-17 18:07:53 - [TEST_STEP][PASSED] - verifyElementExist(findTestObject("Maya/RegisterDuitNow/android.widget.TextView0 - Link your Maybank account to an ID for DuitNow (1)"), 0): Element 'Object Repository/Maya/RegisterDuitNow/android.widget.TextView0 - Link your Maybank account to an ID for DuitNow (1)' is exist

2020-08-17 18:07:53 - [MESSAGE][WARNING] - Timeout '0' is invalid. Using default page load timeout: '10'

2020-08-17 18:07:54 - [MESSAGE][PASSED] - Element 'Object Repository/Maya/RegisterDuitNow/android.widget.TextView0 - Link your Maybank account to an ID for DuitNow (1)' is exist

2020-08-17 18:07:54 - [TEST_STEP][PASSED] - delay(2, STOP_ON_FAILURE): Delayed 2 second(s)

2020-08-17 18:07:56 - [MESSAGE][PASSED] - Delayed 2 second(s)

2020-08-17 18:07:56 - [TEST_STEP][PASSED] - takeScreenshot("C:\Users\LENOVO\Screenshot\DuitNowProxy\Screen13.png", CONTINUE_ON_FAILURE): Screenshot is taken

2020-08-17 18:07:57 - [MESSAGE][PASSED] - Screenshot is taken
[[ATTACHMENT|C:\\Users\\LENOVO\\Screenshot\\DuitNowProxy\\Screen13.png]]

2020-08-17 18:07:57 - [TEST_STEP][PASSED] - getText(findTestObject("Maya/RegisterDuitNow/android.widget.TextView0 - NRIC Number (5)"), 0): Text of element 'Object Repository/Maya/RegisterDuitNow/android.widget.TextView0 - NRIC Number (5)' is: 'ID Number'

2020-08-17 18:07:57 - [MESSAGE][WARNING] - Timeout '0' is invalid. Using default page load timeout: '10'

2020-08-17 18:07:57 - [MESSAGE][PASSED] - Text of element 'Object Repository/Maya/RegisterDuitNow/android.widget.TextView0 - NRIC Number (5)' is: 'ID Number'

2020-08-17 18:07:57 - [TEST_STEP][PASSED] - verifyElementExist(findTestObject("Maya/RegisterDuitNow/android.widget.TextView0 - NRIC Number (5)"), 0): Element 'Object Repository/Maya/RegisterDuitNow/android.widget.TextView0 - NRIC Number (5)' is exist

2020-08-17 18:07:57 - [MESSAGE][WARNING] - Timeout '0' is invalid. Using default page load timeout: '10'

2020-08-17 18:07:57 - [MESSAGE][PASSED] - Element 'Object Repository/Maya/RegisterDuitNow/android.widget.TextView0 - NRIC Number (5)' is exist

2020-08-17 18:07:57 - [TEST_STEP][PASSED] - tap(findTestObject("Maya/RegisterDuitNow/android.widget.TextView0 - NRIC Number (5)"), 0): Tapped on element 'Object Repository/Maya/RegisterDuitNow/android.widget.TextView0 - NRIC Number (5)'

2020-08-17 18:07:57 - [MESSAGE][WARNING] - Timeout '0' is invalid. Using default page load timeout: '10'

2020-08-17 18:07:59 - [MESSAGE][PASSED] - Tapped on element 'Object Repository/Maya/RegisterDuitNow/android.widget.TextView0 - NRIC Number (5)'

2020-08-17 18:07:59 - [TEST_STEP][PASSED] - getText(findTestObject("Maya/RegisterDuitNow/android.widget.TextView0 - INACTIVE"), 0): Text of element 'Object Repository/Maya/RegisterDuitNow/android.widget.TextView0 - INACTIVE' is: 'INACTIVE'

2020-08-17 18:07:59 - [MESSAGE][WARNING] - Timeout '0' is invalid. Using default page load timeout: '10'

2020-08-17 18:07:59 - [MESSAGE][PASSED] - Text of element 'Object Repository/Maya/RegisterDuitNow/android.widget.TextView0 - INACTIVE' is: 'INACTIVE'

2020-08-17 18:07:59 - [TEST_STEP][PASSED] - verifyElementExist(findTestObject("Maya/RegisterDuitNow/android.widget.TextView0 - INACTIVE"), 0): Element 'Object Repository/Maya/RegisterDuitNow/android.widget.TextView0 - INACTIVE' is exist

2020-08-17 18:08:00 - [MESSAGE][WARNING] - Timeout '0' is invalid. Using default page load timeout: '10'

2020-08-17 18:08:00 - [MESSAGE][PASSED] - Element 'Object Repository/Maya/RegisterDuitNow/android.widget.TextView0 - INACTIVE' is exist

2020-08-17 18:08:00 - [TEST_STEP][PASSED] - tap(findTestObject("Maya/RegisterDuitNow/android.widget.TextView0 - Enable"), 0): Tapped on element 'Object Repository/Maya/RegisterDuitNow/android.widget.TextView0 - Enable'

2020-08-17 18:08:00 - [MESSAGE][WARNING] - Timeout '0' is invalid. Using default page load timeout: '10'

2020-08-17 18:08:01 - [MESSAGE][PASSED] - Tapped on element 'Object Repository/Maya/RegisterDuitNow/android.widget.TextView0 - Enable'

2020-08-17 18:08:01 - [TEST_STEP][PASSED] - tap(findTestObject("Maya/RegisterDuitNow/android.widget.TextView0 - Confirm (1)"), 0): Tapped on element 'Object Repository/Maya/RegisterDuitNow/android.widget.TextView0 - Confirm (1)'

2020-08-17 18:08:01 - [MESSAGE][WARNING] - Timeout '0' is invalid. Using default page load timeout: '10'

2020-08-17 18:08:03 - [MESSAGE][PASSED] - Tapped on element 'Object Repository/Maya/RegisterDuitNow/android.widget.TextView0 - Confirm (1)'

2020-08-17 18:08:03 - [TEST_STEP][PASSED] - otpMi = getText(findTestObject("Maya/Third Party CA account/android.widget.TextView0 - Your OTP no. is 460943"), 0): Text of element 'Object Repository/Maya/Third Party CA account/android.widget.TextView0 - Your OTP no. is 460943' is: 'Your OTP no. is 809122'

2020-08-17 18:08:03 - [MESSAGE][WARNING] - Timeout '0' is invalid. Using default page load timeout: '10'

2020-08-17 18:08:05 - [MESSAGE][PASSED] - Text of element 'Object Repository/Maya/Third Party CA account/android.widget.TextView0 - Your OTP no. is 460943' is: 'Your OTP no. is 809122'

2020-08-17 18:08:05 - [TEST_STEP][PASSED] - delay(2): Delayed 2 second(s)

2020-08-17 18:08:07 - [MESSAGE][PASSED] - Delayed 2 second(s)

2020-08-17 18:08:07 - [TEST_STEP][PASSED] - for ([i = 16, i <= 21, (i++)]): null

2020-08-17 18:08:07 - [TEST_STEP][PASSED] - delay(3, STOP_ON_FAILURE): Delayed 3 second(s)

2020-08-17 18:08:10 - [MESSAGE][PASSED] - Delayed 3 second(s)

2020-08-17 18:08:10 - [TEST_STEP][PASSED] - if (otpMi[i] == "0"): null

2020-08-17 18:08:10 - [TEST_STEP][PASSED] - if (otpMi[i] == "1"): null

2020-08-17 18:08:10 - [TEST_STEP][PASSED] - if (otpMi[i] == "2"): null

2020-08-17 18:08:10 - [TEST_STEP][PASSED] - if (otpMi[i] == "3"): null

2020-08-17 18:08:10 - [TEST_STEP][PASSED] - if (otpMi[i] == "4"): null

2020-08-17 18:08:10 - [TEST_STEP][PASSED] - if (otpMi[i] == "5"): null

2020-08-17 18:08:10 - [TEST_STEP][PASSED] - if (otpMi[i] == "6"): null

2020-08-17 18:08:10 - [TEST_STEP][PASSED] - if (otpMi[i] == "7"): null

2020-08-17 18:08:10 - [TEST_STEP][PASSED] - if (otpMi[i] == "8"): Tapped on element 'Object Repository/Maya/login again/Spy - 8'

2020-08-17 18:08:10 - [TEST_STEP][PASSED] - delay(1, STOP_ON_FAILURE): Delayed 1 second(s)

2020-08-17 18:08:11 - [MESSAGE][PASSED] - Delayed 1 second(s)

2020-08-17 18:08:11 - [TEST_STEP][PASSED] - tap(findTestObject("Maya/login again/Spy - 8"), 0): Tapped on element 'Object Repository/Maya/login again/Spy - 8'

2020-08-17 18:08:11 - [MESSAGE][WARNING] - Timeout '0' is invalid. Using default page load timeout: '10'

2020-08-17 18:08:14 - [MESSAGE][PASSED] - Tapped on element 'Object Repository/Maya/login again/Spy - 8'

2020-08-17 18:08:14 - [TEST_STEP][PASSED] - if (otpMi[i] == "9"): null

2020-08-17 18:08:14 - [TEST_STEP][PASSED] - delay(3, STOP_ON_FAILURE): Delayed 3 second(s)

2020-08-17 18:08:17 - [MESSAGE][PASSED] - Delayed 3 second(s)

2020-08-17 18:08:17 - [TEST_STEP][PASSED] - if (otpMi[i] == "0"): Tapped on element 'Object Repository/Maya/login again/Spy-0'

2020-08-17 18:08:17 - [TEST_STEP][PASSED] - delay(1, STOP_ON_FAILURE): Delayed 1 second(s)

2020-08-17 18:08:18 - [MESSAGE][PASSED] - Delayed 1 second(s)

2020-08-17 18:08:18 - [TEST_STEP][PASSED] - tap(findTestObject("Maya/login again/Spy-0"), 0): Tapped on element 'Object Repository/Maya/login again/Spy-0'

2020-08-17 18:08:18 - [MESSAGE][WARNING] - Timeout '0' is invalid. Using default page load timeout: '10'

2020-08-17 18:08:20 - [MESSAGE][PASSED] - Tapped on element 'Object Repository/Maya/login again/Spy-0'

2020-08-17 18:08:20 - [TEST_STEP][PASSED] - if (otpMi[i] == "1"): null

2020-08-17 18:08:20 - [TEST_STEP][PASSED] - if (otpMi[i] == "2"): null

2020-08-17 18:08:20 - [TEST_STEP][PASSED] - if (otpMi[i] == "3"): null

2020-08-17 18:08:20 - [TEST_STEP][PASSED] - if (otpMi[i] == "4"): null

2020-08-17 18:08:20 - [TEST_STEP][PASSED] - if (otpMi[i] == "5"): null

2020-08-17 18:08:20 - [TEST_STEP][PASSED] - if (otpMi[i] == "6"): null

2020-08-17 18:08:20 - [TEST_STEP][PASSED] - if (otpMi[i] == "7"): null

2020-08-17 18:08:20 - [TEST_STEP][PASSED] - if (otpMi[i] == "8"): null

2020-08-17 18:08:20 - [TEST_STEP][PASSED] - if (otpMi[i] == "9"): null

2020-08-17 18:08:20 - [TEST_STEP][PASSED] - delay(3, STOP_ON_FAILURE): Delayed 3 second(s)

2020-08-17 18:08:23 - [MESSAGE][PASSED] - Delayed 3 second(s)

2020-08-17 18:08:23 - [TEST_STEP][PASSED] - if (otpMi[i] == "0"): null

2020-08-17 18:08:23 - [TEST_STEP][PASSED] - if (otpMi[i] == "1"): null

2020-08-17 18:08:23 - [TEST_STEP][PASSED] - if (otpMi[i] == "2"): null

2020-08-17 18:08:23 - [TEST_STEP][PASSED] - if (otpMi[i] == "3"): null

2020-08-17 18:08:23 - [TEST_STEP][PASSED] - if (otpMi[i] == "4"): null

2020-08-17 18:08:23 - [TEST_STEP][PASSED] - if (otpMi[i] == "5"): null

2020-08-17 18:08:23 - [TEST_STEP][PASSED] - if (otpMi[i] == "6"): null

2020-08-17 18:08:23 - [TEST_STEP][PASSED] - if (otpMi[i] == "7"): null

2020-08-17 18:08:23 - [TEST_STEP][PASSED] - if (otpMi[i] == "8"): null

2020-08-17 18:08:23 - [TEST_STEP][PASSED] - if (otpMi[i] == "9"): Tapped on element 'Object Repository/Maya/login again/Spy- 9'

2020-08-17 18:08:23 - [TEST_STEP][PASSED] - delay(1, STOP_ON_FAILURE): Delayed 1 second(s)

2020-08-17 18:08:24 - [MESSAGE][PASSED] - Delayed 1 second(s)

2020-08-17 18:08:24 - [TEST_STEP][PASSED] - tap(findTestObject("Maya/login again/Spy- 9"), 0): Tapped on element 'Object Repository/Maya/login again/Spy- 9'

2020-08-17 18:08:24 - [MESSAGE][WARNING] - Timeout '0' is invalid. Using default page load timeout: '10'

2020-08-17 18:08:26 - [MESSAGE][PASSED] - Tapped on element 'Object Repository/Maya/login again/Spy- 9'

2020-08-17 18:08:26 - [TEST_STEP][PASSED] - delay(3, STOP_ON_FAILURE): Delayed 3 second(s)

2020-08-17 18:08:29 - [MESSAGE][PASSED] - Delayed 3 second(s)

2020-08-17 18:08:29 - [TEST_STEP][PASSED] - if (otpMi[i] == "0"): null

2020-08-17 18:08:29 - [TEST_STEP][PASSED] - if (otpMi[i] == "1"): Tapped on element 'Object Repository/Maya/login again/Spy - 1'

2020-08-17 18:08:29 - [TEST_STEP][PASSED] - delay(1, STOP_ON_FAILURE): Delayed 1 second(s)

2020-08-17 18:08:30 - [MESSAGE][PASSED] - Delayed 1 second(s)

2020-08-17 18:08:30 - [TEST_STEP][PASSED] - tap(findTestObject("Maya/login again/Spy - 1"), 0): Tapped on element 'Object Repository/Maya/login again/Spy - 1'

2020-08-17 18:08:30 - [MESSAGE][WARNING] - Timeout '0' is invalid. Using default page load timeout: '10'

2020-08-17 18:08:33 - [MESSAGE][PASSED] - Tapped on element 'Object Repository/Maya/login again/Spy - 1'

2020-08-17 18:08:33 - [TEST_STEP][PASSED] - if (otpMi[i] == "2"): null

2020-08-17 18:08:33 - [TEST_STEP][PASSED] - if (otpMi[i] == "3"): null

2020-08-17 18:08:33 - [TEST_STEP][PASSED] - if (otpMi[i] == "4"): null

2020-08-17 18:08:33 - [TEST_STEP][PASSED] - if (otpMi[i] == "5"): null

2020-08-17 18:08:33 - [TEST_STEP][PASSED] - if (otpMi[i] == "6"): null

2020-08-17 18:08:33 - [TEST_STEP][PASSED] - if (otpMi[i] == "7"): null

2020-08-17 18:08:33 - [TEST_STEP][PASSED] - if (otpMi[i] == "8"): null

2020-08-17 18:08:33 - [TEST_STEP][PASSED] - if (otpMi[i] == "9"): null

2020-08-17 18:08:33 - [TEST_STEP][PASSED] - delay(3, STOP_ON_FAILURE): Delayed 3 second(s)

2020-08-17 18:08:36 - [MESSAGE][PASSED] - Delayed 3 second(s)

2020-08-17 18:08:36 - [TEST_STEP][PASSED] - if (otpMi[i] == "0"): null

2020-08-17 18:08:36 - [TEST_STEP][PASSED] - if (otpMi[i] == "1"): null

2020-08-17 18:08:36 - [TEST_STEP][PASSED] - if (otpMi[i] == "2"): Tapped on element 'Object Repository/Maya/login again/Spy- 2'

2020-08-17 18:08:36 - [TEST_STEP][PASSED] - delay(1, STOP_ON_FAILURE): Delayed 1 second(s)

2020-08-17 18:08:37 - [MESSAGE][PASSED] - Delayed 1 second(s)

2020-08-17 18:08:37 - [TEST_STEP][PASSED] - tap(findTestObject("Maya/login again/Spy- 2"), 0): Tapped on element 'Object Repository/Maya/login again/Spy- 2'

2020-08-17 18:08:37 - [MESSAGE][WARNING] - Timeout '0' is invalid. Using default page load timeout: '10'

2020-08-17 18:08:39 - [MESSAGE][PASSED] - Tapped on element 'Object Repository/Maya/login again/Spy- 2'

2020-08-17 18:08:39 - [TEST_STEP][PASSED] - if (otpMi[i] == "3"): null

2020-08-17 18:08:39 - [TEST_STEP][PASSED] - if (otpMi[i] == "4"): null

2020-08-17 18:08:39 - [TEST_STEP][PASSED] - if (otpMi[i] == "5"): null

2020-08-17 18:08:39 - [TEST_STEP][PASSED] - if (otpMi[i] == "6"): null

2020-08-17 18:08:39 - [TEST_STEP][PASSED] - if (otpMi[i] == "7"): null

2020-08-17 18:08:39 - [TEST_STEP][PASSED] - if (otpMi[i] == "8"): null

2020-08-17 18:08:39 - [TEST_STEP][PASSED] - if (otpMi[i] == "9"): null

2020-08-17 18:08:39 - [TEST_STEP][PASSED] - delay(3, STOP_ON_FAILURE): Delayed 3 second(s)

2020-08-17 18:08:42 - [MESSAGE][PASSED] - Delayed 3 second(s)

2020-08-17 18:08:42 - [TEST_STEP][PASSED] - if (otpMi[i] == "0"): null

2020-08-17 18:08:42 - [TEST_STEP][PASSED] - if (otpMi[i] == "1"): null

2020-08-17 18:08:42 - [TEST_STEP][PASSED] - if (otpMi[i] == "2"): Tapped on element 'Object Repository/Maya/login again/Spy- 2'

2020-08-17 18:08:42 - [TEST_STEP][PASSED] - delay(1, STOP_ON_FAILURE): Delayed 1 second(s)

2020-08-17 18:08:43 - [MESSAGE][PASSED] - Delayed 1 second(s)

2020-08-17 18:08:43 - [TEST_STEP][PASSED] - tap(findTestObject("Maya/login again/Spy- 2"), 0): Tapped on element 'Object Repository/Maya/login again/Spy- 2'

2020-08-17 18:08:43 - [MESSAGE][WARNING] - Timeout '0' is invalid. Using default page load timeout: '10'

2020-08-17 18:08:45 - [MESSAGE][PASSED] - Tapped on element 'Object Repository/Maya/login again/Spy- 2'

2020-08-17 18:08:45 - [TEST_STEP][PASSED] - if (otpMi[i] == "3"): null

2020-08-17 18:08:45 - [TEST_STEP][PASSED] - if (otpMi[i] == "4"): null

2020-08-17 18:08:45 - [TEST_STEP][PASSED] - if (otpMi[i] == "5"): null

2020-08-17 18:08:45 - [TEST_STEP][PASSED] - if (otpMi[i] == "6"): null

2020-08-17 18:08:45 - [TEST_STEP][PASSED] - if (otpMi[i] == "7"): null

2020-08-17 18:08:45 - [TEST_STEP][PASSED] - if (otpMi[i] == "8"): null

2020-08-17 18:08:45 - [TEST_STEP][PASSED] - if (otpMi[i] == "9"): null

2020-08-17 18:08:45 - [TEST_STEP][PASSED] - delay(8, STOP_ON_FAILURE): Delayed 8 second(s)

2020-08-17 18:08:53 - [MESSAGE][PASSED] - Delayed 8 second(s)

2020-08-17 18:08:53 - [TEST_STEP][PASSED] - tap(findTestObject("Maya/Forgot Pin/android.widget.ImageView0 (7)"), 0): Tapped on element 'Object Repository/Maya/Forgot Pin/android.widget.ImageView0 (7)'

2020-08-17 18:08:53 - [MESSAGE][WARNING] - Timeout '0' is invalid. Using default page load timeout: '10'

2020-08-17 18:08:54 - [MESSAGE][PASSED] - Tapped on element 'Object Repository/Maya/Forgot Pin/android.widget.ImageView0 (7)'

2020-08-17 18:08:54 - [TEST_STEP][PASSED] - verifyElementExist(findTestObject("Maya/RegisterDuitNow/android.widget.TextView0 - DuitNow successfully enabled."), 0): Element 'Object Repository/Maya/RegisterDuitNow/android.widget.TextView0 - DuitNow successfully enabled.' is exist

2020-08-17 18:08:55 - [MESSAGE][WARNING] - Timeout '0' is invalid. Using default page load timeout: '10'

2020-08-17 18:08:57 - [MESSAGE][PASSED] - Element 'Object Repository/Maya/RegisterDuitNow/android.widget.TextView0 - DuitNow successfully enabled.' is exist

2020-08-17 18:08:57 - [TEST_STEP][PASSED] - delay(2, STOP_ON_FAILURE): Delayed 2 second(s)

2020-08-17 18:08:59 - [MESSAGE][PASSED] - Delayed 2 second(s)

2020-08-17 18:08:59 - [TEST_STEP][PASSED] - takeScreenshot("C:\Users\LENOVO\Screenshot\DuitNowProxy\Screen14.png", CONTINUE_ON_FAILURE): Screenshot is taken

2020-08-17 18:09:00 - [MESSAGE][PASSED] - Screenshot is taken
[[ATTACHMENT|C:\\Users\\LENOVO\\Screenshot\\DuitNowProxy\\Screen14.png]]

2020-08-17 18:09:00 - [TEST_STEP][PASSED] - tap(findTestObject("Maya/Mobile proxy/android.widget.TextView0 - More (1)"), 0): Tapped on element 'Object Repository/Maya/Mobile proxy/android.widget.TextView0 - More (1)'

2020-08-17 18:09:01 - [MESSAGE][WARNING] - Timeout '0' is invalid. Using default page load timeout: '10'

2020-08-17 18:09:12 - [MESSAGE][PASSED] - Tapped on element 'Object Repository/Maya/Mobile proxy/android.widget.TextView0 - More (1)'

2020-08-17 18:09:12 - [TEST_STEP][PASSED] - tap(findTestObject("Maya/Mobile proxy/android.widget.TextView0 - Notifications"), 0): Tapped on element 'Object Repository/Maya/Mobile proxy/android.widget.TextView0 - Notifications'

2020-08-17 18:09:13 - [MESSAGE][WARNING] - Timeout '0' is invalid. Using default page load timeout: '10'

2020-08-17 18:09:14 - [MESSAGE][PASSED] - Tapped on element 'Object Repository/Maya/Mobile proxy/android.widget.TextView0 - Notifications'

2020-08-17 18:09:14 - [TEST_STEP][PASSED] - tap(findTestObject("Maya/Third Party CA account/android.widget.TextView0 - Got It"), 0): Tapped on element 'Object Repository/Maya/Third Party CA account/android.widget.TextView0 - Got It'

2020-08-17 18:09:14 - [MESSAGE][WARNING] - Timeout '0' is invalid. Using default page load timeout: '10'

2020-08-17 18:09:16 - [MESSAGE][PASSED] - Tapped on element 'Object Repository/Maya/Third Party CA account/android.widget.TextView0 - Got It'

2020-08-17 18:09:16 - [TEST_STEP][PASSED] - getText(findTestObject("Maya/Mobile proxy/android.widget.TextView0 - Today"), 0): Text of element 'Object Repository/Maya/Mobile proxy/android.widget.TextView0 - Today' is: 'Today'

2020-08-17 18:09:16 - [MESSAGE][WARNING] - Timeout '0' is invalid. Using default page load timeout: '10'

2020-08-17 18:09:16 - [MESSAGE][PASSED] - Text of element 'Object Repository/Maya/Mobile proxy/android.widget.TextView0 - Today' is: 'Today'

2020-08-17 18:09:16 - [TEST_STEP][PASSED] - verifyElementVisible(findTestObject("Maya/Mobile proxy/android.widget.TextView0 - Today"), 0): Element 'Object Repository/Maya/Mobile proxy/android.widget.TextView0 - Today' is visible

2020-08-17 18:09:16 - [MESSAGE][WARNING] - Timeout '0' is invalid. Using default page load timeout: '10'

2020-08-17 18:09:17 - [MESSAGE][PASSED] - Element 'Object Repository/Maya/Mobile proxy/android.widget.TextView0 - Today' is visible

2020-08-17 18:09:17 - [TEST_STEP][PASSED] - getText(findTestObject("Maya/Mobile proxy/android.widget.TextView0 - Notifications (1)"), 0): Text of element 'Object Repository/Maya/Mobile proxy/android.widget.TextView0 - Notifications (1)' is: 'Notifications'

2020-08-17 18:09:17 - [MESSAGE][WARNING] - Timeout '0' is invalid. Using default page load timeout: '10'

2020-08-17 18:09:17 - [MESSAGE][PASSED] - Text of element 'Object Repository/Maya/Mobile proxy/android.widget.TextView0 - Notifications (1)' is: 'Notifications'

2020-08-17 18:09:17 - [TEST_STEP][PASSED] - verifyElementVisible(findTestObject("Maya/Mobile proxy/android.widget.TextView0 - Notifications (1)"), 0): Element 'Object Repository/Maya/Mobile proxy/android.widget.TextView0 - Notifications (1)' is visible

2020-08-17 18:09:17 - [MESSAGE][WARNING] - Timeout '0' is invalid. Using default page load timeout: '10'

2020-08-17 18:09:18 - [MESSAGE][PASSED] - Element 'Object Repository/Maya/Mobile proxy/android.widget.TextView0 - Notifications (1)' is visible

2020-08-17 18:09:18 - [TEST_STEP][PASSED] - verifyElementVisible(findTestObject("Maya/Mobile proxy/android.widget.TextView0 - Notifications (1)"), 0): Element 'Object Repository/Maya/Mobile proxy/android.widget.TextView0 - Notifications (1)' is visible

2020-08-17 18:09:18 - [MESSAGE][WARNING] - Timeout '0' is invalid. Using default page load timeout: '10'

2020-08-17 18:09:18 - [MESSAGE][PASSED] - Element 'Object Repository/Maya/Mobile proxy/android.widget.TextView0 - Notifications (1)' is visible

2020-08-17 18:09:18 - [TEST_STEP][PASSED] - getText(findTestObject("Maya/Mobile proxy/android.widget.TextView0 - Maybank2u DuitNow ID Deregistration"), 0): Text of element 'Object Repository/Maya/Mobile proxy/android.widget.TextView0 - Maybank2u DuitNow ID Deregistration' is: 'Maybank2u: DuitNow ID Deregistration'

2020-08-17 18:09:18 - [MESSAGE][WARNING] - Timeout '0' is invalid. Using default page load timeout: '10'

2020-08-17 18:09:19 - [MESSAGE][PASSED] - Text of element 'Object Repository/Maya/Mobile proxy/android.widget.TextView0 - Maybank2u DuitNow ID Deregistration' is: 'Maybank2u: DuitNow ID Deregistration'

2020-08-17 18:09:19 - [TEST_STEP][PASSED] - verifyElementVisible(findTestObject("Maya/Mobile proxy/android.widget.TextView0 - Maybank2u DuitNow ID Deregistration"), 0): Element 'Object Repository/Maya/Mobile proxy/android.widget.TextView0 - Maybank2u DuitNow ID Deregistration' is visible

2020-08-17 18:09:19 - [MESSAGE][WARNING] - Timeout '0' is invalid. Using default page load timeout: '10'

2020-08-17 18:09:20 - [MESSAGE][PASSED] - Element 'Object Repository/Maya/Mobile proxy/android.widget.TextView0 - Maybank2u DuitNow ID Deregistration' is visible

2020-08-17 18:09:20 - [TEST_STEP][PASSED] - getText(findTestObject("Maya/spy/android.widget.TextView0 - Duitnow Proxy (NRIC Number) ending 5263 has just been deregistered."), 0): Text of element 'Object Repository/Maya/spy/android.widget.TextView0 - Duitnow Proxy (NRIC Number) ending 5263 has just been deregistered.' is: 'Duitnow Proxy (NRIC Number) ending ****5263 has just been deregistered.'

2020-08-17 18:09:20 - [MESSAGE][WARNING] - Timeout '0' is invalid. Using default page load timeout: '10'

2020-08-17 18:09:20 - [MESSAGE][PASSED] - Text of element 'Object Repository/Maya/spy/android.widget.TextView0 - Duitnow Proxy (NRIC Number) ending 5263 has just been deregistered.' is: 'Duitnow Proxy (NRIC Number) ending ****5263 has just been deregistered.'

2020-08-17 18:09:20 - [TEST_STEP][PASSED] - verifyElementVisible(findTestObject("Maya/spy/android.widget.TextView0 - Duitnow Proxy (NRIC Number) ending 5263 has just been deregistered."), 0): Element 'Object Repository/Maya/spy/android.widget.TextView0 - Duitnow Proxy (NRIC Number) ending 5263 has just been deregistered.' is visible

2020-08-17 18:09:20 - [MESSAGE][WARNING] - Timeout '0' is invalid. Using default page load timeout: '10'

2020-08-17 18:09:21 - [MESSAGE][PASSED] - Element 'Object Repository/Maya/spy/android.widget.TextView0 - Duitnow Proxy (NRIC Number) ending 5263 has just been deregistered.' is visible

2020-08-17 18:09:21 - [TEST_STEP][PASSED] - getText(findTestObject("Maya/Mobile proxy/android.widget.TextView0 - 1151 PM"), 0): Text of element 'Object Repository/Maya/Mobile proxy/android.widget.TextView0 - 1151 PM' is: '6:06 PM'

2020-08-17 18:09:21 - [MESSAGE][WARNING] - Timeout '0' is invalid. Using default page load timeout: '10'

2020-08-17 18:09:22 - [MESSAGE][PASSED] - Text of element 'Object Repository/Maya/Mobile proxy/android.widget.TextView0 - 1151 PM' is: '6:06 PM'

2020-08-17 18:09:22 - [TEST_STEP][PASSED] - verifyElementExist(findTestObject("Maya/Mobile proxy/android.widget.TextView0 - 1151 PM"), 0): Element 'Object Repository/Maya/Mobile proxy/android.widget.TextView0 - 1151 PM' is exist

2020-08-17 18:09:22 - [MESSAGE][WARNING] - Timeout '0' is invalid. Using default page load timeout: '10'

2020-08-17 18:09:23 - [MESSAGE][PASSED] - Element 'Object Repository/Maya/Mobile proxy/android.widget.TextView0 - 1151 PM' is exist

2020-08-17 18:09:23 - [TEST_STEP][PASSED] - getText(findTestObject("Maya/Mobile proxy/android.widget.TextView0 - Maybank2u DuitNow ID Registration"), 0): Text of element 'Object Repository/Maya/Mobile proxy/android.widget.TextView0 - Maybank2u DuitNow ID Registration' is: 'Maybank2u: DuitNow ID Registration'

2020-08-17 18:09:23 - [MESSAGE][WARNING] - Timeout '0' is invalid. Using default page load timeout: '10'

2020-08-17 18:09:23 - [MESSAGE][PASSED] - Text of element 'Object Repository/Maya/Mobile proxy/android.widget.TextView0 - Maybank2u DuitNow ID Registration' is: 'Maybank2u: DuitNow ID Registration'

2020-08-17 18:09:23 - [TEST_STEP][PASSED] - verifyElementVisible(findTestObject("Maya/Mobile proxy/android.widget.TextView0 - Maybank2u DuitNow ID Registration"), 0): Element 'Object Repository/Maya/Mobile proxy/android.widget.TextView0 - Maybank2u DuitNow ID Registration' is visible

2020-08-17 18:09:23 - [MESSAGE][WARNING] - Timeout '0' is invalid. Using default page load timeout: '10'

2020-08-17 18:09:24 - [MESSAGE][PASSED] - Element 'Object Repository/Maya/Mobile proxy/android.widget.TextView0 - Maybank2u DuitNow ID Registration' is visible

2020-08-17 18:09:24 - [TEST_STEP][PASSED] - getText(findTestObject("Maya/spy/android.widget.TextView0 - Duitnow Proxy (NRIC Number) ending 5263 has just been registered."), 0): Text of element 'Object Repository/Maya/spy/android.widget.TextView0 - Duitnow Proxy (NRIC Number) ending 5263 has just been registered.' is: 'Duitnow Proxy (NRIC Number) ending ****5263 has just been registered.'

2020-08-17 18:09:24 - [MESSAGE][WARNING] - Timeout '0' is invalid. Using default page load timeout: '10'

2020-08-17 18:09:24 - [MESSAGE][PASSED] - Text of element 'Object Repository/Maya/spy/android.widget.TextView0 - Duitnow Proxy (NRIC Number) ending 5263 has just been registered.' is: 'Duitnow Proxy (NRIC Number) ending ****5263 has just been registered.'

2020-08-17 18:09:24 - [TEST_STEP][PASSED] - verifyElementVisible(findTestObject("Maya/spy/android.widget.TextView0 - Duitnow Proxy (NRIC Number) ending 5263 has just been registered."), 0): Element 'Object Repository/Maya/spy/android.widget.TextView0 - Duitnow Proxy (NRIC Number) ending 5263 has just been registered.' is visible

2020-08-17 18:09:24 - [MESSAGE][WARNING] - Timeout '0' is invalid. Using default page load timeout: '10'

2020-08-17 18:09:25 - [MESSAGE][PASSED] - Element 'Object Repository/Maya/spy/android.widget.TextView0 - Duitnow Proxy (NRIC Number) ending 5263 has just been registered.' is visible

2020-08-17 18:09:25 - [TEST_STEP][PASSED] - getText(findTestObject("Maya/Mobile proxy/android.widget.TextView0 - 1152 PM"), 0): Text of element 'Object Repository/Maya/Mobile proxy/android.widget.TextView0 - 1152 PM' is: '6:06 PM'

2020-08-17 18:09:25 - [MESSAGE][WARNING] - Timeout '0' is invalid. Using default page load timeout: '10'

2020-08-17 18:09:26 - [MESSAGE][PASSED] - Text of element 'Object Repository/Maya/Mobile proxy/android.widget.TextView0 - 1152 PM' is: '6:06 PM'

2020-08-17 18:09:26 - [TEST_STEP][PASSED] - verifyElementExist(findTestObject("Maya/Mobile proxy/android.widget.TextView0 - 1152 PM"), 0): Element 'Object Repository/Maya/Mobile proxy/android.widget.TextView0 - 1152 PM' is exist

2020-08-17 18:09:26 - [MESSAGE][WARNING] - Timeout '0' is invalid. Using default page load timeout: '10'

2020-08-17 18:09:26 - [MESSAGE][PASSED] - Element 'Object Repository/Maya/Mobile proxy/android.widget.TextView0 - 1152 PM' is exist

2020-08-17 18:09:26 - [TEST_STEP][PASSED] - getText(findTestObject("Maya/Mobile proxy/android.widget.TextView0 - Maybank2u DuitNow ID Proxy disabled"), 0): Text of element 'Object Repository/Maya/Mobile proxy/android.widget.TextView0 - Maybank2u DuitNow ID Proxy disabled' is: 'Maybank2u: DuitNow ID Proxy disabled'

2020-08-17 18:09:27 - [MESSAGE][WARNING] - Timeout '0' is invalid. Using default page load timeout: '10'

2020-08-17 18:09:27 - [MESSAGE][PASSED] - Text of element 'Object Repository/Maya/Mobile proxy/android.widget.TextView0 - Maybank2u DuitNow ID Proxy disabled' is: 'Maybank2u: DuitNow ID Proxy disabled'

2020-08-17 18:09:27 - [TEST_STEP][PASSED] - verifyElementVisible(findTestObject("Maya/Mobile proxy/android.widget.TextView0 - Maybank2u DuitNow ID Proxy disabled"), 0): Element 'Object Repository/Maya/Mobile proxy/android.widget.TextView0 - Maybank2u DuitNow ID Proxy disabled' is visible

2020-08-17 18:09:27 - [MESSAGE][WARNING] - Timeout '0' is invalid. Using default page load timeout: '10'

2020-08-17 18:09:27 - [MESSAGE][PASSED] - Element 'Object Repository/Maya/Mobile proxy/android.widget.TextView0 - Maybank2u DuitNow ID Proxy disabled' is visible

2020-08-17 18:09:27 - [TEST_STEP][PASSED] - getText(findTestObject("Maya/spy/android.widget.TextView0 - Duitnow Proxy (NRIC Number) ending 5263 has just been disabled."), 0): Text of element 'Object Repository/Maya/spy/android.widget.TextView0 - Duitnow Proxy (NRIC Number) ending 5263 has just been disabled.' is: 'Duitnow Proxy (NRIC Number) ending ****5263 has just been disabled.'

2020-08-17 18:09:27 - [MESSAGE][WARNING] - Timeout '0' is invalid. Using default page load timeout: '10'

2020-08-17 18:09:28 - [MESSAGE][PASSED] - Text of element 'Object Repository/Maya/spy/android.widget.TextView0 - Duitnow Proxy (NRIC Number) ending 5263 has just been disabled.' is: 'Duitnow Proxy (NRIC Number) ending ****5263 has just been disabled.'

2020-08-17 18:09:28 - [TEST_STEP][PASSED] - verifyElementVisible(findTestObject("Maya/spy/android.widget.TextView0 - Duitnow Proxy (NRIC Number) ending 5263 has just been disabled."), 0): Element 'Object Repository/Maya/spy/android.widget.TextView0 - Duitnow Proxy (NRIC Number) ending 5263 has just been disabled.' is visible

2020-08-17 18:09:28 - [MESSAGE][WARNING] - Timeout '0' is invalid. Using default page load timeout: '10'

2020-08-17 18:09:28 - [MESSAGE][PASSED] - Element 'Object Repository/Maya/spy/android.widget.TextView0 - Duitnow Proxy (NRIC Number) ending 5263 has just been disabled.' is visible

2020-08-17 18:09:28 - [TEST_STEP][PASSED] - getText(findTestObject("Maya/Mobile proxy/android.widget.TextView0 - 1153 PM"), 0): Text of element 'Object Repository/Maya/Mobile proxy/android.widget.TextView0 - 1153 PM' is: '6:07 PM'

2020-08-17 18:09:28 - [MESSAGE][WARNING] - Timeout '0' is invalid. Using default page load timeout: '10'

2020-08-17 18:09:29 - [MESSAGE][PASSED] - Text of element 'Object Repository/Maya/Mobile proxy/android.widget.TextView0 - 1153 PM' is: '6:07 PM'

2020-08-17 18:09:29 - [TEST_STEP][PASSED] - verifyElementExist(findTestObject("Maya/Mobile proxy/android.widget.TextView0 - 1153 PM"), 0): Element 'Object Repository/Maya/Mobile proxy/android.widget.TextView0 - 1153 PM' is exist

2020-08-17 18:09:29 - [MESSAGE][WARNING] - Timeout '0' is invalid. Using default page load timeout: '10'

2020-08-17 18:09:30 - [MESSAGE][PASSED] - Element 'Object Repository/Maya/Mobile proxy/android.widget.TextView0 - 1153 PM' is exist

2020-08-17 18:09:30 - [TEST_STEP][PASSED] - getText(findTestObject("Maya/Mobile proxy/android.widget.TextView0 - Maybank2u DuitNow ID Proxy enabled"), 0): Text of element 'Object Repository/Maya/Mobile proxy/android.widget.TextView0 - Maybank2u DuitNow ID Proxy enabled' is: 'Maybank2u: DuitNow ID Proxy enabled'

2020-08-17 18:09:30 - [MESSAGE][WARNING] - Timeout '0' is invalid. Using default page load timeout: '10'

2020-08-17 18:09:31 - [MESSAGE][PASSED] - Text of element 'Object Repository/Maya/Mobile proxy/android.widget.TextView0 - Maybank2u DuitNow ID Proxy enabled' is: 'Maybank2u: DuitNow ID Proxy enabled'

2020-08-17 18:09:31 - [TEST_STEP][PASSED] - verifyElementVisible(findTestObject("Maya/Mobile proxy/android.widget.TextView0 - Maybank2u DuitNow ID Proxy enabled"), 0): Element 'Object Repository/Maya/Mobile proxy/android.widget.TextView0 - Maybank2u DuitNow ID Proxy enabled' is visible

2020-08-17 18:09:31 - [MESSAGE][WARNING] - Timeout '0' is invalid. Using default page load timeout: '10'

2020-08-17 18:09:31 - [MESSAGE][PASSED] - Element 'Object Repository/Maya/Mobile proxy/android.widget.TextView0 - Maybank2u DuitNow ID Proxy enabled' is visible

2020-08-17 18:09:31 - [TEST_STEP][PASSED] - getText(findTestObject("Maya/spy/android.widget.TextView0 - Duitnow Proxy (NRIC Number) ending 5263 has just been enabled."), 0): Text of element 'Object Repository/Maya/spy/android.widget.TextView0 - Duitnow Proxy (NRIC Number) ending 5263 has just been enabled.' is: 'Duitnow Proxy (NRIC Number) ending ****5263 has just been enabled.'

2020-08-17 18:09:31 - [MESSAGE][WARNING] - Timeout '0' is invalid. Using default page load timeout: '10'

2020-08-17 18:09:32 - [MESSAGE][PASSED] - Text of element 'Object Repository/Maya/spy/android.widget.TextView0 - Duitnow Proxy (NRIC Number) ending 5263 has just been enabled.' is: 'Duitnow Proxy (NRIC Number) ending ****5263 has just been enabled.'

2020-08-17 18:09:32 - [TEST_STEP][PASSED] - verifyElementVisible(findTestObject("Maya/spy/android.widget.TextView0 - Duitnow Proxy (NRIC Number) ending 5263 has just been enabled."), 0): Element 'Object Repository/Maya/spy/android.widget.TextView0 - Duitnow Proxy (NRIC Number) ending 5263 has just been enabled.' is visible

2020-08-17 18:09:32 - [MESSAGE][WARNING] - Timeout '0' is invalid. Using default page load timeout: '10'

2020-08-17 18:09:32 - [MESSAGE][PASSED] - Element 'Object Repository/Maya/spy/android.widget.TextView0 - Duitnow Proxy (NRIC Number) ending 5263 has just been enabled.' is visible

2020-08-17 18:09:32 - [TEST_STEP][PASSED] - getText(findTestObject("Maya/Mobile proxy/android.widget.TextView0 - 1154 PM"), 0): Text of element 'Object Repository/Maya/Mobile proxy/android.widget.TextView0 - 1154 PM' is: '6:08 PM'

2020-08-17 18:09:32 - [MESSAGE][WARNING] - Timeout '0' is invalid. Using default page load timeout: '10'

2020-08-17 18:09:33 - [MESSAGE][PASSED] - Text of element 'Object Repository/Maya/Mobile proxy/android.widget.TextView0 - 1154 PM' is: '6:08 PM'

2020-08-17 18:09:33 - [TEST_STEP][PASSED] - verifyElementExist(findTestObject("Maya/Mobile proxy/android.widget.TextView0 - 1154 PM"), 0): Element 'Object Repository/Maya/Mobile proxy/android.widget.TextView0 - 1154 PM' is exist

2020-08-17 18:09:33 - [MESSAGE][WARNING] - Timeout '0' is invalid. Using default page load timeout: '10'

2020-08-17 18:09:34 - [MESSAGE][PASSED] - Element 'Object Repository/Maya/Mobile proxy/android.widget.TextView0 - 1154 PM' is exist

2020-08-17 18:09:34 - [TEST_STEP][PASSED] - getText(findTestObject("Maya/Mobile proxy/android.widget.TextView0 - Maybank2u DuitNow ID Proxy Update"), 0): Text of element 'Object Repository/Maya/Mobile proxy/android.widget.TextView0 - Maybank2u DuitNow ID Proxy Update' is: 'Maybank2u: DuitNow ID Proxy Update'

2020-08-17 18:09:34 - [MESSAGE][WARNING] - Timeout '0' is invalid. Using default page load timeout: '10'

2020-08-17 18:09:35 - [MESSAGE][PASSED] - Text of element 'Object Repository/Maya/Mobile proxy/android.widget.TextView0 - Maybank2u DuitNow ID Proxy Update' is: 'Maybank2u: DuitNow ID Proxy Update'

2020-08-17 18:09:35 - [TEST_STEP][PASSED] - verifyElementExist(findTestObject("Maya/Mobile proxy/android.widget.TextView0 - Maybank2u DuitNow ID Proxy Update"), 0): Element 'Object Repository/Maya/Mobile proxy/android.widget.TextView0 - Maybank2u DuitNow ID Proxy Update' is exist

2020-08-17 18:09:35 - [MESSAGE][WARNING] - Timeout '0' is invalid. Using default page load timeout: '10'

2020-08-17 18:09:35 - [MESSAGE][PASSED] - Element 'Object Repository/Maya/Mobile proxy/android.widget.TextView0 - Maybank2u DuitNow ID Proxy Update' is exist

2020-08-17 18:09:35 - [TEST_STEP][PASSED] - getText(findTestObject("Maya/spy/android.widget.TextView0 - Duitnow Proxy (NRIC Number) ending 5263 has just been updated."), 0): Text of element 'Object Repository/Maya/spy/android.widget.TextView0 - Duitnow Proxy (NRIC Number) ending 5263 has just been updated.' is: 'Duitnow Proxy (NRIC Number) ending ****5263 has just been updated.'

2020-08-17 18:09:35 - [MESSAGE][WARNING] - Timeout '0' is invalid. Using default page load timeout: '10'

2020-08-17 18:09:36 - [MESSAGE][PASSED] - Text of element 'Object Repository/Maya/spy/android.widget.TextView0 - Duitnow Proxy (NRIC Number) ending 5263 has just been updated.' is: 'Duitnow Proxy (NRIC Number) ending ****5263 has just been updated.'

2020-08-17 18:09:36 - [TEST_STEP][PASSED] - verifyElementExist(findTestObject("Maya/spy/android.widget.TextView0 - Duitnow Proxy (NRIC Number) ending 5263 has just been updated."), 0): Element 'Object Repository/Maya/spy/android.widget.TextView0 - Duitnow Proxy (NRIC Number) ending 5263 has just been updated.' is exist

2020-08-17 18:09:36 - [MESSAGE][WARNING] - Timeout '0' is invalid. Using default page load timeout: '10'

2020-08-17 18:09:36 - [MESSAGE][PASSED] - Element 'Object Repository/Maya/spy/android.widget.TextView0 - Duitnow Proxy (NRIC Number) ending 5263 has just been updated.' is exist

2020-08-17 18:09:36 - [TEST_STEP][PASSED] - getText(findTestObject("Maya/Mobile proxy/android.widget.TextView0 - 1155 PM"), 0): Text of element 'Object Repository/Maya/Mobile proxy/android.widget.TextView0 - 1155 PM' is: '6:08 PM'

2020-08-17 18:09:36 - [MESSAGE][WARNING] - Timeout '0' is invalid. Using default page load timeout: '10'

2020-08-17 18:09:37 - [MESSAGE][PASSED] - Text of element 'Object Repository/Maya/Mobile proxy/android.widget.TextView0 - 1155 PM' is: '6:08 PM'

2020-08-17 18:09:37 - [TEST_STEP][PASSED] - verifyElementExist(findTestObject("Maya/Mobile proxy/android.widget.TextView0 - 1155 PM"), 0): Element 'Object Repository/Maya/Mobile proxy/android.widget.TextView0 - 1155 PM' is exist

2020-08-17 18:09:37 - [MESSAGE][WARNING] - Timeout '0' is invalid. Using default page load timeout: '10'

2020-08-17 18:09:38 - [MESSAGE][PASSED] - Element 'Object Repository/Maya/Mobile proxy/android.widget.TextView0 - 1155 PM' is exist]]></system-out>
         <system-err><![CDATA[]]></system-err>
      </testcase>
      <system-out><![CDATA[2020-08-17 18:02:15 - [TEST_SUITE][PASSED] - UAT Test Suite: Test Cases/JINU/DuiTNow Drop 2/Nric Proxy]]></system-out>
      <system-err><![CDATA[]]></system-err>
   </testsuite>
</testsuites>
