<?xml version="1.0" encoding="UTF-8"?>
<testsuites name="UAT Test Suite" time="287.01" tests="1" failures="1" errors="0">
   <testsuite name="UAT Test Suite" tests="1" failures="1" errors="0" time="287.01" timestamp="2020-08-17 16:57:36" hostname="LENOVO - DESKTOP-CP3TV4N" id="Test Suites/Maya UAT/UAT Test Suite">
      <properties>
         <property name="deviceName" value="Xiaomi Redmi Note 7S (Android 9)"/>
         <property name="devicePlatform" value=""/>
         <property name="logFolder" value="C:\\Users\\LENOVO\\Git_new\\Maya\\Reports\\20200817_165733\\Maya UAT\\UAT Test Suite\\20200817_165733"/>
         <property name="logFiles" value="C:\\Users\\LENOVO\\Git_new\\Maya\\Reports\\20200817_165733\\Maya UAT\\UAT Test Suite\\20200817_165733\\appium.log, C:\\Users\\LENOVO\\Git_new\\Maya\\Reports\\20200817_165733\\Maya UAT\\UAT Test Suite\\20200817_165733\\execution0.log"/>
         <property name="attachments" value="C:\\Users\\LENOVO\\Screenshot\\DuitNowProxy\\Screen3.png, C:\\Users\\LENOVO\\Screenshot\\DuitNowProxy\\Screen1.png, C:\\Users\\LENOVO\\Git_new\\Maya\\Reports\\20200817_165733\\Maya UAT\\UAT Test Suite\\20200817_165733\\1597654757094.png, C:\\Users\\LENOVO\\Git_new\\Maya\\Reports\\20200817_165733\\Maya UAT\\UAT Test Suite\\20200817_165733\\1597654781045.png, C:\\Users\\LENOVO\\Git_new\\Maya\\Reports\\20200817_165733\\Maya UAT\\UAT Test Suite\\20200817_165733\\1597654849678.png, C:\\Users\\LENOVO\\Screenshot\\DuitNowProxy\\Screen13.png"/>
         <property name="hostName" value="LENOVO - DESKTOP-CP3TV4N"/>
         <property name="os" value="Windows 10 64bit"/>
         <property name="appiumServerStatus" value="{\&quot;value\&quot;:{\&quot;build\&quot;:{\&quot;version\&quot;:\&quot;1.15.1\&quot;}},\&quot;sessionId\&quot;:null,\&quot;status\&quot;:0}"/>
         <property name="katalonVersion" value="7.2.7.1"/>
         <property name="deviceOS" value="Android"/>
         <property name="appiumVersion" value="1.15.1"/>
         <property name="deviceModel" value="Redmi Note 7S"/>
         <property name="hostAddress" value="192.168.0.102"/>
         <property name="deviceManufacturer" value="Xiaomi"/>
         <property name="deviceId" value="11cb9864"/>
         <property name="deviceName" value="Xiaomi Redmi Note 7S (Android 9)"/>
         <property name="deviceOSVersion" value="9"/>
      </properties>
      <testcase name="Test Cases/JINU/DuiTNow Drop 2/DuiTNow Army Proxy" time="284.18" classname="Test Cases/JINU/DuiTNow Drop 2/DuiTNow Army Proxy" status="FAILED">
         <failure type="FAILED" message="Test Cases/JINU/DuiTNow Drop 2/DuiTNow Army Proxy FAILED.
Reason:
com.kms.katalon.core.exception.StepFailedException: Object Object Repository/Maya/Nric Proxy Army/android.widget.TextView0 - NRIC Number not found
	at com.kms.katalon.core.keyword.internal.KeywordMain.stepFailed(KeywordMain.groovy:39)
	at com.kms.katalon.core.mobile.keyword.internal.MobileKeywordMain.stepFailed(MobileKeywordMain.groovy:40)
	at com.kms.katalon.core.mobile.keyword.builtin.GetTextKeyword$_getText_closure1.doCall(GetTextKeyword.groovy:74)
	at com.kms.katalon.core.mobile.keyword.builtin.GetTextKeyword$_getText_closure1.call(GetTextKeyword.groovy)
	at com.kms.katalon.core.mobile.keyword.internal.MobileKeywordMain.runKeyword(MobileKeywordMain.groovy:21)
	at com.kms.katalon.core.mobile.keyword.builtin.GetTextKeyword.getText(GetTextKeyword.groovy:80)
	at com.kms.katalon.core.mobile.keyword.builtin.GetTextKeyword.execute(GetTextKeyword.groovy:64)
	at com.kms.katalon.core.keyword.internal.KeywordExecutor.executeKeywordForPlatform(KeywordExecutor.groovy:72)
	at com.kms.katalon.core.mobile.keyword.MobileBuiltInKeywords.getText(MobileBuiltInKeywords.groovy:459)
	at com.kms.katalon.core.mobile.keyword.MobileBuiltInKeywords$getText$4.call(Unknown Source)
	at DuiTNow Army Proxy.run(DuiTNow Army Proxy:225)
	at com.kms.katalon.core.main.ScriptEngine.run(ScriptEngine.java:194)
	at com.kms.katalon.core.main.ScriptEngine.runScriptAsRawText(ScriptEngine.java:119)
	at com.kms.katalon.core.main.TestCaseExecutor.runScript(TestCaseExecutor.java:337)
	at com.kms.katalon.core.main.TestCaseExecutor.doExecute(TestCaseExecutor.java:328)
	at com.kms.katalon.core.main.TestCaseExecutor.processExecutionPhase(TestCaseExecutor.java:307)
	at com.kms.katalon.core.main.TestCaseExecutor.accessMainPhase(TestCaseExecutor.java:299)
	at com.kms.katalon.core.main.TestCaseExecutor.execute(TestCaseExecutor.java:233)
	at com.kms.katalon.core.main.TestSuiteExecutor.accessTestCaseMainPhase(TestSuiteExecutor.java:169)
	at com.kms.katalon.core.main.TestSuiteExecutor.accessTestSuiteMainPhase(TestSuiteExecutor.java:142)
	at com.kms.katalon.core.main.TestSuiteExecutor.execute(TestSuiteExecutor.java:91)
	at com.kms.katalon.core.main.TestCaseMain.startTestSuite(TestCaseMain.java:157)
	at com.kms.katalon.core.main.TestCaseMain$startTestSuite$0.call(Unknown Source)
	at TempTestSuite1597654653522.run(TempTestSuite1597654653522.groovy:36)
"/>
         <system-out><![CDATA[2020-08-17 16:57:37 - [TEST_CASE][FAILED] - Test Cases/JINU/DuiTNow Drop 2/DuiTNow Army Proxy: Test Cases/JINU/DuiTNow Drop 2/DuiTNow Army Proxy FAILED.
Reason:
com.kms.katalon.core.exception.StepFailedException: Object Object Repository/Maya/Nric Proxy Army/android.widget.TextView0 - NRIC Number not found
	at com.kms.katalon.core.keyword.internal.KeywordMain.stepFailed(KeywordMain.groovy:39)
	at com.kms.katalon.core.mobile.keyword.internal.MobileKeywordMain.stepFailed(MobileKeywordMain.groovy:40)
	at com.kms.katalon.core.mobile.keyword.builtin.GetTextKeyword$_getText_closure1.doCall(GetTextKeyword.groovy:74)
	at com.kms.katalon.core.mobile.keyword.builtin.GetTextKeyword$_getText_closure1.call(GetTextKeyword.groovy)
	at com.kms.katalon.core.mobile.keyword.internal.MobileKeywordMain.runKeyword(MobileKeywordMain.groovy:21)
	at com.kms.katalon.core.mobile.keyword.builtin.GetTextKeyword.getText(GetTextKeyword.groovy:80)
	at com.kms.katalon.core.mobile.keyword.builtin.GetTextKeyword.execute(GetTextKeyword.groovy:64)
	at com.kms.katalon.core.keyword.internal.KeywordExecutor.executeKeywordForPlatform(KeywordExecutor.groovy:72)
	at com.kms.katalon.core.mobile.keyword.MobileBuiltInKeywords.getText(MobileBuiltInKeywords.groovy:459)
	at com.kms.katalon.core.mobile.keyword.MobileBuiltInKeywords$getText$4.call(Unknown Source)
	at DuiTNow Army Proxy.run(DuiTNow Army Proxy:225)
	at com.kms.katalon.core.main.ScriptEngine.run(ScriptEngine.java:194)
	at com.kms.katalon.core.main.ScriptEngine.runScriptAsRawText(ScriptEngine.java:119)
	at com.kms.katalon.core.main.TestCaseExecutor.runScript(TestCaseExecutor.java:337)
	at com.kms.katalon.core.main.TestCaseExecutor.doExecute(TestCaseExecutor.java:328)
	at com.kms.katalon.core.main.TestCaseExecutor.processExecutionPhase(TestCaseExecutor.java:307)
	at com.kms.katalon.core.main.TestCaseExecutor.accessMainPhase(TestCaseExecutor.java:299)
	at com.kms.katalon.core.main.TestCaseExecutor.execute(TestCaseExecutor.java:233)
	at com.kms.katalon.core.main.TestSuiteExecutor.accessTestCaseMainPhase(TestSuiteExecutor.java:169)
	at com.kms.katalon.core.main.TestSuiteExecutor.accessTestSuiteMainPhase(TestSuiteExecutor.java:142)
	at com.kms.katalon.core.main.TestSuiteExecutor.execute(TestSuiteExecutor.java:91)
	at com.kms.katalon.core.main.TestCaseMain.startTestSuite(TestCaseMain.java:157)
	at com.kms.katalon.core.main.TestCaseMain$startTestSuite$0.call(Unknown Source)
	at TempTestSuite1597654653522.run(TempTestSuite1597654653522.groovy:36)


2020-08-17 16:57:38 - [TEST_STEP][PASSED] - startApplication("C:\Users\LENOVO\Katalon Studio\app-uat-universal-release.apk", false): Started app at: 'C:\Users\LENOVO\Katalon Studio\app-uat-universal-release.apk'

2020-08-17 16:57:38 - [MESSAGE][INFO] - User set preference: ['appWaitActivity', '*']

2020-08-17 16:57:38 - [MESSAGE][INFO] - User set preference: ['appWaitPackage', 'com.maybank2u.life.uat']

2020-08-17 16:57:38 - [MESSAGE][INFO] - User set preference: ['appWaitDuration', '50,000']

2020-08-17 16:57:38 - [MESSAGE][INFO] - User set preference: ['deviceId', '11cb9864']

2020-08-17 16:57:41 - [MESSAGE][INFO] - Appium server started on port 60,599

2020-08-17 16:58:04 - [MESSAGE][PASSED] - Started app at: 'C:\Users\LENOVO\Katalon Studio\app-uat-universal-release.apk'

2020-08-17 16:58:04 - [TEST_STEP][PASSED] - delay(5, STOP_ON_FAILURE): Delayed 5 second(s)

2020-08-17 16:58:09 - [MESSAGE][PASSED] - Delayed 5 second(s)

2020-08-17 16:58:09 - [TEST_STEP][PASSED] - delay(10, STOP_ON_FAILURE): Delayed 10 second(s)

2020-08-17 16:58:19 - [MESSAGE][PASSED] - Delayed 10 second(s)

2020-08-17 16:58:19 - [TEST_STEP][PASSED] - takeScreenshot("C:\Users\LENOVO\Screenshot\DuitNowProxy\Screen3.png", CONTINUE_ON_FAILURE): Screenshot is taken

2020-08-17 16:58:20 - [MESSAGE][PASSED] - Screenshot is taken
[[ATTACHMENT|C:\\Users\\LENOVO\\Screenshot\\DuitNowProxy\\Screen3.png]]

2020-08-17 16:58:20 - [TEST_STEP][PASSED] - verifyElementText(findTestObject("Maya/Third Party Fav/android.widget.TextView0 - Test"), "Test", CONTINUE_ON_FAILURE): Actual text and expected text of test object 'Object Repository/Maya/Third Party Fav/android.widget.TextView0 - Test' are matched.

2020-08-17 16:58:21 - [MESSAGE][PASSED] - Actual text and expected text of test object 'Object Repository/Maya/Third Party Fav/android.widget.TextView0 - Test' are matched.

2020-08-17 16:58:21 - [TEST_STEP][PASSED] - tap(findTestObject("Maya/Nric Proxy Army/android.widget.TextView0 - More"), 0): Tapped on element 'Object Repository/Maya/Nric Proxy Army/android.widget.TextView0 - More'

2020-08-17 16:58:21 - [MESSAGE][WARNING] - Timeout '0' is invalid. Using default page load timeout: '10'

2020-08-17 16:58:34 - [MESSAGE][PASSED] - Tapped on element 'Object Repository/Maya/Nric Proxy Army/android.widget.TextView0 - More'

2020-08-17 16:58:34 - [TEST_STEP][PASSED] - tap(findTestObject("Maya/Nric Proxy Army/android.widget.TextView0 - Settings"), 0): Tapped on element 'Object Repository/Maya/Nric Proxy Army/android.widget.TextView0 - Settings'

2020-08-17 16:58:34 - [MESSAGE][WARNING] - Timeout '0' is invalid. Using default page load timeout: '10'

2020-08-17 16:58:36 - [MESSAGE][PASSED] - Tapped on element 'Object Repository/Maya/Nric Proxy Army/android.widget.TextView0 - Settings'

2020-08-17 16:58:36 - [TEST_STEP][PASSED] - tap(findTestObject("Maya/Nric Proxy Army/android.widget.TextView0 - Maybank2u"), 0): Tapped on element 'Object Repository/Maya/Nric Proxy Army/android.widget.TextView0 - Maybank2u'

2020-08-17 16:58:36 - [MESSAGE][WARNING] - Timeout '0' is invalid. Using default page load timeout: '10'

2020-08-17 16:58:39 - [MESSAGE][PASSED] - Tapped on element 'Object Repository/Maya/Nric Proxy Army/android.widget.TextView0 - Maybank2u'

2020-08-17 16:58:39 - [TEST_STEP][PASSED] - delay(3, STOP_ON_FAILURE): Delayed 3 second(s)

2020-08-17 16:58:42 - [MESSAGE][PASSED] - Delayed 3 second(s)

2020-08-17 16:58:42 - [TEST_STEP][PASSED] - setText(findTestObject("Maya/login again/android.widget.EditText0 (1)"), "rpp12345", 0): Text 'rpp12345' has been set to element 'Object Repository/Maya/login again/android.widget.EditText0 (1)'

2020-08-17 16:58:42 - [MESSAGE][WARNING] - Timeout '0' is invalid. Using default page load timeout: '10'

2020-08-17 16:58:43 - [MESSAGE][PASSED] - Text 'rpp12345' has been set to element 'Object Repository/Maya/login again/android.widget.EditText0 (1)'

2020-08-17 16:58:43 - [TEST_STEP][PASSED] - driver = getDriver(): null

2020-08-17 16:58:43 - [TEST_STEP][PASSED] - driver.pressKeyCode(ENTER): null

2020-08-17 16:58:43 - [TEST_STEP][PASSED] - takeScreenshot("C:\Users\LENOVO\Screenshot\DuitNowProxy\Screen1.png", CONTINUE_ON_FAILURE): Screenshot is taken

2020-08-17 16:58:44 - [MESSAGE][PASSED] - Screenshot is taken
[[ATTACHMENT|C:\\Users\\LENOVO\\Screenshot\\DuitNowProxy\\Screen1.png]]

2020-08-17 16:58:44 - [TEST_STEP][PASSED] - tap(findTestObject("Maya/Nric Proxy Army/android.widget.TextView0 - More (1)"), 0): Tapped on element 'Object Repository/Maya/Nric Proxy Army/android.widget.TextView0 - More (1)'

2020-08-17 16:58:44 - [MESSAGE][WARNING] - Timeout '0' is invalid. Using default page load timeout: '10'

2020-08-17 16:58:56 - [MESSAGE][PASSED] - Tapped on element 'Object Repository/Maya/Nric Proxy Army/android.widget.TextView0 - More (1)'

2020-08-17 16:58:56 - [TEST_STEP][PASSED] - tap(findTestObject("Maya/Nric Proxy Army/android.widget.TextView0 - Settings (1)"), 0): Tapped on element 'Object Repository/Maya/Nric Proxy Army/android.widget.TextView0 - Settings (1)'

2020-08-17 16:58:56 - [MESSAGE][WARNING] - Timeout '0' is invalid. Using default page load timeout: '10'

2020-08-17 16:58:58 - [MESSAGE][PASSED] - Tapped on element 'Object Repository/Maya/Nric Proxy Army/android.widget.TextView0 - Settings (1)'

2020-08-17 16:58:58 - [TEST_STEP][PASSED] - tap(findTestObject("Maya/Nric Proxy Army/android.widget.TextView0 - Maybank2u (1)"), 0): Tapped on element 'Object Repository/Maya/Nric Proxy Army/android.widget.TextView0 - Maybank2u (1)'

2020-08-17 16:58:58 - [MESSAGE][WARNING] - Timeout '0' is invalid. Using default page load timeout: '10'

2020-08-17 16:59:00 - [MESSAGE][PASSED] - Tapped on element 'Object Repository/Maya/Nric Proxy Army/android.widget.TextView0 - Maybank2u (1)'

2020-08-17 16:59:00 - [TEST_STEP][PASSED] - tap(findTestObject("Maya/Nric Proxy Army/android.widget.TextView0 - DuitNow (1)"), 0): Tapped on element 'Object Repository/Maya/Nric Proxy Army/android.widget.TextView0 - DuitNow (1)'

2020-08-17 16:59:00 - [MESSAGE][WARNING] - Timeout '0' is invalid. Using default page load timeout: '10'

2020-08-17 16:59:01 - [MESSAGE][PASSED] - Tapped on element 'Object Repository/Maya/Nric Proxy Army/android.widget.TextView0 - DuitNow (1)'

2020-08-17 16:59:01 - [TEST_STEP][PASSED] - getText(findTestObject("Maya/Nric Proxy Army/android.widget.TextView0 - DuitNow (2)"), 0): Text of element 'Object Repository/Maya/Nric Proxy Army/android.widget.TextView0 - DuitNow (2)' is: 'DuitNow'

2020-08-17 16:59:02 - [MESSAGE][WARNING] - Timeout '0' is invalid. Using default page load timeout: '10'

2020-08-17 16:59:02 - [MESSAGE][PASSED] - Text of element 'Object Repository/Maya/Nric Proxy Army/android.widget.TextView0 - DuitNow (2)' is: 'DuitNow'

2020-08-17 16:59:02 - [TEST_STEP][PASSED] - getText(findTestObject("Maya/Nric Proxy Army/android.widget.TextView0 - Link your Maybank account to an ID for DuitNow"), 0): Text of element 'Object Repository/Maya/Nric Proxy Army/android.widget.TextView0 - Link your Maybank account to an ID for DuitNow' is: 'Link your Maybank account to an ID for DuitNow'

2020-08-17 16:59:02 - [MESSAGE][WARNING] - Timeout '0' is invalid. Using default page load timeout: '10'

2020-08-17 16:59:02 - [MESSAGE][PASSED] - Text of element 'Object Repository/Maya/Nric Proxy Army/android.widget.TextView0 - Link your Maybank account to an ID for DuitNow' is: 'Link your Maybank account to an ID for DuitNow'

2020-08-17 16:59:02 - [TEST_STEP][PASSED] - getText(findTestObject("Maya/Nric Proxy Army/android.widget.TextView0 - ID Number"), 0): Text of element 'Object Repository/Maya/Nric Proxy Army/android.widget.TextView0 - ID Number' is: 'ID Number'

2020-08-17 16:59:02 - [MESSAGE][WARNING] - Timeout '0' is invalid. Using default page load timeout: '10'

2020-08-17 16:59:04 - [MESSAGE][PASSED] - Text of element 'Object Repository/Maya/Nric Proxy Army/android.widget.TextView0 - ID Number' is: 'ID Number'

2020-08-17 16:59:04 - [TEST_STEP][PASSED] - getText(findTestObject("Maya/Nric Proxy Army/android.widget.TextView0 - 4178 (1)"), 0): Text of element 'Object Repository/Maya/Nric Proxy Army/android.widget.TextView0 - 4178 (1)' is: '**4178'

2020-08-17 16:59:04 - [MESSAGE][WARNING] - Timeout '0' is invalid. Using default page load timeout: '10'

2020-08-17 16:59:04 - [MESSAGE][PASSED] - Text of element 'Object Repository/Maya/Nric Proxy Army/android.widget.TextView0 - 4178 (1)' is: '**4178'

2020-08-17 16:59:04 - [TEST_STEP][PASSED] - getText(findTestObject("Maya/Nric Proxy Army/android.widget.TextView0 - Maybank"), 0): Text of element 'Object Repository/Maya/Nric Proxy Army/android.widget.TextView0 - Maybank' is: 'Maybank'

2020-08-17 16:59:04 - [MESSAGE][WARNING] - Timeout '0' is invalid. Using default page load timeout: '10'

2020-08-17 16:59:04 - [MESSAGE][PASSED] - Text of element 'Object Repository/Maya/Nric Proxy Army/android.widget.TextView0 - Maybank' is: 'Maybank'

2020-08-17 16:59:04 - [TEST_STEP][PASSED] - tap(findTestObject("Maya/Nric Proxy Army/android.widget.TextView0 - ID Number"), 0): Tapped on element 'Object Repository/Maya/Nric Proxy Army/android.widget.TextView0 - ID Number'

2020-08-17 16:59:04 - [MESSAGE][WARNING] - Timeout '0' is invalid. Using default page load timeout: '10'

2020-08-17 16:59:06 - [MESSAGE][PASSED] - Tapped on element 'Object Repository/Maya/Nric Proxy Army/android.widget.TextView0 - ID Number'

2020-08-17 16:59:06 - [TEST_STEP][PASSED] - getText(findTestObject("Maya/Nric Proxy Army/android.widget.TextView0 - 4178 (2)"), 0): Text of element 'Object Repository/Maya/Nric Proxy Army/android.widget.TextView0 - 4178 (2)' is: '**4178'

2020-08-17 16:59:06 - [MESSAGE][WARNING] - Timeout '0' is invalid. Using default page load timeout: '10'

2020-08-17 16:59:06 - [MESSAGE][PASSED] - Text of element 'Object Repository/Maya/Nric Proxy Army/android.widget.TextView0 - 4178 (2)' is: '**4178'

2020-08-17 16:59:06 - [TEST_STEP][FAILED] - getText(findTestObject("Maya/Nric Proxy Army/android.widget.TextView0 - NRIC Number"), 0): Object Object Repository/Maya/Nric Proxy Army/android.widget.TextView0 - NRIC Number not found

2020-08-17 16:59:06 - [MESSAGE][WARNING] - Timeout '0' is invalid. Using default page load timeout: '10'

2020-08-17 16:59:17 - [MESSAGE][FAILED] - Object Object Repository/Maya/Nric Proxy Army/android.widget.TextView0 - NRIC Number not found
[[ATTACHMENT|C:\\Users\\LENOVO\\Git_new\\Maya\\Reports\\20200817_165733\\Maya UAT\\UAT Test Suite\\20200817_165733\\1597654757094.png]]

2020-08-17 16:59:17 - [TEST_STEP][PASSED] - getText(findTestObject("Maya/Nric Proxy Army/android.widget.TextView0 - Status"), 0): Text of element 'Object Repository/Maya/Nric Proxy Army/android.widget.TextView0 - Status' is: 'Status'

2020-08-17 16:59:18 - [MESSAGE][WARNING] - Timeout '0' is invalid. Using default page load timeout: '10'

2020-08-17 16:59:18 - [MESSAGE][PASSED] - Text of element 'Object Repository/Maya/Nric Proxy Army/android.widget.TextView0 - Status' is: 'Status'

2020-08-17 16:59:18 - [TEST_STEP][PASSED] - getText(findTestObject("Maya/Nric Proxy Army/android.widget.TextView0 - ACTIVE (1)"), 0): Text of element 'Object Repository/Maya/Nric Proxy Army/android.widget.TextView0 - ACTIVE (1)' is: 'ACTIVE'

2020-08-17 16:59:18 - [MESSAGE][WARNING] - Timeout '0' is invalid. Using default page load timeout: '10'

2020-08-17 16:59:18 - [MESSAGE][PASSED] - Text of element 'Object Repository/Maya/Nric Proxy Army/android.widget.TextView0 - ACTIVE (1)' is: 'ACTIVE'

2020-08-17 16:59:18 - [TEST_STEP][PASSED] - getText(findTestObject("Maya/Nric Proxy Army/android.widget.TextView0 - Receiving bank"), 0): Text of element 'Object Repository/Maya/Nric Proxy Army/android.widget.TextView0 - Receiving bank' is: 'Receiving bank'

2020-08-17 16:59:18 - [MESSAGE][WARNING] - Timeout '0' is invalid. Using default page load timeout: '10'

2020-08-17 16:59:18 - [MESSAGE][PASSED] - Text of element 'Object Repository/Maya/Nric Proxy Army/android.widget.TextView0 - Receiving bank' is: 'Receiving bank'

2020-08-17 16:59:18 - [TEST_STEP][PASSED] - getText(findTestObject("Maya/Nric Proxy Army/android.widget.TextView0 - Receiving Account"), 0): Text of element 'Object Repository/Maya/Nric Proxy Army/android.widget.TextView0 - Receiving Account' is: 'Receiving Account'

2020-08-17 16:59:18 - [MESSAGE][WARNING] - Timeout '0' is invalid. Using default page load timeout: '10'

2020-08-17 16:59:19 - [MESSAGE][PASSED] - Text of element 'Object Repository/Maya/Nric Proxy Army/android.widget.TextView0 - Receiving Account' is: 'Receiving Account'

2020-08-17 16:59:19 - [TEST_STEP][PASSED] - tap(findTestObject("Maya/Nric Proxy Army/android.widget.TextView0 - Switch account (1)"), 0): Tapped on element 'Object Repository/Maya/Nric Proxy Army/android.widget.TextView0 - Switch account (1)'

2020-08-17 16:59:19 - [MESSAGE][WARNING] - Timeout '0' is invalid. Using default page load timeout: '10'

2020-08-17 16:59:20 - [MESSAGE][PASSED] - Tapped on element 'Object Repository/Maya/Nric Proxy Army/android.widget.TextView0 - Switch account (1)'

2020-08-17 16:59:20 - [TEST_STEP][PASSED] - delay(2, STOP_ON_FAILURE): Delayed 2 second(s)

2020-08-17 16:59:22 - [MESSAGE][PASSED] - Delayed 2 second(s)

2020-08-17 16:59:22 - [TEST_STEP][PASSED] - tapAndHoldAtPosition(540, 773, 1): Tapped and held at [540, 773] with duration 1

2020-08-17 16:59:25 - [MESSAGE][PASSED] - Tapped and held at [540, 773] with duration 1

2020-08-17 16:59:25 - [TEST_STEP][PASSED] - delay(2, STOP_ON_FAILURE): Delayed 2 second(s)

2020-08-17 16:59:27 - [MESSAGE][PASSED] - Delayed 2 second(s)

2020-08-17 16:59:27 - [TEST_STEP][PASSED] - tap(findTestObject("Maya/Nric Proxy Army/android.widget.TextView0 - Continue (2)"), 0): Tapped on element 'Object Repository/Maya/Nric Proxy Army/android.widget.TextView0 - Continue (2)'

2020-08-17 16:59:27 - [MESSAGE][WARNING] - Timeout '0' is invalid. Using default page load timeout: '10'

2020-08-17 16:59:29 - [MESSAGE][PASSED] - Tapped on element 'Object Repository/Maya/Nric Proxy Army/android.widget.TextView0 - Continue (2)'

2020-08-17 16:59:29 - [TEST_STEP][PASSED] - getText(findTestObject("Maya/Nric Proxy Army/android.widget.TextView0 - Please confirm your DuitNow details"), 0): Text of element 'Object Repository/Maya/Nric Proxy Army/android.widget.TextView0 - Please confirm your DuitNow details' is: 'Please confirm your DuitNow details'

2020-08-17 16:59:29 - [MESSAGE][WARNING] - Timeout '0' is invalid. Using default page load timeout: '10'

2020-08-17 16:59:29 - [MESSAGE][PASSED] - Text of element 'Object Repository/Maya/Nric Proxy Army/android.widget.TextView0 - Please confirm your DuitNow details' is: 'Please confirm your DuitNow details'

2020-08-17 16:59:29 - [TEST_STEP][PASSED] - getText(findTestObject("Maya/Nric Proxy Army/android.widget.TextView0 - Personal Current Account (1)"), 0): Text of element 'Object Repository/Maya/Nric Proxy Army/android.widget.TextView0 - Personal Current Account (1)' is: 'Personal Current Account'

2020-08-17 16:59:29 - [MESSAGE][WARNING] - Timeout '0' is invalid. Using default page load timeout: '10'

2020-08-17 16:59:29 - [MESSAGE][PASSED] - Text of element 'Object Repository/Maya/Nric Proxy Army/android.widget.TextView0 - Personal Current Account (1)' is: 'Personal Current Account'

2020-08-17 16:59:29 - [TEST_STEP][PASSED] - getText(findTestObject("Maya/Nric Proxy Army/android.widget.TextView0 - 5140 1122 2552"), 0): Text of element 'Object Repository/Maya/Nric Proxy Army/android.widget.TextView0 - 5140 1122 2552' is: '5140 1122 2552'

2020-08-17 16:59:29 - [MESSAGE][WARNING] - Timeout '0' is invalid. Using default page load timeout: '10'

2020-08-17 16:59:30 - [MESSAGE][PASSED] - Text of element 'Object Repository/Maya/Nric Proxy Army/android.widget.TextView0 - 5140 1122 2552' is: '5140 1122 2552'

2020-08-17 16:59:30 - [TEST_STEP][FAILED] - getText(findTestObject("Maya/Nric Proxy Army/android.widget.TextView0 - NRIC Number (1)"), 0): Object Object Repository/Maya/Nric Proxy Army/android.widget.TextView0 - NRIC Number (1) not found

2020-08-17 16:59:30 - [MESSAGE][WARNING] - Timeout '0' is invalid. Using default page load timeout: '10'

2020-08-17 16:59:41 - [MESSAGE][FAILED] - Object Object Repository/Maya/Nric Proxy Army/android.widget.TextView0 - NRIC Number (1) not found
[[ATTACHMENT|C:\\Users\\LENOVO\\Git_new\\Maya\\Reports\\20200817_165733\\Maya UAT\\UAT Test Suite\\20200817_165733\\1597654781045.png]]

2020-08-17 16:59:41 - [TEST_STEP][PASSED] - getText(findTestObject("Maya/Nric Proxy Army/android.widget.TextView0 - 4178 (3)"), 0): Text of element 'Object Repository/Maya/Nric Proxy Army/android.widget.TextView0 - 4178 (3)' is: '**4178'

2020-08-17 16:59:41 - [MESSAGE][WARNING] - Timeout '0' is invalid. Using default page load timeout: '10'

2020-08-17 16:59:42 - [MESSAGE][PASSED] - Text of element 'Object Repository/Maya/Nric Proxy Army/android.widget.TextView0 - 4178 (3)' is: '**4178'

2020-08-17 16:59:42 - [TEST_STEP][PASSED] - tap(findTestObject("Maya/Nric Proxy Army/android.widget.TextView0 - Agree and Confirm (1)"), 0): Tapped on element 'Object Repository/Maya/Nric Proxy Army/android.widget.TextView0 - Agree and Confirm (1)'

2020-08-17 16:59:42 - [MESSAGE][WARNING] - Timeout '0' is invalid. Using default page load timeout: '10'

2020-08-17 16:59:43 - [MESSAGE][PASSED] - Tapped on element 'Object Repository/Maya/Nric Proxy Army/android.widget.TextView0 - Agree and Confirm (1)'

2020-08-17 16:59:43 - [TEST_STEP][PASSED] - tap(findTestObject("Maya/Nric Proxy Army/android.widget.TextView0 - Confirm (2)"), 0): Tapped on element 'Object Repository/Maya/Nric Proxy Army/android.widget.TextView0 - Confirm (2)'

2020-08-17 16:59:43 - [MESSAGE][WARNING] - Timeout '0' is invalid. Using default page load timeout: '10'

2020-08-17 16:59:44 - [MESSAGE][PASSED] - Tapped on element 'Object Repository/Maya/Nric Proxy Army/android.widget.TextView0 - Confirm (2)'

2020-08-17 16:59:44 - [TEST_STEP][PASSED] - otp = getText(findTestObject("Maya/Third Party CA account/android.widget.TextView0 - Your OTP no. is 460943"), 0): Text of element 'Object Repository/Maya/Third Party CA account/android.widget.TextView0 - Your OTP no. is 460943' is: 'Your OTP no. is 283904'

2020-08-17 16:59:45 - [MESSAGE][WARNING] - Timeout '0' is invalid. Using default page load timeout: '10'

2020-08-17 16:59:47 - [MESSAGE][PASSED] - Text of element 'Object Repository/Maya/Third Party CA account/android.widget.TextView0 - Your OTP no. is 460943' is: 'Your OTP no. is 283904'

2020-08-17 16:59:47 - [TEST_STEP][PASSED] - delay(2): Delayed 2 second(s)

2020-08-17 16:59:49 - [MESSAGE][PASSED] - Delayed 2 second(s)

2020-08-17 16:59:49 - [TEST_STEP][PASSED] - for ([i = 16, i <= 21, (i++)]): null

2020-08-17 16:59:49 - [TEST_STEP][PASSED] - delay(3, STOP_ON_FAILURE): Delayed 3 second(s)

2020-08-17 16:59:52 - [MESSAGE][PASSED] - Delayed 3 second(s)

2020-08-17 16:59:52 - [TEST_STEP][PASSED] - if (otp[i] == "0"): null

2020-08-17 16:59:52 - [TEST_STEP][PASSED] - if (otp[i] == "1"): null

2020-08-17 16:59:52 - [TEST_STEP][PASSED] - if (otp[i] == "2"): Tapped on element 'Object Repository/Maya/login again/Spy- 2'

2020-08-17 16:59:52 - [TEST_STEP][PASSED] - delay(1, STOP_ON_FAILURE): Delayed 1 second(s)

2020-08-17 16:59:53 - [MESSAGE][PASSED] - Delayed 1 second(s)

2020-08-17 16:59:53 - [TEST_STEP][PASSED] - tap(findTestObject("Maya/login again/Spy- 2"), 0): Tapped on element 'Object Repository/Maya/login again/Spy- 2'

2020-08-17 16:59:53 - [MESSAGE][WARNING] - Timeout '0' is invalid. Using default page load timeout: '10'

2020-08-17 16:59:55 - [MESSAGE][PASSED] - Tapped on element 'Object Repository/Maya/login again/Spy- 2'

2020-08-17 16:59:55 - [TEST_STEP][PASSED] - if (otp[i] == "3"): null

2020-08-17 16:59:55 - [TEST_STEP][PASSED] - if (otp[i] == "4"): null

2020-08-17 16:59:55 - [TEST_STEP][PASSED] - if (otp[i] == "5"): null

2020-08-17 16:59:55 - [TEST_STEP][PASSED] - if (otp[i] == "6"): null

2020-08-17 16:59:55 - [TEST_STEP][PASSED] - if (otp[i] == "7"): null

2020-08-17 16:59:55 - [TEST_STEP][PASSED] - if (otp[i] == "8"): null

2020-08-17 16:59:55 - [TEST_STEP][PASSED] - if (otp[i] == "9"): null

2020-08-17 16:59:55 - [TEST_STEP][PASSED] - delay(3, STOP_ON_FAILURE): Delayed 3 second(s)

2020-08-17 16:59:58 - [MESSAGE][PASSED] - Delayed 3 second(s)

2020-08-17 16:59:58 - [TEST_STEP][PASSED] - if (otp[i] == "0"): null

2020-08-17 16:59:58 - [TEST_STEP][PASSED] - if (otp[i] == "1"): null

2020-08-17 16:59:58 - [TEST_STEP][PASSED] - if (otp[i] == "2"): null

2020-08-17 16:59:58 - [TEST_STEP][PASSED] - if (otp[i] == "3"): null

2020-08-17 16:59:58 - [TEST_STEP][PASSED] - if (otp[i] == "4"): null

2020-08-17 16:59:58 - [TEST_STEP][PASSED] - if (otp[i] == "5"): null

2020-08-17 16:59:58 - [TEST_STEP][PASSED] - if (otp[i] == "6"): null

2020-08-17 16:59:58 - [TEST_STEP][PASSED] - if (otp[i] == "7"): null

2020-08-17 16:59:58 - [TEST_STEP][PASSED] - if (otp[i] == "8"): Tapped on element 'Object Repository/Maya/login again/Spy - 8'

2020-08-17 16:59:58 - [TEST_STEP][PASSED] - delay(1, STOP_ON_FAILURE): Delayed 1 second(s)

2020-08-17 16:59:59 - [MESSAGE][PASSED] - Delayed 1 second(s)

2020-08-17 16:59:59 - [TEST_STEP][PASSED] - tap(findTestObject("Maya/login again/Spy - 8"), 0): Tapped on element 'Object Repository/Maya/login again/Spy - 8'

2020-08-17 17:00:00 - [MESSAGE][WARNING] - Timeout '0' is invalid. Using default page load timeout: '10'

2020-08-17 17:00:02 - [MESSAGE][PASSED] - Tapped on element 'Object Repository/Maya/login again/Spy - 8'

2020-08-17 17:00:02 - [TEST_STEP][PASSED] - if (otp[i] == "9"): null

2020-08-17 17:00:02 - [TEST_STEP][PASSED] - delay(3, STOP_ON_FAILURE): Delayed 3 second(s)

2020-08-17 17:00:05 - [MESSAGE][PASSED] - Delayed 3 second(s)

2020-08-17 17:00:05 - [TEST_STEP][PASSED] - if (otp[i] == "0"): null

2020-08-17 17:00:05 - [TEST_STEP][PASSED] - if (otp[i] == "1"): null

2020-08-17 17:00:05 - [TEST_STEP][PASSED] - if (otp[i] == "2"): null

2020-08-17 17:00:05 - [TEST_STEP][PASSED] - if (otp[i] == "3"): Tapped on element 'Object Repository/Maya/login again/Spy- 3'

2020-08-17 17:00:05 - [TEST_STEP][PASSED] - delay(1, STOP_ON_FAILURE): Delayed 1 second(s)

2020-08-17 17:00:06 - [MESSAGE][PASSED] - Delayed 1 second(s)

2020-08-17 17:00:06 - [TEST_STEP][NOT_RUN] - tap(findTestObject("MAYA SIT v118/spy/TAC - keypad 3"), 0): NOT_RUN: tap(findTestObject("MAYA SIT v118/spy/TAC - keypad 3"), 0)

2020-08-17 17:00:06 - [MESSAGE][NOT_RUN] - NOT_RUN: tap(findTestObject("MAYA SIT v118/spy/TAC - keypad 3"), 0)

2020-08-17 17:00:06 - [TEST_STEP][PASSED] - tap(findTestObject("Maya/login again/Spy- 3"), 0): Tapped on element 'Object Repository/Maya/login again/Spy- 3'

2020-08-17 17:00:06 - [MESSAGE][WARNING] - Timeout '0' is invalid. Using default page load timeout: '10'

2020-08-17 17:00:08 - [MESSAGE][PASSED] - Tapped on element 'Object Repository/Maya/login again/Spy- 3'

2020-08-17 17:00:08 - [TEST_STEP][PASSED] - if (otp[i] == "4"): null

2020-08-17 17:00:08 - [TEST_STEP][PASSED] - if (otp[i] == "5"): null

2020-08-17 17:00:08 - [TEST_STEP][PASSED] - if (otp[i] == "6"): null

2020-08-17 17:00:08 - [TEST_STEP][PASSED] - if (otp[i] == "7"): null

2020-08-17 17:00:08 - [TEST_STEP][PASSED] - if (otp[i] == "8"): null

2020-08-17 17:00:08 - [TEST_STEP][PASSED] - if (otp[i] == "9"): null

2020-08-17 17:00:08 - [TEST_STEP][PASSED] - delay(3, STOP_ON_FAILURE): Delayed 3 second(s)

2020-08-17 17:00:11 - [MESSAGE][PASSED] - Delayed 3 second(s)

2020-08-17 17:00:11 - [TEST_STEP][PASSED] - if (otp[i] == "0"): null

2020-08-17 17:00:11 - [TEST_STEP][PASSED] - if (otp[i] == "1"): null

2020-08-17 17:00:11 - [TEST_STEP][PASSED] - if (otp[i] == "2"): null

2020-08-17 17:00:11 - [TEST_STEP][PASSED] - if (otp[i] == "3"): null

2020-08-17 17:00:11 - [TEST_STEP][PASSED] - if (otp[i] == "4"): null

2020-08-17 17:00:11 - [TEST_STEP][PASSED] - if (otp[i] == "5"): null

2020-08-17 17:00:11 - [TEST_STEP][PASSED] - if (otp[i] == "6"): null

2020-08-17 17:00:11 - [TEST_STEP][PASSED] - if (otp[i] == "7"): null

2020-08-17 17:00:11 - [TEST_STEP][PASSED] - if (otp[i] == "8"): null

2020-08-17 17:00:11 - [TEST_STEP][PASSED] - if (otp[i] == "9"): Tapped on element 'Object Repository/Maya/login again/Spy- 9'

2020-08-17 17:00:11 - [TEST_STEP][PASSED] - delay(1, STOP_ON_FAILURE): Delayed 1 second(s)

2020-08-17 17:00:12 - [MESSAGE][PASSED] - Delayed 1 second(s)

2020-08-17 17:00:12 - [TEST_STEP][PASSED] - tap(findTestObject("Maya/login again/Spy- 9"), 0): Tapped on element 'Object Repository/Maya/login again/Spy- 9'

2020-08-17 17:00:12 - [MESSAGE][WARNING] - Timeout '0' is invalid. Using default page load timeout: '10'

2020-08-17 17:00:14 - [MESSAGE][PASSED] - Tapped on element 'Object Repository/Maya/login again/Spy- 9'

2020-08-17 17:00:14 - [TEST_STEP][PASSED] - delay(3, STOP_ON_FAILURE): Delayed 3 second(s)

2020-08-17 17:00:17 - [MESSAGE][PASSED] - Delayed 3 second(s)

2020-08-17 17:00:17 - [TEST_STEP][PASSED] - if (otp[i] == "0"): Tapped on element 'Object Repository/Maya/login again/Spy-0'

2020-08-17 17:00:17 - [TEST_STEP][PASSED] - delay(1, STOP_ON_FAILURE): Delayed 1 second(s)

2020-08-17 17:00:18 - [MESSAGE][PASSED] - Delayed 1 second(s)

2020-08-17 17:00:18 - [TEST_STEP][PASSED] - tap(findTestObject("Maya/login again/Spy-0"), 0): Tapped on element 'Object Repository/Maya/login again/Spy-0'

2020-08-17 17:00:18 - [MESSAGE][WARNING] - Timeout '0' is invalid. Using default page load timeout: '10'

2020-08-17 17:00:21 - [MESSAGE][PASSED] - Tapped on element 'Object Repository/Maya/login again/Spy-0'

2020-08-17 17:00:21 - [TEST_STEP][PASSED] - if (otp[i] == "1"): null

2020-08-17 17:00:21 - [TEST_STEP][PASSED] - if (otp[i] == "2"): null

2020-08-17 17:00:21 - [TEST_STEP][PASSED] - if (otp[i] == "3"): null

2020-08-17 17:00:21 - [TEST_STEP][PASSED] - if (otp[i] == "4"): null

2020-08-17 17:00:21 - [TEST_STEP][PASSED] - if (otp[i] == "5"): null

2020-08-17 17:00:21 - [TEST_STEP][PASSED] - if (otp[i] == "6"): null

2020-08-17 17:00:21 - [TEST_STEP][PASSED] - if (otp[i] == "7"): null

2020-08-17 17:00:21 - [TEST_STEP][PASSED] - if (otp[i] == "8"): null

2020-08-17 17:00:21 - [TEST_STEP][PASSED] - if (otp[i] == "9"): null

2020-08-17 17:00:21 - [TEST_STEP][PASSED] - delay(3, STOP_ON_FAILURE): Delayed 3 second(s)

2020-08-17 17:00:24 - [MESSAGE][PASSED] - Delayed 3 second(s)

2020-08-17 17:00:24 - [TEST_STEP][PASSED] - if (otp[i] == "0"): null

2020-08-17 17:00:24 - [TEST_STEP][PASSED] - if (otp[i] == "1"): null

2020-08-17 17:00:24 - [TEST_STEP][PASSED] - if (otp[i] == "2"): null

2020-08-17 17:00:24 - [TEST_STEP][PASSED] - if (otp[i] == "3"): null

2020-08-17 17:00:24 - [TEST_STEP][PASSED] - if (otp[i] == "4"): Tapped on element 'Object Repository/Maya/login again/Spy - 4'

2020-08-17 17:00:24 - [TEST_STEP][PASSED] - delay(1, STOP_ON_FAILURE): Delayed 1 second(s)

2020-08-17 17:00:25 - [MESSAGE][PASSED] - Delayed 1 second(s)

2020-08-17 17:00:25 - [TEST_STEP][PASSED] - tap(findTestObject("Maya/login again/Spy - 4"), 0): Tapped on element 'Object Repository/Maya/login again/Spy - 4'

2020-08-17 17:00:25 - [MESSAGE][WARNING] - Timeout '0' is invalid. Using default page load timeout: '10'

2020-08-17 17:00:27 - [MESSAGE][PASSED] - Tapped on element 'Object Repository/Maya/login again/Spy - 4'

2020-08-17 17:00:27 - [TEST_STEP][PASSED] - if (otp[i] == "5"): null

2020-08-17 17:00:27 - [TEST_STEP][PASSED] - if (otp[i] == "6"): null

2020-08-17 17:00:27 - [TEST_STEP][PASSED] - if (otp[i] == "7"): null

2020-08-17 17:00:27 - [TEST_STEP][PASSED] - if (otp[i] == "8"): null

2020-08-17 17:00:27 - [TEST_STEP][PASSED] - if (otp[i] == "9"): null

2020-08-17 17:00:27 - [TEST_STEP][PASSED] - delay(8, STOP_ON_FAILURE): Delayed 8 second(s)

2020-08-17 17:00:35 - [MESSAGE][PASSED] - Delayed 8 second(s)

2020-08-17 17:00:35 - [TEST_STEP][PASSED] - tap(findTestObject("Maya/Forgot Pin/android.widget.ImageView0 (7)"), 0): Tapped on element 'Object Repository/Maya/Forgot Pin/android.widget.ImageView0 (7)'

2020-08-17 17:00:35 - [MESSAGE][WARNING] - Timeout '0' is invalid. Using default page load timeout: '10'

2020-08-17 17:00:36 - [MESSAGE][PASSED] - Tapped on element 'Object Repository/Maya/Forgot Pin/android.widget.ImageView0 (7)'

2020-08-17 17:00:36 - [TEST_STEP][PASSED] - getText(findTestObject("Maya/Nric Proxy Army/android.widget.TextView0 - Youve successfully linked your account to DuitNow (1)"), 0): Text of element 'Object Repository/Maya/Nric Proxy Army/android.widget.TextView0 - Youve successfully linked your account to DuitNow (1)' is: 'You’ve successfully linked your account to DuitNow'

2020-08-17 17:00:36 - [MESSAGE][WARNING] - Timeout '0' is invalid. Using default page load timeout: '10'

2020-08-17 17:00:39 - [MESSAGE][PASSED] - Text of element 'Object Repository/Maya/Nric Proxy Army/android.widget.TextView0 - Youve successfully linked your account to DuitNow (1)' is: 'You’ve successfully linked your account to DuitNow'

2020-08-17 17:00:39 - [TEST_STEP][PASSED] - getText(findTestObject("Maya/Nric Proxy Army/android.widget.TextView0 - Your Account"), 0): Text of element 'Object Repository/Maya/Nric Proxy Army/android.widget.TextView0 - Your Account' is: 'Your Account'

2020-08-17 17:00:39 - [MESSAGE][WARNING] - Timeout '0' is invalid. Using default page load timeout: '10'

2020-08-17 17:00:39 - [MESSAGE][PASSED] - Text of element 'Object Repository/Maya/Nric Proxy Army/android.widget.TextView0 - Your Account' is: 'Your Account'

2020-08-17 17:00:39 - [TEST_STEP][FAILED] - getText(findTestObject("Maya/Nric Proxy Army/android.widget.TextView0 - NRIC Number (2)"), 0): Object Object Repository/Maya/Nric Proxy Army/android.widget.TextView0 - NRIC Number (2) not found

2020-08-17 17:00:39 - [MESSAGE][WARNING] - Timeout '0' is invalid. Using default page load timeout: '10'

2020-08-17 17:00:51 - [MESSAGE][FAILED] - Object Object Repository/Maya/Nric Proxy Army/android.widget.TextView0 - NRIC Number (2) not found
[[ATTACHMENT|C:\\Users\\LENOVO\\Git_new\\Maya\\Reports\\20200817_165733\\Maya UAT\\UAT Test Suite\\20200817_165733\\1597654849678.png]]

2020-08-17 17:00:51 - [TEST_STEP][PASSED] - tap(findTestObject("Maya/Nric Proxy Army/android.widget.TextView0 - Done (1)"), 0): Tapped on element 'Object Repository/Maya/Nric Proxy Army/android.widget.TextView0 - Done (1)'

2020-08-17 17:00:51 - [MESSAGE][WARNING] - Timeout '0' is invalid. Using default page load timeout: '10'

2020-08-17 17:00:53 - [MESSAGE][PASSED] - Tapped on element 'Object Repository/Maya/Nric Proxy Army/android.widget.TextView0 - Done (1)'

2020-08-17 17:00:53 - [TEST_STEP][PASSED] - tap(findTestObject("Maya/Nric Proxy Army/android.widget.TextView0 - DuitNow (1)"), 0): Tapped on element 'Object Repository/Maya/Nric Proxy Army/android.widget.TextView0 - DuitNow (1)'

2020-08-17 17:00:53 - [MESSAGE][WARNING] - Timeout '0' is invalid. Using default page load timeout: '10'

2020-08-17 17:00:54 - [MESSAGE][PASSED] - Tapped on element 'Object Repository/Maya/Nric Proxy Army/android.widget.TextView0 - DuitNow (1)'

2020-08-17 17:00:54 - [TEST_STEP][PASSED] - tap(findTestObject("Maya/Nric Proxy Army/android.widget.TextView0 - ID Number"), 0): Tapped on element 'Object Repository/Maya/Nric Proxy Army/android.widget.TextView0 - ID Number'

2020-08-17 17:00:54 - [MESSAGE][WARNING] - Timeout '0' is invalid. Using default page load timeout: '10'

2020-08-17 17:00:57 - [MESSAGE][PASSED] - Tapped on element 'Object Repository/Maya/Nric Proxy Army/android.widget.TextView0 - ID Number'

2020-08-17 17:00:57 - [TEST_STEP][PASSED] - tap(findTestObject("Maya/Nric Proxy Army/android.widget.TextView0 - Disable Temporarily (1)"), 0): Tapped on element 'Object Repository/Maya/Nric Proxy Army/android.widget.TextView0 - Disable Temporarily (1)'

2020-08-17 17:00:57 - [MESSAGE][WARNING] - Timeout '0' is invalid. Using default page load timeout: '10'

2020-08-17 17:00:59 - [MESSAGE][PASSED] - Tapped on element 'Object Repository/Maya/Nric Proxy Army/android.widget.TextView0 - Disable Temporarily (1)'

2020-08-17 17:00:59 - [TEST_STEP][PASSED] - tap(findTestObject("Maya/Nric Proxy Army/android.widget.TextView0 - Confirm (3)"), 0): Tapped on element 'Object Repository/Maya/Nric Proxy Army/android.widget.TextView0 - Confirm (3)'

2020-08-17 17:00:59 - [MESSAGE][WARNING] - Timeout '0' is invalid. Using default page load timeout: '10'

2020-08-17 17:01:00 - [MESSAGE][PASSED] - Tapped on element 'Object Repository/Maya/Nric Proxy Army/android.widget.TextView0 - Confirm (3)'

2020-08-17 17:01:00 - [TEST_STEP][PASSED] - tap(findTestObject("Maya/Nric Proxy Army/android.widget.TextView0 - Confirm (2)"), 0): Tapped on element 'Object Repository/Maya/Nric Proxy Army/android.widget.TextView0 - Confirm (2)'

2020-08-17 17:01:00 - [MESSAGE][WARNING] - Timeout '0' is invalid. Using default page load timeout: '10'

2020-08-17 17:01:02 - [MESSAGE][PASSED] - Tapped on element 'Object Repository/Maya/Nric Proxy Army/android.widget.TextView0 - Confirm (2)'

2020-08-17 17:01:02 - [TEST_STEP][PASSED] - otpM = getText(findTestObject("Maya/Third Party CA account/android.widget.TextView0 - Your OTP no. is 460943"), 0): Text of element 'Object Repository/Maya/Third Party CA account/android.widget.TextView0 - Your OTP no. is 460943' is: 'Your OTP no. is 151947'

2020-08-17 17:01:02 - [MESSAGE][WARNING] - Timeout '0' is invalid. Using default page load timeout: '10'

2020-08-17 17:01:04 - [MESSAGE][PASSED] - Text of element 'Object Repository/Maya/Third Party CA account/android.widget.TextView0 - Your OTP no. is 460943' is: 'Your OTP no. is 151947'

2020-08-17 17:01:04 - [TEST_STEP][PASSED] - delay(2): Delayed 2 second(s)

2020-08-17 17:01:06 - [MESSAGE][PASSED] - Delayed 2 second(s)

2020-08-17 17:01:06 - [TEST_STEP][PASSED] - for ([i = 16, i <= 21, (i++)]): null

2020-08-17 17:01:06 - [TEST_STEP][PASSED] - delay(3, STOP_ON_FAILURE): Delayed 3 second(s)

2020-08-17 17:01:09 - [MESSAGE][PASSED] - Delayed 3 second(s)

2020-08-17 17:01:09 - [TEST_STEP][PASSED] - if (otpM[i] == "0"): null

2020-08-17 17:01:09 - [TEST_STEP][PASSED] - if (otpM[i] == "1"): Tapped on element 'Object Repository/Maya/login again/Spy - 1'

2020-08-17 17:01:09 - [TEST_STEP][PASSED] - delay(1, STOP_ON_FAILURE): Delayed 1 second(s)

2020-08-17 17:01:10 - [MESSAGE][PASSED] - Delayed 1 second(s)

2020-08-17 17:01:10 - [TEST_STEP][PASSED] - tap(findTestObject("Maya/login again/Spy - 1"), 0): Tapped on element 'Object Repository/Maya/login again/Spy - 1'

2020-08-17 17:01:10 - [MESSAGE][WARNING] - Timeout '0' is invalid. Using default page load timeout: '10'

2020-08-17 17:01:13 - [MESSAGE][PASSED] - Tapped on element 'Object Repository/Maya/login again/Spy - 1'

2020-08-17 17:01:13 - [TEST_STEP][PASSED] - if (otpM[i] == "2"): null

2020-08-17 17:01:13 - [TEST_STEP][PASSED] - if (otpM[i] == "3"): null

2020-08-17 17:01:13 - [TEST_STEP][PASSED] - if (otpM[i] == "4"): null

2020-08-17 17:01:13 - [TEST_STEP][PASSED] - if (otpM[i] == "5"): null

2020-08-17 17:01:13 - [TEST_STEP][PASSED] - if (otpM[i] == "6"): null

2020-08-17 17:01:13 - [TEST_STEP][PASSED] - if (otpM[i] == "7"): null

2020-08-17 17:01:13 - [TEST_STEP][PASSED] - if (otpM[i] == "8"): null

2020-08-17 17:01:13 - [TEST_STEP][PASSED] - if (otpM[i] == "9"): null

2020-08-17 17:01:13 - [TEST_STEP][PASSED] - delay(3, STOP_ON_FAILURE): Delayed 3 second(s)

2020-08-17 17:01:16 - [MESSAGE][PASSED] - Delayed 3 second(s)

2020-08-17 17:01:16 - [TEST_STEP][PASSED] - if (otpM[i] == "0"): null

2020-08-17 17:01:16 - [TEST_STEP][PASSED] - if (otpM[i] == "1"): null

2020-08-17 17:01:16 - [TEST_STEP][PASSED] - if (otpM[i] == "2"): null

2020-08-17 17:01:16 - [TEST_STEP][PASSED] - if (otpM[i] == "3"): null

2020-08-17 17:01:16 - [TEST_STEP][PASSED] - if (otpM[i] == "4"): null

2020-08-17 17:01:16 - [TEST_STEP][PASSED] - if (otpM[i] == "5"): Tapped on element 'Object Repository/Maya/login again/Spy- 5'

2020-08-17 17:01:16 - [TEST_STEP][PASSED] - delay(1, STOP_ON_FAILURE): Delayed 1 second(s)

2020-08-17 17:01:17 - [MESSAGE][PASSED] - Delayed 1 second(s)

2020-08-17 17:01:17 - [TEST_STEP][PASSED] - tap(findTestObject("Maya/login again/Spy- 5"), 0): Tapped on element 'Object Repository/Maya/login again/Spy- 5'

2020-08-17 17:01:17 - [MESSAGE][WARNING] - Timeout '0' is invalid. Using default page load timeout: '10'

2020-08-17 17:01:19 - [MESSAGE][PASSED] - Tapped on element 'Object Repository/Maya/login again/Spy- 5'

2020-08-17 17:01:19 - [TEST_STEP][PASSED] - if (otpM[i] == "6"): null

2020-08-17 17:01:19 - [TEST_STEP][PASSED] - if (otpM[i] == "7"): null

2020-08-17 17:01:19 - [TEST_STEP][PASSED] - if (otpM[i] == "8"): null

2020-08-17 17:01:19 - [TEST_STEP][PASSED] - if (otpM[i] == "9"): null

2020-08-17 17:01:19 - [TEST_STEP][PASSED] - delay(3, STOP_ON_FAILURE): Delayed 3 second(s)

2020-08-17 17:01:22 - [MESSAGE][PASSED] - Delayed 3 second(s)

2020-08-17 17:01:22 - [TEST_STEP][PASSED] - if (otpM[i] == "0"): null

2020-08-17 17:01:22 - [TEST_STEP][PASSED] - if (otpM[i] == "1"): Tapped on element 'Object Repository/Maya/login again/Spy - 1'

2020-08-17 17:01:22 - [TEST_STEP][PASSED] - delay(1, STOP_ON_FAILURE): Delayed 1 second(s)

2020-08-17 17:01:23 - [MESSAGE][PASSED] - Delayed 1 second(s)

2020-08-17 17:01:23 - [TEST_STEP][PASSED] - tap(findTestObject("Maya/login again/Spy - 1"), 0): Tapped on element 'Object Repository/Maya/login again/Spy - 1'

2020-08-17 17:01:23 - [MESSAGE][WARNING] - Timeout '0' is invalid. Using default page load timeout: '10'

2020-08-17 17:01:25 - [MESSAGE][PASSED] - Tapped on element 'Object Repository/Maya/login again/Spy - 1'

2020-08-17 17:01:25 - [TEST_STEP][PASSED] - if (otpM[i] == "2"): null

2020-08-17 17:01:25 - [TEST_STEP][PASSED] - if (otpM[i] == "3"): null

2020-08-17 17:01:25 - [TEST_STEP][PASSED] - if (otpM[i] == "4"): null

2020-08-17 17:01:25 - [TEST_STEP][PASSED] - if (otpM[i] == "5"): null

2020-08-17 17:01:25 - [TEST_STEP][PASSED] - if (otpM[i] == "6"): null

2020-08-17 17:01:25 - [TEST_STEP][PASSED] - if (otpM[i] == "7"): null

2020-08-17 17:01:25 - [TEST_STEP][PASSED] - if (otpM[i] == "8"): null

2020-08-17 17:01:25 - [TEST_STEP][PASSED] - if (otpM[i] == "9"): null

2020-08-17 17:01:25 - [TEST_STEP][PASSED] - delay(3, STOP_ON_FAILURE): Delayed 3 second(s)

2020-08-17 17:01:28 - [MESSAGE][PASSED] - Delayed 3 second(s)

2020-08-17 17:01:28 - [TEST_STEP][PASSED] - if (otpM[i] == "0"): null

2020-08-17 17:01:28 - [TEST_STEP][PASSED] - if (otpM[i] == "1"): null

2020-08-17 17:01:28 - [TEST_STEP][PASSED] - if (otpM[i] == "2"): null

2020-08-17 17:01:28 - [TEST_STEP][PASSED] - if (otpM[i] == "3"): null

2020-08-17 17:01:28 - [TEST_STEP][PASSED] - if (otpM[i] == "4"): null

2020-08-17 17:01:28 - [TEST_STEP][PASSED] - if (otpM[i] == "5"): null

2020-08-17 17:01:28 - [TEST_STEP][PASSED] - if (otpM[i] == "6"): null

2020-08-17 17:01:28 - [TEST_STEP][PASSED] - if (otpM[i] == "7"): null

2020-08-17 17:01:28 - [TEST_STEP][PASSED] - if (otpM[i] == "8"): null

2020-08-17 17:01:28 - [TEST_STEP][PASSED] - if (otpM[i] == "9"): Tapped on element 'Object Repository/Maya/login again/Spy- 9'

2020-08-17 17:01:28 - [TEST_STEP][PASSED] - delay(1, STOP_ON_FAILURE): Delayed 1 second(s)

2020-08-17 17:01:29 - [MESSAGE][PASSED] - Delayed 1 second(s)

2020-08-17 17:01:29 - [TEST_STEP][PASSED] - tap(findTestObject("Maya/login again/Spy- 9"), 0): Tapped on element 'Object Repository/Maya/login again/Spy- 9'

2020-08-17 17:01:29 - [MESSAGE][WARNING] - Timeout '0' is invalid. Using default page load timeout: '10'

2020-08-17 17:01:31 - [MESSAGE][PASSED] - Tapped on element 'Object Repository/Maya/login again/Spy- 9'

2020-08-17 17:01:31 - [TEST_STEP][PASSED] - delay(3, STOP_ON_FAILURE): Delayed 3 second(s)

2020-08-17 17:01:34 - [MESSAGE][PASSED] - Delayed 3 second(s)

2020-08-17 17:01:34 - [TEST_STEP][PASSED] - if (otpM[i] == "0"): null

2020-08-17 17:01:34 - [TEST_STEP][PASSED] - if (otpM[i] == "1"): null

2020-08-17 17:01:34 - [TEST_STEP][PASSED] - if (otpM[i] == "2"): null

2020-08-17 17:01:34 - [TEST_STEP][PASSED] - if (otpM[i] == "3"): null

2020-08-17 17:01:34 - [TEST_STEP][PASSED] - if (otpM[i] == "4"): Tapped on element 'Object Repository/Maya/login again/Spy - 4'

2020-08-17 17:01:34 - [TEST_STEP][PASSED] - delay(1, STOP_ON_FAILURE): Delayed 1 second(s)

2020-08-17 17:01:35 - [MESSAGE][PASSED] - Delayed 1 second(s)

2020-08-17 17:01:35 - [TEST_STEP][PASSED] - tap(findTestObject("Maya/login again/Spy - 4"), 0): Tapped on element 'Object Repository/Maya/login again/Spy - 4'

2020-08-17 17:01:35 - [MESSAGE][WARNING] - Timeout '0' is invalid. Using default page load timeout: '10'

2020-08-17 17:01:37 - [MESSAGE][PASSED] - Tapped on element 'Object Repository/Maya/login again/Spy - 4'

2020-08-17 17:01:37 - [TEST_STEP][PASSED] - if (otpM[i] == "5"): null

2020-08-17 17:01:37 - [TEST_STEP][PASSED] - if (otpM[i] == "6"): null

2020-08-17 17:01:37 - [TEST_STEP][PASSED] - if (otpM[i] == "7"): null

2020-08-17 17:01:37 - [TEST_STEP][PASSED] - if (otpM[i] == "8"): null

2020-08-17 17:01:37 - [TEST_STEP][PASSED] - if (otpM[i] == "9"): null

2020-08-17 17:01:37 - [TEST_STEP][PASSED] - delay(3, STOP_ON_FAILURE): Delayed 3 second(s)

2020-08-17 17:01:40 - [MESSAGE][PASSED] - Delayed 3 second(s)

2020-08-17 17:01:40 - [TEST_STEP][PASSED] - if (otpM[i] == "0"): null

2020-08-17 17:01:40 - [TEST_STEP][PASSED] - if (otpM[i] == "1"): null

2020-08-17 17:01:40 - [TEST_STEP][PASSED] - if (otpM[i] == "2"): null

2020-08-17 17:01:40 - [TEST_STEP][PASSED] - if (otpM[i] == "3"): null

2020-08-17 17:01:40 - [TEST_STEP][PASSED] - if (otpM[i] == "4"): null

2020-08-17 17:01:40 - [TEST_STEP][PASSED] - if (otpM[i] == "5"): null

2020-08-17 17:01:40 - [TEST_STEP][PASSED] - if (otpM[i] == "6"): null

2020-08-17 17:01:40 - [TEST_STEP][PASSED] - if (otpM[i] == "7"): Tapped on element 'Object Repository/Maya/login again/Spy - 7'

2020-08-17 17:01:40 - [TEST_STEP][PASSED] - delay(1, STOP_ON_FAILURE): Delayed 1 second(s)

2020-08-17 17:01:41 - [MESSAGE][PASSED] - Delayed 1 second(s)

2020-08-17 17:01:41 - [TEST_STEP][PASSED] - tap(findTestObject("Maya/login again/Spy - 7"), 0): Tapped on element 'Object Repository/Maya/login again/Spy - 7'

2020-08-17 17:01:41 - [MESSAGE][WARNING] - Timeout '0' is invalid. Using default page load timeout: '10'

2020-08-17 17:01:43 - [MESSAGE][PASSED] - Tapped on element 'Object Repository/Maya/login again/Spy - 7'

2020-08-17 17:01:43 - [TEST_STEP][PASSED] - if (otpM[i] == "8"): null

2020-08-17 17:01:43 - [TEST_STEP][PASSED] - if (otpM[i] == "9"): null

2020-08-17 17:01:43 - [TEST_STEP][PASSED] - delay(8, STOP_ON_FAILURE): Delayed 8 second(s)

2020-08-17 17:01:51 - [MESSAGE][PASSED] - Delayed 8 second(s)

2020-08-17 17:01:51 - [TEST_STEP][PASSED] - tap(findTestObject("Maya/Forgot Pin/android.widget.ImageView0 (7)"), 0): Tapped on element 'Object Repository/Maya/Forgot Pin/android.widget.ImageView0 (7)'

2020-08-17 17:01:51 - [MESSAGE][WARNING] - Timeout '0' is invalid. Using default page load timeout: '10'

2020-08-17 17:01:52 - [MESSAGE][PASSED] - Tapped on element 'Object Repository/Maya/Forgot Pin/android.widget.ImageView0 (7)'

2020-08-17 17:01:52 - [TEST_STEP][PASSED] - verifyElementExist(findTestObject("Maya/RegisterDuitNow/android.widget.TextView0 - DuitNow successfully disabled."), 0): Element 'Object Repository/Maya/RegisterDuitNow/android.widget.TextView0 - DuitNow successfully disabled.' is exist

2020-08-17 17:01:52 - [MESSAGE][WARNING] - Timeout '0' is invalid. Using default page load timeout: '10'

2020-08-17 17:01:55 - [MESSAGE][PASSED] - Element 'Object Repository/Maya/RegisterDuitNow/android.widget.TextView0 - DuitNow successfully disabled.' is exist

2020-08-17 17:01:55 - [TEST_STEP][PASSED] - tap(findTestObject("Maya/RegisterDuitNow/android.widget.TextView0 - DuitNow (6)"), 0): Tapped on element 'Object Repository/Maya/RegisterDuitNow/android.widget.TextView0 - DuitNow (6)'

2020-08-17 17:01:55 - [MESSAGE][WARNING] - Timeout '0' is invalid. Using default page load timeout: '10'

2020-08-17 17:01:57 - [MESSAGE][PASSED] - Tapped on element 'Object Repository/Maya/RegisterDuitNow/android.widget.TextView0 - DuitNow (6)'

2020-08-17 17:01:57 - [TEST_STEP][PASSED] - getText(findTestObject("Maya/RegisterDuitNow/android.widget.TextView0 - Link your Maybank account to an ID for DuitNow (1)"), 0): Text of element 'Object Repository/Maya/RegisterDuitNow/android.widget.TextView0 - Link your Maybank account to an ID for DuitNow (1)' is: 'Link your Maybank account to an ID for DuitNow'

2020-08-17 17:01:57 - [MESSAGE][WARNING] - Timeout '0' is invalid. Using default page load timeout: '10'

2020-08-17 17:01:57 - [MESSAGE][PASSED] - Text of element 'Object Repository/Maya/RegisterDuitNow/android.widget.TextView0 - Link your Maybank account to an ID for DuitNow (1)' is: 'Link your Maybank account to an ID for DuitNow'

2020-08-17 17:01:57 - [TEST_STEP][PASSED] - verifyElementExist(findTestObject("Maya/RegisterDuitNow/android.widget.TextView0 - Link your Maybank account to an ID for DuitNow (1)"), 0): Element 'Object Repository/Maya/RegisterDuitNow/android.widget.TextView0 - Link your Maybank account to an ID for DuitNow (1)' is exist

2020-08-17 17:01:57 - [MESSAGE][WARNING] - Timeout '0' is invalid. Using default page load timeout: '10'

2020-08-17 17:01:58 - [MESSAGE][PASSED] - Element 'Object Repository/Maya/RegisterDuitNow/android.widget.TextView0 - Link your Maybank account to an ID for DuitNow (1)' is exist

2020-08-17 17:01:58 - [TEST_STEP][PASSED] - delay(2, STOP_ON_FAILURE): Delayed 2 second(s)

2020-08-17 17:02:00 - [MESSAGE][PASSED] - Delayed 2 second(s)

2020-08-17 17:02:00 - [TEST_STEP][PASSED] - takeScreenshot("C:\Users\LENOVO\Screenshot\DuitNowProxy\Screen13.png", CONTINUE_ON_FAILURE): Screenshot is taken

2020-08-17 17:02:02 - [MESSAGE][PASSED] - Screenshot is taken
[[ATTACHMENT|C:\\Users\\LENOVO\\Screenshot\\DuitNowProxy\\Screen13.png]]

2020-08-17 17:02:02 - [TEST_STEP][PASSED] - tap(findTestObject("Maya/Nric Proxy Army/android.widget.TextView0 - ID Number"), 0): Tapped on element 'Object Repository/Maya/Nric Proxy Army/android.widget.TextView0 - ID Number'

2020-08-17 17:02:02 - [MESSAGE][WARNING] - Timeout '0' is invalid. Using default page load timeout: '10'

2020-08-17 17:02:03 - [MESSAGE][PASSED] - Tapped on element 'Object Repository/Maya/Nric Proxy Army/android.widget.TextView0 - ID Number'

2020-08-17 17:02:03 - [TEST_STEP][PASSED] - getText(findTestObject("Maya/Nric Proxy Army/android.widget.TextView0 - INACTIVE (1)"), 0): Text of element 'Object Repository/Maya/Nric Proxy Army/android.widget.TextView0 - INACTIVE (1)' is: 'INACTIVE'

2020-08-17 17:02:03 - [MESSAGE][WARNING] - Timeout '0' is invalid. Using default page load timeout: '10'

2020-08-17 17:02:03 - [MESSAGE][PASSED] - Text of element 'Object Repository/Maya/Nric Proxy Army/android.widget.TextView0 - INACTIVE (1)' is: 'INACTIVE'

2020-08-17 17:02:03 - [TEST_STEP][FAILED] - tap(findTestObject("Maya/Nric Proxy Army/android.widget.TextView0 - Enable"), 0): Failed to tap on element 'Object Repository/Maya/Nric Proxy Army/android.widget.TextView0 - Enable' (Root cause: org.openqa.selenium.WebDriverException: An unknown server-side error occurred while processing the command. Original error: Could not proxy command to remote server. Original error: Error: socket hang up
Build info: version: '3.141.59', revision: 'e82be7d358', time: '2018-11-14T08:25:53'
System info: host: 'DESKTOP-CP3TV4N', ip: '192.168.0.102', os.name: 'Windows 10', os.arch: 'amd64', os.version: '10.0', java.version: '1.8.0_181'
Driver info: com.kms.katalon.core.appium.driver.SwipeableAndroidDriver
Capabilities {app: C:\Users\LENOVO\Katalon Stu..., appPackage: com.maybank2u.life.uat, appWaitActivity: *, appWaitDuration: 50000, appWaitPackage: com.maybank2u.life.uat, autoGrantPermissions: true, automationName: uiautomator2, databaseEnabled: false, desired: {app: C:\Users\LENOVO\Katalon Stu..., appWaitActivity: *, appWaitDuration: 50000, appWaitPackage: com.maybank2u.life.uat, autoGrantPermissions: true, automationName: uiautomator2, deviceId: 11cb9864, deviceName: Xiaomi Redmi Note 7S (Andro..., fullReset: false, newCommandTimeout: 1800, noReset: true, platform: ANDROID, platformName: android, platformVersion: 9, systemPort: 60598, udid: 11cb9864}, deviceApiLevel: 28, deviceId: 11cb9864, deviceManufacturer: Xiaomi, deviceModel: Redmi Note 7S, deviceName: 11cb9864, deviceScreenDensity: 440, deviceScreenSize: 1080x2340, deviceUDID: 11cb9864, fullReset: false, javascriptEnabled: true, locationContextEnabled: false, networkConnectionEnabled: true, newCommandTimeout: 1800, noReset: true, pixelRatio: 2.75, platform: ANDROID, platformName: Android, platformVersion: 9, statBarHeight: 80, systemPort: 60598, takesScreenshot: true, udid: 11cb9864, viewportRect: {height: 2051, left: 0, top: 80, width: 1080}, warnings: {}, webStorageEnabled: false}
Session ID: f0070dfe-3036-4dc1-85da-edb43c9fd19f
	at org.openqa.selenium.remote.http.W3CHttpResponseCodec.createException(W3CHttpResponseCodec.java:187)
	at org.openqa.selenium.remote.http.W3CHttpResponseCodec.decode(W3CHttpResponseCodec.java:122)
	at org.openqa.selenium.remote.http.W3CHttpResponseCodec.decode(W3CHttpResponseCodec.java:49)
	at org.openqa.selenium.remote.HttpCommandExecutor.execute(HttpCommandExecutor.java:158)
	at io.appium.java_client.remote.AppiumCommandExecutor.execute(AppiumCommandExecutor.java:239)
	at org.openqa.selenium.remote.RemoteWebDriver.execute(RemoteWebDriver.java:552)
	at io.appium.java_client.DefaultGenericMobileDriver.execute(DefaultGenericMobileDriver.java:42)
	at io.appium.java_client.AppiumDriver.execute(AppiumDriver.java:1)
	at io.appium.java_client.android.AndroidDriver.execute(AndroidDriver.java:1)
	at com.kms.katalon.core.appium.driver.SwipeableAndroidDriver.execute(SwipeableAndroidDriver.java:1)
	at io.appium.java_client.PerformsTouchActions.performTouchAction(PerformsTouchActions.java:41)
	at io.appium.java_client.TouchAction.perform(TouchAction.java:187)
	at com.kms.katalon.core.mobile.keyword.builtin.TapKeyword$_tap_closure1.doCall(TapKeyword.groovy:84)
	at com.kms.katalon.core.mobile.keyword.builtin.TapKeyword$_tap_closure1.call(TapKeyword.groovy)
	at com.kms.katalon.core.mobile.keyword.internal.MobileKeywordMain.runKeyword(MobileKeywordMain.groovy:21)
	at com.kms.katalon.core.mobile.keyword.builtin.TapKeyword.tap(TapKeyword.groovy:86)
	at com.kms.katalon.core.mobile.keyword.builtin.TapKeyword.execute(TapKeyword.groovy:68)
	at com.kms.katalon.core.keyword.internal.KeywordExecutor.executeKeywordForPlatform(KeywordExecutor.groovy:72)
	at com.kms.katalon.core.mobile.keyword.MobileBuiltInKeywords.tap(MobileBuiltInKeywords.groovy:577)
	at com.kms.katalon.core.mobile.keyword.MobileBuiltInKeywords$tap$2.call(Unknown Source)
	at DuiTNow Army Proxy.run(DuiTNow Army Proxy:447)
	at com.kms.katalon.core.main.ScriptEngine.run(ScriptEngine.java:194)
	at com.kms.katalon.core.main.ScriptEngine.runScriptAsRawText(ScriptEngine.java:119)
	at com.kms.katalon.core.main.TestCaseExecutor.runScript(TestCaseExecutor.java:337)
	at com.kms.katalon.core.main.TestCaseExecutor.doExecute(TestCaseExecutor.java:328)
	at com.kms.katalon.core.main.TestCaseExecutor.processExecutionPhase(TestCaseExecutor.java:307)
	at com.kms.katalon.core.main.TestCaseExecutor.accessMainPhase(TestCaseExecutor.java:299)
	at com.kms.katalon.core.main.TestCaseExecutor.execute(TestCaseExecutor.java:233)
	at com.kms.katalon.core.main.TestSuiteExecutor.accessTestCaseMainPhase(TestSuiteExecutor.java:169)
	at com.kms.katalon.core.main.TestSuiteExecutor.accessTestSuiteMainPhase(TestSuiteExecutor.java:142)
	at com.kms.katalon.core.main.TestSuiteExecutor.execute(TestSuiteExecutor.java:91)
	at com.kms.katalon.core.main.TestCaseMain.startTestSuite(TestCaseMain.java:157)
	at com.kms.katalon.core.main.TestCaseMain$startTestSuite$0.call(Unknown Source)
	at TempTestSuite1597654653522.run(TempTestSuite1597654653522.groovy:36)
)

2020-08-17 17:02:03 - [MESSAGE][WARNING] - Timeout '0' is invalid. Using default page load timeout: '10'

2020-08-17 17:02:15 - [MESSAGE][WARNING] - Cannot take screenshot

2020-08-17 17:02:15 - [MESSAGE][FAILED] - Failed to tap on element 'Object Repository/Maya/Nric Proxy Army/android.widget.TextView0 - Enable' (Root cause: org.openqa.selenium.WebDriverException: An unknown server-side error occurred while processing the command. Original error: Could not proxy command to remote server. Original error: Error: socket hang up
Build info: version: '3.141.59', revision: 'e82be7d358', time: '2018-11-14T08:25:53'
System info: host: 'DESKTOP-CP3TV4N', ip: '192.168.0.102', os.name: 'Windows 10', os.arch: 'amd64', os.version: '10.0', java.version: '1.8.0_181'
Driver info: com.kms.katalon.core.appium.driver.SwipeableAndroidDriver
Capabilities {app: C:\Users\LENOVO\Katalon Stu..., appPackage: com.maybank2u.life.uat, appWaitActivity: *, appWaitDuration: 50000, appWaitPackage: com.maybank2u.life.uat, autoGrantPermissions: true, automationName: uiautomator2, databaseEnabled: false, desired: {app: C:\Users\LENOVO\Katalon Stu..., appWaitActivity: *, appWaitDuration: 50000, appWaitPackage: com.maybank2u.life.uat, autoGrantPermissions: true, automationName: uiautomator2, deviceId: 11cb9864, deviceName: Xiaomi Redmi Note 7S (Andro..., fullReset: false, newCommandTimeout: 1800, noReset: true, platform: ANDROID, platformName: android, platformVersion: 9, systemPort: 60598, udid: 11cb9864}, deviceApiLevel: 28, deviceId: 11cb9864, deviceManufacturer: Xiaomi, deviceModel: Redmi Note 7S, deviceName: 11cb9864, deviceScreenDensity: 440, deviceScreenSize: 1080x2340, deviceUDID: 11cb9864, fullReset: false, javascriptEnabled: true, locationContextEnabled: false, networkConnectionEnabled: true, newCommandTimeout: 1800, noReset: true, pixelRatio: 2.75, platform: ANDROID, platformName: Android, platformVersion: 9, statBarHeight: 80, systemPort: 60598, takesScreenshot: true, udid: 11cb9864, viewportRect: {height: 2051, left: 0, top: 80, width: 1080}, warnings: {}, webStorageEnabled: false}
Session ID: f0070dfe-3036-4dc1-85da-edb43c9fd19f
	at org.openqa.selenium.remote.http.W3CHttpResponseCodec.createException(W3CHttpResponseCodec.java:187)
	at org.openqa.selenium.remote.http.W3CHttpResponseCodec.decode(W3CHttpResponseCodec.java:122)
	at org.openqa.selenium.remote.http.W3CHttpResponseCodec.decode(W3CHttpResponseCodec.java:49)
	at org.openqa.selenium.remote.HttpCommandExecutor.execute(HttpCommandExecutor.java:158)
	at io.appium.java_client.remote.AppiumCommandExecutor.execute(AppiumCommandExecutor.java:239)
	at org.openqa.selenium.remote.RemoteWebDriver.execute(RemoteWebDriver.java:552)
	at io.appium.java_client.DefaultGenericMobileDriver.execute(DefaultGenericMobileDriver.java:42)
	at io.appium.java_client.AppiumDriver.execute(AppiumDriver.java:1)
	at io.appium.java_client.android.AndroidDriver.execute(AndroidDriver.java:1)
	at com.kms.katalon.core.appium.driver.SwipeableAndroidDriver.execute(SwipeableAndroidDriver.java:1)
	at io.appium.java_client.PerformsTouchActions.performTouchAction(PerformsTouchActions.java:41)
	at io.appium.java_client.TouchAction.perform(TouchAction.java:187)
	at com.kms.katalon.core.mobile.keyword.builtin.TapKeyword$_tap_closure1.doCall(TapKeyword.groovy:84)
	at com.kms.katalon.core.mobile.keyword.builtin.TapKeyword$_tap_closure1.call(TapKeyword.groovy)
	at com.kms.katalon.core.mobile.keyword.internal.MobileKeywordMain.runKeyword(MobileKeywordMain.groovy:21)
	at com.kms.katalon.core.mobile.keyword.builtin.TapKeyword.tap(TapKeyword.groovy:86)
	at com.kms.katalon.core.mobile.keyword.builtin.TapKeyword.execute(TapKeyword.groovy:68)
	at com.kms.katalon.core.keyword.internal.KeywordExecutor.executeKeywordForPlatform(KeywordExecutor.groovy:72)
	at com.kms.katalon.core.mobile.keyword.MobileBuiltInKeywords.tap(MobileBuiltInKeywords.groovy:577)
	at com.kms.katalon.core.mobile.keyword.MobileBuiltInKeywords$tap$2.call(Unknown Source)
	at DuiTNow Army Proxy.run(DuiTNow Army Proxy:447)
	at com.kms.katalon.core.main.ScriptEngine.run(ScriptEngine.java:194)
	at com.kms.katalon.core.main.ScriptEngine.runScriptAsRawText(ScriptEngine.java:119)
	at com.kms.katalon.core.main.TestCaseExecutor.runScript(TestCaseExecutor.java:337)
	at com.kms.katalon.core.main.TestCaseExecutor.doExecute(TestCaseExecutor.java:328)
	at com.kms.katalon.core.main.TestCaseExecutor.processExecutionPhase(TestCaseExecutor.java:307)
	at com.kms.katalon.core.main.TestCaseExecutor.accessMainPhase(TestCaseExecutor.java:299)
	at com.kms.katalon.core.main.TestCaseExecutor.execute(TestCaseExecutor.java:233)
	at com.kms.katalon.core.main.TestSuiteExecutor.accessTestCaseMainPhase(TestSuiteExecutor.java:169)
	at com.kms.katalon.core.main.TestSuiteExecutor.accessTestSuiteMainPhase(TestSuiteExecutor.java:142)
	at com.kms.katalon.core.main.TestSuiteExecutor.execute(TestSuiteExecutor.java:91)
	at com.kms.katalon.core.main.TestCaseMain.startTestSuite(TestCaseMain.java:157)
	at com.kms.katalon.core.main.TestCaseMain$startTestSuite$0.call(Unknown Source)
	at TempTestSuite1597654653522.run(TempTestSuite1597654653522.groovy:36)
)

2020-08-17 17:02:15 - [TEST_STEP][FAILED] - tap(findTestObject("Maya/Nric Proxy Army/android.widget.TextView0 - Confirm (2)"), 0): Failed to tap on element 'Object Repository/Maya/Nric Proxy Army/android.widget.TextView0 - Confirm (2)' (Root cause: org.openqa.selenium.WebDriverException: An unknown server-side error occurred while processing the command. Original error: Could not proxy command to remote server. Original error: Error: socket hang up
Build info: version: '3.141.59', revision: 'e82be7d358', time: '2018-11-14T08:25:53'
System info: host: 'DESKTOP-CP3TV4N', ip: '192.168.0.102', os.name: 'Windows 10', os.arch: 'amd64', os.version: '10.0', java.version: '1.8.0_181'
Driver info: com.kms.katalon.core.appium.driver.SwipeableAndroidDriver
Capabilities {app: C:\Users\LENOVO\Katalon Stu..., appPackage: com.maybank2u.life.uat, appWaitActivity: *, appWaitDuration: 50000, appWaitPackage: com.maybank2u.life.uat, autoGrantPermissions: true, automationName: uiautomator2, databaseEnabled: false, desired: {app: C:\Users\LENOVO\Katalon Stu..., appWaitActivity: *, appWaitDuration: 50000, appWaitPackage: com.maybank2u.life.uat, autoGrantPermissions: true, automationName: uiautomator2, deviceId: 11cb9864, deviceName: Xiaomi Redmi Note 7S (Andro..., fullReset: false, newCommandTimeout: 1800, noReset: true, platform: ANDROID, platformName: android, platformVersion: 9, systemPort: 60598, udid: 11cb9864}, deviceApiLevel: 28, deviceId: 11cb9864, deviceManufacturer: Xiaomi, deviceModel: Redmi Note 7S, deviceName: 11cb9864, deviceScreenDensity: 440, deviceScreenSize: 1080x2340, deviceUDID: 11cb9864, fullReset: false, javascriptEnabled: true, locationContextEnabled: false, networkConnectionEnabled: true, newCommandTimeout: 1800, noReset: true, pixelRatio: 2.75, platform: ANDROID, platformName: Android, platformVersion: 9, statBarHeight: 80, systemPort: 60598, takesScreenshot: true, udid: 11cb9864, viewportRect: {height: 2051, left: 0, top: 80, width: 1080}, warnings: {}, webStorageEnabled: false}
Session ID: f0070dfe-3036-4dc1-85da-edb43c9fd19f
	at org.openqa.selenium.remote.http.W3CHttpResponseCodec.createException(W3CHttpResponseCodec.java:187)
	at org.openqa.selenium.remote.http.W3CHttpResponseCodec.decode(W3CHttpResponseCodec.java:122)
	at org.openqa.selenium.remote.http.W3CHttpResponseCodec.decode(W3CHttpResponseCodec.java:49)
	at org.openqa.selenium.remote.HttpCommandExecutor.execute(HttpCommandExecutor.java:158)
	at io.appium.java_client.remote.AppiumCommandExecutor.execute(AppiumCommandExecutor.java:239)
	at org.openqa.selenium.remote.RemoteWebDriver.execute(RemoteWebDriver.java:552)
	at io.appium.java_client.DefaultGenericMobileDriver.execute(DefaultGenericMobileDriver.java:46)
	at io.appium.java_client.AppiumDriver.execute(AppiumDriver.java:1)
	at io.appium.java_client.android.AndroidDriver.execute(AndroidDriver.java:1)
	at com.kms.katalon.core.appium.driver.SwipeableAndroidDriver.execute(SwipeableAndroidDriver.java:1)
	at org.openqa.selenium.remote.RemoteWebDriver$RemoteWebDriverOptions$RemoteWindow.getSize(RemoteWebDriver.java:813)
	at org.openqa.selenium.WebDriver$Window$getSize.call(Unknown Source)
	at com.kms.katalon.core.mobile.keyword.internal.MobileAbstractKeyword.findElement(MobileAbstractKeyword.groovy:81)
	at com.kms.katalon.core.mobile.keyword.builtin.TapKeyword$_tap_closure1.doCall(TapKeyword.groovy:76)
	at com.kms.katalon.core.mobile.keyword.builtin.TapKeyword$_tap_closure1.call(TapKeyword.groovy)
	at com.kms.katalon.core.mobile.keyword.internal.MobileKeywordMain.runKeyword(MobileKeywordMain.groovy:21)
	at com.kms.katalon.core.mobile.keyword.builtin.TapKeyword.tap(TapKeyword.groovy:86)
	at com.kms.katalon.core.mobile.keyword.builtin.TapKeyword.execute(TapKeyword.groovy:68)
	at com.kms.katalon.core.keyword.internal.KeywordExecutor.executeKeywordForPlatform(KeywordExecutor.groovy:72)
	at com.kms.katalon.core.mobile.keyword.MobileBuiltInKeywords.tap(MobileBuiltInKeywords.groovy:577)
	at com.kms.katalon.core.mobile.keyword.MobileBuiltInKeywords$tap$2.call(Unknown Source)
	at DuiTNow Army Proxy.run(DuiTNow Army Proxy:449)
	at com.kms.katalon.core.main.ScriptEngine.run(ScriptEngine.java:194)
	at com.kms.katalon.core.main.ScriptEngine.runScriptAsRawText(ScriptEngine.java:119)
	at com.kms.katalon.core.main.TestCaseExecutor.runScript(TestCaseExecutor.java:337)
	at com.kms.katalon.core.main.TestCaseExecutor.doExecute(TestCaseExecutor.java:328)
	at com.kms.katalon.core.main.TestCaseExecutor.processExecutionPhase(TestCaseExecutor.java:307)
	at com.kms.katalon.core.main.TestCaseExecutor.accessMainPhase(TestCaseExecutor.java:299)
	at com.kms.katalon.core.main.TestCaseExecutor.execute(TestCaseExecutor.java:233)
	at com.kms.katalon.core.main.TestSuiteExecutor.accessTestCaseMainPhase(TestSuiteExecutor.java:169)
	at com.kms.katalon.core.main.TestSuiteExecutor.accessTestSuiteMainPhase(TestSuiteExecutor.java:142)
	at com.kms.katalon.core.main.TestSuiteExecutor.execute(TestSuiteExecutor.java:91)
	at com.kms.katalon.core.main.TestCaseMain.startTestSuite(TestCaseMain.java:157)
	at com.kms.katalon.core.main.TestCaseMain$startTestSuite$0.call(Unknown Source)
	at TempTestSuite1597654653522.run(TempTestSuite1597654653522.groovy:36)
)

2020-08-17 17:02:15 - [MESSAGE][WARNING] - Timeout '0' is invalid. Using default page load timeout: '10'

2020-08-17 17:02:15 - [MESSAGE][WARNING] - Cannot take screenshot

2020-08-17 17:02:15 - [MESSAGE][FAILED] - Failed to tap on element 'Object Repository/Maya/Nric Proxy Army/android.widget.TextView0 - Confirm (2)' (Root cause: org.openqa.selenium.WebDriverException: An unknown server-side error occurred while processing the command. Original error: Could not proxy command to remote server. Original error: Error: socket hang up
Build info: version: '3.141.59', revision: 'e82be7d358', time: '2018-11-14T08:25:53'
System info: host: 'DESKTOP-CP3TV4N', ip: '192.168.0.102', os.name: 'Windows 10', os.arch: 'amd64', os.version: '10.0', java.version: '1.8.0_181'
Driver info: com.kms.katalon.core.appium.driver.SwipeableAndroidDriver
Capabilities {app: C:\Users\LENOVO\Katalon Stu..., appPackage: com.maybank2u.life.uat, appWaitActivity: *, appWaitDuration: 50000, appWaitPackage: com.maybank2u.life.uat, autoGrantPermissions: true, automationName: uiautomator2, databaseEnabled: false, desired: {app: C:\Users\LENOVO\Katalon Stu..., appWaitActivity: *, appWaitDuration: 50000, appWaitPackage: com.maybank2u.life.uat, autoGrantPermissions: true, automationName: uiautomator2, deviceId: 11cb9864, deviceName: Xiaomi Redmi Note 7S (Andro..., fullReset: false, newCommandTimeout: 1800, noReset: true, platform: ANDROID, platformName: android, platformVersion: 9, systemPort: 60598, udid: 11cb9864}, deviceApiLevel: 28, deviceId: 11cb9864, deviceManufacturer: Xiaomi, deviceModel: Redmi Note 7S, deviceName: 11cb9864, deviceScreenDensity: 440, deviceScreenSize: 1080x2340, deviceUDID: 11cb9864, fullReset: false, javascriptEnabled: true, locationContextEnabled: false, networkConnectionEnabled: true, newCommandTimeout: 1800, noReset: true, pixelRatio: 2.75, platform: ANDROID, platformName: Android, platformVersion: 9, statBarHeight: 80, systemPort: 60598, takesScreenshot: true, udid: 11cb9864, viewportRect: {height: 2051, left: 0, top: 80, width: 1080}, warnings: {}, webStorageEnabled: false}
Session ID: f0070dfe-3036-4dc1-85da-edb43c9fd19f
	at org.openqa.selenium.remote.http.W3CHttpResponseCodec.createException(W3CHttpResponseCodec.java:187)
	at org.openqa.selenium.remote.http.W3CHttpResponseCodec.decode(W3CHttpResponseCodec.java:122)
	at org.openqa.selenium.remote.http.W3CHttpResponseCodec.decode(W3CHttpResponseCodec.java:49)
	at org.openqa.selenium.remote.HttpCommandExecutor.execute(HttpCommandExecutor.java:158)
	at io.appium.java_client.remote.AppiumCommandExecutor.execute(AppiumCommandExecutor.java:239)
	at org.openqa.selenium.remote.RemoteWebDriver.execute(RemoteWebDriver.java:552)
	at io.appium.java_client.DefaultGenericMobileDriver.execute(DefaultGenericMobileDriver.java:46)
	at io.appium.java_client.AppiumDriver.execute(AppiumDriver.java:1)
	at io.appium.java_client.android.AndroidDriver.execute(AndroidDriver.java:1)
	at com.kms.katalon.core.appium.driver.SwipeableAndroidDriver.execute(SwipeableAndroidDriver.java:1)
	at org.openqa.selenium.remote.RemoteWebDriver$RemoteWebDriverOptions$RemoteWindow.getSize(RemoteWebDriver.java:813)
	at org.openqa.selenium.WebDriver$Window$getSize.call(Unknown Source)
	at com.kms.katalon.core.mobile.keyword.internal.MobileAbstractKeyword.findElement(MobileAbstractKeyword.groovy:81)
	at com.kms.katalon.core.mobile.keyword.builtin.TapKeyword$_tap_closure1.doCall(TapKeyword.groovy:76)
	at com.kms.katalon.core.mobile.keyword.builtin.TapKeyword$_tap_closure1.call(TapKeyword.groovy)
	at com.kms.katalon.core.mobile.keyword.internal.MobileKeywordMain.runKeyword(MobileKeywordMain.groovy:21)
	at com.kms.katalon.core.mobile.keyword.builtin.TapKeyword.tap(TapKeyword.groovy:86)
	at com.kms.katalon.core.mobile.keyword.builtin.TapKeyword.execute(TapKeyword.groovy:68)
	at com.kms.katalon.core.keyword.internal.KeywordExecutor.executeKeywordForPlatform(KeywordExecutor.groovy:72)
	at com.kms.katalon.core.mobile.keyword.MobileBuiltInKeywords.tap(MobileBuiltInKeywords.groovy:577)
	at com.kms.katalon.core.mobile.keyword.MobileBuiltInKeywords$tap$2.call(Unknown Source)
	at DuiTNow Army Proxy.run(DuiTNow Army Proxy:449)
	at com.kms.katalon.core.main.ScriptEngine.run(ScriptEngine.java:194)
	at com.kms.katalon.core.main.ScriptEngine.runScriptAsRawText(ScriptEngine.java:119)
	at com.kms.katalon.core.main.TestCaseExecutor.runScript(TestCaseExecutor.java:337)
	at com.kms.katalon.core.main.TestCaseExecutor.doExecute(TestCaseExecutor.java:328)
	at com.kms.katalon.core.main.TestCaseExecutor.processExecutionPhase(TestCaseExecutor.java:307)
	at com.kms.katalon.core.main.TestCaseExecutor.accessMainPhase(TestCaseExecutor.java:299)
	at com.kms.katalon.core.main.TestCaseExecutor.execute(TestCaseExecutor.java:233)
	at com.kms.katalon.core.main.TestSuiteExecutor.accessTestCaseMainPhase(TestSuiteExecutor.java:169)
	at com.kms.katalon.core.main.TestSuiteExecutor.accessTestSuiteMainPhase(TestSuiteExecutor.java:142)
	at com.kms.katalon.core.main.TestSuiteExecutor.execute(TestSuiteExecutor.java:91)
	at com.kms.katalon.core.main.TestCaseMain.startTestSuite(TestCaseMain.java:157)
	at com.kms.katalon.core.main.TestCaseMain$startTestSuite$0.call(Unknown Source)
	at TempTestSuite1597654653522.run(TempTestSuite1597654653522.groovy:36)
)

2020-08-17 17:02:15 - [TEST_STEP][FAILED] - tap(findTestObject("Maya/Nric Proxy Army/android.widget.TextView0 - Confirm (2)"), 0): Failed to tap on element 'Object Repository/Maya/Nric Proxy Army/android.widget.TextView0 - Confirm (2)' (Root cause: org.openqa.selenium.WebDriverException: An unknown server-side error occurred while processing the command. Original error: Could not proxy command to remote server. Original error: Error: socket hang up
Build info: version: '3.141.59', revision: 'e82be7d358', time: '2018-11-14T08:25:53'
System info: host: 'DESKTOP-CP3TV4N', ip: '192.168.0.102', os.name: 'Windows 10', os.arch: 'amd64', os.version: '10.0', java.version: '1.8.0_181'
Driver info: com.kms.katalon.core.appium.driver.SwipeableAndroidDriver
Capabilities {app: C:\Users\LENOVO\Katalon Stu..., appPackage: com.maybank2u.life.uat, appWaitActivity: *, appWaitDuration: 50000, appWaitPackage: com.maybank2u.life.uat, autoGrantPermissions: true, automationName: uiautomator2, databaseEnabled: false, desired: {app: C:\Users\LENOVO\Katalon Stu..., appWaitActivity: *, appWaitDuration: 50000, appWaitPackage: com.maybank2u.life.uat, autoGrantPermissions: true, automationName: uiautomator2, deviceId: 11cb9864, deviceName: Xiaomi Redmi Note 7S (Andro..., fullReset: false, newCommandTimeout: 1800, noReset: true, platform: ANDROID, platformName: android, platformVersion: 9, systemPort: 60598, udid: 11cb9864}, deviceApiLevel: 28, deviceId: 11cb9864, deviceManufacturer: Xiaomi, deviceModel: Redmi Note 7S, deviceName: 11cb9864, deviceScreenDensity: 440, deviceScreenSize: 1080x2340, deviceUDID: 11cb9864, fullReset: false, javascriptEnabled: true, locationContextEnabled: false, networkConnectionEnabled: true, newCommandTimeout: 1800, noReset: true, pixelRatio: 2.75, platform: ANDROID, platformName: Android, platformVersion: 9, statBarHeight: 80, systemPort: 60598, takesScreenshot: true, udid: 11cb9864, viewportRect: {height: 2051, left: 0, top: 80, width: 1080}, warnings: {}, webStorageEnabled: false}
Session ID: f0070dfe-3036-4dc1-85da-edb43c9fd19f
	at org.openqa.selenium.remote.http.W3CHttpResponseCodec.createException(W3CHttpResponseCodec.java:187)
	at org.openqa.selenium.remote.http.W3CHttpResponseCodec.decode(W3CHttpResponseCodec.java:122)
	at org.openqa.selenium.remote.http.W3CHttpResponseCodec.decode(W3CHttpResponseCodec.java:49)
	at org.openqa.selenium.remote.HttpCommandExecutor.execute(HttpCommandExecutor.java:158)
	at io.appium.java_client.remote.AppiumCommandExecutor.execute(AppiumCommandExecutor.java:239)
	at org.openqa.selenium.remote.RemoteWebDriver.execute(RemoteWebDriver.java:552)
	at io.appium.java_client.DefaultGenericMobileDriver.execute(DefaultGenericMobileDriver.java:46)
	at io.appium.java_client.AppiumDriver.execute(AppiumDriver.java:1)
	at io.appium.java_client.android.AndroidDriver.execute(AndroidDriver.java:1)
	at com.kms.katalon.core.appium.driver.SwipeableAndroidDriver.execute(SwipeableAndroidDriver.java:1)
	at org.openqa.selenium.remote.RemoteWebDriver$RemoteWebDriverOptions$RemoteWindow.getSize(RemoteWebDriver.java:813)
	at org.openqa.selenium.WebDriver$Window$getSize.call(Unknown Source)
	at com.kms.katalon.core.mobile.keyword.internal.MobileAbstractKeyword.findElement(MobileAbstractKeyword.groovy:81)
	at com.kms.katalon.core.mobile.keyword.builtin.TapKeyword$_tap_closure1.doCall(TapKeyword.groovy:76)
	at com.kms.katalon.core.mobile.keyword.builtin.TapKeyword$_tap_closure1.call(TapKeyword.groovy)
	at com.kms.katalon.core.mobile.keyword.internal.MobileKeywordMain.runKeyword(MobileKeywordMain.groovy:21)
	at com.kms.katalon.core.mobile.keyword.builtin.TapKeyword.tap(TapKeyword.groovy:86)
	at com.kms.katalon.core.mobile.keyword.builtin.TapKeyword.execute(TapKeyword.groovy:68)
	at com.kms.katalon.core.keyword.internal.KeywordExecutor.executeKeywordForPlatform(KeywordExecutor.groovy:72)
	at com.kms.katalon.core.mobile.keyword.MobileBuiltInKeywords.tap(MobileBuiltInKeywords.groovy:577)
	at com.kms.katalon.core.mobile.keyword.MobileBuiltInKeywords$tap$2.call(Unknown Source)
	at DuiTNow Army Proxy.run(DuiTNow Army Proxy:451)
	at com.kms.katalon.core.main.ScriptEngine.run(ScriptEngine.java:194)
	at com.kms.katalon.core.main.ScriptEngine.runScriptAsRawText(ScriptEngine.java:119)
	at com.kms.katalon.core.main.TestCaseExecutor.runScript(TestCaseExecutor.java:337)
	at com.kms.katalon.core.main.TestCaseExecutor.doExecute(TestCaseExecutor.java:328)
	at com.kms.katalon.core.main.TestCaseExecutor.processExecutionPhase(TestCaseExecutor.java:307)
	at com.kms.katalon.core.main.TestCaseExecutor.accessMainPhase(TestCaseExecutor.java:299)
	at com.kms.katalon.core.main.TestCaseExecutor.execute(TestCaseExecutor.java:233)
	at com.kms.katalon.core.main.TestSuiteExecutor.accessTestCaseMainPhase(TestSuiteExecutor.java:169)
	at com.kms.katalon.core.main.TestSuiteExecutor.accessTestSuiteMainPhase(TestSuiteExecutor.java:142)
	at com.kms.katalon.core.main.TestSuiteExecutor.execute(TestSuiteExecutor.java:91)
	at com.kms.katalon.core.main.TestCaseMain.startTestSuite(TestCaseMain.java:157)
	at com.kms.katalon.core.main.TestCaseMain$startTestSuite$0.call(Unknown Source)
	at TempTestSuite1597654653522.run(TempTestSuite1597654653522.groovy:36)
)

2020-08-17 17:02:15 - [MESSAGE][WARNING] - Timeout '0' is invalid. Using default page load timeout: '10'

2020-08-17 17:02:15 - [MESSAGE][WARNING] - Cannot take screenshot

2020-08-17 17:02:15 - [MESSAGE][FAILED] - Failed to tap on element 'Object Repository/Maya/Nric Proxy Army/android.widget.TextView0 - Confirm (2)' (Root cause: org.openqa.selenium.WebDriverException: An unknown server-side error occurred while processing the command. Original error: Could not proxy command to remote server. Original error: Error: socket hang up
Build info: version: '3.141.59', revision: 'e82be7d358', time: '2018-11-14T08:25:53'
System info: host: 'DESKTOP-CP3TV4N', ip: '192.168.0.102', os.name: 'Windows 10', os.arch: 'amd64', os.version: '10.0', java.version: '1.8.0_181'
Driver info: com.kms.katalon.core.appium.driver.SwipeableAndroidDriver
Capabilities {app: C:\Users\LENOVO\Katalon Stu..., appPackage: com.maybank2u.life.uat, appWaitActivity: *, appWaitDuration: 50000, appWaitPackage: com.maybank2u.life.uat, autoGrantPermissions: true, automationName: uiautomator2, databaseEnabled: false, desired: {app: C:\Users\LENOVO\Katalon Stu..., appWaitActivity: *, appWaitDuration: 50000, appWaitPackage: com.maybank2u.life.uat, autoGrantPermissions: true, automationName: uiautomator2, deviceId: 11cb9864, deviceName: Xiaomi Redmi Note 7S (Andro..., fullReset: false, newCommandTimeout: 1800, noReset: true, platform: ANDROID, platformName: android, platformVersion: 9, systemPort: 60598, udid: 11cb9864}, deviceApiLevel: 28, deviceId: 11cb9864, deviceManufacturer: Xiaomi, deviceModel: Redmi Note 7S, deviceName: 11cb9864, deviceScreenDensity: 440, deviceScreenSize: 1080x2340, deviceUDID: 11cb9864, fullReset: false, javascriptEnabled: true, locationContextEnabled: false, networkConnectionEnabled: true, newCommandTimeout: 1800, noReset: true, pixelRatio: 2.75, platform: ANDROID, platformName: Android, platformVersion: 9, statBarHeight: 80, systemPort: 60598, takesScreenshot: true, udid: 11cb9864, viewportRect: {height: 2051, left: 0, top: 80, width: 1080}, warnings: {}, webStorageEnabled: false}
Session ID: f0070dfe-3036-4dc1-85da-edb43c9fd19f
	at org.openqa.selenium.remote.http.W3CHttpResponseCodec.createException(W3CHttpResponseCodec.java:187)
	at org.openqa.selenium.remote.http.W3CHttpResponseCodec.decode(W3CHttpResponseCodec.java:122)
	at org.openqa.selenium.remote.http.W3CHttpResponseCodec.decode(W3CHttpResponseCodec.java:49)
	at org.openqa.selenium.remote.HttpCommandExecutor.execute(HttpCommandExecutor.java:158)
	at io.appium.java_client.remote.AppiumCommandExecutor.execute(AppiumCommandExecutor.java:239)
	at org.openqa.selenium.remote.RemoteWebDriver.execute(RemoteWebDriver.java:552)
	at io.appium.java_client.DefaultGenericMobileDriver.execute(DefaultGenericMobileDriver.java:46)
	at io.appium.java_client.AppiumDriver.execute(AppiumDriver.java:1)
	at io.appium.java_client.android.AndroidDriver.execute(AndroidDriver.java:1)
	at com.kms.katalon.core.appium.driver.SwipeableAndroidDriver.execute(SwipeableAndroidDriver.java:1)
	at org.openqa.selenium.remote.RemoteWebDriver$RemoteWebDriverOptions$RemoteWindow.getSize(RemoteWebDriver.java:813)
	at org.openqa.selenium.WebDriver$Window$getSize.call(Unknown Source)
	at com.kms.katalon.core.mobile.keyword.internal.MobileAbstractKeyword.findElement(MobileAbstractKeyword.groovy:81)
	at com.kms.katalon.core.mobile.keyword.builtin.TapKeyword$_tap_closure1.doCall(TapKeyword.groovy:76)
	at com.kms.katalon.core.mobile.keyword.builtin.TapKeyword$_tap_closure1.call(TapKeyword.groovy)
	at com.kms.katalon.core.mobile.keyword.internal.MobileKeywordMain.runKeyword(MobileKeywordMain.groovy:21)
	at com.kms.katalon.core.mobile.keyword.builtin.TapKeyword.tap(TapKeyword.groovy:86)
	at com.kms.katalon.core.mobile.keyword.builtin.TapKeyword.execute(TapKeyword.groovy:68)
	at com.kms.katalon.core.keyword.internal.KeywordExecutor.executeKeywordForPlatform(KeywordExecutor.groovy:72)
	at com.kms.katalon.core.mobile.keyword.MobileBuiltInKeywords.tap(MobileBuiltInKeywords.groovy:577)
	at com.kms.katalon.core.mobile.keyword.MobileBuiltInKeywords$tap$2.call(Unknown Source)
	at DuiTNow Army Proxy.run(DuiTNow Army Proxy:451)
	at com.kms.katalon.core.main.ScriptEngine.run(ScriptEngine.java:194)
	at com.kms.katalon.core.main.ScriptEngine.runScriptAsRawText(ScriptEngine.java:119)
	at com.kms.katalon.core.main.TestCaseExecutor.runScript(TestCaseExecutor.java:337)
	at com.kms.katalon.core.main.TestCaseExecutor.doExecute(TestCaseExecutor.java:328)
	at com.kms.katalon.core.main.TestCaseExecutor.processExecutionPhase(TestCaseExecutor.java:307)
	at com.kms.katalon.core.main.TestCaseExecutor.accessMainPhase(TestCaseExecutor.java:299)
	at com.kms.katalon.core.main.TestCaseExecutor.execute(TestCaseExecutor.java:233)
	at com.kms.katalon.core.main.TestSuiteExecutor.accessTestCaseMainPhase(TestSuiteExecutor.java:169)
	at com.kms.katalon.core.main.TestSuiteExecutor.accessTestSuiteMainPhase(TestSuiteExecutor.java:142)
	at com.kms.katalon.core.main.TestSuiteExecutor.execute(TestSuiteExecutor.java:91)
	at com.kms.katalon.core.main.TestCaseMain.startTestSuite(TestCaseMain.java:157)
	at com.kms.katalon.core.main.TestCaseMain$startTestSuite$0.call(Unknown Source)
	at TempTestSuite1597654653522.run(TempTestSuite1597654653522.groovy:36)
)

2020-08-17 17:02:15 - [TEST_STEP][FAILED] - otpMi = getText(findTestObject("Maya/Third Party CA account/android.widget.TextView0 - Your OTP no. is 460943"), 0): Failed to get text from element (Root cause: org.openqa.selenium.WebDriverException: An unknown server-side error occurred while processing the command. Original error: Could not proxy command to remote server. Original error: Error: socket hang up
Build info: version: '3.141.59', revision: 'e82be7d358', time: '2018-11-14T08:25:53'
System info: host: 'DESKTOP-CP3TV4N', ip: '192.168.0.102', os.name: 'Windows 10', os.arch: 'amd64', os.version: '10.0', java.version: '1.8.0_181'
Driver info: com.kms.katalon.core.appium.driver.SwipeableAndroidDriver
Capabilities {app: C:\Users\LENOVO\Katalon Stu..., appPackage: com.maybank2u.life.uat, appWaitActivity: *, appWaitDuration: 50000, appWaitPackage: com.maybank2u.life.uat, autoGrantPermissions: true, automationName: uiautomator2, databaseEnabled: false, desired: {app: C:\Users\LENOVO\Katalon Stu..., appWaitActivity: *, appWaitDuration: 50000, appWaitPackage: com.maybank2u.life.uat, autoGrantPermissions: true, automationName: uiautomator2, deviceId: 11cb9864, deviceName: Xiaomi Redmi Note 7S (Andro..., fullReset: false, newCommandTimeout: 1800, noReset: true, platform: ANDROID, platformName: android, platformVersion: 9, systemPort: 60598, udid: 11cb9864}, deviceApiLevel: 28, deviceId: 11cb9864, deviceManufacturer: Xiaomi, deviceModel: Redmi Note 7S, deviceName: 11cb9864, deviceScreenDensity: 440, deviceScreenSize: 1080x2340, deviceUDID: 11cb9864, fullReset: false, javascriptEnabled: true, locationContextEnabled: false, networkConnectionEnabled: true, newCommandTimeout: 1800, noReset: true, pixelRatio: 2.75, platform: ANDROID, platformName: Android, platformVersion: 9, statBarHeight: 80, systemPort: 60598, takesScreenshot: true, udid: 11cb9864, viewportRect: {height: 2051, left: 0, top: 80, width: 1080}, warnings: {}, webStorageEnabled: false}
Session ID: f0070dfe-3036-4dc1-85da-edb43c9fd19f
	at org.openqa.selenium.remote.http.W3CHttpResponseCodec.createException(W3CHttpResponseCodec.java:187)
	at org.openqa.selenium.remote.http.W3CHttpResponseCodec.decode(W3CHttpResponseCodec.java:122)
	at org.openqa.selenium.remote.http.W3CHttpResponseCodec.decode(W3CHttpResponseCodec.java:49)
	at org.openqa.selenium.remote.HttpCommandExecutor.execute(HttpCommandExecutor.java:158)
	at io.appium.java_client.remote.AppiumCommandExecutor.execute(AppiumCommandExecutor.java:239)
	at org.openqa.selenium.remote.RemoteWebDriver.execute(RemoteWebDriver.java:552)
	at io.appium.java_client.DefaultGenericMobileDriver.execute(DefaultGenericMobileDriver.java:46)
	at io.appium.java_client.AppiumDriver.execute(AppiumDriver.java:1)
	at io.appium.java_client.android.AndroidDriver.execute(AndroidDriver.java:1)
	at com.kms.katalon.core.appium.driver.SwipeableAndroidDriver.execute(SwipeableAndroidDriver.java:1)
	at org.openqa.selenium.remote.RemoteWebDriver$RemoteWebDriverOptions$RemoteWindow.getSize(RemoteWebDriver.java:813)
	at org.openqa.selenium.WebDriver$Window$getSize.call(Unknown Source)
	at com.kms.katalon.core.mobile.keyword.internal.MobileAbstractKeyword.findElement(MobileAbstractKeyword.groovy:81)
	at com.kms.katalon.core.mobile.keyword.builtin.GetTextKeyword$_getText_closure1.doCall(GetTextKeyword.groovy:72)
	at com.kms.katalon.core.mobile.keyword.builtin.GetTextKeyword$_getText_closure1.call(GetTextKeyword.groovy)
	at com.kms.katalon.core.mobile.keyword.internal.MobileKeywordMain.runKeyword(MobileKeywordMain.groovy:21)
	at com.kms.katalon.core.mobile.keyword.builtin.GetTextKeyword.getText(GetTextKeyword.groovy:80)
	at com.kms.katalon.core.mobile.keyword.builtin.GetTextKeyword.execute(GetTextKeyword.groovy:64)
	at com.kms.katalon.core.keyword.internal.KeywordExecutor.executeKeywordForPlatform(KeywordExecutor.groovy:72)
	at com.kms.katalon.core.mobile.keyword.MobileBuiltInKeywords.getText(MobileBuiltInKeywords.groovy:459)
	at com.kms.katalon.core.mobile.keyword.MobileBuiltInKeywords$getText$4.call(Unknown Source)
	at DuiTNow Army Proxy.run(DuiTNow Army Proxy:453)
	at com.kms.katalon.core.main.ScriptEngine.run(ScriptEngine.java:194)
	at com.kms.katalon.core.main.ScriptEngine.runScriptAsRawText(ScriptEngine.java:119)
	at com.kms.katalon.core.main.TestCaseExecutor.runScript(TestCaseExecutor.java:337)
	at com.kms.katalon.core.main.TestCaseExecutor.doExecute(TestCaseExecutor.java:328)
	at com.kms.katalon.core.main.TestCaseExecutor.processExecutionPhase(TestCaseExecutor.java:307)
	at com.kms.katalon.core.main.TestCaseExecutor.accessMainPhase(TestCaseExecutor.java:299)
	at com.kms.katalon.core.main.TestCaseExecutor.execute(TestCaseExecutor.java:233)
	at com.kms.katalon.core.main.TestSuiteExecutor.accessTestCaseMainPhase(TestSuiteExecutor.java:169)
	at com.kms.katalon.core.main.TestSuiteExecutor.accessTestSuiteMainPhase(TestSuiteExecutor.java:142)
	at com.kms.katalon.core.main.TestSuiteExecutor.execute(TestSuiteExecutor.java:91)
	at com.kms.katalon.core.main.TestCaseMain.startTestSuite(TestCaseMain.java:157)
	at com.kms.katalon.core.main.TestCaseMain$startTestSuite$0.call(Unknown Source)
	at TempTestSuite1597654653522.run(TempTestSuite1597654653522.groovy:36)
)

2020-08-17 17:02:16 - [MESSAGE][WARNING] - Timeout '0' is invalid. Using default page load timeout: '10'

2020-08-17 17:02:16 - [MESSAGE][WARNING] - Cannot take screenshot

2020-08-17 17:02:16 - [MESSAGE][FAILED] - Failed to get text from element (Root cause: org.openqa.selenium.WebDriverException: An unknown server-side error occurred while processing the command. Original error: Could not proxy command to remote server. Original error: Error: socket hang up
Build info: version: '3.141.59', revision: 'e82be7d358', time: '2018-11-14T08:25:53'
System info: host: 'DESKTOP-CP3TV4N', ip: '192.168.0.102', os.name: 'Windows 10', os.arch: 'amd64', os.version: '10.0', java.version: '1.8.0_181'
Driver info: com.kms.katalon.core.appium.driver.SwipeableAndroidDriver
Capabilities {app: C:\Users\LENOVO\Katalon Stu..., appPackage: com.maybank2u.life.uat, appWaitActivity: *, appWaitDuration: 50000, appWaitPackage: com.maybank2u.life.uat, autoGrantPermissions: true, automationName: uiautomator2, databaseEnabled: false, desired: {app: C:\Users\LENOVO\Katalon Stu..., appWaitActivity: *, appWaitDuration: 50000, appWaitPackage: com.maybank2u.life.uat, autoGrantPermissions: true, automationName: uiautomator2, deviceId: 11cb9864, deviceName: Xiaomi Redmi Note 7S (Andro..., fullReset: false, newCommandTimeout: 1800, noReset: true, platform: ANDROID, platformName: android, platformVersion: 9, systemPort: 60598, udid: 11cb9864}, deviceApiLevel: 28, deviceId: 11cb9864, deviceManufacturer: Xiaomi, deviceModel: Redmi Note 7S, deviceName: 11cb9864, deviceScreenDensity: 440, deviceScreenSize: 1080x2340, deviceUDID: 11cb9864, fullReset: false, javascriptEnabled: true, locationContextEnabled: false, networkConnectionEnabled: true, newCommandTimeout: 1800, noReset: true, pixelRatio: 2.75, platform: ANDROID, platformName: Android, platformVersion: 9, statBarHeight: 80, systemPort: 60598, takesScreenshot: true, udid: 11cb9864, viewportRect: {height: 2051, left: 0, top: 80, width: 1080}, warnings: {}, webStorageEnabled: false}
Session ID: f0070dfe-3036-4dc1-85da-edb43c9fd19f
	at org.openqa.selenium.remote.http.W3CHttpResponseCodec.createException(W3CHttpResponseCodec.java:187)
	at org.openqa.selenium.remote.http.W3CHttpResponseCodec.decode(W3CHttpResponseCodec.java:122)
	at org.openqa.selenium.remote.http.W3CHttpResponseCodec.decode(W3CHttpResponseCodec.java:49)
	at org.openqa.selenium.remote.HttpCommandExecutor.execute(HttpCommandExecutor.java:158)
	at io.appium.java_client.remote.AppiumCommandExecutor.execute(AppiumCommandExecutor.java:239)
	at org.openqa.selenium.remote.RemoteWebDriver.execute(RemoteWebDriver.java:552)
	at io.appium.java_client.DefaultGenericMobileDriver.execute(DefaultGenericMobileDriver.java:46)
	at io.appium.java_client.AppiumDriver.execute(AppiumDriver.java:1)
	at io.appium.java_client.android.AndroidDriver.execute(AndroidDriver.java:1)
	at com.kms.katalon.core.appium.driver.SwipeableAndroidDriver.execute(SwipeableAndroidDriver.java:1)
	at org.openqa.selenium.remote.RemoteWebDriver$RemoteWebDriverOptions$RemoteWindow.getSize(RemoteWebDriver.java:813)
	at org.openqa.selenium.WebDriver$Window$getSize.call(Unknown Source)
	at com.kms.katalon.core.mobile.keyword.internal.MobileAbstractKeyword.findElement(MobileAbstractKeyword.groovy:81)
	at com.kms.katalon.core.mobile.keyword.builtin.GetTextKeyword$_getText_closure1.doCall(GetTextKeyword.groovy:72)
	at com.kms.katalon.core.mobile.keyword.builtin.GetTextKeyword$_getText_closure1.call(GetTextKeyword.groovy)
	at com.kms.katalon.core.mobile.keyword.internal.MobileKeywordMain.runKeyword(MobileKeywordMain.groovy:21)
	at com.kms.katalon.core.mobile.keyword.builtin.GetTextKeyword.getText(GetTextKeyword.groovy:80)
	at com.kms.katalon.core.mobile.keyword.builtin.GetTextKeyword.execute(GetTextKeyword.groovy:64)
	at com.kms.katalon.core.keyword.internal.KeywordExecutor.executeKeywordForPlatform(KeywordExecutor.groovy:72)
	at com.kms.katalon.core.mobile.keyword.MobileBuiltInKeywords.getText(MobileBuiltInKeywords.groovy:459)
	at com.kms.katalon.core.mobile.keyword.MobileBuiltInKeywords$getText$4.call(Unknown Source)
	at DuiTNow Army Proxy.run(DuiTNow Army Proxy:453)
	at com.kms.katalon.core.main.ScriptEngine.run(ScriptEngine.java:194)
	at com.kms.katalon.core.main.ScriptEngine.runScriptAsRawText(ScriptEngine.java:119)
	at com.kms.katalon.core.main.TestCaseExecutor.runScript(TestCaseExecutor.java:337)
	at com.kms.katalon.core.main.TestCaseExecutor.doExecute(TestCaseExecutor.java:328)
	at com.kms.katalon.core.main.TestCaseExecutor.processExecutionPhase(TestCaseExecutor.java:307)
	at com.kms.katalon.core.main.TestCaseExecutor.accessMainPhase(TestCaseExecutor.java:299)
	at com.kms.katalon.core.main.TestCaseExecutor.execute(TestCaseExecutor.java:233)
	at com.kms.katalon.core.main.TestSuiteExecutor.accessTestCaseMainPhase(TestSuiteExecutor.java:169)
	at com.kms.katalon.core.main.TestSuiteExecutor.accessTestSuiteMainPhase(TestSuiteExecutor.java:142)
	at com.kms.katalon.core.main.TestSuiteExecutor.execute(TestSuiteExecutor.java:91)
	at com.kms.katalon.core.main.TestCaseMain.startTestSuite(TestCaseMain.java:157)
	at com.kms.katalon.core.main.TestCaseMain$startTestSuite$0.call(Unknown Source)
	at TempTestSuite1597654653522.run(TempTestSuite1597654653522.groovy:36)
)

2020-08-17 17:02:16 - [TEST_STEP][PASSED] - delay(2): Delayed 2 second(s)

2020-08-17 17:02:18 - [MESSAGE][PASSED] - Delayed 2 second(s)

2020-08-17 17:02:18 - [TEST_STEP][PASSED] - for ([i = 16, i <= 21, (i++)]): null

2020-08-17 17:02:18 - [TEST_STEP][PASSED] - delay(3, STOP_ON_FAILURE): Delayed 3 second(s)

2020-08-17 17:02:21 - [MESSAGE][PASSED] - Delayed 3 second(s)

2020-08-17 17:02:21 - [TEST_STEP][PASSED] - if (otpMi[i] == "0"): null]]></system-out>
         <system-err><![CDATA[2020-08-17 16:57:37 - [TEST_CASE][FAILED] - Test Cases/JINU/DuiTNow Drop 2/DuiTNow Army Proxy: Test Cases/JINU/DuiTNow Drop 2/DuiTNow Army Proxy FAILED.
Reason:
com.kms.katalon.core.exception.StepFailedException: Object Object Repository/Maya/Nric Proxy Army/android.widget.TextView0 - NRIC Number not found
	at com.kms.katalon.core.keyword.internal.KeywordMain.stepFailed(KeywordMain.groovy:39)
	at com.kms.katalon.core.mobile.keyword.internal.MobileKeywordMain.stepFailed(MobileKeywordMain.groovy:40)
	at com.kms.katalon.core.mobile.keyword.builtin.GetTextKeyword$_getText_closure1.doCall(GetTextKeyword.groovy:74)
	at com.kms.katalon.core.mobile.keyword.builtin.GetTextKeyword$_getText_closure1.call(GetTextKeyword.groovy)
	at com.kms.katalon.core.mobile.keyword.internal.MobileKeywordMain.runKeyword(MobileKeywordMain.groovy:21)
	at com.kms.katalon.core.mobile.keyword.builtin.GetTextKeyword.getText(GetTextKeyword.groovy:80)
	at com.kms.katalon.core.mobile.keyword.builtin.GetTextKeyword.execute(GetTextKeyword.groovy:64)
	at com.kms.katalon.core.keyword.internal.KeywordExecutor.executeKeywordForPlatform(KeywordExecutor.groovy:72)
	at com.kms.katalon.core.mobile.keyword.MobileBuiltInKeywords.getText(MobileBuiltInKeywords.groovy:459)
	at com.kms.katalon.core.mobile.keyword.MobileBuiltInKeywords$getText$4.call(Unknown Source)
	at DuiTNow Army Proxy.run(DuiTNow Army Proxy:225)
	at com.kms.katalon.core.main.ScriptEngine.run(ScriptEngine.java:194)
	at com.kms.katalon.core.main.ScriptEngine.runScriptAsRawText(ScriptEngine.java:119)
	at com.kms.katalon.core.main.TestCaseExecutor.runScript(TestCaseExecutor.java:337)
	at com.kms.katalon.core.main.TestCaseExecutor.doExecute(TestCaseExecutor.java:328)
	at com.kms.katalon.core.main.TestCaseExecutor.processExecutionPhase(TestCaseExecutor.java:307)
	at com.kms.katalon.core.main.TestCaseExecutor.accessMainPhase(TestCaseExecutor.java:299)
	at com.kms.katalon.core.main.TestCaseExecutor.execute(TestCaseExecutor.java:233)
	at com.kms.katalon.core.main.TestSuiteExecutor.accessTestCaseMainPhase(TestSuiteExecutor.java:169)
	at com.kms.katalon.core.main.TestSuiteExecutor.accessTestSuiteMainPhase(TestSuiteExecutor.java:142)
	at com.kms.katalon.core.main.TestSuiteExecutor.execute(TestSuiteExecutor.java:91)
	at com.kms.katalon.core.main.TestCaseMain.startTestSuite(TestCaseMain.java:157)
	at com.kms.katalon.core.main.TestCaseMain$startTestSuite$0.call(Unknown Source)
	at TempTestSuite1597654653522.run(TempTestSuite1597654653522.groovy:36)]]></system-err>
      </testcase>
      <system-out><![CDATA[2020-08-17 16:57:36 - [TEST_SUITE][FAILED] - UAT Test Suite: Test Cases/JINU/DuiTNow Drop 2/DuiTNow Army Proxy FAILED.
Reason:
com.kms.katalon.core.exception.StepFailedException: Object Object Repository/Maya/Nric Proxy Army/android.widget.TextView0 - NRIC Number not found
	at com.kms.katalon.core.keyword.internal.KeywordMain.stepFailed(KeywordMain.groovy:39)
	at com.kms.katalon.core.mobile.keyword.internal.MobileKeywordMain.stepFailed(MobileKeywordMain.groovy:40)
	at com.kms.katalon.core.mobile.keyword.builtin.GetTextKeyword$_getText_closure1.doCall(GetTextKeyword.groovy:74)
	at com.kms.katalon.core.mobile.keyword.builtin.GetTextKeyword$_getText_closure1.call(GetTextKeyword.groovy)
	at com.kms.katalon.core.mobile.keyword.internal.MobileKeywordMain.runKeyword(MobileKeywordMain.groovy:21)
	at com.kms.katalon.core.mobile.keyword.builtin.GetTextKeyword.getText(GetTextKeyword.groovy:80)
	at com.kms.katalon.core.mobile.keyword.builtin.GetTextKeyword.execute(GetTextKeyword.groovy:64)
	at com.kms.katalon.core.keyword.internal.KeywordExecutor.executeKeywordForPlatform(KeywordExecutor.groovy:72)
	at com.kms.katalon.core.mobile.keyword.MobileBuiltInKeywords.getText(MobileBuiltInKeywords.groovy:459)
	at com.kms.katalon.core.mobile.keyword.MobileBuiltInKeywords$getText$4.call(Unknown Source)
	at DuiTNow Army Proxy.run(DuiTNow Army Proxy:225)
	at com.kms.katalon.core.main.ScriptEngine.run(ScriptEngine.java:194)
	at com.kms.katalon.core.main.ScriptEngine.runScriptAsRawText(ScriptEngine.java:119)
	at com.kms.katalon.core.main.TestCaseExecutor.runScript(TestCaseExecutor.java:337)
	at com.kms.katalon.core.main.TestCaseExecutor.doExecute(TestCaseExecutor.java:328)
	at com.kms.katalon.core.main.TestCaseExecutor.processExecutionPhase(TestCaseExecutor.java:307)
	at com.kms.katalon.core.main.TestCaseExecutor.accessMainPhase(TestCaseExecutor.java:299)
	at com.kms.katalon.core.main.TestCaseExecutor.execute(TestCaseExecutor.java:233)
	at com.kms.katalon.core.main.TestSuiteExecutor.accessTestCaseMainPhase(TestSuiteExecutor.java:169)
	at com.kms.katalon.core.main.TestSuiteExecutor.accessTestSuiteMainPhase(TestSuiteExecutor.java:142)
	at com.kms.katalon.core.main.TestSuiteExecutor.execute(TestSuiteExecutor.java:91)
	at com.kms.katalon.core.main.TestCaseMain.startTestSuite(TestCaseMain.java:157)
	at com.kms.katalon.core.main.TestCaseMain$startTestSuite$0.call(Unknown Source)
	at TempTestSuite1597654653522.run(TempTestSuite1597654653522.groovy:36)]]></system-out>
      <system-err><![CDATA[2020-08-17 16:57:36 - [TEST_SUITE][FAILED] - UAT Test Suite: Test Cases/JINU/DuiTNow Drop 2/DuiTNow Army Proxy FAILED.
Reason:
com.kms.katalon.core.exception.StepFailedException: Object Object Repository/Maya/Nric Proxy Army/android.widget.TextView0 - NRIC Number not found
	at com.kms.katalon.core.keyword.internal.KeywordMain.stepFailed(KeywordMain.groovy:39)
	at com.kms.katalon.core.mobile.keyword.internal.MobileKeywordMain.stepFailed(MobileKeywordMain.groovy:40)
	at com.kms.katalon.core.mobile.keyword.builtin.GetTextKeyword$_getText_closure1.doCall(GetTextKeyword.groovy:74)
	at com.kms.katalon.core.mobile.keyword.builtin.GetTextKeyword$_getText_closure1.call(GetTextKeyword.groovy)
	at com.kms.katalon.core.mobile.keyword.internal.MobileKeywordMain.runKeyword(MobileKeywordMain.groovy:21)
	at com.kms.katalon.core.mobile.keyword.builtin.GetTextKeyword.getText(GetTextKeyword.groovy:80)
	at com.kms.katalon.core.mobile.keyword.builtin.GetTextKeyword.execute(GetTextKeyword.groovy:64)
	at com.kms.katalon.core.keyword.internal.KeywordExecutor.executeKeywordForPlatform(KeywordExecutor.groovy:72)
	at com.kms.katalon.core.mobile.keyword.MobileBuiltInKeywords.getText(MobileBuiltInKeywords.groovy:459)
	at com.kms.katalon.core.mobile.keyword.MobileBuiltInKeywords$getText$4.call(Unknown Source)
	at DuiTNow Army Proxy.run(DuiTNow Army Proxy:225)
	at com.kms.katalon.core.main.ScriptEngine.run(ScriptEngine.java:194)
	at com.kms.katalon.core.main.ScriptEngine.runScriptAsRawText(ScriptEngine.java:119)
	at com.kms.katalon.core.main.TestCaseExecutor.runScript(TestCaseExecutor.java:337)
	at com.kms.katalon.core.main.TestCaseExecutor.doExecute(TestCaseExecutor.java:328)
	at com.kms.katalon.core.main.TestCaseExecutor.processExecutionPhase(TestCaseExecutor.java:307)
	at com.kms.katalon.core.main.TestCaseExecutor.accessMainPhase(TestCaseExecutor.java:299)
	at com.kms.katalon.core.main.TestCaseExecutor.execute(TestCaseExecutor.java:233)
	at com.kms.katalon.core.main.TestSuiteExecutor.accessTestCaseMainPhase(TestSuiteExecutor.java:169)
	at com.kms.katalon.core.main.TestSuiteExecutor.accessTestSuiteMainPhase(TestSuiteExecutor.java:142)
	at com.kms.katalon.core.main.TestSuiteExecutor.execute(TestSuiteExecutor.java:91)
	at com.kms.katalon.core.main.TestCaseMain.startTestSuite(TestCaseMain.java:157)
	at com.kms.katalon.core.main.TestCaseMain$startTestSuite$0.call(Unknown Source)
	at TempTestSuite1597654653522.run(TempTestSuite1597654653522.groovy:36)]]></system-err>
   </testsuite>
</testsuites>
