<?xml version="1.0" encoding="UTF-8"?>
<testsuites name="UAT Test Suite" time="412.684" tests="1" failures="1" errors="0">
   <testsuite name="UAT Test Suite" tests="1" failures="1" errors="0" time="412.684" timestamp="2020-08-10 11:59:46" hostname="LENOVO - DESKTOP-CP3TV4N" id="Test Suites/Maya UAT/UAT Test Suite">
      <properties>
         <property name="deviceName" value="Xiaomi Redmi Note 7S (Android 9)"/>
         <property name="devicePlatform" value=""/>
         <property name="logFolder" value="C:\\Users\\LENOVO\\Git_new\\Maya\\Reports\\20200810_115943\\Maya UAT\\UAT Test Suite\\20200810_115943"/>
         <property name="logFiles" value="C:\\Users\\LENOVO\\Git_new\\Maya\\Reports\\20200810_115943\\Maya UAT\\UAT Test Suite\\20200810_115943\\appium.log, C:\\Users\\LENOVO\\Git_new\\Maya\\Reports\\20200810_115943\\Maya UAT\\UAT Test Suite\\20200810_115943\\execution0.log"/>
         <property name="attachments" value="C:\\Users\\LENOVO\\Screenshot\\DuitNowProxy\\Screen3.png, C:\\Users\\LENOVO\\Screenshot\\DuitNowProxy\\Screen4.png, C:\\Users\\LENOVO\\Screenshot\\DuitNowProxy\\Screen6.png, C:\\Users\\LENOVO\\Screenshot\\DuitNowProxy\\Screen5.png, C:\\Users\\LENOVO\\Screenshot\\DuitNowProxy\\Screen8.png, C:\\Users\\LENOVO\\Screenshot\\DuitNowProxy\\Screen10.png, C:\\Users\\LENOVO\\Screenshot\\DuitNowProxy\\Screen11.png, C:\\Users\\LENOVO\\Screenshot\\DuitNowProxy\\Screen12.png, C:\\Users\\LENOVO\\Screenshot\\DuitNowProxy\\Screen13.png, C:\\Users\\LENOVO\\Screenshot\\DuitNowProxy\\Screen14.png, C:\\Users\\LENOVO\\Screenshot\\DuitNowProxy\\Screen15.png, C:\\Users\\LENOVO\\Screenshot\\DuitNowProxy\\Screen17.png, C:\\Users\\LENOVO\\Screenshot\\DuitNowProxy\\Screen18.png, C:\\Users\\LENOVO\\Screenshot\\DuitNowProxy\\Screen19.png, C:\\Users\\LENOVO\\Screenshot\\DuitNowProxy\\Screen22.png, C:\\Users\\LENOVO\\Screenshot\\DuitNowProxy\\Screen23.png, C:\\Users\\LENOVO\\Screenshot\\DuitNowProxy\\Screen24.png, C:\\Users\\LENOVO\\Git_new\\Maya\\Reports\\20200810_115943\\Maya UAT\\UAT Test Suite\\20200810_115943\\1597032374432.png, C:\\Users\\LENOVO\\Git_new\\Maya\\Reports\\20200810_115943\\Maya UAT\\UAT Test Suite\\20200810_115943\\1597032385690.png"/>
         <property name="hostName" value="LENOVO - DESKTOP-CP3TV4N"/>
         <property name="os" value="Windows 10 64bit"/>
         <property name="appiumServerStatus" value="{\&quot;value\&quot;:{\&quot;build\&quot;:{\&quot;version\&quot;:\&quot;1.15.1\&quot;}},\&quot;sessionId\&quot;:null,\&quot;status\&quot;:0}"/>
         <property name="katalonVersion" value="7.2.7.1"/>
         <property name="deviceOS" value="Android"/>
         <property name="appiumVersion" value="1.15.1"/>
         <property name="deviceModel" value="Redmi Note 7S"/>
         <property name="hostAddress" value="192.168.43.112"/>
         <property name="deviceManufacturer" value="Xiaomi"/>
         <property name="deviceId" value="11cb9864"/>
         <property name="deviceName" value="Xiaomi Redmi Note 7S (Android 9)"/>
         <property name="deviceOSVersion" value="9"/>
      </properties>
      <testcase name="Test Cases/JINU/DuiTNow Drop 2/Passport" time="403.759" classname="Test Cases/JINU/DuiTNow Drop 2/Passport" status="FAILED">
         <failure type="FAILED" message="Test Cases/JINU/DuiTNow Drop 2/Passport FAILED.
Reason:
com.kms.katalon.core.exception.StepFailedException: Object Object Repository/Maya/spy/android.widget.TextView0 - Duitnow Proxy (Passport Number) ending 5THA has just been updated. (1) not found
	at com.kms.katalon.core.keyword.internal.KeywordMain.stepFailed(KeywordMain.groovy:39)
	at com.kms.katalon.core.mobile.keyword.internal.MobileKeywordMain.stepFailed(MobileKeywordMain.groovy:40)
	at com.kms.katalon.core.mobile.keyword.builtin.GetTextKeyword$_getText_closure1.doCall(GetTextKeyword.groovy:74)
	at com.kms.katalon.core.mobile.keyword.builtin.GetTextKeyword$_getText_closure1.call(GetTextKeyword.groovy)
	at com.kms.katalon.core.mobile.keyword.internal.MobileKeywordMain.runKeyword(MobileKeywordMain.groovy:21)
	at com.kms.katalon.core.mobile.keyword.builtin.GetTextKeyword.getText(GetTextKeyword.groovy:80)
	at com.kms.katalon.core.mobile.keyword.builtin.GetTextKeyword.execute(GetTextKeyword.groovy:64)
	at com.kms.katalon.core.keyword.internal.KeywordExecutor.executeKeywordForPlatform(KeywordExecutor.groovy:72)
	at com.kms.katalon.core.mobile.keyword.MobileBuiltInKeywords.getText(MobileBuiltInKeywords.groovy:459)
	at com.kms.katalon.core.mobile.keyword.MobileBuiltInKeywords$getText$2.call(Unknown Source)
	at Passport.run(Passport:755)
	at com.kms.katalon.core.main.ScriptEngine.run(ScriptEngine.java:194)
	at com.kms.katalon.core.main.ScriptEngine.runScriptAsRawText(ScriptEngine.java:119)
	at com.kms.katalon.core.main.TestCaseExecutor.runScript(TestCaseExecutor.java:337)
	at com.kms.katalon.core.main.TestCaseExecutor.doExecute(TestCaseExecutor.java:328)
	at com.kms.katalon.core.main.TestCaseExecutor.processExecutionPhase(TestCaseExecutor.java:307)
	at com.kms.katalon.core.main.TestCaseExecutor.accessMainPhase(TestCaseExecutor.java:299)
	at com.kms.katalon.core.main.TestCaseExecutor.execute(TestCaseExecutor.java:233)
	at com.kms.katalon.core.main.TestSuiteExecutor.accessTestCaseMainPhase(TestSuiteExecutor.java:169)
	at com.kms.katalon.core.main.TestSuiteExecutor.accessTestSuiteMainPhase(TestSuiteExecutor.java:142)
	at com.kms.katalon.core.main.TestSuiteExecutor.execute(TestSuiteExecutor.java:91)
	at com.kms.katalon.core.main.TestCaseMain.startTestSuite(TestCaseMain.java:157)
	at com.kms.katalon.core.main.TestCaseMain$startTestSuite$0.call(Unknown Source)
	at TempTestSuite1597031983967.run(TempTestSuite1597031983967.groovy:36)
"/>
         <system-out><![CDATA[2020-08-10 11:59:47 - [TEST_CASE][FAILED] - Test Cases/JINU/DuiTNow Drop 2/Passport: Test Cases/JINU/DuiTNow Drop 2/Passport FAILED.
Reason:
com.kms.katalon.core.exception.StepFailedException: Object Object Repository/Maya/spy/android.widget.TextView0 - Duitnow Proxy (Passport Number) ending 5THA has just been updated. (1) not found
	at com.kms.katalon.core.keyword.internal.KeywordMain.stepFailed(KeywordMain.groovy:39)
	at com.kms.katalon.core.mobile.keyword.internal.MobileKeywordMain.stepFailed(MobileKeywordMain.groovy:40)
	at com.kms.katalon.core.mobile.keyword.builtin.GetTextKeyword$_getText_closure1.doCall(GetTextKeyword.groovy:74)
	at com.kms.katalon.core.mobile.keyword.builtin.GetTextKeyword$_getText_closure1.call(GetTextKeyword.groovy)
	at com.kms.katalon.core.mobile.keyword.internal.MobileKeywordMain.runKeyword(MobileKeywordMain.groovy:21)
	at com.kms.katalon.core.mobile.keyword.builtin.GetTextKeyword.getText(GetTextKeyword.groovy:80)
	at com.kms.katalon.core.mobile.keyword.builtin.GetTextKeyword.execute(GetTextKeyword.groovy:64)
	at com.kms.katalon.core.keyword.internal.KeywordExecutor.executeKeywordForPlatform(KeywordExecutor.groovy:72)
	at com.kms.katalon.core.mobile.keyword.MobileBuiltInKeywords.getText(MobileBuiltInKeywords.groovy:459)
	at com.kms.katalon.core.mobile.keyword.MobileBuiltInKeywords$getText$2.call(Unknown Source)
	at Passport.run(Passport:755)
	at com.kms.katalon.core.main.ScriptEngine.run(ScriptEngine.java:194)
	at com.kms.katalon.core.main.ScriptEngine.runScriptAsRawText(ScriptEngine.java:119)
	at com.kms.katalon.core.main.TestCaseExecutor.runScript(TestCaseExecutor.java:337)
	at com.kms.katalon.core.main.TestCaseExecutor.doExecute(TestCaseExecutor.java:328)
	at com.kms.katalon.core.main.TestCaseExecutor.processExecutionPhase(TestCaseExecutor.java:307)
	at com.kms.katalon.core.main.TestCaseExecutor.accessMainPhase(TestCaseExecutor.java:299)
	at com.kms.katalon.core.main.TestCaseExecutor.execute(TestCaseExecutor.java:233)
	at com.kms.katalon.core.main.TestSuiteExecutor.accessTestCaseMainPhase(TestSuiteExecutor.java:169)
	at com.kms.katalon.core.main.TestSuiteExecutor.accessTestSuiteMainPhase(TestSuiteExecutor.java:142)
	at com.kms.katalon.core.main.TestSuiteExecutor.execute(TestSuiteExecutor.java:91)
	at com.kms.katalon.core.main.TestCaseMain.startTestSuite(TestCaseMain.java:157)
	at com.kms.katalon.core.main.TestCaseMain$startTestSuite$0.call(Unknown Source)
	at TempTestSuite1597031983967.run(TempTestSuite1597031983967.groovy:36)


2020-08-10 11:59:48 - [TEST_STEP][PASSED] - startApplication("C:\Users\LENOVO\Katalon Studio\app-uat-universal-release.apk", false): Started app at: 'C:\Users\LENOVO\Katalon Studio\app-uat-universal-release.apk'

2020-08-10 11:59:48 - [MESSAGE][INFO] - User set preference: ['appWaitActivity', '*']

2020-08-10 11:59:48 - [MESSAGE][INFO] - User set preference: ['appWaitPackage', 'com.maybank2u.life.uat']

2020-08-10 11:59:48 - [MESSAGE][INFO] - User set preference: ['appWaitDuration', '50,000']

2020-08-10 11:59:48 - [MESSAGE][INFO] - User set preference: ['deviceId', '11cb9864']

2020-08-10 11:59:50 - [MESSAGE][INFO] - Appium server started on port 51,219

2020-08-10 12:00:11 - [MESSAGE][PASSED] - Started app at: 'C:\Users\LENOVO\Katalon Studio\app-uat-universal-release.apk'

2020-08-10 12:00:11 - [TEST_STEP][PASSED] - delay(5, STOP_ON_FAILURE): Delayed 5 second(s)

2020-08-10 12:00:16 - [MESSAGE][PASSED] - Delayed 5 second(s)

2020-08-10 12:00:16 - [TEST_STEP][PASSED] - delay(2, STOP_ON_FAILURE): Delayed 2 second(s)

2020-08-10 12:00:18 - [MESSAGE][PASSED] - Delayed 2 second(s)

2020-08-10 12:00:18 - [TEST_STEP][PASSED] - takeScreenshot("C:\Users\LENOVO\Screenshot\DuitNowProxy\Screen3.png", CONTINUE_ON_FAILURE): Screenshot is taken

2020-08-10 12:00:19 - [MESSAGE][PASSED] - Screenshot is taken
[[ATTACHMENT|C:\\Users\\LENOVO\\Screenshot\\DuitNowProxy\\Screen3.png]]

2020-08-10 12:00:19 - [TEST_STEP][PASSED] - tap(findTestObject("Maya/RegisterDuitNow/android.widget.TextView0 - More"), 0): Tapped on element 'Object Repository/Maya/RegisterDuitNow/android.widget.TextView0 - More'

2020-08-10 12:00:20 - [MESSAGE][WARNING] - Timeout '0' is invalid. Using default page load timeout: '10'

2020-08-10 12:00:32 - [MESSAGE][PASSED] - Tapped on element 'Object Repository/Maya/RegisterDuitNow/android.widget.TextView0 - More'

2020-08-10 12:00:32 - [TEST_STEP][PASSED] - tap(findTestObject("Maya/RegisterDuitNow/android.widget.TextView0 - Settings"), 0): Tapped on element 'Object Repository/Maya/RegisterDuitNow/android.widget.TextView0 - Settings'

2020-08-10 12:00:32 - [MESSAGE][WARNING] - Timeout '0' is invalid. Using default page load timeout: '10'

2020-08-10 12:00:34 - [MESSAGE][PASSED] - Tapped on element 'Object Repository/Maya/RegisterDuitNow/android.widget.TextView0 - Settings'

2020-08-10 12:00:34 - [TEST_STEP][PASSED] - delay(2, STOP_ON_FAILURE): Delayed 2 second(s)

2020-08-10 12:00:36 - [MESSAGE][PASSED] - Delayed 2 second(s)

2020-08-10 12:00:36 - [TEST_STEP][PASSED] - takeScreenshot("C:\Users\LENOVO\Screenshot\DuitNowProxy\Screen4.png", CONTINUE_ON_FAILURE): Screenshot is taken

2020-08-10 12:00:38 - [MESSAGE][PASSED] - Screenshot is taken
[[ATTACHMENT|C:\\Users\\LENOVO\\Screenshot\\DuitNowProxy\\Screen4.png]]

2020-08-10 12:00:38 - [TEST_STEP][PASSED] - tap(findTestObject("Maya/RegisterDuitNow/android.widget.TextView0 - Maybank2u"), 0): Tapped on element 'Object Repository/Maya/RegisterDuitNow/android.widget.TextView0 - Maybank2u'

2020-08-10 12:00:38 - [MESSAGE][WARNING] - Timeout '0' is invalid. Using default page load timeout: '10'

2020-08-10 12:00:39 - [MESSAGE][PASSED] - Tapped on element 'Object Repository/Maya/RegisterDuitNow/android.widget.TextView0 - Maybank2u'

2020-08-10 12:00:39 - [TEST_STEP][NOT_RUN] - setText(findTestObject("Maya/RegisterDuitNow/android.widget.EditText0"), "pass1234", 0): NOT_RUN: setText(findTestObject("Maya/RegisterDuitNow/android.widget.EditText0"), "pass1234", 0)

2020-08-10 12:00:39 - [MESSAGE][NOT_RUN] - NOT_RUN: setText(findTestObject("Maya/RegisterDuitNow/android.widget.EditText0"), "pass1234", 0)

2020-08-10 12:00:39 - [TEST_STEP][PASSED] - delay(2, STOP_ON_FAILURE): Delayed 2 second(s)

2020-08-10 12:00:41 - [MESSAGE][PASSED] - Delayed 2 second(s)

2020-08-10 12:00:41 - [TEST_STEP][PASSED] - takeScreenshot("C:\Users\LENOVO\Screenshot\DuitNowProxy\Screen6.png", CONTINUE_ON_FAILURE): Screenshot is taken

2020-08-10 12:00:42 - [MESSAGE][PASSED] - Screenshot is taken
[[ATTACHMENT|C:\\Users\\LENOVO\\Screenshot\\DuitNowProxy\\Screen6.png]]

2020-08-10 12:00:42 - [TEST_STEP][PASSED] - tap(findTestObject("Maya/RegisterDuitNow/android.widget.TextView0 - DuitNow"), 0): Tapped on element 'Object Repository/Maya/RegisterDuitNow/android.widget.TextView0 - DuitNow'

2020-08-10 12:00:42 - [MESSAGE][WARNING] - Timeout '0' is invalid. Using default page load timeout: '10'

2020-08-10 12:00:49 - [MESSAGE][PASSED] - Tapped on element 'Object Repository/Maya/RegisterDuitNow/android.widget.TextView0 - DuitNow'

2020-08-10 12:00:49 - [TEST_STEP][PASSED] - getText(findTestObject("Maya/RegisterDuitNow/android.widget.TextView0 - Link your Maybank account to an ID for DuitNow"), 0): Text of element 'Object Repository/Maya/RegisterDuitNow/android.widget.TextView0 - Link your Maybank account to an ID for DuitNow' is: 'Link your Maybank account to an ID for DuitNow'

2020-08-10 12:00:49 - [MESSAGE][WARNING] - Timeout '0' is invalid. Using default page load timeout: '10'

2020-08-10 12:00:50 - [MESSAGE][PASSED] - Text of element 'Object Repository/Maya/RegisterDuitNow/android.widget.TextView0 - Link your Maybank account to an ID for DuitNow' is: 'Link your Maybank account to an ID for DuitNow'

2020-08-10 12:00:50 - [TEST_STEP][PASSED] - verifyElementExist(findTestObject("Maya/RegisterDuitNow/android.widget.TextView0 - Link your Maybank account to an ID for DuitNow"), 0): Element 'Object Repository/Maya/RegisterDuitNow/android.widget.TextView0 - Link your Maybank account to an ID for DuitNow' is exist

2020-08-10 12:00:50 - [MESSAGE][WARNING] - Timeout '0' is invalid. Using default page load timeout: '10'

2020-08-10 12:00:50 - [MESSAGE][PASSED] - Element 'Object Repository/Maya/RegisterDuitNow/android.widget.TextView0 - Link your Maybank account to an ID for DuitNow' is exist

2020-08-10 12:00:50 - [TEST_STEP][PASSED] - delay(2, STOP_ON_FAILURE): Delayed 2 second(s)

2020-08-10 12:00:52 - [MESSAGE][PASSED] - Delayed 2 second(s)

2020-08-10 12:00:52 - [TEST_STEP][PASSED] - takeScreenshot("C:\Users\LENOVO\Screenshot\DuitNowProxy\Screen5.png", CONTINUE_ON_FAILURE): Screenshot is taken

2020-08-10 12:00:53 - [MESSAGE][PASSED] - Screenshot is taken
[[ATTACHMENT|C:\\Users\\LENOVO\\Screenshot\\DuitNowProxy\\Screen5.png]]

2020-08-10 12:00:53 - [TEST_STEP][PASSED] - getText(findTestObject("Maya/RegisterDuitNow/android.widget.TextView0 - Passport Number"), 0): Text of element 'Object Repository/Maya/RegisterDuitNow/android.widget.TextView0 - Passport Number' is: 'ID Number'

2020-08-10 12:00:53 - [MESSAGE][WARNING] - Timeout '0' is invalid. Using default page load timeout: '10'

2020-08-10 12:00:54 - [MESSAGE][PASSED] - Text of element 'Object Repository/Maya/RegisterDuitNow/android.widget.TextView0 - Passport Number' is: 'ID Number'

2020-08-10 12:00:54 - [TEST_STEP][PASSED] - verifyElementExist(findTestObject("Maya/RegisterDuitNow/android.widget.TextView0 - Passport Number"), 0): Element 'Object Repository/Maya/RegisterDuitNow/android.widget.TextView0 - Passport Number' is exist

2020-08-10 12:00:54 - [MESSAGE][WARNING] - Timeout '0' is invalid. Using default page load timeout: '10'

2020-08-10 12:00:54 - [MESSAGE][PASSED] - Element 'Object Repository/Maya/RegisterDuitNow/android.widget.TextView0 - Passport Number' is exist

2020-08-10 12:00:54 - [TEST_STEP][PASSED] - getText(findTestObject("Maya/RegisterDuitNow/android.widget.TextView0 - 5THA"), 0): Text of element 'Object Repository/Maya/RegisterDuitNow/android.widget.TextView0 - 5THA' is: '********5THA'

2020-08-10 12:00:54 - [MESSAGE][WARNING] - Timeout '0' is invalid. Using default page load timeout: '10'

2020-08-10 12:00:55 - [MESSAGE][PASSED] - Text of element 'Object Repository/Maya/RegisterDuitNow/android.widget.TextView0 - 5THA' is: '********5THA'

2020-08-10 12:00:55 - [TEST_STEP][PASSED] - verifyElementExist(findTestObject("Maya/RegisterDuitNow/android.widget.TextView0 - 5THA"), 0): Element 'Object Repository/Maya/RegisterDuitNow/android.widget.TextView0 - 5THA' is exist

2020-08-10 12:00:55 - [MESSAGE][WARNING] - Timeout '0' is invalid. Using default page load timeout: '10'

2020-08-10 12:00:55 - [MESSAGE][PASSED] - Element 'Object Repository/Maya/RegisterDuitNow/android.widget.TextView0 - 5THA' is exist

2020-08-10 12:00:55 - [TEST_STEP][PASSED] - getText(findTestObject("Maya/RegisterDuitNow/android.widget.TextView0 - Maybank"), 0): Text of element 'Object Repository/Maya/RegisterDuitNow/android.widget.TextView0 - Maybank' is: 'Maybank'

2020-08-10 12:00:55 - [MESSAGE][WARNING] - Timeout '0' is invalid. Using default page load timeout: '10'

2020-08-10 12:00:56 - [MESSAGE][PASSED] - Text of element 'Object Repository/Maya/RegisterDuitNow/android.widget.TextView0 - Maybank' is: 'Maybank'

2020-08-10 12:00:56 - [TEST_STEP][PASSED] - verifyElementExist(findTestObject("Maya/RegisterDuitNow/android.widget.TextView0 - Maybank"), 0): Element 'Object Repository/Maya/RegisterDuitNow/android.widget.TextView0 - Maybank' is exist

2020-08-10 12:00:56 - [MESSAGE][WARNING] - Timeout '0' is invalid. Using default page load timeout: '10'

2020-08-10 12:00:56 - [MESSAGE][PASSED] - Element 'Object Repository/Maya/RegisterDuitNow/android.widget.TextView0 - Maybank' is exist

2020-08-10 12:00:56 - [TEST_STEP][PASSED] - tap(findTestObject("Maya/RegisterDuitNow/android.widget.TextView0 - Passport Number"), 0): Tapped on element 'Object Repository/Maya/RegisterDuitNow/android.widget.TextView0 - Passport Number'

2020-08-10 12:00:56 - [MESSAGE][WARNING] - Timeout '0' is invalid. Using default page load timeout: '10'

2020-08-10 12:00:58 - [MESSAGE][PASSED] - Tapped on element 'Object Repository/Maya/RegisterDuitNow/android.widget.TextView0 - Passport Number'

2020-08-10 12:00:58 - [TEST_STEP][PASSED] - getText(findTestObject("Maya/RegisterDuitNow/android.widget.TextView0 - Passport Number (1)"), 0): Text of element 'Object Repository/Maya/RegisterDuitNow/android.widget.TextView0 - Passport Number (1)' is: 'Passport Number'

2020-08-10 12:00:58 - [MESSAGE][WARNING] - Timeout '0' is invalid. Using default page load timeout: '10'

2020-08-10 12:00:58 - [MESSAGE][PASSED] - Text of element 'Object Repository/Maya/RegisterDuitNow/android.widget.TextView0 - Passport Number (1)' is: 'Passport Number'

2020-08-10 12:00:58 - [TEST_STEP][PASSED] - verifyElementExist(findTestObject("Maya/RegisterDuitNow/android.widget.TextView0 - Maybank"), 0): Element 'Object Repository/Maya/RegisterDuitNow/android.widget.TextView0 - Maybank' is exist

2020-08-10 12:00:58 - [MESSAGE][WARNING] - Timeout '0' is invalid. Using default page load timeout: '10'

2020-08-10 12:00:58 - [MESSAGE][PASSED] - Element 'Object Repository/Maya/RegisterDuitNow/android.widget.TextView0 - Maybank' is exist

2020-08-10 12:00:58 - [TEST_STEP][PASSED] - getText(findTestObject("Maya/RegisterDuitNow/android.widget.TextView0 - 5THA (1)"), 0): Text of element 'Object Repository/Maya/RegisterDuitNow/android.widget.TextView0 - 5THA (1)' is: '********5THA'

2020-08-10 12:00:58 - [MESSAGE][WARNING] - Timeout '0' is invalid. Using default page load timeout: '10'

2020-08-10 12:00:59 - [MESSAGE][PASSED] - Text of element 'Object Repository/Maya/RegisterDuitNow/android.widget.TextView0 - 5THA (1)' is: '********5THA'

2020-08-10 12:00:59 - [TEST_STEP][PASSED] - verifyElementExist(findTestObject("Maya/RegisterDuitNow/android.widget.TextView0 - Maybank"), 0): Element 'Object Repository/Maya/RegisterDuitNow/android.widget.TextView0 - Maybank' is exist

2020-08-10 12:00:59 - [MESSAGE][WARNING] - Timeout '0' is invalid. Using default page load timeout: '10'

2020-08-10 12:00:59 - [MESSAGE][PASSED] - Element 'Object Repository/Maya/RegisterDuitNow/android.widget.TextView0 - Maybank' is exist

2020-08-10 12:00:59 - [TEST_STEP][PASSED] - getText(findTestObject("Maya/RegisterDuitNow/android.widget.TextView0 - Status"), 0): Text of element 'Object Repository/Maya/RegisterDuitNow/android.widget.TextView0 - Status' is: 'Status'

2020-08-10 12:00:59 - [MESSAGE][WARNING] - Timeout '0' is invalid. Using default page load timeout: '10'

2020-08-10 12:00:59 - [MESSAGE][PASSED] - Text of element 'Object Repository/Maya/RegisterDuitNow/android.widget.TextView0 - Status' is: 'Status'

2020-08-10 12:00:59 - [TEST_STEP][PASSED] - verifyElementExist(findTestObject("Maya/RegisterDuitNow/android.widget.TextView0 - Status"), 0): Element 'Object Repository/Maya/RegisterDuitNow/android.widget.TextView0 - Status' is exist

2020-08-10 12:00:59 - [MESSAGE][WARNING] - Timeout '0' is invalid. Using default page load timeout: '10'

2020-08-10 12:00:59 - [MESSAGE][PASSED] - Element 'Object Repository/Maya/RegisterDuitNow/android.widget.TextView0 - Status' is exist

2020-08-10 12:00:59 - [TEST_STEP][PASSED] - getText(findTestObject("Maya/RegisterDuitNow/android.widget.TextView0 - ACTIVE"), 0): Text of element 'Object Repository/Maya/RegisterDuitNow/android.widget.TextView0 - ACTIVE' is: 'ACTIVE'

2020-08-10 12:01:00 - [MESSAGE][WARNING] - Timeout '0' is invalid. Using default page load timeout: '10'

2020-08-10 12:01:00 - [MESSAGE][PASSED] - Text of element 'Object Repository/Maya/RegisterDuitNow/android.widget.TextView0 - ACTIVE' is: 'ACTIVE'

2020-08-10 12:01:00 - [TEST_STEP][PASSED] - delay(2, STOP_ON_FAILURE): Delayed 2 second(s)

2020-08-10 12:01:02 - [MESSAGE][PASSED] - Delayed 2 second(s)

2020-08-10 12:01:02 - [TEST_STEP][PASSED] - takeScreenshot("C:\Users\LENOVO\Screenshot\DuitNowProxy\Screen8.png", CONTINUE_ON_FAILURE): Screenshot is taken

2020-08-10 12:01:03 - [MESSAGE][PASSED] - Screenshot is taken
[[ATTACHMENT|C:\\Users\\LENOVO\\Screenshot\\DuitNowProxy\\Screen8.png]]

2020-08-10 12:01:03 - [TEST_STEP][PASSED] - verifyElementExist(findTestObject("Maya/RegisterDuitNow/android.widget.TextView0 - ACTIVE"), 0): Element 'Object Repository/Maya/RegisterDuitNow/android.widget.TextView0 - ACTIVE' is exist

2020-08-10 12:01:03 - [MESSAGE][WARNING] - Timeout '0' is invalid. Using default page load timeout: '10'

2020-08-10 12:01:03 - [MESSAGE][PASSED] - Element 'Object Repository/Maya/RegisterDuitNow/android.widget.TextView0 - ACTIVE' is exist

2020-08-10 12:01:03 - [TEST_STEP][PASSED] - getText(findTestObject("Maya/RegisterDuitNow/android.widget.TextView0 - Receiving bank"), 0): Text of element 'Object Repository/Maya/RegisterDuitNow/android.widget.TextView0 - Receiving bank' is: 'Receiving bank'

2020-08-10 12:01:03 - [MESSAGE][WARNING] - Timeout '0' is invalid. Using default page load timeout: '10'

2020-08-10 12:01:03 - [MESSAGE][PASSED] - Text of element 'Object Repository/Maya/RegisterDuitNow/android.widget.TextView0 - Receiving bank' is: 'Receiving bank'

2020-08-10 12:01:03 - [TEST_STEP][PASSED] - verifyElementExist(findTestObject("Maya/RegisterDuitNow/android.widget.TextView0 - Receiving bank"), 0): Element 'Object Repository/Maya/RegisterDuitNow/android.widget.TextView0 - Receiving bank' is exist

2020-08-10 12:01:03 - [MESSAGE][WARNING] - Timeout '0' is invalid. Using default page load timeout: '10'

2020-08-10 12:01:04 - [MESSAGE][PASSED] - Element 'Object Repository/Maya/RegisterDuitNow/android.widget.TextView0 - Receiving bank' is exist

2020-08-10 12:01:04 - [TEST_STEP][PASSED] - getText(findTestObject("Maya/RegisterDuitNow/android.widget.TextView0 - Maybank (1)"), 0): Text of element 'Object Repository/Maya/RegisterDuitNow/android.widget.TextView0 - Maybank (1)' is: 'Maybank'

2020-08-10 12:01:04 - [MESSAGE][WARNING] - Timeout '0' is invalid. Using default page load timeout: '10'

2020-08-10 12:01:04 - [MESSAGE][PASSED] - Text of element 'Object Repository/Maya/RegisterDuitNow/android.widget.TextView0 - Maybank (1)' is: 'Maybank'

2020-08-10 12:01:04 - [TEST_STEP][PASSED] - verifyElementExist(findTestObject("Maya/RegisterDuitNow/android.widget.TextView0 - Maybank (1)"), 0): Element 'Object Repository/Maya/RegisterDuitNow/android.widget.TextView0 - Maybank (1)' is exist

2020-08-10 12:01:04 - [MESSAGE][WARNING] - Timeout '0' is invalid. Using default page load timeout: '10'

2020-08-10 12:01:04 - [MESSAGE][PASSED] - Element 'Object Repository/Maya/RegisterDuitNow/android.widget.TextView0 - Maybank (1)' is exist

2020-08-10 12:01:04 - [TEST_STEP][PASSED] - getText(findTestObject("Maya/RegisterDuitNow/android.widget.TextView0 - Receiving Account"), 0): Text of element 'Object Repository/Maya/RegisterDuitNow/android.widget.TextView0 - Receiving Account' is: 'Receiving Account'

2020-08-10 12:01:04 - [MESSAGE][WARNING] - Timeout '0' is invalid. Using default page load timeout: '10'

2020-08-10 12:01:04 - [MESSAGE][PASSED] - Text of element 'Object Repository/Maya/RegisterDuitNow/android.widget.TextView0 - Receiving Account' is: 'Receiving Account'

2020-08-10 12:01:04 - [TEST_STEP][PASSED] - verifyElementExist(findTestObject("Maya/RegisterDuitNow/android.widget.TextView0 - Receiving Account"), 0): Element 'Object Repository/Maya/RegisterDuitNow/android.widget.TextView0 - Receiving Account' is exist

2020-08-10 12:01:04 - [MESSAGE][WARNING] - Timeout '0' is invalid. Using default page load timeout: '10'

2020-08-10 12:01:05 - [MESSAGE][PASSED] - Element 'Object Repository/Maya/RegisterDuitNow/android.widget.TextView0 - Receiving Account' is exist

2020-08-10 12:01:05 - [TEST_STEP][PASSED] - getText(findTestObject("Maya/RegisterDuitNow/android.widget.TextView0 - 4039"), 0): Text of element 'Object Repository/Maya/RegisterDuitNow/android.widget.TextView0 - 4039' is: '********4039'

2020-08-10 12:01:05 - [MESSAGE][WARNING] - Timeout '0' is invalid. Using default page load timeout: '10'

2020-08-10 12:01:05 - [MESSAGE][PASSED] - Text of element 'Object Repository/Maya/RegisterDuitNow/android.widget.TextView0 - 4039' is: '********4039'

2020-08-10 12:01:05 - [TEST_STEP][PASSED] - verifyElementExist(findTestObject("Maya/RegisterDuitNow/android.widget.TextView0 - 4039"), 0): Element 'Object Repository/Maya/RegisterDuitNow/android.widget.TextView0 - 4039' is exist

2020-08-10 12:01:05 - [MESSAGE][WARNING] - Timeout '0' is invalid. Using default page load timeout: '10'

2020-08-10 12:01:06 - [MESSAGE][PASSED] - Element 'Object Repository/Maya/RegisterDuitNow/android.widget.TextView0 - 4039' is exist

2020-08-10 12:01:06 - [TEST_STEP][PASSED] - getText(findTestObject("Maya/RegisterDuitNow/android.widget.TextView0 - Switch account"), 0): Text of element 'Object Repository/Maya/RegisterDuitNow/android.widget.TextView0 - Switch account' is: 'Switch account'

2020-08-10 12:01:06 - [MESSAGE][WARNING] - Timeout '0' is invalid. Using default page load timeout: '10'

2020-08-10 12:01:06 - [MESSAGE][PASSED] - Text of element 'Object Repository/Maya/RegisterDuitNow/android.widget.TextView0 - Switch account' is: 'Switch account'

2020-08-10 12:01:06 - [TEST_STEP][PASSED] - verifyElementExist(findTestObject("Maya/RegisterDuitNow/android.widget.TextView0 - 4039"), 0): Element 'Object Repository/Maya/RegisterDuitNow/android.widget.TextView0 - 4039' is exist

2020-08-10 12:01:06 - [MESSAGE][WARNING] - Timeout '0' is invalid. Using default page load timeout: '10'

2020-08-10 12:01:06 - [MESSAGE][PASSED] - Element 'Object Repository/Maya/RegisterDuitNow/android.widget.TextView0 - 4039' is exist

2020-08-10 12:01:06 - [TEST_STEP][PASSED] - tap(findTestObject("Maya/RegisterDuitNow/android.widget.TextView0 - Switch account"), 0): Tapped on element 'Object Repository/Maya/RegisterDuitNow/android.widget.TextView0 - Switch account'

2020-08-10 12:01:06 - [MESSAGE][WARNING] - Timeout '0' is invalid. Using default page load timeout: '10'

2020-08-10 12:01:08 - [MESSAGE][PASSED] - Tapped on element 'Object Repository/Maya/RegisterDuitNow/android.widget.TextView0 - Switch account'

2020-08-10 12:01:08 - [TEST_STEP][PASSED] - getText(findTestObject("Maya/RegisterDuitNow/android.widget.TextView0 - Link Maybank account to DuitNow"), 0): Text of element 'Object Repository/Maya/RegisterDuitNow/android.widget.TextView0 - Link Maybank account to DuitNow' is: 'Link Maybank account to DuitNow'

2020-08-10 12:01:09 - [MESSAGE][WARNING] - Timeout '0' is invalid. Using default page load timeout: '10'

2020-08-10 12:01:09 - [MESSAGE][PASSED] - Text of element 'Object Repository/Maya/RegisterDuitNow/android.widget.TextView0 - Link Maybank account to DuitNow' is: 'Link Maybank account to DuitNow'

2020-08-10 12:01:09 - [TEST_STEP][PASSED] - verifyElementExist(findTestObject("Maya/RegisterDuitNow/android.widget.TextView0 - Link Maybank account to DuitNow"), 0): Element 'Object Repository/Maya/RegisterDuitNow/android.widget.TextView0 - Link Maybank account to DuitNow' is exist

2020-08-10 12:01:09 - [MESSAGE][WARNING] - Timeout '0' is invalid. Using default page load timeout: '10'

2020-08-10 12:01:09 - [MESSAGE][PASSED] - Element 'Object Repository/Maya/RegisterDuitNow/android.widget.TextView0 - Link Maybank account to DuitNow' is exist

2020-08-10 12:01:09 - [TEST_STEP][PASSED] - delay(2, STOP_ON_FAILURE): Delayed 2 second(s)

2020-08-10 12:01:11 - [MESSAGE][PASSED] - Delayed 2 second(s)

2020-08-10 12:01:11 - [TEST_STEP][PASSED] - takeScreenshot("C:\Users\LENOVO\Screenshot\DuitNowProxy\Screen10.png", CONTINUE_ON_FAILURE): Screenshot is taken

2020-08-10 12:01:12 - [MESSAGE][PASSED] - Screenshot is taken
[[ATTACHMENT|C:\\Users\\LENOVO\\Screenshot\\DuitNowProxy\\Screen10.png]]

2020-08-10 12:01:12 - [TEST_STEP][PASSED] - tapAndHoldAtPosition(540, 773, 1): Tapped and held at [540, 773] with duration 1

2020-08-10 12:01:15 - [MESSAGE][PASSED] - Tapped and held at [540, 773] with duration 1

2020-08-10 12:01:15 - [TEST_STEP][PASSED] - tap(findTestObject("Maya/RegisterDuitNow/android.widget.TextView0 - Continue"), 0): Tapped on element 'Object Repository/Maya/RegisterDuitNow/android.widget.TextView0 - Continue'

2020-08-10 12:01:15 - [MESSAGE][WARNING] - Timeout '0' is invalid. Using default page load timeout: '10'

2020-08-10 12:01:17 - [MESSAGE][PASSED] - Tapped on element 'Object Repository/Maya/RegisterDuitNow/android.widget.TextView0 - Continue'

2020-08-10 12:01:17 - [TEST_STEP][PASSED] - getText(findTestObject("Maya/RegisterDuitNow/android.widget.TextView0 - Please confirm your DuitNow details"), 0): Text of element 'Object Repository/Maya/RegisterDuitNow/android.widget.TextView0 - Please confirm your DuitNow details' is: 'Please confirm your DuitNow details'

2020-08-10 12:01:17 - [MESSAGE][WARNING] - Timeout '0' is invalid. Using default page load timeout: '10'

2020-08-10 12:01:17 - [MESSAGE][PASSED] - Text of element 'Object Repository/Maya/RegisterDuitNow/android.widget.TextView0 - Please confirm your DuitNow details' is: 'Please confirm your DuitNow details'

2020-08-10 12:01:17 - [TEST_STEP][PASSED] - verifyElementExist(findTestObject("Maya/RegisterDuitNow/android.widget.TextView0 - Please confirm your DuitNow details"), 0): Element 'Object Repository/Maya/RegisterDuitNow/android.widget.TextView0 - Please confirm your DuitNow details' is exist

2020-08-10 12:01:17 - [MESSAGE][WARNING] - Timeout '0' is invalid. Using default page load timeout: '10'

2020-08-10 12:01:17 - [MESSAGE][PASSED] - Element 'Object Repository/Maya/RegisterDuitNow/android.widget.TextView0 - Please confirm your DuitNow details' is exist

2020-08-10 12:01:17 - [TEST_STEP][PASSED] - delay(2, STOP_ON_FAILURE): Delayed 2 second(s)

2020-08-10 12:01:19 - [MESSAGE][PASSED] - Delayed 2 second(s)

2020-08-10 12:01:19 - [TEST_STEP][PASSED] - takeScreenshot("C:\Users\LENOVO\Screenshot\DuitNowProxy\Screen11.png", CONTINUE_ON_FAILURE): Screenshot is taken

2020-08-10 12:01:20 - [MESSAGE][PASSED] - Screenshot is taken
[[ATTACHMENT|C:\\Users\\LENOVO\\Screenshot\\DuitNowProxy\\Screen11.png]]

2020-08-10 12:01:20 - [TEST_STEP][NOT_RUN] - getText(findTestObject("Maya/RegisterDuitNow/android.widget.TextView0 - Passport Number (2)"), 0): NOT_RUN: getText(findTestObject("Maya/RegisterDuitNow/android.widget.TextView0 - Passport Number (2)"), 0)

2020-08-10 12:01:20 - [MESSAGE][NOT_RUN] - NOT_RUN: getText(findTestObject("Maya/RegisterDuitNow/android.widget.TextView0 - Passport Number (2)"), 0)

2020-08-10 12:01:20 - [TEST_STEP][NOT_RUN] - verifyElementExist(findTestObject("Maya/RegisterDuitNow/android.widget.TextView0 - Passport Number (2)"), 0): NOT_RUN: verifyElementExist(findTestObject("Maya/RegisterDuitNow/android.widget.TextView0 - Passport Number (2)"), 0)

2020-08-10 12:01:20 - [MESSAGE][NOT_RUN] - NOT_RUN: verifyElementExist(findTestObject("Maya/RegisterDuitNow/android.widget.TextView0 - Passport Number (2)"), 0)

2020-08-10 12:01:20 - [TEST_STEP][PASSED] - tap(findTestObject("Maya/RegisterDuitNow/android.widget.TextView0 - Agree and Confirm"), 0): Tapped on element 'Object Repository/Maya/RegisterDuitNow/android.widget.TextView0 - Agree and Confirm'

2020-08-10 12:01:20 - [MESSAGE][WARNING] - Timeout '0' is invalid. Using default page load timeout: '10'

2020-08-10 12:01:22 - [MESSAGE][PASSED] - Tapped on element 'Object Repository/Maya/RegisterDuitNow/android.widget.TextView0 - Agree and Confirm'

2020-08-10 12:01:22 - [TEST_STEP][PASSED] - tap(findTestObject("Maya/RegisterDuitNow/android.widget.TextView0 - Confirm"), 0): Tapped on element 'Object Repository/Maya/RegisterDuitNow/android.widget.TextView0 - Confirm'

2020-08-10 12:01:22 - [MESSAGE][WARNING] - Timeout '0' is invalid. Using default page load timeout: '10'

2020-08-10 12:01:23 - [MESSAGE][PASSED] - Tapped on element 'Object Repository/Maya/RegisterDuitNow/android.widget.TextView0 - Confirm'

2020-08-10 12:01:23 - [TEST_STEP][PASSED] - delay(2, STOP_ON_FAILURE): Delayed 2 second(s)

2020-08-10 12:01:25 - [MESSAGE][PASSED] - Delayed 2 second(s)

2020-08-10 12:01:25 - [TEST_STEP][PASSED] - takeScreenshot("C:\Users\LENOVO\Screenshot\DuitNowProxy\Screen12.png", CONTINUE_ON_FAILURE): Screenshot is taken

2020-08-10 12:01:26 - [MESSAGE][PASSED] - Screenshot is taken
[[ATTACHMENT|C:\\Users\\LENOVO\\Screenshot\\DuitNowProxy\\Screen12.png]]

2020-08-10 12:01:26 - [TEST_STEP][PASSED] - otpMess = getText(findTestObject("Maya/Third Party CA account/android.widget.TextView0 - Your OTP no. is 460943"), 0): Text of element 'Object Repository/Maya/Third Party CA account/android.widget.TextView0 - Your OTP no. is 460943' is: 'Your OTP no. is 851937'

2020-08-10 12:01:26 - [MESSAGE][WARNING] - Timeout '0' is invalid. Using default page load timeout: '10'

2020-08-10 12:01:27 - [MESSAGE][PASSED] - Text of element 'Object Repository/Maya/Third Party CA account/android.widget.TextView0 - Your OTP no. is 460943' is: 'Your OTP no. is 851937'

2020-08-10 12:01:27 - [TEST_STEP][PASSED] - delay(2): Delayed 2 second(s)

2020-08-10 12:01:29 - [MESSAGE][PASSED] - Delayed 2 second(s)

2020-08-10 12:01:29 - [TEST_STEP][PASSED] - for ([i = 16, i <= 21, (i++)]): null

2020-08-10 12:01:29 - [TEST_STEP][PASSED] - delay(3, STOP_ON_FAILURE): Delayed 3 second(s)

2020-08-10 12:01:32 - [MESSAGE][PASSED] - Delayed 3 second(s)

2020-08-10 12:01:32 - [TEST_STEP][PASSED] - if (otpMess[i] == "0"): null

2020-08-10 12:01:32 - [TEST_STEP][PASSED] - if (otpMess[i] == "1"): null

2020-08-10 12:01:32 - [TEST_STEP][PASSED] - if (otpMess[i] == "2"): null

2020-08-10 12:01:32 - [TEST_STEP][PASSED] - if (otpMess[i] == "3"): null

2020-08-10 12:01:32 - [TEST_STEP][PASSED] - if (otpMess[i] == "4"): null

2020-08-10 12:01:32 - [TEST_STEP][PASSED] - if (otpMess[i] == "5"): null

2020-08-10 12:01:32 - [TEST_STEP][PASSED] - if (otpMess[i] == "6"): null

2020-08-10 12:01:32 - [TEST_STEP][PASSED] - if (otpMess[i] == "7"): null

2020-08-10 12:01:32 - [TEST_STEP][PASSED] - if (otpMess[i] == "8"): Tapped on element 'Object Repository/Maya/login again/Spy - 8'

2020-08-10 12:01:32 - [TEST_STEP][PASSED] - delay(1, STOP_ON_FAILURE): Delayed 1 second(s)

2020-08-10 12:01:33 - [MESSAGE][PASSED] - Delayed 1 second(s)

2020-08-10 12:01:33 - [TEST_STEP][PASSED] - tap(findTestObject("Maya/login again/Spy - 8"), 0): Tapped on element 'Object Repository/Maya/login again/Spy - 8'

2020-08-10 12:01:33 - [MESSAGE][WARNING] - Timeout '0' is invalid. Using default page load timeout: '10'

2020-08-10 12:01:34 - [MESSAGE][PASSED] - Tapped on element 'Object Repository/Maya/login again/Spy - 8'

2020-08-10 12:01:34 - [TEST_STEP][PASSED] - if (otpMess[i] == "9"): null

2020-08-10 12:01:34 - [TEST_STEP][PASSED] - delay(3, STOP_ON_FAILURE): Delayed 3 second(s)

2020-08-10 12:01:37 - [MESSAGE][PASSED] - Delayed 3 second(s)

2020-08-10 12:01:37 - [TEST_STEP][PASSED] - if (otpMess[i] == "0"): null

2020-08-10 12:01:37 - [TEST_STEP][PASSED] - if (otpMess[i] == "1"): null

2020-08-10 12:01:37 - [TEST_STEP][PASSED] - if (otpMess[i] == "2"): null

2020-08-10 12:01:37 - [TEST_STEP][PASSED] - if (otpMess[i] == "3"): null

2020-08-10 12:01:37 - [TEST_STEP][PASSED] - if (otpMess[i] == "4"): null

2020-08-10 12:01:37 - [TEST_STEP][PASSED] - if (otpMess[i] == "5"): Tapped on element 'Object Repository/Maya/login again/Spy- 5'

2020-08-10 12:01:37 - [TEST_STEP][PASSED] - delay(1, STOP_ON_FAILURE): Delayed 1 second(s)

2020-08-10 12:01:38 - [MESSAGE][PASSED] - Delayed 1 second(s)

2020-08-10 12:01:38 - [TEST_STEP][PASSED] - tap(findTestObject("Maya/login again/Spy- 5"), 0): Tapped on element 'Object Repository/Maya/login again/Spy- 5'

2020-08-10 12:01:38 - [MESSAGE][WARNING] - Timeout '0' is invalid. Using default page load timeout: '10'

2020-08-10 12:01:39 - [MESSAGE][PASSED] - Tapped on element 'Object Repository/Maya/login again/Spy- 5'

2020-08-10 12:01:39 - [TEST_STEP][PASSED] - if (otpMess[i] == "6"): null

2020-08-10 12:01:39 - [TEST_STEP][PASSED] - if (otpMess[i] == "7"): null

2020-08-10 12:01:39 - [TEST_STEP][PASSED] - if (otpMess[i] == "8"): null

2020-08-10 12:01:39 - [TEST_STEP][PASSED] - if (otpMess[i] == "9"): null

2020-08-10 12:01:39 - [TEST_STEP][PASSED] - delay(3, STOP_ON_FAILURE): Delayed 3 second(s)

2020-08-10 12:01:42 - [MESSAGE][PASSED] - Delayed 3 second(s)

2020-08-10 12:01:42 - [TEST_STEP][PASSED] - if (otpMess[i] == "0"): null

2020-08-10 12:01:42 - [TEST_STEP][PASSED] - if (otpMess[i] == "1"): Tapped on element 'Object Repository/Maya/login again/Spy - 1'

2020-08-10 12:01:42 - [TEST_STEP][PASSED] - delay(1, STOP_ON_FAILURE): Delayed 1 second(s)

2020-08-10 12:01:43 - [MESSAGE][PASSED] - Delayed 1 second(s)

2020-08-10 12:01:43 - [TEST_STEP][PASSED] - tap(findTestObject("Maya/login again/Spy - 1"), 0): Tapped on element 'Object Repository/Maya/login again/Spy - 1'

2020-08-10 12:01:43 - [MESSAGE][WARNING] - Timeout '0' is invalid. Using default page load timeout: '10'

2020-08-10 12:01:44 - [MESSAGE][PASSED] - Tapped on element 'Object Repository/Maya/login again/Spy - 1'

2020-08-10 12:01:44 - [TEST_STEP][PASSED] - if (otpMess[i] == "2"): null

2020-08-10 12:01:44 - [TEST_STEP][PASSED] - if (otpMess[i] == "3"): null

2020-08-10 12:01:44 - [TEST_STEP][PASSED] - if (otpMess[i] == "4"): null

2020-08-10 12:01:44 - [TEST_STEP][PASSED] - if (otpMess[i] == "5"): null

2020-08-10 12:01:44 - [TEST_STEP][PASSED] - if (otpMess[i] == "6"): null

2020-08-10 12:01:44 - [TEST_STEP][PASSED] - if (otpMess[i] == "7"): null

2020-08-10 12:01:44 - [TEST_STEP][PASSED] - if (otpMess[i] == "8"): null

2020-08-10 12:01:44 - [TEST_STEP][PASSED] - if (otpMess[i] == "9"): null

2020-08-10 12:01:44 - [TEST_STEP][PASSED] - delay(3, STOP_ON_FAILURE): Delayed 3 second(s)

2020-08-10 12:01:47 - [MESSAGE][PASSED] - Delayed 3 second(s)

2020-08-10 12:01:47 - [TEST_STEP][PASSED] - if (otpMess[i] == "0"): null

2020-08-10 12:01:47 - [TEST_STEP][PASSED] - if (otpMess[i] == "1"): null

2020-08-10 12:01:47 - [TEST_STEP][PASSED] - if (otpMess[i] == "2"): null

2020-08-10 12:01:47 - [TEST_STEP][PASSED] - if (otpMess[i] == "3"): null

2020-08-10 12:01:47 - [TEST_STEP][PASSED] - if (otpMess[i] == "4"): null

2020-08-10 12:01:47 - [TEST_STEP][PASSED] - if (otpMess[i] == "5"): null

2020-08-10 12:01:47 - [TEST_STEP][PASSED] - if (otpMess[i] == "6"): null

2020-08-10 12:01:47 - [TEST_STEP][PASSED] - if (otpMess[i] == "7"): null

2020-08-10 12:01:47 - [TEST_STEP][PASSED] - if (otpMess[i] == "8"): null

2020-08-10 12:01:47 - [TEST_STEP][PASSED] - if (otpMess[i] == "9"): Tapped on element 'Object Repository/Maya/login again/Spy- 9'

2020-08-10 12:01:47 - [TEST_STEP][PASSED] - delay(1, STOP_ON_FAILURE): Delayed 1 second(s)

2020-08-10 12:01:48 - [MESSAGE][PASSED] - Delayed 1 second(s)

2020-08-10 12:01:48 - [TEST_STEP][PASSED] - tap(findTestObject("Maya/login again/Spy- 9"), 0): Tapped on element 'Object Repository/Maya/login again/Spy- 9'

2020-08-10 12:01:48 - [MESSAGE][WARNING] - Timeout '0' is invalid. Using default page load timeout: '10'

2020-08-10 12:01:49 - [MESSAGE][PASSED] - Tapped on element 'Object Repository/Maya/login again/Spy- 9'

2020-08-10 12:01:49 - [TEST_STEP][PASSED] - delay(3, STOP_ON_FAILURE): Delayed 3 second(s)

2020-08-10 12:01:52 - [MESSAGE][PASSED] - Delayed 3 second(s)

2020-08-10 12:01:52 - [TEST_STEP][PASSED] - if (otpMess[i] == "0"): null

2020-08-10 12:01:52 - [TEST_STEP][PASSED] - if (otpMess[i] == "1"): null

2020-08-10 12:01:52 - [TEST_STEP][PASSED] - if (otpMess[i] == "2"): null

2020-08-10 12:01:52 - [TEST_STEP][PASSED] - if (otpMess[i] == "3"): Tapped on element 'Object Repository/Maya/login again/Spy- 3'

2020-08-10 12:01:52 - [TEST_STEP][PASSED] - delay(1, STOP_ON_FAILURE): Delayed 1 second(s)

2020-08-10 12:01:53 - [MESSAGE][PASSED] - Delayed 1 second(s)

2020-08-10 12:01:53 - [TEST_STEP][NOT_RUN] - tap(findTestObject("MAYA SIT v118/spy/TAC - keypad 3"), 0): NOT_RUN: tap(findTestObject("MAYA SIT v118/spy/TAC - keypad 3"), 0)

2020-08-10 12:01:53 - [MESSAGE][NOT_RUN] - NOT_RUN: tap(findTestObject("MAYA SIT v118/spy/TAC - keypad 3"), 0)

2020-08-10 12:01:53 - [TEST_STEP][PASSED] - tap(findTestObject("Maya/login again/Spy- 3"), 0): Tapped on element 'Object Repository/Maya/login again/Spy- 3'

2020-08-10 12:01:53 - [MESSAGE][WARNING] - Timeout '0' is invalid. Using default page load timeout: '10'

2020-08-10 12:01:54 - [MESSAGE][PASSED] - Tapped on element 'Object Repository/Maya/login again/Spy- 3'

2020-08-10 12:01:54 - [TEST_STEP][PASSED] - if (otpMess[i] == "4"): null

2020-08-10 12:01:54 - [TEST_STEP][PASSED] - if (otpMess[i] == "5"): null

2020-08-10 12:01:54 - [TEST_STEP][PASSED] - if (otpMess[i] == "6"): null

2020-08-10 12:01:54 - [TEST_STEP][PASSED] - if (otpMess[i] == "7"): null

2020-08-10 12:01:54 - [TEST_STEP][PASSED] - if (otpMess[i] == "8"): null

2020-08-10 12:01:54 - [TEST_STEP][PASSED] - if (otpMess[i] == "9"): null

2020-08-10 12:01:54 - [TEST_STEP][PASSED] - delay(3, STOP_ON_FAILURE): Delayed 3 second(s)

2020-08-10 12:01:57 - [MESSAGE][PASSED] - Delayed 3 second(s)

2020-08-10 12:01:57 - [TEST_STEP][PASSED] - if (otpMess[i] == "0"): null

2020-08-10 12:01:57 - [TEST_STEP][PASSED] - if (otpMess[i] == "1"): null

2020-08-10 12:01:57 - [TEST_STEP][PASSED] - if (otpMess[i] == "2"): null

2020-08-10 12:01:57 - [TEST_STEP][PASSED] - if (otpMess[i] == "3"): null

2020-08-10 12:01:57 - [TEST_STEP][PASSED] - if (otpMess[i] == "4"): null

2020-08-10 12:01:57 - [TEST_STEP][PASSED] - if (otpMess[i] == "5"): null

2020-08-10 12:01:57 - [TEST_STEP][PASSED] - if (otpMess[i] == "6"): null

2020-08-10 12:01:57 - [TEST_STEP][PASSED] - if (otpMess[i] == "7"): Tapped on element 'Object Repository/Maya/login again/Spy - 7'

2020-08-10 12:01:57 - [TEST_STEP][PASSED] - delay(1, STOP_ON_FAILURE): Delayed 1 second(s)

2020-08-10 12:01:58 - [MESSAGE][PASSED] - Delayed 1 second(s)

2020-08-10 12:01:58 - [TEST_STEP][PASSED] - tap(findTestObject("Maya/login again/Spy - 7"), 0): Tapped on element 'Object Repository/Maya/login again/Spy - 7'

2020-08-10 12:01:58 - [MESSAGE][WARNING] - Timeout '0' is invalid. Using default page load timeout: '10'

2020-08-10 12:01:59 - [MESSAGE][PASSED] - Tapped on element 'Object Repository/Maya/login again/Spy - 7'

2020-08-10 12:01:59 - [TEST_STEP][PASSED] - if (otpMess[i] == "8"): null

2020-08-10 12:01:59 - [TEST_STEP][PASSED] - if (otpMess[i] == "9"): null

2020-08-10 12:01:59 - [TEST_STEP][PASSED] - delay(8, STOP_ON_FAILURE): Delayed 8 second(s)

2020-08-10 12:02:07 - [MESSAGE][PASSED] - Delayed 8 second(s)

2020-08-10 12:02:07 - [TEST_STEP][PASSED] - tap(findTestObject("Maya/Forgot Pin/android.widget.ImageView0 (7)"), 0): Tapped on element 'Object Repository/Maya/Forgot Pin/android.widget.ImageView0 (7)'

2020-08-10 12:02:07 - [MESSAGE][WARNING] - Timeout '0' is invalid. Using default page load timeout: '10'

2020-08-10 12:02:08 - [MESSAGE][PASSED] - Tapped on element 'Object Repository/Maya/Forgot Pin/android.widget.ImageView0 (7)'

2020-08-10 12:02:08 - [TEST_STEP][PASSED] - getText(findTestObject("Maya/RegisterDuitNow/android.widget.TextView0 - Youve successfully linked your account to DuitNow"), 0, STOP_ON_FAILURE): Text of element 'Object Repository/Maya/RegisterDuitNow/android.widget.TextView0 - Youve successfully linked your account to DuitNow' is: 'You’ve successfully linked your account to DuitNow'

2020-08-10 12:02:08 - [MESSAGE][WARNING] - Timeout '0' is invalid. Using default page load timeout: '10'

2020-08-10 12:02:11 - [MESSAGE][PASSED] - Text of element 'Object Repository/Maya/RegisterDuitNow/android.widget.TextView0 - Youve successfully linked your account to DuitNow' is: 'You’ve successfully linked your account to DuitNow'

2020-08-10 12:02:11 - [TEST_STEP][PASSED] - verifyElementExist(findTestObject("Maya/RegisterDuitNow/android.widget.TextView0 - Youve successfully linked your account to DuitNow"), 0): Element 'Object Repository/Maya/RegisterDuitNow/android.widget.TextView0 - Youve successfully linked your account to DuitNow' is exist

2020-08-10 12:02:11 - [MESSAGE][WARNING] - Timeout '0' is invalid. Using default page load timeout: '10'

2020-08-10 12:02:11 - [MESSAGE][PASSED] - Element 'Object Repository/Maya/RegisterDuitNow/android.widget.TextView0 - Youve successfully linked your account to DuitNow' is exist

2020-08-10 12:02:11 - [TEST_STEP][PASSED] - delay(2, STOP_ON_FAILURE): Delayed 2 second(s)

2020-08-10 12:02:13 - [MESSAGE][PASSED] - Delayed 2 second(s)

2020-08-10 12:02:13 - [TEST_STEP][PASSED] - takeScreenshot("C:\Users\LENOVO\Screenshot\DuitNowProxy\Screen13.png", CONTINUE_ON_FAILURE): Screenshot is taken

2020-08-10 12:02:14 - [MESSAGE][PASSED] - Screenshot is taken
[[ATTACHMENT|C:\\Users\\LENOVO\\Screenshot\\DuitNowProxy\\Screen13.png]]

2020-08-10 12:02:14 - [TEST_STEP][PASSED] - getText(findTestObject("Maya/RegisterDuitNow/android.widget.TextView0 - Your Account"), 0): Text of element 'Object Repository/Maya/RegisterDuitNow/android.widget.TextView0 - Your Account' is: 'Your Account'

2020-08-10 12:02:14 - [MESSAGE][WARNING] - Timeout '0' is invalid. Using default page load timeout: '10'

2020-08-10 12:02:14 - [MESSAGE][PASSED] - Text of element 'Object Repository/Maya/RegisterDuitNow/android.widget.TextView0 - Your Account' is: 'Your Account'

2020-08-10 12:02:14 - [TEST_STEP][PASSED] - verifyElementExist(findTestObject("Maya/RegisterDuitNow/android.widget.TextView0 - Your Account"), 0): Element 'Object Repository/Maya/RegisterDuitNow/android.widget.TextView0 - Your Account' is exist

2020-08-10 12:02:14 - [MESSAGE][WARNING] - Timeout '0' is invalid. Using default page load timeout: '10'

2020-08-10 12:02:14 - [MESSAGE][PASSED] - Element 'Object Repository/Maya/RegisterDuitNow/android.widget.TextView0 - Your Account' is exist

2020-08-10 12:02:14 - [TEST_STEP][PASSED] - delay(2, STOP_ON_FAILURE): Delayed 2 second(s)

2020-08-10 12:02:16 - [MESSAGE][PASSED] - Delayed 2 second(s)

2020-08-10 12:02:16 - [TEST_STEP][PASSED] - takeScreenshot("C:\Users\LENOVO\Screenshot\DuitNowProxy\Screen14.png", CONTINUE_ON_FAILURE): Screenshot is taken

2020-08-10 12:02:17 - [MESSAGE][PASSED] - Screenshot is taken
[[ATTACHMENT|C:\\Users\\LENOVO\\Screenshot\\DuitNowProxy\\Screen14.png]]

2020-08-10 12:02:17 - [TEST_STEP][PASSED] - getText(findTestObject("Maya/RegisterDuitNow/android.widget.TextView0 - Passport Number (3)"), 0): Text of element 'Object Repository/Maya/RegisterDuitNow/android.widget.TextView0 - Passport Number (3)' is: 'Passport Number'

2020-08-10 12:02:17 - [MESSAGE][WARNING] - Timeout '0' is invalid. Using default page load timeout: '10'

2020-08-10 12:02:17 - [MESSAGE][PASSED] - Text of element 'Object Repository/Maya/RegisterDuitNow/android.widget.TextView0 - Passport Number (3)' is: 'Passport Number'

2020-08-10 12:02:17 - [TEST_STEP][PASSED] - verifyElementExist(findTestObject("Maya/RegisterDuitNow/android.widget.TextView0 - Passport Number (3)"), 0): Element 'Object Repository/Maya/RegisterDuitNow/android.widget.TextView0 - Passport Number (3)' is exist

2020-08-10 12:02:18 - [MESSAGE][WARNING] - Timeout '0' is invalid. Using default page load timeout: '10'

2020-08-10 12:02:18 - [MESSAGE][PASSED] - Element 'Object Repository/Maya/RegisterDuitNow/android.widget.TextView0 - Passport Number (3)' is exist

2020-08-10 12:02:18 - [TEST_STEP][PASSED] - tap(findTestObject("Maya/RegisterDuitNow/android.widget.TextView0 - Done"), 0): Tapped on element 'Object Repository/Maya/RegisterDuitNow/android.widget.TextView0 - Done'

2020-08-10 12:02:18 - [MESSAGE][WARNING] - Timeout '0' is invalid. Using default page load timeout: '10'

2020-08-10 12:02:20 - [MESSAGE][PASSED] - Tapped on element 'Object Repository/Maya/RegisterDuitNow/android.widget.TextView0 - Done'

2020-08-10 12:02:20 - [TEST_STEP][PASSED] - tap(findTestObject("Maya/RegisterDuitNow/android.widget.TextView0 - DuitNow (1)"), 0): Tapped on element 'Object Repository/Maya/RegisterDuitNow/android.widget.TextView0 - DuitNow (1)'

2020-08-10 12:02:20 - [MESSAGE][WARNING] - Timeout '0' is invalid. Using default page load timeout: '10'

2020-08-10 12:02:21 - [MESSAGE][PASSED] - Tapped on element 'Object Repository/Maya/RegisterDuitNow/android.widget.TextView0 - DuitNow (1)'

2020-08-10 12:02:21 - [TEST_STEP][PASSED] - tap(findTestObject("Maya/RegisterDuitNow/android.widget.TextView0 - Passport Number (4)"), 0): Tapped on element 'Object Repository/Maya/RegisterDuitNow/android.widget.TextView0 - Passport Number (4)'

2020-08-10 12:02:21 - [MESSAGE][WARNING] - Timeout '0' is invalid. Using default page load timeout: '10'

2020-08-10 12:02:24 - [MESSAGE][PASSED] - Tapped on element 'Object Repository/Maya/RegisterDuitNow/android.widget.TextView0 - Passport Number (4)'

2020-08-10 12:02:24 - [TEST_STEP][PASSED] - getText(findTestObject("Maya/Nric Proxy Army/android.widget.TextView0 - ACTIVE"), 0): Text of element 'Object Repository/Maya/Nric Proxy Army/android.widget.TextView0 - ACTIVE' is: 'ACTIVE'

2020-08-10 12:02:24 - [MESSAGE][WARNING] - Timeout '0' is invalid. Using default page load timeout: '10'

2020-08-10 12:02:24 - [MESSAGE][PASSED] - Text of element 'Object Repository/Maya/Nric Proxy Army/android.widget.TextView0 - ACTIVE' is: 'ACTIVE'

2020-08-10 12:02:24 - [TEST_STEP][PASSED] - getText(findTestObject("Maya/RegisterDuitNow/android.widget.TextView0 - Passport Number (3)"), 0): Text of element 'Object Repository/Maya/RegisterDuitNow/android.widget.TextView0 - Passport Number (3)' is: 'Passport Number'

2020-08-10 12:02:24 - [MESSAGE][WARNING] - Timeout '0' is invalid. Using default page load timeout: '10'

2020-08-10 12:02:25 - [MESSAGE][PASSED] - Text of element 'Object Repository/Maya/RegisterDuitNow/android.widget.TextView0 - Passport Number (3)' is: 'Passport Number'

2020-08-10 12:02:25 - [TEST_STEP][PASSED] - delay(2, STOP_ON_FAILURE): Delayed 2 second(s)

2020-08-10 12:02:27 - [MESSAGE][PASSED] - Delayed 2 second(s)

2020-08-10 12:02:27 - [TEST_STEP][PASSED] - takeScreenshot("C:\Users\LENOVO\Screenshot\DuitNowProxy\Screen15.png", CONTINUE_ON_FAILURE): Screenshot is taken

2020-08-10 12:02:28 - [MESSAGE][PASSED] - Screenshot is taken
[[ATTACHMENT|C:\\Users\\LENOVO\\Screenshot\\DuitNowProxy\\Screen15.png]]

2020-08-10 12:02:28 - [TEST_STEP][PASSED] - verifyElementExist(findTestObject("Maya/Nric Proxy Army/android.widget.TextView0 - ACTIVE"), 0): Element 'Object Repository/Maya/Nric Proxy Army/android.widget.TextView0 - ACTIVE' is exist

2020-08-10 12:02:28 - [MESSAGE][WARNING] - Timeout '0' is invalid. Using default page load timeout: '10'

2020-08-10 12:02:28 - [MESSAGE][PASSED] - Element 'Object Repository/Maya/Nric Proxy Army/android.widget.TextView0 - ACTIVE' is exist

2020-08-10 12:02:28 - [TEST_STEP][PASSED] - delay(3, STOP_ON_FAILURE): Delayed 3 second(s)

2020-08-10 12:02:31 - [MESSAGE][PASSED] - Delayed 3 second(s)

2020-08-10 12:02:31 - [TEST_STEP][PASSED] - tap(findTestObject("Maya/Nric Proxy Army/android.widget.TextView0 - Disable Temporarily"), 0): Tapped on element 'Object Repository/Maya/Nric Proxy Army/android.widget.TextView0 - Disable Temporarily'

2020-08-10 12:02:31 - [MESSAGE][WARNING] - Timeout '0' is invalid. Using default page load timeout: '10'

2020-08-10 12:02:33 - [MESSAGE][PASSED] - Tapped on element 'Object Repository/Maya/Nric Proxy Army/android.widget.TextView0 - Disable Temporarily'

2020-08-10 12:02:33 - [TEST_STEP][PASSED] - tap(findTestObject("Maya/Nric Proxy Army/android.widget.TextView0 - Confirm (1)"), 0): Tapped on element 'Object Repository/Maya/Nric Proxy Army/android.widget.TextView0 - Confirm (1)'

2020-08-10 12:02:33 - [MESSAGE][WARNING] - Timeout '0' is invalid. Using default page load timeout: '10'

2020-08-10 12:02:34 - [MESSAGE][PASSED] - Tapped on element 'Object Repository/Maya/Nric Proxy Army/android.widget.TextView0 - Confirm (1)'

2020-08-10 12:02:34 - [TEST_STEP][PASSED] - delay(3, STOP_ON_FAILURE): Delayed 3 second(s)

2020-08-10 12:02:37 - [MESSAGE][PASSED] - Delayed 3 second(s)

2020-08-10 12:02:37 - [TEST_STEP][PASSED] - takeScreenshot("C:\Users\LENOVO\Screenshot\DuitNowProxy\Screen17.png", CONTINUE_ON_FAILURE): Screenshot is taken

2020-08-10 12:02:38 - [MESSAGE][PASSED] - Screenshot is taken
[[ATTACHMENT|C:\\Users\\LENOVO\\Screenshot\\DuitNowProxy\\Screen17.png]]

2020-08-10 12:02:38 - [TEST_STEP][PASSED] - tap(findTestObject("Maya/Nric Proxy Army/android.widget.TextView0 - Confirm"), 0): Tapped on element 'Object Repository/Maya/Nric Proxy Army/android.widget.TextView0 - Confirm'

2020-08-10 12:02:39 - [MESSAGE][WARNING] - Timeout '0' is invalid. Using default page load timeout: '10'

2020-08-10 12:02:40 - [MESSAGE][PASSED] - Tapped on element 'Object Repository/Maya/Nric Proxy Army/android.widget.TextView0 - Confirm'

2020-08-10 12:02:40 - [TEST_STEP][PASSED] - otp = getText(findTestObject("Maya/Third Party CA account/android.widget.TextView0 - Your OTP no. is 460943"), 0): Text of element 'Object Repository/Maya/Third Party CA account/android.widget.TextView0 - Your OTP no. is 460943' is: 'Your OTP no. is 642741'

2020-08-10 12:02:40 - [MESSAGE][WARNING] - Timeout '0' is invalid. Using default page load timeout: '10'

2020-08-10 12:02:42 - [MESSAGE][PASSED] - Text of element 'Object Repository/Maya/Third Party CA account/android.widget.TextView0 - Your OTP no. is 460943' is: 'Your OTP no. is 642741'

2020-08-10 12:02:42 - [TEST_STEP][PASSED] - delay(2): Delayed 2 second(s)

2020-08-10 12:02:44 - [MESSAGE][PASSED] - Delayed 2 second(s)

2020-08-10 12:02:44 - [TEST_STEP][PASSED] - for ([i = 16, i <= 21, (i++)]): null

2020-08-10 12:02:44 - [TEST_STEP][PASSED] - delay(3, STOP_ON_FAILURE): Delayed 3 second(s)

2020-08-10 12:02:47 - [MESSAGE][PASSED] - Delayed 3 second(s)

2020-08-10 12:02:47 - [TEST_STEP][PASSED] - if (otp[i] == "0"): null

2020-08-10 12:02:47 - [TEST_STEP][PASSED] - if (otp[i] == "1"): null

2020-08-10 12:02:47 - [TEST_STEP][PASSED] - if (otp[i] == "2"): null

2020-08-10 12:02:47 - [TEST_STEP][PASSED] - if (otp[i] == "3"): null

2020-08-10 12:02:47 - [TEST_STEP][PASSED] - if (otp[i] == "4"): null

2020-08-10 12:02:47 - [TEST_STEP][PASSED] - if (otp[i] == "5"): null

2020-08-10 12:02:47 - [TEST_STEP][PASSED] - if (otp[i] == "6"): Tapped on element 'Object Repository/Maya/login again/Spy- 6'

2020-08-10 12:02:47 - [TEST_STEP][PASSED] - delay(1, STOP_ON_FAILURE): Delayed 1 second(s)

2020-08-10 12:02:48 - [MESSAGE][PASSED] - Delayed 1 second(s)

2020-08-10 12:02:48 - [TEST_STEP][PASSED] - tap(findTestObject("Maya/login again/Spy- 6"), 0): Tapped on element 'Object Repository/Maya/login again/Spy- 6'

2020-08-10 12:02:48 - [MESSAGE][WARNING] - Timeout '0' is invalid. Using default page load timeout: '10'

2020-08-10 12:02:50 - [MESSAGE][PASSED] - Tapped on element 'Object Repository/Maya/login again/Spy- 6'

2020-08-10 12:02:50 - [TEST_STEP][PASSED] - if (otp[i] == "7"): null

2020-08-10 12:02:50 - [TEST_STEP][PASSED] - if (otp[i] == "8"): null

2020-08-10 12:02:50 - [TEST_STEP][PASSED] - if (otp[i] == "9"): null

2020-08-10 12:02:50 - [TEST_STEP][PASSED] - delay(3, STOP_ON_FAILURE): Delayed 3 second(s)

2020-08-10 12:02:53 - [MESSAGE][PASSED] - Delayed 3 second(s)

2020-08-10 12:02:53 - [TEST_STEP][PASSED] - if (otp[i] == "0"): null

2020-08-10 12:02:53 - [TEST_STEP][PASSED] - if (otp[i] == "1"): null

2020-08-10 12:02:53 - [TEST_STEP][PASSED] - if (otp[i] == "2"): null

2020-08-10 12:02:53 - [TEST_STEP][PASSED] - if (otp[i] == "3"): null

2020-08-10 12:02:53 - [TEST_STEP][PASSED] - if (otp[i] == "4"): Tapped on element 'Object Repository/Maya/login again/Spy - 4'

2020-08-10 12:02:53 - [TEST_STEP][PASSED] - delay(1, STOP_ON_FAILURE): Delayed 1 second(s)

2020-08-10 12:02:54 - [MESSAGE][PASSED] - Delayed 1 second(s)

2020-08-10 12:02:54 - [TEST_STEP][PASSED] - tap(findTestObject("Maya/login again/Spy - 4"), 0): Tapped on element 'Object Repository/Maya/login again/Spy - 4'

2020-08-10 12:02:54 - [MESSAGE][WARNING] - Timeout '0' is invalid. Using default page load timeout: '10'

2020-08-10 12:02:59 - [MESSAGE][PASSED] - Tapped on element 'Object Repository/Maya/login again/Spy - 4'

2020-08-10 12:02:59 - [TEST_STEP][PASSED] - if (otp[i] == "5"): null

2020-08-10 12:02:59 - [TEST_STEP][PASSED] - if (otp[i] == "6"): null

2020-08-10 12:02:59 - [TEST_STEP][PASSED] - if (otp[i] == "7"): null

2020-08-10 12:02:59 - [TEST_STEP][PASSED] - if (otp[i] == "8"): null

2020-08-10 12:02:59 - [TEST_STEP][PASSED] - if (otp[i] == "9"): null

2020-08-10 12:02:59 - [TEST_STEP][PASSED] - delay(3, STOP_ON_FAILURE): Delayed 3 second(s)

2020-08-10 12:03:02 - [MESSAGE][PASSED] - Delayed 3 second(s)

2020-08-10 12:03:02 - [TEST_STEP][PASSED] - if (otp[i] == "0"): null

2020-08-10 12:03:02 - [TEST_STEP][PASSED] - if (otp[i] == "1"): null

2020-08-10 12:03:02 - [TEST_STEP][PASSED] - if (otp[i] == "2"): Tapped on element 'Object Repository/Maya/login again/Spy- 2'

2020-08-10 12:03:02 - [TEST_STEP][PASSED] - delay(1, STOP_ON_FAILURE): Delayed 1 second(s)

2020-08-10 12:03:03 - [MESSAGE][PASSED] - Delayed 1 second(s)

2020-08-10 12:03:03 - [TEST_STEP][PASSED] - tap(findTestObject("Maya/login again/Spy- 2"), 0): Tapped on element 'Object Repository/Maya/login again/Spy- 2'

2020-08-10 12:03:03 - [MESSAGE][WARNING] - Timeout '0' is invalid. Using default page load timeout: '10'

2020-08-10 12:03:06 - [MESSAGE][PASSED] - Tapped on element 'Object Repository/Maya/login again/Spy- 2'

2020-08-10 12:03:06 - [TEST_STEP][PASSED] - if (otp[i] == "3"): null

2020-08-10 12:03:06 - [TEST_STEP][PASSED] - if (otp[i] == "4"): null

2020-08-10 12:03:06 - [TEST_STEP][PASSED] - if (otp[i] == "5"): null

2020-08-10 12:03:06 - [TEST_STEP][PASSED] - if (otp[i] == "6"): null

2020-08-10 12:03:06 - [TEST_STEP][PASSED] - if (otp[i] == "7"): null

2020-08-10 12:03:06 - [TEST_STEP][PASSED] - if (otp[i] == "8"): null

2020-08-10 12:03:06 - [TEST_STEP][PASSED] - if (otp[i] == "9"): null

2020-08-10 12:03:06 - [TEST_STEP][PASSED] - delay(3, STOP_ON_FAILURE): Delayed 3 second(s)

2020-08-10 12:03:09 - [MESSAGE][PASSED] - Delayed 3 second(s)

2020-08-10 12:03:09 - [TEST_STEP][PASSED] - if (otp[i] == "0"): null

2020-08-10 12:03:09 - [TEST_STEP][PASSED] - if (otp[i] == "1"): null

2020-08-10 12:03:09 - [TEST_STEP][PASSED] - if (otp[i] == "2"): null

2020-08-10 12:03:09 - [TEST_STEP][PASSED] - if (otp[i] == "3"): null

2020-08-10 12:03:09 - [TEST_STEP][PASSED] - if (otp[i] == "4"): null

2020-08-10 12:03:09 - [TEST_STEP][PASSED] - if (otp[i] == "5"): null

2020-08-10 12:03:09 - [TEST_STEP][PASSED] - if (otp[i] == "6"): null

2020-08-10 12:03:09 - [TEST_STEP][PASSED] - if (otp[i] == "7"): Tapped on element 'Object Repository/Maya/login again/Spy - 7'

2020-08-10 12:03:09 - [TEST_STEP][PASSED] - delay(1, STOP_ON_FAILURE): Delayed 1 second(s)

2020-08-10 12:03:10 - [MESSAGE][PASSED] - Delayed 1 second(s)

2020-08-10 12:03:10 - [TEST_STEP][PASSED] - tap(findTestObject("Maya/login again/Spy - 7"), 0): Tapped on element 'Object Repository/Maya/login again/Spy - 7'

2020-08-10 12:03:10 - [MESSAGE][WARNING] - Timeout '0' is invalid. Using default page load timeout: '10'

2020-08-10 12:03:11 - [MESSAGE][PASSED] - Tapped on element 'Object Repository/Maya/login again/Spy - 7'

2020-08-10 12:03:11 - [TEST_STEP][PASSED] - if (otp[i] == "8"): null

2020-08-10 12:03:11 - [TEST_STEP][PASSED] - if (otp[i] == "9"): null

2020-08-10 12:03:11 - [TEST_STEP][PASSED] - delay(3, STOP_ON_FAILURE): Delayed 3 second(s)

2020-08-10 12:03:14 - [MESSAGE][PASSED] - Delayed 3 second(s)

2020-08-10 12:03:14 - [TEST_STEP][PASSED] - if (otp[i] == "0"): null

2020-08-10 12:03:14 - [TEST_STEP][PASSED] - if (otp[i] == "1"): null

2020-08-10 12:03:14 - [TEST_STEP][PASSED] - if (otp[i] == "2"): null

2020-08-10 12:03:14 - [TEST_STEP][PASSED] - if (otp[i] == "3"): null

2020-08-10 12:03:14 - [TEST_STEP][PASSED] - if (otp[i] == "4"): Tapped on element 'Object Repository/Maya/login again/Spy - 4'

2020-08-10 12:03:14 - [TEST_STEP][PASSED] - delay(1, STOP_ON_FAILURE): Delayed 1 second(s)

2020-08-10 12:03:15 - [MESSAGE][PASSED] - Delayed 1 second(s)

2020-08-10 12:03:15 - [TEST_STEP][PASSED] - tap(findTestObject("Maya/login again/Spy - 4"), 0): Tapped on element 'Object Repository/Maya/login again/Spy - 4'

2020-08-10 12:03:15 - [MESSAGE][WARNING] - Timeout '0' is invalid. Using default page load timeout: '10'

2020-08-10 12:03:16 - [MESSAGE][PASSED] - Tapped on element 'Object Repository/Maya/login again/Spy - 4'

2020-08-10 12:03:16 - [TEST_STEP][PASSED] - if (otp[i] == "5"): null

2020-08-10 12:03:16 - [TEST_STEP][PASSED] - if (otp[i] == "6"): null

2020-08-10 12:03:16 - [TEST_STEP][PASSED] - if (otp[i] == "7"): null

2020-08-10 12:03:16 - [TEST_STEP][PASSED] - if (otp[i] == "8"): null

2020-08-10 12:03:16 - [TEST_STEP][PASSED] - if (otp[i] == "9"): null

2020-08-10 12:03:16 - [TEST_STEP][PASSED] - delay(3, STOP_ON_FAILURE): Delayed 3 second(s)

2020-08-10 12:03:19 - [MESSAGE][PASSED] - Delayed 3 second(s)

2020-08-10 12:03:19 - [TEST_STEP][PASSED] - if (otp[i] == "0"): null

2020-08-10 12:03:19 - [TEST_STEP][PASSED] - if (otp[i] == "1"): Tapped on element 'Object Repository/Maya/login again/Spy - 1'

2020-08-10 12:03:19 - [TEST_STEP][PASSED] - delay(1, STOP_ON_FAILURE): Delayed 1 second(s)

2020-08-10 12:03:20 - [MESSAGE][PASSED] - Delayed 1 second(s)

2020-08-10 12:03:20 - [TEST_STEP][PASSED] - tap(findTestObject("Maya/login again/Spy - 1"), 0): Tapped on element 'Object Repository/Maya/login again/Spy - 1'

2020-08-10 12:03:20 - [MESSAGE][WARNING] - Timeout '0' is invalid. Using default page load timeout: '10'

2020-08-10 12:03:21 - [MESSAGE][PASSED] - Tapped on element 'Object Repository/Maya/login again/Spy - 1'

2020-08-10 12:03:21 - [TEST_STEP][PASSED] - if (otp[i] == "2"): null

2020-08-10 12:03:21 - [TEST_STEP][PASSED] - if (otp[i] == "3"): null

2020-08-10 12:03:21 - [TEST_STEP][PASSED] - if (otp[i] == "4"): null

2020-08-10 12:03:21 - [TEST_STEP][PASSED] - if (otp[i] == "5"): null

2020-08-10 12:03:21 - [TEST_STEP][PASSED] - if (otp[i] == "6"): null

2020-08-10 12:03:21 - [TEST_STEP][PASSED] - if (otp[i] == "7"): null

2020-08-10 12:03:21 - [TEST_STEP][PASSED] - if (otp[i] == "8"): null

2020-08-10 12:03:21 - [TEST_STEP][PASSED] - if (otp[i] == "9"): null

2020-08-10 12:03:21 - [TEST_STEP][PASSED] - delay(8, STOP_ON_FAILURE): Delayed 8 second(s)

2020-08-10 12:03:29 - [MESSAGE][PASSED] - Delayed 8 second(s)

2020-08-10 12:03:29 - [TEST_STEP][PASSED] - tap(findTestObject("Maya/Forgot Pin/android.widget.ImageView0 (7)"), 0): Tapped on element 'Object Repository/Maya/Forgot Pin/android.widget.ImageView0 (7)'

2020-08-10 12:03:30 - [MESSAGE][WARNING] - Timeout '0' is invalid. Using default page load timeout: '10'

2020-08-10 12:03:31 - [MESSAGE][PASSED] - Tapped on element 'Object Repository/Maya/Forgot Pin/android.widget.ImageView0 (7)'

2020-08-10 12:03:31 - [TEST_STEP][PASSED] - verifyElementExist(findTestObject("Maya/RegisterDuitNow/android.widget.TextView0 - DuitNow successfully disabled."), 0): Element 'Object Repository/Maya/RegisterDuitNow/android.widget.TextView0 - DuitNow successfully disabled.' is exist

2020-08-10 12:03:31 - [MESSAGE][WARNING] - Timeout '0' is invalid. Using default page load timeout: '10'

2020-08-10 12:03:34 - [MESSAGE][PASSED] - Element 'Object Repository/Maya/RegisterDuitNow/android.widget.TextView0 - DuitNow successfully disabled.' is exist

2020-08-10 12:03:34 - [TEST_STEP][PASSED] - takeScreenshot("C:\Users\LENOVO\Screenshot\DuitNowProxy\Screen18.png", CONTINUE_ON_FAILURE): Screenshot is taken

2020-08-10 12:03:36 - [MESSAGE][PASSED] - Screenshot is taken
[[ATTACHMENT|C:\\Users\\LENOVO\\Screenshot\\DuitNowProxy\\Screen18.png]]

2020-08-10 12:03:36 - [TEST_STEP][PASSED] - tap(findTestObject("Maya/Nric Proxy Army/android.widget.TextView0 - DuitNow"), 0): Tapped on element 'Object Repository/Maya/Nric Proxy Army/android.widget.TextView0 - DuitNow'

2020-08-10 12:03:36 - [MESSAGE][WARNING] - Timeout '0' is invalid. Using default page load timeout: '10'

2020-08-10 12:03:38 - [MESSAGE][PASSED] - Tapped on element 'Object Repository/Maya/Nric Proxy Army/android.widget.TextView0 - DuitNow'

2020-08-10 12:03:38 - [TEST_STEP][PASSED] - delay(8, STOP_ON_FAILURE): Delayed 8 second(s)

2020-08-10 12:03:46 - [MESSAGE][PASSED] - Delayed 8 second(s)

2020-08-10 12:03:46 - [TEST_STEP][PASSED] - getText(findTestObject("Maya/RegisterDuitNow/android.widget.TextView0 - Passport Number"), 0): Text of element 'Object Repository/Maya/RegisterDuitNow/android.widget.TextView0 - Passport Number' is: 'ID Number'

2020-08-10 12:03:46 - [MESSAGE][WARNING] - Timeout '0' is invalid. Using default page load timeout: '10'

2020-08-10 12:03:46 - [MESSAGE][PASSED] - Text of element 'Object Repository/Maya/RegisterDuitNow/android.widget.TextView0 - Passport Number' is: 'ID Number'

2020-08-10 12:03:46 - [TEST_STEP][PASSED] - tap(findTestObject("Maya/RegisterDuitNow/android.widget.TextView0 - Passport Number"), 0): Tapped on element 'Object Repository/Maya/RegisterDuitNow/android.widget.TextView0 - Passport Number'

2020-08-10 12:03:46 - [MESSAGE][WARNING] - Timeout '0' is invalid. Using default page load timeout: '10'

2020-08-10 12:03:48 - [MESSAGE][PASSED] - Tapped on element 'Object Repository/Maya/RegisterDuitNow/android.widget.TextView0 - Passport Number'

2020-08-10 12:03:48 - [TEST_STEP][NOT_RUN] - tap(findTestObject("Maya/Nric Proxy Army/android.widget.TextView0 - 4178"), 0): NOT_RUN: tap(findTestObject("Maya/Nric Proxy Army/android.widget.TextView0 - 4178"), 0)

2020-08-10 12:03:48 - [MESSAGE][NOT_RUN] - NOT_RUN: tap(findTestObject("Maya/Nric Proxy Army/android.widget.TextView0 - 4178"), 0)

2020-08-10 12:03:48 - [TEST_STEP][PASSED] - getText(findTestObject("Maya/Nric Proxy Army/android.widget.TextView0 - INACTIVE"), 0): Text of element 'Object Repository/Maya/Nric Proxy Army/android.widget.TextView0 - INACTIVE' is: 'INACTIVE'

2020-08-10 12:03:48 - [MESSAGE][WARNING] - Timeout '0' is invalid. Using default page load timeout: '10'

2020-08-10 12:03:48 - [MESSAGE][PASSED] - Text of element 'Object Repository/Maya/Nric Proxy Army/android.widget.TextView0 - INACTIVE' is: 'INACTIVE'

2020-08-10 12:03:48 - [TEST_STEP][PASSED] - tap(findTestObject("Maya/Nric Proxy Army/android.widget.TextView0 - Deregister DuitNow"), 0): Tapped on element 'Object Repository/Maya/Nric Proxy Army/android.widget.TextView0 - Deregister DuitNow'

2020-08-10 12:03:48 - [MESSAGE][WARNING] - Timeout '0' is invalid. Using default page load timeout: '10'

2020-08-10 12:03:50 - [MESSAGE][PASSED] - Tapped on element 'Object Repository/Maya/Nric Proxy Army/android.widget.TextView0 - Deregister DuitNow'

2020-08-10 12:03:50 - [TEST_STEP][PASSED] - delay(3, STOP_ON_FAILURE): Delayed 3 second(s)

2020-08-10 12:03:53 - [MESSAGE][PASSED] - Delayed 3 second(s)

2020-08-10 12:03:53 - [TEST_STEP][PASSED] - takeScreenshot("C:\Users\LENOVO\Screenshot\DuitNowProxy\Screen19.png", CONTINUE_ON_FAILURE): Screenshot is taken

2020-08-10 12:03:54 - [MESSAGE][PASSED] - Screenshot is taken
[[ATTACHMENT|C:\\Users\\LENOVO\\Screenshot\\DuitNowProxy\\Screen19.png]]

2020-08-10 12:03:54 - [TEST_STEP][PASSED] - tap(findTestObject("Maya/Nric Proxy Army/android.widget.TextView0 - Confirm (1)"), 0): Tapped on element 'Object Repository/Maya/Nric Proxy Army/android.widget.TextView0 - Confirm (1)'

2020-08-10 12:03:54 - [MESSAGE][WARNING] - Timeout '0' is invalid. Using default page load timeout: '10'

2020-08-10 12:03:55 - [MESSAGE][PASSED] - Tapped on element 'Object Repository/Maya/Nric Proxy Army/android.widget.TextView0 - Confirm (1)'

2020-08-10 12:03:55 - [TEST_STEP][PASSED] - tap(findTestObject("Maya/Nric Proxy Army/android.widget.TextView0 - Confirm"), 0): Tapped on element 'Object Repository/Maya/Nric Proxy Army/android.widget.TextView0 - Confirm'

2020-08-10 12:03:56 - [MESSAGE][WARNING] - Timeout '0' is invalid. Using default page load timeout: '10'

2020-08-10 12:03:57 - [MESSAGE][PASSED] - Tapped on element 'Object Repository/Maya/Nric Proxy Army/android.widget.TextView0 - Confirm'

2020-08-10 12:03:57 - [TEST_STEP][PASSED] - otpM = getText(findTestObject("Maya/Third Party CA account/android.widget.TextView0 - Your OTP no. is 460943"), 0): Text of element 'Object Repository/Maya/Third Party CA account/android.widget.TextView0 - Your OTP no. is 460943' is: 'Your OTP no. is 900651'

2020-08-10 12:03:57 - [MESSAGE][WARNING] - Timeout '0' is invalid. Using default page load timeout: '10'

2020-08-10 12:04:00 - [MESSAGE][PASSED] - Text of element 'Object Repository/Maya/Third Party CA account/android.widget.TextView0 - Your OTP no. is 460943' is: 'Your OTP no. is 900651'

2020-08-10 12:04:00 - [TEST_STEP][PASSED] - delay(2): Delayed 2 second(s)

2020-08-10 12:04:02 - [MESSAGE][PASSED] - Delayed 2 second(s)

2020-08-10 12:04:02 - [TEST_STEP][PASSED] - for ([i = 16, i <= 21, (i++)]): null

2020-08-10 12:04:02 - [TEST_STEP][PASSED] - delay(3, STOP_ON_FAILURE): Delayed 3 second(s)

2020-08-10 12:04:05 - [MESSAGE][PASSED] - Delayed 3 second(s)

2020-08-10 12:04:05 - [TEST_STEP][PASSED] - if (otpM[i] == "0"): null

2020-08-10 12:04:05 - [TEST_STEP][PASSED] - if (otpM[i] == "1"): null

2020-08-10 12:04:05 - [TEST_STEP][PASSED] - if (otpM[i] == "2"): null

2020-08-10 12:04:05 - [TEST_STEP][PASSED] - if (otpM[i] == "3"): null

2020-08-10 12:04:05 - [TEST_STEP][PASSED] - if (otpM[i] == "4"): null

2020-08-10 12:04:05 - [TEST_STEP][PASSED] - if (otpM[i] == "5"): null

2020-08-10 12:04:05 - [TEST_STEP][PASSED] - if (otpM[i] == "6"): null

2020-08-10 12:04:05 - [TEST_STEP][PASSED] - if (otpM[i] == "7"): null

2020-08-10 12:04:05 - [TEST_STEP][PASSED] - if (otpM[i] == "8"): null

2020-08-10 12:04:05 - [TEST_STEP][PASSED] - if (otpM[i] == "9"): Tapped on element 'Object Repository/Maya/login again/Spy- 9'

2020-08-10 12:04:05 - [TEST_STEP][PASSED] - delay(1, STOP_ON_FAILURE): Delayed 1 second(s)

2020-08-10 12:04:06 - [MESSAGE][PASSED] - Delayed 1 second(s)

2020-08-10 12:04:06 - [TEST_STEP][PASSED] - tap(findTestObject("Maya/login again/Spy- 9"), 0): Tapped on element 'Object Repository/Maya/login again/Spy- 9'

2020-08-10 12:04:06 - [MESSAGE][WARNING] - Timeout '0' is invalid. Using default page load timeout: '10'

2020-08-10 12:04:07 - [MESSAGE][PASSED] - Tapped on element 'Object Repository/Maya/login again/Spy- 9'

2020-08-10 12:04:07 - [TEST_STEP][PASSED] - delay(3, STOP_ON_FAILURE): Delayed 3 second(s)

2020-08-10 12:04:10 - [MESSAGE][PASSED] - Delayed 3 second(s)

2020-08-10 12:04:10 - [TEST_STEP][PASSED] - if (otpM[i] == "0"): Tapped on element 'Object Repository/Maya/login again/Spy-0'

2020-08-10 12:04:10 - [TEST_STEP][PASSED] - delay(1, STOP_ON_FAILURE): Delayed 1 second(s)

2020-08-10 12:04:11 - [MESSAGE][PASSED] - Delayed 1 second(s)

2020-08-10 12:04:11 - [TEST_STEP][PASSED] - tap(findTestObject("Maya/login again/Spy-0"), 0): Tapped on element 'Object Repository/Maya/login again/Spy-0'

2020-08-10 12:04:11 - [MESSAGE][WARNING] - Timeout '0' is invalid. Using default page load timeout: '10'

2020-08-10 12:04:12 - [MESSAGE][PASSED] - Tapped on element 'Object Repository/Maya/login again/Spy-0'

2020-08-10 12:04:12 - [TEST_STEP][PASSED] - if (otpM[i] == "1"): null

2020-08-10 12:04:12 - [TEST_STEP][PASSED] - if (otpM[i] == "2"): null

2020-08-10 12:04:12 - [TEST_STEP][PASSED] - if (otpM[i] == "3"): null

2020-08-10 12:04:12 - [TEST_STEP][PASSED] - if (otpM[i] == "4"): null

2020-08-10 12:04:12 - [TEST_STEP][PASSED] - if (otpM[i] == "5"): null

2020-08-10 12:04:12 - [TEST_STEP][PASSED] - if (otpM[i] == "6"): null

2020-08-10 12:04:12 - [TEST_STEP][PASSED] - if (otpM[i] == "7"): null

2020-08-10 12:04:12 - [TEST_STEP][PASSED] - if (otpM[i] == "8"): null

2020-08-10 12:04:12 - [TEST_STEP][PASSED] - if (otpM[i] == "9"): null

2020-08-10 12:04:12 - [TEST_STEP][PASSED] - delay(3, STOP_ON_FAILURE): Delayed 3 second(s)

2020-08-10 12:04:15 - [MESSAGE][PASSED] - Delayed 3 second(s)

2020-08-10 12:04:15 - [TEST_STEP][PASSED] - if (otpM[i] == "0"): Tapped on element 'Object Repository/Maya/login again/Spy-0'

2020-08-10 12:04:15 - [TEST_STEP][PASSED] - delay(1, STOP_ON_FAILURE): Delayed 1 second(s)

2020-08-10 12:04:16 - [MESSAGE][PASSED] - Delayed 1 second(s)

2020-08-10 12:04:16 - [TEST_STEP][PASSED] - tap(findTestObject("Maya/login again/Spy-0"), 0): Tapped on element 'Object Repository/Maya/login again/Spy-0'

2020-08-10 12:04:16 - [MESSAGE][WARNING] - Timeout '0' is invalid. Using default page load timeout: '10'

2020-08-10 12:04:17 - [MESSAGE][PASSED] - Tapped on element 'Object Repository/Maya/login again/Spy-0'

2020-08-10 12:04:17 - [TEST_STEP][PASSED] - if (otpM[i] == "1"): null

2020-08-10 12:04:17 - [TEST_STEP][PASSED] - if (otpM[i] == "2"): null

2020-08-10 12:04:17 - [TEST_STEP][PASSED] - if (otpM[i] == "3"): null

2020-08-10 12:04:17 - [TEST_STEP][PASSED] - if (otpM[i] == "4"): null

2020-08-10 12:04:17 - [TEST_STEP][PASSED] - if (otpM[i] == "5"): null

2020-08-10 12:04:17 - [TEST_STEP][PASSED] - if (otpM[i] == "6"): null

2020-08-10 12:04:17 - [TEST_STEP][PASSED] - if (otpM[i] == "7"): null

2020-08-10 12:04:17 - [TEST_STEP][PASSED] - if (otpM[i] == "8"): null

2020-08-10 12:04:17 - [TEST_STEP][PASSED] - if (otpM[i] == "9"): null

2020-08-10 12:04:17 - [TEST_STEP][PASSED] - delay(3, STOP_ON_FAILURE): Delayed 3 second(s)

2020-08-10 12:04:20 - [MESSAGE][PASSED] - Delayed 3 second(s)

2020-08-10 12:04:20 - [TEST_STEP][PASSED] - if (otpM[i] == "0"): null

2020-08-10 12:04:20 - [TEST_STEP][PASSED] - if (otpM[i] == "1"): null

2020-08-10 12:04:20 - [TEST_STEP][PASSED] - if (otpM[i] == "2"): null

2020-08-10 12:04:20 - [TEST_STEP][PASSED] - if (otpM[i] == "3"): null

2020-08-10 12:04:20 - [TEST_STEP][PASSED] - if (otpM[i] == "4"): null

2020-08-10 12:04:20 - [TEST_STEP][PASSED] - if (otpM[i] == "5"): null

2020-08-10 12:04:20 - [TEST_STEP][PASSED] - if (otpM[i] == "6"): Tapped on element 'Object Repository/Maya/login again/Spy- 6'

2020-08-10 12:04:20 - [TEST_STEP][PASSED] - delay(1, STOP_ON_FAILURE): Delayed 1 second(s)

2020-08-10 12:04:21 - [MESSAGE][PASSED] - Delayed 1 second(s)

2020-08-10 12:04:21 - [TEST_STEP][PASSED] - tap(findTestObject("Maya/login again/Spy- 6"), 0): Tapped on element 'Object Repository/Maya/login again/Spy- 6'

2020-08-10 12:04:21 - [MESSAGE][WARNING] - Timeout '0' is invalid. Using default page load timeout: '10'

2020-08-10 12:04:22 - [MESSAGE][PASSED] - Tapped on element 'Object Repository/Maya/login again/Spy- 6'

2020-08-10 12:04:22 - [TEST_STEP][PASSED] - if (otpM[i] == "7"): null

2020-08-10 12:04:22 - [TEST_STEP][PASSED] - if (otpM[i] == "8"): null

2020-08-10 12:04:22 - [TEST_STEP][PASSED] - if (otpM[i] == "9"): null

2020-08-10 12:04:22 - [TEST_STEP][PASSED] - delay(3, STOP_ON_FAILURE): Delayed 3 second(s)

2020-08-10 12:04:25 - [MESSAGE][PASSED] - Delayed 3 second(s)

2020-08-10 12:04:25 - [TEST_STEP][PASSED] - if (otpM[i] == "0"): null

2020-08-10 12:04:25 - [TEST_STEP][PASSED] - if (otpM[i] == "1"): null

2020-08-10 12:04:25 - [TEST_STEP][PASSED] - if (otpM[i] == "2"): null

2020-08-10 12:04:25 - [TEST_STEP][PASSED] - if (otpM[i] == "3"): null

2020-08-10 12:04:25 - [TEST_STEP][PASSED] - if (otpM[i] == "4"): null

2020-08-10 12:04:25 - [TEST_STEP][PASSED] - if (otpM[i] == "5"): Tapped on element 'Object Repository/Maya/login again/Spy- 5'

2020-08-10 12:04:25 - [TEST_STEP][PASSED] - delay(1, STOP_ON_FAILURE): Delayed 1 second(s)

2020-08-10 12:04:26 - [MESSAGE][PASSED] - Delayed 1 second(s)

2020-08-10 12:04:26 - [TEST_STEP][PASSED] - tap(findTestObject("Maya/login again/Spy- 5"), 0): Tapped on element 'Object Repository/Maya/login again/Spy- 5'

2020-08-10 12:04:26 - [MESSAGE][WARNING] - Timeout '0' is invalid. Using default page load timeout: '10'

2020-08-10 12:04:27 - [MESSAGE][PASSED] - Tapped on element 'Object Repository/Maya/login again/Spy- 5'

2020-08-10 12:04:27 - [TEST_STEP][PASSED] - if (otpM[i] == "6"): null

2020-08-10 12:04:27 - [TEST_STEP][PASSED] - if (otpM[i] == "7"): null

2020-08-10 12:04:27 - [TEST_STEP][PASSED] - if (otpM[i] == "8"): null

2020-08-10 12:04:27 - [TEST_STEP][PASSED] - if (otpM[i] == "9"): null

2020-08-10 12:04:27 - [TEST_STEP][PASSED] - delay(3, STOP_ON_FAILURE): Delayed 3 second(s)

2020-08-10 12:04:30 - [MESSAGE][PASSED] - Delayed 3 second(s)

2020-08-10 12:04:30 - [TEST_STEP][PASSED] - if (otpM[i] == "0"): null

2020-08-10 12:04:30 - [TEST_STEP][PASSED] - if (otpM[i] == "1"): Tapped on element 'Object Repository/Maya/login again/Spy - 1'

2020-08-10 12:04:30 - [TEST_STEP][PASSED] - delay(1, STOP_ON_FAILURE): Delayed 1 second(s)

2020-08-10 12:04:31 - [MESSAGE][PASSED] - Delayed 1 second(s)

2020-08-10 12:04:31 - [TEST_STEP][PASSED] - tap(findTestObject("Maya/login again/Spy - 1"), 0): Tapped on element 'Object Repository/Maya/login again/Spy - 1'

2020-08-10 12:04:32 - [MESSAGE][WARNING] - Timeout '0' is invalid. Using default page load timeout: '10'

2020-08-10 12:04:33 - [MESSAGE][PASSED] - Tapped on element 'Object Repository/Maya/login again/Spy - 1'

2020-08-10 12:04:33 - [TEST_STEP][PASSED] - if (otpM[i] == "2"): null

2020-08-10 12:04:33 - [TEST_STEP][PASSED] - if (otpM[i] == "3"): null

2020-08-10 12:04:33 - [TEST_STEP][PASSED] - if (otpM[i] == "4"): null

2020-08-10 12:04:33 - [TEST_STEP][PASSED] - if (otpM[i] == "5"): null

2020-08-10 12:04:33 - [TEST_STEP][PASSED] - if (otpM[i] == "6"): null

2020-08-10 12:04:33 - [TEST_STEP][PASSED] - if (otpM[i] == "7"): null

2020-08-10 12:04:33 - [TEST_STEP][PASSED] - if (otpM[i] == "8"): null

2020-08-10 12:04:33 - [TEST_STEP][PASSED] - if (otpM[i] == "9"): null

2020-08-10 12:04:33 - [TEST_STEP][PASSED] - delay(8, STOP_ON_FAILURE): Delayed 8 second(s)

2020-08-10 12:04:41 - [MESSAGE][PASSED] - Delayed 8 second(s)

2020-08-10 12:04:41 - [TEST_STEP][PASSED] - tap(findTestObject("Maya/Forgot Pin/android.widget.ImageView0 (7)"), 0): Tapped on element 'Object Repository/Maya/Forgot Pin/android.widget.ImageView0 (7)'

2020-08-10 12:04:41 - [MESSAGE][WARNING] - Timeout '0' is invalid. Using default page load timeout: '10'

2020-08-10 12:04:41 - [MESSAGE][PASSED] - Tapped on element 'Object Repository/Maya/Forgot Pin/android.widget.ImageView0 (7)'

2020-08-10 12:04:41 - [TEST_STEP][PASSED] - verifyElementExist(findTestObject("Maya/RegisterDuitNow/android.widget.TextView0 - DuitNow successfully deregistered."), 0): Element 'Object Repository/Maya/RegisterDuitNow/android.widget.TextView0 - DuitNow successfully deregistered.' is exist

2020-08-10 12:04:41 - [MESSAGE][WARNING] - Timeout '0' is invalid. Using default page load timeout: '10'

2020-08-10 12:04:45 - [MESSAGE][PASSED] - Element 'Object Repository/Maya/RegisterDuitNow/android.widget.TextView0 - DuitNow successfully deregistered.' is exist

2020-08-10 12:04:45 - [TEST_STEP][PASSED] - tap(findTestObject("Maya/Nric Proxy Army/android.widget.TextView0 - DuitNow"), 0): Tapped on element 'Object Repository/Maya/Nric Proxy Army/android.widget.TextView0 - DuitNow'

2020-08-10 12:04:45 - [MESSAGE][WARNING] - Timeout '0' is invalid. Using default page load timeout: '10'

2020-08-10 12:04:47 - [MESSAGE][PASSED] - Tapped on element 'Object Repository/Maya/Nric Proxy Army/android.widget.TextView0 - DuitNow'

2020-08-10 12:04:47 - [TEST_STEP][PASSED] - delay(8, STOP_ON_FAILURE): Delayed 8 second(s)

2020-08-10 12:04:55 - [MESSAGE][PASSED] - Delayed 8 second(s)

2020-08-10 12:04:55 - [TEST_STEP][PASSED] - getText(findTestObject("Maya/RegisterDuitNow/android.widget.TextView0 - Passport Number"), 0): Text of element 'Object Repository/Maya/RegisterDuitNow/android.widget.TextView0 - Passport Number' is: 'ID Number'

2020-08-10 12:04:56 - [MESSAGE][WARNING] - Timeout '0' is invalid. Using default page load timeout: '10'

2020-08-10 12:04:56 - [MESSAGE][PASSED] - Text of element 'Object Repository/Maya/RegisterDuitNow/android.widget.TextView0 - Passport Number' is: 'ID Number'

2020-08-10 12:04:56 - [TEST_STEP][PASSED] - tap(findTestObject("Maya/RegisterDuitNow/android.widget.TextView0 - Passport Number"), 0): Tapped on element 'Object Repository/Maya/RegisterDuitNow/android.widget.TextView0 - Passport Number'

2020-08-10 12:04:56 - [MESSAGE][WARNING] - Timeout '0' is invalid. Using default page load timeout: '10'

2020-08-10 12:04:58 - [MESSAGE][PASSED] - Tapped on element 'Object Repository/Maya/RegisterDuitNow/android.widget.TextView0 - Passport Number'

2020-08-10 12:04:58 - [TEST_STEP][NOT_RUN] - tap(findTestObject("Maya/Nric Proxy Army/android.widget.TextView0 - 4178"), 0): NOT_RUN: tap(findTestObject("Maya/Nric Proxy Army/android.widget.TextView0 - 4178"), 0)

2020-08-10 12:04:58 - [MESSAGE][NOT_RUN] - NOT_RUN: tap(findTestObject("Maya/Nric Proxy Army/android.widget.TextView0 - 4178"), 0)

2020-08-10 12:04:58 - [TEST_STEP][PASSED] - tapAndHoldAtPosition(540, 773, 1): Tapped and held at [540, 773] with duration 1

2020-08-10 12:05:00 - [MESSAGE][PASSED] - Tapped and held at [540, 773] with duration 1

2020-08-10 12:05:00 - [TEST_STEP][PASSED] - tap(findTestObject("Maya/Nric Proxy Army/android.widget.TextView0 - Continue"), 0): Tapped on element 'Object Repository/Maya/Nric Proxy Army/android.widget.TextView0 - Continue'

2020-08-10 12:05:00 - [MESSAGE][WARNING] - Timeout '0' is invalid. Using default page load timeout: '10'

2020-08-10 12:05:02 - [MESSAGE][PASSED] - Tapped on element 'Object Repository/Maya/Nric Proxy Army/android.widget.TextView0 - Continue'

2020-08-10 12:05:02 - [TEST_STEP][PASSED] - takeScreenshot("C:\Users\LENOVO\Screenshot\DuitNowProxy\Screen22.png", CONTINUE_ON_FAILURE): Screenshot is taken

2020-08-10 12:05:03 - [MESSAGE][PASSED] - Screenshot is taken
[[ATTACHMENT|C:\\Users\\LENOVO\\Screenshot\\DuitNowProxy\\Screen22.png]]

2020-08-10 12:05:03 - [TEST_STEP][PASSED] - tap(findTestObject("Maya/Nric Proxy Army/android.widget.TextView0 - Agree and Confirm"), 0): Tapped on element 'Object Repository/Maya/Nric Proxy Army/android.widget.TextView0 - Agree and Confirm'

2020-08-10 12:05:03 - [MESSAGE][WARNING] - Timeout '0' is invalid. Using default page load timeout: '10'

2020-08-10 12:05:04 - [MESSAGE][PASSED] - Tapped on element 'Object Repository/Maya/Nric Proxy Army/android.widget.TextView0 - Agree and Confirm'

2020-08-10 12:05:04 - [TEST_STEP][PASSED] - delay(3, STOP_ON_FAILURE): Delayed 3 second(s)

2020-08-10 12:05:07 - [MESSAGE][PASSED] - Delayed 3 second(s)

2020-08-10 12:05:07 - [TEST_STEP][PASSED] - getText(findTestObject("Maya/Nric Proxy Army/android.widget.TextView0 - Youve successfully linked your account to DuitNow"), 0): Text of element 'Object Repository/Maya/Nric Proxy Army/android.widget.TextView0 - Youve successfully linked your account to DuitNow' is: 'You’ve successfully linked your account to DuitNow'

2020-08-10 12:05:07 - [MESSAGE][WARNING] - Timeout '0' is invalid. Using default page load timeout: '10'

2020-08-10 12:05:08 - [MESSAGE][PASSED] - Text of element 'Object Repository/Maya/Nric Proxy Army/android.widget.TextView0 - Youve successfully linked your account to DuitNow' is: 'You’ve successfully linked your account to DuitNow'

2020-08-10 12:05:08 - [TEST_STEP][PASSED] - verifyElementExist(findTestObject("Maya/Nric Proxy Army/android.widget.TextView0 - Youve successfully linked your account to DuitNow"), 0): Element 'Object Repository/Maya/Nric Proxy Army/android.widget.TextView0 - Youve successfully linked your account to DuitNow' is exist

2020-08-10 12:05:08 - [MESSAGE][WARNING] - Timeout '0' is invalid. Using default page load timeout: '10'

2020-08-10 12:05:08 - [MESSAGE][PASSED] - Element 'Object Repository/Maya/Nric Proxy Army/android.widget.TextView0 - Youve successfully linked your account to DuitNow' is exist

2020-08-10 12:05:08 - [TEST_STEP][PASSED] - takeScreenshot("C:\Users\LENOVO\Screenshot\DuitNowProxy\Screen23.png", CONTINUE_ON_FAILURE): Screenshot is taken

2020-08-10 12:05:09 - [MESSAGE][PASSED] - Screenshot is taken
[[ATTACHMENT|C:\\Users\\LENOVO\\Screenshot\\DuitNowProxy\\Screen23.png]]

2020-08-10 12:05:09 - [TEST_STEP][PASSED] - tap(findTestObject("Maya/Nric Proxy Army/android.widget.TextView0 - Done"), 0): Tapped on element 'Object Repository/Maya/Nric Proxy Army/android.widget.TextView0 - Done'

2020-08-10 12:05:09 - [MESSAGE][WARNING] - Timeout '0' is invalid. Using default page load timeout: '10'

2020-08-10 12:05:10 - [MESSAGE][PASSED] - Tapped on element 'Object Repository/Maya/Nric Proxy Army/android.widget.TextView0 - Done'

2020-08-10 12:05:10 - [TEST_STEP][PASSED] - tap(findTestObject("Maya/Nric Proxy Army/android.widget.TextView0 - DuitNow"), 0): Tapped on element 'Object Repository/Maya/Nric Proxy Army/android.widget.TextView0 - DuitNow'

2020-08-10 12:05:11 - [MESSAGE][WARNING] - Timeout '0' is invalid. Using default page load timeout: '10'

2020-08-10 12:05:14 - [MESSAGE][PASSED] - Tapped on element 'Object Repository/Maya/Nric Proxy Army/android.widget.TextView0 - DuitNow'

2020-08-10 12:05:14 - [TEST_STEP][PASSED] - getText(findTestObject("Maya/RegisterDuitNow/android.widget.TextView0 - Passport Number"), 0): Text of element 'Object Repository/Maya/RegisterDuitNow/android.widget.TextView0 - Passport Number' is: 'ID Number'

2020-08-10 12:05:14 - [MESSAGE][WARNING] - Timeout '0' is invalid. Using default page load timeout: '10'

2020-08-10 12:05:14 - [MESSAGE][PASSED] - Text of element 'Object Repository/Maya/RegisterDuitNow/android.widget.TextView0 - Passport Number' is: 'ID Number'

2020-08-10 12:05:14 - [TEST_STEP][PASSED] - verifyElementExist(findTestObject("Maya/RegisterDuitNow/android.widget.TextView0 - Passport Number"), 0): Element 'Object Repository/Maya/RegisterDuitNow/android.widget.TextView0 - Passport Number' is exist

2020-08-10 12:05:14 - [MESSAGE][WARNING] - Timeout '0' is invalid. Using default page load timeout: '10'

2020-08-10 12:05:14 - [MESSAGE][PASSED] - Element 'Object Repository/Maya/RegisterDuitNow/android.widget.TextView0 - Passport Number' is exist

2020-08-10 12:05:14 - [TEST_STEP][PASSED] - getText(findTestObject("Maya/RegisterDuitNow/android.widget.TextView0 - 5THA"), 0): Text of element 'Object Repository/Maya/RegisterDuitNow/android.widget.TextView0 - 5THA' is: '********5THA'

2020-08-10 12:05:14 - [MESSAGE][WARNING] - Timeout '0' is invalid. Using default page load timeout: '10'

2020-08-10 12:05:14 - [MESSAGE][PASSED] - Text of element 'Object Repository/Maya/RegisterDuitNow/android.widget.TextView0 - 5THA' is: '********5THA'

2020-08-10 12:05:14 - [TEST_STEP][PASSED] - verifyElementExist(findTestObject("Maya/RegisterDuitNow/android.widget.TextView0 - 5THA"), 0): Element 'Object Repository/Maya/RegisterDuitNow/android.widget.TextView0 - 5THA' is exist

2020-08-10 12:05:14 - [MESSAGE][WARNING] - Timeout '0' is invalid. Using default page load timeout: '10'

2020-08-10 12:05:15 - [MESSAGE][PASSED] - Element 'Object Repository/Maya/RegisterDuitNow/android.widget.TextView0 - 5THA' is exist

2020-08-10 12:05:15 - [TEST_STEP][PASSED] - getText(findTestObject("Maya/RegisterDuitNow/android.widget.TextView0 - Maybank"), 0): Text of element 'Object Repository/Maya/RegisterDuitNow/android.widget.TextView0 - Maybank' is: 'Maybank'

2020-08-10 12:05:15 - [MESSAGE][WARNING] - Timeout '0' is invalid. Using default page load timeout: '10'

2020-08-10 12:05:15 - [MESSAGE][PASSED] - Text of element 'Object Repository/Maya/RegisterDuitNow/android.widget.TextView0 - Maybank' is: 'Maybank'

2020-08-10 12:05:15 - [TEST_STEP][PASSED] - verifyElementExist(findTestObject("Maya/RegisterDuitNow/android.widget.TextView0 - Maybank"), 0): Element 'Object Repository/Maya/RegisterDuitNow/android.widget.TextView0 - Maybank' is exist

2020-08-10 12:05:15 - [MESSAGE][WARNING] - Timeout '0' is invalid. Using default page load timeout: '10'

2020-08-10 12:05:15 - [MESSAGE][PASSED] - Element 'Object Repository/Maya/RegisterDuitNow/android.widget.TextView0 - Maybank' is exist

2020-08-10 12:05:15 - [TEST_STEP][PASSED] - tap(findTestObject("Maya/RegisterDuitNow/android.widget.TextView0 - Passport Number"), 0): Tapped on element 'Object Repository/Maya/RegisterDuitNow/android.widget.TextView0 - Passport Number'

2020-08-10 12:05:15 - [MESSAGE][WARNING] - Timeout '0' is invalid. Using default page load timeout: '10'

2020-08-10 12:05:17 - [MESSAGE][PASSED] - Tapped on element 'Object Repository/Maya/RegisterDuitNow/android.widget.TextView0 - Passport Number'

2020-08-10 12:05:17 - [TEST_STEP][PASSED] - getText(findTestObject("Maya/RegisterDuitNow/android.widget.TextView0 - Passport Number (1)"), 0): Text of element 'Object Repository/Maya/RegisterDuitNow/android.widget.TextView0 - Passport Number (1)' is: 'Passport Number'

2020-08-10 12:05:17 - [MESSAGE][WARNING] - Timeout '0' is invalid. Using default page load timeout: '10'

2020-08-10 12:05:17 - [MESSAGE][PASSED] - Text of element 'Object Repository/Maya/RegisterDuitNow/android.widget.TextView0 - Passport Number (1)' is: 'Passport Number'

2020-08-10 12:05:17 - [TEST_STEP][PASSED] - verifyElementExist(findTestObject("Maya/RegisterDuitNow/android.widget.TextView0 - Maybank"), 0): Element 'Object Repository/Maya/RegisterDuitNow/android.widget.TextView0 - Maybank' is exist

2020-08-10 12:05:17 - [MESSAGE][WARNING] - Timeout '0' is invalid. Using default page load timeout: '10'

2020-08-10 12:05:17 - [MESSAGE][PASSED] - Element 'Object Repository/Maya/RegisterDuitNow/android.widget.TextView0 - Maybank' is exist

2020-08-10 12:05:17 - [TEST_STEP][PASSED] - getText(findTestObject("Maya/RegisterDuitNow/android.widget.TextView0 - 5THA (1)"), 0): Text of element 'Object Repository/Maya/RegisterDuitNow/android.widget.TextView0 - 5THA (1)' is: '********5THA'

2020-08-10 12:05:17 - [MESSAGE][WARNING] - Timeout '0' is invalid. Using default page load timeout: '10'

2020-08-10 12:05:18 - [MESSAGE][PASSED] - Text of element 'Object Repository/Maya/RegisterDuitNow/android.widget.TextView0 - 5THA (1)' is: '********5THA'

2020-08-10 12:05:18 - [TEST_STEP][PASSED] - verifyElementExist(findTestObject("Maya/RegisterDuitNow/android.widget.TextView0 - Maybank"), 0): Element 'Object Repository/Maya/RegisterDuitNow/android.widget.TextView0 - Maybank' is exist

2020-08-10 12:05:18 - [MESSAGE][WARNING] - Timeout '0' is invalid. Using default page load timeout: '10'

2020-08-10 12:05:18 - [MESSAGE][PASSED] - Element 'Object Repository/Maya/RegisterDuitNow/android.widget.TextView0 - Maybank' is exist

2020-08-10 12:05:18 - [TEST_STEP][PASSED] - getText(findTestObject("Maya/RegisterDuitNow/android.widget.TextView0 - Status"), 0): Text of element 'Object Repository/Maya/RegisterDuitNow/android.widget.TextView0 - Status' is: 'Status'

2020-08-10 12:05:18 - [MESSAGE][WARNING] - Timeout '0' is invalid. Using default page load timeout: '10'

2020-08-10 12:05:18 - [MESSAGE][PASSED] - Text of element 'Object Repository/Maya/RegisterDuitNow/android.widget.TextView0 - Status' is: 'Status'

2020-08-10 12:05:18 - [TEST_STEP][PASSED] - verifyElementExist(findTestObject("Maya/RegisterDuitNow/android.widget.TextView0 - Status"), 0): Element 'Object Repository/Maya/RegisterDuitNow/android.widget.TextView0 - Status' is exist

2020-08-10 12:05:18 - [MESSAGE][WARNING] - Timeout '0' is invalid. Using default page load timeout: '10'

2020-08-10 12:05:18 - [MESSAGE][PASSED] - Element 'Object Repository/Maya/RegisterDuitNow/android.widget.TextView0 - Status' is exist

2020-08-10 12:05:18 - [TEST_STEP][PASSED] - getText(findTestObject("Maya/RegisterDuitNow/android.widget.TextView0 - ACTIVE"), 0): Text of element 'Object Repository/Maya/RegisterDuitNow/android.widget.TextView0 - ACTIVE' is: 'ACTIVE'

2020-08-10 12:05:18 - [MESSAGE][WARNING] - Timeout '0' is invalid. Using default page load timeout: '10'

2020-08-10 12:05:19 - [MESSAGE][PASSED] - Text of element 'Object Repository/Maya/RegisterDuitNow/android.widget.TextView0 - ACTIVE' is: 'ACTIVE'

2020-08-10 12:05:19 - [TEST_STEP][PASSED] - verifyElementExist(findTestObject("Maya/RegisterDuitNow/android.widget.TextView0 - ACTIVE"), 0): Element 'Object Repository/Maya/RegisterDuitNow/android.widget.TextView0 - ACTIVE' is exist

2020-08-10 12:05:19 - [MESSAGE][WARNING] - Timeout '0' is invalid. Using default page load timeout: '10'

2020-08-10 12:05:19 - [MESSAGE][PASSED] - Element 'Object Repository/Maya/RegisterDuitNow/android.widget.TextView0 - ACTIVE' is exist

2020-08-10 12:05:19 - [TEST_STEP][PASSED] - getText(findTestObject("Maya/Nric Proxy Army/android.widget.TextView0 - ACTIVE"), 0): Text of element 'Object Repository/Maya/Nric Proxy Army/android.widget.TextView0 - ACTIVE' is: 'ACTIVE'

2020-08-10 12:05:19 - [MESSAGE][WARNING] - Timeout '0' is invalid. Using default page load timeout: '10'

2020-08-10 12:05:19 - [MESSAGE][PASSED] - Text of element 'Object Repository/Maya/Nric Proxy Army/android.widget.TextView0 - ACTIVE' is: 'ACTIVE'

2020-08-10 12:05:19 - [TEST_STEP][PASSED] - verifyElementExist(findTestObject("Maya/Nric Proxy Army/android.widget.TextView0 - ACTIVE"), 0): Element 'Object Repository/Maya/Nric Proxy Army/android.widget.TextView0 - ACTIVE' is exist

2020-08-10 12:05:19 - [MESSAGE][WARNING] - Timeout '0' is invalid. Using default page load timeout: '10'

2020-08-10 12:05:19 - [MESSAGE][PASSED] - Element 'Object Repository/Maya/Nric Proxy Army/android.widget.TextView0 - ACTIVE' is exist

2020-08-10 12:05:19 - [TEST_STEP][PASSED] - delay(3, STOP_ON_FAILURE): Delayed 3 second(s)

2020-08-10 12:05:22 - [MESSAGE][PASSED] - Delayed 3 second(s)

2020-08-10 12:05:22 - [TEST_STEP][PASSED] - tapAndHoldAtPosition(116, 167, 1): Tapped and held at [116, 167] with duration 1

2020-08-10 12:05:25 - [MESSAGE][PASSED] - Tapped and held at [116, 167] with duration 1

2020-08-10 12:05:25 - [TEST_STEP][PASSED] - delay(3, STOP_ON_FAILURE): Delayed 3 second(s)

2020-08-10 12:05:28 - [MESSAGE][PASSED] - Delayed 3 second(s)

2020-08-10 12:05:28 - [TEST_STEP][PASSED] - tapAndHoldAtPosition(116, 167, 1): Tapped and held at [116, 167] with duration 1

2020-08-10 12:05:30 - [MESSAGE][PASSED] - Tapped and held at [116, 167] with duration 1

2020-08-10 12:05:30 - [TEST_STEP][PASSED] - takeScreenshot("C:\Users\LENOVO\Screenshot\DuitNowProxy\Screen24.png", CONTINUE_ON_FAILURE): Screenshot is taken

2020-08-10 12:05:31 - [MESSAGE][PASSED] - Screenshot is taken
[[ATTACHMENT|C:\\Users\\LENOVO\\Screenshot\\DuitNowProxy\\Screen24.png]]

2020-08-10 12:05:32 - [TEST_STEP][PASSED] - tap(findTestObject("Maya/Mobile proxy/android.widget.TextView0 - More (1)"), 0): Tapped on element 'Object Repository/Maya/Mobile proxy/android.widget.TextView0 - More (1)'

2020-08-10 12:05:32 - [MESSAGE][WARNING] - Timeout '0' is invalid. Using default page load timeout: '10'

2020-08-10 12:05:43 - [MESSAGE][PASSED] - Tapped on element 'Object Repository/Maya/Mobile proxy/android.widget.TextView0 - More (1)'

2020-08-10 12:05:43 - [TEST_STEP][PASSED] - tap(findTestObject("Maya/Mobile proxy/android.widget.TextView0 - Notifications"), 0): Tapped on element 'Object Repository/Maya/Mobile proxy/android.widget.TextView0 - Notifications'

2020-08-10 12:05:43 - [MESSAGE][WARNING] - Timeout '0' is invalid. Using default page load timeout: '10'

2020-08-10 12:05:45 - [MESSAGE][PASSED] - Tapped on element 'Object Repository/Maya/Mobile proxy/android.widget.TextView0 - Notifications'

2020-08-10 12:05:45 - [TEST_STEP][PASSED] - getText(findTestObject("Maya/Mobile proxy/android.widget.TextView0 - Today"), 0): Text of element 'Object Repository/Maya/Mobile proxy/android.widget.TextView0 - Today' is: 'Today'

2020-08-10 12:05:45 - [MESSAGE][WARNING] - Timeout '0' is invalid. Using default page load timeout: '10'

2020-08-10 12:05:53 - [MESSAGE][PASSED] - Text of element 'Object Repository/Maya/Mobile proxy/android.widget.TextView0 - Today' is: 'Today'

2020-08-10 12:05:53 - [TEST_STEP][PASSED] - verifyElementVisible(findTestObject("Maya/Mobile proxy/android.widget.TextView0 - Today"), 0): Element 'Object Repository/Maya/Mobile proxy/android.widget.TextView0 - Today' is visible

2020-08-10 12:05:53 - [MESSAGE][WARNING] - Timeout '0' is invalid. Using default page load timeout: '10'

2020-08-10 12:05:54 - [MESSAGE][PASSED] - Element 'Object Repository/Maya/Mobile proxy/android.widget.TextView0 - Today' is visible

2020-08-10 12:05:54 - [TEST_STEP][PASSED] - getText(findTestObject("Maya/Mobile proxy/android.widget.TextView0 - Notifications (1)"), 0): Text of element 'Object Repository/Maya/Mobile proxy/android.widget.TextView0 - Notifications (1)' is: 'Notifications'

2020-08-10 12:05:54 - [MESSAGE][WARNING] - Timeout '0' is invalid. Using default page load timeout: '10'

2020-08-10 12:05:54 - [MESSAGE][PASSED] - Text of element 'Object Repository/Maya/Mobile proxy/android.widget.TextView0 - Notifications (1)' is: 'Notifications'

2020-08-10 12:05:54 - [TEST_STEP][PASSED] - verifyElementVisible(findTestObject("Maya/Mobile proxy/android.widget.TextView0 - Notifications (1)"), 0): Element 'Object Repository/Maya/Mobile proxy/android.widget.TextView0 - Notifications (1)' is visible

2020-08-10 12:05:54 - [MESSAGE][WARNING] - Timeout '0' is invalid. Using default page load timeout: '10'

2020-08-10 12:05:54 - [MESSAGE][PASSED] - Element 'Object Repository/Maya/Mobile proxy/android.widget.TextView0 - Notifications (1)' is visible

2020-08-10 12:05:54 - [TEST_STEP][PASSED] - verifyElementVisible(findTestObject("Maya/Mobile proxy/android.widget.TextView0 - Notifications (1)"), 0): Element 'Object Repository/Maya/Mobile proxy/android.widget.TextView0 - Notifications (1)' is visible

2020-08-10 12:05:54 - [MESSAGE][WARNING] - Timeout '0' is invalid. Using default page load timeout: '10'

2020-08-10 12:05:55 - [MESSAGE][PASSED] - Element 'Object Repository/Maya/Mobile proxy/android.widget.TextView0 - Notifications (1)' is visible

2020-08-10 12:05:55 - [TEST_STEP][PASSED] - getText(findTestObject("Maya/Mobile proxy/android.widget.TextView0 - Maybank2u DuitNow ID Deregistration"), 0): Text of element 'Object Repository/Maya/Mobile proxy/android.widget.TextView0 - Maybank2u DuitNow ID Deregistration' is: 'Maybank2u: DuitNow ID Deregistration'

2020-08-10 12:05:55 - [MESSAGE][WARNING] - Timeout '0' is invalid. Using default page load timeout: '10'

2020-08-10 12:05:55 - [MESSAGE][PASSED] - Text of element 'Object Repository/Maya/Mobile proxy/android.widget.TextView0 - Maybank2u DuitNow ID Deregistration' is: 'Maybank2u: DuitNow ID Deregistration'

2020-08-10 12:05:55 - [TEST_STEP][PASSED] - verifyElementVisible(findTestObject("Maya/Mobile proxy/android.widget.TextView0 - Maybank2u DuitNow ID Deregistration"), 0): Element 'Object Repository/Maya/Mobile proxy/android.widget.TextView0 - Maybank2u DuitNow ID Deregistration' is visible

2020-08-10 12:05:55 - [MESSAGE][WARNING] - Timeout '0' is invalid. Using default page load timeout: '10'

2020-08-10 12:05:55 - [MESSAGE][PASSED] - Element 'Object Repository/Maya/Mobile proxy/android.widget.TextView0 - Maybank2u DuitNow ID Deregistration' is visible

2020-08-10 12:05:55 - [TEST_STEP][PASSED] - getText(findTestObject("Maya/spy/android.widget.TextView0 - Duitnow Proxy (Passport Number) ending 5THA has just been deregistered."), 0): Text of element 'Object Repository/Maya/spy/android.widget.TextView0 - Duitnow Proxy (Passport Number) ending 5THA has just been deregistered.' is: 'Duitnow Proxy (Passport Number) ending ****5THA has just been deregistered.'

2020-08-10 12:05:55 - [MESSAGE][WARNING] - Timeout '0' is invalid. Using default page load timeout: '10'

2020-08-10 12:05:56 - [MESSAGE][PASSED] - Text of element 'Object Repository/Maya/spy/android.widget.TextView0 - Duitnow Proxy (Passport Number) ending 5THA has just been deregistered.' is: 'Duitnow Proxy (Passport Number) ending ****5THA has just been deregistered.'

2020-08-10 12:05:56 - [TEST_STEP][PASSED] - verifyElementVisible(findTestObject("Maya/spy/android.widget.TextView0 - Duitnow Proxy (Passport Number) ending 5THA has just been deregistered."), 0): Element 'Object Repository/Maya/spy/android.widget.TextView0 - Duitnow Proxy (Passport Number) ending 5THA has just been deregistered.' is visible

2020-08-10 12:05:56 - [MESSAGE][WARNING] - Timeout '0' is invalid. Using default page load timeout: '10'

2020-08-10 12:05:56 - [MESSAGE][PASSED] - Element 'Object Repository/Maya/spy/android.widget.TextView0 - Duitnow Proxy (Passport Number) ending 5THA has just been deregistered.' is visible

2020-08-10 12:05:56 - [TEST_STEP][PASSED] - getText(findTestObject("Maya/Mobile proxy/android.widget.TextView0 - 1151 PM"), 0): Text of element 'Object Repository/Maya/Mobile proxy/android.widget.TextView0 - 1151 PM' is: '12:02 PM'

2020-08-10 12:05:56 - [MESSAGE][WARNING] - Timeout '0' is invalid. Using default page load timeout: '10'

2020-08-10 12:05:57 - [MESSAGE][PASSED] - Text of element 'Object Repository/Maya/Mobile proxy/android.widget.TextView0 - 1151 PM' is: '12:02 PM'

2020-08-10 12:05:57 - [TEST_STEP][PASSED] - verifyElementExist(findTestObject("Maya/Mobile proxy/android.widget.TextView0 - 1151 PM"), 0): Element 'Object Repository/Maya/Mobile proxy/android.widget.TextView0 - 1151 PM' is exist

2020-08-10 12:05:57 - [MESSAGE][WARNING] - Timeout '0' is invalid. Using default page load timeout: '10'

2020-08-10 12:05:58 - [MESSAGE][PASSED] - Element 'Object Repository/Maya/Mobile proxy/android.widget.TextView0 - 1151 PM' is exist

2020-08-10 12:05:58 - [TEST_STEP][PASSED] - getText(findTestObject("Maya/Mobile proxy/android.widget.TextView0 - Maybank2u DuitNow ID Registration"), 0): Text of element 'Object Repository/Maya/Mobile proxy/android.widget.TextView0 - Maybank2u DuitNow ID Registration' is: 'Maybank2u: DuitNow ID Registration'

2020-08-10 12:05:58 - [MESSAGE][WARNING] - Timeout '0' is invalid. Using default page load timeout: '10'

2020-08-10 12:05:58 - [MESSAGE][PASSED] - Text of element 'Object Repository/Maya/Mobile proxy/android.widget.TextView0 - Maybank2u DuitNow ID Registration' is: 'Maybank2u: DuitNow ID Registration'

2020-08-10 12:05:58 - [TEST_STEP][PASSED] - verifyElementVisible(findTestObject("Maya/Mobile proxy/android.widget.TextView0 - Maybank2u DuitNow ID Registration"), 0): Element 'Object Repository/Maya/Mobile proxy/android.widget.TextView0 - Maybank2u DuitNow ID Registration' is visible

2020-08-10 12:05:58 - [MESSAGE][WARNING] - Timeout '0' is invalid. Using default page load timeout: '10'

2020-08-10 12:05:59 - [MESSAGE][PASSED] - Element 'Object Repository/Maya/Mobile proxy/android.widget.TextView0 - Maybank2u DuitNow ID Registration' is visible

2020-08-10 12:05:59 - [TEST_STEP][PASSED] - getText(findTestObject("Maya/spy/android.widget.TextView0 - Duitnow Proxy (Passport Number) ending 5THA has just been registered."), 0): Text of element 'Object Repository/Maya/spy/android.widget.TextView0 - Duitnow Proxy (Passport Number) ending 5THA has just been registered.' is: 'Duitnow Proxy (Passport Number) ending ****5THA has just been registered.'

2020-08-10 12:05:59 - [MESSAGE][WARNING] - Timeout '0' is invalid. Using default page load timeout: '10'

2020-08-10 12:05:59 - [MESSAGE][PASSED] - Text of element 'Object Repository/Maya/spy/android.widget.TextView0 - Duitnow Proxy (Passport Number) ending 5THA has just been registered.' is: 'Duitnow Proxy (Passport Number) ending ****5THA has just been registered.'

2020-08-10 12:05:59 - [TEST_STEP][PASSED] - verifyElementVisible(findTestObject("Maya/spy/android.widget.TextView0 - Duitnow Proxy (Passport Number) ending 5THA has just been registered."), 0): Element 'Object Repository/Maya/spy/android.widget.TextView0 - Duitnow Proxy (Passport Number) ending 5THA has just been registered.' is visible

2020-08-10 12:05:59 - [MESSAGE][WARNING] - Timeout '0' is invalid. Using default page load timeout: '10'

2020-08-10 12:06:00 - [MESSAGE][PASSED] - Element 'Object Repository/Maya/spy/android.widget.TextView0 - Duitnow Proxy (Passport Number) ending 5THA has just been registered.' is visible

2020-08-10 12:06:00 - [TEST_STEP][PASSED] - getText(findTestObject("Maya/Mobile proxy/android.widget.TextView0 - 1152 PM"), 0): Text of element 'Object Repository/Maya/Mobile proxy/android.widget.TextView0 - 1152 PM' is: '12:03 PM'

2020-08-10 12:06:00 - [MESSAGE][WARNING] - Timeout '0' is invalid. Using default page load timeout: '10'

2020-08-10 12:06:00 - [MESSAGE][PASSED] - Text of element 'Object Repository/Maya/Mobile proxy/android.widget.TextView0 - 1152 PM' is: '12:03 PM'

2020-08-10 12:06:00 - [TEST_STEP][PASSED] - verifyElementExist(findTestObject("Maya/Mobile proxy/android.widget.TextView0 - 1152 PM"), 0): Element 'Object Repository/Maya/Mobile proxy/android.widget.TextView0 - 1152 PM' is exist

2020-08-10 12:06:00 - [MESSAGE][WARNING] - Timeout '0' is invalid. Using default page load timeout: '10'

2020-08-10 12:06:01 - [MESSAGE][PASSED] - Element 'Object Repository/Maya/Mobile proxy/android.widget.TextView0 - 1152 PM' is exist

2020-08-10 12:06:01 - [TEST_STEP][PASSED] - getText(findTestObject("Maya/spy/android.widget.TextView0 - Duitnow Proxy (Passport Number) ending 5THA has just been disabled."), 0): Text of element 'Object Repository/Maya/spy/android.widget.TextView0 - Duitnow Proxy (Passport Number) ending 5THA has just been disabled.' is: 'Duitnow Proxy (Passport Number) ending ****5THA has just been disabled.'

2020-08-10 12:06:01 - [MESSAGE][WARNING] - Timeout '0' is invalid. Using default page load timeout: '10'

2020-08-10 12:06:02 - [MESSAGE][PASSED] - Text of element 'Object Repository/Maya/spy/android.widget.TextView0 - Duitnow Proxy (Passport Number) ending 5THA has just been disabled.' is: 'Duitnow Proxy (Passport Number) ending ****5THA has just been disabled.'

2020-08-10 12:06:02 - [TEST_STEP][PASSED] - verifyElementVisible(findTestObject("Maya/spy/android.widget.TextView0 - Duitnow Proxy (Passport Number) ending 5THA has just been disabled."), 0): Element 'Object Repository/Maya/spy/android.widget.TextView0 - Duitnow Proxy (Passport Number) ending 5THA has just been disabled.' is visible

2020-08-10 12:06:02 - [MESSAGE][WARNING] - Timeout '0' is invalid. Using default page load timeout: '10'

2020-08-10 12:06:02 - [MESSAGE][PASSED] - Element 'Object Repository/Maya/spy/android.widget.TextView0 - Duitnow Proxy (Passport Number) ending 5THA has just been disabled.' is visible

2020-08-10 12:06:02 - [TEST_STEP][NOT_RUN] - getText(findTestObject("Maya/spy/android.widget.TextView0 - Duitnow Proxy (NRIC Number) ending 5263 has just been disabled."), 0): NOT_RUN: getText(findTestObject("Maya/spy/android.widget.TextView0 - Duitnow Proxy (NRIC Number) ending 5263 has just been disabled."), 0)

2020-08-10 12:06:02 - [MESSAGE][NOT_RUN] - NOT_RUN: getText(findTestObject("Maya/spy/android.widget.TextView0 - Duitnow Proxy (NRIC Number) ending 5263 has just been disabled."), 0)

2020-08-10 12:06:02 - [TEST_STEP][NOT_RUN] - verifyElementVisible(findTestObject("Maya/spy/android.widget.TextView0 - Duitnow Proxy (NRIC Number) ending 5263 has just been disabled."), 0): NOT_RUN: verifyElementVisible(findTestObject("Maya/spy/android.widget.TextView0 - Duitnow Proxy (NRIC Number) ending 5263 has just been disabled."), 0)

2020-08-10 12:06:02 - [MESSAGE][NOT_RUN] - NOT_RUN: verifyElementVisible(findTestObject("Maya/spy/android.widget.TextView0 - Duitnow Proxy (NRIC Number) ending 5263 has just been disabled."), 0)

2020-08-10 12:06:02 - [TEST_STEP][PASSED] - getText(findTestObject("Maya/Mobile proxy/android.widget.TextView0 - 1153 PM"), 0): Text of element 'Object Repository/Maya/Mobile proxy/android.widget.TextView0 - 1153 PM' is: '12:04 PM'

2020-08-10 12:06:02 - [MESSAGE][WARNING] - Timeout '0' is invalid. Using default page load timeout: '10'

2020-08-10 12:06:03 - [MESSAGE][PASSED] - Text of element 'Object Repository/Maya/Mobile proxy/android.widget.TextView0 - 1153 PM' is: '12:04 PM'

2020-08-10 12:06:03 - [TEST_STEP][PASSED] - verifyElementExist(findTestObject("Maya/Mobile proxy/android.widget.TextView0 - 1153 PM"), 0): Element 'Object Repository/Maya/Mobile proxy/android.widget.TextView0 - 1153 PM' is exist

2020-08-10 12:06:03 - [MESSAGE][WARNING] - Timeout '0' is invalid. Using default page load timeout: '10'

2020-08-10 12:06:04 - [MESSAGE][PASSED] - Element 'Object Repository/Maya/Mobile proxy/android.widget.TextView0 - 1153 PM' is exist

2020-08-10 12:06:04 - [TEST_STEP][FAILED] - getText(findTestObject("Maya/spy/android.widget.TextView0 - Duitnow Proxy (Passport Number) ending 5THA has just been updated. (1)"), 0): Object Object Repository/Maya/spy/android.widget.TextView0 - Duitnow Proxy (Passport Number) ending 5THA has just been updated. (1) not found

2020-08-10 12:06:04 - [MESSAGE][WARNING] - Timeout '0' is invalid. Using default page load timeout: '10'

2020-08-10 12:06:15 - [MESSAGE][FAILED] - Object Object Repository/Maya/spy/android.widget.TextView0 - Duitnow Proxy (Passport Number) ending 5THA has just been updated. (1) not found
[[ATTACHMENT|C:\\Users\\LENOVO\\Git_new\\Maya\\Reports\\20200810_115943\\Maya UAT\\UAT Test Suite\\20200810_115943\\1597032374432.png]]

2020-08-10 12:06:15 - [TEST_STEP][FAILED] - verifyElementVisible(findTestObject("Maya/spy/android.widget.TextView0 - Duitnow Proxy (Passport Number) ending 5THA has just been updated. (1)"), 0): Element 'Object Repository/Maya/spy/android.widget.TextView0 - Duitnow Proxy (Passport Number) ending 5THA has just been updated. (1)' not found

2020-08-10 12:06:15 - [MESSAGE][WARNING] - Timeout '0' is invalid. Using default page load timeout: '10'

2020-08-10 12:06:26 - [MESSAGE][FAILED] - Element 'Object Repository/Maya/spy/android.widget.TextView0 - Duitnow Proxy (Passport Number) ending 5THA has just been updated. (1)' not found
[[ATTACHMENT|C:\\Users\\LENOVO\\Git_new\\Maya\\Reports\\20200810_115943\\Maya UAT\\UAT Test Suite\\20200810_115943\\1597032385690.png]]

2020-08-10 12:06:26 - [TEST_STEP][PASSED] - getText(findTestObject("Maya/Mobile proxy/android.widget.TextView0 - 1154 PM"), 0): Text of element 'Object Repository/Maya/Mobile proxy/android.widget.TextView0 - 1154 PM' is: '12:05 PM'

2020-08-10 12:06:26 - [MESSAGE][WARNING] - Timeout '0' is invalid. Using default page load timeout: '10'

2020-08-10 12:06:27 - [MESSAGE][PASSED] - Text of element 'Object Repository/Maya/Mobile proxy/android.widget.TextView0 - 1154 PM' is: '12:05 PM'

2020-08-10 12:06:27 - [TEST_STEP][PASSED] - verifyElementExist(findTestObject("Maya/Mobile proxy/android.widget.TextView0 - 1154 PM"), 0): Element 'Object Repository/Maya/Mobile proxy/android.widget.TextView0 - 1154 PM' is exist

2020-08-10 12:06:27 - [MESSAGE][WARNING] - Timeout '0' is invalid. Using default page load timeout: '10'

2020-08-10 12:06:28 - [MESSAGE][PASSED] - Element 'Object Repository/Maya/Mobile proxy/android.widget.TextView0 - 1154 PM' is exist

2020-08-10 12:06:28 - [TEST_STEP][PASSED] - getText(findTestObject("Maya/Mobile proxy/android.widget.TextView0 - Maybank2u DuitNow ID Proxy Update"), 0): Text of element 'Object Repository/Maya/Mobile proxy/android.widget.TextView0 - Maybank2u DuitNow ID Proxy Update' is: 'Maybank2u: DuitNow ID Proxy Update'

2020-08-10 12:06:28 - [MESSAGE][WARNING] - Timeout '0' is invalid. Using default page load timeout: '10'

2020-08-10 12:06:28 - [MESSAGE][PASSED] - Text of element 'Object Repository/Maya/Mobile proxy/android.widget.TextView0 - Maybank2u DuitNow ID Proxy Update' is: 'Maybank2u: DuitNow ID Proxy Update'

2020-08-10 12:06:28 - [TEST_STEP][PASSED] - verifyElementExist(findTestObject("Maya/Mobile proxy/android.widget.TextView0 - Maybank2u DuitNow ID Proxy Update"), 0): Element 'Object Repository/Maya/Mobile proxy/android.widget.TextView0 - Maybank2u DuitNow ID Proxy Update' is exist

2020-08-10 12:06:28 - [MESSAGE][WARNING] - Timeout '0' is invalid. Using default page load timeout: '10'

2020-08-10 12:06:28 - [MESSAGE][PASSED] - Element 'Object Repository/Maya/Mobile proxy/android.widget.TextView0 - Maybank2u DuitNow ID Proxy Update' is exist

2020-08-10 12:06:28 - [TEST_STEP][PASSED] - getText(findTestObject("Maya/spy/android.widget.TextView0 - Duitnow Proxy (Passport Number) ending 5THA has just been updated."), 0): Text of element 'Object Repository/Maya/spy/android.widget.TextView0 - Duitnow Proxy (Passport Number) ending 5THA has just been updated.' is: 'Duitnow Proxy (Passport Number) ending ****5THA has just been updated.'

2020-08-10 12:06:28 - [MESSAGE][WARNING] - Timeout '0' is invalid. Using default page load timeout: '10'

2020-08-10 12:06:29 - [MESSAGE][PASSED] - Text of element 'Object Repository/Maya/spy/android.widget.TextView0 - Duitnow Proxy (Passport Number) ending 5THA has just been updated.' is: 'Duitnow Proxy (Passport Number) ending ****5THA has just been updated.'

2020-08-10 12:06:29 - [TEST_STEP][PASSED] - verifyElementExist(findTestObject("Maya/spy/android.widget.TextView0 - Duitnow Proxy (Passport Number) ending 5THA has just been updated."), 0): Element 'Object Repository/Maya/spy/android.widget.TextView0 - Duitnow Proxy (Passport Number) ending 5THA has just been updated.' is exist

2020-08-10 12:06:29 - [MESSAGE][WARNING] - Timeout '0' is invalid. Using default page load timeout: '10'

2020-08-10 12:06:29 - [MESSAGE][PASSED] - Element 'Object Repository/Maya/spy/android.widget.TextView0 - Duitnow Proxy (Passport Number) ending 5THA has just been updated.' is exist

2020-08-10 12:06:29 - [TEST_STEP][PASSED] - getText(findTestObject("Maya/Mobile proxy/android.widget.TextView0 - 1155 PM"), 0): Text of element 'Object Repository/Maya/Mobile proxy/android.widget.TextView0 - 1155 PM' is: '12:05 PM'

2020-08-10 12:06:29 - [MESSAGE][WARNING] - Timeout '0' is invalid. Using default page load timeout: '10'

2020-08-10 12:06:30 - [MESSAGE][PASSED] - Text of element 'Object Repository/Maya/Mobile proxy/android.widget.TextView0 - 1155 PM' is: '12:05 PM'

2020-08-10 12:06:30 - [TEST_STEP][PASSED] - verifyElementExist(findTestObject("Maya/Mobile proxy/android.widget.TextView0 - 1155 PM"), 0): Element 'Object Repository/Maya/Mobile proxy/android.widget.TextView0 - 1155 PM' is exist

2020-08-10 12:06:30 - [MESSAGE][WARNING] - Timeout '0' is invalid. Using default page load timeout: '10'

2020-08-10 12:06:30 - [MESSAGE][PASSED] - Element 'Object Repository/Maya/Mobile proxy/android.widget.TextView0 - 1155 PM' is exist]]></system-out>
         <system-err><![CDATA[2020-08-10 11:59:47 - [TEST_CASE][FAILED] - Test Cases/JINU/DuiTNow Drop 2/Passport: Test Cases/JINU/DuiTNow Drop 2/Passport FAILED.
Reason:
com.kms.katalon.core.exception.StepFailedException: Object Object Repository/Maya/spy/android.widget.TextView0 - Duitnow Proxy (Passport Number) ending 5THA has just been updated. (1) not found
	at com.kms.katalon.core.keyword.internal.KeywordMain.stepFailed(KeywordMain.groovy:39)
	at com.kms.katalon.core.mobile.keyword.internal.MobileKeywordMain.stepFailed(MobileKeywordMain.groovy:40)
	at com.kms.katalon.core.mobile.keyword.builtin.GetTextKeyword$_getText_closure1.doCall(GetTextKeyword.groovy:74)
	at com.kms.katalon.core.mobile.keyword.builtin.GetTextKeyword$_getText_closure1.call(GetTextKeyword.groovy)
	at com.kms.katalon.core.mobile.keyword.internal.MobileKeywordMain.runKeyword(MobileKeywordMain.groovy:21)
	at com.kms.katalon.core.mobile.keyword.builtin.GetTextKeyword.getText(GetTextKeyword.groovy:80)
	at com.kms.katalon.core.mobile.keyword.builtin.GetTextKeyword.execute(GetTextKeyword.groovy:64)
	at com.kms.katalon.core.keyword.internal.KeywordExecutor.executeKeywordForPlatform(KeywordExecutor.groovy:72)
	at com.kms.katalon.core.mobile.keyword.MobileBuiltInKeywords.getText(MobileBuiltInKeywords.groovy:459)
	at com.kms.katalon.core.mobile.keyword.MobileBuiltInKeywords$getText$2.call(Unknown Source)
	at Passport.run(Passport:755)
	at com.kms.katalon.core.main.ScriptEngine.run(ScriptEngine.java:194)
	at com.kms.katalon.core.main.ScriptEngine.runScriptAsRawText(ScriptEngine.java:119)
	at com.kms.katalon.core.main.TestCaseExecutor.runScript(TestCaseExecutor.java:337)
	at com.kms.katalon.core.main.TestCaseExecutor.doExecute(TestCaseExecutor.java:328)
	at com.kms.katalon.core.main.TestCaseExecutor.processExecutionPhase(TestCaseExecutor.java:307)
	at com.kms.katalon.core.main.TestCaseExecutor.accessMainPhase(TestCaseExecutor.java:299)
	at com.kms.katalon.core.main.TestCaseExecutor.execute(TestCaseExecutor.java:233)
	at com.kms.katalon.core.main.TestSuiteExecutor.accessTestCaseMainPhase(TestSuiteExecutor.java:169)
	at com.kms.katalon.core.main.TestSuiteExecutor.accessTestSuiteMainPhase(TestSuiteExecutor.java:142)
	at com.kms.katalon.core.main.TestSuiteExecutor.execute(TestSuiteExecutor.java:91)
	at com.kms.katalon.core.main.TestCaseMain.startTestSuite(TestCaseMain.java:157)
	at com.kms.katalon.core.main.TestCaseMain$startTestSuite$0.call(Unknown Source)
	at TempTestSuite1597031983967.run(TempTestSuite1597031983967.groovy:36)]]></system-err>
      </testcase>
      <system-out><![CDATA[2020-08-10 11:59:46 - [TEST_SUITE][FAILED] - UAT Test Suite: Test Cases/JINU/DuiTNow Drop 2/Passport FAILED.
Reason:
com.kms.katalon.core.exception.StepFailedException: Object Object Repository/Maya/spy/android.widget.TextView0 - Duitnow Proxy (Passport Number) ending 5THA has just been updated. (1) not found
	at com.kms.katalon.core.keyword.internal.KeywordMain.stepFailed(KeywordMain.groovy:39)
	at com.kms.katalon.core.mobile.keyword.internal.MobileKeywordMain.stepFailed(MobileKeywordMain.groovy:40)
	at com.kms.katalon.core.mobile.keyword.builtin.GetTextKeyword$_getText_closure1.doCall(GetTextKeyword.groovy:74)
	at com.kms.katalon.core.mobile.keyword.builtin.GetTextKeyword$_getText_closure1.call(GetTextKeyword.groovy)
	at com.kms.katalon.core.mobile.keyword.internal.MobileKeywordMain.runKeyword(MobileKeywordMain.groovy:21)
	at com.kms.katalon.core.mobile.keyword.builtin.GetTextKeyword.getText(GetTextKeyword.groovy:80)
	at com.kms.katalon.core.mobile.keyword.builtin.GetTextKeyword.execute(GetTextKeyword.groovy:64)
	at com.kms.katalon.core.keyword.internal.KeywordExecutor.executeKeywordForPlatform(KeywordExecutor.groovy:72)
	at com.kms.katalon.core.mobile.keyword.MobileBuiltInKeywords.getText(MobileBuiltInKeywords.groovy:459)
	at com.kms.katalon.core.mobile.keyword.MobileBuiltInKeywords$getText$2.call(Unknown Source)
	at Passport.run(Passport:755)
	at com.kms.katalon.core.main.ScriptEngine.run(ScriptEngine.java:194)
	at com.kms.katalon.core.main.ScriptEngine.runScriptAsRawText(ScriptEngine.java:119)
	at com.kms.katalon.core.main.TestCaseExecutor.runScript(TestCaseExecutor.java:337)
	at com.kms.katalon.core.main.TestCaseExecutor.doExecute(TestCaseExecutor.java:328)
	at com.kms.katalon.core.main.TestCaseExecutor.processExecutionPhase(TestCaseExecutor.java:307)
	at com.kms.katalon.core.main.TestCaseExecutor.accessMainPhase(TestCaseExecutor.java:299)
	at com.kms.katalon.core.main.TestCaseExecutor.execute(TestCaseExecutor.java:233)
	at com.kms.katalon.core.main.TestSuiteExecutor.accessTestCaseMainPhase(TestSuiteExecutor.java:169)
	at com.kms.katalon.core.main.TestSuiteExecutor.accessTestSuiteMainPhase(TestSuiteExecutor.java:142)
	at com.kms.katalon.core.main.TestSuiteExecutor.execute(TestSuiteExecutor.java:91)
	at com.kms.katalon.core.main.TestCaseMain.startTestSuite(TestCaseMain.java:157)
	at com.kms.katalon.core.main.TestCaseMain$startTestSuite$0.call(Unknown Source)
	at TempTestSuite1597031983967.run(TempTestSuite1597031983967.groovy:36)]]></system-out>
      <system-err><![CDATA[2020-08-10 11:59:46 - [TEST_SUITE][FAILED] - UAT Test Suite: Test Cases/JINU/DuiTNow Drop 2/Passport FAILED.
Reason:
com.kms.katalon.core.exception.StepFailedException: Object Object Repository/Maya/spy/android.widget.TextView0 - Duitnow Proxy (Passport Number) ending 5THA has just been updated. (1) not found
	at com.kms.katalon.core.keyword.internal.KeywordMain.stepFailed(KeywordMain.groovy:39)
	at com.kms.katalon.core.mobile.keyword.internal.MobileKeywordMain.stepFailed(MobileKeywordMain.groovy:40)
	at com.kms.katalon.core.mobile.keyword.builtin.GetTextKeyword$_getText_closure1.doCall(GetTextKeyword.groovy:74)
	at com.kms.katalon.core.mobile.keyword.builtin.GetTextKeyword$_getText_closure1.call(GetTextKeyword.groovy)
	at com.kms.katalon.core.mobile.keyword.internal.MobileKeywordMain.runKeyword(MobileKeywordMain.groovy:21)
	at com.kms.katalon.core.mobile.keyword.builtin.GetTextKeyword.getText(GetTextKeyword.groovy:80)
	at com.kms.katalon.core.mobile.keyword.builtin.GetTextKeyword.execute(GetTextKeyword.groovy:64)
	at com.kms.katalon.core.keyword.internal.KeywordExecutor.executeKeywordForPlatform(KeywordExecutor.groovy:72)
	at com.kms.katalon.core.mobile.keyword.MobileBuiltInKeywords.getText(MobileBuiltInKeywords.groovy:459)
	at com.kms.katalon.core.mobile.keyword.MobileBuiltInKeywords$getText$2.call(Unknown Source)
	at Passport.run(Passport:755)
	at com.kms.katalon.core.main.ScriptEngine.run(ScriptEngine.java:194)
	at com.kms.katalon.core.main.ScriptEngine.runScriptAsRawText(ScriptEngine.java:119)
	at com.kms.katalon.core.main.TestCaseExecutor.runScript(TestCaseExecutor.java:337)
	at com.kms.katalon.core.main.TestCaseExecutor.doExecute(TestCaseExecutor.java:328)
	at com.kms.katalon.core.main.TestCaseExecutor.processExecutionPhase(TestCaseExecutor.java:307)
	at com.kms.katalon.core.main.TestCaseExecutor.accessMainPhase(TestCaseExecutor.java:299)
	at com.kms.katalon.core.main.TestCaseExecutor.execute(TestCaseExecutor.java:233)
	at com.kms.katalon.core.main.TestSuiteExecutor.accessTestCaseMainPhase(TestSuiteExecutor.java:169)
	at com.kms.katalon.core.main.TestSuiteExecutor.accessTestSuiteMainPhase(TestSuiteExecutor.java:142)
	at com.kms.katalon.core.main.TestSuiteExecutor.execute(TestSuiteExecutor.java:91)
	at com.kms.katalon.core.main.TestCaseMain.startTestSuite(TestCaseMain.java:157)
	at com.kms.katalon.core.main.TestCaseMain$startTestSuite$0.call(Unknown Source)
	at TempTestSuite1597031983967.run(TempTestSuite1597031983967.groovy:36)]]></system-err>
   </testsuite>
</testsuites>
