<?xml version="1.0" encoding="UTF-8"?>
<testsuites name="UAT Test Suite" time="604.109" tests="1" failures="1" errors="0">
   <testsuite name="UAT Test Suite" tests="1" failures="1" errors="0" time="604.109" timestamp="2020-08-06 08:59:28" hostname="LENOVO - DESKTOP-CP3TV4N" id="Test Suites/Maya UAT/UAT Test Suite">
      <properties>
         <property name="deviceName" value="Xiaomi Redmi Note 7S (Android 9)"/>
         <property name="devicePlatform" value=""/>
         <property name="logFolder" value="C:\\Users\\LENOVO\\Git_new\\Maya\\Reports\\20200806_085925\\Maya UAT\\UAT Test Suite\\20200806_085925"/>
         <property name="logFiles" value="C:\\Users\\LENOVO\\Git_new\\Maya\\Reports\\20200806_085925\\Maya UAT\\UAT Test Suite\\20200806_085925\\appium.log, C:\\Users\\LENOVO\\Git_new\\Maya\\Reports\\20200806_085925\\Maya UAT\\UAT Test Suite\\20200806_085925\\execution0.log"/>
         <property name="attachments" value="C:\\Users\\LENOVO\\Screenshot\\DuitNowProxy\\Screen1.png, C:\\Users\\LENOVO\\Screenshot\\DuitNowProxy\\Screen2.png, C:\\Users\\LENOVO\\Screenshot\\DuitNowProxy\\Screen3.png, C:\\Users\\LENOVO\\Screenshot\\DuitNowProxy\\Screen4.png, C:\\Users\\LENOVO\\Screenshot\\DuitNowProxy\\Screen5.png, C:\\Users\\LENOVO\\Screenshot\\DuitNowProxy\\Screen8.png, C:\\Users\\LENOVO\\Screenshot\\DuitNowProxy\\Screen9.png, C:\\Users\\LENOVO\\Screenshot\\DuitNowProxy\\Screen10.png, C:\\Users\\LENOVO\\Screenshot\\DuitNowProxy\\Screen11.png, C:\\Users\\LENOVO\\Screenshot\\DuitNowProxy\\Screen12.png, C:\\Users\\LENOVO\\Screenshot\\DuitNowProxy\\Screen13.png, C:\\Users\\LENOVO\\Screenshot\\DuitNowProxy\\Screen14.png, C:\\Users\\LENOVO\\Screenshot\\DuitNowProxy\\Screen15.png, C:\\Users\\LENOVO\\Screenshot\\DuitNowProxy\\Screen6.png, C:\\Users\\LENOVO\\Git_new\\Maya\\Reports\\20200806_085925\\Maya UAT\\UAT Test Suite\\20200806_085925\\1596676166071.png, C:\\Users\\LENOVO\\Git_new\\Maya\\Reports\\20200806_085925\\Maya UAT\\UAT Test Suite\\20200806_085925\\1596676167516.png"/>
         <property name="hostName" value="LENOVO - DESKTOP-CP3TV4N"/>
         <property name="os" value="Windows 10 64bit"/>
         <property name="appiumServerStatus" value="{\&quot;value\&quot;:{\&quot;build\&quot;:{\&quot;version\&quot;:\&quot;1.15.1\&quot;}},\&quot;sessionId\&quot;:null,\&quot;status\&quot;:0}"/>
         <property name="katalonVersion" value="7.2.7.1"/>
         <property name="deviceOS" value="Android"/>
         <property name="appiumVersion" value="1.15.1"/>
         <property name="deviceModel" value="Redmi Note 7S"/>
         <property name="hostAddress" value="127.0.0.1"/>
         <property name="deviceManufacturer" value="Xiaomi"/>
         <property name="deviceId" value="11cb9864"/>
         <property name="deviceName" value="Xiaomi Redmi Note 7S (Android 9)"/>
         <property name="deviceOSVersion" value="9"/>
      </properties>
      <testcase name="Test Cases/JINU/DuiTNow Drop 2/Mob Proxy" time="599.878" classname="Test Cases/JINU/DuiTNow Drop 2/Mob Proxy" status="FAILED">
         <failure type="FAILED" message="Test Cases/JINU/DuiTNow Drop 2/Mob Proxy FAILED.
Reason:
com.kms.katalon.core.exception.StepFailedException: Object Object Repository/Maya/RegisterDuitNow/android.widget.TextView0 - Youve successfully linked your account to DuitNow (1) not found
	at com.kms.katalon.core.keyword.internal.KeywordMain.stepFailed(KeywordMain.groovy:50)
	at com.kms.katalon.core.mobile.keyword.internal.MobileKeywordMain.stepFailed(MobileKeywordMain.groovy:40)
	at com.kms.katalon.core.mobile.keyword.builtin.GetTextKeyword$_getText_closure1.doCall(GetTextKeyword.groovy:74)
	at com.kms.katalon.core.mobile.keyword.builtin.GetTextKeyword$_getText_closure1.call(GetTextKeyword.groovy)
	at com.kms.katalon.core.mobile.keyword.internal.MobileKeywordMain.runKeyword(MobileKeywordMain.groovy:21)
	at com.kms.katalon.core.mobile.keyword.builtin.GetTextKeyword.getText(GetTextKeyword.groovy:80)
	at com.kms.katalon.core.mobile.keyword.builtin.GetTextKeyword.execute(GetTextKeyword.groovy:64)
	at com.kms.katalon.core.keyword.internal.KeywordExecutor.executeKeywordForPlatform(KeywordExecutor.groovy:72)
	at com.kms.katalon.core.mobile.keyword.MobileBuiltInKeywords.getText(MobileBuiltInKeywords.groovy:443)
	at com.kms.katalon.core.mobile.keyword.MobileBuiltInKeywords$getText$7.call(Unknown Source)
	at Mob Proxy.run(Mob Proxy:786)
	at com.kms.katalon.core.main.ScriptEngine.run(ScriptEngine.java:194)
	at com.kms.katalon.core.main.ScriptEngine.runScriptAsRawText(ScriptEngine.java:119)
	at com.kms.katalon.core.main.TestCaseExecutor.runScript(TestCaseExecutor.java:337)
	at com.kms.katalon.core.main.TestCaseExecutor.doExecute(TestCaseExecutor.java:328)
	at com.kms.katalon.core.main.TestCaseExecutor.processExecutionPhase(TestCaseExecutor.java:307)
	at com.kms.katalon.core.main.TestCaseExecutor.accessMainPhase(TestCaseExecutor.java:299)
	at com.kms.katalon.core.main.TestCaseExecutor.execute(TestCaseExecutor.java:233)
	at com.kms.katalon.core.main.TestSuiteExecutor.accessTestCaseMainPhase(TestSuiteExecutor.java:169)
	at com.kms.katalon.core.main.TestSuiteExecutor.accessTestSuiteMainPhase(TestSuiteExecutor.java:142)
	at com.kms.katalon.core.main.TestSuiteExecutor.execute(TestSuiteExecutor.java:91)
	at com.kms.katalon.core.main.TestCaseMain.startTestSuite(TestCaseMain.java:157)
	at com.kms.katalon.core.main.TestCaseMain$startTestSuite$0.call(Unknown Source)
	at TempTestSuite1596675565975.run(TempTestSuite1596675565975.groovy:36)
"/>
         <system-out><![CDATA[2020-08-06 08:59:28 - [TEST_CASE][FAILED] - Test Cases/JINU/DuiTNow Drop 2/Mob Proxy: Test Cases/JINU/DuiTNow Drop 2/Mob Proxy FAILED.
Reason:
com.kms.katalon.core.exception.StepFailedException: Object Object Repository/Maya/RegisterDuitNow/android.widget.TextView0 - Youve successfully linked your account to DuitNow (1) not found
	at com.kms.katalon.core.keyword.internal.KeywordMain.stepFailed(KeywordMain.groovy:50)
	at com.kms.katalon.core.mobile.keyword.internal.MobileKeywordMain.stepFailed(MobileKeywordMain.groovy:40)
	at com.kms.katalon.core.mobile.keyword.builtin.GetTextKeyword$_getText_closure1.doCall(GetTextKeyword.groovy:74)
	at com.kms.katalon.core.mobile.keyword.builtin.GetTextKeyword$_getText_closure1.call(GetTextKeyword.groovy)
	at com.kms.katalon.core.mobile.keyword.internal.MobileKeywordMain.runKeyword(MobileKeywordMain.groovy:21)
	at com.kms.katalon.core.mobile.keyword.builtin.GetTextKeyword.getText(GetTextKeyword.groovy:80)
	at com.kms.katalon.core.mobile.keyword.builtin.GetTextKeyword.execute(GetTextKeyword.groovy:64)
	at com.kms.katalon.core.keyword.internal.KeywordExecutor.executeKeywordForPlatform(KeywordExecutor.groovy:72)
	at com.kms.katalon.core.mobile.keyword.MobileBuiltInKeywords.getText(MobileBuiltInKeywords.groovy:443)
	at com.kms.katalon.core.mobile.keyword.MobileBuiltInKeywords$getText$7.call(Unknown Source)
	at Mob Proxy.run(Mob Proxy:786)
	at com.kms.katalon.core.main.ScriptEngine.run(ScriptEngine.java:194)
	at com.kms.katalon.core.main.ScriptEngine.runScriptAsRawText(ScriptEngine.java:119)
	at com.kms.katalon.core.main.TestCaseExecutor.runScript(TestCaseExecutor.java:337)
	at com.kms.katalon.core.main.TestCaseExecutor.doExecute(TestCaseExecutor.java:328)
	at com.kms.katalon.core.main.TestCaseExecutor.processExecutionPhase(TestCaseExecutor.java:307)
	at com.kms.katalon.core.main.TestCaseExecutor.accessMainPhase(TestCaseExecutor.java:299)
	at com.kms.katalon.core.main.TestCaseExecutor.execute(TestCaseExecutor.java:233)
	at com.kms.katalon.core.main.TestSuiteExecutor.accessTestCaseMainPhase(TestSuiteExecutor.java:169)
	at com.kms.katalon.core.main.TestSuiteExecutor.accessTestSuiteMainPhase(TestSuiteExecutor.java:142)
	at com.kms.katalon.core.main.TestSuiteExecutor.execute(TestSuiteExecutor.java:91)
	at com.kms.katalon.core.main.TestCaseMain.startTestSuite(TestCaseMain.java:157)
	at com.kms.katalon.core.main.TestCaseMain$startTestSuite$0.call(Unknown Source)
	at TempTestSuite1596675565975.run(TempTestSuite1596675565975.groovy:36)


2020-08-06 08:59:29 - [TEST_STEP][PASSED] - startApplication("C:\Users\LENOVO\Katalon Studio\app-uat-universal-release.apk", true): Started app at: 'C:\Users\LENOVO\Katalon Studio\app-uat-universal-release.apk'

2020-08-06 08:59:30 - [MESSAGE][INFO] - User set preference: ['appWaitActivity', '*']

2020-08-06 08:59:30 - [MESSAGE][INFO] - User set preference: ['appWaitPackage', 'com.maybank2u.life.uat']

2020-08-06 08:59:30 - [MESSAGE][INFO] - User set preference: ['appWaitDuration', '50,000']

2020-08-06 08:59:30 - [MESSAGE][INFO] - User set preference: ['deviceId', '11cb9864']

2020-08-06 08:59:32 - [MESSAGE][INFO] - Appium server started on port 56,660

2020-08-06 09:00:29 - [MESSAGE][PASSED] - Started app at: 'C:\Users\LENOVO\Katalon Studio\app-uat-universal-release.apk'

2020-08-06 09:00:29 - [TEST_STEP][PASSED] - delay(5, STOP_ON_FAILURE): Delayed 5 second(s)

2020-08-06 09:00:34 - [MESSAGE][PASSED] - Delayed 5 second(s)

2020-08-06 09:00:34 - [TEST_STEP][PASSED] - tap(findTestObject("Maya/login again/android.widget.TextView0 - Next"), 0): Tapped on element 'Object Repository/Maya/login again/android.widget.TextView0 - Next'

2020-08-06 09:00:35 - [MESSAGE][WARNING] - Timeout '0' is invalid. Using default page load timeout: '10'

2020-08-06 09:00:37 - [MESSAGE][PASSED] - Tapped on element 'Object Repository/Maya/login again/android.widget.TextView0 - Next'

2020-08-06 09:00:37 - [TEST_STEP][PASSED] - tap(findTestObject("Maya/login again/android.widget.TextView0 - Next"), 0): Tapped on element 'Object Repository/Maya/login again/android.widget.TextView0 - Next'

2020-08-06 09:00:37 - [MESSAGE][WARNING] - Timeout '0' is invalid. Using default page load timeout: '10'

2020-08-06 09:00:39 - [MESSAGE][PASSED] - Tapped on element 'Object Repository/Maya/login again/android.widget.TextView0 - Next'

2020-08-06 09:00:39 - [TEST_STEP][PASSED] - tap(findTestObject("Maya/login again/android.widget.TextView0 - Next"), 0): Tapped on element 'Object Repository/Maya/login again/android.widget.TextView0 - Next'

2020-08-06 09:00:39 - [MESSAGE][WARNING] - Timeout '0' is invalid. Using default page load timeout: '10'

2020-08-06 09:00:43 - [MESSAGE][PASSED] - Tapped on element 'Object Repository/Maya/login again/android.widget.TextView0 - Next'

2020-08-06 09:00:43 - [TEST_STEP][PASSED] - delay(2, STOP_ON_FAILURE): Delayed 2 second(s)

2020-08-06 09:00:45 - [MESSAGE][PASSED] - Delayed 2 second(s)

2020-08-06 09:00:45 - [TEST_STEP][PASSED] - takeScreenshot("C:\Users\LENOVO\Screenshot\DuitNowProxy\Screen1.png", CONTINUE_ON_FAILURE): Screenshot is taken

2020-08-06 09:00:48 - [MESSAGE][PASSED] - Screenshot is taken
[[ATTACHMENT|C:\\Users\\LENOVO\\Screenshot\\DuitNowProxy\\Screen1.png]]

2020-08-06 09:00:48 - [TEST_STEP][PASSED] - tap(findTestObject("Maya/Login/android.widget.Button0-Maybank2u"), 0): Tapped on element 'Object Repository/Maya/Login/android.widget.Button0-Maybank2u'

2020-08-06 09:00:48 - [MESSAGE][WARNING] - Timeout '0' is invalid. Using default page load timeout: '10'

2020-08-06 09:00:50 - [MESSAGE][PASSED] - Tapped on element 'Object Repository/Maya/Login/android.widget.Button0-Maybank2u'

2020-08-06 09:00:50 - [TEST_STEP][PASSED] - tap(findTestObject("Maya/Login/android.widget.TextView0 - Login to Maybank2u"), 0): Tapped on element 'Object Repository/Maya/Login/android.widget.TextView0 - Login to Maybank2u'

2020-08-06 09:00:50 - [MESSAGE][WARNING] - Timeout '0' is invalid. Using default page load timeout: '10'

2020-08-06 09:00:52 - [MESSAGE][PASSED] - Tapped on element 'Object Repository/Maya/Login/android.widget.TextView0 - Login to Maybank2u'

2020-08-06 09:00:52 - [TEST_STEP][PASSED] - tap(findTestObject("Maya/login again/android.widget.EditText0"), 0): Tapped on element 'Object Repository/Maya/login again/android.widget.EditText0'

2020-08-06 09:00:53 - [MESSAGE][WARNING] - Timeout '0' is invalid. Using default page load timeout: '10'

2020-08-06 09:00:55 - [MESSAGE][PASSED] - Tapped on element 'Object Repository/Maya/login again/android.widget.EditText0'

2020-08-06 09:00:55 - [TEST_STEP][PASSED] - setText(findTestObject("Maya/login again/android.widget.EditText0"), "rizaidi", 0): Text 'rizaidi' has been set to element 'Object Repository/Maya/login again/android.widget.EditText0'

2020-08-06 09:00:56 - [MESSAGE][WARNING] - Timeout '0' is invalid. Using default page load timeout: '10'

2020-08-06 09:00:57 - [MESSAGE][PASSED] - Text 'rizaidi' has been set to element 'Object Repository/Maya/login again/android.widget.EditText0'

2020-08-06 09:00:57 - [TEST_STEP][PASSED] - driver = getDriver(): null

2020-08-06 09:00:57 - [TEST_STEP][PASSED] - driver.pressKeyCode(ENTER): null

2020-08-06 09:00:58 - [TEST_STEP][PASSED] - tap(findTestObject("Maya/login again/android.widget.TextView0 - Yes Its Mine"), 0): Tapped on element 'Object Repository/Maya/login again/android.widget.TextView0 - Yes Its Mine'

2020-08-06 09:00:58 - [MESSAGE][WARNING] - Timeout '0' is invalid. Using default page load timeout: '10'

2020-08-06 09:01:08 - [MESSAGE][PASSED] - Tapped on element 'Object Repository/Maya/login again/android.widget.TextView0 - Yes Its Mine'

2020-08-06 09:01:08 - [TEST_STEP][PASSED] - tap(findTestObject("Maya/login again/android.widget.EditText0 (1)"), 0): Tapped on element 'Object Repository/Maya/login again/android.widget.EditText0 (1)'

2020-08-06 09:01:08 - [MESSAGE][WARNING] - Timeout '0' is invalid. Using default page load timeout: '10'

2020-08-06 09:01:10 - [MESSAGE][PASSED] - Tapped on element 'Object Repository/Maya/login again/android.widget.EditText0 (1)'

2020-08-06 09:01:10 - [TEST_STEP][PASSED] - setText(findTestObject("Maya/login again/android.widget.EditText0 (1)"), "pass1234", 0): Text 'pass1234' has been set to element 'Object Repository/Maya/login again/android.widget.EditText0 (1)'

2020-08-06 09:01:10 - [MESSAGE][WARNING] - Timeout '0' is invalid. Using default page load timeout: '10'

2020-08-06 09:01:11 - [MESSAGE][PASSED] - Text 'pass1234' has been set to element 'Object Repository/Maya/login again/android.widget.EditText0 (1)'

2020-08-06 09:01:11 - [TEST_STEP][PASSED] - driver.pressKeyCode(ENTER): null

2020-08-06 09:01:12 - [TEST_STEP][PASSED] - tap(findTestObject("Maya/login again/android.widget.TextView0 - 2"), 0): Tapped on element 'Object Repository/Maya/login again/android.widget.TextView0 - 2'

2020-08-06 09:01:12 - [MESSAGE][WARNING] - Timeout '0' is invalid. Using default page load timeout: '10'

2020-08-06 09:01:17 - [MESSAGE][PASSED] - Tapped on element 'Object Repository/Maya/login again/android.widget.TextView0 - 2'

2020-08-06 09:01:17 - [TEST_STEP][PASSED] - tap(findTestObject("Maya/login again/android.widget.TextView0 - 3"), 0): Tapped on element 'Object Repository/Maya/login again/android.widget.TextView0 - 3'

2020-08-06 09:01:17 - [MESSAGE][WARNING] - Timeout '0' is invalid. Using default page load timeout: '10'

2020-08-06 09:01:20 - [MESSAGE][PASSED] - Tapped on element 'Object Repository/Maya/login again/android.widget.TextView0 - 3'

2020-08-06 09:01:20 - [TEST_STEP][PASSED] - tap(findTestObject("Maya/login again/android.widget.TextView0 - 0"), 0): Tapped on element 'Object Repository/Maya/login again/android.widget.TextView0 - 0'

2020-08-06 09:01:20 - [MESSAGE][WARNING] - Timeout '0' is invalid. Using default page load timeout: '10'

2020-08-06 09:01:24 - [MESSAGE][PASSED] - Tapped on element 'Object Repository/Maya/login again/android.widget.TextView0 - 0'

2020-08-06 09:01:24 - [TEST_STEP][PASSED] - tap(findTestObject("Maya/login again/android.widget.TextView0 - 9"), 0): Tapped on element 'Object Repository/Maya/login again/android.widget.TextView0 - 9'

2020-08-06 09:01:24 - [MESSAGE][WARNING] - Timeout '0' is invalid. Using default page load timeout: '10'

2020-08-06 09:01:27 - [MESSAGE][PASSED] - Tapped on element 'Object Repository/Maya/login again/android.widget.TextView0 - 9'

2020-08-06 09:01:27 - [TEST_STEP][PASSED] - tap(findTestObject("Maya/login again/android.widget.TextView0 - 8"), 0): Tapped on element 'Object Repository/Maya/login again/android.widget.TextView0 - 8'

2020-08-06 09:01:27 - [MESSAGE][WARNING] - Timeout '0' is invalid. Using default page load timeout: '10'

2020-08-06 09:01:31 - [MESSAGE][PASSED] - Tapped on element 'Object Repository/Maya/login again/android.widget.TextView0 - 8'

2020-08-06 09:01:31 - [TEST_STEP][PASSED] - tap(findTestObject("Maya/login again/android.widget.TextView0 - 3"), 0): Tapped on element 'Object Repository/Maya/login again/android.widget.TextView0 - 3'

2020-08-06 09:01:31 - [MESSAGE][WARNING] - Timeout '0' is invalid. Using default page load timeout: '10'

2020-08-06 09:01:35 - [MESSAGE][PASSED] - Tapped on element 'Object Repository/Maya/login again/android.widget.TextView0 - 3'

2020-08-06 09:01:35 - [TEST_STEP][NOT_RUN] - tap(findTestObject("Maya/Login/android.widget.ImageView0"), 0): NOT_RUN: tap(findTestObject("Maya/Login/android.widget.ImageView0"), 0)

2020-08-06 09:01:35 - [MESSAGE][NOT_RUN] - NOT_RUN: tap(findTestObject("Maya/Login/android.widget.ImageView0"), 0)

2020-08-06 09:01:35 - [TEST_STEP][PASSED] - tap(findTestObject("Maya/One Tap Authorisation/android.widget.ImageView0 (8)"), 0): Tapped on element 'Object Repository/Maya/One Tap Authorisation/android.widget.ImageView0 (8)'

2020-08-06 09:01:35 - [MESSAGE][WARNING] - Timeout '0' is invalid. Using default page load timeout: '10'

2020-08-06 09:01:35 - [MESSAGE][PASSED] - Tapped on element 'Object Repository/Maya/One Tap Authorisation/android.widget.ImageView0 (8)'

2020-08-06 09:01:35 - [TEST_STEP][PASSED] - tap(findTestObject("Maya/login again/android.widget.TextView0 - 2"), 0): Tapped on element 'Object Repository/Maya/login again/android.widget.TextView0 - 2'

2020-08-06 09:01:35 - [MESSAGE][WARNING] - Timeout '0' is invalid. Using default page load timeout: '10'

2020-08-06 09:01:40 - [MESSAGE][PASSED] - Tapped on element 'Object Repository/Maya/login again/android.widget.TextView0 - 2'

2020-08-06 09:01:40 - [TEST_STEP][PASSED] - tap(findTestObject("Maya/login again/android.widget.TextView0 - 3"), 0): Tapped on element 'Object Repository/Maya/login again/android.widget.TextView0 - 3'

2020-08-06 09:01:40 - [MESSAGE][WARNING] - Timeout '0' is invalid. Using default page load timeout: '10'

2020-08-06 09:01:42 - [MESSAGE][PASSED] - Tapped on element 'Object Repository/Maya/login again/android.widget.TextView0 - 3'

2020-08-06 09:01:42 - [TEST_STEP][PASSED] - tap(findTestObject("Maya/login again/android.widget.TextView0 - 0"), 0): Tapped on element 'Object Repository/Maya/login again/android.widget.TextView0 - 0'

2020-08-06 09:01:42 - [MESSAGE][WARNING] - Timeout '0' is invalid. Using default page load timeout: '10'

2020-08-06 09:01:45 - [MESSAGE][PASSED] - Tapped on element 'Object Repository/Maya/login again/android.widget.TextView0 - 0'

2020-08-06 09:01:45 - [TEST_STEP][PASSED] - tap(findTestObject("Maya/login again/android.widget.TextView0 - 9"), 0): Tapped on element 'Object Repository/Maya/login again/android.widget.TextView0 - 9'

2020-08-06 09:01:45 - [MESSAGE][WARNING] - Timeout '0' is invalid. Using default page load timeout: '10'

2020-08-06 09:01:49 - [MESSAGE][PASSED] - Tapped on element 'Object Repository/Maya/login again/android.widget.TextView0 - 9'

2020-08-06 09:01:49 - [TEST_STEP][PASSED] - tap(findTestObject("Maya/login again/android.widget.TextView0 - 8"), 0): Tapped on element 'Object Repository/Maya/login again/android.widget.TextView0 - 8'

2020-08-06 09:01:49 - [MESSAGE][WARNING] - Timeout '0' is invalid. Using default page load timeout: '10'

2020-08-06 09:01:52 - [MESSAGE][PASSED] - Tapped on element 'Object Repository/Maya/login again/android.widget.TextView0 - 8'

2020-08-06 09:01:52 - [TEST_STEP][PASSED] - tap(findTestObject("Maya/login again/android.widget.TextView0 - 3"), 0): Tapped on element 'Object Repository/Maya/login again/android.widget.TextView0 - 3'

2020-08-06 09:01:52 - [MESSAGE][WARNING] - Timeout '0' is invalid. Using default page load timeout: '10'

2020-08-06 09:01:56 - [MESSAGE][PASSED] - Tapped on element 'Object Repository/Maya/login again/android.widget.TextView0 - 3'

2020-08-06 09:01:56 - [TEST_STEP][PASSED] - tap(findTestObject("Maya/One Tap Authorisation/android.widget.ImageView0 (8)"), 0): Tapped on element 'Object Repository/Maya/One Tap Authorisation/android.widget.ImageView0 (8)'

2020-08-06 09:01:56 - [MESSAGE][WARNING] - Timeout '0' is invalid. Using default page load timeout: '10'

2020-08-06 09:01:57 - [MESSAGE][PASSED] - Tapped on element 'Object Repository/Maya/One Tap Authorisation/android.widget.ImageView0 (8)'

2020-08-06 09:01:57 - [TEST_STEP][PASSED] - tap(findTestObject("Maya/login again/android.widget.TextView0 - Yes Proceeed"), 0): Tapped on element 'Object Repository/Maya/login again/android.widget.TextView0 - Yes Proceeed'

2020-08-06 09:01:57 - [MESSAGE][WARNING] - Timeout '0' is invalid. Using default page load timeout: '10'

2020-08-06 09:01:59 - [MESSAGE][PASSED] - Tapped on element 'Object Repository/Maya/login again/android.widget.TextView0 - Yes Proceeed'

2020-08-06 09:01:59 - [TEST_STEP][PASSED] - delay(2, STOP_ON_FAILURE): Delayed 2 second(s)

2020-08-06 09:02:01 - [MESSAGE][PASSED] - Delayed 2 second(s)

2020-08-06 09:02:01 - [TEST_STEP][PASSED] - takeScreenshot("C:\Users\LENOVO\Screenshot\DuitNowProxy\Screen2.png", CONTINUE_ON_FAILURE): Screenshot is taken

2020-08-06 09:02:03 - [MESSAGE][PASSED] - Screenshot is taken
[[ATTACHMENT|C:\\Users\\LENOVO\\Screenshot\\DuitNowProxy\\Screen2.png]]

2020-08-06 09:02:03 - [TEST_STEP][PASSED] - tap(findTestObject("Maya/Third Party CA account/android.widget.TextView0 - Your OTP no. is 460943"), 0): Tapped on element 'Object Repository/Maya/Third Party CA account/android.widget.TextView0 - Your OTP no. is 460943'

2020-08-06 09:02:03 - [MESSAGE][WARNING] - Timeout '0' is invalid. Using default page load timeout: '10'

2020-08-06 09:02:05 - [MESSAGE][PASSED] - Tapped on element 'Object Repository/Maya/Third Party CA account/android.widget.TextView0 - Your OTP no. is 460943'

2020-08-06 09:02:05 - [TEST_STEP][PASSED] - otpMessage = getText(findTestObject("Maya/Third Party CA account/android.widget.TextView0 - Your OTP no. is 460943"), 0): Text of element 'Object Repository/Maya/Third Party CA account/android.widget.TextView0 - Your OTP no. is 460943' is: 'Your OTP no. is 953581'

2020-08-06 09:02:05 - [MESSAGE][WARNING] - Timeout '0' is invalid. Using default page load timeout: '10'

2020-08-06 09:02:06 - [MESSAGE][PASSED] - Text of element 'Object Repository/Maya/Third Party CA account/android.widget.TextView0 - Your OTP no. is 460943' is: 'Your OTP no. is 953581'

2020-08-06 09:02:06 - [TEST_STEP][PASSED] - delay(2): Delayed 2 second(s)

2020-08-06 09:02:08 - [MESSAGE][PASSED] - Delayed 2 second(s)

2020-08-06 09:02:08 - [TEST_STEP][PASSED] - for ([i = 16, i <= 21, (i++)]): null

2020-08-06 09:02:08 - [TEST_STEP][PASSED] - delay(3, STOP_ON_FAILURE): Delayed 3 second(s)

2020-08-06 09:02:11 - [MESSAGE][PASSED] - Delayed 3 second(s)

2020-08-06 09:02:11 - [TEST_STEP][PASSED] - if (otpMessage[i] == "0"): null

2020-08-06 09:02:11 - [TEST_STEP][PASSED] - if (otpMessage[i] == "1"): null

2020-08-06 09:02:11 - [TEST_STEP][PASSED] - if (otpMessage[i] == "2"): null

2020-08-06 09:02:11 - [TEST_STEP][PASSED] - if (otpMessage[i] == "3"): null

2020-08-06 09:02:11 - [TEST_STEP][PASSED] - if (otpMessage[i] == "4"): null

2020-08-06 09:02:11 - [TEST_STEP][PASSED] - if (otpMessage[i] == "5"): null

2020-08-06 09:02:11 - [TEST_STEP][PASSED] - if (otpMessage[i] == "6"): null

2020-08-06 09:02:11 - [TEST_STEP][PASSED] - if (otpMessage[i] == "7"): null

2020-08-06 09:02:11 - [TEST_STEP][PASSED] - if (otpMessage[i] == "8"): null

2020-08-06 09:02:11 - [TEST_STEP][PASSED] - if (otpMessage[i] == "9"): Tapped on element 'Object Repository/Maya/login again/Spy- 9'

2020-08-06 09:02:11 - [TEST_STEP][PASSED] - delay(1, STOP_ON_FAILURE): Delayed 1 second(s)

2020-08-06 09:02:12 - [MESSAGE][PASSED] - Delayed 1 second(s)

2020-08-06 09:02:12 - [TEST_STEP][PASSED] - tap(findTestObject("Maya/login again/Spy- 9"), 0): Tapped on element 'Object Repository/Maya/login again/Spy- 9'

2020-08-06 09:02:12 - [MESSAGE][WARNING] - Timeout '0' is invalid. Using default page load timeout: '10'

2020-08-06 09:02:13 - [MESSAGE][PASSED] - Tapped on element 'Object Repository/Maya/login again/Spy- 9'

2020-08-06 09:02:13 - [TEST_STEP][PASSED] - delay(3, STOP_ON_FAILURE): Delayed 3 second(s)

2020-08-06 09:02:16 - [MESSAGE][PASSED] - Delayed 3 second(s)

2020-08-06 09:02:16 - [TEST_STEP][PASSED] - if (otpMessage[i] == "0"): null

2020-08-06 09:02:16 - [TEST_STEP][PASSED] - if (otpMessage[i] == "1"): null

2020-08-06 09:02:16 - [TEST_STEP][PASSED] - if (otpMessage[i] == "2"): null

2020-08-06 09:02:16 - [TEST_STEP][PASSED] - if (otpMessage[i] == "3"): null

2020-08-06 09:02:16 - [TEST_STEP][PASSED] - if (otpMessage[i] == "4"): null

2020-08-06 09:02:16 - [TEST_STEP][PASSED] - if (otpMessage[i] == "5"): Tapped on element 'Object Repository/Maya/login again/Spy- 5'

2020-08-06 09:02:16 - [TEST_STEP][PASSED] - delay(1, STOP_ON_FAILURE): Delayed 1 second(s)

2020-08-06 09:02:17 - [MESSAGE][PASSED] - Delayed 1 second(s)

2020-08-06 09:02:17 - [TEST_STEP][PASSED] - tap(findTestObject("Maya/login again/Spy- 5"), 0): Tapped on element 'Object Repository/Maya/login again/Spy- 5'

2020-08-06 09:02:17 - [MESSAGE][WARNING] - Timeout '0' is invalid. Using default page load timeout: '10'

2020-08-06 09:02:18 - [MESSAGE][PASSED] - Tapped on element 'Object Repository/Maya/login again/Spy- 5'

2020-08-06 09:02:18 - [TEST_STEP][PASSED] - if (otpMessage[i] == "6"): null

2020-08-06 09:02:18 - [TEST_STEP][PASSED] - if (otpMessage[i] == "7"): null

2020-08-06 09:02:18 - [TEST_STEP][PASSED] - if (otpMessage[i] == "8"): null

2020-08-06 09:02:18 - [TEST_STEP][PASSED] - if (otpMessage[i] == "9"): null

2020-08-06 09:02:18 - [TEST_STEP][PASSED] - delay(3, STOP_ON_FAILURE): Delayed 3 second(s)

2020-08-06 09:02:21 - [MESSAGE][PASSED] - Delayed 3 second(s)

2020-08-06 09:02:21 - [TEST_STEP][PASSED] - if (otpMessage[i] == "0"): null

2020-08-06 09:02:21 - [TEST_STEP][PASSED] - if (otpMessage[i] == "1"): null

2020-08-06 09:02:21 - [TEST_STEP][PASSED] - if (otpMessage[i] == "2"): null

2020-08-06 09:02:21 - [TEST_STEP][PASSED] - if (otpMessage[i] == "3"): Tapped on element 'Object Repository/Maya/login again/Spy- 3'

2020-08-06 09:02:21 - [TEST_STEP][PASSED] - delay(1, STOP_ON_FAILURE): Delayed 1 second(s)

2020-08-06 09:02:22 - [MESSAGE][PASSED] - Delayed 1 second(s)

2020-08-06 09:02:22 - [TEST_STEP][NOT_RUN] - tap(findTestObject("MAYA SIT v118/spy/TAC - keypad 3"), 0): NOT_RUN: tap(findTestObject("MAYA SIT v118/spy/TAC - keypad 3"), 0)

2020-08-06 09:02:22 - [MESSAGE][NOT_RUN] - NOT_RUN: tap(findTestObject("MAYA SIT v118/spy/TAC - keypad 3"), 0)

2020-08-06 09:02:22 - [TEST_STEP][PASSED] - tap(findTestObject("Maya/login again/Spy- 3"), 0): Tapped on element 'Object Repository/Maya/login again/Spy- 3'

2020-08-06 09:02:22 - [MESSAGE][WARNING] - Timeout '0' is invalid. Using default page load timeout: '10'

2020-08-06 09:02:23 - [MESSAGE][PASSED] - Tapped on element 'Object Repository/Maya/login again/Spy- 3'

2020-08-06 09:02:23 - [TEST_STEP][PASSED] - if (otpMessage[i] == "4"): null

2020-08-06 09:02:23 - [TEST_STEP][PASSED] - if (otpMessage[i] == "5"): null

2020-08-06 09:02:23 - [TEST_STEP][PASSED] - if (otpMessage[i] == "6"): null

2020-08-06 09:02:23 - [TEST_STEP][PASSED] - if (otpMessage[i] == "7"): null

2020-08-06 09:02:23 - [TEST_STEP][PASSED] - if (otpMessage[i] == "8"): null

2020-08-06 09:02:23 - [TEST_STEP][PASSED] - if (otpMessage[i] == "9"): null

2020-08-06 09:02:23 - [TEST_STEP][PASSED] - delay(3, STOP_ON_FAILURE): Delayed 3 second(s)

2020-08-06 09:02:26 - [MESSAGE][PASSED] - Delayed 3 second(s)

2020-08-06 09:02:26 - [TEST_STEP][PASSED] - if (otpMessage[i] == "0"): null

2020-08-06 09:02:26 - [TEST_STEP][PASSED] - if (otpMessage[i] == "1"): null

2020-08-06 09:02:26 - [TEST_STEP][PASSED] - if (otpMessage[i] == "2"): null

2020-08-06 09:02:26 - [TEST_STEP][PASSED] - if (otpMessage[i] == "3"): null

2020-08-06 09:02:26 - [TEST_STEP][PASSED] - if (otpMessage[i] == "4"): null

2020-08-06 09:02:26 - [TEST_STEP][PASSED] - if (otpMessage[i] == "5"): Tapped on element 'Object Repository/Maya/login again/Spy- 5'

2020-08-06 09:02:26 - [TEST_STEP][PASSED] - delay(1, STOP_ON_FAILURE): Delayed 1 second(s)

2020-08-06 09:02:27 - [MESSAGE][PASSED] - Delayed 1 second(s)

2020-08-06 09:02:27 - [TEST_STEP][PASSED] - tap(findTestObject("Maya/login again/Spy- 5"), 0): Tapped on element 'Object Repository/Maya/login again/Spy- 5'

2020-08-06 09:02:27 - [MESSAGE][WARNING] - Timeout '0' is invalid. Using default page load timeout: '10'

2020-08-06 09:02:28 - [MESSAGE][PASSED] - Tapped on element 'Object Repository/Maya/login again/Spy- 5'

2020-08-06 09:02:28 - [TEST_STEP][PASSED] - if (otpMessage[i] == "6"): null

2020-08-06 09:02:28 - [TEST_STEP][PASSED] - if (otpMessage[i] == "7"): null

2020-08-06 09:02:28 - [TEST_STEP][PASSED] - if (otpMessage[i] == "8"): null

2020-08-06 09:02:28 - [TEST_STEP][PASSED] - if (otpMessage[i] == "9"): null

2020-08-06 09:02:28 - [TEST_STEP][PASSED] - delay(3, STOP_ON_FAILURE): Delayed 3 second(s)

2020-08-06 09:02:31 - [MESSAGE][PASSED] - Delayed 3 second(s)

2020-08-06 09:02:31 - [TEST_STEP][PASSED] - if (otpMessage[i] == "0"): null

2020-08-06 09:02:31 - [TEST_STEP][PASSED] - if (otpMessage[i] == "1"): null

2020-08-06 09:02:31 - [TEST_STEP][PASSED] - if (otpMessage[i] == "2"): null

2020-08-06 09:02:31 - [TEST_STEP][PASSED] - if (otpMessage[i] == "3"): null

2020-08-06 09:02:31 - [TEST_STEP][PASSED] - if (otpMessage[i] == "4"): null

2020-08-06 09:02:31 - [TEST_STEP][PASSED] - if (otpMessage[i] == "5"): null

2020-08-06 09:02:31 - [TEST_STEP][PASSED] - if (otpMessage[i] == "6"): null

2020-08-06 09:02:31 - [TEST_STEP][PASSED] - if (otpMessage[i] == "7"): null

2020-08-06 09:02:31 - [TEST_STEP][PASSED] - if (otpMessage[i] == "8"): Tapped on element 'Object Repository/Maya/login again/Spy - 8'

2020-08-06 09:02:31 - [TEST_STEP][PASSED] - delay(1, STOP_ON_FAILURE): Delayed 1 second(s)

2020-08-06 09:02:32 - [MESSAGE][PASSED] - Delayed 1 second(s)

2020-08-06 09:02:32 - [TEST_STEP][PASSED] - tap(findTestObject("Maya/login again/Spy - 8"), 0): Tapped on element 'Object Repository/Maya/login again/Spy - 8'

2020-08-06 09:02:33 - [MESSAGE][WARNING] - Timeout '0' is invalid. Using default page load timeout: '10'

2020-08-06 09:02:34 - [MESSAGE][PASSED] - Tapped on element 'Object Repository/Maya/login again/Spy - 8'

2020-08-06 09:02:34 - [TEST_STEP][PASSED] - if (otpMessage[i] == "9"): null

2020-08-06 09:02:34 - [TEST_STEP][PASSED] - delay(3, STOP_ON_FAILURE): Delayed 3 second(s)

2020-08-06 09:02:37 - [MESSAGE][PASSED] - Delayed 3 second(s)

2020-08-06 09:02:37 - [TEST_STEP][PASSED] - if (otpMessage[i] == "0"): null

2020-08-06 09:02:37 - [TEST_STEP][PASSED] - if (otpMessage[i] == "1"): Tapped on element 'Object Repository/Maya/login again/Spy - 1'

2020-08-06 09:02:37 - [TEST_STEP][PASSED] - delay(1, STOP_ON_FAILURE): Delayed 1 second(s)

2020-08-06 09:02:38 - [MESSAGE][PASSED] - Delayed 1 second(s)

2020-08-06 09:02:38 - [TEST_STEP][PASSED] - tap(findTestObject("Maya/login again/Spy - 1"), 0): Tapped on element 'Object Repository/Maya/login again/Spy - 1'

2020-08-06 09:02:38 - [MESSAGE][WARNING] - Timeout '0' is invalid. Using default page load timeout: '10'

2020-08-06 09:02:39 - [MESSAGE][PASSED] - Tapped on element 'Object Repository/Maya/login again/Spy - 1'

2020-08-06 09:02:39 - [TEST_STEP][PASSED] - if (otpMessage[i] == "2"): null

2020-08-06 09:02:39 - [TEST_STEP][PASSED] - if (otpMessage[i] == "3"): null

2020-08-06 09:02:39 - [TEST_STEP][PASSED] - if (otpMessage[i] == "4"): null

2020-08-06 09:02:39 - [TEST_STEP][PASSED] - if (otpMessage[i] == "5"): null

2020-08-06 09:02:39 - [TEST_STEP][PASSED] - if (otpMessage[i] == "6"): null

2020-08-06 09:02:39 - [TEST_STEP][PASSED] - if (otpMessage[i] == "7"): null

2020-08-06 09:02:39 - [TEST_STEP][PASSED] - if (otpMessage[i] == "8"): null

2020-08-06 09:02:39 - [TEST_STEP][PASSED] - if (otpMessage[i] == "9"): null

2020-08-06 09:02:39 - [TEST_STEP][PASSED] - delay(8, STOP_ON_FAILURE): Delayed 8 second(s)

2020-08-06 09:02:47 - [MESSAGE][PASSED] - Delayed 8 second(s)

2020-08-06 09:02:47 - [TEST_STEP][PASSED] - tap(findTestObject("Maya/Forgot Pin/android.widget.ImageView0 (7)"), 0): Tapped on element 'Object Repository/Maya/Forgot Pin/android.widget.ImageView0 (7)'

2020-08-06 09:02:47 - [MESSAGE][WARNING] - Timeout '0' is invalid. Using default page load timeout: '10'

2020-08-06 09:02:48 - [MESSAGE][PASSED] - Tapped on element 'Object Repository/Maya/Forgot Pin/android.widget.ImageView0 (7)'

2020-08-06 09:02:48 - [TEST_STEP][PASSED] - tap(findTestObject("Maya/Login/android.widget.EditText0 - Enter your name"), 0): Tapped on element 'Object Repository/Maya/Login/android.widget.EditText0 - Enter your name'

2020-08-06 09:02:48 - [MESSAGE][WARNING] - Timeout '0' is invalid. Using default page load timeout: '10'

2020-08-06 09:02:53 - [MESSAGE][PASSED] - Tapped on element 'Object Repository/Maya/Login/android.widget.EditText0 - Enter your name'

2020-08-06 09:02:53 - [TEST_STEP][PASSED] - setText(findTestObject("Maya/Login/android.widget.EditText0 - Enter your name"), "Test", 0): Text 'Test' has been set to element 'Object Repository/Maya/Login/android.widget.EditText0 - Enter your name'

2020-08-06 09:02:53 - [MESSAGE][WARNING] - Timeout '0' is invalid. Using default page load timeout: '10'

2020-08-06 09:02:55 - [MESSAGE][PASSED] - Text 'Test' has been set to element 'Object Repository/Maya/Login/android.widget.EditText0 - Enter your name'

2020-08-06 09:02:55 - [TEST_STEP][PASSED] - driver.pressKeyCode(ENTER): null

2020-08-06 09:02:56 - [TEST_STEP][PASSED] - delay(2, STOP_ON_FAILURE): Delayed 2 second(s)

2020-08-06 09:02:58 - [MESSAGE][PASSED] - Delayed 2 second(s)

2020-08-06 09:02:58 - [TEST_STEP][PASSED] - takeScreenshot("C:\Users\LENOVO\Screenshot\DuitNowProxy\Screen3.png", CONTINUE_ON_FAILURE): Screenshot is taken

2020-08-06 09:03:00 - [MESSAGE][PASSED] - Screenshot is taken
[[ATTACHMENT|C:\\Users\\LENOVO\\Screenshot\\DuitNowProxy\\Screen3.png]]

2020-08-06 09:03:00 - [TEST_STEP][PASSED] - tap(findTestObject("Maya/Login/android.widget.TextView0 - Continue"), 0): Tapped on element 'Object Repository/Maya/Login/android.widget.TextView0 - Continue'

2020-08-06 09:03:00 - [MESSAGE][WARNING] - Timeout '0' is invalid. Using default page load timeout: '10'

2020-08-06 09:03:05 - [MESSAGE][PASSED] - Tapped on element 'Object Repository/Maya/Login/android.widget.TextView0 - Continue'

2020-08-06 09:03:05 - [TEST_STEP][PASSED] - tap(findTestObject("Maya/RegisterDuitNow/android.widget.ImageView0-2 acct"), 0): Tapped on element 'Object Repository/Maya/RegisterDuitNow/android.widget.ImageView0-2 acct'

2020-08-06 09:03:05 - [MESSAGE][WARNING] - Timeout '0' is invalid. Using default page load timeout: '10'

2020-08-06 09:03:05 - [MESSAGE][PASSED] - Tapped on element 'Object Repository/Maya/RegisterDuitNow/android.widget.ImageView0-2 acct'

2020-08-06 09:03:05 - [TEST_STEP][PASSED] - tap(findTestObject("Maya/Login/android.widget.TextView0 - Continue"), 0): Tapped on element 'Object Repository/Maya/Login/android.widget.TextView0 - Continue'

2020-08-06 09:03:05 - [MESSAGE][WARNING] - Timeout '0' is invalid. Using default page load timeout: '10'

2020-08-06 09:03:07 - [MESSAGE][PASSED] - Tapped on element 'Object Repository/Maya/Login/android.widget.TextView0 - Continue'

2020-08-06 09:03:07 - [TEST_STEP][PASSED] - tap(findTestObject("Maya/Login/android.widget.TextView0 - Done setup"), 0): Tapped on element 'Object Repository/Maya/Login/android.widget.TextView0 - Done setup'

2020-08-06 09:03:08 - [MESSAGE][WARNING] - Timeout '0' is invalid. Using default page load timeout: '10'

2020-08-06 09:03:13 - [MESSAGE][PASSED] - Tapped on element 'Object Repository/Maya/Login/android.widget.TextView0 - Done setup'

2020-08-06 09:03:13 - [TEST_STEP][PASSED] - verifyElementText(findTestObject("Maya/Third Party Fav/android.widget.TextView0 - Test"), "Test", CONTINUE_ON_FAILURE): Actual text and expected text of test object 'Object Repository/Maya/Third Party Fav/android.widget.TextView0 - Test' are matched.

2020-08-06 09:03:14 - [MESSAGE][PASSED] - Actual text and expected text of test object 'Object Repository/Maya/Third Party Fav/android.widget.TextView0 - Test' are matched.

2020-08-06 09:03:14 - [TEST_STEP][PASSED] - tap(findTestObject("Maya/RegisterDuitNow/android.widget.TextView0 - More (1)"), 0): Tapped on element 'Object Repository/Maya/RegisterDuitNow/android.widget.TextView0 - More (1)'

2020-08-06 09:03:14 - [MESSAGE][WARNING] - Timeout '0' is invalid. Using default page load timeout: '10'

2020-08-06 09:03:27 - [MESSAGE][PASSED] - Tapped on element 'Object Repository/Maya/RegisterDuitNow/android.widget.TextView0 - More (1)'

2020-08-06 09:03:27 - [TEST_STEP][PASSED] - tap(findTestObject("Maya/RegisterDuitNow/android.widget.TextView0 - Settings (1)"), 0): Tapped on element 'Object Repository/Maya/RegisterDuitNow/android.widget.TextView0 - Settings (1)'

2020-08-06 09:03:27 - [MESSAGE][WARNING] - Timeout '0' is invalid. Using default page load timeout: '10'

2020-08-06 09:03:29 - [MESSAGE][PASSED] - Tapped on element 'Object Repository/Maya/RegisterDuitNow/android.widget.TextView0 - Settings (1)'

2020-08-06 09:03:29 - [TEST_STEP][PASSED] - tap(findTestObject("Maya/RegisterDuitNow/android.widget.TextView0 - Maybank2u (2)"), 0): Tapped on element 'Object Repository/Maya/RegisterDuitNow/android.widget.TextView0 - Maybank2u (2)'

2020-08-06 09:03:29 - [MESSAGE][WARNING] - Timeout '0' is invalid. Using default page load timeout: '10'

2020-08-06 09:03:31 - [MESSAGE][PASSED] - Tapped on element 'Object Repository/Maya/RegisterDuitNow/android.widget.TextView0 - Maybank2u (2)'

2020-08-06 09:03:31 - [TEST_STEP][PASSED] - tap(findTestObject("Maya/RegisterDuitNow/android.widget.TextView0 - DuitNow (6)"), 0): Tapped on element 'Object Repository/Maya/RegisterDuitNow/android.widget.TextView0 - DuitNow (6)'

2020-08-06 09:03:31 - [MESSAGE][WARNING] - Timeout '0' is invalid. Using default page load timeout: '10'

2020-08-06 09:03:33 - [MESSAGE][PASSED] - Tapped on element 'Object Repository/Maya/RegisterDuitNow/android.widget.TextView0 - DuitNow (6)'

2020-08-06 09:03:33 - [TEST_STEP][PASSED] - getText(findTestObject("Maya/RegisterDuitNow/android.widget.TextView0 - Link your Maybank account to an ID for DuitNow (1)"), 0): Text of element 'Object Repository/Maya/RegisterDuitNow/android.widget.TextView0 - Link your Maybank account to an ID for DuitNow (1)' is: 'Link your Maybank account to an ID for DuitNow'

2020-08-06 09:03:33 - [MESSAGE][WARNING] - Timeout '0' is invalid. Using default page load timeout: '10'

2020-08-06 09:03:33 - [MESSAGE][PASSED] - Text of element 'Object Repository/Maya/RegisterDuitNow/android.widget.TextView0 - Link your Maybank account to an ID for DuitNow (1)' is: 'Link your Maybank account to an ID for DuitNow'

2020-08-06 09:03:33 - [TEST_STEP][PASSED] - verifyElementExist(findTestObject("Maya/RegisterDuitNow/android.widget.TextView0 - Link your Maybank account to an ID for DuitNow (1)"), 0): Element 'Object Repository/Maya/RegisterDuitNow/android.widget.TextView0 - Link your Maybank account to an ID for DuitNow (1)' is exist

2020-08-06 09:03:33 - [MESSAGE][WARNING] - Timeout '0' is invalid. Using default page load timeout: '10'

2020-08-06 09:03:33 - [MESSAGE][PASSED] - Element 'Object Repository/Maya/RegisterDuitNow/android.widget.TextView0 - Link your Maybank account to an ID for DuitNow (1)' is exist

2020-08-06 09:03:33 - [TEST_STEP][PASSED] - delay(2, STOP_ON_FAILURE): Delayed 2 second(s)

2020-08-06 09:03:35 - [MESSAGE][PASSED] - Delayed 2 second(s)

2020-08-06 09:03:35 - [TEST_STEP][PASSED] - takeScreenshot("C:\Users\LENOVO\Screenshot\DuitNowProxy\Screen4.png", CONTINUE_ON_FAILURE): Screenshot is taken

2020-08-06 09:03:37 - [MESSAGE][PASSED] - Screenshot is taken
[[ATTACHMENT|C:\\Users\\LENOVO\\Screenshot\\DuitNowProxy\\Screen4.png]]

2020-08-06 09:03:37 - [TEST_STEP][PASSED] - getText(findTestObject("Maya/RegisterDuitNow/android.widget.TextView0 - Mobile Number"), 0): Text of element 'Object Repository/Maya/RegisterDuitNow/android.widget.TextView0 - Mobile Number' is: 'Mobile Number'

2020-08-06 09:03:37 - [MESSAGE][WARNING] - Timeout '0' is invalid. Using default page load timeout: '10'

2020-08-06 09:03:37 - [MESSAGE][PASSED] - Text of element 'Object Repository/Maya/RegisterDuitNow/android.widget.TextView0 - Mobile Number' is: 'Mobile Number'

2020-08-06 09:03:37 - [TEST_STEP][PASSED] - verifyElementExist(findTestObject("Maya/RegisterDuitNow/android.widget.TextView0 - Mobile Number"), 0): Element 'Object Repository/Maya/RegisterDuitNow/android.widget.TextView0 - Mobile Number' is exist

2020-08-06 09:03:37 - [MESSAGE][WARNING] - Timeout '0' is invalid. Using default page load timeout: '10'

2020-08-06 09:03:37 - [MESSAGE][PASSED] - Element 'Object Repository/Maya/RegisterDuitNow/android.widget.TextView0 - Mobile Number' is exist

2020-08-06 09:03:37 - [TEST_STEP][PASSED] - getText(findTestObject("Maya/RegisterDuitNow/android.widget.TextView0 - Maybank (2)"), 0): Text of element 'Object Repository/Maya/RegisterDuitNow/android.widget.TextView0 - Maybank (2)' is: 'Maybank'

2020-08-06 09:03:37 - [MESSAGE][WARNING] - Timeout '0' is invalid. Using default page load timeout: '10'

2020-08-06 09:03:38 - [MESSAGE][PASSED] - Text of element 'Object Repository/Maya/RegisterDuitNow/android.widget.TextView0 - Maybank (2)' is: 'Maybank'

2020-08-06 09:03:38 - [TEST_STEP][PASSED] - verifyElementExist(findTestObject("Maya/RegisterDuitNow/android.widget.TextView0 - Maybank (2)"), 0): Element 'Object Repository/Maya/RegisterDuitNow/android.widget.TextView0 - Maybank (2)' is exist

2020-08-06 09:03:38 - [MESSAGE][WARNING] - Timeout '0' is invalid. Using default page load timeout: '10'

2020-08-06 09:03:38 - [MESSAGE][PASSED] - Element 'Object Repository/Maya/RegisterDuitNow/android.widget.TextView0 - Maybank (2)' is exist

2020-08-06 09:03:38 - [TEST_STEP][PASSED] - getText(findTestObject("Maya/RegisterDuitNow/android.widget.TextView0 - 1028"), 0): Text of element 'Object Repository/Maya/RegisterDuitNow/android.widget.TextView0 - 1028' is: '********1028'

2020-08-06 09:03:38 - [MESSAGE][WARNING] - Timeout '0' is invalid. Using default page load timeout: '10'

2020-08-06 09:03:38 - [MESSAGE][PASSED] - Text of element 'Object Repository/Maya/RegisterDuitNow/android.widget.TextView0 - 1028' is: '********1028'

2020-08-06 09:03:38 - [TEST_STEP][PASSED] - verifyElementExist(findTestObject("Maya/RegisterDuitNow/android.widget.TextView0 - 1028"), 0): Element 'Object Repository/Maya/RegisterDuitNow/android.widget.TextView0 - 1028' is exist

2020-08-06 09:03:39 - [MESSAGE][WARNING] - Timeout '0' is invalid. Using default page load timeout: '10'

2020-08-06 09:03:39 - [MESSAGE][PASSED] - Element 'Object Repository/Maya/RegisterDuitNow/android.widget.TextView0 - 1028' is exist

2020-08-06 09:03:39 - [TEST_STEP][PASSED] - tap(findTestObject("Maya/RegisterDuitNow/android.widget.TextView0 - Mobile Number"), 0): Tapped on element 'Object Repository/Maya/RegisterDuitNow/android.widget.TextView0 - Mobile Number'

2020-08-06 09:03:39 - [MESSAGE][WARNING] - Timeout '0' is invalid. Using default page load timeout: '10'

2020-08-06 09:03:40 - [MESSAGE][PASSED] - Tapped on element 'Object Repository/Maya/RegisterDuitNow/android.widget.TextView0 - Mobile Number'

2020-08-06 09:03:40 - [TEST_STEP][PASSED] - delay(2, STOP_ON_FAILURE): Delayed 2 second(s)

2020-08-06 09:03:42 - [MESSAGE][PASSED] - Delayed 2 second(s)

2020-08-06 09:03:42 - [TEST_STEP][PASSED] - takeScreenshot("C:\Users\LENOVO\Screenshot\DuitNowProxy\Screen5.png", CONTINUE_ON_FAILURE): Screenshot is taken

2020-08-06 09:03:44 - [MESSAGE][PASSED] - Screenshot is taken
[[ATTACHMENT|C:\\Users\\LENOVO\\Screenshot\\DuitNowProxy\\Screen5.png]]

2020-08-06 09:03:44 - [TEST_STEP][PASSED] - getText(findTestObject("Maya/RegisterDuitNow/android.widget.TextView0 - Mobile Number (1)"), 0): Text of element 'Object Repository/Maya/RegisterDuitNow/android.widget.TextView0 - Mobile Number (1)' is: 'Mobile Number'

2020-08-06 09:03:44 - [MESSAGE][WARNING] - Timeout '0' is invalid. Using default page load timeout: '10'

2020-08-06 09:03:44 - [MESSAGE][PASSED] - Text of element 'Object Repository/Maya/RegisterDuitNow/android.widget.TextView0 - Mobile Number (1)' is: 'Mobile Number'

2020-08-06 09:03:44 - [TEST_STEP][PASSED] - verifyElementExist(findTestObject("Maya/RegisterDuitNow/android.widget.TextView0 - Mobile Number (1)"), 0): Element 'Object Repository/Maya/RegisterDuitNow/android.widget.TextView0 - Mobile Number (1)' is exist

2020-08-06 09:03:44 - [MESSAGE][WARNING] - Timeout '0' is invalid. Using default page load timeout: '10'

2020-08-06 09:03:44 - [MESSAGE][PASSED] - Element 'Object Repository/Maya/RegisterDuitNow/android.widget.TextView0 - Mobile Number (1)' is exist

2020-08-06 09:03:44 - [TEST_STEP][PASSED] - getText(findTestObject("Maya/RegisterDuitNow/android.widget.TextView0 - Status (1)"), 0): Text of element 'Object Repository/Maya/RegisterDuitNow/android.widget.TextView0 - Status (1)' is: 'Status'

2020-08-06 09:03:44 - [MESSAGE][WARNING] - Timeout '0' is invalid. Using default page load timeout: '10'

2020-08-06 09:03:45 - [MESSAGE][PASSED] - Text of element 'Object Repository/Maya/RegisterDuitNow/android.widget.TextView0 - Status (1)' is: 'Status'

2020-08-06 09:03:45 - [TEST_STEP][PASSED] - verifyElementExist(findTestObject("Maya/RegisterDuitNow/android.widget.TextView0 - Status (1)"), 0): Element 'Object Repository/Maya/RegisterDuitNow/android.widget.TextView0 - Status (1)' is exist

2020-08-06 09:03:45 - [MESSAGE][WARNING] - Timeout '0' is invalid. Using default page load timeout: '10'

2020-08-06 09:03:45 - [MESSAGE][PASSED] - Element 'Object Repository/Maya/RegisterDuitNow/android.widget.TextView0 - Status (1)' is exist

2020-08-06 09:03:45 - [TEST_STEP][PASSED] - getText(findTestObject("Maya/RegisterDuitNow/android.widget.TextView0 - ACTIVE (1)"), 0): Text of element 'Object Repository/Maya/RegisterDuitNow/android.widget.TextView0 - ACTIVE (1)' is: 'ACTIVE'

2020-08-06 09:03:45 - [MESSAGE][WARNING] - Timeout '0' is invalid. Using default page load timeout: '10'

2020-08-06 09:03:45 - [MESSAGE][PASSED] - Text of element 'Object Repository/Maya/RegisterDuitNow/android.widget.TextView0 - ACTIVE (1)' is: 'ACTIVE'

2020-08-06 09:03:45 - [TEST_STEP][PASSED] - verifyElementExist(findTestObject("Maya/RegisterDuitNow/android.widget.TextView0 - ACTIVE (1)"), 0): Element 'Object Repository/Maya/RegisterDuitNow/android.widget.TextView0 - ACTIVE (1)' is exist

2020-08-06 09:03:45 - [MESSAGE][WARNING] - Timeout '0' is invalid. Using default page load timeout: '10'

2020-08-06 09:03:45 - [MESSAGE][PASSED] - Element 'Object Repository/Maya/RegisterDuitNow/android.widget.TextView0 - ACTIVE (1)' is exist

2020-08-06 09:03:45 - [TEST_STEP][PASSED] - getText(findTestObject("Maya/RegisterDuitNow/android.widget.TextView0 - Receiving bank (1)"), 0): Text of element 'Object Repository/Maya/RegisterDuitNow/android.widget.TextView0 - Receiving bank (1)' is: 'Receiving bank'

2020-08-06 09:03:46 - [MESSAGE][WARNING] - Timeout '0' is invalid. Using default page load timeout: '10'

2020-08-06 09:03:46 - [MESSAGE][PASSED] - Text of element 'Object Repository/Maya/RegisterDuitNow/android.widget.TextView0 - Receiving bank (1)' is: 'Receiving bank'

2020-08-06 09:03:46 - [TEST_STEP][PASSED] - verifyElementExist(findTestObject("Maya/RegisterDuitNow/android.widget.TextView0 - Receiving bank (1)"), 0): Element 'Object Repository/Maya/RegisterDuitNow/android.widget.TextView0 - Receiving bank (1)' is exist

2020-08-06 09:03:46 - [MESSAGE][WARNING] - Timeout '0' is invalid. Using default page load timeout: '10'

2020-08-06 09:03:46 - [MESSAGE][PASSED] - Element 'Object Repository/Maya/RegisterDuitNow/android.widget.TextView0 - Receiving bank (1)' is exist

2020-08-06 09:03:46 - [TEST_STEP][PASSED] - getText(findTestObject("Maya/RegisterDuitNow/android.widget.TextView0 - Maybank (3)"), 0): Text of element 'Object Repository/Maya/RegisterDuitNow/android.widget.TextView0 - Maybank (3)' is: 'Maybank'

2020-08-06 09:03:46 - [MESSAGE][WARNING] - Timeout '0' is invalid. Using default page load timeout: '10'

2020-08-06 09:03:46 - [MESSAGE][PASSED] - Text of element 'Object Repository/Maya/RegisterDuitNow/android.widget.TextView0 - Maybank (3)' is: 'Maybank'

2020-08-06 09:03:46 - [TEST_STEP][PASSED] - verifyElementExist(findTestObject("Maya/RegisterDuitNow/android.widget.TextView0 - Maybank (3)"), 0): Element 'Object Repository/Maya/RegisterDuitNow/android.widget.TextView0 - Maybank (3)' is exist

2020-08-06 09:03:46 - [MESSAGE][WARNING] - Timeout '0' is invalid. Using default page load timeout: '10'

2020-08-06 09:03:47 - [MESSAGE][PASSED] - Element 'Object Repository/Maya/RegisterDuitNow/android.widget.TextView0 - Maybank (3)' is exist

2020-08-06 09:03:47 - [TEST_STEP][PASSED] - getText(findTestObject("Maya/RegisterDuitNow/android.widget.TextView0 - 1028 (1)"), 0): Text of element 'Object Repository/Maya/RegisterDuitNow/android.widget.TextView0 - 1028 (1)' is: '********1028'

2020-08-06 09:03:47 - [MESSAGE][WARNING] - Timeout '0' is invalid. Using default page load timeout: '10'

2020-08-06 09:03:47 - [MESSAGE][PASSED] - Text of element 'Object Repository/Maya/RegisterDuitNow/android.widget.TextView0 - 1028 (1)' is: '********1028'

2020-08-06 09:03:47 - [TEST_STEP][PASSED] - verifyElementExist(findTestObject("Maya/RegisterDuitNow/android.widget.TextView0 - 1028 (1)"), 0): Element 'Object Repository/Maya/RegisterDuitNow/android.widget.TextView0 - 1028 (1)' is exist

2020-08-06 09:03:47 - [MESSAGE][WARNING] - Timeout '0' is invalid. Using default page load timeout: '10'

2020-08-06 09:03:48 - [MESSAGE][PASSED] - Element 'Object Repository/Maya/RegisterDuitNow/android.widget.TextView0 - 1028 (1)' is exist

2020-08-06 09:03:48 - [TEST_STEP][PASSED] - getText(findTestObject("Maya/RegisterDuitNow/android.widget.TextView0 - 1075"), 0): Text of element 'Object Repository/Maya/RegisterDuitNow/android.widget.TextView0 - 1075' is: '********4643'

2020-08-06 09:03:48 - [MESSAGE][WARNING] - Timeout '0' is invalid. Using default page load timeout: '10'

2020-08-06 09:03:48 - [MESSAGE][PASSED] - Text of element 'Object Repository/Maya/RegisterDuitNow/android.widget.TextView0 - 1075' is: '********4643'

2020-08-06 09:03:48 - [TEST_STEP][PASSED] - verifyElementExist(findTestObject("Maya/RegisterDuitNow/android.widget.TextView0 - 1075"), 0): Element 'Object Repository/Maya/RegisterDuitNow/android.widget.TextView0 - 1075' is exist

2020-08-06 09:03:48 - [MESSAGE][WARNING] - Timeout '0' is invalid. Using default page load timeout: '10'

2020-08-06 09:03:48 - [MESSAGE][PASSED] - Element 'Object Repository/Maya/RegisterDuitNow/android.widget.TextView0 - 1075' is exist

2020-08-06 09:03:48 - [TEST_STEP][PASSED] - tap(findTestObject("Maya/RegisterDuitNow/android.widget.TextView0 - Deregister DuitNow"), 0): Tapped on element 'Object Repository/Maya/RegisterDuitNow/android.widget.TextView0 - Deregister DuitNow'

2020-08-06 09:03:48 - [MESSAGE][WARNING] - Timeout '0' is invalid. Using default page load timeout: '10'

2020-08-06 09:03:50 - [MESSAGE][PASSED] - Tapped on element 'Object Repository/Maya/RegisterDuitNow/android.widget.TextView0 - Deregister DuitNow'

2020-08-06 09:03:50 - [TEST_STEP][PASSED] - delay(2, STOP_ON_FAILURE): Delayed 2 second(s)

2020-08-06 09:03:52 - [MESSAGE][PASSED] - Delayed 2 second(s)

2020-08-06 09:03:52 - [TEST_STEP][PASSED] - takeScreenshot("C:\Users\LENOVO\Screenshot\DuitNowProxy\Screen8.png", CONTINUE_ON_FAILURE): Screenshot is taken

2020-08-06 09:03:53 - [MESSAGE][PASSED] - Screenshot is taken
[[ATTACHMENT|C:\\Users\\LENOVO\\Screenshot\\DuitNowProxy\\Screen8.png]]

2020-08-06 09:03:53 - [TEST_STEP][PASSED] - tap(findTestObject("Maya/RegisterDuitNow/android.widget.TextView0 - Confirm (2)"), 0): Tapped on element 'Object Repository/Maya/RegisterDuitNow/android.widget.TextView0 - Confirm (2)'

2020-08-06 09:03:53 - [MESSAGE][WARNING] - Timeout '0' is invalid. Using default page load timeout: '10'

2020-08-06 09:03:55 - [MESSAGE][PASSED] - Tapped on element 'Object Repository/Maya/RegisterDuitNow/android.widget.TextView0 - Confirm (2)'

2020-08-06 09:03:55 - [TEST_STEP][PASSED] - delay(2, STOP_ON_FAILURE): Delayed 2 second(s)

2020-08-06 09:03:57 - [MESSAGE][PASSED] - Delayed 2 second(s)

2020-08-06 09:03:57 - [TEST_STEP][PASSED] - takeScreenshot("C:\Users\LENOVO\Screenshot\DuitNowProxy\Screen9.png", CONTINUE_ON_FAILURE): Screenshot is taken

2020-08-06 09:03:58 - [MESSAGE][PASSED] - Screenshot is taken
[[ATTACHMENT|C:\\Users\\LENOVO\\Screenshot\\DuitNowProxy\\Screen9.png]]

2020-08-06 09:03:58 - [TEST_STEP][PASSED] - tap(findTestObject("Maya/RegisterDuitNow/android.widget.TextView0 - Confirm (1)"), 0): Tapped on element 'Object Repository/Maya/RegisterDuitNow/android.widget.TextView0 - Confirm (1)'

2020-08-06 09:03:58 - [MESSAGE][WARNING] - Timeout '0' is invalid. Using default page load timeout: '10'

2020-08-06 09:03:59 - [MESSAGE][PASSED] - Tapped on element 'Object Repository/Maya/RegisterDuitNow/android.widget.TextView0 - Confirm (1)'

2020-08-06 09:03:59 - [TEST_STEP][PASSED] - otp = getText(findTestObject("Maya/Third Party CA account/android.widget.TextView0 - Your OTP no. is 460943"), 0): Text of element 'Object Repository/Maya/Third Party CA account/android.widget.TextView0 - Your OTP no. is 460943' is: 'Your OTP no. is 486833'

2020-08-06 09:03:59 - [MESSAGE][WARNING] - Timeout '0' is invalid. Using default page load timeout: '10'

2020-08-06 09:04:03 - [MESSAGE][PASSED] - Text of element 'Object Repository/Maya/Third Party CA account/android.widget.TextView0 - Your OTP no. is 460943' is: 'Your OTP no. is 486833'

2020-08-06 09:04:03 - [TEST_STEP][PASSED] - delay(2): Delayed 2 second(s)

2020-08-06 09:04:05 - [MESSAGE][PASSED] - Delayed 2 second(s)

2020-08-06 09:04:05 - [TEST_STEP][PASSED] - for ([i = 16, i <= 21, (i++)]): null

2020-08-06 09:04:05 - [TEST_STEP][PASSED] - delay(3, STOP_ON_FAILURE): Delayed 3 second(s)

2020-08-06 09:04:08 - [MESSAGE][PASSED] - Delayed 3 second(s)

2020-08-06 09:04:08 - [TEST_STEP][PASSED] - if (otp[i] == "0"): null

2020-08-06 09:04:08 - [TEST_STEP][PASSED] - if (otp[i] == "1"): null

2020-08-06 09:04:08 - [TEST_STEP][PASSED] - if (otp[i] == "2"): null

2020-08-06 09:04:08 - [TEST_STEP][PASSED] - if (otp[i] == "3"): null

2020-08-06 09:04:08 - [TEST_STEP][PASSED] - if (otp[i] == "4"): Tapped on element 'Object Repository/Maya/login again/Spy - 4'

2020-08-06 09:04:08 - [TEST_STEP][PASSED] - delay(1, STOP_ON_FAILURE): Delayed 1 second(s)

2020-08-06 09:04:09 - [MESSAGE][PASSED] - Delayed 1 second(s)

2020-08-06 09:04:09 - [TEST_STEP][PASSED] - tap(findTestObject("Maya/login again/Spy - 4"), 0): Tapped on element 'Object Repository/Maya/login again/Spy - 4'

2020-08-06 09:04:09 - [MESSAGE][WARNING] - Timeout '0' is invalid. Using default page load timeout: '10'

2020-08-06 09:04:10 - [MESSAGE][PASSED] - Tapped on element 'Object Repository/Maya/login again/Spy - 4'

2020-08-06 09:04:10 - [TEST_STEP][PASSED] - if (otp[i] == "5"): null

2020-08-06 09:04:10 - [TEST_STEP][PASSED] - if (otp[i] == "6"): null

2020-08-06 09:04:10 - [TEST_STEP][PASSED] - if (otp[i] == "7"): null

2020-08-06 09:04:10 - [TEST_STEP][PASSED] - if (otp[i] == "8"): null

2020-08-06 09:04:10 - [TEST_STEP][PASSED] - if (otp[i] == "9"): null

2020-08-06 09:04:10 - [TEST_STEP][PASSED] - delay(3, STOP_ON_FAILURE): Delayed 3 second(s)

2020-08-06 09:04:13 - [MESSAGE][PASSED] - Delayed 3 second(s)

2020-08-06 09:04:13 - [TEST_STEP][PASSED] - if (otp[i] == "0"): null

2020-08-06 09:04:13 - [TEST_STEP][PASSED] - if (otp[i] == "1"): null

2020-08-06 09:04:13 - [TEST_STEP][PASSED] - if (otp[i] == "2"): null

2020-08-06 09:04:13 - [TEST_STEP][PASSED] - if (otp[i] == "3"): null

2020-08-06 09:04:13 - [TEST_STEP][PASSED] - if (otp[i] == "4"): null

2020-08-06 09:04:13 - [TEST_STEP][PASSED] - if (otp[i] == "5"): null

2020-08-06 09:04:13 - [TEST_STEP][PASSED] - if (otp[i] == "6"): null

2020-08-06 09:04:13 - [TEST_STEP][PASSED] - if (otp[i] == "7"): null

2020-08-06 09:04:13 - [TEST_STEP][PASSED] - if (otp[i] == "8"): Tapped on element 'Object Repository/Maya/login again/Spy - 8'

2020-08-06 09:04:13 - [TEST_STEP][PASSED] - delay(1, STOP_ON_FAILURE): Delayed 1 second(s)

2020-08-06 09:04:14 - [MESSAGE][PASSED] - Delayed 1 second(s)

2020-08-06 09:04:14 - [TEST_STEP][PASSED] - tap(findTestObject("Maya/login again/Spy - 8"), 0): Tapped on element 'Object Repository/Maya/login again/Spy - 8'

2020-08-06 09:04:14 - [MESSAGE][WARNING] - Timeout '0' is invalid. Using default page load timeout: '10'

2020-08-06 09:04:15 - [MESSAGE][PASSED] - Tapped on element 'Object Repository/Maya/login again/Spy - 8'

2020-08-06 09:04:15 - [TEST_STEP][PASSED] - if (otp[i] == "9"): null

2020-08-06 09:04:15 - [TEST_STEP][PASSED] - delay(3, STOP_ON_FAILURE): Delayed 3 second(s)

2020-08-06 09:04:18 - [MESSAGE][PASSED] - Delayed 3 second(s)

2020-08-06 09:04:18 - [TEST_STEP][PASSED] - if (otp[i] == "0"): null

2020-08-06 09:04:18 - [TEST_STEP][PASSED] - if (otp[i] == "1"): null

2020-08-06 09:04:18 - [TEST_STEP][PASSED] - if (otp[i] == "2"): null

2020-08-06 09:04:18 - [TEST_STEP][PASSED] - if (otp[i] == "3"): null

2020-08-06 09:04:18 - [TEST_STEP][PASSED] - if (otp[i] == "4"): null

2020-08-06 09:04:18 - [TEST_STEP][PASSED] - if (otp[i] == "5"): null

2020-08-06 09:04:18 - [TEST_STEP][PASSED] - if (otp[i] == "6"): Tapped on element 'Object Repository/Maya/login again/Spy- 6'

2020-08-06 09:04:18 - [TEST_STEP][PASSED] - delay(1, STOP_ON_FAILURE): Delayed 1 second(s)

2020-08-06 09:04:19 - [MESSAGE][PASSED] - Delayed 1 second(s)

2020-08-06 09:04:19 - [TEST_STEP][PASSED] - tap(findTestObject("Maya/login again/Spy- 6"), 0): Tapped on element 'Object Repository/Maya/login again/Spy- 6'

2020-08-06 09:04:20 - [MESSAGE][WARNING] - Timeout '0' is invalid. Using default page load timeout: '10'

2020-08-06 09:04:21 - [MESSAGE][PASSED] - Tapped on element 'Object Repository/Maya/login again/Spy- 6'

2020-08-06 09:04:21 - [TEST_STEP][PASSED] - if (otp[i] == "7"): null

2020-08-06 09:04:21 - [TEST_STEP][PASSED] - if (otp[i] == "8"): null

2020-08-06 09:04:21 - [TEST_STEP][PASSED] - if (otp[i] == "9"): null

2020-08-06 09:04:21 - [TEST_STEP][PASSED] - delay(3, STOP_ON_FAILURE): Delayed 3 second(s)

2020-08-06 09:04:24 - [MESSAGE][PASSED] - Delayed 3 second(s)

2020-08-06 09:04:24 - [TEST_STEP][PASSED] - if (otp[i] == "0"): null

2020-08-06 09:04:24 - [TEST_STEP][PASSED] - if (otp[i] == "1"): null

2020-08-06 09:04:24 - [TEST_STEP][PASSED] - if (otp[i] == "2"): null

2020-08-06 09:04:24 - [TEST_STEP][PASSED] - if (otp[i] == "3"): null

2020-08-06 09:04:24 - [TEST_STEP][PASSED] - if (otp[i] == "4"): null

2020-08-06 09:04:24 - [TEST_STEP][PASSED] - if (otp[i] == "5"): null

2020-08-06 09:04:24 - [TEST_STEP][PASSED] - if (otp[i] == "6"): null

2020-08-06 09:04:24 - [TEST_STEP][PASSED] - if (otp[i] == "7"): null

2020-08-06 09:04:24 - [TEST_STEP][PASSED] - if (otp[i] == "8"): Tapped on element 'Object Repository/Maya/login again/Spy - 8'

2020-08-06 09:04:24 - [TEST_STEP][PASSED] - delay(1, STOP_ON_FAILURE): Delayed 1 second(s)

2020-08-06 09:04:25 - [MESSAGE][PASSED] - Delayed 1 second(s)

2020-08-06 09:04:25 - [TEST_STEP][PASSED] - tap(findTestObject("Maya/login again/Spy - 8"), 0): Tapped on element 'Object Repository/Maya/login again/Spy - 8'

2020-08-06 09:04:25 - [MESSAGE][WARNING] - Timeout '0' is invalid. Using default page load timeout: '10'

2020-08-06 09:04:26 - [MESSAGE][PASSED] - Tapped on element 'Object Repository/Maya/login again/Spy - 8'

2020-08-06 09:04:26 - [TEST_STEP][PASSED] - if (otp[i] == "9"): null

2020-08-06 09:04:26 - [TEST_STEP][PASSED] - delay(3, STOP_ON_FAILURE): Delayed 3 second(s)

2020-08-06 09:04:29 - [MESSAGE][PASSED] - Delayed 3 second(s)

2020-08-06 09:04:29 - [TEST_STEP][PASSED] - if (otp[i] == "0"): null

2020-08-06 09:04:29 - [TEST_STEP][PASSED] - if (otp[i] == "1"): null

2020-08-06 09:04:29 - [TEST_STEP][PASSED] - if (otp[i] == "2"): null

2020-08-06 09:04:29 - [TEST_STEP][PASSED] - if (otp[i] == "3"): Tapped on element 'Object Repository/Maya/login again/Spy- 3'

2020-08-06 09:04:29 - [TEST_STEP][PASSED] - delay(1, STOP_ON_FAILURE): Delayed 1 second(s)

2020-08-06 09:04:30 - [MESSAGE][PASSED] - Delayed 1 second(s)

2020-08-06 09:04:30 - [TEST_STEP][NOT_RUN] - tap(findTestObject("MAYA SIT v118/spy/TAC - keypad 3"), 0): NOT_RUN: tap(findTestObject("MAYA SIT v118/spy/TAC - keypad 3"), 0)

2020-08-06 09:04:30 - [MESSAGE][NOT_RUN] - NOT_RUN: tap(findTestObject("MAYA SIT v118/spy/TAC - keypad 3"), 0)

2020-08-06 09:04:30 - [TEST_STEP][PASSED] - tap(findTestObject("Maya/login again/Spy- 3"), 0): Tapped on element 'Object Repository/Maya/login again/Spy- 3'

2020-08-06 09:04:30 - [MESSAGE][WARNING] - Timeout '0' is invalid. Using default page load timeout: '10'

2020-08-06 09:04:31 - [MESSAGE][PASSED] - Tapped on element 'Object Repository/Maya/login again/Spy- 3'

2020-08-06 09:04:31 - [TEST_STEP][PASSED] - if (otp[i] == "4"): null

2020-08-06 09:04:31 - [TEST_STEP][PASSED] - if (otp[i] == "5"): null

2020-08-06 09:04:31 - [TEST_STEP][PASSED] - if (otp[i] == "6"): null

2020-08-06 09:04:31 - [TEST_STEP][PASSED] - if (otp[i] == "7"): null

2020-08-06 09:04:31 - [TEST_STEP][PASSED] - if (otp[i] == "8"): null

2020-08-06 09:04:31 - [TEST_STEP][PASSED] - if (otp[i] == "9"): null

2020-08-06 09:04:31 - [TEST_STEP][PASSED] - delay(3, STOP_ON_FAILURE): Delayed 3 second(s)

2020-08-06 09:04:34 - [MESSAGE][PASSED] - Delayed 3 second(s)

2020-08-06 09:04:34 - [TEST_STEP][PASSED] - if (otp[i] == "0"): null

2020-08-06 09:04:34 - [TEST_STEP][PASSED] - if (otp[i] == "1"): null

2020-08-06 09:04:34 - [TEST_STEP][PASSED] - if (otp[i] == "2"): null

2020-08-06 09:04:34 - [TEST_STEP][PASSED] - if (otp[i] == "3"): Tapped on element 'Object Repository/Maya/login again/Spy- 3'

2020-08-06 09:04:34 - [TEST_STEP][PASSED] - delay(1, STOP_ON_FAILURE): Delayed 1 second(s)

2020-08-06 09:04:35 - [MESSAGE][PASSED] - Delayed 1 second(s)

2020-08-06 09:04:35 - [TEST_STEP][NOT_RUN] - tap(findTestObject("MAYA SIT v118/spy/TAC - keypad 3"), 0): NOT_RUN: tap(findTestObject("MAYA SIT v118/spy/TAC - keypad 3"), 0)

2020-08-06 09:04:35 - [MESSAGE][NOT_RUN] - NOT_RUN: tap(findTestObject("MAYA SIT v118/spy/TAC - keypad 3"), 0)

2020-08-06 09:04:35 - [TEST_STEP][PASSED] - tap(findTestObject("Maya/login again/Spy- 3"), 0): Tapped on element 'Object Repository/Maya/login again/Spy- 3'

2020-08-06 09:04:35 - [MESSAGE][WARNING] - Timeout '0' is invalid. Using default page load timeout: '10'

2020-08-06 09:04:36 - [MESSAGE][PASSED] - Tapped on element 'Object Repository/Maya/login again/Spy- 3'

2020-08-06 09:04:36 - [TEST_STEP][PASSED] - if (otp[i] == "4"): null

2020-08-06 09:04:36 - [TEST_STEP][PASSED] - if (otp[i] == "5"): null

2020-08-06 09:04:36 - [TEST_STEP][PASSED] - if (otp[i] == "6"): null

2020-08-06 09:04:36 - [TEST_STEP][PASSED] - if (otp[i] == "7"): null

2020-08-06 09:04:36 - [TEST_STEP][PASSED] - if (otp[i] == "8"): null

2020-08-06 09:04:36 - [TEST_STEP][PASSED] - if (otp[i] == "9"): null

2020-08-06 09:04:36 - [TEST_STEP][PASSED] - delay(8, STOP_ON_FAILURE): Delayed 8 second(s)

2020-08-06 09:04:44 - [MESSAGE][PASSED] - Delayed 8 second(s)

2020-08-06 09:04:44 - [TEST_STEP][PASSED] - tap(findTestObject("Maya/Forgot Pin/android.widget.ImageView0 (7)"), 0): Tapped on element 'Object Repository/Maya/Forgot Pin/android.widget.ImageView0 (7)'

2020-08-06 09:04:44 - [MESSAGE][WARNING] - Timeout '0' is invalid. Using default page load timeout: '10'

2020-08-06 09:04:45 - [MESSAGE][PASSED] - Tapped on element 'Object Repository/Maya/Forgot Pin/android.widget.ImageView0 (7)'

2020-08-06 09:04:45 - [TEST_STEP][PASSED] - verifyElementExist(findTestObject("Maya/RegisterDuitNow/android.widget.TextView0 - DuitNow successfully deregistered."), 0): Element 'Object Repository/Maya/RegisterDuitNow/android.widget.TextView0 - DuitNow successfully deregistered.' is exist

2020-08-06 09:04:45 - [MESSAGE][WARNING] - Timeout '0' is invalid. Using default page load timeout: '10'

2020-08-06 09:04:48 - [MESSAGE][PASSED] - Element 'Object Repository/Maya/RegisterDuitNow/android.widget.TextView0 - DuitNow successfully deregistered.' is exist

2020-08-06 09:04:48 - [TEST_STEP][PASSED] - delay(2, STOP_ON_FAILURE): Delayed 2 second(s)

2020-08-06 09:04:50 - [MESSAGE][PASSED] - Delayed 2 second(s)

2020-08-06 09:04:50 - [TEST_STEP][PASSED] - takeScreenshot("C:\Users\LENOVO\Screenshot\DuitNowProxy\Screen10.png", CONTINUE_ON_FAILURE): Screenshot is taken

2020-08-06 09:04:52 - [MESSAGE][PASSED] - Screenshot is taken
[[ATTACHMENT|C:\\Users\\LENOVO\\Screenshot\\DuitNowProxy\\Screen10.png]]

2020-08-06 09:04:52 - [TEST_STEP][PASSED] - tap(findTestObject("Maya/RegisterDuitNow/android.widget.TextView0 - DuitNow (6)"), 0): Tapped on element 'Object Repository/Maya/RegisterDuitNow/android.widget.TextView0 - DuitNow (6)'

2020-08-06 09:04:52 - [MESSAGE][WARNING] - Timeout '0' is invalid. Using default page load timeout: '10'

2020-08-06 09:04:54 - [MESSAGE][PASSED] - Tapped on element 'Object Repository/Maya/RegisterDuitNow/android.widget.TextView0 - DuitNow (6)'

2020-08-06 09:04:54 - [TEST_STEP][PASSED] - getText(findTestObject("Maya/RegisterDuitNow/android.widget.TextView0 - Select account"), 0): Text of element 'Object Repository/Maya/RegisterDuitNow/android.widget.TextView0 - Select account' is: 'Select account'

2020-08-06 09:04:54 - [MESSAGE][WARNING] - Timeout '0' is invalid. Using default page load timeout: '10'

2020-08-06 09:04:56 - [MESSAGE][PASSED] - Text of element 'Object Repository/Maya/RegisterDuitNow/android.widget.TextView0 - Select account' is: 'Select account'

2020-08-06 09:04:56 - [TEST_STEP][PASSED] - getText(findTestObject("Maya/RegisterDuitNow/android.widget.TextView0 - Not registered"), 0): Text of element 'Object Repository/Maya/RegisterDuitNow/android.widget.TextView0 - Not registered' is: 'Not registered'

2020-08-06 09:04:56 - [MESSAGE][WARNING] - Timeout '0' is invalid. Using default page load timeout: '10'

2020-08-06 09:04:56 - [MESSAGE][PASSED] - Text of element 'Object Repository/Maya/RegisterDuitNow/android.widget.TextView0 - Not registered' is: 'Not registered'

2020-08-06 09:04:56 - [TEST_STEP][PASSED] - delay(2, STOP_ON_FAILURE): Delayed 2 second(s)

2020-08-06 09:04:58 - [MESSAGE][PASSED] - Delayed 2 second(s)

2020-08-06 09:04:58 - [TEST_STEP][PASSED] - takeScreenshot("C:\Users\LENOVO\Screenshot\DuitNowProxy\Screen11.png", CONTINUE_ON_FAILURE): Screenshot is taken

2020-08-06 09:04:59 - [MESSAGE][PASSED] - Screenshot is taken
[[ATTACHMENT|C:\\Users\\LENOVO\\Screenshot\\DuitNowProxy\\Screen11.png]]

2020-08-06 09:04:59 - [TEST_STEP][PASSED] - tap(findTestObject("Maya/RegisterDuitNow/android.widget.TextView0 - Mobile Number (2)"), 0): Tapped on element 'Object Repository/Maya/RegisterDuitNow/android.widget.TextView0 - Mobile Number (2)'

2020-08-06 09:04:59 - [MESSAGE][WARNING] - Timeout '0' is invalid. Using default page load timeout: '10'

2020-08-06 09:05:04 - [MESSAGE][PASSED] - Tapped on element 'Object Repository/Maya/RegisterDuitNow/android.widget.TextView0 - Mobile Number (2)'

2020-08-06 09:05:04 - [TEST_STEP][PASSED] - tap(findTestObject("Maya/RegisterDuitNow/android.view.ViewGroup0"), 0): Tapped on element 'Object Repository/Maya/RegisterDuitNow/android.view.ViewGroup0'

2020-08-06 09:05:04 - [MESSAGE][WARNING] - Timeout '0' is invalid. Using default page load timeout: '10'

2020-08-06 09:05:06 - [MESSAGE][PASSED] - Tapped on element 'Object Repository/Maya/RegisterDuitNow/android.view.ViewGroup0'

2020-08-06 09:05:06 - [TEST_STEP][PASSED] - tap(findTestObject("Maya/RegisterDuitNow/android.widget.TextView0 - Continue (7)"), 0): Tapped on element 'Object Repository/Maya/RegisterDuitNow/android.widget.TextView0 - Continue (7)'

2020-08-06 09:05:06 - [MESSAGE][WARNING] - Timeout '0' is invalid. Using default page load timeout: '10'

2020-08-06 09:05:08 - [MESSAGE][PASSED] - Tapped on element 'Object Repository/Maya/RegisterDuitNow/android.widget.TextView0 - Continue (7)'

2020-08-06 09:05:08 - [TEST_STEP][PASSED] - getText(findTestObject("Maya/RegisterDuitNow/android.widget.TextView0 - Please confirm your DuitNow details (1)"), 0): Text of element 'Object Repository/Maya/RegisterDuitNow/android.widget.TextView0 - Please confirm your DuitNow details (1)' is: 'Please confirm your DuitNow details'

2020-08-06 09:05:08 - [MESSAGE][WARNING] - Timeout '0' is invalid. Using default page load timeout: '10'

2020-08-06 09:05:08 - [MESSAGE][PASSED] - Text of element 'Object Repository/Maya/RegisterDuitNow/android.widget.TextView0 - Please confirm your DuitNow details (1)' is: 'Please confirm your DuitNow details'

2020-08-06 09:05:08 - [TEST_STEP][PASSED] - verifyElementExist(findTestObject("Maya/RegisterDuitNow/android.widget.TextView0 - Please confirm your DuitNow details (1)"), 0): Element 'Object Repository/Maya/RegisterDuitNow/android.widget.TextView0 - Please confirm your DuitNow details (1)' is exist

2020-08-06 09:05:08 - [MESSAGE][WARNING] - Timeout '0' is invalid. Using default page load timeout: '10'

2020-08-06 09:05:08 - [MESSAGE][PASSED] - Element 'Object Repository/Maya/RegisterDuitNow/android.widget.TextView0 - Please confirm your DuitNow details (1)' is exist

2020-08-06 09:05:08 - [TEST_STEP][PASSED] - tap(findTestObject("Maya/RegisterDuitNow/android.widget.TextView0 - Agree and Confirm (1)"), 0): Tapped on element 'Object Repository/Maya/RegisterDuitNow/android.widget.TextView0 - Agree and Confirm (1)'

2020-08-06 09:05:08 - [MESSAGE][WARNING] - Timeout '0' is invalid. Using default page load timeout: '10'

2020-08-06 09:05:09 - [MESSAGE][PASSED] - Tapped on element 'Object Repository/Maya/RegisterDuitNow/android.widget.TextView0 - Agree and Confirm (1)'

2020-08-06 09:05:09 - [TEST_STEP][PASSED] - getText(findTestObject("Maya/RegisterDuitNow/android.widget.TextView0 - Youve successfully linked your account to DuitNow (1)"), 0): Text of element 'Object Repository/Maya/RegisterDuitNow/android.widget.TextView0 - Youve successfully linked your account to DuitNow (1)' is: 'You’ve successfully linked your account to DuitNow'

2020-08-06 09:05:09 - [MESSAGE][WARNING] - Timeout '0' is invalid. Using default page load timeout: '10'

2020-08-06 09:05:11 - [MESSAGE][PASSED] - Text of element 'Object Repository/Maya/RegisterDuitNow/android.widget.TextView0 - Youve successfully linked your account to DuitNow (1)' is: 'You’ve successfully linked your account to DuitNow'

2020-08-06 09:05:11 - [TEST_STEP][PASSED] - verifyElementExist(findTestObject("Maya/RegisterDuitNow/android.widget.TextView0 - Youve successfully linked your account to DuitNow (1)"), 0): Element 'Object Repository/Maya/RegisterDuitNow/android.widget.TextView0 - Youve successfully linked your account to DuitNow (1)' is exist

2020-08-06 09:05:11 - [MESSAGE][WARNING] - Timeout '0' is invalid. Using default page load timeout: '10'

2020-08-06 09:05:11 - [MESSAGE][PASSED] - Element 'Object Repository/Maya/RegisterDuitNow/android.widget.TextView0 - Youve successfully linked your account to DuitNow (1)' is exist

2020-08-06 09:05:11 - [TEST_STEP][PASSED] - delay(2, STOP_ON_FAILURE): Delayed 2 second(s)

2020-08-06 09:05:13 - [MESSAGE][PASSED] - Delayed 2 second(s)

2020-08-06 09:05:13 - [TEST_STEP][PASSED] - takeScreenshot("C:\Users\LENOVO\Screenshot\DuitNowProxy\Screen12.png", CONTINUE_ON_FAILURE): Screenshot is taken

2020-08-06 09:05:14 - [MESSAGE][PASSED] - Screenshot is taken
[[ATTACHMENT|C:\\Users\\LENOVO\\Screenshot\\DuitNowProxy\\Screen12.png]]

2020-08-06 09:05:14 - [TEST_STEP][PASSED] - getText(findTestObject("Maya/RegisterDuitNow/android.widget.TextView0 - Mobile Number (3)"), 0): Text of element 'Object Repository/Maya/RegisterDuitNow/android.widget.TextView0 - Mobile Number (3)' is: 'Mobile Number'

2020-08-06 09:05:14 - [MESSAGE][WARNING] - Timeout '0' is invalid. Using default page load timeout: '10'

2020-08-06 09:05:14 - [MESSAGE][PASSED] - Text of element 'Object Repository/Maya/RegisterDuitNow/android.widget.TextView0 - Mobile Number (3)' is: 'Mobile Number'

2020-08-06 09:05:14 - [TEST_STEP][PASSED] - verifyElementExist(findTestObject("Maya/RegisterDuitNow/android.widget.TextView0 - Mobile Number (3)"), 0): Element 'Object Repository/Maya/RegisterDuitNow/android.widget.TextView0 - Mobile Number (3)' is exist

2020-08-06 09:05:14 - [MESSAGE][WARNING] - Timeout '0' is invalid. Using default page load timeout: '10'

2020-08-06 09:05:14 - [MESSAGE][PASSED] - Element 'Object Repository/Maya/RegisterDuitNow/android.widget.TextView0 - Mobile Number (3)' is exist

2020-08-06 09:05:14 - [TEST_STEP][PASSED] - tap(findTestObject("Maya/RegisterDuitNow/android.widget.TextView0 - Done (10)"), 0): Tapped on element 'Object Repository/Maya/RegisterDuitNow/android.widget.TextView0 - Done (10)'

2020-08-06 09:05:15 - [MESSAGE][WARNING] - Timeout '0' is invalid. Using default page load timeout: '10'

2020-08-06 09:05:16 - [MESSAGE][PASSED] - Tapped on element 'Object Repository/Maya/RegisterDuitNow/android.widget.TextView0 - Done (10)'

2020-08-06 09:05:16 - [TEST_STEP][PASSED] - tap(findTestObject("Maya/RegisterDuitNow/android.widget.TextView0 - DuitNow (6)"), 0): Tapped on element 'Object Repository/Maya/RegisterDuitNow/android.widget.TextView0 - DuitNow (6)'

2020-08-06 09:05:16 - [MESSAGE][WARNING] - Timeout '0' is invalid. Using default page load timeout: '10'

2020-08-06 09:05:18 - [MESSAGE][PASSED] - Tapped on element 'Object Repository/Maya/RegisterDuitNow/android.widget.TextView0 - DuitNow (6)'

2020-08-06 09:05:18 - [TEST_STEP][PASSED] - tap(findTestObject("Maya/RegisterDuitNow/android.widget.TextView0 - Mobile Number"), 0): Tapped on element 'Object Repository/Maya/RegisterDuitNow/android.widget.TextView0 - Mobile Number'

2020-08-06 09:05:18 - [MESSAGE][WARNING] - Timeout '0' is invalid. Using default page load timeout: '10'

2020-08-06 09:05:21 - [MESSAGE][PASSED] - Tapped on element 'Object Repository/Maya/RegisterDuitNow/android.widget.TextView0 - Mobile Number'

2020-08-06 09:05:21 - [TEST_STEP][PASSED] - tap(findTestObject("Maya/RegisterDuitNow/android.widget.TextView0 - Disable Temporarily"), 0): Tapped on element 'Object Repository/Maya/RegisterDuitNow/android.widget.TextView0 - Disable Temporarily'

2020-08-06 09:05:21 - [MESSAGE][WARNING] - Timeout '0' is invalid. Using default page load timeout: '10'

2020-08-06 09:05:22 - [MESSAGE][PASSED] - Tapped on element 'Object Repository/Maya/RegisterDuitNow/android.widget.TextView0 - Disable Temporarily'

2020-08-06 09:05:22 - [TEST_STEP][PASSED] - tap(findTestObject("Maya/RegisterDuitNow/android.widget.TextView0 - Confirm (2)"), 0): Tapped on element 'Object Repository/Maya/RegisterDuitNow/android.widget.TextView0 - Confirm (2)'

2020-08-06 09:05:22 - [MESSAGE][WARNING] - Timeout '0' is invalid. Using default page load timeout: '10'

2020-08-06 09:05:24 - [MESSAGE][PASSED] - Tapped on element 'Object Repository/Maya/RegisterDuitNow/android.widget.TextView0 - Confirm (2)'

2020-08-06 09:05:24 - [TEST_STEP][PASSED] - tap(findTestObject("Maya/RegisterDuitNow/android.widget.TextView0 - Confirm (1)"), 0): Tapped on element 'Object Repository/Maya/RegisterDuitNow/android.widget.TextView0 - Confirm (1)'

2020-08-06 09:05:24 - [MESSAGE][WARNING] - Timeout '0' is invalid. Using default page load timeout: '10'

2020-08-06 09:05:25 - [MESSAGE][PASSED] - Tapped on element 'Object Repository/Maya/RegisterDuitNow/android.widget.TextView0 - Confirm (1)'

2020-08-06 09:05:25 - [TEST_STEP][PASSED] - otpM = getText(findTestObject("Maya/Third Party CA account/android.widget.TextView0 - Your OTP no. is 460943"), 0): Text of element 'Object Repository/Maya/Third Party CA account/android.widget.TextView0 - Your OTP no. is 460943' is: 'Your OTP no. is 733572'

2020-08-06 09:05:25 - [MESSAGE][WARNING] - Timeout '0' is invalid. Using default page load timeout: '10'

2020-08-06 09:05:29 - [MESSAGE][PASSED] - Text of element 'Object Repository/Maya/Third Party CA account/android.widget.TextView0 - Your OTP no. is 460943' is: 'Your OTP no. is 733572'

2020-08-06 09:05:29 - [TEST_STEP][PASSED] - delay(2): Delayed 2 second(s)

2020-08-06 09:05:31 - [MESSAGE][PASSED] - Delayed 2 second(s)

2020-08-06 09:05:31 - [TEST_STEP][PASSED] - for ([i = 16, i <= 21, (i++)]): null

2020-08-06 09:05:31 - [TEST_STEP][PASSED] - delay(3, STOP_ON_FAILURE): Delayed 3 second(s)

2020-08-06 09:05:34 - [MESSAGE][PASSED] - Delayed 3 second(s)

2020-08-06 09:05:34 - [TEST_STEP][PASSED] - if (otpM[i] == "0"): null

2020-08-06 09:05:34 - [TEST_STEP][PASSED] - if (otpM[i] == "1"): null

2020-08-06 09:05:34 - [TEST_STEP][PASSED] - if (otpM[i] == "2"): null

2020-08-06 09:05:34 - [TEST_STEP][PASSED] - if (otpM[i] == "3"): null

2020-08-06 09:05:34 - [TEST_STEP][PASSED] - if (otpM[i] == "4"): null

2020-08-06 09:05:34 - [TEST_STEP][PASSED] - if (otpM[i] == "5"): null

2020-08-06 09:05:34 - [TEST_STEP][PASSED] - if (otpM[i] == "6"): null

2020-08-06 09:05:34 - [TEST_STEP][PASSED] - if (otpM[i] == "7"): Tapped on element 'Object Repository/Maya/login again/Spy - 7'

2020-08-06 09:05:34 - [TEST_STEP][PASSED] - delay(1, STOP_ON_FAILURE): Delayed 1 second(s)

2020-08-06 09:05:35 - [MESSAGE][PASSED] - Delayed 1 second(s)

2020-08-06 09:05:35 - [TEST_STEP][PASSED] - tap(findTestObject("Maya/login again/Spy - 7"), 0): Tapped on element 'Object Repository/Maya/login again/Spy - 7'

2020-08-06 09:05:35 - [MESSAGE][WARNING] - Timeout '0' is invalid. Using default page load timeout: '10'

2020-08-06 09:05:36 - [MESSAGE][PASSED] - Tapped on element 'Object Repository/Maya/login again/Spy - 7'

2020-08-06 09:05:36 - [TEST_STEP][PASSED] - if (otpM[i] == "8"): null

2020-08-06 09:05:36 - [TEST_STEP][PASSED] - if (otpM[i] == "9"): null

2020-08-06 09:05:36 - [TEST_STEP][PASSED] - delay(3, STOP_ON_FAILURE): Delayed 3 second(s)

2020-08-06 09:05:39 - [MESSAGE][PASSED] - Delayed 3 second(s)

2020-08-06 09:05:39 - [TEST_STEP][PASSED] - if (otpM[i] == "0"): null

2020-08-06 09:05:39 - [TEST_STEP][PASSED] - if (otpM[i] == "1"): null

2020-08-06 09:05:39 - [TEST_STEP][PASSED] - if (otpM[i] == "2"): null

2020-08-06 09:05:39 - [TEST_STEP][PASSED] - if (otpM[i] == "3"): Tapped on element 'Object Repository/Maya/login again/Spy- 3'

2020-08-06 09:05:39 - [TEST_STEP][PASSED] - delay(1, STOP_ON_FAILURE): Delayed 1 second(s)

2020-08-06 09:05:40 - [MESSAGE][PASSED] - Delayed 1 second(s)

2020-08-06 09:05:40 - [TEST_STEP][NOT_RUN] - tap(findTestObject("MAYA SIT v118/spy/TAC - keypad 3"), 0): NOT_RUN: tap(findTestObject("MAYA SIT v118/spy/TAC - keypad 3"), 0)

2020-08-06 09:05:40 - [MESSAGE][NOT_RUN] - NOT_RUN: tap(findTestObject("MAYA SIT v118/spy/TAC - keypad 3"), 0)

2020-08-06 09:05:40 - [TEST_STEP][PASSED] - tap(findTestObject("Maya/login again/Spy- 3"), 0): Tapped on element 'Object Repository/Maya/login again/Spy- 3'

2020-08-06 09:05:40 - [MESSAGE][WARNING] - Timeout '0' is invalid. Using default page load timeout: '10'

2020-08-06 09:05:41 - [MESSAGE][PASSED] - Tapped on element 'Object Repository/Maya/login again/Spy- 3'

2020-08-06 09:05:41 - [TEST_STEP][PASSED] - if (otpM[i] == "4"): null

2020-08-06 09:05:41 - [TEST_STEP][PASSED] - if (otpM[i] == "5"): null

2020-08-06 09:05:41 - [TEST_STEP][PASSED] - if (otpM[i] == "6"): null

2020-08-06 09:05:41 - [TEST_STEP][PASSED] - if (otpM[i] == "7"): null

2020-08-06 09:05:41 - [TEST_STEP][PASSED] - if (otpM[i] == "8"): null

2020-08-06 09:05:41 - [TEST_STEP][PASSED] - if (otpM[i] == "9"): null

2020-08-06 09:05:41 - [TEST_STEP][PASSED] - delay(3, STOP_ON_FAILURE): Delayed 3 second(s)

2020-08-06 09:05:44 - [MESSAGE][PASSED] - Delayed 3 second(s)

2020-08-06 09:05:44 - [TEST_STEP][PASSED] - if (otpM[i] == "0"): null

2020-08-06 09:05:44 - [TEST_STEP][PASSED] - if (otpM[i] == "1"): null

2020-08-06 09:05:44 - [TEST_STEP][PASSED] - if (otpM[i] == "2"): null

2020-08-06 09:05:44 - [TEST_STEP][PASSED] - if (otpM[i] == "3"): Tapped on element 'Object Repository/Maya/login again/Spy- 3'

2020-08-06 09:05:44 - [TEST_STEP][PASSED] - delay(1, STOP_ON_FAILURE): Delayed 1 second(s)

2020-08-06 09:05:45 - [MESSAGE][PASSED] - Delayed 1 second(s)

2020-08-06 09:05:45 - [TEST_STEP][NOT_RUN] - tap(findTestObject("MAYA SIT v118/spy/TAC - keypad 3"), 0): NOT_RUN: tap(findTestObject("MAYA SIT v118/spy/TAC - keypad 3"), 0)

2020-08-06 09:05:45 - [MESSAGE][NOT_RUN] - NOT_RUN: tap(findTestObject("MAYA SIT v118/spy/TAC - keypad 3"), 0)

2020-08-06 09:05:45 - [TEST_STEP][PASSED] - tap(findTestObject("Maya/login again/Spy- 3"), 0): Tapped on element 'Object Repository/Maya/login again/Spy- 3'

2020-08-06 09:05:45 - [MESSAGE][WARNING] - Timeout '0' is invalid. Using default page load timeout: '10'

2020-08-06 09:05:46 - [MESSAGE][PASSED] - Tapped on element 'Object Repository/Maya/login again/Spy- 3'

2020-08-06 09:05:46 - [TEST_STEP][PASSED] - if (otpM[i] == "4"): null

2020-08-06 09:05:46 - [TEST_STEP][PASSED] - if (otpM[i] == "5"): null

2020-08-06 09:05:46 - [TEST_STEP][PASSED] - if (otpM[i] == "6"): null

2020-08-06 09:05:46 - [TEST_STEP][PASSED] - if (otpM[i] == "7"): null

2020-08-06 09:05:46 - [TEST_STEP][PASSED] - if (otpM[i] == "8"): null

2020-08-06 09:05:46 - [TEST_STEP][PASSED] - if (otpM[i] == "9"): null

2020-08-06 09:05:46 - [TEST_STEP][PASSED] - delay(3, STOP_ON_FAILURE): Delayed 3 second(s)

2020-08-06 09:05:49 - [MESSAGE][PASSED] - Delayed 3 second(s)

2020-08-06 09:05:49 - [TEST_STEP][PASSED] - if (otpM[i] == "0"): null

2020-08-06 09:05:49 - [TEST_STEP][PASSED] - if (otpM[i] == "1"): null

2020-08-06 09:05:49 - [TEST_STEP][PASSED] - if (otpM[i] == "2"): null

2020-08-06 09:05:49 - [TEST_STEP][PASSED] - if (otpM[i] == "3"): null

2020-08-06 09:05:49 - [TEST_STEP][PASSED] - if (otpM[i] == "4"): null

2020-08-06 09:05:49 - [TEST_STEP][PASSED] - if (otpM[i] == "5"): Tapped on element 'Object Repository/Maya/login again/Spy- 5'

2020-08-06 09:05:49 - [TEST_STEP][PASSED] - delay(1, STOP_ON_FAILURE): Delayed 1 second(s)

2020-08-06 09:05:50 - [MESSAGE][PASSED] - Delayed 1 second(s)

2020-08-06 09:05:50 - [TEST_STEP][PASSED] - tap(findTestObject("Maya/login again/Spy- 5"), 0): Tapped on element 'Object Repository/Maya/login again/Spy- 5'

2020-08-06 09:05:50 - [MESSAGE][WARNING] - Timeout '0' is invalid. Using default page load timeout: '10'

2020-08-06 09:05:51 - [MESSAGE][PASSED] - Tapped on element 'Object Repository/Maya/login again/Spy- 5'

2020-08-06 09:05:51 - [TEST_STEP][PASSED] - if (otpM[i] == "6"): null

2020-08-06 09:05:51 - [TEST_STEP][PASSED] - if (otpM[i] == "7"): null

2020-08-06 09:05:51 - [TEST_STEP][PASSED] - if (otpM[i] == "8"): null

2020-08-06 09:05:51 - [TEST_STEP][PASSED] - if (otpM[i] == "9"): null

2020-08-06 09:05:51 - [TEST_STEP][PASSED] - delay(3, STOP_ON_FAILURE): Delayed 3 second(s)

2020-08-06 09:05:54 - [MESSAGE][PASSED] - Delayed 3 second(s)

2020-08-06 09:05:54 - [TEST_STEP][PASSED] - if (otpM[i] == "0"): null

2020-08-06 09:05:54 - [TEST_STEP][PASSED] - if (otpM[i] == "1"): null

2020-08-06 09:05:54 - [TEST_STEP][PASSED] - if (otpM[i] == "2"): null

2020-08-06 09:05:54 - [TEST_STEP][PASSED] - if (otpM[i] == "3"): null

2020-08-06 09:05:54 - [TEST_STEP][PASSED] - if (otpM[i] == "4"): null

2020-08-06 09:05:54 - [TEST_STEP][PASSED] - if (otpM[i] == "5"): null

2020-08-06 09:05:54 - [TEST_STEP][PASSED] - if (otpM[i] == "6"): null

2020-08-06 09:05:54 - [TEST_STEP][PASSED] - if (otpM[i] == "7"): Tapped on element 'Object Repository/Maya/login again/Spy - 7'

2020-08-06 09:05:54 - [TEST_STEP][PASSED] - delay(1, STOP_ON_FAILURE): Delayed 1 second(s)

2020-08-06 09:05:55 - [MESSAGE][PASSED] - Delayed 1 second(s)

2020-08-06 09:05:55 - [TEST_STEP][PASSED] - tap(findTestObject("Maya/login again/Spy - 7"), 0): Tapped on element 'Object Repository/Maya/login again/Spy - 7'

2020-08-06 09:05:55 - [MESSAGE][WARNING] - Timeout '0' is invalid. Using default page load timeout: '10'

2020-08-06 09:05:56 - [MESSAGE][PASSED] - Tapped on element 'Object Repository/Maya/login again/Spy - 7'

2020-08-06 09:05:56 - [TEST_STEP][PASSED] - if (otpM[i] == "8"): null

2020-08-06 09:05:56 - [TEST_STEP][PASSED] - if (otpM[i] == "9"): null

2020-08-06 09:05:56 - [TEST_STEP][PASSED] - delay(3, STOP_ON_FAILURE): Delayed 3 second(s)

2020-08-06 09:05:59 - [MESSAGE][PASSED] - Delayed 3 second(s)

2020-08-06 09:05:59 - [TEST_STEP][PASSED] - if (otpM[i] == "0"): null

2020-08-06 09:05:59 - [TEST_STEP][PASSED] - if (otpM[i] == "1"): null

2020-08-06 09:05:59 - [TEST_STEP][PASSED] - if (otpM[i] == "2"): Tapped on element 'Object Repository/Maya/login again/Spy- 2'

2020-08-06 09:05:59 - [TEST_STEP][PASSED] - delay(1, STOP_ON_FAILURE): Delayed 1 second(s)

2020-08-06 09:06:00 - [MESSAGE][PASSED] - Delayed 1 second(s)

2020-08-06 09:06:00 - [TEST_STEP][PASSED] - tap(findTestObject("Maya/login again/Spy- 2"), 0): Tapped on element 'Object Repository/Maya/login again/Spy- 2'

2020-08-06 09:06:00 - [MESSAGE][WARNING] - Timeout '0' is invalid. Using default page load timeout: '10'

2020-08-06 09:06:01 - [MESSAGE][PASSED] - Tapped on element 'Object Repository/Maya/login again/Spy- 2'

2020-08-06 09:06:01 - [TEST_STEP][PASSED] - if (otpM[i] == "3"): null

2020-08-06 09:06:01 - [TEST_STEP][PASSED] - if (otpM[i] == "4"): null

2020-08-06 09:06:01 - [TEST_STEP][PASSED] - if (otpM[i] == "5"): null

2020-08-06 09:06:01 - [TEST_STEP][PASSED] - if (otpM[i] == "6"): null

2020-08-06 09:06:01 - [TEST_STEP][PASSED] - if (otpM[i] == "7"): null

2020-08-06 09:06:01 - [TEST_STEP][PASSED] - if (otpM[i] == "8"): null

2020-08-06 09:06:01 - [TEST_STEP][PASSED] - if (otpM[i] == "9"): null

2020-08-06 09:06:01 - [TEST_STEP][PASSED] - delay(8, STOP_ON_FAILURE): Delayed 8 second(s)

2020-08-06 09:06:09 - [MESSAGE][PASSED] - Delayed 8 second(s)

2020-08-06 09:06:09 - [TEST_STEP][PASSED] - tap(findTestObject("Maya/Forgot Pin/android.widget.ImageView0 (7)"), 0): Tapped on element 'Object Repository/Maya/Forgot Pin/android.widget.ImageView0 (7)'

2020-08-06 09:06:09 - [MESSAGE][WARNING] - Timeout '0' is invalid. Using default page load timeout: '10'

2020-08-06 09:06:11 - [MESSAGE][PASSED] - Tapped on element 'Object Repository/Maya/Forgot Pin/android.widget.ImageView0 (7)'

2020-08-06 09:06:11 - [TEST_STEP][PASSED] - verifyElementExist(findTestObject("Maya/RegisterDuitNow/android.widget.TextView0 - DuitNow successfully disabled."), 0): Element 'Object Repository/Maya/RegisterDuitNow/android.widget.TextView0 - DuitNow successfully disabled.' is exist

2020-08-06 09:06:11 - [MESSAGE][WARNING] - Timeout '0' is invalid. Using default page load timeout: '10'

2020-08-06 09:06:14 - [MESSAGE][PASSED] - Element 'Object Repository/Maya/RegisterDuitNow/android.widget.TextView0 - DuitNow successfully disabled.' is exist

2020-08-06 09:06:14 - [TEST_STEP][PASSED] - tap(findTestObject("Maya/RegisterDuitNow/android.widget.TextView0 - DuitNow (6)"), 0): Tapped on element 'Object Repository/Maya/RegisterDuitNow/android.widget.TextView0 - DuitNow (6)'

2020-08-06 09:06:14 - [MESSAGE][WARNING] - Timeout '0' is invalid. Using default page load timeout: '10'

2020-08-06 09:06:15 - [MESSAGE][PASSED] - Tapped on element 'Object Repository/Maya/RegisterDuitNow/android.widget.TextView0 - DuitNow (6)'

2020-08-06 09:06:15 - [TEST_STEP][PASSED] - getText(findTestObject("Maya/RegisterDuitNow/android.widget.TextView0 - Link your Maybank account to an ID for DuitNow (1)"), 0): Text of element 'Object Repository/Maya/RegisterDuitNow/android.widget.TextView0 - Link your Maybank account to an ID for DuitNow (1)' is: 'Link your Maybank account to an ID for DuitNow'

2020-08-06 09:06:15 - [MESSAGE][WARNING] - Timeout '0' is invalid. Using default page load timeout: '10'

2020-08-06 09:06:16 - [MESSAGE][PASSED] - Text of element 'Object Repository/Maya/RegisterDuitNow/android.widget.TextView0 - Link your Maybank account to an ID for DuitNow (1)' is: 'Link your Maybank account to an ID for DuitNow'

2020-08-06 09:06:16 - [TEST_STEP][PASSED] - verifyElementExist(findTestObject("Maya/RegisterDuitNow/android.widget.TextView0 - Link your Maybank account to an ID for DuitNow (1)"), 0): Element 'Object Repository/Maya/RegisterDuitNow/android.widget.TextView0 - Link your Maybank account to an ID for DuitNow (1)' is exist

2020-08-06 09:06:16 - [MESSAGE][WARNING] - Timeout '0' is invalid. Using default page load timeout: '10'

2020-08-06 09:06:16 - [MESSAGE][PASSED] - Element 'Object Repository/Maya/RegisterDuitNow/android.widget.TextView0 - Link your Maybank account to an ID for DuitNow (1)' is exist

2020-08-06 09:06:16 - [TEST_STEP][PASSED] - delay(2, STOP_ON_FAILURE): Delayed 2 second(s)

2020-08-06 09:06:18 - [MESSAGE][PASSED] - Delayed 2 second(s)

2020-08-06 09:06:18 - [TEST_STEP][PASSED] - takeScreenshot("C:\Users\LENOVO\Screenshot\DuitNowProxy\Screen13.png", CONTINUE_ON_FAILURE): Screenshot is taken

2020-08-06 09:06:19 - [MESSAGE][PASSED] - Screenshot is taken
[[ATTACHMENT|C:\\Users\\LENOVO\\Screenshot\\DuitNowProxy\\Screen13.png]]

2020-08-06 09:06:19 - [TEST_STEP][PASSED] - getText(findTestObject("Maya/RegisterDuitNow/android.widget.TextView0 - Mobile Number"), 0): Text of element 'Object Repository/Maya/RegisterDuitNow/android.widget.TextView0 - Mobile Number' is: 'Mobile Number'

2020-08-06 09:06:19 - [MESSAGE][WARNING] - Timeout '0' is invalid. Using default page load timeout: '10'

2020-08-06 09:06:20 - [MESSAGE][PASSED] - Text of element 'Object Repository/Maya/RegisterDuitNow/android.widget.TextView0 - Mobile Number' is: 'Mobile Number'

2020-08-06 09:06:20 - [TEST_STEP][PASSED] - verifyElementExist(findTestObject("Maya/RegisterDuitNow/android.widget.TextView0 - Mobile Number"), 0): Element 'Object Repository/Maya/RegisterDuitNow/android.widget.TextView0 - Mobile Number' is exist

2020-08-06 09:06:20 - [MESSAGE][WARNING] - Timeout '0' is invalid. Using default page load timeout: '10'

2020-08-06 09:06:20 - [MESSAGE][PASSED] - Element 'Object Repository/Maya/RegisterDuitNow/android.widget.TextView0 - Mobile Number' is exist

2020-08-06 09:06:20 - [TEST_STEP][PASSED] - tap(findTestObject("Maya/RegisterDuitNow/android.widget.TextView0 - Mobile Number"), 0): Tapped on element 'Object Repository/Maya/RegisterDuitNow/android.widget.TextView0 - Mobile Number'

2020-08-06 09:06:20 - [MESSAGE][WARNING] - Timeout '0' is invalid. Using default page load timeout: '10'

2020-08-06 09:06:22 - [MESSAGE][PASSED] - Tapped on element 'Object Repository/Maya/RegisterDuitNow/android.widget.TextView0 - Mobile Number'

2020-08-06 09:06:22 - [TEST_STEP][PASSED] - getText(findTestObject("Maya/RegisterDuitNow/android.widget.TextView0 - INACTIVE"), 0): Text of element 'Object Repository/Maya/RegisterDuitNow/android.widget.TextView0 - INACTIVE' is: 'INACTIVE'

2020-08-06 09:06:22 - [MESSAGE][WARNING] - Timeout '0' is invalid. Using default page load timeout: '10'

2020-08-06 09:06:22 - [MESSAGE][PASSED] - Text of element 'Object Repository/Maya/RegisterDuitNow/android.widget.TextView0 - INACTIVE' is: 'INACTIVE'

2020-08-06 09:06:22 - [TEST_STEP][PASSED] - verifyElementExist(findTestObject("Maya/RegisterDuitNow/android.widget.TextView0 - INACTIVE"), 0): Element 'Object Repository/Maya/RegisterDuitNow/android.widget.TextView0 - INACTIVE' is exist

2020-08-06 09:06:22 - [MESSAGE][WARNING] - Timeout '0' is invalid. Using default page load timeout: '10'

2020-08-06 09:06:22 - [MESSAGE][PASSED] - Element 'Object Repository/Maya/RegisterDuitNow/android.widget.TextView0 - INACTIVE' is exist

2020-08-06 09:06:22 - [TEST_STEP][PASSED] - tap(findTestObject("Maya/RegisterDuitNow/android.widget.TextView0 - Enable"), 0): Tapped on element 'Object Repository/Maya/RegisterDuitNow/android.widget.TextView0 - Enable'

2020-08-06 09:06:22 - [MESSAGE][WARNING] - Timeout '0' is invalid. Using default page load timeout: '10'

2020-08-06 09:06:24 - [MESSAGE][PASSED] - Tapped on element 'Object Repository/Maya/RegisterDuitNow/android.widget.TextView0 - Enable'

2020-08-06 09:06:24 - [TEST_STEP][PASSED] - tap(findTestObject("Maya/RegisterDuitNow/android.widget.TextView0 - Confirm (1)"), 0): Tapped on element 'Object Repository/Maya/RegisterDuitNow/android.widget.TextView0 - Confirm (1)'

2020-08-06 09:06:24 - [MESSAGE][WARNING] - Timeout '0' is invalid. Using default page load timeout: '10'

2020-08-06 09:06:25 - [MESSAGE][PASSED] - Tapped on element 'Object Repository/Maya/RegisterDuitNow/android.widget.TextView0 - Confirm (1)'

2020-08-06 09:06:25 - [TEST_STEP][PASSED] - otpMi = getText(findTestObject("Maya/Third Party CA account/android.widget.TextView0 - Your OTP no. is 460943"), 0): Text of element 'Object Repository/Maya/Third Party CA account/android.widget.TextView0 - Your OTP no. is 460943' is: 'Your OTP no. is 531804'

2020-08-06 09:06:25 - [MESSAGE][WARNING] - Timeout '0' is invalid. Using default page load timeout: '10'

2020-08-06 09:06:28 - [MESSAGE][PASSED] - Text of element 'Object Repository/Maya/Third Party CA account/android.widget.TextView0 - Your OTP no. is 460943' is: 'Your OTP no. is 531804'

2020-08-06 09:06:28 - [TEST_STEP][PASSED] - delay(2): Delayed 2 second(s)

2020-08-06 09:06:30 - [MESSAGE][PASSED] - Delayed 2 second(s)

2020-08-06 09:06:30 - [TEST_STEP][PASSED] - for ([i = 16, i <= 21, (i++)]): null

2020-08-06 09:06:30 - [TEST_STEP][PASSED] - delay(3, STOP_ON_FAILURE): Delayed 3 second(s)

2020-08-06 09:06:33 - [MESSAGE][PASSED] - Delayed 3 second(s)

2020-08-06 09:06:33 - [TEST_STEP][PASSED] - if (otpMi[i] == "0"): null

2020-08-06 09:06:33 - [TEST_STEP][PASSED] - if (otpMi[i] == "1"): null

2020-08-06 09:06:33 - [TEST_STEP][PASSED] - if (otpMi[i] == "2"): null

2020-08-06 09:06:33 - [TEST_STEP][PASSED] - if (otpMi[i] == "3"): null

2020-08-06 09:06:33 - [TEST_STEP][PASSED] - if (otpMi[i] == "4"): null

2020-08-06 09:06:33 - [TEST_STEP][PASSED] - if (otpMi[i] == "5"): Tapped on element 'Object Repository/Maya/login again/Spy- 5'

2020-08-06 09:06:33 - [TEST_STEP][PASSED] - delay(1, STOP_ON_FAILURE): Delayed 1 second(s)

2020-08-06 09:06:34 - [MESSAGE][PASSED] - Delayed 1 second(s)

2020-08-06 09:06:34 - [TEST_STEP][PASSED] - tap(findTestObject("Maya/login again/Spy- 5"), 0): Tapped on element 'Object Repository/Maya/login again/Spy- 5'

2020-08-06 09:06:34 - [MESSAGE][WARNING] - Timeout '0' is invalid. Using default page load timeout: '10'

2020-08-06 09:06:36 - [MESSAGE][PASSED] - Tapped on element 'Object Repository/Maya/login again/Spy- 5'

2020-08-06 09:06:36 - [TEST_STEP][PASSED] - if (otpMi[i] == "6"): null

2020-08-06 09:06:36 - [TEST_STEP][PASSED] - if (otpMi[i] == "7"): null

2020-08-06 09:06:36 - [TEST_STEP][PASSED] - if (otpMi[i] == "8"): null

2020-08-06 09:06:36 - [TEST_STEP][PASSED] - if (otpMi[i] == "9"): null

2020-08-06 09:06:36 - [TEST_STEP][PASSED] - delay(3, STOP_ON_FAILURE): Delayed 3 second(s)

2020-08-06 09:06:39 - [MESSAGE][PASSED] - Delayed 3 second(s)

2020-08-06 09:06:39 - [TEST_STEP][PASSED] - if (otpMi[i] == "0"): null

2020-08-06 09:06:39 - [TEST_STEP][PASSED] - if (otpMi[i] == "1"): null

2020-08-06 09:06:39 - [TEST_STEP][PASSED] - if (otpMi[i] == "2"): null

2020-08-06 09:06:39 - [TEST_STEP][PASSED] - if (otpMi[i] == "3"): Tapped on element 'Object Repository/Maya/login again/Spy- 3'

2020-08-06 09:06:39 - [TEST_STEP][PASSED] - delay(1, STOP_ON_FAILURE): Delayed 1 second(s)

2020-08-06 09:06:40 - [MESSAGE][PASSED] - Delayed 1 second(s)

2020-08-06 09:06:40 - [TEST_STEP][NOT_RUN] - tap(findTestObject("MAYA SIT v118/spy/TAC - keypad 3"), 0): NOT_RUN: tap(findTestObject("MAYA SIT v118/spy/TAC - keypad 3"), 0)

2020-08-06 09:06:40 - [MESSAGE][NOT_RUN] - NOT_RUN: tap(findTestObject("MAYA SIT v118/spy/TAC - keypad 3"), 0)

2020-08-06 09:06:40 - [TEST_STEP][PASSED] - tap(findTestObject("Maya/login again/Spy- 3"), 0): Tapped on element 'Object Repository/Maya/login again/Spy- 3'

2020-08-06 09:06:40 - [MESSAGE][WARNING] - Timeout '0' is invalid. Using default page load timeout: '10'

2020-08-06 09:06:41 - [MESSAGE][PASSED] - Tapped on element 'Object Repository/Maya/login again/Spy- 3'

2020-08-06 09:06:41 - [TEST_STEP][PASSED] - if (otpMi[i] == "4"): null

2020-08-06 09:06:41 - [TEST_STEP][PASSED] - if (otpMi[i] == "5"): null

2020-08-06 09:06:41 - [TEST_STEP][PASSED] - if (otpMi[i] == "6"): null

2020-08-06 09:06:41 - [TEST_STEP][PASSED] - if (otpMi[i] == "7"): null

2020-08-06 09:06:41 - [TEST_STEP][PASSED] - if (otpMi[i] == "8"): null

2020-08-06 09:06:41 - [TEST_STEP][PASSED] - if (otpMi[i] == "9"): null

2020-08-06 09:06:41 - [TEST_STEP][PASSED] - delay(3, STOP_ON_FAILURE): Delayed 3 second(s)

2020-08-06 09:06:44 - [MESSAGE][PASSED] - Delayed 3 second(s)

2020-08-06 09:06:44 - [TEST_STEP][PASSED] - if (otpMi[i] == "0"): null

2020-08-06 09:06:44 - [TEST_STEP][PASSED] - if (otpMi[i] == "1"): Tapped on element 'Object Repository/Maya/login again/Spy - 1'

2020-08-06 09:06:44 - [TEST_STEP][PASSED] - delay(1, STOP_ON_FAILURE): Delayed 1 second(s)

2020-08-06 09:06:45 - [MESSAGE][PASSED] - Delayed 1 second(s)

2020-08-06 09:06:45 - [TEST_STEP][PASSED] - tap(findTestObject("Maya/login again/Spy - 1"), 0): Tapped on element 'Object Repository/Maya/login again/Spy - 1'

2020-08-06 09:06:45 - [MESSAGE][WARNING] - Timeout '0' is invalid. Using default page load timeout: '10'

2020-08-06 09:06:46 - [MESSAGE][PASSED] - Tapped on element 'Object Repository/Maya/login again/Spy - 1'

2020-08-06 09:06:46 - [TEST_STEP][PASSED] - if (otpMi[i] == "2"): null

2020-08-06 09:06:46 - [TEST_STEP][PASSED] - if (otpMi[i] == "3"): null

2020-08-06 09:06:46 - [TEST_STEP][PASSED] - if (otpMi[i] == "4"): null

2020-08-06 09:06:46 - [TEST_STEP][PASSED] - if (otpMi[i] == "5"): null

2020-08-06 09:06:46 - [TEST_STEP][PASSED] - if (otpMi[i] == "6"): null

2020-08-06 09:06:46 - [TEST_STEP][PASSED] - if (otpMi[i] == "7"): null

2020-08-06 09:06:46 - [TEST_STEP][PASSED] - if (otpMi[i] == "8"): null

2020-08-06 09:06:46 - [TEST_STEP][PASSED] - if (otpMi[i] == "9"): null

2020-08-06 09:06:46 - [TEST_STEP][PASSED] - delay(3, STOP_ON_FAILURE): Delayed 3 second(s)

2020-08-06 09:06:49 - [MESSAGE][PASSED] - Delayed 3 second(s)

2020-08-06 09:06:49 - [TEST_STEP][PASSED] - if (otpMi[i] == "0"): null

2020-08-06 09:06:49 - [TEST_STEP][PASSED] - if (otpMi[i] == "1"): null

2020-08-06 09:06:49 - [TEST_STEP][PASSED] - if (otpMi[i] == "2"): null

2020-08-06 09:06:49 - [TEST_STEP][PASSED] - if (otpMi[i] == "3"): null

2020-08-06 09:06:49 - [TEST_STEP][PASSED] - if (otpMi[i] == "4"): null

2020-08-06 09:06:49 - [TEST_STEP][PASSED] - if (otpMi[i] == "5"): null

2020-08-06 09:06:49 - [TEST_STEP][PASSED] - if (otpMi[i] == "6"): null

2020-08-06 09:06:49 - [TEST_STEP][PASSED] - if (otpMi[i] == "7"): null

2020-08-06 09:06:49 - [TEST_STEP][PASSED] - if (otpMi[i] == "8"): Tapped on element 'Object Repository/Maya/login again/Spy - 8'

2020-08-06 09:06:49 - [TEST_STEP][PASSED] - delay(1, STOP_ON_FAILURE): Delayed 1 second(s)

2020-08-06 09:06:50 - [MESSAGE][PASSED] - Delayed 1 second(s)

2020-08-06 09:06:50 - [TEST_STEP][PASSED] - tap(findTestObject("Maya/login again/Spy - 8"), 0): Tapped on element 'Object Repository/Maya/login again/Spy - 8'

2020-08-06 09:06:51 - [MESSAGE][WARNING] - Timeout '0' is invalid. Using default page load timeout: '10'

2020-08-06 09:06:52 - [MESSAGE][PASSED] - Tapped on element 'Object Repository/Maya/login again/Spy - 8'

2020-08-06 09:06:52 - [TEST_STEP][PASSED] - if (otpMi[i] == "9"): null

2020-08-06 09:06:52 - [TEST_STEP][PASSED] - delay(3, STOP_ON_FAILURE): Delayed 3 second(s)

2020-08-06 09:06:55 - [MESSAGE][PASSED] - Delayed 3 second(s)

2020-08-06 09:06:55 - [TEST_STEP][PASSED] - if (otpMi[i] == "0"): Tapped on element 'Object Repository/Maya/login again/Spy-0'

2020-08-06 09:06:55 - [TEST_STEP][PASSED] - delay(1, STOP_ON_FAILURE): Delayed 1 second(s)

2020-08-06 09:06:56 - [MESSAGE][PASSED] - Delayed 1 second(s)

2020-08-06 09:06:56 - [TEST_STEP][PASSED] - tap(findTestObject("Maya/login again/Spy-0"), 0): Tapped on element 'Object Repository/Maya/login again/Spy-0'

2020-08-06 09:06:56 - [MESSAGE][WARNING] - Timeout '0' is invalid. Using default page load timeout: '10'

2020-08-06 09:06:57 - [MESSAGE][PASSED] - Tapped on element 'Object Repository/Maya/login again/Spy-0'

2020-08-06 09:06:57 - [TEST_STEP][PASSED] - if (otpMi[i] == "1"): null

2020-08-06 09:06:57 - [TEST_STEP][PASSED] - if (otpMi[i] == "2"): null

2020-08-06 09:06:57 - [TEST_STEP][PASSED] - if (otpMi[i] == "3"): null

2020-08-06 09:06:57 - [TEST_STEP][PASSED] - if (otpMi[i] == "4"): null

2020-08-06 09:06:57 - [TEST_STEP][PASSED] - if (otpMi[i] == "5"): null

2020-08-06 09:06:57 - [TEST_STEP][PASSED] - if (otpMi[i] == "6"): null

2020-08-06 09:06:57 - [TEST_STEP][PASSED] - if (otpMi[i] == "7"): null

2020-08-06 09:06:57 - [TEST_STEP][PASSED] - if (otpMi[i] == "8"): null

2020-08-06 09:06:57 - [TEST_STEP][PASSED] - if (otpMi[i] == "9"): null

2020-08-06 09:06:57 - [TEST_STEP][PASSED] - delay(3, STOP_ON_FAILURE): Delayed 3 second(s)

2020-08-06 09:07:00 - [MESSAGE][PASSED] - Delayed 3 second(s)

2020-08-06 09:07:00 - [TEST_STEP][PASSED] - if (otpMi[i] == "0"): null

2020-08-06 09:07:00 - [TEST_STEP][PASSED] - if (otpMi[i] == "1"): null

2020-08-06 09:07:00 - [TEST_STEP][PASSED] - if (otpMi[i] == "2"): null

2020-08-06 09:07:00 - [TEST_STEP][PASSED] - if (otpMi[i] == "3"): null

2020-08-06 09:07:00 - [TEST_STEP][PASSED] - if (otpMi[i] == "4"): Tapped on element 'Object Repository/Maya/login again/Spy - 4'

2020-08-06 09:07:00 - [TEST_STEP][PASSED] - delay(1, STOP_ON_FAILURE): Delayed 1 second(s)

2020-08-06 09:07:01 - [MESSAGE][PASSED] - Delayed 1 second(s)

2020-08-06 09:07:01 - [TEST_STEP][PASSED] - tap(findTestObject("Maya/login again/Spy - 4"), 0): Tapped on element 'Object Repository/Maya/login again/Spy - 4'

2020-08-06 09:07:01 - [MESSAGE][WARNING] - Timeout '0' is invalid. Using default page load timeout: '10'

2020-08-06 09:07:02 - [MESSAGE][PASSED] - Tapped on element 'Object Repository/Maya/login again/Spy - 4'

2020-08-06 09:07:02 - [TEST_STEP][PASSED] - if (otpMi[i] == "5"): null

2020-08-06 09:07:02 - [TEST_STEP][PASSED] - if (otpMi[i] == "6"): null

2020-08-06 09:07:02 - [TEST_STEP][PASSED] - if (otpMi[i] == "7"): null

2020-08-06 09:07:02 - [TEST_STEP][PASSED] - if (otpMi[i] == "8"): null

2020-08-06 09:07:02 - [TEST_STEP][PASSED] - if (otpMi[i] == "9"): null

2020-08-06 09:07:02 - [TEST_STEP][PASSED] - delay(8, STOP_ON_FAILURE): Delayed 8 second(s)

2020-08-06 09:07:10 - [MESSAGE][PASSED] - Delayed 8 second(s)

2020-08-06 09:07:10 - [TEST_STEP][PASSED] - tap(findTestObject("Maya/Forgot Pin/android.widget.ImageView0 (7)"), 0): Tapped on element 'Object Repository/Maya/Forgot Pin/android.widget.ImageView0 (7)'

2020-08-06 09:07:10 - [MESSAGE][WARNING] - Timeout '0' is invalid. Using default page load timeout: '10'

2020-08-06 09:07:10 - [MESSAGE][PASSED] - Tapped on element 'Object Repository/Maya/Forgot Pin/android.widget.ImageView0 (7)'

2020-08-06 09:07:10 - [TEST_STEP][PASSED] - verifyElementExist(findTestObject("Maya/RegisterDuitNow/android.widget.TextView0 - DuitNow successfully enabled."), 0): Element 'Object Repository/Maya/RegisterDuitNow/android.widget.TextView0 - DuitNow successfully enabled.' is exist

2020-08-06 09:07:10 - [MESSAGE][WARNING] - Timeout '0' is invalid. Using default page load timeout: '10'

2020-08-06 09:07:14 - [MESSAGE][PASSED] - Element 'Object Repository/Maya/RegisterDuitNow/android.widget.TextView0 - DuitNow successfully enabled.' is exist

2020-08-06 09:07:14 - [TEST_STEP][PASSED] - delay(2, STOP_ON_FAILURE): Delayed 2 second(s)

2020-08-06 09:07:16 - [MESSAGE][PASSED] - Delayed 2 second(s)

2020-08-06 09:07:16 - [TEST_STEP][PASSED] - takeScreenshot("C:\Users\LENOVO\Screenshot\DuitNowProxy\Screen14.png", CONTINUE_ON_FAILURE): Screenshot is taken

2020-08-06 09:07:17 - [MESSAGE][PASSED] - Screenshot is taken
[[ATTACHMENT|C:\\Users\\LENOVO\\Screenshot\\DuitNowProxy\\Screen14.png]]

2020-08-06 09:07:17 - [TEST_STEP][PASSED] - tap(findTestObject("Maya/Mobile proxy/android.widget.TextView0 - More (1)"), 0): Tapped on element 'Object Repository/Maya/Mobile proxy/android.widget.TextView0 - More (1)'

2020-08-06 09:07:17 - [MESSAGE][WARNING] - Timeout '0' is invalid. Using default page load timeout: '10'

2020-08-06 09:07:29 - [MESSAGE][PASSED] - Tapped on element 'Object Repository/Maya/Mobile proxy/android.widget.TextView0 - More (1)'

2020-08-06 09:07:29 - [TEST_STEP][PASSED] - tap(findTestObject("Maya/Mobile proxy/android.widget.TextView0 - Notifications"), 0): Tapped on element 'Object Repository/Maya/Mobile proxy/android.widget.TextView0 - Notifications'

2020-08-06 09:07:29 - [MESSAGE][WARNING] - Timeout '0' is invalid. Using default page load timeout: '10'

2020-08-06 09:07:31 - [MESSAGE][PASSED] - Tapped on element 'Object Repository/Maya/Mobile proxy/android.widget.TextView0 - Notifications'

2020-08-06 09:07:31 - [TEST_STEP][PASSED] - tap(findTestObject("Maya/Third Party CA account/android.widget.TextView0 - Got It"), 0): Tapped on element 'Object Repository/Maya/Third Party CA account/android.widget.TextView0 - Got It'

2020-08-06 09:07:31 - [MESSAGE][WARNING] - Timeout '0' is invalid. Using default page load timeout: '10'

2020-08-06 09:07:33 - [MESSAGE][PASSED] - Tapped on element 'Object Repository/Maya/Third Party CA account/android.widget.TextView0 - Got It'

2020-08-06 09:07:33 - [TEST_STEP][PASSED] - getText(findTestObject("Maya/Mobile proxy/android.widget.TextView0 - Today"), 0): Text of element 'Object Repository/Maya/Mobile proxy/android.widget.TextView0 - Today' is: 'Today'

2020-08-06 09:07:33 - [MESSAGE][WARNING] - Timeout '0' is invalid. Using default page load timeout: '10'

2020-08-06 09:07:33 - [MESSAGE][PASSED] - Text of element 'Object Repository/Maya/Mobile proxy/android.widget.TextView0 - Today' is: 'Today'

2020-08-06 09:07:33 - [TEST_STEP][PASSED] - verifyElementVisible(findTestObject("Maya/Mobile proxy/android.widget.TextView0 - Today"), 0): Element 'Object Repository/Maya/Mobile proxy/android.widget.TextView0 - Today' is visible

2020-08-06 09:07:33 - [MESSAGE][WARNING] - Timeout '0' is invalid. Using default page load timeout: '10'

2020-08-06 09:07:34 - [MESSAGE][PASSED] - Element 'Object Repository/Maya/Mobile proxy/android.widget.TextView0 - Today' is visible

2020-08-06 09:07:34 - [TEST_STEP][PASSED] - getText(findTestObject("Maya/Mobile proxy/android.widget.TextView0 - Notifications (1)"), 0): Text of element 'Object Repository/Maya/Mobile proxy/android.widget.TextView0 - Notifications (1)' is: 'Notifications'

2020-08-06 09:07:34 - [MESSAGE][WARNING] - Timeout '0' is invalid. Using default page load timeout: '10'

2020-08-06 09:07:34 - [MESSAGE][PASSED] - Text of element 'Object Repository/Maya/Mobile proxy/android.widget.TextView0 - Notifications (1)' is: 'Notifications'

2020-08-06 09:07:34 - [TEST_STEP][PASSED] - verifyElementVisible(findTestObject("Maya/Mobile proxy/android.widget.TextView0 - Notifications (1)"), 0): Element 'Object Repository/Maya/Mobile proxy/android.widget.TextView0 - Notifications (1)' is visible

2020-08-06 09:07:34 - [MESSAGE][WARNING] - Timeout '0' is invalid. Using default page load timeout: '10'

2020-08-06 09:07:35 - [MESSAGE][PASSED] - Element 'Object Repository/Maya/Mobile proxy/android.widget.TextView0 - Notifications (1)' is visible

2020-08-06 09:07:35 - [TEST_STEP][PASSED] - verifyElementVisible(findTestObject("Maya/Mobile proxy/android.widget.TextView0 - Notifications (1)"), 0): Element 'Object Repository/Maya/Mobile proxy/android.widget.TextView0 - Notifications (1)' is visible

2020-08-06 09:07:35 - [MESSAGE][WARNING] - Timeout '0' is invalid. Using default page load timeout: '10'

2020-08-06 09:07:35 - [MESSAGE][PASSED] - Element 'Object Repository/Maya/Mobile proxy/android.widget.TextView0 - Notifications (1)' is visible

2020-08-06 09:07:35 - [TEST_STEP][PASSED] - getText(findTestObject("Maya/Mobile proxy/android.widget.TextView0 - Maybank2u DuitNow ID Deregistration"), 0): Text of element 'Object Repository/Maya/Mobile proxy/android.widget.TextView0 - Maybank2u DuitNow ID Deregistration' is: 'Maybank2u: DuitNow ID Deregistration'

2020-08-06 09:07:36 - [MESSAGE][WARNING] - Timeout '0' is invalid. Using default page load timeout: '10'

2020-08-06 09:07:37 - [MESSAGE][PASSED] - Text of element 'Object Repository/Maya/Mobile proxy/android.widget.TextView0 - Maybank2u DuitNow ID Deregistration' is: 'Maybank2u: DuitNow ID Deregistration'

2020-08-06 09:07:37 - [TEST_STEP][PASSED] - verifyElementVisible(findTestObject("Maya/Mobile proxy/android.widget.TextView0 - Maybank2u DuitNow ID Deregistration"), 0): Element 'Object Repository/Maya/Mobile proxy/android.widget.TextView0 - Maybank2u DuitNow ID Deregistration' is visible

2020-08-06 09:07:37 - [MESSAGE][WARNING] - Timeout '0' is invalid. Using default page load timeout: '10'

2020-08-06 09:07:37 - [MESSAGE][PASSED] - Element 'Object Repository/Maya/Mobile proxy/android.widget.TextView0 - Maybank2u DuitNow ID Deregistration' is visible

2020-08-06 09:07:37 - [TEST_STEP][PASSED] - getText(findTestObject("Maya/Mobile proxy/android.widget.TextView0 - Duitnow Proxy (Mobile Number) ending 1028 has just been deregistered."), 0): Text of element 'Object Repository/Maya/Mobile proxy/android.widget.TextView0 - Duitnow Proxy (Mobile Number) ending 1028 has just been deregistered.' is: 'Duitnow Proxy (Mobile Number) ending ****1028 has just been deregistered.'

2020-08-06 09:07:37 - [MESSAGE][WARNING] - Timeout '0' is invalid. Using default page load timeout: '10'

2020-08-06 09:07:38 - [MESSAGE][PASSED] - Text of element 'Object Repository/Maya/Mobile proxy/android.widget.TextView0 - Duitnow Proxy (Mobile Number) ending 1028 has just been deregistered.' is: 'Duitnow Proxy (Mobile Number) ending ****1028 has just been deregistered.'

2020-08-06 09:07:38 - [TEST_STEP][PASSED] - verifyElementVisible(findTestObject("Maya/Mobile proxy/android.widget.TextView0 - Duitnow Proxy (Mobile Number) ending 1028 has just been deregistered."), 0): Element 'Object Repository/Maya/Mobile proxy/android.widget.TextView0 - Duitnow Proxy (Mobile Number) ending 1028 has just been deregistered.' is visible

2020-08-06 09:07:38 - [MESSAGE][WARNING] - Timeout '0' is invalid. Using default page load timeout: '10'

2020-08-06 09:07:38 - [MESSAGE][PASSED] - Element 'Object Repository/Maya/Mobile proxy/android.widget.TextView0 - Duitnow Proxy (Mobile Number) ending 1028 has just been deregistered.' is visible

2020-08-06 09:07:38 - [TEST_STEP][PASSED] - getText(findTestObject("Maya/Mobile proxy/android.widget.TextView0 - 1151 PM"), 0): Text of element 'Object Repository/Maya/Mobile proxy/android.widget.TextView0 - 1151 PM' is: '9:04 AM'

2020-08-06 09:07:38 - [MESSAGE][WARNING] - Timeout '0' is invalid. Using default page load timeout: '10'

2020-08-06 09:07:39 - [MESSAGE][PASSED] - Text of element 'Object Repository/Maya/Mobile proxy/android.widget.TextView0 - 1151 PM' is: '9:04 AM'

2020-08-06 09:07:39 - [TEST_STEP][PASSED] - verifyElementExist(findTestObject("Maya/Mobile proxy/android.widget.TextView0 - 1151 PM"), 0): Element 'Object Repository/Maya/Mobile proxy/android.widget.TextView0 - 1151 PM' is exist

2020-08-06 09:07:39 - [MESSAGE][WARNING] - Timeout '0' is invalid. Using default page load timeout: '10'

2020-08-06 09:07:40 - [MESSAGE][PASSED] - Element 'Object Repository/Maya/Mobile proxy/android.widget.TextView0 - 1151 PM' is exist

2020-08-06 09:07:40 - [TEST_STEP][PASSED] - getText(findTestObject("Maya/Mobile proxy/android.widget.TextView0 - Maybank2u DuitNow ID Registration"), 0): Text of element 'Object Repository/Maya/Mobile proxy/android.widget.TextView0 - Maybank2u DuitNow ID Registration' is: 'Maybank2u: DuitNow ID Registration'

2020-08-06 09:07:40 - [MESSAGE][WARNING] - Timeout '0' is invalid. Using default page load timeout: '10'

2020-08-06 09:07:41 - [MESSAGE][PASSED] - Text of element 'Object Repository/Maya/Mobile proxy/android.widget.TextView0 - Maybank2u DuitNow ID Registration' is: 'Maybank2u: DuitNow ID Registration'

2020-08-06 09:07:41 - [TEST_STEP][PASSED] - verifyElementVisible(findTestObject("Maya/Mobile proxy/android.widget.TextView0 - Maybank2u DuitNow ID Registration"), 0): Element 'Object Repository/Maya/Mobile proxy/android.widget.TextView0 - Maybank2u DuitNow ID Registration' is visible

2020-08-06 09:07:41 - [MESSAGE][WARNING] - Timeout '0' is invalid. Using default page load timeout: '10'

2020-08-06 09:07:41 - [MESSAGE][PASSED] - Element 'Object Repository/Maya/Mobile proxy/android.widget.TextView0 - Maybank2u DuitNow ID Registration' is visible

2020-08-06 09:07:41 - [TEST_STEP][PASSED] - getText(findTestObject("Maya/Mobile proxy/android.widget.TextView0 - Duitnow Proxy (Mobile Number) ending 1028 has just been registered."), 0): Text of element 'Object Repository/Maya/Mobile proxy/android.widget.TextView0 - Duitnow Proxy (Mobile Number) ending 1028 has just been registered.' is: 'Duitnow Proxy (Mobile Number) ending ****1028 has just been registered.'

2020-08-06 09:07:41 - [MESSAGE][WARNING] - Timeout '0' is invalid. Using default page load timeout: '10'

2020-08-06 09:07:42 - [MESSAGE][PASSED] - Text of element 'Object Repository/Maya/Mobile proxy/android.widget.TextView0 - Duitnow Proxy (Mobile Number) ending 1028 has just been registered.' is: 'Duitnow Proxy (Mobile Number) ending ****1028 has just been registered.'

2020-08-06 09:07:42 - [TEST_STEP][PASSED] - verifyElementVisible(findTestObject("Maya/Mobile proxy/android.widget.TextView0 - Duitnow Proxy (Mobile Number) ending 1028 has just been registered."), 0): Element 'Object Repository/Maya/Mobile proxy/android.widget.TextView0 - Duitnow Proxy (Mobile Number) ending 1028 has just been registered.' is visible

2020-08-06 09:07:42 - [MESSAGE][WARNING] - Timeout '0' is invalid. Using default page load timeout: '10'

2020-08-06 09:07:42 - [MESSAGE][PASSED] - Element 'Object Repository/Maya/Mobile proxy/android.widget.TextView0 - Duitnow Proxy (Mobile Number) ending 1028 has just been registered.' is visible

2020-08-06 09:07:42 - [TEST_STEP][PASSED] - getText(findTestObject("Maya/Mobile proxy/android.widget.TextView0 - 1152 PM"), 0): Text of element 'Object Repository/Maya/Mobile proxy/android.widget.TextView0 - 1152 PM' is: '9:05 AM'

2020-08-06 09:07:42 - [MESSAGE][WARNING] - Timeout '0' is invalid. Using default page load timeout: '10'

2020-08-06 09:07:43 - [MESSAGE][PASSED] - Text of element 'Object Repository/Maya/Mobile proxy/android.widget.TextView0 - 1152 PM' is: '9:05 AM'

2020-08-06 09:07:43 - [TEST_STEP][PASSED] - verifyElementExist(findTestObject("Maya/Mobile proxy/android.widget.TextView0 - 1152 PM"), 0): Element 'Object Repository/Maya/Mobile proxy/android.widget.TextView0 - 1152 PM' is exist

2020-08-06 09:07:43 - [MESSAGE][WARNING] - Timeout '0' is invalid. Using default page load timeout: '10'

2020-08-06 09:07:44 - [MESSAGE][PASSED] - Element 'Object Repository/Maya/Mobile proxy/android.widget.TextView0 - 1152 PM' is exist

2020-08-06 09:07:44 - [TEST_STEP][PASSED] - getText(findTestObject("Maya/Mobile proxy/android.widget.TextView0 - Maybank2u DuitNow ID Proxy disabled"), 0): Text of element 'Object Repository/Maya/Mobile proxy/android.widget.TextView0 - Maybank2u DuitNow ID Proxy disabled' is: 'Maybank2u: DuitNow ID Proxy disabled'

2020-08-06 09:07:44 - [MESSAGE][WARNING] - Timeout '0' is invalid. Using default page load timeout: '10'

2020-08-06 09:07:44 - [MESSAGE][PASSED] - Text of element 'Object Repository/Maya/Mobile proxy/android.widget.TextView0 - Maybank2u DuitNow ID Proxy disabled' is: 'Maybank2u: DuitNow ID Proxy disabled'

2020-08-06 09:07:44 - [TEST_STEP][PASSED] - verifyElementVisible(findTestObject("Maya/Mobile proxy/android.widget.TextView0 - Maybank2u DuitNow ID Proxy disabled"), 0): Element 'Object Repository/Maya/Mobile proxy/android.widget.TextView0 - Maybank2u DuitNow ID Proxy disabled' is visible

2020-08-06 09:07:45 - [MESSAGE][WARNING] - Timeout '0' is invalid. Using default page load timeout: '10'

2020-08-06 09:07:45 - [MESSAGE][PASSED] - Element 'Object Repository/Maya/Mobile proxy/android.widget.TextView0 - Maybank2u DuitNow ID Proxy disabled' is visible

2020-08-06 09:07:45 - [TEST_STEP][PASSED] - getText(findTestObject("Maya/Mobile proxy/android.widget.TextView0 - Duitnow Proxy (Mobile Number) ending 1028 has just been disabled."), 0): Text of element 'Object Repository/Maya/Mobile proxy/android.widget.TextView0 - Duitnow Proxy (Mobile Number) ending 1028 has just been disabled.' is: 'Duitnow Proxy (Mobile Number) ending ****1028 has just been disabled.'

2020-08-06 09:07:45 - [MESSAGE][WARNING] - Timeout '0' is invalid. Using default page load timeout: '10'

2020-08-06 09:07:46 - [MESSAGE][PASSED] - Text of element 'Object Repository/Maya/Mobile proxy/android.widget.TextView0 - Duitnow Proxy (Mobile Number) ending 1028 has just been disabled.' is: 'Duitnow Proxy (Mobile Number) ending ****1028 has just been disabled.'

2020-08-06 09:07:46 - [TEST_STEP][PASSED] - verifyElementVisible(findTestObject("Maya/Mobile proxy/android.widget.TextView0 - Duitnow Proxy (Mobile Number) ending 1028 has just been disabled."), 0): Element 'Object Repository/Maya/Mobile proxy/android.widget.TextView0 - Duitnow Proxy (Mobile Number) ending 1028 has just been disabled.' is visible

2020-08-06 09:07:46 - [MESSAGE][WARNING] - Timeout '0' is invalid. Using default page load timeout: '10'

2020-08-06 09:07:46 - [MESSAGE][PASSED] - Element 'Object Repository/Maya/Mobile proxy/android.widget.TextView0 - Duitnow Proxy (Mobile Number) ending 1028 has just been disabled.' is visible

2020-08-06 09:07:46 - [TEST_STEP][PASSED] - getText(findTestObject("Maya/Mobile proxy/android.widget.TextView0 - 1153 PM"), 0): Text of element 'Object Repository/Maya/Mobile proxy/android.widget.TextView0 - 1153 PM' is: '9:06 AM'

2020-08-06 09:07:46 - [MESSAGE][WARNING] - Timeout '0' is invalid. Using default page load timeout: '10'

2020-08-06 09:07:47 - [MESSAGE][PASSED] - Text of element 'Object Repository/Maya/Mobile proxy/android.widget.TextView0 - 1153 PM' is: '9:06 AM'

2020-08-06 09:07:47 - [TEST_STEP][PASSED] - verifyElementExist(findTestObject("Maya/Mobile proxy/android.widget.TextView0 - 1153 PM"), 0): Element 'Object Repository/Maya/Mobile proxy/android.widget.TextView0 - 1153 PM' is exist

2020-08-06 09:07:47 - [MESSAGE][WARNING] - Timeout '0' is invalid. Using default page load timeout: '10'

2020-08-06 09:07:48 - [MESSAGE][PASSED] - Element 'Object Repository/Maya/Mobile proxy/android.widget.TextView0 - 1153 PM' is exist

2020-08-06 09:07:48 - [TEST_STEP][PASSED] - getText(findTestObject("Maya/Mobile proxy/android.widget.TextView0 - Maybank2u DuitNow ID Proxy enabled"), 0): Text of element 'Object Repository/Maya/Mobile proxy/android.widget.TextView0 - Maybank2u DuitNow ID Proxy enabled' is: 'Maybank2u: DuitNow ID Proxy enabled'

2020-08-06 09:07:48 - [MESSAGE][WARNING] - Timeout '0' is invalid. Using default page load timeout: '10'

2020-08-06 09:07:49 - [MESSAGE][PASSED] - Text of element 'Object Repository/Maya/Mobile proxy/android.widget.TextView0 - Maybank2u DuitNow ID Proxy enabled' is: 'Maybank2u: DuitNow ID Proxy enabled'

2020-08-06 09:07:49 - [TEST_STEP][PASSED] - verifyElementVisible(findTestObject("Maya/Mobile proxy/android.widget.TextView0 - Maybank2u DuitNow ID Proxy enabled"), 0): Element 'Object Repository/Maya/Mobile proxy/android.widget.TextView0 - Maybank2u DuitNow ID Proxy enabled' is visible

2020-08-06 09:07:49 - [MESSAGE][WARNING] - Timeout '0' is invalid. Using default page load timeout: '10'

2020-08-06 09:07:49 - [MESSAGE][PASSED] - Element 'Object Repository/Maya/Mobile proxy/android.widget.TextView0 - Maybank2u DuitNow ID Proxy enabled' is visible

2020-08-06 09:07:49 - [TEST_STEP][PASSED] - getText(findTestObject("Maya/Mobile proxy/android.widget.TextView0 - Duitnow Proxy (Mobile Number) ending 1028 has just been enabled."), 0): Text of element 'Object Repository/Maya/Mobile proxy/android.widget.TextView0 - Duitnow Proxy (Mobile Number) ending 1028 has just been enabled.' is: 'Duitnow Proxy (Mobile Number) ending ****1028 has just been enabled.'

2020-08-06 09:07:49 - [MESSAGE][WARNING] - Timeout '0' is invalid. Using default page load timeout: '10'

2020-08-06 09:07:49 - [MESSAGE][PASSED] - Text of element 'Object Repository/Maya/Mobile proxy/android.widget.TextView0 - Duitnow Proxy (Mobile Number) ending 1028 has just been enabled.' is: 'Duitnow Proxy (Mobile Number) ending ****1028 has just been enabled.'

2020-08-06 09:07:49 - [TEST_STEP][PASSED] - verifyElementVisible(findTestObject("Maya/Mobile proxy/android.widget.TextView0 - Duitnow Proxy (Mobile Number) ending 1028 has just been enabled."), 0): Element 'Object Repository/Maya/Mobile proxy/android.widget.TextView0 - Duitnow Proxy (Mobile Number) ending 1028 has just been enabled.' is visible

2020-08-06 09:07:50 - [MESSAGE][WARNING] - Timeout '0' is invalid. Using default page load timeout: '10'

2020-08-06 09:07:50 - [MESSAGE][PASSED] - Element 'Object Repository/Maya/Mobile proxy/android.widget.TextView0 - Duitnow Proxy (Mobile Number) ending 1028 has just been enabled.' is visible

2020-08-06 09:07:50 - [TEST_STEP][PASSED] - getText(findTestObject("Maya/Mobile proxy/android.widget.TextView0 - 1154 PM"), 0): Text of element 'Object Repository/Maya/Mobile proxy/android.widget.TextView0 - 1154 PM' is: '9:07 AM'

2020-08-06 09:07:50 - [MESSAGE][WARNING] - Timeout '0' is invalid. Using default page load timeout: '10'

2020-08-06 09:07:51 - [MESSAGE][PASSED] - Text of element 'Object Repository/Maya/Mobile proxy/android.widget.TextView0 - 1154 PM' is: '9:07 AM'

2020-08-06 09:07:51 - [TEST_STEP][PASSED] - verifyElementExist(findTestObject("Maya/Mobile proxy/android.widget.TextView0 - 1154 PM"), 0): Element 'Object Repository/Maya/Mobile proxy/android.widget.TextView0 - 1154 PM' is exist

2020-08-06 09:07:51 - [MESSAGE][WARNING] - Timeout '0' is invalid. Using default page load timeout: '10'

2020-08-06 09:07:52 - [MESSAGE][PASSED] - Element 'Object Repository/Maya/Mobile proxy/android.widget.TextView0 - 1154 PM' is exist

2020-08-06 09:07:52 - [TEST_STEP][PASSED] - tap(findTestObject("Maya/RegisterDuitNow/android.widget.TextView0 - More (1)"), 0): Tapped on element 'Object Repository/Maya/RegisterDuitNow/android.widget.TextView0 - More (1)'

2020-08-06 09:07:52 - [MESSAGE][WARNING] - Timeout '0' is invalid. Using default page load timeout: '10'

2020-08-06 09:08:04 - [MESSAGE][PASSED] - Tapped on element 'Object Repository/Maya/RegisterDuitNow/android.widget.TextView0 - More (1)'

2020-08-06 09:08:04 - [TEST_STEP][PASSED] - tap(findTestObject("Maya/RegisterDuitNow/android.widget.TextView0 - Settings (1)"), 0): Tapped on element 'Object Repository/Maya/RegisterDuitNow/android.widget.TextView0 - Settings (1)'

2020-08-06 09:08:04 - [MESSAGE][WARNING] - Timeout '0' is invalid. Using default page load timeout: '10'

2020-08-06 09:08:06 - [MESSAGE][PASSED] - Tapped on element 'Object Repository/Maya/RegisterDuitNow/android.widget.TextView0 - Settings (1)'

2020-08-06 09:08:06 - [TEST_STEP][PASSED] - tap(findTestObject("Maya/RegisterDuitNow/android.widget.TextView0 - Maybank2u (2)"), 0): Tapped on element 'Object Repository/Maya/RegisterDuitNow/android.widget.TextView0 - Maybank2u (2)'

2020-08-06 09:08:06 - [MESSAGE][WARNING] - Timeout '0' is invalid. Using default page load timeout: '10'

2020-08-06 09:08:08 - [MESSAGE][PASSED] - Tapped on element 'Object Repository/Maya/RegisterDuitNow/android.widget.TextView0 - Maybank2u (2)'

2020-08-06 09:08:08 - [TEST_STEP][PASSED] - tap(findTestObject("Maya/RegisterDuitNow/android.widget.TextView0 - DuitNow (6)"), 0): Tapped on element 'Object Repository/Maya/RegisterDuitNow/android.widget.TextView0 - DuitNow (6)'

2020-08-06 09:08:08 - [MESSAGE][WARNING] - Timeout '0' is invalid. Using default page load timeout: '10'

2020-08-06 09:08:10 - [MESSAGE][PASSED] - Tapped on element 'Object Repository/Maya/RegisterDuitNow/android.widget.TextView0 - DuitNow (6)'

2020-08-06 09:08:10 - [TEST_STEP][PASSED] - tap(findTestObject("Maya/RegisterDuitNow/android.widget.TextView0 - Mobile Number"), 0): Tapped on element 'Object Repository/Maya/RegisterDuitNow/android.widget.TextView0 - Mobile Number'

2020-08-06 09:08:10 - [MESSAGE][WARNING] - Timeout '0' is invalid. Using default page load timeout: '10'

2020-08-06 09:08:12 - [MESSAGE][PASSED] - Tapped on element 'Object Repository/Maya/RegisterDuitNow/android.widget.TextView0 - Mobile Number'

2020-08-06 09:08:12 - [TEST_STEP][PASSED] - getText(findTestObject("Maya/RegisterDuitNow/android.widget.TextView0 - ACTIVE (1)"), 0): Text of element 'Object Repository/Maya/RegisterDuitNow/android.widget.TextView0 - ACTIVE (1)' is: 'ACTIVE'

2020-08-06 09:08:12 - [MESSAGE][WARNING] - Timeout '0' is invalid. Using default page load timeout: '10'

2020-08-06 09:08:12 - [MESSAGE][PASSED] - Text of element 'Object Repository/Maya/RegisterDuitNow/android.widget.TextView0 - ACTIVE (1)' is: 'ACTIVE'

2020-08-06 09:08:12 - [TEST_STEP][PASSED] - verifyElementExist(findTestObject("Maya/RegisterDuitNow/android.widget.TextView0 - ACTIVE (1)"), 0): Element 'Object Repository/Maya/RegisterDuitNow/android.widget.TextView0 - ACTIVE (1)' is exist

2020-08-06 09:08:12 - [MESSAGE][WARNING] - Timeout '0' is invalid. Using default page load timeout: '10'

2020-08-06 09:08:13 - [MESSAGE][PASSED] - Element 'Object Repository/Maya/RegisterDuitNow/android.widget.TextView0 - ACTIVE (1)' is exist

2020-08-06 09:08:13 - [TEST_STEP][PASSED] - getText(findTestObject("Maya/RegisterDuitNow/android.widget.TextView0 - Mobile Number (1)"), 0): Text of element 'Object Repository/Maya/RegisterDuitNow/android.widget.TextView0 - Mobile Number (1)' is: 'Mobile Number'

2020-08-06 09:08:13 - [MESSAGE][WARNING] - Timeout '0' is invalid. Using default page load timeout: '10'

2020-08-06 09:08:13 - [MESSAGE][PASSED] - Text of element 'Object Repository/Maya/RegisterDuitNow/android.widget.TextView0 - Mobile Number (1)' is: 'Mobile Number'

2020-08-06 09:08:13 - [TEST_STEP][PASSED] - verifyElementExist(findTestObject("Maya/RegisterDuitNow/android.widget.TextView0 - Mobile Number (1)"), 0): Element 'Object Repository/Maya/RegisterDuitNow/android.widget.TextView0 - Mobile Number (1)' is exist

2020-08-06 09:08:13 - [MESSAGE][WARNING] - Timeout '0' is invalid. Using default page load timeout: '10'

2020-08-06 09:08:13 - [MESSAGE][PASSED] - Element 'Object Repository/Maya/RegisterDuitNow/android.widget.TextView0 - Mobile Number (1)' is exist

2020-08-06 09:08:13 - [TEST_STEP][PASSED] - getText(findTestObject("Maya/RegisterDuitNow/android.widget.TextView0 - 1028 (1)"), 0): Text of element 'Object Repository/Maya/RegisterDuitNow/android.widget.TextView0 - 1028 (1)' is: '********1028'

2020-08-06 09:08:13 - [MESSAGE][WARNING] - Timeout '0' is invalid. Using default page load timeout: '10'

2020-08-06 09:08:13 - [MESSAGE][PASSED] - Text of element 'Object Repository/Maya/RegisterDuitNow/android.widget.TextView0 - 1028 (1)' is: '********1028'

2020-08-06 09:08:13 - [TEST_STEP][PASSED] - verifyElementExist(findTestObject("Maya/RegisterDuitNow/android.widget.TextView0 - 1028 (1)"), 0): Element 'Object Repository/Maya/RegisterDuitNow/android.widget.TextView0 - 1028 (1)' is exist

2020-08-06 09:08:13 - [MESSAGE][WARNING] - Timeout '0' is invalid. Using default page load timeout: '10'

2020-08-06 09:08:14 - [MESSAGE][PASSED] - Element 'Object Repository/Maya/RegisterDuitNow/android.widget.TextView0 - 1028 (1)' is exist

2020-08-06 09:08:14 - [TEST_STEP][NOT_RUN] - closeApplication(): NOT_RUN: closeApplication()

2020-08-06 09:08:14 - [MESSAGE][NOT_RUN] - NOT_RUN: closeApplication()

2020-08-06 09:08:14 - [TEST_STEP][PASSED] - delay(2, STOP_ON_FAILURE): Delayed 2 second(s)

2020-08-06 09:08:16 - [MESSAGE][PASSED] - Delayed 2 second(s)

2020-08-06 09:08:16 - [TEST_STEP][PASSED] - takeScreenshot("C:\Users\LENOVO\Screenshot\DuitNowProxy\Screen15.png", CONTINUE_ON_FAILURE): Screenshot is taken

2020-08-06 09:08:17 - [MESSAGE][PASSED] - Screenshot is taken
[[ATTACHMENT|C:\\Users\\LENOVO\\Screenshot\\DuitNowProxy\\Screen15.png]]

2020-08-06 09:08:17 - [TEST_STEP][PASSED] - tap(findTestObject("Maya/RegisterDuitNow/android.widget.TextView0 - Switch account (1)"), 0): Tapped on element 'Object Repository/Maya/RegisterDuitNow/android.widget.TextView0 - Switch account (1)'

2020-08-06 09:08:17 - [MESSAGE][WARNING] - Timeout '0' is invalid. Using default page load timeout: '10'

2020-08-06 09:08:20 - [MESSAGE][PASSED] - Tapped on element 'Object Repository/Maya/RegisterDuitNow/android.widget.TextView0 - Switch account (1)'

2020-08-06 09:08:20 - [TEST_STEP][PASSED] - tap(findTestObject("Maya/RegisterDuitNow/android.view.ViewGroup0"), 0): Tapped on element 'Object Repository/Maya/RegisterDuitNow/android.view.ViewGroup0'

2020-08-06 09:08:20 - [MESSAGE][WARNING] - Timeout '0' is invalid. Using default page load timeout: '10'

2020-08-06 09:08:22 - [MESSAGE][PASSED] - Tapped on element 'Object Repository/Maya/RegisterDuitNow/android.view.ViewGroup0'

2020-08-06 09:08:22 - [TEST_STEP][PASSED] - tap(findTestObject("Maya/RegisterDuitNow/android.widget.TextView0 - Continue (7)"), 0): Tapped on element 'Object Repository/Maya/RegisterDuitNow/android.widget.TextView0 - Continue (7)'

2020-08-06 09:08:23 - [MESSAGE][WARNING] - Timeout '0' is invalid. Using default page load timeout: '10'

2020-08-06 09:08:24 - [MESSAGE][PASSED] - Tapped on element 'Object Repository/Maya/RegisterDuitNow/android.widget.TextView0 - Continue (7)'

2020-08-06 09:08:24 - [TEST_STEP][PASSED] - getText(findTestObject("Maya/RegisterDuitNow/android.widget.TextView0 - Please confirm your DuitNow details (1)"), 0): Text of element 'Object Repository/Maya/RegisterDuitNow/android.widget.TextView0 - Please confirm your DuitNow details (1)' is: 'Please confirm your DuitNow details'

2020-08-06 09:08:24 - [MESSAGE][WARNING] - Timeout '0' is invalid. Using default page load timeout: '10'

2020-08-06 09:08:25 - [MESSAGE][PASSED] - Text of element 'Object Repository/Maya/RegisterDuitNow/android.widget.TextView0 - Please confirm your DuitNow details (1)' is: 'Please confirm your DuitNow details'

2020-08-06 09:08:25 - [TEST_STEP][PASSED] - verifyElementExist(findTestObject("Maya/RegisterDuitNow/android.widget.TextView0 - Please confirm your DuitNow details (1)"), 0): Element 'Object Repository/Maya/RegisterDuitNow/android.widget.TextView0 - Please confirm your DuitNow details (1)' is exist

2020-08-06 09:08:25 - [MESSAGE][WARNING] - Timeout '0' is invalid. Using default page load timeout: '10'

2020-08-06 09:08:25 - [MESSAGE][PASSED] - Element 'Object Repository/Maya/RegisterDuitNow/android.widget.TextView0 - Please confirm your DuitNow details (1)' is exist

2020-08-06 09:08:25 - [TEST_STEP][PASSED] - tap(findTestObject("Maya/RegisterDuitNow/android.widget.TextView0 - Agree and Confirm (1)"), 0): Tapped on element 'Object Repository/Maya/RegisterDuitNow/android.widget.TextView0 - Agree and Confirm (1)'

2020-08-06 09:08:25 - [MESSAGE][WARNING] - Timeout '0' is invalid. Using default page load timeout: '10'

2020-08-06 09:08:27 - [MESSAGE][PASSED] - Tapped on element 'Object Repository/Maya/RegisterDuitNow/android.widget.TextView0 - Agree and Confirm (1)'

2020-08-06 09:08:27 - [TEST_STEP][PASSED] - delay(2, STOP_ON_FAILURE): Delayed 2 second(s)

2020-08-06 09:08:29 - [MESSAGE][PASSED] - Delayed 2 second(s)

2020-08-06 09:08:29 - [TEST_STEP][PASSED] - takeScreenshot("C:\Users\LENOVO\Screenshot\DuitNowProxy\Screen6.png", CONTINUE_ON_FAILURE): Screenshot is taken

2020-08-06 09:08:30 - [MESSAGE][PASSED] - Screenshot is taken
[[ATTACHMENT|C:\\Users\\LENOVO\\Screenshot\\DuitNowProxy\\Screen6.png]]

2020-08-06 09:08:30 - [TEST_STEP][PASSED] - tap(findTestObject("Maya/RegisterDuitNow/android.widget.TextView0 - Confirm (1)"), 0): Tapped on element 'Object Repository/Maya/RegisterDuitNow/android.widget.TextView0 - Confirm (1)'

2020-08-06 09:08:30 - [MESSAGE][WARNING] - Timeout '0' is invalid. Using default page load timeout: '10'

2020-08-06 09:08:31 - [MESSAGE][PASSED] - Tapped on element 'Object Repository/Maya/RegisterDuitNow/android.widget.TextView0 - Confirm (1)'

2020-08-06 09:08:31 - [TEST_STEP][PASSED] - otpMess = getText(findTestObject("Maya/Third Party CA account/android.widget.TextView0 - Your OTP no. is 460943"), 0): Text of element 'Object Repository/Maya/Third Party CA account/android.widget.TextView0 - Your OTP no. is 460943' is: 'Your OTP no. is 239131'

2020-08-06 09:08:32 - [MESSAGE][WARNING] - Timeout '0' is invalid. Using default page load timeout: '10'

2020-08-06 09:08:34 - [MESSAGE][PASSED] - Text of element 'Object Repository/Maya/Third Party CA account/android.widget.TextView0 - Your OTP no. is 460943' is: 'Your OTP no. is 239131'

2020-08-06 09:08:34 - [TEST_STEP][PASSED] - delay(2): Delayed 2 second(s)

2020-08-06 09:08:36 - [MESSAGE][PASSED] - Delayed 2 second(s)

2020-08-06 09:08:36 - [TEST_STEP][PASSED] - for ([i = 16, i <= 21, (i++)]): null

2020-08-06 09:08:36 - [TEST_STEP][PASSED] - delay(3, STOP_ON_FAILURE): Delayed 3 second(s)

2020-08-06 09:08:39 - [MESSAGE][PASSED] - Delayed 3 second(s)

2020-08-06 09:08:39 - [TEST_STEP][PASSED] - if (otpMess[i] == "0"): null

2020-08-06 09:08:39 - [TEST_STEP][PASSED] - if (otpMess[i] == "1"): null

2020-08-06 09:08:39 - [TEST_STEP][PASSED] - if (otpMess[i] == "2"): Tapped on element 'Object Repository/Maya/login again/Spy- 2'

2020-08-06 09:08:39 - [TEST_STEP][PASSED] - delay(1, STOP_ON_FAILURE): Delayed 1 second(s)

2020-08-06 09:08:40 - [MESSAGE][PASSED] - Delayed 1 second(s)

2020-08-06 09:08:40 - [TEST_STEP][PASSED] - tap(findTestObject("Maya/login again/Spy- 2"), 0): Tapped on element 'Object Repository/Maya/login again/Spy- 2'

2020-08-06 09:08:41 - [MESSAGE][WARNING] - Timeout '0' is invalid. Using default page load timeout: '10'

2020-08-06 09:08:42 - [MESSAGE][PASSED] - Tapped on element 'Object Repository/Maya/login again/Spy- 2'

2020-08-06 09:08:42 - [TEST_STEP][PASSED] - if (otpMess[i] == "3"): null

2020-08-06 09:08:42 - [TEST_STEP][PASSED] - if (otpMess[i] == "4"): null

2020-08-06 09:08:42 - [TEST_STEP][PASSED] - if (otpMess[i] == "5"): null

2020-08-06 09:08:42 - [TEST_STEP][PASSED] - if (otpMess[i] == "6"): null

2020-08-06 09:08:42 - [TEST_STEP][PASSED] - if (otpMess[i] == "7"): null

2020-08-06 09:08:42 - [TEST_STEP][PASSED] - if (otpMess[i] == "8"): null

2020-08-06 09:08:42 - [TEST_STEP][PASSED] - if (otpMess[i] == "9"): null

2020-08-06 09:08:42 - [TEST_STEP][PASSED] - delay(3, STOP_ON_FAILURE): Delayed 3 second(s)

2020-08-06 09:08:45 - [MESSAGE][PASSED] - Delayed 3 second(s)

2020-08-06 09:08:45 - [TEST_STEP][PASSED] - if (otpMess[i] == "0"): null

2020-08-06 09:08:45 - [TEST_STEP][PASSED] - if (otpMess[i] == "1"): null

2020-08-06 09:08:45 - [TEST_STEP][PASSED] - if (otpMess[i] == "2"): null

2020-08-06 09:08:45 - [TEST_STEP][PASSED] - if (otpMess[i] == "3"): Tapped on element 'Object Repository/Maya/login again/Spy- 3'

2020-08-06 09:08:45 - [TEST_STEP][PASSED] - delay(1, STOP_ON_FAILURE): Delayed 1 second(s)

2020-08-06 09:08:46 - [MESSAGE][PASSED] - Delayed 1 second(s)

2020-08-06 09:08:46 - [TEST_STEP][NOT_RUN] - tap(findTestObject("MAYA SIT v118/spy/TAC - keypad 3"), 0): NOT_RUN: tap(findTestObject("MAYA SIT v118/spy/TAC - keypad 3"), 0)

2020-08-06 09:08:46 - [MESSAGE][NOT_RUN] - NOT_RUN: tap(findTestObject("MAYA SIT v118/spy/TAC - keypad 3"), 0)

2020-08-06 09:08:46 - [TEST_STEP][PASSED] - tap(findTestObject("Maya/login again/Spy- 3"), 0): Tapped on element 'Object Repository/Maya/login again/Spy- 3'

2020-08-06 09:08:46 - [MESSAGE][WARNING] - Timeout '0' is invalid. Using default page load timeout: '10'

2020-08-06 09:08:47 - [MESSAGE][PASSED] - Tapped on element 'Object Repository/Maya/login again/Spy- 3'

2020-08-06 09:08:47 - [TEST_STEP][PASSED] - if (otpMess[i] == "4"): null

2020-08-06 09:08:47 - [TEST_STEP][PASSED] - if (otpMess[i] == "5"): null

2020-08-06 09:08:47 - [TEST_STEP][PASSED] - if (otpMess[i] == "6"): null

2020-08-06 09:08:47 - [TEST_STEP][PASSED] - if (otpMess[i] == "7"): null

2020-08-06 09:08:47 - [TEST_STEP][PASSED] - if (otpMess[i] == "8"): null

2020-08-06 09:08:47 - [TEST_STEP][PASSED] - if (otpMess[i] == "9"): null

2020-08-06 09:08:47 - [TEST_STEP][PASSED] - delay(3, STOP_ON_FAILURE): Delayed 3 second(s)

2020-08-06 09:08:50 - [MESSAGE][PASSED] - Delayed 3 second(s)

2020-08-06 09:08:50 - [TEST_STEP][PASSED] - if (otpMess[i] == "0"): null

2020-08-06 09:08:50 - [TEST_STEP][PASSED] - if (otpMess[i] == "1"): null

2020-08-06 09:08:50 - [TEST_STEP][PASSED] - if (otpMess[i] == "2"): null

2020-08-06 09:08:50 - [TEST_STEP][PASSED] - if (otpMess[i] == "3"): null

2020-08-06 09:08:50 - [TEST_STEP][PASSED] - if (otpMess[i] == "4"): null

2020-08-06 09:08:50 - [TEST_STEP][PASSED] - if (otpMess[i] == "5"): null

2020-08-06 09:08:50 - [TEST_STEP][PASSED] - if (otpMess[i] == "6"): null

2020-08-06 09:08:50 - [TEST_STEP][PASSED] - if (otpMess[i] == "7"): null

2020-08-06 09:08:50 - [TEST_STEP][PASSED] - if (otpMess[i] == "8"): null

2020-08-06 09:08:50 - [TEST_STEP][PASSED] - if (otpMess[i] == "9"): Tapped on element 'Object Repository/Maya/login again/Spy- 9'

2020-08-06 09:08:50 - [TEST_STEP][PASSED] - delay(1, STOP_ON_FAILURE): Delayed 1 second(s)

2020-08-06 09:08:51 - [MESSAGE][PASSED] - Delayed 1 second(s)

2020-08-06 09:08:51 - [TEST_STEP][PASSED] - tap(findTestObject("Maya/login again/Spy- 9"), 0): Tapped on element 'Object Repository/Maya/login again/Spy- 9'

2020-08-06 09:08:51 - [MESSAGE][WARNING] - Timeout '0' is invalid. Using default page load timeout: '10'

2020-08-06 09:08:52 - [MESSAGE][PASSED] - Tapped on element 'Object Repository/Maya/login again/Spy- 9'

2020-08-06 09:08:52 - [TEST_STEP][PASSED] - delay(3, STOP_ON_FAILURE): Delayed 3 second(s)

2020-08-06 09:08:55 - [MESSAGE][PASSED] - Delayed 3 second(s)

2020-08-06 09:08:55 - [TEST_STEP][PASSED] - if (otpMess[i] == "0"): null

2020-08-06 09:08:55 - [TEST_STEP][PASSED] - if (otpMess[i] == "1"): Tapped on element 'Object Repository/Maya/login again/Spy - 1'

2020-08-06 09:08:55 - [TEST_STEP][PASSED] - delay(1, STOP_ON_FAILURE): Delayed 1 second(s)

2020-08-06 09:08:56 - [MESSAGE][PASSED] - Delayed 1 second(s)

2020-08-06 09:08:56 - [TEST_STEP][PASSED] - tap(findTestObject("Maya/login again/Spy - 1"), 0): Tapped on element 'Object Repository/Maya/login again/Spy - 1'

2020-08-06 09:08:56 - [MESSAGE][WARNING] - Timeout '0' is invalid. Using default page load timeout: '10'

2020-08-06 09:08:57 - [MESSAGE][PASSED] - Tapped on element 'Object Repository/Maya/login again/Spy - 1'

2020-08-06 09:08:57 - [TEST_STEP][PASSED] - if (otpMess[i] == "2"): null

2020-08-06 09:08:57 - [TEST_STEP][PASSED] - if (otpMess[i] == "3"): null

2020-08-06 09:08:57 - [TEST_STEP][PASSED] - if (otpMess[i] == "4"): null

2020-08-06 09:08:57 - [TEST_STEP][PASSED] - if (otpMess[i] == "5"): null

2020-08-06 09:08:57 - [TEST_STEP][PASSED] - if (otpMess[i] == "6"): null

2020-08-06 09:08:57 - [TEST_STEP][PASSED] - if (otpMess[i] == "7"): null

2020-08-06 09:08:57 - [TEST_STEP][PASSED] - if (otpMess[i] == "8"): null

2020-08-06 09:08:57 - [TEST_STEP][PASSED] - if (otpMess[i] == "9"): null

2020-08-06 09:08:57 - [TEST_STEP][PASSED] - delay(3, STOP_ON_FAILURE): Delayed 3 second(s)

2020-08-06 09:09:00 - [MESSAGE][PASSED] - Delayed 3 second(s)

2020-08-06 09:09:00 - [TEST_STEP][PASSED] - if (otpMess[i] == "0"): null

2020-08-06 09:09:00 - [TEST_STEP][PASSED] - if (otpMess[i] == "1"): null

2020-08-06 09:09:00 - [TEST_STEP][PASSED] - if (otpMess[i] == "2"): null

2020-08-06 09:09:00 - [TEST_STEP][PASSED] - if (otpMess[i] == "3"): Tapped on element 'Object Repository/Maya/login again/Spy- 3'

2020-08-06 09:09:00 - [TEST_STEP][PASSED] - delay(1, STOP_ON_FAILURE): Delayed 1 second(s)

2020-08-06 09:09:01 - [MESSAGE][PASSED] - Delayed 1 second(s)

2020-08-06 09:09:01 - [TEST_STEP][NOT_RUN] - tap(findTestObject("MAYA SIT v118/spy/TAC - keypad 3"), 0): NOT_RUN: tap(findTestObject("MAYA SIT v118/spy/TAC - keypad 3"), 0)

2020-08-06 09:09:01 - [MESSAGE][NOT_RUN] - NOT_RUN: tap(findTestObject("MAYA SIT v118/spy/TAC - keypad 3"), 0)

2020-08-06 09:09:01 - [TEST_STEP][PASSED] - tap(findTestObject("Maya/login again/Spy- 3"), 0): Tapped on element 'Object Repository/Maya/login again/Spy- 3'

2020-08-06 09:09:01 - [MESSAGE][WARNING] - Timeout '0' is invalid. Using default page load timeout: '10'

2020-08-06 09:09:02 - [MESSAGE][PASSED] - Tapped on element 'Object Repository/Maya/login again/Spy- 3'

2020-08-06 09:09:02 - [TEST_STEP][PASSED] - if (otpMess[i] == "4"): null

2020-08-06 09:09:02 - [TEST_STEP][PASSED] - if (otpMess[i] == "5"): null

2020-08-06 09:09:02 - [TEST_STEP][PASSED] - if (otpMess[i] == "6"): null

2020-08-06 09:09:02 - [TEST_STEP][PASSED] - if (otpMess[i] == "7"): null

2020-08-06 09:09:02 - [TEST_STEP][PASSED] - if (otpMess[i] == "8"): null

2020-08-06 09:09:02 - [TEST_STEP][PASSED] - if (otpMess[i] == "9"): null

2020-08-06 09:09:02 - [TEST_STEP][PASSED] - delay(3, STOP_ON_FAILURE): Delayed 3 second(s)

2020-08-06 09:09:05 - [MESSAGE][PASSED] - Delayed 3 second(s)

2020-08-06 09:09:05 - [TEST_STEP][PASSED] - if (otpMess[i] == "0"): null

2020-08-06 09:09:05 - [TEST_STEP][PASSED] - if (otpMess[i] == "1"): Tapped on element 'Object Repository/Maya/login again/Spy - 1'

2020-08-06 09:09:05 - [TEST_STEP][PASSED] - delay(1, STOP_ON_FAILURE): Delayed 1 second(s)

2020-08-06 09:09:06 - [MESSAGE][PASSED] - Delayed 1 second(s)

2020-08-06 09:09:06 - [TEST_STEP][PASSED] - tap(findTestObject("Maya/login again/Spy - 1"), 0): Tapped on element 'Object Repository/Maya/login again/Spy - 1'

2020-08-06 09:09:06 - [MESSAGE][WARNING] - Timeout '0' is invalid. Using default page load timeout: '10'

2020-08-06 09:09:07 - [MESSAGE][PASSED] - Tapped on element 'Object Repository/Maya/login again/Spy - 1'

2020-08-06 09:09:07 - [TEST_STEP][PASSED] - if (otpMess[i] == "2"): null

2020-08-06 09:09:07 - [TEST_STEP][PASSED] - if (otpMess[i] == "3"): null

2020-08-06 09:09:07 - [TEST_STEP][PASSED] - if (otpMess[i] == "4"): null

2020-08-06 09:09:07 - [TEST_STEP][PASSED] - if (otpMess[i] == "5"): null

2020-08-06 09:09:07 - [TEST_STEP][PASSED] - if (otpMess[i] == "6"): null

2020-08-06 09:09:07 - [TEST_STEP][PASSED] - if (otpMess[i] == "7"): null

2020-08-06 09:09:07 - [TEST_STEP][PASSED] - if (otpMess[i] == "8"): null

2020-08-06 09:09:07 - [TEST_STEP][PASSED] - if (otpMess[i] == "9"): null

2020-08-06 09:09:07 - [TEST_STEP][PASSED] - delay(8, STOP_ON_FAILURE): Delayed 8 second(s)

2020-08-06 09:09:15 - [MESSAGE][PASSED] - Delayed 8 second(s)

2020-08-06 09:09:15 - [TEST_STEP][PASSED] - tap(findTestObject("Maya/Forgot Pin/android.widget.ImageView0 (7)"), 0): Tapped on element 'Object Repository/Maya/Forgot Pin/android.widget.ImageView0 (7)'

2020-08-06 09:09:15 - [MESSAGE][WARNING] - Timeout '0' is invalid. Using default page load timeout: '10'

2020-08-06 09:09:16 - [MESSAGE][PASSED] - Tapped on element 'Object Repository/Maya/Forgot Pin/android.widget.ImageView0 (7)'

2020-08-06 09:09:16 - [TEST_STEP][FAILED] - getText(findTestObject("Maya/RegisterDuitNow/android.widget.TextView0 - Youve successfully linked your account to DuitNow (1)"), 0, STOP_ON_FAILURE): Failed to get text from element (Root cause: com.kms.katalon.core.exception.StepFailedException: Object Object Repository/Maya/RegisterDuitNow/android.widget.TextView0 - Youve successfully linked your account to DuitNow (1) not found
	at com.kms.katalon.core.keyword.internal.KeywordMain.stepFailed(KeywordMain.groovy:50)
	at com.kms.katalon.core.mobile.keyword.internal.MobileKeywordMain.stepFailed(MobileKeywordMain.groovy:40)
	at com.kms.katalon.core.mobile.keyword.builtin.GetTextKeyword$_getText_closure1.doCall(GetTextKeyword.groovy:74)
	at com.kms.katalon.core.mobile.keyword.builtin.GetTextKeyword$_getText_closure1.call(GetTextKeyword.groovy)
	at com.kms.katalon.core.mobile.keyword.internal.MobileKeywordMain.runKeyword(MobileKeywordMain.groovy:21)
	at com.kms.katalon.core.mobile.keyword.builtin.GetTextKeyword.getText(GetTextKeyword.groovy:80)
	at com.kms.katalon.core.mobile.keyword.builtin.GetTextKeyword.execute(GetTextKeyword.groovy:64)
	at com.kms.katalon.core.keyword.internal.KeywordExecutor.executeKeywordForPlatform(KeywordExecutor.groovy:72)
	at com.kms.katalon.core.mobile.keyword.MobileBuiltInKeywords.getText(MobileBuiltInKeywords.groovy:443)
	at com.kms.katalon.core.mobile.keyword.MobileBuiltInKeywords$getText$7.call(Unknown Source)
	at Mob Proxy.run(Mob Proxy:786)
	at com.kms.katalon.core.main.ScriptEngine.run(ScriptEngine.java:194)
	at com.kms.katalon.core.main.ScriptEngine.runScriptAsRawText(ScriptEngine.java:119)
	at com.kms.katalon.core.main.TestCaseExecutor.runScript(TestCaseExecutor.java:337)
	at com.kms.katalon.core.main.TestCaseExecutor.doExecute(TestCaseExecutor.java:328)
	at com.kms.katalon.core.main.TestCaseExecutor.processExecutionPhase(TestCaseExecutor.java:307)
	at com.kms.katalon.core.main.TestCaseExecutor.accessMainPhase(TestCaseExecutor.java:299)
	at com.kms.katalon.core.main.TestCaseExecutor.execute(TestCaseExecutor.java:233)
	at com.kms.katalon.core.main.TestSuiteExecutor.accessTestCaseMainPhase(TestSuiteExecutor.java:169)
	at com.kms.katalon.core.main.TestSuiteExecutor.accessTestSuiteMainPhase(TestSuiteExecutor.java:142)
	at com.kms.katalon.core.main.TestSuiteExecutor.execute(TestSuiteExecutor.java:91)
	at com.kms.katalon.core.main.TestCaseMain.startTestSuite(TestCaseMain.java:157)
	at com.kms.katalon.core.main.TestCaseMain$startTestSuite$0.call(Unknown Source)
	at TempTestSuite1596675565975.run(TempTestSuite1596675565975.groovy:36)
)

2020-08-06 09:09:16 - [MESSAGE][WARNING] - Timeout '0' is invalid. Using default page load timeout: '10'

2020-08-06 09:09:27 - [MESSAGE][FAILED] - Object Object Repository/Maya/RegisterDuitNow/android.widget.TextView0 - Youve successfully linked your account to DuitNow (1) not found
[[ATTACHMENT|C:\\Users\\LENOVO\\Git_new\\Maya\\Reports\\20200806_085925\\Maya UAT\\UAT Test Suite\\20200806_085925\\1596676166071.png]]

2020-08-06 09:09:28 - [MESSAGE][FAILED] - Failed to get text from element (Root cause: com.kms.katalon.core.exception.StepFailedException: Object Object Repository/Maya/RegisterDuitNow/android.widget.TextView0 - Youve successfully linked your account to DuitNow (1) not found
	at com.kms.katalon.core.keyword.internal.KeywordMain.stepFailed(KeywordMain.groovy:50)
	at com.kms.katalon.core.mobile.keyword.internal.MobileKeywordMain.stepFailed(MobileKeywordMain.groovy:40)
	at com.kms.katalon.core.mobile.keyword.builtin.GetTextKeyword$_getText_closure1.doCall(GetTextKeyword.groovy:74)
	at com.kms.katalon.core.mobile.keyword.builtin.GetTextKeyword$_getText_closure1.call(GetTextKeyword.groovy)
	at com.kms.katalon.core.mobile.keyword.internal.MobileKeywordMain.runKeyword(MobileKeywordMain.groovy:21)
	at com.kms.katalon.core.mobile.keyword.builtin.GetTextKeyword.getText(GetTextKeyword.groovy:80)
	at com.kms.katalon.core.mobile.keyword.builtin.GetTextKeyword.execute(GetTextKeyword.groovy:64)
	at com.kms.katalon.core.keyword.internal.KeywordExecutor.executeKeywordForPlatform(KeywordExecutor.groovy:72)
	at com.kms.katalon.core.mobile.keyword.MobileBuiltInKeywords.getText(MobileBuiltInKeywords.groovy:443)
	at com.kms.katalon.core.mobile.keyword.MobileBuiltInKeywords$getText$7.call(Unknown Source)
	at Mob Proxy.run(Mob Proxy:786)
	at com.kms.katalon.core.main.ScriptEngine.run(ScriptEngine.java:194)
	at com.kms.katalon.core.main.ScriptEngine.runScriptAsRawText(ScriptEngine.java:119)
	at com.kms.katalon.core.main.TestCaseExecutor.runScript(TestCaseExecutor.java:337)
	at com.kms.katalon.core.main.TestCaseExecutor.doExecute(TestCaseExecutor.java:328)
	at com.kms.katalon.core.main.TestCaseExecutor.processExecutionPhase(TestCaseExecutor.java:307)
	at com.kms.katalon.core.main.TestCaseExecutor.accessMainPhase(TestCaseExecutor.java:299)
	at com.kms.katalon.core.main.TestCaseExecutor.execute(TestCaseExecutor.java:233)
	at com.kms.katalon.core.main.TestSuiteExecutor.accessTestCaseMainPhase(TestSuiteExecutor.java:169)
	at com.kms.katalon.core.main.TestSuiteExecutor.accessTestSuiteMainPhase(TestSuiteExecutor.java:142)
	at com.kms.katalon.core.main.TestSuiteExecutor.execute(TestSuiteExecutor.java:91)
	at com.kms.katalon.core.main.TestCaseMain.startTestSuite(TestCaseMain.java:157)
	at com.kms.katalon.core.main.TestCaseMain$startTestSuite$0.call(Unknown Source)
	at TempTestSuite1596675565975.run(TempTestSuite1596675565975.groovy:36)
)
[[ATTACHMENT|C:\\Users\\LENOVO\\Git_new\\Maya\\Reports\\20200806_085925\\Maya UAT\\UAT Test Suite\\20200806_085925\\1596676167516.png]]]]></system-out>
         <system-err><![CDATA[2020-08-06 08:59:28 - [TEST_CASE][FAILED] - Test Cases/JINU/DuiTNow Drop 2/Mob Proxy: Test Cases/JINU/DuiTNow Drop 2/Mob Proxy FAILED.
Reason:
com.kms.katalon.core.exception.StepFailedException: Object Object Repository/Maya/RegisterDuitNow/android.widget.TextView0 - Youve successfully linked your account to DuitNow (1) not found
	at com.kms.katalon.core.keyword.internal.KeywordMain.stepFailed(KeywordMain.groovy:50)
	at com.kms.katalon.core.mobile.keyword.internal.MobileKeywordMain.stepFailed(MobileKeywordMain.groovy:40)
	at com.kms.katalon.core.mobile.keyword.builtin.GetTextKeyword$_getText_closure1.doCall(GetTextKeyword.groovy:74)
	at com.kms.katalon.core.mobile.keyword.builtin.GetTextKeyword$_getText_closure1.call(GetTextKeyword.groovy)
	at com.kms.katalon.core.mobile.keyword.internal.MobileKeywordMain.runKeyword(MobileKeywordMain.groovy:21)
	at com.kms.katalon.core.mobile.keyword.builtin.GetTextKeyword.getText(GetTextKeyword.groovy:80)
	at com.kms.katalon.core.mobile.keyword.builtin.GetTextKeyword.execute(GetTextKeyword.groovy:64)
	at com.kms.katalon.core.keyword.internal.KeywordExecutor.executeKeywordForPlatform(KeywordExecutor.groovy:72)
	at com.kms.katalon.core.mobile.keyword.MobileBuiltInKeywords.getText(MobileBuiltInKeywords.groovy:443)
	at com.kms.katalon.core.mobile.keyword.MobileBuiltInKeywords$getText$7.call(Unknown Source)
	at Mob Proxy.run(Mob Proxy:786)
	at com.kms.katalon.core.main.ScriptEngine.run(ScriptEngine.java:194)
	at com.kms.katalon.core.main.ScriptEngine.runScriptAsRawText(ScriptEngine.java:119)
	at com.kms.katalon.core.main.TestCaseExecutor.runScript(TestCaseExecutor.java:337)
	at com.kms.katalon.core.main.TestCaseExecutor.doExecute(TestCaseExecutor.java:328)
	at com.kms.katalon.core.main.TestCaseExecutor.processExecutionPhase(TestCaseExecutor.java:307)
	at com.kms.katalon.core.main.TestCaseExecutor.accessMainPhase(TestCaseExecutor.java:299)
	at com.kms.katalon.core.main.TestCaseExecutor.execute(TestCaseExecutor.java:233)
	at com.kms.katalon.core.main.TestSuiteExecutor.accessTestCaseMainPhase(TestSuiteExecutor.java:169)
	at com.kms.katalon.core.main.TestSuiteExecutor.accessTestSuiteMainPhase(TestSuiteExecutor.java:142)
	at com.kms.katalon.core.main.TestSuiteExecutor.execute(TestSuiteExecutor.java:91)
	at com.kms.katalon.core.main.TestCaseMain.startTestSuite(TestCaseMain.java:157)
	at com.kms.katalon.core.main.TestCaseMain$startTestSuite$0.call(Unknown Source)
	at TempTestSuite1596675565975.run(TempTestSuite1596675565975.groovy:36)]]></system-err>
      </testcase>
      <system-out><![CDATA[2020-08-06 08:59:28 - [TEST_SUITE][FAILED] - UAT Test Suite: Test Cases/JINU/DuiTNow Drop 2/Mob Proxy FAILED.
Reason:
com.kms.katalon.core.exception.StepFailedException: Object Object Repository/Maya/RegisterDuitNow/android.widget.TextView0 - Youve successfully linked your account to DuitNow (1) not found
	at com.kms.katalon.core.keyword.internal.KeywordMain.stepFailed(KeywordMain.groovy:50)
	at com.kms.katalon.core.mobile.keyword.internal.MobileKeywordMain.stepFailed(MobileKeywordMain.groovy:40)
	at com.kms.katalon.core.mobile.keyword.builtin.GetTextKeyword$_getText_closure1.doCall(GetTextKeyword.groovy:74)
	at com.kms.katalon.core.mobile.keyword.builtin.GetTextKeyword$_getText_closure1.call(GetTextKeyword.groovy)
	at com.kms.katalon.core.mobile.keyword.internal.MobileKeywordMain.runKeyword(MobileKeywordMain.groovy:21)
	at com.kms.katalon.core.mobile.keyword.builtin.GetTextKeyword.getText(GetTextKeyword.groovy:80)
	at com.kms.katalon.core.mobile.keyword.builtin.GetTextKeyword.execute(GetTextKeyword.groovy:64)
	at com.kms.katalon.core.keyword.internal.KeywordExecutor.executeKeywordForPlatform(KeywordExecutor.groovy:72)
	at com.kms.katalon.core.mobile.keyword.MobileBuiltInKeywords.getText(MobileBuiltInKeywords.groovy:443)
	at com.kms.katalon.core.mobile.keyword.MobileBuiltInKeywords$getText$7.call(Unknown Source)
	at Mob Proxy.run(Mob Proxy:786)
	at com.kms.katalon.core.main.ScriptEngine.run(ScriptEngine.java:194)
	at com.kms.katalon.core.main.ScriptEngine.runScriptAsRawText(ScriptEngine.java:119)
	at com.kms.katalon.core.main.TestCaseExecutor.runScript(TestCaseExecutor.java:337)
	at com.kms.katalon.core.main.TestCaseExecutor.doExecute(TestCaseExecutor.java:328)
	at com.kms.katalon.core.main.TestCaseExecutor.processExecutionPhase(TestCaseExecutor.java:307)
	at com.kms.katalon.core.main.TestCaseExecutor.accessMainPhase(TestCaseExecutor.java:299)
	at com.kms.katalon.core.main.TestCaseExecutor.execute(TestCaseExecutor.java:233)
	at com.kms.katalon.core.main.TestSuiteExecutor.accessTestCaseMainPhase(TestSuiteExecutor.java:169)
	at com.kms.katalon.core.main.TestSuiteExecutor.accessTestSuiteMainPhase(TestSuiteExecutor.java:142)
	at com.kms.katalon.core.main.TestSuiteExecutor.execute(TestSuiteExecutor.java:91)
	at com.kms.katalon.core.main.TestCaseMain.startTestSuite(TestCaseMain.java:157)
	at com.kms.katalon.core.main.TestCaseMain$startTestSuite$0.call(Unknown Source)
	at TempTestSuite1596675565975.run(TempTestSuite1596675565975.groovy:36)]]></system-out>
      <system-err><![CDATA[2020-08-06 08:59:28 - [TEST_SUITE][FAILED] - UAT Test Suite: Test Cases/JINU/DuiTNow Drop 2/Mob Proxy FAILED.
Reason:
com.kms.katalon.core.exception.StepFailedException: Object Object Repository/Maya/RegisterDuitNow/android.widget.TextView0 - Youve successfully linked your account to DuitNow (1) not found
	at com.kms.katalon.core.keyword.internal.KeywordMain.stepFailed(KeywordMain.groovy:50)
	at com.kms.katalon.core.mobile.keyword.internal.MobileKeywordMain.stepFailed(MobileKeywordMain.groovy:40)
	at com.kms.katalon.core.mobile.keyword.builtin.GetTextKeyword$_getText_closure1.doCall(GetTextKeyword.groovy:74)
	at com.kms.katalon.core.mobile.keyword.builtin.GetTextKeyword$_getText_closure1.call(GetTextKeyword.groovy)
	at com.kms.katalon.core.mobile.keyword.internal.MobileKeywordMain.runKeyword(MobileKeywordMain.groovy:21)
	at com.kms.katalon.core.mobile.keyword.builtin.GetTextKeyword.getText(GetTextKeyword.groovy:80)
	at com.kms.katalon.core.mobile.keyword.builtin.GetTextKeyword.execute(GetTextKeyword.groovy:64)
	at com.kms.katalon.core.keyword.internal.KeywordExecutor.executeKeywordForPlatform(KeywordExecutor.groovy:72)
	at com.kms.katalon.core.mobile.keyword.MobileBuiltInKeywords.getText(MobileBuiltInKeywords.groovy:443)
	at com.kms.katalon.core.mobile.keyword.MobileBuiltInKeywords$getText$7.call(Unknown Source)
	at Mob Proxy.run(Mob Proxy:786)
	at com.kms.katalon.core.main.ScriptEngine.run(ScriptEngine.java:194)
	at com.kms.katalon.core.main.ScriptEngine.runScriptAsRawText(ScriptEngine.java:119)
	at com.kms.katalon.core.main.TestCaseExecutor.runScript(TestCaseExecutor.java:337)
	at com.kms.katalon.core.main.TestCaseExecutor.doExecute(TestCaseExecutor.java:328)
	at com.kms.katalon.core.main.TestCaseExecutor.processExecutionPhase(TestCaseExecutor.java:307)
	at com.kms.katalon.core.main.TestCaseExecutor.accessMainPhase(TestCaseExecutor.java:299)
	at com.kms.katalon.core.main.TestCaseExecutor.execute(TestCaseExecutor.java:233)
	at com.kms.katalon.core.main.TestSuiteExecutor.accessTestCaseMainPhase(TestSuiteExecutor.java:169)
	at com.kms.katalon.core.main.TestSuiteExecutor.accessTestSuiteMainPhase(TestSuiteExecutor.java:142)
	at com.kms.katalon.core.main.TestSuiteExecutor.execute(TestSuiteExecutor.java:91)
	at com.kms.katalon.core.main.TestCaseMain.startTestSuite(TestCaseMain.java:157)
	at com.kms.katalon.core.main.TestCaseMain$startTestSuite$0.call(Unknown Source)
	at TempTestSuite1596675565975.run(TempTestSuite1596675565975.groovy:36)]]></system-err>
   </testsuite>
</testsuites>
