<?xml version="1.0" encoding="UTF-8"?>
<testsuites name="UAT Test Suite" time="405.551" tests="1" failures="1" errors="0">
   <testsuite name="UAT Test Suite" tests="1" failures="1" errors="0" time="405.551" timestamp="2020-08-03 14:04:59" hostname="LENOVO - DESKTOP-CP3TV4N" id="Test Suites/Maya UAT/UAT Test Suite">
      <properties>
         <property name="deviceName" value="Xiaomi Redmi Note 7S (Android 9)"/>
         <property name="devicePlatform" value=""/>
         <property name="logFolder" value="C:\\Users\\LENOVO\\Git_new\\Maya\\Reports\\20200803_140457\\Maya UAT\\UAT Test Suite\\20200803_140457"/>
         <property name="logFiles" value="C:\\Users\\LENOVO\\Git_new\\Maya\\Reports\\20200803_140457\\Maya UAT\\UAT Test Suite\\20200803_140457\\appium.log, C:\\Users\\LENOVO\\Git_new\\Maya\\Reports\\20200803_140457\\Maya UAT\\UAT Test Suite\\20200803_140457\\execution0.log"/>
         <property name="attachments" value="C:\\Users\\LENOVO\\Screenshot\\KLIATicket\\Ticket1.png, C:\\Users\\LENOVO\\Screenshot\\KLIATicket\\Ticket2.png, C:\\Users\\LENOVO\\Screenshot\\KLIATicket\\Ticket3.png, C:\\Users\\LENOVO\\Screenshot\\KLIATicket\\Ticket4.png, C:\\Users\\LENOVO\\Screenshot\\KLIATicket\\Ticket5.png, C:\\Users\\LENOVO\\Screenshot\\KLIATicket\\Ticket6.png, C:\\Users\\LENOVO\\Screenshot\\KLIATicket\\Ticket7.png, C:\\Users\\LENOVO\\Screenshot\\KLIATicket\\Ticket8.png, C:\\Users\\LENOVO\\Git_new\\Maya\\Reports\\20200803_140457\\Maya UAT\\UAT Test Suite\\20200803_140457\\1596434912508.png, C:\\Users\\LENOVO\\Screenshot\\KLIATicket\\Ticket10.png, C:\\Users\\LENOVO\\Screenshot\\KLIATicket\\Ticket11.png, C:\\Users\\LENOVO\\Screenshot\\KLIATicket\\Ticket13.png, C:\\Users\\LENOVO\\Screenshot\\KLIATicket\\Ticket53.png, C:\\Users\\LENOVO\\Screenshot\\KLIATicket\\Ticket9.png, C:\\Users\\LENOVO\\Screenshot\\KLIATicket\\Ticket14.png, C:\\Users\\LENOVO\\Screenshot\\KLIATicket\\Ticket15.png, C:\\Users\\LENOVO\\Screenshot\\KLIATicket\\Ticket16.png, C:\\Users\\LENOVO\\Git_new\\Maya\\Reports\\20200803_140457\\Maya UAT\\UAT Test Suite\\20200803_140457\\1596435066654.png, C:\\Users\\LENOVO\\Git_new\\Maya\\Reports\\20200803_140457\\Maya UAT\\UAT Test Suite\\20200803_140457\\1596435078438.png, C:\\Users\\LENOVO\\Git_new\\Maya\\Reports\\20200803_140457\\Maya UAT\\UAT Test Suite\\20200803_140457\\1596435090278.png, C:\\Users\\LENOVO\\Git_new\\Maya\\Reports\\20200803_140457\\Maya UAT\\UAT Test Suite\\20200803_140457\\1596435101558.png"/>
         <property name="hostName" value="LENOVO - DESKTOP-CP3TV4N"/>
         <property name="os" value="Windows 10 64bit"/>
         <property name="appiumServerStatus" value="{\&quot;value\&quot;:{\&quot;build\&quot;:{\&quot;version\&quot;:\&quot;1.15.1\&quot;}},\&quot;sessionId\&quot;:null,\&quot;status\&quot;:0}"/>
         <property name="katalonVersion" value="7.2.7.1"/>
         <property name="deviceOS" value="Android"/>
         <property name="appiumVersion" value="1.15.1"/>
         <property name="deviceModel" value="Redmi Note 7S"/>
         <property name="hostAddress" value="192.168.43.112"/>
         <property name="deviceManufacturer" value="Xiaomi"/>
         <property name="deviceId" value="11cb9864"/>
         <property name="deviceName" value="Xiaomi Redmi Note 7S (Android 9)"/>
         <property name="deviceOSVersion" value="9"/>
      </properties>
      <testcase name="Test Cases/JINU/KLIA Express/KLIA" time="404.304" classname="Test Cases/JINU/KLIA Express/KLIA" status="FAILED">
         <failure type="FAILED" message="Test Cases/JINU/KLIA Express/KLIA FAILED.
Reason:
com.kms.katalon.core.exception.StepFailedException: Element 'Object Repository/Maya/KLIA/android.widget.TextView0 - Approve' not found
	at com.kms.katalon.core.keyword.internal.KeywordMain.stepFailed(KeywordMain.groovy:39)
	at com.kms.katalon.core.mobile.keyword.internal.MobileKeywordMain.stepFailed(MobileKeywordMain.groovy:40)
	at com.kms.katalon.core.mobile.keyword.builtin.VerifyElementExistKeyword$_verifyElementExist_closure1.doCall(VerifyElementExistKeyword.groovy:77)
	at com.kms.katalon.core.mobile.keyword.builtin.VerifyElementExistKeyword$_verifyElementExist_closure1.call(VerifyElementExistKeyword.groovy)
	at com.kms.katalon.core.mobile.keyword.internal.MobileKeywordMain.runKeyword(MobileKeywordMain.groovy:21)
	at com.kms.katalon.core.mobile.keyword.builtin.VerifyElementExistKeyword.verifyElementExist(VerifyElementExistKeyword.groovy:80)
	at com.kms.katalon.core.mobile.keyword.builtin.VerifyElementExistKeyword.execute(VerifyElementExistKeyword.groovy:64)
	at com.kms.katalon.core.keyword.internal.KeywordExecutor.executeKeywordForPlatform(KeywordExecutor.groovy:72)
	at com.kms.katalon.core.mobile.keyword.MobileBuiltInKeywords.verifyElementExist(MobileBuiltInKeywords.groovy:809)
	at com.kms.katalon.core.mobile.keyword.MobileBuiltInKeywords$verifyElementExist$3.call(Unknown Source)
	at KLIA.run(KLIA:290)
	at com.kms.katalon.core.main.ScriptEngine.run(ScriptEngine.java:194)
	at com.kms.katalon.core.main.ScriptEngine.runScriptAsRawText(ScriptEngine.java:119)
	at com.kms.katalon.core.main.TestCaseExecutor.runScript(TestCaseExecutor.java:337)
	at com.kms.katalon.core.main.TestCaseExecutor.doExecute(TestCaseExecutor.java:328)
	at com.kms.katalon.core.main.TestCaseExecutor.processExecutionPhase(TestCaseExecutor.java:307)
	at com.kms.katalon.core.main.TestCaseExecutor.accessMainPhase(TestCaseExecutor.java:299)
	at com.kms.katalon.core.main.TestCaseExecutor.execute(TestCaseExecutor.java:233)
	at com.kms.katalon.core.main.TestSuiteExecutor.accessTestCaseMainPhase(TestSuiteExecutor.java:169)
	at com.kms.katalon.core.main.TestSuiteExecutor.accessTestSuiteMainPhase(TestSuiteExecutor.java:142)
	at com.kms.katalon.core.main.TestSuiteExecutor.execute(TestSuiteExecutor.java:91)
	at com.kms.katalon.core.main.TestCaseMain.startTestSuite(TestCaseMain.java:157)
	at com.kms.katalon.core.main.TestCaseMain$startTestSuite$0.call(Unknown Source)
	at TempTestSuite1596434697252.run(TempTestSuite1596434697252.groovy:36)
"/>
         <system-out><![CDATA[2020-08-03 14:05:00 - [TEST_CASE][FAILED] - Test Cases/JINU/KLIA Express/KLIA: Test Cases/JINU/KLIA Express/KLIA FAILED.
Reason:
com.kms.katalon.core.exception.StepFailedException: Element 'Object Repository/Maya/KLIA/android.widget.TextView0 - Approve' not found
	at com.kms.katalon.core.keyword.internal.KeywordMain.stepFailed(KeywordMain.groovy:39)
	at com.kms.katalon.core.mobile.keyword.internal.MobileKeywordMain.stepFailed(MobileKeywordMain.groovy:40)
	at com.kms.katalon.core.mobile.keyword.builtin.VerifyElementExistKeyword$_verifyElementExist_closure1.doCall(VerifyElementExistKeyword.groovy:77)
	at com.kms.katalon.core.mobile.keyword.builtin.VerifyElementExistKeyword$_verifyElementExist_closure1.call(VerifyElementExistKeyword.groovy)
	at com.kms.katalon.core.mobile.keyword.internal.MobileKeywordMain.runKeyword(MobileKeywordMain.groovy:21)
	at com.kms.katalon.core.mobile.keyword.builtin.VerifyElementExistKeyword.verifyElementExist(VerifyElementExistKeyword.groovy:80)
	at com.kms.katalon.core.mobile.keyword.builtin.VerifyElementExistKeyword.execute(VerifyElementExistKeyword.groovy:64)
	at com.kms.katalon.core.keyword.internal.KeywordExecutor.executeKeywordForPlatform(KeywordExecutor.groovy:72)
	at com.kms.katalon.core.mobile.keyword.MobileBuiltInKeywords.verifyElementExist(MobileBuiltInKeywords.groovy:809)
	at com.kms.katalon.core.mobile.keyword.MobileBuiltInKeywords$verifyElementExist$3.call(Unknown Source)
	at KLIA.run(KLIA:290)
	at com.kms.katalon.core.main.ScriptEngine.run(ScriptEngine.java:194)
	at com.kms.katalon.core.main.ScriptEngine.runScriptAsRawText(ScriptEngine.java:119)
	at com.kms.katalon.core.main.TestCaseExecutor.runScript(TestCaseExecutor.java:337)
	at com.kms.katalon.core.main.TestCaseExecutor.doExecute(TestCaseExecutor.java:328)
	at com.kms.katalon.core.main.TestCaseExecutor.processExecutionPhase(TestCaseExecutor.java:307)
	at com.kms.katalon.core.main.TestCaseExecutor.accessMainPhase(TestCaseExecutor.java:299)
	at com.kms.katalon.core.main.TestCaseExecutor.execute(TestCaseExecutor.java:233)
	at com.kms.katalon.core.main.TestSuiteExecutor.accessTestCaseMainPhase(TestSuiteExecutor.java:169)
	at com.kms.katalon.core.main.TestSuiteExecutor.accessTestSuiteMainPhase(TestSuiteExecutor.java:142)
	at com.kms.katalon.core.main.TestSuiteExecutor.execute(TestSuiteExecutor.java:91)
	at com.kms.katalon.core.main.TestCaseMain.startTestSuite(TestCaseMain.java:157)
	at com.kms.katalon.core.main.TestCaseMain$startTestSuite$0.call(Unknown Source)
	at TempTestSuite1596434697252.run(TempTestSuite1596434697252.groovy:36)


2020-08-03 14:05:01 - [TEST_STEP][PASSED] - startApplication("C:\Users\LENOVO\Katalon Studio\app-uat-universal-release.apk", false): Started app at: 'C:\Users\LENOVO\Katalon Studio\app-uat-universal-release.apk'

2020-08-03 14:05:01 - [MESSAGE][INFO] - User set preference: ['appWaitActivity', '*']

2020-08-03 14:05:01 - [MESSAGE][INFO] - User set preference: ['appWaitPackage', 'com.maybank2u.life.uat']

2020-08-03 14:05:01 - [MESSAGE][INFO] - User set preference: ['appWaitDuration', '50,000']

2020-08-03 14:05:01 - [MESSAGE][INFO] - User set preference: ['deviceId', '11cb9864']

2020-08-03 14:05:04 - [MESSAGE][INFO] - Appium server started on port 54,116

2020-08-03 14:05:29 - [MESSAGE][PASSED] - Started app at: 'C:\Users\LENOVO\Katalon Studio\app-uat-universal-release.apk'

2020-08-03 14:05:29 - [TEST_STEP][PASSED] - tap(findTestObject("Maya/DuitnowRegT/android.widget.ImageView0"), 0): Tapped on element 'Object Repository/Maya/DuitnowRegT/android.widget.ImageView0'

2020-08-03 14:05:29 - [MESSAGE][WARNING] - Timeout '0' is invalid. Using default page load timeout: '10'

2020-08-03 14:05:37 - [MESSAGE][PASSED] - Tapped on element 'Object Repository/Maya/DuitnowRegT/android.widget.ImageView0'

2020-08-03 14:05:37 - [TEST_STEP][PASSED] - tap(findTestObject("Maya/DuitnowRegT/android.widget.TextView0 - 2"), 0): Tapped on element 'Object Repository/Maya/DuitnowRegT/android.widget.TextView0 - 2'

2020-08-03 14:05:37 - [MESSAGE][WARNING] - Timeout '0' is invalid. Using default page load timeout: '10'

2020-08-03 14:05:40 - [MESSAGE][PASSED] - Tapped on element 'Object Repository/Maya/DuitnowRegT/android.widget.TextView0 - 2'

2020-08-03 14:05:40 - [TEST_STEP][PASSED] - tap(findTestObject("Maya/DuitnowRegT/android.widget.TextView0 - 3"), 0): Tapped on element 'Object Repository/Maya/DuitnowRegT/android.widget.TextView0 - 3'

2020-08-03 14:05:40 - [MESSAGE][WARNING] - Timeout '0' is invalid. Using default page load timeout: '10'

2020-08-03 14:05:42 - [MESSAGE][PASSED] - Tapped on element 'Object Repository/Maya/DuitnowRegT/android.widget.TextView0 - 3'

2020-08-03 14:05:42 - [TEST_STEP][PASSED] - tap(findTestObject("Maya/DuitnowRegT/android.widget.TextView0 - 0"), 0): Tapped on element 'Object Repository/Maya/DuitnowRegT/android.widget.TextView0 - 0'

2020-08-03 14:05:42 - [MESSAGE][WARNING] - Timeout '0' is invalid. Using default page load timeout: '10'

2020-08-03 14:05:45 - [MESSAGE][PASSED] - Tapped on element 'Object Repository/Maya/DuitnowRegT/android.widget.TextView0 - 0'

2020-08-03 14:05:45 - [TEST_STEP][PASSED] - tap(findTestObject("Maya/DuitnowRegT/android.widget.TextView0 - 9"), 0): Tapped on element 'Object Repository/Maya/DuitnowRegT/android.widget.TextView0 - 9'

2020-08-03 14:05:45 - [MESSAGE][WARNING] - Timeout '0' is invalid. Using default page load timeout: '10'

2020-08-03 14:05:49 - [MESSAGE][PASSED] - Tapped on element 'Object Repository/Maya/DuitnowRegT/android.widget.TextView0 - 9'

2020-08-03 14:05:49 - [TEST_STEP][PASSED] - tap(findTestObject("Maya/DuitnowRegT/android.widget.TextView0 - 8"), 0): Tapped on element 'Object Repository/Maya/DuitnowRegT/android.widget.TextView0 - 8'

2020-08-03 14:05:49 - [MESSAGE][WARNING] - Timeout '0' is invalid. Using default page load timeout: '10'

2020-08-03 14:05:51 - [MESSAGE][PASSED] - Tapped on element 'Object Repository/Maya/DuitnowRegT/android.widget.TextView0 - 8'

2020-08-03 14:05:51 - [TEST_STEP][PASSED] - tap(findTestObject("Maya/DuitnowRegT/android.widget.TextView0 - 3"), 0): Tapped on element 'Object Repository/Maya/DuitnowRegT/android.widget.TextView0 - 3'

2020-08-03 14:05:51 - [MESSAGE][WARNING] - Timeout '0' is invalid. Using default page load timeout: '10'

2020-08-03 14:05:53 - [MESSAGE][PASSED] - Tapped on element 'Object Repository/Maya/DuitnowRegT/android.widget.TextView0 - 3'

2020-08-03 14:05:53 - [TEST_STEP][PASSED] - tap(findTestObject("Maya/DuitnowRegT/android.widget.ImageView0 (1)"), 0): Tapped on element 'Object Repository/Maya/DuitnowRegT/android.widget.ImageView0 (1)'

2020-08-03 14:05:53 - [MESSAGE][WARNING] - Timeout '0' is invalid. Using default page load timeout: '10'

2020-08-03 14:05:56 - [MESSAGE][PASSED] - Tapped on element 'Object Repository/Maya/DuitnowRegT/android.widget.ImageView0 (1)'

2020-08-03 14:05:56 - [TEST_STEP][PASSED] - getText(findTestObject("Maya/drop4 CR/android.widget.TextView0 - RM 1171.85-Current balance"), 0): Text of element 'Object Repository/Maya/drop4 CR/android.widget.TextView0 - RM 1171.85-Current balance' is: 'RM 502.65'

2020-08-03 14:05:56 - [MESSAGE][WARNING] - Timeout '0' is invalid. Using default page load timeout: '10'

2020-08-03 14:05:58 - [MESSAGE][PASSED] - Text of element 'Object Repository/Maya/drop4 CR/android.widget.TextView0 - RM 1171.85-Current balance' is: 'RM 502.65'

2020-08-03 14:05:58 - [TEST_STEP][PASSED] - trx6 = 85-Current balance"), 0).substring(3): Text of element 'Object Repository/Maya/drop4 CR/android.widget.TextView0 - RM 1171.85-Current balance' is: 'RM 502.65'

2020-08-03 14:05:58 - [MESSAGE][WARNING] - Timeout '0' is invalid. Using default page load timeout: '10'

2020-08-03 14:05:58 - [MESSAGE][PASSED] - Text of element 'Object Repository/Maya/drop4 CR/android.widget.TextView0 - RM 1171.85-Current balance' is: 'RM 502.65'

2020-08-03 14:05:58 - [TEST_STEP][PASSED] - trx61 = trx6.replaceAll("[^a-zA-Z0-9]+", ""): null

2020-08-03 14:05:58 - [TEST_STEP][PASSED] - out.println(trx61): null

2020-08-03 14:05:58 - [TEST_STEP][PASSED] - trx611 = trx61: null

2020-08-03 14:05:58 - [TEST_STEP][PASSED] - out.println(trx611): null

2020-08-03 14:05:58 - [TEST_STEP][PASSED] - tap(findTestObject("Maya/KLIA/android.widget.ImageView0 (4)"), 0): Tapped on element 'Object Repository/Maya/KLIA/android.widget.ImageView0 (4)'

2020-08-03 14:05:59 - [MESSAGE][WARNING] - Timeout '0' is invalid. Using default page load timeout: '10'

2020-08-03 14:06:01 - [MESSAGE][PASSED] - Tapped on element 'Object Repository/Maya/KLIA/android.widget.ImageView0 (4)'

2020-08-03 14:06:01 - [TEST_STEP][PASSED] - tap(findTestObject("Maya/KLIA/android.widget.TextView0 - More"), 0): Tapped on element 'Object Repository/Maya/KLIA/android.widget.TextView0 - More'

2020-08-03 14:06:01 - [MESSAGE][WARNING] - Timeout '0' is invalid. Using default page load timeout: '10'

2020-08-03 14:06:14 - [MESSAGE][PASSED] - Tapped on element 'Object Repository/Maya/KLIA/android.widget.TextView0 - More'

2020-08-03 14:06:14 - [TEST_STEP][PASSED] - delay(2, STOP_ON_FAILURE): Delayed 2 second(s)

2020-08-03 14:06:16 - [MESSAGE][PASSED] - Delayed 2 second(s)

2020-08-03 14:06:16 - [TEST_STEP][PASSED] - takeScreenshot("C:\Users\LENOVO\Screenshot\KLIATicket\Ticket1.png", STOP_ON_FAILURE): Screenshot is taken

2020-08-03 14:06:17 - [MESSAGE][PASSED] - Screenshot is taken
[[ATTACHMENT|C:\\Users\\LENOVO\\Screenshot\\KLIATicket\\Ticket1.png]]

2020-08-03 14:06:17 - [TEST_STEP][PASSED] - tap(findTestObject("Maya/KLIA/android.widget.TextView0 - ERL Tickets"), 0): Tapped on element 'Object Repository/Maya/KLIA/android.widget.TextView0 - ERL Tickets'

2020-08-03 14:06:17 - [MESSAGE][WARNING] - Timeout '0' is invalid. Using default page load timeout: '10'

2020-08-03 14:06:19 - [MESSAGE][PASSED] - Tapped on element 'Object Repository/Maya/KLIA/android.widget.TextView0 - ERL Tickets'

2020-08-03 14:06:19 - [TEST_STEP][PASSED] - getText(findTestObject("Maya/KLIA/android.widget.TextView0 - KLIA Ekspres"), 0): Text of element 'Object Repository/Maya/KLIA/android.widget.TextView0 - KLIA Ekspres' is: 'KLIA Ekspres'

2020-08-03 14:06:19 - [MESSAGE][WARNING] - Timeout '0' is invalid. Using default page load timeout: '10'

2020-08-03 14:06:19 - [MESSAGE][PASSED] - Text of element 'Object Repository/Maya/KLIA/android.widget.TextView0 - KLIA Ekspres' is: 'KLIA Ekspres'

2020-08-03 14:06:19 - [TEST_STEP][PASSED] - delay(2, STOP_ON_FAILURE): Delayed 2 second(s)

2020-08-03 14:06:21 - [MESSAGE][PASSED] - Delayed 2 second(s)

2020-08-03 14:06:21 - [TEST_STEP][PASSED] - takeScreenshot("C:\Users\LENOVO\Screenshot\KLIATicket\Ticket2.png", STOP_ON_FAILURE): Screenshot is taken

2020-08-03 14:06:22 - [MESSAGE][PASSED] - Screenshot is taken
[[ATTACHMENT|C:\\Users\\LENOVO\\Screenshot\\KLIATicket\\Ticket2.png]]

2020-08-03 14:06:23 - [TEST_STEP][PASSED] - tap(findTestObject("Maya/KLIA/android.widget.TextView0 - Buy Tickets"), 0): Tapped on element 'Object Repository/Maya/KLIA/android.widget.TextView0 - Buy Tickets'

2020-08-03 14:06:23 - [MESSAGE][WARNING] - Timeout '0' is invalid. Using default page load timeout: '10'

2020-08-03 14:06:24 - [MESSAGE][PASSED] - Tapped on element 'Object Repository/Maya/KLIA/android.widget.TextView0 - Buy Tickets'

2020-08-03 14:06:24 - [TEST_STEP][PASSED] - getText(findTestObject("Maya/KLIA/android.widget.TextView0 - From"), 0): Text of element 'Object Repository/Maya/KLIA/android.widget.TextView0 - From' is: 'From'

2020-08-03 14:06:24 - [MESSAGE][WARNING] - Timeout '0' is invalid. Using default page load timeout: '10'

2020-08-03 14:06:25 - [MESSAGE][PASSED] - Text of element 'Object Repository/Maya/KLIA/android.widget.TextView0 - From' is: 'From'

2020-08-03 14:06:25 - [TEST_STEP][PASSED] - verifyElementExist(findTestObject("Maya/KLIA/android.widget.TextView0 - From"), 0): Element 'Object Repository/Maya/KLIA/android.widget.TextView0 - From' is exist

2020-08-03 14:06:25 - [MESSAGE][WARNING] - Timeout '0' is invalid. Using default page load timeout: '10'

2020-08-03 14:06:25 - [MESSAGE][PASSED] - Element 'Object Repository/Maya/KLIA/android.widget.TextView0 - From' is exist

2020-08-03 14:06:25 - [TEST_STEP][PASSED] - tap(findTestObject("Maya/KLIA/android.widget.ImageView0"), 0): Tapped on element 'Object Repository/Maya/KLIA/android.widget.ImageView0'

2020-08-03 14:06:26 - [MESSAGE][WARNING] - Timeout '0' is invalid. Using default page load timeout: '10'

2020-08-03 14:06:26 - [MESSAGE][PASSED] - Tapped on element 'Object Repository/Maya/KLIA/android.widget.ImageView0'

2020-08-03 14:06:26 - [TEST_STEP][PASSED] - tap(findTestObject("Maya/KLIA/android.widget.TextView0 - Done"), 0): Tapped on element 'Object Repository/Maya/KLIA/android.widget.TextView0 - Done'

2020-08-03 14:06:26 - [MESSAGE][WARNING] - Timeout '0' is invalid. Using default page load timeout: '10'

2020-08-03 14:06:28 - [MESSAGE][PASSED] - Tapped on element 'Object Repository/Maya/KLIA/android.widget.TextView0 - Done'

2020-08-03 14:06:28 - [TEST_STEP][PASSED] - getText(findTestObject("Maya/KLIA/android.widget.TextView0 - To"), 0): Text of element 'Object Repository/Maya/KLIA/android.widget.TextView0 - To' is: 'To'

2020-08-03 14:06:28 - [MESSAGE][WARNING] - Timeout '0' is invalid. Using default page load timeout: '10'

2020-08-03 14:06:29 - [MESSAGE][PASSED] - Text of element 'Object Repository/Maya/KLIA/android.widget.TextView0 - To' is: 'To'

2020-08-03 14:06:29 - [TEST_STEP][PASSED] - verifyElementExist(findTestObject("Maya/KLIA/android.widget.TextView0 - To"), 0): Element 'Object Repository/Maya/KLIA/android.widget.TextView0 - To' is exist

2020-08-03 14:06:29 - [MESSAGE][WARNING] - Timeout '0' is invalid. Using default page load timeout: '10'

2020-08-03 14:06:29 - [MESSAGE][PASSED] - Element 'Object Repository/Maya/KLIA/android.widget.TextView0 - To' is exist

2020-08-03 14:06:29 - [TEST_STEP][PASSED] - tap(findTestObject("Maya/KLIA/android.widget.ImageView0 (1)"), 0): Tapped on element 'Object Repository/Maya/KLIA/android.widget.ImageView0 (1)'

2020-08-03 14:06:29 - [MESSAGE][WARNING] - Timeout '0' is invalid. Using default page load timeout: '10'

2020-08-03 14:06:30 - [MESSAGE][PASSED] - Tapped on element 'Object Repository/Maya/KLIA/android.widget.ImageView0 (1)'

2020-08-03 14:06:30 - [TEST_STEP][PASSED] - delay(2, STOP_ON_FAILURE): Delayed 2 second(s)

2020-08-03 14:06:32 - [MESSAGE][PASSED] - Delayed 2 second(s)

2020-08-03 14:06:32 - [TEST_STEP][PASSED] - takeScreenshot("C:\Users\LENOVO\Screenshot\KLIATicket\Ticket3.png", STOP_ON_FAILURE): Screenshot is taken

2020-08-03 14:06:33 - [MESSAGE][PASSED] - Screenshot is taken
[[ATTACHMENT|C:\\Users\\LENOVO\\Screenshot\\KLIATicket\\Ticket3.png]]

2020-08-03 14:06:33 - [TEST_STEP][PASSED] - tap(findTestObject("Maya/KLIA/android.widget.TextView0 - Done"), 0): Tapped on element 'Object Repository/Maya/KLIA/android.widget.TextView0 - Done'

2020-08-03 14:06:33 - [MESSAGE][WARNING] - Timeout '0' is invalid. Using default page load timeout: '10'

2020-08-03 14:06:34 - [MESSAGE][PASSED] - Tapped on element 'Object Repository/Maya/KLIA/android.widget.TextView0 - Done'

2020-08-03 14:06:34 - [TEST_STEP][PASSED] - tap(findTestObject("Maya/KLIA/android.widget.TextView0 - Continue"), 0): Tapped on element 'Object Repository/Maya/KLIA/android.widget.TextView0 - Continue'

2020-08-03 14:06:34 - [MESSAGE][WARNING] - Timeout '0' is invalid. Using default page load timeout: '10'

2020-08-03 14:06:36 - [MESSAGE][PASSED] - Tapped on element 'Object Repository/Maya/KLIA/android.widget.TextView0 - Continue'

2020-08-03 14:06:36 - [TEST_STEP][PASSED] - getText(findTestObject("Maya/KLIA/android.widget.TextView0 - Select travel date"), 0): Text of element 'Object Repository/Maya/KLIA/android.widget.TextView0 - Select travel date' is: 'Select travel date'

2020-08-03 14:06:36 - [MESSAGE][WARNING] - Timeout '0' is invalid. Using default page load timeout: '10'

2020-08-03 14:06:36 - [MESSAGE][PASSED] - Text of element 'Object Repository/Maya/KLIA/android.widget.TextView0 - Select travel date' is: 'Select travel date'

2020-08-03 14:06:36 - [TEST_STEP][PASSED] - verifyElementExist(findTestObject("Maya/KLIA/android.widget.TextView0 - Select travel date"), 0): Element 'Object Repository/Maya/KLIA/android.widget.TextView0 - Select travel date' is exist

2020-08-03 14:06:36 - [MESSAGE][WARNING] - Timeout '0' is invalid. Using default page load timeout: '10'

2020-08-03 14:06:36 - [MESSAGE][PASSED] - Element 'Object Repository/Maya/KLIA/android.widget.TextView0 - Select travel date' is exist

2020-08-03 14:06:36 - [TEST_STEP][PASSED] - delay(2, STOP_ON_FAILURE): Delayed 2 second(s)

2020-08-03 14:06:38 - [MESSAGE][PASSED] - Delayed 2 second(s)

2020-08-03 14:06:38 - [TEST_STEP][PASSED] - takeScreenshot("C:\Users\LENOVO\Screenshot\KLIATicket\Ticket4.png", STOP_ON_FAILURE): Screenshot is taken

2020-08-03 14:06:39 - [MESSAGE][PASSED] - Screenshot is taken
[[ATTACHMENT|C:\\Users\\LENOVO\\Screenshot\\KLIATicket\\Ticket4.png]]

2020-08-03 14:06:39 - [TEST_STEP][PASSED] - tap(findTestObject("Maya/KLIA/android.widget.ImageView0 (2)"), 0): Tapped on element 'Object Repository/Maya/KLIA/android.widget.ImageView0 (2)'

2020-08-03 14:06:40 - [MESSAGE][WARNING] - Timeout '0' is invalid. Using default page load timeout: '10'

2020-08-03 14:06:40 - [MESSAGE][PASSED] - Tapped on element 'Object Repository/Maya/KLIA/android.widget.ImageView0 (2)'

2020-08-03 14:06:40 - [TEST_STEP][NOT_RUN] - tap(findTestObject("Maya/KLIA/android.view.ViewGroup0"), 0): NOT_RUN: tap(findTestObject("Maya/KLIA/android.view.ViewGroup0"), 0)

2020-08-03 14:06:40 - [MESSAGE][NOT_RUN] - NOT_RUN: tap(findTestObject("Maya/KLIA/android.view.ViewGroup0"), 0)

2020-08-03 14:06:40 - [TEST_STEP][PASSED] - tap(findTestObject("Maya/KLIA/android.widget.EditText0 - Enter date"), 0): Tapped on element 'Object Repository/Maya/KLIA/android.widget.EditText0 - Enter date'

2020-08-03 14:06:40 - [MESSAGE][WARNING] - Timeout '0' is invalid. Using default page load timeout: '10'

2020-08-03 14:06:43 - [MESSAGE][PASSED] - Tapped on element 'Object Repository/Maya/KLIA/android.widget.EditText0 - Enter date'

2020-08-03 14:06:43 - [TEST_STEP][PASSED] - tap(findTestObject("Maya/KLIA/android.widget.ImageView0nEXT mONTH"), 0): Tapped on element 'Object Repository/Maya/KLIA/android.widget.ImageView0nEXT mONTH'

2020-08-03 14:06:43 - [MESSAGE][WARNING] - Timeout '0' is invalid. Using default page load timeout: '10'

2020-08-03 14:06:45 - [MESSAGE][PASSED] - Tapped on element 'Object Repository/Maya/KLIA/android.widget.ImageView0nEXT mONTH'

2020-08-03 14:06:45 - [TEST_STEP][PASSED] - tap(findTestObject("Maya/KLIA/android.widget.TextView0 - 1"), 0): Tapped on element 'Object Repository/Maya/KLIA/android.widget.TextView0 - 1'

2020-08-03 14:06:45 - [MESSAGE][WARNING] - Timeout '0' is invalid. Using default page load timeout: '10'

2020-08-03 14:06:47 - [MESSAGE][PASSED] - Tapped on element 'Object Repository/Maya/KLIA/android.widget.TextView0 - 1'

2020-08-03 14:06:47 - [TEST_STEP][PASSED] - tap(findTestObject("Maya/KLIA/android.widget.TextView0 - Done (1)"), 0): Tapped on element 'Object Repository/Maya/KLIA/android.widget.TextView0 - Done (1)'

2020-08-03 14:06:47 - [MESSAGE][WARNING] - Timeout '0' is invalid. Using default page load timeout: '10'

2020-08-03 14:06:48 - [MESSAGE][PASSED] - Tapped on element 'Object Repository/Maya/KLIA/android.widget.TextView0 - Done (1)'

2020-08-03 14:06:48 - [TEST_STEP][PASSED] - delay(2, STOP_ON_FAILURE): Delayed 2 second(s)

2020-08-03 14:06:50 - [MESSAGE][PASSED] - Delayed 2 second(s)

2020-08-03 14:06:50 - [TEST_STEP][PASSED] - takeScreenshot("C:\Users\LENOVO\Screenshot\KLIATicket\Ticket5.png", STOP_ON_FAILURE): Screenshot is taken

2020-08-03 14:06:51 - [MESSAGE][PASSED] - Screenshot is taken
[[ATTACHMENT|C:\\Users\\LENOVO\\Screenshot\\KLIATicket\\Ticket5.png]]

2020-08-03 14:06:51 - [TEST_STEP][PASSED] - delay(5, STOP_ON_FAILURE): Delayed 5 second(s)

2020-08-03 14:06:56 - [MESSAGE][PASSED] - Delayed 5 second(s)

2020-08-03 14:06:56 - [TEST_STEP][PASSED] - swipe(823, 971, 802, 200): Swiped from 823,971 to 802,200

2020-08-03 14:06:58 - [MESSAGE][PASSED] - Swiped from 823,971 to 802,200

2020-08-03 14:06:58 - [TEST_STEP][PASSED] - tap(findTestObject("Maya/KLIA/android.widget.TextView0 - Single Trip"), 0): Tapped on element 'Object Repository/Maya/KLIA/android.widget.TextView0 - Single Trip'

2020-08-03 14:06:58 - [MESSAGE][WARNING] - Timeout '0' is invalid. Using default page load timeout: '10'

2020-08-03 14:06:59 - [MESSAGE][PASSED] - Tapped on element 'Object Repository/Maya/KLIA/android.widget.TextView0 - Single Trip'

2020-08-03 14:06:59 - [TEST_STEP][NOT_RUN] - tap(findTestObject("Maya/KLIA/android.widget.ImageView0 (2)"), 0): NOT_RUN: tap(findTestObject("Maya/KLIA/android.widget.ImageView0 (2)"), 0)

2020-08-03 14:06:59 - [MESSAGE][NOT_RUN] - NOT_RUN: tap(findTestObject("Maya/KLIA/android.widget.ImageView0 (2)"), 0)

2020-08-03 14:06:59 - [TEST_STEP][PASSED] - tap(findTestObject("Maya/KLIA/android.widget.TextView0 - Continue (1)"), 0): Tapped on element 'Object Repository/Maya/KLIA/android.widget.TextView0 - Continue (1)'

2020-08-03 14:06:59 - [MESSAGE][WARNING] - Timeout '0' is invalid. Using default page load timeout: '10'

2020-08-03 14:07:01 - [MESSAGE][PASSED] - Tapped on element 'Object Repository/Maya/KLIA/android.widget.TextView0 - Continue (1)'

2020-08-03 14:07:01 - [TEST_STEP][PASSED] - getText(findTestObject("Maya/KLIA/android.widget.TextView0 - Summary"), 0): Text of element 'Object Repository/Maya/KLIA/android.widget.TextView0 - Summary' is: 'Summary'

2020-08-03 14:07:01 - [MESSAGE][WARNING] - Timeout '0' is invalid. Using default page load timeout: '10'

2020-08-03 14:07:01 - [MESSAGE][PASSED] - Text of element 'Object Repository/Maya/KLIA/android.widget.TextView0 - Summary' is: 'Summary'

2020-08-03 14:07:01 - [TEST_STEP][PASSED] - verifyElementExist(findTestObject("Maya/KLIA/android.widget.TextView0 - Summary"), 0): Element 'Object Repository/Maya/KLIA/android.widget.TextView0 - Summary' is exist

2020-08-03 14:07:01 - [MESSAGE][WARNING] - Timeout '0' is invalid. Using default page load timeout: '10'

2020-08-03 14:07:01 - [MESSAGE][PASSED] - Element 'Object Repository/Maya/KLIA/android.widget.TextView0 - Summary' is exist

2020-08-03 14:07:01 - [TEST_STEP][PASSED] - getText(findTestObject("Maya/KLIA/android.widget.TextView0 - From (1)"), 0): Text of element 'Object Repository/Maya/KLIA/android.widget.TextView0 - From (1)' is: 'From'

2020-08-03 14:07:01 - [MESSAGE][WARNING] - Timeout '0' is invalid. Using default page load timeout: '10'

2020-08-03 14:07:02 - [MESSAGE][PASSED] - Text of element 'Object Repository/Maya/KLIA/android.widget.TextView0 - From (1)' is: 'From'

2020-08-03 14:07:02 - [TEST_STEP][PASSED] - verifyElementExist(findTestObject("Maya/KLIA/android.widget.TextView0 - From (1)"), 0): Element 'Object Repository/Maya/KLIA/android.widget.TextView0 - From (1)' is exist

2020-08-03 14:07:02 - [MESSAGE][WARNING] - Timeout '0' is invalid. Using default page load timeout: '10'

2020-08-03 14:07:02 - [MESSAGE][PASSED] - Element 'Object Repository/Maya/KLIA/android.widget.TextView0 - From (1)' is exist

2020-08-03 14:07:02 - [TEST_STEP][PASSED] - getText(findTestObject("Maya/KLIA/android.widget.TextView0 - To (1)"), 0): Text of element 'Object Repository/Maya/KLIA/android.widget.TextView0 - To (1)' is: 'To'

2020-08-03 14:07:02 - [MESSAGE][WARNING] - Timeout '0' is invalid. Using default page load timeout: '10'

2020-08-03 14:07:02 - [MESSAGE][PASSED] - Text of element 'Object Repository/Maya/KLIA/android.widget.TextView0 - To (1)' is: 'To'

2020-08-03 14:07:02 - [TEST_STEP][PASSED] - verifyElementExist(findTestObject("Maya/KLIA/android.widget.TextView0 - To (1)"), 0): Element 'Object Repository/Maya/KLIA/android.widget.TextView0 - To (1)' is exist

2020-08-03 14:07:02 - [MESSAGE][WARNING] - Timeout '0' is invalid. Using default page load timeout: '10'

2020-08-03 14:07:02 - [MESSAGE][PASSED] - Element 'Object Repository/Maya/KLIA/android.widget.TextView0 - To (1)' is exist

2020-08-03 14:07:02 - [TEST_STEP][PASSED] - getText(findTestObject("Maya/KLIA/android.widget.TextView0 - Date"), 0): Text of element 'Object Repository/Maya/KLIA/android.widget.TextView0 - Date' is: 'Date'

2020-08-03 14:07:02 - [MESSAGE][WARNING] - Timeout '0' is invalid. Using default page load timeout: '10'

2020-08-03 14:07:03 - [MESSAGE][PASSED] - Text of element 'Object Repository/Maya/KLIA/android.widget.TextView0 - Date' is: 'Date'

2020-08-03 14:07:03 - [TEST_STEP][PASSED] - verifyElementExist(findTestObject("Maya/KLIA/android.widget.TextView0 - Date"), 0): Element 'Object Repository/Maya/KLIA/android.widget.TextView0 - Date' is exist

2020-08-03 14:07:03 - [MESSAGE][WARNING] - Timeout '0' is invalid. Using default page load timeout: '10'

2020-08-03 14:07:03 - [MESSAGE][PASSED] - Element 'Object Repository/Maya/KLIA/android.widget.TextView0 - Date' is exist

2020-08-03 14:07:03 - [TEST_STEP][PASSED] - getText(findTestObject("Maya/KLIA/android.widget.TextView0 - TICKETS"), 0): Text of element 'Object Repository/Maya/KLIA/android.widget.TextView0 - TICKETS' is: 'TICKETS'

2020-08-03 14:07:03 - [MESSAGE][WARNING] - Timeout '0' is invalid. Using default page load timeout: '10'

2020-08-03 14:07:03 - [MESSAGE][PASSED] - Text of element 'Object Repository/Maya/KLIA/android.widget.TextView0 - TICKETS' is: 'TICKETS'

2020-08-03 14:07:03 - [TEST_STEP][PASSED] - verifyElementExist(findTestObject("Maya/KLIA/android.widget.TextView0 - TICKETS"), 0): Element 'Object Repository/Maya/KLIA/android.widget.TextView0 - TICKETS' is exist

2020-08-03 14:07:03 - [MESSAGE][WARNING] - Timeout '0' is invalid. Using default page load timeout: '10'

2020-08-03 14:07:03 - [MESSAGE][PASSED] - Element 'Object Repository/Maya/KLIA/android.widget.TextView0 - TICKETS' is exist

2020-08-03 14:07:03 - [TEST_STEP][PASSED] - getText(findTestObject("Maya/KLIA/android.widget.TextView0 - Trip"), 0): Text of element 'Object Repository/Maya/KLIA/android.widget.TextView0 - Trip' is: 'Trip'

2020-08-03 14:07:04 - [MESSAGE][WARNING] - Timeout '0' is invalid. Using default page load timeout: '10'

2020-08-03 14:07:04 - [MESSAGE][PASSED] - Text of element 'Object Repository/Maya/KLIA/android.widget.TextView0 - Trip' is: 'Trip'

2020-08-03 14:07:04 - [TEST_STEP][PASSED] - verifyElementExist(findTestObject("Maya/KLIA/android.widget.TextView0 - Trip"), 0): Element 'Object Repository/Maya/KLIA/android.widget.TextView0 - Trip' is exist

2020-08-03 14:07:04 - [MESSAGE][WARNING] - Timeout '0' is invalid. Using default page load timeout: '10'

2020-08-03 14:07:04 - [MESSAGE][PASSED] - Element 'Object Repository/Maya/KLIA/android.widget.TextView0 - Trip' is exist

2020-08-03 14:07:04 - [TEST_STEP][PASSED] - getText(findTestObject("Maya/KLIA/android.widget.TextView0 - Total amount"), 0): Text of element 'Object Repository/Maya/KLIA/android.widget.TextView0 - Total amount' is: 'Total amount'

2020-08-03 14:07:04 - [MESSAGE][WARNING] - Timeout '0' is invalid. Using default page load timeout: '10'

2020-08-03 14:07:04 - [MESSAGE][PASSED] - Text of element 'Object Repository/Maya/KLIA/android.widget.TextView0 - Total amount' is: 'Total amount'

2020-08-03 14:07:04 - [TEST_STEP][PASSED] - verifyElementExist(findTestObject("Maya/KLIA/android.widget.TextView0 - Total amount"), 0): Element 'Object Repository/Maya/KLIA/android.widget.TextView0 - Total amount' is exist

2020-08-03 14:07:04 - [MESSAGE][WARNING] - Timeout '0' is invalid. Using default page load timeout: '10'

2020-08-03 14:07:05 - [MESSAGE][PASSED] - Element 'Object Repository/Maya/KLIA/android.widget.TextView0 - Total amount' is exist

2020-08-03 14:07:05 - [TEST_STEP][PASSED] - delay(2, STOP_ON_FAILURE): Delayed 2 second(s)

2020-08-03 14:07:07 - [MESSAGE][PASSED] - Delayed 2 second(s)

2020-08-03 14:07:07 - [TEST_STEP][PASSED] - takeScreenshot("C:\Users\LENOVO\Screenshot\KLIATicket\Ticket6.png", STOP_ON_FAILURE): Screenshot is taken

2020-08-03 14:07:08 - [MESSAGE][PASSED] - Screenshot is taken
[[ATTACHMENT|C:\\Users\\LENOVO\\Screenshot\\KLIATicket\\Ticket6.png]]

2020-08-03 14:07:08 - [TEST_STEP][PASSED] - tap(findTestObject("Maya/KLIA/android.widget.TextView0 - Continue (2)"), 0): Tapped on element 'Object Repository/Maya/KLIA/android.widget.TextView0 - Continue (2)'

2020-08-03 14:07:08 - [MESSAGE][WARNING] - Timeout '0' is invalid. Using default page load timeout: '10'

2020-08-03 14:07:09 - [MESSAGE][PASSED] - Tapped on element 'Object Repository/Maya/KLIA/android.widget.TextView0 - Continue (2)'

2020-08-03 14:07:09 - [TEST_STEP][PASSED] - setText(findTestObject("Maya/Bus Ticket/android.widget.EditText0 (10)"), "pass1234", 0): Text 'pass1234' has been set to element 'Object Repository/Maya/Bus Ticket/android.widget.EditText0 (10)'

2020-08-03 14:07:09 - [MESSAGE][WARNING] - Timeout '0' is invalid. Using default page load timeout: '10'

2020-08-03 14:07:13 - [MESSAGE][PASSED] - Text 'pass1234' has been set to element 'Object Repository/Maya/Bus Ticket/android.widget.EditText0 (10)'

2020-08-03 14:07:13 - [TEST_STEP][PASSED] - delay(2, STOP_ON_FAILURE): Delayed 2 second(s)

2020-08-03 14:07:15 - [MESSAGE][PASSED] - Delayed 2 second(s)

2020-08-03 14:07:15 - [TEST_STEP][PASSED] - takeScreenshot("C:\Users\LENOVO\Screenshot\KLIATicket\Ticket7.png", STOP_ON_FAILURE): Screenshot is taken

2020-08-03 14:07:16 - [MESSAGE][PASSED] - Screenshot is taken
[[ATTACHMENT|C:\\Users\\LENOVO\\Screenshot\\KLIATicket\\Ticket7.png]]

2020-08-03 14:07:16 - [TEST_STEP][PASSED] - driver = getDriver(): null

2020-08-03 14:07:16 - [TEST_STEP][PASSED] - driver.pressKeyCode(ENTER): null

2020-08-03 14:07:16 - [TEST_STEP][PASSED] - getText(findTestObject("Maya/KLIA/android.widget.TextView0 - RM 60.75"), 0): Text of element 'Object Repository/Maya/KLIA/android.widget.TextView0 - RM 60.75' is: 'RM 121.50'

2020-08-03 14:07:16 - [MESSAGE][WARNING] - Timeout '0' is invalid. Using default page load timeout: '10'

2020-08-03 14:07:21 - [MESSAGE][PASSED] - Text of element 'Object Repository/Maya/KLIA/android.widget.TextView0 - RM 60.75' is: 'RM 121.50'

2020-08-03 14:07:21 - [TEST_STEP][PASSED] - trx5 = 75"), 0).substring(3): Text of element 'Object Repository/Maya/KLIA/android.widget.TextView0 - RM 60.75' is: 'RM 121.50'

2020-08-03 14:07:21 - [MESSAGE][WARNING] - Timeout '0' is invalid. Using default page load timeout: '10'

2020-08-03 14:07:23 - [MESSAGE][PASSED] - Text of element 'Object Repository/Maya/KLIA/android.widget.TextView0 - RM 60.75' is: 'RM 121.50'

2020-08-03 14:07:23 - [TEST_STEP][PASSED] - trx51 = trx5.replaceAll("[^a-zA-Z0-9]+", ""): null

2020-08-03 14:07:23 - [TEST_STEP][PASSED] - out.println(trx51): null

2020-08-03 14:07:23 - [TEST_STEP][PASSED] - trx511 = trx51: null

2020-08-03 14:07:23 - [TEST_STEP][PASSED] - out.println(trx511): null

2020-08-03 14:07:23 - [TEST_STEP][NOT_RUN] - getText(findTestObject("Maya/KLIA/android.widget.TextView0 - Summary"), 0): NOT_RUN: getText(findTestObject("Maya/KLIA/android.widget.TextView0 - Summary"), 0)

2020-08-03 14:07:23 - [MESSAGE][NOT_RUN] - NOT_RUN: getText(findTestObject("Maya/KLIA/android.widget.TextView0 - Summary"), 0)

2020-08-03 14:07:23 - [TEST_STEP][PASSED] - getText(findTestObject("Maya/KLIA/android.widget.TextView0 - Confirmation"), 0): Text of element 'Object Repository/Maya/KLIA/android.widget.TextView0 - Confirmation' is: 'Confirmation'

2020-08-03 14:07:23 - [MESSAGE][WARNING] - Timeout '0' is invalid. Using default page load timeout: '10'

2020-08-03 14:07:23 - [MESSAGE][PASSED] - Text of element 'Object Repository/Maya/KLIA/android.widget.TextView0 - Confirmation' is: 'Confirmation'

2020-08-03 14:07:23 - [TEST_STEP][PASSED] - verifyElementVisible(findTestObject("Maya/KLIA/android.widget.TextView0 - Confirmation"), 0): Element 'Object Repository/Maya/KLIA/android.widget.TextView0 - Confirmation' is visible

2020-08-03 14:07:23 - [MESSAGE][WARNING] - Timeout '0' is invalid. Using default page load timeout: '10'

2020-08-03 14:07:23 - [MESSAGE][PASSED] - Element 'Object Repository/Maya/KLIA/android.widget.TextView0 - Confirmation' is visible

2020-08-03 14:07:23 - [TEST_STEP][PASSED] - getText(findTestObject("Maya/KLIA/android.widget.TextView0 - KLIA Ekspres (1)"), 0): Text of element 'Object Repository/Maya/KLIA/android.widget.TextView0 - KLIA Ekspres (1)' is: 'KLIA Ekspres'

2020-08-03 14:07:23 - [MESSAGE][WARNING] - Timeout '0' is invalid. Using default page load timeout: '10'

2020-08-03 14:07:24 - [MESSAGE][PASSED] - Text of element 'Object Repository/Maya/KLIA/android.widget.TextView0 - KLIA Ekspres (1)' is: 'KLIA Ekspres'

2020-08-03 14:07:24 - [TEST_STEP][PASSED] - verifyElementVisible(findTestObject("Maya/KLIA/android.widget.TextView0 - KLIA Ekspres (1)"), 0): Element 'Object Repository/Maya/KLIA/android.widget.TextView0 - KLIA Ekspres (1)' is visible

2020-08-03 14:07:24 - [MESSAGE][WARNING] - Timeout '0' is invalid. Using default page load timeout: '10'

2020-08-03 14:07:25 - [MESSAGE][PASSED] - Element 'Object Repository/Maya/KLIA/android.widget.TextView0 - KLIA Ekspres (1)' is visible

2020-08-03 14:07:25 - [TEST_STEP][PASSED] - getText(findTestObject("Maya/KLIA/android.widget.TextView0 - 20 Jul 2020"), 0): Text of element 'Object Repository/Maya/KLIA/android.widget.TextView0 - 20 Jul 2020' is: '01 Sep 2020'

2020-08-03 14:07:25 - [MESSAGE][WARNING] - Timeout '0' is invalid. Using default page load timeout: '10'

2020-08-03 14:07:26 - [MESSAGE][PASSED] - Text of element 'Object Repository/Maya/KLIA/android.widget.TextView0 - 20 Jul 2020' is: '01 Sep 2020'

2020-08-03 14:07:26 - [TEST_STEP][PASSED] - verifyElementExist(findTestObject("Maya/KLIA/android.widget.TextView0 - 20 Jul 2020"), 0): Element 'Object Repository/Maya/KLIA/android.widget.TextView0 - 20 Jul 2020' is exist

2020-08-03 14:07:26 - [MESSAGE][WARNING] - Timeout '0' is invalid. Using default page load timeout: '10'

2020-08-03 14:07:27 - [MESSAGE][PASSED] - Element 'Object Repository/Maya/KLIA/android.widget.TextView0 - 20 Jul 2020' is exist

2020-08-03 14:07:27 - [TEST_STEP][PASSED] - getText(findTestObject("Maya/KLIA/android.widget.TextView0 - Pay from"), 0): Text of element 'Object Repository/Maya/KLIA/android.widget.TextView0 - Pay from' is: 'Pay from'

2020-08-03 14:07:27 - [MESSAGE][WARNING] - Timeout '0' is invalid. Using default page load timeout: '10'

2020-08-03 14:07:27 - [MESSAGE][PASSED] - Text of element 'Object Repository/Maya/KLIA/android.widget.TextView0 - Pay from' is: 'Pay from'

2020-08-03 14:07:27 - [TEST_STEP][PASSED] - verifyElementVisible(findTestObject("Maya/KLIA/android.widget.TextView0 - Pay from"), 0): Element 'Object Repository/Maya/KLIA/android.widget.TextView0 - Pay from' is visible

2020-08-03 14:07:27 - [MESSAGE][WARNING] - Timeout '0' is invalid. Using default page load timeout: '10'

2020-08-03 14:07:27 - [MESSAGE][PASSED] - Element 'Object Repository/Maya/KLIA/android.widget.TextView0 - Pay from' is visible

2020-08-03 14:07:27 - [TEST_STEP][PASSED] - getText(findTestObject("Maya/KLIA/android.widget.TextView0 - Date (1)"), 0): Text of element 'Object Repository/Maya/KLIA/android.widget.TextView0 - Date (1)' is: 'Date'

2020-08-03 14:07:27 - [MESSAGE][WARNING] - Timeout '0' is invalid. Using default page load timeout: '10'

2020-08-03 14:07:28 - [MESSAGE][PASSED] - Text of element 'Object Repository/Maya/KLIA/android.widget.TextView0 - Date (1)' is: 'Date'

2020-08-03 14:07:28 - [TEST_STEP][PASSED] - verifyElementVisible(findTestObject("Maya/KLIA/android.widget.TextView0 - Date (1)"), 0): Element 'Object Repository/Maya/KLIA/android.widget.TextView0 - Date (1)' is visible

2020-08-03 14:07:28 - [MESSAGE][WARNING] - Timeout '0' is invalid. Using default page load timeout: '10'

2020-08-03 14:07:28 - [MESSAGE][PASSED] - Element 'Object Repository/Maya/KLIA/android.widget.TextView0 - Date (1)' is visible

2020-08-03 14:07:28 - [TEST_STEP][PASSED] - delay(2, STOP_ON_FAILURE): Delayed 2 second(s)

2020-08-03 14:07:30 - [MESSAGE][PASSED] - Delayed 2 second(s)

2020-08-03 14:07:30 - [TEST_STEP][PASSED] - takeScreenshot("C:\Users\LENOVO\Screenshot\KLIATicket\Ticket8.png", STOP_ON_FAILURE): Screenshot is taken

2020-08-03 14:07:31 - [MESSAGE][PASSED] - Screenshot is taken
[[ATTACHMENT|C:\\Users\\LENOVO\\Screenshot\\KLIATicket\\Ticket8.png]]

2020-08-03 14:07:31 - [TEST_STEP][PASSED] - verifyElementExist(findTestObject("Maya/KLIA/android.widget.TextView0 - Date (1)"), 0): Element 'Object Repository/Maya/KLIA/android.widget.TextView0 - Date (1)' is exist

2020-08-03 14:07:31 - [MESSAGE][WARNING] - Timeout '0' is invalid. Using default page load timeout: '10'

2020-08-03 14:07:31 - [MESSAGE][PASSED] - Element 'Object Repository/Maya/KLIA/android.widget.TextView0 - Date (1)' is exist

2020-08-03 14:07:31 - [TEST_STEP][PASSED] - tap(findTestObject("Maya/Movie Ticket/android.widget.TextView0 - Pay Now"), 0): Tapped on element 'Object Repository/Maya/Movie Ticket/android.widget.TextView0 - Pay Now'

2020-08-03 14:07:31 - [MESSAGE][WARNING] - Timeout '0' is invalid. Using default page load timeout: '10'

2020-08-03 14:07:34 - [MESSAGE][PASSED] - Tapped on element 'Object Repository/Maya/Movie Ticket/android.widget.TextView0 - Pay Now'

2020-08-03 14:07:34 - [TEST_STEP][PASSED] - if (verifyElementExist(findTestObject("Maya/spy/android.widget.TextView0 - Your TAC no. is 822872v3"), 3)): null

2020-08-03 14:07:37 - [MESSAGE][PASSED] - Element 'Object Repository/Maya/spy/android.widget.TextView0 - Your TAC no. is 822872v3' is exist

2020-08-03 14:07:37 - [TEST_STEP][PASSED] - otpM = getText(findTestObject("Maya/spy/android.widget.TextView0 - Your TAC no. is 822872v3"), 0): Text of element 'Object Repository/Maya/spy/android.widget.TextView0 - Your TAC no. is 822872v3' is: 'Your TAC no. is 946043'

2020-08-03 14:07:37 - [MESSAGE][WARNING] - Timeout '0' is invalid. Using default page load timeout: '10'

2020-08-03 14:07:38 - [MESSAGE][PASSED] - Text of element 'Object Repository/Maya/spy/android.widget.TextView0 - Your TAC no. is 822872v3' is: 'Your TAC no. is 946043'

2020-08-03 14:07:38 - [TEST_STEP][PASSED] - delay(2): Delayed 2 second(s)

2020-08-03 14:07:40 - [MESSAGE][PASSED] - Delayed 2 second(s)

2020-08-03 14:07:40 - [TEST_STEP][PASSED] - for ([i = 16, i <= 21, (i++)]): null

2020-08-03 14:07:40 - [TEST_STEP][PASSED] - delay(3, STOP_ON_FAILURE): Delayed 3 second(s)

2020-08-03 14:07:43 - [MESSAGE][PASSED] - Delayed 3 second(s)

2020-08-03 14:07:43 - [TEST_STEP][PASSED] - if (otpM[i] == "0"): null

2020-08-03 14:07:43 - [TEST_STEP][PASSED] - if (otpM[i] == "1"): null

2020-08-03 14:07:43 - [TEST_STEP][PASSED] - if (otpM[i] == "2"): null

2020-08-03 14:07:43 - [TEST_STEP][PASSED] - if (otpM[i] == "3"): null

2020-08-03 14:07:43 - [TEST_STEP][PASSED] - if (otpM[i] == "4"): null

2020-08-03 14:07:43 - [TEST_STEP][PASSED] - if (otpM[i] == "5"): null

2020-08-03 14:07:43 - [TEST_STEP][PASSED] - if (otpM[i] == "6"): null

2020-08-03 14:07:43 - [TEST_STEP][PASSED] - if (otpM[i] == "7"): null

2020-08-03 14:07:43 - [TEST_STEP][PASSED] - if (otpM[i] == "8"): null

2020-08-03 14:07:43 - [TEST_STEP][PASSED] - if (otpM[i] == "9"): Tapped on element 'Object Repository/Maya/login again/Spy- 9'

2020-08-03 14:07:43 - [TEST_STEP][PASSED] - delay(1, STOP_ON_FAILURE): Delayed 1 second(s)

2020-08-03 14:07:44 - [MESSAGE][PASSED] - Delayed 1 second(s)

2020-08-03 14:07:44 - [TEST_STEP][PASSED] - tap(findTestObject("Maya/login again/Spy- 9"), 0): Tapped on element 'Object Repository/Maya/login again/Spy- 9'

2020-08-03 14:07:44 - [MESSAGE][WARNING] - Timeout '0' is invalid. Using default page load timeout: '10'

2020-08-03 14:07:45 - [MESSAGE][PASSED] - Tapped on element 'Object Repository/Maya/login again/Spy- 9'

2020-08-03 14:07:45 - [TEST_STEP][PASSED] - delay(3, STOP_ON_FAILURE): Delayed 3 second(s)

2020-08-03 14:07:48 - [MESSAGE][PASSED] - Delayed 3 second(s)

2020-08-03 14:07:48 - [TEST_STEP][PASSED] - if (otpM[i] == "0"): null

2020-08-03 14:07:48 - [TEST_STEP][PASSED] - if (otpM[i] == "1"): null

2020-08-03 14:07:48 - [TEST_STEP][PASSED] - if (otpM[i] == "2"): null

2020-08-03 14:07:48 - [TEST_STEP][PASSED] - if (otpM[i] == "3"): null

2020-08-03 14:07:48 - [TEST_STEP][PASSED] - if (otpM[i] == "4"): Tapped on element 'Object Repository/Maya/login again/Spy - 4'

2020-08-03 14:07:48 - [TEST_STEP][PASSED] - delay(1, STOP_ON_FAILURE): Delayed 1 second(s)

2020-08-03 14:07:49 - [MESSAGE][PASSED] - Delayed 1 second(s)

2020-08-03 14:07:49 - [TEST_STEP][PASSED] - tap(findTestObject("Maya/login again/Spy - 4"), 0): Tapped on element 'Object Repository/Maya/login again/Spy - 4'

2020-08-03 14:07:49 - [MESSAGE][WARNING] - Timeout '0' is invalid. Using default page load timeout: '10'

2020-08-03 14:07:51 - [MESSAGE][PASSED] - Tapped on element 'Object Repository/Maya/login again/Spy - 4'

2020-08-03 14:07:51 - [TEST_STEP][PASSED] - if (otpM[i] == "5"): null

2020-08-03 14:07:51 - [TEST_STEP][PASSED] - if (otpM[i] == "6"): null

2020-08-03 14:07:51 - [TEST_STEP][PASSED] - if (otpM[i] == "7"): null

2020-08-03 14:07:51 - [TEST_STEP][PASSED] - if (otpM[i] == "8"): null

2020-08-03 14:07:51 - [TEST_STEP][PASSED] - if (otpM[i] == "9"): null

2020-08-03 14:07:51 - [TEST_STEP][PASSED] - delay(3, STOP_ON_FAILURE): Delayed 3 second(s)

2020-08-03 14:07:54 - [MESSAGE][PASSED] - Delayed 3 second(s)

2020-08-03 14:07:54 - [TEST_STEP][PASSED] - if (otpM[i] == "0"): null

2020-08-03 14:07:54 - [TEST_STEP][PASSED] - if (otpM[i] == "1"): null

2020-08-03 14:07:54 - [TEST_STEP][PASSED] - if (otpM[i] == "2"): null

2020-08-03 14:07:54 - [TEST_STEP][PASSED] - if (otpM[i] == "3"): null

2020-08-03 14:07:54 - [TEST_STEP][PASSED] - if (otpM[i] == "4"): null

2020-08-03 14:07:54 - [TEST_STEP][PASSED] - if (otpM[i] == "5"): null

2020-08-03 14:07:54 - [TEST_STEP][PASSED] - if (otpM[i] == "6"): Tapped on element 'Object Repository/Maya/login again/Spy- 6'

2020-08-03 14:07:54 - [TEST_STEP][PASSED] - delay(1, STOP_ON_FAILURE): Delayed 1 second(s)

2020-08-03 14:07:55 - [MESSAGE][PASSED] - Delayed 1 second(s)

2020-08-03 14:07:55 - [TEST_STEP][PASSED] - tap(findTestObject("Maya/login again/Spy- 6"), 0): Tapped on element 'Object Repository/Maya/login again/Spy- 6'

2020-08-03 14:07:55 - [MESSAGE][WARNING] - Timeout '0' is invalid. Using default page load timeout: '10'

2020-08-03 14:07:56 - [MESSAGE][PASSED] - Tapped on element 'Object Repository/Maya/login again/Spy- 6'

2020-08-03 14:07:56 - [TEST_STEP][PASSED] - if (otpM[i] == "7"): null

2020-08-03 14:07:56 - [TEST_STEP][PASSED] - if (otpM[i] == "8"): null

2020-08-03 14:07:56 - [TEST_STEP][PASSED] - if (otpM[i] == "9"): null

2020-08-03 14:07:56 - [TEST_STEP][PASSED] - delay(3, STOP_ON_FAILURE): Delayed 3 second(s)

2020-08-03 14:07:59 - [MESSAGE][PASSED] - Delayed 3 second(s)

2020-08-03 14:07:59 - [TEST_STEP][PASSED] - if (otpM[i] == "0"): Tapped on element 'Object Repository/Maya/login again/Spy-0'

2020-08-03 14:07:59 - [TEST_STEP][PASSED] - delay(1, STOP_ON_FAILURE): Delayed 1 second(s)

2020-08-03 14:08:00 - [MESSAGE][PASSED] - Delayed 1 second(s)

2020-08-03 14:08:00 - [TEST_STEP][PASSED] - tap(findTestObject("Maya/login again/Spy-0"), 0): Tapped on element 'Object Repository/Maya/login again/Spy-0'

2020-08-03 14:08:00 - [MESSAGE][WARNING] - Timeout '0' is invalid. Using default page load timeout: '10'

2020-08-03 14:08:01 - [MESSAGE][PASSED] - Tapped on element 'Object Repository/Maya/login again/Spy-0'

2020-08-03 14:08:01 - [TEST_STEP][PASSED] - if (otpM[i] == "1"): null

2020-08-03 14:08:01 - [TEST_STEP][PASSED] - if (otpM[i] == "2"): null

2020-08-03 14:08:01 - [TEST_STEP][PASSED] - if (otpM[i] == "3"): null

2020-08-03 14:08:01 - [TEST_STEP][PASSED] - if (otpM[i] == "4"): null

2020-08-03 14:08:01 - [TEST_STEP][PASSED] - if (otpM[i] == "5"): null

2020-08-03 14:08:01 - [TEST_STEP][PASSED] - if (otpM[i] == "6"): null

2020-08-03 14:08:01 - [TEST_STEP][PASSED] - if (otpM[i] == "7"): null

2020-08-03 14:08:01 - [TEST_STEP][PASSED] - if (otpM[i] == "8"): null

2020-08-03 14:08:01 - [TEST_STEP][PASSED] - if (otpM[i] == "9"): null

2020-08-03 14:08:01 - [TEST_STEP][PASSED] - delay(3, STOP_ON_FAILURE): Delayed 3 second(s)

2020-08-03 14:08:04 - [MESSAGE][PASSED] - Delayed 3 second(s)

2020-08-03 14:08:04 - [TEST_STEP][PASSED] - if (otpM[i] == "0"): null

2020-08-03 14:08:04 - [TEST_STEP][PASSED] - if (otpM[i] == "1"): null

2020-08-03 14:08:04 - [TEST_STEP][PASSED] - if (otpM[i] == "2"): null

2020-08-03 14:08:04 - [TEST_STEP][PASSED] - if (otpM[i] == "3"): null

2020-08-03 14:08:04 - [TEST_STEP][PASSED] - if (otpM[i] == "4"): Tapped on element 'Object Repository/Maya/login again/Spy - 4'

2020-08-03 14:08:04 - [TEST_STEP][PASSED] - delay(1, STOP_ON_FAILURE): Delayed 1 second(s)

2020-08-03 14:08:05 - [MESSAGE][PASSED] - Delayed 1 second(s)

2020-08-03 14:08:05 - [TEST_STEP][PASSED] - tap(findTestObject("Maya/login again/Spy - 4"), 0): Tapped on element 'Object Repository/Maya/login again/Spy - 4'

2020-08-03 14:08:05 - [MESSAGE][WARNING] - Timeout '0' is invalid. Using default page load timeout: '10'

2020-08-03 14:08:06 - [MESSAGE][PASSED] - Tapped on element 'Object Repository/Maya/login again/Spy - 4'

2020-08-03 14:08:06 - [TEST_STEP][PASSED] - if (otpM[i] == "5"): null

2020-08-03 14:08:06 - [TEST_STEP][PASSED] - if (otpM[i] == "6"): null

2020-08-03 14:08:06 - [TEST_STEP][PASSED] - if (otpM[i] == "7"): null

2020-08-03 14:08:06 - [TEST_STEP][PASSED] - if (otpM[i] == "8"): null

2020-08-03 14:08:06 - [TEST_STEP][PASSED] - if (otpM[i] == "9"): null

2020-08-03 14:08:06 - [TEST_STEP][PASSED] - delay(3, STOP_ON_FAILURE): Delayed 3 second(s)

2020-08-03 14:08:09 - [MESSAGE][PASSED] - Delayed 3 second(s)

2020-08-03 14:08:09 - [TEST_STEP][PASSED] - if (otpM[i] == "0"): null

2020-08-03 14:08:09 - [TEST_STEP][PASSED] - if (otpM[i] == "1"): null

2020-08-03 14:08:09 - [TEST_STEP][PASSED] - if (otpM[i] == "2"): null

2020-08-03 14:08:09 - [TEST_STEP][PASSED] - if (otpM[i] == "3"): Tapped on element 'Object Repository/Maya/login again/Spy- 3'

2020-08-03 14:08:09 - [TEST_STEP][PASSED] - delay(1, STOP_ON_FAILURE): Delayed 1 second(s)

2020-08-03 14:08:10 - [MESSAGE][PASSED] - Delayed 1 second(s)

2020-08-03 14:08:10 - [TEST_STEP][NOT_RUN] - tap(findTestObject("MAYA SIT v118/spy/TAC - keypad 3"), 0): NOT_RUN: tap(findTestObject("MAYA SIT v118/spy/TAC - keypad 3"), 0)

2020-08-03 14:08:10 - [MESSAGE][NOT_RUN] - NOT_RUN: tap(findTestObject("MAYA SIT v118/spy/TAC - keypad 3"), 0)

2020-08-03 14:08:10 - [TEST_STEP][PASSED] - tap(findTestObject("Maya/login again/Spy- 3"), 0): Tapped on element 'Object Repository/Maya/login again/Spy- 3'

2020-08-03 14:08:10 - [MESSAGE][WARNING] - Timeout '0' is invalid. Using default page load timeout: '10'

2020-08-03 14:08:13 - [MESSAGE][PASSED] - Tapped on element 'Object Repository/Maya/login again/Spy- 3'

2020-08-03 14:08:13 - [TEST_STEP][PASSED] - if (otpM[i] == "4"): null

2020-08-03 14:08:13 - [TEST_STEP][PASSED] - if (otpM[i] == "5"): null

2020-08-03 14:08:13 - [TEST_STEP][PASSED] - if (otpM[i] == "6"): null

2020-08-03 14:08:13 - [TEST_STEP][PASSED] - if (otpM[i] == "7"): null

2020-08-03 14:08:13 - [TEST_STEP][PASSED] - if (otpM[i] == "8"): null

2020-08-03 14:08:13 - [TEST_STEP][PASSED] - if (otpM[i] == "9"): null

2020-08-03 14:08:13 - [TEST_STEP][PASSED] - delay(8, STOP_ON_FAILURE): Delayed 8 second(s)

2020-08-03 14:08:21 - [MESSAGE][PASSED] - Delayed 8 second(s)

2020-08-03 14:08:21 - [TEST_STEP][PASSED] - tapAtPosition(826, 2048): Tapped at [826, 2,048]

2020-08-03 14:08:22 - [MESSAGE][PASSED] - Tapped at [826, 2,048]

2020-08-03 14:08:22 - [TEST_STEP][FAILED] - if (verifyElementExist(findTestObject("Maya/KLIA/android.widget.TextView0 - Approve"), 0)): Element 'Object Repository/Maya/KLIA/android.widget.TextView0 - Approve' not found

2020-08-03 14:08:22 - [MESSAGE][WARNING] - Timeout '0' is invalid. Using default page load timeout: '10'

2020-08-03 14:08:33 - [MESSAGE][FAILED] - Element 'Object Repository/Maya/KLIA/android.widget.TextView0 - Approve' not found
[[ATTACHMENT|C:\\Users\\LENOVO\\Git_new\\Maya\\Reports\\20200803_140457\\Maya UAT\\UAT Test Suite\\20200803_140457\\1596434912508.png]]

2020-08-03 14:08:33 - [TEST_STEP][PASSED] - delay(3, STOP_ON_FAILURE): Delayed 3 second(s)

2020-08-03 14:08:36 - [MESSAGE][PASSED] - Delayed 3 second(s)

2020-08-03 14:08:36 - [TEST_STEP][PASSED] - getText(findTestObject("Maya/Bus Ticket/android.widget.TextView0 - Payment successful"), 0): Text of element 'Object Repository/Maya/Bus Ticket/android.widget.TextView0 - Payment successful' is: 'Payment successful'

2020-08-03 14:08:36 - [MESSAGE][WARNING] - Timeout '0' is invalid. Using default page load timeout: '10'

2020-08-03 14:08:36 - [MESSAGE][PASSED] - Text of element 'Object Repository/Maya/Bus Ticket/android.widget.TextView0 - Payment successful' is: 'Payment successful'

2020-08-03 14:08:36 - [TEST_STEP][PASSED] - delay(2, STOP_ON_FAILURE): Delayed 2 second(s)

2020-08-03 14:08:38 - [MESSAGE][PASSED] - Delayed 2 second(s)

2020-08-03 14:08:38 - [TEST_STEP][PASSED] - takeScreenshot("C:\Users\LENOVO\Screenshot\KLIATicket\Ticket10.png", STOP_ON_FAILURE): Screenshot is taken

2020-08-03 14:08:39 - [MESSAGE][PASSED] - Screenshot is taken
[[ATTACHMENT|C:\\Users\\LENOVO\\Screenshot\\KLIATicket\\Ticket10.png]]

2020-08-03 14:08:39 - [TEST_STEP][PASSED] - verifyElementExist(findTestObject("Maya/Bus Ticket/android.widget.TextView0 - Payment successful"), 0): Element 'Object Repository/Maya/Bus Ticket/android.widget.TextView0 - Payment successful' is exist

2020-08-03 14:08:39 - [MESSAGE][WARNING] - Timeout '0' is invalid. Using default page load timeout: '10'

2020-08-03 14:08:39 - [MESSAGE][PASSED] - Element 'Object Repository/Maya/Bus Ticket/android.widget.TextView0 - Payment successful' is exist

2020-08-03 14:08:39 - [TEST_STEP][PASSED] - getText(findTestObject("Maya/KLIA/android.widget.TextView0 - Payment successful"), 0): Text of element 'Object Repository/Maya/KLIA/android.widget.TextView0 - Payment successful' is: 'Payment successful'

2020-08-03 14:08:40 - [MESSAGE][WARNING] - Timeout '0' is invalid. Using default page load timeout: '10'

2020-08-03 14:08:40 - [MESSAGE][PASSED] - Text of element 'Object Repository/Maya/KLIA/android.widget.TextView0 - Payment successful' is: 'Payment successful'

2020-08-03 14:08:40 - [TEST_STEP][PASSED] - verifyElementExist(findTestObject("Maya/KLIA/android.widget.TextView0 - Payment successful"), 0): Element 'Object Repository/Maya/KLIA/android.widget.TextView0 - Payment successful' is exist

2020-08-03 14:08:40 - [MESSAGE][WARNING] - Timeout '0' is invalid. Using default page load timeout: '10'

2020-08-03 14:08:40 - [MESSAGE][PASSED] - Element 'Object Repository/Maya/KLIA/android.widget.TextView0 - Payment successful' is exist

2020-08-03 14:08:40 - [TEST_STEP][PASSED] - getText(findTestObject("Maya/KLIA/android.widget.TextView0 - Reference ID"), 0): Text of element 'Object Repository/Maya/KLIA/android.widget.TextView0 - Reference ID' is: 'Reference ID'

2020-08-03 14:08:40 - [MESSAGE][WARNING] - Timeout '0' is invalid. Using default page load timeout: '10'

2020-08-03 14:08:40 - [MESSAGE][PASSED] - Text of element 'Object Repository/Maya/KLIA/android.widget.TextView0 - Reference ID' is: 'Reference ID'

2020-08-03 14:08:40 - [TEST_STEP][PASSED] - verifyElementExist(findTestObject("Maya/KLIA/android.widget.TextView0 - Reference ID"), 0): Element 'Object Repository/Maya/KLIA/android.widget.TextView0 - Reference ID' is exist

2020-08-03 14:08:40 - [MESSAGE][WARNING] - Timeout '0' is invalid. Using default page load timeout: '10'

2020-08-03 14:08:41 - [MESSAGE][PASSED] - Element 'Object Repository/Maya/KLIA/android.widget.TextView0 - Reference ID' is exist

2020-08-03 14:08:41 - [TEST_STEP][PASSED] - getText(findTestObject("Maya/KLIA/android.widget.TextView0 - Date  time"), 0): Text of element 'Object Repository/Maya/KLIA/android.widget.TextView0 - Date  time' is: 'Date & time'

2020-08-03 14:08:41 - [MESSAGE][WARNING] - Timeout '0' is invalid. Using default page load timeout: '10'

2020-08-03 14:08:41 - [MESSAGE][PASSED] - Text of element 'Object Repository/Maya/KLIA/android.widget.TextView0 - Date  time' is: 'Date & time'

2020-08-03 14:08:41 - [TEST_STEP][PASSED] - verifyElementExist(findTestObject("Maya/KLIA/android.widget.TextView0 - Date  time"), 0): Element 'Object Repository/Maya/KLIA/android.widget.TextView0 - Date  time' is exist

2020-08-03 14:08:41 - [MESSAGE][WARNING] - Timeout '0' is invalid. Using default page load timeout: '10'

2020-08-03 14:08:41 - [MESSAGE][PASSED] - Element 'Object Repository/Maya/KLIA/android.widget.TextView0 - Date  time' is exist

2020-08-03 14:08:41 - [TEST_STEP][PASSED] - tap(findTestObject("Maya/KLIA/android.widget.TextView0 - Share Receipt"), 0): Tapped on element 'Object Repository/Maya/KLIA/android.widget.TextView0 - Share Receipt'

2020-08-03 14:08:41 - [MESSAGE][WARNING] - Timeout '0' is invalid. Using default page load timeout: '10'

2020-08-03 14:08:42 - [MESSAGE][PASSED] - Tapped on element 'Object Repository/Maya/KLIA/android.widget.TextView0 - Share Receipt'

2020-08-03 14:08:42 - [TEST_STEP][PASSED] - tap(findTestObject("Maya/KLIA/android.widget.ImageView0 (3)"), 0): Tapped on element 'Object Repository/Maya/KLIA/android.widget.ImageView0 (3)'

2020-08-03 14:08:42 - [MESSAGE][WARNING] - Timeout '0' is invalid. Using default page load timeout: '10'

2020-08-03 14:08:47 - [MESSAGE][PASSED] - Tapped on element 'Object Repository/Maya/KLIA/android.widget.ImageView0 (3)'

2020-08-03 14:08:47 - [TEST_STEP][PASSED] - tap(findTestObject("Maya/KLIA/android.widget.Button0 - Cancel"), 0): Tapped on element 'Object Repository/Maya/KLIA/android.widget.Button0 - Cancel'

2020-08-03 14:08:48 - [MESSAGE][WARNING] - Timeout '0' is invalid. Using default page load timeout: '10'

2020-08-03 14:08:53 - [MESSAGE][PASSED] - Tapped on element 'Object Repository/Maya/KLIA/android.widget.Button0 - Cancel'

2020-08-03 14:08:53 - [TEST_STEP][PASSED] - getText(findTestObject("Maya/KLIA/android.view.View0 - Reference ID"), 0): Text of element 'Object Repository/Maya/KLIA/android.view.View0 - Reference ID' is: 'Reference ID'

2020-08-03 14:08:53 - [MESSAGE][WARNING] - Timeout '0' is invalid. Using default page load timeout: '10'

2020-08-03 14:08:53 - [MESSAGE][PASSED] - Text of element 'Object Repository/Maya/KLIA/android.view.View0 - Reference ID' is: 'Reference ID'

2020-08-03 14:08:53 - [TEST_STEP][PASSED] - verifyElementExist(findTestObject("Maya/KLIA/android.view.View0 - Reference ID"), 0): Element 'Object Repository/Maya/KLIA/android.view.View0 - Reference ID' is exist

2020-08-03 14:08:54 - [MESSAGE][WARNING] - Timeout '0' is invalid. Using default page load timeout: '10'

2020-08-03 14:08:54 - [MESSAGE][PASSED] - Element 'Object Repository/Maya/KLIA/android.view.View0 - Reference ID' is exist

2020-08-03 14:08:54 - [TEST_STEP][PASSED] - delay(2, STOP_ON_FAILURE): Delayed 2 second(s)

2020-08-03 14:08:56 - [MESSAGE][PASSED] - Delayed 2 second(s)

2020-08-03 14:08:56 - [TEST_STEP][PASSED] - takeScreenshot("C:\Users\LENOVO\Screenshot\KLIATicket\Ticket11.png", STOP_ON_FAILURE): Screenshot is taken

2020-08-03 14:08:57 - [MESSAGE][PASSED] - Screenshot is taken
[[ATTACHMENT|C:\\Users\\LENOVO\\Screenshot\\KLIATicket\\Ticket11.png]]

2020-08-03 14:08:57 - [TEST_STEP][PASSED] - getText(findTestObject("Maya/KLIA/android.view.View0 - Corporate Name"), 0): Text of element 'Object Repository/Maya/KLIA/android.view.View0 - Corporate Name' is: 'Corporate Name'

2020-08-03 14:08:57 - [MESSAGE][WARNING] - Timeout '0' is invalid. Using default page load timeout: '10'

2020-08-03 14:08:58 - [MESSAGE][PASSED] - Text of element 'Object Repository/Maya/KLIA/android.view.View0 - Corporate Name' is: 'Corporate Name'

2020-08-03 14:08:58 - [TEST_STEP][PASSED] - verifyElementExist(findTestObject("Maya/KLIA/android.view.View0 - Corporate Name"), 0): Element 'Object Repository/Maya/KLIA/android.view.View0 - Corporate Name' is exist

2020-08-03 14:08:58 - [MESSAGE][WARNING] - Timeout '0' is invalid. Using default page load timeout: '10'

2020-08-03 14:08:58 - [MESSAGE][PASSED] - Element 'Object Repository/Maya/KLIA/android.view.View0 - Corporate Name' is exist

2020-08-03 14:08:58 - [TEST_STEP][PASSED] - getText(findTestObject("Maya/KLIA/android.view.View0 - Booking number"), 0): Text of element 'Object Repository/Maya/KLIA/android.view.View0 - Booking number' is: 'Booking number'

2020-08-03 14:08:58 - [MESSAGE][WARNING] - Timeout '0' is invalid. Using default page load timeout: '10'

2020-08-03 14:08:59 - [MESSAGE][PASSED] - Text of element 'Object Repository/Maya/KLIA/android.view.View0 - Booking number' is: 'Booking number'

2020-08-03 14:08:59 - [TEST_STEP][PASSED] - verifyElementExist(findTestObject("Maya/KLIA/android.view.View0 - Booking number"), 0): Element 'Object Repository/Maya/KLIA/android.view.View0 - Booking number' is exist

2020-08-03 14:08:59 - [MESSAGE][WARNING] - Timeout '0' is invalid. Using default page load timeout: '10'

2020-08-03 14:09:00 - [MESSAGE][PASSED] - Element 'Object Repository/Maya/KLIA/android.view.View0 - Booking number' is exist

2020-08-03 14:09:00 - [TEST_STEP][PASSED] - getText(findTestObject("Maya/KLIA/android.view.View0 - Amount"), 0): Text of element 'Object Repository/Maya/KLIA/android.view.View0 - Amount' is: 'Amount'

2020-08-03 14:09:00 - [MESSAGE][WARNING] - Timeout '0' is invalid. Using default page load timeout: '10'

2020-08-03 14:09:00 - [MESSAGE][PASSED] - Text of element 'Object Repository/Maya/KLIA/android.view.View0 - Amount' is: 'Amount'

2020-08-03 14:09:00 - [TEST_STEP][PASSED] - verifyElementExist(findTestObject("Maya/KLIA/android.view.View0 - Amount"), 0): Element 'Object Repository/Maya/KLIA/android.view.View0 - Amount' is exist

2020-08-03 14:09:00 - [MESSAGE][WARNING] - Timeout '0' is invalid. Using default page load timeout: '10'

2020-08-03 14:09:01 - [MESSAGE][PASSED] - Element 'Object Repository/Maya/KLIA/android.view.View0 - Amount' is exist

2020-08-03 14:09:01 - [TEST_STEP][PASSED] - getText(findTestObject("Maya/KLIA/android.view.View0 - Train Tickets"), 0): Text of element 'Object Repository/Maya/KLIA/android.view.View0 - Train Tickets' is: 'Train Tickets'

2020-08-03 14:09:01 - [MESSAGE][WARNING] - Timeout '0' is invalid. Using default page load timeout: '10'

2020-08-03 14:09:02 - [MESSAGE][PASSED] - Text of element 'Object Repository/Maya/KLIA/android.view.View0 - Train Tickets' is: 'Train Tickets'

2020-08-03 14:09:02 - [TEST_STEP][PASSED] - getText(findTestObject("Maya/KLIA/android.view.View0 - Successful"), 0): Text of element 'Object Repository/Maya/KLIA/android.view.View0 - Successful' is: 'Successful'

2020-08-03 14:09:02 - [MESSAGE][WARNING] - Timeout '0' is invalid. Using default page load timeout: '10'

2020-08-03 14:09:02 - [MESSAGE][PASSED] - Text of element 'Object Repository/Maya/KLIA/android.view.View0 - Successful' is: 'Successful'

2020-08-03 14:09:02 - [TEST_STEP][PASSED] - verifyElementVisible(findTestObject("Maya/KLIA/android.view.View0 - 17180447831M"), 0): Element 'Object Repository/Maya/KLIA/android.view.View0 - 17180447831M' is visible

2020-08-03 14:09:02 - [MESSAGE][WARNING] - Timeout '0' is invalid. Using default page load timeout: '10'

2020-08-03 14:09:03 - [MESSAGE][PASSED] - Element 'Object Repository/Maya/KLIA/android.view.View0 - 17180447831M' is visible

2020-08-03 14:09:03 - [TEST_STEP][PASSED] - getText(findTestObject("Maya/KLIA/android.view.View0 - KLIA Ekspres"), 0): Text of element 'Object Repository/Maya/KLIA/android.view.View0 - KLIA Ekspres' is: 'KLIA Ekspres'

2020-08-03 14:09:03 - [MESSAGE][WARNING] - Timeout '0' is invalid. Using default page load timeout: '10'

2020-08-03 14:09:04 - [MESSAGE][PASSED] - Text of element 'Object Repository/Maya/KLIA/android.view.View0 - KLIA Ekspres' is: 'KLIA Ekspres'

2020-08-03 14:09:04 - [TEST_STEP][NOT_RUN] - verifyElementVisible(findTestObject("Maya/KLIA/android.view.View0 - 17180447831M (1)"), 0): NOT_RUN: verifyElementVisible(findTestObject("Maya/KLIA/android.view.View0 - 17180447831M (1)"), 0)

2020-08-03 14:09:04 - [MESSAGE][NOT_RUN] - NOT_RUN: verifyElementVisible(findTestObject("Maya/KLIA/android.view.View0 - 17180447831M (1)"), 0)

2020-08-03 14:09:04 - [TEST_STEP][PASSED] - verifyElementVisible(findTestObject("Maya/KLIA/android.view.View0 - RM 60.75"), 0): Element 'Object Repository/Maya/KLIA/android.view.View0 - RM 60.75' is visible

2020-08-03 14:09:04 - [MESSAGE][WARNING] - Timeout '0' is invalid. Using default page load timeout: '10'

2020-08-03 14:09:05 - [MESSAGE][PASSED] - Element 'Object Repository/Maya/KLIA/android.view.View0 - RM 60.75' is visible

2020-08-03 14:09:05 - [TEST_STEP][PASSED] - getText(findTestObject("Maya/KLIA/android.widget.TextView0 - Note This receipt is computer generated and no signature is required."), 0): Text of element 'Object Repository/Maya/KLIA/android.widget.TextView0 - Note This receipt is computer generated and no signature is required.' is: 'Note: This receipt is computer generated and no signature is required.'

2020-08-03 14:09:05 - [MESSAGE][WARNING] - Timeout '0' is invalid. Using default page load timeout: '10'

2020-08-03 14:09:05 - [MESSAGE][PASSED] - Text of element 'Object Repository/Maya/KLIA/android.widget.TextView0 - Note This receipt is computer generated and no signature is required.' is: 'Note: This receipt is computer generated and no signature is required.'

2020-08-03 14:09:05 - [TEST_STEP][PASSED] - tap(findTestObject("Maya/KLIA/android.widget.ImageView0 (4)"), 0): Tapped on element 'Object Repository/Maya/KLIA/android.widget.ImageView0 (4)'

2020-08-03 14:09:05 - [MESSAGE][WARNING] - Timeout '0' is invalid. Using default page load timeout: '10'

2020-08-03 14:09:05 - [MESSAGE][PASSED] - Tapped on element 'Object Repository/Maya/KLIA/android.widget.ImageView0 (4)'

2020-08-03 14:09:05 - [TEST_STEP][PASSED] - tap(findTestObject("Maya/KLIA/android.widget.TextView0 - Done (2)"), 0): Tapped on element 'Object Repository/Maya/KLIA/android.widget.TextView0 - Done (2)'

2020-08-03 14:09:05 - [MESSAGE][WARNING] - Timeout '0' is invalid. Using default page load timeout: '10'

2020-08-03 14:09:10 - [MESSAGE][PASSED] - Tapped on element 'Object Repository/Maya/KLIA/android.widget.TextView0 - Done (2)'

2020-08-03 14:09:10 - [TEST_STEP][PASSED] - tap(findTestObject("Maya/New_Transfer/android.widget.TextView0 - Wallet"), 0): Tapped on element 'Object Repository/Maya/New_Transfer/android.widget.TextView0 - Wallet'

2020-08-03 14:09:10 - [MESSAGE][WARNING] - Timeout '0' is invalid. Using default page load timeout: '10'

2020-08-03 14:09:13 - [MESSAGE][PASSED] - Tapped on element 'Object Repository/Maya/New_Transfer/android.widget.TextView0 - Wallet'

2020-08-03 14:09:13 - [TEST_STEP][PASSED] - getText(findTestObject("Maya/KLIA/android.widget.TextView0 - RM 981.40"), 0): Text of element 'Object Repository/Maya/KLIA/android.widget.TextView0 - RM 981.40' is: 'RM 381.15'

2020-08-03 14:09:13 - [MESSAGE][WARNING] - Timeout '0' is invalid. Using default page load timeout: '10'

2020-08-03 14:09:14 - [MESSAGE][PASSED] - Text of element 'Object Repository/Maya/KLIA/android.widget.TextView0 - RM 981.40' is: 'RM 381.15'

2020-08-03 14:09:14 - [TEST_STEP][PASSED] - trx4 = 40"), 0).substring(3): Text of element 'Object Repository/Maya/KLIA/android.widget.TextView0 - RM 981.40' is: 'RM 381.15'

2020-08-03 14:09:14 - [MESSAGE][WARNING] - Timeout '0' is invalid. Using default page load timeout: '10'

2020-08-03 14:09:14 - [MESSAGE][PASSED] - Text of element 'Object Repository/Maya/KLIA/android.widget.TextView0 - RM 981.40' is: 'RM 381.15'

2020-08-03 14:09:14 - [TEST_STEP][PASSED] - trx41 = trx4.replaceAll("[^a-zA-Z0-9]+", ""): null

2020-08-03 14:09:14 - [TEST_STEP][PASSED] - out.println(trx41): null

2020-08-03 14:09:14 - [TEST_STEP][PASSED] - trx411 = trx41: null

2020-08-03 14:09:14 - [TEST_STEP][PASSED] - out.println(trx411): null

2020-08-03 14:09:14 - [TEST_STEP][PASSED] - trx311 = trx611 - trx511: null

2020-08-03 14:09:14 - [TEST_STEP][PASSED] - if (trx311 == trx411): null

2020-08-03 14:09:14 - [TEST_STEP][PASSED] - out.println("Balance match"): null

2020-08-03 14:09:14 - [TEST_STEP][PASSED] - tap(findTestObject("Maya/New_Transfer/android.widget.TextView0 - View Transactions"), 0): Tapped on element 'Object Repository/Maya/New_Transfer/android.widget.TextView0 - View Transactions'

2020-08-03 14:09:15 - [MESSAGE][WARNING] - Timeout '0' is invalid. Using default page load timeout: '10'

2020-08-03 14:09:16 - [MESSAGE][PASSED] - Tapped on element 'Object Repository/Maya/New_Transfer/android.widget.TextView0 - View Transactions'

2020-08-03 14:09:16 - [TEST_STEP][PASSED] - getText(findTestObject("Maya/KLIA/android.widget.TextView0 - Today"), 0): Text of element 'Object Repository/Maya/KLIA/android.widget.TextView0 - Today' is: 'Today'

2020-08-03 14:09:17 - [MESSAGE][WARNING] - Timeout '0' is invalid. Using default page load timeout: '10'

2020-08-03 14:09:18 - [MESSAGE][PASSED] - Text of element 'Object Repository/Maya/KLIA/android.widget.TextView0 - Today' is: 'Today'

2020-08-03 14:09:18 - [TEST_STEP][PASSED] - verifyElementExist(findTestObject("Maya/KLIA/android.widget.TextView0 - Today"), 0): Element 'Object Repository/Maya/KLIA/android.widget.TextView0 - Today' is exist

2020-08-03 14:09:19 - [MESSAGE][WARNING] - Timeout '0' is invalid. Using default page load timeout: '10'

2020-08-03 14:09:20 - [MESSAGE][PASSED] - Element 'Object Repository/Maya/KLIA/android.widget.TextView0 - Today' is exist

2020-08-03 14:09:20 - [TEST_STEP][PASSED] - delay(2, STOP_ON_FAILURE): Delayed 2 second(s)

2020-08-03 14:09:22 - [MESSAGE][PASSED] - Delayed 2 second(s)

2020-08-03 14:09:22 - [TEST_STEP][PASSED] - takeScreenshot("C:\Users\LENOVO\Screenshot\KLIATicket\Ticket13.png", STOP_ON_FAILURE): Screenshot is taken

2020-08-03 14:09:22 - [MESSAGE][PASSED] - Screenshot is taken
[[ATTACHMENT|C:\\Users\\LENOVO\\Screenshot\\KLIATicket\\Ticket13.png]]

2020-08-03 14:09:22 - [TEST_STEP][PASSED] - tap(findTestObject("Maya/KLIA/android.widget.TextView0 - Home"), 0): Tapped on element 'Object Repository/Maya/KLIA/android.widget.TextView0 - Home'

2020-08-03 14:09:23 - [MESSAGE][WARNING] - Timeout '0' is invalid. Using default page load timeout: '10'

2020-08-03 14:09:35 - [MESSAGE][PASSED] - Tapped on element 'Object Repository/Maya/KLIA/android.widget.TextView0 - Home'

2020-08-03 14:09:35 - [TEST_STEP][PASSED] - tap(findTestObject("Maya/KLIA/android.widget.TextView0 - More (1)"), 0): Tapped on element 'Object Repository/Maya/KLIA/android.widget.TextView0 - More (1)'

2020-08-03 14:09:35 - [MESSAGE][WARNING] - Timeout '0' is invalid. Using default page load timeout: '10'

2020-08-03 14:09:47 - [MESSAGE][PASSED] - Tapped on element 'Object Repository/Maya/KLIA/android.widget.TextView0 - More (1)'

2020-08-03 14:09:47 - [TEST_STEP][PASSED] - tap(findTestObject("Maya/KLIA/android.widget.TextView0 - Notifications"), 0): Tapped on element 'Object Repository/Maya/KLIA/android.widget.TextView0 - Notifications'

2020-08-03 14:09:48 - [MESSAGE][WARNING] - Timeout '0' is invalid. Using default page load timeout: '10'

2020-08-03 14:09:50 - [MESSAGE][PASSED] - Tapped on element 'Object Repository/Maya/KLIA/android.widget.TextView0 - Notifications'

2020-08-03 14:09:50 - [TEST_STEP][NOT_RUN] - tap(findTestObject("Maya/KLIA/android.widget.TextView0 - Got It"), 0): NOT_RUN: tap(findTestObject("Maya/KLIA/android.widget.TextView0 - Got It"), 0)

2020-08-03 14:09:50 - [MESSAGE][NOT_RUN] - NOT_RUN: tap(findTestObject("Maya/KLIA/android.widget.TextView0 - Got It"), 0)

2020-08-03 14:09:50 - [TEST_STEP][PASSED] - getText(findTestObject("Maya/KLIA/android.widget.TextView0 - Maybank2u Payments"), 0): Text of element 'Object Repository/Maya/KLIA/android.widget.TextView0 - Maybank2u Payments' is: 'Maybank2u: Payments'

2020-08-03 14:09:51 - [MESSAGE][WARNING] - Timeout '0' is invalid. Using default page load timeout: '10'

2020-08-03 14:09:51 - [MESSAGE][PASSED] - Text of element 'Object Repository/Maya/KLIA/android.widget.TextView0 - Maybank2u Payments' is: 'Maybank2u: Payments'

2020-08-03 14:09:51 - [TEST_STEP][PASSED] - getText(findTestObject("Maya/KLIA/android.widget.TextView0 - Today (1)"), 0): Text of element 'Object Repository/Maya/KLIA/android.widget.TextView0 - Today (1)' is: 'Today'

2020-08-03 14:09:51 - [MESSAGE][WARNING] - Timeout '0' is invalid. Using default page load timeout: '10'

2020-08-03 14:09:52 - [MESSAGE][PASSED] - Text of element 'Object Repository/Maya/KLIA/android.widget.TextView0 - Today (1)' is: 'Today'

2020-08-03 14:09:52 - [TEST_STEP][PASSED] - takeScreenshot("C:\Users\LENOVO\Screenshot\KLIATicket\Ticket53.png", STOP_ON_FAILURE): Screenshot is taken

2020-08-03 14:09:53 - [MESSAGE][PASSED] - Screenshot is taken
[[ATTACHMENT|C:\\Users\\LENOVO\\Screenshot\\KLIATicket\\Ticket53.png]]

2020-08-03 14:09:53 - [TEST_STEP][PASSED] - verifyElementVisible(findTestObject("Maya/KLIA/android.widget.TextView0 - Successful payment of RM 182.25 to KLIA. REF180446966M"), 0): Element 'Object Repository/Maya/KLIA/android.widget.TextView0 - Successful payment of RM 182.25 to KLIA. REF180446966M' is visible

2020-08-03 14:09:53 - [MESSAGE][WARNING] - Timeout '0' is invalid. Using default page load timeout: '10'

2020-08-03 14:09:54 - [MESSAGE][PASSED] - Element 'Object Repository/Maya/KLIA/android.widget.TextView0 - Successful payment of RM 182.25 to KLIA. REF180446966M' is visible

2020-08-03 14:09:54 - [TEST_STEP][PASSED] - verifyElementVisible(findTestObject("Maya/KLIA/android.widget.TextView0 - Successful payment of RM 182.25 to KLIA. REF180446966M - Copy"), 0): Element 'Object Repository/Maya/KLIA/android.widget.TextView0 - Successful payment of RM 182.25 to KLIA. REF180446966M - Copy' is visible

2020-08-03 14:09:54 - [MESSAGE][WARNING] - Timeout '0' is invalid. Using default page load timeout: '10'

2020-08-03 14:09:56 - [MESSAGE][PASSED] - Element 'Object Repository/Maya/KLIA/android.widget.TextView0 - Successful payment of RM 182.25 to KLIA. REF180446966M - Copy' is visible

2020-08-03 14:09:56 - [TEST_STEP][PASSED] - verifyElementVisible(findTestObject("Maya/KLIA/android.widget.TextView0 - Successful payment of RM 182.25 to KLIA. REF180446966M - Copy (1)"), 0): Element 'Object Repository/Maya/KLIA/android.widget.TextView0 - Successful payment of RM 182.25 to KLIA. REF180446966M - Copy (1)' is visible

2020-08-03 14:09:56 - [MESSAGE][WARNING] - Timeout '0' is invalid. Using default page load timeout: '10'

2020-08-03 14:09:57 - [MESSAGE][PASSED] - Element 'Object Repository/Maya/KLIA/android.widget.TextView0 - Successful payment of RM 182.25 to KLIA. REF180446966M - Copy (1)' is visible

2020-08-03 14:09:57 - [TEST_STEP][PASSED] - tap(findTestObject("Maya/KLIA/android.widget.TextView0 - Home"), 0): Tapped on element 'Object Repository/Maya/KLIA/android.widget.TextView0 - Home'

2020-08-03 14:09:57 - [MESSAGE][WARNING] - Timeout '0' is invalid. Using default page load timeout: '10'

2020-08-03 14:10:10 - [MESSAGE][PASSED] - Tapped on element 'Object Repository/Maya/KLIA/android.widget.TextView0 - Home'

2020-08-03 14:10:10 - [TEST_STEP][PASSED] - if (verifyElementExist(findTestObject("Maya/KLIA/android.widget.TextView0 - ERL Tickets (1)"), 0)): null

2020-08-03 14:10:10 - [MESSAGE][WARNING] - Timeout '0' is invalid. Using default page load timeout: '10'

2020-08-03 14:10:10 - [MESSAGE][PASSED] - Element 'Object Repository/Maya/KLIA/android.widget.TextView0 - ERL Tickets (1)' is exist

2020-08-03 14:10:10 - [TEST_STEP][PASSED] - delay(2, STOP_ON_FAILURE): Delayed 2 second(s)

2020-08-03 14:10:12 - [MESSAGE][PASSED] - Delayed 2 second(s)

2020-08-03 14:10:12 - [TEST_STEP][PASSED] - takeScreenshot("C:\Users\LENOVO\Screenshot\KLIATicket\Ticket9.png", STOP_ON_FAILURE): Screenshot is taken

2020-08-03 14:10:13 - [MESSAGE][PASSED] - Screenshot is taken
[[ATTACHMENT|C:\\Users\\LENOVO\\Screenshot\\KLIATicket\\Ticket9.png]]

2020-08-03 14:10:13 - [TEST_STEP][PASSED] - tap(findTestObject("Maya/KLIA/android.widget.TextView0 - ERL Tickets (1)"), 0): Tapped on element 'Object Repository/Maya/KLIA/android.widget.TextView0 - ERL Tickets (1)'

2020-08-03 14:10:13 - [MESSAGE][WARNING] - Timeout '0' is invalid. Using default page load timeout: '10'

2020-08-03 14:10:16 - [MESSAGE][PASSED] - Tapped on element 'Object Repository/Maya/KLIA/android.widget.TextView0 - ERL Tickets (1)'

2020-08-03 14:10:16 - [TEST_STEP][PASSED] - tap(findTestObject("Maya/KLIA/android.widget.TextView0 - PAST"), 0): Tapped on element 'Object Repository/Maya/KLIA/android.widget.TextView0 - PAST'

2020-08-03 14:10:16 - [MESSAGE][WARNING] - Timeout '0' is invalid. Using default page load timeout: '10'

2020-08-03 14:10:18 - [MESSAGE][PASSED] - Tapped on element 'Object Repository/Maya/KLIA/android.widget.TextView0 - PAST'

2020-08-03 14:10:18 - [TEST_STEP][PASSED] - delay(2, STOP_ON_FAILURE): Delayed 2 second(s)

2020-08-03 14:10:20 - [MESSAGE][PASSED] - Delayed 2 second(s)

2020-08-03 14:10:20 - [TEST_STEP][PASSED] - swipe(895, 1046, 800, 50): Swiped from 895,1,046 to 800,50

2020-08-03 14:10:21 - [MESSAGE][PASSED] - Swiped from 895,1,046 to 800,50

2020-08-03 14:10:21 - [TEST_STEP][PASSED] - swipe(895, 1046, 800, 50): Swiped from 895,1,046 to 800,50

2020-08-03 14:10:22 - [MESSAGE][PASSED] - Swiped from 895,1,046 to 800,50

2020-08-03 14:10:22 - [TEST_STEP][PASSED] - swipe(895, 1046, 800, 50): Swiped from 895,1,046 to 800,50

2020-08-03 14:10:23 - [MESSAGE][PASSED] - Swiped from 895,1,046 to 800,50

2020-08-03 14:10:23 - [TEST_STEP][PASSED] - swipe(895, 1046, 800, 50): Swiped from 895,1,046 to 800,50

2020-08-03 14:10:25 - [MESSAGE][PASSED] - Swiped from 895,1,046 to 800,50

2020-08-03 14:10:25 - [TEST_STEP][PASSED] - swipe(895, 1046, 800, 50): Swiped from 895,1,046 to 800,50

2020-08-03 14:10:26 - [MESSAGE][PASSED] - Swiped from 895,1,046 to 800,50

2020-08-03 14:10:26 - [TEST_STEP][PASSED] - swipe(895, 1046, 800, 50): Swiped from 895,1,046 to 800,50

2020-08-03 14:10:27 - [MESSAGE][PASSED] - Swiped from 895,1,046 to 800,50

2020-08-03 14:10:27 - [TEST_STEP][PASSED] - swipe(895, 1046, 800, 50): Swiped from 895,1,046 to 800,50

2020-08-03 14:10:28 - [MESSAGE][PASSED] - Swiped from 895,1,046 to 800,50

2020-08-03 14:10:28 - [TEST_STEP][PASSED] - tap(findTestObject("Maya/KLIA/android.view.ViewGroup0 (1)"), 0): Tapped on element 'Object Repository/Maya/KLIA/android.view.ViewGroup0 (1)'

2020-08-03 14:10:28 - [MESSAGE][WARNING] - Timeout '0' is invalid. Using default page load timeout: '10'

2020-08-03 14:10:29 - [MESSAGE][PASSED] - Tapped on element 'Object Repository/Maya/KLIA/android.view.ViewGroup0 (1)'

2020-08-03 14:10:29 - [TEST_STEP][PASSED] - tap(findTestObject("Maya/KLIA/android.widget.ImageView0 (5)"), 0): Tapped on element 'Object Repository/Maya/KLIA/android.widget.ImageView0 (5)'

2020-08-03 14:10:29 - [MESSAGE][WARNING] - Timeout '0' is invalid. Using default page load timeout: '10'

2020-08-03 14:10:32 - [MESSAGE][PASSED] - Tapped on element 'Object Repository/Maya/KLIA/android.widget.ImageView0 (5)'

2020-08-03 14:10:32 - [TEST_STEP][PASSED] - tap(findTestObject("Maya/KLIA/android.widget.ImageView0 (6)"), 0): Tapped on element 'Object Repository/Maya/KLIA/android.widget.ImageView0 (6)'

2020-08-03 14:10:32 - [MESSAGE][WARNING] - Timeout '0' is invalid. Using default page load timeout: '10'

2020-08-03 14:10:33 - [MESSAGE][PASSED] - Tapped on element 'Object Repository/Maya/KLIA/android.widget.ImageView0 (6)'

2020-08-03 14:10:33 - [TEST_STEP][PASSED] - getText(findTestObject("Maya/KLIA/android.widget.TextView0 - Single Trip (2)"), 0): Text of element 'Object Repository/Maya/KLIA/android.widget.TextView0 - Single Trip (2)' is: 'Single Trip'

2020-08-03 14:10:33 - [MESSAGE][WARNING] - Timeout '0' is invalid. Using default page load timeout: '10'

2020-08-03 14:10:34 - [MESSAGE][PASSED] - Text of element 'Object Repository/Maya/KLIA/android.widget.TextView0 - Single Trip (2)' is: 'Single Trip'

2020-08-03 14:10:34 - [TEST_STEP][PASSED] - delay(2, STOP_ON_FAILURE): Delayed 2 second(s)

2020-08-03 14:10:36 - [MESSAGE][PASSED] - Delayed 2 second(s)

2020-08-03 14:10:36 - [TEST_STEP][PASSED] - takeScreenshot("C:\Users\LENOVO\Screenshot\KLIATicket\Ticket14.png", STOP_ON_FAILURE): Screenshot is taken

2020-08-03 14:10:37 - [MESSAGE][PASSED] - Screenshot is taken
[[ATTACHMENT|C:\\Users\\LENOVO\\Screenshot\\KLIATicket\\Ticket14.png]]

2020-08-03 14:10:37 - [TEST_STEP][NOT_RUN] - getText(findTestObject("Maya/KLIA/android.widget.TextView0 - Share Selected Ticket"), 0): NOT_RUN: getText(findTestObject("Maya/KLIA/android.widget.TextView0 - Share Selected Ticket"), 0)

2020-08-03 14:10:37 - [MESSAGE][NOT_RUN] - NOT_RUN: getText(findTestObject("Maya/KLIA/android.widget.TextView0 - Share Selected Ticket"), 0)

2020-08-03 14:10:37 - [TEST_STEP][PASSED] - tap(findTestObject("Maya/KLIA/android.widget.TextView0 - Share Selected Ticket"), 0): Tapped on element 'Object Repository/Maya/KLIA/android.widget.TextView0 - Share Selected Ticket'

2020-08-03 14:10:37 - [MESSAGE][WARNING] - Timeout '0' is invalid. Using default page load timeout: '10'

2020-08-03 14:10:41 - [MESSAGE][PASSED] - Tapped on element 'Object Repository/Maya/KLIA/android.widget.TextView0 - Share Selected Ticket'

2020-08-03 14:10:41 - [TEST_STEP][PASSED] - delay(2, STOP_ON_FAILURE): Delayed 2 second(s)

2020-08-03 14:10:43 - [MESSAGE][PASSED] - Delayed 2 second(s)

2020-08-03 14:10:43 - [TEST_STEP][NOT_RUN] - tap(findTestObject("Maya/Bus Ticket/android.widget.ImageView0 (1)"), 0): NOT_RUN: tap(findTestObject("Maya/Bus Ticket/android.widget.ImageView0 (1)"), 0)

2020-08-03 14:10:43 - [MESSAGE][NOT_RUN] - NOT_RUN: tap(findTestObject("Maya/Bus Ticket/android.widget.ImageView0 (1)"), 0)

2020-08-03 14:10:43 - [TEST_STEP][PASSED] - delay(2, STOP_ON_FAILURE): Delayed 2 second(s)

2020-08-03 14:10:45 - [MESSAGE][PASSED] - Delayed 2 second(s)

2020-08-03 14:10:45 - [TEST_STEP][PASSED] - takeScreenshot("C:\Users\LENOVO\Screenshot\KLIATicket\Ticket15.png", STOP_ON_FAILURE): Screenshot is taken

2020-08-03 14:10:46 - [MESSAGE][PASSED] - Screenshot is taken
[[ATTACHMENT|C:\\Users\\LENOVO\\Screenshot\\KLIATicket\\Ticket15.png]]

2020-08-03 14:10:46 - [TEST_STEP][NOT_RUN] - tap(findTestObject("Maya/KLIA/android.widget.Button0 - Cancel (1)"), 0): NOT_RUN: tap(findTestObject("Maya/KLIA/android.widget.Button0 - Cancel (1)"), 0)

2020-08-03 14:10:46 - [MESSAGE][NOT_RUN] - NOT_RUN: tap(findTestObject("Maya/KLIA/android.widget.Button0 - Cancel (1)"), 0)

2020-08-03 14:10:46 - [TEST_STEP][PASSED] - tap(findTestObject("Maya/KLIA/android.widget.ImageView0 (8)"), 0): Tapped on element 'Object Repository/Maya/KLIA/android.widget.ImageView0 (8)'

2020-08-03 14:10:46 - [MESSAGE][WARNING] - Timeout '0' is invalid. Using default page load timeout: '10'

2020-08-03 14:10:47 - [MESSAGE][PASSED] - Tapped on element 'Object Repository/Maya/KLIA/android.widget.ImageView0 (8)'

2020-08-03 14:10:47 - [TEST_STEP][PASSED] - tap(findTestObject("Maya/KLIA/android.widget.ImageView0 (9)"), 0): Tapped on element 'Object Repository/Maya/KLIA/android.widget.ImageView0 (9)'

2020-08-03 14:10:47 - [MESSAGE][WARNING] - Timeout '0' is invalid. Using default page load timeout: '10'

2020-08-03 14:10:49 - [MESSAGE][PASSED] - Tapped on element 'Object Repository/Maya/KLIA/android.widget.ImageView0 (9)'

2020-08-03 14:10:49 - [TEST_STEP][PASSED] - tap(findTestObject("Maya/KLIA/android.widget.TextView0 - PAST (1)"), 0): Tapped on element 'Object Repository/Maya/KLIA/android.widget.TextView0 - PAST (1)'

2020-08-03 14:10:50 - [MESSAGE][WARNING] - Timeout '0' is invalid. Using default page load timeout: '10'

2020-08-03 14:10:52 - [MESSAGE][PASSED] - Tapped on element 'Object Repository/Maya/KLIA/android.widget.TextView0 - PAST (1)'

2020-08-03 14:10:52 - [TEST_STEP][PASSED] - delay(2, STOP_ON_FAILURE): Delayed 2 second(s)

2020-08-03 14:10:54 - [MESSAGE][PASSED] - Delayed 2 second(s)

2020-08-03 14:10:54 - [TEST_STEP][PASSED] - takeScreenshot("C:\Users\LENOVO\Screenshot\KLIATicket\Ticket16.png", STOP_ON_FAILURE): Screenshot is taken

2020-08-03 14:10:56 - [MESSAGE][PASSED] - Screenshot is taken
[[ATTACHMENT|C:\\Users\\LENOVO\\Screenshot\\KLIATicket\\Ticket16.png]]

2020-08-03 14:10:56 - [TEST_STEP][FAILED] - tap(findTestObject("Maya/KLIA/android.widget.ImageView0 (12)"), 0): Object Object Repository/Maya/KLIA/android.widget.ImageView0 (12) not found

2020-08-03 14:10:56 - [MESSAGE][WARNING] - Timeout '0' is invalid. Using default page load timeout: '10'

2020-08-03 14:11:07 - [MESSAGE][FAILED] - Object Object Repository/Maya/KLIA/android.widget.ImageView0 (12) not found
[[ATTACHMENT|C:\\Users\\LENOVO\\Git_new\\Maya\\Reports\\20200803_140457\\Maya UAT\\UAT Test Suite\\20200803_140457\\1596435066654.png]]

2020-08-03 14:11:07 - [TEST_STEP][FAILED] - tap(findTestObject("Maya/KLIA/android.widget.Button0 - Cancel (2)"), 0): Object Object Repository/Maya/KLIA/android.widget.Button0 - Cancel (2) not found

2020-08-03 14:11:07 - [MESSAGE][WARNING] - Timeout '0' is invalid. Using default page load timeout: '10'

2020-08-03 14:11:19 - [MESSAGE][FAILED] - Object Object Repository/Maya/KLIA/android.widget.Button0 - Cancel (2) not found
[[ATTACHMENT|C:\\Users\\LENOVO\\Git_new\\Maya\\Reports\\20200803_140457\\Maya UAT\\UAT Test Suite\\20200803_140457\\1596435078438.png]]

2020-08-03 14:11:19 - [TEST_STEP][PASSED] - tap(findTestObject("Maya/KLIA/android.widget.ImageView0 (13)"), 0): Tapped on element 'Object Repository/Maya/KLIA/android.widget.ImageView0 (13)'

2020-08-03 14:11:19 - [MESSAGE][WARNING] - Timeout '0' is invalid. Using default page load timeout: '10'

2020-08-03 14:11:20 - [MESSAGE][PASSED] - Tapped on element 'Object Repository/Maya/KLIA/android.widget.ImageView0 (13)'

2020-08-03 14:11:20 - [TEST_STEP][FAILED] - tap(findTestObject("Maya/KLIA/android.widget.ImageView0 (14)"), 0): Object Object Repository/Maya/KLIA/android.widget.ImageView0 (14) not found

2020-08-03 14:11:20 - [MESSAGE][WARNING] - Timeout '0' is invalid. Using default page load timeout: '10'

2020-08-03 14:11:31 - [MESSAGE][FAILED] - Object Object Repository/Maya/KLIA/android.widget.ImageView0 (14) not found
[[ATTACHMENT|C:\\Users\\LENOVO\\Git_new\\Maya\\Reports\\20200803_140457\\Maya UAT\\UAT Test Suite\\20200803_140457\\1596435090278.png]]

2020-08-03 14:11:31 - [TEST_STEP][FAILED] - tap(findTestObject("Maya/KLIA/android.widget.TextView0 - PAST (2)"), 0): Object Object Repository/Maya/KLIA/android.widget.TextView0 - PAST (2) not found

2020-08-03 14:11:31 - [MESSAGE][WARNING] - Timeout '0' is invalid. Using default page load timeout: '10'

2020-08-03 14:11:42 - [MESSAGE][FAILED] - Object Object Repository/Maya/KLIA/android.widget.TextView0 - PAST (2) not found
[[ATTACHMENT|C:\\Users\\LENOVO\\Git_new\\Maya\\Reports\\20200803_140457\\Maya UAT\\UAT Test Suite\\20200803_140457\\1596435101558.png]]

2020-08-03 14:11:42 - [TEST_STEP][PASSED] - closeApplication(): Close app successfully

2020-08-03 14:11:44 - [MESSAGE][PASSED] - Close app successfully

2020-08-03 14:11:44 - [TEST_STEP][NOT_RUN] - closeApplication(): NOT_RUN: closeApplication()

2020-08-03 14:11:44 - [MESSAGE][NOT_RUN] - NOT_RUN: closeApplication()]]></system-out>
         <system-err><![CDATA[2020-08-03 14:05:00 - [TEST_CASE][FAILED] - Test Cases/JINU/KLIA Express/KLIA: Test Cases/JINU/KLIA Express/KLIA FAILED.
Reason:
com.kms.katalon.core.exception.StepFailedException: Element 'Object Repository/Maya/KLIA/android.widget.TextView0 - Approve' not found
	at com.kms.katalon.core.keyword.internal.KeywordMain.stepFailed(KeywordMain.groovy:39)
	at com.kms.katalon.core.mobile.keyword.internal.MobileKeywordMain.stepFailed(MobileKeywordMain.groovy:40)
	at com.kms.katalon.core.mobile.keyword.builtin.VerifyElementExistKeyword$_verifyElementExist_closure1.doCall(VerifyElementExistKeyword.groovy:77)
	at com.kms.katalon.core.mobile.keyword.builtin.VerifyElementExistKeyword$_verifyElementExist_closure1.call(VerifyElementExistKeyword.groovy)
	at com.kms.katalon.core.mobile.keyword.internal.MobileKeywordMain.runKeyword(MobileKeywordMain.groovy:21)
	at com.kms.katalon.core.mobile.keyword.builtin.VerifyElementExistKeyword.verifyElementExist(VerifyElementExistKeyword.groovy:80)
	at com.kms.katalon.core.mobile.keyword.builtin.VerifyElementExistKeyword.execute(VerifyElementExistKeyword.groovy:64)
	at com.kms.katalon.core.keyword.internal.KeywordExecutor.executeKeywordForPlatform(KeywordExecutor.groovy:72)
	at com.kms.katalon.core.mobile.keyword.MobileBuiltInKeywords.verifyElementExist(MobileBuiltInKeywords.groovy:809)
	at com.kms.katalon.core.mobile.keyword.MobileBuiltInKeywords$verifyElementExist$3.call(Unknown Source)
	at KLIA.run(KLIA:290)
	at com.kms.katalon.core.main.ScriptEngine.run(ScriptEngine.java:194)
	at com.kms.katalon.core.main.ScriptEngine.runScriptAsRawText(ScriptEngine.java:119)
	at com.kms.katalon.core.main.TestCaseExecutor.runScript(TestCaseExecutor.java:337)
	at com.kms.katalon.core.main.TestCaseExecutor.doExecute(TestCaseExecutor.java:328)
	at com.kms.katalon.core.main.TestCaseExecutor.processExecutionPhase(TestCaseExecutor.java:307)
	at com.kms.katalon.core.main.TestCaseExecutor.accessMainPhase(TestCaseExecutor.java:299)
	at com.kms.katalon.core.main.TestCaseExecutor.execute(TestCaseExecutor.java:233)
	at com.kms.katalon.core.main.TestSuiteExecutor.accessTestCaseMainPhase(TestSuiteExecutor.java:169)
	at com.kms.katalon.core.main.TestSuiteExecutor.accessTestSuiteMainPhase(TestSuiteExecutor.java:142)
	at com.kms.katalon.core.main.TestSuiteExecutor.execute(TestSuiteExecutor.java:91)
	at com.kms.katalon.core.main.TestCaseMain.startTestSuite(TestCaseMain.java:157)
	at com.kms.katalon.core.main.TestCaseMain$startTestSuite$0.call(Unknown Source)
	at TempTestSuite1596434697252.run(TempTestSuite1596434697252.groovy:36)]]></system-err>
      </testcase>
      <system-out><![CDATA[2020-08-03 14:04:59 - [TEST_SUITE][FAILED] - UAT Test Suite: Test Cases/JINU/KLIA Express/KLIA FAILED.
Reason:
com.kms.katalon.core.exception.StepFailedException: Element 'Object Repository/Maya/KLIA/android.widget.TextView0 - Approve' not found
	at com.kms.katalon.core.keyword.internal.KeywordMain.stepFailed(KeywordMain.groovy:39)
	at com.kms.katalon.core.mobile.keyword.internal.MobileKeywordMain.stepFailed(MobileKeywordMain.groovy:40)
	at com.kms.katalon.core.mobile.keyword.builtin.VerifyElementExistKeyword$_verifyElementExist_closure1.doCall(VerifyElementExistKeyword.groovy:77)
	at com.kms.katalon.core.mobile.keyword.builtin.VerifyElementExistKeyword$_verifyElementExist_closure1.call(VerifyElementExistKeyword.groovy)
	at com.kms.katalon.core.mobile.keyword.internal.MobileKeywordMain.runKeyword(MobileKeywordMain.groovy:21)
	at com.kms.katalon.core.mobile.keyword.builtin.VerifyElementExistKeyword.verifyElementExist(VerifyElementExistKeyword.groovy:80)
	at com.kms.katalon.core.mobile.keyword.builtin.VerifyElementExistKeyword.execute(VerifyElementExistKeyword.groovy:64)
	at com.kms.katalon.core.keyword.internal.KeywordExecutor.executeKeywordForPlatform(KeywordExecutor.groovy:72)
	at com.kms.katalon.core.mobile.keyword.MobileBuiltInKeywords.verifyElementExist(MobileBuiltInKeywords.groovy:809)
	at com.kms.katalon.core.mobile.keyword.MobileBuiltInKeywords$verifyElementExist$3.call(Unknown Source)
	at KLIA.run(KLIA:290)
	at com.kms.katalon.core.main.ScriptEngine.run(ScriptEngine.java:194)
	at com.kms.katalon.core.main.ScriptEngine.runScriptAsRawText(ScriptEngine.java:119)
	at com.kms.katalon.core.main.TestCaseExecutor.runScript(TestCaseExecutor.java:337)
	at com.kms.katalon.core.main.TestCaseExecutor.doExecute(TestCaseExecutor.java:328)
	at com.kms.katalon.core.main.TestCaseExecutor.processExecutionPhase(TestCaseExecutor.java:307)
	at com.kms.katalon.core.main.TestCaseExecutor.accessMainPhase(TestCaseExecutor.java:299)
	at com.kms.katalon.core.main.TestCaseExecutor.execute(TestCaseExecutor.java:233)
	at com.kms.katalon.core.main.TestSuiteExecutor.accessTestCaseMainPhase(TestSuiteExecutor.java:169)
	at com.kms.katalon.core.main.TestSuiteExecutor.accessTestSuiteMainPhase(TestSuiteExecutor.java:142)
	at com.kms.katalon.core.main.TestSuiteExecutor.execute(TestSuiteExecutor.java:91)
	at com.kms.katalon.core.main.TestCaseMain.startTestSuite(TestCaseMain.java:157)
	at com.kms.katalon.core.main.TestCaseMain$startTestSuite$0.call(Unknown Source)
	at TempTestSuite1596434697252.run(TempTestSuite1596434697252.groovy:36)]]></system-out>
      <system-err><![CDATA[2020-08-03 14:04:59 - [TEST_SUITE][FAILED] - UAT Test Suite: Test Cases/JINU/KLIA Express/KLIA FAILED.
Reason:
com.kms.katalon.core.exception.StepFailedException: Element 'Object Repository/Maya/KLIA/android.widget.TextView0 - Approve' not found
	at com.kms.katalon.core.keyword.internal.KeywordMain.stepFailed(KeywordMain.groovy:39)
	at com.kms.katalon.core.mobile.keyword.internal.MobileKeywordMain.stepFailed(MobileKeywordMain.groovy:40)
	at com.kms.katalon.core.mobile.keyword.builtin.VerifyElementExistKeyword$_verifyElementExist_closure1.doCall(VerifyElementExistKeyword.groovy:77)
	at com.kms.katalon.core.mobile.keyword.builtin.VerifyElementExistKeyword$_verifyElementExist_closure1.call(VerifyElementExistKeyword.groovy)
	at com.kms.katalon.core.mobile.keyword.internal.MobileKeywordMain.runKeyword(MobileKeywordMain.groovy:21)
	at com.kms.katalon.core.mobile.keyword.builtin.VerifyElementExistKeyword.verifyElementExist(VerifyElementExistKeyword.groovy:80)
	at com.kms.katalon.core.mobile.keyword.builtin.VerifyElementExistKeyword.execute(VerifyElementExistKeyword.groovy:64)
	at com.kms.katalon.core.keyword.internal.KeywordExecutor.executeKeywordForPlatform(KeywordExecutor.groovy:72)
	at com.kms.katalon.core.mobile.keyword.MobileBuiltInKeywords.verifyElementExist(MobileBuiltInKeywords.groovy:809)
	at com.kms.katalon.core.mobile.keyword.MobileBuiltInKeywords$verifyElementExist$3.call(Unknown Source)
	at KLIA.run(KLIA:290)
	at com.kms.katalon.core.main.ScriptEngine.run(ScriptEngine.java:194)
	at com.kms.katalon.core.main.ScriptEngine.runScriptAsRawText(ScriptEngine.java:119)
	at com.kms.katalon.core.main.TestCaseExecutor.runScript(TestCaseExecutor.java:337)
	at com.kms.katalon.core.main.TestCaseExecutor.doExecute(TestCaseExecutor.java:328)
	at com.kms.katalon.core.main.TestCaseExecutor.processExecutionPhase(TestCaseExecutor.java:307)
	at com.kms.katalon.core.main.TestCaseExecutor.accessMainPhase(TestCaseExecutor.java:299)
	at com.kms.katalon.core.main.TestCaseExecutor.execute(TestCaseExecutor.java:233)
	at com.kms.katalon.core.main.TestSuiteExecutor.accessTestCaseMainPhase(TestSuiteExecutor.java:169)
	at com.kms.katalon.core.main.TestSuiteExecutor.accessTestSuiteMainPhase(TestSuiteExecutor.java:142)
	at com.kms.katalon.core.main.TestSuiteExecutor.execute(TestSuiteExecutor.java:91)
	at com.kms.katalon.core.main.TestCaseMain.startTestSuite(TestCaseMain.java:157)
	at com.kms.katalon.core.main.TestCaseMain$startTestSuite$0.call(Unknown Source)
	at TempTestSuite1596434697252.run(TempTestSuite1596434697252.groovy:36)]]></system-err>
   </testsuite>
</testsuites>
