<?xml version="1.0" encoding="UTF-8"?>
<testsuites name="UAT Test Suite" time="529.128" tests="1" failures="1" errors="0">
   <testsuite name="UAT Test Suite" tests="1" failures="1" errors="0" time="529.128" timestamp="2020-08-05 09:13:46" hostname="LENOVO - DESKTOP-CP3TV4N" id="Test Suites/Maya UAT/UAT Test Suite">
      <properties>
         <property name="deviceName" value="Xiaomi Redmi Note 7S (Android 9)"/>
         <property name="devicePlatform" value=""/>
         <property name="logFolder" value="C:\\Users\\LENOVO\\Git_new\\Maya\\Reports\\20200805_091343\\Maya UAT\\UAT Test Suite\\20200805_091343"/>
         <property name="logFiles" value="C:\\Users\\LENOVO\\Git_new\\Maya\\Reports\\20200805_091343\\Maya UAT\\UAT Test Suite\\20200805_091343\\appium.log, C:\\Users\\LENOVO\\Git_new\\Maya\\Reports\\20200805_091343\\Maya UAT\\UAT Test Suite\\20200805_091343\\execution0.log"/>
         <property name="attachments" value="C:\\Users\\LENOVO\\Screenshot\\Third Party\\Screenshot1, C:\\Users\\LENOVO\\Screenshot\\Third Party\\Screenshot2, C:\\Users\\LENOVO\\Screenshot\\Third Party\\Screenshot3, C:\\Users\\LENOVO\\Screenshot\\Third Party\\Screenshot4, C:\\Users\\LENOVO\\Screenshot\\Third Party\\Screenshot5, C:\\Users\\LENOVO\\Screenshot\\Third Party\\Screenshot6, C:\\Users\\LENOVO\\Screenshot\\Third Party\\Screenshot7, C:\\Users\\LENOVO\\Screenshot\\Third Party\\Screenshot8, C:\\Users\\LENOVO\\Screenshot\\Third Party\\Screenshot9, C:\\Users\\LENOVO\\Screenshot\\Third Party\\Screenshot10, C:\\Users\\LENOVO\\Screenshot\\Third Party\\Screenshot11, C:\\Users\\LENOVO\\Screenshot\\Third Party\\Screenshot12, C:\\Users\\LENOVO\\Screenshot\\Third Party\\Screenshot13, C:\\Users\\LENOVO\\Screenshot\\Third Party\\Screenshot19, C:\\Users\\LENOVO\\Git_new\\Maya\\Reports\\20200805_091343\\Maya UAT\\UAT Test Suite\\20200805_091343\\1596590263661.png, C:\\Users\\LENOVO\\Screenshot\\Third Party\\Screenshot15, C:\\Users\\LENOVO\\Screenshot\\Third Party\\Screenshot2, C:\\Users\\LENOVO\\Screenshot\\Third Party\\Screenshot3, C:\\Users\\LENOVO\\Screenshot\\Third Party\\Screenshot4, C:\\Users\\LENOVO\\Screenshot\\Third Party\\Screenshot16, C:\\Users\\LENOVO\\Screenshot\\Third Party\\Screenshot18, C:\\Users\\LENOVO\\Screenshot\\Third Party Fav\\ConfDuitNow.png, C:\\Users\\LENOVO\\Screenshot\\Third Party\\Screenshot19, C:\\Users\\LENOVO\\Git_new\\Maya\\Reports\\20200805_091343\\Maya UAT\\UAT Test Suite\\20200805_091343\\1596590434630.png, C:\\Users\\LENOVO\\Screenshot\\Third Party Fav\\TransferSuccess.png, C:\\Users\\LENOVO\\Screenshot\\Third Party\\Screenshot24, C:\\Users\\LENOVO\\Screenshot\\Third Party\\Screenshot26, C:\\Users\\LENOVO\\Git_new\\Maya\\Reports\\20200805_091343\\Maya UAT\\UAT Test Suite\\20200805_091343\\1596590500371.png, C:\\Users\\LENOVO\\Screenshot\\DuitNowProxy\\Screen4.png, C:\\Users\\LENOVO\\Screenshot\\Third Party\\Screenshot20, C:\\Users\\LENOVO\\Screenshot\\DuitNow\\Screen39.png"/>
         <property name="hostName" value="LENOVO - DESKTOP-CP3TV4N"/>
         <property name="os" value="Windows 10 64bit"/>
         <property name="appiumServerStatus" value="{\&quot;value\&quot;:{\&quot;build\&quot;:{\&quot;version\&quot;:\&quot;1.15.1\&quot;}},\&quot;sessionId\&quot;:null,\&quot;status\&quot;:0}"/>
         <property name="katalonVersion" value="7.2.7.1"/>
         <property name="deviceOS" value="Android"/>
         <property name="appiumVersion" value="1.15.1"/>
         <property name="deviceModel" value="Redmi Note 7S"/>
         <property name="hostAddress" value="127.0.0.1"/>
         <property name="deviceManufacturer" value="Xiaomi"/>
         <property name="deviceId" value="11cb9864"/>
         <property name="deviceName" value="Xiaomi Redmi Note 7S (Android 9)"/>
         <property name="deviceOSVersion" value="9"/>
      </properties>
      <testcase name="Test Cases/JINU/DuItNow/Transfer DuITNow NRIC" time="526.192" classname="Test Cases/JINU/DuItNow/Transfer DuITNow NRIC" status="FAILED">
         <failure type="FAILED" message="Test Cases/JINU/DuItNow/Transfer DuITNow NRIC FAILED.
Reason:
com.kms.katalon.core.exception.StepFailedException: Element 'Object Repository/Maya/KLIA/android.widget.TextView0 - Approve' not found
	at com.kms.katalon.core.keyword.internal.KeywordMain.stepFailed(KeywordMain.groovy:39)
	at com.kms.katalon.core.mobile.keyword.internal.MobileKeywordMain.stepFailed(MobileKeywordMain.groovy:40)
	at com.kms.katalon.core.mobile.keyword.builtin.VerifyElementExistKeyword$_verifyElementExist_closure1.doCall(VerifyElementExistKeyword.groovy:77)
	at com.kms.katalon.core.mobile.keyword.builtin.VerifyElementExistKeyword$_verifyElementExist_closure1.call(VerifyElementExistKeyword.groovy)
	at com.kms.katalon.core.mobile.keyword.internal.MobileKeywordMain.runKeyword(MobileKeywordMain.groovy:21)
	at com.kms.katalon.core.mobile.keyword.builtin.VerifyElementExistKeyword.verifyElementExist(VerifyElementExistKeyword.groovy:80)
	at com.kms.katalon.core.mobile.keyword.builtin.VerifyElementExistKeyword.execute(VerifyElementExistKeyword.groovy:64)
	at com.kms.katalon.core.keyword.internal.KeywordExecutor.executeKeywordForPlatform(KeywordExecutor.groovy:72)
	at com.kms.katalon.core.mobile.keyword.MobileBuiltInKeywords.verifyElementExist(MobileBuiltInKeywords.groovy:809)
	at com.kms.katalon.core.mobile.keyword.MobileBuiltInKeywords$verifyElementExist$5.call(Unknown Source)
	at Transfer DuITNow NRIC.run(Transfer DuITNow NRIC:327)
	at com.kms.katalon.core.main.ScriptEngine.run(ScriptEngine.java:194)
	at com.kms.katalon.core.main.ScriptEngine.runScriptAsRawText(ScriptEngine.java:119)
	at com.kms.katalon.core.main.TestCaseExecutor.runScript(TestCaseExecutor.java:337)
	at com.kms.katalon.core.main.TestCaseExecutor.doExecute(TestCaseExecutor.java:328)
	at com.kms.katalon.core.main.TestCaseExecutor.processExecutionPhase(TestCaseExecutor.java:307)
	at com.kms.katalon.core.main.TestCaseExecutor.accessMainPhase(TestCaseExecutor.java:299)
	at com.kms.katalon.core.main.TestCaseExecutor.execute(TestCaseExecutor.java:233)
	at com.kms.katalon.core.main.TestSuiteExecutor.accessTestCaseMainPhase(TestSuiteExecutor.java:169)
	at com.kms.katalon.core.main.TestSuiteExecutor.accessTestSuiteMainPhase(TestSuiteExecutor.java:142)
	at com.kms.katalon.core.main.TestSuiteExecutor.execute(TestSuiteExecutor.java:91)
	at com.kms.katalon.core.main.TestCaseMain.startTestSuite(TestCaseMain.java:157)
	at com.kms.katalon.core.main.TestCaseMain$startTestSuite$0.call(Unknown Source)
	at TempTestSuite1596590023574.run(TempTestSuite1596590023574.groovy:36)
"/>
         <system-out><![CDATA[2020-08-05 09:13:46 - [TEST_CASE][FAILED] - Test Cases/JINU/DuItNow/Transfer DuITNow NRIC: Test Cases/JINU/DuItNow/Transfer DuITNow NRIC FAILED.
Reason:
com.kms.katalon.core.exception.StepFailedException: Element 'Object Repository/Maya/KLIA/android.widget.TextView0 - Approve' not found
	at com.kms.katalon.core.keyword.internal.KeywordMain.stepFailed(KeywordMain.groovy:39)
	at com.kms.katalon.core.mobile.keyword.internal.MobileKeywordMain.stepFailed(MobileKeywordMain.groovy:40)
	at com.kms.katalon.core.mobile.keyword.builtin.VerifyElementExistKeyword$_verifyElementExist_closure1.doCall(VerifyElementExistKeyword.groovy:77)
	at com.kms.katalon.core.mobile.keyword.builtin.VerifyElementExistKeyword$_verifyElementExist_closure1.call(VerifyElementExistKeyword.groovy)
	at com.kms.katalon.core.mobile.keyword.internal.MobileKeywordMain.runKeyword(MobileKeywordMain.groovy:21)
	at com.kms.katalon.core.mobile.keyword.builtin.VerifyElementExistKeyword.verifyElementExist(VerifyElementExistKeyword.groovy:80)
	at com.kms.katalon.core.mobile.keyword.builtin.VerifyElementExistKeyword.execute(VerifyElementExistKeyword.groovy:64)
	at com.kms.katalon.core.keyword.internal.KeywordExecutor.executeKeywordForPlatform(KeywordExecutor.groovy:72)
	at com.kms.katalon.core.mobile.keyword.MobileBuiltInKeywords.verifyElementExist(MobileBuiltInKeywords.groovy:809)
	at com.kms.katalon.core.mobile.keyword.MobileBuiltInKeywords$verifyElementExist$5.call(Unknown Source)
	at Transfer DuITNow NRIC.run(Transfer DuITNow NRIC:327)
	at com.kms.katalon.core.main.ScriptEngine.run(ScriptEngine.java:194)
	at com.kms.katalon.core.main.ScriptEngine.runScriptAsRawText(ScriptEngine.java:119)
	at com.kms.katalon.core.main.TestCaseExecutor.runScript(TestCaseExecutor.java:337)
	at com.kms.katalon.core.main.TestCaseExecutor.doExecute(TestCaseExecutor.java:328)
	at com.kms.katalon.core.main.TestCaseExecutor.processExecutionPhase(TestCaseExecutor.java:307)
	at com.kms.katalon.core.main.TestCaseExecutor.accessMainPhase(TestCaseExecutor.java:299)
	at com.kms.katalon.core.main.TestCaseExecutor.execute(TestCaseExecutor.java:233)
	at com.kms.katalon.core.main.TestSuiteExecutor.accessTestCaseMainPhase(TestSuiteExecutor.java:169)
	at com.kms.katalon.core.main.TestSuiteExecutor.accessTestSuiteMainPhase(TestSuiteExecutor.java:142)
	at com.kms.katalon.core.main.TestSuiteExecutor.execute(TestSuiteExecutor.java:91)
	at com.kms.katalon.core.main.TestCaseMain.startTestSuite(TestCaseMain.java:157)
	at com.kms.katalon.core.main.TestCaseMain$startTestSuite$0.call(Unknown Source)
	at TempTestSuite1596590023574.run(TempTestSuite1596590023574.groovy:36)


2020-08-05 09:13:47 - [TEST_STEP][PASSED] - startApplication("C:\Users\LENOVO\Katalon Studio\app-uat-universal-release.apk", false): Started app at: 'C:\Users\LENOVO\Katalon Studio\app-uat-universal-release.apk'

2020-08-05 09:13:47 - [MESSAGE][INFO] - User set preference: ['appWaitActivity', '*']

2020-08-05 09:13:47 - [MESSAGE][INFO] - User set preference: ['appWaitPackage', 'com.maybank2u.life.uat']

2020-08-05 09:13:47 - [MESSAGE][INFO] - User set preference: ['appWaitDuration', '50,000']

2020-08-05 09:13:47 - [MESSAGE][INFO] - User set preference: ['deviceId', '11cb9864']

2020-08-05 09:13:49 - [MESSAGE][INFO] - Appium server started on port 58,342

2020-08-05 09:14:09 - [MESSAGE][PASSED] - Started app at: 'C:\Users\LENOVO\Katalon Studio\app-uat-universal-release.apk'

2020-08-05 09:14:09 - [TEST_STEP][PASSED] - delay(10, CONTINUE_ON_FAILURE): Delayed 10 second(s)

2020-08-05 09:14:19 - [MESSAGE][PASSED] - Delayed 10 second(s)

2020-08-05 09:14:19 - [TEST_STEP][PASSED] - tap(findTestObject("Maya/RegisterDuitNow/android.widget.TextView0 - Transfer (1)"), 0): Tapped on element 'Object Repository/Maya/RegisterDuitNow/android.widget.TextView0 - Transfer (1)'

2020-08-05 09:14:20 - [MESSAGE][WARNING] - Timeout '0' is invalid. Using default page load timeout: '10'

2020-08-05 09:14:24 - [MESSAGE][PASSED] - Tapped on element 'Object Repository/Maya/RegisterDuitNow/android.widget.TextView0 - Transfer (1)'

2020-08-05 09:14:24 - [TEST_STEP][PASSED] - delay(2, CONTINUE_ON_FAILURE): Delayed 2 second(s)

2020-08-05 09:14:26 - [MESSAGE][PASSED] - Delayed 2 second(s)

2020-08-05 09:14:26 - [TEST_STEP][PASSED] - takeScreenshot("C:\Users\LENOVO\Screenshot\Third Party\Screenshot1", STOP_ON_FAILURE): Screenshot is taken

2020-08-05 09:14:27 - [MESSAGE][PASSED] - Screenshot is taken
[[ATTACHMENT|C:\\Users\\LENOVO\\Screenshot\\Third Party\\Screenshot1]]

2020-08-05 09:14:27 - [TEST_STEP][PASSED] - setText(findTestObject("Maya/RegisterDuitNow/android.widget.EditText0 (3)"), "pass1234", 0): Text 'pass1234' has been set to element 'Object Repository/Maya/RegisterDuitNow/android.widget.EditText0 (3)'

2020-08-05 09:14:27 - [MESSAGE][WARNING] - Timeout '0' is invalid. Using default page load timeout: '10'

2020-08-05 09:14:28 - [MESSAGE][PASSED] - Text 'pass1234' has been set to element 'Object Repository/Maya/RegisterDuitNow/android.widget.EditText0 (3)'

2020-08-05 09:14:28 - [TEST_STEP][PASSED] - driver = getDriver(): null

2020-08-05 09:14:28 - [TEST_STEP][PASSED] - driver.pressKeyCode(ENTER): null

2020-08-05 09:14:29 - [TEST_STEP][PASSED] - delay(5, STOP_ON_FAILURE): Delayed 5 second(s)

2020-08-05 09:14:34 - [MESSAGE][PASSED] - Delayed 5 second(s)

2020-08-05 09:14:34 - [TEST_STEP][PASSED] - tapAndHoldAtPosition(627, 376, 2): Tapped and held at [627, 376] with duration 2

2020-08-05 09:14:37 - [MESSAGE][PASSED] - Tapped and held at [627, 376] with duration 2

2020-08-05 09:14:37 - [TEST_STEP][PASSED] - delay(2, CONTINUE_ON_FAILURE): Delayed 2 second(s)

2020-08-05 09:14:39 - [MESSAGE][PASSED] - Delayed 2 second(s)

2020-08-05 09:14:39 - [TEST_STEP][PASSED] - takeScreenshot("C:\Users\LENOVO\Screenshot\Third Party\Screenshot2", STOP_ON_FAILURE): Screenshot is taken

2020-08-05 09:14:40 - [MESSAGE][PASSED] - Screenshot is taken
[[ATTACHMENT|C:\\Users\\LENOVO\\Screenshot\\Third Party\\Screenshot2]]

2020-08-05 09:14:40 - [TEST_STEP][PASSED] - delay(2, STOP_ON_FAILURE): Delayed 2 second(s)

2020-08-05 09:14:42 - [MESSAGE][PASSED] - Delayed 2 second(s)

2020-08-05 09:14:42 - [TEST_STEP][PASSED] - tapAndHoldAtPosition(451, 727, 2): Tapped and held at [451, 727] with duration 2

2020-08-05 09:14:46 - [MESSAGE][PASSED] - Tapped and held at [451, 727] with duration 2

2020-08-05 09:14:46 - [TEST_STEP][PASSED] - getText(findTestObject("Maya/RegisterDuitNow/android.widget.TextView0 - DuitNow (2)"), 0): Text of element 'Object Repository/Maya/RegisterDuitNow/android.widget.TextView0 - DuitNow (2)' is: 'DuitNow'

2020-08-05 09:14:46 - [MESSAGE][WARNING] - Timeout '0' is invalid. Using default page load timeout: '10'

2020-08-05 09:14:47 - [MESSAGE][PASSED] - Text of element 'Object Repository/Maya/RegisterDuitNow/android.widget.TextView0 - DuitNow (2)' is: 'DuitNow'

2020-08-05 09:14:47 - [TEST_STEP][PASSED] - verifyElementExist(findTestObject("Maya/RegisterDuitNow/android.widget.TextView0 - DuitNow (2)"), 0): Element 'Object Repository/Maya/RegisterDuitNow/android.widget.TextView0 - DuitNow (2)' is exist

2020-08-05 09:14:47 - [MESSAGE][WARNING] - Timeout '0' is invalid. Using default page load timeout: '10'

2020-08-05 09:14:47 - [MESSAGE][PASSED] - Element 'Object Repository/Maya/RegisterDuitNow/android.widget.TextView0 - DuitNow (2)' is exist

2020-08-05 09:14:47 - [TEST_STEP][PASSED] - delay(2, CONTINUE_ON_FAILURE): Delayed 2 second(s)

2020-08-05 09:14:49 - [MESSAGE][PASSED] - Delayed 2 second(s)

2020-08-05 09:14:49 - [TEST_STEP][PASSED] - takeScreenshot("C:\Users\LENOVO\Screenshot\Third Party\Screenshot3", STOP_ON_FAILURE): Screenshot is taken

2020-08-05 09:14:50 - [MESSAGE][PASSED] - Screenshot is taken
[[ATTACHMENT|C:\\Users\\LENOVO\\Screenshot\\Third Party\\Screenshot3]]

2020-08-05 09:14:50 - [TEST_STEP][PASSED] - getText(findTestObject("Maya/RegisterDuitNow/android.widget.TextView0 - ID type"), 0): Text of element 'Object Repository/Maya/RegisterDuitNow/android.widget.TextView0 - ID type' is: 'ID type'

2020-08-05 09:14:50 - [MESSAGE][WARNING] - Timeout '0' is invalid. Using default page load timeout: '10'

2020-08-05 09:14:50 - [MESSAGE][PASSED] - Text of element 'Object Repository/Maya/RegisterDuitNow/android.widget.TextView0 - ID type' is: 'ID type'

2020-08-05 09:14:50 - [TEST_STEP][PASSED] - verifyElementExist(findTestObject("Maya/RegisterDuitNow/android.widget.TextView0 - ID type"), 0): Element 'Object Repository/Maya/RegisterDuitNow/android.widget.TextView0 - ID type' is exist

2020-08-05 09:14:50 - [MESSAGE][WARNING] - Timeout '0' is invalid. Using default page load timeout: '10'

2020-08-05 09:14:51 - [MESSAGE][PASSED] - Element 'Object Repository/Maya/RegisterDuitNow/android.widget.TextView0 - ID type' is exist

2020-08-05 09:14:51 - [TEST_STEP][PASSED] - tap(findTestObject("Maya/RegisterDuitNow/android.widget.ImageView0 (2)"), 0): Tapped on element 'Object Repository/Maya/RegisterDuitNow/android.widget.ImageView0 (2)'

2020-08-05 09:14:51 - [MESSAGE][WARNING] - Timeout '0' is invalid. Using default page load timeout: '10'

2020-08-05 09:14:52 - [MESSAGE][PASSED] - Tapped on element 'Object Repository/Maya/RegisterDuitNow/android.widget.ImageView0 (2)'

2020-08-05 09:14:52 - [TEST_STEP][PASSED] - delay(5): Delayed 5 second(s)

2020-08-05 09:14:57 - [MESSAGE][PASSED] - Delayed 5 second(s)

2020-08-05 09:14:57 - [TEST_STEP][PASSED] - swipe(592, 1887, 550, 1754): Swiped from 592,1,887 to 550,1,754

2020-08-05 09:14:58 - [MESSAGE][PASSED] - Swiped from 592,1,887 to 550,1,754

2020-08-05 09:14:58 - [TEST_STEP][PASSED] - delay(2, STOP_ON_FAILURE): Delayed 2 second(s)

2020-08-05 09:15:00 - [MESSAGE][PASSED] - Delayed 2 second(s)

2020-08-05 09:15:00 - [TEST_STEP][PASSED] - delay(2, CONTINUE_ON_FAILURE): Delayed 2 second(s)

2020-08-05 09:15:02 - [MESSAGE][PASSED] - Delayed 2 second(s)

2020-08-05 09:15:02 - [TEST_STEP][PASSED] - takeScreenshot("C:\Users\LENOVO\Screenshot\Third Party\Screenshot4", STOP_ON_FAILURE): Screenshot is taken

2020-08-05 09:15:03 - [MESSAGE][PASSED] - Screenshot is taken
[[ATTACHMENT|C:\\Users\\LENOVO\\Screenshot\\Third Party\\Screenshot4]]

2020-08-05 09:15:03 - [TEST_STEP][PASSED] - delay(3, CONTINUE_ON_FAILURE): Delayed 3 second(s)

2020-08-05 09:15:06 - [MESSAGE][PASSED] - Delayed 3 second(s)

2020-08-05 09:15:06 - [TEST_STEP][PASSED] - tap(findTestObject("Maya/RegisterDuitNow/android.widget.TextView0 - Done (1)"), 0): Tapped on element 'Object Repository/Maya/RegisterDuitNow/android.widget.TextView0 - Done (1)'

2020-08-05 09:15:06 - [MESSAGE][WARNING] - Timeout '0' is invalid. Using default page load timeout: '10'

2020-08-05 09:15:07 - [MESSAGE][PASSED] - Tapped on element 'Object Repository/Maya/RegisterDuitNow/android.widget.TextView0 - Done (1)'

2020-08-05 09:15:07 - [TEST_STEP][PASSED] - setText(findTestObject("Maya/RegisterDuitNow/android.widget.EditText0 - Enter NRIC number"), "@#$%%%", 0): Text '@#$%%%' has been set to element 'Object Repository/Maya/RegisterDuitNow/android.widget.EditText0 - Enter NRIC number'

2020-08-05 09:15:07 - [MESSAGE][WARNING] - Timeout '0' is invalid. Using default page load timeout: '10'

2020-08-05 09:15:08 - [MESSAGE][PASSED] - Text '@#$%%%' has been set to element 'Object Repository/Maya/RegisterDuitNow/android.widget.EditText0 - Enter NRIC number'

2020-08-05 09:15:08 - [TEST_STEP][PASSED] - setText(findTestObject("Maya/RegisterDuitNow/android.widget.EditText0 - Enter NRIC number"), "adsgsjd", 0): Text 'adsgsjd' has been set to element 'Object Repository/Maya/RegisterDuitNow/android.widget.EditText0 - Enter NRIC number'

2020-08-05 09:15:09 - [MESSAGE][WARNING] - Timeout '0' is invalid. Using default page load timeout: '10'

2020-08-05 09:15:10 - [MESSAGE][PASSED] - Text 'adsgsjd' has been set to element 'Object Repository/Maya/RegisterDuitNow/android.widget.EditText0 - Enter NRIC number'

2020-08-05 09:15:10 - [TEST_STEP][PASSED] - setText(findTestObject("Maya/RegisterDuitNow/android.widget.EditText0 - Enter NRIC number"), "123456", 0): Text '123456' has been set to element 'Object Repository/Maya/RegisterDuitNow/android.widget.EditText0 - Enter NRIC number'

2020-08-05 09:15:10 - [MESSAGE][WARNING] - Timeout '0' is invalid. Using default page load timeout: '10'

2020-08-05 09:15:12 - [MESSAGE][PASSED] - Text '123456' has been set to element 'Object Repository/Maya/RegisterDuitNow/android.widget.EditText0 - Enter NRIC number'

2020-08-05 09:15:12 - [TEST_STEP][PASSED] - tap(findTestObject("Maya/RegisterDuitNow/android.widget.TextView0 - Continue (3)"), 0): Tapped on element 'Object Repository/Maya/RegisterDuitNow/android.widget.TextView0 - Continue (3)'

2020-08-05 09:15:12 - [MESSAGE][WARNING] - Timeout '0' is invalid. Using default page load timeout: '10'

2020-08-05 09:15:14 - [MESSAGE][PASSED] - Tapped on element 'Object Repository/Maya/RegisterDuitNow/android.widget.TextView0 - Continue (3)'

2020-08-05 09:15:14 - [TEST_STEP][PASSED] - getText(findTestObject("Maya/RegisterDuitNow/android.widget.TextView0 - Please input valid transfer details. (1)"), 0): Text of element 'Object Repository/Maya/RegisterDuitNow/android.widget.TextView0 - Please input valid transfer details. (1)' is: 'Please input valid transfer details.'

2020-08-05 09:15:14 - [MESSAGE][WARNING] - Timeout '0' is invalid. Using default page load timeout: '10'

2020-08-05 09:15:14 - [MESSAGE][PASSED] - Text of element 'Object Repository/Maya/RegisterDuitNow/android.widget.TextView0 - Please input valid transfer details. (1)' is: 'Please input valid transfer details.'

2020-08-05 09:15:14 - [TEST_STEP][PASSED] - takeScreenshot("C:\Users\LENOVO\Screenshot\Third Party\Screenshot5", STOP_ON_FAILURE): Screenshot is taken

2020-08-05 09:15:15 - [MESSAGE][PASSED] - Screenshot is taken
[[ATTACHMENT|C:\\Users\\LENOVO\\Screenshot\\Third Party\\Screenshot5]]

2020-08-05 09:15:15 - [TEST_STEP][PASSED] - verifyElementExist(findTestObject("Maya/RegisterDuitNow/android.widget.TextView0 - Please input valid transfer details. (1)"), 0): Element 'Object Repository/Maya/RegisterDuitNow/android.widget.TextView0 - Please input valid transfer details. (1)' is exist

2020-08-05 09:15:15 - [MESSAGE][WARNING] - Timeout '0' is invalid. Using default page load timeout: '10'

2020-08-05 09:15:15 - [MESSAGE][PASSED] - Element 'Object Repository/Maya/RegisterDuitNow/android.widget.TextView0 - Please input valid transfer details. (1)' is exist

2020-08-05 09:15:15 - [TEST_STEP][PASSED] - clearText(findTestObject("Maya/RegisterDuitNow/android.widget.EditText0 - 123456"), 0): Element 'Object Repository/Maya/RegisterDuitNow/android.widget.EditText0 - 123456' text is cleared

2020-08-05 09:15:15 - [MESSAGE][WARNING] - Timeout '0' is invalid. Using default page load timeout: '10'

2020-08-05 09:15:16 - [MESSAGE][PASSED] - Element 'Object Repository/Maya/RegisterDuitNow/android.widget.EditText0 - 123456' text is cleared

2020-08-05 09:15:16 - [TEST_STEP][PASSED] - getText(findTestObject("Maya/RegisterDuitNow/android.widget.TextView0 - ID type (1)"), 0): Text of element 'Object Repository/Maya/RegisterDuitNow/android.widget.TextView0 - ID type (1)' is: 'ID type'

2020-08-05 09:15:16 - [MESSAGE][WARNING] - Timeout '0' is invalid. Using default page load timeout: '10'

2020-08-05 09:15:16 - [MESSAGE][PASSED] - Text of element 'Object Repository/Maya/RegisterDuitNow/android.widget.TextView0 - ID type (1)' is: 'ID type'

2020-08-05 09:15:16 - [TEST_STEP][PASSED] - verifyElementExist(findTestObject("Maya/RegisterDuitNow/android.widget.TextView0 - ID type (1)"), 0): Element 'Object Repository/Maya/RegisterDuitNow/android.widget.TextView0 - ID type (1)' is exist

2020-08-05 09:15:16 - [MESSAGE][WARNING] - Timeout '0' is invalid. Using default page load timeout: '10'

2020-08-05 09:15:17 - [MESSAGE][PASSED] - Element 'Object Repository/Maya/RegisterDuitNow/android.widget.TextView0 - ID type (1)' is exist

2020-08-05 09:15:17 - [TEST_STEP][PASSED] - takeScreenshot("C:\Users\LENOVO\Screenshot\Third Party\Screenshot6", STOP_ON_FAILURE): Screenshot is taken

2020-08-05 09:15:17 - [MESSAGE][PASSED] - Screenshot is taken
[[ATTACHMENT|C:\\Users\\LENOVO\\Screenshot\\Third Party\\Screenshot6]]

2020-08-05 09:15:17 - [TEST_STEP][PASSED] - getText(findTestObject("Maya/RegisterDuitNow/android.widget.TextView0 - NRIC Number"), 0): Text of element 'Object Repository/Maya/RegisterDuitNow/android.widget.TextView0 - NRIC Number' is: 'NRIC Number'

2020-08-05 09:15:17 - [MESSAGE][WARNING] - Timeout '0' is invalid. Using default page load timeout: '10'

2020-08-05 09:15:18 - [MESSAGE][PASSED] - Text of element 'Object Repository/Maya/RegisterDuitNow/android.widget.TextView0 - NRIC Number' is: 'NRIC Number'

2020-08-05 09:15:18 - [TEST_STEP][PASSED] - verifyElementExist(findTestObject("Maya/RegisterDuitNow/android.widget.TextView0 - NRIC Number"), 0): Element 'Object Repository/Maya/RegisterDuitNow/android.widget.TextView0 - NRIC Number' is exist

2020-08-05 09:15:18 - [MESSAGE][WARNING] - Timeout '0' is invalid. Using default page load timeout: '10'

2020-08-05 09:15:18 - [MESSAGE][PASSED] - Element 'Object Repository/Maya/RegisterDuitNow/android.widget.TextView0 - NRIC Number' is exist

2020-08-05 09:15:18 - [TEST_STEP][PASSED] - getText(findTestObject("Maya/RegisterDuitNow/android.widget.TextView0 - DuitNow (3)"), 0): Text of element 'Object Repository/Maya/RegisterDuitNow/android.widget.TextView0 - DuitNow (3)' is: 'DuitNow'

2020-08-05 09:15:18 - [MESSAGE][WARNING] - Timeout '0' is invalid. Using default page load timeout: '10'

2020-08-05 09:15:18 - [MESSAGE][PASSED] - Text of element 'Object Repository/Maya/RegisterDuitNow/android.widget.TextView0 - DuitNow (3)' is: 'DuitNow'

2020-08-05 09:15:18 - [TEST_STEP][PASSED] - verifyElementExist(findTestObject("Maya/RegisterDuitNow/android.widget.TextView0 - DuitNow (3)"), 0): Element 'Object Repository/Maya/RegisterDuitNow/android.widget.TextView0 - DuitNow (3)' is exist

2020-08-05 09:15:18 - [MESSAGE][WARNING] - Timeout '0' is invalid. Using default page load timeout: '10'

2020-08-05 09:15:19 - [MESSAGE][PASSED] - Element 'Object Repository/Maya/RegisterDuitNow/android.widget.TextView0 - DuitNow (3)' is exist

2020-08-05 09:15:19 - [TEST_STEP][PASSED] - setText(findTestObject("Maya/RegisterDuitNow/android.widget.EditText0 - Enter NRIC number"), "940812115156", 0): Text '940812115156' has been set to element 'Object Repository/Maya/RegisterDuitNow/android.widget.EditText0 - Enter NRIC number'

2020-08-05 09:15:19 - [MESSAGE][WARNING] - Timeout '0' is invalid. Using default page load timeout: '10'

2020-08-05 09:15:20 - [MESSAGE][PASSED] - Text '940812115156' has been set to element 'Object Repository/Maya/RegisterDuitNow/android.widget.EditText0 - Enter NRIC number'

2020-08-05 09:15:20 - [TEST_STEP][PASSED] - tap(findTestObject("Maya/RegisterDuitNow/android.widget.TextView0 - Continue (3)"), 0): Tapped on element 'Object Repository/Maya/RegisterDuitNow/android.widget.TextView0 - Continue (3)'

2020-08-05 09:15:20 - [MESSAGE][WARNING] - Timeout '0' is invalid. Using default page load timeout: '10'

2020-08-05 09:15:22 - [MESSAGE][PASSED] - Tapped on element 'Object Repository/Maya/RegisterDuitNow/android.widget.TextView0 - Continue (3)'

2020-08-05 09:15:22 - [TEST_STEP][PASSED] - getText(findTestObject("Maya/RegisterDuitNow/android.widget.TextView0 - The DuitNow ID entered is inactive."), 0): Text of element 'Object Repository/Maya/RegisterDuitNow/android.widget.TextView0 - The DuitNow ID entered is inactive.' is: 'The DuitNow ID entered is inactive.'

2020-08-05 09:15:22 - [MESSAGE][WARNING] - Timeout '0' is invalid. Using default page load timeout: '10'

2020-08-05 09:15:23 - [MESSAGE][PASSED] - Text of element 'Object Repository/Maya/RegisterDuitNow/android.widget.TextView0 - The DuitNow ID entered is inactive.' is: 'The DuitNow ID entered is inactive.'

2020-08-05 09:15:23 - [TEST_STEP][PASSED] - takeScreenshot("C:\Users\LENOVO\Screenshot\Third Party\Screenshot7", STOP_ON_FAILURE): Screenshot is taken

2020-08-05 09:15:24 - [MESSAGE][PASSED] - Screenshot is taken
[[ATTACHMENT|C:\\Users\\LENOVO\\Screenshot\\Third Party\\Screenshot7]]

2020-08-05 09:15:24 - [TEST_STEP][PASSED] - verifyElementExist(findTestObject("Maya/RegisterDuitNow/android.widget.TextView0 - The DuitNow ID entered is inactive."), 0): Element 'Object Repository/Maya/RegisterDuitNow/android.widget.TextView0 - The DuitNow ID entered is inactive.' is exist

2020-08-05 09:15:24 - [MESSAGE][WARNING] - Timeout '0' is invalid. Using default page load timeout: '10'

2020-08-05 09:15:24 - [MESSAGE][PASSED] - Element 'Object Repository/Maya/RegisterDuitNow/android.widget.TextView0 - The DuitNow ID entered is inactive.' is exist

2020-08-05 09:15:24 - [TEST_STEP][PASSED] - delay(4, STOP_ON_FAILURE): Delayed 4 second(s)

2020-08-05 09:15:28 - [MESSAGE][PASSED] - Delayed 4 second(s)

2020-08-05 09:15:28 - [TEST_STEP][PASSED] - clearText(findTestObject("Maya/RegisterDuitNow/android.widget.EditText0 - 940812 11 5156"), 0): Element 'Object Repository/Maya/RegisterDuitNow/android.widget.EditText0 - 940812 11 5156' text is cleared

2020-08-05 09:15:28 - [MESSAGE][WARNING] - Timeout '0' is invalid. Using default page load timeout: '10'

2020-08-05 09:15:28 - [MESSAGE][PASSED] - Element 'Object Repository/Maya/RegisterDuitNow/android.widget.EditText0 - 940812 11 5156' text is cleared

2020-08-05 09:15:28 - [TEST_STEP][PASSED] - setText(findTestObject("Maya/RegisterDuitNow/android.widget.EditText0 - Enter NRIC number"), "910224010663", 0): Text '910224010663' has been set to element 'Object Repository/Maya/RegisterDuitNow/android.widget.EditText0 - Enter NRIC number'

2020-08-05 09:15:28 - [MESSAGE][WARNING] - Timeout '0' is invalid. Using default page load timeout: '10'

2020-08-05 09:15:30 - [MESSAGE][PASSED] - Text '910224010663' has been set to element 'Object Repository/Maya/RegisterDuitNow/android.widget.EditText0 - Enter NRIC number'

2020-08-05 09:15:30 - [TEST_STEP][PASSED] - tap(findTestObject("Maya/RegisterDuitNow/android.widget.TextView0 - Continue (3)"), 0): Tapped on element 'Object Repository/Maya/RegisterDuitNow/android.widget.TextView0 - Continue (3)'

2020-08-05 09:15:30 - [MESSAGE][WARNING] - Timeout '0' is invalid. Using default page load timeout: '10'

2020-08-05 09:15:32 - [MESSAGE][PASSED] - Tapped on element 'Object Repository/Maya/RegisterDuitNow/android.widget.TextView0 - Continue (3)'

2020-08-05 09:15:32 - [TEST_STEP][PASSED] - getText(findTestObject("Maya/RegisterDuitNow/android.widget.TextView0 - 910224 01 0663"), 0): Text of element 'Object Repository/Maya/RegisterDuitNow/android.widget.TextView0 - 910224 01 0663' is: '910224 01 0663'

2020-08-05 09:15:32 - [MESSAGE][WARNING] - Timeout '0' is invalid. Using default page load timeout: '10'

2020-08-05 09:15:34 - [MESSAGE][PASSED] - Text of element 'Object Repository/Maya/RegisterDuitNow/android.widget.TextView0 - 910224 01 0663' is: '910224 01 0663'

2020-08-05 09:15:34 - [TEST_STEP][PASSED] - delay(2, CONTINUE_ON_FAILURE): Delayed 2 second(s)

2020-08-05 09:15:36 - [MESSAGE][PASSED] - Delayed 2 second(s)

2020-08-05 09:15:36 - [TEST_STEP][PASSED] - takeScreenshot("C:\Users\LENOVO\Screenshot\Third Party\Screenshot8", STOP_ON_FAILURE): Screenshot is taken

2020-08-05 09:15:37 - [MESSAGE][PASSED] - Screenshot is taken
[[ATTACHMENT|C:\\Users\\LENOVO\\Screenshot\\Third Party\\Screenshot8]]

2020-08-05 09:15:37 - [TEST_STEP][PASSED] - verifyElementExist(findTestObject("Maya/RegisterDuitNow/android.widget.TextView0 - 910224 01 0663"), 0): Element 'Object Repository/Maya/RegisterDuitNow/android.widget.TextView0 - 910224 01 0663' is exist

2020-08-05 09:15:37 - [MESSAGE][WARNING] - Timeout '0' is invalid. Using default page load timeout: '10'

2020-08-05 09:15:37 - [MESSAGE][PASSED] - Element 'Object Repository/Maya/RegisterDuitNow/android.widget.TextView0 - 910224 01 0663' is exist

2020-08-05 09:15:37 - [TEST_STEP][PASSED] - getText(findTestObject("Maya/RegisterDuitNow/android.widget.TextView0 - NRIC Number (1)"), 0): Text of element 'Object Repository/Maya/RegisterDuitNow/android.widget.TextView0 - NRIC Number (1)' is: 'NRIC Number'

2020-08-05 09:15:37 - [MESSAGE][WARNING] - Timeout '0' is invalid. Using default page load timeout: '10'

2020-08-05 09:15:37 - [MESSAGE][PASSED] - Text of element 'Object Repository/Maya/RegisterDuitNow/android.widget.TextView0 - NRIC Number (1)' is: 'NRIC Number'

2020-08-05 09:15:37 - [TEST_STEP][PASSED] - verifyElementExist(findTestObject("Maya/RegisterDuitNow/android.widget.TextView0 - NRIC Number (1)"), 0): Element 'Object Repository/Maya/RegisterDuitNow/android.widget.TextView0 - NRIC Number (1)' is exist

2020-08-05 09:15:37 - [MESSAGE][WARNING] - Timeout '0' is invalid. Using default page load timeout: '10'

2020-08-05 09:15:37 - [MESSAGE][PASSED] - Element 'Object Repository/Maya/RegisterDuitNow/android.widget.TextView0 - NRIC Number (1)' is exist

2020-08-05 09:15:37 - [TEST_STEP][PASSED] - getText(findTestObject("Maya/RegisterDuitNow/android.widget.TextView0 - Enter amount (1)"), 0): Text of element 'Object Repository/Maya/RegisterDuitNow/android.widget.TextView0 - Enter amount (1)' is: 'Enter amount'

2020-08-05 09:15:37 - [MESSAGE][WARNING] - Timeout '0' is invalid. Using default page load timeout: '10'

2020-08-05 09:15:38 - [MESSAGE][PASSED] - Text of element 'Object Repository/Maya/RegisterDuitNow/android.widget.TextView0 - Enter amount (1)' is: 'Enter amount'

2020-08-05 09:15:38 - [TEST_STEP][PASSED] - verifyElementExist(findTestObject("Maya/RegisterDuitNow/android.widget.TextView0 - Enter amount (1)"), 0): Element 'Object Repository/Maya/RegisterDuitNow/android.widget.TextView0 - Enter amount (1)' is exist

2020-08-05 09:15:38 - [MESSAGE][WARNING] - Timeout '0' is invalid. Using default page load timeout: '10'

2020-08-05 09:15:38 - [MESSAGE][PASSED] - Element 'Object Repository/Maya/RegisterDuitNow/android.widget.TextView0 - Enter amount (1)' is exist

2020-08-05 09:15:38 - [TEST_STEP][PASSED] - tap(findTestObject("Maya/RegisterDuitNow/android.widget.ImageView0 (5)"), 0): Tapped on element 'Object Repository/Maya/RegisterDuitNow/android.widget.ImageView0 (5)'

2020-08-05 09:15:38 - [MESSAGE][WARNING] - Timeout '0' is invalid. Using default page load timeout: '10'

2020-08-05 09:15:39 - [MESSAGE][PASSED] - Tapped on element 'Object Repository/Maya/RegisterDuitNow/android.widget.ImageView0 (5)'

2020-08-05 09:15:39 - [TEST_STEP][PASSED] - getText(findTestObject("Maya/RegisterDuitNow/android.widget.TextView0 - Amount needs to be at least RM 0.01. (1)"), 0): Text of element 'Object Repository/Maya/RegisterDuitNow/android.widget.TextView0 - Amount needs to be at least RM 0.01. (1)' is: 'Amount needs to be at least RM 0.01.'

2020-08-05 09:15:39 - [MESSAGE][WARNING] - Timeout '0' is invalid. Using default page load timeout: '10'

2020-08-05 09:15:40 - [MESSAGE][PASSED] - Text of element 'Object Repository/Maya/RegisterDuitNow/android.widget.TextView0 - Amount needs to be at least RM 0.01. (1)' is: 'Amount needs to be at least RM 0.01.'

2020-08-05 09:15:40 - [TEST_STEP][PASSED] - takeScreenshot("C:\Users\LENOVO\Screenshot\Third Party\Screenshot9", STOP_ON_FAILURE): Screenshot is taken

2020-08-05 09:15:40 - [MESSAGE][PASSED] - Screenshot is taken
[[ATTACHMENT|C:\\Users\\LENOVO\\Screenshot\\Third Party\\Screenshot9]]

2020-08-05 09:15:40 - [TEST_STEP][PASSED] - verifyElementExist(findTestObject("Maya/RegisterDuitNow/android.widget.TextView0 - Amount needs to be at least RM 0.01. (1)"), 0): Element 'Object Repository/Maya/RegisterDuitNow/android.widget.TextView0 - Amount needs to be at least RM 0.01. (1)' is exist

2020-08-05 09:15:40 - [MESSAGE][WARNING] - Timeout '0' is invalid. Using default page load timeout: '10'

2020-08-05 09:15:41 - [MESSAGE][PASSED] - Element 'Object Repository/Maya/RegisterDuitNow/android.widget.TextView0 - Amount needs to be at least RM 0.01. (1)' is exist

2020-08-05 09:15:41 - [TEST_STEP][PASSED] - tap(findTestObject("Maya/RegisterDuitNow/android.widget.TextView0 - 2 (2)"), 0): Tapped on element 'Object Repository/Maya/RegisterDuitNow/android.widget.TextView0 - 2 (2)'

2020-08-05 09:15:41 - [MESSAGE][WARNING] - Timeout '0' is invalid. Using default page load timeout: '10'

2020-08-05 09:15:44 - [MESSAGE][PASSED] - Tapped on element 'Object Repository/Maya/RegisterDuitNow/android.widget.TextView0 - 2 (2)'

2020-08-05 09:15:44 - [TEST_STEP][PASSED] - tap(findTestObject("Maya/RegisterDuitNow/android.widget.TextView0 - 0 (2)"), 0): Tapped on element 'Object Repository/Maya/RegisterDuitNow/android.widget.TextView0 - 0 (2)'

2020-08-05 09:15:44 - [MESSAGE][WARNING] - Timeout '0' is invalid. Using default page load timeout: '10'

2020-08-05 09:15:48 - [MESSAGE][PASSED] - Tapped on element 'Object Repository/Maya/RegisterDuitNow/android.widget.TextView0 - 0 (2)'

2020-08-05 09:15:48 - [TEST_STEP][PASSED] - tap(findTestObject("Maya/RegisterDuitNow/android.widget.TextView0 - 0 (2)"), 0): Tapped on element 'Object Repository/Maya/RegisterDuitNow/android.widget.TextView0 - 0 (2)'

2020-08-05 09:15:48 - [MESSAGE][WARNING] - Timeout '0' is invalid. Using default page load timeout: '10'

2020-08-05 09:15:51 - [MESSAGE][PASSED] - Tapped on element 'Object Repository/Maya/RegisterDuitNow/android.widget.TextView0 - 0 (2)'

2020-08-05 09:15:51 - [TEST_STEP][PASSED] - tap(findTestObject("Maya/RegisterDuitNow/android.widget.TextView0 - 0 (2)"), 0): Tapped on element 'Object Repository/Maya/RegisterDuitNow/android.widget.TextView0 - 0 (2)'

2020-08-05 09:15:51 - [MESSAGE][WARNING] - Timeout '0' is invalid. Using default page load timeout: '10'

2020-08-05 09:15:55 - [MESSAGE][PASSED] - Tapped on element 'Object Repository/Maya/RegisterDuitNow/android.widget.TextView0 - 0 (2)'

2020-08-05 09:15:55 - [TEST_STEP][PASSED] - tap(findTestObject("Maya/RegisterDuitNow/android.widget.TextView0 - 0 (2)"), 0): Tapped on element 'Object Repository/Maya/RegisterDuitNow/android.widget.TextView0 - 0 (2)'

2020-08-05 09:15:55 - [MESSAGE][WARNING] - Timeout '0' is invalid. Using default page load timeout: '10'

2020-08-05 09:15:58 - [MESSAGE][PASSED] - Tapped on element 'Object Repository/Maya/RegisterDuitNow/android.widget.TextView0 - 0 (2)'

2020-08-05 09:15:58 - [TEST_STEP][PASSED] - tap(findTestObject("Maya/RegisterDuitNow/android.widget.TextView0 - 0 (2)"), 0): Tapped on element 'Object Repository/Maya/RegisterDuitNow/android.widget.TextView0 - 0 (2)'

2020-08-05 09:15:58 - [MESSAGE][WARNING] - Timeout '0' is invalid. Using default page load timeout: '10'

2020-08-05 09:16:02 - [MESSAGE][PASSED] - Tapped on element 'Object Repository/Maya/RegisterDuitNow/android.widget.TextView0 - 0 (2)'

2020-08-05 09:16:02 - [TEST_STEP][PASSED] - tap(findTestObject("Maya/RegisterDuitNow/android.widget.TextView0 - 0 (2)"), 0): Tapped on element 'Object Repository/Maya/RegisterDuitNow/android.widget.TextView0 - 0 (2)'

2020-08-05 09:16:02 - [MESSAGE][WARNING] - Timeout '0' is invalid. Using default page load timeout: '10'

2020-08-05 09:16:06 - [MESSAGE][PASSED] - Tapped on element 'Object Repository/Maya/RegisterDuitNow/android.widget.TextView0 - 0 (2)'

2020-08-05 09:16:06 - [TEST_STEP][PASSED] - tap(findTestObject("Maya/RegisterDuitNow/android.widget.ImageView0 (5)"), 0): Tapped on element 'Object Repository/Maya/RegisterDuitNow/android.widget.ImageView0 (5)'

2020-08-05 09:16:06 - [MESSAGE][WARNING] - Timeout '0' is invalid. Using default page load timeout: '10'

2020-08-05 09:16:06 - [MESSAGE][PASSED] - Tapped on element 'Object Repository/Maya/RegisterDuitNow/android.widget.ImageView0 (5)'

2020-08-05 09:16:06 - [TEST_STEP][PASSED] - getText(findTestObject("Maya/RegisterDuitNow/android.widget.TextView0 - 910224 01 0663 (1)"), 0): Text of element 'Object Repository/Maya/RegisterDuitNow/android.widget.TextView0 - 910224 01 0663 (1)' is: '910224 01 0663'

2020-08-05 09:16:06 - [MESSAGE][WARNING] - Timeout '0' is invalid. Using default page load timeout: '10'

2020-08-05 09:16:08 - [MESSAGE][PASSED] - Text of element 'Object Repository/Maya/RegisterDuitNow/android.widget.TextView0 - 910224 01 0663 (1)' is: '910224 01 0663'

2020-08-05 09:16:08 - [TEST_STEP][PASSED] - delay(2, CONTINUE_ON_FAILURE): Delayed 2 second(s)

2020-08-05 09:16:10 - [MESSAGE][PASSED] - Delayed 2 second(s)

2020-08-05 09:16:10 - [TEST_STEP][PASSED] - takeScreenshot("C:\Users\LENOVO\Screenshot\Third Party\Screenshot10", STOP_ON_FAILURE): Screenshot is taken

2020-08-05 09:16:11 - [MESSAGE][PASSED] - Screenshot is taken
[[ATTACHMENT|C:\\Users\\LENOVO\\Screenshot\\Third Party\\Screenshot10]]

2020-08-05 09:16:11 - [TEST_STEP][PASSED] - verifyElementExist(findTestObject("Maya/RegisterDuitNow/android.widget.TextView0 - 910224 01 0663 (1)"), 0): Element 'Object Repository/Maya/RegisterDuitNow/android.widget.TextView0 - 910224 01 0663 (1)' is exist

2020-08-05 09:16:11 - [MESSAGE][WARNING] - Timeout '0' is invalid. Using default page load timeout: '10'

2020-08-05 09:16:11 - [MESSAGE][PASSED] - Element 'Object Repository/Maya/RegisterDuitNow/android.widget.TextView0 - 910224 01 0663 (1)' is exist

2020-08-05 09:16:11 - [TEST_STEP][PASSED] - getText(findTestObject("Maya/RegisterDuitNow/android.widget.TextView0 - NRIC Number (2)"), 0): Text of element 'Object Repository/Maya/RegisterDuitNow/android.widget.TextView0 - NRIC Number (2)' is: 'NRIC Number'

2020-08-05 09:16:12 - [MESSAGE][WARNING] - Timeout '0' is invalid. Using default page load timeout: '10'

2020-08-05 09:16:12 - [MESSAGE][PASSED] - Text of element 'Object Repository/Maya/RegisterDuitNow/android.widget.TextView0 - NRIC Number (2)' is: 'NRIC Number'

2020-08-05 09:16:12 - [TEST_STEP][PASSED] - verifyElementExist(findTestObject("Maya/RegisterDuitNow/android.widget.TextView0 - NRIC Number (2)"), 0): Element 'Object Repository/Maya/RegisterDuitNow/android.widget.TextView0 - NRIC Number (2)' is exist

2020-08-05 09:16:12 - [MESSAGE][WARNING] - Timeout '0' is invalid. Using default page load timeout: '10'

2020-08-05 09:16:12 - [MESSAGE][PASSED] - Element 'Object Repository/Maya/RegisterDuitNow/android.widget.TextView0 - NRIC Number (2)' is exist

2020-08-05 09:16:12 - [TEST_STEP][PASSED] - getText(findTestObject("Maya/RegisterDuitNow/android.widget.TextView0 - XXXXX XXXX XXXXXXX XX"), 0): Text of element 'Object Repository/Maya/RegisterDuitNow/android.widget.TextView0 - XXXXX XXXX XXXXXXX XX' is: 'BIMBB TEST DUITNOW ID'

2020-08-05 09:16:12 - [MESSAGE][WARNING] - Timeout '0' is invalid. Using default page load timeout: '10'

2020-08-05 09:16:12 - [MESSAGE][PASSED] - Text of element 'Object Repository/Maya/RegisterDuitNow/android.widget.TextView0 - XXXXX XXXX XXXXXXX XX' is: 'BIMBB TEST DUITNOW ID'

2020-08-05 09:16:12 - [TEST_STEP][PASSED] - verifyElementExist(findTestObject("Maya/RegisterDuitNow/android.widget.TextView0 - XXXXX XXXX XXXXXXX XX"), 0): Element 'Object Repository/Maya/RegisterDuitNow/android.widget.TextView0 - XXXXX XXXX XXXXXXX XX' is exist

2020-08-05 09:16:12 - [MESSAGE][WARNING] - Timeout '0' is invalid. Using default page load timeout: '10'

2020-08-05 09:16:13 - [MESSAGE][PASSED] - Element 'Object Repository/Maya/RegisterDuitNow/android.widget.TextView0 - XXXXX XXXX XXXXXXX XX' is exist

2020-08-05 09:16:13 - [TEST_STEP][PASSED] - tap(findTestObject("Maya/RegisterDuitNow/android.widget.ImageView0 (6)"), 0): Tapped on element 'Object Repository/Maya/RegisterDuitNow/android.widget.ImageView0 (6)'

2020-08-05 09:16:13 - [MESSAGE][WARNING] - Timeout '0' is invalid. Using default page load timeout: '10'

2020-08-05 09:16:13 - [MESSAGE][PASSED] - Tapped on element 'Object Repository/Maya/RegisterDuitNow/android.widget.ImageView0 (6)'

2020-08-05 09:16:13 - [TEST_STEP][PASSED] - getText(findTestObject("Maya/RegisterDuitNow/android.widget.TextView0 - Enter amount (1)"), 0): Text of element 'Object Repository/Maya/RegisterDuitNow/android.widget.TextView0 - Enter amount (1)' is: 'Enter amount'

2020-08-05 09:16:13 - [MESSAGE][WARNING] - Timeout '0' is invalid. Using default page load timeout: '10'

2020-08-05 09:16:15 - [MESSAGE][PASSED] - Text of element 'Object Repository/Maya/RegisterDuitNow/android.widget.TextView0 - Enter amount (1)' is: 'Enter amount'

2020-08-05 09:16:15 - [TEST_STEP][PASSED] - verifyElementExist(findTestObject("Maya/RegisterDuitNow/android.widget.TextView0 - Enter amount (1)"), 0): Element 'Object Repository/Maya/RegisterDuitNow/android.widget.TextView0 - Enter amount (1)' is exist

2020-08-05 09:16:15 - [MESSAGE][WARNING] - Timeout '0' is invalid. Using default page load timeout: '10'

2020-08-05 09:16:15 - [MESSAGE][PASSED] - Element 'Object Repository/Maya/RegisterDuitNow/android.widget.TextView0 - Enter amount (1)' is exist

2020-08-05 09:16:15 - [TEST_STEP][PASSED] - delay(2, CONTINUE_ON_FAILURE): Delayed 2 second(s)

2020-08-05 09:16:17 - [MESSAGE][PASSED] - Delayed 2 second(s)

2020-08-05 09:16:17 - [TEST_STEP][PASSED] - takeScreenshot("C:\Users\LENOVO\Screenshot\Third Party\Screenshot11", STOP_ON_FAILURE): Screenshot is taken

2020-08-05 09:16:18 - [MESSAGE][PASSED] - Screenshot is taken
[[ATTACHMENT|C:\\Users\\LENOVO\\Screenshot\\Third Party\\Screenshot11]]

2020-08-05 09:16:18 - [TEST_STEP][PASSED] - getText(findTestObject("Maya/RegisterDuitNow/android.widget.TextView0 - XXXXX XXXX XXXXXXX XX (1)"), 0): Text of element 'Object Repository/Maya/RegisterDuitNow/android.widget.TextView0 - XXXXX XXXX XXXXXXX XX (1)' is: 'BIMBB TEST DUITNOW ID'

2020-08-05 09:16:18 - [MESSAGE][WARNING] - Timeout '0' is invalid. Using default page load timeout: '10'

2020-08-05 09:16:18 - [MESSAGE][PASSED] - Text of element 'Object Repository/Maya/RegisterDuitNow/android.widget.TextView0 - XXXXX XXXX XXXXXXX XX (1)' is: 'BIMBB TEST DUITNOW ID'

2020-08-05 09:16:18 - [TEST_STEP][PASSED] - verifyElementExist(findTestObject("Maya/RegisterDuitNow/android.widget.TextView0 - XXXXX XXXX XXXXXXX XX (1)"), 0): Element 'Object Repository/Maya/RegisterDuitNow/android.widget.TextView0 - XXXXX XXXX XXXXXXX XX (1)' is exist

2020-08-05 09:16:18 - [MESSAGE][WARNING] - Timeout '0' is invalid. Using default page load timeout: '10'

2020-08-05 09:16:19 - [MESSAGE][PASSED] - Element 'Object Repository/Maya/RegisterDuitNow/android.widget.TextView0 - XXXXX XXXX XXXXXXX XX (1)' is exist

2020-08-05 09:16:19 - [TEST_STEP][PASSED] - tap(findTestObject("Maya/RegisterDuitNow/android.widget.ImageView0 (5)"), 0): Tapped on element 'Object Repository/Maya/RegisterDuitNow/android.widget.ImageView0 (5)'

2020-08-05 09:16:19 - [MESSAGE][WARNING] - Timeout '0' is invalid. Using default page load timeout: '10'

2020-08-05 09:16:20 - [MESSAGE][PASSED] - Tapped on element 'Object Repository/Maya/RegisterDuitNow/android.widget.ImageView0 (5)'

2020-08-05 09:16:20 - [TEST_STEP][PASSED] - getText(findTestObject("Maya/RegisterDuitNow/android.widget.TextView0 - Enter recipient reference (1)"), 0): Text of element 'Object Repository/Maya/RegisterDuitNow/android.widget.TextView0 - Enter recipient reference (1)' is: 'Enter recipient reference'

2020-08-05 09:16:20 - [MESSAGE][WARNING] - Timeout '0' is invalid. Using default page load timeout: '10'

2020-08-05 09:16:21 - [MESSAGE][PASSED] - Text of element 'Object Repository/Maya/RegisterDuitNow/android.widget.TextView0 - Enter recipient reference (1)' is: 'Enter recipient reference'

2020-08-05 09:16:21 - [TEST_STEP][PASSED] - verifyElementExist(findTestObject("Maya/RegisterDuitNow/android.widget.TextView0 - Enter recipient reference (1)"), 0): Element 'Object Repository/Maya/RegisterDuitNow/android.widget.TextView0 - Enter recipient reference (1)' is exist

2020-08-05 09:16:21 - [MESSAGE][WARNING] - Timeout '0' is invalid. Using default page load timeout: '10'

2020-08-05 09:16:22 - [MESSAGE][PASSED] - Element 'Object Repository/Maya/RegisterDuitNow/android.widget.TextView0 - Enter recipient reference (1)' is exist

2020-08-05 09:16:22 - [TEST_STEP][PASSED] - delay(2, CONTINUE_ON_FAILURE): Delayed 2 second(s)

2020-08-05 09:16:24 - [MESSAGE][PASSED] - Delayed 2 second(s)

2020-08-05 09:16:24 - [TEST_STEP][PASSED] - takeScreenshot("C:\Users\LENOVO\Screenshot\Third Party\Screenshot12", STOP_ON_FAILURE): Screenshot is taken

2020-08-05 09:16:25 - [MESSAGE][PASSED] - Screenshot is taken
[[ATTACHMENT|C:\\Users\\LENOVO\\Screenshot\\Third Party\\Screenshot12]]

2020-08-05 09:16:25 - [TEST_STEP][PASSED] - setText(findTestObject("Maya/RegisterDuitNow/android.widget.EditText0 (4)"), "chk", 0): Text 'chk' has been set to element 'Object Repository/Maya/RegisterDuitNow/android.widget.EditText0 (4)'

2020-08-05 09:16:25 - [MESSAGE][WARNING] - Timeout '0' is invalid. Using default page load timeout: '10'

2020-08-05 09:16:26 - [MESSAGE][PASSED] - Text 'chk' has been set to element 'Object Repository/Maya/RegisterDuitNow/android.widget.EditText0 (4)'

2020-08-05 09:16:26 - [TEST_STEP][PASSED] - hideKeyboard(): Keyboard is hidden

2020-08-05 09:16:30 - [MESSAGE][PASSED] - Keyboard is hidden

2020-08-05 09:16:30 - [TEST_STEP][PASSED] - delay(4, STOP_ON_FAILURE): Delayed 4 second(s)

2020-08-05 09:16:34 - [MESSAGE][PASSED] - Delayed 4 second(s)

2020-08-05 09:16:34 - [TEST_STEP][PASSED] - tap(findTestObject("Maya/RegisterDuitNow/android.widget.TextView0 - Continue (4)"), 0): Tapped on element 'Object Repository/Maya/RegisterDuitNow/android.widget.TextView0 - Continue (4)'

2020-08-05 09:16:34 - [MESSAGE][WARNING] - Timeout '0' is invalid. Using default page load timeout: '10'

2020-08-05 09:16:35 - [MESSAGE][PASSED] - Tapped on element 'Object Repository/Maya/RegisterDuitNow/android.widget.TextView0 - Continue (4)'

2020-08-05 09:16:35 - [TEST_STEP][NOT_RUN] - getText(findTestObject("Maya/RegisterDuitNow/android.widget.TextView0 - DuitNow (3)"), 0): NOT_RUN: getText(findTestObject("Maya/RegisterDuitNow/android.widget.TextView0 - DuitNow (3)"), 0)

2020-08-05 09:16:35 - [MESSAGE][NOT_RUN] - NOT_RUN: getText(findTestObject("Maya/RegisterDuitNow/android.widget.TextView0 - DuitNow (3)"), 0)

2020-08-05 09:16:35 - [TEST_STEP][PASSED] - tap(findTestObject("Maya/RegisterDuitNow/android.widget.TextView0 - Today"), 0): Tapped on element 'Object Repository/Maya/RegisterDuitNow/android.widget.TextView0 - Today'

2020-08-05 09:16:35 - [MESSAGE][WARNING] - Timeout '0' is invalid. Using default page load timeout: '10'

2020-08-05 09:16:38 - [MESSAGE][PASSED] - Tapped on element 'Object Repository/Maya/RegisterDuitNow/android.widget.TextView0 - Today'

2020-08-05 09:16:38 - [TEST_STEP][PASSED] - tap(findTestObject("Maya/RegisterDuitNow/android.widget.TextView0 - Done (4)"), 0): Tapped on element 'Object Repository/Maya/RegisterDuitNow/android.widget.TextView0 - Done (4)'

2020-08-05 09:16:38 - [MESSAGE][WARNING] - Timeout '0' is invalid. Using default page load timeout: '10'

2020-08-05 09:16:40 - [MESSAGE][PASSED] - Tapped on element 'Object Repository/Maya/RegisterDuitNow/android.widget.TextView0 - Done (4)'

2020-08-05 09:16:40 - [TEST_STEP][PASSED] - getText(findTestObject("Maya/RegisterDuitNow/android.widget.TextView0 - Date (1)"), 0): Text of element 'Object Repository/Maya/RegisterDuitNow/android.widget.TextView0 - Date (1)' is: 'Date'

2020-08-05 09:16:40 - [MESSAGE][WARNING] - Timeout '0' is invalid. Using default page load timeout: '10'

2020-08-05 09:16:40 - [MESSAGE][PASSED] - Text of element 'Object Repository/Maya/RegisterDuitNow/android.widget.TextView0 - Date (1)' is: 'Date'

2020-08-05 09:16:40 - [TEST_STEP][PASSED] - verifyElementExist(findTestObject("Maya/RegisterDuitNow/android.widget.TextView0 - Date (1)"), 0): Element 'Object Repository/Maya/RegisterDuitNow/android.widget.TextView0 - Date (1)' is exist

2020-08-05 09:16:40 - [MESSAGE][WARNING] - Timeout '0' is invalid. Using default page load timeout: '10'

2020-08-05 09:16:41 - [MESSAGE][PASSED] - Element 'Object Repository/Maya/RegisterDuitNow/android.widget.TextView0 - Date (1)' is exist

2020-08-05 09:16:41 - [TEST_STEP][PASSED] - getText(findTestObject("Maya/RegisterDuitNow/android.widget.TextView0 - Transfer type (1)"), 0): Text of element 'Object Repository/Maya/RegisterDuitNow/android.widget.TextView0 - Transfer type (1)' is: 'Transfer type'

2020-08-05 09:16:41 - [MESSAGE][WARNING] - Timeout '0' is invalid. Using default page load timeout: '10'

2020-08-05 09:16:41 - [MESSAGE][PASSED] - Text of element 'Object Repository/Maya/RegisterDuitNow/android.widget.TextView0 - Transfer type (1)' is: 'Transfer type'

2020-08-05 09:16:41 - [TEST_STEP][PASSED] - verifyElementExist(findTestObject("Maya/RegisterDuitNow/android.widget.TextView0 - Transfer type (1)"), 0): Element 'Object Repository/Maya/RegisterDuitNow/android.widget.TextView0 - Transfer type (1)' is exist

2020-08-05 09:16:41 - [MESSAGE][WARNING] - Timeout '0' is invalid. Using default page load timeout: '10'

2020-08-05 09:16:41 - [MESSAGE][PASSED] - Element 'Object Repository/Maya/RegisterDuitNow/android.widget.TextView0 - Transfer type (1)' is exist

2020-08-05 09:16:41 - [TEST_STEP][PASSED] - getText(findTestObject("Maya/RegisterDuitNow/android.widget.TextView0 - ID type (2)"), 0): Text of element 'Object Repository/Maya/RegisterDuitNow/android.widget.TextView0 - ID type (2)' is: 'ID type'

2020-08-05 09:16:41 - [MESSAGE][WARNING] - Timeout '0' is invalid. Using default page load timeout: '10'

2020-08-05 09:16:41 - [MESSAGE][PASSED] - Text of element 'Object Repository/Maya/RegisterDuitNow/android.widget.TextView0 - ID type (2)' is: 'ID type'

2020-08-05 09:16:41 - [TEST_STEP][PASSED] - verifyElementExist(findTestObject("Maya/RegisterDuitNow/android.widget.TextView0 - ID type (2)"), 0): Element 'Object Repository/Maya/RegisterDuitNow/android.widget.TextView0 - ID type (2)' is exist

2020-08-05 09:16:42 - [MESSAGE][WARNING] - Timeout '0' is invalid. Using default page load timeout: '10'

2020-08-05 09:16:42 - [MESSAGE][PASSED] - Element 'Object Repository/Maya/RegisterDuitNow/android.widget.TextView0 - ID type (2)' is exist

2020-08-05 09:16:42 - [TEST_STEP][PASSED] - getText(findTestObject("Maya/RegisterDuitNow/android.widget.TextView0 - NRIC Number (3)"), 0): Text of element 'Object Repository/Maya/RegisterDuitNow/android.widget.TextView0 - NRIC Number (3)' is: 'NRIC Number'

2020-08-05 09:16:42 - [MESSAGE][WARNING] - Timeout '0' is invalid. Using default page load timeout: '10'

2020-08-05 09:16:42 - [MESSAGE][PASSED] - Text of element 'Object Repository/Maya/RegisterDuitNow/android.widget.TextView0 - NRIC Number (3)' is: 'NRIC Number'

2020-08-05 09:16:42 - [TEST_STEP][PASSED] - verifyElementExist(findTestObject("Maya/RegisterDuitNow/android.widget.TextView0 - NRIC Number (3)"), 0): Element 'Object Repository/Maya/RegisterDuitNow/android.widget.TextView0 - NRIC Number (3)' is exist

2020-08-05 09:16:42 - [MESSAGE][WARNING] - Timeout '0' is invalid. Using default page load timeout: '10'

2020-08-05 09:16:42 - [MESSAGE][PASSED] - Element 'Object Repository/Maya/RegisterDuitNow/android.widget.TextView0 - NRIC Number (3)' is exist

2020-08-05 09:16:42 - [TEST_STEP][PASSED] - getText(findTestObject("Maya/RegisterDuitNow/android.widget.TextView0 - Recipient reference (1)"), 0): Text of element 'Object Repository/Maya/RegisterDuitNow/android.widget.TextView0 - Recipient reference (1)' is: 'Recipient reference'

2020-08-05 09:16:42 - [MESSAGE][WARNING] - Timeout '0' is invalid. Using default page load timeout: '10'

2020-08-05 09:16:43 - [MESSAGE][PASSED] - Text of element 'Object Repository/Maya/RegisterDuitNow/android.widget.TextView0 - Recipient reference (1)' is: 'Recipient reference'

2020-08-05 09:16:43 - [TEST_STEP][PASSED] - verifyElementExist(findTestObject("Maya/RegisterDuitNow/android.widget.TextView0 - Recipient reference (1)"), 0): Element 'Object Repository/Maya/RegisterDuitNow/android.widget.TextView0 - Recipient reference (1)' is exist

2020-08-05 09:16:43 - [MESSAGE][WARNING] - Timeout '0' is invalid. Using default page load timeout: '10'

2020-08-05 09:16:43 - [MESSAGE][PASSED] - Element 'Object Repository/Maya/RegisterDuitNow/android.widget.TextView0 - Recipient reference (1)' is exist

2020-08-05 09:16:43 - [TEST_STEP][PASSED] - delay(2, CONTINUE_ON_FAILURE): Delayed 2 second(s)

2020-08-05 09:16:45 - [MESSAGE][PASSED] - Delayed 2 second(s)

2020-08-05 09:16:45 - [TEST_STEP][PASSED] - takeScreenshot("C:\Users\LENOVO\Screenshot\Third Party\Screenshot13", STOP_ON_FAILURE): Screenshot is taken

2020-08-05 09:16:46 - [MESSAGE][PASSED] - Screenshot is taken
[[ATTACHMENT|C:\\Users\\LENOVO\\Screenshot\\Third Party\\Screenshot13]]

2020-08-05 09:16:46 - [TEST_STEP][PASSED] - tap(findTestObject("Maya/RegisterDuitNow/android.widget.TextView0 - Transfer Now (1)"), 0): Tapped on element 'Object Repository/Maya/RegisterDuitNow/android.widget.TextView0 - Transfer Now (1)'

2020-08-05 09:16:46 - [MESSAGE][WARNING] - Timeout '0' is invalid. Using default page load timeout: '10'

2020-08-05 09:16:47 - [MESSAGE][PASSED] - Tapped on element 'Object Repository/Maya/RegisterDuitNow/android.widget.TextView0 - Transfer Now (1)'

2020-08-05 09:16:47 - [TEST_STEP][PASSED] - takeScreenshot("C:\Users\LENOVO\Screenshot\Third Party\Screenshot19", STOP_ON_FAILURE): Screenshot is taken

2020-08-05 09:16:48 - [MESSAGE][PASSED] - Screenshot is taken
[[ATTACHMENT|C:\\Users\\LENOVO\\Screenshot\\Third Party\\Screenshot19]]

2020-08-05 09:16:48 - [TEST_STEP][PASSED] - if (verifyElementExist(findTestObject("Maya/spy/android.widget.TextView0 - Your TAC no. is 822872v3"), 3)): null

2020-08-05 09:16:50 - [MESSAGE][PASSED] - Element 'Object Repository/Maya/spy/android.widget.TextView0 - Your TAC no. is 822872v3' is exist

2020-08-05 09:16:50 - [TEST_STEP][PASSED] - otpM = getText(findTestObject("Maya/spy/android.widget.TextView0 - Your TAC no. is 822872v3"), 0): Text of element 'Object Repository/Maya/spy/android.widget.TextView0 - Your TAC no. is 822872v3' is: 'Your TAC no. is 358944'

2020-08-05 09:16:50 - [MESSAGE][WARNING] - Timeout '0' is invalid. Using default page load timeout: '10'

2020-08-05 09:16:51 - [MESSAGE][PASSED] - Text of element 'Object Repository/Maya/spy/android.widget.TextView0 - Your TAC no. is 822872v3' is: 'Your TAC no. is 358944'

2020-08-05 09:16:51 - [TEST_STEP][PASSED] - delay(2): Delayed 2 second(s)

2020-08-05 09:16:53 - [MESSAGE][PASSED] - Delayed 2 second(s)

2020-08-05 09:16:53 - [TEST_STEP][PASSED] - for ([i = 16, i <= 21, (i++)]): null

2020-08-05 09:16:53 - [TEST_STEP][PASSED] - delay(3, STOP_ON_FAILURE): Delayed 3 second(s)

2020-08-05 09:16:56 - [MESSAGE][PASSED] - Delayed 3 second(s)

2020-08-05 09:16:56 - [TEST_STEP][PASSED] - if (otpM[i] == "0"): null

2020-08-05 09:16:56 - [TEST_STEP][PASSED] - if (otpM[i] == "1"): null

2020-08-05 09:16:56 - [TEST_STEP][PASSED] - if (otpM[i] == "2"): null

2020-08-05 09:16:56 - [TEST_STEP][PASSED] - if (otpM[i] == "3"): Tapped on element 'Object Repository/Maya/login again/Spy- 3'

2020-08-05 09:16:56 - [TEST_STEP][PASSED] - delay(1, STOP_ON_FAILURE): Delayed 1 second(s)

2020-08-05 09:16:57 - [MESSAGE][PASSED] - Delayed 1 second(s)

2020-08-05 09:16:57 - [TEST_STEP][NOT_RUN] - tap(findTestObject("MAYA SIT v118/spy/TAC - keypad 3"), 0): NOT_RUN: tap(findTestObject("MAYA SIT v118/spy/TAC - keypad 3"), 0)

2020-08-05 09:16:57 - [MESSAGE][NOT_RUN] - NOT_RUN: tap(findTestObject("MAYA SIT v118/spy/TAC - keypad 3"), 0)

2020-08-05 09:16:57 - [TEST_STEP][PASSED] - tap(findTestObject("Maya/login again/Spy- 3"), 0): Tapped on element 'Object Repository/Maya/login again/Spy- 3'

2020-08-05 09:16:57 - [MESSAGE][WARNING] - Timeout '0' is invalid. Using default page load timeout: '10'

2020-08-05 09:16:58 - [MESSAGE][PASSED] - Tapped on element 'Object Repository/Maya/login again/Spy- 3'

2020-08-05 09:16:58 - [TEST_STEP][PASSED] - if (otpM[i] == "4"): null

2020-08-05 09:16:58 - [TEST_STEP][PASSED] - if (otpM[i] == "5"): null

2020-08-05 09:16:58 - [TEST_STEP][PASSED] - if (otpM[i] == "6"): null

2020-08-05 09:16:58 - [TEST_STEP][PASSED] - if (otpM[i] == "7"): null

2020-08-05 09:16:58 - [TEST_STEP][PASSED] - if (otpM[i] == "8"): null

2020-08-05 09:16:58 - [TEST_STEP][PASSED] - if (otpM[i] == "9"): null

2020-08-05 09:16:58 - [TEST_STEP][PASSED] - delay(3, STOP_ON_FAILURE): Delayed 3 second(s)

2020-08-05 09:17:01 - [MESSAGE][PASSED] - Delayed 3 second(s)

2020-08-05 09:17:01 - [TEST_STEP][PASSED] - if (otpM[i] == "0"): null

2020-08-05 09:17:01 - [TEST_STEP][PASSED] - if (otpM[i] == "1"): null

2020-08-05 09:17:01 - [TEST_STEP][PASSED] - if (otpM[i] == "2"): null

2020-08-05 09:17:01 - [TEST_STEP][PASSED] - if (otpM[i] == "3"): null

2020-08-05 09:17:01 - [TEST_STEP][PASSED] - if (otpM[i] == "4"): null

2020-08-05 09:17:01 - [TEST_STEP][PASSED] - if (otpM[i] == "5"): Tapped on element 'Object Repository/Maya/login again/Spy- 5'

2020-08-05 09:17:01 - [TEST_STEP][PASSED] - delay(1, STOP_ON_FAILURE): Delayed 1 second(s)

2020-08-05 09:17:02 - [MESSAGE][PASSED] - Delayed 1 second(s)

2020-08-05 09:17:02 - [TEST_STEP][PASSED] - tap(findTestObject("Maya/login again/Spy- 5"), 0): Tapped on element 'Object Repository/Maya/login again/Spy- 5'

2020-08-05 09:17:02 - [MESSAGE][WARNING] - Timeout '0' is invalid. Using default page load timeout: '10'

2020-08-05 09:17:04 - [MESSAGE][PASSED] - Tapped on element 'Object Repository/Maya/login again/Spy- 5'

2020-08-05 09:17:04 - [TEST_STEP][PASSED] - if (otpM[i] == "6"): null

2020-08-05 09:17:04 - [TEST_STEP][PASSED] - if (otpM[i] == "7"): null

2020-08-05 09:17:04 - [TEST_STEP][PASSED] - if (otpM[i] == "8"): null

2020-08-05 09:17:04 - [TEST_STEP][PASSED] - if (otpM[i] == "9"): null

2020-08-05 09:17:04 - [TEST_STEP][PASSED] - delay(3, STOP_ON_FAILURE): Delayed 3 second(s)

2020-08-05 09:17:07 - [MESSAGE][PASSED] - Delayed 3 second(s)

2020-08-05 09:17:07 - [TEST_STEP][PASSED] - if (otpM[i] == "0"): null

2020-08-05 09:17:07 - [TEST_STEP][PASSED] - if (otpM[i] == "1"): null

2020-08-05 09:17:07 - [TEST_STEP][PASSED] - if (otpM[i] == "2"): null

2020-08-05 09:17:07 - [TEST_STEP][PASSED] - if (otpM[i] == "3"): null

2020-08-05 09:17:07 - [TEST_STEP][PASSED] - if (otpM[i] == "4"): null

2020-08-05 09:17:07 - [TEST_STEP][PASSED] - if (otpM[i] == "5"): null

2020-08-05 09:17:07 - [TEST_STEP][PASSED] - if (otpM[i] == "6"): null

2020-08-05 09:17:07 - [TEST_STEP][PASSED] - if (otpM[i] == "7"): null

2020-08-05 09:17:07 - [TEST_STEP][PASSED] - if (otpM[i] == "8"): Tapped on element 'Object Repository/Maya/login again/Spy - 8'

2020-08-05 09:17:07 - [TEST_STEP][PASSED] - delay(1, STOP_ON_FAILURE): Delayed 1 second(s)

2020-08-05 09:17:08 - [MESSAGE][PASSED] - Delayed 1 second(s)

2020-08-05 09:17:08 - [TEST_STEP][PASSED] - tap(findTestObject("Maya/login again/Spy - 8"), 0): Tapped on element 'Object Repository/Maya/login again/Spy - 8'

2020-08-05 09:17:08 - [MESSAGE][WARNING] - Timeout '0' is invalid. Using default page load timeout: '10'

2020-08-05 09:17:09 - [MESSAGE][PASSED] - Tapped on element 'Object Repository/Maya/login again/Spy - 8'

2020-08-05 09:17:09 - [TEST_STEP][PASSED] - if (otpM[i] == "9"): null

2020-08-05 09:17:09 - [TEST_STEP][PASSED] - delay(3, STOP_ON_FAILURE): Delayed 3 second(s)

2020-08-05 09:17:12 - [MESSAGE][PASSED] - Delayed 3 second(s)

2020-08-05 09:17:12 - [TEST_STEP][PASSED] - if (otpM[i] == "0"): null

2020-08-05 09:17:12 - [TEST_STEP][PASSED] - if (otpM[i] == "1"): null

2020-08-05 09:17:12 - [TEST_STEP][PASSED] - if (otpM[i] == "2"): null

2020-08-05 09:17:12 - [TEST_STEP][PASSED] - if (otpM[i] == "3"): null

2020-08-05 09:17:12 - [TEST_STEP][PASSED] - if (otpM[i] == "4"): null

2020-08-05 09:17:12 - [TEST_STEP][PASSED] - if (otpM[i] == "5"): null

2020-08-05 09:17:12 - [TEST_STEP][PASSED] - if (otpM[i] == "6"): null

2020-08-05 09:17:12 - [TEST_STEP][PASSED] - if (otpM[i] == "7"): null

2020-08-05 09:17:12 - [TEST_STEP][PASSED] - if (otpM[i] == "8"): null

2020-08-05 09:17:12 - [TEST_STEP][PASSED] - if (otpM[i] == "9"): Tapped on element 'Object Repository/Maya/login again/Spy- 9'

2020-08-05 09:17:12 - [TEST_STEP][PASSED] - delay(1, STOP_ON_FAILURE): Delayed 1 second(s)

2020-08-05 09:17:13 - [MESSAGE][PASSED] - Delayed 1 second(s)

2020-08-05 09:17:13 - [TEST_STEP][PASSED] - tap(findTestObject("Maya/login again/Spy- 9"), 0): Tapped on element 'Object Repository/Maya/login again/Spy- 9'

2020-08-05 09:17:13 - [MESSAGE][WARNING] - Timeout '0' is invalid. Using default page load timeout: '10'

2020-08-05 09:17:14 - [MESSAGE][PASSED] - Tapped on element 'Object Repository/Maya/login again/Spy- 9'

2020-08-05 09:17:14 - [TEST_STEP][PASSED] - delay(3, STOP_ON_FAILURE): Delayed 3 second(s)

2020-08-05 09:17:17 - [MESSAGE][PASSED] - Delayed 3 second(s)

2020-08-05 09:17:17 - [TEST_STEP][PASSED] - if (otpM[i] == "0"): null

2020-08-05 09:17:17 - [TEST_STEP][PASSED] - if (otpM[i] == "1"): null

2020-08-05 09:17:17 - [TEST_STEP][PASSED] - if (otpM[i] == "2"): null

2020-08-05 09:17:17 - [TEST_STEP][PASSED] - if (otpM[i] == "3"): null

2020-08-05 09:17:17 - [TEST_STEP][PASSED] - if (otpM[i] == "4"): Tapped on element 'Object Repository/Maya/login again/Spy - 4'

2020-08-05 09:17:17 - [TEST_STEP][PASSED] - delay(1, STOP_ON_FAILURE): Delayed 1 second(s)

2020-08-05 09:17:18 - [MESSAGE][PASSED] - Delayed 1 second(s)

2020-08-05 09:17:18 - [TEST_STEP][PASSED] - tap(findTestObject("Maya/login again/Spy - 4"), 0): Tapped on element 'Object Repository/Maya/login again/Spy - 4'

2020-08-05 09:17:18 - [MESSAGE][WARNING] - Timeout '0' is invalid. Using default page load timeout: '10'

2020-08-05 09:17:19 - [MESSAGE][PASSED] - Tapped on element 'Object Repository/Maya/login again/Spy - 4'

2020-08-05 09:17:19 - [TEST_STEP][PASSED] - if (otpM[i] == "5"): null

2020-08-05 09:17:19 - [TEST_STEP][PASSED] - if (otpM[i] == "6"): null

2020-08-05 09:17:19 - [TEST_STEP][PASSED] - if (otpM[i] == "7"): null

2020-08-05 09:17:19 - [TEST_STEP][PASSED] - if (otpM[i] == "8"): null

2020-08-05 09:17:19 - [TEST_STEP][PASSED] - if (otpM[i] == "9"): null

2020-08-05 09:17:19 - [TEST_STEP][PASSED] - delay(3, STOP_ON_FAILURE): Delayed 3 second(s)

2020-08-05 09:17:22 - [MESSAGE][PASSED] - Delayed 3 second(s)

2020-08-05 09:17:22 - [TEST_STEP][PASSED] - if (otpM[i] == "0"): null

2020-08-05 09:17:22 - [TEST_STEP][PASSED] - if (otpM[i] == "1"): null

2020-08-05 09:17:22 - [TEST_STEP][PASSED] - if (otpM[i] == "2"): null

2020-08-05 09:17:22 - [TEST_STEP][PASSED] - if (otpM[i] == "3"): null

2020-08-05 09:17:22 - [TEST_STEP][PASSED] - if (otpM[i] == "4"): Tapped on element 'Object Repository/Maya/login again/Spy - 4'

2020-08-05 09:17:22 - [TEST_STEP][PASSED] - delay(1, STOP_ON_FAILURE): Delayed 1 second(s)

2020-08-05 09:17:23 - [MESSAGE][PASSED] - Delayed 1 second(s)

2020-08-05 09:17:23 - [TEST_STEP][PASSED] - tap(findTestObject("Maya/login again/Spy - 4"), 0): Tapped on element 'Object Repository/Maya/login again/Spy - 4'

2020-08-05 09:17:23 - [MESSAGE][WARNING] - Timeout '0' is invalid. Using default page load timeout: '10'

2020-08-05 09:17:24 - [MESSAGE][PASSED] - Tapped on element 'Object Repository/Maya/login again/Spy - 4'

2020-08-05 09:17:24 - [TEST_STEP][PASSED] - if (otpM[i] == "5"): null

2020-08-05 09:17:24 - [TEST_STEP][PASSED] - if (otpM[i] == "6"): null

2020-08-05 09:17:24 - [TEST_STEP][PASSED] - if (otpM[i] == "7"): null

2020-08-05 09:17:24 - [TEST_STEP][PASSED] - if (otpM[i] == "8"): null

2020-08-05 09:17:24 - [TEST_STEP][PASSED] - if (otpM[i] == "9"): null

2020-08-05 09:17:24 - [TEST_STEP][PASSED] - delay(8, STOP_ON_FAILURE): Delayed 8 second(s)

2020-08-05 09:17:32 - [MESSAGE][PASSED] - Delayed 8 second(s)

2020-08-05 09:17:32 - [TEST_STEP][PASSED] - tapAtPosition(826, 2048): Tapped at [826, 2,048]

2020-08-05 09:17:33 - [MESSAGE][PASSED] - Tapped at [826, 2,048]

2020-08-05 09:17:33 - [TEST_STEP][FAILED] - if (verifyElementExist(findTestObject("Maya/KLIA/android.widget.TextView0 - Approve"), 0)): Element 'Object Repository/Maya/KLIA/android.widget.TextView0 - Approve' not found

2020-08-05 09:17:33 - [MESSAGE][WARNING] - Timeout '0' is invalid. Using default page load timeout: '10'

2020-08-05 09:17:44 - [MESSAGE][FAILED] - Element 'Object Repository/Maya/KLIA/android.widget.TextView0 - Approve' not found
[[ATTACHMENT|C:\\Users\\LENOVO\\Git_new\\Maya\\Reports\\20200805_091343\\Maya UAT\\UAT Test Suite\\20200805_091343\\1596590263661.png]]

2020-08-05 09:17:44 - [TEST_STEP][PASSED] - getText(findTestObject("Maya/RegisterDuitNow/android.widget.TextView0 - Transfer failed"), 0): Text of element 'Object Repository/Maya/RegisterDuitNow/android.widget.TextView0 - Transfer failed' is: 'Transfer failed'

2020-08-05 09:17:44 - [MESSAGE][WARNING] - Timeout '0' is invalid. Using default page load timeout: '10'

2020-08-05 09:17:45 - [MESSAGE][PASSED] - Text of element 'Object Repository/Maya/RegisterDuitNow/android.widget.TextView0 - Transfer failed' is: 'Transfer failed'

2020-08-05 09:17:45 - [TEST_STEP][PASSED] - delay(2, CONTINUE_ON_FAILURE): Delayed 2 second(s)

2020-08-05 09:17:47 - [MESSAGE][PASSED] - Delayed 2 second(s)

2020-08-05 09:17:47 - [TEST_STEP][PASSED] - takeScreenshot("C:\Users\LENOVO\Screenshot\Third Party\Screenshot15", STOP_ON_FAILURE): Screenshot is taken

2020-08-05 09:17:47 - [MESSAGE][PASSED] - Screenshot is taken
[[ATTACHMENT|C:\\Users\\LENOVO\\Screenshot\\Third Party\\Screenshot15]]

2020-08-05 09:17:47 - [TEST_STEP][PASSED] - verifyElementExist(findTestObject("Maya/RegisterDuitNow/android.widget.TextView0 - Transfer failed"), 0): Element 'Object Repository/Maya/RegisterDuitNow/android.widget.TextView0 - Transfer failed' is exist

2020-08-05 09:17:47 - [MESSAGE][WARNING] - Timeout '0' is invalid. Using default page load timeout: '10'

2020-08-05 09:17:48 - [MESSAGE][PASSED] - Element 'Object Repository/Maya/RegisterDuitNow/android.widget.TextView0 - Transfer failed' is exist

2020-08-05 09:17:48 - [TEST_STEP][PASSED] - getText(findTestObject("Maya/RegisterDuitNow/android.widget.TextView0 - You have insufficient balance in your account."), 0): Text of element 'Object Repository/Maya/RegisterDuitNow/android.widget.TextView0 - You have insufficient balance in your account.' is: 'You have insufficient balance in your account.'

2020-08-05 09:17:48 - [MESSAGE][WARNING] - Timeout '0' is invalid. Using default page load timeout: '10'

2020-08-05 09:17:48 - [MESSAGE][PASSED] - Text of element 'Object Repository/Maya/RegisterDuitNow/android.widget.TextView0 - You have insufficient balance in your account.' is: 'You have insufficient balance in your account.'

2020-08-05 09:17:48 - [TEST_STEP][PASSED] - verifyElementExist(findTestObject("Maya/RegisterDuitNow/android.widget.TextView0 - You have insufficient balance in your account."), 0): Element 'Object Repository/Maya/RegisterDuitNow/android.widget.TextView0 - You have insufficient balance in your account.' is exist

2020-08-05 09:17:48 - [MESSAGE][WARNING] - Timeout '0' is invalid. Using default page load timeout: '10'

2020-08-05 09:17:48 - [MESSAGE][PASSED] - Element 'Object Repository/Maya/RegisterDuitNow/android.widget.TextView0 - You have insufficient balance in your account.' is exist

2020-08-05 09:17:48 - [TEST_STEP][PASSED] - getText(findTestObject("Maya/RegisterDuitNow/android.widget.TextView0 - Reference ID (1)"), 0): Text of element 'Object Repository/Maya/RegisterDuitNow/android.widget.TextView0 - Reference ID (1)' is: 'Reference ID'

2020-08-05 09:17:48 - [MESSAGE][WARNING] - Timeout '0' is invalid. Using default page load timeout: '10'

2020-08-05 09:17:48 - [MESSAGE][PASSED] - Text of element 'Object Repository/Maya/RegisterDuitNow/android.widget.TextView0 - Reference ID (1)' is: 'Reference ID'

2020-08-05 09:17:48 - [TEST_STEP][PASSED] - verifyElementExist(findTestObject("Maya/RegisterDuitNow/android.widget.TextView0 - Reference ID (1)"), 0): Element 'Object Repository/Maya/RegisterDuitNow/android.widget.TextView0 - Reference ID (1)' is exist

2020-08-05 09:17:49 - [MESSAGE][WARNING] - Timeout '0' is invalid. Using default page load timeout: '10'

2020-08-05 09:17:49 - [MESSAGE][PASSED] - Element 'Object Repository/Maya/RegisterDuitNow/android.widget.TextView0 - Reference ID (1)' is exist

2020-08-05 09:17:49 - [TEST_STEP][PASSED] - tap(findTestObject("Maya/RegisterDuitNow/android.widget.TextView0 - Done (5)"), 0): Tapped on element 'Object Repository/Maya/RegisterDuitNow/android.widget.TextView0 - Done (5)'

2020-08-05 09:17:49 - [MESSAGE][WARNING] - Timeout '0' is invalid. Using default page load timeout: '10'

2020-08-05 09:17:53 - [MESSAGE][PASSED] - Tapped on element 'Object Repository/Maya/RegisterDuitNow/android.widget.TextView0 - Done (5)'

2020-08-05 09:17:53 - [TEST_STEP][PASSED] - tap(findTestObject("Maya/RegisterDuitNow/android.widget.TextView0 - Transfer (1)"), 0): Tapped on element 'Object Repository/Maya/RegisterDuitNow/android.widget.TextView0 - Transfer (1)'

2020-08-05 09:17:53 - [MESSAGE][WARNING] - Timeout '0' is invalid. Using default page load timeout: '10'

2020-08-05 09:18:04 - [MESSAGE][PASSED] - Tapped on element 'Object Repository/Maya/RegisterDuitNow/android.widget.TextView0 - Transfer (1)'

2020-08-05 09:18:04 - [TEST_STEP][PASSED] - delay(5, STOP_ON_FAILURE): Delayed 5 second(s)

2020-08-05 09:18:09 - [MESSAGE][PASSED] - Delayed 5 second(s)

2020-08-05 09:18:09 - [TEST_STEP][PASSED] - tapAndHoldAtPosition(627, 376, 2): Tapped and held at [627, 376] with duration 2

2020-08-05 09:18:12 - [MESSAGE][PASSED] - Tapped and held at [627, 376] with duration 2

2020-08-05 09:18:12 - [TEST_STEP][PASSED] - delay(2, CONTINUE_ON_FAILURE): Delayed 2 second(s)

2020-08-05 09:18:14 - [MESSAGE][PASSED] - Delayed 2 second(s)

2020-08-05 09:18:14 - [TEST_STEP][PASSED] - takeScreenshot("C:\Users\LENOVO\Screenshot\Third Party\Screenshot2", STOP_ON_FAILURE): Screenshot is taken

2020-08-05 09:18:16 - [MESSAGE][PASSED] - Screenshot is taken
[[ATTACHMENT|C:\\Users\\LENOVO\\Screenshot\\Third Party\\Screenshot2]]

2020-08-05 09:18:16 - [TEST_STEP][PASSED] - delay(2, STOP_ON_FAILURE): Delayed 2 second(s)

2020-08-05 09:18:18 - [MESSAGE][PASSED] - Delayed 2 second(s)

2020-08-05 09:18:18 - [TEST_STEP][PASSED] - tapAndHoldAtPosition(451, 727, 2): Tapped and held at [451, 727] with duration 2

2020-08-05 09:18:21 - [MESSAGE][PASSED] - Tapped and held at [451, 727] with duration 2

2020-08-05 09:18:21 - [TEST_STEP][PASSED] - getText(findTestObject("Maya/RegisterDuitNow/android.widget.TextView0 - DuitNow (2)"), 0): Text of element 'Object Repository/Maya/RegisterDuitNow/android.widget.TextView0 - DuitNow (2)' is: 'DuitNow'

2020-08-05 09:18:21 - [MESSAGE][WARNING] - Timeout '0' is invalid. Using default page load timeout: '10'

2020-08-05 09:18:22 - [MESSAGE][PASSED] - Text of element 'Object Repository/Maya/RegisterDuitNow/android.widget.TextView0 - DuitNow (2)' is: 'DuitNow'

2020-08-05 09:18:22 - [TEST_STEP][PASSED] - verifyElementExist(findTestObject("Maya/RegisterDuitNow/android.widget.TextView0 - DuitNow (2)"), 0): Element 'Object Repository/Maya/RegisterDuitNow/android.widget.TextView0 - DuitNow (2)' is exist

2020-08-05 09:18:22 - [MESSAGE][WARNING] - Timeout '0' is invalid. Using default page load timeout: '10'

2020-08-05 09:18:22 - [MESSAGE][PASSED] - Element 'Object Repository/Maya/RegisterDuitNow/android.widget.TextView0 - DuitNow (2)' is exist

2020-08-05 09:18:22 - [TEST_STEP][PASSED] - delay(2, CONTINUE_ON_FAILURE): Delayed 2 second(s)

2020-08-05 09:18:24 - [MESSAGE][PASSED] - Delayed 2 second(s)

2020-08-05 09:18:24 - [TEST_STEP][PASSED] - takeScreenshot("C:\Users\LENOVO\Screenshot\Third Party\Screenshot3", STOP_ON_FAILURE): Screenshot is taken

2020-08-05 09:18:25 - [MESSAGE][PASSED] - Screenshot is taken
[[ATTACHMENT|C:\\Users\\LENOVO\\Screenshot\\Third Party\\Screenshot3]]

2020-08-05 09:18:25 - [TEST_STEP][PASSED] - getText(findTestObject("Maya/RegisterDuitNow/android.widget.TextView0 - ID type"), 0): Text of element 'Object Repository/Maya/RegisterDuitNow/android.widget.TextView0 - ID type' is: 'ID type'

2020-08-05 09:18:25 - [MESSAGE][WARNING] - Timeout '0' is invalid. Using default page load timeout: '10'

2020-08-05 09:18:25 - [MESSAGE][PASSED] - Text of element 'Object Repository/Maya/RegisterDuitNow/android.widget.TextView0 - ID type' is: 'ID type'

2020-08-05 09:18:25 - [TEST_STEP][PASSED] - verifyElementExist(findTestObject("Maya/RegisterDuitNow/android.widget.TextView0 - ID type"), 0): Element 'Object Repository/Maya/RegisterDuitNow/android.widget.TextView0 - ID type' is exist

2020-08-05 09:18:25 - [MESSAGE][WARNING] - Timeout '0' is invalid. Using default page load timeout: '10'

2020-08-05 09:18:25 - [MESSAGE][PASSED] - Element 'Object Repository/Maya/RegisterDuitNow/android.widget.TextView0 - ID type' is exist

2020-08-05 09:18:25 - [TEST_STEP][PASSED] - tap(findTestObject("Maya/RegisterDuitNow/android.widget.ImageView0 (2)"), 0): Tapped on element 'Object Repository/Maya/RegisterDuitNow/android.widget.ImageView0 (2)'

2020-08-05 09:18:25 - [MESSAGE][WARNING] - Timeout '0' is invalid. Using default page load timeout: '10'

2020-08-05 09:18:26 - [MESSAGE][PASSED] - Tapped on element 'Object Repository/Maya/RegisterDuitNow/android.widget.ImageView0 (2)'

2020-08-05 09:18:26 - [TEST_STEP][PASSED] - delay(5): Delayed 5 second(s)

2020-08-05 09:18:31 - [MESSAGE][PASSED] - Delayed 5 second(s)

2020-08-05 09:18:31 - [TEST_STEP][PASSED] - swipe(592, 1887, 550, 1754): Swiped from 592,1,887 to 550,1,754

2020-08-05 09:18:32 - [MESSAGE][PASSED] - Swiped from 592,1,887 to 550,1,754

2020-08-05 09:18:32 - [TEST_STEP][PASSED] - delay(2, STOP_ON_FAILURE): Delayed 2 second(s)

2020-08-05 09:18:34 - [MESSAGE][PASSED] - Delayed 2 second(s)

2020-08-05 09:18:34 - [TEST_STEP][PASSED] - delay(2, CONTINUE_ON_FAILURE): Delayed 2 second(s)

2020-08-05 09:18:36 - [MESSAGE][PASSED] - Delayed 2 second(s)

2020-08-05 09:18:36 - [TEST_STEP][PASSED] - takeScreenshot("C:\Users\LENOVO\Screenshot\Third Party\Screenshot4", STOP_ON_FAILURE): Screenshot is taken

2020-08-05 09:18:37 - [MESSAGE][PASSED] - Screenshot is taken
[[ATTACHMENT|C:\\Users\\LENOVO\\Screenshot\\Third Party\\Screenshot4]]

2020-08-05 09:18:37 - [TEST_STEP][PASSED] - delay(3, CONTINUE_ON_FAILURE): Delayed 3 second(s)

2020-08-05 09:18:40 - [MESSAGE][PASSED] - Delayed 3 second(s)

2020-08-05 09:18:40 - [TEST_STEP][PASSED] - tap(findTestObject("Maya/RegisterDuitNow/android.widget.TextView0 - Done (1)"), 0): Tapped on element 'Object Repository/Maya/RegisterDuitNow/android.widget.TextView0 - Done (1)'

2020-08-05 09:18:40 - [MESSAGE][WARNING] - Timeout '0' is invalid. Using default page load timeout: '10'

2020-08-05 09:18:41 - [MESSAGE][PASSED] - Tapped on element 'Object Repository/Maya/RegisterDuitNow/android.widget.TextView0 - Done (1)'

2020-08-05 09:18:41 - [TEST_STEP][PASSED] - getText(findTestObject("Maya/RegisterDuitNow/android.widget.TextView0 - NRIC Number (4)"), 0): Text of element 'Object Repository/Maya/RegisterDuitNow/android.widget.TextView0 - NRIC Number (4)' is: 'NRIC Number'

2020-08-05 09:18:41 - [MESSAGE][WARNING] - Timeout '0' is invalid. Using default page load timeout: '10'

2020-08-05 09:18:41 - [MESSAGE][PASSED] - Text of element 'Object Repository/Maya/RegisterDuitNow/android.widget.TextView0 - NRIC Number (4)' is: 'NRIC Number'

2020-08-05 09:18:41 - [TEST_STEP][PASSED] - verifyElementExist(findTestObject("Maya/RegisterDuitNow/android.widget.TextView0 - NRIC Number (4)"), 0): Element 'Object Repository/Maya/RegisterDuitNow/android.widget.TextView0 - NRIC Number (4)' is exist

2020-08-05 09:18:41 - [MESSAGE][WARNING] - Timeout '0' is invalid. Using default page load timeout: '10'

2020-08-05 09:18:42 - [MESSAGE][PASSED] - Element 'Object Repository/Maya/RegisterDuitNow/android.widget.TextView0 - NRIC Number (4)' is exist

2020-08-05 09:18:42 - [TEST_STEP][PASSED] - delay(2, CONTINUE_ON_FAILURE): Delayed 2 second(s)

2020-08-05 09:18:44 - [MESSAGE][PASSED] - Delayed 2 second(s)

2020-08-05 09:18:44 - [TEST_STEP][PASSED] - takeScreenshot("C:\Users\LENOVO\Screenshot\Third Party\Screenshot16", STOP_ON_FAILURE): Screenshot is taken

2020-08-05 09:18:44 - [MESSAGE][PASSED] - Screenshot is taken
[[ATTACHMENT|C:\\Users\\LENOVO\\Screenshot\\Third Party\\Screenshot16]]

2020-08-05 09:18:44 - [TEST_STEP][PASSED] - setText(findTestObject("Maya/RegisterDuitNow/android.widget.EditText0 - Enter NRIC number"), "940224010663", 0): Text '940224010663' has been set to element 'Object Repository/Maya/RegisterDuitNow/android.widget.EditText0 - Enter NRIC number'

2020-08-05 09:18:44 - [MESSAGE][WARNING] - Timeout '0' is invalid. Using default page load timeout: '10'

2020-08-05 09:18:46 - [MESSAGE][PASSED] - Text '940224010663' has been set to element 'Object Repository/Maya/RegisterDuitNow/android.widget.EditText0 - Enter NRIC number'

2020-08-05 09:18:46 - [TEST_STEP][PASSED] - tap(findTestObject("Maya/RegisterDuitNow/android.widget.TextView0 - Continue (3)"), 0): Tapped on element 'Object Repository/Maya/RegisterDuitNow/android.widget.TextView0 - Continue (3)'

2020-08-05 09:18:46 - [MESSAGE][WARNING] - Timeout '0' is invalid. Using default page load timeout: '10'

2020-08-05 09:18:47 - [MESSAGE][PASSED] - Tapped on element 'Object Repository/Maya/RegisterDuitNow/android.widget.TextView0 - Continue (3)'

2020-08-05 09:18:47 - [TEST_STEP][PASSED] - verifyElementExist(findTestObject("Maya/duitnow Mobile/android.widget.TextView0 - The DuitNow ID entered is not valid."), 0): Element 'Object Repository/Maya/duitnow Mobile/android.widget.TextView0 - The DuitNow ID entered is not valid.' is exist

2020-08-05 09:18:47 - [MESSAGE][WARNING] - Timeout '0' is invalid. Using default page load timeout: '10'

2020-08-05 09:18:48 - [MESSAGE][PASSED] - Element 'Object Repository/Maya/duitnow Mobile/android.widget.TextView0 - The DuitNow ID entered is not valid.' is exist

2020-08-05 09:18:48 - [TEST_STEP][PASSED] - delay(4, STOP_ON_FAILURE): Delayed 4 second(s)

2020-08-05 09:18:52 - [MESSAGE][PASSED] - Delayed 4 second(s)

2020-08-05 09:18:52 - [TEST_STEP][PASSED] - clearText(findTestObject("Maya/RegisterDuitNow/android.widget.EditText0 - 940224 01 0663"), 0): Element 'Object Repository/Maya/RegisterDuitNow/android.widget.EditText0 - 940224 01 0663' text is cleared

2020-08-05 09:18:52 - [MESSAGE][WARNING] - Timeout '0' is invalid. Using default page load timeout: '10'

2020-08-05 09:18:53 - [MESSAGE][PASSED] - Element 'Object Repository/Maya/RegisterDuitNow/android.widget.EditText0 - 940224 01 0663' text is cleared

2020-08-05 09:18:53 - [TEST_STEP][PASSED] - setText(findTestObject("Maya/RegisterDuitNow/android.widget.EditText0 - Enter NRIC number"), "910224010663", 0): Text '910224010663' has been set to element 'Object Repository/Maya/RegisterDuitNow/android.widget.EditText0 - Enter NRIC number'

2020-08-05 09:18:53 - [MESSAGE][WARNING] - Timeout '0' is invalid. Using default page load timeout: '10'

2020-08-05 09:18:55 - [MESSAGE][PASSED] - Text '910224010663' has been set to element 'Object Repository/Maya/RegisterDuitNow/android.widget.EditText0 - Enter NRIC number'

2020-08-05 09:18:55 - [TEST_STEP][PASSED] - tap(findTestObject("Maya/RegisterDuitNow/android.widget.TextView0 - Continue (3)"), 0): Tapped on element 'Object Repository/Maya/RegisterDuitNow/android.widget.TextView0 - Continue (3)'

2020-08-05 09:18:55 - [MESSAGE][WARNING] - Timeout '0' is invalid. Using default page load timeout: '10'

2020-08-05 09:18:57 - [MESSAGE][PASSED] - Tapped on element 'Object Repository/Maya/RegisterDuitNow/android.widget.TextView0 - Continue (3)'

2020-08-05 09:18:57 - [TEST_STEP][PASSED] - getText(findTestObject("Maya/RegisterDuitNow/android.widget.TextView0 - Enter amount (1)"), 0): Text of element 'Object Repository/Maya/RegisterDuitNow/android.widget.TextView0 - Enter amount (1)' is: 'Enter amount'

2020-08-05 09:18:57 - [MESSAGE][WARNING] - Timeout '0' is invalid. Using default page load timeout: '10'

2020-08-05 09:18:59 - [MESSAGE][PASSED] - Text of element 'Object Repository/Maya/RegisterDuitNow/android.widget.TextView0 - Enter amount (1)' is: 'Enter amount'

2020-08-05 09:18:59 - [TEST_STEP][PASSED] - verifyElementExist(findTestObject("Maya/RegisterDuitNow/android.widget.TextView0 - Enter amount (1)"), 0): Element 'Object Repository/Maya/RegisterDuitNow/android.widget.TextView0 - Enter amount (1)' is exist

2020-08-05 09:18:59 - [MESSAGE][WARNING] - Timeout '0' is invalid. Using default page load timeout: '10'

2020-08-05 09:18:59 - [MESSAGE][PASSED] - Element 'Object Repository/Maya/RegisterDuitNow/android.widget.TextView0 - Enter amount (1)' is exist

2020-08-05 09:18:59 - [TEST_STEP][PASSED] - delay(2, STOP_ON_FAILURE): Delayed 2 second(s)

2020-08-05 09:19:01 - [MESSAGE][PASSED] - Delayed 2 second(s)

2020-08-05 09:19:01 - [TEST_STEP][PASSED] - tap(findTestObject("Maya/duitnow/android.widget.TextView0 - 2 (1)"), 0): Tapped on element 'Object Repository/Maya/duitnow/android.widget.TextView0 - 2 (1)'

2020-08-05 09:19:01 - [MESSAGE][WARNING] - Timeout '0' is invalid. Using default page load timeout: '10'

2020-08-05 09:19:02 - [MESSAGE][PASSED] - Tapped on element 'Object Repository/Maya/duitnow/android.widget.TextView0 - 2 (1)'

2020-08-05 09:19:02 - [TEST_STEP][PASSED] - tap(findTestObject("Maya/duitnow/android.widget.TextView0 - 0 (1)"), 0): Tapped on element 'Object Repository/Maya/duitnow/android.widget.TextView0 - 0 (1)'

2020-08-05 09:19:02 - [MESSAGE][WARNING] - Timeout '0' is invalid. Using default page load timeout: '10'

2020-08-05 09:19:06 - [MESSAGE][PASSED] - Tapped on element 'Object Repository/Maya/duitnow/android.widget.TextView0 - 0 (1)'

2020-08-05 09:19:06 - [TEST_STEP][PASSED] - tap(findTestObject("Maya/duitnow/android.widget.TextView0 - 0 (1)"), 0): Tapped on element 'Object Repository/Maya/duitnow/android.widget.TextView0 - 0 (1)'

2020-08-05 09:19:06 - [MESSAGE][WARNING] - Timeout '0' is invalid. Using default page load timeout: '10'

2020-08-05 09:19:09 - [MESSAGE][PASSED] - Tapped on element 'Object Repository/Maya/duitnow/android.widget.TextView0 - 0 (1)'

2020-08-05 09:19:09 - [TEST_STEP][PASSED] - tap(findTestObject("Maya/RegisterDuitNow/android.widget.ImageView0 (5)"), 0): Tapped on element 'Object Repository/Maya/RegisterDuitNow/android.widget.ImageView0 (5)'

2020-08-05 09:19:09 - [MESSAGE][WARNING] - Timeout '0' is invalid. Using default page load timeout: '10'

2020-08-05 09:19:10 - [MESSAGE][PASSED] - Tapped on element 'Object Repository/Maya/RegisterDuitNow/android.widget.ImageView0 (5)'

2020-08-05 09:19:10 - [TEST_STEP][PASSED] - delay(2, CONTINUE_ON_FAILURE): Delayed 2 second(s)

2020-08-05 09:19:12 - [MESSAGE][PASSED] - Delayed 2 second(s)

2020-08-05 09:19:12 - [TEST_STEP][PASSED] - takeScreenshot("C:\Users\LENOVO\Screenshot\Third Party\Screenshot18", STOP_ON_FAILURE): Screenshot is taken

2020-08-05 09:19:13 - [MESSAGE][PASSED] - Screenshot is taken
[[ATTACHMENT|C:\\Users\\LENOVO\\Screenshot\\Third Party\\Screenshot18]]

2020-08-05 09:19:13 - [TEST_STEP][PASSED] - getText(findTestObject("Maya/RegisterDuitNow/android.widget.TextView0 - Enter recipient reference (1)"), 0): Text of element 'Object Repository/Maya/RegisterDuitNow/android.widget.TextView0 - Enter recipient reference (1)' is: 'Enter recipient reference'

2020-08-05 09:19:13 - [MESSAGE][WARNING] - Timeout '0' is invalid. Using default page load timeout: '10'

2020-08-05 09:19:13 - [MESSAGE][PASSED] - Text of element 'Object Repository/Maya/RegisterDuitNow/android.widget.TextView0 - Enter recipient reference (1)' is: 'Enter recipient reference'

2020-08-05 09:19:13 - [TEST_STEP][PASSED] - verifyElementExist(findTestObject("Maya/RegisterDuitNow/android.widget.TextView0 - Enter recipient reference (1)"), 0): Element 'Object Repository/Maya/RegisterDuitNow/android.widget.TextView0 - Enter recipient reference (1)' is exist

2020-08-05 09:19:13 - [MESSAGE][WARNING] - Timeout '0' is invalid. Using default page load timeout: '10'

2020-08-05 09:19:13 - [MESSAGE][PASSED] - Element 'Object Repository/Maya/RegisterDuitNow/android.widget.TextView0 - Enter recipient reference (1)' is exist

2020-08-05 09:19:13 - [TEST_STEP][PASSED] - setText(findTestObject("Maya/duitnow/android.widget.EditText0 (1)"), "Test", 0): Text 'Test' has been set to element 'Object Repository/Maya/duitnow/android.widget.EditText0 (1)'

2020-08-05 09:19:13 - [MESSAGE][WARNING] - Timeout '0' is invalid. Using default page load timeout: '10'

2020-08-05 09:19:14 - [MESSAGE][PASSED] - Text 'Test' has been set to element 'Object Repository/Maya/duitnow/android.widget.EditText0 (1)'

2020-08-05 09:19:14 - [TEST_STEP][PASSED] - hideKeyboard(): Keyboard is hidden

2020-08-05 09:19:17 - [MESSAGE][PASSED] - Keyboard is hidden

2020-08-05 09:19:17 - [TEST_STEP][PASSED] - delay(4, STOP_ON_FAILURE): Delayed 4 second(s)

2020-08-05 09:19:21 - [MESSAGE][PASSED] - Delayed 4 second(s)

2020-08-05 09:19:21 - [TEST_STEP][PASSED] - tap(findTestObject("Maya/RegisterDuitNow/android.widget.TextView0 - Continue (3)"), 0): Tapped on element 'Object Repository/Maya/RegisterDuitNow/android.widget.TextView0 - Continue (3)'

2020-08-05 09:19:21 - [MESSAGE][WARNING] - Timeout '0' is invalid. Using default page load timeout: '10'

2020-08-05 09:19:22 - [MESSAGE][PASSED] - Tapped on element 'Object Repository/Maya/RegisterDuitNow/android.widget.TextView0 - Continue (3)'

2020-08-05 09:19:22 - [TEST_STEP][PASSED] - getText(findTestObject("Maya/duitnow/android.widget.TextView0 - RM 2.00 (1)"), 0): Text of element 'Object Repository/Maya/duitnow/android.widget.TextView0 - RM 2.00 (1)' is: 'RM 2.00'

2020-08-05 09:19:22 - [MESSAGE][WARNING] - Timeout '0' is invalid. Using default page load timeout: '10'

2020-08-05 09:19:24 - [MESSAGE][PASSED] - Text of element 'Object Repository/Maya/duitnow/android.widget.TextView0 - RM 2.00 (1)' is: 'RM 2.00'

2020-08-05 09:19:24 - [TEST_STEP][PASSED] - verifyElementExist(findTestObject("Maya/NRICduitnow/Verify DuitNow NRIC Number"), 0): Element 'Object Repository/Maya/NRICduitnow/Verify DuitNow NRIC Number' is exist

2020-08-05 09:19:24 - [MESSAGE][WARNING] - Timeout '0' is invalid. Using default page load timeout: '10'

2020-08-05 09:19:24 - [MESSAGE][PASSED] - Element 'Object Repository/Maya/NRICduitnow/Verify DuitNow NRIC Number' is exist

2020-08-05 09:19:24 - [TEST_STEP][PASSED] - tap(findTestObject("Maya/duitnow/android.widget.TextView0 - Today (1)"), 0): Tapped on element 'Object Repository/Maya/duitnow/android.widget.TextView0 - Today (1)'

2020-08-05 09:19:24 - [MESSAGE][WARNING] - Timeout '0' is invalid. Using default page load timeout: '10'

2020-08-05 09:19:26 - [MESSAGE][PASSED] - Tapped on element 'Object Repository/Maya/duitnow/android.widget.TextView0 - Today (1)'

2020-08-05 09:19:26 - [TEST_STEP][PASSED] - tap(findTestObject("Maya/duitnow/android.view.ViewGroup0 (1)"), 0): Tapped on element 'Object Repository/Maya/duitnow/android.view.ViewGroup0 (1)'

2020-08-05 09:19:26 - [MESSAGE][WARNING] - Timeout '0' is invalid. Using default page load timeout: '10'

2020-08-05 09:19:32 - [MESSAGE][PASSED] - Tapped on element 'Object Repository/Maya/duitnow/android.view.ViewGroup0 (1)'

2020-08-05 09:19:32 - [TEST_STEP][PASSED] - tap(findTestObject("Maya/duitnow/android.widget.TextView0 - Done (1)"), 0): Tapped on element 'Object Repository/Maya/duitnow/android.widget.TextView0 - Done (1)'

2020-08-05 09:19:32 - [MESSAGE][WARNING] - Timeout '0' is invalid. Using default page load timeout: '10'

2020-08-05 09:19:33 - [MESSAGE][PASSED] - Tapped on element 'Object Repository/Maya/duitnow/android.widget.TextView0 - Done (1)'

2020-08-05 09:19:33 - [TEST_STEP][PASSED] - getText(findTestObject("Maya/duitnow/android.widget.TextView0 - Test"), 0): Text of element 'Object Repository/Maya/duitnow/android.widget.TextView0 - Test' is: 'Confirmation'

2020-08-05 09:19:33 - [MESSAGE][WARNING] - Timeout '0' is invalid. Using default page load timeout: '10'

2020-08-05 09:19:34 - [MESSAGE][PASSED] - Text of element 'Object Repository/Maya/duitnow/android.widget.TextView0 - Test' is: 'Confirmation'

2020-08-05 09:19:34 - [TEST_STEP][PASSED] - verifyElementExist(findTestObject("Maya/duitnow/android.widget.TextView0 - Test"), 0): Element 'Object Repository/Maya/duitnow/android.widget.TextView0 - Test' is exist

2020-08-05 09:19:34 - [MESSAGE][WARNING] - Timeout '0' is invalid. Using default page load timeout: '10'

2020-08-05 09:19:34 - [MESSAGE][PASSED] - Element 'Object Repository/Maya/duitnow/android.widget.TextView0 - Test' is exist

2020-08-05 09:19:34 - [TEST_STEP][PASSED] - takeScreenshot("C:\Users\LENOVO\Screenshot\Third Party Fav\ConfDuitNow.png", STOP_ON_FAILURE): Screenshot is taken

2020-08-05 09:19:35 - [MESSAGE][PASSED] - Screenshot is taken
[[ATTACHMENT|C:\\Users\\LENOVO\\Screenshot\\Third Party Fav\\ConfDuitNow.png]]

2020-08-05 09:19:35 - [TEST_STEP][PASSED] - tap(findTestObject("Maya/duitnow/android.widget.TextView0 - Transfer Now (1)"), 0, CONTINUE_ON_FAILURE): Tapped on element 'Object Repository/Maya/duitnow/android.widget.TextView0 - Transfer Now (1)'

2020-08-05 09:19:35 - [MESSAGE][WARNING] - Timeout '0' is invalid. Using default page load timeout: '10'

2020-08-05 09:19:37 - [MESSAGE][PASSED] - Tapped on element 'Object Repository/Maya/duitnow/android.widget.TextView0 - Transfer Now (1)'

2020-08-05 09:19:37 - [TEST_STEP][PASSED] - delay(3, CONTINUE_ON_FAILURE): Delayed 3 second(s)

2020-08-05 09:19:40 - [MESSAGE][PASSED] - Delayed 3 second(s)

2020-08-05 09:19:40 - [TEST_STEP][PASSED] - takeScreenshot("C:\Users\LENOVO\Screenshot\Third Party\Screenshot19", STOP_ON_FAILURE): Screenshot is taken

2020-08-05 09:19:40 - [MESSAGE][PASSED] - Screenshot is taken
[[ATTACHMENT|C:\\Users\\LENOVO\\Screenshot\\Third Party\\Screenshot19]]

2020-08-05 09:19:40 - [TEST_STEP][PASSED] - if (verifyElementExist(findTestObject("Maya/spy/android.widget.TextView0 - Your TAC no. is 822872v3"), 3)): null

2020-08-05 09:19:41 - [MESSAGE][PASSED] - Element 'Object Repository/Maya/spy/android.widget.TextView0 - Your TAC no. is 822872v3' is exist

2020-08-05 09:19:41 - [TEST_STEP][PASSED] - otpM = getText(findTestObject("Maya/spy/android.widget.TextView0 - Your TAC no. is 822872v3"), 0): Text of element 'Object Repository/Maya/spy/android.widget.TextView0 - Your TAC no. is 822872v3' is: 'Your TAC no. is 358172'

2020-08-05 09:19:41 - [MESSAGE][WARNING] - Timeout '0' is invalid. Using default page load timeout: '10'

2020-08-05 09:19:42 - [MESSAGE][PASSED] - Text of element 'Object Repository/Maya/spy/android.widget.TextView0 - Your TAC no. is 822872v3' is: 'Your TAC no. is 358172'

2020-08-05 09:19:42 - [TEST_STEP][PASSED] - delay(2): Delayed 2 second(s)

2020-08-05 09:19:44 - [MESSAGE][PASSED] - Delayed 2 second(s)

2020-08-05 09:19:44 - [TEST_STEP][PASSED] - for ([i = 16, i <= 21, (i++)]): null

2020-08-05 09:19:44 - [TEST_STEP][PASSED] - delay(3, STOP_ON_FAILURE): Delayed 3 second(s)

2020-08-05 09:19:47 - [MESSAGE][PASSED] - Delayed 3 second(s)

2020-08-05 09:19:47 - [TEST_STEP][PASSED] - if (otpM[i] == "0"): null

2020-08-05 09:19:47 - [TEST_STEP][PASSED] - if (otpM[i] == "1"): null

2020-08-05 09:19:47 - [TEST_STEP][PASSED] - if (otpM[i] == "2"): null

2020-08-05 09:19:47 - [TEST_STEP][PASSED] - if (otpM[i] == "3"): Tapped on element 'Object Repository/Maya/login again/Spy- 3'

2020-08-05 09:19:47 - [TEST_STEP][PASSED] - delay(1, STOP_ON_FAILURE): Delayed 1 second(s)

2020-08-05 09:19:48 - [MESSAGE][PASSED] - Delayed 1 second(s)

2020-08-05 09:19:48 - [TEST_STEP][NOT_RUN] - tap(findTestObject("MAYA SIT v118/spy/TAC - keypad 3"), 0): NOT_RUN: tap(findTestObject("MAYA SIT v118/spy/TAC - keypad 3"), 0)

2020-08-05 09:19:48 - [MESSAGE][NOT_RUN] - NOT_RUN: tap(findTestObject("MAYA SIT v118/spy/TAC - keypad 3"), 0)

2020-08-05 09:19:48 - [TEST_STEP][PASSED] - tap(findTestObject("Maya/login again/Spy- 3"), 0): Tapped on element 'Object Repository/Maya/login again/Spy- 3'

2020-08-05 09:19:48 - [MESSAGE][WARNING] - Timeout '0' is invalid. Using default page load timeout: '10'

2020-08-05 09:19:49 - [MESSAGE][PASSED] - Tapped on element 'Object Repository/Maya/login again/Spy- 3'

2020-08-05 09:19:49 - [TEST_STEP][PASSED] - if (otpM[i] == "4"): null

2020-08-05 09:19:49 - [TEST_STEP][PASSED] - if (otpM[i] == "5"): null

2020-08-05 09:19:49 - [TEST_STEP][PASSED] - if (otpM[i] == "6"): null

2020-08-05 09:19:49 - [TEST_STEP][PASSED] - if (otpM[i] == "7"): null

2020-08-05 09:19:49 - [TEST_STEP][PASSED] - if (otpM[i] == "8"): null

2020-08-05 09:19:49 - [TEST_STEP][PASSED] - if (otpM[i] == "9"): null

2020-08-05 09:19:49 - [TEST_STEP][PASSED] - delay(3, STOP_ON_FAILURE): Delayed 3 second(s)

2020-08-05 09:19:52 - [MESSAGE][PASSED] - Delayed 3 second(s)

2020-08-05 09:19:52 - [TEST_STEP][PASSED] - if (otpM[i] == "0"): null

2020-08-05 09:19:52 - [TEST_STEP][PASSED] - if (otpM[i] == "1"): null

2020-08-05 09:19:52 - [TEST_STEP][PASSED] - if (otpM[i] == "2"): null

2020-08-05 09:19:52 - [TEST_STEP][PASSED] - if (otpM[i] == "3"): null

2020-08-05 09:19:52 - [TEST_STEP][PASSED] - if (otpM[i] == "4"): null

2020-08-05 09:19:52 - [TEST_STEP][PASSED] - if (otpM[i] == "5"): Tapped on element 'Object Repository/Maya/login again/Spy- 5'

2020-08-05 09:19:52 - [TEST_STEP][PASSED] - delay(1, STOP_ON_FAILURE): Delayed 1 second(s)

2020-08-05 09:19:53 - [MESSAGE][PASSED] - Delayed 1 second(s)

2020-08-05 09:19:53 - [TEST_STEP][PASSED] - tap(findTestObject("Maya/login again/Spy- 5"), 0): Tapped on element 'Object Repository/Maya/login again/Spy- 5'

2020-08-05 09:19:53 - [MESSAGE][WARNING] - Timeout '0' is invalid. Using default page load timeout: '10'

2020-08-05 09:19:54 - [MESSAGE][PASSED] - Tapped on element 'Object Repository/Maya/login again/Spy- 5'

2020-08-05 09:19:54 - [TEST_STEP][PASSED] - if (otpM[i] == "6"): null

2020-08-05 09:19:54 - [TEST_STEP][PASSED] - if (otpM[i] == "7"): null

2020-08-05 09:19:54 - [TEST_STEP][PASSED] - if (otpM[i] == "8"): null

2020-08-05 09:19:54 - [TEST_STEP][PASSED] - if (otpM[i] == "9"): null

2020-08-05 09:19:54 - [TEST_STEP][PASSED] - delay(3, STOP_ON_FAILURE): Delayed 3 second(s)

2020-08-05 09:19:57 - [MESSAGE][PASSED] - Delayed 3 second(s)

2020-08-05 09:19:57 - [TEST_STEP][PASSED] - if (otpM[i] == "0"): null

2020-08-05 09:19:57 - [TEST_STEP][PASSED] - if (otpM[i] == "1"): null

2020-08-05 09:19:57 - [TEST_STEP][PASSED] - if (otpM[i] == "2"): null

2020-08-05 09:19:57 - [TEST_STEP][PASSED] - if (otpM[i] == "3"): null

2020-08-05 09:19:57 - [TEST_STEP][PASSED] - if (otpM[i] == "4"): null

2020-08-05 09:19:57 - [TEST_STEP][PASSED] - if (otpM[i] == "5"): null

2020-08-05 09:19:57 - [TEST_STEP][PASSED] - if (otpM[i] == "6"): null

2020-08-05 09:19:57 - [TEST_STEP][PASSED] - if (otpM[i] == "7"): null

2020-08-05 09:19:57 - [TEST_STEP][PASSED] - if (otpM[i] == "8"): Tapped on element 'Object Repository/Maya/login again/Spy - 8'

2020-08-05 09:19:57 - [TEST_STEP][PASSED] - delay(1, STOP_ON_FAILURE): Delayed 1 second(s)

2020-08-05 09:19:58 - [MESSAGE][PASSED] - Delayed 1 second(s)

2020-08-05 09:19:58 - [TEST_STEP][PASSED] - tap(findTestObject("Maya/login again/Spy - 8"), 0): Tapped on element 'Object Repository/Maya/login again/Spy - 8'

2020-08-05 09:19:58 - [MESSAGE][WARNING] - Timeout '0' is invalid. Using default page load timeout: '10'

2020-08-05 09:19:59 - [MESSAGE][PASSED] - Tapped on element 'Object Repository/Maya/login again/Spy - 8'

2020-08-05 09:19:59 - [TEST_STEP][PASSED] - if (otpM[i] == "9"): null

2020-08-05 09:19:59 - [TEST_STEP][PASSED] - delay(3, STOP_ON_FAILURE): Delayed 3 second(s)

2020-08-05 09:20:02 - [MESSAGE][PASSED] - Delayed 3 second(s)

2020-08-05 09:20:02 - [TEST_STEP][PASSED] - if (otpM[i] == "0"): null

2020-08-05 09:20:02 - [TEST_STEP][PASSED] - if (otpM[i] == "1"): Tapped on element 'Object Repository/Maya/login again/Spy - 1'

2020-08-05 09:20:02 - [TEST_STEP][PASSED] - delay(1, STOP_ON_FAILURE): Delayed 1 second(s)

2020-08-05 09:20:03 - [MESSAGE][PASSED] - Delayed 1 second(s)

2020-08-05 09:20:03 - [TEST_STEP][PASSED] - tap(findTestObject("Maya/login again/Spy - 1"), 0): Tapped on element 'Object Repository/Maya/login again/Spy - 1'

2020-08-05 09:20:03 - [MESSAGE][WARNING] - Timeout '0' is invalid. Using default page load timeout: '10'

2020-08-05 09:20:04 - [MESSAGE][PASSED] - Tapped on element 'Object Repository/Maya/login again/Spy - 1'

2020-08-05 09:20:04 - [TEST_STEP][PASSED] - if (otpM[i] == "2"): null

2020-08-05 09:20:04 - [TEST_STEP][PASSED] - if (otpM[i] == "3"): null

2020-08-05 09:20:04 - [TEST_STEP][PASSED] - if (otpM[i] == "4"): null

2020-08-05 09:20:04 - [TEST_STEP][PASSED] - if (otpM[i] == "5"): null

2020-08-05 09:20:04 - [TEST_STEP][PASSED] - if (otpM[i] == "6"): null

2020-08-05 09:20:04 - [TEST_STEP][PASSED] - if (otpM[i] == "7"): null

2020-08-05 09:20:04 - [TEST_STEP][PASSED] - if (otpM[i] == "8"): null

2020-08-05 09:20:04 - [TEST_STEP][PASSED] - if (otpM[i] == "9"): null

2020-08-05 09:20:04 - [TEST_STEP][PASSED] - delay(3, STOP_ON_FAILURE): Delayed 3 second(s)

2020-08-05 09:20:07 - [MESSAGE][PASSED] - Delayed 3 second(s)

2020-08-05 09:20:07 - [TEST_STEP][PASSED] - if (otpM[i] == "0"): null

2020-08-05 09:20:07 - [TEST_STEP][PASSED] - if (otpM[i] == "1"): null

2020-08-05 09:20:07 - [TEST_STEP][PASSED] - if (otpM[i] == "2"): null

2020-08-05 09:20:07 - [TEST_STEP][PASSED] - if (otpM[i] == "3"): null

2020-08-05 09:20:07 - [TEST_STEP][PASSED] - if (otpM[i] == "4"): null

2020-08-05 09:20:07 - [TEST_STEP][PASSED] - if (otpM[i] == "5"): null

2020-08-05 09:20:07 - [TEST_STEP][PASSED] - if (otpM[i] == "6"): null

2020-08-05 09:20:07 - [TEST_STEP][PASSED] - if (otpM[i] == "7"): Tapped on element 'Object Repository/Maya/login again/Spy - 7'

2020-08-05 09:20:07 - [TEST_STEP][PASSED] - delay(1, STOP_ON_FAILURE): Delayed 1 second(s)

2020-08-05 09:20:08 - [MESSAGE][PASSED] - Delayed 1 second(s)

2020-08-05 09:20:08 - [TEST_STEP][PASSED] - tap(findTestObject("Maya/login again/Spy - 7"), 0): Tapped on element 'Object Repository/Maya/login again/Spy - 7'

2020-08-05 09:20:08 - [MESSAGE][WARNING] - Timeout '0' is invalid. Using default page load timeout: '10'

2020-08-05 09:20:10 - [MESSAGE][PASSED] - Tapped on element 'Object Repository/Maya/login again/Spy - 7'

2020-08-05 09:20:10 - [TEST_STEP][PASSED] - if (otpM[i] == "8"): null

2020-08-05 09:20:10 - [TEST_STEP][PASSED] - if (otpM[i] == "9"): null

2020-08-05 09:20:10 - [TEST_STEP][PASSED] - delay(3, STOP_ON_FAILURE): Delayed 3 second(s)

2020-08-05 09:20:13 - [MESSAGE][PASSED] - Delayed 3 second(s)

2020-08-05 09:20:13 - [TEST_STEP][PASSED] - if (otpM[i] == "0"): null

2020-08-05 09:20:13 - [TEST_STEP][PASSED] - if (otpM[i] == "1"): null

2020-08-05 09:20:13 - [TEST_STEP][PASSED] - if (otpM[i] == "2"): Tapped on element 'Object Repository/Maya/login again/Spy- 2'

2020-08-05 09:20:13 - [TEST_STEP][PASSED] - delay(1, STOP_ON_FAILURE): Delayed 1 second(s)

2020-08-05 09:20:14 - [MESSAGE][PASSED] - Delayed 1 second(s)

2020-08-05 09:20:14 - [TEST_STEP][PASSED] - tap(findTestObject("Maya/login again/Spy- 2"), 0): Tapped on element 'Object Repository/Maya/login again/Spy- 2'

2020-08-05 09:20:14 - [MESSAGE][WARNING] - Timeout '0' is invalid. Using default page load timeout: '10'

2020-08-05 09:20:15 - [MESSAGE][PASSED] - Tapped on element 'Object Repository/Maya/login again/Spy- 2'

2020-08-05 09:20:15 - [TEST_STEP][PASSED] - if (otpM[i] == "3"): null

2020-08-05 09:20:15 - [TEST_STEP][PASSED] - if (otpM[i] == "4"): null

2020-08-05 09:20:15 - [TEST_STEP][PASSED] - if (otpM[i] == "5"): null

2020-08-05 09:20:15 - [TEST_STEP][PASSED] - if (otpM[i] == "6"): null

2020-08-05 09:20:15 - [TEST_STEP][PASSED] - if (otpM[i] == "7"): null

2020-08-05 09:20:15 - [TEST_STEP][PASSED] - if (otpM[i] == "8"): null

2020-08-05 09:20:15 - [TEST_STEP][PASSED] - if (otpM[i] == "9"): null

2020-08-05 09:20:15 - [TEST_STEP][PASSED] - delay(8, STOP_ON_FAILURE): Delayed 8 second(s)

2020-08-05 09:20:23 - [MESSAGE][PASSED] - Delayed 8 second(s)

2020-08-05 09:20:23 - [TEST_STEP][PASSED] - tapAtPosition(826, 2048): Tapped at [826, 2,048]

2020-08-05 09:20:24 - [MESSAGE][PASSED] - Tapped at [826, 2,048]

2020-08-05 09:20:24 - [TEST_STEP][FAILED] - if (verifyElementExist(findTestObject("Maya/KLIA/android.widget.TextView0 - Approve"), 0)): Element 'Object Repository/Maya/KLIA/android.widget.TextView0 - Approve' not found

2020-08-05 09:20:24 - [MESSAGE][WARNING] - Timeout '0' is invalid. Using default page load timeout: '10'

2020-08-05 09:20:35 - [MESSAGE][FAILED] - Element 'Object Repository/Maya/KLIA/android.widget.TextView0 - Approve' not found
[[ATTACHMENT|C:\\Users\\LENOVO\\Git_new\\Maya\\Reports\\20200805_091343\\Maya UAT\\UAT Test Suite\\20200805_091343\\1596590434630.png]]

2020-08-05 09:20:35 - [TEST_STEP][PASSED] - delay(10, CONTINUE_ON_FAILURE): Delayed 10 second(s)

2020-08-05 09:20:45 - [MESSAGE][PASSED] - Delayed 10 second(s)

2020-08-05 09:20:45 - [TEST_STEP][PASSED] - verifyElementText(findTestObject("Maya/duitNow Fav TAC/android.widget.TextView0 - Transfer successful"), "Transfer successful"): Actual text and expected text of test object 'Object Repository/Maya/duitNow Fav TAC/android.widget.TextView0 - Transfer successful' are matched.

2020-08-05 09:20:45 - [MESSAGE][PASSED] - Actual text and expected text of test object 'Object Repository/Maya/duitNow Fav TAC/android.widget.TextView0 - Transfer successful' are matched.

2020-08-05 09:20:45 - [TEST_STEP][PASSED] - takeScreenshot("C:\Users\LENOVO\Screenshot\Third Party Fav\TransferSuccess.png", STOP_ON_FAILURE): Screenshot is taken

2020-08-05 09:20:46 - [MESSAGE][PASSED] - Screenshot is taken
[[ATTACHMENT|C:\\Users\\LENOVO\\Screenshot\\Third Party Fav\\TransferSuccess.png]]

2020-08-05 09:20:46 - [TEST_STEP][PASSED] - verifyElementExist(findTestObject("Maya/duitnow/android.widget.TextView0 - 179857250M"), 0): Element 'Object Repository/Maya/duitnow/android.widget.TextView0 - 179857250M' is exist

2020-08-05 09:20:46 - [MESSAGE][WARNING] - Timeout '0' is invalid. Using default page load timeout: '10'

2020-08-05 09:20:47 - [MESSAGE][PASSED] - Element 'Object Repository/Maya/duitnow/android.widget.TextView0 - 179857250M' is exist

2020-08-05 09:20:47 - [TEST_STEP][PASSED] - verifyElementExist(findTestObject("Maya/duitnow/android.widget.TextView0 - 16 Apr 2020 0546 pm"), 0): Element 'Object Repository/Maya/duitnow/android.widget.TextView0 - 16 Apr 2020 0546 pm' is exist

2020-08-05 09:20:47 - [MESSAGE][WARNING] - Timeout '0' is invalid. Using default page load timeout: '10'

2020-08-05 09:20:47 - [MESSAGE][PASSED] - Element 'Object Repository/Maya/duitnow/android.widget.TextView0 - 16 Apr 2020 0546 pm' is exist

2020-08-05 09:20:47 - [TEST_STEP][PASSED] - tap(findTestObject("Maya/New_Transfer/android.widget.TextView0 - Share Receipt"), 0): Tapped on element 'Object Repository/Maya/New_Transfer/android.widget.TextView0 - Share Receipt'

2020-08-05 09:20:47 - [MESSAGE][WARNING] - Timeout '0' is invalid. Using default page load timeout: '10'

2020-08-05 09:20:48 - [MESSAGE][PASSED] - Tapped on element 'Object Repository/Maya/New_Transfer/android.widget.TextView0 - Share Receipt'

2020-08-05 09:20:48 - [TEST_STEP][PASSED] - delay(8, CONTINUE_ON_FAILURE): Delayed 8 second(s)

2020-08-05 09:20:56 - [MESSAGE][PASSED] - Delayed 8 second(s)

2020-08-05 09:20:56 - [TEST_STEP][NOT_RUN] - tap(findTestObject("Maya/New_Transfer/android.widget.ImageView0 (9)"), 0): NOT_RUN: tap(findTestObject("Maya/New_Transfer/android.widget.ImageView0 (9)"), 0)

2020-08-05 09:20:56 - [MESSAGE][NOT_RUN] - NOT_RUN: tap(findTestObject("Maya/New_Transfer/android.widget.ImageView0 (9)"), 0)

2020-08-05 09:20:56 - [TEST_STEP][NOT_RUN] - tap(findTestObject("Maya/New_Transfer/android.widget.Button0 - Cancel (1)"), 0): NOT_RUN: tap(findTestObject("Maya/New_Transfer/android.widget.Button0 - Cancel (1)"), 0)

2020-08-05 09:20:56 - [MESSAGE][NOT_RUN] - NOT_RUN: tap(findTestObject("Maya/New_Transfer/android.widget.Button0 - Cancel (1)"), 0)

2020-08-05 09:20:56 - [TEST_STEP][PASSED] - getText(findTestObject("Maya/New_Transfer/android.widget.TextView0 - Share Receipt (1)"), 0): Text of element 'Object Repository/Maya/New_Transfer/android.widget.TextView0 - Share Receipt (1)' is: 'Share Receipt'

2020-08-05 09:20:56 - [MESSAGE][WARNING] - Timeout '0' is invalid. Using default page load timeout: '10'

2020-08-05 09:20:57 - [MESSAGE][PASSED] - Text of element 'Object Repository/Maya/New_Transfer/android.widget.TextView0 - Share Receipt (1)' is: 'Share Receipt'

2020-08-05 09:20:57 - [TEST_STEP][PASSED] - verifyElementExist(findTestObject("Maya/New_Transfer/android.widget.TextView0 - Share Receipt (1)"), 0): Element 'Object Repository/Maya/New_Transfer/android.widget.TextView0 - Share Receipt (1)' is exist

2020-08-05 09:20:57 - [MESSAGE][WARNING] - Timeout '0' is invalid. Using default page load timeout: '10'

2020-08-05 09:20:57 - [MESSAGE][PASSED] - Element 'Object Repository/Maya/New_Transfer/android.widget.TextView0 - Share Receipt (1)' is exist

2020-08-05 09:20:57 - [TEST_STEP][NOT_RUN] - tap(findTestObject("Maya/New_Transfer/android.widget.ImageView0 (10)"), 0): NOT_RUN: tap(findTestObject("Maya/New_Transfer/android.widget.ImageView0 (10)"), 0)

2020-08-05 09:20:57 - [MESSAGE][NOT_RUN] - NOT_RUN: tap(findTestObject("Maya/New_Transfer/android.widget.ImageView0 (10)"), 0)

2020-08-05 09:20:57 - [TEST_STEP][NOT_RUN] - tap(findTestObject("Maya/New_Transfer/android.widget.TextView0 - Share Receipt"), 0): NOT_RUN: tap(findTestObject("Maya/New_Transfer/android.widget.TextView0 - Share Receipt"), 0)

2020-08-05 09:20:57 - [MESSAGE][NOT_RUN] - NOT_RUN: tap(findTestObject("Maya/New_Transfer/android.widget.TextView0 - Share Receipt"), 0)

2020-08-05 09:20:57 - [TEST_STEP][PASSED] - getText(findTestObject("Maya/New_Transfer/android.view.View0 - 17180008563M"), 0): Text of element 'Object Repository/Maya/New_Transfer/android.view.View0 - 17180008563M' is: 'Reference ID'

2020-08-05 09:20:57 - [MESSAGE][WARNING] - Timeout '0' is invalid. Using default page load timeout: '10'

2020-08-05 09:20:58 - [MESSAGE][PASSED] - Text of element 'Object Repository/Maya/New_Transfer/android.view.View0 - 17180008563M' is: 'Reference ID'

2020-08-05 09:20:58 - [TEST_STEP][PASSED] - takeScreenshot("C:\Users\LENOVO\Screenshot\Third Party\Screenshot24", STOP_ON_FAILURE): Screenshot is taken

2020-08-05 09:20:59 - [MESSAGE][PASSED] - Screenshot is taken
[[ATTACHMENT|C:\\Users\\LENOVO\\Screenshot\\Third Party\\Screenshot24]]

2020-08-05 09:20:59 - [TEST_STEP][PASSED] - verifyElementExist(findTestObject("Maya/New_Transfer/android.view.View0 - 17180008563M"), 0): Element 'Object Repository/Maya/New_Transfer/android.view.View0 - 17180008563M' is exist

2020-08-05 09:20:59 - [MESSAGE][WARNING] - Timeout '0' is invalid. Using default page load timeout: '10'

2020-08-05 09:20:59 - [MESSAGE][PASSED] - Element 'Object Repository/Maya/New_Transfer/android.view.View0 - 17180008563M' is exist

2020-08-05 09:20:59 - [TEST_STEP][PASSED] - getText(findTestObject("Maya/New_Transfer/android.view.View0 - Beneficiary name"), 0): Text of element 'Object Repository/Maya/New_Transfer/android.view.View0 - Beneficiary name' is: 'Beneficiary name'

2020-08-05 09:20:59 - [MESSAGE][WARNING] - Timeout '0' is invalid. Using default page load timeout: '10'

2020-08-05 09:21:00 - [MESSAGE][PASSED] - Text of element 'Object Repository/Maya/New_Transfer/android.view.View0 - Beneficiary name' is: 'Beneficiary name'

2020-08-05 09:21:00 - [TEST_STEP][PASSED] - verifyElementExist(findTestObject("Maya/New_Transfer/android.view.View0 - Beneficiary name"), 0): Element 'Object Repository/Maya/New_Transfer/android.view.View0 - Beneficiary name' is exist

2020-08-05 09:21:00 - [MESSAGE][WARNING] - Timeout '0' is invalid. Using default page load timeout: '10'

2020-08-05 09:21:00 - [MESSAGE][PASSED] - Element 'Object Repository/Maya/New_Transfer/android.view.View0 - Beneficiary name' is exist

2020-08-05 09:21:00 - [TEST_STEP][PASSED] - getText(findTestObject("Maya/New_Transfer/android.view.View0 - Amount"), 0): Text of element 'Object Repository/Maya/New_Transfer/android.view.View0 - Amount' is: 'Amount'

2020-08-05 09:21:00 - [MESSAGE][WARNING] - Timeout '0' is invalid. Using default page load timeout: '10'

2020-08-05 09:21:00 - [MESSAGE][PASSED] - Text of element 'Object Repository/Maya/New_Transfer/android.view.View0 - Amount' is: 'Amount'

2020-08-05 09:21:00 - [TEST_STEP][PASSED] - verifyElementExist(findTestObject("Maya/New_Transfer/android.view.View0 - Amount"), 0): Element 'Object Repository/Maya/New_Transfer/android.view.View0 - Amount' is exist

2020-08-05 09:21:00 - [MESSAGE][WARNING] - Timeout '0' is invalid. Using default page load timeout: '10'

2020-08-05 09:21:00 - [MESSAGE][PASSED] - Element 'Object Repository/Maya/New_Transfer/android.view.View0 - Amount' is exist

2020-08-05 09:21:00 - [TEST_STEP][PASSED] - getText(findTestObject("Maya/New_Transfer/android.view.View0 - Recipient reference"), 0): Text of element 'Object Repository/Maya/New_Transfer/android.view.View0 - Recipient reference' is: 'Recipient reference'

2020-08-05 09:21:00 - [MESSAGE][WARNING] - Timeout '0' is invalid. Using default page load timeout: '10'

2020-08-05 09:21:01 - [MESSAGE][PASSED] - Text of element 'Object Repository/Maya/New_Transfer/android.view.View0 - Recipient reference' is: 'Recipient reference'

2020-08-05 09:21:01 - [TEST_STEP][PASSED] - getText(findTestObject("Maya/New_Transfer/android.view.View0 - Test"), 0): Text of element 'Object Repository/Maya/New_Transfer/android.view.View0 - Test' is: 'DuitNow ID number'

2020-08-05 09:21:01 - [MESSAGE][WARNING] - Timeout '0' is invalid. Using default page load timeout: '10'

2020-08-05 09:21:01 - [MESSAGE][PASSED] - Text of element 'Object Repository/Maya/New_Transfer/android.view.View0 - Test' is: 'DuitNow ID number'

2020-08-05 09:21:01 - [TEST_STEP][PASSED] - getText(findTestObject("Maya/NRICduitnow/android.view.View0 - Beneficiary name"), 0): Text of element 'Object Repository/Maya/NRICduitnow/android.view.View0 - Beneficiary name' is: 'Beneficiary name'

2020-08-05 09:21:01 - [MESSAGE][WARNING] - Timeout '0' is invalid. Using default page load timeout: '10'

2020-08-05 09:21:01 - [MESSAGE][PASSED] - Text of element 'Object Repository/Maya/NRICduitnow/android.view.View0 - Beneficiary name' is: 'Beneficiary name'

2020-08-05 09:21:01 - [TEST_STEP][PASSED] - getText(findTestObject("Maya/NRICduitnow/android.view.View0 - BIMBB TEST DUITNOW ID"), 0): Text of element 'Object Repository/Maya/NRICduitnow/android.view.View0 - BIMBB TEST DUITNOW ID' is: 'BIMBB TEST DUITNOW ID'

2020-08-05 09:21:01 - [MESSAGE][WARNING] - Timeout '0' is invalid. Using default page load timeout: '10'

2020-08-05 09:21:02 - [MESSAGE][PASSED] - Text of element 'Object Repository/Maya/NRICduitnow/android.view.View0 - BIMBB TEST DUITNOW ID' is: 'BIMBB TEST DUITNOW ID'

2020-08-05 09:21:02 - [TEST_STEP][PASSED] - getText(findTestObject("Maya/NRICduitnow/android.view.View0 - DuitNow ID type"), 0): Text of element 'Object Repository/Maya/NRICduitnow/android.view.View0 - DuitNow ID type' is: 'DuitNow ID type'

2020-08-05 09:21:02 - [MESSAGE][WARNING] - Timeout '0' is invalid. Using default page load timeout: '10'

2020-08-05 09:21:02 - [MESSAGE][PASSED] - Text of element 'Object Repository/Maya/NRICduitnow/android.view.View0 - DuitNow ID type' is: 'DuitNow ID type'

2020-08-05 09:21:02 - [TEST_STEP][PASSED] - getText(findTestObject("Maya/NRICduitnow/android.view.View0 - NRIC Number"), 0): Text of element 'Object Repository/Maya/NRICduitnow/android.view.View0 - NRIC Number' is: 'NRIC Number'

2020-08-05 09:21:03 - [MESSAGE][WARNING] - Timeout '0' is invalid. Using default page load timeout: '10'

2020-08-05 09:21:03 - [MESSAGE][PASSED] - Text of element 'Object Repository/Maya/NRICduitnow/android.view.View0 - NRIC Number' is: 'NRIC Number'

2020-08-05 09:21:03 - [TEST_STEP][PASSED] - verifyElementExist(findTestObject("Maya/New_Transfer/android.view.View0 - RM 2.00"), 0): Element 'Object Repository/Maya/New_Transfer/android.view.View0 - RM 2.00' is exist

2020-08-05 09:21:03 - [MESSAGE][WARNING] - Timeout '0' is invalid. Using default page load timeout: '10'

2020-08-05 09:21:03 - [MESSAGE][PASSED] - Element 'Object Repository/Maya/New_Transfer/android.view.View0 - RM 2.00' is exist

2020-08-05 09:21:03 - [TEST_STEP][PASSED] - verifyElementExist(findTestObject("Maya/New_Transfer/android.view.View0 - Test"), 0): Element 'Object Repository/Maya/New_Transfer/android.view.View0 - Test' is exist

2020-08-05 09:21:03 - [MESSAGE][WARNING] - Timeout '0' is invalid. Using default page load timeout: '10'

2020-08-05 09:21:04 - [MESSAGE][PASSED] - Element 'Object Repository/Maya/New_Transfer/android.view.View0 - Test' is exist

2020-08-05 09:21:04 - [TEST_STEP][PASSED] - verifyElementExist(findTestObject("Maya/New_Transfer/android.view.View0 - Recipient reference"), 0): Element 'Object Repository/Maya/New_Transfer/android.view.View0 - Recipient reference' is exist

2020-08-05 09:21:04 - [MESSAGE][WARNING] - Timeout '0' is invalid. Using default page load timeout: '10'

2020-08-05 09:21:04 - [MESSAGE][PASSED] - Element 'Object Repository/Maya/New_Transfer/android.view.View0 - Recipient reference' is exist

2020-08-05 09:21:04 - [TEST_STEP][PASSED] - verifyElementExist(findTestObject("Maya/New_Transfer/android.view.View0 - Test"), 0): Element 'Object Repository/Maya/New_Transfer/android.view.View0 - Test' is exist

2020-08-05 09:21:04 - [MESSAGE][WARNING] - Timeout '0' is invalid. Using default page load timeout: '10'

2020-08-05 09:21:04 - [MESSAGE][PASSED] - Element 'Object Repository/Maya/New_Transfer/android.view.View0 - Test' is exist

2020-08-05 09:21:04 - [TEST_STEP][PASSED] - swipe(831, 1382, 800, 100): Swiped from 831,1,382 to 800,100

2020-08-05 09:21:05 - [MESSAGE][PASSED] - Swiped from 831,1,382 to 800,100

2020-08-05 09:21:05 - [TEST_STEP][PASSED] - delay(5, STOP_ON_FAILURE): Delayed 5 second(s)

2020-08-05 09:21:10 - [MESSAGE][PASSED] - Delayed 5 second(s)

2020-08-05 09:21:10 - [TEST_STEP][PASSED] - getText(findTestObject("Maya/drop4 CR/android.view.View0 - RM 2.00"), 0): Text of element 'Object Repository/Maya/drop4 CR/android.view.View0 - RM 2.00' is: 'RM 2.00'

2020-08-05 09:21:11 - [MESSAGE][WARNING] - Timeout '0' is invalid. Using default page load timeout: '10'

2020-08-05 09:21:11 - [MESSAGE][PASSED] - Text of element 'Object Repository/Maya/drop4 CR/android.view.View0 - RM 2.00' is: 'RM 2.00'

2020-08-05 09:21:11 - [TEST_STEP][PASSED] - verifyElementExist(findTestObject("Maya/drop4 CR/android.view.View0 - RM 2.00"), 0): Element 'Object Repository/Maya/drop4 CR/android.view.View0 - RM 2.00' is exist

2020-08-05 09:21:11 - [MESSAGE][WARNING] - Timeout '0' is invalid. Using default page load timeout: '10'

2020-08-05 09:21:11 - [MESSAGE][PASSED] - Element 'Object Repository/Maya/drop4 CR/android.view.View0 - RM 2.00' is exist

2020-08-05 09:21:11 - [TEST_STEP][PASSED] - getText(findTestObject("Maya/New_Transfer/android.view.View0 - Beneficiary name"), 0): Text of element 'Object Repository/Maya/New_Transfer/android.view.View0 - Beneficiary name' is: 'Beneficiary name'

2020-08-05 09:21:11 - [MESSAGE][WARNING] - Timeout '0' is invalid. Using default page load timeout: '10'

2020-08-05 09:21:11 - [MESSAGE][PASSED] - Text of element 'Object Repository/Maya/New_Transfer/android.view.View0 - Beneficiary name' is: 'Beneficiary name'

2020-08-05 09:21:11 - [TEST_STEP][PASSED] - verifyElementExist(findTestObject("Maya/New_Transfer/android.view.View0 - Beneficiary name"), 0): Element 'Object Repository/Maya/New_Transfer/android.view.View0 - Beneficiary name' is exist

2020-08-05 09:21:11 - [MESSAGE][WARNING] - Timeout '0' is invalid. Using default page load timeout: '10'

2020-08-05 09:21:12 - [MESSAGE][PASSED] - Element 'Object Repository/Maya/New_Transfer/android.view.View0 - Beneficiary name' is exist

2020-08-05 09:21:12 - [TEST_STEP][PASSED] - getText(findTestObject("Maya/Third Party CA account/android.widget.TextView0 - Note This receipt is computer generated and no signature is required."), 0): Text of element 'Object Repository/Maya/Third Party CA account/android.widget.TextView0 - Note This receipt is computer generated and no signature is required.' is: 'Note: This receipt is computer generated and no signature is required.'

2020-08-05 09:21:12 - [MESSAGE][WARNING] - Timeout '0' is invalid. Using default page load timeout: '10'

2020-08-05 09:21:12 - [MESSAGE][PASSED] - Text of element 'Object Repository/Maya/Third Party CA account/android.widget.TextView0 - Note This receipt is computer generated and no signature is required.' is: 'Note: This receipt is computer generated and no signature is required.'

2020-08-05 09:21:12 - [TEST_STEP][PASSED] - getText(findTestObject("Maya/Third Party CA account/android.widget.TextView0 - Malayan Banking Berhad (Co. Reg.  196001000142)"), 0): Text of element 'Object Repository/Maya/Third Party CA account/android.widget.TextView0 - Malayan Banking Berhad (Co. Reg.  196001000142)' is: 'Malayan Banking Berhad (Co. Reg. : 196001000142)'

2020-08-05 09:21:12 - [MESSAGE][WARNING] - Timeout '0' is invalid. Using default page load timeout: '10'

2020-08-05 09:21:12 - [MESSAGE][PASSED] - Text of element 'Object Repository/Maya/Third Party CA account/android.widget.TextView0 - Malayan Banking Berhad (Co. Reg.  196001000142)' is: 'Malayan Banking Berhad (Co. Reg. : 196001000142)'

2020-08-05 09:21:12 - [TEST_STEP][PASSED] - getText(findTestObject("Maya/Third Party CA account/android.widget.TextView0 - Maybank Islamic Berhad (Co. Reg.  200701029411)"), 0): Text of element 'Object Repository/Maya/Third Party CA account/android.widget.TextView0 - Maybank Islamic Berhad (Co. Reg.  200701029411)' is: 'Maybank Islamic Berhad (Co. Reg. : 200701029411)'

2020-08-05 09:21:12 - [MESSAGE][WARNING] - Timeout '0' is invalid. Using default page load timeout: '10'

2020-08-05 09:21:12 - [MESSAGE][PASSED] - Text of element 'Object Repository/Maya/Third Party CA account/android.widget.TextView0 - Maybank Islamic Berhad (Co. Reg.  200701029411)' is: 'Maybank Islamic Berhad (Co. Reg. : 200701029411)'

2020-08-05 09:21:12 - [TEST_STEP][PASSED] - tap(findTestObject("Maya/New_Transfer/android.widget.ImageView0 (10)"), 0): Tapped on element 'Object Repository/Maya/New_Transfer/android.widget.ImageView0 (10)'

2020-08-05 09:21:12 - [MESSAGE][WARNING] - Timeout '0' is invalid. Using default page load timeout: '10'

2020-08-05 09:21:13 - [MESSAGE][PASSED] - Tapped on element 'Object Repository/Maya/New_Transfer/android.widget.ImageView0 (10)'

2020-08-05 09:21:13 - [TEST_STEP][PASSED] - delay(5, CONTINUE_ON_FAILURE): Delayed 5 second(s)

2020-08-05 09:21:18 - [MESSAGE][PASSED] - Delayed 5 second(s)

2020-08-05 09:21:18 - [TEST_STEP][PASSED] - tap(findTestObject("Maya/New_Transfer/android.widget.TextView0 - Done (1)"), 0): Tapped on element 'Object Repository/Maya/New_Transfer/android.widget.TextView0 - Done (1)'

2020-08-05 09:21:18 - [MESSAGE][WARNING] - Timeout '0' is invalid. Using default page load timeout: '10'

2020-08-05 09:21:21 - [MESSAGE][PASSED] - Tapped on element 'Object Repository/Maya/New_Transfer/android.widget.TextView0 - Done (1)'

2020-08-05 09:21:21 - [TEST_STEP][PASSED] - delay(3, CONTINUE_ON_FAILURE): Delayed 3 second(s)

2020-08-05 09:21:24 - [MESSAGE][PASSED] - Delayed 3 second(s)

2020-08-05 09:21:24 - [TEST_STEP][PASSED] - takeScreenshot("C:\Users\LENOVO\Screenshot\Third Party\Screenshot26", STOP_ON_FAILURE): Screenshot is taken

2020-08-05 09:21:25 - [MESSAGE][PASSED] - Screenshot is taken
[[ATTACHMENT|C:\\Users\\LENOVO\\Screenshot\\Third Party\\Screenshot26]]

2020-08-05 09:21:25 - [TEST_STEP][NOT_RUN] - tap(findTestObject("Maya/New_Transfer/android.widget.ImageView0 (11)"), 0): NOT_RUN: tap(findTestObject("Maya/New_Transfer/android.widget.ImageView0 (11)"), 0)

2020-08-05 09:21:25 - [MESSAGE][NOT_RUN] - NOT_RUN: tap(findTestObject("Maya/New_Transfer/android.widget.ImageView0 (11)"), 0)

2020-08-05 09:21:25 - [TEST_STEP][PASSED] - tap(findTestObject("Maya/New_Transfer/android.widget.TextView0 - Wallet"), 0): Tapped on element 'Object Repository/Maya/New_Transfer/android.widget.TextView0 - Wallet'

2020-08-05 09:21:25 - [MESSAGE][WARNING] - Timeout '0' is invalid. Using default page load timeout: '10'

2020-08-05 09:21:28 - [MESSAGE][PASSED] - Tapped on element 'Object Repository/Maya/New_Transfer/android.widget.TextView0 - Wallet'

2020-08-05 09:21:28 - [TEST_STEP][PASSED] - tap(findTestObject("Maya/New_Transfer/android.widget.TextView0 - View Transactions"), 0): Tapped on element 'Object Repository/Maya/New_Transfer/android.widget.TextView0 - View Transactions'

2020-08-05 09:21:28 - [MESSAGE][WARNING] - Timeout '0' is invalid. Using default page load timeout: '10'

2020-08-05 09:21:30 - [MESSAGE][PASSED] - Tapped on element 'Object Repository/Maya/New_Transfer/android.widget.TextView0 - View Transactions'

2020-08-05 09:21:30 - [TEST_STEP][FAILED] - tap(findTestObject("Maya/RegisterDuitNow/android.widget.ImageView0 (2)"), 0): Object Object Repository/Maya/RegisterDuitNow/android.widget.ImageView0 (2) not found

2020-08-05 09:21:30 - [MESSAGE][WARNING] - Timeout '0' is invalid. Using default page load timeout: '10'

2020-08-05 09:21:41 - [MESSAGE][FAILED] - Object Object Repository/Maya/RegisterDuitNow/android.widget.ImageView0 (2) not found
[[ATTACHMENT|C:\\Users\\LENOVO\\Git_new\\Maya\\Reports\\20200805_091343\\Maya UAT\\UAT Test Suite\\20200805_091343\\1596590500371.png]]

2020-08-05 09:21:41 - [TEST_STEP][PASSED] - delay(2, STOP_ON_FAILURE): Delayed 2 second(s)

2020-08-05 09:21:43 - [MESSAGE][PASSED] - Delayed 2 second(s)

2020-08-05 09:21:43 - [TEST_STEP][PASSED] - takeScreenshot("C:\Users\LENOVO\Screenshot\DuitNowProxy\Screen4.png", CONTINUE_ON_FAILURE): Screenshot is taken

2020-08-05 09:21:44 - [MESSAGE][PASSED] - Screenshot is taken
[[ATTACHMENT|C:\\Users\\LENOVO\\Screenshot\\DuitNowProxy\\Screen4.png]]

2020-08-05 09:21:44 - [TEST_STEP][PASSED] - delay(3, CONTINUE_ON_FAILURE): Delayed 3 second(s)

2020-08-05 09:21:47 - [MESSAGE][PASSED] - Delayed 3 second(s)

2020-08-05 09:21:47 - [TEST_STEP][PASSED] - swipe(592, 1887, 629, 1390): Swiped from 592,1,887 to 629,1,390

2020-08-05 09:21:48 - [MESSAGE][PASSED] - Swiped from 592,1,887 to 629,1,390

2020-08-05 09:21:48 - [TEST_STEP][PASSED] - delay(2, STOP_ON_FAILURE): Delayed 2 second(s)

2020-08-05 09:21:50 - [MESSAGE][PASSED] - Delayed 2 second(s)

2020-08-05 09:21:50 - [TEST_STEP][PASSED] - tap(findTestObject("Maya/RegisterDuitNow/android.widget.TextView0 - Done (1)"), 0): Tapped on element 'Object Repository/Maya/RegisterDuitNow/android.widget.TextView0 - Done (1)'

2020-08-05 09:21:50 - [MESSAGE][WARNING] - Timeout '0' is invalid. Using default page load timeout: '10'

2020-08-05 09:21:51 - [MESSAGE][PASSED] - Tapped on element 'Object Repository/Maya/RegisterDuitNow/android.widget.TextView0 - Done (1)'

2020-08-05 09:21:51 - [TEST_STEP][PASSED] - delay(2, STOP_ON_FAILURE): Delayed 2 second(s)

2020-08-05 09:21:53 - [MESSAGE][PASSED] - Delayed 2 second(s)

2020-08-05 09:21:53 - [TEST_STEP][PASSED] - getText(findTestObject("Maya/spy/android.widget.TextView0 - DuitNow Open - BIMBB TEST DUITNOW ID"), 0): Text of element 'Object Repository/Maya/spy/android.widget.TextView0 - DuitNow Open - BIMBB TEST DUITNOW ID' is: 'DuitNow Open - BIMBB TEST DUITNOW ID'

2020-08-05 09:21:53 - [MESSAGE][WARNING] - Timeout '0' is invalid. Using default page load timeout: '10'

2020-08-05 09:21:54 - [MESSAGE][PASSED] - Text of element 'Object Repository/Maya/spy/android.widget.TextView0 - DuitNow Open - BIMBB TEST DUITNOW ID' is: 'DuitNow Open - BIMBB TEST DUITNOW ID'

2020-08-05 09:21:54 - [TEST_STEP][PASSED] - getText(findTestObject("Maya/spy/android.widget.TextView0 - -RM 2.00"), 0): Text of element 'Object Repository/Maya/spy/android.widget.TextView0 - -RM 2.00' is: '-RM 2.00'

2020-08-05 09:21:54 - [MESSAGE][WARNING] - Timeout '0' is invalid. Using default page load timeout: '10'

2020-08-05 09:21:54 - [MESSAGE][PASSED] - Text of element 'Object Repository/Maya/spy/android.widget.TextView0 - -RM 2.00' is: '-RM 2.00'

2020-08-05 09:21:54 - [TEST_STEP][PASSED] - delay(3, CONTINUE_ON_FAILURE): Delayed 3 second(s)

2020-08-05 09:21:57 - [MESSAGE][PASSED] - Delayed 3 second(s)

2020-08-05 09:21:57 - [TEST_STEP][PASSED] - delay(3, CONTINUE_ON_FAILURE): Delayed 3 second(s)

2020-08-05 09:22:00 - [MESSAGE][PASSED] - Delayed 3 second(s)

2020-08-05 09:22:00 - [TEST_STEP][PASSED] - takeScreenshot("C:\Users\LENOVO\Screenshot\Third Party\Screenshot20", STOP_ON_FAILURE): Screenshot is taken

2020-08-05 09:22:01 - [MESSAGE][PASSED] - Screenshot is taken
[[ATTACHMENT|C:\\Users\\LENOVO\\Screenshot\\Third Party\\Screenshot20]]

2020-08-05 09:22:01 - [TEST_STEP][PASSED] - tap(findTestObject("Maya/KLIA/android.widget.TextView0 - Home"), 0): Tapped on element 'Object Repository/Maya/KLIA/android.widget.TextView0 - Home'

2020-08-05 09:22:01 - [MESSAGE][WARNING] - Timeout '0' is invalid. Using default page load timeout: '10'

2020-08-05 09:22:14 - [MESSAGE][PASSED] - Tapped on element 'Object Repository/Maya/KLIA/android.widget.TextView0 - Home'

2020-08-05 09:22:14 - [TEST_STEP][PASSED] - tap(findTestObject("Maya/KLIA/android.widget.TextView0 - More (1)"), 0): Tapped on element 'Object Repository/Maya/KLIA/android.widget.TextView0 - More (1)'

2020-08-05 09:22:14 - [MESSAGE][WARNING] - Timeout '0' is invalid. Using default page load timeout: '10'

2020-08-05 09:22:27 - [MESSAGE][PASSED] - Tapped on element 'Object Repository/Maya/KLIA/android.widget.TextView0 - More (1)'

2020-08-05 09:22:27 - [TEST_STEP][PASSED] - tap(findTestObject("Maya/KLIA/android.widget.TextView0 - Notifications"), 0): Tapped on element 'Object Repository/Maya/KLIA/android.widget.TextView0 - Notifications'

2020-08-05 09:22:27 - [MESSAGE][WARNING] - Timeout '0' is invalid. Using default page load timeout: '10'

2020-08-05 09:22:29 - [MESSAGE][PASSED] - Tapped on element 'Object Repository/Maya/KLIA/android.widget.TextView0 - Notifications'

2020-08-05 09:22:29 - [TEST_STEP][PASSED] - getText(findTestObject("Maya/NRIC Passport/android.widget.TextView0 - Today"), 0): Text of element 'Object Repository/Maya/NRIC Passport/android.widget.TextView0 - Today' is: 'Today'

2020-08-05 09:22:29 - [MESSAGE][WARNING] - Timeout '0' is invalid. Using default page load timeout: '10'

2020-08-05 09:22:30 - [MESSAGE][PASSED] - Text of element 'Object Repository/Maya/NRIC Passport/android.widget.TextView0 - Today' is: 'Today'

2020-08-05 09:22:30 - [TEST_STEP][PASSED] - getText(findTestObject("Maya/NRIC Passport/android.widget.TextView0 - Maybank2u Transfer"), 0): Text of element 'Object Repository/Maya/NRIC Passport/android.widget.TextView0 - Maybank2u Transfer' is: 'Maybank2u: Transfer'

2020-08-05 09:22:30 - [MESSAGE][WARNING] - Timeout '0' is invalid. Using default page load timeout: '10'

2020-08-05 09:22:31 - [MESSAGE][PASSED] - Text of element 'Object Repository/Maya/NRIC Passport/android.widget.TextView0 - Maybank2u Transfer' is: 'Maybank2u: Transfer'

2020-08-05 09:22:31 - [TEST_STEP][PASSED] - verifyElementVisible(findTestObject("Maya/NRIC Passport/android.widget.TextView0 - DuitNow of RM 2.00 to DEADPOOL. Passport Number  ABRA. REF 17180689639M"), 0): Element 'Object Repository/Maya/NRIC Passport/android.widget.TextView0 - DuitNow of RM 2.00 to DEADPOOL. Passport Number  ABRA. REF 17180689639M' is visible

2020-08-05 09:22:31 - [MESSAGE][WARNING] - Timeout '0' is invalid. Using default page load timeout: '10'

2020-08-05 09:22:31 - [MESSAGE][PASSED] - Element 'Object Repository/Maya/NRIC Passport/android.widget.TextView0 - DuitNow of RM 2.00 to DEADPOOL. Passport Number  ABRA. REF 17180689639M' is visible

2020-08-05 09:22:31 - [TEST_STEP][PASSED] - getText(findTestObject("Maya/spy/android.widget.TextView0 - DuitNow of RM 2.00 to BIMBB TEST DUITNOW ID. NRIC Number  0663. REF 17180690432M"), 0): Text of element 'Object Repository/Maya/spy/android.widget.TextView0 - DuitNow of RM 2.00 to BIMBB TEST DUITNOW ID. NRIC Number  0663. REF 17180690432M' is: 'DuitNow of RM 2.00 to BIMBB TEST DUITNOW ID. NRIC Number : ****0663. REF: 17180690432M'

2020-08-05 09:22:31 - [MESSAGE][WARNING] - Timeout '0' is invalid. Using default page load timeout: '10'

2020-08-05 09:22:31 - [MESSAGE][PASSED] - Text of element 'Object Repository/Maya/spy/android.widget.TextView0 - DuitNow of RM 2.00 to BIMBB TEST DUITNOW ID. NRIC Number  0663. REF 17180690432M' is: 'DuitNow of RM 2.00 to BIMBB TEST DUITNOW ID. NRIC Number : ****0663. REF: 17180690432M'

2020-08-05 09:22:31 - [TEST_STEP][PASSED] - takeScreenshot("C:\Users\LENOVO\Screenshot\DuitNow\Screen39.png", CONTINUE_ON_FAILURE): Screenshot is taken

2020-08-05 09:22:32 - [MESSAGE][PASSED] - Screenshot is taken
[[ATTACHMENT|C:\\Users\\LENOVO\\Screenshot\\DuitNow\\Screen39.png]]]]></system-out>
         <system-err><![CDATA[2020-08-05 09:13:46 - [TEST_CASE][FAILED] - Test Cases/JINU/DuItNow/Transfer DuITNow NRIC: Test Cases/JINU/DuItNow/Transfer DuITNow NRIC FAILED.
Reason:
com.kms.katalon.core.exception.StepFailedException: Element 'Object Repository/Maya/KLIA/android.widget.TextView0 - Approve' not found
	at com.kms.katalon.core.keyword.internal.KeywordMain.stepFailed(KeywordMain.groovy:39)
	at com.kms.katalon.core.mobile.keyword.internal.MobileKeywordMain.stepFailed(MobileKeywordMain.groovy:40)
	at com.kms.katalon.core.mobile.keyword.builtin.VerifyElementExistKeyword$_verifyElementExist_closure1.doCall(VerifyElementExistKeyword.groovy:77)
	at com.kms.katalon.core.mobile.keyword.builtin.VerifyElementExistKeyword$_verifyElementExist_closure1.call(VerifyElementExistKeyword.groovy)
	at com.kms.katalon.core.mobile.keyword.internal.MobileKeywordMain.runKeyword(MobileKeywordMain.groovy:21)
	at com.kms.katalon.core.mobile.keyword.builtin.VerifyElementExistKeyword.verifyElementExist(VerifyElementExistKeyword.groovy:80)
	at com.kms.katalon.core.mobile.keyword.builtin.VerifyElementExistKeyword.execute(VerifyElementExistKeyword.groovy:64)
	at com.kms.katalon.core.keyword.internal.KeywordExecutor.executeKeywordForPlatform(KeywordExecutor.groovy:72)
	at com.kms.katalon.core.mobile.keyword.MobileBuiltInKeywords.verifyElementExist(MobileBuiltInKeywords.groovy:809)
	at com.kms.katalon.core.mobile.keyword.MobileBuiltInKeywords$verifyElementExist$5.call(Unknown Source)
	at Transfer DuITNow NRIC.run(Transfer DuITNow NRIC:327)
	at com.kms.katalon.core.main.ScriptEngine.run(ScriptEngine.java:194)
	at com.kms.katalon.core.main.ScriptEngine.runScriptAsRawText(ScriptEngine.java:119)
	at com.kms.katalon.core.main.TestCaseExecutor.runScript(TestCaseExecutor.java:337)
	at com.kms.katalon.core.main.TestCaseExecutor.doExecute(TestCaseExecutor.java:328)
	at com.kms.katalon.core.main.TestCaseExecutor.processExecutionPhase(TestCaseExecutor.java:307)
	at com.kms.katalon.core.main.TestCaseExecutor.accessMainPhase(TestCaseExecutor.java:299)
	at com.kms.katalon.core.main.TestCaseExecutor.execute(TestCaseExecutor.java:233)
	at com.kms.katalon.core.main.TestSuiteExecutor.accessTestCaseMainPhase(TestSuiteExecutor.java:169)
	at com.kms.katalon.core.main.TestSuiteExecutor.accessTestSuiteMainPhase(TestSuiteExecutor.java:142)
	at com.kms.katalon.core.main.TestSuiteExecutor.execute(TestSuiteExecutor.java:91)
	at com.kms.katalon.core.main.TestCaseMain.startTestSuite(TestCaseMain.java:157)
	at com.kms.katalon.core.main.TestCaseMain$startTestSuite$0.call(Unknown Source)
	at TempTestSuite1596590023574.run(TempTestSuite1596590023574.groovy:36)]]></system-err>
      </testcase>
      <system-out><![CDATA[2020-08-05 09:13:46 - [TEST_SUITE][FAILED] - UAT Test Suite: Test Cases/JINU/DuItNow/Transfer DuITNow NRIC FAILED.
Reason:
com.kms.katalon.core.exception.StepFailedException: Element 'Object Repository/Maya/KLIA/android.widget.TextView0 - Approve' not found
	at com.kms.katalon.core.keyword.internal.KeywordMain.stepFailed(KeywordMain.groovy:39)
	at com.kms.katalon.core.mobile.keyword.internal.MobileKeywordMain.stepFailed(MobileKeywordMain.groovy:40)
	at com.kms.katalon.core.mobile.keyword.builtin.VerifyElementExistKeyword$_verifyElementExist_closure1.doCall(VerifyElementExistKeyword.groovy:77)
	at com.kms.katalon.core.mobile.keyword.builtin.VerifyElementExistKeyword$_verifyElementExist_closure1.call(VerifyElementExistKeyword.groovy)
	at com.kms.katalon.core.mobile.keyword.internal.MobileKeywordMain.runKeyword(MobileKeywordMain.groovy:21)
	at com.kms.katalon.core.mobile.keyword.builtin.VerifyElementExistKeyword.verifyElementExist(VerifyElementExistKeyword.groovy:80)
	at com.kms.katalon.core.mobile.keyword.builtin.VerifyElementExistKeyword.execute(VerifyElementExistKeyword.groovy:64)
	at com.kms.katalon.core.keyword.internal.KeywordExecutor.executeKeywordForPlatform(KeywordExecutor.groovy:72)
	at com.kms.katalon.core.mobile.keyword.MobileBuiltInKeywords.verifyElementExist(MobileBuiltInKeywords.groovy:809)
	at com.kms.katalon.core.mobile.keyword.MobileBuiltInKeywords$verifyElementExist$5.call(Unknown Source)
	at Transfer DuITNow NRIC.run(Transfer DuITNow NRIC:327)
	at com.kms.katalon.core.main.ScriptEngine.run(ScriptEngine.java:194)
	at com.kms.katalon.core.main.ScriptEngine.runScriptAsRawText(ScriptEngine.java:119)
	at com.kms.katalon.core.main.TestCaseExecutor.runScript(TestCaseExecutor.java:337)
	at com.kms.katalon.core.main.TestCaseExecutor.doExecute(TestCaseExecutor.java:328)
	at com.kms.katalon.core.main.TestCaseExecutor.processExecutionPhase(TestCaseExecutor.java:307)
	at com.kms.katalon.core.main.TestCaseExecutor.accessMainPhase(TestCaseExecutor.java:299)
	at com.kms.katalon.core.main.TestCaseExecutor.execute(TestCaseExecutor.java:233)
	at com.kms.katalon.core.main.TestSuiteExecutor.accessTestCaseMainPhase(TestSuiteExecutor.java:169)
	at com.kms.katalon.core.main.TestSuiteExecutor.accessTestSuiteMainPhase(TestSuiteExecutor.java:142)
	at com.kms.katalon.core.main.TestSuiteExecutor.execute(TestSuiteExecutor.java:91)
	at com.kms.katalon.core.main.TestCaseMain.startTestSuite(TestCaseMain.java:157)
	at com.kms.katalon.core.main.TestCaseMain$startTestSuite$0.call(Unknown Source)
	at TempTestSuite1596590023574.run(TempTestSuite1596590023574.groovy:36)]]></system-out>
      <system-err><![CDATA[2020-08-05 09:13:46 - [TEST_SUITE][FAILED] - UAT Test Suite: Test Cases/JINU/DuItNow/Transfer DuITNow NRIC FAILED.
Reason:
com.kms.katalon.core.exception.StepFailedException: Element 'Object Repository/Maya/KLIA/android.widget.TextView0 - Approve' not found
	at com.kms.katalon.core.keyword.internal.KeywordMain.stepFailed(KeywordMain.groovy:39)
	at com.kms.katalon.core.mobile.keyword.internal.MobileKeywordMain.stepFailed(MobileKeywordMain.groovy:40)
	at com.kms.katalon.core.mobile.keyword.builtin.VerifyElementExistKeyword$_verifyElementExist_closure1.doCall(VerifyElementExistKeyword.groovy:77)
	at com.kms.katalon.core.mobile.keyword.builtin.VerifyElementExistKeyword$_verifyElementExist_closure1.call(VerifyElementExistKeyword.groovy)
	at com.kms.katalon.core.mobile.keyword.internal.MobileKeywordMain.runKeyword(MobileKeywordMain.groovy:21)
	at com.kms.katalon.core.mobile.keyword.builtin.VerifyElementExistKeyword.verifyElementExist(VerifyElementExistKeyword.groovy:80)
	at com.kms.katalon.core.mobile.keyword.builtin.VerifyElementExistKeyword.execute(VerifyElementExistKeyword.groovy:64)
	at com.kms.katalon.core.keyword.internal.KeywordExecutor.executeKeywordForPlatform(KeywordExecutor.groovy:72)
	at com.kms.katalon.core.mobile.keyword.MobileBuiltInKeywords.verifyElementExist(MobileBuiltInKeywords.groovy:809)
	at com.kms.katalon.core.mobile.keyword.MobileBuiltInKeywords$verifyElementExist$5.call(Unknown Source)
	at Transfer DuITNow NRIC.run(Transfer DuITNow NRIC:327)
	at com.kms.katalon.core.main.ScriptEngine.run(ScriptEngine.java:194)
	at com.kms.katalon.core.main.ScriptEngine.runScriptAsRawText(ScriptEngine.java:119)
	at com.kms.katalon.core.main.TestCaseExecutor.runScript(TestCaseExecutor.java:337)
	at com.kms.katalon.core.main.TestCaseExecutor.doExecute(TestCaseExecutor.java:328)
	at com.kms.katalon.core.main.TestCaseExecutor.processExecutionPhase(TestCaseExecutor.java:307)
	at com.kms.katalon.core.main.TestCaseExecutor.accessMainPhase(TestCaseExecutor.java:299)
	at com.kms.katalon.core.main.TestCaseExecutor.execute(TestCaseExecutor.java:233)
	at com.kms.katalon.core.main.TestSuiteExecutor.accessTestCaseMainPhase(TestSuiteExecutor.java:169)
	at com.kms.katalon.core.main.TestSuiteExecutor.accessTestSuiteMainPhase(TestSuiteExecutor.java:142)
	at com.kms.katalon.core.main.TestSuiteExecutor.execute(TestSuiteExecutor.java:91)
	at com.kms.katalon.core.main.TestCaseMain.startTestSuite(TestCaseMain.java:157)
	at com.kms.katalon.core.main.TestCaseMain$startTestSuite$0.call(Unknown Source)
	at TempTestSuite1596590023574.run(TempTestSuite1596590023574.groovy:36)]]></system-err>
   </testsuite>
</testsuites>
