<?xml version="1.0" encoding="UTF-8"?>
<testsuites name="UAT Test Suite" time="511.877" tests="1" failures="1" errors="0">
   <testsuite name="UAT Test Suite" tests="1" failures="1" errors="0" time="511.877" timestamp="2020-08-06 18:44:45" hostname="LENOVO - DESKTOP-CP3TV4N" id="Test Suites/Maya UAT/UAT Test Suite">
      <properties>
         <property name="deviceName" value="Xiaomi Redmi Note 7S (Android 9)"/>
         <property name="devicePlatform" value=""/>
         <property name="logFolder" value="C:\\Users\\LENOVO\\Git_new\\Maya\\Reports\\20200806_184443\\Maya UAT\\UAT Test Suite\\20200806_184443"/>
         <property name="logFiles" value="C:\\Users\\LENOVO\\Git_new\\Maya\\Reports\\20200806_184443\\Maya UAT\\UAT Test Suite\\20200806_184443\\appium.log, C:\\Users\\LENOVO\\Git_new\\Maya\\Reports\\20200806_184443\\Maya UAT\\UAT Test Suite\\20200806_184443\\execution0.log"/>
         <property name="attachments" value="C:\\Users\\LENOVO\\Screenshot\\BusTicket\\Ticket1.png, C:\\Users\\LENOVO\\Screenshot\\BusTicket\\Ticket2.png, C:\\Users\\LENOVO\\Screenshot\\BusTicket\\Ticket15.png, C:\\Users\\LENOVO\\Screenshot\\BusTicket\\Ticket3.png, C:\\Users\\LENOVO\\Screenshot\\BusTicket\\Ticket4.png, C:\\Users\\LENOVO\\Screenshot\\BusTicket\\Ticket41.png, C:\\Users\\LENOVO\\Screenshot\\BusTicket\\Ticket5.png, C:\\Users\\LENOVO\\Screenshot\\BusTicket\\Ticket6.png, C:\\Users\\LENOVO\\Git_new\\Maya\\Reports\\20200806_184443\\Maya UAT\\UAT Test Suite\\20200806_184443\\1596710973487.png, C:\\Users\\LENOVO\\Screenshot\\BusTicket\\Ticket8.png, C:\\Users\\LENOVO\\Screenshot\\BusTicket\\Ticket9.png, C:\\Users\\LENOVO\\Screenshot\\BusTicket\\Ticket12.png, C:\\Users\\LENOVO\\Screenshot\\BusTicket\\Ticket11.png, C:\\Users\\LENOVO\\Screenshot\\BusTicket\\Ticket13.png"/>
         <property name="hostName" value="LENOVO - DESKTOP-CP3TV4N"/>
         <property name="os" value="Windows 10 64bit"/>
         <property name="appiumServerStatus" value="{\&quot;value\&quot;:{\&quot;build\&quot;:{\&quot;version\&quot;:\&quot;1.15.1\&quot;}},\&quot;sessionId\&quot;:null,\&quot;status\&quot;:0}"/>
         <property name="katalonVersion" value="7.2.7.1"/>
         <property name="deviceOS" value="Android"/>
         <property name="appiumVersion" value="1.15.1"/>
         <property name="deviceModel" value="Redmi Note 7S"/>
         <property name="hostAddress" value="192.168.43.112"/>
         <property name="deviceManufacturer" value="Xiaomi"/>
         <property name="deviceId" value="11cb9864"/>
         <property name="deviceName" value="Xiaomi Redmi Note 7S (Android 9)"/>
         <property name="deviceOSVersion" value="9"/>
      </properties>
      <testcase name="Test Cases/JINU/Bus Ticket/Bus Ticket 2" time="509.169" classname="Test Cases/JINU/Bus Ticket/Bus Ticket 2" status="FAILED">
         <failure type="FAILED" message="Test Cases/JINU/Bus Ticket/Bus Ticket 2 FAILED.
Reason:
com.kms.katalon.core.exception.StepFailedException: Element 'Object Repository/Maya/KLIA/android.widget.TextView0 - Approve' not found
	at com.kms.katalon.core.keyword.internal.KeywordMain.stepFailed(KeywordMain.groovy:39)
	at com.kms.katalon.core.mobile.keyword.internal.MobileKeywordMain.stepFailed(MobileKeywordMain.groovy:40)
	at com.kms.katalon.core.mobile.keyword.builtin.VerifyElementExistKeyword$_verifyElementExist_closure1.doCall(VerifyElementExistKeyword.groovy:77)
	at com.kms.katalon.core.mobile.keyword.builtin.VerifyElementExistKeyword$_verifyElementExist_closure1.call(VerifyElementExistKeyword.groovy)
	at com.kms.katalon.core.mobile.keyword.internal.MobileKeywordMain.runKeyword(MobileKeywordMain.groovy:21)
	at com.kms.katalon.core.mobile.keyword.builtin.VerifyElementExistKeyword.verifyElementExist(VerifyElementExistKeyword.groovy:80)
	at com.kms.katalon.core.mobile.keyword.builtin.VerifyElementExistKeyword.execute(VerifyElementExistKeyword.groovy:64)
	at com.kms.katalon.core.keyword.internal.KeywordExecutor.executeKeywordForPlatform(KeywordExecutor.groovy:72)
	at com.kms.katalon.core.mobile.keyword.MobileBuiltInKeywords.verifyElementExist(MobileBuiltInKeywords.groovy:809)
	at com.kms.katalon.core.mobile.keyword.MobileBuiltInKeywords$verifyElementExist$3.call(Unknown Source)
	at Bus Ticket 2.run(Bus Ticket 2:305)
	at com.kms.katalon.core.main.ScriptEngine.run(ScriptEngine.java:194)
	at com.kms.katalon.core.main.ScriptEngine.runScriptAsRawText(ScriptEngine.java:119)
	at com.kms.katalon.core.main.TestCaseExecutor.runScript(TestCaseExecutor.java:337)
	at com.kms.katalon.core.main.TestCaseExecutor.doExecute(TestCaseExecutor.java:328)
	at com.kms.katalon.core.main.TestCaseExecutor.processExecutionPhase(TestCaseExecutor.java:307)
	at com.kms.katalon.core.main.TestCaseExecutor.accessMainPhase(TestCaseExecutor.java:299)
	at com.kms.katalon.core.main.TestCaseExecutor.execute(TestCaseExecutor.java:233)
	at com.kms.katalon.core.main.TestSuiteExecutor.accessTestCaseMainPhase(TestSuiteExecutor.java:169)
	at com.kms.katalon.core.main.TestSuiteExecutor.accessTestSuiteMainPhase(TestSuiteExecutor.java:142)
	at com.kms.katalon.core.main.TestSuiteExecutor.execute(TestSuiteExecutor.java:91)
	at com.kms.katalon.core.main.TestCaseMain.startTestSuite(TestCaseMain.java:157)
	at com.kms.katalon.core.main.TestCaseMain$startTestSuite$0.call(Unknown Source)
	at TempTestSuite1596710683066.run(TempTestSuite1596710683066.groovy:36)
"/>
         <system-out><![CDATA[2020-08-06 18:44:46 - [TEST_CASE][FAILED] - Test Cases/JINU/Bus Ticket/Bus Ticket 2: Test Cases/JINU/Bus Ticket/Bus Ticket 2 FAILED.
Reason:
com.kms.katalon.core.exception.StepFailedException: Element 'Object Repository/Maya/KLIA/android.widget.TextView0 - Approve' not found
	at com.kms.katalon.core.keyword.internal.KeywordMain.stepFailed(KeywordMain.groovy:39)
	at com.kms.katalon.core.mobile.keyword.internal.MobileKeywordMain.stepFailed(MobileKeywordMain.groovy:40)
	at com.kms.katalon.core.mobile.keyword.builtin.VerifyElementExistKeyword$_verifyElementExist_closure1.doCall(VerifyElementExistKeyword.groovy:77)
	at com.kms.katalon.core.mobile.keyword.builtin.VerifyElementExistKeyword$_verifyElementExist_closure1.call(VerifyElementExistKeyword.groovy)
	at com.kms.katalon.core.mobile.keyword.internal.MobileKeywordMain.runKeyword(MobileKeywordMain.groovy:21)
	at com.kms.katalon.core.mobile.keyword.builtin.VerifyElementExistKeyword.verifyElementExist(VerifyElementExistKeyword.groovy:80)
	at com.kms.katalon.core.mobile.keyword.builtin.VerifyElementExistKeyword.execute(VerifyElementExistKeyword.groovy:64)
	at com.kms.katalon.core.keyword.internal.KeywordExecutor.executeKeywordForPlatform(KeywordExecutor.groovy:72)
	at com.kms.katalon.core.mobile.keyword.MobileBuiltInKeywords.verifyElementExist(MobileBuiltInKeywords.groovy:809)
	at com.kms.katalon.core.mobile.keyword.MobileBuiltInKeywords$verifyElementExist$3.call(Unknown Source)
	at Bus Ticket 2.run(Bus Ticket 2:305)
	at com.kms.katalon.core.main.ScriptEngine.run(ScriptEngine.java:194)
	at com.kms.katalon.core.main.ScriptEngine.runScriptAsRawText(ScriptEngine.java:119)
	at com.kms.katalon.core.main.TestCaseExecutor.runScript(TestCaseExecutor.java:337)
	at com.kms.katalon.core.main.TestCaseExecutor.doExecute(TestCaseExecutor.java:328)
	at com.kms.katalon.core.main.TestCaseExecutor.processExecutionPhase(TestCaseExecutor.java:307)
	at com.kms.katalon.core.main.TestCaseExecutor.accessMainPhase(TestCaseExecutor.java:299)
	at com.kms.katalon.core.main.TestCaseExecutor.execute(TestCaseExecutor.java:233)
	at com.kms.katalon.core.main.TestSuiteExecutor.accessTestCaseMainPhase(TestSuiteExecutor.java:169)
	at com.kms.katalon.core.main.TestSuiteExecutor.accessTestSuiteMainPhase(TestSuiteExecutor.java:142)
	at com.kms.katalon.core.main.TestSuiteExecutor.execute(TestSuiteExecutor.java:91)
	at com.kms.katalon.core.main.TestCaseMain.startTestSuite(TestCaseMain.java:157)
	at com.kms.katalon.core.main.TestCaseMain$startTestSuite$0.call(Unknown Source)
	at TempTestSuite1596710683066.run(TempTestSuite1596710683066.groovy:36)


2020-08-06 18:44:47 - [TEST_STEP][PASSED] - startApplication("C:\Users\LENOVO\Katalon Studio\app-uat-universal-release.apk", false): Started app at: 'C:\Users\LENOVO\Katalon Studio\app-uat-universal-release.apk'

2020-08-06 18:44:47 - [MESSAGE][INFO] - User set preference: ['appWaitActivity', '*']

2020-08-06 18:44:47 - [MESSAGE][INFO] - User set preference: ['appWaitPackage', 'com.maybank2u.life.uat']

2020-08-06 18:44:47 - [MESSAGE][INFO] - User set preference: ['appWaitDuration', '50,000']

2020-08-06 18:44:47 - [MESSAGE][INFO] - User set preference: ['deviceId', '11cb9864']

2020-08-06 18:44:50 - [MESSAGE][INFO] - Appium server started on port 59,923

2020-08-06 18:45:10 - [MESSAGE][PASSED] - Started app at: 'C:\Users\LENOVO\Katalon Studio\app-uat-universal-release.apk'

2020-08-06 18:45:10 - [TEST_STEP][PASSED] - tap(findTestObject("Maya/DuitnowRegT/android.widget.ImageView0"), 0): Tapped on element 'Object Repository/Maya/DuitnowRegT/android.widget.ImageView0'

2020-08-06 18:45:10 - [MESSAGE][WARNING] - Timeout '0' is invalid. Using default page load timeout: '10'

2020-08-06 18:45:21 - [MESSAGE][PASSED] - Tapped on element 'Object Repository/Maya/DuitnowRegT/android.widget.ImageView0'

2020-08-06 18:45:21 - [TEST_STEP][PASSED] - tap(findTestObject("Maya/DuitnowRegT/android.widget.TextView0 - 2"), 0): Tapped on element 'Object Repository/Maya/DuitnowRegT/android.widget.TextView0 - 2'

2020-08-06 18:45:21 - [MESSAGE][WARNING] - Timeout '0' is invalid. Using default page load timeout: '10'

2020-08-06 18:45:25 - [MESSAGE][PASSED] - Tapped on element 'Object Repository/Maya/DuitnowRegT/android.widget.TextView0 - 2'

2020-08-06 18:45:25 - [TEST_STEP][PASSED] - tap(findTestObject("Maya/DuitnowRegT/android.widget.TextView0 - 3"), 0): Tapped on element 'Object Repository/Maya/DuitnowRegT/android.widget.TextView0 - 3'

2020-08-06 18:45:25 - [MESSAGE][WARNING] - Timeout '0' is invalid. Using default page load timeout: '10'

2020-08-06 18:45:27 - [MESSAGE][PASSED] - Tapped on element 'Object Repository/Maya/DuitnowRegT/android.widget.TextView0 - 3'

2020-08-06 18:45:27 - [TEST_STEP][PASSED] - tap(findTestObject("Maya/DuitnowRegT/android.widget.TextView0 - 0"), 0): Tapped on element 'Object Repository/Maya/DuitnowRegT/android.widget.TextView0 - 0'

2020-08-06 18:45:27 - [MESSAGE][WARNING] - Timeout '0' is invalid. Using default page load timeout: '10'

2020-08-06 18:45:28 - [MESSAGE][PASSED] - Tapped on element 'Object Repository/Maya/DuitnowRegT/android.widget.TextView0 - 0'

2020-08-06 18:45:28 - [TEST_STEP][PASSED] - tap(findTestObject("Maya/DuitnowRegT/android.widget.TextView0 - 9"), 0): Tapped on element 'Object Repository/Maya/DuitnowRegT/android.widget.TextView0 - 9'

2020-08-06 18:45:28 - [MESSAGE][WARNING] - Timeout '0' is invalid. Using default page load timeout: '10'

2020-08-06 18:45:29 - [MESSAGE][PASSED] - Tapped on element 'Object Repository/Maya/DuitnowRegT/android.widget.TextView0 - 9'

2020-08-06 18:45:29 - [TEST_STEP][PASSED] - tap(findTestObject("Maya/DuitnowRegT/android.widget.TextView0 - 8"), 0): Tapped on element 'Object Repository/Maya/DuitnowRegT/android.widget.TextView0 - 8'

2020-08-06 18:45:29 - [MESSAGE][WARNING] - Timeout '0' is invalid. Using default page load timeout: '10'

2020-08-06 18:45:30 - [MESSAGE][PASSED] - Tapped on element 'Object Repository/Maya/DuitnowRegT/android.widget.TextView0 - 8'

2020-08-06 18:45:30 - [TEST_STEP][PASSED] - tap(findTestObject("Maya/DuitnowRegT/android.widget.TextView0 - 3"), 0): Tapped on element 'Object Repository/Maya/DuitnowRegT/android.widget.TextView0 - 3'

2020-08-06 18:45:30 - [MESSAGE][WARNING] - Timeout '0' is invalid. Using default page load timeout: '10'

2020-08-06 18:45:32 - [MESSAGE][PASSED] - Tapped on element 'Object Repository/Maya/DuitnowRegT/android.widget.TextView0 - 3'

2020-08-06 18:45:32 - [TEST_STEP][PASSED] - tap(findTestObject("Maya/DuitnowRegT/android.widget.ImageView0 (1)"), 0): Tapped on element 'Object Repository/Maya/DuitnowRegT/android.widget.ImageView0 (1)'

2020-08-06 18:45:32 - [MESSAGE][WARNING] - Timeout '0' is invalid. Using default page load timeout: '10'

2020-08-06 18:45:34 - [MESSAGE][PASSED] - Tapped on element 'Object Repository/Maya/DuitnowRegT/android.widget.ImageView0 (1)'

2020-08-06 18:45:34 - [TEST_STEP][PASSED] - tap(findTestObject("Maya/KLIA/android.widget.ImageView0 (4)"), 0): Tapped on element 'Object Repository/Maya/KLIA/android.widget.ImageView0 (4)'

2020-08-06 18:45:34 - [MESSAGE][WARNING] - Timeout '0' is invalid. Using default page load timeout: '10'

2020-08-06 18:45:36 - [MESSAGE][PASSED] - Tapped on element 'Object Repository/Maya/KLIA/android.widget.ImageView0 (4)'

2020-08-06 18:45:36 - [TEST_STEP][PASSED] - tap(findTestObject("Maya/KLIA/android.widget.TextView0 - More"), 0): Tapped on element 'Object Repository/Maya/KLIA/android.widget.TextView0 - More'

2020-08-06 18:45:36 - [MESSAGE][WARNING] - Timeout '0' is invalid. Using default page load timeout: '10'

2020-08-06 18:45:48 - [MESSAGE][PASSED] - Tapped on element 'Object Repository/Maya/KLIA/android.widget.TextView0 - More'

2020-08-06 18:45:48 - [TEST_STEP][PASSED] - delay(2, STOP_ON_FAILURE): Delayed 2 second(s)

2020-08-06 18:45:50 - [MESSAGE][PASSED] - Delayed 2 second(s)

2020-08-06 18:45:50 - [TEST_STEP][PASSED] - takeScreenshot("C:\Users\LENOVO\Screenshot\BusTicket\Ticket1.png", STOP_ON_FAILURE): Screenshot is taken

2020-08-06 18:45:51 - [MESSAGE][PASSED] - Screenshot is taken
[[ATTACHMENT|C:\\Users\\LENOVO\\Screenshot\\BusTicket\\Ticket1.png]]

2020-08-06 18:45:51 - [TEST_STEP][PASSED] - tap(findTestObject("Maya/Bus Ticket/android.widget.TextView0 - Bus Tickets (1)"), 0): Tapped on element 'Object Repository/Maya/Bus Ticket/android.widget.TextView0 - Bus Tickets (1)'

2020-08-06 18:45:51 - [MESSAGE][WARNING] - Timeout '0' is invalid. Using default page load timeout: '10'

2020-08-06 18:45:53 - [MESSAGE][PASSED] - Tapped on element 'Object Repository/Maya/Bus Ticket/android.widget.TextView0 - Bus Tickets (1)'

2020-08-06 18:45:53 - [TEST_STEP][PASSED] - delay(10, STOP_ON_FAILURE): Delayed 10 second(s)

2020-08-06 18:46:03 - [MESSAGE][PASSED] - Delayed 10 second(s)

2020-08-06 18:46:03 - [TEST_STEP][PASSED] - getText(findTestObject("Maya/Bus Ticket/android.view.View0 - From (1)"), 0): Text of element 'Object Repository/Maya/Bus Ticket/android.view.View0 - From (1)' is: 'From'

2020-08-06 18:46:03 - [MESSAGE][WARNING] - Timeout '0' is invalid. Using default page load timeout: '10'

2020-08-06 18:46:04 - [MESSAGE][PASSED] - Text of element 'Object Repository/Maya/Bus Ticket/android.view.View0 - From (1)' is: 'From'

2020-08-06 18:46:04 - [TEST_STEP][PASSED] - verifyElementExist(findTestObject("Maya/Bus Ticket/android.view.View0 - From (1)"), 0): Element 'Object Repository/Maya/Bus Ticket/android.view.View0 - From (1)' is exist

2020-08-06 18:46:04 - [MESSAGE][WARNING] - Timeout '0' is invalid. Using default page load timeout: '10'

2020-08-06 18:46:05 - [MESSAGE][PASSED] - Element 'Object Repository/Maya/Bus Ticket/android.view.View0 - From (1)' is exist

2020-08-06 18:46:05 - [TEST_STEP][PASSED] - getText(findTestObject("Maya/Bus Ticket/android.view.View0 - To (1)"), 0): Text of element 'Object Repository/Maya/Bus Ticket/android.view.View0 - To (1)' is: 'To'

2020-08-06 18:46:05 - [MESSAGE][WARNING] - Timeout '0' is invalid. Using default page load timeout: '10'

2020-08-06 18:46:06 - [MESSAGE][PASSED] - Text of element 'Object Repository/Maya/Bus Ticket/android.view.View0 - To (1)' is: 'To'

2020-08-06 18:46:06 - [TEST_STEP][PASSED] - verifyElementExist(findTestObject("Maya/Bus Ticket/android.view.View0 - To (1)"), 0): Element 'Object Repository/Maya/Bus Ticket/android.view.View0 - To (1)' is exist

2020-08-06 18:46:06 - [MESSAGE][WARNING] - Timeout '0' is invalid. Using default page load timeout: '10'

2020-08-06 18:46:06 - [MESSAGE][PASSED] - Element 'Object Repository/Maya/Bus Ticket/android.view.View0 - To (1)' is exist

2020-08-06 18:46:06 - [TEST_STEP][PASSED] - getText(findTestObject("Maya/Bus Ticket/android.view.View0 -  Depart (1)"), 0): Text of element 'Object Repository/Maya/Bus Ticket/android.view.View0 -  Depart (1)' is: ' Depart'

2020-08-06 18:46:06 - [MESSAGE][WARNING] - Timeout '0' is invalid. Using default page load timeout: '10'

2020-08-06 18:46:07 - [MESSAGE][PASSED] - Text of element 'Object Repository/Maya/Bus Ticket/android.view.View0 -  Depart (1)' is: ' Depart'

2020-08-06 18:46:07 - [TEST_STEP][PASSED] - verifyElementExist(findTestObject("Maya/Bus Ticket/android.view.View0 -  Depart (1)"), 0): Element 'Object Repository/Maya/Bus Ticket/android.view.View0 -  Depart (1)' is exist

2020-08-06 18:46:07 - [MESSAGE][WARNING] - Timeout '0' is invalid. Using default page load timeout: '10'

2020-08-06 18:46:07 - [MESSAGE][PASSED] - Element 'Object Repository/Maya/Bus Ticket/android.view.View0 -  Depart (1)' is exist

2020-08-06 18:46:07 - [TEST_STEP][PASSED] - tap(findTestObject("Maya/Bus Ticket/android.view.View0 - From (1)"), 0): Tapped on element 'Object Repository/Maya/Bus Ticket/android.view.View0 - From (1)'

2020-08-06 18:46:07 - [MESSAGE][WARNING] - Timeout '0' is invalid. Using default page load timeout: '10'

2020-08-06 18:46:09 - [MESSAGE][PASSED] - Tapped on element 'Object Repository/Maya/Bus Ticket/android.view.View0 - From (1)'

2020-08-06 18:46:09 - [TEST_STEP][PASSED] - tap(findTestObject("Maya/Bus Ticket/android.widget.EditText0 (4)"), 0): Tapped on element 'Object Repository/Maya/Bus Ticket/android.widget.EditText0 (4)'

2020-08-06 18:46:09 - [MESSAGE][WARNING] - Timeout '0' is invalid. Using default page load timeout: '10'

2020-08-06 18:46:11 - [MESSAGE][PASSED] - Tapped on element 'Object Repository/Maya/Bus Ticket/android.widget.EditText0 (4)'

2020-08-06 18:46:11 - [TEST_STEP][PASSED] - setText(findTestObject("Maya/Bus Ticket/android.widget.EditText0 (5)"), "Ipoh", 0): Text 'Ipoh' has been set to element 'Object Repository/Maya/Bus Ticket/android.widget.EditText0 (5)'

2020-08-06 18:46:11 - [MESSAGE][WARNING] - Timeout '0' is invalid. Using default page load timeout: '10'

2020-08-06 18:46:13 - [MESSAGE][PASSED] - Text 'Ipoh' has been set to element 'Object Repository/Maya/Bus Ticket/android.widget.EditText0 (5)'

2020-08-06 18:46:13 - [TEST_STEP][PASSED] - delay(2, STOP_ON_FAILURE): Delayed 2 second(s)

2020-08-06 18:46:15 - [MESSAGE][PASSED] - Delayed 2 second(s)

2020-08-06 18:46:15 - [TEST_STEP][PASSED] - tapAndHoldAtPosition(527, 659, 1): Tapped and held at [527, 659] with duration 1

2020-08-06 18:46:17 - [MESSAGE][PASSED] - Tapped and held at [527, 659] with duration 1

2020-08-06 18:46:17 - [TEST_STEP][PASSED] - delay(2, STOP_ON_FAILURE): Delayed 2 second(s)

2020-08-06 18:46:19 - [MESSAGE][PASSED] - Delayed 2 second(s)

2020-08-06 18:46:19 - [TEST_STEP][PASSED] - tapAndHoldAtPosition(72, 193, 1): Tapped and held at [72, 193] with duration 1

2020-08-06 18:46:22 - [MESSAGE][PASSED] - Tapped and held at [72, 193] with duration 1

2020-08-06 18:46:22 - [TEST_STEP][PASSED] - tap(findTestObject("Maya/Bus Ticket/android.view.View0 - To (1)"), 0): Tapped on element 'Object Repository/Maya/Bus Ticket/android.view.View0 - To (1)'

2020-08-06 18:46:22 - [MESSAGE][WARNING] - Timeout '0' is invalid. Using default page load timeout: '10'

2020-08-06 18:46:24 - [MESSAGE][PASSED] - Tapped on element 'Object Repository/Maya/Bus Ticket/android.view.View0 - To (1)'

2020-08-06 18:46:24 - [TEST_STEP][PASSED] - delay(2, STOP_ON_FAILURE): Delayed 2 second(s)

2020-08-06 18:46:26 - [MESSAGE][PASSED] - Delayed 2 second(s)

2020-08-06 18:46:26 - [TEST_STEP][PASSED] - tap(findTestObject("Maya/Bus Ticket/android.widget.EditText0 (4)"), 0): Tapped on element 'Object Repository/Maya/Bus Ticket/android.widget.EditText0 (4)'

2020-08-06 18:46:26 - [MESSAGE][WARNING] - Timeout '0' is invalid. Using default page load timeout: '10'

2020-08-06 18:46:28 - [MESSAGE][PASSED] - Tapped on element 'Object Repository/Maya/Bus Ticket/android.widget.EditText0 (4)'

2020-08-06 18:46:28 - [TEST_STEP][PASSED] - setText(findTestObject("Maya/Bus Ticket/android.widget.EditText0 (5)"), "Kuala Lumpur", 0): Text 'Kuala Lumpur' has been set to element 'Object Repository/Maya/Bus Ticket/android.widget.EditText0 (5)'

2020-08-06 18:46:28 - [MESSAGE][WARNING] - Timeout '0' is invalid. Using default page load timeout: '10'

2020-08-06 18:46:30 - [MESSAGE][PASSED] - Text 'Kuala Lumpur' has been set to element 'Object Repository/Maya/Bus Ticket/android.widget.EditText0 (5)'

2020-08-06 18:46:30 - [TEST_STEP][PASSED] - delay(4, STOP_ON_FAILURE): Delayed 4 second(s)

2020-08-06 18:46:34 - [MESSAGE][PASSED] - Delayed 4 second(s)

2020-08-06 18:46:34 - [TEST_STEP][PASSED] - tap(findTestObject("Maya/Bus Ticket/android.view.View0 - KLIA"), 0): Tapped on element 'Object Repository/Maya/Bus Ticket/android.view.View0 - KLIA'

2020-08-06 18:46:34 - [MESSAGE][WARNING] - Timeout '0' is invalid. Using default page load timeout: '10'

2020-08-06 18:46:36 - [MESSAGE][PASSED] - Tapped on element 'Object Repository/Maya/Bus Ticket/android.view.View0 - KLIA'

2020-08-06 18:46:36 - [TEST_STEP][PASSED] - tap(findTestObject("Maya/Bus Ticket/android.view.View0 -  Depart (2)"), 0): Tapped on element 'Object Repository/Maya/Bus Ticket/android.view.View0 -  Depart (2)'

2020-08-06 18:46:36 - [MESSAGE][WARNING] - Timeout '0' is invalid. Using default page load timeout: '10'

2020-08-06 18:46:38 - [MESSAGE][PASSED] - Tapped on element 'Object Repository/Maya/Bus Ticket/android.view.View0 -  Depart (2)'

2020-08-06 18:46:38 - [TEST_STEP][PASSED] - tap(findTestObject("Maya/Bus Ticket/android.view.View0 - 18"), 0): Tapped on element 'Object Repository/Maya/Bus Ticket/android.view.View0 - 18'

2020-08-06 18:46:38 - [MESSAGE][WARNING] - Timeout '0' is invalid. Using default page load timeout: '10'

2020-08-06 18:46:39 - [MESSAGE][PASSED] - Tapped on element 'Object Repository/Maya/Bus Ticket/android.view.View0 - 18'

2020-08-06 18:46:39 - [TEST_STEP][NOT_RUN] - tap(findTestObject("Maya/Bus Ticket/android.widget.ImageView0 (4)"), 0): NOT_RUN: tap(findTestObject("Maya/Bus Ticket/android.widget.ImageView0 (4)"), 0)

2020-08-06 18:46:39 - [MESSAGE][NOT_RUN] - NOT_RUN: tap(findTestObject("Maya/Bus Ticket/android.widget.ImageView0 (4)"), 0)

2020-08-06 18:46:39 - [TEST_STEP][NOT_RUN] - tap(findTestObject("Maya/Bus Ticket/android.view.View0 -  Depart (2)"), 0): NOT_RUN: tap(findTestObject("Maya/Bus Ticket/android.view.View0 -  Depart (2)"), 0)

2020-08-06 18:46:39 - [MESSAGE][NOT_RUN] - NOT_RUN: tap(findTestObject("Maya/Bus Ticket/android.view.View0 -  Depart (2)"), 0)

2020-08-06 18:46:39 - [TEST_STEP][NOT_RUN] - tap(findTestObject("Maya/Bus Ticket/android.view.View0 - 18"), 0): NOT_RUN: tap(findTestObject("Maya/Bus Ticket/android.view.View0 - 18"), 0)

2020-08-06 18:46:39 - [MESSAGE][NOT_RUN] - NOT_RUN: tap(findTestObject("Maya/Bus Ticket/android.view.View0 - 18"), 0)

2020-08-06 18:46:39 - [TEST_STEP][PASSED] - delay(2, STOP_ON_FAILURE): Delayed 2 second(s)

2020-08-06 18:46:41 - [MESSAGE][PASSED] - Delayed 2 second(s)

2020-08-06 18:46:41 - [TEST_STEP][PASSED] - takeScreenshot("C:\Users\LENOVO\Screenshot\BusTicket\Ticket2.png", STOP_ON_FAILURE): Screenshot is taken

2020-08-06 18:46:42 - [MESSAGE][PASSED] - Screenshot is taken
[[ATTACHMENT|C:\\Users\\LENOVO\\Screenshot\\BusTicket\\Ticket2.png]]

2020-08-06 18:46:42 - [TEST_STEP][PASSED] - tap(findTestObject("Maya/Bus Ticket/android.widget.Button0 - SEARCH (2)"), 0): Tapped on element 'Object Repository/Maya/Bus Ticket/android.widget.Button0 - SEARCH (2)'

2020-08-06 18:46:42 - [MESSAGE][WARNING] - Timeout '0' is invalid. Using default page load timeout: '10'

2020-08-06 18:46:45 - [MESSAGE][PASSED] - Tapped on element 'Object Repository/Maya/Bus Ticket/android.widget.Button0 - SEARCH (2)'

2020-08-06 18:46:45 - [TEST_STEP][NOT_RUN] - tapAndHoldAtPosition(72, 193, 1): NOT_RUN: tapAndHoldAtPosition(72, 193, 1)

2020-08-06 18:46:45 - [MESSAGE][NOT_RUN] - NOT_RUN: tapAndHoldAtPosition(72, 193, 1)

2020-08-06 18:46:45 - [TEST_STEP][NOT_RUN] - tap(findTestObject("Maya/Bus Ticket/android.widget.Button0 - SEARCH (2)"), 0): NOT_RUN: tap(findTestObject("Maya/Bus Ticket/android.widget.Button0 - SEARCH (2)"), 0)

2020-08-06 18:46:45 - [MESSAGE][NOT_RUN] - NOT_RUN: tap(findTestObject("Maya/Bus Ticket/android.widget.Button0 - SEARCH (2)"), 0)

2020-08-06 18:46:45 - [TEST_STEP][PASSED] - delay(2, STOP_ON_FAILURE): Delayed 2 second(s)

2020-08-06 18:46:47 - [MESSAGE][PASSED] - Delayed 2 second(s)

2020-08-06 18:46:47 - [TEST_STEP][PASSED] - delay(1, STOP_ON_FAILURE): Delayed 1 second(s)

2020-08-06 18:46:48 - [MESSAGE][PASSED] - Delayed 1 second(s)

2020-08-06 18:46:48 - [TEST_STEP][PASSED] - takeScreenshot("C:\Users\LENOVO\Screenshot\BusTicket\Ticket15.png", STOP_ON_FAILURE): Screenshot is taken

2020-08-06 18:46:49 - [MESSAGE][PASSED] - Screenshot is taken
[[ATTACHMENT|C:\\Users\\LENOVO\\Screenshot\\BusTicket\\Ticket15.png]]

2020-08-06 18:46:49 - [TEST_STEP][PASSED] - getText(findTestObject("Maya/Bus Ticket/android.view.View0 - Pick-Up Point (1)"), 0, CONTINUE_ON_FAILURE): Text of element 'Object Repository/Maya/Bus Ticket/android.view.View0 - Pick-Up Point (1)' is: 'Pick-Up Point'

2020-08-06 18:46:49 - [MESSAGE][WARNING] - Timeout '0' is invalid. Using default page load timeout: '10'

2020-08-06 18:46:50 - [MESSAGE][PASSED] - Text of element 'Object Repository/Maya/Bus Ticket/android.view.View0 - Pick-Up Point (1)' is: 'Pick-Up Point'

2020-08-06 18:46:50 - [TEST_STEP][PASSED] - verifyElementExist(findTestObject("Maya/Bus Ticket/android.view.View0 - Pick-Up Point (1)"), 0): Element 'Object Repository/Maya/Bus Ticket/android.view.View0 - Pick-Up Point (1)' is exist

2020-08-06 18:46:50 - [MESSAGE][WARNING] - Timeout '0' is invalid. Using default page load timeout: '10'

2020-08-06 18:46:51 - [MESSAGE][PASSED] - Element 'Object Repository/Maya/Bus Ticket/android.view.View0 - Pick-Up Point (1)' is exist

2020-08-06 18:46:51 - [TEST_STEP][PASSED] - getText(findTestObject("Maya/Bus Ticket/android.view.View0 - Drop-Off Point (1)"), 0): Text of element 'Object Repository/Maya/Bus Ticket/android.view.View0 - Drop-Off Point (1)' is: 'Drop-Off Point'

2020-08-06 18:46:51 - [MESSAGE][WARNING] - Timeout '0' is invalid. Using default page load timeout: '10'

2020-08-06 18:46:51 - [MESSAGE][PASSED] - Text of element 'Object Repository/Maya/Bus Ticket/android.view.View0 - Drop-Off Point (1)' is: 'Drop-Off Point'

2020-08-06 18:46:51 - [TEST_STEP][PASSED] - verifyElementExist(findTestObject("Maya/Bus Ticket/android.view.View0 - Drop-Off Point (1)"), 0): Element 'Object Repository/Maya/Bus Ticket/android.view.View0 - Drop-Off Point (1)' is exist

2020-08-06 18:46:51 - [MESSAGE][WARNING] - Timeout '0' is invalid. Using default page load timeout: '10'

2020-08-06 18:46:52 - [MESSAGE][PASSED] - Element 'Object Repository/Maya/Bus Ticket/android.view.View0 - Drop-Off Point (1)' is exist

2020-08-06 18:46:52 - [TEST_STEP][PASSED] - getText(findTestObject("Maya/Bus Ticket/android.view.View0 - 0 SEAT(S)"), 0): Text of element 'Object Repository/Maya/Bus Ticket/android.view.View0 - 0 SEAT(S)' is: '0 SEAT(S)'

2020-08-06 18:46:52 - [MESSAGE][WARNING] - Timeout '0' is invalid. Using default page load timeout: '10'

2020-08-06 18:46:53 - [MESSAGE][PASSED] - Text of element 'Object Repository/Maya/Bus Ticket/android.view.View0 - 0 SEAT(S)' is: '0 SEAT(S)'

2020-08-06 18:46:53 - [TEST_STEP][NOT_RUN] - if (verifyElementExist(findTestObject("Maya/Bus Ticket/android.view.View0 - 0 SEAT(S)"), 0)): NOT_RUN: if (verifyElementExist(findTestObject("Maya/Bus Ticket/android.view.View0 - 0 SEAT(S)"), 0))

2020-08-06 18:46:53 - [MESSAGE][NOT_RUN] - NOT_RUN: if (verifyElementExist(findTestObject("Maya/Bus Ticket/android.view.View0 - 0 SEAT(S)"), 0))

2020-08-06 18:46:53 - [TEST_STEP][NOT_RUN] - getText(findTestObject("Maya/Bus Ticket/android.view.View0 - 1 SEAT(S)"), 0): NOT_RUN: getText(findTestObject("Maya/Bus Ticket/android.view.View0 - 1 SEAT(S)"), 0)

2020-08-06 18:46:53 - [MESSAGE][NOT_RUN] - NOT_RUN: getText(findTestObject("Maya/Bus Ticket/android.view.View0 - 1 SEAT(S)"), 0)

2020-08-06 18:46:53 - [TEST_STEP][NOT_RUN] - verifyElementExist(findTestObject("Maya/Bus Ticket/android.view.View0 - 1 SEAT(S)"), 0): NOT_RUN: verifyElementExist(findTestObject("Maya/Bus Ticket/android.view.View0 - 1 SEAT(S)"), 0)

2020-08-06 18:46:53 - [MESSAGE][NOT_RUN] - NOT_RUN: verifyElementExist(findTestObject("Maya/Bus Ticket/android.view.View0 - 1 SEAT(S)"), 0)

2020-08-06 18:46:53 - [TEST_STEP][PASSED] - delay(2, STOP_ON_FAILURE): Delayed 2 second(s)

2020-08-06 18:46:55 - [MESSAGE][PASSED] - Delayed 2 second(s)

2020-08-06 18:46:55 - [TEST_STEP][PASSED] - takeScreenshot("C:\Users\LENOVO\Screenshot\BusTicket\Ticket3.png", STOP_ON_FAILURE): Screenshot is taken

2020-08-06 18:46:56 - [MESSAGE][PASSED] - Screenshot is taken
[[ATTACHMENT|C:\\Users\\LENOVO\\Screenshot\\BusTicket\\Ticket3.png]]

2020-08-06 18:46:56 - [TEST_STEP][PASSED] - tap(findTestObject("Maya/Bus Ticket/android.widget.Button0 - CONTINUE DETAILS (1)"), 0): Tapped on element 'Object Repository/Maya/Bus Ticket/android.widget.Button0 - CONTINUE DETAILS (1)'

2020-08-06 18:46:56 - [MESSAGE][WARNING] - Timeout '0' is invalid. Using default page load timeout: '10'

2020-08-06 18:46:58 - [MESSAGE][PASSED] - Tapped on element 'Object Repository/Maya/Bus Ticket/android.widget.Button0 - CONTINUE DETAILS (1)'

2020-08-06 18:46:58 - [TEST_STEP][PASSED] - getText(findTestObject("Maya/Bus Ticket/android.view.View0 - Contact Details"), 0): Text of element 'Object Repository/Maya/Bus Ticket/android.view.View0 - Contact Details' is: 'Contact Details'

2020-08-06 18:46:58 - [MESSAGE][WARNING] - Timeout '0' is invalid. Using default page load timeout: '10'

2020-08-06 18:46:59 - [MESSAGE][PASSED] - Text of element 'Object Repository/Maya/Bus Ticket/android.view.View0 - Contact Details' is: 'Contact Details'

2020-08-06 18:46:59 - [TEST_STEP][PASSED] - verifyElementExist(findTestObject("Maya/Bus Ticket/android.view.View0 - Contact Details"), 0): Element 'Object Repository/Maya/Bus Ticket/android.view.View0 - Contact Details' is exist

2020-08-06 18:46:59 - [MESSAGE][WARNING] - Timeout '0' is invalid. Using default page load timeout: '10'

2020-08-06 18:46:59 - [MESSAGE][PASSED] - Element 'Object Repository/Maya/Bus Ticket/android.view.View0 - Contact Details' is exist

2020-08-06 18:46:59 - [TEST_STEP][PASSED] - tap(findTestObject("Maya/Bus Ticket/android.widget.EditText0 (6)"), 0): Tapped on element 'Object Repository/Maya/Bus Ticket/android.widget.EditText0 (6)'

2020-08-06 18:46:59 - [MESSAGE][WARNING] - Timeout '0' is invalid. Using default page load timeout: '10'

2020-08-06 18:47:00 - [MESSAGE][PASSED] - Tapped on element 'Object Repository/Maya/Bus Ticket/android.widget.EditText0 (6)'

2020-08-06 18:47:00 - [TEST_STEP][PASSED] - setText(findTestObject("Maya/Bus Ticket/android.widget.EditText0 (7)"), "TestBus Ticket", 0): Text 'TestBus Ticket' has been set to element 'Object Repository/Maya/Bus Ticket/android.widget.EditText0 (7)'

2020-08-06 18:47:00 - [MESSAGE][WARNING] - Timeout '0' is invalid. Using default page load timeout: '10'

2020-08-06 18:47:02 - [MESSAGE][PASSED] - Text 'TestBus Ticket' has been set to element 'Object Repository/Maya/Bus Ticket/android.widget.EditText0 (7)'

2020-08-06 18:47:02 - [TEST_STEP][PASSED] - setText(findTestObject("Maya/Bus Ticket/android.widget.EditText0 (8)"), "th23@gmail.com", 0): Text 'th23@gmail.com' has been set to element 'Object Repository/Maya/Bus Ticket/android.widget.EditText0 (8)'

2020-08-06 18:47:02 - [MESSAGE][WARNING] - Timeout '0' is invalid. Using default page load timeout: '10'

2020-08-06 18:47:04 - [MESSAGE][PASSED] - Text 'th23@gmail.com' has been set to element 'Object Repository/Maya/Bus Ticket/android.widget.EditText0 (8)'

2020-08-06 18:47:04 - [TEST_STEP][PASSED] - setText(findTestObject("Maya/Bus Ticket/android.widget.EditText0 (9)"), "1156754567", 0): Text '1156754567' has been set to element 'Object Repository/Maya/Bus Ticket/android.widget.EditText0 (9)'

2020-08-06 18:47:04 - [MESSAGE][WARNING] - Timeout '0' is invalid. Using default page load timeout: '10'

2020-08-06 18:47:05 - [MESSAGE][PASSED] - Text '1156754567' has been set to element 'Object Repository/Maya/Bus Ticket/android.widget.EditText0 (9)'

2020-08-06 18:47:05 - [TEST_STEP][PASSED] - tap(findTestObject("Maya/Bus Ticket/Person"), 0): Tapped on element 'Object Repository/Maya/Bus Ticket/Person'

2020-08-06 18:47:05 - [MESSAGE][WARNING] - Timeout '0' is invalid. Using default page load timeout: '10'

2020-08-06 18:47:07 - [MESSAGE][PASSED] - Tapped on element 'Object Repository/Maya/Bus Ticket/Person'

2020-08-06 18:47:07 - [TEST_STEP][PASSED] - delay(2, STOP_ON_FAILURE): Delayed 2 second(s)

2020-08-06 18:47:09 - [MESSAGE][PASSED] - Delayed 2 second(s)

2020-08-06 18:47:09 - [TEST_STEP][PASSED] - takeScreenshot("C:\Users\LENOVO\Screenshot\BusTicket\Ticket4.png", STOP_ON_FAILURE): Screenshot is taken

2020-08-06 18:47:10 - [MESSAGE][PASSED] - Screenshot is taken
[[ATTACHMENT|C:\\Users\\LENOVO\\Screenshot\\BusTicket\\Ticket4.png]]

2020-08-06 18:47:10 - [TEST_STEP][PASSED] - tap(findTestObject("Maya/Bus Ticket/android.widget.Button0 - CONTINUE BOOKING (1)"), 0): Tapped on element 'Object Repository/Maya/Bus Ticket/android.widget.Button0 - CONTINUE BOOKING (1)'

2020-08-06 18:47:10 - [MESSAGE][WARNING] - Timeout '0' is invalid. Using default page load timeout: '10'

2020-08-06 18:47:11 - [MESSAGE][PASSED] - Tapped on element 'Object Repository/Maya/Bus Ticket/android.widget.Button0 - CONTINUE BOOKING (1)'

2020-08-06 18:47:11 - [TEST_STEP][NOT_RUN] - getText(findTestObject("Maya/Bus Ticket/android.widget.TextView0 -  Selected seats (1)"), 0): NOT_RUN: getText(findTestObject("Maya/Bus Ticket/android.widget.TextView0 -  Selected seats (1)"), 0)

2020-08-06 18:47:11 - [MESSAGE][NOT_RUN] - NOT_RUN: getText(findTestObject("Maya/Bus Ticket/android.widget.TextView0 -  Selected seats (1)"), 0)

2020-08-06 18:47:11 - [TEST_STEP][PASSED] - takeScreenshot("C:\Users\LENOVO\Screenshot\BusTicket\Ticket41.png", STOP_ON_FAILURE): Screenshot is taken

2020-08-06 18:47:12 - [MESSAGE][PASSED] - Screenshot is taken
[[ATTACHMENT|C:\\Users\\LENOVO\\Screenshot\\BusTicket\\Ticket41.png]]

2020-08-06 18:47:12 - [TEST_STEP][PASSED] - verifyElementExist(findTestObject("Maya/Bus Ticket/android.widget.TextView0 -  Selected seats (1)"), 0, STOP_ON_FAILURE): Element 'Object Repository/Maya/Bus Ticket/android.widget.TextView0 -  Selected seats (1)' is exist

2020-08-06 18:47:12 - [MESSAGE][WARNING] - Timeout '0' is invalid. Using default page load timeout: '10'

2020-08-06 18:47:14 - [MESSAGE][PASSED] - Element 'Object Repository/Maya/Bus Ticket/android.widget.TextView0 -  Selected seats (1)' is exist

2020-08-06 18:47:14 - [TEST_STEP][NOT_RUN] - tap(findTestObject("Maya/Bus Ticket/android.view.View0 - 1Test213"), 0): NOT_RUN: tap(findTestObject("Maya/Bus Ticket/android.view.View0 - 1Test213"), 0)

2020-08-06 18:47:14 - [MESSAGE][NOT_RUN] - NOT_RUN: tap(findTestObject("Maya/Bus Ticket/android.view.View0 - 1Test213"), 0)

2020-08-06 18:47:14 - [TEST_STEP][PASSED] - delay(2, STOP_ON_FAILURE): Delayed 2 second(s)

2020-08-06 18:47:16 - [MESSAGE][PASSED] - Delayed 2 second(s)

2020-08-06 18:47:16 - [TEST_STEP][PASSED] - takeScreenshot("C:\Users\LENOVO\Screenshot\BusTicket\Ticket5.png", STOP_ON_FAILURE): Screenshot is taken

2020-08-06 18:47:17 - [MESSAGE][PASSED] - Screenshot is taken
[[ATTACHMENT|C:\\Users\\LENOVO\\Screenshot\\BusTicket\\Ticket5.png]]

2020-08-06 18:47:17 - [TEST_STEP][PASSED] - tap(findTestObject("Maya/Bus Ticket/android.widget.Button0 - CONTINUE PAYMENT (1)"), 0): Tapped on element 'Object Repository/Maya/Bus Ticket/android.widget.Button0 - CONTINUE PAYMENT (1)'

2020-08-06 18:47:17 - [MESSAGE][WARNING] - Timeout '0' is invalid. Using default page load timeout: '10'

2020-08-06 18:47:21 - [MESSAGE][PASSED] - Tapped on element 'Object Repository/Maya/Bus Ticket/android.widget.Button0 - CONTINUE PAYMENT (1)'

2020-08-06 18:47:21 - [TEST_STEP][PASSED] - delay(60, STOP_ON_FAILURE): Delayed 60 second(s)

2020-08-06 18:48:21 - [MESSAGE][PASSED] - Delayed 60 second(s)

2020-08-06 18:48:21 - [TEST_STEP][PASSED] - setText(findTestObject("Maya/Bus Ticket/android.widget.EditText0 (10)"), "pass1234", 0): Text 'pass1234' has been set to element 'Object Repository/Maya/Bus Ticket/android.widget.EditText0 (10)'

2020-08-06 18:48:21 - [MESSAGE][WARNING] - Timeout '0' is invalid. Using default page load timeout: '10'

2020-08-06 18:48:22 - [MESSAGE][PASSED] - Text 'pass1234' has been set to element 'Object Repository/Maya/Bus Ticket/android.widget.EditText0 (10)'

2020-08-06 18:48:22 - [TEST_STEP][PASSED] - driver = getDriver(): null

2020-08-06 18:48:22 - [TEST_STEP][PASSED] - driver.pressKeyCode(ENTER): null

2020-08-06 18:48:23 - [TEST_STEP][PASSED] - tap(findTestObject("Maya/Movie Ticket/android.widget.TextView0 - Pay Now"), 0): Tapped on element 'Object Repository/Maya/Movie Ticket/android.widget.TextView0 - Pay Now'

2020-08-06 18:48:23 - [MESSAGE][WARNING] - Timeout '0' is invalid. Using default page load timeout: '10'

2020-08-06 18:48:28 - [MESSAGE][PASSED] - Tapped on element 'Object Repository/Maya/Movie Ticket/android.widget.TextView0 - Pay Now'

2020-08-06 18:48:28 - [TEST_STEP][PASSED] - delay(2, STOP_ON_FAILURE): Delayed 2 second(s)

2020-08-06 18:48:30 - [MESSAGE][PASSED] - Delayed 2 second(s)

2020-08-06 18:48:30 - [TEST_STEP][PASSED] - takeScreenshot("C:\Users\LENOVO\Screenshot\BusTicket\Ticket6.png", STOP_ON_FAILURE): Screenshot is taken

2020-08-06 18:48:31 - [MESSAGE][PASSED] - Screenshot is taken
[[ATTACHMENT|C:\\Users\\LENOVO\\Screenshot\\BusTicket\\Ticket6.png]]

2020-08-06 18:48:31 - [TEST_STEP][PASSED] - if (verifyElementExist(findTestObject("Maya/spy/android.widget.TextView0 - Your TAC no. is 822872v3"), 7)): null

2020-08-06 18:48:33 - [MESSAGE][PASSED] - Element 'Object Repository/Maya/spy/android.widget.TextView0 - Your TAC no. is 822872v3' is exist

2020-08-06 18:48:33 - [TEST_STEP][PASSED] - otpM = getText(findTestObject("Maya/spy/android.widget.TextView0 - Your TAC no. is 822872v3"), 0): Text of element 'Object Repository/Maya/spy/android.widget.TextView0 - Your TAC no. is 822872v3' is: 'Your TAC no. is 733626'

2020-08-06 18:48:33 - [MESSAGE][WARNING] - Timeout '0' is invalid. Using default page load timeout: '10'

2020-08-06 18:48:34 - [MESSAGE][PASSED] - Text of element 'Object Repository/Maya/spy/android.widget.TextView0 - Your TAC no. is 822872v3' is: 'Your TAC no. is 733626'

2020-08-06 18:48:34 - [TEST_STEP][PASSED] - delay(2): Delayed 2 second(s)

2020-08-06 18:48:36 - [MESSAGE][PASSED] - Delayed 2 second(s)

2020-08-06 18:48:36 - [TEST_STEP][PASSED] - for ([i = 16, i <= 21, (i++)]): null

2020-08-06 18:48:36 - [TEST_STEP][PASSED] - delay(3, STOP_ON_FAILURE): Delayed 3 second(s)

2020-08-06 18:48:39 - [MESSAGE][PASSED] - Delayed 3 second(s)

2020-08-06 18:48:39 - [TEST_STEP][PASSED] - if (otpM[i] == "0"): null

2020-08-06 18:48:39 - [TEST_STEP][PASSED] - if (otpM[i] == "1"): null

2020-08-06 18:48:39 - [TEST_STEP][PASSED] - if (otpM[i] == "2"): null

2020-08-06 18:48:39 - [TEST_STEP][PASSED] - if (otpM[i] == "3"): null

2020-08-06 18:48:39 - [TEST_STEP][PASSED] - if (otpM[i] == "4"): null

2020-08-06 18:48:39 - [TEST_STEP][PASSED] - if (otpM[i] == "5"): null

2020-08-06 18:48:39 - [TEST_STEP][PASSED] - if (otpM[i] == "6"): null

2020-08-06 18:48:39 - [TEST_STEP][PASSED] - if (otpM[i] == "7"): Tapped on element 'Object Repository/Maya/login again/Spy - 7'

2020-08-06 18:48:39 - [TEST_STEP][PASSED] - delay(1, STOP_ON_FAILURE): Delayed 1 second(s)

2020-08-06 18:48:40 - [MESSAGE][PASSED] - Delayed 1 second(s)

2020-08-06 18:48:40 - [TEST_STEP][PASSED] - tap(findTestObject("Maya/login again/Spy - 7"), 0): Tapped on element 'Object Repository/Maya/login again/Spy - 7'

2020-08-06 18:48:40 - [MESSAGE][WARNING] - Timeout '0' is invalid. Using default page load timeout: '10'

2020-08-06 18:48:43 - [MESSAGE][PASSED] - Tapped on element 'Object Repository/Maya/login again/Spy - 7'

2020-08-06 18:48:43 - [TEST_STEP][PASSED] - if (otpM[i] == "8"): null

2020-08-06 18:48:43 - [TEST_STEP][PASSED] - if (otpM[i] == "9"): null

2020-08-06 18:48:43 - [TEST_STEP][PASSED] - delay(3, STOP_ON_FAILURE): Delayed 3 second(s)

2020-08-06 18:48:46 - [MESSAGE][PASSED] - Delayed 3 second(s)

2020-08-06 18:48:46 - [TEST_STEP][PASSED] - if (otpM[i] == "0"): null

2020-08-06 18:48:46 - [TEST_STEP][PASSED] - if (otpM[i] == "1"): null

2020-08-06 18:48:46 - [TEST_STEP][PASSED] - if (otpM[i] == "2"): null

2020-08-06 18:48:46 - [TEST_STEP][PASSED] - if (otpM[i] == "3"): Tapped on element 'Object Repository/Maya/login again/Spy- 3'

2020-08-06 18:48:46 - [TEST_STEP][PASSED] - delay(1, STOP_ON_FAILURE): Delayed 1 second(s)

2020-08-06 18:48:47 - [MESSAGE][PASSED] - Delayed 1 second(s)

2020-08-06 18:48:47 - [TEST_STEP][NOT_RUN] - tap(findTestObject("MAYA SIT v118/spy/TAC - keypad 3"), 0): NOT_RUN: tap(findTestObject("MAYA SIT v118/spy/TAC - keypad 3"), 0)

2020-08-06 18:48:47 - [MESSAGE][NOT_RUN] - NOT_RUN: tap(findTestObject("MAYA SIT v118/spy/TAC - keypad 3"), 0)

2020-08-06 18:48:47 - [TEST_STEP][PASSED] - tap(findTestObject("Maya/login again/Spy- 3"), 0): Tapped on element 'Object Repository/Maya/login again/Spy- 3'

2020-08-06 18:48:47 - [MESSAGE][WARNING] - Timeout '0' is invalid. Using default page load timeout: '10'

2020-08-06 18:48:50 - [MESSAGE][PASSED] - Tapped on element 'Object Repository/Maya/login again/Spy- 3'

2020-08-06 18:48:50 - [TEST_STEP][PASSED] - if (otpM[i] == "4"): null

2020-08-06 18:48:50 - [TEST_STEP][PASSED] - if (otpM[i] == "5"): null

2020-08-06 18:48:50 - [TEST_STEP][PASSED] - if (otpM[i] == "6"): null

2020-08-06 18:48:50 - [TEST_STEP][PASSED] - if (otpM[i] == "7"): null

2020-08-06 18:48:50 - [TEST_STEP][PASSED] - if (otpM[i] == "8"): null

2020-08-06 18:48:50 - [TEST_STEP][PASSED] - if (otpM[i] == "9"): null

2020-08-06 18:48:50 - [TEST_STEP][PASSED] - delay(3, STOP_ON_FAILURE): Delayed 3 second(s)

2020-08-06 18:48:53 - [MESSAGE][PASSED] - Delayed 3 second(s)

2020-08-06 18:48:53 - [TEST_STEP][PASSED] - if (otpM[i] == "0"): null

2020-08-06 18:48:53 - [TEST_STEP][PASSED] - if (otpM[i] == "1"): null

2020-08-06 18:48:53 - [TEST_STEP][PASSED] - if (otpM[i] == "2"): null

2020-08-06 18:48:53 - [TEST_STEP][PASSED] - if (otpM[i] == "3"): Tapped on element 'Object Repository/Maya/login again/Spy- 3'

2020-08-06 18:48:53 - [TEST_STEP][PASSED] - delay(1, STOP_ON_FAILURE): Delayed 1 second(s)

2020-08-06 18:48:54 - [MESSAGE][PASSED] - Delayed 1 second(s)

2020-08-06 18:48:54 - [TEST_STEP][NOT_RUN] - tap(findTestObject("MAYA SIT v118/spy/TAC - keypad 3"), 0): NOT_RUN: tap(findTestObject("MAYA SIT v118/spy/TAC - keypad 3"), 0)

2020-08-06 18:48:54 - [MESSAGE][NOT_RUN] - NOT_RUN: tap(findTestObject("MAYA SIT v118/spy/TAC - keypad 3"), 0)

2020-08-06 18:48:54 - [TEST_STEP][PASSED] - tap(findTestObject("Maya/login again/Spy- 3"), 0): Tapped on element 'Object Repository/Maya/login again/Spy- 3'

2020-08-06 18:48:54 - [MESSAGE][WARNING] - Timeout '0' is invalid. Using default page load timeout: '10'

2020-08-06 18:48:56 - [MESSAGE][PASSED] - Tapped on element 'Object Repository/Maya/login again/Spy- 3'

2020-08-06 18:48:56 - [TEST_STEP][PASSED] - if (otpM[i] == "4"): null

2020-08-06 18:48:56 - [TEST_STEP][PASSED] - if (otpM[i] == "5"): null

2020-08-06 18:48:56 - [TEST_STEP][PASSED] - if (otpM[i] == "6"): null

2020-08-06 18:48:56 - [TEST_STEP][PASSED] - if (otpM[i] == "7"): null

2020-08-06 18:48:56 - [TEST_STEP][PASSED] - if (otpM[i] == "8"): null

2020-08-06 18:48:56 - [TEST_STEP][PASSED] - if (otpM[i] == "9"): null

2020-08-06 18:48:56 - [TEST_STEP][PASSED] - delay(3, STOP_ON_FAILURE): Delayed 3 second(s)

2020-08-06 18:48:59 - [MESSAGE][PASSED] - Delayed 3 second(s)

2020-08-06 18:48:59 - [TEST_STEP][PASSED] - if (otpM[i] == "0"): null

2020-08-06 18:48:59 - [TEST_STEP][PASSED] - if (otpM[i] == "1"): null

2020-08-06 18:48:59 - [TEST_STEP][PASSED] - if (otpM[i] == "2"): null

2020-08-06 18:48:59 - [TEST_STEP][PASSED] - if (otpM[i] == "3"): null

2020-08-06 18:48:59 - [TEST_STEP][PASSED] - if (otpM[i] == "4"): null

2020-08-06 18:48:59 - [TEST_STEP][PASSED] - if (otpM[i] == "5"): null

2020-08-06 18:48:59 - [TEST_STEP][PASSED] - if (otpM[i] == "6"): Tapped on element 'Object Repository/Maya/login again/Spy- 6'

2020-08-06 18:48:59 - [TEST_STEP][PASSED] - delay(1, STOP_ON_FAILURE): Delayed 1 second(s)

2020-08-06 18:49:00 - [MESSAGE][PASSED] - Delayed 1 second(s)

2020-08-06 18:49:00 - [TEST_STEP][PASSED] - tap(findTestObject("Maya/login again/Spy- 6"), 0): Tapped on element 'Object Repository/Maya/login again/Spy- 6'

2020-08-06 18:49:00 - [MESSAGE][WARNING] - Timeout '0' is invalid. Using default page load timeout: '10'

2020-08-06 18:49:02 - [MESSAGE][PASSED] - Tapped on element 'Object Repository/Maya/login again/Spy- 6'

2020-08-06 18:49:02 - [TEST_STEP][PASSED] - if (otpM[i] == "7"): null

2020-08-06 18:49:02 - [TEST_STEP][PASSED] - if (otpM[i] == "8"): null

2020-08-06 18:49:02 - [TEST_STEP][PASSED] - if (otpM[i] == "9"): null

2020-08-06 18:49:02 - [TEST_STEP][PASSED] - delay(3, STOP_ON_FAILURE): Delayed 3 second(s)

2020-08-06 18:49:05 - [MESSAGE][PASSED] - Delayed 3 second(s)

2020-08-06 18:49:05 - [TEST_STEP][PASSED] - if (otpM[i] == "0"): null

2020-08-06 18:49:05 - [TEST_STEP][PASSED] - if (otpM[i] == "1"): null

2020-08-06 18:49:05 - [TEST_STEP][PASSED] - if (otpM[i] == "2"): Tapped on element 'Object Repository/Maya/login again/Spy- 2'

2020-08-06 18:49:05 - [TEST_STEP][PASSED] - delay(1, STOP_ON_FAILURE): Delayed 1 second(s)

2020-08-06 18:49:06 - [MESSAGE][PASSED] - Delayed 1 second(s)

2020-08-06 18:49:06 - [TEST_STEP][PASSED] - tap(findTestObject("Maya/login again/Spy- 2"), 0): Tapped on element 'Object Repository/Maya/login again/Spy- 2'

2020-08-06 18:49:06 - [MESSAGE][WARNING] - Timeout '0' is invalid. Using default page load timeout: '10'

2020-08-06 18:49:08 - [MESSAGE][PASSED] - Tapped on element 'Object Repository/Maya/login again/Spy- 2'

2020-08-06 18:49:08 - [TEST_STEP][PASSED] - if (otpM[i] == "3"): null

2020-08-06 18:49:08 - [TEST_STEP][PASSED] - if (otpM[i] == "4"): null

2020-08-06 18:49:08 - [TEST_STEP][PASSED] - if (otpM[i] == "5"): null

2020-08-06 18:49:08 - [TEST_STEP][PASSED] - if (otpM[i] == "6"): null

2020-08-06 18:49:08 - [TEST_STEP][PASSED] - if (otpM[i] == "7"): null

2020-08-06 18:49:08 - [TEST_STEP][PASSED] - if (otpM[i] == "8"): null

2020-08-06 18:49:08 - [TEST_STEP][PASSED] - if (otpM[i] == "9"): null

2020-08-06 18:49:08 - [TEST_STEP][PASSED] - delay(3, STOP_ON_FAILURE): Delayed 3 second(s)

2020-08-06 18:49:11 - [MESSAGE][PASSED] - Delayed 3 second(s)

2020-08-06 18:49:11 - [TEST_STEP][PASSED] - if (otpM[i] == "0"): null

2020-08-06 18:49:11 - [TEST_STEP][PASSED] - if (otpM[i] == "1"): null

2020-08-06 18:49:11 - [TEST_STEP][PASSED] - if (otpM[i] == "2"): null

2020-08-06 18:49:11 - [TEST_STEP][PASSED] - if (otpM[i] == "3"): null

2020-08-06 18:49:11 - [TEST_STEP][PASSED] - if (otpM[i] == "4"): null

2020-08-06 18:49:11 - [TEST_STEP][PASSED] - if (otpM[i] == "5"): null

2020-08-06 18:49:11 - [TEST_STEP][PASSED] - if (otpM[i] == "6"): Tapped on element 'Object Repository/Maya/login again/Spy- 6'

2020-08-06 18:49:11 - [TEST_STEP][PASSED] - delay(1, STOP_ON_FAILURE): Delayed 1 second(s)

2020-08-06 18:49:12 - [MESSAGE][PASSED] - Delayed 1 second(s)

2020-08-06 18:49:12 - [TEST_STEP][PASSED] - tap(findTestObject("Maya/login again/Spy- 6"), 0): Tapped on element 'Object Repository/Maya/login again/Spy- 6'

2020-08-06 18:49:12 - [MESSAGE][WARNING] - Timeout '0' is invalid. Using default page load timeout: '10'

2020-08-06 18:49:14 - [MESSAGE][PASSED] - Tapped on element 'Object Repository/Maya/login again/Spy- 6'

2020-08-06 18:49:14 - [TEST_STEP][PASSED] - if (otpM[i] == "7"): null

2020-08-06 18:49:14 - [TEST_STEP][PASSED] - if (otpM[i] == "8"): null

2020-08-06 18:49:14 - [TEST_STEP][PASSED] - if (otpM[i] == "9"): null

2020-08-06 18:49:14 - [TEST_STEP][PASSED] - delay(8, STOP_ON_FAILURE): Delayed 8 second(s)

2020-08-06 18:49:22 - [MESSAGE][PASSED] - Delayed 8 second(s)

2020-08-06 18:49:22 - [TEST_STEP][PASSED] - tapAtPosition(826, 2048): Tapped at [826, 2,048]

2020-08-06 18:49:22 - [MESSAGE][PASSED] - Tapped at [826, 2,048]

2020-08-06 18:49:22 - [TEST_STEP][FAILED] - if (verifyElementExist(findTestObject("Maya/KLIA/android.widget.TextView0 - Approve"), 0)): Element 'Object Repository/Maya/KLIA/android.widget.TextView0 - Approve' not found

2020-08-06 18:49:22 - [MESSAGE][WARNING] - Timeout '0' is invalid. Using default page load timeout: '10'

2020-08-06 18:49:34 - [MESSAGE][FAILED] - Element 'Object Repository/Maya/KLIA/android.widget.TextView0 - Approve' not found
[[ATTACHMENT|C:\\Users\\LENOVO\\Git_new\\Maya\\Reports\\20200806_184443\\Maya UAT\\UAT Test Suite\\20200806_184443\\1596710973487.png]]

2020-08-06 18:49:34 - [TEST_STEP][PASSED] - delay(3, STOP_ON_FAILURE): Delayed 3 second(s)

2020-08-06 18:49:37 - [MESSAGE][PASSED] - Delayed 3 second(s)

2020-08-06 18:49:37 - [TEST_STEP][PASSED] - getText(findTestObject("Maya/Bus Ticket/android.widget.TextView0 - Payment successful"), 0): Text of element 'Object Repository/Maya/Bus Ticket/android.widget.TextView0 - Payment successful' is: 'Payment successful'

2020-08-06 18:49:37 - [MESSAGE][WARNING] - Timeout '0' is invalid. Using default page load timeout: '10'

2020-08-06 18:49:38 - [MESSAGE][PASSED] - Text of element 'Object Repository/Maya/Bus Ticket/android.widget.TextView0 - Payment successful' is: 'Payment successful'

2020-08-06 18:49:38 - [TEST_STEP][PASSED] - verifyElementExist(findTestObject("Maya/Bus Ticket/android.widget.TextView0 - Payment successful"), 0): Element 'Object Repository/Maya/Bus Ticket/android.widget.TextView0 - Payment successful' is exist

2020-08-06 18:49:38 - [MESSAGE][WARNING] - Timeout '0' is invalid. Using default page load timeout: '10'

2020-08-06 18:49:39 - [MESSAGE][PASSED] - Element 'Object Repository/Maya/Bus Ticket/android.widget.TextView0 - Payment successful' is exist

2020-08-06 18:49:39 - [TEST_STEP][PASSED] - getText(findTestObject("Maya/Bus Ticket/android.widget.TextView0 - Reference ID"), 0): Text of element 'Object Repository/Maya/Bus Ticket/android.widget.TextView0 - Reference ID' is: 'Reference ID'

2020-08-06 18:49:39 - [MESSAGE][WARNING] - Timeout '0' is invalid. Using default page load timeout: '10'

2020-08-06 18:49:39 - [MESSAGE][PASSED] - Text of element 'Object Repository/Maya/Bus Ticket/android.widget.TextView0 - Reference ID' is: 'Reference ID'

2020-08-06 18:49:39 - [TEST_STEP][PASSED] - verifyElementExist(findTestObject("Maya/Bus Ticket/android.widget.TextView0 - Reference ID"), 0): Element 'Object Repository/Maya/Bus Ticket/android.widget.TextView0 - Reference ID' is exist

2020-08-06 18:49:39 - [MESSAGE][WARNING] - Timeout '0' is invalid. Using default page load timeout: '10'

2020-08-06 18:49:40 - [MESSAGE][PASSED] - Element 'Object Repository/Maya/Bus Ticket/android.widget.TextView0 - Reference ID' is exist

2020-08-06 18:49:40 - [TEST_STEP][PASSED] - getText(findTestObject("Maya/Bus Ticket/android.widget.TextView0 - Date  time"), 0): Text of element 'Object Repository/Maya/Bus Ticket/android.widget.TextView0 - Date  time' is: 'Date & time'

2020-08-06 18:49:40 - [MESSAGE][WARNING] - Timeout '0' is invalid. Using default page load timeout: '10'

2020-08-06 18:49:40 - [MESSAGE][PASSED] - Text of element 'Object Repository/Maya/Bus Ticket/android.widget.TextView0 - Date  time' is: 'Date & time'

2020-08-06 18:49:40 - [TEST_STEP][PASSED] - verifyElementExist(findTestObject("Maya/Bus Ticket/android.widget.TextView0 - Date  time"), 0): Element 'Object Repository/Maya/Bus Ticket/android.widget.TextView0 - Date  time' is exist

2020-08-06 18:49:41 - [MESSAGE][WARNING] - Timeout '0' is invalid. Using default page load timeout: '10'

2020-08-06 18:49:41 - [MESSAGE][PASSED] - Element 'Object Repository/Maya/Bus Ticket/android.widget.TextView0 - Date  time' is exist

2020-08-06 18:49:41 - [TEST_STEP][PASSED] - delay(2, STOP_ON_FAILURE): Delayed 2 second(s)

2020-08-06 18:49:43 - [MESSAGE][PASSED] - Delayed 2 second(s)

2020-08-06 18:49:43 - [TEST_STEP][PASSED] - takeScreenshot("C:\Users\LENOVO\Screenshot\BusTicket\Ticket8.png", STOP_ON_FAILURE): Screenshot is taken

2020-08-06 18:49:44 - [MESSAGE][PASSED] - Screenshot is taken
[[ATTACHMENT|C:\\Users\\LENOVO\\Screenshot\\BusTicket\\Ticket8.png]]

2020-08-06 18:49:44 - [TEST_STEP][PASSED] - tap(findTestObject("Maya/Bus Ticket/android.widget.TextView0 - Share Receipt"), 0): Tapped on element 'Object Repository/Maya/Bus Ticket/android.widget.TextView0 - Share Receipt'

2020-08-06 18:49:44 - [MESSAGE][WARNING] - Timeout '0' is invalid. Using default page load timeout: '10'

2020-08-06 18:49:45 - [MESSAGE][PASSED] - Tapped on element 'Object Repository/Maya/Bus Ticket/android.widget.TextView0 - Share Receipt'

2020-08-06 18:49:45 - [TEST_STEP][PASSED] - delay(10, STOP_ON_FAILURE): Delayed 10 second(s)

2020-08-06 18:49:55 - [MESSAGE][PASSED] - Delayed 10 second(s)

2020-08-06 18:49:55 - [TEST_STEP][PASSED] - getText(findTestObject("Maya/Movie Ticket/android.widget.TextView0 - Share Receipt"), 0): Text of element 'Object Repository/Maya/Movie Ticket/android.widget.TextView0 - Share Receipt' is: 'Share Receipt'

2020-08-06 18:49:55 - [MESSAGE][WARNING] - Timeout '0' is invalid. Using default page load timeout: '10'

2020-08-06 18:49:57 - [MESSAGE][PASSED] - Text of element 'Object Repository/Maya/Movie Ticket/android.widget.TextView0 - Share Receipt' is: 'Share Receipt'

2020-08-06 18:49:57 - [TEST_STEP][PASSED] - getText(findTestObject("Maya/Bus Ticket/android.view.View0 - Bus Tickets"), 0): Text of element 'Object Repository/Maya/Bus Ticket/android.view.View0 - Bus Tickets' is: 'Bus Tickets'

2020-08-06 18:49:57 - [MESSAGE][WARNING] - Timeout '0' is invalid. Using default page load timeout: '10'

2020-08-06 18:49:57 - [MESSAGE][PASSED] - Text of element 'Object Repository/Maya/Bus Ticket/android.view.View0 - Bus Tickets' is: 'Bus Tickets'

2020-08-06 18:49:57 - [TEST_STEP][PASSED] - verifyElementExist(findTestObject("Maya/Bus Ticket/android.view.View0 - Bus Tickets"), 0): Element 'Object Repository/Maya/Bus Ticket/android.view.View0 - Bus Tickets' is exist

2020-08-06 18:49:57 - [MESSAGE][WARNING] - Timeout '0' is invalid. Using default page load timeout: '10'

2020-08-06 18:49:57 - [MESSAGE][PASSED] - Element 'Object Repository/Maya/Bus Ticket/android.view.View0 - Bus Tickets' is exist

2020-08-06 18:49:57 - [TEST_STEP][PASSED] - getText(findTestObject("Maya/Bus Ticket/android.view.View0 - Order number"), 0): Text of element 'Object Repository/Maya/Bus Ticket/android.view.View0 - Order number' is: 'Order number'

2020-08-06 18:49:57 - [MESSAGE][WARNING] - Timeout '0' is invalid. Using default page load timeout: '10'

2020-08-06 18:49:57 - [MESSAGE][PASSED] - Text of element 'Object Repository/Maya/Bus Ticket/android.view.View0 - Order number' is: 'Order number'

2020-08-06 18:49:57 - [TEST_STEP][PASSED] - verifyElementExist(findTestObject("Maya/Bus Ticket/android.view.View0 - Order number"), 0): Element 'Object Repository/Maya/Bus Ticket/android.view.View0 - Order number' is exist

2020-08-06 18:49:57 - [MESSAGE][WARNING] - Timeout '0' is invalid. Using default page load timeout: '10'

2020-08-06 18:49:58 - [MESSAGE][PASSED] - Element 'Object Repository/Maya/Bus Ticket/android.view.View0 - Order number' is exist

2020-08-06 18:49:58 - [TEST_STEP][PASSED] - getText(findTestObject("Maya/Bus Ticket/android.view.View0 - Reference ID"), 0): Text of element 'Object Repository/Maya/Bus Ticket/android.view.View0 - Reference ID' is: 'Reference ID'

2020-08-06 18:49:58 - [MESSAGE][WARNING] - Timeout '0' is invalid. Using default page load timeout: '10'

2020-08-06 18:49:58 - [MESSAGE][PASSED] - Text of element 'Object Repository/Maya/Bus Ticket/android.view.View0 - Reference ID' is: 'Reference ID'

2020-08-06 18:49:58 - [TEST_STEP][PASSED] - verifyElementExist(findTestObject("Maya/Bus Ticket/android.view.View0 - Reference ID"), 0): Element 'Object Repository/Maya/Bus Ticket/android.view.View0 - Reference ID' is exist

2020-08-06 18:49:58 - [MESSAGE][WARNING] - Timeout '0' is invalid. Using default page load timeout: '10'

2020-08-06 18:49:59 - [MESSAGE][PASSED] - Element 'Object Repository/Maya/Bus Ticket/android.view.View0 - Reference ID' is exist

2020-08-06 18:49:59 - [TEST_STEP][PASSED] - delay(2, STOP_ON_FAILURE): Delayed 2 second(s)

2020-08-06 18:50:01 - [MESSAGE][PASSED] - Delayed 2 second(s)

2020-08-06 18:50:01 - [TEST_STEP][PASSED] - takeScreenshot("C:\Users\LENOVO\Screenshot\BusTicket\Ticket9.png", STOP_ON_FAILURE): Screenshot is taken

2020-08-06 18:50:02 - [MESSAGE][PASSED] - Screenshot is taken
[[ATTACHMENT|C:\\Users\\LENOVO\\Screenshot\\BusTicket\\Ticket9.png]]

2020-08-06 18:50:02 - [TEST_STEP][PASSED] - getText(findTestObject("Maya/Bus Ticket/android.view.View0 - Corporate name"), 0): Text of element 'Object Repository/Maya/Bus Ticket/android.view.View0 - Corporate name' is: 'Corporate name'

2020-08-06 18:50:02 - [MESSAGE][WARNING] - Timeout '0' is invalid. Using default page load timeout: '10'

2020-08-06 18:50:02 - [MESSAGE][PASSED] - Text of element 'Object Repository/Maya/Bus Ticket/android.view.View0 - Corporate name' is: 'Corporate name'

2020-08-06 18:50:02 - [TEST_STEP][PASSED] - verifyElementExist(findTestObject("Maya/Bus Ticket/android.view.View0 - Corporate name"), 0): Element 'Object Repository/Maya/Bus Ticket/android.view.View0 - Corporate name' is exist

2020-08-06 18:50:02 - [MESSAGE][WARNING] - Timeout '0' is invalid. Using default page load timeout: '10'

2020-08-06 18:50:02 - [MESSAGE][PASSED] - Element 'Object Repository/Maya/Bus Ticket/android.view.View0 - Corporate name' is exist

2020-08-06 18:50:02 - [TEST_STEP][PASSED] - getText(findTestObject("Maya/Bus Ticket/android.view.View0 - Amount"), 0): Text of element 'Object Repository/Maya/Bus Ticket/android.view.View0 - Amount' is: 'Amount'

2020-08-06 18:50:02 - [MESSAGE][WARNING] - Timeout '0' is invalid. Using default page load timeout: '10'

2020-08-06 18:50:02 - [MESSAGE][PASSED] - Text of element 'Object Repository/Maya/Bus Ticket/android.view.View0 - Amount' is: 'Amount'

2020-08-06 18:50:02 - [TEST_STEP][PASSED] - verifyElementExist(findTestObject("Maya/Bus Ticket/android.view.View0 - Amount"), 0): Element 'Object Repository/Maya/Bus Ticket/android.view.View0 - Amount' is exist

2020-08-06 18:50:02 - [MESSAGE][WARNING] - Timeout '0' is invalid. Using default page load timeout: '10'

2020-08-06 18:50:03 - [MESSAGE][PASSED] - Element 'Object Repository/Maya/Bus Ticket/android.view.View0 - Amount' is exist

2020-08-06 18:50:03 - [TEST_STEP][PASSED] - swipe(831, 1382, 800, 100): Swiped from 831,1,382 to 800,100

2020-08-06 18:50:04 - [MESSAGE][PASSED] - Swiped from 831,1,382 to 800,100

2020-08-06 18:50:04 - [TEST_STEP][PASSED] - delay(5, STOP_ON_FAILURE): Delayed 5 second(s)

2020-08-06 18:50:09 - [MESSAGE][PASSED] - Delayed 5 second(s)

2020-08-06 18:50:09 - [TEST_STEP][PASSED] - getText(findTestObject("Maya/KLIA/android.widget.TextView0 - Note This receipt is computer generated and no signature is required."), 0): Text of element 'Object Repository/Maya/KLIA/android.widget.TextView0 - Note This receipt is computer generated and no signature is required.' is: 'Note: This receipt is computer generated and no signature is required.'

2020-08-06 18:50:09 - [MESSAGE][WARNING] - Timeout '0' is invalid. Using default page load timeout: '10'

2020-08-06 18:50:09 - [MESSAGE][PASSED] - Text of element 'Object Repository/Maya/KLIA/android.widget.TextView0 - Note This receipt is computer generated and no signature is required.' is: 'Note: This receipt is computer generated and no signature is required.'

2020-08-06 18:50:09 - [TEST_STEP][PASSED] - getText(findTestObject("Maya/Third Party CA account/android.widget.TextView0 - Malayan Banking Berhad (Co. Reg.  196001000142)"), 0): Text of element 'Object Repository/Maya/Third Party CA account/android.widget.TextView0 - Malayan Banking Berhad (Co. Reg.  196001000142)' is: 'Malayan Banking Berhad (Co. Reg. : 196001000142)'

2020-08-06 18:50:09 - [MESSAGE][WARNING] - Timeout '0' is invalid. Using default page load timeout: '10'

2020-08-06 18:50:09 - [MESSAGE][PASSED] - Text of element 'Object Repository/Maya/Third Party CA account/android.widget.TextView0 - Malayan Banking Berhad (Co. Reg.  196001000142)' is: 'Malayan Banking Berhad (Co. Reg. : 196001000142)'

2020-08-06 18:50:09 - [TEST_STEP][PASSED] - getText(findTestObject("Maya/Third Party CA account/android.widget.TextView0 - Maybank Islamic Berhad (Co. Reg.  200701029411)"), 0): Text of element 'Object Repository/Maya/Third Party CA account/android.widget.TextView0 - Maybank Islamic Berhad (Co. Reg.  200701029411)' is: 'Maybank Islamic Berhad (Co. Reg. : 200701029411)'

2020-08-06 18:50:10 - [MESSAGE][WARNING] - Timeout '0' is invalid. Using default page load timeout: '10'

2020-08-06 18:50:10 - [MESSAGE][PASSED] - Text of element 'Object Repository/Maya/Third Party CA account/android.widget.TextView0 - Maybank Islamic Berhad (Co. Reg.  200701029411)' is: 'Maybank Islamic Berhad (Co. Reg. : 200701029411)'

2020-08-06 18:50:10 - [TEST_STEP][PASSED] - tap(findTestObject("Maya/Bus Ticket/android.widget.ImageView0 (1)"), 0): Tapped on element 'Object Repository/Maya/Bus Ticket/android.widget.ImageView0 (1)'

2020-08-06 18:50:10 - [MESSAGE][WARNING] - Timeout '0' is invalid. Using default page load timeout: '10'

2020-08-06 18:50:11 - [MESSAGE][PASSED] - Tapped on element 'Object Repository/Maya/Bus Ticket/android.widget.ImageView0 (1)'

2020-08-06 18:50:11 - [TEST_STEP][PASSED] - tap(findTestObject("Maya/Bus Ticket/android.widget.Button0 - Cancel"), 0): Tapped on element 'Object Repository/Maya/Bus Ticket/android.widget.Button0 - Cancel'

2020-08-06 18:50:11 - [MESSAGE][WARNING] - Timeout '0' is invalid. Using default page load timeout: '10'

2020-08-06 18:50:15 - [MESSAGE][PASSED] - Tapped on element 'Object Repository/Maya/Bus Ticket/android.widget.Button0 - Cancel'

2020-08-06 18:50:15 - [TEST_STEP][PASSED] - tap(findTestObject("Maya/Bus Ticket/android.widget.ImageView0"), 0): Tapped on element 'Object Repository/Maya/Bus Ticket/android.widget.ImageView0'

2020-08-06 18:50:15 - [MESSAGE][WARNING] - Timeout '0' is invalid. Using default page load timeout: '10'

2020-08-06 18:50:16 - [MESSAGE][PASSED] - Tapped on element 'Object Repository/Maya/Bus Ticket/android.widget.ImageView0'

2020-08-06 18:50:16 - [TEST_STEP][PASSED] - tap(findTestObject("Maya/Bus Ticket/android.widget.TextView0 - Done (1)"), 0): Tapped on element 'Object Repository/Maya/Bus Ticket/android.widget.TextView0 - Done (1)'

2020-08-06 18:50:16 - [MESSAGE][WARNING] - Timeout '0' is invalid. Using default page load timeout: '10'

2020-08-06 18:50:18 - [MESSAGE][PASSED] - Tapped on element 'Object Repository/Maya/Bus Ticket/android.widget.TextView0 - Done (1)'

2020-08-06 18:50:18 - [TEST_STEP][PASSED] - delay(100, STOP_ON_FAILURE): Delayed 100 second(s)

2020-08-06 18:51:59 - [MESSAGE][PASSED] - Delayed 100 second(s)

2020-08-06 18:51:59 - [TEST_STEP][PASSED] - getText(findTestObject("Maya/Bus Ticket/android.view.View0 - Your payment is successful"), 0): Text of element 'Object Repository/Maya/Bus Ticket/android.view.View0 - Your payment is successful' is: 'Your payment is successful!'

2020-08-06 18:51:59 - [MESSAGE][WARNING] - Timeout '0' is invalid. Using default page load timeout: '10'

2020-08-06 18:52:00 - [MESSAGE][PASSED] - Text of element 'Object Repository/Maya/Bus Ticket/android.view.View0 - Your payment is successful' is: 'Your payment is successful!'

2020-08-06 18:52:00 - [TEST_STEP][PASSED] - delay(2, STOP_ON_FAILURE): Delayed 2 second(s)

2020-08-06 18:52:02 - [MESSAGE][PASSED] - Delayed 2 second(s)

2020-08-06 18:52:02 - [TEST_STEP][PASSED] - takeScreenshot("C:\Users\LENOVO\Screenshot\BusTicket\Ticket12.png", STOP_ON_FAILURE): Screenshot is taken

2020-08-06 18:52:04 - [MESSAGE][PASSED] - Screenshot is taken
[[ATTACHMENT|C:\\Users\\LENOVO\\Screenshot\\BusTicket\\Ticket12.png]]

2020-08-06 18:52:04 - [TEST_STEP][PASSED] - verifyElementExist(findTestObject("Maya/Bus Ticket/android.view.View0 - Your payment is successful"), 0): Element 'Object Repository/Maya/Bus Ticket/android.view.View0 - Your payment is successful' is exist

2020-08-06 18:52:04 - [MESSAGE][WARNING] - Timeout '0' is invalid. Using default page load timeout: '10'

2020-08-06 18:52:04 - [MESSAGE][PASSED] - Element 'Object Repository/Maya/Bus Ticket/android.view.View0 - Your payment is successful' is exist

2020-08-06 18:52:04 - [TEST_STEP][PASSED] - getText(findTestObject("Maya/Bus Ticket/android.widget.TextView0 - Transaction No"), 0): Text of element 'Object Repository/Maya/Bus Ticket/android.widget.TextView0 - Transaction No' is: 'Transaction No'

2020-08-06 18:52:04 - [MESSAGE][WARNING] - Timeout '0' is invalid. Using default page load timeout: '10'

2020-08-06 18:52:04 - [MESSAGE][PASSED] - Text of element 'Object Repository/Maya/Bus Ticket/android.widget.TextView0 - Transaction No' is: 'Transaction No'

2020-08-06 18:52:04 - [TEST_STEP][PASSED] - verifyElementExist(findTestObject("Maya/Bus Ticket/android.widget.TextView0 - Transaction No"), 0): Element 'Object Repository/Maya/Bus Ticket/android.widget.TextView0 - Transaction No' is exist

2020-08-06 18:52:04 - [MESSAGE][WARNING] - Timeout '0' is invalid. Using default page load timeout: '10'

2020-08-06 18:52:05 - [MESSAGE][PASSED] - Element 'Object Repository/Maya/Bus Ticket/android.widget.TextView0 - Transaction No' is exist

2020-08-06 18:52:05 - [TEST_STEP][PASSED] - tap(findTestObject("Maya/Bus Ticket/android.widget.Button0 - TAKE ME TO MY E-TICKET"), 0): Tapped on element 'Object Repository/Maya/Bus Ticket/android.widget.Button0 - TAKE ME TO MY E-TICKET'

2020-08-06 18:52:05 - [MESSAGE][WARNING] - Timeout '0' is invalid. Using default page load timeout: '10'

2020-08-06 18:52:07 - [MESSAGE][PASSED] - Tapped on element 'Object Repository/Maya/Bus Ticket/android.widget.Button0 - TAKE ME TO MY E-TICKET'

2020-08-06 18:52:07 - [TEST_STEP][PASSED] - delay(30, STOP_ON_FAILURE): Delayed 30 second(s)

2020-08-06 18:52:37 - [MESSAGE][PASSED] - Delayed 30 second(s)

2020-08-06 18:52:37 - [TEST_STEP][PASSED] - takeScreenshot("C:\Users\LENOVO\Screenshot\BusTicket\Ticket11.png", STOP_ON_FAILURE): Screenshot is taken

2020-08-06 18:52:38 - [MESSAGE][PASSED] - Screenshot is taken
[[ATTACHMENT|C:\\Users\\LENOVO\\Screenshot\\BusTicket\\Ticket11.png]]

2020-08-06 18:52:38 - [TEST_STEP][PASSED] - tap(findTestObject("Maya/Bus Ticket/android.widget.ImageView0 (2)"), 0): Tapped on element 'Object Repository/Maya/Bus Ticket/android.widget.ImageView0 (2)'

2020-08-06 18:52:38 - [MESSAGE][WARNING] - Timeout '0' is invalid. Using default page load timeout: '10'

2020-08-06 18:52:38 - [MESSAGE][PASSED] - Tapped on element 'Object Repository/Maya/Bus Ticket/android.widget.ImageView0 (2)'

2020-08-06 18:52:38 - [TEST_STEP][PASSED] - tap(findTestObject("Maya/Bus Ticket/android.widget.ImageView0 (3)"), 0): Tapped on element 'Object Repository/Maya/Bus Ticket/android.widget.ImageView0 (3)'

2020-08-06 18:52:38 - [MESSAGE][WARNING] - Timeout '0' is invalid. Using default page load timeout: '10'

2020-08-06 18:52:41 - [MESSAGE][PASSED] - Tapped on element 'Object Repository/Maya/Bus Ticket/android.widget.ImageView0 (3)'

2020-08-06 18:52:41 - [TEST_STEP][PASSED] - tap(findTestObject("Maya/Bus Ticket/android.widget.TextView0 - Wallet"), 0): Tapped on element 'Object Repository/Maya/Bus Ticket/android.widget.TextView0 - Wallet'

2020-08-06 18:52:41 - [MESSAGE][WARNING] - Timeout '0' is invalid. Using default page load timeout: '10'

2020-08-06 18:52:45 - [MESSAGE][PASSED] - Tapped on element 'Object Repository/Maya/Bus Ticket/android.widget.TextView0 - Wallet'

2020-08-06 18:52:45 - [TEST_STEP][PASSED] - tap(findTestObject("Maya/Bus Ticket/android.widget.TextView0 - View Transactions"), 0): Tapped on element 'Object Repository/Maya/Bus Ticket/android.widget.TextView0 - View Transactions'

2020-08-06 18:52:45 - [MESSAGE][WARNING] - Timeout '0' is invalid. Using default page load timeout: '10'

2020-08-06 18:52:48 - [MESSAGE][PASSED] - Tapped on element 'Object Repository/Maya/Bus Ticket/android.widget.TextView0 - View Transactions'

2020-08-06 18:52:48 - [TEST_STEP][PASSED] - delay(2, STOP_ON_FAILURE): Delayed 2 second(s)

2020-08-06 18:52:50 - [MESSAGE][PASSED] - Delayed 2 second(s)

2020-08-06 18:52:50 - [TEST_STEP][PASSED] - takeScreenshot("C:\Users\LENOVO\Screenshot\BusTicket\Ticket13.png", STOP_ON_FAILURE): Screenshot is taken

2020-08-06 18:52:51 - [MESSAGE][PASSED] - Screenshot is taken
[[ATTACHMENT|C:\\Users\\LENOVO\\Screenshot\\BusTicket\\Ticket13.png]]

2020-08-06 18:52:51 - [TEST_STEP][PASSED] - getText(findTestObject("Maya/KLIA/android.widget.TextView0 - Today"), 0): Text of element 'Object Repository/Maya/KLIA/android.widget.TextView0 - Today' is: 'Today'

2020-08-06 18:52:51 - [MESSAGE][WARNING] - Timeout '0' is invalid. Using default page load timeout: '10'

2020-08-06 18:52:52 - [MESSAGE][PASSED] - Text of element 'Object Repository/Maya/KLIA/android.widget.TextView0 - Today' is: 'Today'

2020-08-06 18:52:52 - [TEST_STEP][PASSED] - verifyElementExist(findTestObject("Maya/KLIA/android.widget.TextView0 - Today"), 0): Element 'Object Repository/Maya/KLIA/android.widget.TextView0 - Today' is exist

2020-08-06 18:52:52 - [MESSAGE][WARNING] - Timeout '0' is invalid. Using default page load timeout: '10'

2020-08-06 18:52:52 - [MESSAGE][PASSED] - Element 'Object Repository/Maya/KLIA/android.widget.TextView0 - Today' is exist

2020-08-06 18:52:52 - [TEST_STEP][PASSED] - verifyElementVisible(findTestObject("Maya/Bus Ticket/android.widget.TextView0 - CATCH THAT BUS  MB111111171724"), 0): Element 'Object Repository/Maya/Bus Ticket/android.widget.TextView0 - CATCH THAT BUS  MB111111171724' is visible

2020-08-06 18:52:52 - [MESSAGE][WARNING] - Timeout '0' is invalid. Using default page load timeout: '10'

2020-08-06 18:52:53 - [MESSAGE][PASSED] - Element 'Object Repository/Maya/Bus Ticket/android.widget.TextView0 - CATCH THAT BUS  MB111111171724' is visible

2020-08-06 18:52:53 - [TEST_STEP][PASSED] - verifyElementExist(findTestObject("Maya/Bus Ticket/android.widget.TextView0 - -RM 27.30"), 0): Element 'Object Repository/Maya/Bus Ticket/android.widget.TextView0 - -RM 27.30' is exist

2020-08-06 18:52:53 - [MESSAGE][WARNING] - Timeout '0' is invalid. Using default page load timeout: '10'

2020-08-06 18:52:54 - [MESSAGE][PASSED] - Element 'Object Repository/Maya/Bus Ticket/android.widget.TextView0 - -RM 27.30' is exist

2020-08-06 18:52:54 - [TEST_STEP][PASSED] - tap(findTestObject("Maya/KLIA/android.widget.TextView0 - Home"), 0): Tapped on element 'Object Repository/Maya/KLIA/android.widget.TextView0 - Home'

2020-08-06 18:52:54 - [MESSAGE][WARNING] - Timeout '0' is invalid. Using default page load timeout: '10'

2020-08-06 18:53:07 - [MESSAGE][PASSED] - Tapped on element 'Object Repository/Maya/KLIA/android.widget.TextView0 - Home'

2020-08-06 18:53:07 - [TEST_STEP][FAILED] - tap(findTestObject("Maya/KLIA/android.widget.TextView0 - More (1)"), 0): Failed to tap on element 'Object Repository/Maya/KLIA/android.widget.TextView0 - More (1)' (Root cause: org.openqa.selenium.WebDriverException: An unknown server-side error occurred while processing the command. Original error: Could not proxy. Proxy error: Could not proxy command to remote server. Original error: Error: socket hang up
Build info: version: '3.141.59', revision: 'e82be7d358', time: '2018-11-14T08:25:53'
System info: host: 'DESKTOP-CP3TV4N', ip: '192.168.43.112', os.name: 'Windows 10', os.arch: 'amd64', os.version: '10.0', java.version: '1.8.0_181'
Driver info: com.kms.katalon.core.appium.driver.SwipeableAndroidDriver
Capabilities {app: C:\Users\LENOVO\Katalon Stu..., appPackage: com.maybank2u.life.uat, appWaitActivity: *, appWaitDuration: 50000, appWaitPackage: com.maybank2u.life.uat, autoGrantPermissions: true, automationName: uiautomator2, databaseEnabled: false, desired: {app: C:\Users\LENOVO\Katalon Stu..., appWaitActivity: *, appWaitDuration: 50000, appWaitPackage: com.maybank2u.life.uat, autoGrantPermissions: true, automationName: uiautomator2, deviceId: 11cb9864, deviceName: Xiaomi Redmi Note 7S (Andro..., fullReset: false, newCommandTimeout: 1800, noReset: true, platform: ANDROID, platformName: android, platformVersion: 9, systemPort: 59922, udid: 11cb9864}, deviceApiLevel: 28, deviceId: 11cb9864, deviceManufacturer: Xiaomi, deviceModel: Redmi Note 7S, deviceName: 11cb9864, deviceScreenDensity: 440, deviceScreenSize: 1080x2340, deviceUDID: 11cb9864, fullReset: false, javascriptEnabled: true, locationContextEnabled: false, networkConnectionEnabled: true, newCommandTimeout: 1800, noReset: true, pixelRatio: 2.75, platform: ANDROID, platformName: Android, platformVersion: 9, statBarHeight: 80, systemPort: 59922, takesScreenshot: true, udid: 11cb9864, viewportRect: {height: 2051, left: 0, top: 80, width: 1080}, warnings: {}, webStorageEnabled: false}
Session ID: 076b02fb-055e-488c-bd8e-43332392a4fa
	at org.openqa.selenium.remote.http.W3CHttpResponseCodec.createException(W3CHttpResponseCodec.java:187)
	at org.openqa.selenium.remote.http.W3CHttpResponseCodec.decode(W3CHttpResponseCodec.java:122)
	at org.openqa.selenium.remote.http.W3CHttpResponseCodec.decode(W3CHttpResponseCodec.java:49)
	at org.openqa.selenium.remote.HttpCommandExecutor.execute(HttpCommandExecutor.java:158)
	at io.appium.java_client.remote.AppiumCommandExecutor.execute(AppiumCommandExecutor.java:239)
	at org.openqa.selenium.remote.RemoteWebDriver.execute(RemoteWebDriver.java:552)
	at io.appium.java_client.DefaultGenericMobileDriver.execute(DefaultGenericMobileDriver.java:42)
	at io.appium.java_client.AppiumDriver.execute(AppiumDriver.java:1)
	at io.appium.java_client.android.AndroidDriver.execute(AndroidDriver.java:1)
	at com.kms.katalon.core.appium.driver.SwipeableAndroidDriver.execute(SwipeableAndroidDriver.java:1)
	at org.openqa.selenium.remote.RemoteWebElement.execute(RemoteWebElement.java:285)
	at io.appium.java_client.DefaultGenericMobileElement.execute(DefaultGenericMobileElement.java:45)
	at io.appium.java_client.MobileElement.execute(MobileElement.java:1)
	at io.appium.java_client.android.AndroidElement.execute(AndroidElement.java:1)
	at org.openqa.selenium.remote.RemoteWebElement.getLocation(RemoteWebElement.java:337)
	at org.openqa.selenium.WebElement$getLocation.call(Unknown Source)
	at com.kms.katalon.core.mobile.keyword.internal.MobileAbstractKeyword.findElement(MobileAbstractKeyword.groovy:86)
	at com.kms.katalon.core.mobile.keyword.builtin.TapKeyword$_tap_closure1.doCall(TapKeyword.groovy:76)
	at com.kms.katalon.core.mobile.keyword.builtin.TapKeyword$_tap_closure1.call(TapKeyword.groovy)
	at com.kms.katalon.core.mobile.keyword.internal.MobileKeywordMain.runKeyword(MobileKeywordMain.groovy:21)
	at com.kms.katalon.core.mobile.keyword.builtin.TapKeyword.tap(TapKeyword.groovy:86)
	at com.kms.katalon.core.mobile.keyword.builtin.TapKeyword.execute(TapKeyword.groovy:68)
	at com.kms.katalon.core.keyword.internal.KeywordExecutor.executeKeywordForPlatform(KeywordExecutor.groovy:72)
	at com.kms.katalon.core.mobile.keyword.MobileBuiltInKeywords.tap(MobileBuiltInKeywords.groovy:577)
	at com.kms.katalon.core.mobile.keyword.MobileBuiltInKeywords$tap$0.call(Unknown Source)
	at Bus Ticket 2.run(Bus Ticket 2:468)
	at com.kms.katalon.core.main.ScriptEngine.run(ScriptEngine.java:194)
	at com.kms.katalon.core.main.ScriptEngine.runScriptAsRawText(ScriptEngine.java:119)
	at com.kms.katalon.core.main.TestCaseExecutor.runScript(TestCaseExecutor.java:337)
	at com.kms.katalon.core.main.TestCaseExecutor.doExecute(TestCaseExecutor.java:328)
	at com.kms.katalon.core.main.TestCaseExecutor.processExecutionPhase(TestCaseExecutor.java:307)
	at com.kms.katalon.core.main.TestCaseExecutor.accessMainPhase(TestCaseExecutor.java:299)
	at com.kms.katalon.core.main.TestCaseExecutor.execute(TestCaseExecutor.java:233)
	at com.kms.katalon.core.main.TestSuiteExecutor.accessTestCaseMainPhase(TestSuiteExecutor.java:169)
	at com.kms.katalon.core.main.TestSuiteExecutor.accessTestSuiteMainPhase(TestSuiteExecutor.java:142)
	at com.kms.katalon.core.main.TestSuiteExecutor.execute(TestSuiteExecutor.java:91)
	at com.kms.katalon.core.main.TestCaseMain.startTestSuite(TestCaseMain.java:157)
	at com.kms.katalon.core.main.TestCaseMain$startTestSuite$0.call(Unknown Source)
	at TempTestSuite1596710683066.run(TempTestSuite1596710683066.groovy:36)
)

2020-08-06 18:53:07 - [MESSAGE][WARNING] - Timeout '0' is invalid. Using default page load timeout: '10'

2020-08-06 18:53:13 - [MESSAGE][WARNING] - Cannot take screenshot

2020-08-06 18:53:13 - [MESSAGE][FAILED] - Failed to tap on element 'Object Repository/Maya/KLIA/android.widget.TextView0 - More (1)' (Root cause: org.openqa.selenium.WebDriverException: An unknown server-side error occurred while processing the command. Original error: Could not proxy. Proxy error: Could not proxy command to remote server. Original error: Error: socket hang up
Build info: version: '3.141.59', revision: 'e82be7d358', time: '2018-11-14T08:25:53'
System info: host: 'DESKTOP-CP3TV4N', ip: '192.168.43.112', os.name: 'Windows 10', os.arch: 'amd64', os.version: '10.0', java.version: '1.8.0_181'
Driver info: com.kms.katalon.core.appium.driver.SwipeableAndroidDriver
Capabilities {app: C:\Users\LENOVO\Katalon Stu..., appPackage: com.maybank2u.life.uat, appWaitActivity: *, appWaitDuration: 50000, appWaitPackage: com.maybank2u.life.uat, autoGrantPermissions: true, automationName: uiautomator2, databaseEnabled: false, desired: {app: C:\Users\LENOVO\Katalon Stu..., appWaitActivity: *, appWaitDuration: 50000, appWaitPackage: com.maybank2u.life.uat, autoGrantPermissions: true, automationName: uiautomator2, deviceId: 11cb9864, deviceName: Xiaomi Redmi Note 7S (Andro..., fullReset: false, newCommandTimeout: 1800, noReset: true, platform: ANDROID, platformName: android, platformVersion: 9, systemPort: 59922, udid: 11cb9864}, deviceApiLevel: 28, deviceId: 11cb9864, deviceManufacturer: Xiaomi, deviceModel: Redmi Note 7S, deviceName: 11cb9864, deviceScreenDensity: 440, deviceScreenSize: 1080x2340, deviceUDID: 11cb9864, fullReset: false, javascriptEnabled: true, locationContextEnabled: false, networkConnectionEnabled: true, newCommandTimeout: 1800, noReset: true, pixelRatio: 2.75, platform: ANDROID, platformName: Android, platformVersion: 9, statBarHeight: 80, systemPort: 59922, takesScreenshot: true, udid: 11cb9864, viewportRect: {height: 2051, left: 0, top: 80, width: 1080}, warnings: {}, webStorageEnabled: false}
Session ID: 076b02fb-055e-488c-bd8e-43332392a4fa
	at org.openqa.selenium.remote.http.W3CHttpResponseCodec.createException(W3CHttpResponseCodec.java:187)
	at org.openqa.selenium.remote.http.W3CHttpResponseCodec.decode(W3CHttpResponseCodec.java:122)
	at org.openqa.selenium.remote.http.W3CHttpResponseCodec.decode(W3CHttpResponseCodec.java:49)
	at org.openqa.selenium.remote.HttpCommandExecutor.execute(HttpCommandExecutor.java:158)
	at io.appium.java_client.remote.AppiumCommandExecutor.execute(AppiumCommandExecutor.java:239)
	at org.openqa.selenium.remote.RemoteWebDriver.execute(RemoteWebDriver.java:552)
	at io.appium.java_client.DefaultGenericMobileDriver.execute(DefaultGenericMobileDriver.java:42)
	at io.appium.java_client.AppiumDriver.execute(AppiumDriver.java:1)
	at io.appium.java_client.android.AndroidDriver.execute(AndroidDriver.java:1)
	at com.kms.katalon.core.appium.driver.SwipeableAndroidDriver.execute(SwipeableAndroidDriver.java:1)
	at org.openqa.selenium.remote.RemoteWebElement.execute(RemoteWebElement.java:285)
	at io.appium.java_client.DefaultGenericMobileElement.execute(DefaultGenericMobileElement.java:45)
	at io.appium.java_client.MobileElement.execute(MobileElement.java:1)
	at io.appium.java_client.android.AndroidElement.execute(AndroidElement.java:1)
	at org.openqa.selenium.remote.RemoteWebElement.getLocation(RemoteWebElement.java:337)
	at org.openqa.selenium.WebElement$getLocation.call(Unknown Source)
	at com.kms.katalon.core.mobile.keyword.internal.MobileAbstractKeyword.findElement(MobileAbstractKeyword.groovy:86)
	at com.kms.katalon.core.mobile.keyword.builtin.TapKeyword$_tap_closure1.doCall(TapKeyword.groovy:76)
	at com.kms.katalon.core.mobile.keyword.builtin.TapKeyword$_tap_closure1.call(TapKeyword.groovy)
	at com.kms.katalon.core.mobile.keyword.internal.MobileKeywordMain.runKeyword(MobileKeywordMain.groovy:21)
	at com.kms.katalon.core.mobile.keyword.builtin.TapKeyword.tap(TapKeyword.groovy:86)
	at com.kms.katalon.core.mobile.keyword.builtin.TapKeyword.execute(TapKeyword.groovy:68)
	at com.kms.katalon.core.keyword.internal.KeywordExecutor.executeKeywordForPlatform(KeywordExecutor.groovy:72)
	at com.kms.katalon.core.mobile.keyword.MobileBuiltInKeywords.tap(MobileBuiltInKeywords.groovy:577)
	at com.kms.katalon.core.mobile.keyword.MobileBuiltInKeywords$tap$0.call(Unknown Source)
	at Bus Ticket 2.run(Bus Ticket 2:468)
	at com.kms.katalon.core.main.ScriptEngine.run(ScriptEngine.java:194)
	at com.kms.katalon.core.main.ScriptEngine.runScriptAsRawText(ScriptEngine.java:119)
	at com.kms.katalon.core.main.TestCaseExecutor.runScript(TestCaseExecutor.java:337)
	at com.kms.katalon.core.main.TestCaseExecutor.doExecute(TestCaseExecutor.java:328)
	at com.kms.katalon.core.main.TestCaseExecutor.processExecutionPhase(TestCaseExecutor.java:307)
	at com.kms.katalon.core.main.TestCaseExecutor.accessMainPhase(TestCaseExecutor.java:299)
	at com.kms.katalon.core.main.TestCaseExecutor.execute(TestCaseExecutor.java:233)
	at com.kms.katalon.core.main.TestSuiteExecutor.accessTestCaseMainPhase(TestSuiteExecutor.java:169)
	at com.kms.katalon.core.main.TestSuiteExecutor.accessTestSuiteMainPhase(TestSuiteExecutor.java:142)
	at com.kms.katalon.core.main.TestSuiteExecutor.execute(TestSuiteExecutor.java:91)
	at com.kms.katalon.core.main.TestCaseMain.startTestSuite(TestCaseMain.java:157)
	at com.kms.katalon.core.main.TestCaseMain$startTestSuite$0.call(Unknown Source)
	at TempTestSuite1596710683066.run(TempTestSuite1596710683066.groovy:36)
)

2020-08-06 18:53:13 - [TEST_STEP][FAILED] - tap(findTestObject("Maya/KLIA/android.widget.TextView0 - Notifications"), 0): Failed to tap on element 'Object Repository/Maya/KLIA/android.widget.TextView0 - Notifications' (Root cause: org.openqa.selenium.WebDriverException: An unknown server-side error occurred while processing the command. Original error: Could not proxy command to remote server. Original error: Error: socket hang up
Build info: version: '3.141.59', revision: 'e82be7d358', time: '2018-11-14T08:25:53'
System info: host: 'DESKTOP-CP3TV4N', ip: '192.168.43.112', os.name: 'Windows 10', os.arch: 'amd64', os.version: '10.0', java.version: '1.8.0_181'
Driver info: com.kms.katalon.core.appium.driver.SwipeableAndroidDriver
Capabilities {app: C:\Users\LENOVO\Katalon Stu..., appPackage: com.maybank2u.life.uat, appWaitActivity: *, appWaitDuration: 50000, appWaitPackage: com.maybank2u.life.uat, autoGrantPermissions: true, automationName: uiautomator2, databaseEnabled: false, desired: {app: C:\Users\LENOVO\Katalon Stu..., appWaitActivity: *, appWaitDuration: 50000, appWaitPackage: com.maybank2u.life.uat, autoGrantPermissions: true, automationName: uiautomator2, deviceId: 11cb9864, deviceName: Xiaomi Redmi Note 7S (Andro..., fullReset: false, newCommandTimeout: 1800, noReset: true, platform: ANDROID, platformName: android, platformVersion: 9, systemPort: 59922, udid: 11cb9864}, deviceApiLevel: 28, deviceId: 11cb9864, deviceManufacturer: Xiaomi, deviceModel: Redmi Note 7S, deviceName: 11cb9864, deviceScreenDensity: 440, deviceScreenSize: 1080x2340, deviceUDID: 11cb9864, fullReset: false, javascriptEnabled: true, locationContextEnabled: false, networkConnectionEnabled: true, newCommandTimeout: 1800, noReset: true, pixelRatio: 2.75, platform: ANDROID, platformName: Android, platformVersion: 9, statBarHeight: 80, systemPort: 59922, takesScreenshot: true, udid: 11cb9864, viewportRect: {height: 2051, left: 0, top: 80, width: 1080}, warnings: {}, webStorageEnabled: false}
Session ID: 076b02fb-055e-488c-bd8e-43332392a4fa
	at org.openqa.selenium.remote.http.W3CHttpResponseCodec.createException(W3CHttpResponseCodec.java:187)
	at org.openqa.selenium.remote.http.W3CHttpResponseCodec.decode(W3CHttpResponseCodec.java:122)
	at org.openqa.selenium.remote.http.W3CHttpResponseCodec.decode(W3CHttpResponseCodec.java:49)
	at org.openqa.selenium.remote.HttpCommandExecutor.execute(HttpCommandExecutor.java:158)
	at io.appium.java_client.remote.AppiumCommandExecutor.execute(AppiumCommandExecutor.java:239)
	at org.openqa.selenium.remote.RemoteWebDriver.execute(RemoteWebDriver.java:552)
	at io.appium.java_client.DefaultGenericMobileDriver.execute(DefaultGenericMobileDriver.java:46)
	at io.appium.java_client.AppiumDriver.execute(AppiumDriver.java:1)
	at io.appium.java_client.android.AndroidDriver.execute(AndroidDriver.java:1)
	at com.kms.katalon.core.appium.driver.SwipeableAndroidDriver.execute(SwipeableAndroidDriver.java:1)
	at org.openqa.selenium.remote.RemoteWebDriver$RemoteWebDriverOptions$RemoteWindow.getSize(RemoteWebDriver.java:813)
	at org.openqa.selenium.WebDriver$Window$getSize.call(Unknown Source)
	at com.kms.katalon.core.mobile.keyword.internal.MobileAbstractKeyword.findElement(MobileAbstractKeyword.groovy:81)
	at com.kms.katalon.core.mobile.keyword.builtin.TapKeyword$_tap_closure1.doCall(TapKeyword.groovy:76)
	at com.kms.katalon.core.mobile.keyword.builtin.TapKeyword$_tap_closure1.call(TapKeyword.groovy)
	at com.kms.katalon.core.mobile.keyword.internal.MobileKeywordMain.runKeyword(MobileKeywordMain.groovy:21)
	at com.kms.katalon.core.mobile.keyword.builtin.TapKeyword.tap(TapKeyword.groovy:86)
	at com.kms.katalon.core.mobile.keyword.builtin.TapKeyword.execute(TapKeyword.groovy:68)
	at com.kms.katalon.core.keyword.internal.KeywordExecutor.executeKeywordForPlatform(KeywordExecutor.groovy:72)
	at com.kms.katalon.core.mobile.keyword.MobileBuiltInKeywords.tap(MobileBuiltInKeywords.groovy:577)
	at com.kms.katalon.core.mobile.keyword.MobileBuiltInKeywords$tap$0.call(Unknown Source)
	at Bus Ticket 2.run(Bus Ticket 2:470)
	at com.kms.katalon.core.main.ScriptEngine.run(ScriptEngine.java:194)
	at com.kms.katalon.core.main.ScriptEngine.runScriptAsRawText(ScriptEngine.java:119)
	at com.kms.katalon.core.main.TestCaseExecutor.runScript(TestCaseExecutor.java:337)
	at com.kms.katalon.core.main.TestCaseExecutor.doExecute(TestCaseExecutor.java:328)
	at com.kms.katalon.core.main.TestCaseExecutor.processExecutionPhase(TestCaseExecutor.java:307)
	at com.kms.katalon.core.main.TestCaseExecutor.accessMainPhase(TestCaseExecutor.java:299)
	at com.kms.katalon.core.main.TestCaseExecutor.execute(TestCaseExecutor.java:233)
	at com.kms.katalon.core.main.TestSuiteExecutor.accessTestCaseMainPhase(TestSuiteExecutor.java:169)
	at com.kms.katalon.core.main.TestSuiteExecutor.accessTestSuiteMainPhase(TestSuiteExecutor.java:142)
	at com.kms.katalon.core.main.TestSuiteExecutor.execute(TestSuiteExecutor.java:91)
	at com.kms.katalon.core.main.TestCaseMain.startTestSuite(TestCaseMain.java:157)
	at com.kms.katalon.core.main.TestCaseMain$startTestSuite$0.call(Unknown Source)
	at TempTestSuite1596710683066.run(TempTestSuite1596710683066.groovy:36)
)

2020-08-06 18:53:13 - [MESSAGE][WARNING] - Timeout '0' is invalid. Using default page load timeout: '10'

2020-08-06 18:53:14 - [MESSAGE][WARNING] - Cannot take screenshot

2020-08-06 18:53:14 - [MESSAGE][FAILED] - Failed to tap on element 'Object Repository/Maya/KLIA/android.widget.TextView0 - Notifications' (Root cause: org.openqa.selenium.WebDriverException: An unknown server-side error occurred while processing the command. Original error: Could not proxy command to remote server. Original error: Error: socket hang up
Build info: version: '3.141.59', revision: 'e82be7d358', time: '2018-11-14T08:25:53'
System info: host: 'DESKTOP-CP3TV4N', ip: '192.168.43.112', os.name: 'Windows 10', os.arch: 'amd64', os.version: '10.0', java.version: '1.8.0_181'
Driver info: com.kms.katalon.core.appium.driver.SwipeableAndroidDriver
Capabilities {app: C:\Users\LENOVO\Katalon Stu..., appPackage: com.maybank2u.life.uat, appWaitActivity: *, appWaitDuration: 50000, appWaitPackage: com.maybank2u.life.uat, autoGrantPermissions: true, automationName: uiautomator2, databaseEnabled: false, desired: {app: C:\Users\LENOVO\Katalon Stu..., appWaitActivity: *, appWaitDuration: 50000, appWaitPackage: com.maybank2u.life.uat, autoGrantPermissions: true, automationName: uiautomator2, deviceId: 11cb9864, deviceName: Xiaomi Redmi Note 7S (Andro..., fullReset: false, newCommandTimeout: 1800, noReset: true, platform: ANDROID, platformName: android, platformVersion: 9, systemPort: 59922, udid: 11cb9864}, deviceApiLevel: 28, deviceId: 11cb9864, deviceManufacturer: Xiaomi, deviceModel: Redmi Note 7S, deviceName: 11cb9864, deviceScreenDensity: 440, deviceScreenSize: 1080x2340, deviceUDID: 11cb9864, fullReset: false, javascriptEnabled: true, locationContextEnabled: false, networkConnectionEnabled: true, newCommandTimeout: 1800, noReset: true, pixelRatio: 2.75, platform: ANDROID, platformName: Android, platformVersion: 9, statBarHeight: 80, systemPort: 59922, takesScreenshot: true, udid: 11cb9864, viewportRect: {height: 2051, left: 0, top: 80, width: 1080}, warnings: {}, webStorageEnabled: false}
Session ID: 076b02fb-055e-488c-bd8e-43332392a4fa
	at org.openqa.selenium.remote.http.W3CHttpResponseCodec.createException(W3CHttpResponseCodec.java:187)
	at org.openqa.selenium.remote.http.W3CHttpResponseCodec.decode(W3CHttpResponseCodec.java:122)
	at org.openqa.selenium.remote.http.W3CHttpResponseCodec.decode(W3CHttpResponseCodec.java:49)
	at org.openqa.selenium.remote.HttpCommandExecutor.execute(HttpCommandExecutor.java:158)
	at io.appium.java_client.remote.AppiumCommandExecutor.execute(AppiumCommandExecutor.java:239)
	at org.openqa.selenium.remote.RemoteWebDriver.execute(RemoteWebDriver.java:552)
	at io.appium.java_client.DefaultGenericMobileDriver.execute(DefaultGenericMobileDriver.java:46)
	at io.appium.java_client.AppiumDriver.execute(AppiumDriver.java:1)
	at io.appium.java_client.android.AndroidDriver.execute(AndroidDriver.java:1)
	at com.kms.katalon.core.appium.driver.SwipeableAndroidDriver.execute(SwipeableAndroidDriver.java:1)
	at org.openqa.selenium.remote.RemoteWebDriver$RemoteWebDriverOptions$RemoteWindow.getSize(RemoteWebDriver.java:813)
	at org.openqa.selenium.WebDriver$Window$getSize.call(Unknown Source)
	at com.kms.katalon.core.mobile.keyword.internal.MobileAbstractKeyword.findElement(MobileAbstractKeyword.groovy:81)
	at com.kms.katalon.core.mobile.keyword.builtin.TapKeyword$_tap_closure1.doCall(TapKeyword.groovy:76)
	at com.kms.katalon.core.mobile.keyword.builtin.TapKeyword$_tap_closure1.call(TapKeyword.groovy)
	at com.kms.katalon.core.mobile.keyword.internal.MobileKeywordMain.runKeyword(MobileKeywordMain.groovy:21)
	at com.kms.katalon.core.mobile.keyword.builtin.TapKeyword.tap(TapKeyword.groovy:86)
	at com.kms.katalon.core.mobile.keyword.builtin.TapKeyword.execute(TapKeyword.groovy:68)
	at com.kms.katalon.core.keyword.internal.KeywordExecutor.executeKeywordForPlatform(KeywordExecutor.groovy:72)
	at com.kms.katalon.core.mobile.keyword.MobileBuiltInKeywords.tap(MobileBuiltInKeywords.groovy:577)
	at com.kms.katalon.core.mobile.keyword.MobileBuiltInKeywords$tap$0.call(Unknown Source)
	at Bus Ticket 2.run(Bus Ticket 2:470)
	at com.kms.katalon.core.main.ScriptEngine.run(ScriptEngine.java:194)
	at com.kms.katalon.core.main.ScriptEngine.runScriptAsRawText(ScriptEngine.java:119)
	at com.kms.katalon.core.main.TestCaseExecutor.runScript(TestCaseExecutor.java:337)
	at com.kms.katalon.core.main.TestCaseExecutor.doExecute(TestCaseExecutor.java:328)
	at com.kms.katalon.core.main.TestCaseExecutor.processExecutionPhase(TestCaseExecutor.java:307)
	at com.kms.katalon.core.main.TestCaseExecutor.accessMainPhase(TestCaseExecutor.java:299)
	at com.kms.katalon.core.main.TestCaseExecutor.execute(TestCaseExecutor.java:233)
	at com.kms.katalon.core.main.TestSuiteExecutor.accessTestCaseMainPhase(TestSuiteExecutor.java:169)
	at com.kms.katalon.core.main.TestSuiteExecutor.accessTestSuiteMainPhase(TestSuiteExecutor.java:142)
	at com.kms.katalon.core.main.TestSuiteExecutor.execute(TestSuiteExecutor.java:91)
	at com.kms.katalon.core.main.TestCaseMain.startTestSuite(TestCaseMain.java:157)
	at com.kms.katalon.core.main.TestCaseMain$startTestSuite$0.call(Unknown Source)
	at TempTestSuite1596710683066.run(TempTestSuite1596710683066.groovy:36)
)

2020-08-06 18:53:14 - [TEST_STEP][NOT_RUN] - tap(findTestObject("Maya/KLIA/android.widget.TextView0 - Got It"), 0): NOT_RUN: tap(findTestObject("Maya/KLIA/android.widget.TextView0 - Got It"), 0)

2020-08-06 18:53:14 - [MESSAGE][NOT_RUN] - NOT_RUN: tap(findTestObject("Maya/KLIA/android.widget.TextView0 - Got It"), 0)

2020-08-06 18:53:14 - [TEST_STEP][FAILED] - getText(findTestObject("Maya/KLIA/android.widget.TextView0 - Maybank2u Payments"), 0): Failed to get text from element (Root cause: org.openqa.selenium.WebDriverException: An unknown server-side error occurred while processing the command. Original error: Could not proxy command to remote server. Original error: Error: socket hang up
Build info: version: '3.141.59', revision: 'e82be7d358', time: '2018-11-14T08:25:53'
System info: host: 'DESKTOP-CP3TV4N', ip: '192.168.43.112', os.name: 'Windows 10', os.arch: 'amd64', os.version: '10.0', java.version: '1.8.0_181'
Driver info: com.kms.katalon.core.appium.driver.SwipeableAndroidDriver
Capabilities {app: C:\Users\LENOVO\Katalon Stu..., appPackage: com.maybank2u.life.uat, appWaitActivity: *, appWaitDuration: 50000, appWaitPackage: com.maybank2u.life.uat, autoGrantPermissions: true, automationName: uiautomator2, databaseEnabled: false, desired: {app: C:\Users\LENOVO\Katalon Stu..., appWaitActivity: *, appWaitDuration: 50000, appWaitPackage: com.maybank2u.life.uat, autoGrantPermissions: true, automationName: uiautomator2, deviceId: 11cb9864, deviceName: Xiaomi Redmi Note 7S (Andro..., fullReset: false, newCommandTimeout: 1800, noReset: true, platform: ANDROID, platformName: android, platformVersion: 9, systemPort: 59922, udid: 11cb9864}, deviceApiLevel: 28, deviceId: 11cb9864, deviceManufacturer: Xiaomi, deviceModel: Redmi Note 7S, deviceName: 11cb9864, deviceScreenDensity: 440, deviceScreenSize: 1080x2340, deviceUDID: 11cb9864, fullReset: false, javascriptEnabled: true, locationContextEnabled: false, networkConnectionEnabled: true, newCommandTimeout: 1800, noReset: true, pixelRatio: 2.75, platform: ANDROID, platformName: Android, platformVersion: 9, statBarHeight: 80, systemPort: 59922, takesScreenshot: true, udid: 11cb9864, viewportRect: {height: 2051, left: 0, top: 80, width: 1080}, warnings: {}, webStorageEnabled: false}
Session ID: 076b02fb-055e-488c-bd8e-43332392a4fa
	at org.openqa.selenium.remote.http.W3CHttpResponseCodec.createException(W3CHttpResponseCodec.java:187)
	at org.openqa.selenium.remote.http.W3CHttpResponseCodec.decode(W3CHttpResponseCodec.java:122)
	at org.openqa.selenium.remote.http.W3CHttpResponseCodec.decode(W3CHttpResponseCodec.java:49)
	at org.openqa.selenium.remote.HttpCommandExecutor.execute(HttpCommandExecutor.java:158)
	at io.appium.java_client.remote.AppiumCommandExecutor.execute(AppiumCommandExecutor.java:239)
	at org.openqa.selenium.remote.RemoteWebDriver.execute(RemoteWebDriver.java:552)
	at io.appium.java_client.DefaultGenericMobileDriver.execute(DefaultGenericMobileDriver.java:46)
	at io.appium.java_client.AppiumDriver.execute(AppiumDriver.java:1)
	at io.appium.java_client.android.AndroidDriver.execute(AndroidDriver.java:1)
	at com.kms.katalon.core.appium.driver.SwipeableAndroidDriver.execute(SwipeableAndroidDriver.java:1)
	at org.openqa.selenium.remote.RemoteWebDriver$RemoteWebDriverOptions$RemoteWindow.getSize(RemoteWebDriver.java:813)
	at org.openqa.selenium.WebDriver$Window$getSize.call(Unknown Source)
	at com.kms.katalon.core.mobile.keyword.internal.MobileAbstractKeyword.findElement(MobileAbstractKeyword.groovy:81)
	at com.kms.katalon.core.mobile.keyword.builtin.GetTextKeyword$_getText_closure1.doCall(GetTextKeyword.groovy:72)
	at com.kms.katalon.core.mobile.keyword.builtin.GetTextKeyword$_getText_closure1.call(GetTextKeyword.groovy)
	at com.kms.katalon.core.mobile.keyword.internal.MobileKeywordMain.runKeyword(MobileKeywordMain.groovy:21)
	at com.kms.katalon.core.mobile.keyword.builtin.GetTextKeyword.getText(GetTextKeyword.groovy:80)
	at com.kms.katalon.core.mobile.keyword.builtin.GetTextKeyword.execute(GetTextKeyword.groovy:64)
	at com.kms.katalon.core.keyword.internal.KeywordExecutor.executeKeywordForPlatform(KeywordExecutor.groovy:72)
	at com.kms.katalon.core.mobile.keyword.MobileBuiltInKeywords.getText(MobileBuiltInKeywords.groovy:459)
	at com.kms.katalon.core.mobile.keyword.MobileBuiltInKeywords$getText$2.call(Unknown Source)
	at Bus Ticket 2.run(Bus Ticket 2:474)
	at com.kms.katalon.core.main.ScriptEngine.run(ScriptEngine.java:194)
	at com.kms.katalon.core.main.ScriptEngine.runScriptAsRawText(ScriptEngine.java:119)
	at com.kms.katalon.core.main.TestCaseExecutor.runScript(TestCaseExecutor.java:337)
	at com.kms.katalon.core.main.TestCaseExecutor.doExecute(TestCaseExecutor.java:328)
	at com.kms.katalon.core.main.TestCaseExecutor.processExecutionPhase(TestCaseExecutor.java:307)
	at com.kms.katalon.core.main.TestCaseExecutor.accessMainPhase(TestCaseExecutor.java:299)
	at com.kms.katalon.core.main.TestCaseExecutor.execute(TestCaseExecutor.java:233)
	at com.kms.katalon.core.main.TestSuiteExecutor.accessTestCaseMainPhase(TestSuiteExecutor.java:169)
	at com.kms.katalon.core.main.TestSuiteExecutor.accessTestSuiteMainPhase(TestSuiteExecutor.java:142)
	at com.kms.katalon.core.main.TestSuiteExecutor.execute(TestSuiteExecutor.java:91)
	at com.kms.katalon.core.main.TestCaseMain.startTestSuite(TestCaseMain.java:157)
	at com.kms.katalon.core.main.TestCaseMain$startTestSuite$0.call(Unknown Source)
	at TempTestSuite1596710683066.run(TempTestSuite1596710683066.groovy:36)
)

2020-08-06 18:53:14 - [MESSAGE][WARNING] - Timeout '0' is invalid. Using default page load timeout: '10'

2020-08-06 18:53:14 - [MESSAGE][WARNING] - Cannot take screenshot

2020-08-06 18:53:14 - [MESSAGE][FAILED] - Failed to get text from element (Root cause: org.openqa.selenium.WebDriverException: An unknown server-side error occurred while processing the command. Original error: Could not proxy command to remote server. Original error: Error: socket hang up
Build info: version: '3.141.59', revision: 'e82be7d358', time: '2018-11-14T08:25:53'
System info: host: 'DESKTOP-CP3TV4N', ip: '192.168.43.112', os.name: 'Windows 10', os.arch: 'amd64', os.version: '10.0', java.version: '1.8.0_181'
Driver info: com.kms.katalon.core.appium.driver.SwipeableAndroidDriver
Capabilities {app: C:\Users\LENOVO\Katalon Stu..., appPackage: com.maybank2u.life.uat, appWaitActivity: *, appWaitDuration: 50000, appWaitPackage: com.maybank2u.life.uat, autoGrantPermissions: true, automationName: uiautomator2, databaseEnabled: false, desired: {app: C:\Users\LENOVO\Katalon Stu..., appWaitActivity: *, appWaitDuration: 50000, appWaitPackage: com.maybank2u.life.uat, autoGrantPermissions: true, automationName: uiautomator2, deviceId: 11cb9864, deviceName: Xiaomi Redmi Note 7S (Andro..., fullReset: false, newCommandTimeout: 1800, noReset: true, platform: ANDROID, platformName: android, platformVersion: 9, systemPort: 59922, udid: 11cb9864}, deviceApiLevel: 28, deviceId: 11cb9864, deviceManufacturer: Xiaomi, deviceModel: Redmi Note 7S, deviceName: 11cb9864, deviceScreenDensity: 440, deviceScreenSize: 1080x2340, deviceUDID: 11cb9864, fullReset: false, javascriptEnabled: true, locationContextEnabled: false, networkConnectionEnabled: true, newCommandTimeout: 1800, noReset: true, pixelRatio: 2.75, platform: ANDROID, platformName: Android, platformVersion: 9, statBarHeight: 80, systemPort: 59922, takesScreenshot: true, udid: 11cb9864, viewportRect: {height: 2051, left: 0, top: 80, width: 1080}, warnings: {}, webStorageEnabled: false}
Session ID: 076b02fb-055e-488c-bd8e-43332392a4fa
	at org.openqa.selenium.remote.http.W3CHttpResponseCodec.createException(W3CHttpResponseCodec.java:187)
	at org.openqa.selenium.remote.http.W3CHttpResponseCodec.decode(W3CHttpResponseCodec.java:122)
	at org.openqa.selenium.remote.http.W3CHttpResponseCodec.decode(W3CHttpResponseCodec.java:49)
	at org.openqa.selenium.remote.HttpCommandExecutor.execute(HttpCommandExecutor.java:158)
	at io.appium.java_client.remote.AppiumCommandExecutor.execute(AppiumCommandExecutor.java:239)
	at org.openqa.selenium.remote.RemoteWebDriver.execute(RemoteWebDriver.java:552)
	at io.appium.java_client.DefaultGenericMobileDriver.execute(DefaultGenericMobileDriver.java:46)
	at io.appium.java_client.AppiumDriver.execute(AppiumDriver.java:1)
	at io.appium.java_client.android.AndroidDriver.execute(AndroidDriver.java:1)
	at com.kms.katalon.core.appium.driver.SwipeableAndroidDriver.execute(SwipeableAndroidDriver.java:1)
	at org.openqa.selenium.remote.RemoteWebDriver$RemoteWebDriverOptions$RemoteWindow.getSize(RemoteWebDriver.java:813)
	at org.openqa.selenium.WebDriver$Window$getSize.call(Unknown Source)
	at com.kms.katalon.core.mobile.keyword.internal.MobileAbstractKeyword.findElement(MobileAbstractKeyword.groovy:81)
	at com.kms.katalon.core.mobile.keyword.builtin.GetTextKeyword$_getText_closure1.doCall(GetTextKeyword.groovy:72)
	at com.kms.katalon.core.mobile.keyword.builtin.GetTextKeyword$_getText_closure1.call(GetTextKeyword.groovy)
	at com.kms.katalon.core.mobile.keyword.internal.MobileKeywordMain.runKeyword(MobileKeywordMain.groovy:21)
	at com.kms.katalon.core.mobile.keyword.builtin.GetTextKeyword.getText(GetTextKeyword.groovy:80)
	at com.kms.katalon.core.mobile.keyword.builtin.GetTextKeyword.execute(GetTextKeyword.groovy:64)
	at com.kms.katalon.core.keyword.internal.KeywordExecutor.executeKeywordForPlatform(KeywordExecutor.groovy:72)
	at com.kms.katalon.core.mobile.keyword.MobileBuiltInKeywords.getText(MobileBuiltInKeywords.groovy:459)
	at com.kms.katalon.core.mobile.keyword.MobileBuiltInKeywords$getText$2.call(Unknown Source)
	at Bus Ticket 2.run(Bus Ticket 2:474)
	at com.kms.katalon.core.main.ScriptEngine.run(ScriptEngine.java:194)
	at com.kms.katalon.core.main.ScriptEngine.runScriptAsRawText(ScriptEngine.java:119)
	at com.kms.katalon.core.main.TestCaseExecutor.runScript(TestCaseExecutor.java:337)
	at com.kms.katalon.core.main.TestCaseExecutor.doExecute(TestCaseExecutor.java:328)
	at com.kms.katalon.core.main.TestCaseExecutor.processExecutionPhase(TestCaseExecutor.java:307)
	at com.kms.katalon.core.main.TestCaseExecutor.accessMainPhase(TestCaseExecutor.java:299)
	at com.kms.katalon.core.main.TestCaseExecutor.execute(TestCaseExecutor.java:233)
	at com.kms.katalon.core.main.TestSuiteExecutor.accessTestCaseMainPhase(TestSuiteExecutor.java:169)
	at com.kms.katalon.core.main.TestSuiteExecutor.accessTestSuiteMainPhase(TestSuiteExecutor.java:142)
	at com.kms.katalon.core.main.TestSuiteExecutor.execute(TestSuiteExecutor.java:91)
	at com.kms.katalon.core.main.TestCaseMain.startTestSuite(TestCaseMain.java:157)
	at com.kms.katalon.core.main.TestCaseMain$startTestSuite$0.call(Unknown Source)
	at TempTestSuite1596710683066.run(TempTestSuite1596710683066.groovy:36)
)

2020-08-06 18:53:14 - [TEST_STEP][FAILED] - getText(findTestObject("Maya/KLIA/android.widget.TextView0 - Today (1)"), 0): Failed to get text from element (Root cause: org.openqa.selenium.WebDriverException: An unknown server-side error occurred while processing the command. Original error: Could not proxy command to remote server. Original error: Error: socket hang up
Build info: version: '3.141.59', revision: 'e82be7d358', time: '2018-11-14T08:25:53'
System info: host: 'DESKTOP-CP3TV4N', ip: '192.168.43.112', os.name: 'Windows 10', os.arch: 'amd64', os.version: '10.0', java.version: '1.8.0_181'
Driver info: com.kms.katalon.core.appium.driver.SwipeableAndroidDriver
Capabilities {app: C:\Users\LENOVO\Katalon Stu..., appPackage: com.maybank2u.life.uat, appWaitActivity: *, appWaitDuration: 50000, appWaitPackage: com.maybank2u.life.uat, autoGrantPermissions: true, automationName: uiautomator2, databaseEnabled: false, desired: {app: C:\Users\LENOVO\Katalon Stu..., appWaitActivity: *, appWaitDuration: 50000, appWaitPackage: com.maybank2u.life.uat, autoGrantPermissions: true, automationName: uiautomator2, deviceId: 11cb9864, deviceName: Xiaomi Redmi Note 7S (Andro..., fullReset: false, newCommandTimeout: 1800, noReset: true, platform: ANDROID, platformName: android, platformVersion: 9, systemPort: 59922, udid: 11cb9864}, deviceApiLevel: 28, deviceId: 11cb9864, deviceManufacturer: Xiaomi, deviceModel: Redmi Note 7S, deviceName: 11cb9864, deviceScreenDensity: 440, deviceScreenSize: 1080x2340, deviceUDID: 11cb9864, fullReset: false, javascriptEnabled: true, locationContextEnabled: false, networkConnectionEnabled: true, newCommandTimeout: 1800, noReset: true, pixelRatio: 2.75, platform: ANDROID, platformName: Android, platformVersion: 9, statBarHeight: 80, systemPort: 59922, takesScreenshot: true, udid: 11cb9864, viewportRect: {height: 2051, left: 0, top: 80, width: 1080}, warnings: {}, webStorageEnabled: false}
Session ID: 076b02fb-055e-488c-bd8e-43332392a4fa
	at org.openqa.selenium.remote.http.W3CHttpResponseCodec.createException(W3CHttpResponseCodec.java:187)
	at org.openqa.selenium.remote.http.W3CHttpResponseCodec.decode(W3CHttpResponseCodec.java:122)
	at org.openqa.selenium.remote.http.W3CHttpResponseCodec.decode(W3CHttpResponseCodec.java:49)
	at org.openqa.selenium.remote.HttpCommandExecutor.execute(HttpCommandExecutor.java:158)
	at io.appium.java_client.remote.AppiumCommandExecutor.execute(AppiumCommandExecutor.java:239)
	at org.openqa.selenium.remote.RemoteWebDriver.execute(RemoteWebDriver.java:552)
	at io.appium.java_client.DefaultGenericMobileDriver.execute(DefaultGenericMobileDriver.java:46)
	at io.appium.java_client.AppiumDriver.execute(AppiumDriver.java:1)
	at io.appium.java_client.android.AndroidDriver.execute(AndroidDriver.java:1)
	at com.kms.katalon.core.appium.driver.SwipeableAndroidDriver.execute(SwipeableAndroidDriver.java:1)
	at org.openqa.selenium.remote.RemoteWebDriver$RemoteWebDriverOptions$RemoteWindow.getSize(RemoteWebDriver.java:813)
	at org.openqa.selenium.WebDriver$Window$getSize.call(Unknown Source)
	at com.kms.katalon.core.mobile.keyword.internal.MobileAbstractKeyword.findElement(MobileAbstractKeyword.groovy:81)
	at com.kms.katalon.core.mobile.keyword.builtin.GetTextKeyword$_getText_closure1.doCall(GetTextKeyword.groovy:72)
	at com.kms.katalon.core.mobile.keyword.builtin.GetTextKeyword$_getText_closure1.call(GetTextKeyword.groovy)
	at com.kms.katalon.core.mobile.keyword.internal.MobileKeywordMain.runKeyword(MobileKeywordMain.groovy:21)
	at com.kms.katalon.core.mobile.keyword.builtin.GetTextKeyword.getText(GetTextKeyword.groovy:80)
	at com.kms.katalon.core.mobile.keyword.builtin.GetTextKeyword.execute(GetTextKeyword.groovy:64)
	at com.kms.katalon.core.keyword.internal.KeywordExecutor.executeKeywordForPlatform(KeywordExecutor.groovy:72)
	at com.kms.katalon.core.mobile.keyword.MobileBuiltInKeywords.getText(MobileBuiltInKeywords.groovy:459)
	at com.kms.katalon.core.mobile.keyword.MobileBuiltInKeywords$getText$2.call(Unknown Source)
	at Bus Ticket 2.run(Bus Ticket 2:476)
	at com.kms.katalon.core.main.ScriptEngine.run(ScriptEngine.java:194)
	at com.kms.katalon.core.main.ScriptEngine.runScriptAsRawText(ScriptEngine.java:119)
	at com.kms.katalon.core.main.TestCaseExecutor.runScript(TestCaseExecutor.java:337)
	at com.kms.katalon.core.main.TestCaseExecutor.doExecute(TestCaseExecutor.java:328)
	at com.kms.katalon.core.main.TestCaseExecutor.processExecutionPhase(TestCaseExecutor.java:307)
	at com.kms.katalon.core.main.TestCaseExecutor.accessMainPhase(TestCaseExecutor.java:299)
	at com.kms.katalon.core.main.TestCaseExecutor.execute(TestCaseExecutor.java:233)
	at com.kms.katalon.core.main.TestSuiteExecutor.accessTestCaseMainPhase(TestSuiteExecutor.java:169)
	at com.kms.katalon.core.main.TestSuiteExecutor.accessTestSuiteMainPhase(TestSuiteExecutor.java:142)
	at com.kms.katalon.core.main.TestSuiteExecutor.execute(TestSuiteExecutor.java:91)
	at com.kms.katalon.core.main.TestCaseMain.startTestSuite(TestCaseMain.java:157)
	at com.kms.katalon.core.main.TestCaseMain$startTestSuite$0.call(Unknown Source)
	at TempTestSuite1596710683066.run(TempTestSuite1596710683066.groovy:36)
)

2020-08-06 18:53:14 - [MESSAGE][WARNING] - Timeout '0' is invalid. Using default page load timeout: '10'

2020-08-06 18:53:15 - [MESSAGE][WARNING] - Cannot take screenshot

2020-08-06 18:53:15 - [MESSAGE][FAILED] - Failed to get text from element (Root cause: org.openqa.selenium.WebDriverException: An unknown server-side error occurred while processing the command. Original error: Could not proxy command to remote server. Original error: Error: socket hang up
Build info: version: '3.141.59', revision: 'e82be7d358', time: '2018-11-14T08:25:53'
System info: host: 'DESKTOP-CP3TV4N', ip: '192.168.43.112', os.name: 'Windows 10', os.arch: 'amd64', os.version: '10.0', java.version: '1.8.0_181'
Driver info: com.kms.katalon.core.appium.driver.SwipeableAndroidDriver
Capabilities {app: C:\Users\LENOVO\Katalon Stu..., appPackage: com.maybank2u.life.uat, appWaitActivity: *, appWaitDuration: 50000, appWaitPackage: com.maybank2u.life.uat, autoGrantPermissions: true, automationName: uiautomator2, databaseEnabled: false, desired: {app: C:\Users\LENOVO\Katalon Stu..., appWaitActivity: *, appWaitDuration: 50000, appWaitPackage: com.maybank2u.life.uat, autoGrantPermissions: true, automationName: uiautomator2, deviceId: 11cb9864, deviceName: Xiaomi Redmi Note 7S (Andro..., fullReset: false, newCommandTimeout: 1800, noReset: true, platform: ANDROID, platformName: android, platformVersion: 9, systemPort: 59922, udid: 11cb9864}, deviceApiLevel: 28, deviceId: 11cb9864, deviceManufacturer: Xiaomi, deviceModel: Redmi Note 7S, deviceName: 11cb9864, deviceScreenDensity: 440, deviceScreenSize: 1080x2340, deviceUDID: 11cb9864, fullReset: false, javascriptEnabled: true, locationContextEnabled: false, networkConnectionEnabled: true, newCommandTimeout: 1800, noReset: true, pixelRatio: 2.75, platform: ANDROID, platformName: Android, platformVersion: 9, statBarHeight: 80, systemPort: 59922, takesScreenshot: true, udid: 11cb9864, viewportRect: {height: 2051, left: 0, top: 80, width: 1080}, warnings: {}, webStorageEnabled: false}
Session ID: 076b02fb-055e-488c-bd8e-43332392a4fa
	at org.openqa.selenium.remote.http.W3CHttpResponseCodec.createException(W3CHttpResponseCodec.java:187)
	at org.openqa.selenium.remote.http.W3CHttpResponseCodec.decode(W3CHttpResponseCodec.java:122)
	at org.openqa.selenium.remote.http.W3CHttpResponseCodec.decode(W3CHttpResponseCodec.java:49)
	at org.openqa.selenium.remote.HttpCommandExecutor.execute(HttpCommandExecutor.java:158)
	at io.appium.java_client.remote.AppiumCommandExecutor.execute(AppiumCommandExecutor.java:239)
	at org.openqa.selenium.remote.RemoteWebDriver.execute(RemoteWebDriver.java:552)
	at io.appium.java_client.DefaultGenericMobileDriver.execute(DefaultGenericMobileDriver.java:46)
	at io.appium.java_client.AppiumDriver.execute(AppiumDriver.java:1)
	at io.appium.java_client.android.AndroidDriver.execute(AndroidDriver.java:1)
	at com.kms.katalon.core.appium.driver.SwipeableAndroidDriver.execute(SwipeableAndroidDriver.java:1)
	at org.openqa.selenium.remote.RemoteWebDriver$RemoteWebDriverOptions$RemoteWindow.getSize(RemoteWebDriver.java:813)
	at org.openqa.selenium.WebDriver$Window$getSize.call(Unknown Source)
	at com.kms.katalon.core.mobile.keyword.internal.MobileAbstractKeyword.findElement(MobileAbstractKeyword.groovy:81)
	at com.kms.katalon.core.mobile.keyword.builtin.GetTextKeyword$_getText_closure1.doCall(GetTextKeyword.groovy:72)
	at com.kms.katalon.core.mobile.keyword.builtin.GetTextKeyword$_getText_closure1.call(GetTextKeyword.groovy)
	at com.kms.katalon.core.mobile.keyword.internal.MobileKeywordMain.runKeyword(MobileKeywordMain.groovy:21)
	at com.kms.katalon.core.mobile.keyword.builtin.GetTextKeyword.getText(GetTextKeyword.groovy:80)
	at com.kms.katalon.core.mobile.keyword.builtin.GetTextKeyword.execute(GetTextKeyword.groovy:64)
	at com.kms.katalon.core.keyword.internal.KeywordExecutor.executeKeywordForPlatform(KeywordExecutor.groovy:72)
	at com.kms.katalon.core.mobile.keyword.MobileBuiltInKeywords.getText(MobileBuiltInKeywords.groovy:459)
	at com.kms.katalon.core.mobile.keyword.MobileBuiltInKeywords$getText$2.call(Unknown Source)
	at Bus Ticket 2.run(Bus Ticket 2:476)
	at com.kms.katalon.core.main.ScriptEngine.run(ScriptEngine.java:194)
	at com.kms.katalon.core.main.ScriptEngine.runScriptAsRawText(ScriptEngine.java:119)
	at com.kms.katalon.core.main.TestCaseExecutor.runScript(TestCaseExecutor.java:337)
	at com.kms.katalon.core.main.TestCaseExecutor.doExecute(TestCaseExecutor.java:328)
	at com.kms.katalon.core.main.TestCaseExecutor.processExecutionPhase(TestCaseExecutor.java:307)
	at com.kms.katalon.core.main.TestCaseExecutor.accessMainPhase(TestCaseExecutor.java:299)
	at com.kms.katalon.core.main.TestCaseExecutor.execute(TestCaseExecutor.java:233)
	at com.kms.katalon.core.main.TestSuiteExecutor.accessTestCaseMainPhase(TestSuiteExecutor.java:169)
	at com.kms.katalon.core.main.TestSuiteExecutor.accessTestSuiteMainPhase(TestSuiteExecutor.java:142)
	at com.kms.katalon.core.main.TestSuiteExecutor.execute(TestSuiteExecutor.java:91)
	at com.kms.katalon.core.main.TestCaseMain.startTestSuite(TestCaseMain.java:157)
	at com.kms.katalon.core.main.TestCaseMain$startTestSuite$0.call(Unknown Source)
	at TempTestSuite1596710683066.run(TempTestSuite1596710683066.groovy:36)
)

2020-08-06 18:53:15 - [TEST_STEP][FAILED] - takeScreenshot("C:\Users\LENOVO\Screenshot\KLIATicket\Ticket53.png", STOP_ON_FAILURE): Unable to take screenshot (Root cause: org.openqa.selenium.WebDriverException: An unknown server-side error occurred while processing the command. Original error: Could not proxy command to remote server. Original error: Error: socket hang up
Build info: version: '3.141.59', revision: 'e82be7d358', time: '2018-11-14T08:25:53'
System info: host: 'DESKTOP-CP3TV4N', ip: '192.168.43.112', os.name: 'Windows 10', os.arch: 'amd64', os.version: '10.0', java.version: '1.8.0_181'
Driver info: com.kms.katalon.core.appium.driver.SwipeableAndroidDriver
Capabilities {app: C:\Users\LENOVO\Katalon Stu..., appPackage: com.maybank2u.life.uat, appWaitActivity: *, appWaitDuration: 50000, appWaitPackage: com.maybank2u.life.uat, autoGrantPermissions: true, automationName: uiautomator2, databaseEnabled: false, desired: {app: C:\Users\LENOVO\Katalon Stu..., appWaitActivity: *, appWaitDuration: 50000, appWaitPackage: com.maybank2u.life.uat, autoGrantPermissions: true, automationName: uiautomator2, deviceId: 11cb9864, deviceName: Xiaomi Redmi Note 7S (Andro..., fullReset: false, newCommandTimeout: 1800, noReset: true, platform: ANDROID, platformName: android, platformVersion: 9, systemPort: 59922, udid: 11cb9864}, deviceApiLevel: 28, deviceId: 11cb9864, deviceManufacturer: Xiaomi, deviceModel: Redmi Note 7S, deviceName: 11cb9864, deviceScreenDensity: 440, deviceScreenSize: 1080x2340, deviceUDID: 11cb9864, fullReset: false, javascriptEnabled: true, locationContextEnabled: false, networkConnectionEnabled: true, newCommandTimeout: 1800, noReset: true, pixelRatio: 2.75, platform: ANDROID, platformName: Android, platformVersion: 9, statBarHeight: 80, systemPort: 59922, takesScreenshot: true, udid: 11cb9864, viewportRect: {height: 2051, left: 0, top: 80, width: 1080}, warnings: {}, webStorageEnabled: false}
Session ID: 076b02fb-055e-488c-bd8e-43332392a4fa
	at org.openqa.selenium.remote.http.W3CHttpResponseCodec.createException(W3CHttpResponseCodec.java:187)
	at org.openqa.selenium.remote.http.W3CHttpResponseCodec.decode(W3CHttpResponseCodec.java:122)
	at org.openqa.selenium.remote.http.W3CHttpResponseCodec.decode(W3CHttpResponseCodec.java:49)
	at org.openqa.selenium.remote.HttpCommandExecutor.execute(HttpCommandExecutor.java:158)
	at io.appium.java_client.remote.AppiumCommandExecutor.execute(AppiumCommandExecutor.java:239)
	at org.openqa.selenium.remote.RemoteWebDriver.execute(RemoteWebDriver.java:552)
	at io.appium.java_client.DefaultGenericMobileDriver.execute(DefaultGenericMobileDriver.java:46)
	at io.appium.java_client.AppiumDriver.execute(AppiumDriver.java:1)
	at io.appium.java_client.android.AndroidDriver.execute(AndroidDriver.java:1)
	at com.kms.katalon.core.appium.driver.SwipeableAndroidDriver.execute(SwipeableAndroidDriver.java:1)
	at org.openqa.selenium.remote.RemoteWebDriver.getScreenshotAs(RemoteWebDriver.java:295)
	at com.kms.katalon.core.mobile.keyword.builtin.TakeScreenshotKeyword$_takeScreenshot_closure1.doCall(TakeScreenshotKeyword.groovy:88)
	at com.kms.katalon.core.mobile.keyword.builtin.TakeScreenshotKeyword$_takeScreenshot_closure1.call(TakeScreenshotKeyword.groovy)
	at com.kms.katalon.core.mobile.keyword.internal.MobileKeywordMain.runKeyword(MobileKeywordMain.groovy:21)
	at com.kms.katalon.core.mobile.keyword.builtin.TakeScreenshotKeyword.takeScreenshot(TakeScreenshotKeyword.groovy:83)
	at com.kms.katalon.core.mobile.keyword.builtin.TakeScreenshotKeyword.execute(TakeScreenshotKeyword.groovy:73)
	at com.kms.katalon.core.keyword.internal.KeywordExecutor.executeKeywordForPlatform(KeywordExecutor.groovy:72)
	at com.kms.katalon.core.mobile.keyword.MobileBuiltInKeywords.takeScreenshot(MobileBuiltInKeywords.groovy:202)
	at com.kms.katalon.core.mobile.keyword.MobileBuiltInKeywords$takeScreenshot$1.call(Unknown Source)
	at Bus Ticket 2.run(Bus Ticket 2:478)
	at com.kms.katalon.core.main.ScriptEngine.run(ScriptEngine.java:194)
	at com.kms.katalon.core.main.ScriptEngine.runScriptAsRawText(ScriptEngine.java:119)
	at com.kms.katalon.core.main.TestCaseExecutor.runScript(TestCaseExecutor.java:337)
	at com.kms.katalon.core.main.TestCaseExecutor.doExecute(TestCaseExecutor.java:328)
	at com.kms.katalon.core.main.TestCaseExecutor.processExecutionPhase(TestCaseExecutor.java:307)
	at com.kms.katalon.core.main.TestCaseExecutor.accessMainPhase(TestCaseExecutor.java:299)
	at com.kms.katalon.core.main.TestCaseExecutor.execute(TestCaseExecutor.java:233)
	at com.kms.katalon.core.main.TestSuiteExecutor.accessTestCaseMainPhase(TestSuiteExecutor.java:169)
	at com.kms.katalon.core.main.TestSuiteExecutor.accessTestSuiteMainPhase(TestSuiteExecutor.java:142)
	at com.kms.katalon.core.main.TestSuiteExecutor.execute(TestSuiteExecutor.java:91)
	at com.kms.katalon.core.main.TestCaseMain.startTestSuite(TestCaseMain.java:157)
	at com.kms.katalon.core.main.TestCaseMain$startTestSuite$0.call(Unknown Source)
	at TempTestSuite1596710683066.run(TempTestSuite1596710683066.groovy:36)
)

2020-08-06 18:53:15 - [MESSAGE][FAILED] - Unable to take screenshot (Root cause: org.openqa.selenium.WebDriverException: An unknown server-side error occurred while processing the command. Original error: Could not proxy command to remote server. Original error: Error: socket hang up
Build info: version: '3.141.59', revision: 'e82be7d358', time: '2018-11-14T08:25:53'
System info: host: 'DESKTOP-CP3TV4N', ip: '192.168.43.112', os.name: 'Windows 10', os.arch: 'amd64', os.version: '10.0', java.version: '1.8.0_181'
Driver info: com.kms.katalon.core.appium.driver.SwipeableAndroidDriver
Capabilities {app: C:\Users\LENOVO\Katalon Stu..., appPackage: com.maybank2u.life.uat, appWaitActivity: *, appWaitDuration: 50000, appWaitPackage: com.maybank2u.life.uat, autoGrantPermissions: true, automationName: uiautomator2, databaseEnabled: false, desired: {app: C:\Users\LENOVO\Katalon Stu..., appWaitActivity: *, appWaitDuration: 50000, appWaitPackage: com.maybank2u.life.uat, autoGrantPermissions: true, automationName: uiautomator2, deviceId: 11cb9864, deviceName: Xiaomi Redmi Note 7S (Andro..., fullReset: false, newCommandTimeout: 1800, noReset: true, platform: ANDROID, platformName: android, platformVersion: 9, systemPort: 59922, udid: 11cb9864}, deviceApiLevel: 28, deviceId: 11cb9864, deviceManufacturer: Xiaomi, deviceModel: Redmi Note 7S, deviceName: 11cb9864, deviceScreenDensity: 440, deviceScreenSize: 1080x2340, deviceUDID: 11cb9864, fullReset: false, javascriptEnabled: true, locationContextEnabled: false, networkConnectionEnabled: true, newCommandTimeout: 1800, noReset: true, pixelRatio: 2.75, platform: ANDROID, platformName: Android, platformVersion: 9, statBarHeight: 80, systemPort: 59922, takesScreenshot: true, udid: 11cb9864, viewportRect: {height: 2051, left: 0, top: 80, width: 1080}, warnings: {}, webStorageEnabled: false}
Session ID: 076b02fb-055e-488c-bd8e-43332392a4fa
	at org.openqa.selenium.remote.http.W3CHttpResponseCodec.createException(W3CHttpResponseCodec.java:187)
	at org.openqa.selenium.remote.http.W3CHttpResponseCodec.decode(W3CHttpResponseCodec.java:122)
	at org.openqa.selenium.remote.http.W3CHttpResponseCodec.decode(W3CHttpResponseCodec.java:49)
	at org.openqa.selenium.remote.HttpCommandExecutor.execute(HttpCommandExecutor.java:158)
	at io.appium.java_client.remote.AppiumCommandExecutor.execute(AppiumCommandExecutor.java:239)
	at org.openqa.selenium.remote.RemoteWebDriver.execute(RemoteWebDriver.java:552)
	at io.appium.java_client.DefaultGenericMobileDriver.execute(DefaultGenericMobileDriver.java:46)
	at io.appium.java_client.AppiumDriver.execute(AppiumDriver.java:1)
	at io.appium.java_client.android.AndroidDriver.execute(AndroidDriver.java:1)
	at com.kms.katalon.core.appium.driver.SwipeableAndroidDriver.execute(SwipeableAndroidDriver.java:1)
	at org.openqa.selenium.remote.RemoteWebDriver.getScreenshotAs(RemoteWebDriver.java:295)
	at com.kms.katalon.core.mobile.keyword.builtin.TakeScreenshotKeyword$_takeScreenshot_closure1.doCall(TakeScreenshotKeyword.groovy:88)
	at com.kms.katalon.core.mobile.keyword.builtin.TakeScreenshotKeyword$_takeScreenshot_closure1.call(TakeScreenshotKeyword.groovy)
	at com.kms.katalon.core.mobile.keyword.internal.MobileKeywordMain.runKeyword(MobileKeywordMain.groovy:21)
	at com.kms.katalon.core.mobile.keyword.builtin.TakeScreenshotKeyword.takeScreenshot(TakeScreenshotKeyword.groovy:83)
	at com.kms.katalon.core.mobile.keyword.builtin.TakeScreenshotKeyword.execute(TakeScreenshotKeyword.groovy:73)
	at com.kms.katalon.core.keyword.internal.KeywordExecutor.executeKeywordForPlatform(KeywordExecutor.groovy:72)
	at com.kms.katalon.core.mobile.keyword.MobileBuiltInKeywords.takeScreenshot(MobileBuiltInKeywords.groovy:202)
	at com.kms.katalon.core.mobile.keyword.MobileBuiltInKeywords$takeScreenshot$1.call(Unknown Source)
	at Bus Ticket 2.run(Bus Ticket 2:478)
	at com.kms.katalon.core.main.ScriptEngine.run(ScriptEngine.java:194)
	at com.kms.katalon.core.main.ScriptEngine.runScriptAsRawText(ScriptEngine.java:119)
	at com.kms.katalon.core.main.TestCaseExecutor.runScript(TestCaseExecutor.java:337)
	at com.kms.katalon.core.main.TestCaseExecutor.doExecute(TestCaseExecutor.java:328)
	at com.kms.katalon.core.main.TestCaseExecutor.processExecutionPhase(TestCaseExecutor.java:307)
	at com.kms.katalon.core.main.TestCaseExecutor.accessMainPhase(TestCaseExecutor.java:299)
	at com.kms.katalon.core.main.TestCaseExecutor.execute(TestCaseExecutor.java:233)
	at com.kms.katalon.core.main.TestSuiteExecutor.accessTestCaseMainPhase(TestSuiteExecutor.java:169)
	at com.kms.katalon.core.main.TestSuiteExecutor.accessTestSuiteMainPhase(TestSuiteExecutor.java:142)
	at com.kms.katalon.core.main.TestSuiteExecutor.execute(TestSuiteExecutor.java:91)
	at com.kms.katalon.core.main.TestCaseMain.startTestSuite(TestCaseMain.java:157)
	at com.kms.katalon.core.main.TestCaseMain$startTestSuite$0.call(Unknown Source)
	at TempTestSuite1596710683066.run(TempTestSuite1596710683066.groovy:36)
)]]></system-out>
         <system-err><![CDATA[2020-08-06 18:44:46 - [TEST_CASE][FAILED] - Test Cases/JINU/Bus Ticket/Bus Ticket 2: Test Cases/JINU/Bus Ticket/Bus Ticket 2 FAILED.
Reason:
com.kms.katalon.core.exception.StepFailedException: Element 'Object Repository/Maya/KLIA/android.widget.TextView0 - Approve' not found
	at com.kms.katalon.core.keyword.internal.KeywordMain.stepFailed(KeywordMain.groovy:39)
	at com.kms.katalon.core.mobile.keyword.internal.MobileKeywordMain.stepFailed(MobileKeywordMain.groovy:40)
	at com.kms.katalon.core.mobile.keyword.builtin.VerifyElementExistKeyword$_verifyElementExist_closure1.doCall(VerifyElementExistKeyword.groovy:77)
	at com.kms.katalon.core.mobile.keyword.builtin.VerifyElementExistKeyword$_verifyElementExist_closure1.call(VerifyElementExistKeyword.groovy)
	at com.kms.katalon.core.mobile.keyword.internal.MobileKeywordMain.runKeyword(MobileKeywordMain.groovy:21)
	at com.kms.katalon.core.mobile.keyword.builtin.VerifyElementExistKeyword.verifyElementExist(VerifyElementExistKeyword.groovy:80)
	at com.kms.katalon.core.mobile.keyword.builtin.VerifyElementExistKeyword.execute(VerifyElementExistKeyword.groovy:64)
	at com.kms.katalon.core.keyword.internal.KeywordExecutor.executeKeywordForPlatform(KeywordExecutor.groovy:72)
	at com.kms.katalon.core.mobile.keyword.MobileBuiltInKeywords.verifyElementExist(MobileBuiltInKeywords.groovy:809)
	at com.kms.katalon.core.mobile.keyword.MobileBuiltInKeywords$verifyElementExist$3.call(Unknown Source)
	at Bus Ticket 2.run(Bus Ticket 2:305)
	at com.kms.katalon.core.main.ScriptEngine.run(ScriptEngine.java:194)
	at com.kms.katalon.core.main.ScriptEngine.runScriptAsRawText(ScriptEngine.java:119)
	at com.kms.katalon.core.main.TestCaseExecutor.runScript(TestCaseExecutor.java:337)
	at com.kms.katalon.core.main.TestCaseExecutor.doExecute(TestCaseExecutor.java:328)
	at com.kms.katalon.core.main.TestCaseExecutor.processExecutionPhase(TestCaseExecutor.java:307)
	at com.kms.katalon.core.main.TestCaseExecutor.accessMainPhase(TestCaseExecutor.java:299)
	at com.kms.katalon.core.main.TestCaseExecutor.execute(TestCaseExecutor.java:233)
	at com.kms.katalon.core.main.TestSuiteExecutor.accessTestCaseMainPhase(TestSuiteExecutor.java:169)
	at com.kms.katalon.core.main.TestSuiteExecutor.accessTestSuiteMainPhase(TestSuiteExecutor.java:142)
	at com.kms.katalon.core.main.TestSuiteExecutor.execute(TestSuiteExecutor.java:91)
	at com.kms.katalon.core.main.TestCaseMain.startTestSuite(TestCaseMain.java:157)
	at com.kms.katalon.core.main.TestCaseMain$startTestSuite$0.call(Unknown Source)
	at TempTestSuite1596710683066.run(TempTestSuite1596710683066.groovy:36)]]></system-err>
      </testcase>
      <system-out><![CDATA[2020-08-06 18:44:45 - [TEST_SUITE][FAILED] - UAT Test Suite: Test Cases/JINU/Bus Ticket/Bus Ticket 2 FAILED.
Reason:
com.kms.katalon.core.exception.StepFailedException: Element 'Object Repository/Maya/KLIA/android.widget.TextView0 - Approve' not found
	at com.kms.katalon.core.keyword.internal.KeywordMain.stepFailed(KeywordMain.groovy:39)
	at com.kms.katalon.core.mobile.keyword.internal.MobileKeywordMain.stepFailed(MobileKeywordMain.groovy:40)
	at com.kms.katalon.core.mobile.keyword.builtin.VerifyElementExistKeyword$_verifyElementExist_closure1.doCall(VerifyElementExistKeyword.groovy:77)
	at com.kms.katalon.core.mobile.keyword.builtin.VerifyElementExistKeyword$_verifyElementExist_closure1.call(VerifyElementExistKeyword.groovy)
	at com.kms.katalon.core.mobile.keyword.internal.MobileKeywordMain.runKeyword(MobileKeywordMain.groovy:21)
	at com.kms.katalon.core.mobile.keyword.builtin.VerifyElementExistKeyword.verifyElementExist(VerifyElementExistKeyword.groovy:80)
	at com.kms.katalon.core.mobile.keyword.builtin.VerifyElementExistKeyword.execute(VerifyElementExistKeyword.groovy:64)
	at com.kms.katalon.core.keyword.internal.KeywordExecutor.executeKeywordForPlatform(KeywordExecutor.groovy:72)
	at com.kms.katalon.core.mobile.keyword.MobileBuiltInKeywords.verifyElementExist(MobileBuiltInKeywords.groovy:809)
	at com.kms.katalon.core.mobile.keyword.MobileBuiltInKeywords$verifyElementExist$3.call(Unknown Source)
	at Bus Ticket 2.run(Bus Ticket 2:305)
	at com.kms.katalon.core.main.ScriptEngine.run(ScriptEngine.java:194)
	at com.kms.katalon.core.main.ScriptEngine.runScriptAsRawText(ScriptEngine.java:119)
	at com.kms.katalon.core.main.TestCaseExecutor.runScript(TestCaseExecutor.java:337)
	at com.kms.katalon.core.main.TestCaseExecutor.doExecute(TestCaseExecutor.java:328)
	at com.kms.katalon.core.main.TestCaseExecutor.processExecutionPhase(TestCaseExecutor.java:307)
	at com.kms.katalon.core.main.TestCaseExecutor.accessMainPhase(TestCaseExecutor.java:299)
	at com.kms.katalon.core.main.TestCaseExecutor.execute(TestCaseExecutor.java:233)
	at com.kms.katalon.core.main.TestSuiteExecutor.accessTestCaseMainPhase(TestSuiteExecutor.java:169)
	at com.kms.katalon.core.main.TestSuiteExecutor.accessTestSuiteMainPhase(TestSuiteExecutor.java:142)
	at com.kms.katalon.core.main.TestSuiteExecutor.execute(TestSuiteExecutor.java:91)
	at com.kms.katalon.core.main.TestCaseMain.startTestSuite(TestCaseMain.java:157)
	at com.kms.katalon.core.main.TestCaseMain$startTestSuite$0.call(Unknown Source)
	at TempTestSuite1596710683066.run(TempTestSuite1596710683066.groovy:36)]]></system-out>
      <system-err><![CDATA[2020-08-06 18:44:45 - [TEST_SUITE][FAILED] - UAT Test Suite: Test Cases/JINU/Bus Ticket/Bus Ticket 2 FAILED.
Reason:
com.kms.katalon.core.exception.StepFailedException: Element 'Object Repository/Maya/KLIA/android.widget.TextView0 - Approve' not found
	at com.kms.katalon.core.keyword.internal.KeywordMain.stepFailed(KeywordMain.groovy:39)
	at com.kms.katalon.core.mobile.keyword.internal.MobileKeywordMain.stepFailed(MobileKeywordMain.groovy:40)
	at com.kms.katalon.core.mobile.keyword.builtin.VerifyElementExistKeyword$_verifyElementExist_closure1.doCall(VerifyElementExistKeyword.groovy:77)
	at com.kms.katalon.core.mobile.keyword.builtin.VerifyElementExistKeyword$_verifyElementExist_closure1.call(VerifyElementExistKeyword.groovy)
	at com.kms.katalon.core.mobile.keyword.internal.MobileKeywordMain.runKeyword(MobileKeywordMain.groovy:21)
	at com.kms.katalon.core.mobile.keyword.builtin.VerifyElementExistKeyword.verifyElementExist(VerifyElementExistKeyword.groovy:80)
	at com.kms.katalon.core.mobile.keyword.builtin.VerifyElementExistKeyword.execute(VerifyElementExistKeyword.groovy:64)
	at com.kms.katalon.core.keyword.internal.KeywordExecutor.executeKeywordForPlatform(KeywordExecutor.groovy:72)
	at com.kms.katalon.core.mobile.keyword.MobileBuiltInKeywords.verifyElementExist(MobileBuiltInKeywords.groovy:809)
	at com.kms.katalon.core.mobile.keyword.MobileBuiltInKeywords$verifyElementExist$3.call(Unknown Source)
	at Bus Ticket 2.run(Bus Ticket 2:305)
	at com.kms.katalon.core.main.ScriptEngine.run(ScriptEngine.java:194)
	at com.kms.katalon.core.main.ScriptEngine.runScriptAsRawText(ScriptEngine.java:119)
	at com.kms.katalon.core.main.TestCaseExecutor.runScript(TestCaseExecutor.java:337)
	at com.kms.katalon.core.main.TestCaseExecutor.doExecute(TestCaseExecutor.java:328)
	at com.kms.katalon.core.main.TestCaseExecutor.processExecutionPhase(TestCaseExecutor.java:307)
	at com.kms.katalon.core.main.TestCaseExecutor.accessMainPhase(TestCaseExecutor.java:299)
	at com.kms.katalon.core.main.TestCaseExecutor.execute(TestCaseExecutor.java:233)
	at com.kms.katalon.core.main.TestSuiteExecutor.accessTestCaseMainPhase(TestSuiteExecutor.java:169)
	at com.kms.katalon.core.main.TestSuiteExecutor.accessTestSuiteMainPhase(TestSuiteExecutor.java:142)
	at com.kms.katalon.core.main.TestSuiteExecutor.execute(TestSuiteExecutor.java:91)
	at com.kms.katalon.core.main.TestCaseMain.startTestSuite(TestCaseMain.java:157)
	at com.kms.katalon.core.main.TestCaseMain$startTestSuite$0.call(Unknown Source)
	at TempTestSuite1596710683066.run(TempTestSuite1596710683066.groovy:36)]]></system-err>
   </testsuite>
</testsuites>
